  2023-06-11 01:17:31.162 : IterationNum=1	[MsgId: MMSG-17999]
   USER 1 = user80:pwd80	[MsgId: MMSG-17999]
    2023-06-11 01:17:31.250 : Start page is opened	[MsgId: MMSG-17999]
    2023-06-11 01:17:36.380 : User is logged in with session 136608.201782098HAczHitpDHQVzzzHtcVzApHAzcHf	[MsgId: MMSG-17999]
    2023-06-11 01:17:41.507 : Search page opened	[MsgId: MMSG-17999]
    2023-06-11 01:17:56.557 : Flights found : 742;565;06/14/2023 and 472;565;06/11/2023	[MsgId: MMSG-17999]
    2023-06-11 01:17:56.558 : Sity depart : Seattle, Sity arrive : Paris	[MsgId: MMSG-17999]
    2023-06-11 01:18:06.622 : Found Seat Type : Coach, Seat Pref : Window	[MsgId: MMSG-17999]
    2023-06-11 01:18:21.672 : Booking is complect	[MsgId: MMSG-17999]
    2023-06-11 01:18:26.799 : Go to Home Page is complete	[MsgId: MMSG-17999]
    2023-06-11 01:18:31.919 : Booking is created : 339286761-1132394-up	[MsgId: MMSG-17999]
    2023-06-11 01:18:41.969 : Booking (339286761-1132394-up) is deleted	[MsgId: MMSG-17999]
    2023-06-11 01:18:47.116 : User is logged out of session	[MsgId: MMSG-17999]
  2023-06-11 01:18:47.116 : IterationNum=2	[MsgId: MMSG-17999]
   USER 2 = user81:pwd81	[MsgId: MMSG-17999]
    2023-06-11 01:18:47.200 : Start page is opened	[MsgId: MMSG-17999]
    2023-06-11 01:18:52.331 : User is logged in with session 136608.207938437HAczHitpzQfiDDDDtcVzApHAiVHf	[MsgId: MMSG-17999]
    2023-06-11 01:18:57.465 : Search page opened	[MsgId: MMSG-17999]
    2023-06-11 01:19:12.516 : Flights found : 862;695;06/14/2023 and 680;735;06/11/2023	[MsgId: MMSG-17999]
    2023-06-11 01:19:12.516 : Sity depart : Sydney, Sity arrive : San Francisco	[MsgId: MMSG-17999]
    2023-06-11 01:19:22.568 : Found Seat Type : Coach, Seat Pref : Aisle	[MsgId: MMSG-17999]
    2023-06-11 01:19:37.626 : Booking is complect	[MsgId: MMSG-17999]
    2023-06-11 01:19:42.766 : Go to Home Page is complete	[MsgId: MMSG-17999]
    2023-06-11 01:19:47.898 : Booking is created : 194846766-1292417-up	[MsgId: MMSG-17999]
    2023-06-11 01:19:57.949 : Booking (194846766-1292417-up) is deleted	[MsgId: MMSG-17999]
    2023-06-11 01:20:03.080 : User is logged out of session	[MsgId: MMSG-17999]
