  2023-06-11 01:16:46.083 : IterationNum=1	[MsgId: MMSG-17999]
   USER 1 = user20:pwd20	[MsgId: MMSG-17999]
    2023-06-11 01:16:46.169 : Start page is opened	[MsgId: MMSG-17999]
    2023-06-11 01:16:51.299 : User is logged in with session 136608.198136898HAczHitpVQVzzzzHtcVzApHAfVf	[MsgId: MMSG-17999]
    2023-06-11 01:16:56.434 : Search page opened	[MsgId: MMSG-17999]
    2023-06-11 01:17:11.488 : Flights found : 052;487;06/14/2023 and 503;421;06/11/2023	[MsgId: MMSG-17999]
    2023-06-11 01:17:11.488 : Sity depart : Denver, Sity arrive : Portland	[MsgId: MMSG-17999]
    2023-06-11 01:17:21.532 : Found Seat Type : First, Seat Pref : None	[MsgId: MMSG-17999]
    2023-06-11 01:17:36.587 : Booking is complect	[MsgId: MMSG-17999]
    2023-06-11 01:17:41.725 : Go to Home Page is complete	[MsgId: MMSG-17999]
    2023-06-11 01:17:46.868 : Booking is created : 57409351-115685-up	[MsgId: MMSG-17999]
    2023-06-11 01:17:56.925 : Booking (57409351-115685-up) is deleted	[MsgId: MMSG-17999]
    2023-06-11 01:18:02.062 : User is logged out of session	[MsgId: MMSG-17999]
  2023-06-11 01:18:02.062 : IterationNum=2	[MsgId: MMSG-17999]
   USER 2 = user21:pwd21	[MsgId: MMSG-17999]
    2023-06-11 01:18:02.151 : Start page is opened	[MsgId: MMSG-17999]
    2023-06-11 01:18:07.287 : User is logged in with session 136608.204293236HAczHitpfAiDDDDDtcVzApHAHAf	[MsgId: MMSG-17999]
    2023-06-11 01:18:12.419 : Search page opened	[MsgId: MMSG-17999]
    2023-06-11 01:18:27.473 : Flights found : 722;775;06/14/2023 and 272;775;06/11/2023	[MsgId: MMSG-17999]
    2023-06-11 01:18:27.473 : Sity depart : Seattle, Sity arrive : London	[MsgId: MMSG-17999]
    2023-06-11 01:18:37.523 : Found Seat Type : Business, Seat Pref : Aisle	[MsgId: MMSG-17999]
    2023-06-11 01:18:52.571 : Booking is complect	[MsgId: MMSG-17999]
    2023-06-11 01:18:57.684 : Go to Home Page is complete	[MsgId: MMSG-17999]
    2023-06-11 01:19:02.815 : Booking is created : 100767510-978580-up	[MsgId: MMSG-17999]
    2023-06-11 01:19:12.857 : Booking (100767510-978580-up) is deleted	[MsgId: MMSG-17999]
    2023-06-11 01:19:17.993 : User is logged out of session	[MsgId: MMSG-17999]
  2023-06-11 01:19:17.993 : IterationNum=3	[MsgId: MMSG-17999]
   USER 3 = user22:pwd22	[MsgId: MMSG-17999]
    2023-06-11 01:19:18.083 : Start page is opened	[MsgId: MMSG-17999]
    2023-06-11 01:19:23.223 : User is logged in with session 136608.210449575HAczHitpicftcVzApHAiQf	[MsgId: MMSG-17999]
    2023-06-11 01:19:28.366 : Search page opened	[MsgId: MMSG-17999]
    2023-06-11 01:19:43.412 : Flights found : 730;174;06/14/2023 and 371;155;06/11/2023	[MsgId: MMSG-17999]
    2023-06-11 01:19:43.412 : Sity depart : Seattle, Sity arrive : Los Angeles	[MsgId: MMSG-17999]
    2023-06-11 01:19:53.469 : Found Seat Type : Coach, Seat Pref : None	[MsgId: MMSG-17999]
    2023-06-11 01:20:08.530 : Booking is complect	[MsgId: MMSG-17999]
    2023-06-11 01:20:13.667 : Go to Home Page is complete	[MsgId: MMSG-17999]
    2023-06-11 01:20:18.807 : Booking is created : 214101117-105486-up	[MsgId: MMSG-17999]
    2023-06-11 01:20:28.857 : Booking (214101117-105486-up) is deleted	[MsgId: MMSG-17999]
    2023-06-11 01:20:33.996 : User is logged out of session	[MsgId: MMSG-17999]
