  2023-06-11 01:17:01.114 : IterationNum=1	[MsgId: MMSG-17999]
   USER 1 = user40:pwd40	[MsgId: MMSG-17999]
    2023-06-11 01:17:01.207 : Start page is opened	[MsgId: MMSG-17999]
    2023-06-11 01:17:06.339 : User is logged in with session 136608.199351964HAczHitpcftVzzzHtcVzApHAffcf	[MsgId: MMSG-17999]
    2023-06-11 01:17:11.481 : Search page opened	[MsgId: MMSG-17999]
    2023-06-11 01:17:26.535 : Flights found : 921;241;06/14/2023 and 290;271;06/11/2023	[MsgId: MMSG-17999]
    2023-06-11 01:17:26.535 : Sity depart : Zurich, Sity arrive : London	[MsgId: MMSG-17999]
    2023-06-11 01:17:36.585 : Found Seat Type : Business, Seat Pref : Aisle	[MsgId: MMSG-17999]
    2023-06-11 01:17:51.631 : Booking is complect	[MsgId: MMSG-17999]
    2023-06-11 01:17:56.764 : Go to Home Page is complete	[MsgId: MMSG-17999]
    2023-06-11 01:18:01.890 : Booking is created : 258923008-99270-up	[MsgId: MMSG-17999]
    2023-06-11 01:18:11.930 : Booking (258923008-99270-up) is deleted	[MsgId: MMSG-17999]
    2023-06-11 01:18:17.062 : User is logged out of session	[MsgId: MMSG-17999]
  2023-06-11 01:18:17.062 : IterationNum=2	[MsgId: MMSG-17999]
   USER 2 = user41:pwd41	[MsgId: MMSG-17999]
    2023-06-11 01:18:17.151 : Start page is opened	[MsgId: MMSG-17999]
    2023-06-11 01:18:22.286 : User is logged in with session 136608.205508303HAczHitpfHAiDDDDtcVzApHAHtcf	[MsgId: MMSG-17999]
    2023-06-11 01:18:27.420 : Search page opened	[MsgId: MMSG-17999]
    2023-06-11 01:18:42.462 : Flights found : 813;1871;06/14/2023 and 183;1871;06/11/2023	[MsgId: MMSG-17999]
    2023-06-11 01:18:42.462 : Sity depart : Sydney, Sity arrive : Frankfurt	[MsgId: MMSG-17999]
    2023-06-11 01:18:52.516 : Found Seat Type : First, Seat Pref : Window	[MsgId: MMSG-17999]
    2023-06-11 01:19:07.575 : Booking is complect	[MsgId: MMSG-17999]
    2023-06-11 01:19:12.709 : Go to Home Page is complete	[MsgId: MMSG-17999]
    2023-06-11 01:19:17.838 : Booking is created : 1178078958-910287-up	[MsgId: MMSG-17999]
    2023-06-11 01:19:27.892 : Booking (1178078958-910287-up) is deleted	[MsgId: MMSG-17999]
    2023-06-11 01:19:33.033 : User is logged out of session	[MsgId: MMSG-17999]
