  2023-06-15 02:04:55.249 : IterationNum=1	[MsgId: MMSG-17999]
   USER 1 = user61:pwd61	[MsgId: MMSG-17999]
    2023-06-15 02:04:55.340 : Start page is opened	[MsgId: MMSG-17999]
  2023-06-15 02:04:59.970 : IterationNum=1	[MsgId: MMSG-17999]
   USER 1 = user62:pwd62	[MsgId: MMSG-17999]
    2023-06-15 02:05:00.063 : Start page is opened	[MsgId: MMSG-17999]
    2023-06-15 02:05:01.450 : User is logged in with session 136636.427298501HAcicDzpccQVzzzHtcVzQptVHDHf	[MsgId: MMSG-17999]
    2023-06-15 02:05:04.520 : User is logged in with session 136636.427703524HAcicDzpcftcVzQptVHf	[MsgId: MMSG-17999]
  2023-06-15 02:05:05.002 : IterationNum=1	[MsgId: MMSG-17999]
   USER 1 = user63:pwd63	[MsgId: MMSG-17999]
    2023-06-15 02:05:05.095 : Start page is opened	[MsgId: MMSG-17999]
    2023-06-15 02:05:07.439 : User is logged out of session	[MsgId: MMSG-17999]
  2023-06-15 02:05:10.035 : IterationNum=1	[MsgId: MMSG-17999]
   USER 1 = user64:pwd64	[MsgId: MMSG-17999]
    2023-06-15 02:05:10.126 : Start page is opened	[MsgId: MMSG-17999]
    2023-06-15 02:05:10.175 : User is logged out of session	[MsgId: MMSG-17999]
    2023-06-15 02:05:11.256 : User is logged in with session 136636.428108546HAcicDzpcHAiDDDDtcVzQptVHzcf	[MsgId: MMSG-17999]
  2023-06-15 02:05:15.052 : IterationNum=1	[MsgId: MMSG-17999]
   USER 1 = user65:pwd65	[MsgId: MMSG-17999]
    2023-06-15 02:05:15.141 : Start page is opened	[MsgId: MMSG-17999]
    2023-06-15 02:05:15.425 : User is logged in with session 136636.428513568HAcicDzpcQVzzzzHtcVzQptVHHf	[MsgId: MMSG-17999]
    2023-06-15 02:05:17.225 : User is logged out of session	[MsgId: MMSG-17999]
    2023-06-15 02:05:19.454 : User is logged out of session	[MsgId: MMSG-17999]
  2023-06-15 02:05:20.079 : IterationNum=1	[MsgId: MMSG-17999]
   USER 1 = user66:pwd66	[MsgId: MMSG-17999]
    2023-06-15 02:05:20.172 : Start page is opened	[MsgId: MMSG-17999]
    2023-06-15 02:05:21.092 : User is logged in with session 136636.428918591HAcicDzpDVcftcVzQptVHiHf	[MsgId: MMSG-17999]
  2023-06-15 02:05:25.112 : IterationNum=1	[MsgId: MMSG-17999]
   USER 1 = user67:pwd67	[MsgId: MMSG-17999]
    2023-06-15 02:05:25.198 : Start page is opened	[MsgId: MMSG-17999]
    2023-06-15 02:05:25.216 : User is logged in with session 136636.429323613HAcicDzpDDDDDDDDtcVzQptVi	[MsgId: MMSG-17999]
    2023-06-15 02:05:27.242 : User is logged out of session	[MsgId: MMSG-17999]
    2023-06-15 02:05:31.376 : User is logged in with session 136636.429728635HAcicDzpDftVzzzHtcVzQptViVcf	[MsgId: MMSG-17999]
    2023-06-15 02:05:31.505 : User is logged out of session	[MsgId: MMSG-17999]
    2023-06-15 02:05:36.073 : User is logged out of session	[MsgId: MMSG-17999]
  2023-06-15 02:06:31.254 : IterationNum=2	[MsgId: MMSG-17999]
   USER 2 = user61:pwd61	[MsgId: MMSG-17999]
    2023-06-15 02:06:31.346 : Start page is opened	[MsgId: MMSG-17999]
    2023-06-15 02:06:35.759 : User is logged in with session 136636.435074929HAcicDzpzcQVzzzHtcVzQptVQHHf	[MsgId: MMSG-17999]
  2023-06-15 02:06:35.974 : IterationNum=2	[MsgId: MMSG-17999]
   USER 2 = user62:pwd62	[MsgId: MMSG-17999]
    2023-06-15 02:06:36.069 : Start page is opened	[MsgId: MMSG-17999]
