  2023-06-17 00:31:21.302 : IterationNum=1	[MsgId: MMSG-17999]
   USER 1 = user61:pwd61	[MsgId: MMSG-17999]
    2023-06-17 00:31:21.400 : Start page is opened	[MsgId: MMSG-17999]
    2023-06-17 00:31:27.328 : User is logged in with session 136649.970109356HAciQDcpiDHftcVHDpfQHAcf	[MsgId: MMSG-17999]
    2023-06-17 00:31:31.800 : User is logged out of session	[MsgId: MMSG-17999]
  2023-06-17 00:31:41.004 : IterationNum=1	[MsgId: MMSG-17999]
   USER 1 = user62:pwd62	[MsgId: MMSG-17999]
    2023-06-17 00:31:41.090 : Start page is opened	[MsgId: MMSG-17999]
    2023-06-17 00:31:46.135 : User is logged in with session 136649.971729445HAciQDcpQcAiDDDDtcVHDpfQHfcf	[MsgId: MMSG-17999]
    2023-06-17 00:31:50.525 : User is logged out of session	[MsgId: MMSG-17999]
  2023-06-17 00:32:01.019 : IterationNum=1	[MsgId: MMSG-17999]
   USER 1 = user63:pwd63	[MsgId: MMSG-17999]
    2023-06-17 00:32:01.111 : Start page is opened	[MsgId: MMSG-17999]
    2023-06-17 00:32:05.413 : User is logged in with session 136649.973349534HAciQDDpAAtVzzzHtcVHDpfQiAcf	[MsgId: MMSG-17999]
    2023-06-17 00:32:11.230 : User is logged out of session	[MsgId: MMSG-17999]
  2023-06-17 00:32:21.037 : IterationNum=1	[MsgId: MMSG-17999]
   USER 1 = user64:pwd64	[MsgId: MMSG-17999]
    2023-06-17 00:32:21.126 : Start page is opened	[MsgId: MMSG-17999]
    2023-06-17 00:32:26.670 : User is logged in with session 136649.974969623HAciQDDpAiHftcVHDpfQifcf	[MsgId: MMSG-17999]
    2023-06-17 00:32:31.418 : User is logged out of session	[MsgId: MMSG-17999]
  2023-06-17 00:32:41.067 : IterationNum=1	[MsgId: MMSG-17999]
   USER 1 = user65:pwd65	[MsgId: MMSG-17999]
    2023-06-17 00:32:41.149 : Start page is opened	[MsgId: MMSG-17999]
    2023-06-17 00:32:45.793 : User is logged in with session 136649.976589712HAciQDDpVHAiDDDDtcVHDpfQQAcf	[MsgId: MMSG-17999]
    2023-06-17 00:32:50.852 : User is logged out of session	[MsgId: MMSG-17999]
  2023-06-17 00:33:01.087 : IterationNum=1	[MsgId: MMSG-17999]
   USER 1 = user66:pwd66	[MsgId: MMSG-17999]
    2023-06-17 00:33:01.172 : Start page is opened	[MsgId: MMSG-17999]
    2023-06-17 00:33:06.091 : User is logged in with session 136649.978209802HAciQDDpcftVzzzHtcVHDpfQQfcf	[MsgId: MMSG-17999]
    2023-06-17 00:33:10.128 : User is logged out of session	[MsgId: MMSG-17999]
  2023-06-17 00:33:21.102 : IterationNum=1	[MsgId: MMSG-17999]
   USER 1 = user67:pwd67	[MsgId: MMSG-17999]
    2023-06-17 00:33:21.188 : Start page is opened	[MsgId: MMSG-17999]
    2023-06-17 00:33:26.359 : User is logged in with session 136649.979829891HAciQDDpDDHftcVHDpzAAAcf	[MsgId: MMSG-17999]
  2023-06-17 00:33:27.304 : IterationNum=2	[MsgId: MMSG-17999]
   USER 2 = user61:pwd61	[MsgId: MMSG-17999]
    2023-06-17 00:33:27.398 : Start page is opened	[MsgId: MMSG-17999]
    2023-06-17 00:33:30.869 : User is logged out of session	[MsgId: MMSG-17999]
    2023-06-17 00:33:33.373 : User is logged in with session 136649.980315917HAciQDDpDzcftcVHDpzAAVHf	[MsgId: MMSG-17999]
    2023-06-17 00:33:39.326 : User is logged out of session	[MsgId: MMSG-17999]
  2023-06-17 00:33:41.129 : IterationNum=1	[MsgId: MMSG-17999]
   USER 1 = user68:pwd68	[MsgId: MMSG-17999]
    2023-06-17 00:33:41.225 : Start page is opened	[MsgId: MMSG-17999]
    2023-06-17 00:33:45.655 : User is logged in with session 136649.98144998HAciQDDptcAiDDDDtcVHDpzAAfcf	[MsgId: MMSG-17999]
  2023-06-17 00:33:47.019 : IterationNum=2	[MsgId: MMSG-17999]
   USER 2 = user62:pwd62	[MsgId: MMSG-17999]
    2023-06-17 00:33:47.114 : Start page is opened	[MsgId: MMSG-17999]
    2023-06-17 00:33:49.546 : User is logged out of session	[MsgId: MMSG-17999]
    2023-06-17 00:33:52.393 : User is logged in with session 136649.981936006HAciQDDpttfiDDDDtcVHDpzAAzHf	[MsgId: MMSG-17999]
    2023-06-17 00:33:58.336 : User is logged out of session	[MsgId: MMSG-17999]
  2023-06-17 00:34:01.166 : IterationNum=1	[MsgId: MMSG-17999]
   USER 1 = user69:pwd69	[MsgId: MMSG-17999]
    2023-06-17 00:34:01.259 : Start page is opened	[MsgId: MMSG-17999]
    2023-06-17 00:34:06.179 : User is logged in with session 136649.983070069HAciQDDpfAtVzzzHtcVHDpzAVAcf	[MsgId: MMSG-17999]
  2023-06-17 00:34:07.023 : IterationNum=2	[MsgId: MMSG-17999]
   USER 2 = user63:pwd63	[MsgId: MMSG-17999]
    2023-06-17 00:34:07.118 : Start page is opened	[MsgId: MMSG-17999]
    2023-06-17 00:34:11.739 : User is logged out of session	[MsgId: MMSG-17999]
    2023-06-17 00:34:13.460 : User is logged in with session 136649.983556096HAciQDDpfcQVzzzHtcVHDpzAVVHf	[MsgId: MMSG-17999]
    2023-06-17 00:34:19.641 : User is logged out of session	[MsgId: MMSG-17999]
  2023-06-17 00:34:21.194 : IterationNum=1	[MsgId: MMSG-17999]
   USER 1 = user70:pwd70	[MsgId: MMSG-17999]
    2023-06-17 00:34:21.290 : Start page is opened	[MsgId: MMSG-17999]
    2023-06-17 00:34:25.175 : User is logged in with session 136649.984690158HAciQDDpfiHftcVHDpzAVfcf	[MsgId: MMSG-17999]
  2023-06-17 00:34:27.046 : IterationNum=2	[MsgId: MMSG-17999]
   USER 2 = user64:pwd64	[MsgId: MMSG-17999]
    2023-06-17 00:34:27.139 : Start page is opened	[MsgId: MMSG-17999]
    2023-06-17 00:34:30.747 : User is logged out of session	[MsgId: MMSG-17999]
    2023-06-17 00:34:33.023 : User is logged in with session 136649.985176185HAciQDDpzVcftcVHDpzAVzHf	[MsgId: MMSG-17999]
    2023-06-17 00:34:39.188 : User is logged out of session	[MsgId: MMSG-17999]
  2023-06-17 00:34:41.223 : IterationNum=1	[MsgId: MMSG-17999]
   USER 1 = user71:pwd71	[MsgId: MMSG-17999]
    2023-06-17 00:34:41.305 : Start page is opened	[MsgId: MMSG-17999]
    2023-06-17 00:34:45.962 : User is logged in with session 136649.986310247HAciQDDpzHAiDDDDtcVHDpzAcAcf	[MsgId: MMSG-17999]
  2023-06-17 00:34:47.072 : IterationNum=2	[MsgId: MMSG-17999]
   USER 2 = user65:pwd65	[MsgId: MMSG-17999]
    2023-06-17 00:34:47.179 : Start page is opened	[MsgId: MMSG-17999]
    2023-06-17 00:34:52.319 : User is logged out of session	[MsgId: MMSG-17999]
    2023-06-17 00:34:52.959 : User is logged in with session 136649.986796274HAciQDDpzQfiDDDDtcVHDpzAcVHf	[MsgId: MMSG-17999]
    2023-06-17 00:34:57.085 : User is logged out of session	[MsgId: MMSG-17999]
  2023-06-17 00:35:01.241 : IterationNum=1	[MsgId: MMSG-17999]
   USER 1 = user72:pwd72	[MsgId: MMSG-17999]
    2023-06-17 00:35:01.331 : Start page is opened	[MsgId: MMSG-17999]
    2023-06-17 00:35:06.708 : User is logged in with session 136649.987930336HAciQDDpHftVzzzHtcVHDpzAcfcf	[MsgId: MMSG-17999]
  2023-06-17 00:35:07.087 : IterationNum=2	[MsgId: MMSG-17999]
   USER 2 = user66:pwd66	[MsgId: MMSG-17999]
    2023-06-17 00:35:07.180 : Start page is opened	[MsgId: MMSG-17999]
    2023-06-17 00:35:11.337 : User is logged in with session 136649.988416363HAciQDDpHHQVzzzHtcVHDpzAczHf	[MsgId: MMSG-17999]
    2023-06-17 00:35:11.429 : User is logged out of session	[MsgId: MMSG-17999]
    2023-06-17 00:35:17.647 : User is logged out of session	[MsgId: MMSG-17999]
  2023-06-17 00:35:21.253 : IterationNum=1	[MsgId: MMSG-17999]
   USER 1 = user73:pwd73	[MsgId: MMSG-17999]
    2023-06-17 00:35:21.343 : Start page is opened	[MsgId: MMSG-17999]
    2023-06-17 00:35:26.350 : User is logged in with session 136649.989550425HAciQDDpiDHftcVHDpzADAcf	[MsgId: MMSG-17999]
  2023-06-17 00:35:27.114 : IterationNum=2	[MsgId: MMSG-17999]
   USER 2 = user67:pwd67	[MsgId: MMSG-17999]
    2023-06-17 00:35:27.210 : Start page is opened	[MsgId: MMSG-17999]
    2023-06-17 00:35:31.571 : User is logged out of session	[MsgId: MMSG-17999]
    2023-06-17 00:35:31.966 : User is logged in with session 136649.990036452HAciQDDpizcftcVHDpzADVHf	[MsgId: MMSG-17999]
  2023-06-17 00:35:33.314 : IterationNum=3	[MsgId: MMSG-17999]
   USER 3 = user61:pwd61	[MsgId: MMSG-17999]
    2023-06-17 00:35:33.408 : Start page is opened	[MsgId: MMSG-17999]
    2023-06-17 00:35:37.281 : User is logged out of session	[MsgId: MMSG-17999]
    2023-06-17 00:35:38.208 : User is logged in with session 136649.990522479HAciQDDpiiHftcVHDpzADDcf	[MsgId: MMSG-17999]
  2023-06-17 00:35:41.288 : IterationNum=1	[MsgId: MMSG-17999]
   USER 1 = user74:pwd74	[MsgId: MMSG-17999]
    2023-06-17 00:35:41.383 : Start page is opened	[MsgId: MMSG-17999]
    2023-06-17 00:35:43.875 : User is logged out of session	[MsgId: MMSG-17999]
  2023-06-17 00:35:47.139 : IterationNum=2	[MsgId: MMSG-17999]
   USER 2 = user68:pwd68	[MsgId: MMSG-17999]
    2023-06-17 00:35:47.234 : Start page is opened	[MsgId: MMSG-17999]
    2023-06-17 00:35:47.613 : User is logged in with session 136649.991170514HAciQDDpQcAiDDDDtcVHDpzADfcf	[MsgId: MMSG-17999]
    2023-06-17 00:35:52.483 : User is logged in with session 136649.991656541HAciQDDpQtfiDDDDtcVHDpzADzHf	[MsgId: MMSG-17999]
  2023-06-17 00:35:53.032 : IterationNum=3	[MsgId: MMSG-17999]
   USER 3 = user62:pwd62	[MsgId: MMSG-17999]
    2023-06-17 00:35:53.127 : Start page is opened	[MsgId: MMSG-17999]
    2023-06-17 00:35:53.267 : User is logged out of session	[MsgId: MMSG-17999]
    2023-06-17 00:35:57.466 : User is logged out of session	[MsgId: MMSG-17999]
    2023-06-17 00:35:58.927 : User is logged in with session 136649.992142568HAciQDDpQHAiDDDDtcVHDpzADicf	[MsgId: MMSG-17999]
  2023-06-17 00:36:01.302 : IterationNum=1	[MsgId: MMSG-17999]
   USER 1 = user75:pwd75	[MsgId: MMSG-17999]
    2023-06-17 00:36:01.389 : Start page is opened	[MsgId: MMSG-17999]
    2023-06-17 00:36:05.175 : User is logged out of session	[MsgId: MMSG-17999]
    2023-06-17 00:36:05.901 : User is logged in with session 136649.992790603HAciQDtpAAtVzzzHtcVHDpzAtAcf	[MsgId: MMSG-17999]
  2023-06-17 00:36:07.169 : IterationNum=2	[MsgId: MMSG-17999]
   USER 2 = user69:pwd69	[MsgId: MMSG-17999]
    2023-06-17 00:36:07.263 : Start page is opened	[MsgId: MMSG-17999]
    2023-06-17 00:36:11.261 : User is logged in with session 136649.99327663HAciQDtpAcQVzzzHtcVHDpzAtVHf	[MsgId: MMSG-17999]
    2023-06-17 00:36:12.002 : User is logged out of session	[MsgId: MMSG-17999]
  2023-06-17 00:36:13.031 : IterationNum=3	[MsgId: MMSG-17999]
   USER 3 = user63:pwd63	[MsgId: MMSG-17999]
    2023-06-17 00:36:13.125 : Start page is opened	[MsgId: MMSG-17999]
    2023-06-17 00:36:15.780 : User is logged out of session	[MsgId: MMSG-17999]
    2023-06-17 00:36:18.311 : User is logged in with session 136649.993762657HAciQDtpAftVzzzHtcVHDpzAtDcf	[MsgId: MMSG-17999]
  2023-06-17 00:36:21.322 : IterationNum=1	[MsgId: MMSG-17999]
   USER 1 = user76:pwd76	[MsgId: MMSG-17999]
    2023-06-17 00:36:21.406 : Start page is opened	[MsgId: MMSG-17999]
    2023-06-17 00:36:23.991 : User is logged out of session	[MsgId: MMSG-17999]
  2023-06-17 00:36:27.206 : IterationNum=2	[MsgId: MMSG-17999]
   USER 2 = user70:pwd70	[MsgId: MMSG-17999]
    2023-06-17 00:36:27.299 : Start page is opened	[MsgId: MMSG-17999]
    2023-06-17 00:36:27.536 : User is logged in with session 136649.994410693HAciQDtpAiHftcVHDpzAtfcf	[MsgId: MMSG-17999]
    2023-06-17 00:36:31.263 : User is logged in with session 136649.994896719HAciQDtpVVcftcVHDpzAtzHf	[MsgId: MMSG-17999]
    2023-06-17 00:36:31.719 : User is logged out of session	[MsgId: MMSG-17999]
  2023-06-17 00:36:33.050 : IterationNum=3	[MsgId: MMSG-17999]
   USER 3 = user64:pwd64	[MsgId: MMSG-17999]
    2023-06-17 00:36:33.146 : Start page is opened	[MsgId: MMSG-17999]
    2023-06-17 00:36:37.132 : User is logged out of session	[MsgId: MMSG-17999]
    2023-06-17 00:36:39.399 : User is logged in with session 136649.995382746HAciQDtpVDHftcVHDpzAticf	[MsgId: MMSG-17999]
  2023-06-17 00:36:41.333 : IterationNum=1	[MsgId: MMSG-17999]
   USER 1 = user77:pwd77	[MsgId: MMSG-17999]
    2023-06-17 00:36:41.419 : Start page is opened	[MsgId: MMSG-17999]
    2023-06-17 00:36:45.516 : User is logged out of session	[MsgId: MMSG-17999]
    2023-06-17 00:36:46.774 : User is logged in with session 136649.996030782HAciQDtpVHAiDDDDtcVHDpzAfAcf	[MsgId: MMSG-17999]
  2023-06-17 00:36:47.228 : IterationNum=2	[MsgId: MMSG-17999]
   USER 2 = user71:pwd71	[MsgId: MMSG-17999]
    2023-06-17 00:36:47.322 : Start page is opened	[MsgId: MMSG-17999]
    2023-06-17 00:36:50.816 : User is logged out of session	[MsgId: MMSG-17999]
    2023-06-17 00:36:52.953 : User is logged in with session 136649.996516808HAciQDtpVQfiDDDDtcVHDpzAfVHf	[MsgId: MMSG-17999]
  2023-06-17 00:36:53.075 : IterationNum=3	[MsgId: MMSG-17999]
   USER 3 = user65:pwd65	[MsgId: MMSG-17999]
    2023-06-17 00:36:53.170 : Start page is opened	[MsgId: MMSG-17999]
    2023-06-17 00:36:57.539 : User is logged out of session	[MsgId: MMSG-17999]
    2023-06-17 00:36:58.764 : User is logged in with session 136649.997002835HAciQDtpccAiDDDDtcVHDpzAfDcf	[MsgId: MMSG-17999]
  2023-06-17 00:37:01.368 : IterationNum=1	[MsgId: MMSG-17999]
   USER 1 = user78:pwd78	[MsgId: MMSG-17999]
    2023-06-17 00:37:01.460 : Start page is opened	[MsgId: MMSG-17999]
    2023-06-17 00:37:04.580 : User is logged out of session	[MsgId: MMSG-17999]
    2023-06-17 00:37:06.547 : User is logged in with session 136649.997650871HAciQDtpcftVzzzHtcVHDpzAffcf	[MsgId: MMSG-17999]
  2023-06-17 00:37:07.251 : IterationNum=2	[MsgId: MMSG-17999]
   USER 2 = user72:pwd72	[MsgId: MMSG-17999]
    2023-06-17 00:37:07.344 : Start page is opened	[MsgId: MMSG-17999]
    2023-06-17 00:37:10.717 : User is logged out of session	[MsgId: MMSG-17999]
    2023-06-17 00:37:12.761 : User is logged in with session 136649.998136898HAciQDtpcHQVzzzHtcVHDpzAfzHf	[MsgId: MMSG-17999]
  2023-06-17 00:37:13.090 : IterationNum=3	[MsgId: MMSG-17999]
   USER 3 = user66:pwd66	[MsgId: MMSG-17999]
    2023-06-17 00:37:13.184 : Start page is opened	[MsgId: MMSG-17999]
    2023-06-17 00:37:17.145 : User is logged out of session	[MsgId: MMSG-17999]
    2023-06-17 00:37:18.937 : User is logged in with session 136649.998622924HAciQDtpDAtVzzzHtcVHDpzAficf	[MsgId: MMSG-17999]
  2023-06-17 00:37:21.395 : IterationNum=1	[MsgId: MMSG-17999]
   USER 1 = user79:pwd79	[MsgId: MMSG-17999]
    2023-06-17 00:37:21.477 : Start page is opened	[MsgId: MMSG-17999]
    2023-06-17 00:37:23.970 : User is logged out of session	[MsgId: MMSG-17999]
    2023-06-17 00:37:26.133 : User is logged in with session 136649.99927096HAciQDtpDDHftcVHDpzAzAcf	[MsgId: MMSG-17999]
  2023-06-17 00:37:27.263 : IterationNum=2	[MsgId: MMSG-17999]
   USER 2 = user73:pwd73	[MsgId: MMSG-17999]
    2023-06-17 00:37:27.357 : Start page is opened	[MsgId: MMSG-17999]
    2023-06-17 00:37:30.626 : User is logged out of session	[MsgId: MMSG-17999]
  2023-06-17 00:37:33.121 : IterationNum=3	[MsgId: MMSG-17999]
   USER 3 = user67:pwd67	[MsgId: MMSG-17999]
    2023-06-17 00:37:33.215 : Start page is opened	[MsgId: MMSG-17999]
    2023-06-17 00:37:33.325 : User is logged in with session 136649.999756987HAciQDtpDzcftcVHDpzAzVHf	[MsgId: MMSG-17999]
    2023-06-17 00:37:37.693 : User is logged in with session 136650.000243013HAciQDtpDiHftcVHDpzAzDcf	[MsgId: MMSG-17999]
    2023-06-17 00:37:37.839 : User is logged out of session	[MsgId: MMSG-17999]
  2023-06-17 00:37:39.325 : IterationNum=4	[MsgId: MMSG-17999]
   USER 4 = user61:pwd61	[MsgId: MMSG-17999]
    2023-06-17 00:37:39.421 : Start page is opened	[MsgId: MMSG-17999]
  2023-06-17 00:37:41.411 : IterationNum=1	[MsgId: MMSG-17999]
   USER 1 = user80:pwd80	[MsgId: MMSG-17999]
    2023-06-17 00:37:41.499 : Start page is opened	[MsgId: MMSG-17999]
    2023-06-17 00:37:43.070 : User is logged out of session	[MsgId: MMSG-17999]
    2023-06-17 00:37:45.220 : User is logged in with session 136650.00072904HAciQDtptVcftcVHDpzAztHf	[MsgId: MMSG-17999]
  2023-06-17 00:37:47.304 : IterationNum=2	[MsgId: MMSG-17999]
   USER 2 = user74:pwd74	[MsgId: MMSG-17999]
    2023-06-17 00:37:47.397 : Start page is opened	[MsgId: MMSG-17999]
    2023-06-17 00:37:47.774 : User is logged in with session 136650.000891049HAciQDtptcAiDDDDtcVHDpzAzfcf	[MsgId: MMSG-17999]
    2023-06-17 00:37:50.476 : User is logged out of session	[MsgId: MMSG-17999]
  2023-06-17 00:37:53.149 : IterationNum=3	[MsgId: MMSG-17999]
   USER 3 = user68:pwd68	[MsgId: MMSG-17999]
    2023-06-17 00:37:53.244 : Start page is opened	[MsgId: MMSG-17999]
    2023-06-17 00:37:53.322 : User is logged in with session 136650.001377076HAciQDtpttfiDDDDtcVHDpzAzzHf	[MsgId: MMSG-17999]
    2023-06-17 00:37:53.416 : User is logged out of session	[MsgId: MMSG-17999]
    2023-06-17 00:37:57.952 : User is logged out of session	[MsgId: MMSG-17999]
    2023-06-17 00:37:58.483 : User is logged in with session 136650.001863102HAciQDtptHAiDDDDtcVHDpzAzicf	[MsgId: MMSG-17999]
  2023-06-17 00:37:59.046 : IterationNum=4	[MsgId: MMSG-17999]
   USER 4 = user62:pwd62	[MsgId: MMSG-17999]
    2023-06-17 00:37:59.139 : Start page is opened	[MsgId: MMSG-17999]
  2023-06-17 00:38:01.441 : IterationNum=1	[MsgId: MMSG-17999]
   USER 1 = user81:pwd81	[MsgId: MMSG-17999]
    2023-06-17 00:38:01.525 : Start page is opened	[MsgId: MMSG-17999]
    2023-06-17 00:38:04.714 : User is logged out of session	[MsgId: MMSG-17999]
    2023-06-17 00:38:05.263 : User is logged in with session 136650.002349129HAciQDtptQfiDDDDtcVHDpzAzQHf	[MsgId: MMSG-17999]
    2023-06-17 00:38:07.111 : User is logged in with session 136650.002511138HAciQDtpfAtVzzzHtcVHDpzAHAcf	[MsgId: MMSG-17999]
  2023-06-17 00:38:07.316 : IterationNum=2	[MsgId: MMSG-17999]
   USER 2 = user75:pwd75	[MsgId: MMSG-17999]
    2023-06-17 00:38:07.410 : Start page is opened	[MsgId: MMSG-17999]
    2023-06-17 00:38:10.534 : User is logged out of session	[MsgId: MMSG-17999]
    2023-06-17 00:38:12.075 : User is logged in with session 136650.002997165HAciQDtpfcQVzzzHtcVHDpzAHVHf	[MsgId: MMSG-17999]
    2023-06-17 00:38:12.704 : User is logged out of session	[MsgId: MMSG-17999]
  2023-06-17 00:38:13.176 : IterationNum=3	[MsgId: MMSG-17999]
   USER 3 = user69:pwd69	[MsgId: MMSG-17999]
    2023-06-17 00:38:13.270 : Start page is opened	[MsgId: MMSG-17999]
    2023-06-17 00:38:17.806 : User is logged out of session	[MsgId: MMSG-17999]
  2023-06-17 00:38:19.030 : IterationNum=4	[MsgId: MMSG-17999]
   USER 4 = user63:pwd63	[MsgId: MMSG-17999]
    2023-06-17 00:38:19.108 : User is logged in with session 136650.003483192HAciQDtpfftVzzzHtcVHDpzAHDcf	[MsgId: MMSG-17999]
    2023-06-17 00:38:19.124 : Start page is opened	[MsgId: MMSG-17999]
  2023-06-17 00:38:21.477 : IterationNum=1	[MsgId: MMSG-17999]
   USER 1 = user82:pwd82	[MsgId: MMSG-17999]
    2023-06-17 00:38:21.561 : Start page is opened	[MsgId: MMSG-17999]
    2023-06-17 00:38:23.081 : User is logged in with session 136650.003969218HAciQDtpfHQVzzzHtcVHDpzAHtHf	[MsgId: MMSG-17999]
    2023-06-17 00:38:23.539 : User is logged out of session	[MsgId: MMSG-17999]
    2023-06-17 00:38:25.563 : User is logged in with session 136650.004131227HAciQDtpfiHftcVHDpzAHfcf	[MsgId: MMSG-17999]
  2023-06-17 00:38:27.335 : IterationNum=2	[MsgId: MMSG-17999]
   USER 2 = user76:pwd76	[MsgId: MMSG-17999]
    2023-06-17 00:38:27.428 : Start page is opened	[MsgId: MMSG-17999]
    2023-06-17 00:38:28.761 : User is logged out of session	[MsgId: MMSG-17999]
    2023-06-17 00:38:30.661 : User is logged out of session	[MsgId: MMSG-17999]
    2023-06-17 00:38:31.917 : User is logged in with session 136650.004617254HAciQDtpzVcftcVHDpzAHzHf	[MsgId: MMSG-17999]
  2023-06-17 00:38:33.216 : IterationNum=3	[MsgId: MMSG-17999]
   USER 3 = user70:pwd70	[MsgId: MMSG-17999]
    2023-06-17 00:38:33.311 : Start page is opened	[MsgId: MMSG-17999]
    2023-06-17 00:38:37.155 : User is logged out of session	[MsgId: MMSG-17999]
    2023-06-17 00:38:38.712 : User is logged in with session 136650.005103281HAciQDtpzDHftcVHDpzAHicf	[MsgId: MMSG-17999]
  2023-06-17 00:38:39.057 : IterationNum=4	[MsgId: MMSG-17999]
   USER 4 = user64:pwd64	[MsgId: MMSG-17999]
    2023-06-17 00:38:39.151 : Start page is opened	[MsgId: MMSG-17999]
  2023-06-17 00:38:41.504 : IterationNum=1	[MsgId: MMSG-17999]
   USER 1 = user83:pwd83	[MsgId: MMSG-17999]
    2023-06-17 00:38:41.597 : Start page is opened	[MsgId: MMSG-17999]
    2023-06-17 00:38:43.999 : User is logged in with session 136650.005589307HAciQDtpzzcftcVHDpzAHQHf	[MsgId: MMSG-17999]
    2023-06-17 00:38:44.534 : User is logged out of session	[MsgId: MMSG-17999]
    2023-06-17 00:38:46.138 : User is logged in with session 136650.005751316HAciQDtpzHAiDDDDtcVHDpzAiAcf	[MsgId: MMSG-17999]
  2023-06-17 00:38:47.343 : IterationNum=2	[MsgId: MMSG-17999]
   USER 2 = user77:pwd77	[MsgId: MMSG-17999]
    2023-06-17 00:38:47.437 : Start page is opened	[MsgId: MMSG-17999]
    2023-06-17 00:38:49.641 : User is logged out of session	[MsgId: MMSG-17999]
    2023-06-17 00:38:50.114 : User is logged out of session	[MsgId: MMSG-17999]
    2023-06-17 00:38:52.487 : User is logged in with session 136650.006237343HAciQDtpzQfiDDDDtcVHDpzAiVHf	[MsgId: MMSG-17999]
  2023-06-17 00:38:53.233 : IterationNum=3	[MsgId: MMSG-17999]
   USER 3 = user71:pwd71	[MsgId: MMSG-17999]
    2023-06-17 00:38:53.327 : Start page is opened	[MsgId: MMSG-17999]
    2023-06-17 00:38:57.294 : User is logged out of session	[MsgId: MMSG-17999]
  2023-06-17 00:38:59.081 : IterationNum=4	[MsgId: MMSG-17999]
   USER 4 = user65:pwd65	[MsgId: MMSG-17999]
    2023-06-17 00:38:59.177 : Start page is opened	[MsgId: MMSG-17999]
    2023-06-17 00:38:59.240 : User is logged in with session 136650.00672337HAciQDtpHcAiDDDDtcVHDpzAiDcf	[MsgId: MMSG-17999]
