  2023-06-17 00:13:53.536 : IterationNum=1	[MsgId: MMSG-17999]
   USER 1 = user61:pwd61	[MsgId: MMSG-17999]
    2023-06-17 00:13:53.630 : Start page is opened	[MsgId: MMSG-17999]
    2023-06-17 00:13:58.849 : User is logged in with session 136649.885216687HAciQciptHAiDDDDtcVHDpfHAicf	[MsgId: MMSG-17999]
  2023-06-17 00:14:03.068 : IterationNum=1	[MsgId: MMSG-17999]
   USER 1 = user62:pwd62	[MsgId: MMSG-17999]
    2023-06-17 00:14:03.155 : Start page is opened	[MsgId: MMSG-17999]
    2023-06-17 00:14:03.171 : User is logged out of session	[MsgId: MMSG-17999]
    2023-06-17 00:14:07.126 : User is logged in with session 136649.886026731HAciQcipfVcftcVHDpfHVAHf	[MsgId: MMSG-17999]
  2023-06-17 00:14:13.083 : IterationNum=1	[MsgId: MMSG-17999]
   USER 1 = user63:pwd63	[MsgId: MMSG-17999]
    2023-06-17 00:14:13.174 : Start page is opened	[MsgId: MMSG-17999]
    2023-06-17 00:14:13.238 : User is logged out of session	[MsgId: MMSG-17999]
    2023-06-17 00:14:18.501 : User is logged in with session 136649.886836776HAciQcipfftVzzzHtcVHDpfHVDcf	[MsgId: MMSG-17999]
    2023-06-17 00:14:22.583 : User is logged out of session	[MsgId: MMSG-17999]
  2023-06-17 00:14:23.115 : IterationNum=1	[MsgId: MMSG-17999]
   USER 1 = user64:pwd64	[MsgId: MMSG-17999]
    2023-06-17 00:14:23.197 : Start page is opened	[MsgId: MMSG-17999]
    2023-06-17 00:14:28.503 : User is logged in with session 136649.887646821HAciQcipfQfiDDDDtcVHDpfHVfHf	[MsgId: MMSG-17999]
  2023-06-17 00:14:33.147 : IterationNum=1	[MsgId: MMSG-17999]
   USER 1 = user65:pwd65	[MsgId: MMSG-17999]
    2023-06-17 00:14:33.240 : Start page is opened	[MsgId: MMSG-17999]
    2023-06-17 00:14:34.279 : User is logged out of session	[MsgId: MMSG-17999]
    2023-06-17 00:14:38.270 : User is logged in with session 136649.888456865HAciQcipzDHftcVHDpfHVicf	[MsgId: MMSG-17999]
  2023-06-17 00:14:43.161 : IterationNum=1	[MsgId: MMSG-17999]
   USER 1 = user66:pwd66	[MsgId: MMSG-17999]
    2023-06-17 00:14:43.250 : Start page is opened	[MsgId: MMSG-17999]
    2023-06-17 00:14:43.769 : User is logged out of session	[MsgId: MMSG-17999]
    2023-06-17 00:14:47.559 : User is logged in with session 136649.88926691HAciQcipzHQVzzzHtcVHDpfHcAHf	[MsgId: MMSG-17999]
    2023-06-17 00:14:52.772 : User is logged out of session	[MsgId: MMSG-17999]
  2023-06-17 00:14:53.190 : IterationNum=1	[MsgId: MMSG-17999]
   USER 1 = user67:pwd67	[MsgId: MMSG-17999]
    2023-06-17 00:14:53.273 : Start page is opened	[MsgId: MMSG-17999]
    2023-06-17 00:14:57.548 : User is logged in with session 136649.890076954HAciQcipHcAiDDDDtcVHDpfHcDcf	[MsgId: MMSG-17999]
    2023-06-17 00:15:01.743 : User is logged out of session	[MsgId: MMSG-17999]
  2023-06-17 00:15:03.207 : IterationNum=1	[MsgId: MMSG-17999]
   USER 1 = user68:pwd68	[MsgId: MMSG-17999]
    2023-06-17 00:15:03.298 : Start page is opened	[MsgId: MMSG-17999]
    2023-06-17 00:15:09.556 : User is logged in with session 136649.890886999HAciQcipHzcftcVHDpfHcfHf	[MsgId: MMSG-17999]
  2023-06-17 00:15:13.242 : IterationNum=1	[MsgId: MMSG-17999]
   USER 1 = user69:pwd69	[MsgId: MMSG-17999]
    2023-06-17 00:15:13.336 : Start page is opened	[MsgId: MMSG-17999]
    2023-06-17 00:15:14.829 : User is logged out of session	[MsgId: MMSG-17999]
    2023-06-17 00:15:19.264 : User is logged in with session 136649.891697043HAciQcipiAtVzzzHtcVHDpfHcicf	[MsgId: MMSG-17999]
  2023-06-17 00:15:23.256 : IterationNum=1	[MsgId: MMSG-17999]
   USER 1 = user70:pwd70	[MsgId: MMSG-17999]
    2023-06-17 00:15:23.342 : Start page is opened	[MsgId: MMSG-17999]
    2023-06-17 00:15:25.041 : User is logged out of session	[MsgId: MMSG-17999]
    2023-06-17 00:15:29.206 : User is logged in with session 136649.892507088HAciQcipitfiDDDDtcVHDpfHDAHf	[MsgId: MMSG-17999]
    2023-06-17 00:15:33.266 : User is logged out of session	[MsgId: MMSG-17999]
  2023-06-17 00:15:33.273 : IterationNum=1	[MsgId: MMSG-17999]
   USER 1 = user71:pwd71	[MsgId: MMSG-17999]
    2023-06-17 00:15:33.357 : Start page is opened	[MsgId: MMSG-17999]
    2023-06-17 00:15:39.617 : User is logged in with session 136649.893317132HAciQcipiiHftcVHDpfHDDcf	[MsgId: MMSG-17999]
  2023-06-17 00:15:43.284 : IterationNum=1	[MsgId: MMSG-17999]
   USER 1 = user72:pwd72	[MsgId: MMSG-17999]
    2023-06-17 00:15:43.373 : Start page is opened	[MsgId: MMSG-17999]
    2023-06-17 00:15:44.346 : User is logged out of session	[MsgId: MMSG-17999]
    2023-06-17 00:15:47.603 : User is logged in with session 136649.894127177HAciQcipQcQVzzzHtcVHDpfHDfHf	[MsgId: MMSG-17999]
    2023-06-17 00:15:53.024 : User is logged out of session	[MsgId: MMSG-17999]
  2023-06-17 00:15:53.316 : IterationNum=1	[MsgId: MMSG-17999]
   USER 1 = user73:pwd73	[MsgId: MMSG-17999]
    2023-06-17 00:15:53.414 : Start page is opened	[MsgId: MMSG-17999]
    2023-06-17 00:15:59.080 : User is logged in with session 136649.894937222HAciQcipQHAiDDDDtcVHDpfHDicf	[MsgId: MMSG-17999]
  2023-06-17 00:15:59.537 : IterationNum=2	[MsgId: MMSG-17999]
   USER 2 = user61:pwd61	[MsgId: MMSG-17999]
    2023-06-17 00:15:59.632 : Start page is opened	[MsgId: MMSG-17999]
  2023-06-17 00:16:03.351 : IterationNum=1	[MsgId: MMSG-17999]
   USER 1 = user74:pwd74	[MsgId: MMSG-17999]
    2023-06-17 00:16:03.435 : Start page is opened	[MsgId: MMSG-17999]
    2023-06-17 00:16:05.353 : User is logged in with session 136649.895423248HAciQcipQQfiDDDDtcVHDpfHDQHf	[MsgId: MMSG-17999]
    2023-06-17 00:16:05.402 : User is logged out of session	[MsgId: MMSG-17999]
    2023-06-17 00:16:07.465 : User is logged in with session 136649.895747266HAciQcQpAVcftcVHDpfHtAHf	[MsgId: MMSG-17999]
  2023-06-17 00:16:09.077 : IterationNum=2	[MsgId: MMSG-17999]
   USER 2 = user62:pwd62	[MsgId: MMSG-17999]
    2023-06-17 00:16:09.170 : Start page is opened	[MsgId: MMSG-17999]
    2023-06-17 00:16:11.539 : User is logged out of session	[MsgId: MMSG-17999]
    2023-06-17 00:16:11.789 : User is logged out of session	[MsgId: MMSG-17999]
  2023-06-17 00:16:13.367 : IterationNum=1	[MsgId: MMSG-17999]
   USER 1 = user75:pwd75	[MsgId: MMSG-17999]
    2023-06-17 00:16:13.453 : Start page is opened	[MsgId: MMSG-17999]
    2023-06-17 00:16:14.141 : User is logged in with session 136649.896233293HAciQcQpADHftcVHDpfHtccf	[MsgId: MMSG-17999]
    2023-06-17 00:16:17.743 : User is logged in with session 136649.896557311HAciQcQpAftVzzzHtcVHDpfHtDcf	[MsgId: MMSG-17999]
  2023-06-17 00:16:19.092 : IterationNum=2	[MsgId: MMSG-17999]
   USER 2 = user63:pwd63	[MsgId: MMSG-17999]
    2023-06-17 00:16:19.186 : Start page is opened	[MsgId: MMSG-17999]
    2023-06-17 00:16:20.456 : User is logged out of session	[MsgId: MMSG-17999]
    2023-06-17 00:16:21.873 : User is logged out of session	[MsgId: MMSG-17999]
  2023-06-17 00:16:23.397 : IterationNum=1	[MsgId: MMSG-17999]
   USER 1 = user76:pwd76	[MsgId: MMSG-17999]
    2023-06-17 00:16:23.491 : Start page is opened	[MsgId: MMSG-17999]
    2023-06-17 00:16:25.296 : User is logged in with session 136649.897043337HAciQcQpAHQVzzzHtcVHDpfHttHf	[MsgId: MMSG-17999]
    2023-06-17 00:16:27.811 : User is logged in with session 136649.897367355HAciQcQpAQfiDDDDtcVHDpfHtfHf	[MsgId: MMSG-17999]
  2023-06-17 00:16:29.116 : IterationNum=2	[MsgId: MMSG-17999]
   USER 2 = user64:pwd64	[MsgId: MMSG-17999]
    2023-06-17 00:16:29.211 : Start page is opened	[MsgId: MMSG-17999]
    2023-06-17 00:16:31.611 : User is logged out of session	[MsgId: MMSG-17999]
    2023-06-17 00:16:32.701 : User is logged out of session	[MsgId: MMSG-17999]
  2023-06-17 00:16:33.412 : IterationNum=1	[MsgId: MMSG-17999]
   USER 1 = user77:pwd77	[MsgId: MMSG-17999]
    2023-06-17 00:16:33.499 : Start page is opened	[MsgId: MMSG-17999]
    2023-06-17 00:16:35.401 : User is logged in with session 136649.897853382HAciQcQpVcAiDDDDtcVHDpfHtHcf	[MsgId: MMSG-17999]
    2023-06-17 00:16:37.434 : User is logged in with session 136649.8981774HAciQcQpVDHftcVHDpfHticf	[MsgId: MMSG-17999]
  2023-06-17 00:16:39.149 : IterationNum=2	[MsgId: MMSG-17999]
   USER 2 = user65:pwd65	[MsgId: MMSG-17999]
    2023-06-17 00:16:39.244 : Start page is opened	[MsgId: MMSG-17999]
    2023-06-17 00:16:40.967 : User is logged out of session	[MsgId: MMSG-17999]
    2023-06-17 00:16:41.547 : User is logged out of session	[MsgId: MMSG-17999]
  2023-06-17 00:16:43.426 : IterationNum=1	[MsgId: MMSG-17999]
   USER 1 = user78:pwd78	[MsgId: MMSG-17999]
    2023-06-17 00:16:43.512 : Start page is opened	[MsgId: MMSG-17999]
    2023-06-17 00:16:44.297 : User is logged in with session 136649.898663426HAciQcQpVzcftcVHDpfHtQHf	[MsgId: MMSG-17999]
    2023-06-17 00:16:48.150 : User is logged in with session 136649.898987444HAciQcQpVHQVzzzHtcVHDpfHfAHf	[MsgId: MMSG-17999]
    2023-06-17 00:16:48.592 : User is logged out of session	[MsgId: MMSG-17999]
  2023-06-17 00:16:49.172 : IterationNum=2	[MsgId: MMSG-17999]
   USER 2 = user66:pwd66	[MsgId: MMSG-17999]
    2023-06-17 00:16:49.267 : Start page is opened	[MsgId: MMSG-17999]
    2023-06-17 00:16:52.885 : User is logged out of session	[MsgId: MMSG-17999]
  2023-06-17 00:16:53.458 : IterationNum=1	[MsgId: MMSG-17999]
   USER 1 = user79:pwd79	[MsgId: MMSG-17999]
    2023-06-17 00:16:53.543 : Start page is opened	[MsgId: MMSG-17999]
    2023-06-17 00:16:53.732 : User is logged in with session 136649.899473471HAciQcQpcAtVzzzHtcVHDpfHfccf	[MsgId: MMSG-17999]
    2023-06-17 00:16:57.560 : User is logged in with session 136649.899797489HAciQcQpccAiDDDDtcVHDpfHfDcf	[MsgId: MMSG-17999]
    2023-06-17 00:16:57.727 : User is logged out of session	[MsgId: MMSG-17999]
  2023-06-17 00:16:59.205 : IterationNum=2	[MsgId: MMSG-17999]
   USER 2 = user67:pwd67	[MsgId: MMSG-17999]
    2023-06-17 00:16:59.299 : Start page is opened	[MsgId: MMSG-17999]
  2023-06-17 00:17:03.490 : IterationNum=1	[MsgId: MMSG-17999]
   USER 1 = user80:pwd80	[MsgId: MMSG-17999]
    2023-06-17 00:17:03.576 : Start page is opened	[MsgId: MMSG-17999]
    2023-06-17 00:17:03.842 : User is logged out of session	[MsgId: MMSG-17999]
    2023-06-17 00:17:04.186 : User is logged in with session 136649.900283516HAciQcQpctfiDDDDtcVHDpfHftHf	[MsgId: MMSG-17999]
    2023-06-17 00:17:07.498 : User is logged in with session 136649.900607533HAciQcQpczcftcVHDpfHffHf	[MsgId: MMSG-17999]
  2023-06-17 00:17:09.210 : IterationNum=2	[MsgId: MMSG-17999]
   USER 2 = user68:pwd68	[MsgId: MMSG-17999]
    2023-06-17 00:17:09.304 : Start page is opened	[MsgId: MMSG-17999]
    2023-06-17 00:17:09.495 : User is logged out of session	[MsgId: MMSG-17999]
    2023-06-17 00:17:11.441 : User is logged out of session	[MsgId: MMSG-17999]
  2023-06-17 00:17:13.503 : IterationNum=1	[MsgId: MMSG-17999]
   USER 1 = user81:pwd81	[MsgId: MMSG-17999]
    2023-06-17 00:17:13.595 : Start page is opened	[MsgId: MMSG-17999]
    2023-06-17 00:17:14.615 : User is logged in with session 136649.90109356HAciQcQpciHftcVHDpfHfHcf	[MsgId: MMSG-17999]
    2023-06-17 00:17:17.997 : User is logged in with session 136649.901417578HAciQcQpDAtVzzzHtcVHDpfHficf	[MsgId: MMSG-17999]
  2023-06-17 00:17:19.251 : IterationNum=2	[MsgId: MMSG-17999]
   USER 2 = user69:pwd69	[MsgId: MMSG-17999]
    2023-06-17 00:17:19.345 : Start page is opened	[MsgId: MMSG-17999]
    2023-06-17 00:17:19.896 : User is logged out of session	[MsgId: MMSG-17999]
  2023-06-17 00:17:23.523 : IterationNum=1	[MsgId: MMSG-17999]
   USER 1 = user82:pwd82	[MsgId: MMSG-17999]
    2023-06-17 00:17:23.607 : Start page is opened	[MsgId: MMSG-17999]
    2023-06-17 00:17:23.640 : User is logged out of session	[MsgId: MMSG-17999]
    2023-06-17 00:17:25.412 : User is logged in with session 136649.901903605HAciQcQpDcQVzzzHtcVHDpfHfQHf	[MsgId: MMSG-17999]
    2023-06-17 00:17:27.689 : User is logged in with session 136649.902227623HAciQcQpDtfiDDDDtcVHDpfHzAHf	[MsgId: MMSG-17999]
  2023-06-17 00:17:29.259 : IterationNum=2	[MsgId: MMSG-17999]
   USER 2 = user70:pwd70	[MsgId: MMSG-17999]
    2023-06-17 00:17:29.355 : Start page is opened	[MsgId: MMSG-17999]
    2023-06-17 00:17:31.338 : User is logged out of session	[MsgId: MMSG-17999]
    2023-06-17 00:17:32.922 : User is logged out of session	[MsgId: MMSG-17999]
  2023-06-17 00:17:33.553 : IterationNum=1	[MsgId: MMSG-17999]
   USER 1 = user83:pwd83	[MsgId: MMSG-17999]
    2023-06-17 00:17:33.645 : Start page is opened	[MsgId: MMSG-17999]
    2023-06-17 00:17:34.026 : User is logged in with session 136649.902713649HAciQcQpDHAiDDDDtcVHDpfHzccf	[MsgId: MMSG-17999]
    2023-06-17 00:17:38.796 : User is logged in with session 136649.903037667HAciQcQpDiHftcVHDpfHzDcf	[MsgId: MMSG-17999]
  2023-06-17 00:17:39.284 : IterationNum=2	[MsgId: MMSG-17999]
   USER 2 = user71:pwd71	[MsgId: MMSG-17999]
    2023-06-17 00:17:39.377 : Start page is opened	[MsgId: MMSG-17999]
    2023-06-17 00:17:40.322 : User is logged out of session	[MsgId: MMSG-17999]
    2023-06-17 00:17:43.537 : User is logged out of session	[MsgId: MMSG-17999]
  2023-06-17 00:17:43.565 : IterationNum=1	[MsgId: MMSG-17999]
   USER 1 = user84:pwd84	[MsgId: MMSG-17999]
    2023-06-17 00:17:43.655 : Start page is opened	[MsgId: MMSG-17999]
    2023-06-17 00:17:45.728 : User is logged in with session 136649.903523694HAciQcQptVcftcVHDpfHztHf	[MsgId: MMSG-17999]
  2023-06-17 00:17:49.290 : IterationNum=2	[MsgId: MMSG-17999]
   USER 2 = user72:pwd72	[MsgId: MMSG-17999]
    2023-06-17 00:17:49.370 : User is logged in with session 136649.903847712HAciQcQptcQVzzzHtcVHDpfHzfHf	[MsgId: MMSG-17999]
    2023-06-17 00:17:49.385 : Start page is opened	[MsgId: MMSG-17999]
    2023-06-17 00:17:51.928 : User is logged out of session	[MsgId: MMSG-17999]
  2023-06-17 00:17:53.601 : IterationNum=1	[MsgId: MMSG-17999]
   USER 1 = user85:pwd85	[MsgId: MMSG-17999]
    2023-06-17 00:17:53.696 : Start page is opened	[MsgId: MMSG-17999]
    2023-06-17 00:17:53.838 : User is logged in with session 136649.904333738HAciQcQptftVzzzHtcVHDpfHzHcf	[MsgId: MMSG-17999]
    2023-06-17 00:17:55.027 : User is logged out of session	[MsgId: MMSG-17999]
    2023-06-17 00:17:58.417 : User is logged out of session	[MsgId: MMSG-17999]
  2023-06-17 00:17:59.326 : IterationNum=2	[MsgId: MMSG-17999]
   USER 2 = user73:pwd73	[MsgId: MMSG-17999]
    2023-06-17 00:17:59.421 : Start page is opened	[MsgId: MMSG-17999]
    2023-06-17 00:17:59.749 : User is logged in with session 136649.904657756HAciQcQptHAiDDDDtcVHDpfHzicf	[MsgId: MMSG-17999]
  2023-06-17 00:18:03.632 : IterationNum=1	[MsgId: MMSG-17999]
   USER 1 = user86:pwd86	[MsgId: MMSG-17999]
    2023-06-17 00:18:03.730 : Start page is opened	[MsgId: MMSG-17999]
    2023-06-17 00:18:04.799 : User is logged out of session	[MsgId: MMSG-17999]
  2023-06-17 00:18:05.538 : IterationNum=3	[MsgId: MMSG-17999]
   USER 3 = user61:pwd61	[MsgId: MMSG-17999]
    2023-06-17 00:18:05.633 : Start page is opened	[MsgId: MMSG-17999]
    2023-06-17 00:18:05.665 : User is logged in with session 136649.905143783HAciQcQptQfiDDDDtcVHDpfHzQHf	[MsgId: MMSG-17999]
    2023-06-17 00:18:07.803 : User is logged in with session 136649.905467801HAciQcQpfVcftcVHDpfHHAHf	[MsgId: MMSG-17999]
  2023-06-17 00:18:09.354 : IterationNum=2	[MsgId: MMSG-17999]
   USER 2 = user74:pwd74	[MsgId: MMSG-17999]
    2023-06-17 00:18:09.446 : Start page is opened	[MsgId: MMSG-17999]
    2023-06-17 00:18:10.250 : User is logged out of session	[MsgId: MMSG-17999]
    2023-06-17 00:18:11.560 : User is logged in with session 136649.90562981HAciQcQpfcAiDDDDtcVHDpfHHVcf	[MsgId: MMSG-17999]
  2023-06-17 00:18:13.660 : IterationNum=1	[MsgId: MMSG-17999]
   USER 1 = user87:pwd87	[MsgId: MMSG-17999]
    2023-06-17 00:18:13.744 : Start page is opened	[MsgId: MMSG-17999]
    2023-06-17 00:18:14.012 : User is logged in with session 136649.905953827HAciQcQpfDHftcVHDpfHHccf	[MsgId: MMSG-17999]
    2023-06-17 00:18:14.060 : User is logged out of session	[MsgId: MMSG-17999]
  2023-06-17 00:18:15.079 : IterationNum=3	[MsgId: MMSG-17999]
   USER 3 = user62:pwd62	[MsgId: MMSG-17999]
    2023-06-17 00:18:15.173 : Start page is opened	[MsgId: MMSG-17999]
    2023-06-17 00:18:17.135 : User is logged out of session	[MsgId: MMSG-17999]
    2023-06-17 00:18:18.569 : User is logged in with session 136649.906277845HAciQcQpfftVzzzHtcVHDpfHHDcf	[MsgId: MMSG-17999]
  2023-06-17 00:18:19.370 : IterationNum=2	[MsgId: MMSG-17999]
   USER 2 = user75:pwd75	[MsgId: MMSG-17999]
    2023-06-17 00:18:19.465 : Start page is opened	[MsgId: MMSG-17999]
    2023-06-17 00:18:19.732 : User is logged in with session 136649.906439854HAciQcQpfzcftcVHDpfHHDHf	[MsgId: MMSG-17999]
    2023-06-17 00:18:20.347 : User is logged out of session	[MsgId: MMSG-17999]
  2023-06-17 00:18:23.693 : IterationNum=1	[MsgId: MMSG-17999]
   USER 1 = user88:pwd88	[MsgId: MMSG-17999]
    2023-06-17 00:18:23.791 : Start page is opened	[MsgId: MMSG-17999]
    2023-06-17 00:18:24.233 : User is logged out of session	[MsgId: MMSG-17999]
    2023-06-17 00:18:24.656 : User is logged out of session	[MsgId: MMSG-17999]
  2023-06-17 00:18:25.092 : IterationNum=3	[MsgId: MMSG-17999]
   USER 3 = user63:pwd63	[MsgId: MMSG-17999]
    2023-06-17 00:18:25.187 : Start page is opened	[MsgId: MMSG-17999]
    2023-06-17 00:18:25.407 : User is logged in with session 136649.906763872HAciQcQpfHQVzzzHtcVHDpfHHtHf	[MsgId: MMSG-17999]
    2023-06-17 00:18:28.368 : User is logged in with session 136649.90708789HAciQcQpfQfiDDDDtcVHDpfHHfHf	[MsgId: MMSG-17999]
  2023-06-17 00:18:29.400 : IterationNum=2	[MsgId: MMSG-17999]
   USER 2 = user76:pwd76	[MsgId: MMSG-17999]
    2023-06-17 00:18:29.493 : Start page is opened	[MsgId: MMSG-17999]
    2023-06-17 00:18:29.587 : User is logged in with session 136649.907249899HAciQcQpzAtVzzzHtcVHDpfHHzcf	[MsgId: MMSG-17999]
    2023-06-17 00:18:29.730 : User is logged out of session	[MsgId: MMSG-17999]
    2023-06-17 00:18:33.546 : User is logged out of session	[MsgId: MMSG-17999]
    2023-06-17 00:18:34.530 : User is logged out of session	[MsgId: MMSG-17999]
  2023-06-17 00:18:35.129 : IterationNum=3	[MsgId: MMSG-17999]
   USER 3 = user64:pwd64	[MsgId: MMSG-17999]
    2023-06-17 00:18:35.225 : Start page is opened	[MsgId: MMSG-17999]
    2023-06-17 00:18:35.396 : User is logged in with session 136649.907573917HAciQcQpzcAiDDDDtcVHDpfHHHcf	[MsgId: MMSG-17999]
  2023-06-17 00:18:39.416 : IterationNum=2	[MsgId: MMSG-17999]
   USER 2 = user77:pwd77	[MsgId: MMSG-17999]
    2023-06-17 00:18:39.510 : Start page is opened	[MsgId: MMSG-17999]
    2023-06-17 00:18:40.611 : User is logged out of session	[MsgId: MMSG-17999]
    2023-06-17 00:18:40.938 : User is logged in with session 136649.908059943HAciQcQpztfiDDDDtcVHDpfHHiHf	[MsgId: MMSG-17999]
  2023-06-17 00:18:45.158 : IterationNum=3	[MsgId: MMSG-17999]
   USER 3 = user65:pwd65	[MsgId: MMSG-17999]
    2023-06-17 00:18:45.253 : Start page is opened	[MsgId: MMSG-17999]
    2023-06-17 00:18:45.726 : User is logged in with session 136649.908383961HAciQcQpzzcftcVHDpfHHQHf	[MsgId: MMSG-17999]
    2023-06-17 00:18:46.385 : User is logged out of session	[MsgId: MMSG-17999]
  2023-06-17 00:18:49.436 : IterationNum=2	[MsgId: MMSG-17999]
   USER 2 = user78:pwd78	[MsgId: MMSG-17999]
    2023-06-17 00:18:49.532 : Start page is opened	[MsgId: MMSG-17999]
    2023-06-17 00:18:50.710 : User is logged in with session 136649.908869988HAciQcQpziHftcVHDpfHiVcf	[MsgId: MMSG-17999]
    2023-06-17 00:18:51.684 : User is logged out of session	[MsgId: MMSG-17999]
    2023-06-17 00:18:53.596 : User is logged in with session 136649.909194006HAciQcQpHAtVzzzHtcVHDpfHiccf	[MsgId: MMSG-17999]
  2023-06-17 00:18:55.181 : IterationNum=3	[MsgId: MMSG-17999]
   USER 3 = user66:pwd66	[MsgId: MMSG-17999]
    2023-06-17 00:18:55.275 : Start page is opened	[MsgId: MMSG-17999]
    2023-06-17 00:18:56.109 : User is logged out of session	[MsgId: MMSG-17999]
    2023-06-17 00:18:58.924 : User is logged out of session	[MsgId: MMSG-17999]
  2023-06-17 00:18:59.460 : IterationNum=2	[MsgId: MMSG-17999]
   USER 2 = user79:pwd79	[MsgId: MMSG-17999]
    2023-06-17 00:18:59.553 : Start page is opened	[MsgId: MMSG-17999]
    2023-06-17 00:18:59.789 : User is logged in with session 136649.909680032HAciQcQpHcQVzzzHtcVHDpfHiDHf	[MsgId: MMSG-17999]
    2023-06-17 00:19:03.832 : User is logged out of session	[MsgId: MMSG-17999]
  2023-06-17 00:19:05.212 : IterationNum=3	[MsgId: MMSG-17999]
   USER 3 = user67:pwd67	[MsgId: MMSG-17999]
    2023-06-17 00:19:05.308 : Start page is opened	[MsgId: MMSG-17999]
    2023-06-17 00:19:05.717 : User is logged in with session 136649.91000405HAciQcQpHtfiDDDDtcVHDpfHitHf	[MsgId: MMSG-17999]
