  2023-06-17 00:19:19.272 : IterationNum=1	[MsgId: MMSG-17999]
   USER 1 = user61:pwd61	[MsgId: MMSG-17999]
    2023-06-17 00:19:19.366 : Start page is opened	[MsgId: MMSG-17999]
    2023-06-17 00:19:24.134 : User is logged in with session 136649.911624139HAciQcQpicQVzzzHtcVHDpfHiQHf	[MsgId: MMSG-17999]
    2023-06-17 00:19:28.842 : User is logged out of session	[MsgId: MMSG-17999]
  2023-06-17 00:19:28.960 : IterationNum=1	[MsgId: MMSG-17999]
   USER 1 = user62:pwd62	[MsgId: MMSG-17999]
    2023-06-17 00:19:29.045 : Start page is opened	[MsgId: MMSG-17999]
    2023-06-17 00:19:32.937 : User is logged in with session 136649.912353179HAciQcQpizzzzzzHtcVHDpfHQc	[MsgId: MMSG-17999]
    2023-06-17 00:19:37.061 : User is logged out of session	[MsgId: MMSG-17999]
  2023-06-17 00:19:38.988 : IterationNum=1	[MsgId: MMSG-17999]
   USER 1 = user63:pwd63	[MsgId: MMSG-17999]
    2023-06-17 00:19:39.072 : Start page is opened	[MsgId: MMSG-17999]
    2023-06-17 00:19:44.359 : User is logged in with session 136649.913244228HAciQcQpQVcftcVHDpfHQtHf	[MsgId: MMSG-17999]
  2023-06-17 00:19:49.021 : IterationNum=1	[MsgId: MMSG-17999]
   USER 1 = user64:pwd64	[MsgId: MMSG-17999]
    2023-06-17 00:19:49.115 : Start page is opened	[MsgId: MMSG-17999]
    2023-06-17 00:19:49.525 : User is logged out of session	[MsgId: MMSG-17999]
    2023-06-17 00:19:55.356 : User is logged in with session 136649.914054273HAciQcQpQftVzzzHtcVHDpfHQHcf	[MsgId: MMSG-17999]
  2023-06-17 00:19:59.051 : IterationNum=1	[MsgId: MMSG-17999]
   USER 1 = user65:pwd65	[MsgId: MMSG-17999]
    2023-06-17 00:19:59.134 : Start page is opened	[MsgId: MMSG-17999]
    2023-06-17 00:20:00.262 : User is logged out of session	[MsgId: MMSG-17999]
    2023-06-17 00:20:03.214 : User is logged in with session 136649.914864318HAciQcQpQQfiDDDDtcVHDpfHQQHf	[MsgId: MMSG-17999]
    2023-06-17 00:20:07.944 : User is logged out of session	[MsgId: MMSG-17999]
  2023-06-17 00:20:09.083 : IterationNum=1	[MsgId: MMSG-17999]
   USER 1 = user66:pwd66	[MsgId: MMSG-17999]
    2023-06-17 00:20:09.167 : Start page is opened	[MsgId: MMSG-17999]
    2023-06-17 00:20:13.174 : User is logged in with session 136649.915674362HAciQDApADHftcVHDpfiAccf	[MsgId: MMSG-17999]
    2023-06-17 00:20:18.762 : User is logged out of session	[MsgId: MMSG-17999]
  2023-06-17 00:20:19.099 : IterationNum=1	[MsgId: MMSG-17999]
   USER 1 = user67:pwd67	[MsgId: MMSG-17999]
    2023-06-17 00:20:19.183 : Start page is opened	[MsgId: MMSG-17999]
    2023-06-17 00:20:24.293 : User is logged in with session 136649.916484407HAciQDApAHQVzzzHtcVHDpfiAtHf	[MsgId: MMSG-17999]
  2023-06-17 00:20:29.130 : IterationNum=1	[MsgId: MMSG-17999]
   USER 1 = user68:pwd68	[MsgId: MMSG-17999]
    2023-06-17 00:20:29.228 : Start page is opened	[MsgId: MMSG-17999]
    2023-06-17 00:20:30.139 : User is logged out of session	[MsgId: MMSG-17999]
    2023-06-17 00:20:35.045 : User is logged in with session 136649.917294451HAciQDApVcAiDDDDtcVHDpfiAHcf	[MsgId: MMSG-17999]
  2023-06-17 00:20:39.149 : IterationNum=1	[MsgId: MMSG-17999]
   USER 1 = user69:pwd69	[MsgId: MMSG-17999]
    2023-06-17 00:20:39.237 : Start page is opened	[MsgId: MMSG-17999]
    2023-06-17 00:20:39.552 : User is logged out of session	[MsgId: MMSG-17999]
    2023-06-17 00:20:43.923 : User is logged in with session 136649.918104496HAciQDApVzcftcVHDpfiAQHf	[MsgId: MMSG-17999]
  2023-06-17 00:20:49.161 : IterationNum=1	[MsgId: MMSG-17999]
   USER 1 = user70:pwd70	[MsgId: MMSG-17999]
    2023-06-17 00:20:49.251 : Start page is opened	[MsgId: MMSG-17999]
    2023-06-17 00:20:49.260 : User is logged out of session	[MsgId: MMSG-17999]
    2023-06-17 00:20:55.448 : User is logged in with session 136649.91891454HAciQDApcAtVzzzHtcVHDpfiVccf	[MsgId: MMSG-17999]
  2023-06-17 00:20:59.195 : IterationNum=1	[MsgId: MMSG-17999]
   USER 1 = user71:pwd71	[MsgId: MMSG-17999]
    2023-06-17 00:20:59.287 : Start page is opened	[MsgId: MMSG-17999]
    2023-06-17 00:21:00.403 : User is logged out of session	[MsgId: MMSG-17999]
    2023-06-17 00:21:03.310 : User is logged in with session 136649.919724585HAciQDApctfiDDDDtcVHDpfiVtHf	[MsgId: MMSG-17999]
    2023-06-17 00:21:07.283 : User is logged out of session	[MsgId: MMSG-17999]
  2023-06-17 00:21:09.208 : IterationNum=1	[MsgId: MMSG-17999]
   USER 1 = user72:pwd72	[MsgId: MMSG-17999]
    2023-06-17 00:21:09.295 : Start page is opened	[MsgId: MMSG-17999]
    2023-06-17 00:21:14.102 : User is logged in with session 136649.920534629HAciQDApciHftcVHDpfiVHcf	[MsgId: MMSG-17999]
    2023-06-17 00:21:18.642 : User is logged out of session	[MsgId: MMSG-17999]
  2023-06-17 00:21:19.241 : IterationNum=1	[MsgId: MMSG-17999]
   USER 1 = user73:pwd73	[MsgId: MMSG-17999]
    2023-06-17 00:21:19.336 : Start page is opened	[MsgId: MMSG-17999]
    2023-06-17 00:21:24.768 : User is logged in with session 136649.921344674HAciQDApDcQVzzzHtcVHDpfiVQHf	[MsgId: MMSG-17999]
  2023-06-17 00:21:25.286 : IterationNum=2	[MsgId: MMSG-17999]
   USER 2 = user61:pwd61	[MsgId: MMSG-17999]
    2023-06-17 00:21:25.381 : Start page is opened	[MsgId: MMSG-17999]
  2023-06-17 00:21:29.255 : IterationNum=1	[MsgId: MMSG-17999]
   USER 1 = user74:pwd74	[MsgId: MMSG-17999]
    2023-06-17 00:21:29.345 : Start page is opened	[MsgId: MMSG-17999]
    2023-06-17 00:21:30.241 : User is logged out of session	[MsgId: MMSG-17999]
    2023-06-17 00:21:30.683 : User is logged in with session 136649.921830701HAciQDApDftVzzzHtcVHDpficVcf	[MsgId: MMSG-17999]
  2023-06-17 00:21:34.963 : IterationNum=2	[MsgId: MMSG-17999]
   USER 2 = user62:pwd62	[MsgId: MMSG-17999]
    2023-06-17 00:21:35.058 : Start page is opened	[MsgId: MMSG-17999]
    2023-06-17 00:21:35.082 : User is logged in with session 136649.922154719HAciQDApDHAiDDDDtcVHDpficccf	[MsgId: MMSG-17999]
    2023-06-17 00:21:35.764 : User is logged out of session	[MsgId: MMSG-17999]
  2023-06-17 00:21:39.269 : IterationNum=1	[MsgId: MMSG-17999]
   USER 1 = user75:pwd75	[MsgId: MMSG-17999]
    2023-06-17 00:21:39.358 : Start page is opened	[MsgId: MMSG-17999]
    2023-06-17 00:21:40.792 : User is logged out of session	[MsgId: MMSG-17999]
    2023-06-17 00:21:40.852 : User is logged in with session 136649.922559741HAciQDApDQVzzzzHtcVHDpficDf	[MsgId: MMSG-17999]
    2023-06-17 00:21:43.999 : User is logged in with session 136649.922964763HAciQDAptVcftcVHDpfictHf	[MsgId: MMSG-17999]
  2023-06-17 00:21:44.995 : IterationNum=2	[MsgId: MMSG-17999]
   USER 2 = user63:pwd63	[MsgId: MMSG-17999]
    2023-06-17 00:21:45.088 : Start page is opened	[MsgId: MMSG-17999]
    2023-06-17 00:21:46.564 : User is logged out of session	[MsgId: MMSG-17999]
    2023-06-17 00:21:48.612 : User is logged out of session	[MsgId: MMSG-17999]
  2023-06-17 00:21:49.302 : IterationNum=1	[MsgId: MMSG-17999]
   USER 1 = user76:pwd76	[MsgId: MMSG-17999]
    2023-06-17 00:21:49.395 : Start page is opened	[MsgId: MMSG-17999]
    2023-06-17 00:21:51.093 : User is logged in with session 136649.92345079HAciQDAptDHftcVHDpficzcf	[MsgId: MMSG-17999]
  2023-06-17 00:21:55.026 : IterationNum=2	[MsgId: MMSG-17999]
   USER 2 = user64:pwd64	[MsgId: MMSG-17999]
    2023-06-17 00:21:55.045 : User is logged in with session 136649.923774808HAciQDAptftVzzzHtcVHDpficHcf	[MsgId: MMSG-17999]
    2023-06-17 00:21:55.120 : Start page is opened	[MsgId: MMSG-17999]
    2023-06-17 00:21:56.661 : User is logged out of session	[MsgId: MMSG-17999]
  2023-06-17 00:21:59.317 : IterationNum=1	[MsgId: MMSG-17999]
   USER 1 = user77:pwd77	[MsgId: MMSG-17999]
    2023-06-17 00:21:59.404 : Start page is opened	[MsgId: MMSG-17999]
    2023-06-17 00:22:00.302 : User is logged out of session	[MsgId: MMSG-17999]
    2023-06-17 00:22:01.496 : User is logged in with session 136649.924260834HAciQDAptHQVzzzHtcVHDpficiHf	[MsgId: MMSG-17999]
    2023-06-17 00:22:03.411 : User is logged in with session 136649.924584852HAciQDAptQfiDDDDtcVHDpficQHf	[MsgId: MMSG-17999]
  2023-06-17 00:22:05.060 : IterationNum=2	[MsgId: MMSG-17999]
   USER 2 = user65:pwd65	[MsgId: MMSG-17999]
    2023-06-17 00:22:05.155 : Start page is opened	[MsgId: MMSG-17999]
    2023-06-17 00:22:06.094 : User is logged out of session	[MsgId: MMSG-17999]
    2023-06-17 00:22:07.782 : User is logged out of session	[MsgId: MMSG-17999]
  2023-06-17 00:22:09.347 : IterationNum=1	[MsgId: MMSG-17999]
   USER 1 = user78:pwd78	[MsgId: MMSG-17999]
    2023-06-17 00:22:09.433 : Start page is opened	[MsgId: MMSG-17999]
    2023-06-17 00:22:09.654 : User is logged in with session 136649.925070879HAciQDApfcAiDDDDtcVHDpfiDVcf	[MsgId: MMSG-17999]
    2023-06-17 00:22:13.537 : User is logged in with session 136649.925394897HAciQDApfDHftcVHDpfiDccf	[MsgId: MMSG-17999]
    2023-06-17 00:22:14.496 : User is logged out of session	[MsgId: MMSG-17999]
  2023-06-17 00:22:15.090 : IterationNum=2	[MsgId: MMSG-17999]
   USER 2 = user66:pwd66	[MsgId: MMSG-17999]
    2023-06-17 00:22:15.184 : Start page is opened	[MsgId: MMSG-17999]
    2023-06-17 00:22:18.561 : User is logged out of session	[MsgId: MMSG-17999]
  2023-06-17 00:22:19.367 : IterationNum=1	[MsgId: MMSG-17999]
   USER 1 = user79:pwd79	[MsgId: MMSG-17999]
    2023-06-17 00:22:19.452 : Start page is opened	[MsgId: MMSG-17999]
    2023-06-17 00:22:21.170 : User is logged in with session 136649.925880923HAciQDApfzcftcVHDpfiDDHf	[MsgId: MMSG-17999]
    2023-06-17 00:22:24.964 : User is logged in with session 136649.926204941HAciQDApfHQVzzzHtcVHDpfiDtHf	[MsgId: MMSG-17999]
  2023-06-17 00:22:25.104 : IterationNum=2	[MsgId: MMSG-17999]
   USER 2 = user67:pwd67	[MsgId: MMSG-17999]
    2023-06-17 00:22:25.197 : Start page is opened	[MsgId: MMSG-17999]
    2023-06-17 00:22:26.726 : User is logged out of session	[MsgId: MMSG-17999]
  2023-06-17 00:22:29.395 : IterationNum=1	[MsgId: MMSG-17999]
   USER 1 = user80:pwd80	[MsgId: MMSG-17999]
    2023-06-17 00:22:29.479 : Start page is opened	[MsgId: MMSG-17999]
    2023-06-17 00:22:29.948 : User is logged in with session 136649.926690968HAciQDApzAtVzzzHtcVHDpfiDzcf	[MsgId: MMSG-17999]
    2023-06-17 00:22:30.638 : User is logged out of session	[MsgId: MMSG-17999]
  2023-06-17 00:22:35.142 : IterationNum=2	[MsgId: MMSG-17999]
   USER 2 = user68:pwd68	[MsgId: MMSG-17999]
    2023-06-17 00:22:35.176 : User is logged in with session 136649.927014986HAciQDApzcAiDDDDtcVHDpfiDHcf	[MsgId: MMSG-17999]
    2023-06-17 00:22:35.238 : Start page is opened	[MsgId: MMSG-17999]
    2023-06-17 00:22:36.121 : User is logged out of session	[MsgId: MMSG-17999]
  2023-06-17 00:22:39.413 : IterationNum=1	[MsgId: MMSG-17999]
   USER 1 = user81:pwd81	[MsgId: MMSG-17999]
    2023-06-17 00:22:39.499 : Start page is opened	[MsgId: MMSG-17999]
    2023-06-17 00:22:40.048 : User is logged out of session	[MsgId: MMSG-17999]
    2023-06-17 00:22:40.769 : User is logged in with session 136649.927501013HAciQDApztfiDDDDtcVHDpfiDiHf	[MsgId: MMSG-17999]
  2023-06-17 00:22:45.155 : IterationNum=2	[MsgId: MMSG-17999]
   USER 2 = user69:pwd69	[MsgId: MMSG-17999]
    2023-06-17 00:22:45.204 : User is logged in with session 136649.92782503HAciQDApzzcftcVHDpfiDQHf	[MsgId: MMSG-17999]
    2023-06-17 00:22:45.249 : Start page is opened	[MsgId: MMSG-17999]
    2023-06-17 00:22:45.923 : User is logged out of session	[MsgId: MMSG-17999]
    2023-06-17 00:22:49.117 : User is logged out of session	[MsgId: MMSG-17999]
  2023-06-17 00:22:49.444 : IterationNum=1	[MsgId: MMSG-17999]
   USER 1 = user82:pwd82	[MsgId: MMSG-17999]
    2023-06-17 00:22:49.540 : Start page is opened	[MsgId: MMSG-17999]
    2023-06-17 00:22:51.171 : User is logged in with session 136649.928311057HAciQDApziHftcVHDpfitVcf	[MsgId: MMSG-17999]
    2023-06-17 00:22:53.638 : User is logged in with session 136649.928635075HAciQDApHAtVzzzHtcVHDpfitccf	[MsgId: MMSG-17999]
  2023-06-17 00:22:55.165 : IterationNum=2	[MsgId: MMSG-17999]
   USER 2 = user70:pwd70	[MsgId: MMSG-17999]
    2023-06-17 00:22:55.259 : Start page is opened	[MsgId: MMSG-17999]
    2023-06-17 00:22:56.531 : User is logged out of session	[MsgId: MMSG-17999]
    2023-06-17 00:22:57.656 : User is logged out of session	[MsgId: MMSG-17999]
  2023-06-17 00:22:59.474 : IterationNum=1	[MsgId: MMSG-17999]
   USER 1 = user83:pwd83	[MsgId: MMSG-17999]
    2023-06-17 00:22:59.557 : Start page is opened	[MsgId: MMSG-17999]
    2023-06-17 00:23:01.262 : User is logged in with session 136649.929121102HAciQDApHcQVzzzHtcVHDpfitDHf	[MsgId: MMSG-17999]
    2023-06-17 00:23:03.789 : User is logged in with session 136649.929445119HAciQDApHtfiDDDDtcVHDpfittHf	[MsgId: MMSG-17999]
  2023-06-17 00:23:05.200 : IterationNum=2	[MsgId: MMSG-17999]
   USER 2 = user71:pwd71	[MsgId: MMSG-17999]
    2023-06-17 00:23:05.295 : Start page is opened	[MsgId: MMSG-17999]
    2023-06-17 00:23:06.315 : User is logged out of session	[MsgId: MMSG-17999]
    2023-06-17 00:23:07.792 : User is logged out of session	[MsgId: MMSG-17999]
  2023-06-17 00:23:09.504 : IterationNum=1	[MsgId: MMSG-17999]
   USER 1 = user84:pwd84	[MsgId: MMSG-17999]
    2023-06-17 00:23:09.601 : Start page is opened	[MsgId: MMSG-17999]
    2023-06-17 00:23:11.201 : User is logged in with session 136649.929931146HAciQDApHHAiDDDDtcVHDpfitzcf	[MsgId: MMSG-17999]
  2023-06-17 00:23:15.221 : IterationNum=2	[MsgId: MMSG-17999]
   USER 2 = user72:pwd72	[MsgId: MMSG-17999]
    2023-06-17 00:23:15.316 : Start page is opened	[MsgId: MMSG-17999]
    2023-06-17 00:23:15.490 : User is logged in with session 136649.930255164HAciQDApHiHftcVHDpfitHcf	[MsgId: MMSG-17999]
    2023-06-17 00:23:16.057 : User is logged out of session	[MsgId: MMSG-17999]
  2023-06-17 00:23:19.537 : IterationNum=1	[MsgId: MMSG-17999]
   USER 1 = user85:pwd85	[MsgId: MMSG-17999]
    2023-06-17 00:23:19.632 : Start page is opened	[MsgId: MMSG-17999]
    2023-06-17 00:23:20.893 : User is logged out of session	[MsgId: MMSG-17999]
    2023-06-17 00:23:21.594 : User is logged in with session 136649.930741191HAciQDApiVcftcVHDpfitiHf	[MsgId: MMSG-17999]
    2023-06-17 00:23:25.056 : User is logged in with session 136649.931065209HAciQDApicQVzzzHtcVHDpfitQHf	[MsgId: MMSG-17999]
  2023-06-17 00:23:25.243 : IterationNum=2	[MsgId: MMSG-17999]
   USER 2 = user73:pwd73	[MsgId: MMSG-17999]
    2023-06-17 00:23:25.337 : Start page is opened	[MsgId: MMSG-17999]
    2023-06-17 00:23:27.953 : User is logged out of session	[MsgId: MMSG-17999]
    2023-06-17 00:23:29.601 : User is logged out of session	[MsgId: MMSG-17999]
