  2023-06-17 00:10:08.255 : IterationNum=1	[MsgId: MMSG-17999]
   USER 1 = user61:pwd61	[MsgId: MMSG-17999]
    2023-06-17 00:10:08.347 : Start page is opened	[MsgId: MMSG-17999]
    2023-06-17 00:10:12.880 : User is logged in with session 136649.866990684HAciQcHpfDDDDDDDtcVHDpfzfc	[MsgId: MMSG-17999]
    2023-06-17 00:10:16.948 : User is logged out of session	[MsgId: MMSG-17999]
  2023-06-17 00:10:17.692 : IterationNum=1	[MsgId: MMSG-17999]
   USER 1 = user62:pwd62	[MsgId: MMSG-17999]
    2023-06-17 00:10:17.778 : Start page is opened	[MsgId: MMSG-17999]
    2023-06-17 00:10:22.799 : User is logged in with session 136649.867719725HAciQcHpfHAiDDDDtcVHDpfzftcf	[MsgId: MMSG-17999]
    2023-06-17 00:10:27.648 : User is logged out of session	[MsgId: MMSG-17999]
  2023-06-17 00:10:27.723 : IterationNum=1	[MsgId: MMSG-17999]
   USER 1 = user63:pwd63	[MsgId: MMSG-17999]
    2023-06-17 00:10:27.806 : Start page is opened	[MsgId: MMSG-17999]
    2023-06-17 00:10:33.872 : User is logged in with session 136649.868529769HAciQcHpzVcftcVHDpfzfzHf	[MsgId: MMSG-17999]
  2023-06-17 00:10:37.741 : IterationNum=1	[MsgId: MMSG-17999]
   USER 1 = user64:pwd64	[MsgId: MMSG-17999]
    2023-06-17 00:10:37.829 : Start page is opened	[MsgId: MMSG-17999]
    2023-06-17 00:10:37.909 : User is logged out of session	[MsgId: MMSG-17999]
    2023-06-17 00:10:42.647 : User is logged in with session 136649.869339814HAciQcHpzftVzzzHtcVHDpfzfQcf	[MsgId: MMSG-17999]
    2023-06-17 00:10:46.919 : User is logged out of session	[MsgId: MMSG-17999]
  2023-06-17 00:10:47.756 : IterationNum=1	[MsgId: MMSG-17999]
   USER 1 = user65:pwd65	[MsgId: MMSG-17999]
    2023-06-17 00:10:47.844 : Start page is opened	[MsgId: MMSG-17999]
    2023-06-17 00:10:52.068 : User is logged in with session 136649.870149858HAciQcHpzQfiDDDDtcVHDpfzzVHf	[MsgId: MMSG-17999]
    2023-06-17 00:10:56.308 : User is logged out of session	[MsgId: MMSG-17999]
  2023-06-17 00:10:57.771 : IterationNum=1	[MsgId: MMSG-17999]
   USER 1 = user66:pwd66	[MsgId: MMSG-17999]
    2023-06-17 00:10:57.857 : Start page is opened	[MsgId: MMSG-17999]
    2023-06-17 00:11:02.140 : User is logged in with session 136649.870959903HAciQcHpHDHftcVHDpfzztcf	[MsgId: MMSG-17999]
  2023-06-17 00:11:07.785 : IterationNum=1	[MsgId: MMSG-17999]
   USER 1 = user67:pwd67	[MsgId: MMSG-17999]
    2023-06-17 00:11:07.877 : Start page is opened	[MsgId: MMSG-17999]
    2023-06-17 00:11:08.151 : User is logged out of session	[MsgId: MMSG-17999]
    2023-06-17 00:11:12.701 : User is logged in with session 136649.871769947HAciQcHpHHQVzzzHtcVHDpfzzzHf	[MsgId: MMSG-17999]
    2023-06-17 00:11:17.650 : User is logged out of session	[MsgId: MMSG-17999]
  2023-06-17 00:11:17.815 : IterationNum=1	[MsgId: MMSG-17999]
   USER 1 = user68:pwd68	[MsgId: MMSG-17999]
    2023-06-17 00:11:17.901 : Start page is opened	[MsgId: MMSG-17999]
    2023-06-17 00:11:23.315 : User is logged in with session 136649.872579992HAciQcHpicAiDDDDtcVHDpfzzQcf	[MsgId: MMSG-17999]
    2023-06-17 00:11:27.567 : User is logged out of session	[MsgId: MMSG-17999]
  2023-06-17 00:11:27.850 : IterationNum=1	[MsgId: MMSG-17999]
   USER 1 = user69:pwd69	[MsgId: MMSG-17999]
    2023-06-17 00:11:27.943 : Start page is opened	[MsgId: MMSG-17999]
    2023-06-17 00:11:33.343 : User is logged in with session 136649.873390036HAciQcHpizcftcVHDpfzHVHf	[MsgId: MMSG-17999]
    2023-06-17 00:11:37.866 : User is logged out of session	[MsgId: MMSG-17999]
  2023-06-17 00:11:37.881 : IterationNum=1	[MsgId: MMSG-17999]
   USER 1 = user70:pwd70	[MsgId: MMSG-17999]
    2023-06-17 00:11:37.976 : Start page is opened	[MsgId: MMSG-17999]
    2023-06-17 00:11:44.106 : User is logged in with session 136649.874200081HAciQcHpQAtVzzzHtcVHDpfzHtcf	[MsgId: MMSG-17999]
  2023-06-17 00:11:47.911 : IterationNum=1	[MsgId: MMSG-17999]
   USER 1 = user71:pwd71	[MsgId: MMSG-17999]
    2023-06-17 00:11:47.996 : Start page is opened	[MsgId: MMSG-17999]
    2023-06-17 00:11:49.443 : User is logged out of session	[MsgId: MMSG-17999]
    2023-06-17 00:11:53.762 : User is logged in with session 136649.875010126HAciQcHpQtfiDDDDtcVHDpfzHzHf	[MsgId: MMSG-17999]
  2023-06-17 00:11:57.942 : IterationNum=1	[MsgId: MMSG-17999]
   USER 1 = user72:pwd72	[MsgId: MMSG-17999]
    2023-06-17 00:11:58.028 : Start page is opened	[MsgId: MMSG-17999]
    2023-06-17 00:11:59.959 : User is logged out of session	[MsgId: MMSG-17999]
    2023-06-17 00:12:02.269 : User is logged in with session 136649.87582017HAciQcHpQiHftcVHDpfzHQcf	[MsgId: MMSG-17999]
    2023-06-17 00:12:07.617 : User is logged out of session	[MsgId: MMSG-17999]
  2023-06-17 00:12:07.975 : IterationNum=1	[MsgId: MMSG-17999]
   USER 1 = user73:pwd73	[MsgId: MMSG-17999]
    2023-06-17 00:12:08.071 : Start page is opened	[MsgId: MMSG-17999]
    2023-06-17 00:12:13.235 : User is logged in with session 136649.876711219HAciQcipADDDDDDDtcVHDpfzic	[MsgId: MMSG-17999]
  2023-06-17 00:12:14.268 : IterationNum=2	[MsgId: MMSG-17999]
   USER 2 = user61:pwd61	[MsgId: MMSG-17999]
    2023-06-17 00:12:14.363 : Start page is opened	[MsgId: MMSG-17999]
  2023-06-17 00:12:18.003 : IterationNum=1	[MsgId: MMSG-17999]
   USER 1 = user74:pwd74	[MsgId: MMSG-17999]
    2023-06-17 00:12:18.093 : Start page is opened	[MsgId: MMSG-17999]
    2023-06-17 00:12:19.077 : User is logged out of session	[MsgId: MMSG-17999]
    2023-06-17 00:12:20.487 : User is logged in with session 136649.877197246HAciQcipAfiDDDDDtcVHDpfziDf	[MsgId: MMSG-17999]
    2023-06-17 00:12:23.507 : User is logged in with session 136649.877521264HAciQcipAHftcVHDpfzitf	[MsgId: MMSG-17999]
  2023-06-17 00:12:23.695 : IterationNum=2	[MsgId: MMSG-17999]
   USER 2 = user62:pwd62	[MsgId: MMSG-17999]
    2023-06-17 00:12:23.789 : Start page is opened	[MsgId: MMSG-17999]
    2023-06-17 00:12:26.011 : User is logged out of session	[MsgId: MMSG-17999]
  2023-06-17 00:12:28.021 : IterationNum=1	[MsgId: MMSG-17999]
   USER 1 = user75:pwd75	[MsgId: MMSG-17999]
    2023-06-17 00:12:28.123 : Start page is opened	[MsgId: MMSG-17999]
    2023-06-17 00:12:29.379 : User is logged out of session	[MsgId: MMSG-17999]
    2023-06-17 00:12:29.602 : User is logged in with session 136649.877926286HAciQcipAQfiDDDDtcVHDpfzifHf	[MsgId: MMSG-17999]
    2023-06-17 00:12:33.642 : User is logged in with session 136649.878331308HAciQcipVVzzzzzHtcVHDpfziH	[MsgId: MMSG-17999]
  2023-06-17 00:12:33.735 : IterationNum=2	[MsgId: MMSG-17999]
   USER 2 = user63:pwd63	[MsgId: MMSG-17999]
    2023-06-17 00:12:33.827 : Start page is opened	[MsgId: MMSG-17999]
    2023-06-17 00:12:34.500 : User is logged out of session	[MsgId: MMSG-17999]
  2023-06-17 00:12:38.052 : IterationNum=1	[MsgId: MMSG-17999]
   USER 1 = user76:pwd76	[MsgId: MMSG-17999]
    2023-06-17 00:12:38.149 : Start page is opened	[MsgId: MMSG-17999]
    2023-06-17 00:12:38.888 : User is logged in with session 136649.87873633HAciQcipVDHftcVHDpfziicf	[MsgId: MMSG-17999]
    2023-06-17 00:12:39.566 : User is logged out of session	[MsgId: MMSG-17999]
    2023-06-17 00:12:42.722 : User is logged in with session 136649.879141353HAciQcipVfiDDDDDtcVHDpfziQf	[MsgId: MMSG-17999]
    2023-06-17 00:12:43.476 : User is logged out of session	[MsgId: MMSG-17999]
  2023-06-17 00:12:43.745 : IterationNum=2	[MsgId: MMSG-17999]
   USER 2 = user64:pwd64	[MsgId: MMSG-17999]
    2023-06-17 00:12:43.839 : Start page is opened	[MsgId: MMSG-17999]
    2023-06-17 00:12:47.956 : User is logged out of session	[MsgId: MMSG-17999]
  2023-06-17 00:12:48.083 : IterationNum=1	[MsgId: MMSG-17999]
   USER 1 = user77:pwd77	[MsgId: MMSG-17999]
    2023-06-17 00:12:48.176 : Start page is opened	[MsgId: MMSG-17999]
    2023-06-17 00:12:49.984 : User is logged in with session 136649.879546375HAciQcipVHQVzzzHtcVHDpfzQAHf	[MsgId: MMSG-17999]
  2023-06-17 00:12:53.758 : IterationNum=2	[MsgId: MMSG-17999]
   USER 2 = user65:pwd65	[MsgId: MMSG-17999]
    2023-06-17 00:12:53.852 : Start page is opened	[MsgId: MMSG-17999]
    2023-06-17 00:12:53.916 : User is logged in with session 136649.879951397HAciQcipctcVHDpfzQc	[MsgId: MMSG-17999]
    2023-06-17 00:12:54.259 : User is logged out of session	[MsgId: MMSG-17999]
    2023-06-17 00:12:58.048 : User is logged out of session	[MsgId: MMSG-17999]
  2023-06-17 00:12:58.098 : IterationNum=1	[MsgId: MMSG-17999]
   USER 1 = user78:pwd78	[MsgId: MMSG-17999]
    2023-06-17 00:12:58.189 : Start page is opened	[MsgId: MMSG-17999]
    2023-06-17 00:12:59.887 : User is logged in with session 136649.88035642HAciQcipccAiDDDDtcVHDpfzQDcf	[MsgId: MMSG-17999]
    2023-06-17 00:13:02.607 : User is logged in with session 136649.880761442HAciQcipctVzzzzHtcVHDpfzQtf	[MsgId: MMSG-17999]
  2023-06-17 00:13:03.779 : IterationNum=2	[MsgId: MMSG-17999]
   USER 2 = user66:pwd66	[MsgId: MMSG-17999]
    2023-06-17 00:13:03.873 : Start page is opened	[MsgId: MMSG-17999]
    2023-06-17 00:13:05.977 : User is logged out of session	[MsgId: MMSG-17999]
    2023-06-17 00:13:07.375 : User is logged out of session	[MsgId: MMSG-17999]
  2023-06-17 00:13:08.130 : IterationNum=1	[MsgId: MMSG-17999]
   USER 1 = user79:pwd79	[MsgId: MMSG-17999]
    2023-06-17 00:13:08.223 : Start page is opened	[MsgId: MMSG-17999]
    2023-06-17 00:13:09.575 : User is logged in with session 136649.881166464HAciQcipczcftcVHDpfzQfHf	[MsgId: MMSG-17999]
    2023-06-17 00:13:12.920 : User is logged in with session 136649.881571486HAciQcipciDDDDDDtcVHDpfzQH	[MsgId: MMSG-17999]
  2023-06-17 00:13:13.798 : IterationNum=2	[MsgId: MMSG-17999]
   USER 2 = user67:pwd67	[MsgId: MMSG-17999]
    2023-06-17 00:13:13.892 : Start page is opened	[MsgId: MMSG-17999]
    2023-06-17 00:13:15.025 : User is logged out of session	[MsgId: MMSG-17999]
    2023-06-17 00:13:17.314 : User is logged out of session	[MsgId: MMSG-17999]
  2023-06-17 00:13:18.164 : IterationNum=1	[MsgId: MMSG-17999]
   USER 1 = user80:pwd80	[MsgId: MMSG-17999]
    2023-06-17 00:13:18.257 : Start page is opened	[MsgId: MMSG-17999]
    2023-06-17 00:13:18.649 : User is logged in with session 136649.881976509HAciQcipDAtVzzzHtcVHDpfzQicf	[MsgId: MMSG-17999]
    2023-06-17 00:13:22.784 : User is logged out of session	[MsgId: MMSG-17999]
  2023-06-17 00:13:23.826 : IterationNum=2	[MsgId: MMSG-17999]
   USER 2 = user68:pwd68	[MsgId: MMSG-17999]
    2023-06-17 00:13:23.920 : Start page is opened	[MsgId: MMSG-17999]
    2023-06-17 00:13:23.967 : User is logged in with session 136649.882381531HAciQcipDcftcVHDpfzQQf	[MsgId: MMSG-17999]
    2023-06-17 00:13:28.558 : User is logged in with session 136649.882786553HAciQcipDtfiDDDDtcVHDpfHAAHf	[MsgId: MMSG-17999]
    2023-06-17 00:13:29.170 : User is logged out of session	[MsgId: MMSG-17999]
  2023-06-17 00:13:33.858 : IterationNum=2	[MsgId: MMSG-17999]
   USER 2 = user69:pwd69	[MsgId: MMSG-17999]
    2023-06-17 00:13:33.953 : Start page is opened	[MsgId: MMSG-17999]
    2023-06-17 00:13:34.424 : User is logged out of session	[MsgId: MMSG-17999]
