  2023-06-17 14:09:16.430 : IterationNum=1	[MsgId: MMSG-17999]
   USER 1 = user84:pwd84	[MsgId: MMSG-17999]
    2023-06-17 14:09:16.525 : Start page is opened	[MsgId: MMSG-17999]
    2023-06-17 14:09:20.723 : User is logged in with session 136653.945402997HAcQVDHpDVzzzzzHtcVHtpicDQ	[MsgId: MMSG-17999]
    2023-06-17 14:09:25.637 : User is logged out of session	[MsgId: MMSG-17999]
  2023-06-17 14:11:22.435 : IterationNum=2	[MsgId: MMSG-17999]
   USER 2 = user84:pwd84	[MsgId: MMSG-17999]
    2023-06-17 14:11:22.528 : Start page is opened	[MsgId: MMSG-17999]
    2023-06-17 14:11:27.201 : User is logged in with session 136653.955609559HAcQVDHpitVzzzzHtcVHtpicHAf	[MsgId: MMSG-17999]
    2023-06-17 14:11:32.692 : User is logged out of session	[MsgId: MMSG-17999]
  2023-06-17 14:13:28.436 : IterationNum=3	[MsgId: MMSG-17999]
   USER 3 = user84:pwd84	[MsgId: MMSG-17999]
    2023-06-17 14:13:28.530 : Start page is opened	[MsgId: MMSG-17999]
    2023-06-17 14:13:33.283 : User is logged in with session 136653.96581612HAcQVDipDzzzzzzHtcVHtpiDAc	[MsgId: MMSG-17999]
    2023-06-17 14:13:38.699 : User is logged out of session	[MsgId: MMSG-17999]
  2023-06-17 14:15:34.441 : IterationNum=4	[MsgId: MMSG-17999]
   USER 4 = user84:pwd84	[MsgId: MMSG-17999]
    2023-06-17 14:15:34.535 : Start page is opened	[MsgId: MMSG-17999]
    2023-06-17 14:15:39.498 : User is logged in with session 136653.976022681HAcQVDipiQVzzzzHtcVHtpiDDDf	[MsgId: MMSG-17999]
    2023-06-17 14:15:44.809 : User is logged out of session	[MsgId: MMSG-17999]
  2023-06-17 14:17:40.452 : IterationNum=5	[MsgId: MMSG-17999]
   USER 5 = user84:pwd84	[MsgId: MMSG-17999]
    2023-06-17 14:17:40.546 : Start page is opened	[MsgId: MMSG-17999]
    2023-06-17 14:17:45.417 : User is logged in with session 136653.986229243HAcQVDQptVzzzzzHtcVHtpiDzf	[MsgId: MMSG-17999]
    2023-06-17 14:17:49.738 : User is logged out of session	[MsgId: MMSG-17999]
  2023-06-17 14:19:46.465 : IterationNum=6	[MsgId: MMSG-17999]
   USER 6 = user84:pwd84	[MsgId: MMSG-17999]
    2023-06-17 14:19:46.559 : Start page is opened	[MsgId: MMSG-17999]
    2023-06-17 14:19:51.771 : User is logged in with session 136653.996435804HAcQVDQpQtVzzzzHtcVHtpiDQzf	[MsgId: MMSG-17999]
    2023-06-17 14:19:56.632 : User is logged out of session	[MsgId: MMSG-17999]
  2023-06-17 14:21:52.465 : IterationNum=7	[MsgId: MMSG-17999]
   USER 7 = user84:pwd84	[MsgId: MMSG-17999]
    2023-06-17 14:21:52.560 : Start page is opened	[MsgId: MMSG-17999]
    2023-06-17 14:21:56.651 : User is logged in with session 136654.006642365HAcQVtAptzzzzzzHtcVHtpitci	[MsgId: MMSG-17999]
    2023-06-17 14:22:01.384 : User is logged out of session	[MsgId: MMSG-17999]
  2023-06-17 14:23:58.472 : IterationNum=8	[MsgId: MMSG-17999]
   USER 8 = user84:pwd84	[MsgId: MMSG-17999]
    2023-06-17 14:23:58.566 : Start page is opened	[MsgId: MMSG-17999]
    2023-06-17 14:24:02.730 : User is logged in with session 136654.016848927HAcQVtApQQVzzzzHtcVHtpitfQf	[MsgId: MMSG-17999]
    2023-06-17 14:24:08.043 : User is logged out of session	[MsgId: MMSG-17999]
  2023-06-17 14:26:04.478 : IterationNum=9	[MsgId: MMSG-17999]
   USER 9 = user84:pwd84	[MsgId: MMSG-17999]
    2023-06-17 14:26:04.573 : Start page is opened	[MsgId: MMSG-17999]
    2023-06-17 14:26:09.308 : User is logged in with session 136654.027055488HAcQVtVpfVzzzzzHtcVHtpitQV	[MsgId: MMSG-17999]
    2023-06-17 14:26:14.603 : User is logged out of session	[MsgId: MMSG-17999]
  2023-06-17 14:28:10.492 : IterationNum=10	[MsgId: MMSG-17999]
   USER 10 = user84:pwd84	[MsgId: MMSG-17999]
    2023-06-17 14:28:10.587 : Start page is opened	[MsgId: MMSG-17999]
    2023-06-17 14:28:14.950 : User is logged in with session 136654.037262049HAcQVtcpAtVzzzzHtcVHtpifccf	[MsgId: MMSG-17999]
    2023-06-17 14:28:21.019 : User is logged out of session	[MsgId: MMSG-17999]
  2023-06-17 14:30:16.505 : IterationNum=11	[MsgId: MMSG-17999]
   USER 11 = user84:pwd84	[MsgId: MMSG-17999]
    2023-06-17 14:30:16.600 : Start page is opened	[MsgId: MMSG-17999]
    2023-06-17 14:30:21.418 : User is logged in with session 136654.047468611HAcQVtcpfzzzzzzHtcVHtpifft	[MsgId: MMSG-17999]
    2023-06-17 14:30:26.969 : User is logged out of session	[MsgId: MMSG-17999]
  2023-06-17 14:32:22.514 : IterationNum=12	[MsgId: MMSG-17999]
   USER 12 = user84:pwd84	[MsgId: MMSG-17999]
    2023-06-17 14:32:22.609 : Start page is opened	[MsgId: MMSG-17999]
    2023-06-17 14:32:26.814 : User is logged in with session 136654.057675172HAcQVtDpAQVzzzzHtcVHtpififf	[MsgId: MMSG-17999]
    2023-06-17 14:32:32.827 : User is logged out of session	[MsgId: MMSG-17999]
  2023-06-17 14:34:28.529 : IterationNum=13	[MsgId: MMSG-17999]
   USER 13 = user84:pwd84	[MsgId: MMSG-17999]
    2023-06-17 14:34:28.622 : Start page is opened	[MsgId: MMSG-17999]
    2023-06-17 14:34:34.725 : User is logged in with session 136654.067881734HAcQVtDpzVzzzzzHtcVHtpizVH	[MsgId: MMSG-17999]
    2023-06-17 14:34:40.312 : User is logged out of session	[MsgId: MMSG-17999]
  2023-06-17 14:36:34.529 : IterationNum=14	[MsgId: MMSG-17999]
   USER 14 = user84:pwd84	[MsgId: MMSG-17999]
    2023-06-17 14:36:34.623 : Start page is opened	[MsgId: MMSG-17999]
    2023-06-17 14:36:40.646 : User is logged in with session 136654.078088295HAcQVttpVtVzzzzHtcVHtpiztif	[MsgId: MMSG-17999]
    2023-06-17 14:36:44.844 : User is logged out of session	[MsgId: MMSG-17999]
  2023-06-17 14:38:40.538 : IterationNum=15	[MsgId: MMSG-17999]
   USER 15 = user84:pwd84	[MsgId: MMSG-17999]
    2023-06-17 14:38:40.632 : Start page is opened	[MsgId: MMSG-17999]
    2023-06-17 14:38:46.155 : User is logged in with session 136654.088294856HAcQVttpzzzzzzzHtcVHtpizi	[MsgId: MMSG-17999]
    2023-06-17 14:38:50.544 : User is logged out of session	[MsgId: MMSG-17999]
  2023-06-17 14:40:46.539 : IterationNum=16	[MsgId: MMSG-17999]
   USER 16 = user84:pwd84	[MsgId: MMSG-17999]
    2023-06-17 14:40:46.632 : Start page is opened	[MsgId: MMSG-17999]
    2023-06-17 14:40:51.247 : User is logged in with session 136654.098501418HAcQVtfpVQVzzzzHtcVHtpiHVVf	[MsgId: MMSG-17999]
    2023-06-17 14:40:56.153 : User is logged out of session	[MsgId: MMSG-17999]
  2023-06-17 14:42:52.541 : IterationNum=17	[MsgId: MMSG-17999]
   USER 17 = user84:pwd84	[MsgId: MMSG-17999]
    2023-06-17 14:42:52.635 : Start page is opened	[MsgId: MMSG-17999]
    2023-06-17 14:42:56.527 : User is logged in with session 136654.108707979HAcQVtfpHVzzzzzHtcVHtpiHtD	[MsgId: MMSG-17999]
    2023-06-17 14:43:02.600 : User is logged out of session	[MsgId: MMSG-17999]
  2023-06-17 14:44:58.552 : IterationNum=18	[MsgId: MMSG-17999]
   USER 18 = user84:pwd84	[MsgId: MMSG-17999]
    2023-06-17 14:44:58.646 : Start page is opened	[MsgId: MMSG-17999]
    2023-06-17 14:45:04.811 : User is logged in with session 136654.11891454HAcQVtzpctVzzzzHtcVHtpiHHtf	[MsgId: MMSG-17999]
    2023-06-17 14:45:09.945 : User is logged out of session	[MsgId: MMSG-17999]
  2023-06-17 14:47:04.565 : IterationNum=19	[MsgId: MMSG-17999]
   USER 19 = user84:pwd84	[MsgId: MMSG-17999]
    2023-06-17 14:47:04.659 : Start page is opened	[MsgId: MMSG-17999]
    2023-06-17 14:47:09.216 : User is logged in with session 136654.129121102HAcQVtzpHzzzzzzHtcVHtpiiAz	[MsgId: MMSG-17999]
    2023-06-17 14:47:14.403 : User is logged out of session	[MsgId: MMSG-17999]
  2023-06-17 14:49:10.571 : IterationNum=20	[MsgId: MMSG-17999]
   USER 20 = user84:pwd84	[MsgId: MMSG-17999]
    2023-06-17 14:49:10.667 : Start page is opened	[MsgId: MMSG-17999]
    2023-06-17 14:49:15.282 : User is logged in with session 136654.139327663HAcQVtHpcQVzzzzHtcVHtpiiDHf	[MsgId: MMSG-17999]
    2023-06-17 14:49:20.731 : User is logged out of session	[MsgId: MMSG-17999]
  2023-06-17 14:51:16.586 : IterationNum=21	[MsgId: MMSG-17999]
   USER 21 = user84:pwd84	[MsgId: MMSG-17999]
    2023-06-17 14:51:16.681 : Start page is opened	[MsgId: MMSG-17999]
    2023-06-17 14:51:22.416 : User is logged in with session 136654.149534224HAcQVtHpiVzzzzzHtcVHtpiizQ	[MsgId: MMSG-17999]
    2023-06-17 14:51:27.028 : User is logged out of session	[MsgId: MMSG-17999]
  2023-06-17 14:53:22.589 : IterationNum=22	[MsgId: MMSG-17999]
   USER 22 = user84:pwd84	[MsgId: MMSG-17999]
    2023-06-17 14:53:22.683 : Start page is opened	[MsgId: MMSG-17999]
    2023-06-17 14:53:28.462 : User is logged in with session 136654.159740786HAcQVtipDtVzzzzHtcVHtpiQAAf	[MsgId: MMSG-17999]
    2023-06-17 14:53:34.466 : User is logged out of session	[MsgId: MMSG-17999]
  2023-06-17 14:55:28.594 : IterationNum=23	[MsgId: MMSG-17999]
   USER 23 = user84:pwd84	[MsgId: MMSG-17999]
    2023-06-17 14:55:28.689 : Start page is opened	[MsgId: MMSG-17999]
    2023-06-17 14:55:34.520 : User is logged in with session 136654.169947347HAcQVtipizzzzzzHtcVHtpiQDc	[MsgId: MMSG-17999]
    2023-06-17 14:55:40.050 : User is logged out of session	[MsgId: MMSG-17999]
  2023-06-17 14:57:34.607 : IterationNum=24	[MsgId: MMSG-17999]
   USER 24 = user84:pwd84	[MsgId: MMSG-17999]
    2023-06-17 14:57:34.702 : Start page is opened	[MsgId: MMSG-17999]
    2023-06-17 14:57:39.512 : User is logged in with session 136654.180153908HAcQVtQpDQVzzzzHtcVHtpiQzDf	[MsgId: MMSG-17999]
    2023-06-17 14:57:45.201 : User is logged out of session	[MsgId: MMSG-17999]
  2023-06-17 14:59:40.621 : IterationNum=25	[MsgId: MMSG-17999]
   USER 25 = user84:pwd84	[MsgId: MMSG-17999]
    2023-06-17 14:59:40.715 : Start page is opened	[MsgId: MMSG-17999]
    2023-06-17 14:59:46.643 : User is logged in with session 136654.19036047HAcQVtQpQVzzzzzHtcVHtpiQQf	[MsgId: MMSG-17999]
    2023-06-17 14:59:51.511 : User is logged out of session	[MsgId: MMSG-17999]
  2023-06-17 15:01:46.633 : IterationNum=26	[MsgId: MMSG-17999]
   USER 26 = user84:pwd84	[MsgId: MMSG-17999]
    2023-06-17 15:01:46.728 : Start page is opened	[MsgId: MMSG-17999]
    2023-06-17 15:01:51.487 : User is logged in with session 136654.200567031HAcQVfApttVzzzzHtcVHtpQAczf	[MsgId: MMSG-17999]
    2023-06-17 15:01:55.561 : User is logged out of session	[MsgId: MMSG-17999]
  2023-06-17 15:03:52.634 : IterationNum=27	[MsgId: MMSG-17999]
   USER 27 = user84:pwd84	[MsgId: MMSG-17999]
    2023-06-17 15:03:52.728 : Start page is opened	[MsgId: MMSG-17999]
    2023-06-17 15:03:57.732 : User is logged in with session 136654.210773593HAcQVfApQzzzzzzHtcVHtpQAfi	[MsgId: MMSG-17999]
    2023-06-17 15:04:01.768 : User is logged out of session	[MsgId: MMSG-17999]
  2023-06-17 15:05:58.641 : IterationNum=28	[MsgId: MMSG-17999]
   USER 28 = user84:pwd84	[MsgId: MMSG-17999]
    2023-06-17 15:05:58.735 : Start page is opened	[MsgId: MMSG-17999]
    2023-06-17 15:06:04.421 : User is logged in with session 136654.220980154HAcQVfVptQVzzzzHtcVHtpQAiQf	[MsgId: MMSG-17999]
    2023-06-17 15:06:09.394 : User is logged out of session	[MsgId: MMSG-17999]
  2023-06-17 15:08:04.656 : IterationNum=29	[MsgId: MMSG-17999]
   USER 29 = user84:pwd84	[MsgId: MMSG-17999]
    2023-06-17 15:08:04.750 : Start page is opened	[MsgId: MMSG-17999]
    2023-06-17 15:08:10.237 : User is logged in with session 136654.231186715HAcQVfcpAVzzzzzHtcVHtpQVcV	[MsgId: MMSG-17999]
    2023-06-17 15:08:15.048 : User is logged out of session	[MsgId: MMSG-17999]
  2023-06-17 15:10:10.659 : IterationNum=30	[MsgId: MMSG-17999]
   USER 30 = user84:pwd84	[MsgId: MMSG-17999]
    2023-06-17 15:10:10.753 : Start page is opened	[MsgId: MMSG-17999]
    2023-06-17 15:10:15.527 : User is logged in with session 136654.241393277HAcQVfcpftVzzzzHtcVHtpQVfcf	[MsgId: MMSG-17999]
    2023-06-17 15:10:20.470 : User is logged out of session	[MsgId: MMSG-17999]
  2023-06-17 15:12:16.667 : IterationNum=31	[MsgId: MMSG-17999]
   USER 31 = user84:pwd84	[MsgId: MMSG-17999]
    2023-06-17 15:12:16.762 : Start page is opened	[MsgId: MMSG-17999]
    2023-06-17 15:12:20.863 : User is logged in with session 136654.251599838HAcQVfDpAzzzzzzHtcVHtpQVit	[MsgId: MMSG-17999]
    2023-06-17 15:12:24.949 : User is logged out of session	[MsgId: MMSG-17999]
  2023-06-17 15:14:22.682 : IterationNum=32	[MsgId: MMSG-17999]
   USER 32 = user84:pwd84	[MsgId: MMSG-17999]
    2023-06-17 15:14:22.777 : Start page is opened	[MsgId: MMSG-17999]
    2023-06-17 15:14:28.483 : User is logged in with session 136654.261806399HAcQVfDpfQVzzzzHtcVHtpQcVff	[MsgId: MMSG-17999]
    2023-06-17 15:14:33.494 : User is logged out of session	[MsgId: MMSG-17999]
  2023-06-17 15:16:28.691 : IterationNum=33	[MsgId: MMSG-17999]
   USER 33 = user84:pwd84	[MsgId: MMSG-17999]
    2023-06-17 15:16:28.786 : Start page is opened	[MsgId: MMSG-17999]
    2023-06-17 15:16:32.754 : User is logged in with session 136654.272012961HAcQVftpVVzzzzzHtcVHtpQctH	[MsgId: MMSG-17999]
    2023-06-17 15:16:37.655 : User is logged out of session	[MsgId: MMSG-17999]
  2023-06-17 15:18:34.692 : IterationNum=34	[MsgId: MMSG-17999]
   USER 34 = user84:pwd84	[MsgId: MMSG-17999]
    2023-06-17 15:18:34.787 : Start page is opened	[MsgId: MMSG-17999]
    2023-06-17 15:18:40.699 : User is logged in with session 136654.282219522HAcQVftpztVzzzzHtcVHtpQcHif	[MsgId: MMSG-17999]
    2023-06-17 15:18:45.165 : User is logged out of session	[MsgId: MMSG-17999]
  2023-06-17 15:20:40.700 : IterationNum=35	[MsgId: MMSG-17999]
   USER 35 = user84:pwd84	[MsgId: MMSG-17999]
    2023-06-17 15:20:40.794 : Start page is opened	[MsgId: MMSG-17999]
    2023-06-17 15:20:45.897 : User is logged in with session 136654.292426083HAcQVffpVzzzzzzHtcVHtpQDV	[MsgId: MMSG-17999]
    2023-06-17 15:20:50.179 : User is logged out of session	[MsgId: MMSG-17999]
  2023-06-17 15:22:46.706 : IterationNum=36	[MsgId: MMSG-17999]
   USER 36 = user84:pwd84	[MsgId: MMSG-17999]
    2023-06-17 15:22:46.800 : Start page is opened	[MsgId: MMSG-17999]
    2023-06-17 15:22:51.686 : User is logged in with session 136654.302632645HAcQVffpzQVzzzzHtcVHtpQDtVf	[MsgId: MMSG-17999]
    2023-06-17 15:22:57.156 : User is logged out of session	[MsgId: MMSG-17999]
  2023-06-17 15:24:52.710 : IterationNum=37	[MsgId: MMSG-17999]
   USER 37 = user84:pwd84	[MsgId: MMSG-17999]
    2023-06-17 15:24:52.804 : Start page is opened	[MsgId: MMSG-17999]
    2023-06-17 15:24:58.579 : User is logged in with session 136654.312839206HAcQVfzpcVzzzzzHtcVHtpQDHD	[MsgId: MMSG-17999]
    2023-06-17 15:25:03.340 : User is logged out of session	[MsgId: MMSG-17999]
  2023-06-17 15:26:58.715 : IterationNum=38	[MsgId: MMSG-17999]
   USER 38 = user84:pwd84	[MsgId: MMSG-17999]
    2023-06-17 15:26:58.808 : Start page is opened	[MsgId: MMSG-17999]
    2023-06-17 15:27:04.610 : User is logged in with session 136654.323045768HAcQVfzpHtVzzzzHtcVHtpQtAtf	[MsgId: MMSG-17999]
    2023-06-17 15:27:10.342 : User is logged out of session	[MsgId: MMSG-17999]
  2023-06-17 15:29:04.716 : IterationNum=39	[MsgId: MMSG-17999]
   USER 39 = user84:pwd84	[MsgId: MMSG-17999]
    2023-06-17 15:29:04.810 : Start page is opened	[MsgId: MMSG-17999]
    2023-06-17 15:29:09.205 : User is logged in with session 136654.333252329HAcQVfHpczzzzzzHtcVHtpQtDz	[MsgId: MMSG-17999]
    2023-06-17 15:29:14.642 : User is logged out of session	[MsgId: MMSG-17999]
  2023-06-17 15:31:10.723 : IterationNum=40	[MsgId: MMSG-17999]
   USER 40 = user84:pwd84	[MsgId: MMSG-17999]
    2023-06-17 15:31:10.818 : Start page is opened	[MsgId: MMSG-17999]
    2023-06-17 15:31:14.854 : User is logged in with session 136654.34345889HAcQVfHpHQVzzzzHtcVHtpQtzHf	[MsgId: MMSG-17999]
    2023-06-17 15:31:20.332 : User is logged out of session	[MsgId: MMSG-17999]
  2023-06-17 15:33:16.735 : IterationNum=41	[MsgId: MMSG-17999]
   USER 41 = user84:pwd84	[MsgId: MMSG-17999]
    2023-06-17 15:33:16.829 : Start page is opened	[MsgId: MMSG-17999]
    2023-06-17 15:33:21.245 : User is logged in with session 136654.353665452HAcQVfipDVzzzzzHtcVHtpQtQQ	[MsgId: MMSG-17999]
    2023-06-17 15:33:25.750 : User is logged out of session	[MsgId: MMSG-17999]
  2023-06-17 15:35:22.745 : IterationNum=42	[MsgId: MMSG-17999]
   USER 42 = user84:pwd84	[MsgId: MMSG-17999]
    2023-06-17 15:35:22.840 : Start page is opened	[MsgId: MMSG-17999]
    2023-06-17 15:35:28.624 : User is logged in with session 136654.363872013HAcQVfipitVzzzzHtcVHtpQfDAf	[MsgId: MMSG-17999]
    2023-06-17 15:35:33.337 : User is logged out of session	[MsgId: MMSG-17999]
  2023-06-17 15:37:28.747 : IterationNum=43	[MsgId: MMSG-17999]
   USER 43 = user84:pwd84	[MsgId: MMSG-17999]
    2023-06-17 15:37:28.841 : Start page is opened	[MsgId: MMSG-17999]
    2023-06-17 15:37:34.669 : User is logged in with session 136654.374078574HAcQVfQpDzzzzzzHtcVHtpQfzc	[MsgId: MMSG-17999]
    2023-06-17 15:37:39.083 : User is logged out of session	[MsgId: MMSG-17999]
  2023-06-17 15:39:34.749 : IterationNum=44	[MsgId: MMSG-17999]
   USER 44 = user84:pwd84	[MsgId: MMSG-17999]
    2023-06-17 15:39:34.843 : Start page is opened	[MsgId: MMSG-17999]
    2023-06-17 15:39:39.245 : User is logged in with session 136654.384285136HAcQVfQpiQVzzzzHtcVHtpQfQDf	[MsgId: MMSG-17999]
    2023-06-17 15:39:43.287 : User is logged out of session	[MsgId: MMSG-17999]
  2023-06-17 15:41:40.750 : IterationNum=45	[MsgId: MMSG-17999]
   USER 45 = user84:pwd84	[MsgId: MMSG-17999]
    2023-06-17 15:41:40.845 : Start page is opened	[MsgId: MMSG-17999]
    2023-06-17 15:41:46.478 : User is logged in with session 136654.394491697HAcQVzAptVzzzzzHtcVHtpQzcf	[MsgId: MMSG-17999]
    2023-06-17 15:41:50.530 : User is logged out of session	[MsgId: MMSG-17999]
  2023-06-17 15:43:46.753 : IterationNum=46	[MsgId: MMSG-17999]
   USER 46 = user84:pwd84	[MsgId: MMSG-17999]
    2023-06-17 15:43:46.846 : Start page is opened	[MsgId: MMSG-17999]
    2023-06-17 15:43:51.750 : User is logged in with session 136654.404698258HAcQVzApQtVzzzzHtcVHtpQzfzf	[MsgId: MMSG-17999]
    2023-06-17 15:43:55.841 : User is logged out of session	[MsgId: MMSG-17999]
  2023-06-17 15:45:52.762 : IterationNum=47	[MsgId: MMSG-17999]
   USER 47 = user84:pwd84	[MsgId: MMSG-17999]
    2023-06-17 15:45:52.855 : Start page is opened	[MsgId: MMSG-17999]
    2023-06-17 15:45:57.935 : User is logged in with session 136654.41490482HAcQVzVptzzzzzzHtcVHtpQzii	[MsgId: MMSG-17999]
    2023-06-17 15:46:03.017 : User is logged out of session	[MsgId: MMSG-17999]
  2023-06-17 15:47:58.764 : IterationNum=48	[MsgId: MMSG-17999]
   USER 48 = user84:pwd84	[MsgId: MMSG-17999]
    2023-06-17 15:47:58.859 : Start page is opened	[MsgId: MMSG-17999]
    2023-06-17 15:48:05.235 : User is logged in with session 136654.425111381HAcQVzVpQQVzzzzHtcVHtpQHVQf	[MsgId: MMSG-17999]
    2023-06-17 15:48:09.613 : User is logged out of session	[MsgId: MMSG-17999]
  2023-06-17 15:50:04.779 : IterationNum=49	[MsgId: MMSG-17999]
   USER 49 = user84:pwd84	[MsgId: MMSG-17999]
    2023-06-17 15:50:04.874 : Start page is opened	[MsgId: MMSG-17999]
    2023-06-17 15:50:09.631 : User is logged in with session 136654.435317942HAcQVzcpfVzzzzzHtcVHtpQHfV	[MsgId: MMSG-17999]
    2023-06-17 15:50:15.841 : User is logged out of session	[MsgId: MMSG-17999]
  2023-06-17 15:52:10.786 : IterationNum=50	[MsgId: MMSG-17999]
   USER 50 = user84:pwd84	[MsgId: MMSG-17999]
    2023-06-17 15:52:10.880 : Start page is opened	[MsgId: MMSG-17999]
    2023-06-17 15:52:14.882 : User is logged in with session 136654.445524504HAcQVzDpAtVzzzzHtcVHtpQHicf	[MsgId: MMSG-17999]
    2023-06-17 15:52:18.787 : User is logged out of session	[MsgId: MMSG-17999]
  2023-06-17 15:54:16.793 : IterationNum=51	[MsgId: MMSG-17999]
   USER 51 = user84:pwd84	[MsgId: MMSG-17999]
    2023-06-17 15:54:16.887 : Start page is opened	[MsgId: MMSG-17999]
    2023-06-17 15:54:23.032 : User is logged in with session 136654.455731065HAcQVzDpfzzzzzzHtcVHtpQiVt	[MsgId: MMSG-17999]
    2023-06-17 15:54:27.586 : User is logged out of session	[MsgId: MMSG-17999]
  2023-06-17 15:56:22.796 : IterationNum=52	[MsgId: MMSG-17999]
   USER 52 = user84:pwd84	[MsgId: MMSG-17999]
    2023-06-17 15:56:22.889 : Start page is opened	[MsgId: MMSG-17999]
    2023-06-17 15:56:28.222 : User is logged in with session 136654.465937627HAcQVztpAQVzzzzHtcVHtpQitff	[MsgId: MMSG-17999]
    2023-06-17 15:56:34.544 : User is logged out of session	[MsgId: MMSG-17999]
  2023-06-17 15:58:28.810 : IterationNum=53	[MsgId: MMSG-17999]
   USER 53 = user84:pwd84	[MsgId: MMSG-17999]
    2023-06-17 15:58:28.905 : Start page is opened	[MsgId: MMSG-17999]
    2023-06-17 15:58:33.110 : User is logged in with session 136654.476144188HAcQVztpzVzzzzzHtcVHtpQiHH	[MsgId: MMSG-17999]
    2023-06-17 15:58:38.160 : User is logged out of session	[MsgId: MMSG-17999]
  2023-06-17 16:00:34.812 : IterationNum=54	[MsgId: MMSG-17999]
   USER 54 = user84:pwd84	[MsgId: MMSG-17999]
    2023-06-17 16:00:34.906 : Start page is opened	[MsgId: MMSG-17999]
    2023-06-17 16:00:39.257 : User is logged in with session 136654.486350749HAcQVzfpVtVzzzzHtcVHtpQQAif	[MsgId: MMSG-17999]
    2023-06-17 16:00:45.374 : User is logged out of session	[MsgId: MMSG-17999]
  2023-06-17 16:02:40.826 : IterationNum=55	[MsgId: MMSG-17999]
   USER 55 = user84:pwd84	[MsgId: MMSG-17999]
    2023-06-17 16:02:40.921 : Start page is opened	[MsgId: MMSG-17999]
    2023-06-17 16:02:47.235 : User is logged in with session 136654.496557311HAcQVzfpzzzzzzzHtcVHtpQQt	[MsgId: MMSG-17999]
    2023-06-17 16:02:51.964 : User is logged out of session	[MsgId: MMSG-17999]
  2023-06-17 16:04:46.840 : IterationNum=56	[MsgId: MMSG-17999]
   USER 56 = user84:pwd84	[MsgId: MMSG-17999]
    2023-06-17 16:04:46.935 : Start page is opened	[MsgId: MMSG-17999]
    2023-06-17 16:04:51.388 : User is logged in with session 136654.506763872HAcQVzzpVQVzzzzHtcVHtpQQHVf	[MsgId: MMSG-17999]
    2023-06-17 16:04:56.167 : User is logged out of session	[MsgId: MMSG-17999]
  2023-06-17 16:06:52.850 : IterationNum=57	[MsgId: MMSG-17999]
   USER 57 = user84:pwd84	[MsgId: MMSG-17999]
    2023-06-17 16:06:52.944 : Start page is opened	[MsgId: MMSG-17999]
    2023-06-17 16:06:56.916 : User is logged in with session 136654.516970433HAcQVzzpHVzzzzzHtcVHfpAAAD	[MsgId: MMSG-17999]
    2023-06-17 16:07:02.216 : User is logged out of session	[MsgId: MMSG-17999]
  2023-06-17 16:08:58.860 : IterationNum=58	[MsgId: MMSG-17999]
   USER 58 = user84:pwd84	[MsgId: MMSG-17999]
    2023-06-17 16:08:58.955 : Start page is opened	[MsgId: MMSG-17999]
    2023-06-17 16:09:05.046 : User is logged in with session 136654.527176995HAcQVzHpctVzzzzHtcVHfpAADtf	[MsgId: MMSG-17999]
    2023-06-17 16:09:10.076 : User is logged out of session	[MsgId: MMSG-17999]
  2023-06-17 16:11:04.861 : IterationNum=59	[MsgId: MMSG-17999]
   USER 59 = user84:pwd84	[MsgId: MMSG-17999]
    2023-06-17 16:11:04.955 : Start page is opened	[MsgId: MMSG-17999]
    2023-06-17 16:11:10.551 : User is logged in with session 136654.537383556HAcQVzHpHzzzzzzHtcVHfpAAzz	[MsgId: MMSG-17999]
    2023-06-17 16:11:15.449 : User is logged out of session	[MsgId: MMSG-17999]
  2023-06-17 16:13:10.875 : IterationNum=60	[MsgId: MMSG-17999]
   USER 60 = user84:pwd84	[MsgId: MMSG-17999]
    2023-06-17 16:13:10.969 : Start page is opened	[MsgId: MMSG-17999]
    2023-06-17 16:13:14.936 : User is logged in with session 136654.547590117HAcQVzipcQVzzzzHtcVHfpAAQHf	[MsgId: MMSG-17999]
    2023-06-17 16:13:19.392 : User is logged out of session	[MsgId: MMSG-17999]
  2023-06-17 16:15:16.885 : IterationNum=61	[MsgId: MMSG-17999]
   USER 61 = user84:pwd84	[MsgId: MMSG-17999]
    2023-06-17 16:15:16.978 : Start page is opened	[MsgId: MMSG-17999]
    2023-06-17 16:15:22.698 : User is logged in with session 136654.557796679HAcQVzipiVzzzzzHtcVHfpAVcQ	[MsgId: MMSG-17999]
    2023-06-17 16:15:26.992 : User is logged out of session	[MsgId: MMSG-17999]
  2023-06-17 16:17:22.889 : IterationNum=62	[MsgId: MMSG-17999]
   USER 62 = user84:pwd84	[MsgId: MMSG-17999]
    2023-06-17 16:17:22.984 : Start page is opened	[MsgId: MMSG-17999]
    2023-06-17 16:17:28.607 : User is logged in with session 136654.56800324HAcQVzQpDtVzzzzHtcVHfpAVzAf	[MsgId: MMSG-17999]
    2023-06-17 16:17:33.341 : User is logged out of session	[MsgId: MMSG-17999]
  2023-06-17 16:19:28.894 : IterationNum=63	[MsgId: MMSG-17999]
   USER 63 = user84:pwd84	[MsgId: MMSG-17999]
    2023-06-17 16:19:28.988 : Start page is opened	[MsgId: MMSG-17999]
    2023-06-17 16:19:33.496 : User is logged in with session 136654.578209802HAcQVzQpizzzzzzHtcVHfpAVQc	[MsgId: MMSG-17999]
    2023-06-17 16:19:39.242 : User is logged out of session	[MsgId: MMSG-17999]
  2023-06-17 16:21:34.906 : IterationNum=64	[MsgId: MMSG-17999]
   USER 64 = user84:pwd84	[MsgId: MMSG-17999]
    2023-06-17 16:21:34.998 : Start page is opened	[MsgId: MMSG-17999]
    2023-06-17 16:21:40.161 : User is logged in with session 136654.588416363HAcQVHApDQVzzzzHtcVHfpAccDf	[MsgId: MMSG-17999]
    2023-06-17 16:21:45.781 : User is logged out of session	[MsgId: MMSG-17999]
  2023-06-17 16:23:40.910 : IterationNum=65	[MsgId: MMSG-17999]
   USER 65 = user84:pwd84	[MsgId: MMSG-17999]
    2023-06-17 16:23:41.005 : Start page is opened	[MsgId: MMSG-17999]
    2023-06-17 16:23:47.185 : User is logged in with session 136654.598622924HAcQVHApQVzzzzzHtcVHfpAcff	[MsgId: MMSG-17999]
    2023-06-17 16:23:51.379 : User is logged out of session	[MsgId: MMSG-17999]
  2023-06-17 16:25:46.919 : IterationNum=66	[MsgId: MMSG-17999]
   USER 66 = user84:pwd84	[MsgId: MMSG-17999]
    2023-06-17 16:25:47.013 : Start page is opened	[MsgId: MMSG-17999]
    2023-06-17 16:25:52.929 : User is logged in with session 136654.608829486HAcQVHVpttVzzzzHtcVHfpAcizf	[MsgId: MMSG-17999]
    2023-06-17 16:25:57.995 : User is logged out of session	[MsgId: MMSG-17999]
  2023-06-17 16:27:52.930 : IterationNum=67	[MsgId: MMSG-17999]
   USER 67 = user84:pwd84	[MsgId: MMSG-17999]
    2023-06-17 16:27:53.024 : Start page is opened	[MsgId: MMSG-17999]
    2023-06-17 16:27:57.535 : User is logged in with session 136654.619036047HAcQVHVpQzzzzzzHtcVHfpADVi	[MsgId: MMSG-17999]
    2023-06-17 16:28:02.280 : User is logged out of session	[MsgId: MMSG-17999]
  2023-06-17 16:29:58.934 : IterationNum=68	[MsgId: MMSG-17999]
   USER 68 = user84:pwd84	[MsgId: MMSG-17999]
    2023-06-17 16:29:59.028 : Start page is opened	[MsgId: MMSG-17999]
    2023-06-17 16:30:03.198 : User is logged in with session 136654.629242608HAcQVHcptQVzzzzHtcVHfpADtQf	[MsgId: MMSG-17999]
    2023-06-17 16:30:07.372 : User is logged out of session	[MsgId: MMSG-17999]
  2023-06-17 16:32:04.946 : IterationNum=69	[MsgId: MMSG-17999]
   USER 69 = user84:pwd84	[MsgId: MMSG-17999]
    2023-06-17 16:32:05.042 : Start page is opened	[MsgId: MMSG-17999]
    2023-06-17 16:32:09.397 : User is logged in with session 136654.63944917HAcQVHDpAVzzzzzHtcVHfpADiV	[MsgId: MMSG-17999]
    2023-06-17 16:32:14.853 : User is logged out of session	[MsgId: MMSG-17999]
  2023-06-17 16:34:10.961 : IterationNum=70	[MsgId: MMSG-17999]
   USER 70 = user84:pwd84	[MsgId: MMSG-17999]
    2023-06-17 16:34:11.056 : Start page is opened	[MsgId: MMSG-17999]
    2023-06-17 16:34:16.180 : User is logged in with session 136654.649655731HAcQVHDpftVzzzzHtcVHfpAtVcf	[MsgId: MMSG-17999]
    2023-06-17 16:34:20.797 : User is logged out of session	[MsgId: MMSG-17999]
  2023-06-17 16:36:16.971 : IterationNum=71	[MsgId: MMSG-17999]
   USER 71 = user84:pwd84	[MsgId: MMSG-17999]
    2023-06-17 16:36:17.066 : Start page is opened	[MsgId: MMSG-17999]
    2023-06-17 16:36:23.438 : User is logged in with session 136654.659943297HAcQVHtpAHAiDDDDtcVHfpAtttcf	[MsgId: MMSG-17999]
    2023-06-17 16:36:27.506 : User is logged out of session	[MsgId: MMSG-17999]
  2023-06-17 16:38:22.985 : IterationNum=72	[MsgId: MMSG-17999]
   USER 72 = user84:pwd84	[MsgId: MMSG-17999]
    2023-06-17 16:38:23.079 : Start page is opened	[MsgId: MMSG-17999]
    2023-06-17 16:38:27.291 : User is logged in with session 136654.670149858HAcQVHtpfQfiDDDDtcVHfpAtHfHf	[MsgId: MMSG-17999]
    2023-06-17 16:38:33.031 : User is logged out of session	[MsgId: MMSG-17999]
  2023-06-17 16:40:28.996 : IterationNum=73	[MsgId: MMSG-17999]
   USER 73 = user84:pwd84	[MsgId: MMSG-17999]
    2023-06-17 16:40:29.091 : Start page is opened	[MsgId: MMSG-17999]
    2023-06-17 16:40:34.030 : User is logged in with session 136654.68035642HAcQVHfpVcAiDDDDtcVHfpAfAHcf	[MsgId: MMSG-17999]
    2023-06-17 16:40:39.152 : User is logged out of session	[MsgId: MMSG-17999]
  2023-06-17 16:42:35.000 : IterationNum=74	[MsgId: MMSG-17999]
   USER 74 = user84:pwd84	[MsgId: MMSG-17999]
    2023-06-17 16:42:35.092 : Start page is opened	[MsgId: MMSG-17999]
    2023-06-17 16:42:39.308 : User is logged in with session 136654.690562981HAcQVHfpztfiDDDDtcVHfpAfDiHf	[MsgId: MMSG-17999]
    2023-06-17 16:42:44.870 : User is logged out of session	[MsgId: MMSG-17999]
  2023-06-17 16:44:41.004 : IterationNum=75	[MsgId: MMSG-17999]
   USER 75 = user84:pwd84	[MsgId: MMSG-17999]
    2023-06-17 16:44:41.099 : Start page is opened	[MsgId: MMSG-17999]
    2023-06-17 16:44:45.317 : User is logged in with session 136654.700769542HAcQVHzpVHAiDDDDtcVHfpAfHAcf	[MsgId: MMSG-17999]
    2023-06-17 16:44:51.180 : User is logged out of session	[MsgId: MMSG-17999]
  2023-06-17 16:46:47.017 : IterationNum=76	[MsgId: MMSG-17999]
   USER 76 = user84:pwd84	[MsgId: MMSG-17999]
    2023-06-17 16:46:47.110 : Start page is opened	[MsgId: MMSG-17999]
    2023-06-17 16:46:52.383 : User is logged in with session 136654.710976104HAcQVHzpzQfiDDDDtcVHfpAzAVHf	[MsgId: MMSG-17999]
    2023-06-17 16:46:57.259 : User is logged out of session	[MsgId: MMSG-17999]
  2023-06-17 16:48:53.029 : IterationNum=77	[MsgId: MMSG-17999]
   USER 77 = user84:pwd84	[MsgId: MMSG-17999]
    2023-06-17 16:48:53.123 : Start page is opened	[MsgId: MMSG-17999]
    2023-06-17 16:48:59.292 : User is logged in with session 136654.721182665HAcQVHHpccAiDDDDtcVHfpAzDDcf	[MsgId: MMSG-17999]
    2023-06-17 16:49:05.231 : User is logged out of session	[MsgId: MMSG-17999]
  2023-06-17 16:50:59.031 : IterationNum=78	[MsgId: MMSG-17999]
   USER 78 = user84:pwd84	[MsgId: MMSG-17999]
    2023-06-17 16:50:59.125 : Start page is opened	[MsgId: MMSG-17999]
    2023-06-17 16:51:04.146 : User is logged in with session 136654.731389226HAcQVHHpHtfiDDDDtcVHfpAzztHf	[MsgId: MMSG-17999]
    2023-06-17 16:51:09.465 : User is logged out of session	[MsgId: MMSG-17999]
  2023-06-17 16:53:05.043 : IterationNum=79	[MsgId: MMSG-17999]
   USER 79 = user84:pwd84	[MsgId: MMSG-17999]
    2023-06-17 16:53:05.138 : Start page is opened	[MsgId: MMSG-17999]
    2023-06-17 16:53:11.165 : User is logged in with session 136654.741595788HAcQVHipcHAiDDDDtcVHfpAzQzcf	[MsgId: MMSG-17999]
    2023-06-17 16:53:17.334 : User is logged out of session	[MsgId: MMSG-17999]
  2023-06-17 16:55:11.046 : IterationNum=80	[MsgId: MMSG-17999]
   USER 80 = user84:pwd84	[MsgId: MMSG-17999]
    2023-06-17 16:55:11.140 : Start page is opened	[MsgId: MMSG-17999]
    2023-06-17 16:55:15.186 : User is logged in with session 136654.751802349HAcQVHipHQfiDDDDtcVHfpAHcHHf	[MsgId: MMSG-17999]
    2023-06-17 16:55:20.272 : User is logged out of session	[MsgId: MMSG-17999]
  2023-06-17 16:57:17.051 : IterationNum=81	[MsgId: MMSG-17999]
   USER 81 = user84:pwd84	[MsgId: MMSG-17999]
    2023-06-17 16:57:17.146 : Start page is opened	[MsgId: MMSG-17999]
    2023-06-17 16:57:21.860 : User is logged in with session 136654.762008911HAcQVHQpDcAiDDDDtcVHfpAHfQcf	[MsgId: MMSG-17999]
    2023-06-17 16:57:26.864 : User is logged out of session	[MsgId: MMSG-17999]
  2023-06-17 16:59:23.065 : IterationNum=82	[MsgId: MMSG-17999]
   USER 82 = user84:pwd84	[MsgId: MMSG-17999]
    2023-06-17 16:59:23.160 : Start page is opened	[MsgId: MMSG-17999]
    2023-06-17 16:59:28.985 : User is logged in with session 136654.772215472HAcQVHQpitfiDDDDtcVHfpAHQAHf	[MsgId: MMSG-17999]
    2023-06-17 16:59:34.930 : User is logged out of session	[MsgId: MMSG-17999]
  2023-06-17 17:01:29.077 : IterationNum=83	[MsgId: MMSG-17999]
   USER 83 = user84:pwd84	[MsgId: MMSG-17999]
    2023-06-17 17:01:29.172 : Start page is opened	[MsgId: MMSG-17999]
    2023-06-17 17:01:33.545 : User is logged in with session 136654.782422033HAcQViApDHAiDDDDtcVHfpAicccf	[MsgId: MMSG-17999]
    2023-06-17 17:01:38.080 : User is logged out of session	[MsgId: MMSG-17999]
  2023-06-17 17:03:35.091 : IterationNum=84	[MsgId: MMSG-17999]
   USER 84 = user84:pwd84	[MsgId: MMSG-17999]
    2023-06-17 17:03:35.184 : Start page is opened	[MsgId: MMSG-17999]
    2023-06-17 17:03:40.163 : User is logged in with session 136654.792628595HAcQViApiQfiDDDDtcVHfpAifDHf	[MsgId: MMSG-17999]
    2023-06-17 17:03:44.183 : User is logged out of session	[MsgId: MMSG-17999]
  2023-06-17 17:05:41.091 : IterationNum=85	[MsgId: MMSG-17999]
   USER 85 = user84:pwd84	[MsgId: MMSG-17999]
    2023-06-17 17:05:41.184 : Start page is opened	[MsgId: MMSG-17999]
    2023-06-17 17:05:45.611 : User is logged in with session 136654.802835156HAcQViVptcAiDDDDtcVHfpAiifcf	[MsgId: MMSG-17999]
    2023-06-17 17:05:51.817 : User is logged out of session	[MsgId: MMSG-17999]
  2023-06-17 17:07:47.097 : IterationNum=86	[MsgId: MMSG-17999]
   USER 86 = user84:pwd84	[MsgId: MMSG-17999]
    2023-06-17 17:07:47.190 : Start page is opened	[MsgId: MMSG-17999]
    2023-06-17 17:07:53.494 : User is logged in with session 136654.813041717HAcQViVpQtfiDDDDtcVHfpAQVzHf	[MsgId: MMSG-17999]
    2023-06-17 17:07:58.738 : User is logged out of session	[MsgId: MMSG-17999]
  2023-06-17 17:09:53.108 : IterationNum=87	[MsgId: MMSG-17999]
   USER 87 = user84:pwd84	[MsgId: MMSG-17999]
    2023-06-17 17:09:53.200 : Start page is opened	[MsgId: MMSG-17999]
    2023-06-17 17:09:58.093 : User is logged in with session 136654.823248279HAcQVicptHAiDDDDtcVHfpAQticf	[MsgId: MMSG-17999]
    2023-06-17 17:10:02.719 : User is logged out of session	[MsgId: MMSG-17999]
  2023-06-17 17:11:59.109 : IterationNum=88	[MsgId: MMSG-17999]
   USER 88 = user84:pwd84	[MsgId: MMSG-17999]
    2023-06-17 17:11:59.204 : Start page is opened	[MsgId: MMSG-17999]
    2023-06-17 17:12:05.503 : User is logged in with session 136654.83345484HAcQVicpQQfiDDDDtcVHfpAQHQHf	[MsgId: MMSG-17999]
    2023-06-17 17:12:10.231 : User is logged out of session	[MsgId: MMSG-17999]
  2023-06-17 17:14:05.110 : IterationNum=89	[MsgId: MMSG-17999]
   USER 89 = user84:pwd84	[MsgId: MMSG-17999]
    2023-06-17 17:14:05.204 : Start page is opened	[MsgId: MMSG-17999]
    2023-06-17 17:14:10.162 : User is logged in with session 136654.843661401HAcQViDpfcAiDDDDtcVHfpVAVVcf	[MsgId: MMSG-17999]
    2023-06-17 17:14:14.385 : User is logged out of session	[MsgId: MMSG-17999]
  2023-06-17 17:16:11.119 : IterationNum=90	[MsgId: MMSG-17999]
   USER 90 = user84:pwd84	[MsgId: MMSG-17999]
    2023-06-17 17:16:11.214 : Start page is opened	[MsgId: MMSG-17999]
    2023-06-17 17:16:16.248 : User is logged in with session 136654.853867963HAcQVitpAtfiDDDDtcVHfpVAtcHf	[MsgId: MMSG-17999]
    2023-06-17 17:16:21.890 : User is logged out of session	[MsgId: MMSG-17999]
  2023-06-17 17:18:17.128 : IterationNum=91	[MsgId: MMSG-17999]
   USER 91 = user84:pwd84	[MsgId: MMSG-17999]
    2023-06-17 17:18:17.222 : Start page is opened	[MsgId: MMSG-17999]
    2023-06-17 17:18:21.712 : User is logged in with session 136654.864074524HAcQVitpfHAiDDDDtcVHfpVAHtcf	[MsgId: MMSG-17999]
    2023-06-17 17:18:26.412 : User is logged out of session	[MsgId: MMSG-17999]
  2023-06-17 17:20:23.136 : IterationNum=92	[MsgId: MMSG-17999]
   USER 92 = user84:pwd84	[MsgId: MMSG-17999]
    2023-06-17 17:20:23.231 : Start page is opened	[MsgId: MMSG-17999]
    2023-06-17 17:20:28.726 : User is logged in with session 136654.874281085HAcQVifpAQfiDDDDtcVHfpVVAfHf	[MsgId: MMSG-17999]
    2023-06-17 17:20:33.012 : User is logged out of session	[MsgId: MMSG-17999]
  2023-06-17 17:22:29.150 : IterationNum=93	[MsgId: MMSG-17999]
   USER 93 = user84:pwd84	[MsgId: MMSG-17999]
    2023-06-17 17:22:29.244 : Start page is opened	[MsgId: MMSG-17999]
    2023-06-17 17:22:33.481 : User is logged in with session 136654.884487647HAcQVifpzcAiDDDDtcVHfpVVDHcf	[MsgId: MMSG-17999]
    2023-06-17 17:22:38.274 : User is logged out of session	[MsgId: MMSG-17999]
  2023-06-17 17:24:35.158 : IterationNum=94	[MsgId: MMSG-17999]
   USER 94 = user84:pwd84	[MsgId: MMSG-17999]
    2023-06-17 17:24:35.253 : Start page is opened	[MsgId: MMSG-17999]
    2023-06-17 17:24:41.574 : User is logged in with session 136654.894694208HAcQVizpVtfiDDDDtcVHfpVVziHf	[MsgId: MMSG-17999]
    2023-06-17 17:24:45.786 : User is logged out of session	[MsgId: MMSG-17999]
  2023-06-17 17:26:41.165 : IterationNum=95	[MsgId: MMSG-17999]
   USER 95 = user84:pwd84	[MsgId: MMSG-17999]
    2023-06-17 17:26:41.259 : Start page is opened	[MsgId: MMSG-17999]
    2023-06-17 17:26:46.831 : User is logged in with session 136654.90490077HAcQVizpzHAiDDDDtcVHfpVcAAcf	[MsgId: MMSG-17999]
    2023-06-17 17:26:52.199 : User is logged out of session	[MsgId: MMSG-17999]
  2023-06-17 17:28:47.180 : IterationNum=96	[MsgId: MMSG-17999]
   USER 96 = user84:pwd84	[MsgId: MMSG-17999]
    2023-06-17 17:28:47.274 : Start page is opened	[MsgId: MMSG-17999]
    2023-06-17 17:28:52.548 : User is logged in with session 136654.915107331HAcQViHpVQfiDDDDtcVHfpVcDVHf	[MsgId: MMSG-17999]
    2023-06-17 17:28:58.189 : User is logged out of session	[MsgId: MMSG-17999]
  2023-06-17 17:30:53.184 : IterationNum=97	[MsgId: MMSG-17999]
   USER 97 = user84:pwd84	[MsgId: MMSG-17999]
    2023-06-17 17:30:53.277 : Start page is opened	[MsgId: MMSG-17999]
    2023-06-17 17:30:57.498 : User is logged in with session 136654.925313892HAcQViHpHcAiDDDDtcVHfpVczDcf	[MsgId: MMSG-17999]
    2023-06-17 17:31:02.722 : User is logged out of session	[MsgId: MMSG-17999]
  2023-06-17 17:32:59.186 : IterationNum=98	[MsgId: MMSG-17999]
   USER 98 = user84:pwd84	[MsgId: MMSG-17999]
    2023-06-17 17:32:59.281 : Start page is opened	[MsgId: MMSG-17999]
    2023-06-17 17:33:04.104 : User is logged in with session 136654.935520454HAcQViipctfiDDDDtcVHfpVcQtHf	[MsgId: MMSG-17999]
    2023-06-17 17:33:09.446 : User is logged out of session	[MsgId: MMSG-17999]
  2023-06-17 17:35:05.191 : IterationNum=99	[MsgId: MMSG-17999]
   USER 99 = user84:pwd84	[MsgId: MMSG-17999]
    2023-06-17 17:35:05.285 : Start page is opened	[MsgId: MMSG-17999]
    2023-06-17 17:35:10.961 : User is logged in with session 136654.945727015HAcQViipHHAiDDDDtcVHfpVDczcf	[MsgId: MMSG-17999]
    2023-06-17 17:35:17.185 : User is logged out of session	[MsgId: MMSG-17999]
  2023-06-17 17:37:11.204 : IterationNum=100	[MsgId: MMSG-17999]
   USER 100 = user84:pwd84	[MsgId: MMSG-17999]
    2023-06-17 17:37:11.299 : Start page is opened	[MsgId: MMSG-17999]
    2023-06-17 17:37:15.644 : User is logged in with session 136654.955933576HAcQViQpcQfiDDDDtcVHfpVDfHHf	[MsgId: MMSG-17999]
    2023-06-17 17:37:20.685 : User is logged out of session	[MsgId: MMSG-17999]
  2023-06-17 17:39:17.217 : IterationNum=101	[MsgId: MMSG-17999]
   USER 101 = user84:pwd84	[MsgId: MMSG-17999]
    2023-06-17 17:39:17.310 : Start page is opened	[MsgId: MMSG-17999]
    2023-06-17 17:39:21.980 : User is logged in with session 136654.966140138HAcQViQpicAiDDDDtcVHfpVDiQcf	[MsgId: MMSG-17999]
    2023-06-17 17:39:26.297 : User is logged out of session	[MsgId: MMSG-17999]
  2023-06-17 17:41:23.232 : IterationNum=102	[MsgId: MMSG-17999]
   USER 102 = user84:pwd84	[MsgId: MMSG-17999]
    2023-06-17 17:41:23.326 : Start page is opened	[MsgId: MMSG-17999]
    2023-06-17 17:41:28.762 : User is logged in with session 136654.976346699HAcQVQApDtfiDDDDtcVHfpVtcAHf	[MsgId: MMSG-17999]
    2023-06-17 17:41:34.166 : User is logged out of session	[MsgId: MMSG-17999]
  2023-06-17 17:43:29.243 : IterationNum=103	[MsgId: MMSG-17999]
   USER 103 = user84:pwd84	[MsgId: MMSG-17999]
    2023-06-17 17:43:29.337 : Start page is opened	[MsgId: MMSG-17999]
    2023-06-17 17:43:33.721 : User is logged in with session 136654.98655326HAcQVQApiHAiDDDDtcVHfpVtfccf	[MsgId: MMSG-17999]
    2023-06-17 17:43:38.890 : User is logged out of session	[MsgId: MMSG-17999]
  2023-06-17 17:45:35.256 : IterationNum=104	[MsgId: MMSG-17999]
   USER 104 = user84:pwd84	[MsgId: MMSG-17999]
    2023-06-17 17:45:35.350 : Start page is opened	[MsgId: MMSG-17999]
    2023-06-17 17:45:41.334 : User is logged in with session 136654.996759822HAcQVQVpDQfiDDDDtcVHfpVtiDHf	[MsgId: MMSG-17999]
    2023-06-17 17:45:46.490 : User is logged out of session	[MsgId: MMSG-17999]
  2023-06-17 17:47:41.260 : IterationNum=105	[MsgId: MMSG-17999]
   USER 105 = user84:pwd84	[MsgId: MMSG-17999]
    2023-06-17 17:47:41.355 : Start page is opened	[MsgId: MMSG-17999]
    2023-06-17 17:47:47.321 : User is logged in with session 136655.006966383HAcQVQVpQcAiDDDDtcVHfpVfVfcf	[MsgId: MMSG-17999]
    2023-06-17 17:47:53.156 : User is logged out of session	[MsgId: MMSG-17999]
  2023-06-17 17:49:47.262 : IterationNum=106	[MsgId: MMSG-17999]
   USER 106 = user84:pwd84	[MsgId: MMSG-17999]
    2023-06-17 17:49:47.356 : Start page is opened	[MsgId: MMSG-17999]
    2023-06-17 17:49:53.220 : User is logged in with session 136655.017172945HAcQVQcpttfiDDDDtcVHfpVftzHf	[MsgId: MMSG-17999]
    2023-06-17 17:49:59.420 : User is logged out of session	[MsgId: MMSG-17999]
  2023-06-17 17:51:53.277 : IterationNum=107	[MsgId: MMSG-17999]
   USER 107 = user84:pwd84	[MsgId: MMSG-17999]
    2023-06-17 17:51:53.372 : Start page is opened	[MsgId: MMSG-17999]
    2023-06-17 17:51:58.525 : User is logged in with session 136655.027379506HAcQVQcpQHAiDDDDtcVHfpVfHicf	[MsgId: MMSG-17999]
    2023-06-17 17:52:03.901 : User is logged out of session	[MsgId: MMSG-17999]
  2023-06-17 17:53:59.286 : IterationNum=108	[MsgId: MMSG-17999]
   USER 108 = user84:pwd84	[MsgId: MMSG-17999]
    2023-06-17 17:53:59.379 : Start page is opened	[MsgId: MMSG-17999]
    2023-06-17 17:54:04.709 : User is logged in with session 136655.037586067HAcQVQDptQfiDDDDtcVHfpVzAQHf	[MsgId: MMSG-17999]
    2023-06-17 17:54:08.638 : User is logged out of session	[MsgId: MMSG-17999]
  2023-06-17 17:56:05.295 : IterationNum=109	[MsgId: MMSG-17999]
   USER 109 = user84:pwd84	[MsgId: MMSG-17999]
    2023-06-17 17:56:05.387 : Start page is opened	[MsgId: MMSG-17999]
    2023-06-17 17:56:11.158 : User is logged in with session 136655.047792629HAcQVQtpAcAiDDDDtcVHfpVztVcf	[MsgId: MMSG-17999]
    2023-06-17 17:56:17.203 : User is logged out of session	[MsgId: MMSG-17999]
  2023-06-17 17:58:11.304 : IterationNum=110	[MsgId: MMSG-17999]
   USER 110 = user84:pwd84	[MsgId: MMSG-17999]
    2023-06-17 17:58:11.398 : Start page is opened	[MsgId: MMSG-17999]
    2023-06-17 17:58:17.231 : User is logged in with session 136655.05799919HAcQVQtpftfiDDDDtcVHfpVzHcHf	[MsgId: MMSG-17999]
    2023-06-17 17:58:22.139 : User is logged out of session	[MsgId: MMSG-17999]
  2023-06-17 18:00:17.320 : IterationNum=111	[MsgId: MMSG-17999]
   USER 111 = user84:pwd84	[MsgId: MMSG-17999]
    2023-06-17 18:00:17.412 : Start page is opened	[MsgId: MMSG-17999]
    2023-06-17 18:00:22.935 : User is logged in with session 136655.068205751HAcQVQfpAHAiDDDDtcVHfpVHAtcf	[MsgId: MMSG-17999]
    2023-06-17 18:00:28.108 : User is logged out of session	[MsgId: MMSG-17999]
  2023-06-17 18:02:23.332 : IterationNum=112	[MsgId: MMSG-17999]
   USER 112 = user84:pwd84	[MsgId: MMSG-17999]
    2023-06-17 18:02:23.427 : Start page is opened	[MsgId: MMSG-17999]
    2023-06-17 18:02:28.375 : User is logged in with session 136655.078412313HAcQVQfpfQfiDDDDtcVHfpVHDfHf	[MsgId: MMSG-17999]
    2023-06-17 18:02:32.521 : User is logged out of session	[MsgId: MMSG-17999]
  2023-06-17 18:04:29.347 : IterationNum=113	[MsgId: MMSG-17999]
   USER 113 = user84:pwd84	[MsgId: MMSG-17999]
    2023-06-17 18:04:29.440 : Start page is opened	[MsgId: MMSG-17999]
    2023-06-17 18:04:33.668 : User is logged in with session 136655.088618874HAcQVQzpVcAiDDDDtcVHfpVHzHcf	[MsgId: MMSG-17999]
    2023-06-17 18:04:39.158 : User is logged out of session	[MsgId: MMSG-17999]
  2023-06-17 18:06:35.355 : IterationNum=114	[MsgId: MMSG-17999]
   USER 114 = user84:pwd84	[MsgId: MMSG-17999]
    2023-06-17 18:06:35.449 : Start page is opened	[MsgId: MMSG-17999]
    2023-06-17 18:06:39.543 : User is logged in with session 136655.098825435HAcQVQzpztfiDDDDtcVHfpVHQiHf	[MsgId: MMSG-17999]
    2023-06-17 18:06:43.879 : User is logged out of session	[MsgId: MMSG-17999]
  2023-06-17 18:08:41.365 : IterationNum=115	[MsgId: MMSG-17999]
   USER 115 = user84:pwd84	[MsgId: MMSG-17999]
    2023-06-17 18:08:41.460 : Start page is opened	[MsgId: MMSG-17999]
    2023-06-17 18:08:45.743 : User is logged in with session 136655.109031997HAcQVQHpVHAiDDDDtcVHfpViDAcf	[MsgId: MMSG-17999]
    2023-06-17 18:08:51.181 : User is logged out of session	[MsgId: MMSG-17999]
  2023-06-17 18:10:47.373 : IterationNum=116	[MsgId: MMSG-17999]
   USER 116 = user84:pwd84	[MsgId: MMSG-17999]
    2023-06-17 18:10:47.468 : Start page is opened	[MsgId: MMSG-17999]
    2023-06-17 18:10:53.465 : User is logged in with session 136655.119238558HAcQVQHpzQfiDDDDtcVHfpVizVHf	[MsgId: MMSG-17999]
    2023-06-17 18:10:58.800 : User is logged out of session	[MsgId: MMSG-17999]
  2023-06-17 18:12:53.386 : IterationNum=117	[MsgId: MMSG-17999]
   USER 117 = user84:pwd84	[MsgId: MMSG-17999]
    2023-06-17 18:12:53.480 : Start page is opened	[MsgId: MMSG-17999]
    2023-06-17 18:12:57.500 : User is logged in with session 136655.129445119HAcQVQipccAiDDDDtcVHfpViQDcf	[MsgId: MMSG-17999]
    2023-06-17 18:13:03.676 : User is logged out of session	[MsgId: MMSG-17999]
  2023-06-17 18:14:59.387 : IterationNum=118	[MsgId: MMSG-17999]
   USER 118 = user84:pwd84	[MsgId: MMSG-17999]
    2023-06-17 18:14:59.481 : Start page is opened	[MsgId: MMSG-17999]
    2023-06-17 18:15:04.507 : User is logged in with session 136655.139651681HAcQVQipHtfiDDDDtcVHfpVQctHf	[MsgId: MMSG-17999]
    2023-06-17 18:15:08.545 : User is logged out of session	[MsgId: MMSG-17999]
  2023-06-17 18:17:05.391 : IterationNum=119	[MsgId: MMSG-17999]
   USER 119 = user84:pwd84	[MsgId: MMSG-17999]
    2023-06-17 18:17:05.486 : Start page is opened	[MsgId: MMSG-17999]
    2023-06-17 18:17:11.343 : User is logged in with session 136655.149858242HAcQVQQpcHAiDDDDtcVHfpVQfzcf	[MsgId: MMSG-17999]
    2023-06-17 18:17:16.658 : User is logged out of session	[MsgId: MMSG-17999]
  2023-06-17 18:19:11.405 : IterationNum=120	[MsgId: MMSG-17999]
   USER 120 = user84:pwd84	[MsgId: MMSG-17999]
    2023-06-17 18:19:11.499 : Start page is opened	[MsgId: MMSG-17999]
    2023-06-17 18:19:15.418 : User is logged in with session 136655.160064804HAcQVQQpHQfiDDDDtcVHfpVQiHHf	[MsgId: MMSG-17999]
    2023-06-17 18:19:21.337 : User is logged out of session	[MsgId: MMSG-17999]
  2023-06-17 18:21:17.407 : IterationNum=121	[MsgId: MMSG-17999]
   USER 121 = user84:pwd84	[MsgId: MMSG-17999]
    2023-06-17 18:21:17.502 : Start page is opened	[MsgId: MMSG-17999]
    2023-06-17 18:21:23.219 : User is logged in with session 136655.170271365HAcQcAApDcAiDDDDtcVHfpcAVQcf	[MsgId: MMSG-17999]
    2023-06-17 18:21:27.767 : User is logged out of session	[MsgId: MMSG-17999]
  2023-06-17 18:23:23.420 : IterationNum=122	[MsgId: MMSG-17999]
   USER 122 = user84:pwd84	[MsgId: MMSG-17999]
    2023-06-17 18:23:23.515 : Start page is opened	[MsgId: MMSG-17999]
    2023-06-17 18:23:27.788 : User is logged in with session 136655.180477926HAcQcAApitfiDDDDtcVHfpcAfAHf	[MsgId: MMSG-17999]
    2023-06-17 18:23:33.465 : User is logged out of session	[MsgId: MMSG-17999]
  2023-06-17 18:25:29.432 : IterationNum=123	[MsgId: MMSG-17999]
   USER 123 = user84:pwd84	[MsgId: MMSG-17999]
    2023-06-17 18:25:29.525 : Start page is opened	[MsgId: MMSG-17999]
    2023-06-17 18:25:33.669 : User is logged in with session 136655.190684488HAcQcAVpDHAiDDDDtcVHfpcAiccf	[MsgId: MMSG-17999]
    2023-06-17 18:25:38.252 : User is logged out of session	[MsgId: MMSG-17999]
  2023-06-17 18:27:35.439 : IterationNum=124	[MsgId: MMSG-17999]
   USER 124 = user84:pwd84	[MsgId: MMSG-17999]
    2023-06-17 18:27:35.533 : Start page is opened	[MsgId: MMSG-17999]
    2023-06-17 18:27:40.452 : User is logged in with session 136655.200891049HAcQcAVpiQfiDDDDtcVHfpcVVDHf	[MsgId: MMSG-17999]
    2023-06-17 18:27:46.499 : User is logged out of session	[MsgId: MMSG-17999]
  2023-06-17 18:29:41.451 : IterationNum=125	[MsgId: MMSG-17999]
   USER 125 = user84:pwd84	[MsgId: MMSG-17999]
    2023-06-17 18:29:41.546 : Start page is opened	[MsgId: MMSG-17999]
    2023-06-17 18:29:47.703 : User is logged in with session 136655.21109761HAcQcAcptcAiDDDDtcVHfpcVtfcf	[MsgId: MMSG-17999]
    2023-06-17 18:29:53.587 : User is logged out of session	[MsgId: MMSG-17999]
  2023-06-17 18:31:47.452 : IterationNum=126	[MsgId: MMSG-17999]
   USER 126 = user84:pwd84	[MsgId: MMSG-17999]
    2023-06-17 18:31:47.546 : Start page is opened	[MsgId: MMSG-17999]
    2023-06-17 18:31:53.373 : User is logged in with session 136655.221304172HAcQcAcpQtfiDDDDtcVHfpcVHzHf	[MsgId: MMSG-17999]
    2023-06-17 18:31:57.383 : User is logged out of session	[MsgId: MMSG-17999]
  2023-06-17 18:33:53.454 : IterationNum=127	[MsgId: MMSG-17999]
   USER 127 = user84:pwd84	[MsgId: MMSG-17999]
    2023-06-17 18:33:53.550 : Start page is opened	[MsgId: MMSG-17999]
    2023-06-17 18:33:58.841 : User is logged in with session 136655.231510733HAcQcADptHAiDDDDtcVHfpccAicf	[MsgId: MMSG-17999]
    2023-06-17 18:34:03.602 : User is logged out of session	[MsgId: MMSG-17999]
  2023-06-17 18:35:59.461 : IterationNum=128	[MsgId: MMSG-17999]
   USER 128 = user84:pwd84	[MsgId: MMSG-17999]
    2023-06-17 18:35:59.552 : Start page is opened	[MsgId: MMSG-17999]
    2023-06-17 18:36:05.340 : User is logged in with session 136655.241717294HAcQcADpQQfiDDDDtcVHfpccDQHf	[MsgId: MMSG-17999]
    2023-06-17 18:36:09.264 : User is logged out of session	[MsgId: MMSG-17999]
  2023-06-17 18:38:05.464 : IterationNum=129	[MsgId: MMSG-17999]
   USER 129 = user84:pwd84	[MsgId: MMSG-17999]
    2023-06-17 18:38:05.557 : Start page is opened	[MsgId: MMSG-17999]
    2023-06-17 18:38:10.833 : User is logged in with session 136655.251923856HAcQcAtpfcAiDDDDtcVHfpccHVcf	[MsgId: MMSG-17999]
    2023-06-17 18:38:15.757 : User is logged out of session	[MsgId: MMSG-17999]
  2023-06-17 18:40:11.473 : IterationNum=130	[MsgId: MMSG-17999]
   USER 130 = user84:pwd84	[MsgId: MMSG-17999]
    2023-06-17 18:40:11.567 : Start page is opened	[MsgId: MMSG-17999]
    2023-06-17 18:40:15.778 : User is logged in with session 136655.262130417HAcQcAfpAtfiDDDDtcVHfpcDAcHf	[MsgId: MMSG-17999]
    2023-06-17 18:40:19.656 : User is logged out of session	[MsgId: MMSG-17999]
  2023-06-17 18:42:17.481 : IterationNum=131	[MsgId: MMSG-17999]
   USER 131 = user84:pwd84	[MsgId: MMSG-17999]
    2023-06-17 18:42:17.576 : Start page is opened	[MsgId: MMSG-17999]
    2023-06-17 18:42:23.096 : User is logged in with session 136655.272336979HAcQcAfpfHAiDDDDtcVHfpcDDtcf	[MsgId: MMSG-17999]
    2023-06-17 18:42:28.173 : User is logged out of session	[MsgId: MMSG-17999]
  2023-06-17 18:44:23.493 : IterationNum=132	[MsgId: MMSG-17999]
   USER 132 = user84:pwd84	[MsgId: MMSG-17999]
    2023-06-17 18:44:23.588 : Start page is opened	[MsgId: MMSG-17999]
    2023-06-17 18:44:28.450 : User is logged in with session 136655.28254354HAcQcAzpAQfiDDDDtcVHfpcDzfHf	[MsgId: MMSG-17999]
    2023-06-17 18:44:33.445 : User is logged out of session	[MsgId: MMSG-17999]
  2023-06-17 18:46:29.500 : IterationNum=133	[MsgId: MMSG-17999]
   USER 133 = user84:pwd84	[MsgId: MMSG-17999]
    2023-06-17 18:46:29.594 : Start page is opened	[MsgId: MMSG-17999]
    2023-06-17 18:46:33.486 : User is logged in with session 136655.292750101HAcQcAzpzcAiDDDDtcVHfpcDQHcf	[MsgId: MMSG-17999]
    2023-06-17 18:46:38.828 : User is logged out of session	[MsgId: MMSG-17999]
  2023-06-17 18:48:35.500 : IterationNum=134	[MsgId: MMSG-17999]
   USER 134 = user84:pwd84	[MsgId: MMSG-17999]
    2023-06-17 18:48:35.594 : Start page is opened	[MsgId: MMSG-17999]
    2023-06-17 18:48:40.193 : User is logged in with session 136655.302956663HAcQcAHpVtfiDDDDtcVHfpctciHf	[MsgId: MMSG-17999]
    2023-06-17 18:48:45.977 : User is logged out of session	[MsgId: MMSG-17999]
  2023-06-17 18:50:41.513 : IterationNum=135	[MsgId: MMSG-17999]
   USER 135 = user84:pwd84	[MsgId: MMSG-17999]
    2023-06-17 18:50:41.606 : Start page is opened	[MsgId: MMSG-17999]
    2023-06-17 18:50:47.983 : User is logged in with session 136655.313163224HAcQcAHpzHAiDDDDtcVHfpctzAcf	[MsgId: MMSG-17999]
    2023-06-17 18:50:53.857 : User is logged out of session	[MsgId: MMSG-17999]
  2023-06-17 18:52:47.526 : IterationNum=136	[MsgId: MMSG-17999]
   USER 136 = user84:pwd84	[MsgId: MMSG-17999]
    2023-06-17 18:52:47.620 : Start page is opened	[MsgId: MMSG-17999]
    2023-06-17 18:52:53.038 : User is logged in with session 136655.323369785HAcQcAipVQfiDDDDtcVHfpctQVHf	[MsgId: MMSG-17999]
    2023-06-17 18:52:58.089 : User is logged out of session	[MsgId: MMSG-17999]
  2023-06-17 18:54:53.532 : IterationNum=137	[MsgId: MMSG-17999]
   USER 137 = user84:pwd84	[MsgId: MMSG-17999]
    2023-06-17 18:54:53.626 : Start page is opened	[MsgId: MMSG-17999]
    2023-06-17 18:54:57.703 : User is logged in with session 136655.333576347HAcQcAipHcAiDDDDtcVHfpcfcDcf	[MsgId: MMSG-17999]
    2023-06-17 18:55:01.816 : User is logged out of session	[MsgId: MMSG-17999]
  2023-06-17 18:56:59.537 : IterationNum=138	[MsgId: MMSG-17999]
   USER 138 = user84:pwd84	[MsgId: MMSG-17999]
    2023-06-17 18:56:59.632 : Start page is opened	[MsgId: MMSG-17999]
    2023-06-17 18:57:03.820 : User is logged in with session 136655.343782908HAcQcAQpctfiDDDDtcVHfpcfftHf	[MsgId: MMSG-17999]
    2023-06-17 18:57:09.638 : User is logged out of session	[MsgId: MMSG-17999]
  2023-06-17 18:59:05.544 : IterationNum=139	[MsgId: MMSG-17999]
   USER 139 = user84:pwd84	[MsgId: MMSG-17999]
    2023-06-17 18:59:05.637 : Start page is opened	[MsgId: MMSG-17999]
    2023-06-17 18:59:10.898 : User is logged in with session 136655.353989469HAcQcAQpHHAiDDDDtcVHfpcfizcf	[MsgId: MMSG-17999]
    2023-06-17 18:59:15.476 : User is logged out of session	[MsgId: MMSG-17999]
  2023-06-17 19:01:11.554 : IterationNum=140	[MsgId: MMSG-17999]
   USER 140 = user84:pwd84	[MsgId: MMSG-17999]
    2023-06-17 19:01:11.648 : Start page is opened	[MsgId: MMSG-17999]
    2023-06-17 19:01:17.972 : User is logged in with session 136655.364196031HAcQcVApcQfiDDDDtcVHfpczVHHf	[MsgId: MMSG-17999]
    2023-06-17 19:01:22.062 : User is logged out of session	[MsgId: MMSG-17999]
  2023-06-17 19:03:17.557 : IterationNum=141	[MsgId: MMSG-17999]
   USER 141 = user84:pwd84	[MsgId: MMSG-17999]
    2023-06-17 19:03:17.652 : Start page is opened	[MsgId: MMSG-17999]
    2023-06-17 19:03:22.301 : User is logged in with session 136655.374402592HAcQcVApicAiDDDDtcVHfpcztQcf	[MsgId: MMSG-17999]
    2023-06-17 19:03:27.857 : User is logged out of session	[MsgId: MMSG-17999]
  2023-06-17 19:05:23.557 : IterationNum=142	[MsgId: MMSG-17999]
   USER 142 = user84:pwd84	[MsgId: MMSG-17999]
    2023-06-17 19:05:23.652 : Start page is opened	[MsgId: MMSG-17999]
    2023-06-17 19:05:28.314 : User is logged in with session 136655.384609153HAcQcVVpDtfiDDDDtcVHfpcziAHf	[MsgId: MMSG-17999]
    2023-06-17 19:05:33.810 : User is logged out of session	[MsgId: MMSG-17999]
  2023-06-17 19:07:29.562 : IterationNum=143	[MsgId: MMSG-17999]
   USER 143 = user84:pwd84	[MsgId: MMSG-17999]
    2023-06-17 19:07:29.656 : Start page is opened	[MsgId: MMSG-17999]
    2023-06-17 19:07:35.536 : User is logged in with session 136655.394815715HAcQcVVpiHAiDDDDtcVHfpcHVccf	[MsgId: MMSG-17999]
    2023-06-17 19:07:41.858 : User is logged out of session	[MsgId: MMSG-17999]
  2023-06-17 19:09:35.572 : IterationNum=144	[MsgId: MMSG-17999]
   USER 144 = user84:pwd84	[MsgId: MMSG-17999]
    2023-06-17 19:09:35.665 : Start page is opened	[MsgId: MMSG-17999]
    2023-06-17 19:09:40.367 : User is logged in with session 136655.405022276HAcQcVcpDQfiDDDDtcVHfpcHtDHf	[MsgId: MMSG-17999]
    2023-06-17 19:09:45.971 : User is logged out of session	[MsgId: MMSG-17999]
  2023-06-17 19:11:41.586 : IterationNum=145	[MsgId: MMSG-17999]
   USER 145 = user84:pwd84	[MsgId: MMSG-17999]
    2023-06-17 19:11:41.681 : Start page is opened	[MsgId: MMSG-17999]
    2023-06-17 19:11:47.155 : User is logged in with session 136655.415228838HAcQcVcpQcAiDDDDtcVHfpcHHfcf	[MsgId: MMSG-17999]
    2023-06-17 19:11:53.518 : User is logged out of session	[MsgId: MMSG-17999]
  2023-06-17 19:13:47.594 : IterationNum=146	[MsgId: MMSG-17999]
   USER 146 = user84:pwd84	[MsgId: MMSG-17999]
    2023-06-17 19:13:47.687 : Start page is opened	[MsgId: MMSG-17999]
    2023-06-17 19:13:53.681 : User is logged in with session 136655.425435399HAcQcVDpttfiDDDDtcVHfpciAzHf	[MsgId: MMSG-17999]
    2023-06-17 19:13:59.637 : User is logged out of session	[MsgId: MMSG-17999]
  2023-06-17 19:15:53.602 : IterationNum=147	[MsgId: MMSG-17999]
   USER 147 = user84:pwd84	[MsgId: MMSG-17999]
    2023-06-17 19:15:53.698 : Start page is opened	[MsgId: MMSG-17999]
    2023-06-17 19:15:59.332 : User is logged in with session 136655.43564196HAcQcVDpQHAiDDDDtcVHfpciDicf	[MsgId: MMSG-17999]
    2023-06-17 19:16:04.847 : User is logged out of session	[MsgId: MMSG-17999]
  2023-06-17 19:17:59.608 : IterationNum=148	[MsgId: MMSG-17999]
   USER 148 = user84:pwd84	[MsgId: MMSG-17999]
    2023-06-17 19:17:59.703 : Start page is opened	[MsgId: MMSG-17999]
    2023-06-17 19:18:05.511 : User is logged in with session 136655.445848522HAcQcVtptQfiDDDDtcVHfpcizQHf	[MsgId: MMSG-17999]
    2023-06-17 19:18:11.549 : User is logged out of session	[MsgId: MMSG-17999]
  2023-06-17 19:20:05.623 : IterationNum=149	[MsgId: MMSG-17999]
   USER 149 = user84:pwd84	[MsgId: MMSG-17999]
    2023-06-17 19:20:05.716 : Start page is opened	[MsgId: MMSG-17999]
    2023-06-17 19:20:11.359 : User is logged in with session 136655.456055083HAcQcVfpAcAiDDDDtcVHfpcQAVcf	[MsgId: MMSG-17999]
    2023-06-17 19:20:17.700 : User is logged out of session	[MsgId: MMSG-17999]
  2023-06-17 19:22:11.632 : IterationNum=150	[MsgId: MMSG-17999]
   USER 150 = user84:pwd84	[MsgId: MMSG-17999]
    2023-06-17 19:22:11.727 : Start page is opened	[MsgId: MMSG-17999]
    2023-06-17 19:22:17.674 : User is logged in with session 136655.466261644HAcQcVfpftfiDDDDtcVHfpcQDcHf	[MsgId: MMSG-17999]
    2023-06-17 19:22:23.587 : User is logged out of session	[MsgId: MMSG-17999]
  2023-06-17 19:24:17.642 : IterationNum=151	[MsgId: MMSG-17999]
   USER 151 = user84:pwd84	[MsgId: MMSG-17999]
    2023-06-17 19:24:17.738 : Start page is opened	[MsgId: MMSG-17999]
    2023-06-17 19:24:23.723 : User is logged in with session 136655.476468206HAcQcVzpAHAiDDDDtcVHfpcQztcf	[MsgId: MMSG-17999]
    2023-06-17 19:24:27.769 : User is logged out of session	[MsgId: MMSG-17999]
  2023-06-17 19:26:23.657 : IterationNum=152	[MsgId: MMSG-17999]
   USER 152 = user84:pwd84	[MsgId: MMSG-17999]
    2023-06-17 19:26:23.752 : Start page is opened	[MsgId: MMSG-17999]
    2023-06-17 19:26:27.802 : User is logged in with session 136655.486674767HAcQcVzpfQfiDDDDtcVHfpcQQfHf	[MsgId: MMSG-17999]
    2023-06-17 19:26:32.594 : User is logged out of session	[MsgId: MMSG-17999]
  2023-06-17 19:28:29.669 : IterationNum=153	[MsgId: MMSG-17999]
   USER 153 = user84:pwd84	[MsgId: MMSG-17999]
    2023-06-17 19:28:29.763 : Start page is opened	[MsgId: MMSG-17999]
    2023-06-17 19:28:35.324 : User is logged in with session 136655.496881328HAcQcVHpVcAiDDDDtcVHfpDAcHcf	[MsgId: MMSG-17999]
    2023-06-17 19:28:41.641 : User is logged out of session	[MsgId: MMSG-17999]
  2023-06-17 19:30:35.684 : IterationNum=154	[MsgId: MMSG-17999]
   USER 154 = user84:pwd84	[MsgId: MMSG-17999]
    2023-06-17 19:30:35.779 : Start page is opened	[MsgId: MMSG-17999]
    2023-06-17 19:30:40.283 : User is logged in with session 136655.50708789HAcQcVHpztfiDDDDtcVHfpDAfiHf	[MsgId: MMSG-17999]
    2023-06-17 19:30:46.500 : User is logged out of session	[MsgId: MMSG-17999]
  2023-06-17 19:32:41.699 : IterationNum=155	[MsgId: MMSG-17999]
   USER 155 = user84:pwd84	[MsgId: MMSG-17999]
    2023-06-17 19:32:41.794 : Start page is opened	[MsgId: MMSG-17999]
    2023-06-17 19:32:46.413 : User is logged in with session 136655.517294451HAcQcVipVHAiDDDDtcVHfpDAQAcf	[MsgId: MMSG-17999]
    2023-06-17 19:32:51.700 : User is logged out of session	[MsgId: MMSG-17999]
  2023-06-17 19:34:47.715 : IterationNum=156	[MsgId: MMSG-17999]
   USER 156 = user84:pwd84	[MsgId: MMSG-17999]
    2023-06-17 19:34:47.808 : Start page is opened	[MsgId: MMSG-17999]
    2023-06-17 19:34:52.360 : User is logged in with session 136655.527501013HAcQcVipzQfiDDDDtcVHfpDVcVHf	[MsgId: MMSG-17999]
    2023-06-17 19:34:57.320 : User is logged out of session	[MsgId: MMSG-17999]
  2023-06-17 19:36:53.715 : IterationNum=157	[MsgId: MMSG-17999]
   USER 157 = user84:pwd84	[MsgId: MMSG-17999]
    2023-06-17 19:36:53.810 : Start page is opened	[MsgId: MMSG-17999]
    2023-06-17 19:36:58.370 : User is logged in with session 136655.537707574HAcQcVQpccAiDDDDtcVHfpDVfDcf	[MsgId: MMSG-17999]
    2023-06-17 19:37:02.349 : User is logged out of session	[MsgId: MMSG-17999]
  2023-06-17 19:38:59.718 : IterationNum=158	[MsgId: MMSG-17999]
   USER 158 = user84:pwd84	[MsgId: MMSG-17999]
    2023-06-17 19:38:59.812 : Start page is opened	[MsgId: MMSG-17999]
    2023-06-17 19:39:05.169 : User is logged in with session 136655.547914135HAcQcVQpHtfiDDDDtcVHfpDVitHf	[MsgId: MMSG-17999]
    2023-06-17 19:39:09.110 : User is logged out of session	[MsgId: MMSG-17999]
  2023-06-17 19:41:05.718 : IterationNum=159	[MsgId: MMSG-17999]
   USER 159 = user84:pwd84	[MsgId: MMSG-17999]
    2023-06-17 19:41:05.813 : Start page is opened	[MsgId: MMSG-17999]
    2023-06-17 19:41:10.734 : User is logged in with session 136655.558120697HAcQccApcHAiDDDDtcVHfpDcVzcf	[MsgId: MMSG-17999]
    2023-06-17 19:41:16.721 : User is logged out of session	[MsgId: MMSG-17999]
  2023-06-17 19:43:11.726 : IterationNum=160	[MsgId: MMSG-17999]
   USER 160 = user84:pwd84	[MsgId: MMSG-17999]
    2023-06-17 19:43:11.821 : Start page is opened	[MsgId: MMSG-17999]
    2023-06-17 19:43:16.529 : User is logged in with session 136655.568327258HAcQccApHQfiDDDDtcVHfpDctHHf	[MsgId: MMSG-17999]
    2023-06-17 19:43:22.867 : User is logged out of session	[MsgId: MMSG-17999]
  2023-06-17 19:45:17.741 : IterationNum=161	[MsgId: MMSG-17999]
   USER 161 = user84:pwd84	[MsgId: MMSG-17999]
    2023-06-17 19:45:17.835 : Start page is opened	[MsgId: MMSG-17999]
    2023-06-17 19:45:23.852 : User is logged in with session 136655.578533819HAcQccVpDcAiDDDDtcVHfpDcHQcf	[MsgId: MMSG-17999]
    2023-06-17 19:45:29.430 : User is logged out of session	[MsgId: MMSG-17999]
  2023-06-17 19:47:23.745 : IterationNum=162	[MsgId: MMSG-17999]
   USER 162 = user84:pwd84	[MsgId: MMSG-17999]
    2023-06-17 19:47:23.839 : Start page is opened	[MsgId: MMSG-17999]
    2023-06-17 19:47:28.758 : User is logged in with session 136655.588740381HAcQccVpitfiDDDDtcVHfpDDVAHf	[MsgId: MMSG-17999]
    2023-06-17 19:47:35.105 : User is logged out of session	[MsgId: MMSG-17999]
  2023-06-17 19:49:29.755 : IterationNum=163	[MsgId: MMSG-17999]
   USER 163 = user84:pwd84	[MsgId: MMSG-17999]
    2023-06-17 19:49:29.850 : Start page is opened	[MsgId: MMSG-17999]
    2023-06-17 19:49:34.986 : User is logged in with session 136655.598946942HAcQcccpDHAiDDDDtcVHfpDDtccf	[MsgId: MMSG-17999]
    2023-06-17 19:49:40.603 : User is logged out of session	[MsgId: MMSG-17999]
  2023-06-17 19:51:35.763 : IterationNum=164	[MsgId: MMSG-17999]
   USER 164 = user84:pwd84	[MsgId: MMSG-17999]
    2023-06-17 19:51:35.856 : Start page is opened	[MsgId: MMSG-17999]
    2023-06-17 19:51:41.289 : User is logged in with session 136655.609153503HAcQcccpiQfiDDDDtcVHfpDDHDHf	[MsgId: MMSG-17999]
    2023-06-17 19:51:45.741 : User is logged out of session	[MsgId: MMSG-17999]
  2023-06-17 19:53:41.779 : IterationNum=165	[MsgId: MMSG-17999]
   USER 165 = user84:pwd84	[MsgId: MMSG-17999]
    2023-06-17 19:53:41.872 : Start page is opened	[MsgId: MMSG-17999]
    2023-06-17 19:53:46.374 : User is logged in with session 136655.619360065HAcQccDptcAiDDDDtcVHfpDtAfcf	[MsgId: MMSG-17999]
    2023-06-17 19:53:52.286 : User is logged out of session	[MsgId: MMSG-17999]
  2023-06-17 19:55:47.779 : IterationNum=166	[MsgId: MMSG-17999]
   USER 166 = user84:pwd84	[MsgId: MMSG-17999]
    2023-06-17 19:55:47.872 : Start page is opened	[MsgId: MMSG-17999]
    2023-06-17 19:55:53.038 : User is logged in with session 136655.629566626HAcQccDpQtfiDDDDtcVHfpDtDzHf	[MsgId: MMSG-17999]
    2023-06-17 19:55:57.480 : User is logged out of session	[MsgId: MMSG-17999]
  2023-06-17 19:57:53.779 : IterationNum=167	[MsgId: MMSG-17999]
   USER 167 = user84:pwd84	[MsgId: MMSG-17999]
    2023-06-17 19:57:53.872 : Start page is opened	[MsgId: MMSG-17999]
    2023-06-17 19:57:59.697 : User is logged in with session 136655.639773188HAcQcctptHAiDDDDtcVHfpDtzicf	[MsgId: MMSG-17999]
    2023-06-17 19:58:04.829 : User is logged out of session	[MsgId: MMSG-17999]
  2023-06-17 19:59:59.790 : IterationNum=168	[MsgId: MMSG-17999]
   USER 168 = user84:pwd84	[MsgId: MMSG-17999]
    2023-06-17 19:59:59.885 : Start page is opened	[MsgId: MMSG-17999]
    2023-06-17 20:00:05.109 : User is logged in with session 136655.649979749HAcQcctpQQfiDDDDtcVHfpDtQQHf	[MsgId: MMSG-17999]
    2023-06-17 20:00:09.669 : User is logged out of session	[MsgId: MMSG-17999]
  2023-06-17 20:02:05.805 : IterationNum=169	[MsgId: MMSG-17999]
   USER 169 = user84:pwd84	[MsgId: MMSG-17999]
    2023-06-17 20:02:05.900 : Start page is opened	[MsgId: MMSG-17999]
    2023-06-17 20:02:10.938 : User is logged in with session 136655.66018631HAcQccfpfcAiDDDDtcVHfpDfDVcf	[MsgId: MMSG-17999]
    2023-06-17 20:02:15.584 : User is logged out of session	[MsgId: MMSG-17999]
  2023-06-17 20:04:11.816 : IterationNum=170	[MsgId: MMSG-17999]
   USER 170 = user84:pwd84	[MsgId: MMSG-17999]
    2023-06-17 20:04:11.910 : Start page is opened	[MsgId: MMSG-17999]
    2023-06-17 20:04:16.751 : User is logged in with session 136655.670392872HAcQcczpAtfiDDDDtcVHfpDfzcHf	[MsgId: MMSG-17999]
    2023-06-17 20:04:22.013 : User is logged out of session	[MsgId: MMSG-17999]
  2023-06-17 20:06:17.830 : IterationNum=171	[MsgId: MMSG-17999]
   USER 171 = user84:pwd84	[MsgId: MMSG-17999]
    2023-06-17 20:06:17.925 : Start page is opened	[MsgId: MMSG-17999]
    2023-06-17 20:06:21.958 : User is logged in with session 136655.680599433HAcQcczpfHAiDDDDtcVHfpDfQtcf	[MsgId: MMSG-17999]
    2023-06-17 20:06:27.969 : User is logged out of session	[MsgId: MMSG-17999]
  2023-06-17 20:08:23.839 : IterationNum=172	[MsgId: MMSG-17999]
   USER 172 = user84:pwd84	[MsgId: MMSG-17999]
    2023-06-17 20:08:23.933 : Start page is opened	[MsgId: MMSG-17999]
    2023-06-17 20:08:28.009 : User is logged in with session 136655.690805994HAcQccHpAQfiDDDDtcVHfpDzcfHf	[MsgId: MMSG-17999]
    2023-06-17 20:08:33.013 : User is logged out of session	[MsgId: MMSG-17999]
  2023-06-17 20:10:29.840 : IterationNum=173	[MsgId: MMSG-17999]
   USER 173 = user84:pwd84	[MsgId: MMSG-17999]
    2023-06-17 20:10:29.933 : Start page is opened	[MsgId: MMSG-17999]
    2023-06-17 20:10:34.341 : User is logged in with session 136655.701012556HAcQccHpzcAiDDDDtcVHfpDzfHcf	[MsgId: MMSG-17999]
    2023-06-17 20:10:40.180 : User is logged out of session	[MsgId: MMSG-17999]
  2023-06-17 20:12:35.846 : IterationNum=174	[MsgId: MMSG-17999]
   USER 174 = user84:pwd84	[MsgId: MMSG-17999]
    2023-06-17 20:12:35.941 : Start page is opened	[MsgId: MMSG-17999]
    2023-06-17 20:12:42.235 : User is logged in with session 136655.711219117HAcQccipVtfiDDDDtcVHfpDziiHf	[MsgId: MMSG-17999]
    2023-06-17 20:12:47.272 : User is logged out of session	[MsgId: MMSG-17999]
  2023-06-17 20:14:41.860 : IterationNum=175	[MsgId: MMSG-17999]
   USER 175 = user84:pwd84	[MsgId: MMSG-17999]
    2023-06-17 20:14:41.955 : Start page is opened	[MsgId: MMSG-17999]
    2023-06-17 20:14:47.698 : User is logged in with session 136655.721425678HAcQccipzHAiDDDDtcVHfpDHcAcf	[MsgId: MMSG-17999]
    2023-06-17 20:14:53.117 : User is logged out of session	[MsgId: MMSG-17999]
  2023-06-17 20:16:47.875 : IterationNum=176	[MsgId: MMSG-17999]
   USER 176 = user84:pwd84	[MsgId: MMSG-17999]
    2023-06-17 20:16:47.969 : Start page is opened	[MsgId: MMSG-17999]
    2023-06-17 20:16:52.264 : User is logged in with session 136655.73163224HAcQccQpVQfiDDDDtcVHfpDHfVHf	[MsgId: MMSG-17999]
    2023-06-17 20:16:56.775 : User is logged out of session	[MsgId: MMSG-17999]
  2023-06-17 20:18:53.880 : IterationNum=177	[MsgId: MMSG-17999]
   USER 177 = user84:pwd84	[MsgId: MMSG-17999]
    2023-06-17 20:18:53.974 : Start page is opened	[MsgId: MMSG-17999]
    2023-06-17 20:18:59.749 : User is logged in with session 136655.741838801HAcQccQpHcAiDDDDtcVHfpDHiDcf	[MsgId: MMSG-17999]
    2023-06-17 20:19:03.809 : User is logged out of session	[MsgId: MMSG-17999]
  2023-06-17 20:20:59.893 : IterationNum=178	[MsgId: MMSG-17999]
   USER 178 = user84:pwd84	[MsgId: MMSG-17999]
    2023-06-17 20:20:59.987 : Start page is opened	[MsgId: MMSG-17999]
    2023-06-17 20:21:05.067 : User is logged in with session 136655.752045362HAcQcDApctfiDDDDtcVHfpDiVtHf	[MsgId: MMSG-17999]
    2023-06-17 20:21:10.140 : User is logged out of session	[MsgId: MMSG-17999]
  2023-06-17 20:23:05.896 : IterationNum=179	[MsgId: MMSG-17999]
   USER 179 = user84:pwd84	[MsgId: MMSG-17999]
    2023-06-17 20:23:05.991 : Start page is opened	[MsgId: MMSG-17999]
    2023-06-17 20:23:10.209 : User is logged in with session 136655.762251924HAcQcDApHHAiDDDDtcVHfpDitzcf	[MsgId: MMSG-17999]
    2023-06-17 20:23:15.001 : User is logged out of session	[MsgId: MMSG-17999]
  2023-06-17 20:25:11.898 : IterationNum=180	[MsgId: MMSG-17999]
   USER 180 = user84:pwd84	[MsgId: MMSG-17999]
    2023-06-17 20:25:11.990 : Start page is opened	[MsgId: MMSG-17999]
    2023-06-17 20:25:17.613 : User is logged in with session 136655.772458485HAcQcDVpcQfiDDDDtcVHfpDiHHHf	[MsgId: MMSG-17999]
    2023-06-17 20:25:23.631 : User is logged out of session	[MsgId: MMSG-17999]
  2023-06-17 20:27:17.906 : IterationNum=181	[MsgId: MMSG-17999]
   USER 181 = user84:pwd84	[MsgId: MMSG-17999]
    2023-06-17 20:27:18.001 : Start page is opened	[MsgId: MMSG-17999]
    2023-06-17 20:27:23.709 : User is logged in with session 136655.782665047HAcQcDVpicAiDDDDtcVHfpDQAQcf	[MsgId: MMSG-17999]
    2023-06-17 20:27:29.081 : User is logged out of session	[MsgId: MMSG-17999]
  2023-06-17 20:29:23.915 : IterationNum=182	[MsgId: MMSG-17999]
   USER 182 = user84:pwd84	[MsgId: MMSG-17999]
    2023-06-17 20:29:24.009 : Start page is opened	[MsgId: MMSG-17999]
    2023-06-17 20:29:28.078 : User is logged in with session 136655.792871608HAcQcDcpDtfiDDDDtcVHfpDQtAHf	[MsgId: MMSG-17999]
    2023-06-17 20:29:34.188 : User is logged out of session	[MsgId: MMSG-17999]
  2023-06-17 20:31:29.930 : IterationNum=183	[MsgId: MMSG-17999]
   USER 183 = user84:pwd84	[MsgId: MMSG-17999]
    2023-06-17 20:31:30.024 : Start page is opened	[MsgId: MMSG-17999]
    2023-06-17 20:31:35.848 : User is logged in with session 136655.803078169HAcQcDcpiHAiDDDDtcVHfpDQHccf	[MsgId: MMSG-17999]
    2023-06-17 20:31:42.203 : User is logged out of session	[MsgId: MMSG-17999]
  2023-06-17 20:33:35.944 : IterationNum=184	[MsgId: MMSG-17999]
   USER 184 = user84:pwd84	[MsgId: MMSG-17999]
    2023-06-17 20:33:36.040 : Start page is opened	[MsgId: MMSG-17999]
    2023-06-17 20:33:41.292 : User is logged in with session 136655.813284731HAcQcDDpDQfiDDDDtcVHfptAADHf	[MsgId: MMSG-17999]
    2023-06-17 20:33:45.482 : User is logged out of session	[MsgId: MMSG-17999]
  2023-06-17 20:35:41.954 : IterationNum=185	[MsgId: MMSG-17999]
   USER 185 = user84:pwd84	[MsgId: MMSG-17999]
    2023-06-17 20:35:42.049 : Start page is opened	[MsgId: MMSG-17999]
    2023-06-17 20:35:48.168 : User is logged in with session 136655.823491292HAcQcDDpQcAiDDDDtcVHfptADfcf	[MsgId: MMSG-17999]
    2023-06-17 20:35:52.263 : User is logged out of session	[MsgId: MMSG-17999]
  2023-06-17 20:37:47.968 : IterationNum=186	[MsgId: MMSG-17999]
   USER 186 = user84:pwd84	[MsgId: MMSG-17999]
    2023-06-17 20:37:48.062 : Start page is opened	[MsgId: MMSG-17999]
    2023-06-17 20:37:52.371 : User is logged in with session 136655.833778858HAcQcDtptftcVHfptAzH	[MsgId: MMSG-17999]
    2023-06-17 20:37:57.012 : User is logged out of session	[MsgId: MMSG-17999]
  2023-06-17 20:39:53.969 : IterationNum=187	[MsgId: MMSG-17999]
   USER 187 = user84:pwd84	[MsgId: MMSG-17999]
    2023-06-17 20:39:54.062 : Start page is opened	[MsgId: MMSG-17999]
    2023-06-17 20:39:58.843 : User is logged in with session 136655.843904415HAcQcDtpQHAiDDDDtcVHfptAQicf	[MsgId: MMSG-17999]
    2023-06-17 20:40:03.248 : User is logged out of session	[MsgId: MMSG-17999]
  2023-06-17 20:41:59.979 : IterationNum=188	[MsgId: MMSG-17999]
   USER 188 = user84:pwd84	[MsgId: MMSG-17999]
    2023-06-17 20:42:00.073 : Start page is opened	[MsgId: MMSG-17999]
    2023-06-17 20:42:04.053 : User is logged in with session 136655.854191981HAcQcDfpftcVHfptVD	[MsgId: MMSG-17999]
    2023-06-17 20:42:08.199 : User is logged out of session	[MsgId: MMSG-17999]
  2023-06-17 20:44:05.988 : IterationNum=189	[MsgId: MMSG-17999]
   USER 189 = user84:pwd84	[MsgId: MMSG-17999]
    2023-06-17 20:44:06.083 : Start page is opened	[MsgId: MMSG-17999]
    2023-06-17 20:44:12.435 : User is logged in with session 136655.864398542HAcQcDzpAcftcVHfptVzVf	[MsgId: MMSG-17999]
    2023-06-17 20:44:16.998 : User is logged out of session	[MsgId: MMSG-17999]
  2023-06-17 20:46:12.003 : IterationNum=190	[MsgId: MMSG-17999]
   USER 190 = user84:pwd84	[MsgId: MMSG-17999]
    2023-06-17 20:46:12.097 : Start page is opened	[MsgId: MMSG-17999]
    2023-06-17 20:46:18.468 : User is logged in with session 136655.874605103HAcQcDzpfftcVHfptVQD	[MsgId: MMSG-17999]
    2023-06-17 20:46:23.973 : User is logged out of session	[MsgId: MMSG-17999]
  2023-06-17 20:48:18.012 : IterationNum=191	[MsgId: MMSG-17999]
   USER 191 = user84:pwd84	[MsgId: MMSG-17999]
    2023-06-17 20:48:18.106 : Start page is opened	[MsgId: MMSG-17999]
    2023-06-17 20:48:22.423 : User is logged in with session 136655.884811665HAcQcDHpAHftcVHfptcctf	[MsgId: MMSG-17999]
    2023-06-17 20:48:27.098 : User is logged out of session	[MsgId: MMSG-17999]
  2023-06-17 20:50:24.026 : IterationNum=192	[MsgId: MMSG-17999]
   USER 192 = user84:pwd84	[MsgId: MMSG-17999]
    2023-06-17 20:50:24.120 : Start page is opened	[MsgId: MMSG-17999]
    2023-06-17 20:50:29.633 : User is logged in with session 136655.895018226HAcQcDHpztcVHfptcfz	[MsgId: MMSG-17999]
    2023-06-17 20:50:35.195 : User is logged out of session	[MsgId: MMSG-17999]
  2023-06-17 20:52:30.030 : IterationNum=193	[MsgId: MMSG-17999]
   USER 193 = user84:pwd84	[MsgId: MMSG-17999]
    2023-06-17 20:52:30.125 : Start page is opened	[MsgId: MMSG-17999]
    2023-06-17 20:52:35.029 : User is logged in with session 136655.905224787HAcQcDipVcftcVHfptciHf	[MsgId: MMSG-17999]
    2023-06-17 20:52:40.344 : User is logged out of session	[MsgId: MMSG-17999]
  2023-06-17 20:54:36.031 : IterationNum=194	[MsgId: MMSG-17999]
   USER 194 = user84:pwd84	[MsgId: MMSG-17999]
    2023-06-17 20:54:36.125 : Start page is opened	[MsgId: MMSG-17999]
    2023-06-17 20:54:40.919 : User is logged in with session 136655.915431349HAcQcDipzftcVHfptDVQ	[MsgId: MMSG-17999]
    2023-06-17 20:54:45.126 : User is logged out of session	[MsgId: MMSG-17999]
  2023-06-17 20:56:42.040 : IterationNum=195	[MsgId: MMSG-17999]
   USER 195 = user84:pwd84	[MsgId: MMSG-17999]
    2023-06-17 20:56:42.134 : Start page is opened	[MsgId: MMSG-17999]
    2023-06-17 20:56:46.238 : User is logged in with session 136655.92563791HAcQcDQpVHftcVHfptDfAf	[MsgId: MMSG-17999]
    2023-06-17 20:56:51.028 : User is logged out of session	[MsgId: MMSG-17999]
  2023-06-17 20:58:48.044 : IterationNum=196	[MsgId: MMSG-17999]
   USER 196 = user84:pwd84	[MsgId: MMSG-17999]
    2023-06-17 20:58:48.140 : Start page is opened	[MsgId: MMSG-17999]
    2023-06-17 20:58:54.390 : User is logged in with session 136655.935844471HAcQcDQpHtcVHfptDic	[MsgId: MMSG-17999]
    2023-06-17 20:58:58.836 : User is logged out of session	[MsgId: MMSG-17999]
  2023-06-17 21:00:54.046 : IterationNum=197	[MsgId: MMSG-17999]
   USER 197 = user84:pwd84	[MsgId: MMSG-17999]
    2023-06-17 21:00:54.141 : Start page is opened	[MsgId: MMSG-17999]
    2023-06-17 21:01:00.069 : User is logged in with session 136655.946051033HAcQctApccftcVHfpttVDf	[MsgId: MMSG-17999]
    2023-06-17 21:01:04.764 : User is logged out of session	[MsgId: MMSG-17999]
  2023-06-17 21:03:00.053 : IterationNum=198	[MsgId: MMSG-17999]
   USER 198 = user84:pwd84	[MsgId: MMSG-17999]
    2023-06-17 21:03:00.147 : Start page is opened	[MsgId: MMSG-17999]
    2023-06-17 21:03:05.032 : User is logged in with session 136655.956257594HAcQctApHftcVHfptttf	[MsgId: MMSG-17999]
    2023-06-17 21:03:09.585 : User is logged out of session	[MsgId: MMSG-17999]
  2023-06-17 21:05:06.057 : IterationNum=199	[MsgId: MMSG-17999]
   USER 199 = user84:pwd84	[MsgId: MMSG-17999]
    2023-06-17 21:05:06.151 : Start page is opened	[MsgId: MMSG-17999]
    2023-06-17 21:05:12.139 : User is logged in with session 136655.966464156HAcQctVpcHftcVHfpttHzf	[MsgId: MMSG-17999]
    2023-06-17 21:05:16.105 : User is logged out of session	[MsgId: MMSG-17999]
  2023-06-17 21:07:12.063 : IterationNum=200	[MsgId: MMSG-17999]
   USER 200 = user84:pwd84	[MsgId: MMSG-17999]
    2023-06-17 21:07:12.157 : Start page is opened	[MsgId: MMSG-17999]
    2023-06-17 21:07:18.395 : User is logged in with session 136655.976670717HAcQctVpitcVHfptfAi	[MsgId: MMSG-17999]
    2023-06-17 21:07:24.490 : User is logged out of session	[MsgId: MMSG-17999]
  2023-06-17 21:09:18.072 : IterationNum=201	[MsgId: MMSG-17999]
   USER 201 = user84:pwd84	[MsgId: MMSG-17999]
    2023-06-17 21:09:18.168 : Start page is opened	[MsgId: MMSG-17999]
    2023-06-17 21:09:22.485 : User is logged in with session 136655.986877278HAcQctcpDcftcVHfptfDQf	[MsgId: MMSG-17999]
    2023-06-17 21:09:28.069 : User is logged out of session	[MsgId: MMSG-17999]
  2023-06-17 21:11:24.072 : IterationNum=202	[MsgId: MMSG-17999]
   USER 202 = user84:pwd84	[MsgId: MMSG-17999]
    2023-06-17 21:11:24.166 : Start page is opened	[MsgId: MMSG-17999]
    2023-06-17 21:11:29.671 : User is logged in with session 136655.99708384HAcQctcpiftcVHfptfHV	[MsgId: MMSG-17999]
    2023-06-17 21:11:33.780 : User is logged out of session	[MsgId: MMSG-17999]
  2023-06-17 21:13:30.078 : IterationNum=203	[MsgId: MMSG-17999]
   USER 203 = user84:pwd84	[MsgId: MMSG-17999]
    2023-06-17 21:13:30.171 : Start page is opened	[MsgId: MMSG-17999]
    2023-06-17 21:13:36.091 : User is logged in with session 136656.007290401HAcQctDpDHftcVHfptzAcf	[MsgId: MMSG-17999]
    2023-06-17 21:13:40.714 : User is logged out of session	[MsgId: MMSG-17999]
  2023-06-17 21:15:36.083 : IterationNum=204	[MsgId: MMSG-17999]
   USER 204 = user84:pwd84	[MsgId: MMSG-17999]
    2023-06-17 21:15:36.176 : Start page is opened	[MsgId: MMSG-17999]
    2023-06-17 21:15:40.859 : User is logged in with session 136656.017496962HAcQctDpQtcVHfptzDt	[MsgId: MMSG-17999]
    2023-06-17 21:15:46.530 : User is logged out of session	[MsgId: MMSG-17999]
  2023-06-17 21:17:42.090 : IterationNum=205	[MsgId: MMSG-17999]
   USER 205 = user84:pwd84	[MsgId: MMSG-17999]
    2023-06-17 21:17:42.184 : Start page is opened	[MsgId: MMSG-17999]
    2023-06-17 21:17:48.096 : User is logged in with session 136656.027703524HAcQcttptcftcVHfptzzff	[MsgId: MMSG-17999]
    2023-06-17 21:17:53.028 : User is logged out of session	[MsgId: MMSG-17999]
  2023-06-17 21:19:48.094 : IterationNum=206	[MsgId: MMSG-17999]
   USER 206 = user84:pwd84	[MsgId: MMSG-17999]
    2023-06-17 21:19:48.187 : Start page is opened	[MsgId: MMSG-17999]
    2023-06-17 21:19:53.330 : User is logged in with session 136656.037910085HAcQcttpQftcVHfptzQH	[MsgId: MMSG-17999]
    2023-06-17 21:19:57.257 : User is logged out of session	[MsgId: MMSG-17999]
  2023-06-17 21:21:54.100 : IterationNum=207	[MsgId: MMSG-17999]
   USER 207 = user84:pwd84	[MsgId: MMSG-17999]
    2023-06-17 21:21:54.194 : Start page is opened	[MsgId: MMSG-17999]
    2023-06-17 21:21:58.703 : User is logged in with session 136656.048116646HAcQctfptHftcVHfptHcif	[MsgId: MMSG-17999]
    2023-06-17 21:22:05.011 : User is logged out of session	[MsgId: MMSG-17999]
  2023-06-17 21:24:00.108 : IterationNum=208	[MsgId: MMSG-17999]
   USER 208 = user84:pwd84	[MsgId: MMSG-17999]
    2023-06-17 21:24:00.201 : Start page is opened	[MsgId: MMSG-17999]
    2023-06-17 21:24:05.815 : User is logged in with session 136656.058323208HAcQctztcVHfptHz	[MsgId: MMSG-17999]
    2023-06-17 21:24:09.959 : User is logged out of session	[MsgId: MMSG-17999]
  2023-06-17 21:26:06.121 : IterationNum=209	[MsgId: MMSG-17999]
   USER 209 = user84:pwd84	[MsgId: MMSG-17999]
    2023-06-17 21:26:06.214 : Start page is opened	[MsgId: MMSG-17999]
    2023-06-17 21:26:11.077 : User is logged in with session 136656.068529769HAcQctzpfcftcVHfptHQVf	[MsgId: MMSG-17999]
    2023-06-17 21:26:16.779 : User is logged out of session	[MsgId: MMSG-17999]
  2023-06-17 21:28:12.122 : IterationNum=210	[MsgId: MMSG-17999]
   USER 210 = user84:pwd84	[MsgId: MMSG-17999]
    2023-06-17 21:28:12.216 : Start page is opened	[MsgId: MMSG-17999]
    2023-06-17 21:28:17.808 : User is logged in with session 136656.078736331HAcQctHpAftcVHfpticD	[MsgId: MMSG-17999]
    2023-06-17 21:28:23.999 : User is logged out of session	[MsgId: MMSG-17999]
  2023-06-17 21:30:18.128 : IterationNum=211	[MsgId: MMSG-17999]
   USER 211 = user84:pwd84	[MsgId: MMSG-17999]
    2023-06-17 21:30:18.223 : Start page is opened	[MsgId: MMSG-17999]
    2023-06-17 21:30:23.217 : User is logged in with session 136656.088942892HAcQctHpfHftcVHfptiftf	[MsgId: MMSG-17999]
    2023-06-17 21:30:28.406 : User is logged out of session	[MsgId: MMSG-17999]
  2023-06-17 21:32:24.142 : IterationNum=212	[MsgId: MMSG-17999]
   USER 212 = user84:pwd84	[MsgId: MMSG-17999]
    2023-06-17 21:32:24.236 : Start page is opened	[MsgId: MMSG-17999]
    2023-06-17 21:32:30.427 : User is logged in with session 136656.099149453HAcQctipVtcVHfptiiz	[MsgId: MMSG-17999]
    2023-06-17 21:32:35.913 : User is logged out of session	[MsgId: MMSG-17999]
  2023-06-17 21:34:30.144 : IterationNum=213	[MsgId: MMSG-17999]
   USER 213 = user84:pwd84	[MsgId: MMSG-17999]
    2023-06-17 21:34:30.238 : Start page is opened	[MsgId: MMSG-17999]
    2023-06-17 21:34:35.441 : User is logged in with session 136656.109356015HAcQctipzcftcVHfptQVHf	[MsgId: MMSG-17999]
    2023-06-17 21:34:41.618 : User is logged out of session	[MsgId: MMSG-17999]
  2023-06-17 21:36:36.152 : IterationNum=214	[MsgId: MMSG-17999]
   USER 214 = user84:pwd84	[MsgId: MMSG-17999]
    2023-06-17 21:36:36.246 : Start page is opened	[MsgId: MMSG-17999]
    2023-06-17 21:36:40.175 : User is logged in with session 136656.119562576HAcQctQpVftcVHfptQtQ	[MsgId: MMSG-17999]
    2023-06-17 21:36:46.155 : User is logged out of session	[MsgId: MMSG-17999]
  2023-06-17 21:38:42.156 : IterationNum=215	[MsgId: MMSG-17999]
   USER 215 = user84:pwd84	[MsgId: MMSG-17999]
    2023-06-17 21:38:42.250 : Start page is opened	[MsgId: MMSG-17999]
    2023-06-17 21:38:48.324 : User is logged in with session 136656.129769137HAcQctQpzHftcVHfptQiAf	[MsgId: MMSG-17999]
    2023-06-17 21:38:52.626 : User is logged out of session	[MsgId: MMSG-17999]
  2023-06-17 21:40:48.162 : IterationNum=216	[MsgId: MMSG-17999]
   USER 216 = user84:pwd84	[MsgId: MMSG-17999]
    2023-06-17 21:40:48.257 : Start page is opened	[MsgId: MMSG-17999]
    2023-06-17 21:40:52.776 : User is logged in with session 136656.139975699HAcQcfApctcVHfpfAVc	[MsgId: MMSG-17999]
    2023-06-17 21:40:58.372 : User is logged out of session	[MsgId: MMSG-17999]
  2023-06-17 21:42:54.169 : IterationNum=217	[MsgId: MMSG-17999]
   USER 217 = user84:pwd84	[MsgId: MMSG-17999]
    2023-06-17 21:42:54.263 : Start page is opened	[MsgId: MMSG-17999]
    2023-06-17 21:42:58.326 : User is logged in with session 136656.15018226HAcQcfApHcftcVHfpfAtDf	[MsgId: MMSG-17999]
    2023-06-17 21:43:04.106 : User is logged out of session	[MsgId: MMSG-17999]
  2023-06-17 21:45:00.183 : IterationNum=218	[MsgId: MMSG-17999]
   USER 218 = user84:pwd84	[MsgId: MMSG-17999]
    2023-06-17 21:45:00.278 : Start page is opened	[MsgId: MMSG-17999]
    2023-06-17 21:45:04.563 : User is logged in with session 136656.160388821HAcQcfVpcftcVHfpfAHf	[MsgId: MMSG-17999]
    2023-06-17 21:45:10.880 : User is logged out of session	[MsgId: MMSG-17999]
  2023-06-17 21:47:06.188 : IterationNum=219	[MsgId: MMSG-17999]
   USER 219 = user84:pwd84	[MsgId: MMSG-17999]
    2023-06-17 21:47:06.283 : Start page is opened	[MsgId: MMSG-17999]
    2023-06-17 21:47:11.452 : User is logged in with session 136656.170595383HAcQcfVpHHftcVHfpfVAzf	[MsgId: MMSG-17999]
    2023-06-17 21:47:15.397 : User is logged out of session	[MsgId: MMSG-17999]
  2023-06-17 21:49:12.201 : IterationNum=220	[MsgId: MMSG-17999]
   USER 220 = user84:pwd84	[MsgId: MMSG-17999]
    2023-06-17 21:49:12.296 : Start page is opened	[MsgId: MMSG-17999]
    2023-06-17 21:49:18.320 : User is logged in with session 136656.180801944HAcQcfcpDtcVHfpfVDi	[MsgId: MMSG-17999]
    2023-06-17 21:49:23.875 : User is logged out of session	[MsgId: MMSG-17999]
  2023-06-17 21:51:18.211 : IterationNum=221	[MsgId: MMSG-17999]
   USER 221 = user84:pwd84	[MsgId: MMSG-17999]
    2023-06-17 21:51:18.305 : Start page is opened	[MsgId: MMSG-17999]
    2023-06-17 21:51:22.990 : User is logged in with session 136656.191008505HAcQcfcpicftcVHfpfVzQf	[MsgId: MMSG-17999]
    2023-06-17 21:51:27.330 : User is logged out of session	[MsgId: MMSG-17999]
  2023-06-17 21:53:24.218 : IterationNum=222	[MsgId: MMSG-17999]
   USER 222 = user84:pwd84	[MsgId: MMSG-17999]
    2023-06-17 21:53:24.313 : Start page is opened	[MsgId: MMSG-17999]
    2023-06-17 21:53:28.829 : User is logged in with session 136656.201215067HAcQcfDpDftcVHfpfcAV	[MsgId: MMSG-17999]
    2023-06-17 21:53:33.859 : User is logged out of session	[MsgId: MMSG-17999]
  2023-06-17 21:55:30.232 : IterationNum=223	[MsgId: MMSG-17999]
   USER 223 = user84:pwd84	[MsgId: MMSG-17999]
    2023-06-17 21:55:30.326 : Start page is opened	[MsgId: MMSG-17999]
    2023-06-17 21:55:34.580 : User is logged in with session 136656.211421628HAcQcfDpiHftcVHfpfcDcf	[MsgId: MMSG-17999]
    2023-06-17 21:55:39.247 : User is logged out of session	[MsgId: MMSG-17999]
  2023-06-17 21:57:36.233 : IterationNum=224	[MsgId: MMSG-17999]
   USER 224 = user84:pwd84	[MsgId: MMSG-17999]
    2023-06-17 21:57:36.327 : Start page is opened	[MsgId: MMSG-17999]
    2023-06-17 21:57:40.592 : User is logged in with session 136656.22162819HAcQcftpttcVHfpfczt	[MsgId: MMSG-17999]
    2023-06-17 21:57:45.856 : User is logged out of session	[MsgId: MMSG-17999]
  2023-06-17 21:59:42.247 : IterationNum=225	[MsgId: MMSG-17999]
   USER 225 = user84:pwd84	[MsgId: MMSG-17999]
    2023-06-17 21:59:42.340 : Start page is opened	[MsgId: MMSG-17999]
    2023-06-17 21:59:47.561 : User is logged in with session 136656.231834751HAcQcftpQcftcVHfpfcQff	[MsgId: MMSG-17999]
    2023-06-17 21:59:51.718 : User is logged out of session	[MsgId: MMSG-17999]
  2023-06-17 22:01:48.261 : IterationNum=226	[MsgId: MMSG-17999]
   USER 226 = user84:pwd84	[MsgId: MMSG-17999]
    2023-06-17 22:01:48.356 : Start page is opened	[MsgId: MMSG-17999]
    2023-06-17 22:01:52.671 : User is logged in with session 136656.242041312HAcQcffptftcVHfpfDcH	[MsgId: MMSG-17999]
    2023-06-17 22:01:57.140 : User is logged out of session	[MsgId: MMSG-17999]
  2023-06-17 22:03:54.262 : IterationNum=227	[MsgId: MMSG-17999]
   USER 227 = user84:pwd84	[MsgId: MMSG-17999]
    2023-06-17 22:03:54.357 : Start page is opened	[MsgId: MMSG-17999]
    2023-06-17 22:04:00.295 : User is logged in with session 136656.252247874HAcQcffpQHftcVHfpfDfif	[MsgId: MMSG-17999]
    2023-06-17 22:04:04.777 : User is logged out of session	[MsgId: MMSG-17999]
  2023-06-17 22:06:00.275 : IterationNum=228	[MsgId: MMSG-17999]
   USER 228 = user84:pwd84	[MsgId: MMSG-17999]
    2023-06-17 22:06:00.369 : Start page is opened	[MsgId: MMSG-17999]
    2023-06-17 22:06:04.374 : User is logged in with session 136656.262454435HAcQcfzpftcVHfpfDQ	[MsgId: MMSG-17999]
    2023-06-17 22:06:08.900 : User is logged out of session	[MsgId: MMSG-17999]
  2023-06-17 22:08:06.290 : IterationNum=229	[MsgId: MMSG-17999]
   USER 229 = user84:pwd84	[MsgId: MMSG-17999]
    2023-06-17 22:08:06.384 : Start page is opened	[MsgId: MMSG-17999]
    2023-06-17 22:08:11.126 : User is logged in with session 136656.272660996HAcQcfHpAcftcVHfpftcVf	[MsgId: MMSG-17999]
    2023-06-17 22:08:17.252 : User is logged out of session	[MsgId: MMSG-17999]
  2023-06-17 22:10:12.304 : IterationNum=230	[MsgId: MMSG-17999]
   USER 230 = user84:pwd84	[MsgId: MMSG-17999]
    2023-06-17 22:10:12.397 : Start page is opened	[MsgId: MMSG-17999]
    2023-06-17 22:10:17.568 : User is logged in with session 136656.282867558HAcQcfHpfftcVHfpftfD	[MsgId: MMSG-17999]
    2023-06-17 22:10:21.754 : User is logged out of session	[MsgId: MMSG-17999]
  2023-06-17 22:12:18.314 : IterationNum=231	[MsgId: MMSG-17999]
   USER 231 = user84:pwd84	[MsgId: MMSG-17999]
    2023-06-17 22:12:18.409 : Start page is opened	[MsgId: MMSG-17999]
    2023-06-17 22:12:23.583 : User is logged in with session 136656.293074119HAcQcfipAHftcVHfpftitf	[MsgId: MMSG-17999]
    2023-06-17 22:12:28.153 : User is logged out of session	[MsgId: MMSG-17999]
  2023-06-17 22:14:24.316 : IterationNum=232	[MsgId: MMSG-17999]
   USER 232 = user84:pwd84	[MsgId: MMSG-17999]
    2023-06-17 22:14:24.409 : Start page is opened	[MsgId: MMSG-17999]
    2023-06-17 22:14:28.931 : User is logged in with session 136656.30328068HAcQcfipztcVHfpffVz	[MsgId: MMSG-17999]
    2023-06-17 22:14:34.920 : User is logged out of session	[MsgId: MMSG-17999]
  2023-06-17 22:16:30.320 : IterationNum=233	[MsgId: MMSG-17999]
   USER 233 = user84:pwd84	[MsgId: MMSG-17999]
    2023-06-17 22:16:30.414 : Start page is opened	[MsgId: MMSG-17999]
    2023-06-17 22:16:35.510 : User is logged in with session 136656.313487242HAcQcfQpVcftcVHfpfftHf	[MsgId: MMSG-17999]
    2023-06-17 22:16:39.608 : User is logged out of session	[MsgId: MMSG-17999]
  2023-06-17 22:18:36.332 : IterationNum=234	[MsgId: MMSG-17999]
   USER 234 = user84:pwd84	[MsgId: MMSG-17999]
    2023-06-17 22:18:36.427 : Start page is opened	[MsgId: MMSG-17999]
    2023-06-17 22:18:41.965 : User is logged in with session 136656.323693803HAcQcfQpzftcVHfpffHQ	[MsgId: MMSG-17999]
    2023-06-17 22:18:47.499 : User is logged out of session	[MsgId: MMSG-17999]
  2023-06-17 22:20:42.340 : IterationNum=235	[MsgId: MMSG-17999]
   USER 235 = user84:pwd84	[MsgId: MMSG-17999]
    2023-06-17 22:20:42.435 : Start page is opened	[MsgId: MMSG-17999]
    2023-06-17 22:20:48.696 : User is logged in with session 136656.333900365HAcQczApVHftcVHfpfzVAf	[MsgId: MMSG-17999]
    2023-06-17 22:20:54.707 : User is logged out of session	[MsgId: MMSG-17999]
