  2023-06-17 14:07:46.191 : IterationNum=1	[MsgId: MMSG-17999]
   USER 1 = user75:pwd75	[MsgId: MMSG-17999]
    2023-06-17 14:07:46.277 : Start page is opened	[MsgId: MMSG-17999]
    2023-06-17 14:07:51.951 : User is logged in with session 136653.938112596HAcQVDzpQtVzzzzHtcVHtpicVzf	[MsgId: MMSG-17999]
    2023-06-17 14:07:56.669 : User is logged out of session	[MsgId: MMSG-17999]
  2023-06-17 14:09:52.192 : IterationNum=2	[MsgId: MMSG-17999]
   USER 2 = user75:pwd75	[MsgId: MMSG-17999]
    2023-06-17 14:09:52.287 : Start page is opened	[MsgId: MMSG-17999]
    2023-06-17 14:09:57.368 : User is logged in with session 136653.948319158HAcQVDHptzzzzzzHtcVHtpicti	[MsgId: MMSG-17999]
    2023-06-17 14:10:01.556 : User is logged out of session	[MsgId: MMSG-17999]
  2023-06-17 14:11:58.200 : IterationNum=3	[MsgId: MMSG-17999]
   USER 3 = user75:pwd75	[MsgId: MMSG-17999]
    2023-06-17 14:11:58.294 : Start page is opened	[MsgId: MMSG-17999]
    2023-06-17 14:12:03.184 : User is logged in with session 136653.958525719HAcQVDHpQQVzzzzHtcVHtpicHQf	[MsgId: MMSG-17999]
    2023-06-17 14:12:07.644 : User is logged out of session	[MsgId: MMSG-17999]
  2023-06-17 14:14:04.211 : IterationNum=4	[MsgId: MMSG-17999]
   USER 4 = user75:pwd75	[MsgId: MMSG-17999]
    2023-06-17 14:14:04.305 : Start page is opened	[MsgId: MMSG-17999]
    2023-06-17 14:14:08.273 : User is logged in with session 136653.96873228HAcQVDipfVzzzzzHtcVHtpiDVV	[MsgId: MMSG-17999]
    2023-06-17 14:14:14.289 : User is logged out of session	[MsgId: MMSG-17999]
  2023-06-17 14:16:10.225 : IterationNum=5	[MsgId: MMSG-17999]
   USER 5 = user75:pwd75	[MsgId: MMSG-17999]
    2023-06-17 14:16:10.320 : Start page is opened	[MsgId: MMSG-17999]
    2023-06-17 14:16:16.192 : User is logged in with session 136653.978938842HAcQVDQpAtVzzzzHtcVHtpiDtcf	[MsgId: MMSG-17999]
    2023-06-17 14:16:20.590 : User is logged out of session	[MsgId: MMSG-17999]
  2023-06-17 14:18:16.239 : IterationNum=6	[MsgId: MMSG-17999]
   USER 6 = user75:pwd75	[MsgId: MMSG-17999]
    2023-06-17 14:18:16.334 : Start page is opened	[MsgId: MMSG-17999]
    2023-06-17 14:18:20.720 : User is logged in with session 136653.989145403HAcQVDQpfzzzzzzHtcVHtpiDHt	[MsgId: MMSG-17999]
    2023-06-17 14:18:26.035 : User is logged out of session	[MsgId: MMSG-17999]
  2023-06-17 14:20:22.241 : IterationNum=7	[MsgId: MMSG-17999]
   USER 7 = user75:pwd75	[MsgId: MMSG-17999]
    2023-06-17 14:20:22.336 : Start page is opened	[MsgId: MMSG-17999]
    2023-06-17 14:20:26.883 : User is logged in with session 136653.999351964HAcQVtApAQVzzzzHtcVHtpitAff	[MsgId: MMSG-17999]
    2023-06-17 14:20:33.020 : User is logged out of session	[MsgId: MMSG-17999]
  2023-06-17 14:22:28.245 : IterationNum=8	[MsgId: MMSG-17999]
   USER 8 = user75:pwd75	[MsgId: MMSG-17999]
    2023-06-17 14:22:28.340 : Start page is opened	[MsgId: MMSG-17999]
    2023-06-17 14:22:33.106 : User is logged in with session 136654.009558526HAcQVtApzVzzzzzHtcVHtpitDH	[MsgId: MMSG-17999]
    2023-06-17 14:22:39.433 : User is logged out of session	[MsgId: MMSG-17999]
  2023-06-17 14:24:34.252 : IterationNum=9	[MsgId: MMSG-17999]
   USER 9 = user75:pwd75	[MsgId: MMSG-17999]
    2023-06-17 14:24:34.347 : Start page is opened	[MsgId: MMSG-17999]
    2023-06-17 14:24:39.632 : User is logged in with session 136654.019765087HAcQVtVpVtVzzzzHtcVHtpitzif	[MsgId: MMSG-17999]
    2023-06-17 14:24:43.950 : User is logged out of session	[MsgId: MMSG-17999]
  2023-06-17 14:26:40.263 : IterationNum=10	[MsgId: MMSG-17999]
   USER 10 = user75:pwd75	[MsgId: MMSG-17999]
    2023-06-17 14:26:40.357 : Start page is opened	[MsgId: MMSG-17999]
    2023-06-17 14:26:44.533 : User is logged in with session 136654.029971648HAcQVtVpzzzzzzzHtcVHtpif	[MsgId: MMSG-17999]
    2023-06-17 14:26:50.185 : User is logged out of session	[MsgId: MMSG-17999]
  2023-06-17 14:28:46.272 : IterationNum=11	[MsgId: MMSG-17999]
   USER 11 = user75:pwd75	[MsgId: MMSG-17999]
    2023-06-17 14:28:46.366 : Start page is opened	[MsgId: MMSG-17999]
    2023-06-17 14:28:52.372 : User is logged in with session 136654.04017821HAcQVtcpVQVzzzzHtcVHtpifDVf	[MsgId: MMSG-17999]
    2023-06-17 14:28:58.148 : User is logged out of session	[MsgId: MMSG-17999]
  2023-06-17 14:30:52.286 : IterationNum=12	[MsgId: MMSG-17999]
   USER 12 = user75:pwd75	[MsgId: MMSG-17999]
    2023-06-17 14:30:52.381 : Start page is opened	[MsgId: MMSG-17999]
    2023-06-17 14:30:58.422 : User is logged in with session 136654.050384771HAcQVtcpHVzzzzzHtcVHtpifzD	[MsgId: MMSG-17999]
    2023-06-17 14:31:04.724 : User is logged out of session	[MsgId: MMSG-17999]
  2023-06-17 14:32:58.290 : IterationNum=13	[MsgId: MMSG-17999]
   USER 13 = user75:pwd75	[MsgId: MMSG-17999]
    2023-06-17 14:32:58.384 : Start page is opened	[MsgId: MMSG-17999]
    2023-06-17 14:33:04.049 : User is logged in with session 136654.060591333HAcQVtDpctVzzzzHtcVHtpifQtf	[MsgId: MMSG-17999]
    2023-06-17 14:33:08.251 : User is logged out of session	[MsgId: MMSG-17999]
  2023-06-17 14:35:04.304 : IterationNum=14	[MsgId: MMSG-17999]
   USER 14 = user75:pwd75	[MsgId: MMSG-17999]
    2023-06-17 14:35:04.398 : Start page is opened	[MsgId: MMSG-17999]
    2023-06-17 14:35:09.009 : User is logged in with session 136654.070797894HAcQVtDpHzzzzzzHtcVHtpizcz	[MsgId: MMSG-17999]
    2023-06-17 14:35:14.092 : User is logged out of session	[MsgId: MMSG-17999]
  2023-06-17 14:37:10.313 : IterationNum=15	[MsgId: MMSG-17999]
   USER 15 = user75:pwd75	[MsgId: MMSG-17999]
    2023-06-17 14:37:10.407 : Start page is opened	[MsgId: MMSG-17999]
    2023-06-17 14:37:15.938 : User is logged in with session 136654.081004455HAcQVttpcQVzzzzHtcVHtpizfHf	[MsgId: MMSG-17999]
    2023-06-17 14:37:22.266 : User is logged out of session	[MsgId: MMSG-17999]
  2023-06-17 14:39:16.327 : IterationNum=16	[MsgId: MMSG-17999]
   USER 16 = user75:pwd75	[MsgId: MMSG-17999]
    2023-06-17 14:39:16.419 : Start page is opened	[MsgId: MMSG-17999]
    2023-06-17 14:39:21.053 : User is logged in with session 136654.091211017HAcQVttpiVzzzzzHtcVHtpiziQ	[MsgId: MMSG-17999]
    2023-06-17 14:39:25.595 : User is logged out of session	[MsgId: MMSG-17999]
  2023-06-17 14:41:22.332 : IterationNum=17	[MsgId: MMSG-17999]
   USER 17 = user75:pwd75	[MsgId: MMSG-17999]
    2023-06-17 14:41:22.426 : Start page is opened	[MsgId: MMSG-17999]
    2023-06-17 14:41:26.572 : User is logged in with session 136654.101417578HAcQVtfpDtVzzzzHtcVHtpiHcAf	[MsgId: MMSG-17999]
    2023-06-17 14:41:31.701 : User is logged out of session	[MsgId: MMSG-17999]
  2023-06-17 14:43:28.332 : IterationNum=18	[MsgId: MMSG-17999]
   USER 18 = user75:pwd75	[MsgId: MMSG-17999]
    2023-06-17 14:43:28.427 : Start page is opened	[MsgId: MMSG-17999]
    2023-06-17 14:43:34.403 : User is logged in with session 136654.111624139HAcQVtfpizzzzzzHtcVHtpiHfc	[MsgId: MMSG-17999]
    2023-06-17 14:43:39.070 : User is logged out of session	[MsgId: MMSG-17999]
  2023-06-17 14:45:34.335 : IterationNum=19	[MsgId: MMSG-17999]
   USER 19 = user75:pwd75	[MsgId: MMSG-17999]
    2023-06-17 14:45:34.429 : Start page is opened	[MsgId: MMSG-17999]
    2023-06-17 14:45:38.430 : User is logged in with session 136654.121830701HAcQVtzpDQVzzzzHtcVHtpiHiDf	[MsgId: MMSG-17999]
    2023-06-17 14:45:44.449 : User is logged out of session	[MsgId: MMSG-17999]
  2023-06-17 14:47:40.350 : IterationNum=20	[MsgId: MMSG-17999]
   USER 20 = user75:pwd75	[MsgId: MMSG-17999]
    2023-06-17 14:47:40.445 : Start page is opened	[MsgId: MMSG-17999]
    2023-06-17 14:47:45.107 : User is logged in with session 136654.132037262HAcQVtzpQVzzzzzHtcVHtpiiVf	[MsgId: MMSG-17999]
    2023-06-17 14:47:49.126 : User is logged out of session	[MsgId: MMSG-17999]
  2023-06-17 14:49:46.356 : IterationNum=21	[MsgId: MMSG-17999]
   USER 21 = user75:pwd75	[MsgId: MMSG-17999]
    2023-06-17 14:49:46.450 : Start page is opened	[MsgId: MMSG-17999]
    2023-06-17 14:49:51.902 : User is logged in with session 136654.142243823HAcQVtHpttVzzzzHtcVHtpiitzf	[MsgId: MMSG-17999]
    2023-06-17 14:49:57.055 : User is logged out of session	[MsgId: MMSG-17999]
  2023-06-17 14:51:52.356 : IterationNum=22	[MsgId: MMSG-17999]
   USER 22 = user75:pwd75	[MsgId: MMSG-17999]
    2023-06-17 14:51:52.450 : Start page is opened	[MsgId: MMSG-17999]
    2023-06-17 14:51:57.800 : User is logged in with session 136654.152450385HAcQVtHpQzzzzzzHtcVHtpiiHi	[MsgId: MMSG-17999]
    2023-06-17 14:52:01.701 : User is logged out of session	[MsgId: MMSG-17999]
  2023-06-17 14:53:58.368 : IterationNum=23	[MsgId: MMSG-17999]
   USER 23 = user75:pwd75	[MsgId: MMSG-17999]
    2023-06-17 14:53:58.461 : Start page is opened	[MsgId: MMSG-17999]
    2023-06-17 14:54:04.734 : User is logged in with session 136654.162656946HAcQVtiptQVzzzzHtcVHtpiQAQf	[MsgId: MMSG-17999]
    2023-06-17 14:54:10.027 : User is logged out of session	[MsgId: MMSG-17999]
  2023-06-17 14:56:04.372 : IterationNum=24	[MsgId: MMSG-17999]
   USER 24 = user75:pwd75	[MsgId: MMSG-17999]
    2023-06-17 14:56:04.465 : Start page is opened	[MsgId: MMSG-17999]
    2023-06-17 14:56:10.492 : User is logged in with session 136654.172863508HAcQVtQpAVzzzzzHtcVHtpiQtV	[MsgId: MMSG-17999]
    2023-06-17 14:56:14.973 : User is logged out of session	[MsgId: MMSG-17999]
  2023-06-17 14:58:10.385 : IterationNum=25	[MsgId: MMSG-17999]
   USER 25 = user75:pwd75	[MsgId: MMSG-17999]
    2023-06-17 14:58:10.479 : Start page is opened	[MsgId: MMSG-17999]
    2023-06-17 14:58:14.764 : User is logged in with session 136654.183070069HAcQVtQpftVzzzzHtcVHtpiQHcf	[MsgId: MMSG-17999]
    2023-06-17 14:58:19.979 : User is logged out of session	[MsgId: MMSG-17999]
  2023-06-17 15:00:16.389 : IterationNum=26	[MsgId: MMSG-17999]
   USER 26 = user75:pwd75	[MsgId: MMSG-17999]
    2023-06-17 15:00:16.483 : Start page is opened	[MsgId: MMSG-17999]
    2023-06-17 15:00:20.625 : User is logged in with session 136654.19327663HAcQVfApAzzzzzzHtcVHtpQAAt	[MsgId: MMSG-17999]
    2023-06-17 15:00:25.469 : User is logged out of session	[MsgId: MMSG-17999]
  2023-06-17 15:02:22.397 : IterationNum=27	[MsgId: MMSG-17999]
   USER 27 = user75:pwd75	[MsgId: MMSG-17999]
    2023-06-17 15:02:22.491 : Start page is opened	[MsgId: MMSG-17999]
    2023-06-17 15:02:26.623 : User is logged in with session 136654.203483192HAcQVfApfQVzzzzHtcVHtpQADff	[MsgId: MMSG-17999]
    2023-06-17 15:02:32.158 : User is logged out of session	[MsgId: MMSG-17999]
  2023-06-17 15:04:28.398 : IterationNum=28	[MsgId: MMSG-17999]
   USER 28 = user75:pwd75	[MsgId: MMSG-17999]
    2023-06-17 15:04:28.492 : Start page is opened	[MsgId: MMSG-17999]
    2023-06-17 15:04:34.340 : User is logged in with session 136654.213689753HAcQVfVpVVzzzzzHtcVHtpQAzH	[MsgId: MMSG-17999]
    2023-06-17 15:04:38.942 : User is logged out of session	[MsgId: MMSG-17999]
  2023-06-17 15:06:34.409 : IterationNum=29	[MsgId: MMSG-17999]
   USER 29 = user75:pwd75	[MsgId: MMSG-17999]
    2023-06-17 15:06:34.504 : Start page is opened	[MsgId: MMSG-17999]
    2023-06-17 15:06:39.917 : User is logged in with session 136654.223896314HAcQVfVpztVzzzzHtcVHtpQAQif	[MsgId: MMSG-17999]
    2023-06-17 15:06:43.949 : User is logged out of session	[MsgId: MMSG-17999]
  2023-06-17 15:08:40.418 : IterationNum=30	[MsgId: MMSG-17999]
   USER 30 = user75:pwd75	[MsgId: MMSG-17999]
    2023-06-17 15:08:40.512 : Start page is opened	[MsgId: MMSG-17999]
    2023-06-17 15:08:46.340 : User is logged in with session 136654.234102876HAcQVfcpVzzzzzzHtcVHtpQVD	[MsgId: MMSG-17999]
    2023-06-17 15:08:50.899 : User is logged out of session	[MsgId: MMSG-17999]
  2023-06-17 15:10:46.419 : IterationNum=31	[MsgId: MMSG-17999]
   USER 31 = user75:pwd75	[MsgId: MMSG-17999]
    2023-06-17 15:10:46.513 : Start page is opened	[MsgId: MMSG-17999]
    2023-06-17 15:10:50.969 : User is logged in with session 136654.244309437HAcQVfcpzQVzzzzHtcVHtpQVzVf	[MsgId: MMSG-17999]
    2023-06-17 15:10:56.168 : User is logged out of session	[MsgId: MMSG-17999]
  2023-06-17 15:12:52.434 : IterationNum=32	[MsgId: MMSG-17999]
   USER 32 = user75:pwd75	[MsgId: MMSG-17999]
    2023-06-17 15:12:52.528 : Start page is opened	[MsgId: MMSG-17999]
    2023-06-17 15:12:58.061 : User is logged in with session 136654.254515998HAcQVfDpcVzzzzzHtcVHtpQVQD	[MsgId: MMSG-17999]
    2023-06-17 15:13:02.639 : User is logged out of session	[MsgId: MMSG-17999]
  2023-06-17 15:14:58.440 : IterationNum=33	[MsgId: MMSG-17999]
   USER 33 = user75:pwd75	[MsgId: MMSG-17999]
    2023-06-17 15:14:58.534 : Start page is opened	[MsgId: MMSG-17999]
    2023-06-17 15:15:04.313 : User is logged in with session 136654.26472256HAcQVfDpHtVzzzzHtcVHtpQcctf	[MsgId: MMSG-17999]
    2023-06-17 15:15:09.714 : User is logged out of session	[MsgId: MMSG-17999]
  2023-06-17 15:17:04.445 : IterationNum=34	[MsgId: MMSG-17999]
   USER 34 = user75:pwd75	[MsgId: MMSG-17999]
    2023-06-17 15:17:04.537 : Start page is opened	[MsgId: MMSG-17999]
    2023-06-17 15:17:10.537 : User is logged in with session 136654.274929121HAcQVftpczzzzzzHtcVHtpQcfz	[MsgId: MMSG-17999]
    2023-06-17 15:17:15.403 : User is logged out of session	[MsgId: MMSG-17999]
  2023-06-17 15:19:10.457 : IterationNum=35	[MsgId: MMSG-17999]
   USER 35 = user75:pwd75	[MsgId: MMSG-17999]
    2023-06-17 15:19:10.551 : Start page is opened	[MsgId: MMSG-17999]
    2023-06-17 15:19:15.421 : User is logged in with session 136654.285135682HAcQVftpHQVzzzzHtcVHtpQciHf	[MsgId: MMSG-17999]
    2023-06-17 15:19:21.406 : User is logged out of session	[MsgId: MMSG-17999]
  2023-06-17 15:21:16.465 : IterationNum=36	[MsgId: MMSG-17999]
   USER 36 = user75:pwd75	[MsgId: MMSG-17999]
    2023-06-17 15:21:16.560 : Start page is opened	[MsgId: MMSG-17999]
    2023-06-17 15:21:20.828 : User is logged in with session 136654.295342244HAcQVffpDVzzzzzHtcVHtpQDVQ	[MsgId: MMSG-17999]
    2023-06-17 15:21:25.375 : User is logged out of session	[MsgId: MMSG-17999]
  2023-06-17 15:23:22.465 : IterationNum=37	[MsgId: MMSG-17999]
   USER 37 = user75:pwd75	[MsgId: MMSG-17999]
    2023-06-17 15:23:22.560 : Start page is opened	[MsgId: MMSG-17999]
    2023-06-17 15:23:27.263 : User is logged in with session 136654.305548805HAcQVffpitVzzzzHtcVHtpQDfAf	[MsgId: MMSG-17999]
    2023-06-17 15:23:31.680 : User is logged out of session	[MsgId: MMSG-17999]
  2023-06-17 15:25:28.470 : IterationNum=38	[MsgId: MMSG-17999]
   USER 38 = user75:pwd75	[MsgId: MMSG-17999]
    2023-06-17 15:25:28.561 : Start page is opened	[MsgId: MMSG-17999]
    2023-06-17 15:25:32.812 : User is logged in with session 136654.315755367HAcQVfzpDzzzzzzHtcVHtpQDic	[MsgId: MMSG-17999]
    2023-06-17 15:25:38.943 : User is logged out of session	[MsgId: MMSG-17999]
  2023-06-17 15:27:34.485 : IterationNum=39	[MsgId: MMSG-17999]
   USER 39 = user75:pwd75	[MsgId: MMSG-17999]
    2023-06-17 15:27:34.579 : Start page is opened	[MsgId: MMSG-17999]
    2023-06-17 15:27:40.423 : User is logged in with session 136654.325961928HAcQVfzpiQVzzzzHtcVHtpQtVDf	[MsgId: MMSG-17999]
    2023-06-17 15:27:45.393 : User is logged out of session	[MsgId: MMSG-17999]
  2023-06-17 15:29:40.492 : IterationNum=40	[MsgId: MMSG-17999]
   USER 40 = user75:pwd75	[MsgId: MMSG-17999]
    2023-06-17 15:29:40.583 : Start page is opened	[MsgId: MMSG-17999]
    2023-06-17 15:29:44.547 : User is logged in with session 136654.336168489HAcQVfHptVzzzzzHtcVHtpQttf	[MsgId: MMSG-17999]
    2023-06-17 15:29:49.840 : User is logged out of session	[MsgId: MMSG-17999]
  2023-06-17 15:31:46.496 : IterationNum=41	[MsgId: MMSG-17999]
   USER 41 = user75:pwd75	[MsgId: MMSG-17999]
    2023-06-17 15:31:46.589 : Start page is opened	[MsgId: MMSG-17999]
    2023-06-17 15:31:51.123 : User is logged in with session 136654.346375051HAcQVfHpQtVzzzzHtcVHtpQtHzf	[MsgId: MMSG-17999]
    2023-06-17 15:31:56.047 : User is logged out of session	[MsgId: MMSG-17999]
  2023-06-17 15:33:52.497 : IterationNum=42	[MsgId: MMSG-17999]
   USER 42 = user75:pwd75	[MsgId: MMSG-17999]
    2023-06-17 15:33:52.591 : Start page is opened	[MsgId: MMSG-17999]
    2023-06-17 15:33:57.506 : User is logged in with session 136654.356581612HAcQVfiptzzzzzzHtcVHtpQfAi	[MsgId: MMSG-17999]
    2023-06-17 15:34:02.274 : User is logged out of session	[MsgId: MMSG-17999]
  2023-06-17 15:35:58.510 : IterationNum=43	[MsgId: MMSG-17999]
   USER 43 = user75:pwd75	[MsgId: MMSG-17999]
    2023-06-17 15:35:58.606 : Start page is opened	[MsgId: MMSG-17999]
    2023-06-17 15:36:02.482 : User is logged in with session 136654.366788173HAcQVfipQQVzzzzHtcVHtpQfDQf	[MsgId: MMSG-17999]
    2023-06-17 15:36:06.876 : User is logged out of session	[MsgId: MMSG-17999]
  2023-06-17 15:38:04.523 : IterationNum=44	[MsgId: MMSG-17999]
   USER 44 = user75:pwd75	[MsgId: MMSG-17999]
    2023-06-17 15:38:04.617 : Start page is opened	[MsgId: MMSG-17999]
    2023-06-17 15:38:08.917 : User is logged in with session 136654.376994735HAcQVfQpfVzzzzzHtcVHtpQfHV	[MsgId: MMSG-17999]
    2023-06-17 15:38:14.228 : User is logged out of session	[MsgId: MMSG-17999]
  2023-06-17 15:40:10.536 : IterationNum=45	[MsgId: MMSG-17999]
   USER 45 = user75:pwd75	[MsgId: MMSG-17999]
    2023-06-17 15:40:10.630 : Start page is opened	[MsgId: MMSG-17999]
    2023-06-17 15:40:16.457 : User is logged in with session 136654.387201296HAcQVzApAtVzzzzHtcVHtpQzAcf	[MsgId: MMSG-17999]
    2023-06-17 15:40:20.512 : User is logged out of session	[MsgId: MMSG-17999]
  2023-06-17 15:42:16.551 : IterationNum=46	[MsgId: MMSG-17999]
   USER 46 = user75:pwd75	[MsgId: MMSG-17999]
    2023-06-17 15:42:16.645 : Start page is opened	[MsgId: MMSG-17999]
    2023-06-17 15:42:22.762 : User is logged in with session 136654.397407857HAcQVzApfzzzzzzHtcVHtpQzDt	[MsgId: MMSG-17999]
    2023-06-17 15:42:27.147 : User is logged out of session	[MsgId: MMSG-17999]
  2023-06-17 15:44:22.562 : IterationNum=47	[MsgId: MMSG-17999]
   USER 47 = user75:pwd75	[MsgId: MMSG-17999]
    2023-06-17 15:44:22.656 : Start page is opened	[MsgId: MMSG-17999]
    2023-06-17 15:44:27.392 : User is logged in with session 136654.407614419HAcQVzVpAQVzzzzHtcVHtpQzzff	[MsgId: MMSG-17999]
    2023-06-17 15:44:33.209 : User is logged out of session	[MsgId: MMSG-17999]
  2023-06-17 15:46:28.577 : IterationNum=48	[MsgId: MMSG-17999]
   USER 48 = user75:pwd75	[MsgId: MMSG-17999]
    2023-06-17 15:46:28.672 : Start page is opened	[MsgId: MMSG-17999]
    2023-06-17 15:46:34.430 : User is logged in with session 136654.41782098HAcQVzVpzVzzzzzHtcVHtpQzQH	[MsgId: MMSG-17999]
    2023-06-17 15:46:39.955 : User is logged out of session	[MsgId: MMSG-17999]
  2023-06-17 15:48:34.592 : IterationNum=49	[MsgId: MMSG-17999]
   USER 49 = user75:pwd75	[MsgId: MMSG-17999]
    2023-06-17 15:48:34.686 : Start page is opened	[MsgId: MMSG-17999]
    2023-06-17 15:48:41.020 : User is logged in with session 136654.428027542HAcQVzcpVtVzzzzHtcVHtpQHcif	[MsgId: MMSG-17999]
    2023-06-17 15:48:46.977 : User is logged out of session	[MsgId: MMSG-17999]
  2023-06-17 15:50:40.601 : IterationNum=50	[MsgId: MMSG-17999]
   USER 50 = user75:pwd75	[MsgId: MMSG-17999]
    2023-06-17 15:50:40.695 : Start page is opened	[MsgId: MMSG-17999]
    2023-06-17 15:50:45.627 : User is logged in with session 136654.438234103HAcQVzcpzzzzzzzHtcVHtpQHz	[MsgId: MMSG-17999]
    2023-06-17 15:50:51.403 : User is logged out of session	[MsgId: MMSG-17999]
  2023-06-17 15:52:46.604 : IterationNum=51	[MsgId: MMSG-17999]
   USER 51 = user75:pwd75	[MsgId: MMSG-17999]
    2023-06-17 15:52:46.699 : Start page is opened	[MsgId: MMSG-17999]
    2023-06-17 15:52:52.762 : User is logged in with session 136654.448440664HAcQVzDpVQVzzzzHtcVHtpQHQVf	[MsgId: MMSG-17999]
    2023-06-17 15:52:56.751 : User is logged out of session	[MsgId: MMSG-17999]
  2023-06-17 15:54:52.612 : IterationNum=52	[MsgId: MMSG-17999]
   USER 52 = user75:pwd75	[MsgId: MMSG-17999]
    2023-06-17 15:54:52.705 : Start page is opened	[MsgId: MMSG-17999]
    2023-06-17 15:54:58.790 : User is logged in with session 136654.458647226HAcQVzDpHVzzzzzHtcVHtpQicD	[MsgId: MMSG-17999]
    2023-06-17 15:55:03.680 : User is logged out of session	[MsgId: MMSG-17999]
  2023-06-17 15:56:58.624 : IterationNum=53	[MsgId: MMSG-17999]
   USER 53 = user75:pwd75	[MsgId: MMSG-17999]
    2023-06-17 15:56:58.718 : Start page is opened	[MsgId: MMSG-17999]
    2023-06-17 15:57:02.677 : User is logged in with session 136654.468853787HAcQVztpctVzzzzHtcVHtpQiftf	[MsgId: MMSG-17999]
    2023-06-17 15:57:08.524 : User is logged out of session	[MsgId: MMSG-17999]
  2023-06-17 15:59:04.624 : IterationNum=54	[MsgId: MMSG-17999]
   USER 54 = user75:pwd75	[MsgId: MMSG-17999]
    2023-06-17 15:59:04.719 : Start page is opened	[MsgId: MMSG-17999]
    2023-06-17 15:59:10.653 : User is logged in with session 136654.479060348HAcQVztpHzzzzzzHtcVHtpQiiz	[MsgId: MMSG-17999]
    2023-06-17 15:59:16.177 : User is logged out of session	[MsgId: MMSG-17999]
  2023-06-17 16:01:10.634 : IterationNum=55	[MsgId: MMSG-17999]
   USER 55 = user75:pwd75	[MsgId: MMSG-17999]
    2023-06-17 16:01:10.728 : Start page is opened	[MsgId: MMSG-17999]
    2023-06-17 16:01:16.320 : User is logged in with session 136654.48926691HAcQVzfpcQVzzzzHtcVHtpQQVHf	[MsgId: MMSG-17999]
    2023-06-17 16:01:22.397 : User is logged out of session	[MsgId: MMSG-17999]
  2023-06-17 16:03:16.641 : IterationNum=56	[MsgId: MMSG-17999]
   USER 56 = user75:pwd75	[MsgId: MMSG-17999]
    2023-06-17 16:03:16.734 : Start page is opened	[MsgId: MMSG-17999]
    2023-06-17 16:03:21.554 : User is logged in with session 136654.499473471HAcQVzfpiVzzzzzHtcVHtpQQtQ	[MsgId: MMSG-17999]
    2023-06-17 16:03:27.753 : User is logged out of session	[MsgId: MMSG-17999]
  2023-06-17 16:05:22.640 : IterationNum=57	[MsgId: MMSG-17999]
   USER 57 = user75:pwd75	[MsgId: MMSG-17999]
    2023-06-17 16:05:22.733 : Start page is opened	[MsgId: MMSG-17999]
    2023-06-17 16:05:26.710 : User is logged in with session 136654.509680032HAcQVzzpDtVzzzzHtcVHtpQQiAf	[MsgId: MMSG-17999]
    2023-06-17 16:05:31.641 : User is logged out of session	[MsgId: MMSG-17999]
  2023-06-17 16:07:28.650 : IterationNum=58	[MsgId: MMSG-17999]
   USER 58 = user75:pwd75	[MsgId: MMSG-17999]
    2023-06-17 16:07:28.745 : Start page is opened	[MsgId: MMSG-17999]
    2023-06-17 16:07:33.915 : User is logged in with session 136654.519886594HAcQVzzpizzzzzzHtcVHfpAAVc	[MsgId: MMSG-17999]
    2023-06-17 16:07:38.082 : User is logged out of session	[MsgId: MMSG-17999]
  2023-06-17 16:09:34.665 : IterationNum=59	[MsgId: MMSG-17999]
   USER 59 = user75:pwd75	[MsgId: MMSG-17999]
    2023-06-17 16:09:34.759 : Start page is opened	[MsgId: MMSG-17999]
    2023-06-17 16:09:39.009 : User is logged in with session 136654.530093155HAcQVzHpDQVzzzzHtcVHfpAAtDf	[MsgId: MMSG-17999]
    2023-06-17 16:09:45.323 : User is logged out of session	[MsgId: MMSG-17999]
  2023-06-17 16:11:40.672 : IterationNum=60	[MsgId: MMSG-17999]
   USER 60 = user75:pwd75	[MsgId: MMSG-17999]
    2023-06-17 16:11:40.766 : Start page is opened	[MsgId: MMSG-17999]
    2023-06-17 16:11:45.996 : User is logged in with session 136654.540299716HAcQVzHpQVzzzzzHtcVHfpAAHf	[MsgId: MMSG-17999]
    2023-06-17 16:11:50.930 : User is logged out of session	[MsgId: MMSG-17999]
  2023-06-17 16:13:46.675 : IterationNum=61	[MsgId: MMSG-17999]
   USER 61 = user75:pwd75	[MsgId: MMSG-17999]
    2023-06-17 16:13:46.767 : Start page is opened	[MsgId: MMSG-17999]
    2023-06-17 16:13:51.103 : User is logged in with session 136654.550506278HAcQVzipttVzzzzHtcVHfpAVAzf	[MsgId: MMSG-17999]
    2023-06-17 16:13:56.416 : User is logged out of session	[MsgId: MMSG-17999]
  2023-06-17 16:15:52.685 : IterationNum=62	[MsgId: MMSG-17999]
   USER 62 = user75:pwd75	[MsgId: MMSG-17999]
    2023-06-17 16:15:52.780 : Start page is opened	[MsgId: MMSG-17999]
    2023-06-17 16:15:58.043 : User is logged in with session 136654.560712839HAcQVzipQzzzzzzHtcVHfpAVDi	[MsgId: MMSG-17999]
    2023-06-17 16:16:04.064 : User is logged out of session	[MsgId: MMSG-17999]
  2023-06-17 16:17:58.699 : IterationNum=63	[MsgId: MMSG-17999]
   USER 63 = user75:pwd75	[MsgId: MMSG-17999]
    2023-06-17 16:17:58.794 : Start page is opened	[MsgId: MMSG-17999]
    2023-06-17 16:18:03.505 : User is logged in with session 136654.570919401HAcQVzQptQVzzzzHtcVHfpAVzQf	[MsgId: MMSG-17999]
    2023-06-17 16:18:08.774 : User is logged out of session	[MsgId: MMSG-17999]
  2023-06-17 16:20:04.711 : IterationNum=64	[MsgId: MMSG-17999]
   USER 64 = user75:pwd75	[MsgId: MMSG-17999]
    2023-06-17 16:20:04.806 : Start page is opened	[MsgId: MMSG-17999]
    2023-06-17 16:20:10.498 : User is logged in with session 136654.581125962HAcQVHApAVzzzzzHtcVHfpAcAV	[MsgId: MMSG-17999]
    2023-06-17 16:20:14.387 : User is logged out of session	[MsgId: MMSG-17999]
  2023-06-17 16:22:10.713 : IterationNum=65	[MsgId: MMSG-17999]
   USER 65 = user75:pwd75	[MsgId: MMSG-17999]
    2023-06-17 16:22:10.808 : Start page is opened	[MsgId: MMSG-17999]
    2023-06-17 16:22:15.773 : User is logged in with session 136654.591332523HAcQVHApftVzzzzHtcVHfpAcDcf	[MsgId: MMSG-17999]
    2023-06-17 16:22:20.923 : User is logged out of session	[MsgId: MMSG-17999]
  2023-06-17 16:24:16.719 : IterationNum=66	[MsgId: MMSG-17999]
   USER 66 = user75:pwd75	[MsgId: MMSG-17999]
    2023-06-17 16:24:16.814 : Start page is opened	[MsgId: MMSG-17999]
    2023-06-17 16:24:23.153 : User is logged in with session 136654.601539085HAcQVHVpAzzzzzzHtcVHfpAczt	[MsgId: MMSG-17999]
    2023-06-17 16:24:27.297 : User is logged out of session	[MsgId: MMSG-17999]
  2023-06-17 16:26:22.733 : IterationNum=67	[MsgId: MMSG-17999]
   USER 67 = user75:pwd75	[MsgId: MMSG-17999]
    2023-06-17 16:26:22.826 : Start page is opened	[MsgId: MMSG-17999]
    2023-06-17 16:26:28.750 : User is logged in with session 136654.611745646HAcQVHVpfQVzzzzHtcVHfpAcQff	[MsgId: MMSG-17999]
    2023-06-17 16:26:34.995 : User is logged out of session	[MsgId: MMSG-17999]
  2023-06-17 16:28:28.747 : IterationNum=68	[MsgId: MMSG-17999]
   USER 68 = user75:pwd75	[MsgId: MMSG-17999]
    2023-06-17 16:28:28.841 : Start page is opened	[MsgId: MMSG-17999]
    2023-06-17 16:28:34.661 : User is logged in with session 136654.621952207HAcQVHcpVVzzzzzHtcVHfpADcH	[MsgId: MMSG-17999]
    2023-06-17 16:28:38.674 : User is logged out of session	[MsgId: MMSG-17999]
  2023-06-17 16:30:34.759 : IterationNum=69	[MsgId: MMSG-17999]
   USER 69 = user75:pwd75	[MsgId: MMSG-17999]
    2023-06-17 16:30:34.853 : Start page is opened	[MsgId: MMSG-17999]
    2023-06-17 16:30:39.138 : User is logged in with session 136654.632158769HAcQVHcpztVzzzzHtcVHfpADfif	[MsgId: MMSG-17999]
    2023-06-17 16:30:44.872 : User is logged out of session	[MsgId: MMSG-17999]
  2023-06-17 16:32:40.772 : IterationNum=70	[MsgId: MMSG-17999]
   USER 70 = user75:pwd75	[MsgId: MMSG-17999]
    2023-06-17 16:32:40.866 : Start page is opened	[MsgId: MMSG-17999]
    2023-06-17 16:32:47.028 : User is logged in with session 136654.64236533HAcQVHDpVzzzzzzHtcVHfpADQ	[MsgId: MMSG-17999]
    2023-06-17 16:32:51.492 : User is logged out of session	[MsgId: MMSG-17999]
  2023-06-17 16:34:46.784 : IterationNum=71	[MsgId: MMSG-17999]
   USER 71 = user75:pwd75	[MsgId: MMSG-17999]
    2023-06-17 16:34:46.879 : Start page is opened	[MsgId: MMSG-17999]
    2023-06-17 16:34:52.615 : User is logged in with session 136654.652571891HAcQVHDpzQVzzzzHtcVHfpAtcVf	[MsgId: MMSG-17999]
    2023-06-17 16:34:57.836 : User is logged out of session	[MsgId: MMSG-17999]
  2023-06-17 16:36:52.791 : IterationNum=72	[MsgId: MMSG-17999]
   USER 72 = user75:pwd75	[MsgId: MMSG-17999]
    2023-06-17 16:36:52.886 : Start page is opened	[MsgId: MMSG-17999]
    2023-06-17 16:36:58.509 : User is logged in with session 136654.662778453HAcQVHtpcVzzzzzHtcVHfpAtfD	[MsgId: MMSG-17999]
    2023-06-17 16:37:03.048 : User is logged out of session	[MsgId: MMSG-17999]
  2023-06-17 16:38:58.805 : IterationNum=73	[MsgId: MMSG-17999]
   USER 73 = user75:pwd75	[MsgId: MMSG-17999]
    2023-06-17 16:38:58.900 : Start page is opened	[MsgId: MMSG-17999]
    2023-06-17 16:39:05.086 : User is logged in with session 136654.672985014HAcQVHtpHtVzzzzHtcVHfpAtitf	[MsgId: MMSG-17999]
    2023-06-17 16:39:09.842 : User is logged out of session	[MsgId: MMSG-17999]
  2023-06-17 16:41:04.815 : IterationNum=74	[MsgId: MMSG-17999]
   USER 74 = user75:pwd75	[MsgId: MMSG-17999]
    2023-06-17 16:41:04.909 : Start page is opened	[MsgId: MMSG-17999]
    2023-06-17 16:41:11.196 : User is logged in with session 136654.683191576HAcQVHfpczzzzzzHtcVHfpAfVz	[MsgId: MMSG-17999]
    2023-06-17 16:41:17.191 : User is logged out of session	[MsgId: MMSG-17999]
  2023-06-17 16:43:10.825 : IterationNum=75	[MsgId: MMSG-17999]
   USER 75 = user75:pwd75	[MsgId: MMSG-17999]
    2023-06-17 16:43:10.919 : Start page is opened	[MsgId: MMSG-17999]
    2023-06-17 16:43:16.930 : User is logged in with session 136654.693398137HAcQVHfpHQVzzzzHtcVHfpAftHf	[MsgId: MMSG-17999]
    2023-06-17 16:43:23.122 : User is logged out of session	[MsgId: MMSG-17999]
  2023-06-17 16:45:16.834 : IterationNum=76	[MsgId: MMSG-17999]
   USER 76 = user75:pwd75	[MsgId: MMSG-17999]
    2023-06-17 16:45:16.927 : Start page is opened	[MsgId: MMSG-17999]
    2023-06-17 16:45:21.023 : User is logged in with session 136654.703604698HAcQVHzpDVzzzzzHtcVHfpAfHQ	[MsgId: MMSG-17999]
    2023-06-17 16:45:25.306 : User is logged out of session	[MsgId: MMSG-17999]
  2023-06-17 16:47:22.839 : IterationNum=77	[MsgId: MMSG-17999]
   USER 77 = user75:pwd75	[MsgId: MMSG-17999]
    2023-06-17 16:47:22.932 : Start page is opened	[MsgId: MMSG-17999]
    2023-06-17 16:47:28.162 : User is logged in with session 136654.71381126HAcQVHzpitVzzzzHtcVHfpAzVAf	[MsgId: MMSG-17999]
    2023-06-17 16:47:33.983 : User is logged out of session	[MsgId: MMSG-17999]
  2023-06-17 16:49:28.844 : IterationNum=78	[MsgId: MMSG-17999]
   USER 78 = user75:pwd75	[MsgId: MMSG-17999]
    2023-06-17 16:49:28.940 : Start page is opened	[MsgId: MMSG-17999]
    2023-06-17 16:49:35.011 : User is logged in with session 136654.724017821HAcQVHHpDzzzzzzHtcVHfpAztc	[MsgId: MMSG-17999]
    2023-06-17 16:49:41.242 : User is logged out of session	[MsgId: MMSG-17999]
  2023-06-17 16:51:34.858 : IterationNum=79	[MsgId: MMSG-17999]
   USER 79 = user75:pwd75	[MsgId: MMSG-17999]
    2023-06-17 16:51:34.950 : Start page is opened	[MsgId: MMSG-17999]
    2023-06-17 16:51:40.135 : User is logged in with session 136654.734224382HAcQVHHpiQVzzzzHtcVHfpAzHDf	[MsgId: MMSG-17999]
    2023-06-17 16:51:45.894 : User is logged out of session	[MsgId: MMSG-17999]
  2023-06-17 16:53:40.868 : IterationNum=80	[MsgId: MMSG-17999]
   USER 80 = user75:pwd75	[MsgId: MMSG-17999]
    2023-06-17 16:53:40.961 : Start page is opened	[MsgId: MMSG-17999]
    2023-06-17 16:53:46.006 : User is logged in with session 136654.744430944HAcQVHiptVzzzzzHtcVHfpAHAf	[MsgId: MMSG-17999]
    2023-06-17 16:53:52.114 : User is logged out of session	[MsgId: MMSG-17999]
  2023-06-17 16:55:46.879 : IterationNum=81	[MsgId: MMSG-17999]
   USER 81 = user75:pwd75	[MsgId: MMSG-17999]
    2023-06-17 16:55:46.974 : Start page is opened	[MsgId: MMSG-17999]
    2023-06-17 16:55:51.736 : User is logged in with session 136654.754637505HAcQVHipQtVzzzzHtcVHfpAHDzf	[MsgId: MMSG-17999]
    2023-06-17 16:55:56.746 : User is logged out of session	[MsgId: MMSG-17999]
  2023-06-17 16:57:52.889 : IterationNum=82	[MsgId: MMSG-17999]
   USER 82 = user75:pwd75	[MsgId: MMSG-17999]
    2023-06-17 16:57:52.982 : Start page is opened	[MsgId: MMSG-17999]
    2023-06-17 16:57:57.204 : User is logged in with session 136654.764844066HAcQVHQptzzzzzzHtcVHfpAHzi	[MsgId: MMSG-17999]
    2023-06-17 16:58:03.173 : User is logged out of session	[MsgId: MMSG-17999]
  2023-06-17 16:59:58.903 : IterationNum=83	[MsgId: MMSG-17999]
   USER 83 = user75:pwd75	[MsgId: MMSG-17999]
    2023-06-17 16:59:58.997 : Start page is opened	[MsgId: MMSG-17999]
    2023-06-17 17:00:03.634 : User is logged in with session 136654.775050628HAcQVHQpQQVzzzzHtcVHfpAHQQf	[MsgId: MMSG-17999]
    2023-06-17 17:00:09.454 : User is logged out of session	[MsgId: MMSG-17999]
  2023-06-17 17:02:04.905 : IterationNum=84	[MsgId: MMSG-17999]
   USER 84 = user75:pwd75	[MsgId: MMSG-17999]
    2023-06-17 17:02:04.998 : Start page is opened	[MsgId: MMSG-17999]
    2023-06-17 17:02:10.417 : User is logged in with session 136654.785257189HAcQViApfVzzzzzHtcVHfpAiDV	[MsgId: MMSG-17999]
    2023-06-17 17:02:16.356 : User is logged out of session	[MsgId: MMSG-17999]
  2023-06-17 17:04:10.918 : IterationNum=85	[MsgId: MMSG-17999]
   USER 85 = user75:pwd75	[MsgId: MMSG-17999]
    2023-06-17 17:04:11.011 : Start page is opened	[MsgId: MMSG-17999]
    2023-06-17 17:04:15.890 : User is logged in with session 136654.795463751HAcQViVpAtVzzzzHtcVHfpAizcf	[MsgId: MMSG-17999]
    2023-06-17 17:04:20.018 : User is logged out of session	[MsgId: MMSG-17999]
  2023-06-17 17:06:16.930 : IterationNum=86	[MsgId: MMSG-17999]
   USER 86 = user75:pwd75	[MsgId: MMSG-17999]
    2023-06-17 17:06:17.023 : Start page is opened	[MsgId: MMSG-17999]
    2023-06-17 17:06:22.247 : User is logged in with session 136654.805670312HAcQViVpfzzzzzzHtcVHfpAiQt	[MsgId: MMSG-17999]
    2023-06-17 17:06:26.466 : User is logged out of session	[MsgId: MMSG-17999]
  2023-06-17 17:08:22.939 : IterationNum=87	[MsgId: MMSG-17999]
   USER 87 = user75:pwd75	[MsgId: MMSG-17999]
    2023-06-17 17:08:23.035 : Start page is opened	[MsgId: MMSG-17999]
    2023-06-17 17:08:28.028 : User is logged in with session 136654.815876873HAcQVicpAQVzzzzHtcVHfpAQcff	[MsgId: MMSG-17999]
    2023-06-17 17:08:33.081 : User is logged out of session	[MsgId: MMSG-17999]
  2023-06-17 17:10:28.940 : IterationNum=88	[MsgId: MMSG-17999]
   USER 88 = user75:pwd75	[MsgId: MMSG-17999]
    2023-06-17 17:10:29.034 : Start page is opened	[MsgId: MMSG-17999]
    2023-06-17 17:10:34.394 : User is logged in with session 136654.826083435HAcQVicpzVzzzzzHtcVHfpAQfH	[MsgId: MMSG-17999]
    2023-06-17 17:10:40.437 : User is logged out of session	[MsgId: MMSG-17999]
  2023-06-17 17:12:34.955 : IterationNum=89	[MsgId: MMSG-17999]
   USER 89 = user75:pwd75	[MsgId: MMSG-17999]
    2023-06-17 17:12:35.050 : Start page is opened	[MsgId: MMSG-17999]
    2023-06-17 17:12:40.375 : User is logged in with session 136654.836289996HAcQViDpVtVzzzzHtcVHfpAQiif	[MsgId: MMSG-17999]
    2023-06-17 17:12:46.464 : User is logged out of session	[MsgId: MMSG-17999]
  2023-06-17 17:14:40.959 : IterationNum=90	[MsgId: MMSG-17999]
   USER 90 = user75:pwd75	[MsgId: MMSG-17999]
    2023-06-17 17:14:41.053 : Start page is opened	[MsgId: MMSG-17999]
    2023-06-17 17:14:44.925 : User is logged in with session 136654.846496557HAcQViDpzzzzzzzHtcVHfpVAc	[MsgId: MMSG-17999]
    2023-06-17 17:14:51.271 : User is logged out of session	[MsgId: MMSG-17999]
  2023-06-17 17:16:46.967 : IterationNum=91	[MsgId: MMSG-17999]
   USER 91 = user75:pwd75	[MsgId: MMSG-17999]
    2023-06-17 17:16:47.060 : Start page is opened	[MsgId: MMSG-17999]
    2023-06-17 17:16:53.091 : User is logged in with session 136654.856703119HAcQVitpVQVzzzzHtcVHfpVAfVf	[MsgId: MMSG-17999]
    2023-06-17 17:16:59.053 : User is logged out of session	[MsgId: MMSG-17999]
  2023-06-17 17:18:52.978 : IterationNum=92	[MsgId: MMSG-17999]
   USER 92 = user75:pwd75	[MsgId: MMSG-17999]
    2023-06-17 17:18:53.071 : Start page is opened	[MsgId: MMSG-17999]
    2023-06-17 17:18:59.010 : User is logged in with session 136654.866990684HAcQVitpHcAiDDDDtcVHfpVAiDcf	[MsgId: MMSG-17999]
    2023-06-17 17:19:05.085 : User is logged out of session	[MsgId: MMSG-17999]
  2023-06-17 17:20:58.989 : IterationNum=93	[MsgId: MMSG-17999]
   USER 93 = user75:pwd75	[MsgId: MMSG-17999]
    2023-06-17 17:20:59.083 : Start page is opened	[MsgId: MMSG-17999]
    2023-06-17 17:21:03.236 : User is logged in with session 136654.877197246HAcQVifpctfiDDDDtcVHfpVVVtHf	[MsgId: MMSG-17999]
    2023-06-17 17:21:09.212 : User is logged out of session	[MsgId: MMSG-17999]
  2023-06-17 17:23:05.004 : IterationNum=94	[MsgId: MMSG-17999]
   USER 94 = user75:pwd75	[MsgId: MMSG-17999]
    2023-06-17 17:23:05.100 : Start page is opened	[MsgId: MMSG-17999]
    2023-06-17 17:23:09.471 : User is logged in with session 136654.887403807HAcQVifpHHAiDDDDtcVHfpVVtzcf	[MsgId: MMSG-17999]
    2023-06-17 17:23:15.547 : User is logged out of session	[MsgId: MMSG-17999]
  2023-06-17 17:25:11.014 : IterationNum=95	[MsgId: MMSG-17999]
   USER 95 = user75:pwd75	[MsgId: MMSG-17999]
    2023-06-17 17:25:11.106 : Start page is opened	[MsgId: MMSG-17999]
    2023-06-17 17:25:15.824 : User is logged in with session 136654.897610369HAcQVizpcQfiDDDDtcVHfpVVHHHf	[MsgId: MMSG-17999]
    2023-06-17 17:25:20.429 : User is logged out of session	[MsgId: MMSG-17999]
  2023-06-17 17:27:17.025 : IterationNum=96	[MsgId: MMSG-17999]
   USER 96 = user75:pwd75	[MsgId: MMSG-17999]
    2023-06-17 17:27:17.119 : Start page is opened	[MsgId: MMSG-17999]
    2023-06-17 17:27:22.441 : User is logged in with session 136654.90781693HAcQVizpicAiDDDDtcVHfpVcAQcf	[MsgId: MMSG-17999]
    2023-06-17 17:27:27.322 : User is logged out of session	[MsgId: MMSG-17999]
  2023-06-17 17:29:23.037 : IterationNum=97	[MsgId: MMSG-17999]
   USER 97 = user75:pwd75	[MsgId: MMSG-17999]
    2023-06-17 17:29:23.132 : Start page is opened	[MsgId: MMSG-17999]
    2023-06-17 17:29:27.560 : User is logged in with session 136654.918023491HAcQViHpDtfiDDDDtcVHfpVctAHf	[MsgId: MMSG-17999]
    2023-06-17 17:29:33.024 : User is logged out of session	[MsgId: MMSG-17999]
  2023-06-17 17:31:29.042 : IterationNum=98	[MsgId: MMSG-17999]
   USER 98 = user75:pwd75	[MsgId: MMSG-17999]
    2023-06-17 17:31:29.137 : Start page is opened	[MsgId: MMSG-17999]
    2023-06-17 17:31:33.344 : User is logged in with session 136654.928230053HAcQViHpiHAiDDDDtcVHfpVcHccf	[MsgId: MMSG-17999]
    2023-06-17 17:31:37.394 : User is logged out of session	[MsgId: MMSG-17999]
  2023-06-17 17:33:35.044 : IterationNum=99	[MsgId: MMSG-17999]
   USER 99 = user75:pwd75	[MsgId: MMSG-17999]
    2023-06-17 17:33:35.138 : Start page is opened	[MsgId: MMSG-17999]
    2023-06-17 17:33:40.670 : User is logged in with session 136654.938436614HAcQViipDQfiDDDDtcVHfpVDADHf	[MsgId: MMSG-17999]
    2023-06-17 17:33:46.393 : User is logged out of session	[MsgId: MMSG-17999]
  2023-06-17 17:35:41.052 : IterationNum=100	[MsgId: MMSG-17999]
   USER 100 = user75:pwd75	[MsgId: MMSG-17999]
    2023-06-17 17:35:41.146 : Start page is opened	[MsgId: MMSG-17999]
    2023-06-17 17:35:47.168 : User is logged in with session 136654.948643175HAcQViipQcAiDDDDtcVHfpVDDfcf	[MsgId: MMSG-17999]
    2023-06-17 17:35:51.920 : User is logged out of session	[MsgId: MMSG-17999]
  2023-06-17 17:37:47.067 : IterationNum=101	[MsgId: MMSG-17999]
   USER 101 = user75:pwd75	[MsgId: MMSG-17999]
    2023-06-17 17:37:47.162 : Start page is opened	[MsgId: MMSG-17999]
    2023-06-17 17:37:52.110 : User is logged in with session 136654.958849737HAcQViQpttfiDDDDtcVHfpVDzzHf	[MsgId: MMSG-17999]
    2023-06-17 17:37:58.480 : User is logged out of session	[MsgId: MMSG-17999]
  2023-06-17 17:39:53.080 : IterationNum=102	[MsgId: MMSG-17999]
   USER 102 = user75:pwd75	[MsgId: MMSG-17999]
    2023-06-17 17:39:53.174 : Start page is opened	[MsgId: MMSG-17999]
    2023-06-17 17:39:58.921 : User is logged in with session 136654.969056298HAcQViQpQHAiDDDDtcVHfpVDQicf	[MsgId: MMSG-17999]
    2023-06-17 17:40:03.847 : User is logged out of session	[MsgId: MMSG-17999]
  2023-06-17 17:41:59.083 : IterationNum=103	[MsgId: MMSG-17999]
   USER 103 = user75:pwd75	[MsgId: MMSG-17999]
    2023-06-17 17:41:59.178 : Start page is opened	[MsgId: MMSG-17999]
    2023-06-17 17:42:04.884 : User is logged in with session 136654.979262859HAcQVQAptQfiDDDDtcVHfpVtcQHf	[MsgId: MMSG-17999]
    2023-06-17 17:42:10.765 : User is logged out of session	[MsgId: MMSG-17999]
  2023-06-17 17:44:05.094 : IterationNum=104	[MsgId: MMSG-17999]
   USER 104 = user75:pwd75	[MsgId: MMSG-17999]
    2023-06-17 17:44:05.187 : Start page is opened	[MsgId: MMSG-17999]
    2023-06-17 17:44:11.428 : User is logged in with session 136654.989469421HAcQVQVpAcAiDDDDtcVHfpVtzVcf	[MsgId: MMSG-17999]
    2023-06-17 17:44:17.258 : User is logged out of session	[MsgId: MMSG-17999]
  2023-06-17 17:46:11.104 : IterationNum=105	[MsgId: MMSG-17999]
   USER 105 = user75:pwd75	[MsgId: MMSG-17999]
    2023-06-17 17:46:11.198 : Start page is opened	[MsgId: MMSG-17999]
    2023-06-17 17:46:15.594 : User is logged in with session 136654.999675982HAcQVQVpftfiDDDDtcVHfpVtQcHf	[MsgId: MMSG-17999]
    2023-06-17 17:46:21.504 : User is logged out of session	[MsgId: MMSG-17999]
  2023-06-17 17:48:17.104 : IterationNum=106	[MsgId: MMSG-17999]
   USER 106 = user75:pwd75	[MsgId: MMSG-17999]
    2023-06-17 17:48:17.198 : Start page is opened	[MsgId: MMSG-17999]
    2023-06-17 17:48:23.253 : User is logged in with session 136655.009882544HAcQVQcpAHAiDDDDtcVHfpVfctcf	[MsgId: MMSG-17999]
    2023-06-17 17:48:27.597 : User is logged out of session	[MsgId: MMSG-17999]
  2023-06-17 17:50:23.110 : IterationNum=107	[MsgId: MMSG-17999]
   USER 107 = user75:pwd75	[MsgId: MMSG-17999]
    2023-06-17 17:50:23.205 : Start page is opened	[MsgId: MMSG-17999]
    2023-06-17 17:50:28.926 : User is logged in with session 136655.020089105HAcQVQcpfQfiDDDDtcVHfpVfffHf	[MsgId: MMSG-17999]
    2023-06-17 17:50:34.809 : User is logged out of session	[MsgId: MMSG-17999]
  2023-06-17 17:52:29.126 : IterationNum=108	[MsgId: MMSG-17999]
   USER 108 = user75:pwd75	[MsgId: MMSG-17999]
    2023-06-17 17:52:29.221 : Start page is opened	[MsgId: MMSG-17999]
    2023-06-17 17:52:34.437 : User is logged in with session 136655.030295666HAcQVQDpVcAiDDDDtcVHfpVfiHcf	[MsgId: MMSG-17999]
    2023-06-17 17:52:38.671 : User is logged out of session	[MsgId: MMSG-17999]
  2023-06-17 17:54:35.134 : IterationNum=109	[MsgId: MMSG-17999]
   USER 109 = user75:pwd75	[MsgId: MMSG-17999]
    2023-06-17 17:54:35.228 : Start page is opened	[MsgId: MMSG-17999]
    2023-06-17 17:54:40.449 : User is logged in with session 136655.040502228HAcQVQDpztfiDDDDtcVHfpVzViHf	[MsgId: MMSG-17999]
    2023-06-17 17:54:46.782 : User is logged out of session	[MsgId: MMSG-17999]
  2023-06-17 17:56:41.138 : IterationNum=110	[MsgId: MMSG-17999]
   USER 110 = user75:pwd75	[MsgId: MMSG-17999]
    2023-06-17 17:56:41.232 : Start page is opened	[MsgId: MMSG-17999]
    2023-06-17 17:56:45.195 : User is logged in with session 136655.050708789HAcQVQtpVHAiDDDDtcVHfpVzfAcf	[MsgId: MMSG-17999]
    2023-06-17 17:56:49.483 : User is logged out of session	[MsgId: MMSG-17999]
  2023-06-17 17:58:47.141 : IterationNum=111	[MsgId: MMSG-17999]
   USER 111 = user75:pwd75	[MsgId: MMSG-17999]
    2023-06-17 17:58:47.235 : Start page is opened	[MsgId: MMSG-17999]
    2023-06-17 17:58:52.290 : User is logged in with session 136655.06091535HAcQVQtpzQfiDDDDtcVHfpVziVHf	[MsgId: MMSG-17999]
    2023-06-17 17:58:56.656 : User is logged out of session	[MsgId: MMSG-17999]
  2023-06-17 18:00:53.153 : IterationNum=112	[MsgId: MMSG-17999]
   USER 112 = user75:pwd75	[MsgId: MMSG-17999]
    2023-06-17 18:00:53.247 : Start page is opened	[MsgId: MMSG-17999]
    2023-06-17 18:00:57.549 : User is logged in with session 136655.071121912HAcQVQfpccAiDDDDtcVHfpVHVDcf	[MsgId: MMSG-17999]
    2023-06-17 18:01:03.481 : User is logged out of session	[MsgId: MMSG-17999]
  2023-06-17 18:02:59.156 : IterationNum=113	[MsgId: MMSG-17999]
   USER 113 = user75:pwd75	[MsgId: MMSG-17999]
    2023-06-17 18:02:59.251 : Start page is opened	[MsgId: MMSG-17999]
    2023-06-17 18:03:03.807 : User is logged in with session 136655.081328473HAcQVQfpHtfiDDDDtcVHfpVHttHf	[MsgId: MMSG-17999]
    2023-06-17 18:03:08.204 : User is logged out of session	[MsgId: MMSG-17999]
  2023-06-17 18:05:05.157 : IterationNum=114	[MsgId: MMSG-17999]
   USER 114 = user75:pwd75	[MsgId: MMSG-17999]
    2023-06-17 18:05:05.251 : Start page is opened	[MsgId: MMSG-17999]
    2023-06-17 18:05:11.275 : User is logged in with session 136655.091535034HAcQVQzpcHAiDDDDtcVHfpVHHzcf	[MsgId: MMSG-17999]
    2023-06-17 18:05:17.448 : User is logged out of session	[MsgId: MMSG-17999]
  2023-06-17 18:07:11.169 : IterationNum=115	[MsgId: MMSG-17999]
   USER 115 = user75:pwd75	[MsgId: MMSG-17999]
    2023-06-17 18:07:11.263 : Start page is opened	[MsgId: MMSG-17999]
    2023-06-17 18:07:15.920 : User is logged in with session 136655.101741596HAcQVQzpHQfiDDDDtcVHfpViAHHf	[MsgId: MMSG-17999]
    2023-06-17 18:07:21.435 : User is logged out of session	[MsgId: MMSG-17999]
  2023-06-17 18:09:17.177 : IterationNum=116	[MsgId: MMSG-17999]
   USER 116 = user75:pwd75	[MsgId: MMSG-17999]
    2023-06-17 18:09:17.271 : Start page is opened	[MsgId: MMSG-17999]
    2023-06-17 18:09:22.608 : User is logged in with session 136655.111948157HAcQVQHpDcAiDDDDtcVHfpViDQcf	[MsgId: MMSG-17999]
    2023-06-17 18:09:27.032 : User is logged out of session	[MsgId: MMSG-17999]
  2023-06-17 18:11:23.180 : IterationNum=117	[MsgId: MMSG-17999]
   USER 117 = user75:pwd75	[MsgId: MMSG-17999]
    2023-06-17 18:11:23.273 : Start page is opened	[MsgId: MMSG-17999]
    2023-06-17 18:11:29.157 : User is logged in with session 136655.122154719HAcQVQHpitfiDDDDtcVHfpViHAHf	[MsgId: MMSG-17999]
    2023-06-17 18:11:34.232 : User is logged out of session	[MsgId: MMSG-17999]
  2023-06-17 18:13:29.185 : IterationNum=118	[MsgId: MMSG-17999]
   USER 118 = user75:pwd75	[MsgId: MMSG-17999]
    2023-06-17 18:13:29.279 : Start page is opened	[MsgId: MMSG-17999]
    2023-06-17 18:13:34.330 : User is logged in with session 136655.13236128HAcQVQipDHAiDDDDtcVHfpVQAccf	[MsgId: MMSG-17999]
    2023-06-17 18:13:38.898 : User is logged out of session	[MsgId: MMSG-17999]
  2023-06-17 18:15:35.196 : IterationNum=119	[MsgId: MMSG-17999]
   USER 119 = user75:pwd75	[MsgId: MMSG-17999]
    2023-06-17 18:15:35.290 : Start page is opened	[MsgId: MMSG-17999]
    2023-06-17 18:15:40.965 : User is logged in with session 136655.142567841HAcQVQipiQfiDDDDtcVHfpVQDDHf	[MsgId: MMSG-17999]
    2023-06-17 18:15:45.485 : User is logged out of session	[MsgId: MMSG-17999]
  2023-06-17 18:17:41.197 : IterationNum=120	[MsgId: MMSG-17999]
   USER 120 = user75:pwd75	[MsgId: MMSG-17999]
    2023-06-17 18:17:41.291 : Start page is opened	[MsgId: MMSG-17999]
    2023-06-17 18:17:46.538 : User is logged in with session 136655.152774403HAcQVQQptcAiDDDDtcVHfpVQzfcf	[MsgId: MMSG-17999]
    2023-06-17 18:17:52.113 : User is logged out of session	[MsgId: MMSG-17999]
  2023-06-17 18:19:47.203 : IterationNum=121	[MsgId: MMSG-17999]
   USER 121 = user75:pwd75	[MsgId: MMSG-17999]
    2023-06-17 18:19:47.297 : Start page is opened	[MsgId: MMSG-17999]
    2023-06-17 18:19:52.039 : User is logged in with session 136655.162980964HAcQVQQpQtfiDDDDtcVHfpVQQzHf	[MsgId: MMSG-17999]
    2023-06-17 18:19:58.009 : User is logged out of session	[MsgId: MMSG-17999]
  2023-06-17 18:21:53.203 : IterationNum=122	[MsgId: MMSG-17999]
   USER 122 = user75:pwd75	[MsgId: MMSG-17999]
    2023-06-17 18:21:53.297 : Start page is opened	[MsgId: MMSG-17999]
    2023-06-17 18:21:57.303 : User is logged in with session 136655.173187525HAcQcAAptHAiDDDDtcVHfpcAcicf	[MsgId: MMSG-17999]
    2023-06-17 18:22:01.950 : User is logged out of session	[MsgId: MMSG-17999]
  2023-06-17 18:23:59.204 : IterationNum=123	[MsgId: MMSG-17999]
   USER 123 = user75:pwd75	[MsgId: MMSG-17999]
    2023-06-17 18:23:59.298 : Start page is opened	[MsgId: MMSG-17999]
    2023-06-17 18:24:05.321 : User is logged in with session 136655.183394087HAcQcAApQQfiDDDDtcVHfpcAfQHf	[MsgId: MMSG-17999]
    2023-06-17 18:24:11.273 : User is logged out of session	[MsgId: MMSG-17999]
  2023-06-17 18:26:05.209 : IterationNum=124	[MsgId: MMSG-17999]
   USER 124 = user75:pwd75	[MsgId: MMSG-17999]
    2023-06-17 18:26:05.302 : Start page is opened	[MsgId: MMSG-17999]
    2023-06-17 18:26:11.614 : User is logged in with session 136655.193600648HAcQcAVpfcAiDDDDtcVHfpcAQVcf	[MsgId: MMSG-17999]
    2023-06-17 18:26:16.932 : User is logged out of session	[MsgId: MMSG-17999]
  2023-06-17 18:28:11.215 : IterationNum=125	[MsgId: MMSG-17999]
   USER 125 = user75:pwd75	[MsgId: MMSG-17999]
    2023-06-17 18:28:11.309 : Start page is opened	[MsgId: MMSG-17999]
    2023-06-17 18:28:16.262 : User is logged in with session 136655.203807209HAcQcAcpAtfiDDDDtcVHfpcVccHf	[MsgId: MMSG-17999]
    2023-06-17 18:28:21.369 : User is logged out of session	[MsgId: MMSG-17999]
  2023-06-17 18:30:17.227 : IterationNum=126	[MsgId: MMSG-17999]
   USER 126 = user75:pwd75	[MsgId: MMSG-17999]
    2023-06-17 18:30:17.321 : Start page is opened	[MsgId: MMSG-17999]
    2023-06-17 18:30:22.727 : User is logged in with session 136655.214013771HAcQcAcpfHAiDDDDtcVHfpcVftcf	[MsgId: MMSG-17999]
    2023-06-17 18:30:27.499 : User is logged out of session	[MsgId: MMSG-17999]
  2023-06-17 18:32:23.232 : IterationNum=127	[MsgId: MMSG-17999]
   USER 127 = user75:pwd75	[MsgId: MMSG-17999]
    2023-06-17 18:32:23.325 : Start page is opened	[MsgId: MMSG-17999]
    2023-06-17 18:32:29.311 : User is logged in with session 136655.224220332HAcQcADpAQfiDDDDtcVHfpcVifHf	[MsgId: MMSG-17999]
    2023-06-17 18:32:34.040 : User is logged out of session	[MsgId: MMSG-17999]
  2023-06-17 18:34:29.235 : IterationNum=128	[MsgId: MMSG-17999]
   USER 128 = user75:pwd75	[MsgId: MMSG-17999]
    2023-06-17 18:34:29.330 : Start page is opened	[MsgId: MMSG-17999]
    2023-06-17 18:34:35.075 : User is logged in with session 136655.234426893HAcQcADpzcAiDDDDtcVHfpccVHcf	[MsgId: MMSG-17999]
    2023-06-17 18:34:40.076 : User is logged out of session	[MsgId: MMSG-17999]
  2023-06-17 18:36:35.250 : IterationNum=129	[MsgId: MMSG-17999]
   USER 129 = user75:pwd75	[MsgId: MMSG-17999]
    2023-06-17 18:36:35.345 : Start page is opened	[MsgId: MMSG-17999]
    2023-06-17 18:36:40.719 : User is logged in with session 136655.244633455HAcQcAtpVtfiDDDDtcVHfpcctiHf	[MsgId: MMSG-17999]
    2023-06-17 18:36:45.981 : User is logged out of session	[MsgId: MMSG-17999]
  2023-06-17 18:38:41.258 : IterationNum=130	[MsgId: MMSG-17999]
   USER 130 = user75:pwd75	[MsgId: MMSG-17999]
    2023-06-17 18:38:41.353 : Start page is opened	[MsgId: MMSG-17999]
    2023-06-17 18:38:47.482 : User is logged in with session 136655.254840016HAcQcAtpzHAiDDDDtcVHfpcciAcf	[MsgId: MMSG-17999]
    2023-06-17 18:38:51.493 : User is logged out of session	[MsgId: MMSG-17999]
  2023-06-17 18:40:47.273 : IterationNum=131	[MsgId: MMSG-17999]
   USER 131 = user75:pwd75	[MsgId: MMSG-17999]
    2023-06-17 18:40:47.365 : Start page is opened	[MsgId: MMSG-17999]
    2023-06-17 18:40:52.323 : User is logged in with session 136655.265046578HAcQcAfpVQfiDDDDtcVHfpcDVVHf	[MsgId: MMSG-17999]
    2023-06-17 18:40:58.574 : User is logged out of session	[MsgId: MMSG-17999]
  2023-06-17 18:42:53.277 : IterationNum=132	[MsgId: MMSG-17999]
   USER 132 = user75:pwd75	[MsgId: MMSG-17999]
    2023-06-17 18:42:53.372 : Start page is opened	[MsgId: MMSG-17999]
    2023-06-17 18:42:59.441 : User is logged in with session 136655.275253139HAcQcAfpHcAiDDDDtcVHfpcDtDcf	[MsgId: MMSG-17999]
    2023-06-17 18:43:03.719 : User is logged out of session	[MsgId: MMSG-17999]
  2023-06-17 18:44:59.279 : IterationNum=133	[MsgId: MMSG-17999]
   USER 133 = user75:pwd75	[MsgId: MMSG-17999]
    2023-06-17 18:44:59.373 : Start page is opened	[MsgId: MMSG-17999]
    2023-06-17 18:45:03.639 : User is logged in with session 136655.2854597HAcQcAzpctfiDDDDtcVHfpcDHtHf	[MsgId: MMSG-17999]
    2023-06-17 18:45:09.061 : User is logged out of session	[MsgId: MMSG-17999]
  2023-06-17 18:47:05.291 : IterationNum=134	[MsgId: MMSG-17999]
   USER 134 = user75:pwd75	[MsgId: MMSG-17999]
    2023-06-17 18:47:05.385 : Start page is opened	[MsgId: MMSG-17999]
    2023-06-17 18:47:11.218 : User is logged in with session 136655.295666262HAcQcAzpHHAiDDDDtcVHfpctAzcf	[MsgId: MMSG-17999]
    2023-06-17 18:47:17.475 : User is logged out of session	[MsgId: MMSG-17999]
  2023-06-17 18:49:11.293 : IterationNum=135	[MsgId: MMSG-17999]
   USER 135 = user75:pwd75	[MsgId: MMSG-17999]
    2023-06-17 18:49:11.386 : Start page is opened	[MsgId: MMSG-17999]
    2023-06-17 18:49:16.585 : User is logged in with session 136655.305872823HAcQcAHpcQfiDDDDtcVHfpctDHHf	[MsgId: MMSG-17999]
    2023-06-17 18:49:20.905 : User is logged out of session	[MsgId: MMSG-17999]
  2023-06-17 18:51:17.298 : IterationNum=136	[MsgId: MMSG-17999]
   USER 136 = user75:pwd75	[MsgId: MMSG-17999]
    2023-06-17 18:51:17.391 : Start page is opened	[MsgId: MMSG-17999]
    2023-06-17 18:51:22.524 : User is logged in with session 136655.316079384HAcQcAHpicAiDDDDtcVHfpctzQcf	[MsgId: MMSG-17999]
    2023-06-17 18:51:28.895 : User is logged out of session	[MsgId: MMSG-17999]
  2023-06-17 18:53:23.310 : IterationNum=137	[MsgId: MMSG-17999]
   USER 137 = user75:pwd75	[MsgId: MMSG-17999]
    2023-06-17 18:53:23.404 : Start page is opened	[MsgId: MMSG-17999]
    2023-06-17 18:53:29.508 : User is logged in with session 136655.326285946HAcQcAipDtfiDDDDtcVHfpcfAAHf	[MsgId: MMSG-17999]
    2023-06-17 18:53:35.224 : User is logged out of session	[MsgId: MMSG-17999]
  2023-06-17 18:55:29.324 : IterationNum=138	[MsgId: MMSG-17999]
   USER 138 = user75:pwd75	[MsgId: MMSG-17999]
    2023-06-17 18:55:29.419 : Start page is opened	[MsgId: MMSG-17999]
    2023-06-17 18:55:33.310 : User is logged in with session 136655.336492507HAcQcAipiHAiDDDDtcVHfpcfDccf	[MsgId: MMSG-17999]
    2023-06-17 18:55:39.651 : User is logged out of session	[MsgId: MMSG-17999]
  2023-06-17 18:57:35.338 : IterationNum=139	[MsgId: MMSG-17999]
   USER 139 = user75:pwd75	[MsgId: MMSG-17999]
    2023-06-17 18:57:35.431 : Start page is opened	[MsgId: MMSG-17999]
    2023-06-17 18:57:41.558 : User is logged in with session 136655.346699068HAcQcAQpDQfiDDDDtcVHfpcfzDHf	[MsgId: MMSG-17999]
    2023-06-17 18:57:46.450 : User is logged out of session	[MsgId: MMSG-17999]
  2023-06-17 18:59:41.341 : IterationNum=140	[MsgId: MMSG-17999]
   USER 140 = user75:pwd75	[MsgId: MMSG-17999]
    2023-06-17 18:59:41.435 : Start page is opened	[MsgId: MMSG-17999]
    2023-06-17 18:59:46.271 : User is logged in with session 136655.35690563HAcQcAQpQcAiDDDDtcVHfpcfQfcf	[MsgId: MMSG-17999]
    2023-06-17 18:59:50.185 : User is logged out of session	[MsgId: MMSG-17999]
  2023-06-17 19:01:47.346 : IterationNum=141	[MsgId: MMSG-17999]
   USER 141 = user75:pwd75	[MsgId: MMSG-17999]
    2023-06-17 19:01:47.440 : Start page is opened	[MsgId: MMSG-17999]
    2023-06-17 19:01:53.793 : User is logged in with session 136655.367112191HAcQcVApttfiDDDDtcVHfpczczHf	[MsgId: MMSG-17999]
    2023-06-17 19:01:58.526 : User is logged out of session	[MsgId: MMSG-17999]
  2023-06-17 19:03:53.361 : IterationNum=142	[MsgId: MMSG-17999]
   USER 142 = user75:pwd75	[MsgId: MMSG-17999]
    2023-06-17 19:03:53.457 : Start page is opened	[MsgId: MMSG-17999]
    2023-06-17 19:03:58.962 : User is logged in with session 136655.377318753HAcQcVApQHAiDDDDtcVHfpczficf	[MsgId: MMSG-17999]
    2023-06-17 19:04:04.961 : User is logged out of session	[MsgId: MMSG-17999]
  2023-06-17 19:05:59.370 : IterationNum=143	[MsgId: MMSG-17999]
   USER 143 = user75:pwd75	[MsgId: MMSG-17999]
    2023-06-17 19:05:59.464 : Start page is opened	[MsgId: MMSG-17999]
    2023-06-17 19:06:04.855 : User is logged in with session 136655.387525314HAcQcVVptQfiDDDDtcVHfpcziQHf	[MsgId: MMSG-17999]
    2023-06-17 19:06:09.055 : User is logged out of session	[MsgId: MMSG-17999]
  2023-06-17 19:08:05.371 : IterationNum=144	[MsgId: MMSG-17999]
   USER 144 = user75:pwd75	[MsgId: MMSG-17999]
    2023-06-17 19:08:05.466 : Start page is opened	[MsgId: MMSG-17999]
    2023-06-17 19:08:09.635 : User is logged in with session 136655.397731875HAcQcVcpAcAiDDDDtcVHfpcHcVcf	[MsgId: MMSG-17999]
    2023-06-17 19:08:13.621 : User is logged out of session	[MsgId: MMSG-17999]
  2023-06-17 19:10:11.375 : IterationNum=145	[MsgId: MMSG-17999]
   USER 145 = user75:pwd75	[MsgId: MMSG-17999]
    2023-06-17 19:10:11.468 : Start page is opened	[MsgId: MMSG-17999]
    2023-06-17 19:10:17.645 : User is logged in with session 136655.407938437HAcQcVcpftfiDDDDtcVHfpcHfcHf	[MsgId: MMSG-17999]
    2023-06-17 19:10:21.747 : User is logged out of session	[MsgId: MMSG-17999]
  2023-06-17 19:12:17.379 : IterationNum=146	[MsgId: MMSG-17999]
   USER 146 = user75:pwd75	[MsgId: MMSG-17999]
    2023-06-17 19:12:17.472 : Start page is opened	[MsgId: MMSG-17999]
    2023-06-17 19:12:21.853 : User is logged in with session 136655.418144998HAcQcVDpAHAiDDDDtcVHfpcHitcf	[MsgId: MMSG-17999]
    2023-06-17 19:12:27.983 : User is logged out of session	[MsgId: MMSG-17999]
  2023-06-17 19:14:23.383 : IterationNum=147	[MsgId: MMSG-17999]
   USER 147 = user75:pwd75	[MsgId: MMSG-17999]
    2023-06-17 19:14:23.478 : Start page is opened	[MsgId: MMSG-17999]
    2023-06-17 19:14:27.946 : User is logged in with session 136655.428351559HAcQcVDpfQfiDDDDtcVHfpciVfHf	[MsgId: MMSG-17999]
    2023-06-17 19:14:34.159 : User is logged out of session	[MsgId: MMSG-17999]
  2023-06-17 19:16:29.391 : IterationNum=148	[MsgId: MMSG-17999]
   USER 148 = user75:pwd75	[MsgId: MMSG-17999]
    2023-06-17 19:16:29.486 : Start page is opened	[MsgId: MMSG-17999]
    2023-06-17 19:16:34.273 : User is logged in with session 136655.438558121HAcQcVtpVcAiDDDDtcVHfpcitHcf	[MsgId: MMSG-17999]
    2023-06-17 19:16:39.812 : User is logged out of session	[MsgId: MMSG-17999]
  2023-06-17 19:18:35.400 : IterationNum=149	[MsgId: MMSG-17999]
   USER 149 = user75:pwd75	[MsgId: MMSG-17999]
    2023-06-17 19:18:35.494 : Start page is opened	[MsgId: MMSG-17999]
    2023-06-17 19:18:39.579 : User is logged in with session 136655.448764682HAcQcVtpztfiDDDDtcVHfpciHiHf	[MsgId: MMSG-17999]
    2023-06-17 19:18:44.725 : User is logged out of session	[MsgId: MMSG-17999]
  2023-06-17 19:20:41.403 : IterationNum=150	[MsgId: MMSG-17999]
   USER 150 = user75:pwd75	[MsgId: MMSG-17999]
    2023-06-17 19:20:41.498 : Start page is opened	[MsgId: MMSG-17999]
    2023-06-17 19:20:47.108 : User is logged in with session 136655.458971243HAcQcVfpVHAiDDDDtcVHfpcQVAcf	[MsgId: MMSG-17999]
    2023-06-17 19:20:51.596 : User is logged out of session	[MsgId: MMSG-17999]
  2023-06-17 19:22:47.405 : IterationNum=151	[MsgId: MMSG-17999]
   USER 151 = user75:pwd75	[MsgId: MMSG-17999]
    2023-06-17 19:22:47.497 : Start page is opened	[MsgId: MMSG-17999]
    2023-06-17 19:22:51.755 : User is logged in with session 136655.469177805HAcQcVfpzQfiDDDDtcVHfpcQtVHf	[MsgId: MMSG-17999]
    2023-06-17 19:22:56.477 : User is logged out of session	[MsgId: MMSG-17999]
  2023-06-17 19:24:53.413 : IterationNum=152	[MsgId: MMSG-17999]
   USER 152 = user75:pwd75	[MsgId: MMSG-17999]
    2023-06-17 19:24:53.507 : Start page is opened	[MsgId: MMSG-17999]
    2023-06-17 19:24:59.516 : User is logged in with session 136655.479384366HAcQcVzpccAiDDDDtcVHfpcQHDcf	[MsgId: MMSG-17999]
    2023-06-17 19:25:03.790 : User is logged out of session	[MsgId: MMSG-17999]
  2023-06-17 19:26:59.415 : IterationNum=153	[MsgId: MMSG-17999]
   USER 153 = user75:pwd75	[MsgId: MMSG-17999]
    2023-06-17 19:26:59.510 : Start page is opened	[MsgId: MMSG-17999]
    2023-06-17 19:27:04.332 : User is logged in with session 136655.489590927HAcQcVzpHtfiDDDDtcVHfpDAAtHf	[MsgId: MMSG-17999]
    2023-06-17 19:27:08.749 : User is logged out of session	[MsgId: MMSG-17999]
  2023-06-17 19:29:05.429 : IterationNum=154	[MsgId: MMSG-17999]
   USER 154 = user75:pwd75	[MsgId: MMSG-17999]
    2023-06-17 19:29:05.523 : Start page is opened	[MsgId: MMSG-17999]
    2023-06-17 19:29:10.354 : User is logged in with session 136655.499797489HAcQcVHpcHAiDDDDtcVHfpDADzcf	[MsgId: MMSG-17999]
    2023-06-17 19:29:16.368 : User is logged out of session	[MsgId: MMSG-17999]
  2023-06-17 19:31:11.434 : IterationNum=155	[MsgId: MMSG-17999]
   USER 155 = user75:pwd75	[MsgId: MMSG-17999]
    2023-06-17 19:31:11.528 : Start page is opened	[MsgId: MMSG-17999]
    2023-06-17 19:31:16.168 : User is logged in with session 136655.51000405HAcQcVHpHQfiDDDDtcVHfpDAzHHf	[MsgId: MMSG-17999]
    2023-06-17 19:31:22.486 : User is logged out of session	[MsgId: MMSG-17999]
  2023-06-17 19:33:17.442 : IterationNum=156	[MsgId: MMSG-17999]
   USER 156 = user75:pwd75	[MsgId: MMSG-17999]
    2023-06-17 19:33:17.538 : Start page is opened	[MsgId: MMSG-17999]
    2023-06-17 19:33:22.414 : User is logged in with session 136655.520210612HAcQcVipDcAiDDDDtcVHfpDAQQcf	[MsgId: MMSG-17999]
    2023-06-17 19:33:27.586 : User is logged out of session	[MsgId: MMSG-17999]
  2023-06-17 19:35:23.454 : IterationNum=157	[MsgId: MMSG-17999]
   USER 157 = user75:pwd75	[MsgId: MMSG-17999]
    2023-06-17 19:35:23.548 : Start page is opened	[MsgId: MMSG-17999]
    2023-06-17 19:35:28.248 : User is logged in with session 136655.530417173HAcQcVipitfiDDDDtcVHfpDVDAHf	[MsgId: MMSG-17999]
    2023-06-17 19:35:32.639 : User is logged out of session	[MsgId: MMSG-17999]
  2023-06-17 19:37:29.458 : IterationNum=158	[MsgId: MMSG-17999]
   USER 158 = user75:pwd75	[MsgId: MMSG-17999]
    2023-06-17 19:37:29.550 : Start page is opened	[MsgId: MMSG-17999]
    2023-06-17 19:37:34.874 : User is logged in with session 136655.540623734HAcQcVQpDHAiDDDDtcVHfpDVzccf	[MsgId: MMSG-17999]
    2023-06-17 19:37:40.756 : User is logged out of session	[MsgId: MMSG-17999]
  2023-06-17 19:39:35.466 : IterationNum=159	[MsgId: MMSG-17999]
   USER 159 = user75:pwd75	[MsgId: MMSG-17999]
    2023-06-17 19:39:35.559 : Start page is opened	[MsgId: MMSG-17999]
    2023-06-17 19:39:40.794 : User is logged in with session 136655.550830296HAcQcVQpiQfiDDDDtcVHfpDVQDHf	[MsgId: MMSG-17999]
    2023-06-17 19:39:46.530 : User is logged out of session	[MsgId: MMSG-17999]
  2023-06-17 19:41:41.475 : IterationNum=160	[MsgId: MMSG-17999]
   USER 160 = user75:pwd75	[MsgId: MMSG-17999]
    2023-06-17 19:41:41.569 : Start page is opened	[MsgId: MMSG-17999]
    2023-06-17 19:41:45.596 : User is logged in with session 136655.561036857HAcQccAptcAiDDDDtcVHfpDccfcf	[MsgId: MMSG-17999]
    2023-06-17 19:41:50.704 : User is logged out of session	[MsgId: MMSG-17999]
  2023-06-17 19:43:47.480 : IterationNum=161	[MsgId: MMSG-17999]
   USER 161 = user75:pwd75	[MsgId: MMSG-17999]
    2023-06-17 19:43:47.574 : Start page is opened	[MsgId: MMSG-17999]
    2023-06-17 19:43:53.081 : User is logged in with session 136655.571243418HAcQccApQtfiDDDDtcVHfpDcfzHf	[MsgId: MMSG-17999]
    2023-06-17 19:43:57.270 : User is logged out of session	[MsgId: MMSG-17999]
  2023-06-17 19:45:53.485 : IterationNum=162	[MsgId: MMSG-17999]
   USER 162 = user75:pwd75	[MsgId: MMSG-17999]
    2023-06-17 19:45:53.577 : Start page is opened	[MsgId: MMSG-17999]
    2023-06-17 19:45:59.047 : User is logged in with session 136655.58144998HAcQccVptHAiDDDDtcVHfpDciicf	[MsgId: MMSG-17999]
    2023-06-17 19:46:03.383 : User is logged out of session	[MsgId: MMSG-17999]
  2023-06-17 19:47:59.491 : IterationNum=163	[MsgId: MMSG-17999]
   USER 163 = user75:pwd75	[MsgId: MMSG-17999]
    2023-06-17 19:47:59.583 : Start page is opened	[MsgId: MMSG-17999]
    2023-06-17 19:48:05.640 : User is logged in with session 136655.591656541HAcQccVpQQfiDDDDtcVHfpDDVQHf	[MsgId: MMSG-17999]
    2023-06-17 19:48:09.591 : User is logged out of session	[MsgId: MMSG-17999]
  2023-06-17 19:50:05.500 : IterationNum=164	[MsgId: MMSG-17999]
   USER 164 = user75:pwd75	[MsgId: MMSG-17999]
    2023-06-17 19:50:05.594 : Start page is opened	[MsgId: MMSG-17999]
    2023-06-17 19:50:09.684 : User is logged in with session 136655.601863102HAcQcccpfcAiDDDDtcVHfpDDfVcf	[MsgId: MMSG-17999]
    2023-06-17 19:50:14.088 : User is logged out of session	[MsgId: MMSG-17999]
  2023-06-17 19:52:11.512 : IterationNum=165	[MsgId: MMSG-17999]
   USER 165 = user75:pwd75	[MsgId: MMSG-17999]
    2023-06-17 19:52:11.607 : Start page is opened	[MsgId: MMSG-17999]
    2023-06-17 19:52:15.786 : User is logged in with session 136655.612069664HAcQccDpAtfiDDDDtcVHfpDDicHf	[MsgId: MMSG-17999]
    2023-06-17 19:52:20.717 : User is logged out of session	[MsgId: MMSG-17999]
  2023-06-17 19:54:17.525 : IterationNum=166	[MsgId: MMSG-17999]
   USER 166 = user75:pwd75	[MsgId: MMSG-17999]
    2023-06-17 19:54:17.618 : Start page is opened	[MsgId: MMSG-17999]
    2023-06-17 19:54:21.645 : User is logged in with session 136655.622276225HAcQccDpfHAiDDDDtcVHfpDtVtcf	[MsgId: MMSG-17999]
    2023-06-17 19:54:27.675 : User is logged out of session	[MsgId: MMSG-17999]
  2023-06-17 19:56:23.536 : IterationNum=167	[MsgId: MMSG-17999]
   USER 167 = user75:pwd75	[MsgId: MMSG-17999]
    2023-06-17 19:56:23.630 : Start page is opened	[MsgId: MMSG-17999]
    2023-06-17 19:56:27.555 : User is logged in with session 136655.632482787HAcQcctpAQfiDDDDtcVHfpDttfHf	[MsgId: MMSG-17999]
    2023-06-17 19:56:32.857 : User is logged out of session	[MsgId: MMSG-17999]
  2023-06-17 19:58:29.541 : IterationNum=168	[MsgId: MMSG-17999]
   USER 168 = user75:pwd75	[MsgId: MMSG-17999]
    2023-06-17 19:58:29.635 : Start page is opened	[MsgId: MMSG-17999]
    2023-06-17 19:58:35.591 : User is logged in with session 136655.642689348HAcQcctpzcAiDDDDtcVHfpDtHHcf	[MsgId: MMSG-17999]
    2023-06-17 19:58:41.051 : User is logged out of session	[MsgId: MMSG-17999]
  2023-06-17 20:00:35.548 : IterationNum=169	[MsgId: MMSG-17999]
   USER 169 = user75:pwd75	[MsgId: MMSG-17999]
    2023-06-17 20:00:35.642 : Start page is opened	[MsgId: MMSG-17999]
    2023-06-17 20:00:40.082 : User is logged in with session 136655.652895909HAcQccfpVtfiDDDDtcVHfpDfAiHf	[MsgId: MMSG-17999]
    2023-06-17 20:00:45.014 : User is logged out of session	[MsgId: MMSG-17999]
  2023-06-17 20:02:41.553 : IterationNum=170	[MsgId: MMSG-17999]
   USER 170 = user75:pwd75	[MsgId: MMSG-17999]
    2023-06-17 20:02:41.647 : Start page is opened	[MsgId: MMSG-17999]
    2023-06-17 20:02:47.185 : User is logged in with session 136655.663102471HAcQccfpzHAiDDDDtcVHfpDftAcf	[MsgId: MMSG-17999]
    2023-06-17 20:02:51.419 : User is logged out of session	[MsgId: MMSG-17999]
  2023-06-17 20:04:47.561 : IterationNum=171	[MsgId: MMSG-17999]
   USER 171 = user75:pwd75	[MsgId: MMSG-17999]
    2023-06-17 20:04:47.656 : Start page is opened	[MsgId: MMSG-17999]
    2023-06-17 20:04:52.263 : User is logged in with session 136655.673309032HAcQcczpVQfiDDDDtcVHfpDfHVHf	[MsgId: MMSG-17999]
    2023-06-17 20:04:57.368 : User is logged out of session	[MsgId: MMSG-17999]
  2023-06-17 20:06:53.565 : IterationNum=172	[MsgId: MMSG-17999]
   USER 172 = user75:pwd75	[MsgId: MMSG-17999]
    2023-06-17 20:06:53.659 : Start page is opened	[MsgId: MMSG-17999]
    2023-06-17 20:06:57.627 : User is logged in with session 136655.683515593HAcQcczpHcAiDDDDtcVHfpDzADcf	[MsgId: MMSG-17999]
    2023-06-17 20:07:03.765 : User is logged out of session	[MsgId: MMSG-17999]
  2023-06-17 20:08:59.570 : IterationNum=173	[MsgId: MMSG-17999]
   USER 173 = user75:pwd75	[MsgId: MMSG-17999]
    2023-06-17 20:08:59.665 : Start page is opened	[MsgId: MMSG-17999]
    2023-06-17 20:09:04.700 : User is logged in with session 136655.693722155HAcQccHpctfiDDDDtcVHfpDzDtHf	[MsgId: MMSG-17999]
    2023-06-17 20:09:09.716 : User is logged out of session	[MsgId: MMSG-17999]
  2023-06-17 20:11:05.573 : IterationNum=174	[MsgId: MMSG-17999]
   USER 174 = user75:pwd75	[MsgId: MMSG-17999]
    2023-06-17 20:11:05.666 : Start page is opened	[MsgId: MMSG-17999]
    2023-06-17 20:11:09.949 : User is logged in with session 136655.703928716HAcQccHpHHAiDDDDtcVHfpDzzzcf	[MsgId: MMSG-17999]
    2023-06-17 20:11:14.741 : User is logged out of session	[MsgId: MMSG-17999]
  2023-06-17 20:13:11.580 : IterationNum=175	[MsgId: MMSG-17999]
   USER 175 = user75:pwd75	[MsgId: MMSG-17999]
    2023-06-17 20:13:11.673 : Start page is opened	[MsgId: MMSG-17999]
    2023-06-17 20:13:17.506 : User is logged in with session 136655.714135277HAcQccipcQfiDDDDtcVHfpDzQHHf	[MsgId: MMSG-17999]
    2023-06-17 20:13:23.826 : User is logged out of session	[MsgId: MMSG-17999]
  2023-06-17 20:15:17.586 : IterationNum=176	[MsgId: MMSG-17999]
   USER 176 = user75:pwd75	[MsgId: MMSG-17999]
    2023-06-17 20:15:17.679 : Start page is opened	[MsgId: MMSG-17999]
    2023-06-17 20:15:24.002 : User is logged in with session 136655.724341839HAcQccipicAiDDDDtcVHfpDHcQcf	[MsgId: MMSG-17999]
    2023-06-17 20:15:28.413 : User is logged out of session	[MsgId: MMSG-17999]
  2023-06-17 20:17:23.600 : IterationNum=177	[MsgId: MMSG-17999]
   USER 177 = user75:pwd75	[MsgId: MMSG-17999]
    2023-06-17 20:17:23.695 : Start page is opened	[MsgId: MMSG-17999]
    2023-06-17 20:17:29.590 : User is logged in with session 136655.7345484HAcQccQpDtfiDDDDtcVHfpDHzAHf	[MsgId: MMSG-17999]
    2023-06-17 20:17:35.002 : User is logged out of session	[MsgId: MMSG-17999]
  2023-06-17 20:19:29.613 : IterationNum=178	[MsgId: MMSG-17999]
   USER 178 = user75:pwd75	[MsgId: MMSG-17999]
    2023-06-17 20:19:29.708 : Start page is opened	[MsgId: MMSG-17999]
    2023-06-17 20:19:34.310 : User is logged in with session 136655.744754962HAcQccQpiHAiDDDDtcVHfpDHQccf	[MsgId: MMSG-17999]
    2023-06-17 20:19:39.004 : User is logged out of session	[MsgId: MMSG-17999]
  2023-06-17 20:21:35.618 : IterationNum=179	[MsgId: MMSG-17999]
   USER 179 = user75:pwd75	[MsgId: MMSG-17999]
    2023-06-17 20:21:35.711 : Start page is opened	[MsgId: MMSG-17999]
    2023-06-17 20:21:39.708 : User is logged in with session 136655.754961523HAcQcDApDQfiDDDDtcVHfpDicDHf	[MsgId: MMSG-17999]
    2023-06-17 20:21:45.711 : User is logged out of session	[MsgId: MMSG-17999]
  2023-06-17 20:23:41.625 : IterationNum=180	[MsgId: MMSG-17999]
   USER 180 = user75:pwd75	[MsgId: MMSG-17999]
    2023-06-17 20:23:41.719 : Start page is opened	[MsgId: MMSG-17999]
    2023-06-17 20:23:46.841 : User is logged in with session 136655.765168084HAcQcDApQcAiDDDDtcVHfpDiffcf	[MsgId: MMSG-17999]
    2023-06-17 20:23:52.655 : User is logged out of session	[MsgId: MMSG-17999]
  2023-06-17 20:25:47.639 : IterationNum=181	[MsgId: MMSG-17999]
   USER 181 = user75:pwd75	[MsgId: MMSG-17999]
    2023-06-17 20:25:47.734 : Start page is opened	[MsgId: MMSG-17999]
    2023-06-17 20:25:54.017 : User is logged in with session 136655.775374646HAcQcDVpttfiDDDDtcVHfpDiizHf	[MsgId: MMSG-17999]
    2023-06-17 20:26:00.212 : User is logged out of session	[MsgId: MMSG-17999]
  2023-06-17 20:27:53.640 : IterationNum=182	[MsgId: MMSG-17999]
   USER 182 = user75:pwd75	[MsgId: MMSG-17999]
    2023-06-17 20:27:53.734 : Start page is opened	[MsgId: MMSG-17999]
    2023-06-17 20:27:59.604 : User is logged in with session 136655.785581207HAcQcDVpQHAiDDDDtcVHfpDQVicf	[MsgId: MMSG-17999]
    2023-06-17 20:28:04.980 : User is logged out of session	[MsgId: MMSG-17999]
  2023-06-17 20:29:59.654 : IterationNum=183	[MsgId: MMSG-17999]
   USER 183 = user75:pwd75	[MsgId: MMSG-17999]
    2023-06-17 20:29:59.748 : Start page is opened	[MsgId: MMSG-17999]
    2023-06-17 20:30:04.244 : User is logged in with session 136655.795787768HAcQcDcptQfiDDDDtcVHfpDQtQHf	[MsgId: MMSG-17999]
    2023-06-17 20:30:10.299 : User is logged out of session	[MsgId: MMSG-17999]
  2023-06-17 20:32:05.663 : IterationNum=184	[MsgId: MMSG-17999]
   USER 184 = user75:pwd75	[MsgId: MMSG-17999]
    2023-06-17 20:32:05.759 : Start page is opened	[MsgId: MMSG-17999]
    2023-06-17 20:32:09.891 : User is logged in with session 136655.80599433HAcQcDDpAcAiDDDDtcVHfpDQiVcf	[MsgId: MMSG-17999]
    2023-06-17 20:32:13.928 : User is logged out of session	[MsgId: MMSG-17999]
  2023-06-17 20:34:11.673 : IterationNum=185	[MsgId: MMSG-17999]
   USER 185 = user75:pwd75	[MsgId: MMSG-17999]
    2023-06-17 20:34:11.766 : Start page is opened	[MsgId: MMSG-17999]
    2023-06-17 20:34:15.936 : User is logged in with session 136655.816200891HAcQcDDpftfiDDDDtcVHfptAVcHf	[MsgId: MMSG-17999]
    2023-06-17 20:34:22.240 : User is logged out of session	[MsgId: MMSG-17999]
  2023-06-17 20:36:17.686 : IterationNum=186	[MsgId: MMSG-17999]
   USER 186 = user75:pwd75	[MsgId: MMSG-17999]
    2023-06-17 20:36:17.780 : Start page is opened	[MsgId: MMSG-17999]
    2023-06-17 20:36:23.334 : User is logged in with session 136655.826407452HAcQcDtpAHAiDDDDtcVHfptAttcf	[MsgId: MMSG-17999]
    2023-06-17 20:36:27.874 : User is logged out of session	[MsgId: MMSG-17999]
  2023-06-17 20:38:23.690 : IterationNum=187	[MsgId: MMSG-17999]
   USER 187 = user75:pwd75	[MsgId: MMSG-17999]
    2023-06-17 20:38:23.784 : Start page is opened	[MsgId: MMSG-17999]
    2023-06-17 20:38:28.883 : User is logged in with session 136655.836614014HAcQcDtpfQfiDDDDtcVHfptAHfHf	[MsgId: MMSG-17999]
    2023-06-17 20:38:33.710 : User is logged out of session	[MsgId: MMSG-17999]
  2023-06-17 20:40:29.701 : IterationNum=188	[MsgId: MMSG-17999]
   USER 188 = user75:pwd75	[MsgId: MMSG-17999]
    2023-06-17 20:40:29.795 : Start page is opened	[MsgId: MMSG-17999]
    2023-06-17 20:40:34.472 : User is logged in with session 136655.846820575HAcQcDfpVcAiDDDDtcVHfptVAHcf	[MsgId: MMSG-17999]
    2023-06-17 20:40:39.068 : User is logged out of session	[MsgId: MMSG-17999]
  2023-06-17 20:42:35.714 : IterationNum=189	[MsgId: MMSG-17999]
   USER 189 = user75:pwd75	[MsgId: MMSG-17999]
    2023-06-17 20:42:35.808 : Start page is opened	[MsgId: MMSG-17999]
    2023-06-17 20:42:40.135 : User is logged in with session 136655.857027136HAcQcDfpztfiDDDDtcVHfptVDiHf	[MsgId: MMSG-17999]
    2023-06-17 20:42:44.748 : User is logged out of session	[MsgId: MMSG-17999]
  2023-06-17 20:44:41.718 : IterationNum=190	[MsgId: MMSG-17999]
   USER 190 = user75:pwd75	[MsgId: MMSG-17999]
    2023-06-17 20:44:41.811 : Start page is opened	[MsgId: MMSG-17999]
    2023-06-17 20:44:47.738 : User is logged in with session 136655.867233698HAcQcDzpVHAiDDDDtcVHfptVHAcf	[MsgId: MMSG-17999]
    2023-06-17 20:44:52.306 : User is logged out of session	[MsgId: MMSG-17999]
  2023-06-17 20:46:47.721 : IterationNum=191	[MsgId: MMSG-17999]
   USER 191 = user75:pwd75	[MsgId: MMSG-17999]
    2023-06-17 20:46:47.816 : Start page is opened	[MsgId: MMSG-17999]
    2023-06-17 20:46:53.361 : User is logged in with session 136655.877440259HAcQcDzpzQfiDDDDtcVHfptcAVHf	[MsgId: MMSG-17999]
    2023-06-17 20:46:59.367 : User is logged out of session	[MsgId: MMSG-17999]
  2023-06-17 20:48:53.733 : IterationNum=192	[MsgId: MMSG-17999]
   USER 192 = user75:pwd75	[MsgId: MMSG-17999]
    2023-06-17 20:48:53.826 : Start page is opened	[MsgId: MMSG-17999]
    2023-06-17 20:48:57.890 : User is logged in with session 136655.887646821HAcQcDHpccAiDDDDtcVHfptcDDcf	[MsgId: MMSG-17999]
    2023-06-17 20:49:02.615 : User is logged out of session	[MsgId: MMSG-17999]
  2023-06-17 20:50:59.738 : IterationNum=193	[MsgId: MMSG-17999]
   USER 193 = user75:pwd75	[MsgId: MMSG-17999]
    2023-06-17 20:50:59.831 : Start page is opened	[MsgId: MMSG-17999]
    2023-06-17 20:51:04.865 : User is logged in with session 136655.897853382HAcQcDHpHtfiDDDDtcVHfptcztHf	[MsgId: MMSG-17999]
    2023-06-17 20:51:10.252 : User is logged out of session	[MsgId: MMSG-17999]
  2023-06-17 20:53:05.739 : IterationNum=194	[MsgId: MMSG-17999]
   USER 194 = user75:pwd75	[MsgId: MMSG-17999]
    2023-06-17 20:53:05.834 : Start page is opened	[MsgId: MMSG-17999]
    2023-06-17 20:53:09.849 : User is logged in with session 136655.908059943HAcQcDipcHAiDDDDtcVHfptcQzcf	[MsgId: MMSG-17999]
    2023-06-17 20:53:14.815 : User is logged out of session	[MsgId: MMSG-17999]
  2023-06-17 20:55:11.743 : IterationNum=195	[MsgId: MMSG-17999]
   USER 195 = user75:pwd75	[MsgId: MMSG-17999]
    2023-06-17 20:55:11.836 : Start page is opened	[MsgId: MMSG-17999]
    2023-06-17 20:55:15.900 : User is logged in with session 136655.918266505HAcQcDipHQfiDDDDtcVHfptDcHHf	[MsgId: MMSG-17999]
    2023-06-17 20:55:21.524 : User is logged out of session	[MsgId: MMSG-17999]
  2023-06-17 20:57:17.756 : IterationNum=196	[MsgId: MMSG-17999]
   USER 196 = user75:pwd75	[MsgId: MMSG-17999]
    2023-06-17 20:57:17.850 : Start page is opened	[MsgId: MMSG-17999]
    2023-06-17 20:57:23.687 : User is logged in with session 136655.928473066HAcQcDQpDcAiDDDDtcVHfptDfQcf	[MsgId: MMSG-17999]
    2023-06-17 20:57:28.668 : User is logged out of session	[MsgId: MMSG-17999]
  2023-06-17 20:59:23.769 : IterationNum=197	[MsgId: MMSG-17999]
   USER 197 = user75:pwd75	[MsgId: MMSG-17999]
    2023-06-17 20:59:23.865 : Start page is opened	[MsgId: MMSG-17999]
    2023-06-17 20:59:28.104 : User is logged in with session 136655.938679627HAcQcDQpitfiDDDDtcVHfptDQAHf	[MsgId: MMSG-17999]
    2023-06-17 20:59:33.897 : User is logged out of session	[MsgId: MMSG-17999]
  2023-06-17 21:01:29.780 : IterationNum=198	[MsgId: MMSG-17999]
   USER 198 = user75:pwd75	[MsgId: MMSG-17999]
    2023-06-17 21:01:29.874 : Start page is opened	[MsgId: MMSG-17999]
    2023-06-17 21:01:34.791 : User is logged in with session 136655.948886189HAcQctApDHAiDDDDtcVHfpttcccf	[MsgId: MMSG-17999]
    2023-06-17 21:01:39.219 : User is logged out of session	[MsgId: MMSG-17999]
  2023-06-17 21:03:35.793 : IterationNum=199	[MsgId: MMSG-17999]
   USER 199 = user75:pwd75	[MsgId: MMSG-17999]
    2023-06-17 21:03:35.888 : Start page is opened	[MsgId: MMSG-17999]
    2023-06-17 21:03:41.874 : User is logged in with session 136655.95909275HAcQctApiQfiDDDDtcVHfpttfDHf	[MsgId: MMSG-17999]
    2023-06-17 21:03:48.216 : User is logged out of session	[MsgId: MMSG-17999]
  2023-06-17 21:05:41.799 : IterationNum=200	[MsgId: MMSG-17999]
   USER 200 = user75:pwd75	[MsgId: MMSG-17999]
    2023-06-17 21:05:41.894 : Start page is opened	[MsgId: MMSG-17999]
    2023-06-17 21:05:45.962 : User is logged in with session 136655.969299311HAcQctVptcAiDDDDtcVHfpttifcf	[MsgId: MMSG-17999]
    2023-06-17 21:05:51.247 : User is logged out of session	[MsgId: MMSG-17999]
  2023-06-17 21:07:47.810 : IterationNum=201	[MsgId: MMSG-17999]
   USER 201 = user75:pwd75	[MsgId: MMSG-17999]
    2023-06-17 21:07:47.904 : Start page is opened	[MsgId: MMSG-17999]
    2023-06-17 21:07:53.575 : User is logged in with session 136655.979505873HAcQctVpQtfiDDDDtcVHfptfVzHf	[MsgId: MMSG-17999]
    2023-06-17 21:07:58.517 : User is logged out of session	[MsgId: MMSG-17999]
  2023-06-17 21:09:53.813 : IterationNum=202	[MsgId: MMSG-17999]
   USER 202 = user75:pwd75	[MsgId: MMSG-17999]
    2023-06-17 21:09:53.905 : Start page is opened	[MsgId: MMSG-17999]
    2023-06-17 21:09:59.010 : User is logged in with session 136655.989712434HAcQctcptHAiDDDDtcVHfptfticf	[MsgId: MMSG-17999]
    2023-06-17 21:10:03.237 : User is logged out of session	[MsgId: MMSG-17999]
  2023-06-17 21:11:59.815 : IterationNum=203	[MsgId: MMSG-17999]
   USER 203 = user75:pwd75	[MsgId: MMSG-17999]
    2023-06-17 21:11:59.909 : Start page is opened	[MsgId: MMSG-17999]
    2023-06-17 21:12:05.968 : User is logged in with session 136655.999918996HAcQctcpQQfiDDDDtcVHfptfHQHf	[MsgId: MMSG-17999]
    2023-06-17 21:12:10.415 : User is logged out of session	[MsgId: MMSG-17999]
  2023-06-17 21:14:05.818 : IterationNum=204	[MsgId: MMSG-17999]
   USER 204 = user75:pwd75	[MsgId: MMSG-17999]
    2023-06-17 21:14:05.912 : Start page is opened	[MsgId: MMSG-17999]
    2023-06-17 21:14:11.412 : User is logged in with session 136656.010125557HAcQctDpfcAiDDDDtcVHfptzVVcf	[MsgId: MMSG-17999]
    2023-06-17 21:14:15.361 : User is logged out of session	[MsgId: MMSG-17999]
  2023-06-17 21:16:11.826 : IterationNum=205	[MsgId: MMSG-17999]
   USER 205 = user75:pwd75	[MsgId: MMSG-17999]
    2023-06-17 21:16:11.920 : Start page is opened	[MsgId: MMSG-17999]
    2023-06-17 21:16:16.951 : User is logged in with session 136656.020332118HAcQcttpAtfiDDDDtcVHfptztcHf	[MsgId: MMSG-17999]
    2023-06-17 21:16:23.009 : User is logged out of session	[MsgId: MMSG-17999]
  2023-06-17 21:18:17.836 : IterationNum=206	[MsgId: MMSG-17999]
   USER 206 = user75:pwd75	[MsgId: MMSG-17999]
    2023-06-17 21:18:17.930 : Start page is opened	[MsgId: MMSG-17999]
    2023-06-17 21:18:22.199 : User is logged in with session 136656.03053868HAcQcttpfHAiDDDDtcVHfptzHtcf	[MsgId: MMSG-17999]
    2023-06-17 21:18:26.978 : User is logged out of session	[MsgId: MMSG-17999]
  2023-06-17 21:20:23.847 : IterationNum=207	[MsgId: MMSG-17999]
   USER 207 = user75:pwd75	[MsgId: MMSG-17999]
    2023-06-17 21:20:23.942 : Start page is opened	[MsgId: MMSG-17999]
    2023-06-17 21:20:29.967 : User is logged in with session 136656.040745241HAcQctfpAQfiDDDDtcVHfptHAfHf	[MsgId: MMSG-17999]
    2023-06-17 21:20:34.983 : User is logged out of session	[MsgId: MMSG-17999]
  2023-06-17 21:22:29.857 : IterationNum=208	[MsgId: MMSG-17999]
   USER 208 = user75:pwd75	[MsgId: MMSG-17999]
    2023-06-17 21:22:29.952 : Start page is opened	[MsgId: MMSG-17999]
    2023-06-17 21:22:35.461 : User is logged in with session 136656.050951802HAcQctfpzcAiDDDDtcVHfptHDHcf	[MsgId: MMSG-17999]
    2023-06-17 21:22:40.745 : User is logged out of session	[MsgId: MMSG-17999]
  2023-06-17 21:24:35.864 : IterationNum=209	[MsgId: MMSG-17999]
   USER 209 = user75:pwd75	[MsgId: MMSG-17999]
    2023-06-17 21:24:35.959 : Start page is opened	[MsgId: MMSG-17999]
    2023-06-17 21:24:40.796 : User is logged in with session 136656.061158364HAcQctzpVtfiDDDDtcVHfptHziHf	[MsgId: MMSG-17999]
    2023-06-17 21:24:45.749 : User is logged out of session	[MsgId: MMSG-17999]
  2023-06-17 21:26:41.872 : IterationNum=210	[MsgId: MMSG-17999]
   USER 210 = user75:pwd75	[MsgId: MMSG-17999]
    2023-06-17 21:26:41.966 : Start page is opened	[MsgId: MMSG-17999]
    2023-06-17 21:26:46.054 : User is logged in with session 136656.071364925HAcQctzpzHAiDDDDtcVHfptiAAcf	[MsgId: MMSG-17999]
    2023-06-17 21:26:52.405 : User is logged out of session	[MsgId: MMSG-17999]
  2023-06-17 21:28:47.885 : IterationNum=211	[MsgId: MMSG-17999]
   USER 211 = user75:pwd75	[MsgId: MMSG-17999]
    2023-06-17 21:28:47.980 : Start page is opened	[MsgId: MMSG-17999]
    2023-06-17 21:28:53.638 : User is logged in with session 136656.081571486HAcQctHpVQfiDDDDtcVHfptiDVHf	[MsgId: MMSG-17999]
    2023-06-17 21:28:59.542 : User is logged out of session	[MsgId: MMSG-17999]
  2023-06-17 21:30:53.888 : IterationNum=212	[MsgId: MMSG-17999]
   USER 212 = user75:pwd75	[MsgId: MMSG-17999]
    2023-06-17 21:30:53.983 : Start page is opened	[MsgId: MMSG-17999]
    2023-06-17 21:30:59.821 : User is logged in with session 136656.091778048HAcQctHpHcAiDDDDtcVHfptizDcf	[MsgId: MMSG-17999]
    2023-06-17 21:31:03.720 : User is logged out of session	[MsgId: MMSG-17999]
  2023-06-17 21:32:59.894 : IterationNum=213	[MsgId: MMSG-17999]
   USER 213 = user75:pwd75	[MsgId: MMSG-17999]
    2023-06-17 21:32:59.989 : Start page is opened	[MsgId: MMSG-17999]
    2023-06-17 21:33:03.973 : User is logged in with session 136656.101984609HAcQctipctfiDDDDtcVHfptiQtHf	[MsgId: MMSG-17999]
    2023-06-17 21:33:09.638 : User is logged out of session	[MsgId: MMSG-17999]
  2023-06-17 21:35:05.896 : IterationNum=214	[MsgId: MMSG-17999]
   USER 214 = user75:pwd75	[MsgId: MMSG-17999]
    2023-06-17 21:35:05.991 : Start page is opened	[MsgId: MMSG-17999]
    2023-06-17 21:35:12.171 : User is logged in with session 136656.112191171HAcQctipHHAiDDDDtcVHfptQczcf	[MsgId: MMSG-17999]
    2023-06-17 21:35:16.202 : User is logged out of session	[MsgId: MMSG-17999]
  2023-06-17 21:37:11.898 : IterationNum=215	[MsgId: MMSG-17999]
   USER 215 = user75:pwd75	[MsgId: MMSG-17999]
    2023-06-17 21:37:11.992 : Start page is opened	[MsgId: MMSG-17999]
    2023-06-17 21:37:18.047 : User is logged in with session 136656.122397732HAcQctQpcQfiDDDDtcVHfptQfHHf	[MsgId: MMSG-17999]
    2023-06-17 21:37:23.657 : User is logged out of session	[MsgId: MMSG-17999]
  2023-06-17 21:39:17.904 : IterationNum=216	[MsgId: MMSG-17999]
   USER 216 = user75:pwd75	[MsgId: MMSG-17999]
    2023-06-17 21:39:17.999 : Start page is opened	[MsgId: MMSG-17999]
    2023-06-17 21:39:22.387 : User is logged in with session 136656.132604293HAcQctQpicAiDDDDtcVHfptQiQcf	[MsgId: MMSG-17999]
    2023-06-17 21:39:28.707 : User is logged out of session	[MsgId: MMSG-17999]
  2023-06-17 21:41:23.919 : IterationNum=217	[MsgId: MMSG-17999]
   USER 217 = user75:pwd75	[MsgId: MMSG-17999]
    2023-06-17 21:41:24.014 : Start page is opened	[MsgId: MMSG-17999]
    2023-06-17 21:41:29.588 : User is logged in with session 136656.142810855HAcQcfApDtfiDDDDtcVHfpfAcAHf	[MsgId: MMSG-17999]
    2023-06-17 21:41:35.695 : User is logged out of session	[MsgId: MMSG-17999]
  2023-06-17 21:43:29.922 : IterationNum=218	[MsgId: MMSG-17999]
   USER 218 = user75:pwd75	[MsgId: MMSG-17999]
    2023-06-17 21:43:30.017 : Start page is opened	[MsgId: MMSG-17999]
    2023-06-17 21:43:35.983 : User is logged in with session 136656.153017416HAcQcfApiHAiDDDDtcVHfpfAfccf	[MsgId: MMSG-17999]
    2023-06-17 21:43:41.287 : User is logged out of session	[MsgId: MMSG-17999]
  2023-06-17 21:45:35.924 : IterationNum=219	[MsgId: MMSG-17999]
   USER 219 = user75:pwd75	[MsgId: MMSG-17999]
    2023-06-17 21:45:36.017 : Start page is opened	[MsgId: MMSG-17999]
    2023-06-17 21:45:40.814 : User is logged in with session 136656.163223977HAcQcfVpDQfiDDDDtcVHfpfAiDHf	[MsgId: MMSG-17999]
    2023-06-17 21:45:45.170 : User is logged out of session	[MsgId: MMSG-17999]
  2023-06-17 21:47:41.929 : IterationNum=220	[MsgId: MMSG-17999]
   USER 220 = user75:pwd75	[MsgId: MMSG-17999]
    2023-06-17 21:47:42.023 : Start page is opened	[MsgId: MMSG-17999]
    2023-06-17 21:47:46.479 : User is logged in with session 136656.173430539HAcQcfVpQcAiDDDDtcVHfpfVVfcf	[MsgId: MMSG-17999]
    2023-06-17 21:47:51.133 : User is logged out of session	[MsgId: MMSG-17999]
  2023-06-17 21:49:47.939 : IterationNum=221	[MsgId: MMSG-17999]
   USER 221 = user75:pwd75	[MsgId: MMSG-17999]
    2023-06-17 21:49:48.034 : Start page is opened	[MsgId: MMSG-17999]
    2023-06-17 21:49:52.264 : User is logged in with session 136656.1836371HAcQcfcpttfiDDDDtcVHfpfVtzHf	[MsgId: MMSG-17999]
    2023-06-17 21:49:57.987 : User is logged out of session	[MsgId: MMSG-17999]
  2023-06-17 21:51:53.951 : IterationNum=222	[MsgId: MMSG-17999]
   USER 222 = user75:pwd75	[MsgId: MMSG-17999]
    2023-06-17 21:51:54.043 : Start page is opened	[MsgId: MMSG-17999]
    2023-06-17 21:51:58.221 : User is logged in with session 136656.193843661HAcQcfcpQHAiDDDDtcVHfpfVHicf	[MsgId: MMSG-17999]
    2023-06-17 21:52:03.136 : User is logged out of session	[MsgId: MMSG-17999]
  2023-06-17 21:53:59.964 : IterationNum=223	[MsgId: MMSG-17999]
   USER 223 = user75:pwd75	[MsgId: MMSG-17999]
    2023-06-17 21:54:00.058 : Start page is opened	[MsgId: MMSG-17999]
    2023-06-17 21:54:05.239 : User is logged in with session 136656.204050223HAcQcfDptQfiDDDDtcVHfpfcAQHf	[MsgId: MMSG-17999]
    2023-06-17 21:54:09.867 : User is logged out of session	[MsgId: MMSG-17999]
  2023-06-17 21:56:05.971 : IterationNum=224	[MsgId: MMSG-17999]
   USER 224 = user75:pwd75	[MsgId: MMSG-17999]
    2023-06-17 21:56:06.066 : Start page is opened	[MsgId: MMSG-17999]
    2023-06-17 21:56:10.234 : User is logged in with session 136656.214337789HAcQcftpAcftcVHfpfctVf	[MsgId: MMSG-17999]
    2023-06-17 21:56:15.626 : User is logged out of session	[MsgId: MMSG-17999]
  2023-06-17 21:58:11.982 : IterationNum=225	[MsgId: MMSG-17999]
   USER 225 = user75:pwd75	[MsgId: MMSG-17999]
    2023-06-17 21:58:12.076 : Start page is opened	[MsgId: MMSG-17999]
    2023-06-17 21:58:18.067 : User is logged in with session 136656.22454435HAcQcftpfftcVHfpfcHD	[MsgId: MMSG-17999]
    2023-06-17 21:58:22.110 : User is logged out of session	[MsgId: MMSG-17999]
  2023-06-17 22:00:17.989 : IterationNum=226	[MsgId: MMSG-17999]
   USER 226 = user75:pwd75	[MsgId: MMSG-17999]
    2023-06-17 22:00:18.084 : Start page is opened	[MsgId: MMSG-17999]
    2023-06-17 22:00:23.802 : User is logged in with session 136656.234750911HAcQcffpAHftcVHfpfDAtf	[MsgId: MMSG-17999]
    2023-06-17 22:00:29.841 : User is logged out of session	[MsgId: MMSG-17999]
  2023-06-17 22:02:23.988 : IterationNum=227	[MsgId: MMSG-17999]
   USER 227 = user75:pwd75	[MsgId: MMSG-17999]
    2023-06-17 22:02:24.082 : Start page is opened	[MsgId: MMSG-17999]
    2023-06-17 22:02:28.195 : User is logged in with session 136656.244957473HAcQcffpztcVHfpfDDz	[MsgId: MMSG-17999]
    2023-06-17 22:02:32.795 : User is logged out of session	[MsgId: MMSG-17999]
  2023-06-17 22:04:30.000 : IterationNum=228	[MsgId: MMSG-17999]
   USER 228 = user75:pwd75	[MsgId: MMSG-17999]
    2023-06-17 22:04:30.094 : Start page is opened	[MsgId: MMSG-17999]
    2023-06-17 22:04:35.027 : User is logged in with session 136656.255164034HAcQcfzpVcftcVHfpfDzHf	[MsgId: MMSG-17999]
    2023-06-17 22:04:40.977 : User is logged out of session	[MsgId: MMSG-17999]
  2023-06-17 22:06:36.012 : IterationNum=229	[MsgId: MMSG-17999]
   USER 229 = user75:pwd75	[MsgId: MMSG-17999]
    2023-06-17 22:06:36.107 : Start page is opened	[MsgId: MMSG-17999]
    2023-06-17 22:06:41.705 : User is logged in with session 136656.265370595HAcQcfzpzftcVHfpfDQQ	[MsgId: MMSG-17999]
    2023-06-17 22:06:46.988 : User is logged out of session	[MsgId: MMSG-17999]
  2023-06-17 22:08:42.015 : IterationNum=230	[MsgId: MMSG-17999]
   USER 230 = user75:pwd75	[MsgId: MMSG-17999]
    2023-06-17 22:08:42.110 : Start page is opened	[MsgId: MMSG-17999]
    2023-06-17 22:08:47.298 : User is logged in with session 136656.275577157HAcQcfHpVHftcVHfpftDAf	[MsgId: MMSG-17999]
    2023-06-17 22:08:52.395 : User is logged out of session	[MsgId: MMSG-17999]
  2023-06-17 22:10:48.030 : IterationNum=231	[MsgId: MMSG-17999]
   USER 231 = user75:pwd75	[MsgId: MMSG-17999]
    2023-06-17 22:10:48.123 : Start page is opened	[MsgId: MMSG-17999]
    2023-06-17 22:10:52.768 : User is logged in with session 136656.285783718HAcQcfHpHtcVHfpftzc	[MsgId: MMSG-17999]
    2023-06-17 22:10:58.562 : User is logged out of session	[MsgId: MMSG-17999]
  2023-06-17 22:12:54.039 : IterationNum=232	[MsgId: MMSG-17999]
   USER 232 = user75:pwd75	[MsgId: MMSG-17999]
    2023-06-17 22:12:54.133 : Start page is opened	[MsgId: MMSG-17999]
    2023-06-17 22:12:58.703 : User is logged in with session 136656.295990279HAcQcfipccftcVHfpftQDf	[MsgId: MMSG-17999]
    2023-06-17 22:13:04.078 : User is logged out of session	[MsgId: MMSG-17999]
  2023-06-17 22:15:00.050 : IterationNum=233	[MsgId: MMSG-17999]
   USER 233 = user75:pwd75	[MsgId: MMSG-17999]
    2023-06-17 22:15:00.144 : Start page is opened	[MsgId: MMSG-17999]
    2023-06-17 22:15:04.820 : User is logged in with session 136656.306196841HAcQcfipHftcVHfpffcf	[MsgId: MMSG-17999]
    2023-06-17 22:15:11.151 : User is logged out of session	[MsgId: MMSG-17999]
  2023-06-17 22:17:06.060 : IterationNum=234	[MsgId: MMSG-17999]
   USER 234 = user75:pwd75	[MsgId: MMSG-17999]
    2023-06-17 22:17:06.154 : Start page is opened	[MsgId: MMSG-17999]
    2023-06-17 22:17:10.435 : User is logged in with session 136656.316403402HAcQcfQpcHftcVHfpfffzf	[MsgId: MMSG-17999]
    2023-06-17 22:17:15.132 : User is logged out of session	[MsgId: MMSG-17999]
  2023-06-17 22:19:12.067 : IterationNum=235	[MsgId: MMSG-17999]
   USER 235 = user75:pwd75	[MsgId: MMSG-17999]
    2023-06-17 22:19:12.162 : Start page is opened	[MsgId: MMSG-17999]
    2023-06-17 22:19:17.918 : User is logged in with session 136656.326609964HAcQcfQpitcVHfpffii	[MsgId: MMSG-17999]
    2023-06-17 22:19:23.402 : User is logged out of session	[MsgId: MMSG-17999]
  2023-06-17 22:21:18.076 : IterationNum=236	[MsgId: MMSG-17999]
   USER 236 = user75:pwd75	[MsgId: MMSG-17999]
    2023-06-17 22:21:18.171 : Start page is opened	[MsgId: MMSG-17999]
    2023-06-17 22:21:23.423 : User is logged in with session 136656.336816525HAcQczApDcftcVHfpfzVQf	[MsgId: MMSG-17999]
    2023-06-17 22:21:27.864 : User is logged out of session	[MsgId: MMSG-17999]
