  2023-06-17 14:08:56.009 : IterationNum=1	[MsgId: MMSG-17999]
   USER 1 = user21:pwd21	[MsgId: MMSG-17999]
    2023-06-17 14:08:56.103 : Start page is opened	[MsgId: MMSG-17999]
    2023-06-17 14:09:02.242 : User is logged in with session 136653.943782908HAcQVDHpcDDDDDDDtcVHtpicDt	[MsgId: MMSG-17999]
    2023-06-17 14:09:08.403 : Search page opened	[MsgId: MMSG-17999]
    2023-06-17 14:09:24.519 : Flights found : 251;927;06/20/2023 and 521;927;06/17/2023	[MsgId: MMSG-17999]
    2023-06-17 14:09:24.519 : Sity depart : London, Sity arrive : Portland	[MsgId: MMSG-17999]
    2023-06-17 14:09:35.909 : Found Seat Type : First, Seat Pref : Aisle	[MsgId: MMSG-17999]
    2023-06-17 14:09:49.254 : Booking is complect	[MsgId: MMSG-17999]
    2023-06-17 14:09:53.625 : Go to Home Page is complete	[MsgId: MMSG-17999]
    2023-06-17 14:09:57.654 : Booking is created : 100750071-1170142-up	[MsgId: MMSG-17999]
    2023-06-17 14:10:06.144 : Booking (100750071-1170142-up) is deleted	[MsgId: MMSG-17999]
    2023-06-17 14:10:11.858 : User is logged out of session	[MsgId: MMSG-17999]
  2023-06-17 14:20:56.013 : IterationNum=2	[MsgId: MMSG-17999]
   USER 2 = user22:pwd22	[MsgId: MMSG-17999]
    2023-06-17 14:20:56.108 : Start page is opened	[MsgId: MMSG-17999]
    2023-06-17 14:21:01.034 : User is logged in with session 136654.002106116HAcQVtApcDDDDDDDtcVHtpitVt	[MsgId: MMSG-17999]
    2023-06-17 14:21:05.779 : Search page opened	[MsgId: MMSG-17999]
    2023-06-17 14:21:21.993 : Flights found : 570;64;06/20/2023 and 750;64;06/17/2023	[MsgId: MMSG-17999]
    2023-06-17 14:21:21.993 : Sity depart : Portland, Sity arrive : Seattle	[MsgId: MMSG-17999]
    2023-06-17 14:21:32.228 : Found Seat Type : Coach, Seat Pref : None	[MsgId: MMSG-17999]
    2023-06-17 14:21:50.676 : Booking is complect	[MsgId: MMSG-17999]
    2023-06-17 14:21:56.133 : Go to Home Page is complete	[MsgId: MMSG-17999]
    2023-06-17 14:22:00.022 : Booking is created : 21409520-134625-up	[MsgId: MMSG-17999]
    2023-06-17 14:22:11.874 : Booking (21409520-134625-up) is deleted	[MsgId: MMSG-17999]
    2023-06-17 14:22:16.271 : User is logged out of session	[MsgId: MMSG-17999]
  2023-06-17 14:32:56.019 : IterationNum=3	[MsgId: MMSG-17999]
   USER 3 = user23:pwd23	[MsgId: MMSG-17999]
    2023-06-17 14:32:56.115 : Start page is opened	[MsgId: MMSG-17999]
    2023-06-17 14:33:01.084 : User is logged in with session 136654.060429324HAcQVtDpcDDDDDDDtcVHtpifQt	[MsgId: MMSG-17999]
    2023-06-17 14:33:06.998 : Search page opened	[MsgId: MMSG-17999]
    2023-06-17 14:33:21.229 : Flights found : 562;134;06/20/2023 and 651;126;06/17/2023	[MsgId: MMSG-17999]
    2023-06-17 14:33:21.229 : Sity depart : Portland, Sity arrive : San Francisco	[MsgId: MMSG-17999]
    2023-06-17 14:33:31.975 : Found Seat Type : First, Seat Pref : Window	[MsgId: MMSG-17999]
    2023-06-17 14:33:44.085 : Booking is complect	[MsgId: MMSG-17999]
    2023-06-17 14:33:48.290 : Go to Home Page is complete	[MsgId: MMSG-17999]
    2023-06-17 14:33:52.334 : Booking is created : 251131930-127020-up	[MsgId: MMSG-17999]
    2023-06-17 14:34:00.417 : Booking (251131930-127020-up) is deleted	[MsgId: MMSG-17999]
    2023-06-17 14:34:06.692 : User is logged out of session	[MsgId: MMSG-17999]
  2023-06-17 14:44:56.034 : IterationNum=4	[MsgId: MMSG-17999]
   USER 4 = user24:pwd24	[MsgId: MMSG-17999]
    2023-06-17 14:44:56.129 : Start page is opened	[MsgId: MMSG-17999]
    2023-06-17 14:45:00.048 : User is logged in with session 136654.118752531HAcQVtzpcDDDDDDDtcVHtpiHHt	[MsgId: MMSG-17999]
    2023-06-17 14:45:06.082 : Search page opened	[MsgId: MMSG-17999]
    2023-06-17 14:45:18.742 : Flights found : 452;1101;06/20/2023 and 541;1038;06/17/2023	[MsgId: MMSG-17999]
    2023-06-17 14:45:18.742 : Sity depart : Paris, Sity arrive : Portland	[MsgId: MMSG-17999]
    2023-06-17 14:45:28.451 : Found Seat Type : First, Seat Pref : Aisle	[MsgId: MMSG-17999]
    2023-06-17 14:45:44.093 : Booking is complect	[MsgId: MMSG-17999]
    2023-06-17 14:45:47.977 : Go to Home Page is complete	[MsgId: MMSG-17999]
    2023-06-17 14:45:52.798 : Booking is created : 2477945225-1185549-up	[MsgId: MMSG-17999]
    2023-06-17 14:46:05.319 : Booking (2477945225-1185549-up) is deleted	[MsgId: MMSG-17999]
    2023-06-17 14:46:09.468 : User is logged out of session	[MsgId: MMSG-17999]
  2023-06-17 14:56:56.038 : IterationNum=5	[MsgId: MMSG-17999]
   USER 5 = user25:pwd25	[MsgId: MMSG-17999]
    2023-06-17 14:56:56.133 : Start page is opened	[MsgId: MMSG-17999]
    2023-06-17 14:57:01.766 : User is logged in with session 136654.177075739HAcQVtQpcDDDDDDDtcVHtpiQft	[MsgId: MMSG-17999]
    2023-06-17 14:57:06.739 : Search page opened	[MsgId: MMSG-17999]
    2023-06-17 14:57:19.313 : Flights found : 960;705;06/20/2023 and 690;705;06/17/2023	[MsgId: MMSG-17999]
    2023-06-17 14:57:19.313 : Sity depart : Zurich, Sity arrive : San Francisco	[MsgId: MMSG-17999]
    2023-06-17 14:57:28.122 : Found Seat Type : First, Seat Pref : Aisle	[MsgId: MMSG-17999]
    2023-06-17 14:57:46.052 : Booking is complect	[MsgId: MMSG-17999]
    2023-06-17 14:57:52.315 : Go to Home Page is complete	[MsgId: MMSG-17999]
    2023-06-17 14:57:57.329 : Booking is created : 206331877-1300108-up	[MsgId: MMSG-17999]
    2023-06-17 14:58:06.402 : Booking (206331877-1300108-up) is deleted	[MsgId: MMSG-17999]
    2023-06-17 14:58:11.952 : User is logged out of session	[MsgId: MMSG-17999]
  2023-06-17 15:08:56.045 : IterationNum=6	[MsgId: MMSG-17999]
   USER 6 = user26:pwd26	[MsgId: MMSG-17999]
    2023-06-17 15:08:56.138 : Start page is opened	[MsgId: MMSG-17999]
    2023-06-17 15:09:02.216 : User is logged in with session 136654.235398947HAcQVfcpcDDDDDDDtcVHtpQVDt	[MsgId: MMSG-17999]
    2023-06-17 15:09:06.952 : Search page opened	[MsgId: MMSG-17999]
    2023-06-17 15:09:19.268 : Flights found : 132;577;06/20/2023 and 313;347;06/17/2023	[MsgId: MMSG-17999]
    2023-06-17 15:09:19.268 : Sity depart : Frankfurt, Sity arrive : Los Angeles	[MsgId: MMSG-17999]
    2023-06-17 15:09:29.939 : Found Seat Type : First, Seat Pref : Aisle	[MsgId: MMSG-17999]
    2023-06-17 15:09:41.781 : Booking is complect	[MsgId: MMSG-17999]
    2023-06-17 15:09:47.515 : Go to Home Page is complete	[MsgId: MMSG-17999]
    2023-06-17 15:09:53.742 : Booking is created : 365930836-101071-up	[MsgId: MMSG-17999]
    2023-06-17 15:10:03.361 : Booking (365930836-101071-up) is deleted	[MsgId: MMSG-17999]
    2023-06-17 15:10:07.374 : User is logged out of session	[MsgId: MMSG-17999]
  2023-06-17 15:20:56.051 : IterationNum=7	[MsgId: MMSG-17999]
   USER 7 = user27:pwd27	[MsgId: MMSG-17999]
    2023-06-17 15:20:56.146 : Start page is opened	[MsgId: MMSG-17999]
    2023-06-17 15:21:00.528 : User is logged in with session 136654.293722155HAcQVffpcDDDDDDDtcVHtpQDVt	[MsgId: MMSG-17999]
    2023-06-17 15:21:05.584 : Search page opened	[MsgId: MMSG-17999]
    2023-06-17 15:21:22.181 : Flights found : 622;1039;06/20/2023 and 263;899;06/17/2023	[MsgId: MMSG-17999]
    2023-06-17 15:21:22.182 : Sity depart : San Francisco, Sity arrive : London	[MsgId: MMSG-17999]
    2023-06-17 15:21:34.468 : Found Seat Type : First, Seat Pref : None	[MsgId: MMSG-17999]
    2023-06-17 15:21:49.245 : Booking is complect	[MsgId: MMSG-17999]
    2023-06-17 15:21:54.359 : Go to Home Page is complete	[MsgId: MMSG-17999]
    2023-06-17 15:21:59.581 : Booking is created : 1311341519-971687-up	[MsgId: MMSG-17999]
    2023-06-17 15:22:11.987 : Booking (1311341519-971687-up) is deleted	[MsgId: MMSG-17999]
    2023-06-17 15:22:16.543 : User is logged out of session	[MsgId: MMSG-17999]
  2023-06-17 15:32:56.061 : IterationNum=8	[MsgId: MMSG-17999]
   USER 8 = user27:pwd27	[MsgId: MMSG-17999]
    2023-06-17 15:32:56.155 : Start page is opened	[MsgId: MMSG-17999]
    2023-06-17 15:33:00.207 : User is logged in with session 136654.352045363HAcQVfipcDDDDDDDtcVHtpQtQt	[MsgId: MMSG-17999]
    2023-06-17 15:33:05.842 : Search page opened	[MsgId: MMSG-17999]
    2023-06-17 15:33:20.623 : Flights found : 811;2037;06/20/2023 and 183;1871;06/17/2023	[MsgId: MMSG-17999]
    2023-06-17 15:33:20.623 : Sity depart : Sydney, Sity arrive : Frankfurt	[MsgId: MMSG-17999]
    2023-06-17 15:33:28.611 : Found Seat Type : First, Seat Pref : Aisle	[MsgId: MMSG-17999]
    2023-06-17 15:33:41.171 : Booking is complect	[MsgId: MMSG-17999]
    2023-06-17 15:33:46.200 : Go to Home Page is complete	[MsgId: MMSG-17999]
    2023-06-17 15:33:52.078 : Booking is created : 1311411556-910300-up	[MsgId: MMSG-17999]
    2023-06-17 15:34:01.620 : Booking (1311411556-910300-up) is deleted	[MsgId: MMSG-17999]
    2023-06-17 15:34:06.611 : User is logged out of session	[MsgId: MMSG-17999]
  2023-06-17 15:44:56.076 : IterationNum=9	[MsgId: MMSG-17999]
   USER 9 = user27:pwd27	[MsgId: MMSG-17999]
    2023-06-17 15:44:56.169 : Start page is opened	[MsgId: MMSG-17999]
    2023-06-17 15:45:02.122 : User is logged in with session 136654.41036857HAcQVzVpcDDDDDDDtcVHtpQzHt	[MsgId: MMSG-17999]
    2023-06-17 15:45:08.276 : Search page opened	[MsgId: MMSG-17999]
    2023-06-17 15:45:19.815 : Flights found : 360;60;06/20/2023 and 633;49;06/17/2023	[MsgId: MMSG-17999]
    2023-06-17 15:45:19.815 : Sity depart : Los Angeles, Sity arrive : San Francisco	[MsgId: MMSG-17999]
    2023-06-17 15:45:30.835 : Found Seat Type : Coach, Seat Pref : Window	[MsgId: MMSG-17999]
    2023-06-17 15:45:43.884 : Booking is complect	[MsgId: MMSG-17999]
    2023-06-17 15:45:49.978 : Go to Home Page is complete	[MsgId: MMSG-17999]
    2023-06-17 15:45:55.527 : Booking is created : 13112446-125623-up	[MsgId: MMSG-17999]
    2023-06-17 15:46:05.060 : Booking (13112446-125623-up) is deleted	[MsgId: MMSG-17999]
    2023-06-17 15:46:10.061 : User is logged out of session	[MsgId: MMSG-17999]
  2023-06-17 15:56:56.082 : IterationNum=10	[MsgId: MMSG-17999]
   USER 10 = user27:pwd27	[MsgId: MMSG-17999]
    2023-06-17 15:56:56.176 : Start page is opened	[MsgId: MMSG-17999]
    2023-06-17 15:57:00.732 : User is logged in with session 136654.468691778HAcQVztpcDDDDDDDtcVHtpQift	[MsgId: MMSG-17999]
    2023-06-17 15:57:06.468 : Search page opened	[MsgId: MMSG-17999]
    2023-06-17 15:57:20.198 : Flights found : 582;1427;06/20/2023 and 852;1427;06/17/2023	[MsgId: MMSG-17999]
    2023-06-17 15:57:20.198 : Sity depart : Portland, Sity arrive : Sydney	[MsgId: MMSG-17999]
    2023-06-17 15:57:29.233 : Found Seat Type : First, Seat Pref : None	[MsgId: MMSG-17999]
    2023-06-17 15:57:47.273 : Booking is complect	[MsgId: MMSG-17999]
    2023-06-17 15:57:51.497 : Go to Home Page is complete	[MsgId: MMSG-17999]
    2023-06-17 15:57:56.467 : Booking is created : 1311326719-1424834-up	[MsgId: MMSG-17999]
    2023-06-17 15:58:06.777 : Booking (1311326719-1424834-up) is deleted	[MsgId: MMSG-17999]
    2023-06-17 15:58:10.724 : User is logged out of session	[MsgId: MMSG-17999]
  2023-06-17 16:08:56.093 : IterationNum=11	[MsgId: MMSG-17999]
   USER 11 = user27:pwd27	[MsgId: MMSG-17999]
    2023-06-17 16:08:56.188 : Start page is opened	[MsgId: MMSG-17999]
    2023-06-17 16:09:01.339 : User is logged in with session 136654.527014986HAcQVzHpcDDDDDDDtcVHfpAADt	[MsgId: MMSG-17999]
    2023-06-17 16:09:07.063 : Search page opened	[MsgId: MMSG-17999]
    2023-06-17 16:09:20.309 : Flights found : 153;491;06/20/2023 and 513;491;06/17/2023	[MsgId: MMSG-17999]
    2023-06-17 16:09:20.309 : Sity depart : Frankfurt, Sity arrive : Portland	[MsgId: MMSG-17999]
    2023-06-17 16:09:30.424 : Found Seat Type : First, Seat Pref : Aisle	[MsgId: MMSG-17999]
    2023-06-17 16:09:42.537 : Booking is complect	[MsgId: MMSG-17999]
    2023-06-17 16:09:47.663 : Go to Home Page is complete	[MsgId: MMSG-17999]
    2023-06-17 16:09:53.368 : Booking is created : 131116795-116460-up	[MsgId: MMSG-17999]
    2023-06-17 16:10:05.050 : Booking (131116795-116460-up) is deleted	[MsgId: MMSG-17999]
    2023-06-17 16:10:09.375 : User is logged out of session	[MsgId: MMSG-17999]
  2023-06-17 16:20:56.093 : IterationNum=12	[MsgId: MMSG-17999]
   USER 12 = user27:pwd27	[MsgId: MMSG-17999]
    2023-06-17 16:20:56.187 : Start page is opened	[MsgId: MMSG-17999]
    2023-06-17 16:21:01.904 : User is logged in with session 136654.585338194HAcQVHApcDDDDDDDtcVHfpAcVt	[MsgId: MMSG-17999]
    2023-06-17 16:21:06.716 : Search page opened	[MsgId: MMSG-17999]
    2023-06-17 16:21:24.566 : Flights found : 521;927;06/20/2023 and 251;927;06/17/2023	[MsgId: MMSG-17999]
    2023-06-17 16:21:24.566 : Sity depart : Portland, Sity arrive : London	[MsgId: MMSG-17999]
    2023-06-17 16:21:32.845 : Found Seat Type : First, Seat Pref : None	[MsgId: MMSG-17999]
    2023-06-17 16:21:45.724 : Booking is complect	[MsgId: MMSG-17999]
    2023-06-17 16:21:51.996 : Go to Home Page is complete	[MsgId: MMSG-17999]
    2023-06-17 16:21:56.779 : Booking is created : 131130441-962450-up	[MsgId: MMSG-17999]
    2023-06-17 16:22:08.050 : Booking (131130441-962450-up) is deleted	[MsgId: MMSG-17999]
    2023-06-17 16:22:14.139 : User is logged out of session	[MsgId: MMSG-17999]
  2023-06-17 16:32:56.102 : IterationNum=13	[MsgId: MMSG-17999]
   USER 13 = user27:pwd27	[MsgId: MMSG-17999]
    2023-06-17 16:32:56.197 : Start page is opened	[MsgId: MMSG-17999]
    2023-06-17 16:33:00.187 : User is logged in with session 136654.643661401HAcQVHDpcDDDDDDDtcVHfpADQt	[MsgId: MMSG-17999]
    2023-06-17 16:33:05.983 : Search page opened	[MsgId: MMSG-17999]
    2023-06-17 16:33:21.644 : Flights found : 803;1215;06/20/2023 and 081;1323;06/17/2023	[MsgId: MMSG-17999]
    2023-06-17 16:33:21.644 : Sity depart : Sydney, Sity arrive : Denver	[MsgId: MMSG-17999]
    2023-06-17 16:33:32.164 : Found Seat Type : First, Seat Pref : Window	[MsgId: MMSG-17999]
    2023-06-17 16:33:46.885 : Booking is complect	[MsgId: MMSG-17999]
    2023-06-17 16:33:52.864 : Go to Home Page is complete	[MsgId: MMSG-17999]
    2023-06-17 16:33:57.275 : Booking is created : 1311408563-831733-up	[MsgId: MMSG-17999]
    2023-06-17 16:34:08.302 : Booking (1311408563-831733-up) is deleted	[MsgId: MMSG-17999]
    2023-06-17 16:34:12.247 : User is logged out of session	[MsgId: MMSG-17999]
  2023-06-17 16:44:56.107 : IterationNum=14	[MsgId: MMSG-17999]
   USER 14 = user27:pwd27	[MsgId: MMSG-17999]
    2023-06-17 16:44:56.201 : Start page is opened	[MsgId: MMSG-17999]
    2023-06-17 16:45:01.879 : User is logged in with session 136654.701984609HAcQVHzpcDDDDDDDtcVHfpAfHt	[MsgId: MMSG-17999]
    2023-06-17 16:45:08.218 : Search page opened	[MsgId: MMSG-17999]
    2023-06-17 16:45:25.999 : Flights found : 862;1008;06/20/2023 and 682;1008;06/17/2023	[MsgId: MMSG-17999]
    2023-06-17 16:45:25.999 : Sity depart : Sydney, Sity arrive : San Francisco	[MsgId: MMSG-17999]
    2023-06-17 16:45:37.218 : Found Seat Type : Business, Seat Pref : Window	[MsgId: MMSG-17999]
    2023-06-17 16:45:49.173 : Booking is complect	[MsgId: MMSG-17999]
    2023-06-17 16:45:54.616 : Go to Home Page is complete	[MsgId: MMSG-17999]
    2023-06-17 16:46:00.255 : Booking is created : 1311430407-1294001-up	[MsgId: MMSG-17999]
    2023-06-17 16:46:11.388 : Booking (1311430407-1294001-up) is deleted	[MsgId: MMSG-17999]
    2023-06-17 16:46:15.779 : User is logged out of session	[MsgId: MMSG-17999]
  2023-06-17 16:56:56.116 : IterationNum=15	[MsgId: MMSG-17999]
   USER 15 = user27:pwd27	[MsgId: MMSG-17999]
    2023-06-17 16:56:56.211 : Start page is opened	[MsgId: MMSG-17999]
    2023-06-17 16:57:02.482 : User is logged in with session 136654.760307817HAcQVHQpcDDDDDDDtcVHfpAHft	[MsgId: MMSG-17999]
    2023-06-17 16:57:07.594 : Search page opened	[MsgId: MMSG-17999]
    2023-06-17 16:57:22.844 : Flights found : 262;554;06/20/2023 and 623;479;06/17/2023	[MsgId: MMSG-17999]
    2023-06-17 16:57:22.844 : Sity depart : London, Sity arrive : San Francisco	[MsgId: MMSG-17999]
    2023-06-17 16:57:30.733 : Found Seat Type : Coach, Seat Pref : Aisle	[MsgId: MMSG-17999]
    2023-06-17 16:57:43.969 : Booking is complect	[MsgId: MMSG-17999]
    2023-06-17 16:57:49.077 : Go to Home Page is complete	[MsgId: MMSG-17999]
    2023-06-17 16:57:55.209 : Booking is created : 131120835-1248541-up	[MsgId: MMSG-17999]
    2023-06-17 16:58:05.008 : Booking (131120835-1248541-up) is deleted	[MsgId: MMSG-17999]
    2023-06-17 16:58:11.094 : User is logged out of session	[MsgId: MMSG-17999]
  2023-06-17 17:08:56.127 : IterationNum=16	[MsgId: MMSG-17999]
   USER 16 = user27:pwd27	[MsgId: MMSG-17999]
    2023-06-17 17:08:56.221 : Start page is opened	[MsgId: MMSG-17999]
    2023-06-17 17:09:01.665 : User is logged in with session 136654.818631025HAcQVicpcDDDDDDDtcVHfpAQDt	[MsgId: MMSG-17999]
    2023-06-17 17:09:07.387 : Search page opened	[MsgId: MMSG-17999]
    2023-06-17 17:09:24.812 : Flights found : 740;598;06/20/2023 and 470;598;06/17/2023	[MsgId: MMSG-17999]
    2023-06-17 17:09:24.812 : Sity depart : Seattle, Sity arrive : Paris	[MsgId: MMSG-17999]
    2023-06-17 17:09:33.174 : Found Seat Type : Coach, Seat Pref : Aisle	[MsgId: MMSG-17999]
    2023-06-17 17:09:47.811 : Booking is complect	[MsgId: MMSG-17999]
    2023-06-17 17:09:52.360 : Go to Home Page is complete	[MsgId: MMSG-17999]
    2023-06-17 17:09:56.625 : Booking is created : 131138540-1130861-up	[MsgId: MMSG-17999]
    2023-06-17 17:10:05.687 : Booking (131138540-1130861-up) is deleted	[MsgId: MMSG-17999]
    2023-06-17 17:10:10.306 : User is logged out of session	[MsgId: MMSG-17999]
  2023-06-17 17:20:56.137 : IterationNum=17	[MsgId: MMSG-17999]
   USER 17 = user27:pwd27	[MsgId: MMSG-17999]
    2023-06-17 17:20:56.231 : Start page is opened	[MsgId: MMSG-17999]
    2023-06-17 17:21:01.796 : User is logged in with session 136654.876954232HAcQVifpcDDDDDDDtcVHfpVVVt	[MsgId: MMSG-17999]
    2023-06-17 17:21:07.766 : Search page opened	[MsgId: MMSG-17999]
    2023-06-17 17:21:21.473 : Flights found : 311;201;06/20/2023 and 130;325;06/17/2023	[MsgId: MMSG-17999]
    2023-06-17 17:21:21.473 : Sity depart : Los Angeles, Sity arrive : Frankfurt	[MsgId: MMSG-17999]
    2023-06-17 17:21:31.745 : Found Seat Type : Coach, Seat Pref : None	[MsgId: MMSG-17999]
    2023-06-17 17:21:48.101 : Booking is complect	[MsgId: MMSG-17999]
    2023-06-17 17:21:53.078 : Go to Home Page is complete	[MsgId: MMSG-17999]
    2023-06-17 17:21:58.625 : Booking is created : 131122637-86963-up	[MsgId: MMSG-17999]
    2023-06-17 17:22:08.671 : Booking (131122637-86963-up) is deleted	[MsgId: MMSG-17999]
    2023-06-17 17:22:14.420 : User is logged out of session	[MsgId: MMSG-17999]
  2023-06-17 17:32:56.137 : IterationNum=18	[MsgId: MMSG-17999]
   USER 18 = user27:pwd27	[MsgId: MMSG-17999]
    2023-06-17 17:32:56.232 : Start page is opened	[MsgId: MMSG-17999]
    2023-06-17 17:33:01.606 : User is logged in with session 136654.93527744HAcQViipcDDDDDDDtcVHfpVcQt	[MsgId: MMSG-17999]
    2023-06-17 17:33:07.580 : Search page opened	[MsgId: MMSG-17999]
    2023-06-17 17:33:24.929 : Flights found : 503;225;06/20/2023 and 050;275;06/17/2023	[MsgId: MMSG-17999]
    2023-06-17 17:33:24.929 : Sity depart : Portland, Sity arrive : Denver	[MsgId: MMSG-17999]
    2023-06-17 17:33:37.412 : Found Seat Type : Coach, Seat Pref : Aisle	[MsgId: MMSG-17999]
    2023-06-17 17:33:55.540 : Booking is complect	[MsgId: MMSG-17999]
    2023-06-17 17:34:00.916 : Go to Home Page is complete	[MsgId: MMSG-17999]
    2023-06-17 17:34:04.791 : Booking is created : 131129749-80807-up	[MsgId: MMSG-17999]
    2023-06-17 17:34:12.395 : Booking (131129749-80807-up) is deleted	[MsgId: MMSG-17999]
    2023-06-17 17:34:16.536 : User is logged out of session	[MsgId: MMSG-17999]
  2023-06-17 17:44:56.141 : IterationNum=19	[MsgId: MMSG-17999]
   USER 19 = user27:pwd27	[MsgId: MMSG-17999]
    2023-06-17 17:44:56.235 : Start page is opened	[MsgId: MMSG-17999]
    2023-06-17 17:45:00.981 : User is logged in with session 136654.993600648HAcQVQVpcDDDDDDDtcVHfpVtHt	[MsgId: MMSG-17999]
    2023-06-17 17:45:05.264 : Search page opened	[MsgId: MMSG-17999]
    2023-06-17 17:45:17.260 : Flights found : 620;850;06/20/2023 and 261;757;06/17/2023	[MsgId: MMSG-17999]
    2023-06-17 17:45:17.260 : Sity depart : San Francisco, Sity arrive : London	[MsgId: MMSG-17999]
    2023-06-17 17:45:29.315 : Found Seat Type : Business, Seat Pref : None	[MsgId: MMSG-17999]
    2023-06-17 17:45:47.960 : Booking is complect	[MsgId: MMSG-17999]
    2023-06-17 17:45:53.014 : Go to Home Page is complete	[MsgId: MMSG-17999]
    2023-06-17 17:45:57.790 : Booking is created : 131134105-970123-up	[MsgId: MMSG-17999]
    2023-06-17 17:46:06.006 : Booking (131134105-970123-up) is deleted	[MsgId: MMSG-17999]
    2023-06-17 17:46:11.547 : User is logged out of session	[MsgId: MMSG-17999]
  2023-06-17 17:56:56.149 : IterationNum=20	[MsgId: MMSG-17999]
   USER 20 = user27:pwd27	[MsgId: MMSG-17999]
    2023-06-17 17:56:56.244 : Start page is opened	[MsgId: MMSG-17999]
    2023-06-17 17:57:01.150 : User is logged in with session 136655.051923856HAcQVQtpcDDDDDDDtcVHfpVzft	[MsgId: MMSG-17999]
    2023-06-17 17:57:05.419 : Search page opened	[MsgId: MMSG-17999]
    2023-06-17 17:57:21.083 : Flights found : 503;225;06/20/2023 and 053;225;06/17/2023	[MsgId: MMSG-17999]
    2023-06-17 17:57:21.083 : Sity depart : Portland, Sity arrive : Denver	[MsgId: MMSG-17999]
    2023-06-17 17:57:29.353 : Found Seat Type : Coach, Seat Pref : Window	[MsgId: MMSG-17999]
    2023-06-17 17:57:47.830 : Booking is complect	[MsgId: MMSG-17999]
    2023-06-17 17:57:52.963 : Go to Home Page is complete	[MsgId: MMSG-17999]
    2023-06-17 17:57:57.191 : Booking is created : 131129749-81034-up	[MsgId: MMSG-17999]
    2023-06-17 17:58:06.986 : Booking (131129749-81034-up) is deleted	[MsgId: MMSG-17999]
    2023-06-17 17:58:12.777 : User is logged out of session	[MsgId: MMSG-17999]
  2023-06-17 18:08:56.154 : IterationNum=21	[MsgId: MMSG-17999]
   USER 21 = user27:pwd27	[MsgId: MMSG-17999]
    2023-06-17 18:08:56.248 : Start page is opened	[MsgId: MMSG-17999]
    2023-06-17 18:09:02.193 : User is logged in with session 136655.110247064HAcQVQHpcDDDDDDDtcVHfpViDt	[MsgId: MMSG-17999]
    2023-06-17 18:09:06.150 : Search page opened	[MsgId: MMSG-17999]
    2023-06-17 18:09:24.578 : Flights found : 503;225;06/20/2023 and 052;260;06/17/2023	[MsgId: MMSG-17999]
    2023-06-17 18:09:24.578 : Sity depart : Portland, Sity arrive : Denver	[MsgId: MMSG-17999]
    2023-06-17 18:09:34.944 : Found Seat Type : Coach, Seat Pref : Window	[MsgId: MMSG-17999]
    2023-06-17 18:09:50.849 : Booking is complect	[MsgId: MMSG-17999]
    2023-06-17 18:09:56.368 : Go to Home Page is complete	[MsgId: MMSG-17999]
    2023-06-17 18:10:00.891 : Booking is created : 131129749-80960-up	[MsgId: MMSG-17999]
    2023-06-17 18:10:12.653 : Booking (131129749-80960-up) is deleted	[MsgId: MMSG-17999]
    2023-06-17 18:10:16.621 : User is logged out of session	[MsgId: MMSG-17999]
  2023-06-17 18:20:56.170 : IterationNum=22	[MsgId: MMSG-17999]
   USER 22 = user27:pwd27	[MsgId: MMSG-17999]
    2023-06-17 18:20:56.263 : Start page is opened	[MsgId: MMSG-17999]
    2023-06-17 18:21:00.773 : User is logged in with session 136655.168570271HAcQcAApcDDDDDDDtcVHfpcAVt	[MsgId: MMSG-17999]
    2023-06-17 18:21:05.290 : Search page opened	[MsgId: MMSG-17999]
    2023-06-17 18:21:21.895 : Flights found : 090;421;06/20/2023 and 902;398;06/17/2023	[MsgId: MMSG-17999]
    2023-06-17 18:21:21.895 : Sity depart : Denver, Sity arrive : Zurich	[MsgId: MMSG-17999]
    2023-06-17 18:21:33.556 : Found Seat Type : Coach, Seat Pref : Window	[MsgId: MMSG-17999]
    2023-06-17 18:21:46.275 : Booking is complect	[MsgId: MMSG-17999]
    2023-06-17 18:21:50.300 : Go to Home Page is complete	[MsgId: MMSG-17999]
    2023-06-17 18:21:54.198 : Booking is created : 131114460-146370-up	[MsgId: MMSG-17999]
    2023-06-17 18:22:05.064 : Booking (131114460-146370-up) is deleted	[MsgId: MMSG-17999]
    2023-06-17 18:22:09.030 : User is logged out of session	[MsgId: MMSG-17999]
  2023-06-17 18:32:56.174 : IterationNum=23	[MsgId: MMSG-17999]
   USER 23 = user27:pwd27	[MsgId: MMSG-17999]
    2023-06-17 18:32:56.268 : Start page is opened	[MsgId: MMSG-17999]
    2023-06-17 18:33:02.321 : User is logged in with session 136655.226893479HAcQcADpcDDDDDDDtcVHfpcVQt	[MsgId: MMSG-17999]
    2023-06-17 18:33:06.474 : Search page opened	[MsgId: MMSG-17999]
    2023-06-17 18:33:19.095 : Flights found : 213;408;06/20/2023 and 122;471;06/17/2023	[MsgId: MMSG-17999]
    2023-06-17 18:33:19.095 : Sity depart : London, Sity arrive : Frankfurt	[MsgId: MMSG-17999]
    2023-06-17 18:33:28.154 : Found Seat Type : First, Seat Pref : None	[MsgId: MMSG-17999]
    2023-06-17 18:33:41.122 : Booking is complect	[MsgId: MMSG-17999]
    2023-06-17 18:33:47.021 : Go to Home Page is complete	[MsgId: MMSG-17999]
    2023-06-17 18:33:52.581 : Booking is created : 131119015-86375-up	[MsgId: MMSG-17999]
    2023-06-17 18:34:00.887 : Booking (131119015-86375-up) is deleted	[MsgId: MMSG-17999]
    2023-06-17 18:34:06.295 : User is logged out of session	[MsgId: MMSG-17999]
  2023-06-17 18:44:56.187 : IterationNum=24	[MsgId: MMSG-17999]
   USER 24 = user27:pwd27	[MsgId: MMSG-17999]
    2023-06-17 18:44:56.281 : Start page is opened	[MsgId: MMSG-17999]
    2023-06-17 18:45:00.431 : User is logged in with session 136655.285216687HAcQcAzpcDDDDDDDtcVHfpcDHt	[MsgId: MMSG-17999]
    2023-06-17 18:45:04.738 : Search page opened	[MsgId: MMSG-17999]
    2023-06-17 18:45:22.369 : Flights found : 182;2162;06/20/2023 and 813;1871;06/17/2023	[MsgId: MMSG-17999]
    2023-06-17 18:45:22.369 : Sity depart : Frankfurt, Sity arrive : Sydney	[MsgId: MMSG-17999]
    2023-06-17 18:45:34.396 : Found Seat Type : First, Seat Pref : Aisle	[MsgId: MMSG-17999]
    2023-06-17 18:45:50.747 : Booking is complect	[MsgId: MMSG-17999]
    2023-06-17 18:45:56.531 : Go to Home Page is complete	[MsgId: MMSG-17999]
    2023-06-17 18:46:02.521 : Booking is created : 1311178598-1394925-up	[MsgId: MMSG-17999]
    2023-06-17 18:46:12.661 : Booking (1311178598-1394925-up) is deleted	[MsgId: MMSG-17999]
    2023-06-17 18:46:17.874 : User is logged out of session	[MsgId: MMSG-17999]
  2023-06-17 18:56:56.190 : IterationNum=25	[MsgId: MMSG-17999]
   USER 25 = user27:pwd27	[MsgId: MMSG-17999]
    2023-06-17 18:56:56.285 : Start page is opened	[MsgId: MMSG-17999]
    2023-06-17 18:57:01.263 : User is logged in with session 136655.343539895HAcQcAQpcDDDDDDDtcVHfpcfft	[MsgId: MMSG-17999]
    2023-06-17 18:57:05.676 : Search page opened	[MsgId: MMSG-17999]
    2023-06-17 18:57:21.607 : Flights found : 340;822;06/20/2023 and 430;822;06/17/2023	[MsgId: MMSG-17999]
    2023-06-17 18:57:21.607 : Sity depart : Los Angeles, Sity arrive : Paris	[MsgId: MMSG-17999]
    2023-06-17 18:57:30.725 : Found Seat Type : First, Seat Pref : Aisle	[MsgId: MMSG-17999]
    2023-06-17 18:57:45.708 : Booking is complect	[MsgId: MMSG-17999]
    2023-06-17 18:57:52.070 : Go to Home Page is complete	[MsgId: MMSG-17999]
    2023-06-17 18:57:56.523 : Booking is created : 131123734-1100126-up	[MsgId: MMSG-17999]
    2023-06-17 18:58:04.119 : Booking (131123734-1100126-up) is deleted	[MsgId: MMSG-17999]
    2023-06-17 18:58:09.871 : User is logged out of session	[MsgId: MMSG-17999]
  2023-06-17 19:08:56.203 : IterationNum=26	[MsgId: MMSG-17999]
   USER 26 = user27:pwd27	[MsgId: MMSG-17999]
    2023-06-17 19:08:56.298 : Start page is opened	[MsgId: MMSG-17999]
    2023-06-17 19:09:01.494 : User is logged in with session 136655.401863102HAcQcVcpcDDDDDDDtcVHfpcHDt	[MsgId: MMSG-17999]
    2023-06-17 19:09:07.064 : Search page opened	[MsgId: MMSG-17999]
    2023-06-17 19:09:25.654 : Flights found : 720;565;06/20/2023 and 272;534;06/17/2023	[MsgId: MMSG-17999]
    2023-06-17 19:09:25.654 : Sity depart : Seattle, Sity arrive : London	[MsgId: MMSG-17999]
    2023-06-17 19:09:36.763 : Found Seat Type : Coach, Seat Pref : Window	[MsgId: MMSG-17999]
    2023-06-17 19:09:52.902 : Booking is complect	[MsgId: MMSG-17999]
    2023-06-17 19:09:57.137 : Go to Home Page is complete	[MsgId: MMSG-17999]
    2023-06-17 19:10:01.619 : Booking is created : 131137798-978546-up	[MsgId: MMSG-17999]
    2023-06-17 19:10:12.532 : Booking (131137798-978546-up) is deleted	[MsgId: MMSG-17999]
    2023-06-17 19:10:18.005 : User is logged out of session	[MsgId: MMSG-17999]
  2023-06-17 19:20:56.210 : IterationNum=27	[MsgId: MMSG-17999]
   USER 27 = user27:pwd27	[MsgId: MMSG-17999]
    2023-06-17 19:20:56.305 : Start page is opened	[MsgId: MMSG-17999]
    2023-06-17 19:21:01.264 : User is logged in with session 136655.46018631HAcQcVfpcDDDDDDDtcVHfpcQVt	[MsgId: MMSG-17999]
    2023-06-17 19:21:05.839 : Search page opened	[MsgId: MMSG-17999]
    2023-06-17 19:21:19.519 : Flights found : 453;508;06/20/2023 and 540;621;06/17/2023	[MsgId: MMSG-17999]
    2023-06-17 19:21:19.519 : Sity depart : Paris, Sity arrive : Portland	[MsgId: MMSG-17999]
    2023-06-17 19:21:30.694 : Found Seat Type : Coach, Seat Pref : None	[MsgId: MMSG-17999]
    2023-06-17 19:21:49.405 : Booking is complect	[MsgId: MMSG-17999]
    2023-06-17 19:21:54.665 : Go to Home Page is complete	[MsgId: MMSG-17999]
    2023-06-17 19:22:00.823 : Booking is created : 131127907-1184702-up	[MsgId: MMSG-17999]
    2023-06-17 19:22:10.822 : Booking (131127907-1184702-up) is deleted	[MsgId: MMSG-17999]
    2023-06-17 19:22:16.306 : User is logged out of session	[MsgId: MMSG-17999]
  2023-06-17 19:32:56.211 : IterationNum=28	[MsgId: MMSG-17999]
   USER 28 = user27:pwd27	[MsgId: MMSG-17999]
    2023-06-17 19:32:56.306 : Start page is opened	[MsgId: MMSG-17999]
    2023-06-17 19:33:01.871 : User is logged in with session 136655.518509518HAcQcVipcDDDDDDDtcVHfpDAQt	[MsgId: MMSG-17999]
    2023-06-17 19:33:07.244 : Search page opened	[MsgId: MMSG-17999]
    2023-06-17 19:33:19.615 : Flights found : 870;1503;06/20/2023 and 781;1339;06/17/2023	[MsgId: MMSG-17999]
    2023-06-17 19:33:19.615 : Sity depart : Sydney, Sity arrive : Seattle	[MsgId: MMSG-17999]
    2023-06-17 19:33:29.109 : Found Seat Type : First, Seat Pref : Window	[MsgId: MMSG-17999]
    2023-06-17 19:33:43.036 : Booking is complect	[MsgId: MMSG-17999]
    2023-06-17 19:33:47.590 : Go to Home Page is complete	[MsgId: MMSG-17999]
    2023-06-17 19:33:52.906 : Booking is created : 1311433389-1370218-up	[MsgId: MMSG-17999]
    2023-06-17 19:34:03.332 : Booking (1311433389-1370218-up) is deleted	[MsgId: MMSG-17999]
    2023-06-17 19:34:08.998 : User is logged out of session	[MsgId: MMSG-17999]
  2023-06-17 19:44:56.216 : IterationNum=29	[MsgId: MMSG-17999]
   USER 29 = user27:pwd27	[MsgId: MMSG-17999]
    2023-06-17 19:44:56.311 : Start page is opened	[MsgId: MMSG-17999]
    2023-06-17 19:45:00.858 : User is logged in with session 136655.576832726HAcQccVpcDDDDDDDtcVHfpDcHt	[MsgId: MMSG-17999]
    2023-06-17 19:45:05.348 : Search page opened	[MsgId: MMSG-17999]
    2023-06-17 19:45:20.925 : Flights found : 351;255;06/20/2023 and 530;287;06/17/2023	[MsgId: MMSG-17999]
    2023-06-17 19:45:20.925 : Sity depart : Los Angeles, Sity arrive : Portland	[MsgId: MMSG-17999]
    2023-06-17 19:45:31.622 : Found Seat Type : Business, Seat Pref : Window	[MsgId: MMSG-17999]
    2023-06-17 19:45:47.319 : Booking is complect	[MsgId: MMSG-17999]
    2023-06-17 19:45:52.500 : Go to Home Page is complete	[MsgId: MMSG-17999]
    2023-06-17 19:45:57.152 : Booking is created : 131124120-117734-up	[MsgId: MMSG-17999]
    2023-06-17 19:46:09.503 : Booking (131124120-117734-up) is deleted	[MsgId: MMSG-17999]
    2023-06-17 19:46:15.478 : User is logged out of session	[MsgId: MMSG-17999]
  2023-06-17 19:56:56.226 : IterationNum=30	[MsgId: MMSG-17999]
   USER 30 = user27:pwd27	[MsgId: MMSG-17999]
    2023-06-17 19:56:56.321 : Start page is opened	[MsgId: MMSG-17999]
    2023-06-17 19:57:00.654 : User is logged in with session 136655.635155934HAcQcctpcDDDDDDDtcVHfpDtft	[MsgId: MMSG-17999]
    2023-06-17 19:57:06.314 : Search page opened	[MsgId: MMSG-17999]
    2023-06-17 19:57:19.530 : Flights found : 463;509;06/20/2023 and 640;622;06/17/2023	[MsgId: MMSG-17999]
    2023-06-17 19:57:19.530 : Sity depart : Paris, Sity arrive : San Francisco	[MsgId: MMSG-17999]
    2023-06-17 19:57:31.026 : Found Seat Type : Coach, Seat Pref : Aisle	[MsgId: MMSG-17999]
    2023-06-17 19:57:48.811 : Booking is complect	[MsgId: MMSG-17999]
    2023-06-17 19:57:54.013 : Go to Home Page is complete	[MsgId: MMSG-17999]
    2023-06-17 19:57:59.298 : Booking is created : 131128278-1261625-up	[MsgId: MMSG-17999]
    2023-06-17 19:58:10.183 : Booking (131128278-1261625-up) is deleted	[MsgId: MMSG-17999]
    2023-06-17 19:58:14.465 : User is logged out of session	[MsgId: MMSG-17999]
  2023-06-17 20:08:56.228 : IterationNum=31	[MsgId: MMSG-17999]
   USER 31 = user27:pwd27	[MsgId: MMSG-17999]
    2023-06-17 20:08:56.322 : Start page is opened	[MsgId: MMSG-17999]
    2023-06-17 20:09:01.186 : User is logged in with session 136655.693479141HAcQccHpcDDDDDDDtcVHfpDzDt	[MsgId: MMSG-17999]
    2023-06-17 20:09:06.416 : Search page opened	[MsgId: MMSG-17999]
    2023-06-17 20:09:17.934 : Flights found : 910;287;06/20/2023 and 190;287;06/17/2023	[MsgId: MMSG-17999]
    2023-06-17 20:09:17.934 : Sity depart : Zurich, Sity arrive : Frankfurt	[MsgId: MMSG-17999]
    2023-06-17 20:09:29.756 : Found Seat Type : Business, Seat Pref : Aisle	[MsgId: MMSG-17999]
    2023-06-17 20:09:48.337 : Booking is complect	[MsgId: MMSG-17999]
    2023-06-17 20:09:53.036 : Go to Home Page is complete	[MsgId: MMSG-17999]
    2023-06-17 20:09:57.268 : Booking is created : 131144825-91582-up	[MsgId: MMSG-17999]
    2023-06-17 20:10:04.829 : Booking (131144825-91582-up) is deleted	[MsgId: MMSG-17999]
    2023-06-17 20:10:10.937 : User is logged out of session	[MsgId: MMSG-17999]
  2023-06-17 20:20:56.237 : IterationNum=32	[MsgId: MMSG-17999]
   USER 32 = user27:pwd27	[MsgId: MMSG-17999]
    2023-06-17 20:20:56.330 : Start page is opened	[MsgId: MMSG-17999]
    2023-06-17 20:21:00.725 : User is logged in with session 136655.751802349HAcQcDApcDDDDDDDtcVHfpDiVt	[MsgId: MMSG-17999]
    2023-06-17 20:21:06.080 : Search page opened	[MsgId: MMSG-17999]
    2023-06-17 20:21:18.883 : Flights found : 820;2089;06/20/2023 and 281;1861;06/17/2023	[MsgId: MMSG-17999]
    2023-06-17 20:21:18.883 : Sity depart : Sydney, Sity arrive : London	[MsgId: MMSG-17999]
    2023-06-17 20:21:29.158 : Found Seat Type : Business, Seat Pref : None	[MsgId: MMSG-17999]
    2023-06-17 20:21:42.568 : Booking is complect	[MsgId: MMSG-17999]
    2023-06-17 20:21:48.855 : Go to Home Page is complete	[MsgId: MMSG-17999]
    2023-06-17 20:21:52.920 : Booking is created : 1311414892-985688-up	[MsgId: MMSG-17999]
    2023-06-17 20:22:02.756 : Booking (1311414892-985688-up) is deleted	[MsgId: MMSG-17999]
    2023-06-17 20:22:08.562 : User is logged out of session	[MsgId: MMSG-17999]
  2023-06-17 20:32:56.244 : IterationNum=33	[MsgId: MMSG-17999]
   USER 33 = user27:pwd27	[MsgId: MMSG-17999]
    2023-06-17 20:32:56.338 : Start page is opened	[MsgId: MMSG-17999]
    2023-06-17 20:33:02.029 : User is logged in with session 136655.810125557HAcQcDDpcDDDDDDDtcVHfpDQQt	[MsgId: MMSG-17999]
    2023-06-17 20:33:07.338 : Search page opened	[MsgId: MMSG-17999]
    2023-06-17 20:33:22.278 : Flights found : 200;635;06/20/2023 and 023;519;06/17/2023	[MsgId: MMSG-17999]
    2023-06-17 20:33:22.278 : Sity depart : London, Sity arrive : Denver	[MsgId: MMSG-17999]
    2023-06-17 20:33:32.859 : Found Seat Type : First, Seat Pref : Aisle	[MsgId: MMSG-17999]
    2023-06-17 20:33:47.460 : Booking is complect	[MsgId: MMSG-17999]
    2023-06-17 20:33:53.002 : Go to Home Page is complete	[MsgId: MMSG-17999]
    2023-06-17 20:33:58.379 : Booking is created : 131118542-787011-up	[MsgId: MMSG-17999]
    2023-06-17 20:34:09.495 : Booking (131118542-787011-up) is deleted	[MsgId: MMSG-17999]
    2023-06-17 20:34:15.067 : User is logged out of session	[MsgId: MMSG-17999]
  2023-06-17 20:44:56.247 : IterationNum=34	[MsgId: MMSG-17999]
   USER 34 = user27:pwd27	[MsgId: MMSG-17999]
    2023-06-17 20:44:56.340 : Start page is opened	[MsgId: MMSG-17999]
    2023-06-17 20:45:02.710 : User is logged in with session 136655.868448765HAcQcDzpcDDDDDDDtcVHfptVHt	[MsgId: MMSG-17999]
    2023-06-17 20:45:07.320 : Search page opened	[MsgId: MMSG-17999]
    2023-06-17 20:45:25.185 : Flights found : 242;102;06/20/2023 and 420;108;06/17/2023	[MsgId: MMSG-17999]
    2023-06-17 20:45:25.185 : Sity depart : London, Sity arrive : Paris	[MsgId: MMSG-17999]
    2023-06-17 20:45:36.343 : Found Seat Type : Coach, Seat Pref : None	[MsgId: MMSG-17999]
    2023-06-17 20:45:50.850 : Booking is complect	[MsgId: MMSG-17999]
    2023-06-17 20:45:56.059 : Go to Home Page is complete	[MsgId: MMSG-17999]
    2023-06-17 20:46:00.588 : Booking is created : 131120077-109246-up	[MsgId: MMSG-17999]
    2023-06-17 20:46:10.079 : Booking (131120077-109246-up) is deleted	[MsgId: MMSG-17999]
    2023-06-17 20:46:14.106 : User is logged out of session	[MsgId: MMSG-17999]
  2023-06-17 20:56:56.259 : IterationNum=35	[MsgId: MMSG-17999]
   USER 35 = user27:pwd27	[MsgId: MMSG-17999]
    2023-06-17 20:56:56.353 : Start page is opened	[MsgId: MMSG-17999]
    2023-06-17 20:57:02.014 : User is logged in with session 136655.926771972HAcQcDQpcDDDDDDDtcVHfptDft	[MsgId: MMSG-17999]
    2023-06-17 20:57:06.453 : Search page opened	[MsgId: MMSG-17999]
    2023-06-17 20:57:22.274 : Flights found : 891;1793;06/20/2023 and 983;1647;06/17/2023	[MsgId: MMSG-17999]
    2023-06-17 20:57:22.274 : Sity depart : Sydney, Sity arrive : Zurich	[MsgId: MMSG-17999]
    2023-06-17 20:57:31.831 : Found Seat Type : First, Seat Pref : None	[MsgId: MMSG-17999]
    2023-06-17 20:57:50.385 : Booking is complect	[MsgId: MMSG-17999]
    2023-06-17 20:57:55.185 : Go to Home Page is complete	[MsgId: MMSG-17999]
    2023-06-17 20:57:59.795 : Booking is created : 1311441177-1525649-up	[MsgId: MMSG-17999]
    2023-06-17 20:58:07.839 : Booking (1311441177-1525649-up) is deleted	[MsgId: MMSG-17999]
    2023-06-17 20:58:12.530 : User is logged out of session	[MsgId: MMSG-17999]
  2023-06-17 21:08:56.262 : IterationNum=36	[MsgId: MMSG-17999]
   USER 36 = user27:pwd27	[MsgId: MMSG-17999]
    2023-06-17 21:08:56.356 : Start page is opened	[MsgId: MMSG-17999]
    2023-06-17 21:09:02.341 : User is logged in with session 136655.98509518HAcQctcpcDDDDDDDtcVHfptfDt	[MsgId: MMSG-17999]
    2023-06-17 21:09:08.389 : Search page opened	[MsgId: MMSG-17999]
    2023-06-17 21:09:23.985 : Flights found : 822;1362;06/20/2023 and 281;1283;06/17/2023	[MsgId: MMSG-17999]
    2023-06-17 21:09:23.985 : Sity depart : Sydney, Sity arrive : London	[MsgId: MMSG-17999]
    2023-06-17 21:09:33.475 : Found Seat Type : Coach, Seat Pref : Aisle	[MsgId: MMSG-17999]
    2023-06-17 21:09:44.854 : Booking is complect	[MsgId: MMSG-17999]
    2023-06-17 21:09:50.952 : Go to Home Page is complete	[MsgId: MMSG-17999]
    2023-06-17 21:09:55.676 : Booking is created : 1311415606-985588-up	[MsgId: MMSG-17999]
    2023-06-17 21:10:05.872 : Booking (1311415606-985588-up) is deleted	[MsgId: MMSG-17999]
    2023-06-17 21:10:10.369 : User is logged out of session	[MsgId: MMSG-17999]
  2023-06-17 21:20:56.277 : IterationNum=37	[MsgId: MMSG-17999]
   USER 37 = user27:pwd27	[MsgId: MMSG-17999]
    2023-06-17 21:20:56.373 : Start page is opened	[MsgId: MMSG-17999]
    2023-06-17 21:21:00.436 : User is logged in with session 136656.043418388HAcQctfpcDDDDDDDtcVHfptHVt	[MsgId: MMSG-17999]
    2023-06-17 21:21:05.105 : Search page opened	[MsgId: MMSG-17999]
    2023-06-17 21:21:21.309 : Flights found : 650;75;06/20/2023 and 563;62;06/17/2023	[MsgId: MMSG-17999]
    2023-06-17 21:21:21.309 : Sity depart : San Francisco, Sity arrive : Portland	[MsgId: MMSG-17999]
    2023-06-17 21:21:29.539 : Found Seat Type : Coach, Seat Pref : Aisle	[MsgId: MMSG-17999]
    2023-06-17 21:21:45.418 : Booking is complect	[MsgId: MMSG-17999]
    2023-06-17 21:21:50.772 : Go to Home Page is complete	[MsgId: MMSG-17999]
    2023-06-17 21:21:55.942 : Booking is created : 13113521-120241-up	[MsgId: MMSG-17999]
    2023-06-17 21:22:07.217 : Booking (13113521-120241-up) is deleted	[MsgId: MMSG-17999]
    2023-06-17 21:22:11.566 : User is logged out of session	[MsgId: MMSG-17999]
  2023-06-17 21:32:56.280 : IterationNum=38	[MsgId: MMSG-17999]
   USER 38 = user27:pwd27	[MsgId: MMSG-17999]
    2023-06-17 21:32:56.374 : Start page is opened	[MsgId: MMSG-17999]
    2023-06-17 21:33:00.839 : User is logged in with session 136656.101741596HAcQctipcDDDDDDDtcVHfptiQt	[MsgId: MMSG-17999]
    2023-06-17 21:33:06.848 : Search page opened	[MsgId: MMSG-17999]
    2023-06-17 21:33:21.681 : Flights found : 743;709;06/20/2023 and 473;709;06/17/2023	[MsgId: MMSG-17999]
    2023-06-17 21:33:21.681 : Sity depart : Seattle, Sity arrive : Paris	[MsgId: MMSG-17999]
    2023-06-17 21:33:31.872 : Found Seat Type : Business, Seat Pref : Aisle	[MsgId: MMSG-17999]
    2023-06-17 21:33:46.405 : Booking is complect	[MsgId: MMSG-17999]
    2023-06-17 21:33:51.918 : Go to Home Page is complete	[MsgId: MMSG-17999]
    2023-06-17 21:33:57.757 : Booking is created : 131138655-1133186-up	[MsgId: MMSG-17999]
    2023-06-17 21:34:09.870 : Booking (131138655-1133186-up) is deleted	[MsgId: MMSG-17999]
    2023-06-17 21:34:15.188 : User is logged out of session	[MsgId: MMSG-17999]
  2023-06-17 21:44:56.287 : IterationNum=39	[MsgId: MMSG-17999]
   USER 39 = user27:pwd27	[MsgId: MMSG-17999]
    2023-06-17 21:44:56.382 : Start page is opened	[MsgId: MMSG-17999]
    2023-06-17 21:45:00.467 : User is logged in with session 136656.160064804HAcQcfVpcDDDDDDDtcVHfpfAHt	[MsgId: MMSG-17999]
    2023-06-17 21:45:04.656 : Search page opened	[MsgId: MMSG-17999]
    2023-06-17 21:45:22.372 : Flights found : 971;578;06/20/2023 and 793;531;06/17/2023	[MsgId: MMSG-17999]
    2023-06-17 21:45:22.372 : Sity depart : Zurich, Sity arrive : Seattle	[MsgId: MMSG-17999]
    2023-06-17 21:45:30.823 : Found Seat Type : Business, Seat Pref : Window	[MsgId: MMSG-17999]
    2023-06-17 21:45:44.503 : Booking is complect	[MsgId: MMSG-17999]
    2023-06-17 21:45:50.341 : Go to Home Page is complete	[MsgId: MMSG-17999]
    2023-06-17 21:45:55.362 : Booking is created : 131147095-1379316-up	[MsgId: MMSG-17999]
    2023-06-17 21:46:03.701 : Booking (131147095-1379316-up) is deleted	[MsgId: MMSG-17999]
    2023-06-17 21:46:10.034 : User is logged out of session	[MsgId: MMSG-17999]
  2023-06-17 21:56:56.297 : IterationNum=40	[MsgId: MMSG-17999]
   USER 40 = user27:pwd27	[MsgId: MMSG-17999]
    2023-06-17 21:56:56.391 : Start page is opened	[MsgId: MMSG-17999]
    2023-06-17 21:57:01.624 : User is logged in with session 136656.218388011HAcQcftpcDDDDDDDtcVHfpfcft	[MsgId: MMSG-17999]
    2023-06-17 21:57:05.656 : Search page opened	[MsgId: MMSG-17999]
    2023-06-17 21:57:20.669 : Flights found : 860;735;06/20/2023 and 683;602;06/17/2023	[MsgId: MMSG-17999]
    2023-06-17 21:57:20.669 : Sity depart : Sydney, Sity arrive : San Francisco	[MsgId: MMSG-17999]
    2023-06-17 21:57:29.590 : Found Seat Type : Coach, Seat Pref : None	[MsgId: MMSG-17999]
    2023-06-17 21:57:43.867 : Booking is complect	[MsgId: MMSG-17999]
    2023-06-17 21:57:48.179 : Go to Home Page is complete	[MsgId: MMSG-17999]
    2023-06-17 21:57:52.648 : Booking is created : 131142990-1294718-up	[MsgId: MMSG-17999]
    2023-06-17 21:58:02.277 : Booking (131142990-1294718-up) is deleted	[MsgId: MMSG-17999]
    2023-06-17 21:58:08.507 : User is logged out of session	[MsgId: MMSG-17999]
  2023-06-17 22:08:56.307 : IterationNum=41	[MsgId: MMSG-17999]
   USER 41 = user27:pwd27	[MsgId: MMSG-17999]
    2023-06-17 22:08:56.403 : Start page is opened	[MsgId: MMSG-17999]
    2023-06-17 22:09:00.299 : User is logged in with session 136656.276711219HAcQcfHpcDDDDDDDtcVHfpftDt	[MsgId: MMSG-17999]
    2023-06-17 22:09:04.514 : Search page opened	[MsgId: MMSG-17999]
    2023-06-17 22:09:18.254 : Flights found : 413;105;06/20/2023 and 140;128;06/17/2023	[MsgId: MMSG-17999]
    2023-06-17 22:09:18.254 : Sity depart : Paris, Sity arrive : Frankfurt	[MsgId: MMSG-17999]
    2023-06-17 22:09:27.754 : Found Seat Type : Coach, Seat Pref : None	[MsgId: MMSG-17999]
    2023-06-17 22:09:44.870 : Booking is complect	[MsgId: MMSG-17999]
    2023-06-17 22:09:51.155 : Go to Home Page is complete	[MsgId: MMSG-17999]
    2023-06-17 22:09:55.938 : Booking is created : 131126411-87710-up	[MsgId: MMSG-17999]
    2023-06-17 22:10:07.669 : Booking (131126411-87710-up) is deleted	[MsgId: MMSG-17999]
    2023-06-17 22:10:12.106 : User is logged out of session	[MsgId: MMSG-17999]
  2023-06-17 22:20:56.309 : IterationNum=42	[MsgId: MMSG-17999]
   USER 42 = user27:pwd27	[MsgId: MMSG-17999]
    2023-06-17 22:20:56.403 : Start page is opened	[MsgId: MMSG-17999]
    2023-06-17 22:21:01.982 : User is logged in with session 136656.335034427HAcQczApcDDDDDDDtcVHfpfzVt	[MsgId: MMSG-17999]
    2023-06-17 22:21:06.099 : Search page opened	[MsgId: MMSG-17999]
    2023-06-17 22:21:23.618 : Flights found : 680;735;06/20/2023 and 860;735;06/17/2023	[MsgId: MMSG-17999]
    2023-06-17 22:21:23.618 : Sity depart : San Francisco, Sity arrive : Sydney	[MsgId: MMSG-17999]
    2023-06-17 22:21:34.944 : Found Seat Type : Coach, Seat Pref : Window	[MsgId: MMSG-17999]
    2023-06-17 22:21:48.287 : Booking is complect	[MsgId: MMSG-17999]
    2023-06-17 22:21:52.600 : Go to Home Page is complete	[MsgId: MMSG-17999]
    2023-06-17 22:21:57.079 : Booking is created : 131136323-1430882-up	[MsgId: MMSG-17999]
    2023-06-17 22:22:05.299 : Booking (131136323-1430882-up) is deleted	[MsgId: MMSG-17999]
    2023-06-17 22:22:10.758 : User is logged out of session	[MsgId: MMSG-17999]
