  2023-06-17 14:05:26.239 : IterationNum=1	[MsgId: MMSG-17999]
   USER 1 = user61:pwd61	[MsgId: MMSG-17999]
    2023-06-17 14:05:26.337 : Start page is opened	[MsgId: MMSG-17999]
    2023-06-17 14:05:31.867 : User is logged in with session 136653.926771972HAcQVDzpDfiDDDDDtcVHtpiViVf	[MsgId: MMSG-17999]
    2023-06-17 14:05:35.901 : User is logged out of session	[MsgId: MMSG-17999]
  2023-06-17 14:07:32.245 : IterationNum=2	[MsgId: MMSG-17999]
   USER 2 = user61:pwd61	[MsgId: MMSG-17999]
    2023-06-17 14:07:32.338 : Start page is opened	[MsgId: MMSG-17999]
    2023-06-17 14:07:36.370 : User is logged in with session 136653.936978534HAcQVDzpiiDDDDDDtcVHtpicVD	[MsgId: MMSG-17999]
    2023-06-17 14:07:40.427 : User is logged out of session	[MsgId: MMSG-17999]
  2023-06-17 14:09:38.258 : IterationNum=3	[MsgId: MMSG-17999]
   USER 3 = user61:pwd61	[MsgId: MMSG-17999]
    2023-06-17 14:09:38.352 : Start page is opened	[MsgId: MMSG-17999]
    2023-06-17 14:09:44.646 : User is logged in with session 136653.947185095HAcQVDHptAiDDDDDtcVHtpicttf	[MsgId: MMSG-17999]
    2023-06-17 14:09:50.262 : User is logged out of session	[MsgId: MMSG-17999]
  2023-06-17 14:11:44.259 : IterationNum=4	[MsgId: MMSG-17999]
   USER 4 = user61:pwd61	[MsgId: MMSG-17999]
    2023-06-17 14:11:44.354 : Start page is opened	[MsgId: MMSG-17999]
    2023-06-17 14:11:50.158 : User is logged in with session 136653.957391657HAcQVDHpQDDDDDDDtcVHtpicHz	[MsgId: MMSG-17999]
    2023-06-17 14:11:54.404 : User is logged out of session	[MsgId: MMSG-17999]
  2023-06-17 14:13:50.260 : IterationNum=5	[MsgId: MMSG-17999]
   USER 5 = user61:pwd61	[MsgId: MMSG-17999]
    2023-06-17 14:13:50.353 : Start page is opened	[MsgId: MMSG-17999]
    2023-06-17 14:13:55.725 : User is logged in with session 136653.967598218HAcQVDiptfiDDDDDtcVHtpiDAHf	[MsgId: MMSG-17999]
    2023-06-17 14:14:01.322 : User is logged out of session	[MsgId: MMSG-17999]
  2023-06-17 14:15:56.262 : IterationNum=6	[MsgId: MMSG-17999]
   USER 6 = user61:pwd61	[MsgId: MMSG-17999]
    2023-06-17 14:15:56.355 : Start page is opened	[MsgId: MMSG-17999]
    2023-06-17 14:16:02.362 : User is logged in with session 136653.977804779HAcQVDipQiDDDDDDtcVHtpiDDQ	[MsgId: MMSG-17999]
    2023-06-17 14:16:07.780 : User is logged out of session	[MsgId: MMSG-17999]
  2023-06-17 14:18:02.268 : IterationNum=7	[MsgId: MMSG-17999]
   USER 7 = user61:pwd61	[MsgId: MMSG-17999]
    2023-06-17 14:18:02.362 : Start page is opened	[MsgId: MMSG-17999]
    2023-06-17 14:18:07.213 : User is logged in with session 136653.988011341HAcQVDQpfAiDDDDDtcVHtpiDHAf	[MsgId: MMSG-17999]
    2023-06-17 14:18:12.209 : User is logged out of session	[MsgId: MMSG-17999]
  2023-06-17 14:20:08.277 : IterationNum=8	[MsgId: MMSG-17999]
   USER 8 = user61:pwd61	[MsgId: MMSG-17999]
    2023-06-17 14:20:08.369 : Start page is opened	[MsgId: MMSG-17999]
    2023-06-17 14:20:12.389 : User is logged in with session 136653.998217902HAcQVtApADDDDDDDtcVHtpitAc	[MsgId: MMSG-17999]
    2023-06-17 14:20:16.724 : User is logged out of session	[MsgId: MMSG-17999]
  2023-06-17 14:22:14.289 : IterationNum=9	[MsgId: MMSG-17999]
   USER 9 = user61:pwd61	[MsgId: MMSG-17999]
    2023-06-17 14:22:14.384 : Start page is opened	[MsgId: MMSG-17999]
    2023-06-17 14:22:20.544 : User is logged in with session 136654.008424463HAcQVtApffiDDDDDtcVHtpitDDf	[MsgId: MMSG-17999]
    2023-06-17 14:22:26.653 : User is logged out of session	[MsgId: MMSG-17999]
  2023-06-17 14:24:20.292 : IterationNum=10	[MsgId: MMSG-17999]
   USER 10 = user61:pwd61	[MsgId: MMSG-17999]
    2023-06-17 14:24:20.386 : Start page is opened	[MsgId: MMSG-17999]
    2023-06-17 14:24:24.623 : User is logged in with session 136654.018631025HAcQVtVpAiDDDDDDtcVHtpitzf	[MsgId: MMSG-17999]
    2023-06-17 14:24:28.964 : User is logged out of session	[MsgId: MMSG-17999]
  2023-06-17 14:26:26.302 : IterationNum=11	[MsgId: MMSG-17999]
   USER 11 = user61:pwd61	[MsgId: MMSG-17999]
    2023-06-17 14:26:26.397 : Start page is opened	[MsgId: MMSG-17999]
    2023-06-17 14:26:32.601 : User is logged in with session 136654.028837586HAcQVtVpzAiDDDDDtcVHtpitQzf	[MsgId: MMSG-17999]
    2023-06-17 14:26:37.330 : User is logged out of session	[MsgId: MMSG-17999]
  2023-06-17 14:28:32.308 : IterationNum=12	[MsgId: MMSG-17999]
   USER 12 = user61:pwd61	[MsgId: MMSG-17999]
    2023-06-17 14:28:32.402 : Start page is opened	[MsgId: MMSG-17999]
    2023-06-17 14:28:37.672 : User is logged in with session 136654.039044147HAcQVtcpVDDDDDDDtcVHtpifci	[MsgId: MMSG-17999]
    2023-06-17 14:28:42.287 : User is logged out of session	[MsgId: MMSG-17999]
  2023-06-17 14:30:38.322 : IterationNum=13	[MsgId: MMSG-17999]
   USER 13 = user61:pwd61	[MsgId: MMSG-17999]
    2023-06-17 14:30:38.417 : Start page is opened	[MsgId: MMSG-17999]
    2023-06-17 14:30:43.344 : User is logged in with session 136654.049250709HAcQVtcpzfiDDDDDtcVHtpiffQf	[MsgId: MMSG-17999]
    2023-06-17 14:30:48.360 : User is logged out of session	[MsgId: MMSG-17999]
  2023-06-17 14:32:44.327 : IterationNum=14	[MsgId: MMSG-17999]
   USER 14 = user61:pwd61	[MsgId: MMSG-17999]
    2023-06-17 14:32:44.422 : Start page is opened	[MsgId: MMSG-17999]
    2023-06-17 14:32:49.729 : User is logged in with session 136654.05945727HAcQVtDpViDDDDDDtcVHtpifQV	[MsgId: MMSG-17999]
    2023-06-17 14:32:55.321 : User is logged out of session	[MsgId: MMSG-17999]
  2023-06-17 14:34:50.332 : IterationNum=15	[MsgId: MMSG-17999]
   USER 15 = user61:pwd61	[MsgId: MMSG-17999]
    2023-06-17 14:34:50.426 : Start page is opened	[MsgId: MMSG-17999]
    2023-06-17 14:34:55.845 : User is logged in with session 136654.069663832HAcQVtDpHAiDDDDDtcVHtpizccf	[MsgId: MMSG-17999]
    2023-06-17 14:35:01.172 : User is logged out of session	[MsgId: MMSG-17999]
  2023-06-17 14:36:56.344 : IterationNum=16	[MsgId: MMSG-17999]
   USER 16 = user61:pwd61	[MsgId: MMSG-17999]
    2023-06-17 14:36:56.437 : Start page is opened	[MsgId: MMSG-17999]
    2023-06-17 14:37:02.683 : User is logged in with session 136654.079870393HAcQVttpcDDDDDDDtcVHtpizft	[MsgId: MMSG-17999]
    2023-06-17 14:37:08.892 : User is logged out of session	[MsgId: MMSG-17999]
  2023-06-17 14:39:02.358 : IterationNum=17	[MsgId: MMSG-17999]
   USER 17 = user61:pwd61	[MsgId: MMSG-17999]
    2023-06-17 14:39:02.453 : Start page is opened	[MsgId: MMSG-17999]
    2023-06-17 14:39:06.508 : User is logged in with session 136654.090076954HAcQVttpHfiDDDDDtcVHtpiziff	[MsgId: MMSG-17999]
    2023-06-17 14:39:12.005 : User is logged out of session	[MsgId: MMSG-17999]
  2023-06-17 14:41:08.362 : IterationNum=18	[MsgId: MMSG-17999]
   USER 18 = user61:pwd61	[MsgId: MMSG-17999]
    2023-06-17 14:41:08.458 : Start page is opened	[MsgId: MMSG-17999]
    2023-06-17 14:41:14.412 : User is logged in with session 136654.100283516HAcQVtfpciDDDDDDtcVHtpiHVH	[MsgId: MMSG-17999]
    2023-06-17 14:41:19.305 : User is logged out of session	[MsgId: MMSG-17999]
  2023-06-17 14:43:14.375 : IterationNum=19	[MsgId: MMSG-17999]
   USER 19 = user61:pwd61	[MsgId: MMSG-17999]
    2023-06-17 14:43:14.469 : Start page is opened	[MsgId: MMSG-17999]
    2023-06-17 14:43:19.414 : User is logged in with session 136654.110490077HAcQVtfpiAiDDDDDtcVHtpiHtif	[MsgId: MMSG-17999]
    2023-06-17 14:43:24.627 : User is logged out of session	[MsgId: MMSG-17999]
  2023-06-17 14:45:20.383 : IterationNum=20	[MsgId: MMSG-17999]
   USER 20 = user61:pwd61	[MsgId: MMSG-17999]
    2023-06-17 14:45:20.478 : Start page is opened	[MsgId: MMSG-17999]
    2023-06-17 14:45:25.658 : User is logged in with session 136654.120696638HAcQVtzpDDDDDDDDtcVHtpiHi	[MsgId: MMSG-17999]
    2023-06-17 14:45:31.404 : User is logged out of session	[MsgId: MMSG-17999]
  2023-06-17 14:47:26.386 : IterationNum=21	[MsgId: MMSG-17999]
   USER 21 = user61:pwd61	[MsgId: MMSG-17999]
    2023-06-17 14:47:26.480 : Start page is opened	[MsgId: MMSG-17999]
    2023-06-17 14:47:30.765 : User is logged in with session 136654.1309032HAcQVtzpifiDDDDDtcVHtpiiVVf	[MsgId: MMSG-17999]
    2023-06-17 14:47:35.531 : User is logged out of session	[MsgId: MMSG-17999]
  2023-06-17 14:49:32.389 : IterationNum=22	[MsgId: MMSG-17999]
   USER 22 = user61:pwd61	[MsgId: MMSG-17999]
    2023-06-17 14:49:32.484 : Start page is opened	[MsgId: MMSG-17999]
    2023-06-17 14:49:38.817 : User is logged in with session 136654.141109761HAcQVtHpDiDDDDDDtcVHtpiitD	[MsgId: MMSG-17999]
    2023-06-17 14:49:44.251 : User is logged out of session	[MsgId: MMSG-17999]
  2023-06-17 14:51:38.402 : IterationNum=23	[MsgId: MMSG-17999]
   USER 23 = user61:pwd61	[MsgId: MMSG-17999]
    2023-06-17 14:51:38.497 : Start page is opened	[MsgId: MMSG-17999]
    2023-06-17 14:51:43.599 : User is logged in with session 136654.151316322HAcQVtHpQAiDDDDDtcVHtpiiHtf	[MsgId: MMSG-17999]
    2023-06-17 14:51:49.288 : User is logged out of session	[MsgId: MMSG-17999]
  2023-06-17 14:53:44.406 : IterationNum=24	[MsgId: MMSG-17999]
   USER 24 = user61:pwd61	[MsgId: MMSG-17999]
    2023-06-17 14:53:44.499 : Start page is opened	[MsgId: MMSG-17999]
    2023-06-17 14:53:50.753 : User is logged in with session 136654.161522884HAcQVtiptDDDDDDDtcVHtpiQAz	[MsgId: MMSG-17999]
    2023-06-17 14:53:55.727 : User is logged out of session	[MsgId: MMSG-17999]
  2023-06-17 14:55:50.418 : IterationNum=25	[MsgId: MMSG-17999]
   USER 25 = user61:pwd61	[MsgId: MMSG-17999]
    2023-06-17 14:55:50.512 : Start page is opened	[MsgId: MMSG-17999]
    2023-06-17 14:55:55.452 : User is logged in with session 136654.171729445HAcQVtipQfiDDDDDtcVHtpiQDHf	[MsgId: MMSG-17999]
    2023-06-17 14:55:59.525 : User is logged out of session	[MsgId: MMSG-17999]
  2023-06-17 14:57:56.431 : IterationNum=26	[MsgId: MMSG-17999]
   USER 26 = user61:pwd61	[MsgId: MMSG-17999]
    2023-06-17 14:57:56.526 : Start page is opened	[MsgId: MMSG-17999]
    2023-06-17 14:58:01.277 : User is logged in with session 136654.181936006HAcQVtQptiDDDDDDtcVHtpiQzQ	[MsgId: MMSG-17999]
    2023-06-17 14:58:05.236 : User is logged out of session	[MsgId: MMSG-17999]
  2023-06-17 15:00:02.440 : IterationNum=27	[MsgId: MMSG-17999]
   USER 27 = user61:pwd61	[MsgId: MMSG-17999]
    2023-06-17 15:00:02.535 : Start page is opened	[MsgId: MMSG-17999]
    2023-06-17 15:00:06.801 : User is logged in with session 136654.192142568HAcQVfApAAiDDDDDtcVHtpQAAAf	[MsgId: MMSG-17999]
    2023-06-17 15:00:10.772 : User is logged out of session	[MsgId: MMSG-17999]
  2023-06-17 15:02:08.442 : IterationNum=28	[MsgId: MMSG-17999]
   USER 28 = user61:pwd61	[MsgId: MMSG-17999]
    2023-06-17 15:02:08.536 : Start page is opened	[MsgId: MMSG-17999]
    2023-06-17 15:02:14.320 : User is logged in with session 136654.202349129HAcQVfApfDDDDDDDtcVHtpQADc	[MsgId: MMSG-17999]
    2023-06-17 15:02:20.124 : User is logged out of session	[MsgId: MMSG-17999]
  2023-06-17 15:04:14.448 : IterationNum=29	[MsgId: MMSG-17999]
   USER 29 = user61:pwd61	[MsgId: MMSG-17999]
    2023-06-17 15:04:14.543 : Start page is opened	[MsgId: MMSG-17999]
    2023-06-17 15:04:19.369 : User is logged in with session 136654.212555691HAcQVfVpAfiDDDDDtcVHtpQAzDf	[MsgId: MMSG-17999]
    2023-06-17 15:04:24.692 : User is logged out of session	[MsgId: MMSG-17999]
  2023-06-17 15:06:20.464 : IterationNum=30	[MsgId: MMSG-17999]
   USER 30 = user61:pwd61	[MsgId: MMSG-17999]
    2023-06-17 15:06:20.559 : Start page is opened	[MsgId: MMSG-17999]
    2023-06-17 15:06:25.683 : User is logged in with session 136654.222762252HAcQVfVpfiDDDDDDtcVHtpQAQf	[MsgId: MMSG-17999]
    2023-06-17 15:06:31.429 : User is logged out of session	[MsgId: MMSG-17999]
  2023-06-17 15:08:26.476 : IterationNum=31	[MsgId: MMSG-17999]
   USER 31 = user61:pwd61	[MsgId: MMSG-17999]
    2023-06-17 15:08:26.570 : Start page is opened	[MsgId: MMSG-17999]
    2023-06-17 15:08:32.441 : User is logged in with session 136654.232968813HAcQVfcpVAiDDDDDtcVHtpQVczf	[MsgId: MMSG-17999]
    2023-06-17 15:08:37.532 : User is logged out of session	[MsgId: MMSG-17999]
  2023-06-17 15:10:32.479 : IterationNum=32	[MsgId: MMSG-17999]
   USER 32 = user61:pwd61	[MsgId: MMSG-17999]
    2023-06-17 15:10:32.575 : Start page is opened	[MsgId: MMSG-17999]
    2023-06-17 15:10:37.053 : User is logged in with session 136654.243175375HAcQVfcpzDDDDDDDtcVHtpQVfi	[MsgId: MMSG-17999]
    2023-06-17 15:10:40.975 : User is logged out of session	[MsgId: MMSG-17999]
  2023-06-17 15:12:38.483 : IterationNum=33	[MsgId: MMSG-17999]
   USER 33 = user61:pwd61	[MsgId: MMSG-17999]
    2023-06-17 15:12:38.576 : Start page is opened	[MsgId: MMSG-17999]
    2023-06-17 15:12:44.673 : User is logged in with session 136654.253381936HAcQVfDpVfiDDDDDtcVHtpQViQf	[MsgId: MMSG-17999]
    2023-06-17 15:12:49.046 : User is logged out of session	[MsgId: MMSG-17999]
  2023-06-17 15:14:44.488 : IterationNum=34	[MsgId: MMSG-17999]
   USER 34 = user61:pwd61	[MsgId: MMSG-17999]
    2023-06-17 15:14:44.582 : Start page is opened	[MsgId: MMSG-17999]
    2023-06-17 15:14:49.797 : User is logged in with session 136654.263588497HAcQVfDpziDDDDDDtcVHtpQccV	[MsgId: MMSG-17999]
    2023-06-17 15:14:53.923 : User is logged out of session	[MsgId: MMSG-17999]
  2023-06-17 15:16:50.495 : IterationNum=35	[MsgId: MMSG-17999]
   USER 35 = user61:pwd61	[MsgId: MMSG-17999]
    2023-06-17 15:16:50.590 : Start page is opened	[MsgId: MMSG-17999]
    2023-06-17 15:16:55.281 : User is logged in with session 136654.273795059HAcQVftpcAiDDDDDtcVHtpQcfcf	[MsgId: MMSG-17999]
    2023-06-17 15:17:00.187 : User is logged out of session	[MsgId: MMSG-17999]
  2023-06-17 15:18:56.507 : IterationNum=36	[MsgId: MMSG-17999]
   USER 36 = user61:pwd61	[MsgId: MMSG-17999]
    2023-06-17 15:18:56.601 : Start page is opened	[MsgId: MMSG-17999]
    2023-06-17 15:19:02.025 : User is logged in with session 136654.28400162HAcQVftpHDDDDDDDtcVHtpQcit	[MsgId: MMSG-17999]
    2023-06-17 15:19:08.133 : User is logged out of session	[MsgId: MMSG-17999]
  2023-06-17 15:21:02.509 : IterationNum=37	[MsgId: MMSG-17999]
   USER 37 = user61:pwd61	[MsgId: MMSG-17999]
    2023-06-17 15:21:02.604 : Start page is opened	[MsgId: MMSG-17999]
    2023-06-17 15:21:07.111 : User is logged in with session 136654.294208181HAcQVffpcfiDDDDDtcVHtpQDVff	[MsgId: MMSG-17999]
    2023-06-17 15:21:12.075 : User is logged out of session	[MsgId: MMSG-17999]
  2023-06-17 15:23:08.511 : IterationNum=38	[MsgId: MMSG-17999]
   USER 38 = user61:pwd61	[MsgId: MMSG-17999]
    2023-06-17 15:23:08.605 : Start page is opened	[MsgId: MMSG-17999]
    2023-06-17 15:23:13.713 : User is logged in with session 136654.304414743HAcQVffpHiDDDDDDtcVHtpQDtH	[MsgId: MMSG-17999]
    2023-06-17 15:23:19.215 : User is logged out of session	[MsgId: MMSG-17999]
  2023-06-17 15:25:14.510 : IterationNum=39	[MsgId: MMSG-17999]
   USER 39 = user61:pwd61	[MsgId: MMSG-17999]
    2023-06-17 15:25:14.605 : Start page is opened	[MsgId: MMSG-17999]
    2023-06-17 15:25:19.476 : User is logged in with session 136654.314621304HAcQVfzpDAiDDDDDtcVHtpQDHif	[MsgId: MMSG-17999]
    2023-06-17 15:25:25.033 : User is logged out of session	[MsgId: MMSG-17999]
  2023-06-17 15:27:20.524 : IterationNum=40	[MsgId: MMSG-17999]
   USER 40 = user61:pwd61	[MsgId: MMSG-17999]
    2023-06-17 15:27:20.619 : Start page is opened	[MsgId: MMSG-17999]
    2023-06-17 15:27:24.968 : User is logged in with session 136654.324827866HAcQVfzpiDDDDDDDtcVHtpQtV	[MsgId: MMSG-17999]
    2023-06-17 15:27:30.380 : User is logged out of session	[MsgId: MMSG-17999]
  2023-06-17 15:29:26.538 : IterationNum=41	[MsgId: MMSG-17999]
   USER 41 = user61:pwd61	[MsgId: MMSG-17999]
    2023-06-17 15:29:26.633 : Start page is opened	[MsgId: MMSG-17999]
    2023-06-17 15:29:31.465 : User is logged in with session 136654.335034427HAcQVfHpDfiDDDDDtcVHtpQttVf	[MsgId: MMSG-17999]
    2023-06-17 15:29:37.552 : User is logged out of session	[MsgId: MMSG-17999]
  2023-06-17 15:31:32.538 : IterationNum=42	[MsgId: MMSG-17999]
   USER 42 = user61:pwd61	[MsgId: MMSG-17999]
    2023-06-17 15:31:32.632 : Start page is opened	[MsgId: MMSG-17999]
    2023-06-17 15:31:37.677 : User is logged in with session 136654.345240988HAcQVfHpiiDDDDDDtcVHtpQtHD	[MsgId: MMSG-17999]
    2023-06-17 15:31:43.123 : User is logged out of session	[MsgId: MMSG-17999]
  2023-06-17 15:33:38.543 : IterationNum=43	[MsgId: MMSG-17999]
   USER 43 = user61:pwd61	[MsgId: MMSG-17999]
    2023-06-17 15:33:38.638 : Start page is opened	[MsgId: MMSG-17999]
    2023-06-17 15:33:44.847 : User is logged in with session 136654.35544755HAcQVfiptAiDDDDDtcVHtpQfAtf	[MsgId: MMSG-17999]
    2023-06-17 15:33:49.057 : User is logged out of session	[MsgId: MMSG-17999]
  2023-06-17 15:35:44.543 : IterationNum=44	[MsgId: MMSG-17999]
   USER 44 = user61:pwd61	[MsgId: MMSG-17999]
    2023-06-17 15:35:44.637 : Start page is opened	[MsgId: MMSG-17999]
    2023-06-17 15:35:50.641 : User is logged in with session 136654.365654111HAcQVfipQDDDDDDDtcVHtpQfDz	[MsgId: MMSG-17999]
    2023-06-17 15:35:55.389 : User is logged out of session	[MsgId: MMSG-17999]
  2023-06-17 15:37:50.556 : IterationNum=45	[MsgId: MMSG-17999]
   USER 45 = user61:pwd61	[MsgId: MMSG-17999]
    2023-06-17 15:37:50.650 : Start page is opened	[MsgId: MMSG-17999]
    2023-06-17 15:37:54.795 : User is logged in with session 136654.375860672HAcQVfQptfiDDDDDtcVHtpQfzHf	[MsgId: MMSG-17999]
    2023-06-17 15:37:59.411 : User is logged out of session	[MsgId: MMSG-17999]
  2023-06-17 15:39:56.558 : IterationNum=46	[MsgId: MMSG-17999]
   USER 46 = user61:pwd61	[MsgId: MMSG-17999]
    2023-06-17 15:39:56.653 : Start page is opened	[MsgId: MMSG-17999]
    2023-06-17 15:40:02.980 : User is logged in with session 136654.386067234HAcQVfQpQiDDDDDDtcVHtpQfQQ	[MsgId: MMSG-17999]
    2023-06-17 15:40:08.177 : User is logged out of session	[MsgId: MMSG-17999]
  2023-06-17 15:42:02.563 : IterationNum=47	[MsgId: MMSG-17999]
   USER 47 = user61:pwd61	[MsgId: MMSG-17999]
    2023-06-17 15:42:02.657 : Start page is opened	[MsgId: MMSG-17999]
    2023-06-17 15:42:07.169 : User is logged in with session 136654.396273795HAcQVzApfAiDDDDDtcVHtpQzDAf	[MsgId: MMSG-17999]
    2023-06-17 15:42:12.862 : User is logged out of session	[MsgId: MMSG-17999]
  2023-06-17 15:44:08.567 : IterationNum=48	[MsgId: MMSG-17999]
   USER 48 = user61:pwd61	[MsgId: MMSG-17999]
    2023-06-17 15:44:08.661 : Start page is opened	[MsgId: MMSG-17999]
    2023-06-17 15:44:14.429 : User is logged in with session 136654.406480356HAcQVzVpADDDDDDDtcVHtpQzzc	[MsgId: MMSG-17999]
    2023-06-17 15:44:20.321 : User is logged out of session	[MsgId: MMSG-17999]
  2023-06-17 15:46:14.573 : IterationNum=49	[MsgId: MMSG-17999]
   USER 49 = user61:pwd61	[MsgId: MMSG-17999]
    2023-06-17 15:46:14.668 : Start page is opened	[MsgId: MMSG-17999]
    2023-06-17 15:46:20.072 : User is logged in with session 136654.416686918HAcQVzVpffiDDDDDtcVHtpQzQDf	[MsgId: MMSG-17999]
    2023-06-17 15:46:25.540 : User is logged out of session	[MsgId: MMSG-17999]
  2023-06-17 15:48:20.587 : IterationNum=50	[MsgId: MMSG-17999]
   USER 50 = user61:pwd61	[MsgId: MMSG-17999]
    2023-06-17 15:48:20.681 : Start page is opened	[MsgId: MMSG-17999]
    2023-06-17 15:48:26.557 : User is logged in with session 136654.426893479HAcQVzcpAiDDDDDDtcVHtpQHcf	[MsgId: MMSG-17999]
    2023-06-17 15:48:31.458 : User is logged out of session	[MsgId: MMSG-17999]
  2023-06-17 15:50:26.590 : IterationNum=51	[MsgId: MMSG-17999]
   USER 51 = user61:pwd61	[MsgId: MMSG-17999]
    2023-06-17 15:50:26.685 : Start page is opened	[MsgId: MMSG-17999]
    2023-06-17 15:50:32.845 : User is logged in with session 136654.43710004HAcQVzcpzAiDDDDDtcVHtpQHfzf	[MsgId: MMSG-17999]
    2023-06-17 15:50:37.885 : User is logged out of session	[MsgId: MMSG-17999]
  2023-06-17 15:52:32.590 : IterationNum=52	[MsgId: MMSG-17999]
   USER 52 = user61:pwd61	[MsgId: MMSG-17999]
    2023-06-17 15:52:32.685 : Start page is opened	[MsgId: MMSG-17999]
    2023-06-17 15:52:37.013 : User is logged in with session 136654.447306602HAcQVzDpVDDDDDDDtcVHtpQHii	[MsgId: MMSG-17999]
    2023-06-17 15:52:43.181 : User is logged out of session	[MsgId: MMSG-17999]
  2023-06-17 15:54:38.593 : IterationNum=53	[MsgId: MMSG-17999]
   USER 53 = user61:pwd61	[MsgId: MMSG-17999]
    2023-06-17 15:54:38.687 : Start page is opened	[MsgId: MMSG-17999]
    2023-06-17 15:54:43.472 : User is logged in with session 136654.457513163HAcQVzDpzfiDDDDDtcVHtpQiVQf	[MsgId: MMSG-17999]
    2023-06-17 15:54:47.793 : User is logged out of session	[MsgId: MMSG-17999]
  2023-06-17 15:56:44.600 : IterationNum=54	[MsgId: MMSG-17999]
   USER 54 = user61:pwd61	[MsgId: MMSG-17999]
    2023-06-17 15:56:44.693 : Start page is opened	[MsgId: MMSG-17999]
    2023-06-17 15:56:49.927 : User is logged in with session 136654.467719725HAcQVztpViDDDDDDtcVHtpQifV	[MsgId: MMSG-17999]
    2023-06-17 15:56:54.935 : User is logged out of session	[MsgId: MMSG-17999]
  2023-06-17 15:58:50.614 : IterationNum=55	[MsgId: MMSG-17999]
   USER 55 = user61:pwd61	[MsgId: MMSG-17999]
    2023-06-17 15:58:50.708 : Start page is opened	[MsgId: MMSG-17999]
    2023-06-17 15:58:56.420 : User is logged in with session 136654.477926286HAcQVztpHAiDDDDDtcVHtpQiicf	[MsgId: MMSG-17999]
    2023-06-17 15:59:01.046 : User is logged out of session	[MsgId: MMSG-17999]
  2023-06-17 16:00:56.619 : IterationNum=56	[MsgId: MMSG-17999]
   USER 56 = user61:pwd61	[MsgId: MMSG-17999]
    2023-06-17 16:00:56.712 : Start page is opened	[MsgId: MMSG-17999]
    2023-06-17 16:01:01.471 : User is logged in with session 136654.488132847HAcQVzfpcDDDDDDDtcVHtpQQVt	[MsgId: MMSG-17999]
    2023-06-17 16:01:06.661 : User is logged out of session	[MsgId: MMSG-17999]
  2023-06-17 16:03:02.630 : IterationNum=57	[MsgId: MMSG-17999]
   USER 57 = user61:pwd61	[MsgId: MMSG-17999]
    2023-06-17 16:03:02.725 : Start page is opened	[MsgId: MMSG-17999]
    2023-06-17 16:03:06.812 : User is logged in with session 136654.498339409HAcQVzfpHfiDDDDDtcVHtpQQtff	[MsgId: MMSG-17999]
    2023-06-17 16:03:11.668 : User is logged out of session	[MsgId: MMSG-17999]
  2023-06-17 16:05:08.639 : IterationNum=58	[MsgId: MMSG-17999]
   USER 58 = user61:pwd61	[MsgId: MMSG-17999]
    2023-06-17 16:05:08.732 : Start page is opened	[MsgId: MMSG-17999]
    2023-06-17 16:05:14.952 : User is logged in with session 136654.50854597HAcQVzzpciDDDDDDtcVHtpQQHH	[MsgId: MMSG-17999]
    2023-06-17 16:05:19.419 : User is logged out of session	[MsgId: MMSG-17999]
  2023-06-17 16:07:14.652 : IterationNum=59	[MsgId: MMSG-17999]
   USER 59 = user61:pwd61	[MsgId: MMSG-17999]
    2023-06-17 16:07:14.746 : Start page is opened	[MsgId: MMSG-17999]
    2023-06-17 16:07:19.152 : User is logged in with session 136654.518752531HAcQVzzpiAiDDDDDtcVHfpAAAif	[MsgId: MMSG-17999]
    2023-06-17 16:07:25.031 : User is logged out of session	[MsgId: MMSG-17999]
  2023-06-17 16:09:20.663 : IterationNum=60	[MsgId: MMSG-17999]
   USER 60 = user61:pwd61	[MsgId: MMSG-17999]
    2023-06-17 16:09:20.758 : Start page is opened	[MsgId: MMSG-17999]
    2023-06-17 16:09:25.213 : User is logged in with session 136654.528959093HAcQVzHpDDDDDDDDtcVHfpAAt	[MsgId: MMSG-17999]
    2023-06-17 16:09:30.246 : User is logged out of session	[MsgId: MMSG-17999]
  2023-06-17 16:11:26.669 : IterationNum=61	[MsgId: MMSG-17999]
   USER 61 = user61:pwd61	[MsgId: MMSG-17999]
    2023-06-17 16:11:26.762 : Start page is opened	[MsgId: MMSG-17999]
    2023-06-17 16:11:30.976 : User is logged in with session 136654.539165654HAcQVzHpifiDDDDDtcVHfpAAHVf	[MsgId: MMSG-17999]
    2023-06-17 16:11:37.234 : User is logged out of session	[MsgId: MMSG-17999]
  2023-06-17 16:13:32.675 : IterationNum=62	[MsgId: MMSG-17999]
   USER 62 = user61:pwd61	[MsgId: MMSG-17999]
    2023-06-17 16:13:32.770 : Start page is opened	[MsgId: MMSG-17999]
    2023-06-17 16:13:38.215 : User is logged in with session 136654.549372215HAcQVzipDiDDDDDDtcVHfpAVAD	[MsgId: MMSG-17999]
    2023-06-17 16:13:43.867 : User is logged out of session	[MsgId: MMSG-17999]
  2023-06-17 16:15:38.678 : IterationNum=63	[MsgId: MMSG-17999]
   USER 63 = user61:pwd61	[MsgId: MMSG-17999]
    2023-06-17 16:15:38.773 : Start page is opened	[MsgId: MMSG-17999]
    2023-06-17 16:15:43.497 : User is logged in with session 136654.559578777HAcQVzipQAiDDDDDtcVHfpAVDtf	[MsgId: MMSG-17999]
    2023-06-17 16:15:48.820 : User is logged out of session	[MsgId: MMSG-17999]
  2023-06-17 16:17:44.683 : IterationNum=64	[MsgId: MMSG-17999]
   USER 64 = user61:pwd61	[MsgId: MMSG-17999]
    2023-06-17 16:17:44.777 : Start page is opened	[MsgId: MMSG-17999]
    2023-06-17 16:17:49.420 : User is logged in with session 136654.569785338HAcQVzQptDDDDDDDtcVHfpAVzz	[MsgId: MMSG-17999]
    2023-06-17 16:17:54.619 : User is logged out of session	[MsgId: MMSG-17999]
  2023-06-17 16:19:50.687 : IterationNum=65	[MsgId: MMSG-17999]
   USER 65 = user61:pwd61	[MsgId: MMSG-17999]
    2023-06-17 16:19:50.782 : Start page is opened	[MsgId: MMSG-17999]
    2023-06-17 16:19:56.504 : User is logged in with session 136654.5799919HAcQVzQpQfiDDDDDtcVHfpAVQHf	[MsgId: MMSG-17999]
    2023-06-17 16:20:00.806 : User is logged out of session	[MsgId: MMSG-17999]
  2023-06-17 16:21:56.697 : IterationNum=66	[MsgId: MMSG-17999]
   USER 66 = user61:pwd61	[MsgId: MMSG-17999]
    2023-06-17 16:21:56.791 : Start page is opened	[MsgId: MMSG-17999]
    2023-06-17 16:22:01.143 : User is logged in with session 136654.590198461HAcQVHAptiDDDDDDtcVHfpAccQ	[MsgId: MMSG-17999]
    2023-06-17 16:22:07.309 : User is logged out of session	[MsgId: MMSG-17999]
  2023-06-17 16:24:02.698 : IterationNum=67	[MsgId: MMSG-17999]
   USER 67 = user61:pwd61	[MsgId: MMSG-17999]
    2023-06-17 16:24:02.792 : Start page is opened	[MsgId: MMSG-17999]
    2023-06-17 16:24:09.013 : User is logged in with session 136654.600405022HAcQVHVpAAiDDDDDtcVHfpAczAf	[MsgId: MMSG-17999]
    2023-06-17 16:24:12.984 : User is logged out of session	[MsgId: MMSG-17999]
  2023-06-17 16:26:08.710 : IterationNum=68	[MsgId: MMSG-17999]
   USER 68 = user61:pwd61	[MsgId: MMSG-17999]
    2023-06-17 16:26:08.804 : Start page is opened	[MsgId: MMSG-17999]
    2023-06-17 16:26:14.872 : User is logged in with session 136654.610611584HAcQVHVpfDDDDDDDtcVHfpAcQc	[MsgId: MMSG-17999]
    2023-06-17 16:26:18.967 : User is logged out of session	[MsgId: MMSG-17999]
  2023-06-17 16:28:14.723 : IterationNum=69	[MsgId: MMSG-17999]
   USER 69 = user61:pwd61	[MsgId: MMSG-17999]
    2023-06-17 16:28:14.816 : Start page is opened	[MsgId: MMSG-17999]
    2023-06-17 16:28:20.812 : User is logged in with session 136654.620818145HAcQVHcpAfiDDDDDtcVHfpADcDf	[MsgId: MMSG-17999]
    2023-06-17 16:28:25.421 : User is logged out of session	[MsgId: MMSG-17999]
  2023-06-17 16:30:20.726 : IterationNum=70	[MsgId: MMSG-17999]
   USER 70 = user61:pwd61	[MsgId: MMSG-17999]
    2023-06-17 16:30:20.818 : Start page is opened	[MsgId: MMSG-17999]
    2023-06-17 16:30:26.334 : User is logged in with session 136654.631024706HAcQVHcpfiDDDDDDtcVHfpADff	[MsgId: MMSG-17999]
    2023-06-17 16:30:32.593 : User is logged out of session	[MsgId: MMSG-17999]
  2023-06-17 16:32:26.735 : IterationNum=71	[MsgId: MMSG-17999]
   USER 71 = user61:pwd61	[MsgId: MMSG-17999]
    2023-06-17 16:32:26.832 : Start page is opened	[MsgId: MMSG-17999]
    2023-06-17 16:32:32.641 : User is logged in with session 136654.641231268HAcQVHDpVAiDDDDDtcVHfpADizf	[MsgId: MMSG-17999]
    2023-06-17 16:32:37.906 : User is logged out of session	[MsgId: MMSG-17999]
  2023-06-17 16:34:32.746 : IterationNum=72	[MsgId: MMSG-17999]
   USER 72 = user61:pwd61	[MsgId: MMSG-17999]
    2023-06-17 16:34:32.841 : Start page is opened	[MsgId: MMSG-17999]
    2023-06-17 16:34:38.301 : User is logged in with session 136654.651437829HAcQVHDpzDDDDDDDtcVHfpAtVi	[MsgId: MMSG-17999]
    2023-06-17 16:34:43.942 : User is logged out of session	[MsgId: MMSG-17999]
  2023-06-17 16:36:38.746 : IterationNum=73	[MsgId: MMSG-17999]
   USER 73 = user61:pwd61	[MsgId: MMSG-17999]
    2023-06-17 16:36:38.840 : Start page is opened	[MsgId: MMSG-17999]
    2023-06-17 16:36:43.170 : User is logged in with session 136654.66164439HAcQVHtpVfiDDDDDtcVHfpAttQf	[MsgId: MMSG-17999]
    2023-06-17 16:36:47.877 : User is logged out of session	[MsgId: MMSG-17999]
  2023-06-17 16:38:44.753 : IterationNum=74	[MsgId: MMSG-17999]
   USER 74 = user61:pwd61	[MsgId: MMSG-17999]
    2023-06-17 16:38:44.848 : Start page is opened	[MsgId: MMSG-17999]
    2023-06-17 16:38:50.712 : User is logged in with session 136654.671850952HAcQVHtpziDDDDDDtcVHfpAtiV	[MsgId: MMSG-17999]
    2023-06-17 16:38:56.180 : User is logged out of session	[MsgId: MMSG-17999]
  2023-06-17 16:40:50.763 : IterationNum=75	[MsgId: MMSG-17999]
   USER 75 = user61:pwd61	[MsgId: MMSG-17999]
    2023-06-17 16:40:50.857 : Start page is opened	[MsgId: MMSG-17999]
    2023-06-17 16:40:55.124 : User is logged in with session 136654.682057513HAcQVHfpcAiDDDDDtcVHfpAfVcf	[MsgId: MMSG-17999]
    2023-06-17 16:40:59.214 : User is logged out of session	[MsgId: MMSG-17999]
  2023-06-17 16:42:56.773 : IterationNum=76	[MsgId: MMSG-17999]
   USER 76 = user61:pwd61	[MsgId: MMSG-17999]
    2023-06-17 16:42:56.867 : Start page is opened	[MsgId: MMSG-17999]
    2023-06-17 16:43:01.605 : User is logged in with session 136654.692264075HAcQVHfpHDDDDDDDtcVHfpAftt	[MsgId: MMSG-17999]
    2023-06-17 16:43:06.465 : User is logged out of session	[MsgId: MMSG-17999]
  2023-06-17 16:45:02.776 : IterationNum=77	[MsgId: MMSG-17999]
   USER 77 = user61:pwd61	[MsgId: MMSG-17999]
    2023-06-17 16:45:02.871 : Start page is opened	[MsgId: MMSG-17999]
    2023-06-17 16:45:06.888 : User is logged in with session 136654.702470636HAcQVHzpcfiDDDDDtcVHfpAfHff	[MsgId: MMSG-17999]
    2023-06-17 16:45:10.809 : User is logged out of session	[MsgId: MMSG-17999]
  2023-06-17 16:47:08.777 : IterationNum=78	[MsgId: MMSG-17999]
   USER 78 = user61:pwd61	[MsgId: MMSG-17999]
    2023-06-17 16:47:08.870 : Start page is opened	[MsgId: MMSG-17999]
    2023-06-17 16:47:13.653 : User is logged in with session 136654.712677197HAcQVHzpHiDDDDDDtcVHfpAzAH	[MsgId: MMSG-17999]
    2023-06-17 16:47:18.496 : User is logged out of session	[MsgId: MMSG-17999]
  2023-06-17 16:49:14.786 : IterationNum=79	[MsgId: MMSG-17999]
   USER 79 = user61:pwd61	[MsgId: MMSG-17999]
    2023-06-17 16:49:14.880 : Start page is opened	[MsgId: MMSG-17999]
    2023-06-17 16:49:19.130 : User is logged in with session 136654.722883759HAcQVHHpDAiDDDDDtcVHfpAzDif	[MsgId: MMSG-17999]
    2023-06-17 16:49:23.385 : User is logged out of session	[MsgId: MMSG-17999]
  2023-06-17 16:51:20.788 : IterationNum=80	[MsgId: MMSG-17999]
   USER 80 = user61:pwd61	[MsgId: MMSG-17999]
    2023-06-17 16:51:20.882 : Start page is opened	[MsgId: MMSG-17999]
    2023-06-17 16:51:25.736 : User is logged in with session 136654.73309032HAcQVHHpiDDDDDDDtcVHfpAzH	[MsgId: MMSG-17999]
    2023-06-17 16:51:31.906 : User is logged out of session	[MsgId: MMSG-17999]
  2023-06-17 16:53:26.792 : IterationNum=81	[MsgId: MMSG-17999]
   USER 81 = user61:pwd61	[MsgId: MMSG-17999]
    2023-06-17 16:53:26.886 : Start page is opened	[MsgId: MMSG-17999]
    2023-06-17 16:53:30.888 : User is logged in with session 136654.743296881HAcQVHipDfiDDDDDtcVHfpAHAVf	[MsgId: MMSG-17999]
    2023-06-17 16:53:35.929 : User is logged out of session	[MsgId: MMSG-17999]
  2023-06-17 16:55:32.793 : IterationNum=82	[MsgId: MMSG-17999]
   USER 82 = user61:pwd61	[MsgId: MMSG-17999]
    2023-06-17 16:55:32.888 : Start page is opened	[MsgId: MMSG-17999]
    2023-06-17 16:55:37.048 : User is logged in with session 136654.753503443HAcQVHipiiDDDDDDtcVHfpAHDD	[MsgId: MMSG-17999]
    2023-06-17 16:55:42.656 : User is logged out of session	[MsgId: MMSG-17999]
  2023-06-17 16:57:38.798 : IterationNum=83	[MsgId: MMSG-17999]
   USER 83 = user61:pwd61	[MsgId: MMSG-17999]
    2023-06-17 16:57:38.892 : Start page is opened	[MsgId: MMSG-17999]
    2023-06-17 16:57:44.023 : User is logged in with session 136654.763710004HAcQVHQptAiDDDDDtcVHfpAHztf	[MsgId: MMSG-17999]
    2023-06-17 16:57:49.877 : User is logged out of session	[MsgId: MMSG-17999]
  2023-06-17 16:59:44.802 : IterationNum=84	[MsgId: MMSG-17999]
   USER 84 = user61:pwd61	[MsgId: MMSG-17999]
    2023-06-17 16:59:44.896 : Start page is opened	[MsgId: MMSG-17999]
    2023-06-17 16:59:49.080 : User is logged in with session 136654.773916565HAcQVHQpQDDDDDDDtcVHfpAHQz	[MsgId: MMSG-17999]
    2023-06-17 16:59:52.999 : User is logged out of session	[MsgId: MMSG-17999]
  2023-06-17 17:01:50.815 : IterationNum=85	[MsgId: MMSG-17999]
   USER 85 = user61:pwd61	[MsgId: MMSG-17999]
    2023-06-17 17:01:50.910 : Start page is opened	[MsgId: MMSG-17999]
    2023-06-17 17:01:57.173 : User is logged in with session 136654.784123127HAcQViAptfiDDDDDtcVHfpAicHf	[MsgId: MMSG-17999]
    2023-06-17 17:02:01.828 : User is logged out of session	[MsgId: MMSG-17999]
  2023-06-17 17:03:56.825 : IterationNum=86	[MsgId: MMSG-17999]
   USER 86 = user61:pwd61	[MsgId: MMSG-17999]
    2023-06-17 17:03:56.920 : Start page is opened	[MsgId: MMSG-17999]
    2023-06-17 17:04:00.884 : User is logged in with session 136654.794329688HAcQViApQiDDDDDDtcVHfpAifQ	[MsgId: MMSG-17999]
    2023-06-17 17:04:05.356 : User is logged out of session	[MsgId: MMSG-17999]
  2023-06-17 17:06:02.826 : IterationNum=87	[MsgId: MMSG-17999]
   USER 87 = user61:pwd61	[MsgId: MMSG-17999]
    2023-06-17 17:06:02.918 : Start page is opened	[MsgId: MMSG-17999]
    2023-06-17 17:06:06.954 : User is logged in with session 136654.804536249HAcQViVpfAiDDDDDtcVHfpAiQAf	[MsgId: MMSG-17999]
    2023-06-17 17:06:12.107 : User is logged out of session	[MsgId: MMSG-17999]
  2023-06-17 17:08:08.841 : IterationNum=88	[MsgId: MMSG-17999]
   USER 88 = user61:pwd61	[MsgId: MMSG-17999]
    2023-06-17 17:08:08.936 : Start page is opened	[MsgId: MMSG-17999]
    2023-06-17 17:08:14.971 : User is logged in with session 136654.814742811HAcQVicpADDDDDDDtcVHfpAQcc	[MsgId: MMSG-17999]
    2023-06-17 17:08:19.861 : User is logged out of session	[MsgId: MMSG-17999]
  2023-06-17 17:10:14.851 : IterationNum=89	[MsgId: MMSG-17999]
   USER 89 = user61:pwd61	[MsgId: MMSG-17999]
    2023-06-17 17:10:14.945 : Start page is opened	[MsgId: MMSG-17999]
    2023-06-17 17:10:19.333 : User is logged in with session 136654.824949372HAcQVicpffiDDDDDtcVHfpAQfDf	[MsgId: MMSG-17999]
    2023-06-17 17:10:24.335 : User is logged out of session	[MsgId: MMSG-17999]
  2023-06-17 17:12:20.853 : IterationNum=90	[MsgId: MMSG-17999]
   USER 90 = user61:pwd61	[MsgId: MMSG-17999]
    2023-06-17 17:12:20.947 : Start page is opened	[MsgId: MMSG-17999]
    2023-06-17 17:12:26.420 : User is logged in with session 136654.835155934HAcQViDpAiDDDDDDtcVHfpAQif	[MsgId: MMSG-17999]
    2023-06-17 17:12:30.879 : User is logged out of session	[MsgId: MMSG-17999]
  2023-06-17 17:14:26.866 : IterationNum=91	[MsgId: MMSG-17999]
   USER 91 = user61:pwd61	[MsgId: MMSG-17999]
    2023-06-17 17:14:26.961 : Start page is opened	[MsgId: MMSG-17999]
    2023-06-17 17:14:32.850 : User is logged in with session 136654.845362495HAcQViDpzAiDDDDDtcVHfpVAVzf	[MsgId: MMSG-17999]
    2023-06-17 17:14:38.300 : User is logged out of session	[MsgId: MMSG-17999]
  2023-06-17 17:16:32.872 : IterationNum=92	[MsgId: MMSG-17999]
   USER 92 = user61:pwd61	[MsgId: MMSG-17999]
    2023-06-17 17:16:32.967 : Start page is opened	[MsgId: MMSG-17999]
    2023-06-17 17:16:38.596 : User is logged in with session 136654.855569056HAcQVitpVDDDDDDDtcVHfpVAti	[MsgId: MMSG-17999]
    2023-06-17 17:16:44.890 : User is logged out of session	[MsgId: MMSG-17999]
  2023-06-17 17:18:38.885 : IterationNum=93	[MsgId: MMSG-17999]
   USER 93 = user61:pwd61	[MsgId: MMSG-17999]
    2023-06-17 17:18:38.978 : Start page is opened	[MsgId: MMSG-17999]
    2023-06-17 17:18:44.683 : User is logged in with session 136654.865775618HAcQVitpzfiDDDDDtcVHfpVAHQf	[MsgId: MMSG-17999]
    2023-06-17 17:18:50.352 : User is logged out of session	[MsgId: MMSG-17999]
  2023-06-17 17:20:44.888 : IterationNum=94	[MsgId: MMSG-17999]
   USER 94 = user61:pwd61	[MsgId: MMSG-17999]
    2023-06-17 17:20:44.982 : Start page is opened	[MsgId: MMSG-17999]
    2023-06-17 17:20:49.949 : User is logged in with session 136654.875982179HAcQVifpViDDDDDDtcVHfpVVVV	[MsgId: MMSG-17999]
    2023-06-17 17:20:54.315 : User is logged out of session	[MsgId: MMSG-17999]
  2023-06-17 17:22:50.891 : IterationNum=95	[MsgId: MMSG-17999]
   USER 95 = user61:pwd61	[MsgId: MMSG-17999]
    2023-06-17 17:22:50.984 : Start page is opened	[MsgId: MMSG-17999]
    2023-06-17 17:22:55.480 : User is logged in with session 136654.88618874HAcQVifpHAiDDDDDtcVHfpVVtcf	[MsgId: MMSG-17999]
    2023-06-17 17:22:59.621 : User is logged out of session	[MsgId: MMSG-17999]
  2023-06-17 17:24:56.899 : IterationNum=96	[MsgId: MMSG-17999]
   USER 96 = user61:pwd61	[MsgId: MMSG-17999]
    2023-06-17 17:24:56.993 : Start page is opened	[MsgId: MMSG-17999]
    2023-06-17 17:25:03.223 : User is logged in with session 136654.896395302HAcQVizpcDDDDDDDtcVHfpVVHt	[MsgId: MMSG-17999]
    2023-06-17 17:25:07.931 : User is logged out of session	[MsgId: MMSG-17999]
  2023-06-17 17:27:02.904 : IterationNum=97	[MsgId: MMSG-17999]
   USER 97 = user61:pwd61	[MsgId: MMSG-17999]
    2023-06-17 17:27:02.997 : Start page is opened	[MsgId: MMSG-17999]
    2023-06-17 17:27:07.950 : User is logged in with session 136654.906601863HAcQVizpHfiDDDDDtcVHfpVcAff	[MsgId: MMSG-17999]
    2023-06-17 17:27:12.549 : User is logged out of session	[MsgId: MMSG-17999]
  2023-06-17 17:29:08.908 : IterationNum=98	[MsgId: MMSG-17999]
   USER 98 = user61:pwd61	[MsgId: MMSG-17999]
    2023-06-17 17:29:09.003 : Start page is opened	[MsgId: MMSG-17999]
    2023-06-17 17:29:13.636 : User is logged in with session 136654.916808424HAcQViHpciDDDDDDtcVHfpVcDH	[MsgId: MMSG-17999]
    2023-06-17 17:29:19.053 : User is logged out of session	[MsgId: MMSG-17999]
  2023-06-17 17:31:14.911 : IterationNum=99	[MsgId: MMSG-17999]
   USER 99 = user61:pwd61	[MsgId: MMSG-17999]
    2023-06-17 17:31:15.005 : Start page is opened	[MsgId: MMSG-17999]
    2023-06-17 17:31:19.734 : User is logged in with session 136654.927014986HAcQViHpiAiDDDDDtcVHfpVczif	[MsgId: MMSG-17999]
    2023-06-17 17:31:26.088 : User is logged out of session	[MsgId: MMSG-17999]
  2023-06-17 17:33:20.919 : IterationNum=100	[MsgId: MMSG-17999]
   USER 100 = user61:pwd61	[MsgId: MMSG-17999]
    2023-06-17 17:33:21.013 : Start page is opened	[MsgId: MMSG-17999]
    2023-06-17 17:33:26.742 : User is logged in with session 136654.937221547HAcQViipDDDDDDDDtcVHfpVD	[MsgId: MMSG-17999]
    2023-06-17 17:33:31.749 : User is logged out of session	[MsgId: MMSG-17999]
  2023-06-17 17:35:26.921 : IterationNum=101	[MsgId: MMSG-17999]
   USER 101 = user61:pwd61	[MsgId: MMSG-17999]
    2023-06-17 17:35:27.014 : Start page is opened	[MsgId: MMSG-17999]
    2023-06-17 17:35:32.155 : User is logged in with session 136654.947428109HAcQViipifiDDDDDtcVHfpVDDVf	[MsgId: MMSG-17999]
    2023-06-17 17:35:36.184 : User is logged out of session	[MsgId: MMSG-17999]
  2023-06-17 17:37:32.927 : IterationNum=102	[MsgId: MMSG-17999]
   USER 102 = user61:pwd61	[MsgId: MMSG-17999]
    2023-06-17 17:37:33.022 : Start page is opened	[MsgId: MMSG-17999]
    2023-06-17 17:37:38.665 : User is logged in with session 136654.95763467HAcQViQpDiDDDDDDtcVHfpVDzD	[MsgId: MMSG-17999]
    2023-06-17 17:37:42.730 : User is logged out of session	[MsgId: MMSG-17999]
  2023-06-17 17:39:38.939 : IterationNum=103	[MsgId: MMSG-17999]
   USER 103 = user61:pwd61	[MsgId: MMSG-17999]
    2023-06-17 17:39:39.032 : Start page is opened	[MsgId: MMSG-17999]
    2023-06-17 17:39:43.656 : User is logged in with session 136654.967841231HAcQViQpQAiDDDDDtcVHfpVDQtf	[MsgId: MMSG-17999]
    2023-06-17 17:39:49.750 : User is logged out of session	[MsgId: MMSG-17999]
  2023-06-17 17:41:44.942 : IterationNum=104	[MsgId: MMSG-17999]
   USER 104 = user61:pwd61	[MsgId: MMSG-17999]
    2023-06-17 17:41:45.037 : Start page is opened	[MsgId: MMSG-17999]
    2023-06-17 17:41:49.087 : User is logged in with session 136654.978047793HAcQVQAptDDDDDDDtcVHfpVtcz	[MsgId: MMSG-17999]
    2023-06-17 17:41:54.342 : User is logged out of session	[MsgId: MMSG-17999]
  2023-06-17 17:43:50.952 : IterationNum=105	[MsgId: MMSG-17999]
   USER 105 = user61:pwd61	[MsgId: MMSG-17999]
    2023-06-17 17:43:51.046 : Start page is opened	[MsgId: MMSG-17999]
    2023-06-17 17:43:56.749 : User is logged in with session 136654.988254354HAcQVQApQfiDDDDDtcVHfpVtfHf	[MsgId: MMSG-17999]
    2023-06-17 17:44:02.957 : User is logged out of session	[MsgId: MMSG-17999]
  2023-06-17 17:45:56.956 : IterationNum=106	[MsgId: MMSG-17999]
   USER 106 = user61:pwd61	[MsgId: MMSG-17999]
    2023-06-17 17:45:57.051 : Start page is opened	[MsgId: MMSG-17999]
    2023-06-17 17:46:03.223 : User is logged in with session 136654.998460915HAcQVQVptiDDDDDDtcVHfpVtiQ	[MsgId: MMSG-17999]
    2023-06-17 17:46:08.248 : User is logged out of session	[MsgId: MMSG-17999]
  2023-06-17 17:48:02.958 : IterationNum=107	[MsgId: MMSG-17999]
   USER 107 = user61:pwd61	[MsgId: MMSG-17999]
    2023-06-17 17:48:03.053 : Start page is opened	[MsgId: MMSG-17999]
    2023-06-17 17:48:07.968 : User is logged in with session 136655.008667477HAcQVQcpAAiDDDDDtcVHfpVfcAf	[MsgId: MMSG-17999]
    2023-06-17 17:48:13.497 : User is logged out of session	[MsgId: MMSG-17999]
  2023-06-17 17:50:08.973 : IterationNum=108	[MsgId: MMSG-17999]
   USER 108 = user61:pwd61	[MsgId: MMSG-17999]
    2023-06-17 17:50:09.065 : Start page is opened	[MsgId: MMSG-17999]
    2023-06-17 17:50:14.017 : User is logged in with session 136655.018955043HAcQVQcpfDHftcVHfpVffccf	[MsgId: MMSG-17999]
    2023-06-17 17:50:20.062 : User is logged out of session	[MsgId: MMSG-17999]
  2023-06-17 17:52:14.983 : IterationNum=109	[MsgId: MMSG-17999]
   USER 109 = user61:pwd61	[MsgId: MMSG-17999]
    2023-06-17 17:52:15.077 : Start page is opened	[MsgId: MMSG-17999]
    2023-06-17 17:52:19.740 : User is logged in with session 136655.029161604HAcQVQDpAzcftcVHfpVfiDHf	[MsgId: MMSG-17999]
    2023-06-17 17:52:24.461 : User is logged out of session	[MsgId: MMSG-17999]
  2023-06-17 17:54:20.993 : IterationNum=110	[MsgId: MMSG-17999]
   USER 110 = user61:pwd61	[MsgId: MMSG-17999]
    2023-06-17 17:54:21.088 : Start page is opened	[MsgId: MMSG-17999]
    2023-06-17 17:54:26.827 : User is logged in with session 136655.039368165HAcQVQDpfiHftcVHfpVzVfcf	[MsgId: MMSG-17999]
    2023-06-17 17:54:31.498 : User is logged out of session	[MsgId: MMSG-17999]
  2023-06-17 17:56:26.997 : IterationNum=111	[MsgId: MMSG-17999]
   USER 111 = user61:pwd61	[MsgId: MMSG-17999]
    2023-06-17 17:56:27.091 : Start page is opened	[MsgId: MMSG-17999]
    2023-06-17 17:56:31.561 : User is logged in with session 136655.049574727HAcQVQtpVVcftcVHfpVztzHf	[MsgId: MMSG-17999]
    2023-06-17 17:56:35.609 : User is logged out of session	[MsgId: MMSG-17999]
  2023-06-17 17:58:33.004 : IterationNum=112	[MsgId: MMSG-17999]
   USER 112 = user61:pwd61	[MsgId: MMSG-17999]
    2023-06-17 17:58:33.097 : Start page is opened	[MsgId: MMSG-17999]
    2023-06-17 17:58:37.347 : User is logged in with session 136655.059781288HAcQVQtpzDHftcVHfpVzHicf	[MsgId: MMSG-17999]
    2023-06-17 17:58:41.405 : User is logged out of session	[MsgId: MMSG-17999]
  2023-06-17 18:00:39.015 : IterationNum=113	[MsgId: MMSG-17999]
   USER 113 = user61:pwd61	[MsgId: MMSG-17999]
    2023-06-17 18:00:39.110 : Start page is opened	[MsgId: MMSG-17999]
    2023-06-17 18:00:43.297 : User is logged in with session 136655.069987849HAcQVQfpVzcftcVHfpVHAQHf	[MsgId: MMSG-17999]
    2023-06-17 18:00:47.482 : User is logged out of session	[MsgId: MMSG-17999]
  2023-06-17 18:02:45.024 : IterationNum=114	[MsgId: MMSG-17999]
   USER 114 = user61:pwd61	[MsgId: MMSG-17999]
    2023-06-17 18:02:45.119 : Start page is opened	[MsgId: MMSG-17999]
    2023-06-17 18:02:50.250 : User is logged in with session 136655.080194411HAcQVQfpziHftcVHfpVHtVcf	[MsgId: MMSG-17999]
    2023-06-17 18:02:55.365 : User is logged out of session	[MsgId: MMSG-17999]
  2023-06-17 18:04:51.027 : IterationNum=115	[MsgId: MMSG-17999]
   USER 115 = user61:pwd61	[MsgId: MMSG-17999]
    2023-06-17 18:04:51.120 : Start page is opened	[MsgId: MMSG-17999]
    2023-06-17 18:04:57.159 : User is logged in with session 136655.090400972HAcQVQzpcVcftcVHfpVHHcHf	[MsgId: MMSG-17999]
    2023-06-17 18:05:02.544 : User is logged out of session	[MsgId: MMSG-17999]
  2023-06-17 18:06:57.034 : IterationNum=116	[MsgId: MMSG-17999]
   USER 116 = user61:pwd61	[MsgId: MMSG-17999]
    2023-06-17 18:06:57.128 : Start page is opened	[MsgId: MMSG-17999]
    2023-06-17 18:07:02.309 : User is logged in with session 136655.100607533HAcQVQzpHDHftcVHfpViAtcf	[MsgId: MMSG-17999]
    2023-06-17 18:07:06.323 : User is logged out of session	[MsgId: MMSG-17999]
  2023-06-17 18:09:03.040 : IterationNum=117	[MsgId: MMSG-17999]
   USER 117 = user61:pwd61	[MsgId: MMSG-17999]
    2023-06-17 18:09:03.135 : Start page is opened	[MsgId: MMSG-17999]
    2023-06-17 18:09:09.164 : User is logged in with session 136655.110814095HAcQVQHpczcftcVHfpViDfHf	[MsgId: MMSG-17999]
    2023-06-17 18:09:13.113 : User is logged out of session	[MsgId: MMSG-17999]
  2023-06-17 18:11:09.049 : IterationNum=118	[MsgId: MMSG-17999]
   USER 118 = user61:pwd61	[MsgId: MMSG-17999]
    2023-06-17 18:11:09.144 : Start page is opened	[MsgId: MMSG-17999]
    2023-06-17 18:11:13.446 : User is logged in with session 136655.121020656HAcQVQHpHiHftcVHfpVizHcf	[MsgId: MMSG-17999]
    2023-06-17 18:11:19.127 : User is logged out of session	[MsgId: MMSG-17999]
  2023-06-17 18:13:15.058 : IterationNum=119	[MsgId: MMSG-17999]
   USER 119 = user61:pwd61	[MsgId: MMSG-17999]
    2023-06-17 18:13:15.152 : Start page is opened	[MsgId: MMSG-17999]
    2023-06-17 18:13:19.785 : User is logged in with session 136655.131227218HAcQVQipDVcftcVHfpViQiHf	[MsgId: MMSG-17999]
    2023-06-17 18:13:25.217 : User is logged out of session	[MsgId: MMSG-17999]
  2023-06-17 18:15:21.059 : IterationNum=120	[MsgId: MMSG-17999]
   USER 120 = user61:pwd61	[MsgId: MMSG-17999]
    2023-06-17 18:15:21.152 : Start page is opened	[MsgId: MMSG-17999]
    2023-06-17 18:15:27.026 : User is logged in with session 136655.141433779HAcQVQipiDHftcVHfpVQDAcf	[MsgId: MMSG-17999]
    2023-06-17 18:15:33.278 : User is logged out of session	[MsgId: MMSG-17999]
  2023-06-17 18:17:27.064 : IterationNum=121	[MsgId: MMSG-17999]
   USER 121 = user61:pwd61	[MsgId: MMSG-17999]
    2023-06-17 18:17:27.158 : Start page is opened	[MsgId: MMSG-17999]
    2023-06-17 18:17:32.343 : User is logged in with session 136655.15164034HAcQVQQpDzcftcVHfpVQzVHf	[MsgId: MMSG-17999]
    2023-06-17 18:17:37.035 : User is logged out of session	[MsgId: MMSG-17999]
  2023-06-17 18:19:33.072 : IterationNum=122	[MsgId: MMSG-17999]
   USER 122 = user61:pwd61	[MsgId: MMSG-17999]
    2023-06-17 18:19:33.166 : Start page is opened	[MsgId: MMSG-17999]
    2023-06-17 18:19:37.966 : User is logged in with session 136655.161846902HAcQVQQpiiHftcVHfpVQQDcf	[MsgId: MMSG-17999]
    2023-06-17 18:19:43.110 : User is logged out of session	[MsgId: MMSG-17999]
  2023-06-17 18:21:39.077 : IterationNum=123	[MsgId: MMSG-17999]
   USER 123 = user61:pwd61	[MsgId: MMSG-17999]
    2023-06-17 18:21:39.171 : Start page is opened	[MsgId: MMSG-17999]
    2023-06-17 18:21:43.311 : User is logged in with session 136655.172053463HAcQcAAptVcftcVHfpcActHf	[MsgId: MMSG-17999]
    2023-06-17 18:21:48.010 : User is logged out of session	[MsgId: MMSG-17999]
  2023-06-17 18:23:45.091 : IterationNum=124	[MsgId: MMSG-17999]
   USER 124 = user61:pwd61	[MsgId: MMSG-17999]
    2023-06-17 18:23:45.184 : Start page is opened	[MsgId: MMSG-17999]
    2023-06-17 18:23:51.298 : User is logged in with session 136655.182260024HAcQcAApQDHftcVHfpcAfzcf	[MsgId: MMSG-17999]
    2023-06-17 18:23:56.480 : User is logged out of session	[MsgId: MMSG-17999]
  2023-06-17 18:25:51.092 : IterationNum=125	[MsgId: MMSG-17999]
   USER 125 = user61:pwd61	[MsgId: MMSG-17999]
    2023-06-17 18:25:51.185 : Start page is opened	[MsgId: MMSG-17999]
    2023-06-17 18:25:56.452 : User is logged in with session 136655.192466586HAcQcAVptzcftcVHfpcAiHHf	[MsgId: MMSG-17999]
    2023-06-17 18:26:02.206 : User is logged out of session	[MsgId: MMSG-17999]
  2023-06-17 18:27:57.104 : IterationNum=126	[MsgId: MMSG-17999]
   USER 126 = user61:pwd61	[MsgId: MMSG-17999]
    2023-06-17 18:27:57.199 : Start page is opened	[MsgId: MMSG-17999]
    2023-06-17 18:28:02.171 : User is logged in with session 136655.202673147HAcQcAVpQiHftcVHfpcVVQcf	[MsgId: MMSG-17999]
    2023-06-17 18:28:07.261 : User is logged out of session	[MsgId: MMSG-17999]
  2023-06-17 18:30:03.116 : IterationNum=127	[MsgId: MMSG-17999]
   USER 127 = user61:pwd61	[MsgId: MMSG-17999]
    2023-06-17 18:30:03.210 : Start page is opened	[MsgId: MMSG-17999]
    2023-06-17 18:30:08.027 : User is logged in with session 136655.212879708HAcQcAcpfVcftcVHfpcVfAHf	[MsgId: MMSG-17999]
    2023-06-17 18:30:12.000 : User is logged out of session	[MsgId: MMSG-17999]
  2023-06-17 18:32:09.127 : IterationNum=128	[MsgId: MMSG-17999]
   USER 128 = user61:pwd61	[MsgId: MMSG-17999]
    2023-06-17 18:32:09.221 : Start page is opened	[MsgId: MMSG-17999]
    2023-06-17 18:32:13.188 : User is logged in with session 136655.22308627HAcQcADpADHftcVHfpcViccf	[MsgId: MMSG-17999]
    2023-06-17 18:32:18.216 : User is logged out of session	[MsgId: MMSG-17999]
  2023-06-17 18:34:15.138 : IterationNum=129	[MsgId: MMSG-17999]
   USER 129 = user61:pwd61	[MsgId: MMSG-17999]
    2023-06-17 18:34:15.233 : Start page is opened	[MsgId: MMSG-17999]
    2023-06-17 18:34:20.404 : User is logged in with session 136655.233292831HAcQcADpfzcftcVHfpccVDHf	[MsgId: MMSG-17999]
    2023-06-17 18:34:26.535 : User is logged out of session	[MsgId: MMSG-17999]
  2023-06-17 18:36:21.149 : IterationNum=130	[MsgId: MMSG-17999]
   USER 130 = user61:pwd61	[MsgId: MMSG-17999]
    2023-06-17 18:36:21.244 : Start page is opened	[MsgId: MMSG-17999]
    2023-06-17 18:36:26.982 : User is logged in with session 136655.243499392HAcQcAtpAiHftcVHfpcctfcf	[MsgId: MMSG-17999]
    2023-06-17 18:36:31.260 : User is logged out of session	[MsgId: MMSG-17999]
  2023-06-17 18:38:27.158 : IterationNum=131	[MsgId: MMSG-17999]
   USER 131 = user61:pwd61	[MsgId: MMSG-17999]
    2023-06-17 18:38:27.251 : Start page is opened	[MsgId: MMSG-17999]
    2023-06-17 18:38:33.080 : User is logged in with session 136655.253705954HAcQcAtpzVcftcVHfpccHzHf	[MsgId: MMSG-17999]
    2023-06-17 18:38:37.833 : User is logged out of session	[MsgId: MMSG-17999]
  2023-06-17 18:40:33.171 : IterationNum=132	[MsgId: MMSG-17999]
   USER 132 = user61:pwd61	[MsgId: MMSG-17999]
    2023-06-17 18:40:33.264 : Start page is opened	[MsgId: MMSG-17999]
    2023-06-17 18:40:37.817 : User is logged in with session 136655.263912515HAcQcAfpVDHftcVHfpcDAicf	[MsgId: MMSG-17999]
    2023-06-17 18:40:42.497 : User is logged out of session	[MsgId: MMSG-17999]
  2023-06-17 18:42:39.184 : IterationNum=133	[MsgId: MMSG-17999]
   USER 133 = user61:pwd61	[MsgId: MMSG-17999]
    2023-06-17 18:42:39.278 : Start page is opened	[MsgId: MMSG-17999]
    2023-06-17 18:42:43.545 : User is logged in with session 136655.274119077HAcQcAfpzzcftcVHfpcDDQHf	[MsgId: MMSG-17999]
    2023-06-17 18:42:49.700 : User is logged out of session	[MsgId: MMSG-17999]
  2023-06-17 18:44:45.195 : IterationNum=134	[MsgId: MMSG-17999]
   USER 134 = user61:pwd61	[MsgId: MMSG-17999]
    2023-06-17 18:44:45.289 : Start page is opened	[MsgId: MMSG-17999]
    2023-06-17 18:44:50.004 : User is logged in with session 136655.284325638HAcQcAzpViHftcVHfpcDHVcf	[MsgId: MMSG-17999]
    2023-06-17 18:44:55.974 : User is logged out of session	[MsgId: MMSG-17999]
  2023-06-17 18:46:51.202 : IterationNum=135	[MsgId: MMSG-17999]
   USER 135 = user61:pwd61	[MsgId: MMSG-17999]
    2023-06-17 18:46:51.296 : Start page is opened	[MsgId: MMSG-17999]
    2023-06-17 18:46:57.111 : User is logged in with session 136655.294532199HAcQcAzpHVcftcVHfpctAcHf	[MsgId: MMSG-17999]
    2023-06-17 18:47:03.192 : User is logged out of session	[MsgId: MMSG-17999]
  2023-06-17 18:48:57.215 : IterationNum=136	[MsgId: MMSG-17999]
   USER 136 = user61:pwd61	[MsgId: MMSG-17999]
    2023-06-17 18:48:57.308 : Start page is opened	[MsgId: MMSG-17999]
    2023-06-17 18:49:03.124 : User is logged in with session 136655.304738761HAcQcAHpcDHftcVHfpctDtcf	[MsgId: MMSG-17999]
    2023-06-17 18:49:08.826 : User is logged out of session	[MsgId: MMSG-17999]
  2023-06-17 18:51:03.216 : IterationNum=137	[MsgId: MMSG-17999]
   USER 137 = user61:pwd61	[MsgId: MMSG-17999]
    2023-06-17 18:51:03.311 : Start page is opened	[MsgId: MMSG-17999]
    2023-06-17 18:51:07.508 : User is logged in with session 136655.314945322HAcQcAHpHzcftcVHfpctzfHf	[MsgId: MMSG-17999]
    2023-06-17 18:51:13.283 : User is logged out of session	[MsgId: MMSG-17999]
  2023-06-17 18:53:09.228 : IterationNum=138	[MsgId: MMSG-17999]
   USER 138 = user61:pwd61	[MsgId: MMSG-17999]
    2023-06-17 18:53:09.322 : Start page is opened	[MsgId: MMSG-17999]
    2023-06-17 18:53:14.099 : User is logged in with session 136655.325151883HAcQcAipciHftcVHfpctQHcf	[MsgId: MMSG-17999]
    2023-06-17 18:53:18.253 : User is logged out of session	[MsgId: MMSG-17999]
  2023-06-17 18:55:15.244 : IterationNum=139	[MsgId: MMSG-17999]
   USER 139 = user61:pwd61	[MsgId: MMSG-17999]
    2023-06-17 18:55:15.337 : Start page is opened	[MsgId: MMSG-17999]
    2023-06-17 18:55:20.919 : User is logged in with session 136655.335358445HAcQcAipiVcftcVHfpcfciHf	[MsgId: MMSG-17999]
    2023-06-17 18:55:25.473 : User is logged out of session	[MsgId: MMSG-17999]
  2023-06-17 18:57:21.252 : IterationNum=140	[MsgId: MMSG-17999]
   USER 140 = user61:pwd61	[MsgId: MMSG-17999]
    2023-06-17 18:57:21.347 : Start page is opened	[MsgId: MMSG-17999]
    2023-06-17 18:57:26.064 : User is logged in with session 136655.345565006HAcQcAQpDDHftcVHfpcfzAcf	[MsgId: MMSG-17999]
    2023-06-17 18:57:31.343 : User is logged out of session	[MsgId: MMSG-17999]
  2023-06-17 18:59:27.264 : IterationNum=141	[MsgId: MMSG-17999]
   USER 141 = user61:pwd61	[MsgId: MMSG-17999]
    2023-06-17 18:59:27.358 : Start page is opened	[MsgId: MMSG-17999]
    2023-06-17 18:59:33.233 : User is logged in with session 136655.355771567HAcQcAQpizcftcVHfpcfQVHf	[MsgId: MMSG-17999]
    2023-06-17 18:59:37.502 : User is logged out of session	[MsgId: MMSG-17999]
  2023-06-17 19:01:33.273 : IterationNum=142	[MsgId: MMSG-17999]
   USER 142 = user61:pwd61	[MsgId: MMSG-17999]
    2023-06-17 19:01:33.368 : Start page is opened	[MsgId: MMSG-17999]
    2023-06-17 19:01:38.856 : User is logged in with session 136655.365978129HAcQcVApDiHftcVHfpczcDcf	[MsgId: MMSG-17999]
    2023-06-17 19:01:44.620 : User is logged out of session	[MsgId: MMSG-17999]
  2023-06-17 19:03:39.278 : IterationNum=143	[MsgId: MMSG-17999]
   USER 143 = user61:pwd61	[MsgId: MMSG-17999]
    2023-06-17 19:03:39.373 : Start page is opened	[MsgId: MMSG-17999]
    2023-06-17 19:03:44.889 : User is logged in with session 136655.37618469HAcQcVApQVcftcVHfpczftHf	[MsgId: MMSG-17999]
    2023-06-17 19:03:51.210 : User is logged out of session	[MsgId: MMSG-17999]
  2023-06-17 19:05:45.292 : IterationNum=144	[MsgId: MMSG-17999]
   USER 144 = user61:pwd61	[MsgId: MMSG-17999]
    2023-06-17 19:05:45.387 : Start page is opened	[MsgId: MMSG-17999]
    2023-06-17 19:05:49.538 : User is logged in with session 136655.386391252HAcQcVVptDHftcVHfpczizcf	[MsgId: MMSG-17999]
    2023-06-17 19:05:53.702 : User is logged out of session	[MsgId: MMSG-17999]
  2023-06-17 19:07:51.300 : IterationNum=145	[MsgId: MMSG-17999]
   USER 145 = user61:pwd61	[MsgId: MMSG-17999]
    2023-06-17 19:07:51.396 : Start page is opened	[MsgId: MMSG-17999]
    2023-06-17 19:07:57.345 : User is logged in with session 136655.396597813HAcQcVVpQzcftcVHfpcHVHHf	[MsgId: MMSG-17999]
    2023-06-17 19:08:03.270 : User is logged out of session	[MsgId: MMSG-17999]
  2023-06-17 19:09:57.309 : IterationNum=146	[MsgId: MMSG-17999]
   USER 146 = user61:pwd61	[MsgId: MMSG-17999]
    2023-06-17 19:09:57.403 : Start page is opened	[MsgId: MMSG-17999]
    2023-06-17 19:10:02.339 : User is logged in with session 136655.406804374HAcQcVcptiHftcVHfpcHtQcf	[MsgId: MMSG-17999]
    2023-06-17 19:10:06.862 : User is logged out of session	[MsgId: MMSG-17999]
  2023-06-17 19:12:03.316 : IterationNum=147	[MsgId: MMSG-17999]
   USER 147 = user61:pwd61	[MsgId: MMSG-17999]
    2023-06-17 19:12:03.411 : Start page is opened	[MsgId: MMSG-17999]
    2023-06-17 19:12:09.109 : User is logged in with session 136655.417010936HAcQcVDpAVcftcVHfpcHiAHf	[MsgId: MMSG-17999]
    2023-06-17 19:12:13.078 : User is logged out of session	[MsgId: MMSG-17999]
  2023-06-17 19:14:09.324 : IterationNum=148	[MsgId: MMSG-17999]
   USER 148 = user61:pwd61	[MsgId: MMSG-17999]
    2023-06-17 19:14:09.417 : Start page is opened	[MsgId: MMSG-17999]
    2023-06-17 19:14:13.332 : User is logged in with session 136655.427217497HAcQcVDpfDHftcVHfpciVccf	[MsgId: MMSG-17999]
    2023-06-17 19:14:19.650 : User is logged out of session	[MsgId: MMSG-17999]
  2023-06-17 19:16:15.325 : IterationNum=149	[MsgId: MMSG-17999]
   USER 149 = user61:pwd61	[MsgId: MMSG-17999]
    2023-06-17 19:16:15.420 : Start page is opened	[MsgId: MMSG-17999]
    2023-06-17 19:16:21.785 : User is logged in with session 136655.437424058HAcQcVtpAzcftcVHfpcitDHf	[MsgId: MMSG-17999]
    2023-06-17 19:16:25.932 : User is logged out of session	[MsgId: MMSG-17999]
  2023-06-17 19:18:21.334 : IterationNum=150	[MsgId: MMSG-17999]
   USER 150 = user61:pwd61	[MsgId: MMSG-17999]
    2023-06-17 19:18:21.428 : Start page is opened	[MsgId: MMSG-17999]
    2023-06-17 19:18:25.757 : User is logged in with session 136655.44763062HAcQcVtpfiHftcVHfpciHfcf	[MsgId: MMSG-17999]
    2023-06-17 19:18:31.811 : User is logged out of session	[MsgId: MMSG-17999]
  2023-06-17 19:20:27.340 : IterationNum=151	[MsgId: MMSG-17999]
   USER 151 = user61:pwd61	[MsgId: MMSG-17999]
    2023-06-17 19:20:27.435 : Start page is opened	[MsgId: MMSG-17999]
    2023-06-17 19:20:33.360 : User is logged in with session 136655.457837181HAcQcVfpVVcftcVHfpcQAzHf	[MsgId: MMSG-17999]
    2023-06-17 19:20:38.076 : User is logged out of session	[MsgId: MMSG-17999]
  2023-06-17 19:22:33.352 : IterationNum=152	[MsgId: MMSG-17999]
   USER 152 = user61:pwd61	[MsgId: MMSG-17999]
    2023-06-17 19:22:33.446 : Start page is opened	[MsgId: MMSG-17999]
    2023-06-17 19:22:39.082 : User is logged in with session 136655.468043742HAcQcVfpzDHftcVHfpcQDicf	[MsgId: MMSG-17999]
    2023-06-17 19:22:43.954 : User is logged out of session	[MsgId: MMSG-17999]
  2023-06-17 19:24:39.361 : IterationNum=153	[MsgId: MMSG-17999]
   USER 153 = user61:pwd61	[MsgId: MMSG-17999]
    2023-06-17 19:24:39.454 : Start page is opened	[MsgId: MMSG-17999]
    2023-06-17 19:24:45.551 : User is logged in with session 136655.478250304HAcQcVzpVzcftcVHfpcQzQHf	[MsgId: MMSG-17999]
    2023-06-17 19:24:50.659 : User is logged out of session	[MsgId: MMSG-17999]
  2023-06-17 19:26:45.369 : IterationNum=154	[MsgId: MMSG-17999]
   USER 154 = user61:pwd61	[MsgId: MMSG-17999]
    2023-06-17 19:26:45.463 : Start page is opened	[MsgId: MMSG-17999]
    2023-06-17 19:26:49.425 : User is logged in with session 136655.488456865HAcQcVzpziHftcVHfpDAAVcf	[MsgId: MMSG-17999]
    2023-06-17 19:26:54.000 : User is logged out of session	[MsgId: MMSG-17999]
  2023-06-17 19:28:51.379 : IterationNum=155	[MsgId: MMSG-17999]
   USER 155 = user61:pwd61	[MsgId: MMSG-17999]
    2023-06-17 19:28:51.473 : Start page is opened	[MsgId: MMSG-17999]
    2023-06-17 19:28:57.602 : User is logged in with session 136655.498663426HAcQcVHpcVcftcVHfpDADcHf	[MsgId: MMSG-17999]
    2023-06-17 19:29:02.686 : User is logged out of session	[MsgId: MMSG-17999]
  2023-06-17 19:30:57.384 : IterationNum=156	[MsgId: MMSG-17999]
   USER 156 = user61:pwd61	[MsgId: MMSG-17999]
    2023-06-17 19:30:57.478 : Start page is opened	[MsgId: MMSG-17999]
    2023-06-17 19:31:02.060 : User is logged in with session 136655.508869988HAcQcVHpHDHftcVHfpDAztcf	[MsgId: MMSG-17999]
    2023-06-17 19:31:08.289 : User is logged out of session	[MsgId: MMSG-17999]
  2023-06-17 19:33:03.389 : IterationNum=157	[MsgId: MMSG-17999]
   USER 157 = user61:pwd61	[MsgId: MMSG-17999]
    2023-06-17 19:33:03.484 : Start page is opened	[MsgId: MMSG-17999]
    2023-06-17 19:33:07.901 : User is logged in with session 136655.519076549HAcQcVipczcftcVHfpDAQfHf	[MsgId: MMSG-17999]
    2023-06-17 19:33:11.883 : User is logged out of session	[MsgId: MMSG-17999]
  2023-06-17 19:35:09.404 : IterationNum=158	[MsgId: MMSG-17999]
   USER 158 = user61:pwd61	[MsgId: MMSG-17999]
    2023-06-17 19:35:09.496 : Start page is opened	[MsgId: MMSG-17999]
    2023-06-17 19:35:15.794 : User is logged in with session 136655.529283111HAcQcVipHiHftcVHfpDVcHcf	[MsgId: MMSG-17999]
    2023-06-17 19:35:20.299 : User is logged out of session	[MsgId: MMSG-17999]
  2023-06-17 19:37:15.405 : IterationNum=159	[MsgId: MMSG-17999]
   USER 159 = user61:pwd61	[MsgId: MMSG-17999]
    2023-06-17 19:37:15.501 : Start page is opened	[MsgId: MMSG-17999]
    2023-06-17 19:37:20.621 : User is logged in with session 136655.539489672HAcQcVQpDVcftcVHfpDVfiHf	[MsgId: MMSG-17999]
    2023-06-17 19:37:26.037 : User is logged out of session	[MsgId: MMSG-17999]
  2023-06-17 19:39:21.409 : IterationNum=160	[MsgId: MMSG-17999]
   USER 160 = user61:pwd61	[MsgId: MMSG-17999]
    2023-06-17 19:39:21.503 : Start page is opened	[MsgId: MMSG-17999]
    2023-06-17 19:39:26.443 : User is logged in with session 136655.549696233HAcQcVQpiDHftcVHfpDVQAcf	[MsgId: MMSG-17999]
    2023-06-17 19:39:30.543 : User is logged out of session	[MsgId: MMSG-17999]
  2023-06-17 19:41:27.418 : IterationNum=161	[MsgId: MMSG-17999]
   USER 161 = user61:pwd61	[MsgId: MMSG-17999]
    2023-06-17 19:41:27.511 : Start page is opened	[MsgId: MMSG-17999]
    2023-06-17 19:41:31.472 : User is logged in with session 136655.559902795HAcQccApDzcftcVHfpDccVHf	[MsgId: MMSG-17999]
    2023-06-17 19:41:37.621 : User is logged out of session	[MsgId: MMSG-17999]
  2023-06-17 19:43:33.418 : IterationNum=162	[MsgId: MMSG-17999]
   USER 162 = user61:pwd61	[MsgId: MMSG-17999]
    2023-06-17 19:43:33.513 : Start page is opened	[MsgId: MMSG-17999]
    2023-06-17 19:43:39.014 : User is logged in with session 136655.570109356HAcQccApiiHftcVHfpDcfDcf	[MsgId: MMSG-17999]
    2023-06-17 19:43:45.030 : User is logged out of session	[MsgId: MMSG-17999]
  2023-06-17 19:45:39.431 : IterationNum=163	[MsgId: MMSG-17999]
   USER 163 = user61:pwd61	[MsgId: MMSG-17999]
    2023-06-17 19:45:39.525 : Start page is opened	[MsgId: MMSG-17999]
    2023-06-17 19:45:45.347 : User is logged in with session 136655.580315917HAcQccVptVcftcVHfpDcitHf	[MsgId: MMSG-17999]
    2023-06-17 19:45:50.130 : User is logged out of session	[MsgId: MMSG-17999]
  2023-06-17 19:47:45.438 : IterationNum=164	[MsgId: MMSG-17999]
   USER 164 = user61:pwd61	[MsgId: MMSG-17999]
    2023-06-17 19:47:45.532 : Start page is opened	[MsgId: MMSG-17999]
    2023-06-17 19:47:51.261 : User is logged in with session 136655.590522479HAcQccVpQDHftcVHfpDDVzcf	[MsgId: MMSG-17999]
    2023-06-17 19:47:55.266 : User is logged out of session	[MsgId: MMSG-17999]
  2023-06-17 19:49:51.441 : IterationNum=165	[MsgId: MMSG-17999]
   USER 165 = user61:pwd61	[MsgId: MMSG-17999]
    2023-06-17 19:49:51.535 : Start page is opened	[MsgId: MMSG-17999]
    2023-06-17 19:49:56.421 : User is logged in with session 136655.60072904HAcQcccptzcftcVHfpDDtHHf	[MsgId: MMSG-17999]
    2023-06-17 19:50:00.676 : User is logged out of session	[MsgId: MMSG-17999]
  2023-06-17 19:51:57.447 : IterationNum=166	[MsgId: MMSG-17999]
   USER 166 = user61:pwd61	[MsgId: MMSG-17999]
    2023-06-17 19:51:57.542 : Start page is opened	[MsgId: MMSG-17999]
    2023-06-17 19:52:01.880 : User is logged in with session 136655.610935601HAcQcccpQiHftcVHfpDDHQcf	[MsgId: MMSG-17999]
    2023-06-17 19:52:07.753 : User is logged out of session	[MsgId: MMSG-17999]
  2023-06-17 19:54:03.452 : IterationNum=167	[MsgId: MMSG-17999]
   USER 167 = user61:pwd61	[MsgId: MMSG-17999]
    2023-06-17 19:54:03.546 : Start page is opened	[MsgId: MMSG-17999]
    2023-06-17 19:54:09.279 : User is logged in with session 136655.621142163HAcQccDpfVcftcVHfpDtVAHf	[MsgId: MMSG-17999]
    2023-06-17 19:54:13.453 : User is logged out of session	[MsgId: MMSG-17999]
  2023-06-17 19:56:09.465 : IterationNum=168	[MsgId: MMSG-17999]
   USER 168 = user61:pwd61	[MsgId: MMSG-17999]
    2023-06-17 19:56:09.560 : Start page is opened	[MsgId: MMSG-17999]
    2023-06-17 19:56:13.766 : User is logged in with session 136655.631348724HAcQcctpADHftcVHfpDttccf	[MsgId: MMSG-17999]
    2023-06-17 19:56:18.120 : User is logged out of session	[MsgId: MMSG-17999]
  2023-06-17 19:58:15.468 : IterationNum=169	[MsgId: MMSG-17999]
   USER 169 = user61:pwd61	[MsgId: MMSG-17999]
    2023-06-17 19:58:15.562 : Start page is opened	[MsgId: MMSG-17999]
    2023-06-17 19:58:19.955 : User is logged in with session 136655.641555286HAcQcctpfzcftcVHfpDtHDHf	[MsgId: MMSG-17999]
    2023-06-17 19:58:24.635 : User is logged out of session	[MsgId: MMSG-17999]
  2023-06-17 20:00:21.482 : IterationNum=170	[MsgId: MMSG-17999]
   USER 170 = user61:pwd61	[MsgId: MMSG-17999]
    2023-06-17 20:00:21.575 : Start page is opened	[MsgId: MMSG-17999]
    2023-06-17 20:00:26.486 : User is logged in with session 136655.651761847HAcQccfpAiHftcVHfpDfAfcf	[MsgId: MMSG-17999]
    2023-06-17 20:00:32.019 : User is logged out of session	[MsgId: MMSG-17999]
  2023-06-17 20:02:27.487 : IterationNum=171	[MsgId: MMSG-17999]
   USER 171 = user61:pwd61	[MsgId: MMSG-17999]
    2023-06-17 20:02:27.579 : Start page is opened	[MsgId: MMSG-17999]
    2023-06-17 20:02:33.362 : User is logged in with session 136655.661968408HAcQccfpzVcftcVHfpDfDzHf	[MsgId: MMSG-17999]
    2023-06-17 20:02:39.414 : User is logged out of session	[MsgId: MMSG-17999]
  2023-06-17 20:04:33.497 : IterationNum=172	[MsgId: MMSG-17999]
   USER 172 = user61:pwd61	[MsgId: MMSG-17999]
    2023-06-17 20:04:33.590 : Start page is opened	[MsgId: MMSG-17999]
    2023-06-17 20:04:37.896 : User is logged in with session 136655.67217497HAcQcczpVDHftcVHfpDfzicf	[MsgId: MMSG-17999]
    2023-06-17 20:04:43.842 : User is logged out of session	[MsgId: MMSG-17999]
  2023-06-17 20:06:39.498 : IterationNum=173	[MsgId: MMSG-17999]
   USER 173 = user61:pwd61	[MsgId: MMSG-17999]
    2023-06-17 20:06:39.593 : Start page is opened	[MsgId: MMSG-17999]
    2023-06-17 20:06:45.606 : User is logged in with session 136655.682381531HAcQcczpzzcftcVHfpDfQQHf	[MsgId: MMSG-17999]
    2023-06-17 20:06:51.571 : User is logged out of session	[MsgId: MMSG-17999]
  2023-06-17 20:08:45.512 : IterationNum=174	[MsgId: MMSG-17999]
   USER 174 = user61:pwd61	[MsgId: MMSG-17999]
    2023-06-17 20:08:45.606 : Start page is opened	[MsgId: MMSG-17999]
    2023-06-17 20:08:51.843 : User is logged in with session 136655.692588092HAcQccHpViHftcVHfpDzDVcf	[MsgId: MMSG-17999]
    2023-06-17 20:08:57.938 : User is logged out of session	[MsgId: MMSG-17999]
  2023-06-17 20:10:51.518 : IterationNum=175	[MsgId: MMSG-17999]
   USER 175 = user61:pwd61	[MsgId: MMSG-17999]
    2023-06-17 20:10:51.613 : Start page is opened	[MsgId: MMSG-17999]
    2023-06-17 20:10:57.647 : User is logged in with session 136655.702794654HAcQccHpHVcftcVHfpDzzcHf	[MsgId: MMSG-17999]
    2023-06-17 20:11:03.610 : User is logged out of session	[MsgId: MMSG-17999]
  2023-06-17 20:12:57.531 : IterationNum=176	[MsgId: MMSG-17999]
   USER 176 = user61:pwd61	[MsgId: MMSG-17999]
    2023-06-17 20:12:57.625 : Start page is opened	[MsgId: MMSG-17999]
    2023-06-17 20:13:02.629 : User is logged in with session 136655.713001215HAcQccipcDHftcVHfpDzQtcf	[MsgId: MMSG-17999]
    2023-06-17 20:13:08.274 : User is logged out of session	[MsgId: MMSG-17999]
  2023-06-17 20:15:03.534 : IterationNum=177	[MsgId: MMSG-17999]
   USER 177 = user61:pwd61	[MsgId: MMSG-17999]
    2023-06-17 20:15:03.628 : Start page is opened	[MsgId: MMSG-17999]
    2023-06-17 20:15:08.158 : User is logged in with session 136655.723207776HAcQccipHzcftcVHfpDHcfHf	[MsgId: MMSG-17999]
    2023-06-17 20:15:12.891 : User is logged out of session	[MsgId: MMSG-17999]
  2023-06-17 20:17:09.545 : IterationNum=178	[MsgId: MMSG-17999]
   USER 178 = user61:pwd61	[MsgId: MMSG-17999]
    2023-06-17 20:17:09.639 : Start page is opened	[MsgId: MMSG-17999]
    2023-06-17 20:17:15.188 : User is logged in with session 136655.733414338HAcQccQpciHftcVHfpDHfHcf	[MsgId: MMSG-17999]
    2023-06-17 20:17:20.835 : User is logged out of session	[MsgId: MMSG-17999]
  2023-06-17 20:19:15.555 : IterationNum=179	[MsgId: MMSG-17999]
   USER 179 = user61:pwd61	[MsgId: MMSG-17999]
    2023-06-17 20:19:15.648 : Start page is opened	[MsgId: MMSG-17999]
    2023-06-17 20:19:21.399 : User is logged in with session 136655.743620899HAcQccQpiVcftcVHfpDHiiHf	[MsgId: MMSG-17999]
    2023-06-17 20:19:25.876 : User is logged out of session	[MsgId: MMSG-17999]
  2023-06-17 20:21:21.562 : IterationNum=180	[MsgId: MMSG-17999]
   USER 180 = user61:pwd61	[MsgId: MMSG-17999]
    2023-06-17 20:21:21.655 : Start page is opened	[MsgId: MMSG-17999]
    2023-06-17 20:21:26.423 : User is logged in with session 136655.753827461HAcQcDApDDHftcVHfpDicAcf	[MsgId: MMSG-17999]
    2023-06-17 20:21:30.390 : User is logged out of session	[MsgId: MMSG-17999]
  2023-06-17 20:23:27.573 : IterationNum=181	[MsgId: MMSG-17999]
   USER 181 = user61:pwd61	[MsgId: MMSG-17999]
    2023-06-17 20:23:27.668 : Start page is opened	[MsgId: MMSG-17999]
    2023-06-17 20:23:31.813 : User is logged in with session 136655.764034022HAcQcDApizcftcVHfpDifVHf	[MsgId: MMSG-17999]
    2023-06-17 20:23:37.731 : User is logged out of session	[MsgId: MMSG-17999]
  2023-06-17 20:25:33.583 : IterationNum=182	[MsgId: MMSG-17999]
   USER 182 = user61:pwd61	[MsgId: MMSG-17999]
    2023-06-17 20:25:33.676 : Start page is opened	[MsgId: MMSG-17999]
    2023-06-17 20:25:38.594 : User is logged in with session 136655.774240583HAcQcDVpDiHftcVHfpDiiDcf	[MsgId: MMSG-17999]
    2023-06-17 20:25:43.042 : User is logged out of session	[MsgId: MMSG-17999]
  2023-06-17 20:27:39.595 : IterationNum=183	[MsgId: MMSG-17999]
   USER 183 = user61:pwd61	[MsgId: MMSG-17999]
    2023-06-17 20:27:39.685 : Start page is opened	[MsgId: MMSG-17999]
    2023-06-17 20:27:45.070 : User is logged in with session 136655.784447145HAcQcDVpQVcftcVHfpDQVtHf	[MsgId: MMSG-17999]
    2023-06-17 20:27:50.246 : User is logged out of session	[MsgId: MMSG-17999]
  2023-06-17 20:29:45.606 : IterationNum=184	[MsgId: MMSG-17999]
   USER 184 = user61:pwd61	[MsgId: MMSG-17999]
    2023-06-17 20:29:45.700 : Start page is opened	[MsgId: MMSG-17999]
    2023-06-17 20:29:51.561 : User is logged in with session 136655.794653706HAcQcDcptDHftcVHfpDQtzcf	[MsgId: MMSG-17999]
    2023-06-17 20:29:55.576 : User is logged out of session	[MsgId: MMSG-17999]
  2023-06-17 20:31:51.612 : IterationNum=185	[MsgId: MMSG-17999]
   USER 185 = user61:pwd61	[MsgId: MMSG-17999]
    2023-06-17 20:31:51.708 : Start page is opened	[MsgId: MMSG-17999]
    2023-06-17 20:31:55.806 : User is logged in with session 136655.804860267HAcQcDcpQzcftcVHfpDQHHHf	[MsgId: MMSG-17999]
    2023-06-17 20:32:00.216 : User is logged out of session	[MsgId: MMSG-17999]
  2023-06-17 20:33:57.619 : IterationNum=186	[MsgId: MMSG-17999]
   USER 186 = user61:pwd61	[MsgId: MMSG-17999]
    2023-06-17 20:33:57.714 : Start page is opened	[MsgId: MMSG-17999]
    2023-06-17 20:34:03.232 : User is logged in with session 136655.815066829HAcQcDDptiHftcVHfptAAQcf	[MsgId: MMSG-17999]
    2023-06-17 20:34:08.549 : User is logged out of session	[MsgId: MMSG-17999]
  2023-06-17 20:36:03.620 : IterationNum=187	[MsgId: MMSG-17999]
   USER 187 = user61:pwd61	[MsgId: MMSG-17999]
    2023-06-17 20:36:03.714 : Start page is opened	[MsgId: MMSG-17999]
    2023-06-17 20:36:10.044 : User is logged in with session 136655.82527339HAcQcDtpAVcftcVHfptAtAHf	[MsgId: MMSG-17999]
    2023-06-17 20:36:14.568 : User is logged out of session	[MsgId: MMSG-17999]
  2023-06-17 20:38:09.627 : IterationNum=188	[MsgId: MMSG-17999]
   USER 188 = user61:pwd61	[MsgId: MMSG-17999]
    2023-06-17 20:38:09.721 : Start page is opened	[MsgId: MMSG-17999]
    2023-06-17 20:38:15.570 : User is logged in with session 136655.835479951HAcQcDtpfDHftcVHfptAHccf	[MsgId: MMSG-17999]
    2023-06-17 20:38:19.934 : User is logged out of session	[MsgId: MMSG-17999]
  2023-06-17 20:40:15.637 : IterationNum=189	[MsgId: MMSG-17999]
   USER 189 = user61:pwd61	[MsgId: MMSG-17999]
    2023-06-17 20:40:15.729 : Start page is opened	[MsgId: MMSG-17999]
    2023-06-17 20:40:19.621 : User is logged in with session 136655.845686513HAcQcDfpAzcftcVHfptVADHf	[MsgId: MMSG-17999]
    2023-06-17 20:40:23.559 : User is logged out of session	[MsgId: MMSG-17999]
  2023-06-17 20:42:21.638 : IterationNum=190	[MsgId: MMSG-17999]
   USER 190 = user61:pwd61	[MsgId: MMSG-17999]
    2023-06-17 20:42:21.731 : Start page is opened	[MsgId: MMSG-17999]
    2023-06-17 20:42:26.659 : User is logged in with session 136655.855893074HAcQcDfpfiHftcVHfptVDfcf	[MsgId: MMSG-17999]
    2023-06-17 20:42:30.732 : User is logged out of session	[MsgId: MMSG-17999]
  2023-06-17 20:44:27.648 : IterationNum=191	[MsgId: MMSG-17999]
   USER 191 = user61:pwd61	[MsgId: MMSG-17999]
    2023-06-17 20:44:27.741 : Start page is opened	[MsgId: MMSG-17999]
    2023-06-17 20:44:32.056 : User is logged in with session 136655.866099635HAcQcDzpVVcftcVHfptVzzHf	[MsgId: MMSG-17999]
    2023-06-17 20:44:37.998 : User is logged out of session	[MsgId: MMSG-17999]
  2023-06-17 20:46:33.659 : IterationNum=192	[MsgId: MMSG-17999]
   USER 192 = user61:pwd61	[MsgId: MMSG-17999]
    2023-06-17 20:46:33.754 : Start page is opened	[MsgId: MMSG-17999]
    2023-06-17 20:46:40.082 : User is logged in with session 136655.876306197HAcQcDzpzDHftcVHfptVQicf	[MsgId: MMSG-17999]
    2023-06-17 20:46:45.816 : User is logged out of session	[MsgId: MMSG-17999]
  2023-06-17 20:48:39.663 : IterationNum=193	[MsgId: MMSG-17999]
   USER 193 = user61:pwd61	[MsgId: MMSG-17999]
    2023-06-17 20:48:39.757 : Start page is opened	[MsgId: MMSG-17999]
    2023-06-17 20:48:45.638 : User is logged in with session 136655.886512758HAcQcDHpVzcftcVHfptccQHf	[MsgId: MMSG-17999]
    2023-06-17 20:48:51.718 : User is logged out of session	[MsgId: MMSG-17999]
  2023-06-17 20:50:45.666 : IterationNum=194	[MsgId: MMSG-17999]
   USER 194 = user61:pwd61	[MsgId: MMSG-17999]
    2023-06-17 20:50:45.760 : Start page is opened	[MsgId: MMSG-17999]
    2023-06-17 20:50:50.265 : User is logged in with session 136655.89671932HAcQcDHpziHftcVHfptczVcf	[MsgId: MMSG-17999]
    2023-06-17 20:50:56.078 : User is logged out of session	[MsgId: MMSG-17999]
  2023-06-17 20:52:51.675 : IterationNum=195	[MsgId: MMSG-17999]
   USER 195 = user61:pwd61	[MsgId: MMSG-17999]
    2023-06-17 20:52:51.770 : Start page is opened	[MsgId: MMSG-17999]
    2023-06-17 20:52:57.960 : User is logged in with session 136655.906925881HAcQcDipcVcftcVHfptcQcHf	[MsgId: MMSG-17999]
    2023-06-17 20:53:03.394 : User is logged out of session	[MsgId: MMSG-17999]
  2023-06-17 20:54:57.686 : IterationNum=196	[MsgId: MMSG-17999]
   USER 196 = user61:pwd61	[MsgId: MMSG-17999]
    2023-06-17 20:54:57.780 : Start page is opened	[MsgId: MMSG-17999]
    2023-06-17 20:55:02.619 : User is logged in with session 136655.917132442HAcQcDipHDHftcVHfptDctcf	[MsgId: MMSG-17999]
    2023-06-17 20:55:08.920 : User is logged out of session	[MsgId: MMSG-17999]
  2023-06-17 20:57:03.702 : IterationNum=197	[MsgId: MMSG-17999]
   USER 197 = user61:pwd61	[MsgId: MMSG-17999]
    2023-06-17 20:57:03.796 : Start page is opened	[MsgId: MMSG-17999]
    2023-06-17 20:57:08.888 : User is logged in with session 136655.927339004HAcQcDQpczcftcVHfptDffHf	[MsgId: MMSG-17999]
    2023-06-17 20:57:14.548 : User is logged out of session	[MsgId: MMSG-17999]
  2023-06-17 20:59:09.707 : IterationNum=198	[MsgId: MMSG-17999]
   USER 198 = user61:pwd61	[MsgId: MMSG-17999]
    2023-06-17 20:59:09.800 : Start page is opened	[MsgId: MMSG-17999]
    2023-06-17 20:59:14.483 : User is logged in with session 136655.937545565HAcQcDQpHiHftcVHfptDiHcf	[MsgId: MMSG-17999]
    2023-06-17 20:59:19.325 : User is logged out of session	[MsgId: MMSG-17999]
  2023-06-17 21:01:15.709 : IterationNum=199	[MsgId: MMSG-17999]
   USER 199 = user61:pwd61	[MsgId: MMSG-17999]
    2023-06-17 21:01:15.804 : Start page is opened	[MsgId: MMSG-17999]
    2023-06-17 21:01:21.038 : User is logged in with session 136655.947752126HAcQctApDVcftcVHfpttViHf	[MsgId: MMSG-17999]
    2023-06-17 21:01:25.588 : User is logged out of session	[MsgId: MMSG-17999]
  2023-06-17 21:03:21.716 : IterationNum=200	[MsgId: MMSG-17999]
   USER 200 = user61:pwd61	[MsgId: MMSG-17999]
    2023-06-17 21:03:21.810 : Start page is opened	[MsgId: MMSG-17999]
    2023-06-17 21:03:28.028 : User is logged in with session 136655.957958688HAcQctApiDHftcVHfpttfAcf	[MsgId: MMSG-17999]
    2023-06-17 21:03:33.238 : User is logged out of session	[MsgId: MMSG-17999]
  2023-06-17 21:05:27.717 : IterationNum=201	[MsgId: MMSG-17999]
   USER 201 = user61:pwd61	[MsgId: MMSG-17999]
    2023-06-17 21:05:27.810 : Start page is opened	[MsgId: MMSG-17999]
    2023-06-17 21:05:33.085 : User is logged in with session 136655.968165249HAcQctVpDzcftcVHfpttiVHf	[MsgId: MMSG-17999]
    2023-06-17 21:05:38.148 : User is logged out of session	[MsgId: MMSG-17999]
  2023-06-17 21:07:33.722 : IterationNum=202	[MsgId: MMSG-17999]
   USER 202 = user61:pwd61	[MsgId: MMSG-17999]
    2023-06-17 21:07:33.817 : Start page is opened	[MsgId: MMSG-17999]
    2023-06-17 21:07:38.245 : User is logged in with session 136655.97837181HAcQctVpiiHftcVHfptfVDcf	[MsgId: MMSG-17999]
    2023-06-17 21:07:44.123 : User is logged out of session	[MsgId: MMSG-17999]
  2023-06-17 21:09:39.734 : IterationNum=203	[MsgId: MMSG-17999]
   USER 203 = user61:pwd61	[MsgId: MMSG-17999]
    2023-06-17 21:09:39.828 : Start page is opened	[MsgId: MMSG-17999]
    2023-06-17 21:09:44.016 : User is logged in with session 136655.988578372HAcQctcptVcftcVHfptfttHf	[MsgId: MMSG-17999]
    2023-06-17 21:09:48.043 : User is logged out of session	[MsgId: MMSG-17999]
  2023-06-17 21:11:45.747 : IterationNum=204	[MsgId: MMSG-17999]
   USER 204 = user61:pwd61	[MsgId: MMSG-17999]
    2023-06-17 21:11:45.841 : Start page is opened	[MsgId: MMSG-17999]
    2023-06-17 21:11:49.852 : User is logged in with session 136655.998784933HAcQctcpQDHftcVHfptfHzcf	[MsgId: MMSG-17999]
    2023-06-17 21:11:56.129 : User is logged out of session	[MsgId: MMSG-17999]
  2023-06-17 21:13:51.763 : IterationNum=205	[MsgId: MMSG-17999]
   USER 205 = user61:pwd61	[MsgId: MMSG-17999]
    2023-06-17 21:13:51.858 : Start page is opened	[MsgId: MMSG-17999]
    2023-06-17 21:13:56.205 : User is logged in with session 136656.008991495HAcQctDptzcftcVHfptzAHHf	[MsgId: MMSG-17999]
    2023-06-17 21:14:00.334 : User is logged out of session	[MsgId: MMSG-17999]
  2023-06-17 21:15:57.772 : IterationNum=206	[MsgId: MMSG-17999]
   USER 206 = user61:pwd61	[MsgId: MMSG-17999]
    2023-06-17 21:15:57.866 : Start page is opened	[MsgId: MMSG-17999]
    2023-06-17 21:16:03.420 : User is logged in with session 136656.019198056HAcQctDpQiHftcVHfptzDQcf	[MsgId: MMSG-17999]
    2023-06-17 21:16:09.326 : User is logged out of session	[MsgId: MMSG-17999]
  2023-06-17 21:18:03.786 : IterationNum=207	[MsgId: MMSG-17999]
   USER 207 = user61:pwd61	[MsgId: MMSG-17999]
    2023-06-17 21:18:03.879 : Start page is opened	[MsgId: MMSG-17999]
    2023-06-17 21:18:08.710 : User is logged in with session 136656.029404617HAcQcttpfVcftcVHfptzHAHf	[MsgId: MMSG-17999]
    2023-06-17 21:18:13.096 : User is logged out of session	[MsgId: MMSG-17999]
  2023-06-17 21:20:09.786 : IterationNum=208	[MsgId: MMSG-17999]
   USER 208 = user61:pwd61	[MsgId: MMSG-17999]
    2023-06-17 21:20:09.880 : Start page is opened	[MsgId: MMSG-17999]
    2023-06-17 21:20:15.886 : User is logged in with session 136656.039611179HAcQctfpADHftcVHfptHAccf	[MsgId: MMSG-17999]
    2023-06-17 21:20:20.943 : User is logged out of session	[MsgId: MMSG-17999]
  2023-06-17 21:22:15.789 : IterationNum=209	[MsgId: MMSG-17999]
   USER 209 = user61:pwd61	[MsgId: MMSG-17999]
    2023-06-17 21:22:15.882 : Start page is opened	[MsgId: MMSG-17999]
    2023-06-17 21:22:22.109 : User is logged in with session 136656.04981774HAcQctfpfzcftcVHfptHDDHf	[MsgId: MMSG-17999]
    2023-06-17 21:22:26.362 : User is logged out of session	[MsgId: MMSG-17999]
  2023-06-17 21:24:21.796 : IterationNum=210	[MsgId: MMSG-17999]
   USER 210 = user61:pwd61	[MsgId: MMSG-17999]
    2023-06-17 21:24:21.890 : Start page is opened	[MsgId: MMSG-17999]
    2023-06-17 21:24:27.319 : User is logged in with session 136656.060024301HAcQctzpAiHftcVHfptHzfcf	[MsgId: MMSG-17999]
    2023-06-17 21:24:33.385 : User is logged out of session	[MsgId: MMSG-17999]
  2023-06-17 21:26:27.810 : IterationNum=211	[MsgId: MMSG-17999]
   USER 211 = user61:pwd61	[MsgId: MMSG-17999]
    2023-06-17 21:26:27.905 : Start page is opened	[MsgId: MMSG-17999]
    2023-06-17 21:26:33.439 : User is logged in with session 136656.070230863HAcQctzpzVcftcVHfptHQzHf	[MsgId: MMSG-17999]
    2023-06-17 21:26:37.527 : User is logged out of session	[MsgId: MMSG-17999]
  2023-06-17 21:28:33.824 : IterationNum=212	[MsgId: MMSG-17999]
   USER 212 = user61:pwd61	[MsgId: MMSG-17999]
    2023-06-17 21:28:33.918 : Start page is opened	[MsgId: MMSG-17999]
    2023-06-17 21:28:38.904 : User is logged in with session 136656.080437424HAcQctHpVDHftcVHfpticicf	[MsgId: MMSG-17999]
    2023-06-17 21:28:44.836 : User is logged out of session	[MsgId: MMSG-17999]
  2023-06-17 21:30:39.836 : IterationNum=213	[MsgId: MMSG-17999]
   USER 213 = user61:pwd61	[MsgId: MMSG-17999]
    2023-06-17 21:30:39.931 : Start page is opened	[MsgId: MMSG-17999]
    2023-06-17 21:30:45.376 : User is logged in with session 136656.090643985HAcQctHpzzcftcVHfptifQHf	[MsgId: MMSG-17999]
    2023-06-17 21:30:51.486 : User is logged out of session	[MsgId: MMSG-17999]
  2023-06-17 21:32:45.844 : IterationNum=214	[MsgId: MMSG-17999]
   USER 214 = user61:pwd61	[MsgId: MMSG-17999]
    2023-06-17 21:32:45.939 : Start page is opened	[MsgId: MMSG-17999]
    2023-06-17 21:32:50.683 : User is logged in with session 136656.100850547HAcQctipViHftcVHfptiQVcf	[MsgId: MMSG-17999]
    2023-06-17 21:32:54.975 : User is logged out of session	[MsgId: MMSG-17999]
  2023-06-17 21:34:51.847 : IterationNum=215	[MsgId: MMSG-17999]
   USER 215 = user61:pwd61	[MsgId: MMSG-17999]
    2023-06-17 21:34:51.942 : Start page is opened	[MsgId: MMSG-17999]
    2023-06-17 21:34:57.569 : User is logged in with session 136656.111057108HAcQctipHVcftcVHfptQccHf	[MsgId: MMSG-17999]
    2023-06-17 21:35:03.462 : User is logged out of session	[MsgId: MMSG-17999]
  2023-06-17 21:36:57.848 : IterationNum=216	[MsgId: MMSG-17999]
   USER 216 = user61:pwd61	[MsgId: MMSG-17999]
    2023-06-17 21:36:57.943 : Start page is opened	[MsgId: MMSG-17999]
    2023-06-17 21:37:02.232 : User is logged in with session 136656.12126367HAcQctQpcDHftcVHfptQftcf	[MsgId: MMSG-17999]
    2023-06-17 21:37:07.135 : User is logged out of session	[MsgId: MMSG-17999]
  2023-06-17 21:39:03.857 : IterationNum=217	[MsgId: MMSG-17999]
   USER 217 = user61:pwd61	[MsgId: MMSG-17999]
    2023-06-17 21:39:03.949 : Start page is opened	[MsgId: MMSG-17999]
    2023-06-17 21:39:10.286 : User is logged in with session 136656.131470231HAcQctQpHzcftcVHfptQifHf	[MsgId: MMSG-17999]
    2023-06-17 21:39:16.586 : User is logged out of session	[MsgId: MMSG-17999]
  2023-06-17 21:41:09.858 : IterationNum=218	[MsgId: MMSG-17999]
   USER 218 = user61:pwd61	[MsgId: MMSG-17999]
    2023-06-17 21:41:09.953 : Start page is opened	[MsgId: MMSG-17999]
    2023-06-17 21:41:15.504 : User is logged in with session 136656.141676792HAcQcfApciHftcVHfpfAVHcf	[MsgId: MMSG-17999]
    2023-06-17 21:41:20.149 : User is logged out of session	[MsgId: MMSG-17999]
  2023-06-17 21:43:15.872 : IterationNum=219	[MsgId: MMSG-17999]
   USER 219 = user61:pwd61	[MsgId: MMSG-17999]
    2023-06-17 21:43:15.966 : Start page is opened	[MsgId: MMSG-17999]
    2023-06-17 21:43:19.856 : User is logged in with session 136656.151883354HAcQcfApiVcftcVHfpfAtiHf	[MsgId: MMSG-17999]
    2023-06-17 21:43:24.732 : User is logged out of session	[MsgId: MMSG-17999]
  2023-06-17 21:45:21.877 : IterationNum=220	[MsgId: MMSG-17999]
   USER 220 = user61:pwd61	[MsgId: MMSG-17999]
    2023-06-17 21:45:21.972 : Start page is opened	[MsgId: MMSG-17999]
    2023-06-17 21:45:25.950 : User is logged in with session 136656.162089915HAcQcfVpDDHftcVHfpfAiAcf	[MsgId: MMSG-17999]
    2023-06-17 21:45:30.385 : User is logged out of session	[MsgId: MMSG-17999]
  2023-06-17 21:47:27.887 : IterationNum=221	[MsgId: MMSG-17999]
   USER 221 = user61:pwd61	[MsgId: MMSG-17999]
    2023-06-17 21:47:27.982 : Start page is opened	[MsgId: MMSG-17999]
    2023-06-17 21:47:33.638 : User is logged in with session 136656.172296476HAcQcfVpizcftcVHfpfVVVHf	[MsgId: MMSG-17999]
    2023-06-17 21:47:37.828 : User is logged out of session	[MsgId: MMSG-17999]
  2023-06-17 21:49:33.895 : IterationNum=222	[MsgId: MMSG-17999]
   USER 222 = user61:pwd61	[MsgId: MMSG-17999]
    2023-06-17 21:49:33.989 : Start page is opened	[MsgId: MMSG-17999]
    2023-06-17 21:49:40.125 : User is logged in with session 136656.182503038HAcQcfcpDiHftcVHfpfVtDcf	[MsgId: MMSG-17999]
    2023-06-17 21:49:44.079 : User is logged out of session	[MsgId: MMSG-17999]
  2023-06-17 21:51:39.905 : IterationNum=223	[MsgId: MMSG-17999]
   USER 223 = user61:pwd61	[MsgId: MMSG-17999]
    2023-06-17 21:51:39.999 : Start page is opened	[MsgId: MMSG-17999]
    2023-06-17 21:51:45.937 : User is logged in with session 136656.192709599HAcQcfcpQVcftcVHfpfVHtHf	[MsgId: MMSG-17999]
    2023-06-17 21:51:49.887 : User is logged out of session	[MsgId: MMSG-17999]
  2023-06-17 21:53:45.911 : IterationNum=224	[MsgId: MMSG-17999]
   USER 224 = user61:pwd61	[MsgId: MMSG-17999]
    2023-06-17 21:53:46.005 : Start page is opened	[MsgId: MMSG-17999]
    2023-06-17 21:53:52.305 : User is logged in with session 136656.20291616HAcQcfDptDHftcVHfpfcAzcf	[MsgId: MMSG-17999]
    2023-06-17 21:53:57.801 : User is logged out of session	[MsgId: MMSG-17999]
  2023-06-17 21:55:51.923 : IterationNum=225	[MsgId: MMSG-17999]
   USER 225 = user61:pwd61	[MsgId: MMSG-17999]
    2023-06-17 21:55:52.016 : Start page is opened	[MsgId: MMSG-17999]
    2023-06-17 21:55:57.313 : User is logged in with session 136656.213122722HAcQcfDpQzcftcVHfpfcDHHf	[MsgId: MMSG-17999]
    2023-06-17 21:56:03.622 : User is logged out of session	[MsgId: MMSG-17999]
  2023-06-17 21:57:57.925 : IterationNum=226	[MsgId: MMSG-17999]
   USER 226 = user61:pwd61	[MsgId: MMSG-17999]
    2023-06-17 21:57:58.020 : Start page is opened	[MsgId: MMSG-17999]
    2023-06-17 21:58:02.360 : User is logged in with session 136656.223329283HAcQcftptiHftcVHfpfczQcf	[MsgId: MMSG-17999]
    2023-06-17 21:58:07.350 : User is logged out of session	[MsgId: MMSG-17999]
  2023-06-17 22:00:03.931 : IterationNum=227	[MsgId: MMSG-17999]
   USER 227 = user61:pwd61	[MsgId: MMSG-17999]
    2023-06-17 22:00:04.026 : Start page is opened	[MsgId: MMSG-17999]
    2023-06-17 22:00:09.336 : User is logged in with session 136656.233535844HAcQcffpAVcftcVHfpfDAAHf	[MsgId: MMSG-17999]
    2023-06-17 22:00:15.296 : User is logged out of session	[MsgId: MMSG-17999]
  2023-06-17 22:02:09.932 : IterationNum=228	[MsgId: MMSG-17999]
   USER 228 = user61:pwd61	[MsgId: MMSG-17999]
    2023-06-17 22:02:10.025 : Start page is opened	[MsgId: MMSG-17999]
    2023-06-17 22:02:15.339 : User is logged in with session 136656.243742406HAcQcffpfDHftcVHfpfDDccf	[MsgId: MMSG-17999]
    2023-06-17 22:02:21.606 : User is logged out of session	[MsgId: MMSG-17999]
  2023-06-17 22:04:15.938 : IterationNum=229	[MsgId: MMSG-17999]
   USER 229 = user61:pwd61	[MsgId: MMSG-17999]
    2023-06-17 22:04:16.033 : Start page is opened	[MsgId: MMSG-17999]
    2023-06-17 22:04:20.378 : User is logged in with session 136656.253948967HAcQcfzpAzcftcVHfpfDzDHf	[MsgId: MMSG-17999]
    2023-06-17 22:04:25.819 : User is logged out of session	[MsgId: MMSG-17999]
  2023-06-17 22:06:21.942 : IterationNum=230	[MsgId: MMSG-17999]
   USER 230 = user61:pwd61	[MsgId: MMSG-17999]
    2023-06-17 22:06:22.035 : Start page is opened	[MsgId: MMSG-17999]
    2023-06-17 22:06:25.993 : User is logged in with session 136656.264155529HAcQcfzpfiHftcVHfpfDQfcf	[MsgId: MMSG-17999]
    2023-06-17 22:06:31.694 : User is logged out of session	[MsgId: MMSG-17999]
  2023-06-17 22:08:27.948 : IterationNum=231	[MsgId: MMSG-17999]
   USER 231 = user61:pwd61	[MsgId: MMSG-17999]
    2023-06-17 22:08:28.042 : Start page is opened	[MsgId: MMSG-17999]
    2023-06-17 22:08:34.208 : User is logged in with session 136656.27436209HAcQcfHpVVcftcVHfpftczHf	[MsgId: MMSG-17999]
    2023-06-17 22:08:39.895 : User is logged out of session	[MsgId: MMSG-17999]
  2023-06-17 22:10:33.955 : IterationNum=232	[MsgId: MMSG-17999]
   USER 232 = user61:pwd61	[MsgId: MMSG-17999]
    2023-06-17 22:10:34.050 : Start page is opened	[MsgId: MMSG-17999]
    2023-06-17 22:10:38.823 : User is logged in with session 136656.284568651HAcQcfHpzDHftcVHfpftficf	[MsgId: MMSG-17999]
    2023-06-17 22:10:43.540 : User is logged out of session	[MsgId: MMSG-17999]
  2023-06-17 22:12:39.968 : IterationNum=233	[MsgId: MMSG-17999]
   USER 233 = user61:pwd61	[MsgId: MMSG-17999]
    2023-06-17 22:12:40.063 : Start page is opened	[MsgId: MMSG-17999]
    2023-06-17 22:12:45.258 : User is logged in with session 136656.294775213HAcQcfipVzcftcVHfpftiQHf	[MsgId: MMSG-17999]
    2023-06-17 22:12:49.360 : User is logged out of session	[MsgId: MMSG-17999]
  2023-06-17 22:14:45.981 : IterationNum=234	[MsgId: MMSG-17999]
   USER 234 = user61:pwd61	[MsgId: MMSG-17999]
    2023-06-17 22:14:46.074 : Start page is opened	[MsgId: MMSG-17999]
    2023-06-17 22:14:50.905 : User is logged in with session 136656.305062778HAcQcfipzQVzzzzHtcVHfpffcVf	[MsgId: MMSG-17999]
    2023-06-17 22:14:56.316 : User is logged out of session	[MsgId: MMSG-17999]
  2023-06-17 22:16:51.982 : IterationNum=235	[MsgId: MMSG-17999]
   USER 235 = user61:pwd61	[MsgId: MMSG-17999]
    2023-06-17 22:16:52.076 : Start page is opened	[MsgId: MMSG-17999]
    2023-06-17 22:16:58.070 : User is logged in with session 136656.31526934HAcQcfQpcVzzzzzHtcVHfpfffD	[MsgId: MMSG-17999]
    2023-06-17 22:17:02.091 : User is logged out of session	[MsgId: MMSG-17999]
  2023-06-17 22:18:57.991 : IterationNum=236	[MsgId: MMSG-17999]
   USER 236 = user61:pwd61	[MsgId: MMSG-17999]
    2023-06-17 22:18:58.084 : Start page is opened	[MsgId: MMSG-17999]
    2023-06-17 22:19:04.066 : User is logged in with session 136656.325475901HAcQcfQpHtVzzzzHtcVHfpffitf	[MsgId: MMSG-17999]
    2023-06-17 22:19:10.154 : User is logged out of session	[MsgId: MMSG-17999]
  2023-06-17 22:21:04.000 : IterationNum=237	[MsgId: MMSG-17999]
   USER 237 = user61:pwd61	[MsgId: MMSG-17999]
    2023-06-17 22:21:04.094 : Start page is opened	[MsgId: MMSG-17999]
    2023-06-17 22:21:10.282 : User is logged in with session 136656.335682463HAcQczApczzzzzzHtcVHfpfzVz	[MsgId: MMSG-17999]
    2023-06-17 22:21:16.520 : User is logged out of session	[MsgId: MMSG-17999]
