  2023-06-17 14:06:56.051 : IterationNum=1	[MsgId: MMSG-17999]
   USER 1 = user70:pwd70	[MsgId: MMSG-17999]
    2023-06-17 14:06:56.138 : Start page is opened	[MsgId: MMSG-17999]
    2023-06-17 14:07:00.353 : User is logged in with session 136653.934062373HAcQVDzpHDDDDDDDtcVHtpicAt	[MsgId: MMSG-17999]
    2023-06-17 14:07:04.878 : User is logged out of session	[MsgId: MMSG-17999]
  2023-06-17 14:09:02.066 : IterationNum=2	[MsgId: MMSG-17999]
   USER 2 = user70:pwd70	[MsgId: MMSG-17999]
    2023-06-17 14:09:02.160 : Start page is opened	[MsgId: MMSG-17999]
    2023-06-17 14:09:07.610 : User is logged in with session 136653.944268935HAcQVDHpcfiDDDDDtcVHtpicDff	[MsgId: MMSG-17999]
    2023-06-17 14:09:11.699 : User is logged out of session	[MsgId: MMSG-17999]
  2023-06-17 14:11:08.070 : IterationNum=3	[MsgId: MMSG-17999]
   USER 3 = user70:pwd70	[MsgId: MMSG-17999]
    2023-06-17 14:11:08.164 : Start page is opened	[MsgId: MMSG-17999]
    2023-06-17 14:11:14.044 : User is logged in with session 136653.954475496HAcQVDHpHiDDDDDDtcVHtpiczH	[MsgId: MMSG-17999]
    2023-06-17 14:11:18.873 : User is logged out of session	[MsgId: MMSG-17999]
  2023-06-17 14:13:14.080 : IterationNum=4	[MsgId: MMSG-17999]
   USER 4 = user70:pwd70	[MsgId: MMSG-17999]
    2023-06-17 14:13:14.174 : Start page is opened	[MsgId: MMSG-17999]
    2023-06-17 14:13:19.122 : User is logged in with session 136653.964682058HAcQVDipDAiDDDDDtcVHtpicQif	[MsgId: MMSG-17999]
    2023-06-17 14:13:24.128 : User is logged out of session	[MsgId: MMSG-17999]
  2023-06-17 14:15:20.092 : IterationNum=5	[MsgId: MMSG-17999]
   USER 5 = user70:pwd70	[MsgId: MMSG-17999]
    2023-06-17 14:15:20.187 : Start page is opened	[MsgId: MMSG-17999]
    2023-06-17 14:15:26.358 : User is logged in with session 136653.974888619HAcQVDipiDDDDDDDtcVHtpiDD	[MsgId: MMSG-17999]
    2023-06-17 14:15:31.664 : User is logged out of session	[MsgId: MMSG-17999]
  2023-06-17 14:17:26.106 : IterationNum=6	[MsgId: MMSG-17999]
   USER 6 = user70:pwd70	[MsgId: MMSG-17999]
    2023-06-17 14:17:26.200 : Start page is opened	[MsgId: MMSG-17999]
    2023-06-17 14:17:31.180 : User is logged in with session 136653.98509518HAcQVDQpDfiDDDDDtcVHtpiDzVf	[MsgId: MMSG-17999]
    2023-06-17 14:17:35.244 : User is logged out of session	[MsgId: MMSG-17999]
  2023-06-17 14:19:32.110 : IterationNum=7	[MsgId: MMSG-17999]
   USER 7 = user70:pwd70	[MsgId: MMSG-17999]
    2023-06-17 14:19:32.204 : Start page is opened	[MsgId: MMSG-17999]
    2023-06-17 14:19:38.379 : User is logged in with session 136653.995301742HAcQVDQpiiDDDDDDtcVHtpiDQD	[MsgId: MMSG-17999]
    2023-06-17 14:19:43.066 : User is logged out of session	[MsgId: MMSG-17999]
  2023-06-17 14:21:38.121 : IterationNum=8	[MsgId: MMSG-17999]
   USER 8 = user70:pwd70	[MsgId: MMSG-17999]
    2023-06-17 14:21:38.215 : Start page is opened	[MsgId: MMSG-17999]
    2023-06-17 14:21:44.574 : User is logged in with session 136654.005508303HAcQVtAptAiDDDDDtcVHtpitctf	[MsgId: MMSG-17999]
    2023-06-17 14:21:48.938 : User is logged out of session	[MsgId: MMSG-17999]
  2023-06-17 14:23:44.123 : IterationNum=9	[MsgId: MMSG-17999]
   USER 9 = user70:pwd70	[MsgId: MMSG-17999]
    2023-06-17 14:23:44.218 : Start page is opened	[MsgId: MMSG-17999]
    2023-06-17 14:23:49.877 : User is logged in with session 136654.015714864HAcQVtApQDDDDDDDtcVHtpitfz	[MsgId: MMSG-17999]
    2023-06-17 14:23:53.975 : User is logged out of session	[MsgId: MMSG-17999]
  2023-06-17 14:25:50.136 : IterationNum=10	[MsgId: MMSG-17999]
   USER 10 = user70:pwd70	[MsgId: MMSG-17999]
    2023-06-17 14:25:50.231 : Start page is opened	[MsgId: MMSG-17999]
    2023-06-17 14:25:54.261 : User is logged in with session 136654.025921426HAcQVtVptfiDDDDDtcVHtpitiHf	[MsgId: MMSG-17999]
    2023-06-17 14:25:59.869 : User is logged out of session	[MsgId: MMSG-17999]
  2023-06-17 14:27:56.145 : IterationNum=11	[MsgId: MMSG-17999]
   USER 11 = user70:pwd70	[MsgId: MMSG-17999]
    2023-06-17 14:27:56.240 : Start page is opened	[MsgId: MMSG-17999]
    2023-06-17 14:28:02.173 : User is logged in with session 136654.036127987HAcQVtVpQiDDDDDDtcVHtpifVQ	[MsgId: MMSG-17999]
    2023-06-17 14:28:06.771 : User is logged out of session	[MsgId: MMSG-17999]
  2023-06-17 14:30:02.158 : IterationNum=12	[MsgId: MMSG-17999]
   USER 12 = user70:pwd70	[MsgId: MMSG-17999]
    2023-06-17 14:30:02.252 : Start page is opened	[MsgId: MMSG-17999]
    2023-06-17 14:30:08.041 : User is logged in with session 136654.046334548HAcQVtcpfAiDDDDDtcVHtpiffAf	[MsgId: MMSG-17999]
    2023-06-17 14:30:12.499 : User is logged out of session	[MsgId: MMSG-17999]
  2023-06-17 14:32:08.169 : IterationNum=13	[MsgId: MMSG-17999]
   USER 13 = user70:pwd70	[MsgId: MMSG-17999]
    2023-06-17 14:32:08.262 : Start page is opened	[MsgId: MMSG-17999]
    2023-06-17 14:32:14.557 : User is logged in with session 136654.05654111HAcQVtDpADDDDDDDtcVHtpific	[MsgId: MMSG-17999]
    2023-06-17 14:32:18.796 : User is logged out of session	[MsgId: MMSG-17999]
  2023-06-17 14:34:14.172 : IterationNum=14	[MsgId: MMSG-17999]
   USER 14 = user70:pwd70	[MsgId: MMSG-17999]
    2023-06-17 14:34:14.265 : Start page is opened	[MsgId: MMSG-17999]
    2023-06-17 14:34:20.421 : User is logged in with session 136654.066747671HAcQVtDpffiDDDDDtcVHtpizVDf	[MsgId: MMSG-17999]
    2023-06-17 14:34:24.745 : User is logged out of session	[MsgId: MMSG-17999]
  2023-06-17 14:36:20.185 : IterationNum=15	[MsgId: MMSG-17999]
   USER 15 = user70:pwd70	[MsgId: MMSG-17999]
    2023-06-17 14:36:20.280 : Start page is opened	[MsgId: MMSG-17999]
    2023-06-17 14:36:25.888 : User is logged in with session 136654.076954232HAcQVttpAiDDDDDDtcVHtpiztf	[MsgId: MMSG-17999]
    2023-06-17 14:36:30.451 : User is logged out of session	[MsgId: MMSG-17999]
  2023-06-17 14:38:26.188 : IterationNum=16	[MsgId: MMSG-17999]
   USER 16 = user70:pwd70	[MsgId: MMSG-17999]
    2023-06-17 14:38:26.282 : Start page is opened	[MsgId: MMSG-17999]
    2023-06-17 14:38:32.371 : User is logged in with session 136654.087160794HAcQVttpzAiDDDDDtcVHtpizHzf	[MsgId: MMSG-17999]
    2023-06-17 14:38:38.360 : User is logged out of session	[MsgId: MMSG-17999]
  2023-06-17 14:40:32.195 : IterationNum=17	[MsgId: MMSG-17999]
   USER 17 = user70:pwd70	[MsgId: MMSG-17999]
    2023-06-17 14:40:32.290 : Start page is opened	[MsgId: MMSG-17999]
    2023-06-17 14:40:36.666 : User is logged in with session 136654.097367355HAcQVtfpVDDDDDDDtcVHtpiHAi	[MsgId: MMSG-17999]
    2023-06-17 14:40:42.732 : User is logged out of session	[MsgId: MMSG-17999]
  2023-06-17 14:42:38.200 : IterationNum=18	[MsgId: MMSG-17999]
   USER 18 = user70:pwd70	[MsgId: MMSG-17999]
    2023-06-17 14:42:38.294 : Start page is opened	[MsgId: MMSG-17999]
    2023-06-17 14:42:42.364 : User is logged in with session 136654.107573917HAcQVtfpzfiDDDDDtcVHtpiHDQf	[MsgId: MMSG-17999]
    2023-06-17 14:42:47.453 : User is logged out of session	[MsgId: MMSG-17999]
  2023-06-17 14:44:44.214 : IterationNum=19	[MsgId: MMSG-17999]
   USER 19 = user70:pwd70	[MsgId: MMSG-17999]
    2023-06-17 14:44:44.308 : Start page is opened	[MsgId: MMSG-17999]
    2023-06-17 14:44:50.307 : User is logged in with session 136654.117780478HAcQVtzpViDDDDDDtcVHtpiHHV	[MsgId: MMSG-17999]
    2023-06-17 14:44:55.924 : User is logged out of session	[MsgId: MMSG-17999]
  2023-06-17 14:46:50.216 : IterationNum=20	[MsgId: MMSG-17999]
   USER 20 = user70:pwd70	[MsgId: MMSG-17999]
    2023-06-17 14:46:50.310 : Start page is opened	[MsgId: MMSG-17999]
    2023-06-17 14:46:55.390 : User is logged in with session 136654.127987039HAcQVtzpHAiDDDDDtcVHtpiiAcf	[MsgId: MMSG-17999]
    2023-06-17 14:47:00.684 : User is logged out of session	[MsgId: MMSG-17999]
  2023-06-17 14:48:56.224 : IterationNum=21	[MsgId: MMSG-17999]
   USER 21 = user70:pwd70	[MsgId: MMSG-17999]
    2023-06-17 14:48:56.318 : Start page is opened	[MsgId: MMSG-17999]
    2023-06-17 14:49:02.074 : User is logged in with session 136654.138193601HAcQVtHpcDDDDDDDtcVHtpiiDt	[MsgId: MMSG-17999]
    2023-06-17 14:49:07.773 : User is logged out of session	[MsgId: MMSG-17999]
  2023-06-17 14:51:02.234 : IterationNum=22	[MsgId: MMSG-17999]
   USER 22 = user70:pwd70	[MsgId: MMSG-17999]
    2023-06-17 14:51:02.328 : Start page is opened	[MsgId: MMSG-17999]
    2023-06-17 14:51:07.033 : User is logged in with session 136654.148400162HAcQVtHpHfiDDDDDtcVHtpiizff	[MsgId: MMSG-17999]
    2023-06-17 14:51:13.359 : User is logged out of session	[MsgId: MMSG-17999]
  2023-06-17 14:53:08.234 : IterationNum=23	[MsgId: MMSG-17999]
   USER 23 = user70:pwd70	[MsgId: MMSG-17999]
    2023-06-17 14:53:08.328 : Start page is opened	[MsgId: MMSG-17999]
    2023-06-17 14:53:13.925 : User is logged in with session 136654.158606723HAcQVtipciDDDDDDtcVHtpiiQH	[MsgId: MMSG-17999]
    2023-06-17 14:53:18.342 : User is logged out of session	[MsgId: MMSG-17999]
  2023-06-17 14:55:14.247 : IterationNum=24	[MsgId: MMSG-17999]
   USER 24 = user70:pwd70	[MsgId: MMSG-17999]
    2023-06-17 14:55:14.342 : Start page is opened	[MsgId: MMSG-17999]
    2023-06-17 14:55:18.864 : User is logged in with session 136654.168813285HAcQVtipiAiDDDDDtcVHtpiQcif	[MsgId: MMSG-17999]
    2023-06-17 14:55:24.029 : User is logged out of session	[MsgId: MMSG-17999]
  2023-06-17 14:57:20.262 : IterationNum=25	[MsgId: MMSG-17999]
   USER 25 = user70:pwd70	[MsgId: MMSG-17999]
    2023-06-17 14:57:20.357 : Start page is opened	[MsgId: MMSG-17999]
    2023-06-17 14:57:25.068 : User is logged in with session 136654.179019846HAcQVtQpDDDDDDDDtcVHtpiQz	[MsgId: MMSG-17999]
    2023-06-17 14:57:30.577 : User is logged out of session	[MsgId: MMSG-17999]
  2023-06-17 14:59:26.274 : IterationNum=26	[MsgId: MMSG-17999]
   USER 26 = user70:pwd70	[MsgId: MMSG-17999]
    2023-06-17 14:59:26.369 : Start page is opened	[MsgId: MMSG-17999]
    2023-06-17 14:59:30.943 : User is logged in with session 136654.189226407HAcQVtQpifiDDDDDtcVHtpiQQVf	[MsgId: MMSG-17999]
    2023-06-17 14:59:36.514 : User is logged out of session	[MsgId: MMSG-17999]
  2023-06-17 15:01:32.277 : IterationNum=27	[MsgId: MMSG-17999]
   USER 27 = user70:pwd70	[MsgId: MMSG-17999]
    2023-06-17 15:01:32.371 : Start page is opened	[MsgId: MMSG-17999]
    2023-06-17 15:01:37.452 : User is logged in with session 136654.199432969HAcQVfApDiDDDDDDtcVHtpQAcD	[MsgId: MMSG-17999]
    2023-06-17 15:01:42.820 : User is logged out of session	[MsgId: MMSG-17999]
  2023-06-17 15:03:38.280 : IterationNum=28	[MsgId: MMSG-17999]
   USER 28 = user70:pwd70	[MsgId: MMSG-17999]
    2023-06-17 15:03:38.374 : Start page is opened	[MsgId: MMSG-17999]
    2023-06-17 15:03:43.509 : User is logged in with session 136654.20963953HAcQVfApQAiDDDDDtcVHtpQAftf	[MsgId: MMSG-17999]
    2023-06-17 15:03:49.432 : User is logged out of session	[MsgId: MMSG-17999]
  2023-06-17 15:05:44.293 : IterationNum=29	[MsgId: MMSG-17999]
   USER 29 = user70:pwd70	[MsgId: MMSG-17999]
    2023-06-17 15:05:44.388 : Start page is opened	[MsgId: MMSG-17999]
    2023-06-17 15:05:49.741 : User is logged in with session 136654.219846092HAcQVfVptDDDDDDDtcVHtpQAiz	[MsgId: MMSG-17999]
    2023-06-17 15:05:55.910 : User is logged out of session	[MsgId: MMSG-17999]
  2023-06-17 15:07:50.300 : IterationNum=30	[MsgId: MMSG-17999]
   USER 30 = user70:pwd70	[MsgId: MMSG-17999]
    2023-06-17 15:07:50.394 : Start page is opened	[MsgId: MMSG-17999]
    2023-06-17 15:07:55.608 : User is logged in with session 136654.230052653HAcQVfVpQfiDDDDDtcVHtpQVVHf	[MsgId: MMSG-17999]
    2023-06-17 15:08:00.799 : User is logged out of session	[MsgId: MMSG-17999]
  2023-06-17 15:09:56.312 : IterationNum=31	[MsgId: MMSG-17999]
   USER 31 = user70:pwd70	[MsgId: MMSG-17999]
    2023-06-17 15:09:56.407 : Start page is opened	[MsgId: MMSG-17999]
    2023-06-17 15:10:01.054 : User is logged in with session 136654.240259214HAcQVfcptiDDDDDDtcVHtpQVtQ	[MsgId: MMSG-17999]
    2023-06-17 15:10:05.029 : User is logged out of session	[MsgId: MMSG-17999]
  2023-06-17 15:12:02.314 : IterationNum=32	[MsgId: MMSG-17999]
   USER 32 = user70:pwd70	[MsgId: MMSG-17999]
    2023-06-17 15:12:02.409 : Start page is opened	[MsgId: MMSG-17999]
    2023-06-17 15:12:06.858 : User is logged in with session 136654.250465776HAcQVfDpAAiDDDDDtcVHtpQViAf	[MsgId: MMSG-17999]
    2023-06-17 15:12:12.112 : User is logged out of session	[MsgId: MMSG-17999]
  2023-06-17 15:14:08.325 : IterationNum=33	[MsgId: MMSG-17999]
   USER 33 = user70:pwd70	[MsgId: MMSG-17999]
    2023-06-17 15:14:08.419 : Start page is opened	[MsgId: MMSG-17999]
    2023-06-17 15:14:14.282 : User is logged in with session 136654.260672337HAcQVfDpfDDDDDDDtcVHtpQcVc	[MsgId: MMSG-17999]
    2023-06-17 15:14:18.864 : User is logged out of session	[MsgId: MMSG-17999]
  2023-06-17 15:16:14.337 : IterationNum=34	[MsgId: MMSG-17999]
   USER 34 = user70:pwd70	[MsgId: MMSG-17999]
    2023-06-17 15:16:14.430 : Start page is opened	[MsgId: MMSG-17999]
    2023-06-17 15:16:19.702 : User is logged in with session 136654.270878898HAcQVftpAfiDDDDDtcVHtpQctDf	[MsgId: MMSG-17999]
    2023-06-17 15:16:24.122 : User is logged out of session	[MsgId: MMSG-17999]
  2023-06-17 15:18:20.344 : IterationNum=35	[MsgId: MMSG-17999]
   USER 35 = user70:pwd70	[MsgId: MMSG-17999]
    2023-06-17 15:18:20.438 : Start page is opened	[MsgId: MMSG-17999]
    2023-06-17 15:18:25.026 : User is logged in with session 136654.28108546HAcQVftpfiDDDDDDtcVHtpQcHf	[MsgId: MMSG-17999]
    2023-06-17 15:18:30.889 : User is logged out of session	[MsgId: MMSG-17999]
  2023-06-17 15:20:26.352 : IterationNum=36	[MsgId: MMSG-17999]
   USER 36 = user70:pwd70	[MsgId: MMSG-17999]
    2023-06-17 15:20:26.445 : Start page is opened	[MsgId: MMSG-17999]
    2023-06-17 15:20:30.874 : User is logged in with session 136654.291292021HAcQVffpVAiDDDDDtcVHtpQDAzf	[MsgId: MMSG-17999]
    2023-06-17 15:20:37.172 : User is logged out of session	[MsgId: MMSG-17999]
  2023-06-17 15:22:32.359 : IterationNum=37	[MsgId: MMSG-17999]
   USER 37 = user70:pwd70	[MsgId: MMSG-17999]
    2023-06-17 15:22:32.453 : Start page is opened	[MsgId: MMSG-17999]
    2023-06-17 15:22:37.450 : User is logged in with session 136654.301498582HAcQVffpzDDDDDDDtcVHtpQDDi	[MsgId: MMSG-17999]
    2023-06-17 15:22:43.093 : User is logged out of session	[MsgId: MMSG-17999]
  2023-06-17 15:24:38.373 : IterationNum=38	[MsgId: MMSG-17999]
   USER 38 = user70:pwd70	[MsgId: MMSG-17999]
    2023-06-17 15:24:38.468 : Start page is opened	[MsgId: MMSG-17999]
    2023-06-17 15:24:42.860 : User is logged in with session 136654.311705144HAcQVfzpVfiDDDDDtcVHtpQDzQf	[MsgId: MMSG-17999]
    2023-06-17 15:24:48.905 : User is logged out of session	[MsgId: MMSG-17999]
  2023-06-17 15:26:44.378 : IterationNum=39	[MsgId: MMSG-17999]
   USER 39 = user70:pwd70	[MsgId: MMSG-17999]
    2023-06-17 15:26:44.472 : Start page is opened	[MsgId: MMSG-17999]
    2023-06-17 15:26:50.645 : User is logged in with session 136654.321911705HAcQVfzpziDDDDDDtcVHtpQtAV	[MsgId: MMSG-17999]
    2023-06-17 15:26:56.195 : User is logged out of session	[MsgId: MMSG-17999]
  2023-06-17 15:28:50.382 : IterationNum=40	[MsgId: MMSG-17999]
   USER 40 = user70:pwd70	[MsgId: MMSG-17999]
    2023-06-17 15:28:50.477 : Start page is opened	[MsgId: MMSG-17999]
    2023-06-17 15:28:56.322 : User is logged in with session 136654.332118266HAcQVfHpcAiDDDDDtcVHtpQtDcf	[MsgId: MMSG-17999]
    2023-06-17 15:29:01.846 : User is logged out of session	[MsgId: MMSG-17999]
  2023-06-17 15:30:56.385 : IterationNum=41	[MsgId: MMSG-17999]
   USER 41 = user70:pwd70	[MsgId: MMSG-17999]
    2023-06-17 15:30:56.480 : Start page is opened	[MsgId: MMSG-17999]
    2023-06-17 15:31:00.991 : User is logged in with session 136654.342324828HAcQVfHpHDDDDDDDtcVHtpQtzt	[MsgId: MMSG-17999]
    2023-06-17 15:31:06.594 : User is logged out of session	[MsgId: MMSG-17999]
  2023-06-17 15:33:02.390 : IterationNum=42	[MsgId: MMSG-17999]
   USER 42 = user70:pwd70	[MsgId: MMSG-17999]
    2023-06-17 15:33:02.485 : Start page is opened	[MsgId: MMSG-17999]
    2023-06-17 15:33:07.501 : User is logged in with session 136654.352531389HAcQVfipcfiDDDDDtcVHtpQtQff	[MsgId: MMSG-17999]
    2023-06-17 15:33:13.388 : User is logged out of session	[MsgId: MMSG-17999]
  2023-06-17 15:35:08.396 : IterationNum=43	[MsgId: MMSG-17999]
   USER 43 = user70:pwd70	[MsgId: MMSG-17999]
    2023-06-17 15:35:08.489 : Start page is opened	[MsgId: MMSG-17999]
    2023-06-17 15:35:14.714 : User is logged in with session 136654.362737951HAcQVfipHiDDDDDDtcVHtpQfcH	[MsgId: MMSG-17999]
    2023-06-17 15:35:18.810 : User is logged out of session	[MsgId: MMSG-17999]
  2023-06-17 15:37:14.403 : IterationNum=44	[MsgId: MMSG-17999]
   USER 44 = user70:pwd70	[MsgId: MMSG-17999]
    2023-06-17 15:37:14.498 : Start page is opened	[MsgId: MMSG-17999]
    2023-06-17 15:37:20.635 : User is logged in with session 136654.372944512HAcQVfQpDAiDDDDDtcVHtpQffif	[MsgId: MMSG-17999]
    2023-06-17 15:37:25.735 : User is logged out of session	[MsgId: MMSG-17999]
  2023-06-17 15:39:20.404 : IterationNum=45	[MsgId: MMSG-17999]
   USER 45 = user70:pwd70	[MsgId: MMSG-17999]
    2023-06-17 15:39:20.498 : Start page is opened	[MsgId: MMSG-17999]
    2023-06-17 15:39:26.856 : User is logged in with session 136654.383151073HAcQVfQpiDDDDDDDtcVHtpQfQ	[MsgId: MMSG-17999]
    2023-06-17 15:39:32.655 : User is logged out of session	[MsgId: MMSG-17999]
  2023-06-17 15:41:26.408 : IterationNum=46	[MsgId: MMSG-17999]
   USER 46 = user70:pwd70	[MsgId: MMSG-17999]
    2023-06-17 15:41:26.504 : Start page is opened	[MsgId: MMSG-17999]
    2023-06-17 15:41:31.792 : User is logged in with session 136654.393357635HAcQVzApDfiDDDDDtcVHtpQzcVf	[MsgId: MMSG-17999]
    2023-06-17 15:41:37.532 : User is logged out of session	[MsgId: MMSG-17999]
  2023-06-17 15:43:32.423 : IterationNum=47	[MsgId: MMSG-17999]
   USER 47 = user70:pwd70	[MsgId: MMSG-17999]
    2023-06-17 15:43:32.516 : Start page is opened	[MsgId: MMSG-17999]
    2023-06-17 15:43:37.778 : User is logged in with session 136654.403564196HAcQVzApiiDDDDDDtcVHtpQzfD	[MsgId: MMSG-17999]
    2023-06-17 15:43:43.608 : User is logged out of session	[MsgId: MMSG-17999]
  2023-06-17 15:45:38.428 : IterationNum=48	[MsgId: MMSG-17999]
   USER 48 = user70:pwd70	[MsgId: MMSG-17999]
    2023-06-17 15:45:38.522 : Start page is opened	[MsgId: MMSG-17999]
    2023-06-17 15:45:43.012 : User is logged in with session 136654.413770757HAcQVzVptAiDDDDDtcVHtpQzitf	[MsgId: MMSG-17999]
    2023-06-17 15:45:47.652 : User is logged out of session	[MsgId: MMSG-17999]
  2023-06-17 15:47:44.437 : IterationNum=49	[MsgId: MMSG-17999]
   USER 49 = user70:pwd70	[MsgId: MMSG-17999]
    2023-06-17 15:47:44.531 : Start page is opened	[MsgId: MMSG-17999]
    2023-06-17 15:47:49.784 : User is logged in with session 136654.423977319HAcQVzVpQDDDDDDDtcVHtpQHVz	[MsgId: MMSG-17999]
    2023-06-17 15:47:54.342 : User is logged out of session	[MsgId: MMSG-17999]
  2023-06-17 15:49:50.450 : IterationNum=50	[MsgId: MMSG-17999]
   USER 50 = user70:pwd70	[MsgId: MMSG-17999]
    2023-06-17 15:49:50.545 : Start page is opened	[MsgId: MMSG-17999]
    2023-06-17 15:49:54.568 : User is logged in with session 136654.43418388HAcQVzcptfiDDDDDtcVHtpQHtHf	[MsgId: MMSG-17999]
    2023-06-17 15:49:59.043 : User is logged out of session	[MsgId: MMSG-17999]
  2023-06-17 15:51:56.454 : IterationNum=51	[MsgId: MMSG-17999]
   USER 51 = user70:pwd70	[MsgId: MMSG-17999]
    2023-06-17 15:51:56.549 : Start page is opened	[MsgId: MMSG-17999]
    2023-06-17 15:52:02.708 : User is logged in with session 136654.444390441HAcQVzcpQiDDDDDDtcVHtpQHHQ	[MsgId: MMSG-17999]
    2023-06-17 15:52:07.202 : User is logged out of session	[MsgId: MMSG-17999]
  2023-06-17 15:54:02.462 : IterationNum=52	[MsgId: MMSG-17999]
   USER 52 = user70:pwd70	[MsgId: MMSG-17999]
    2023-06-17 15:54:02.555 : Start page is opened	[MsgId: MMSG-17999]
    2023-06-17 15:54:08.142 : User is logged in with session 136654.454597003HAcQVzDpfAiDDDDDtcVHtpQiVAf	[MsgId: MMSG-17999]
    2023-06-17 15:54:12.711 : User is logged out of session	[MsgId: MMSG-17999]
  2023-06-17 15:56:08.474 : IterationNum=53	[MsgId: MMSG-17999]
   USER 53 = user70:pwd70	[MsgId: MMSG-17999]
    2023-06-17 15:56:08.567 : Start page is opened	[MsgId: MMSG-17999]
    2023-06-17 15:56:13.449 : User is logged in with session 136654.464803564HAcQVztpADDDDDDDtcVHtpQitc	[MsgId: MMSG-17999]
    2023-06-17 15:56:17.953 : User is logged out of session	[MsgId: MMSG-17999]
  2023-06-17 15:58:14.479 : IterationNum=54	[MsgId: MMSG-17999]
   USER 54 = user70:pwd70	[MsgId: MMSG-17999]
    2023-06-17 15:58:14.574 : Start page is opened	[MsgId: MMSG-17999]
    2023-06-17 15:58:20.618 : User is logged in with session 136654.475010126HAcQVztpffiDDDDDtcVHtpQiHDf	[MsgId: MMSG-17999]
    2023-06-17 15:58:25.143 : User is logged out of session	[MsgId: MMSG-17999]
  2023-06-17 16:00:20.484 : IterationNum=55	[MsgId: MMSG-17999]
   USER 55 = user70:pwd70	[MsgId: MMSG-17999]
    2023-06-17 16:00:20.577 : Start page is opened	[MsgId: MMSG-17999]
    2023-06-17 16:00:26.314 : User is logged in with session 136654.485216687HAcQVzfpAiDDDDDDtcVHtpQQAf	[MsgId: MMSG-17999]
    2023-06-17 16:00:30.696 : User is logged out of session	[MsgId: MMSG-17999]
  2023-06-17 16:02:26.497 : IterationNum=56	[MsgId: MMSG-17999]
   USER 56 = user70:pwd70	[MsgId: MMSG-17999]
    2023-06-17 16:02:26.591 : Start page is opened	[MsgId: MMSG-17999]
    2023-06-17 16:02:30.502 : User is logged in with session 136654.495423248HAcQVzfpzAiDDDDDtcVHtpQQDzf	[MsgId: MMSG-17999]
    2023-06-17 16:02:36.019 : User is logged out of session	[MsgId: MMSG-17999]
  2023-06-17 16:04:32.511 : IterationNum=57	[MsgId: MMSG-17999]
   USER 57 = user70:pwd70	[MsgId: MMSG-17999]
    2023-06-17 16:04:32.605 : Start page is opened	[MsgId: MMSG-17999]
    2023-06-17 16:04:38.880 : User is logged in with session 136654.50562981HAcQVzzpVDDDDDDDtcVHtpQQzi	[MsgId: MMSG-17999]
    2023-06-17 16:04:42.867 : User is logged out of session	[MsgId: MMSG-17999]
  2023-06-17 16:06:38.514 : IterationNum=58	[MsgId: MMSG-17999]
   USER 58 = user70:pwd70	[MsgId: MMSG-17999]
    2023-06-17 16:06:38.608 : Start page is opened	[MsgId: MMSG-17999]
    2023-06-17 16:06:44.730 : User is logged in with session 136654.515836371HAcQVzzpzfiDDDDDtcVHtpQQQQf	[MsgId: MMSG-17999]
    2023-06-17 16:06:48.995 : User is logged out of session	[MsgId: MMSG-17999]
  2023-06-17 16:08:44.518 : IterationNum=59	[MsgId: MMSG-17999]
   USER 59 = user70:pwd70	[MsgId: MMSG-17999]
    2023-06-17 16:08:44.613 : Start page is opened	[MsgId: MMSG-17999]
    2023-06-17 16:08:50.477 : User is logged in with session 136654.526042932HAcQVzHpViDDDDDDtcVHfpAADV	[MsgId: MMSG-17999]
    2023-06-17 16:08:54.729 : User is logged out of session	[MsgId: MMSG-17999]
  2023-06-17 16:10:50.529 : IterationNum=60	[MsgId: MMSG-17999]
   USER 60 = user70:pwd70	[MsgId: MMSG-17999]
    2023-06-17 16:10:50.623 : Start page is opened	[MsgId: MMSG-17999]
    2023-06-17 16:10:56.157 : User is logged in with session 136654.536249494HAcQVzHpHAiDDDDDtcVHfpAAzcf	[MsgId: MMSG-17999]
    2023-06-17 16:11:01.945 : User is logged out of session	[MsgId: MMSG-17999]
  2023-06-17 16:12:56.544 : IterationNum=61	[MsgId: MMSG-17999]
   USER 61 = user70:pwd70	[MsgId: MMSG-17999]
    2023-06-17 16:12:56.638 : Start page is opened	[MsgId: MMSG-17999]
    2023-06-17 16:13:01.452 : User is logged in with session 136654.546456055HAcQVzipcDDDDDDDtcVHfpAAQt	[MsgId: MMSG-17999]
    2023-06-17 16:13:05.538 : User is logged out of session	[MsgId: MMSG-17999]
  2023-06-17 16:15:02.544 : IterationNum=62	[MsgId: MMSG-17999]
   USER 62 = user70:pwd70	[MsgId: MMSG-17999]
    2023-06-17 16:15:02.638 : Start page is opened	[MsgId: MMSG-17999]
    2023-06-17 16:15:07.372 : User is logged in with session 136654.556662616HAcQVzipHfiDDDDDtcVHfpAVcff	[MsgId: MMSG-17999]
    2023-06-17 16:15:13.325 : User is logged out of session	[MsgId: MMSG-17999]
  2023-06-17 16:17:08.551 : IterationNum=63	[MsgId: MMSG-17999]
   USER 63 = user70:pwd70	[MsgId: MMSG-17999]
    2023-06-17 16:17:08.646 : Start page is opened	[MsgId: MMSG-17999]
    2023-06-17 16:17:13.976 : User is logged in with session 136654.566869178HAcQVzQpciDDDDDDtcVHfpAVfH	[MsgId: MMSG-17999]
    2023-06-17 16:17:20.086 : User is logged out of session	[MsgId: MMSG-17999]
  2023-06-17 16:19:14.552 : IterationNum=64	[MsgId: MMSG-17999]
   USER 64 = user70:pwd70	[MsgId: MMSG-17999]
    2023-06-17 16:19:14.646 : Start page is opened	[MsgId: MMSG-17999]
    2023-06-17 16:19:19.225 : User is logged in with session 136654.577075739HAcQVzQpiAiDDDDDtcVHfpAViif	[MsgId: MMSG-17999]
    2023-06-17 16:19:24.788 : User is logged out of session	[MsgId: MMSG-17999]
  2023-06-17 16:21:20.553 : IterationNum=65	[MsgId: MMSG-17999]
   USER 65 = user70:pwd70	[MsgId: MMSG-17999]
    2023-06-17 16:21:20.647 : Start page is opened	[MsgId: MMSG-17999]
    2023-06-17 16:21:25.409 : User is logged in with session 136654.587282301HAcQVHApDDDDDDDDtcVHfpAcc	[MsgId: MMSG-17999]
    2023-06-17 16:21:31.112 : User is logged out of session	[MsgId: MMSG-17999]
  2023-06-17 16:23:26.567 : IterationNum=66	[MsgId: MMSG-17999]
   USER 66 = user70:pwd70	[MsgId: MMSG-17999]
    2023-06-17 16:23:26.661 : Start page is opened	[MsgId: MMSG-17999]
    2023-06-17 16:23:32.359 : User is logged in with session 136654.597488862HAcQVHApifiDDDDDtcVHfpAcfVf	[MsgId: MMSG-17999]
    2023-06-17 16:23:38.258 : User is logged out of session	[MsgId: MMSG-17999]
  2023-06-17 16:25:32.573 : IterationNum=67	[MsgId: MMSG-17999]
   USER 67 = user70:pwd70	[MsgId: MMSG-17999]
    2023-06-17 16:25:32.667 : Start page is opened	[MsgId: MMSG-17999]
    2023-06-17 16:25:37.039 : User is logged in with session 136654.607695423HAcQVHVpDiDDDDDDtcVHfpAciD	[MsgId: MMSG-17999]
    2023-06-17 16:25:43.047 : User is logged out of session	[MsgId: MMSG-17999]
  2023-06-17 16:27:38.578 : IterationNum=68	[MsgId: MMSG-17999]
   USER 68 = user70:pwd70	[MsgId: MMSG-17999]
    2023-06-17 16:27:38.674 : Start page is opened	[MsgId: MMSG-17999]
    2023-06-17 16:27:43.122 : User is logged in with session 136654.617901985HAcQVHVpQAiDDDDDtcVHfpADVtf	[MsgId: MMSG-17999]
    2023-06-17 16:27:48.014 : User is logged out of session	[MsgId: MMSG-17999]
  2023-06-17 16:29:44.585 : IterationNum=69	[MsgId: MMSG-17999]
   USER 69 = user70:pwd70	[MsgId: MMSG-17999]
    2023-06-17 16:29:44.680 : Start page is opened	[MsgId: MMSG-17999]
    2023-06-17 16:29:49.706 : User is logged in with session 136654.628108546HAcQVHcptDDDDDDDtcVHfpADtz	[MsgId: MMSG-17999]
    2023-06-17 16:29:53.844 : User is logged out of session	[MsgId: MMSG-17999]
  2023-06-17 16:31:50.590 : IterationNum=70	[MsgId: MMSG-17999]
   USER 70 = user70:pwd70	[MsgId: MMSG-17999]
    2023-06-17 16:31:50.685 : Start page is opened	[MsgId: MMSG-17999]
    2023-06-17 16:31:55.714 : User is logged in with session 136654.638315107HAcQVHcpQfiDDDDDtcVHfpADHHf	[MsgId: MMSG-17999]
    2023-06-17 16:32:00.614 : User is logged out of session	[MsgId: MMSG-17999]
  2023-06-17 16:33:56.600 : IterationNum=71	[MsgId: MMSG-17999]
   USER 71 = user70:pwd70	[MsgId: MMSG-17999]
    2023-06-17 16:33:56.694 : Start page is opened	[MsgId: MMSG-17999]
    2023-06-17 16:34:03.035 : User is logged in with session 136654.648521669HAcQVHDptiDDDDDDtcVHfpAtAQ	[MsgId: MMSG-17999]
    2023-06-17 16:34:07.170 : User is logged out of session	[MsgId: MMSG-17999]
  2023-06-17 16:36:02.609 : IterationNum=72	[MsgId: MMSG-17999]
   USER 72 = user70:pwd70	[MsgId: MMSG-17999]
    2023-06-17 16:36:02.703 : Start page is opened	[MsgId: MMSG-17999]
    2023-06-17 16:36:07.849 : User is logged in with session 136654.65872823HAcQVHtpAAiDDDDDtcVHfpAttAf	[MsgId: MMSG-17999]
    2023-06-17 16:36:14.204 : User is logged out of session	[MsgId: MMSG-17999]
  2023-06-17 16:38:08.624 : IterationNum=73	[MsgId: MMSG-17999]
   USER 73 = user70:pwd70	[MsgId: MMSG-17999]
    2023-06-17 16:38:08.719 : Start page is opened	[MsgId: MMSG-17999]
    2023-06-17 16:38:14.686 : User is logged in with session 136654.668934791HAcQVHtpfDDDDDDDtcVHfpAtHc	[MsgId: MMSG-17999]
    2023-06-17 16:38:18.965 : User is logged out of session	[MsgId: MMSG-17999]
  2023-06-17 16:40:14.638 : IterationNum=74	[MsgId: MMSG-17999]
   USER 74 = user70:pwd70	[MsgId: MMSG-17999]
    2023-06-17 16:40:14.731 : Start page is opened	[MsgId: MMSG-17999]
    2023-06-17 16:40:20.235 : User is logged in with session 136654.679141353HAcQVHfpAfiDDDDDtcVHfpAfADf	[MsgId: MMSG-17999]
    2023-06-17 16:40:25.701 : User is logged out of session	[MsgId: MMSG-17999]
  2023-06-17 16:42:20.639 : IterationNum=75	[MsgId: MMSG-17999]
   USER 75 = user70:pwd70	[MsgId: MMSG-17999]
    2023-06-17 16:42:20.733 : Start page is opened	[MsgId: MMSG-17999]
    2023-06-17 16:42:26.226 : User is logged in with session 136654.689347914HAcQVHfpfiDDDDDDtcVHfpAfDf	[MsgId: MMSG-17999]
    2023-06-17 16:42:31.730 : User is logged out of session	[MsgId: MMSG-17999]
  2023-06-17 16:44:26.640 : IterationNum=76	[MsgId: MMSG-17999]
   USER 76 = user70:pwd70	[MsgId: MMSG-17999]
    2023-06-17 16:44:26.735 : Start page is opened	[MsgId: MMSG-17999]
    2023-06-17 16:44:31.349 : User is logged in with session 136654.699554475HAcQVHzpVAiDDDDDtcVHfpAfzzf	[MsgId: MMSG-17999]
    2023-06-17 16:44:37.418 : User is logged out of session	[MsgId: MMSG-17999]
  2023-06-17 16:46:32.642 : IterationNum=77	[MsgId: MMSG-17999]
   USER 77 = user70:pwd70	[MsgId: MMSG-17999]
    2023-06-17 16:46:32.736 : Start page is opened	[MsgId: MMSG-17999]
    2023-06-17 16:46:37.562 : User is logged in with session 136654.709761037HAcQVHzpzDDDDDDDtcVHfpAfQi	[MsgId: MMSG-17999]
    2023-06-17 16:46:43.813 : User is logged out of session	[MsgId: MMSG-17999]
  2023-06-17 16:48:38.655 : IterationNum=78	[MsgId: MMSG-17999]
   USER 78 = user70:pwd70	[MsgId: MMSG-17999]
    2023-06-17 16:48:38.747 : Start page is opened	[MsgId: MMSG-17999]
    2023-06-17 16:48:44.112 : User is logged in with session 136654.719967598HAcQVHHpVfiDDDDDtcVHfpAzcQf	[MsgId: MMSG-17999]
    2023-06-17 16:48:49.355 : User is logged out of session	[MsgId: MMSG-17999]
  2023-06-17 16:50:44.667 : IterationNum=79	[MsgId: MMSG-17999]
   USER 79 = user70:pwd70	[MsgId: MMSG-17999]
    2023-06-17 16:50:44.761 : Start page is opened	[MsgId: MMSG-17999]
    2023-06-17 16:50:49.636 : User is logged in with session 136654.73017416HAcQVHHpziDDDDDDtcVHfpAzzV	[MsgId: MMSG-17999]
    2023-06-17 16:50:54.699 : User is logged out of session	[MsgId: MMSG-17999]
  2023-06-17 16:52:50.669 : IterationNum=80	[MsgId: MMSG-17999]
   USER 80 = user70:pwd70	[MsgId: MMSG-17999]
    2023-06-17 16:52:50.764 : Start page is opened	[MsgId: MMSG-17999]
    2023-06-17 16:52:54.655 : User is logged in with session 136654.740380721HAcQVHipcAiDDDDDtcVHfpAzQcf	[MsgId: MMSG-17999]
    2023-06-17 16:52:59.133 : User is logged out of session	[MsgId: MMSG-17999]
  2023-06-17 16:54:56.683 : IterationNum=81	[MsgId: MMSG-17999]
   USER 81 = user70:pwd70	[MsgId: MMSG-17999]
    2023-06-17 16:54:56.777 : Start page is opened	[MsgId: MMSG-17999]
    2023-06-17 16:55:01.153 : User is logged in with session 136654.750587282HAcQVHipHDDDDDDDtcVHfpAHct	[MsgId: MMSG-17999]
    2023-06-17 16:55:05.171 : User is logged out of session	[MsgId: MMSG-17999]
  2023-06-17 16:57:02.685 : IterationNum=82	[MsgId: MMSG-17999]
   USER 82 = user70:pwd70	[MsgId: MMSG-17999]
    2023-06-17 16:57:02.778 : Start page is opened	[MsgId: MMSG-17999]
    2023-06-17 16:57:06.761 : User is logged in with session 136654.760793844HAcQVHQpcfiDDDDDtcVHfpAHfff	[MsgId: MMSG-17999]
    2023-06-17 16:57:10.706 : User is logged out of session	[MsgId: MMSG-17999]
  2023-06-17 16:59:08.700 : IterationNum=83	[MsgId: MMSG-17999]
   USER 83 = user70:pwd70	[MsgId: MMSG-17999]
    2023-06-17 16:59:08.796 : Start page is opened	[MsgId: MMSG-17999]
    2023-06-17 16:59:13.695 : User is logged in with session 136654.771000405HAcQVHQpHiDDDDDDtcVHfpAHiH	[MsgId: MMSG-17999]
    2023-06-17 16:59:18.905 : User is logged out of session	[MsgId: MMSG-17999]
  2023-06-17 17:01:14.707 : IterationNum=84	[MsgId: MMSG-17999]
   USER 84 = user70:pwd70	[MsgId: MMSG-17999]
    2023-06-17 17:01:14.802 : Start page is opened	[MsgId: MMSG-17999]
    2023-06-17 17:01:18.876 : User is logged in with session 136654.781206966HAcQViApDAiDDDDDtcVHfpAiVif	[MsgId: MMSG-17999]
    2023-06-17 17:01:23.158 : User is logged out of session	[MsgId: MMSG-17999]
  2023-06-17 17:03:20.723 : IterationNum=85	[MsgId: MMSG-17999]
   USER 85 = user70:pwd70	[MsgId: MMSG-17999]
    2023-06-17 17:03:20.817 : Start page is opened	[MsgId: MMSG-17999]
    2023-06-17 17:03:26.167 : User is logged in with session 136654.791413528HAcQViApiDDDDDDDtcVHfpAif	[MsgId: MMSG-17999]
    2023-06-17 17:03:30.782 : User is logged out of session	[MsgId: MMSG-17999]
  2023-06-17 17:05:26.736 : IterationNum=86	[MsgId: MMSG-17999]
   USER 86 = user70:pwd70	[MsgId: MMSG-17999]
    2023-06-17 17:05:26.830 : Start page is opened	[MsgId: MMSG-17999]
    2023-06-17 17:05:32.404 : User is logged in with session 136654.801620089HAcQViVpDfiDDDDDtcVHfpAiiVf	[MsgId: MMSG-17999]
    2023-06-17 17:05:36.353 : User is logged out of session	[MsgId: MMSG-17999]
  2023-06-17 17:07:32.748 : IterationNum=87	[MsgId: MMSG-17999]
   USER 87 = user70:pwd70	[MsgId: MMSG-17999]
    2023-06-17 17:07:32.842 : Start page is opened	[MsgId: MMSG-17999]
    2023-06-17 17:07:38.883 : User is logged in with session 136654.81182665HAcQViVpiiDDDDDDtcVHfpAQVD	[MsgId: MMSG-17999]
    2023-06-17 17:07:43.332 : User is logged out of session	[MsgId: MMSG-17999]
  2023-06-17 17:09:38.755 : IterationNum=88	[MsgId: MMSG-17999]
   USER 88 = user70:pwd70	[MsgId: MMSG-17999]
    2023-06-17 17:09:38.849 : Start page is opened	[MsgId: MMSG-17999]
    2023-06-17 17:09:45.028 : User is logged in with session 136654.822033212HAcQVicptAiDDDDDtcVHfpAQttf	[MsgId: MMSG-17999]
    2023-06-17 17:09:51.093 : User is logged out of session	[MsgId: MMSG-17999]
  2023-06-17 17:11:44.759 : IterationNum=89	[MsgId: MMSG-17999]
   USER 89 = user70:pwd70	[MsgId: MMSG-17999]
    2023-06-17 17:11:44.853 : Start page is opened	[MsgId: MMSG-17999]
    2023-06-17 17:11:49.594 : User is logged in with session 136654.832239773HAcQVicpQDDDDDDDtcVHfpAQHz	[MsgId: MMSG-17999]
    2023-06-17 17:11:53.676 : User is logged out of session	[MsgId: MMSG-17999]
  2023-06-17 17:13:50.767 : IterationNum=90	[MsgId: MMSG-17999]
   USER 90 = user70:pwd70	[MsgId: MMSG-17999]
    2023-06-17 17:13:50.861 : Start page is opened	[MsgId: MMSG-17999]
    2023-06-17 17:13:56.778 : User is logged in with session 136654.842446335HAcQViDptfiDDDDDtcVHfpVAAHf	[MsgId: MMSG-17999]
    2023-06-17 17:14:01.593 : User is logged out of session	[MsgId: MMSG-17999]
  2023-06-17 17:15:56.782 : IterationNum=91	[MsgId: MMSG-17999]
   USER 91 = user70:pwd70	[MsgId: MMSG-17999]
    2023-06-17 17:15:56.875 : Start page is opened	[MsgId: MMSG-17999]
    2023-06-17 17:16:01.617 : User is logged in with session 136654.852652896HAcQViDpQiDDDDDDtcVHfpVADQ	[MsgId: MMSG-17999]
    2023-06-17 17:16:07.193 : User is logged out of session	[MsgId: MMSG-17999]
  2023-06-17 17:18:02.788 : IterationNum=92	[MsgId: MMSG-17999]
   USER 92 = user70:pwd70	[MsgId: MMSG-17999]
    2023-06-17 17:18:02.882 : Start page is opened	[MsgId: MMSG-17999]
    2023-06-17 17:18:07.921 : User is logged in with session 136654.862859457HAcQVitpfAiDDDDDtcVHfpVAHAf	[MsgId: MMSG-17999]
    2023-06-17 17:18:12.386 : User is logged out of session	[MsgId: MMSG-17999]
  2023-06-17 17:20:08.793 : IterationNum=93	[MsgId: MMSG-17999]
   USER 93 = user70:pwd70	[MsgId: MMSG-17999]
    2023-06-17 17:20:08.887 : Start page is opened	[MsgId: MMSG-17999]
    2023-06-17 17:20:12.981 : User is logged in with session 136654.873066019HAcQVifpADDDDDDDtcVHfpVVAc	[MsgId: MMSG-17999]
    2023-06-17 17:20:18.564 : User is logged out of session	[MsgId: MMSG-17999]
  2023-06-17 17:22:14.796 : IterationNum=94	[MsgId: MMSG-17999]
   USER 94 = user70:pwd70	[MsgId: MMSG-17999]
    2023-06-17 17:22:14.891 : Start page is opened	[MsgId: MMSG-17999]
    2023-06-17 17:22:20.872 : User is logged in with session 136654.88327258HAcQVifpffiDDDDDtcVHfpVVDDf	[MsgId: MMSG-17999]
    2023-06-17 17:22:24.985 : User is logged out of session	[MsgId: MMSG-17999]
  2023-06-17 17:24:20.809 : IterationNum=95	[MsgId: MMSG-17999]
   USER 95 = user70:pwd70	[MsgId: MMSG-17999]
    2023-06-17 17:24:20.903 : Start page is opened	[MsgId: MMSG-17999]
    2023-06-17 17:24:25.521 : User is logged in with session 136654.893479141HAcQVizpAiDDDDDDtcVHfpVVzf	[MsgId: MMSG-17999]
    2023-06-17 17:24:31.766 : User is logged out of session	[MsgId: MMSG-17999]
  2023-06-17 17:26:26.814 : IterationNum=96	[MsgId: MMSG-17999]
   USER 96 = user70:pwd70	[MsgId: MMSG-17999]
    2023-06-17 17:26:26.908 : Start page is opened	[MsgId: MMSG-17999]
    2023-06-17 17:26:31.071 : User is logged in with session 136654.903685703HAcQVizpzAiDDDDDtcVHfpVVQzf	[MsgId: MMSG-17999]
    2023-06-17 17:26:37.321 : User is logged out of session	[MsgId: MMSG-17999]
  2023-06-17 17:28:32.817 : IterationNum=97	[MsgId: MMSG-17999]
   USER 97 = user70:pwd70	[MsgId: MMSG-17999]
    2023-06-17 17:28:32.912 : Start page is opened	[MsgId: MMSG-17999]
    2023-06-17 17:28:38.797 : User is logged in with session 136654.913892264HAcQViHpVDDDDDDDtcVHfpVcci	[MsgId: MMSG-17999]
    2023-06-17 17:28:43.131 : User is logged out of session	[MsgId: MMSG-17999]
  2023-06-17 17:30:38.833 : IterationNum=98	[MsgId: MMSG-17999]
   USER 98 = user70:pwd70	[MsgId: MMSG-17999]
    2023-06-17 17:30:38.927 : Start page is opened	[MsgId: MMSG-17999]
    2023-06-17 17:30:43.356 : User is logged in with session 136654.924098825HAcQViHpzfiDDDDDtcVHfpVcfQf	[MsgId: MMSG-17999]
    2023-06-17 17:30:47.703 : User is logged out of session	[MsgId: MMSG-17999]
  2023-06-17 17:32:44.842 : IterationNum=99	[MsgId: MMSG-17999]
   USER 99 = user70:pwd70	[MsgId: MMSG-17999]
    2023-06-17 17:32:44.935 : Start page is opened	[MsgId: MMSG-17999]
    2023-06-17 17:32:50.099 : User is logged in with session 136654.934305387HAcQViipViDDDDDDtcVHfpVcQV	[MsgId: MMSG-17999]
    2023-06-17 17:32:55.123 : User is logged out of session	[MsgId: MMSG-17999]
  2023-06-17 17:34:50.853 : IterationNum=100	[MsgId: MMSG-17999]
   USER 100 = user70:pwd70	[MsgId: MMSG-17999]
    2023-06-17 17:34:50.945 : Start page is opened	[MsgId: MMSG-17999]
    2023-06-17 17:34:56.106 : User is logged in with session 136654.944511948HAcQViipHAiDDDDDtcVHfpVDccf	[MsgId: MMSG-17999]
    2023-06-17 17:35:01.688 : User is logged out of session	[MsgId: MMSG-17999]
  2023-06-17 17:36:56.861 : IterationNum=101	[MsgId: MMSG-17999]
   USER 101 = user70:pwd70	[MsgId: MMSG-17999]
    2023-06-17 17:36:56.956 : Start page is opened	[MsgId: MMSG-17999]
    2023-06-17 17:37:02.674 : User is logged in with session 136654.95471851HAcQViQpcDDDDDDDtcVHfpVDft	[MsgId: MMSG-17999]
    2023-06-17 17:37:08.673 : User is logged out of session	[MsgId: MMSG-17999]
  2023-06-17 17:39:02.872 : IterationNum=102	[MsgId: MMSG-17999]
   USER 102 = user70:pwd70	[MsgId: MMSG-17999]
    2023-06-17 17:39:02.966 : Start page is opened	[MsgId: MMSG-17999]
    2023-06-17 17:39:07.982 : User is logged in with session 136654.964925071HAcQViQpHfiDDDDDtcVHfpVDiff	[MsgId: MMSG-17999]
    2023-06-17 17:39:13.325 : User is logged out of session	[MsgId: MMSG-17999]
  2023-06-17 17:41:08.886 : IterationNum=103	[MsgId: MMSG-17999]
   USER 103 = user70:pwd70	[MsgId: MMSG-17999]
    2023-06-17 17:41:08.980 : Start page is opened	[MsgId: MMSG-17999]
    2023-06-17 17:41:14.180 : User is logged in with session 136654.975131632HAcQVQApciDDDDDDtcVHfpVtVH	[MsgId: MMSG-17999]
    2023-06-17 17:41:18.536 : User is logged out of session	[MsgId: MMSG-17999]
  2023-06-17 17:43:14.897 : IterationNum=104	[MsgId: MMSG-17999]
   USER 104 = user70:pwd70	[MsgId: MMSG-17999]
    2023-06-17 17:43:14.990 : Start page is opened	[MsgId: MMSG-17999]
    2023-06-17 17:43:20.112 : User is logged in with session 136654.985338194HAcQVQApiAiDDDDDtcVHfpVttif	[MsgId: MMSG-17999]
    2023-06-17 17:43:24.361 : User is logged out of session	[MsgId: MMSG-17999]
  2023-06-17 17:45:20.912 : IterationNum=105	[MsgId: MMSG-17999]
   USER 105 = user70:pwd70	[MsgId: MMSG-17999]
    2023-06-17 17:45:21.005 : Start page is opened	[MsgId: MMSG-17999]
    2023-06-17 17:45:25.854 : User is logged in with session 136654.995544755HAcQVQVpDDDDDDDDtcVHfpVti	[MsgId: MMSG-17999]
    2023-06-17 17:45:31.535 : User is logged out of session	[MsgId: MMSG-17999]
  2023-06-17 17:47:26.913 : IterationNum=106	[MsgId: MMSG-17999]
   USER 106 = user70:pwd70	[MsgId: MMSG-17999]
    2023-06-17 17:47:27.007 : Start page is opened	[MsgId: MMSG-17999]
    2023-06-17 17:47:32.925 : User is logged in with session 136655.005751316HAcQVQVpifiDDDDDtcVHfpVfVVf	[MsgId: MMSG-17999]
    2023-06-17 17:47:39.185 : User is logged out of session	[MsgId: MMSG-17999]
  2023-06-17 17:49:32.916 : IterationNum=107	[MsgId: MMSG-17999]
   USER 107 = user70:pwd70	[MsgId: MMSG-17999]
    2023-06-17 17:49:33.011 : Start page is opened	[MsgId: MMSG-17999]
    2023-06-17 17:49:38.132 : User is logged in with session 136655.015957878HAcQVQcpDiDDDDDDtcVHfpVftD	[MsgId: MMSG-17999]
    2023-06-17 17:49:42.790 : User is logged out of session	[MsgId: MMSG-17999]
  2023-06-17 17:51:38.921 : IterationNum=108	[MsgId: MMSG-17999]
   USER 108 = user70:pwd70	[MsgId: MMSG-17999]
    2023-06-17 17:51:39.015 : Start page is opened	[MsgId: MMSG-17999]
    2023-06-17 17:51:44.733 : User is logged in with session 136655.026164439HAcQVQcpQAiDDDDDtcVHfpVfHtf	[MsgId: MMSG-17999]
    2023-06-17 17:51:49.946 : User is logged out of session	[MsgId: MMSG-17999]
  2023-06-17 17:53:44.923 : IterationNum=109	[MsgId: MMSG-17999]
   USER 109 = user70:pwd70	[MsgId: MMSG-17999]
    2023-06-17 17:53:45.017 : Start page is opened	[MsgId: MMSG-17999]
    2023-06-17 17:53:49.643 : User is logged in with session 136655.036371HAcQVQDptDDDDDDDtcVHfpVzAz	[MsgId: MMSG-17999]
    2023-06-17 17:53:55.051 : User is logged out of session	[MsgId: MMSG-17999]
  2023-06-17 17:55:50.931 : IterationNum=110	[MsgId: MMSG-17999]
   USER 110 = user70:pwd70	[MsgId: MMSG-17999]
    2023-06-17 17:55:51.024 : Start page is opened	[MsgId: MMSG-17999]
    2023-06-17 17:55:57.029 : User is logged in with session 136655.046577562HAcQVQDpQfiDDDDDtcVHfpVzDHf	[MsgId: MMSG-17999]
    2023-06-17 17:56:01.453 : User is logged out of session	[MsgId: MMSG-17999]
  2023-06-17 17:57:56.939 : IterationNum=111	[MsgId: MMSG-17999]
   USER 111 = user70:pwd70	[MsgId: MMSG-17999]
    2023-06-17 17:57:57.031 : Start page is opened	[MsgId: MMSG-17999]
    2023-06-17 17:58:03.308 : User is logged in with session 136655.056784123HAcQVQtptiDDDDDDtcVHfpVzzQ	[MsgId: MMSG-17999]
    2023-06-17 17:58:07.548 : User is logged out of session	[MsgId: MMSG-17999]
  2023-06-17 18:00:02.943 : IterationNum=112	[MsgId: MMSG-17999]
   USER 112 = user70:pwd70	[MsgId: MMSG-17999]
    2023-06-17 18:00:03.038 : Start page is opened	[MsgId: MMSG-17999]
    2023-06-17 18:00:08.526 : User is logged in with session 136655.066990684HAcQVQfpAAiDDDDDtcVHfpVHAAf	[MsgId: MMSG-17999]
    2023-06-17 18:00:14.604 : User is logged out of session	[MsgId: MMSG-17999]
  2023-06-17 18:02:08.948 : IterationNum=113	[MsgId: MMSG-17999]
   USER 113 = user70:pwd70	[MsgId: MMSG-17999]
    2023-06-17 18:02:09.043 : Start page is opened	[MsgId: MMSG-17999]
    2023-06-17 18:02:13.634 : User is logged in with session 136655.077197246HAcQVQfpfDDDDDDDtcVHfpVHDc	[MsgId: MMSG-17999]
    2023-06-17 18:02:18.419 : User is logged out of session	[MsgId: MMSG-17999]
  2023-06-17 18:04:14.953 : IterationNum=114	[MsgId: MMSG-17999]
   USER 114 = user70:pwd70	[MsgId: MMSG-17999]
    2023-06-17 18:04:15.047 : Start page is opened	[MsgId: MMSG-17999]
    2023-06-17 18:04:19.458 : User is logged in with session 136655.087403807HAcQVQzpAfiDDDDDtcVHfpVHzDf	[MsgId: MMSG-17999]
    2023-06-17 18:04:24.353 : User is logged out of session	[MsgId: MMSG-17999]
  2023-06-17 18:06:20.958 : IterationNum=115	[MsgId: MMSG-17999]
   USER 115 = user70:pwd70	[MsgId: MMSG-17999]
    2023-06-17 18:06:21.053 : Start page is opened	[MsgId: MMSG-17999]
    2023-06-17 18:06:27.393 : User is logged in with session 136655.097610369HAcQVQzpfiDDDDDDtcVHfpVHQf	[MsgId: MMSG-17999]
    2023-06-17 18:06:32.690 : User is logged out of session	[MsgId: MMSG-17999]
  2023-06-17 18:08:26.965 : IterationNum=116	[MsgId: MMSG-17999]
   USER 116 = user70:pwd70	[MsgId: MMSG-17999]
    2023-06-17 18:08:27.060 : Start page is opened	[MsgId: MMSG-17999]
    2023-06-17 18:08:32.829 : User is logged in with session 136655.10781693HAcQVQHpVAiDDDDDtcVHfpViczf	[MsgId: MMSG-17999]
    2023-06-17 18:08:36.995 : User is logged out of session	[MsgId: MMSG-17999]
  2023-06-17 18:10:32.979 : IterationNum=117	[MsgId: MMSG-17999]
   USER 117 = user70:pwd70	[MsgId: MMSG-17999]
    2023-06-17 18:10:33.072 : Start page is opened	[MsgId: MMSG-17999]
    2023-06-17 18:10:37.090 : User is logged in with session 136655.118104496HAcQVQHpzDHftcVHfpVificf	[MsgId: MMSG-17999]
    2023-06-17 18:10:42.896 : User is logged out of session	[MsgId: MMSG-17999]
  2023-06-17 18:12:38.982 : IterationNum=118	[MsgId: MMSG-17999]
   USER 118 = user70:pwd70	[MsgId: MMSG-17999]
    2023-06-17 18:12:39.077 : Start page is opened	[MsgId: MMSG-17999]
    2023-06-17 18:12:43.978 : User is logged in with session 136655.128311057HAcQVQipVzcftcVHfpViiQHf	[MsgId: MMSG-17999]
    2023-06-17 18:12:48.635 : User is logged out of session	[MsgId: MMSG-17999]
  2023-06-17 18:14:44.987 : IterationNum=119	[MsgId: MMSG-17999]
   USER 119 = user70:pwd70	[MsgId: MMSG-17999]
    2023-06-17 18:14:45.081 : Start page is opened	[MsgId: MMSG-17999]
    2023-06-17 18:14:49.248 : User is logged in with session 136655.138517618HAcQVQipziHftcVHfpVQcVcf	[MsgId: MMSG-17999]
    2023-06-17 18:14:55.545 : User is logged out of session	[MsgId: MMSG-17999]
  2023-06-17 18:16:51.003 : IterationNum=120	[MsgId: MMSG-17999]
   USER 120 = user70:pwd70	[MsgId: MMSG-17999]
    2023-06-17 18:16:51.098 : Start page is opened	[MsgId: MMSG-17999]
    2023-06-17 18:16:56.565 : User is logged in with session 136655.14872418HAcQVQQpcVcftcVHfpVQfcHf	[MsgId: MMSG-17999]
    2023-06-17 18:17:01.664 : User is logged out of session	[MsgId: MMSG-17999]
  2023-06-17 18:18:57.003 : IterationNum=121	[MsgId: MMSG-17999]
   USER 121 = user70:pwd70	[MsgId: MMSG-17999]
    2023-06-17 18:18:57.096 : Start page is opened	[MsgId: MMSG-17999]
    2023-06-17 18:19:02.525 : User is logged in with session 136655.158930741HAcQVQQpHDHftcVHfpVQitcf	[MsgId: MMSG-17999]
    2023-06-17 18:19:08.281 : User is logged out of session	[MsgId: MMSG-17999]
  2023-06-17 18:21:03.011 : IterationNum=122	[MsgId: MMSG-17999]
   USER 122 = user70:pwd70	[MsgId: MMSG-17999]
    2023-06-17 18:21:03.106 : Start page is opened	[MsgId: MMSG-17999]
    2023-06-17 18:21:08.808 : User is logged in with session 136655.169137303HAcQcAApczcftcVHfpcAVfHf	[MsgId: MMSG-17999]
    2023-06-17 18:21:13.653 : User is logged out of session	[MsgId: MMSG-17999]
  2023-06-17 18:23:09.014 : IterationNum=123	[MsgId: MMSG-17999]
   USER 123 = user70:pwd70	[MsgId: MMSG-17999]
    2023-06-17 18:23:09.109 : Start page is opened	[MsgId: MMSG-17999]
    2023-06-17 18:23:14.867 : User is logged in with session 136655.179343864HAcQcAApHiHftcVHfpcAtHcf	[MsgId: MMSG-17999]
    2023-06-17 18:23:21.171 : User is logged out of session	[MsgId: MMSG-17999]
  2023-06-17 18:25:15.014 : IterationNum=124	[MsgId: MMSG-17999]
   USER 124 = user70:pwd70	[MsgId: MMSG-17999]
    2023-06-17 18:25:15.108 : Start page is opened	[MsgId: MMSG-17999]
    2023-06-17 18:25:21.237 : User is logged in with session 136655.189550425HAcQcAVpDVcftcVHfpcAHiHf	[MsgId: MMSG-17999]
    2023-06-17 18:25:27.480 : User is logged out of session	[MsgId: MMSG-17999]
  2023-06-17 18:27:21.027 : IterationNum=125	[MsgId: MMSG-17999]
   USER 125 = user70:pwd70	[MsgId: MMSG-17999]
    2023-06-17 18:27:21.122 : Start page is opened	[MsgId: MMSG-17999]
    2023-06-17 18:27:27.050 : User is logged in with session 136655.199756987HAcQcAVpiDHftcVHfpcVVAcf	[MsgId: MMSG-17999]
    2023-06-17 18:27:32.861 : User is logged out of session	[MsgId: MMSG-17999]
  2023-06-17 18:29:27.031 : IterationNum=126	[MsgId: MMSG-17999]
   USER 126 = user70:pwd70	[MsgId: MMSG-17999]
    2023-06-17 18:29:27.125 : Start page is opened	[MsgId: MMSG-17999]
    2023-06-17 18:29:33.419 : User is logged in with session 136655.209963548HAcQcAcpDzcftcVHfpcVtVHf	[MsgId: MMSG-17999]
    2023-06-17 18:29:39.441 : User is logged out of session	[MsgId: MMSG-17999]
  2023-06-17 18:31:33.038 : IterationNum=127	[MsgId: MMSG-17999]
   USER 127 = user70:pwd70	[MsgId: MMSG-17999]
    2023-06-17 18:31:33.133 : Start page is opened	[MsgId: MMSG-17999]
    2023-06-17 18:31:38.524 : User is logged in with session 136655.220170109HAcQcAcpiiHftcVHfpcVHDcf	[MsgId: MMSG-17999]
    2023-06-17 18:31:44.062 : User is logged out of session	[MsgId: MMSG-17999]
  2023-06-17 18:33:39.047 : IterationNum=128	[MsgId: MMSG-17999]
   USER 128 = user70:pwd70	[MsgId: MMSG-17999]
    2023-06-17 18:33:39.142 : Start page is opened	[MsgId: MMSG-17999]
    2023-06-17 18:33:43.642 : User is logged in with session 136655.230376671HAcQcADptVcftcVHfpccAtHf	[MsgId: MMSG-17999]
    2023-06-17 18:33:48.836 : User is logged out of session	[MsgId: MMSG-17999]
  2023-06-17 18:35:45.062 : IterationNum=129	[MsgId: MMSG-17999]
   USER 129 = user70:pwd70	[MsgId: MMSG-17999]
    2023-06-17 18:35:45.156 : Start page is opened	[MsgId: MMSG-17999]
    2023-06-17 18:35:50.652 : User is logged in with session 136655.240583232HAcQcADpQDHftcVHfpccDzcf	[MsgId: MMSG-17999]
    2023-06-17 18:35:55.456 : User is logged out of session	[MsgId: MMSG-17999]
  2023-06-17 18:37:51.070 : IterationNum=130	[MsgId: MMSG-17999]
   USER 130 = user70:pwd70	[MsgId: MMSG-17999]
    2023-06-17 18:37:51.164 : Start page is opened	[MsgId: MMSG-17999]
    2023-06-17 18:37:55.208 : User is logged in with session 136655.250789793HAcQcAtptzcftcVHfpcczHHf	[MsgId: MMSG-17999]
    2023-06-17 18:38:00.895 : User is logged out of session	[MsgId: MMSG-17999]
  2023-06-17 18:39:57.078 : IterationNum=131	[MsgId: MMSG-17999]
   USER 131 = user70:pwd70	[MsgId: MMSG-17999]
    2023-06-17 18:39:57.171 : Start page is opened	[MsgId: MMSG-17999]
    2023-06-17 18:40:01.720 : User is logged in with session 136655.260996355HAcQcAtpQiHftcVHfpccQQcf	[MsgId: MMSG-17999]
    2023-06-17 18:40:07.702 : User is logged out of session	[MsgId: MMSG-17999]
  2023-06-17 18:42:03.084 : IterationNum=132	[MsgId: MMSG-17999]
   USER 132 = user70:pwd70	[MsgId: MMSG-17999]
    2023-06-17 18:42:03.180 : Start page is opened	[MsgId: MMSG-17999]
    2023-06-17 18:42:07.249 : User is logged in with session 136655.271202916HAcQcAfpfVcftcVHfpcDDAHf	[MsgId: MMSG-17999]
    2023-06-17 18:42:13.263 : User is logged out of session	[MsgId: MMSG-17999]
  2023-06-17 18:44:09.084 : IterationNum=133	[MsgId: MMSG-17999]
   USER 133 = user70:pwd70	[MsgId: MMSG-17999]
    2023-06-17 18:44:09.178 : Start page is opened	[MsgId: MMSG-17999]
    2023-06-17 18:44:14.135 : User is logged in with session 136655.281409478HAcQcAzpADHftcVHfpcDzccf	[MsgId: MMSG-17999]
    2023-06-17 18:44:18.703 : User is logged out of session	[MsgId: MMSG-17999]
  2023-06-17 18:46:15.093 : IterationNum=134	[MsgId: MMSG-17999]
   USER 134 = user70:pwd70	[MsgId: MMSG-17999]
    2023-06-17 18:46:15.188 : Start page is opened	[MsgId: MMSG-17999]
    2023-06-17 18:46:19.670 : User is logged in with session 136655.291616039HAcQcAzpfzcftcVHfpcDQDHf	[MsgId: MMSG-17999]
    2023-06-17 18:46:25.638 : User is logged out of session	[MsgId: MMSG-17999]
  2023-06-17 18:48:21.106 : IterationNum=135	[MsgId: MMSG-17999]
   USER 135 = user70:pwd70	[MsgId: MMSG-17999]
    2023-06-17 18:48:21.200 : Start page is opened	[MsgId: MMSG-17999]
    2023-06-17 18:48:26.701 : User is logged in with session 136655.3018226HAcQcAHpAiHftcVHfpctcfcf	[MsgId: MMSG-17999]
    2023-06-17 18:48:31.796 : User is logged out of session	[MsgId: MMSG-17999]
  2023-06-17 18:50:27.113 : IterationNum=136	[MsgId: MMSG-17999]
   USER 136 = user70:pwd70	[MsgId: MMSG-17999]
    2023-06-17 18:50:27.207 : Start page is opened	[MsgId: MMSG-17999]
    2023-06-17 18:50:32.641 : User is logged in with session 136655.312029162HAcQcAHpzVcftcVHfpctfzHf	[MsgId: MMSG-17999]
    2023-06-17 18:50:38.905 : User is logged out of session	[MsgId: MMSG-17999]
  2023-06-17 18:52:33.127 : IterationNum=137	[MsgId: MMSG-17999]
   USER 137 = user70:pwd70	[MsgId: MMSG-17999]
    2023-06-17 18:52:33.222 : Start page is opened	[MsgId: MMSG-17999]
    2023-06-17 18:52:38.245 : User is logged in with session 136655.322235723HAcQcAipVDHftcVHfpctiicf	[MsgId: MMSG-17999]
    2023-06-17 18:52:42.483 : User is logged out of session	[MsgId: MMSG-17999]
  2023-06-17 18:54:39.137 : IterationNum=138	[MsgId: MMSG-17999]
   USER 138 = user70:pwd70	[MsgId: MMSG-17999]
    2023-06-17 18:54:39.230 : Start page is opened	[MsgId: MMSG-17999]
    2023-06-17 18:54:43.553 : User is logged in with session 136655.332442284HAcQcAipzzcftcVHfpcfVQHf	[MsgId: MMSG-17999]
    2023-06-17 18:54:48.273 : User is logged out of session	[MsgId: MMSG-17999]
  2023-06-17 18:56:45.142 : IterationNum=139	[MsgId: MMSG-17999]
   USER 139 = user70:pwd70	[MsgId: MMSG-17999]
    2023-06-17 18:56:45.237 : Start page is opened	[MsgId: MMSG-17999]
    2023-06-17 18:56:50.731 : User is logged in with session 136655.342648846HAcQcAQpViHftcVHfpcffVcf	[MsgId: MMSG-17999]
    2023-06-17 18:56:54.854 : User is logged out of session	[MsgId: MMSG-17999]
  2023-06-17 18:58:51.152 : IterationNum=140	[MsgId: MMSG-17999]
   USER 140 = user70:pwd70	[MsgId: MMSG-17999]
    2023-06-17 18:58:51.248 : Start page is opened	[MsgId: MMSG-17999]
    2023-06-17 18:58:56.125 : User is logged in with session 136655.352855407HAcQcAQpHVcftcVHfpcficHf	[MsgId: MMSG-17999]
    2023-06-17 18:59:00.679 : User is logged out of session	[MsgId: MMSG-17999]
  2023-06-17 19:00:57.164 : IterationNum=141	[MsgId: MMSG-17999]
   USER 141 = user70:pwd70	[MsgId: MMSG-17999]
    2023-06-17 19:00:57.257 : Start page is opened	[MsgId: MMSG-17999]
    2023-06-17 19:01:01.662 : User is logged in with session 136655.363061968HAcQcVApcDHftcVHfpczVtcf	[MsgId: MMSG-17999]
    2023-06-17 19:01:06.446 : User is logged out of session	[MsgId: MMSG-17999]
  2023-06-17 19:03:03.175 : IterationNum=142	[MsgId: MMSG-17999]
   USER 142 = user70:pwd70	[MsgId: MMSG-17999]
    2023-06-17 19:03:03.270 : Start page is opened	[MsgId: MMSG-17999]
    2023-06-17 19:03:08.583 : User is logged in with session 136655.37326853HAcQcVApHzcftcVHfpcztfHf	[MsgId: MMSG-17999]
    2023-06-17 19:03:14.731 : User is logged out of session	[MsgId: MMSG-17999]
  2023-06-17 19:05:09.187 : IterationNum=143	[MsgId: MMSG-17999]
   USER 143 = user70:pwd70	[MsgId: MMSG-17999]
    2023-06-17 19:05:09.280 : Start page is opened	[MsgId: MMSG-17999]
    2023-06-17 19:05:13.625 : User is logged in with session 136655.383475091HAcQcVVpciHftcVHfpczHHcf	[MsgId: MMSG-17999]
    2023-06-17 19:05:18.325 : User is logged out of session	[MsgId: MMSG-17999]
  2023-06-17 19:07:15.200 : IterationNum=144	[MsgId: MMSG-17999]
   USER 144 = user70:pwd70	[MsgId: MMSG-17999]
    2023-06-17 19:07:15.294 : Start page is opened	[MsgId: MMSG-17999]
    2023-06-17 19:07:20.885 : User is logged in with session 136655.393681652HAcQcVVpiVcftcVHfpcHAiHf	[MsgId: MMSG-17999]
    2023-06-17 19:07:27.173 : User is logged out of session	[MsgId: MMSG-17999]
  2023-06-17 19:09:21.209 : IterationNum=145	[MsgId: MMSG-17999]
   USER 145 = user70:pwd70	[MsgId: MMSG-17999]
    2023-06-17 19:09:21.303 : Start page is opened	[MsgId: MMSG-17999]
    2023-06-17 19:09:25.752 : User is logged in with session 136655.403888214HAcQcVcpDDHftcVHfpcHtAcf	[MsgId: MMSG-17999]
    2023-06-17 19:09:29.721 : User is logged out of session	[MsgId: MMSG-17999]
  2023-06-17 19:11:27.218 : IterationNum=146	[MsgId: MMSG-17999]
   USER 146 = user70:pwd70	[MsgId: MMSG-17999]
    2023-06-17 19:11:27.311 : Start page is opened	[MsgId: MMSG-17999]
    2023-06-17 19:11:31.326 : User is logged in with session 136655.414094775HAcQcVcpizcftcVHfpcHHVHf	[MsgId: MMSG-17999]
    2023-06-17 19:11:35.265 : User is logged out of session	[MsgId: MMSG-17999]
  2023-06-17 19:13:33.224 : IterationNum=147	[MsgId: MMSG-17999]
   USER 147 = user70:pwd70	[MsgId: MMSG-17999]
    2023-06-17 19:13:33.318 : Start page is opened	[MsgId: MMSG-17999]
    2023-06-17 19:13:37.310 : User is logged in with session 136655.424301337HAcQcVDpDiHftcVHfpciADcf	[MsgId: MMSG-17999]
    2023-06-17 19:13:42.412 : User is logged out of session	[MsgId: MMSG-17999]
  2023-06-17 19:15:39.229 : IterationNum=148	[MsgId: MMSG-17999]
   USER 148 = user70:pwd70	[MsgId: MMSG-17999]
    2023-06-17 19:15:39.324 : Start page is opened	[MsgId: MMSG-17999]
    2023-06-17 19:15:44.602 : User is logged in with session 136655.434507898HAcQcVDpQVcftcVHfpciDtHf	[MsgId: MMSG-17999]
    2023-06-17 19:15:49.235 : User is logged out of session	[MsgId: MMSG-17999]
  2023-06-17 19:17:45.234 : IterationNum=149	[MsgId: MMSG-17999]
   USER 149 = user70:pwd70	[MsgId: MMSG-17999]
    2023-06-17 19:17:45.329 : Start page is opened	[MsgId: MMSG-17999]
    2023-06-17 19:17:50.607 : User is logged in with session 136655.444714459HAcQcVtptDHftcVHfpcizzcf	[MsgId: MMSG-17999]
    2023-06-17 19:17:55.926 : User is logged out of session	[MsgId: MMSG-17999]
  2023-06-17 19:19:51.249 : IterationNum=150	[MsgId: MMSG-17999]
   USER 150 = user70:pwd70	[MsgId: MMSG-17999]
    2023-06-17 19:19:51.341 : Start page is opened	[MsgId: MMSG-17999]
    2023-06-17 19:19:55.661 : User is logged in with session 136655.454921021HAcQcVtpQzcftcVHfpciQHHf	[MsgId: MMSG-17999]
    2023-06-17 19:20:01.184 : User is logged out of session	[MsgId: MMSG-17999]
  2023-06-17 19:21:57.253 : IterationNum=151	[MsgId: MMSG-17999]
   USER 151 = user70:pwd70	[MsgId: MMSG-17999]
    2023-06-17 19:21:57.347 : Start page is opened	[MsgId: MMSG-17999]
    2023-06-17 19:22:03.275 : User is logged in with session 136655.465127582HAcQcVfptiHftcVHfpcQcQcf	[MsgId: MMSG-17999]
    2023-06-17 19:22:08.599 : User is logged out of session	[MsgId: MMSG-17999]
  2023-06-17 19:24:03.256 : IterationNum=152	[MsgId: MMSG-17999]
   USER 152 = user70:pwd70	[MsgId: MMSG-17999]
    2023-06-17 19:24:03.349 : Start page is opened	[MsgId: MMSG-17999]
    2023-06-17 19:24:08.094 : User is logged in with session 136655.475334143HAcQcVzpAVcftcVHfpcQzAHf	[MsgId: MMSG-17999]
    2023-06-17 19:24:13.482 : User is logged out of session	[MsgId: MMSG-17999]
  2023-06-17 19:26:09.272 : IterationNum=153	[MsgId: MMSG-17999]
   USER 153 = user70:pwd70	[MsgId: MMSG-17999]
    2023-06-17 19:26:09.367 : Start page is opened	[MsgId: MMSG-17999]
    2023-06-17 19:26:15.176 : User is logged in with session 136655.485540705HAcQcVzpfDHftcVHfpcQQccf	[MsgId: MMSG-17999]
    2023-06-17 19:26:21.111 : User is logged out of session	[MsgId: MMSG-17999]
  2023-06-17 19:28:15.285 : IterationNum=154	[MsgId: MMSG-17999]
   USER 154 = user70:pwd70	[MsgId: MMSG-17999]
    2023-06-17 19:28:15.380 : Start page is opened	[MsgId: MMSG-17999]
    2023-06-17 19:28:20.149 : User is logged in with session 136655.495747266HAcQcVHpAzcftcVHfpDAcDHf	[MsgId: MMSG-17999]
    2023-06-17 19:28:24.138 : User is logged out of session	[MsgId: MMSG-17999]
  2023-06-17 19:30:21.285 : IterationNum=155	[MsgId: MMSG-17999]
   USER 155 = user70:pwd70	[MsgId: MMSG-17999]
    2023-06-17 19:30:21.378 : Start page is opened	[MsgId: MMSG-17999]
    2023-06-17 19:30:25.968 : User is logged in with session 136655.505953827HAcQcVHpfiHftcVHfpDAffcf	[MsgId: MMSG-17999]
    2023-06-17 19:30:30.686 : User is logged out of session	[MsgId: MMSG-17999]
  2023-06-17 19:32:27.297 : IterationNum=156	[MsgId: MMSG-17999]
   USER 156 = user70:pwd70	[MsgId: MMSG-17999]
    2023-06-17 19:32:27.391 : Start page is opened	[MsgId: MMSG-17999]
    2023-06-17 19:32:31.454 : User is logged in with session 136655.516160389HAcQcVipVVcftcVHfpDAizHf	[MsgId: MMSG-17999]
    2023-06-17 19:32:37.228 : User is logged out of session	[MsgId: MMSG-17999]
  2023-06-17 19:34:33.305 : IterationNum=157	[MsgId: MMSG-17999]
   USER 157 = user70:pwd70	[MsgId: MMSG-17999]
    2023-06-17 19:34:33.399 : Start page is opened	[MsgId: MMSG-17999]
    2023-06-17 19:34:37.282 : User is logged in with session 136655.52636695HAcQcVipzDHftcVHfpDVVicf	[MsgId: MMSG-17999]
    2023-06-17 19:34:43.507 : User is logged out of session	[MsgId: MMSG-17999]
  2023-06-17 19:36:39.306 : IterationNum=158	[MsgId: MMSG-17999]
   USER 158 = user70:pwd70	[MsgId: MMSG-17999]
    2023-06-17 19:36:39.402 : Start page is opened	[MsgId: MMSG-17999]
    2023-06-17 19:36:45.060 : User is logged in with session 136655.536573512HAcQcVQpVzcftcVHfpDVtQHf	[MsgId: MMSG-17999]
    2023-06-17 19:36:49.676 : User is logged out of session	[MsgId: MMSG-17999]
  2023-06-17 19:38:45.320 : IterationNum=159	[MsgId: MMSG-17999]
   USER 159 = user70:pwd70	[MsgId: MMSG-17999]
    2023-06-17 19:38:45.413 : Start page is opened	[MsgId: MMSG-17999]
    2023-06-17 19:38:51.279 : User is logged in with session 136655.546780073HAcQcVQpziHftcVHfpDViVcf	[MsgId: MMSG-17999]
    2023-06-17 19:38:55.812 : User is logged out of session	[MsgId: MMSG-17999]
  2023-06-17 19:40:51.334 : IterationNum=160	[MsgId: MMSG-17999]
   USER 160 = user70:pwd70	[MsgId: MMSG-17999]
    2023-06-17 19:40:51.428 : Start page is opened	[MsgId: MMSG-17999]
    2023-06-17 19:40:55.935 : User is logged in with session 136655.556986634HAcQccApcVcftcVHfpDcVcHf	[MsgId: MMSG-17999]
    2023-06-17 19:41:00.781 : User is logged out of session	[MsgId: MMSG-17999]
  2023-06-17 19:42:57.349 : IterationNum=161	[MsgId: MMSG-17999]
   USER 161 = user70:pwd70	[MsgId: MMSG-17999]
    2023-06-17 19:42:57.443 : Start page is opened	[MsgId: MMSG-17999]
    2023-06-17 19:43:03.669 : User is logged in with session 136655.567193196HAcQccApHDHftcVHfpDcttcf	[MsgId: MMSG-17999]
    2023-06-17 19:43:09.122 : User is logged out of session	[MsgId: MMSG-17999]
  2023-06-17 19:45:03.356 : IterationNum=162	[MsgId: MMSG-17999]
   USER 162 = user70:pwd70	[MsgId: MMSG-17999]
    2023-06-17 19:45:03.451 : Start page is opened	[MsgId: MMSG-17999]
    2023-06-17 19:45:08.018 : User is logged in with session 136655.577399757HAcQccVpczcftcVHfpDcHfHf	[MsgId: MMSG-17999]
    2023-06-17 19:45:13.172 : User is logged out of session	[MsgId: MMSG-17999]
  2023-06-17 19:47:09.371 : IterationNum=163	[MsgId: MMSG-17999]
   USER 163 = user70:pwd70	[MsgId: MMSG-17999]
    2023-06-17 19:47:09.466 : Start page is opened	[MsgId: MMSG-17999]
    2023-06-17 19:47:13.899 : User is logged in with session 136655.587606318HAcQccVpHiHftcVHfpDDAHcf	[MsgId: MMSG-17999]
    2023-06-17 19:47:18.320 : User is logged out of session	[MsgId: MMSG-17999]
  2023-06-17 19:49:15.372 : IterationNum=164	[MsgId: MMSG-17999]
   USER 164 = user70:pwd70	[MsgId: MMSG-17999]
    2023-06-17 19:49:15.467 : Start page is opened	[MsgId: MMSG-17999]
    2023-06-17 19:49:20.516 : User is logged in with session 136655.59781288HAcQcccpDVcftcVHfpDDDiHf	[MsgId: MMSG-17999]
    2023-06-17 19:49:25.029 : User is logged out of session	[MsgId: MMSG-17999]
  2023-06-17 19:51:21.377 : IterationNum=165	[MsgId: MMSG-17999]
   USER 165 = user70:pwd70	[MsgId: MMSG-17999]
    2023-06-17 19:51:21.470 : Start page is opened	[MsgId: MMSG-17999]
    2023-06-17 19:51:25.386 : User is logged in with session 136655.608019441HAcQcccpiDHftcVHfpDDHAcf	[MsgId: MMSG-17999]
    2023-06-17 19:51:30.050 : User is logged out of session	[MsgId: MMSG-17999]
  2023-06-17 19:53:27.392 : IterationNum=166	[MsgId: MMSG-17999]
   USER 166 = user70:pwd70	[MsgId: MMSG-17999]
    2023-06-17 19:53:27.486 : Start page is opened	[MsgId: MMSG-17999]
    2023-06-17 19:53:33.440 : User is logged in with session 136655.618226002HAcQccDpDzcftcVHfpDtAVHf	[MsgId: MMSG-17999]
    2023-06-17 19:53:38.332 : User is logged out of session	[MsgId: MMSG-17999]
  2023-06-17 19:55:33.400 : IterationNum=167	[MsgId: MMSG-17999]
   USER 167 = user70:pwd70	[MsgId: MMSG-17999]
    2023-06-17 19:55:33.493 : Start page is opened	[MsgId: MMSG-17999]
    2023-06-17 19:55:38.918 : User is logged in with session 136655.628432564HAcQccDpiiHftcVHfpDtDDcf	[MsgId: MMSG-17999]
    2023-06-17 19:55:43.546 : User is logged out of session	[MsgId: MMSG-17999]
  2023-06-17 19:57:39.407 : IterationNum=168	[MsgId: MMSG-17999]
   USER 168 = user70:pwd70	[MsgId: MMSG-17999]
    2023-06-17 19:57:39.499 : Start page is opened	[MsgId: MMSG-17999]
    2023-06-17 19:57:45.524 : User is logged in with session 136655.638639125HAcQcctptVcftcVHfpDtztHf	[MsgId: MMSG-17999]
    2023-06-17 19:57:50.502 : User is logged out of session	[MsgId: MMSG-17999]
  2023-06-17 19:59:45.412 : IterationNum=169	[MsgId: MMSG-17999]
   USER 169 = user70:pwd70	[MsgId: MMSG-17999]
    2023-06-17 19:59:45.506 : Start page is opened	[MsgId: MMSG-17999]
    2023-06-17 19:59:50.232 : User is logged in with session 136655.648845687HAcQcctpQDHftcVHfpDtQzcf	[MsgId: MMSG-17999]
    2023-06-17 19:59:55.926 : User is logged out of session	[MsgId: MMSG-17999]
  2023-06-17 20:01:51.415 : IterationNum=170	[MsgId: MMSG-17999]
   USER 170 = user70:pwd70	[MsgId: MMSG-17999]
    2023-06-17 20:01:51.510 : Start page is opened	[MsgId: MMSG-17999]
    2023-06-17 20:01:56.454 : User is logged in with session 136655.659052248HAcQccfptzcftcVHfpDfcHHf	[MsgId: MMSG-17999]
    2023-06-17 20:02:01.779 : User is logged out of session	[MsgId: MMSG-17999]
  2023-06-17 20:03:57.419 : IterationNum=171	[MsgId: MMSG-17999]
   USER 171 = user70:pwd70	[MsgId: MMSG-17999]
    2023-06-17 20:03:57.515 : Start page is opened	[MsgId: MMSG-17999]
    2023-06-17 20:04:03.453 : User is logged in with session 136655.669258809HAcQccfpQiHftcVHfpDffQcf	[MsgId: MMSG-17999]
    2023-06-17 20:04:07.608 : User is logged out of session	[MsgId: MMSG-17999]
  2023-06-17 20:06:03.434 : IterationNum=172	[MsgId: MMSG-17999]
   USER 172 = user70:pwd70	[MsgId: MMSG-17999]
    2023-06-17 20:06:03.528 : Start page is opened	[MsgId: MMSG-17999]
    2023-06-17 20:06:07.868 : User is logged in with session 136655.679465371HAcQcczpfVcftcVHfpDfQAHf	[MsgId: MMSG-17999]
    2023-06-17 20:06:11.921 : User is logged out of session	[MsgId: MMSG-17999]
  2023-06-17 20:08:09.440 : IterationNum=173	[MsgId: MMSG-17999]
   USER 173 = user70:pwd70	[MsgId: MMSG-17999]
    2023-06-17 20:08:09.533 : Start page is opened	[MsgId: MMSG-17999]
    2023-06-17 20:08:15.078 : User is logged in with session 136655.689671932HAcQccHpADHftcVHfpDzcccf	[MsgId: MMSG-17999]
    2023-06-17 20:08:20.743 : User is logged out of session	[MsgId: MMSG-17999]
  2023-06-17 20:10:15.446 : IterationNum=174	[MsgId: MMSG-17999]
   USER 174 = user70:pwd70	[MsgId: MMSG-17999]
    2023-06-17 20:10:15.541 : Start page is opened	[MsgId: MMSG-17999]
    2023-06-17 20:10:19.811 : User is logged in with session 136655.699878493HAcQccHpfzcftcVHfpDzfDHf	[MsgId: MMSG-17999]
    2023-06-17 20:10:23.747 : User is logged out of session	[MsgId: MMSG-17999]
  2023-06-17 20:12:21.449 : IterationNum=175	[MsgId: MMSG-17999]
   USER 175 = user70:pwd70	[MsgId: MMSG-17999]
    2023-06-17 20:12:21.543 : Start page is opened	[MsgId: MMSG-17999]
    2023-06-17 20:12:26.047 : User is logged in with session 136655.710085055HAcQccipAiHftcVHfpDzifcf	[MsgId: MMSG-17999]
    2023-06-17 20:12:30.227 : User is logged out of session	[MsgId: MMSG-17999]
  2023-06-17 20:14:27.460 : IterationNum=176	[MsgId: MMSG-17999]
   USER 176 = user70:pwd70	[MsgId: MMSG-17999]
    2023-06-17 20:14:27.554 : Start page is opened	[MsgId: MMSG-17999]
    2023-06-17 20:14:33.921 : User is logged in with session 136655.720291616HAcQccipzVcftcVHfpDHVzHf	[MsgId: MMSG-17999]
    2023-06-17 20:14:38.820 : User is logged out of session	[MsgId: MMSG-17999]
  2023-06-17 20:16:33.468 : IterationNum=177	[MsgId: MMSG-17999]
   USER 177 = user70:pwd70	[MsgId: MMSG-17999]
    2023-06-17 20:16:33.563 : Start page is opened	[MsgId: MMSG-17999]
    2023-06-17 20:16:37.866 : User is logged in with session 136655.730498177HAcQccQpVDHftcVHfpDHticf	[MsgId: MMSG-17999]
    2023-06-17 20:16:43.764 : User is logged out of session	[MsgId: MMSG-17999]
  2023-06-17 20:18:39.476 : IterationNum=178	[MsgId: MMSG-17999]
   USER 178 = user70:pwd70	[MsgId: MMSG-17999]
    2023-06-17 20:18:39.570 : Start page is opened	[MsgId: MMSG-17999]
    2023-06-17 20:18:45.710 : User is logged in with session 136655.740704739HAcQccQpzzcftcVHfpDHHQHf	[MsgId: MMSG-17999]
    2023-06-17 20:18:51.984 : User is logged out of session	[MsgId: MMSG-17999]
  2023-06-17 20:20:45.482 : IterationNum=179	[MsgId: MMSG-17999]
   USER 179 = user70:pwd70	[MsgId: MMSG-17999]
    2023-06-17 20:20:45.576 : Start page is opened	[MsgId: MMSG-17999]
    2023-06-17 20:20:51.949 : User is logged in with session 136655.7509113HAcQcDApViHftcVHfpDiVVcf	[MsgId: MMSG-17999]
    2023-06-17 20:20:58.029 : User is logged out of session	[MsgId: MMSG-17999]
  2023-06-17 20:22:51.484 : IterationNum=180	[MsgId: MMSG-17999]
   USER 180 = user70:pwd70	[MsgId: MMSG-17999]
    2023-06-17 20:22:51.578 : Start page is opened	[MsgId: MMSG-17999]
    2023-06-17 20:22:57.209 : User is logged in with session 136655.761117861HAcQcDApHVcftcVHfpDitcHf	[MsgId: MMSG-17999]
    2023-06-17 20:23:02.911 : User is logged out of session	[MsgId: MMSG-17999]
  2023-06-17 20:24:57.490 : IterationNum=181	[MsgId: MMSG-17999]
   USER 181 = user70:pwd70	[MsgId: MMSG-17999]
    2023-06-17 20:24:57.584 : Start page is opened	[MsgId: MMSG-17999]
    2023-06-17 20:25:02.324 : User is logged in with session 136655.771324423HAcQcDVpcDHftcVHfpDiHtcf	[MsgId: MMSG-17999]
    2023-06-17 20:25:07.741 : User is logged out of session	[MsgId: MMSG-17999]
  2023-06-17 20:27:03.496 : IterationNum=182	[MsgId: MMSG-17999]
   USER 182 = user70:pwd70	[MsgId: MMSG-17999]
    2023-06-17 20:27:03.590 : Start page is opened	[MsgId: MMSG-17999]
    2023-06-17 20:27:09.469 : User is logged in with session 136655.781530984HAcQcDVpHzcftcVHfpDQAfHf	[MsgId: MMSG-17999]
    2023-06-17 20:27:14.404 : User is logged out of session	[MsgId: MMSG-17999]
  2023-06-17 20:29:09.497 : IterationNum=183	[MsgId: MMSG-17999]
   USER 183 = user70:pwd70	[MsgId: MMSG-17999]
    2023-06-17 20:29:09.592 : Start page is opened	[MsgId: MMSG-17999]
    2023-06-17 20:29:13.663 : User is logged in with session 136655.791737546HAcQcDcpciHftcVHfpDQDHcf	[MsgId: MMSG-17999]
    2023-06-17 20:29:19.237 : User is logged out of session	[MsgId: MMSG-17999]
  2023-06-17 20:31:15.500 : IterationNum=184	[MsgId: MMSG-17999]
   USER 184 = user70:pwd70	[MsgId: MMSG-17999]
    2023-06-17 20:31:15.594 : Start page is opened	[MsgId: MMSG-17999]
    2023-06-17 20:31:21.011 : User is logged in with session 136655.801944107HAcQcDcpiVcftcVHfpDQziHf	[MsgId: MMSG-17999]
    2023-06-17 20:31:26.725 : User is logged out of session	[MsgId: MMSG-17999]
  2023-06-17 20:33:21.500 : IterationNum=185	[MsgId: MMSG-17999]
   USER 185 = user70:pwd70	[MsgId: MMSG-17999]
    2023-06-17 20:33:21.595 : Start page is opened	[MsgId: MMSG-17999]
    2023-06-17 20:33:27.608 : User is logged in with session 136655.812150668HAcQcDDpDDHftcVHfptAAAcf	[MsgId: MMSG-17999]
    2023-06-17 20:33:32.457 : User is logged out of session	[MsgId: MMSG-17999]
  2023-06-17 20:35:27.504 : IterationNum=186	[MsgId: MMSG-17999]
   USER 186 = user70:pwd70	[MsgId: MMSG-17999]
    2023-06-17 20:35:27.599 : Start page is opened	[MsgId: MMSG-17999]
    2023-06-17 20:35:33.113 : User is logged in with session 136655.82235723HAcQcDDpizcftcVHfptADVHf	[MsgId: MMSG-17999]
    2023-06-17 20:35:37.051 : User is logged out of session	[MsgId: MMSG-17999]
  2023-06-17 20:37:33.506 : IterationNum=187	[MsgId: MMSG-17999]
   USER 187 = user70:pwd70	[MsgId: MMSG-17999]
    2023-06-17 20:37:33.600 : Start page is opened	[MsgId: MMSG-17999]
    2023-06-17 20:37:38.096 : User is logged in with session 136655.832563791HAcQcDtpDiHftcVHfptAzDcf	[MsgId: MMSG-17999]
    2023-06-17 20:37:42.180 : User is logged out of session	[MsgId: MMSG-17999]
  2023-06-17 20:39:39.519 : IterationNum=188	[MsgId: MMSG-17999]
   USER 188 = user70:pwd70	[MsgId: MMSG-17999]
    2023-06-17 20:39:39.613 : Start page is opened	[MsgId: MMSG-17999]
    2023-06-17 20:39:44.935 : User is logged in with session 136655.842770352HAcQcDtpQVcftcVHfptAQtHf	[MsgId: MMSG-17999]
    2023-06-17 20:39:49.127 : User is logged out of session	[MsgId: MMSG-17999]
  2023-06-17 20:41:45.530 : IterationNum=189	[MsgId: MMSG-17999]
   USER 189 = user70:pwd70	[MsgId: MMSG-17999]
    2023-06-17 20:41:45.624 : Start page is opened	[MsgId: MMSG-17999]
    2023-06-17 20:41:49.900 : User is logged in with session 136655.852976914HAcQcDfptDHftcVHfptVczcf	[MsgId: MMSG-17999]
    2023-06-17 20:41:53.862 : User is logged out of session	[MsgId: MMSG-17999]
  2023-06-17 20:43:51.541 : IterationNum=190	[MsgId: MMSG-17999]
   USER 190 = user70:pwd70	[MsgId: MMSG-17999]
    2023-06-17 20:43:51.635 : Start page is opened	[MsgId: MMSG-17999]
    2023-06-17 20:43:56.325 : User is logged in with session 136655.863183475HAcQcDfpQzcftcVHfptVfHHf	[MsgId: MMSG-17999]
    2023-06-17 20:44:00.358 : User is logged out of session	[MsgId: MMSG-17999]
  2023-06-17 20:45:57.544 : IterationNum=191	[MsgId: MMSG-17999]
   USER 191 = user70:pwd70	[MsgId: MMSG-17999]
    2023-06-17 20:45:57.637 : Start page is opened	[MsgId: MMSG-17999]
    2023-06-17 20:46:03.348 : User is logged in with session 136655.873390036HAcQcDzptiHftcVHfptViQcf	[MsgId: MMSG-17999]
    2023-06-17 20:46:08.590 : User is logged out of session	[MsgId: MMSG-17999]
  2023-06-17 20:48:03.558 : IterationNum=192	[MsgId: MMSG-17999]
   USER 192 = user70:pwd70	[MsgId: MMSG-17999]
    2023-06-17 20:48:03.652 : Start page is opened	[MsgId: MMSG-17999]
    2023-06-17 20:48:07.821 : User is logged in with session 136655.883596598HAcQcDHpAVcftcVHfptccAHf	[MsgId: MMSG-17999]
    2023-06-17 20:48:13.339 : User is logged out of session	[MsgId: MMSG-17999]
  2023-06-17 20:50:09.571 : IterationNum=193	[MsgId: MMSG-17999]
   USER 193 = user70:pwd70	[MsgId: MMSG-17999]
    2023-06-17 20:50:09.665 : Start page is opened	[MsgId: MMSG-17999]
    2023-06-17 20:50:15.493 : User is logged in with session 136655.893803159HAcQcDHpfDHftcVHfptcfccf	[MsgId: MMSG-17999]
    2023-06-17 20:50:21.502 : User is logged out of session	[MsgId: MMSG-17999]
  2023-06-17 20:52:15.576 : IterationNum=194	[MsgId: MMSG-17999]
   USER 194 = user70:pwd70	[MsgId: MMSG-17999]
    2023-06-17 20:52:15.670 : Start page is opened	[MsgId: MMSG-17999]
    2023-06-17 20:52:19.623 : User is logged in with session 136655.904009721HAcQcDipAzcftcVHfptciDHf	[MsgId: MMSG-17999]
    2023-06-17 20:52:25.243 : User is logged out of session	[MsgId: MMSG-17999]
  2023-06-17 20:54:21.590 : IterationNum=195	[MsgId: MMSG-17999]
   USER 195 = user70:pwd70	[MsgId: MMSG-17999]
    2023-06-17 20:54:21.684 : Start page is opened	[MsgId: MMSG-17999]
    2023-06-17 20:54:26.054 : User is logged in with session 136655.914216282HAcQcDipfiHftcVHfptDVfcf	[MsgId: MMSG-17999]
    2023-06-17 20:54:32.403 : User is logged out of session	[MsgId: MMSG-17999]
  2023-06-17 20:56:27.598 : IterationNum=196	[MsgId: MMSG-17999]
   USER 196 = user70:pwd70	[MsgId: MMSG-17999]
    2023-06-17 20:56:27.691 : Start page is opened	[MsgId: MMSG-17999]
    2023-06-17 20:56:33.260 : User is logged in with session 136655.924422843HAcQcDQpVVcftcVHfptDtzHf	[MsgId: MMSG-17999]
    2023-06-17 20:56:38.684 : User is logged out of session	[MsgId: MMSG-17999]
  2023-06-17 20:58:33.602 : IterationNum=197	[MsgId: MMSG-17999]
   USER 197 = user70:pwd70	[MsgId: MMSG-17999]
    2023-06-17 20:58:33.697 : Start page is opened	[MsgId: MMSG-17999]
    2023-06-17 20:58:39.007 : User is logged in with session 136655.934629405HAcQcDQpzDHftcVHfptDHicf	[MsgId: MMSG-17999]
    2023-06-17 20:58:45.268 : User is logged out of session	[MsgId: MMSG-17999]
  2023-06-17 21:00:39.611 : IterationNum=198	[MsgId: MMSG-17999]
   USER 198 = user70:pwd70	[MsgId: MMSG-17999]
    2023-06-17 21:00:39.705 : Start page is opened	[MsgId: MMSG-17999]
    2023-06-17 21:00:44.030 : User is logged in with session 136655.944835966HAcQctApVzcftcVHfpttAQHf	[MsgId: MMSG-17999]
    2023-06-17 21:00:50.404 : User is logged out of session	[MsgId: MMSG-17999]
  2023-06-17 21:02:45.624 : IterationNum=199	[MsgId: MMSG-17999]
   USER 199 = user70:pwd70	[MsgId: MMSG-17999]
    2023-06-17 21:02:45.719 : Start page is opened	[MsgId: MMSG-17999]
    2023-06-17 21:02:50.944 : User is logged in with session 136655.955042527HAcQctApziHftcVHfptttVcf	[MsgId: MMSG-17999]
    2023-06-17 21:02:57.108 : User is logged out of session	[MsgId: MMSG-17999]
  2023-06-17 21:04:51.625 : IterationNum=200	[MsgId: MMSG-17999]
   USER 200 = user70:pwd70	[MsgId: MMSG-17999]
    2023-06-17 21:04:51.719 : Start page is opened	[MsgId: MMSG-17999]
    2023-06-17 21:04:56.311 : User is logged in with session 136655.965249089HAcQctVpcVcftcVHfpttHcHf	[MsgId: MMSG-17999]
    2023-06-17 21:05:01.736 : User is logged out of session	[MsgId: MMSG-17999]
  2023-06-17 21:06:57.637 : IterationNum=201	[MsgId: MMSG-17999]
   USER 201 = user70:pwd70	[MsgId: MMSG-17999]
    2023-06-17 21:06:57.732 : Start page is opened	[MsgId: MMSG-17999]
    2023-06-17 21:07:02.373 : User is logged in with session 136655.97545565HAcQctVpHDHftcVHfptfAtcf	[MsgId: MMSG-17999]
    2023-06-17 21:07:06.814 : User is logged out of session	[MsgId: MMSG-17999]
  2023-06-17 21:09:03.645 : IterationNum=202	[MsgId: MMSG-17999]
   USER 202 = user70:pwd70	[MsgId: MMSG-17999]
    2023-06-17 21:09:03.739 : Start page is opened	[MsgId: MMSG-17999]
    2023-06-17 21:09:09.675 : User is logged in with session 136655.985662211HAcQctcpczcftcVHfptfDfHf	[MsgId: MMSG-17999]
    2023-06-17 21:09:13.984 : User is logged out of session	[MsgId: MMSG-17999]
  2023-06-17 21:11:09.651 : IterationNum=203	[MsgId: MMSG-17999]
   USER 203 = user70:pwd70	[MsgId: MMSG-17999]
    2023-06-17 21:11:09.745 : Start page is opened	[MsgId: MMSG-17999]
    2023-06-17 21:11:14.230 : User is logged in with session 136655.995868773HAcQctcpHiHftcVHfptfzHcf	[MsgId: MMSG-17999]
    2023-06-17 21:11:18.684 : User is logged out of session	[MsgId: MMSG-17999]
  2023-06-17 21:13:15.656 : IterationNum=204	[MsgId: MMSG-17999]
   USER 204 = user70:pwd70	[MsgId: MMSG-17999]
    2023-06-17 21:13:15.750 : Start page is opened	[MsgId: MMSG-17999]
    2023-06-17 21:13:20.298 : User is logged in with session 136656.006075334HAcQctDpDVcftcVHfptfQiHf	[MsgId: MMSG-17999]
    2023-06-17 21:13:25.417 : User is logged out of session	[MsgId: MMSG-17999]
  2023-06-17 21:15:21.671 : IterationNum=205	[MsgId: MMSG-17999]
   USER 205 = user70:pwd70	[MsgId: MMSG-17999]
    2023-06-17 21:15:21.764 : Start page is opened	[MsgId: MMSG-17999]
    2023-06-17 21:15:27.179 : User is logged in with session 136656.016281896HAcQctDpiDHftcVHfptzDAcf	[MsgId: MMSG-17999]
    2023-06-17 21:15:32.347 : User is logged out of session	[MsgId: MMSG-17999]
  2023-06-17 21:17:27.680 : IterationNum=206	[MsgId: MMSG-17999]
   USER 206 = user70:pwd70	[MsgId: MMSG-17999]
    2023-06-17 21:17:27.773 : Start page is opened	[MsgId: MMSG-17999]
    2023-06-17 21:17:32.359 : User is logged in with session 136656.026488457HAcQcttpDzcftcVHfptzzVHf	[MsgId: MMSG-17999]
    2023-06-17 21:17:37.732 : User is logged out of session	[MsgId: MMSG-17999]
  2023-06-17 21:19:33.684 : IterationNum=207	[MsgId: MMSG-17999]
   USER 207 = user70:pwd70	[MsgId: MMSG-17999]
    2023-06-17 21:19:33.779 : Start page is opened	[MsgId: MMSG-17999]
    2023-06-17 21:19:38.836 : User is logged in with session 136656.036695018HAcQcttpiiHftcVHfptzQDcf	[MsgId: MMSG-17999]
    2023-06-17 21:19:42.734 : User is logged out of session	[MsgId: MMSG-17999]
  2023-06-17 21:21:39.693 : IterationNum=208	[MsgId: MMSG-17999]
   USER 208 = user70:pwd70	[MsgId: MMSG-17999]
    2023-06-17 21:21:39.787 : Start page is opened	[MsgId: MMSG-17999]
    2023-06-17 21:21:45.788 : User is logged in with session 136656.04690158HAcQctfptVcftcVHfptHctHf	[MsgId: MMSG-17999]
    2023-06-17 21:21:51.351 : User is logged out of session	[MsgId: MMSG-17999]
  2023-06-17 21:23:45.695 : IterationNum=209	[MsgId: MMSG-17999]
   USER 209 = user70:pwd70	[MsgId: MMSG-17999]
    2023-06-17 21:23:45.790 : Start page is opened	[MsgId: MMSG-17999]
    2023-06-17 21:23:50.339 : User is logged in with session 136656.057108141HAcQctfpQDHftcVHfptHfzcf	[MsgId: MMSG-17999]
    2023-06-17 21:23:56.055 : User is logged out of session	[MsgId: MMSG-17999]
  2023-06-17 21:25:51.705 : IterationNum=210	[MsgId: MMSG-17999]
   USER 210 = user70:pwd70	[MsgId: MMSG-17999]
    2023-06-17 21:25:51.797 : Start page is opened	[MsgId: MMSG-17999]
    2023-06-17 21:25:57.483 : User is logged in with session 136656.067314702HAcQctzptzcftcVHfptHiHHf	[MsgId: MMSG-17999]
    2023-06-17 21:26:03.079 : User is logged out of session	[MsgId: MMSG-17999]
  2023-06-17 21:27:57.718 : IterationNum=211	[MsgId: MMSG-17999]
   USER 211 = user70:pwd70	[MsgId: MMSG-17999]
    2023-06-17 21:27:57.812 : Start page is opened	[MsgId: MMSG-17999]
    2023-06-17 21:28:02.890 : User is logged in with session 136656.077521264HAcQctzpQiHftcVHfptiVQcf	[MsgId: MMSG-17999]
    2023-06-17 21:28:08.023 : User is logged out of session	[MsgId: MMSG-17999]
  2023-06-17 21:30:03.721 : IterationNum=212	[MsgId: MMSG-17999]
   USER 212 = user70:pwd70	[MsgId: MMSG-17999]
    2023-06-17 21:30:03.816 : Start page is opened	[MsgId: MMSG-17999]
    2023-06-17 21:30:08.701 : User is logged in with session 136656.087727825HAcQctHpfVcftcVHfptifAHf	[MsgId: MMSG-17999]
    2023-06-17 21:30:12.718 : User is logged out of session	[MsgId: MMSG-17999]
  2023-06-17 21:32:09.732 : IterationNum=213	[MsgId: MMSG-17999]
   USER 213 = user70:pwd70	[MsgId: MMSG-17999]
    2023-06-17 21:32:09.825 : Start page is opened	[MsgId: MMSG-17999]
    2023-06-17 21:32:14.309 : User is logged in with session 136656.097934386HAcQctipADHftcVHfptiiccf	[MsgId: MMSG-17999]
    2023-06-17 21:32:19.838 : User is logged out of session	[MsgId: MMSG-17999]
  2023-06-17 21:34:15.737 : IterationNum=214	[MsgId: MMSG-17999]
   USER 214 = user70:pwd70	[MsgId: MMSG-17999]
    2023-06-17 21:34:15.831 : Start page is opened	[MsgId: MMSG-17999]
    2023-06-17 21:34:19.901 : User is logged in with session 136656.108140948HAcQctipfzcftcVHfptQVDHf	[MsgId: MMSG-17999]
    2023-06-17 21:34:25.937 : User is logged out of session	[MsgId: MMSG-17999]
  2023-06-17 21:36:21.753 : IterationNum=215	[MsgId: MMSG-17999]
   USER 215 = user70:pwd70	[MsgId: MMSG-17999]
    2023-06-17 21:36:21.845 : Start page is opened	[MsgId: MMSG-17999]
    2023-06-17 21:36:27.825 : User is logged in with session 136656.118347509HAcQctQpAiHftcVHfptQtfcf	[MsgId: MMSG-17999]
    2023-06-17 21:36:33.452 : User is logged out of session	[MsgId: MMSG-17999]
  2023-06-17 21:38:27.766 : IterationNum=216	[MsgId: MMSG-17999]
   USER 216 = user70:pwd70	[MsgId: MMSG-17999]
    2023-06-17 21:38:27.861 : Start page is opened	[MsgId: MMSG-17999]
    2023-06-17 21:38:33.983 : User is logged in with session 136656.12855407HAcQctQpzVcftcVHfptQHzHf	[MsgId: MMSG-17999]
    2023-06-17 21:38:40.350 : User is logged out of session	[MsgId: MMSG-17999]
  2023-06-17 21:40:33.780 : IterationNum=217	[MsgId: MMSG-17999]
   USER 217 = user70:pwd70	[MsgId: MMSG-17999]
    2023-06-17 21:40:33.874 : Start page is opened	[MsgId: MMSG-17999]
    2023-06-17 21:40:39.618 : User is logged in with session 136656.138760632HAcQcfApVDHftcVHfpfAAicf	[MsgId: MMSG-17999]
    2023-06-17 21:40:45.112 : User is logged out of session	[MsgId: MMSG-17999]
  2023-06-17 21:42:39.785 : IterationNum=218	[MsgId: MMSG-17999]
   USER 218 = user70:pwd70	[MsgId: MMSG-17999]
    2023-06-17 21:42:39.880 : Start page is opened	[MsgId: MMSG-17999]
    2023-06-17 21:42:44.859 : User is logged in with session 136656.148967193HAcQcfApzzcftcVHfpfADQHf	[MsgId: MMSG-17999]
    2023-06-17 21:42:48.786 : User is logged out of session	[MsgId: MMSG-17999]
  2023-06-17 21:44:45.794 : IterationNum=219	[MsgId: MMSG-17999]
   USER 219 = user70:pwd70	[MsgId: MMSG-17999]
    2023-06-17 21:44:45.888 : Start page is opened	[MsgId: MMSG-17999]
    2023-06-17 21:44:52.266 : User is logged in with session 136656.159173755HAcQcfVpViHftcVHfpfAHVcf	[MsgId: MMSG-17999]
    2023-06-17 21:44:56.288 : User is logged out of session	[MsgId: MMSG-17999]
  2023-06-17 21:46:51.797 : IterationNum=220	[MsgId: MMSG-17999]
   USER 220 = user70:pwd70	[MsgId: MMSG-17999]
    2023-06-17 21:46:51.891 : Start page is opened	[MsgId: MMSG-17999]
    2023-06-17 21:46:56.620 : User is logged in with session 136656.169380316HAcQcfVpHVcftcVHfpfVAcHf	[MsgId: MMSG-17999]
    2023-06-17 21:47:02.966 : User is logged out of session	[MsgId: MMSG-17999]
  2023-06-17 21:48:57.809 : IterationNum=221	[MsgId: MMSG-17999]
   USER 221 = user70:pwd70	[MsgId: MMSG-17999]
    2023-06-17 21:48:57.902 : Start page is opened	[MsgId: MMSG-17999]
    2023-06-17 21:49:02.450 : User is logged in with session 136656.179586877HAcQcfcpcDHftcVHfpfVDtcf	[MsgId: MMSG-17999]
    2023-06-17 21:49:07.165 : User is logged out of session	[MsgId: MMSG-17999]
  2023-06-17 21:51:03.818 : IterationNum=222	[MsgId: MMSG-17999]
   USER 222 = user70:pwd70	[MsgId: MMSG-17999]
    2023-06-17 21:51:03.913 : Start page is opened	[MsgId: MMSG-17999]
    2023-06-17 21:51:08.107 : User is logged in with session 136656.189793439HAcQcfcpHzcftcVHfpfVzfHf	[MsgId: MMSG-17999]
    2023-06-17 21:51:12.482 : User is logged out of session	[MsgId: MMSG-17999]
  2023-06-17 21:53:09.819 : IterationNum=223	[MsgId: MMSG-17999]
   USER 223 = user70:pwd70	[MsgId: MMSG-17999]
    2023-06-17 21:53:09.913 : Start page is opened	[MsgId: MMSG-17999]
    2023-06-17 21:53:15.078 : User is logged in with session 136656.2HAcQcfDpciHftcVHfpfVQHcf	[MsgId: MMSG-17999]
    2023-06-17 21:53:21.170 : User is logged out of session	[MsgId: MMSG-17999]
  2023-06-17 21:55:15.825 : IterationNum=224	[MsgId: MMSG-17999]
   USER 224 = user70:pwd70	[MsgId: MMSG-17999]
    2023-06-17 21:55:15.919 : Start page is opened	[MsgId: MMSG-17999]
    2023-06-17 21:55:22.090 : User is logged in with session 136656.210206561HAcQcfDpiVcftcVHfpfcciHf	[MsgId: MMSG-17999]
    2023-06-17 21:55:28.411 : User is logged out of session	[MsgId: MMSG-17999]
  2023-06-17 21:57:21.839 : IterationNum=225	[MsgId: MMSG-17999]
   USER 225 = user70:pwd70	[MsgId: MMSG-17999]
    2023-06-17 21:57:21.934 : Start page is opened	[MsgId: MMSG-17999]
    2023-06-17 21:57:28.163 : User is logged in with session 136656.220413123HAcQcftpDDHftcVHfpfczAcf	[MsgId: MMSG-17999]
    2023-06-17 21:57:32.328 : User is logged out of session	[MsgId: MMSG-17999]
  2023-06-17 21:59:27.852 : IterationNum=226	[MsgId: MMSG-17999]
   USER 226 = user70:pwd70	[MsgId: MMSG-17999]
    2023-06-17 21:59:27.946 : Start page is opened	[MsgId: MMSG-17999]
    2023-06-17 21:59:32.355 : User is logged in with session 136656.230619684HAcQcftpizcftcVHfpfcQVHf	[MsgId: MMSG-17999]
    2023-06-17 21:59:37.605 : User is logged out of session	[MsgId: MMSG-17999]
  2023-06-17 22:01:33.855 : IterationNum=227	[MsgId: MMSG-17999]
   USER 227 = user70:pwd70	[MsgId: MMSG-17999]
    2023-06-17 22:01:33.949 : Start page is opened	[MsgId: MMSG-17999]
    2023-06-17 22:01:39.183 : User is logged in with session 136656.240826245HAcQcffpDiHftcVHfpfDcDcf	[MsgId: MMSG-17999]
    2023-06-17 22:01:44.398 : User is logged out of session	[MsgId: MMSG-17999]
  2023-06-17 22:03:39.862 : IterationNum=228	[MsgId: MMSG-17999]
   USER 228 = user70:pwd70	[MsgId: MMSG-17999]
    2023-06-17 22:03:39.955 : Start page is opened	[MsgId: MMSG-17999]
    2023-06-17 22:03:44.655 : User is logged in with session 136656.251032807HAcQcffpQVcftcVHfpfDftHf	[MsgId: MMSG-17999]
    2023-06-17 22:03:49.993 : User is logged out of session	[MsgId: MMSG-17999]
  2023-06-17 22:05:45.870 : IterationNum=229	[MsgId: MMSG-17999]
   USER 229 = user70:pwd70	[MsgId: MMSG-17999]
    2023-06-17 22:05:45.964 : Start page is opened	[MsgId: MMSG-17999]
    2023-06-17 22:05:51.531 : User is logged in with session 136656.261239368HAcQcfzptDHftcVHfpfDizcf	[MsgId: MMSG-17999]
    2023-06-17 22:05:57.540 : User is logged out of session	[MsgId: MMSG-17999]
  2023-06-17 22:07:51.880 : IterationNum=230	[MsgId: MMSG-17999]
   USER 230 = user70:pwd70	[MsgId: MMSG-17999]
    2023-06-17 22:07:51.974 : Start page is opened	[MsgId: MMSG-17999]
    2023-06-17 22:07:56.936 : User is logged in with session 136656.27144593HAcQcfzpQzcftcVHfpftVHHf	[MsgId: MMSG-17999]
    2023-06-17 22:08:01.291 : User is logged out of session	[MsgId: MMSG-17999]
  2023-06-17 22:09:57.887 : IterationNum=231	[MsgId: MMSG-17999]
   USER 231 = user70:pwd70	[MsgId: MMSG-17999]
    2023-06-17 22:09:57.981 : Start page is opened	[MsgId: MMSG-17999]
    2023-06-17 22:10:02.778 : User is logged in with session 136656.281652491HAcQcfHptiHftcVHfpfttQcf	[MsgId: MMSG-17999]
    2023-06-17 22:10:07.651 : User is logged out of session	[MsgId: MMSG-17999]
  2023-06-17 22:12:03.903 : IterationNum=232	[MsgId: MMSG-17999]
   USER 232 = user70:pwd70	[MsgId: MMSG-17999]
    2023-06-17 22:12:03.996 : Start page is opened	[MsgId: MMSG-17999]
    2023-06-17 22:12:08.535 : User is logged in with session 136656.291859052HAcQcfipAVcftcVHfpftiAHf	[MsgId: MMSG-17999]
    2023-06-17 22:12:13.622 : User is logged out of session	[MsgId: MMSG-17999]
  2023-06-17 22:14:09.904 : IterationNum=233	[MsgId: MMSG-17999]
   USER 233 = user70:pwd70	[MsgId: MMSG-17999]
    2023-06-17 22:14:09.996 : Start page is opened	[MsgId: MMSG-17999]
    2023-06-17 22:14:15.440 : User is logged in with session 136656.302065614HAcQcfipfDHftcVHfpffVccf	[MsgId: MMSG-17999]
    2023-06-17 22:14:21.583 : User is logged out of session	[MsgId: MMSG-17999]
  2023-06-17 22:16:15.918 : IterationNum=234	[MsgId: MMSG-17999]
   USER 234 = user70:pwd70	[MsgId: MMSG-17999]
    2023-06-17 22:16:16.012 : Start page is opened	[MsgId: MMSG-17999]
    2023-06-17 22:16:20.114 : User is logged in with session 136656.312272175HAcQcfQpAzcftcVHfpfftDHf	[MsgId: MMSG-17999]
    2023-06-17 22:16:25.262 : User is logged out of session	[MsgId: MMSG-17999]
  2023-06-17 22:18:21.931 : IterationNum=235	[MsgId: MMSG-17999]
   USER 235 = user70:pwd70	[MsgId: MMSG-17999]
    2023-06-17 22:18:22.025 : Start page is opened	[MsgId: MMSG-17999]
    2023-06-17 22:18:27.195 : User is logged in with session 136656.322478736HAcQcfQpfiHftcVHfpffHfcf	[MsgId: MMSG-17999]
    2023-06-17 22:18:31.327 : User is logged out of session	[MsgId: MMSG-17999]
  2023-06-17 22:20:27.935 : IterationNum=236	[MsgId: MMSG-17999]
   USER 236 = user70:pwd70	[MsgId: MMSG-17999]
    2023-06-17 22:20:28.028 : Start page is opened	[MsgId: MMSG-17999]
    2023-06-17 22:20:34.285 : User is logged in with session 136656.332685298HAcQczApVVcftcVHfpfzAzHf	[MsgId: MMSG-17999]
    2023-06-17 22:20:40.316 : User is logged out of session	[MsgId: MMSG-17999]
