  2023-06-17 14:05:26.083 : IterationNum=1	[MsgId: MMSG-17999]
   USER 1 = jojo:bean	[MsgId: MMSG-17999]
    2023-06-17 14:05:26.195 : Start page is opened	[MsgId: MMSG-17999]
    2023-06-17 14:05:31.068 : User is logged in with session 136653.926771972HAcQVDzpDfiDDDDDtcVHtpiViVf	[MsgId: MMSG-17999]
    2023-06-17 14:05:36.369 : Search page opened	[MsgId: MMSG-17999]
    2023-06-17 14:05:50.300 : Flights found : 710;510;06/20/2023 and 173;417;06/17/2023	[MsgId: MMSG-17999]
    2023-06-17 14:05:50.301 : Sity depart : Seattle, Sity arrive : Frankfurt	[MsgId: MMSG-17999]
    2023-06-17 14:05:58.825 : Found Seat Type : Coach, Seat Pref : None	[MsgId: MMSG-17999]
    2023-06-17 14:06:15.572 : Booking is complect	[MsgId: MMSG-17999]
    2023-06-17 14:06:20.047 : Go to Home Page is complete	[MsgId: MMSG-17999]
    2023-06-17 14:06:25.137 : Booking is created : 308915204-90302-jb	[MsgId: MMSG-17999]
    2023-06-17 14:06:34.425 : Booking (308915204-90302-jb) is deleted	[MsgId: MMSG-17999]
    2023-06-17 14:06:38.500 : User is logged out of session	[MsgId: MMSG-17999]
  2023-06-17 14:17:26.090 : IterationNum=2	[MsgId: MMSG-17999]
   USER 2 = user1:pwd1	[MsgId: MMSG-17999]
    2023-06-17 14:17:26.184 : Start page is opened	[MsgId: MMSG-17999]
    2023-06-17 14:17:30.850 : User is logged in with session 136653.98509518HAcQVDQpDfiDDDDDtcVHtpiDzVf	[MsgId: MMSG-17999]
    2023-06-17 14:17:35.023 : Search page opened	[MsgId: MMSG-17999]
    2023-06-17 14:17:50.951 : Flights found : 021;437;06/20/2023 and 203;401;06/17/2023	[MsgId: MMSG-17999]
    2023-06-17 14:17:50.951 : Sity depart : Denver, Sity arrive : London	[MsgId: MMSG-17999]
    2023-06-17 14:18:02.513 : Found Seat Type : Business, Seat Pref : Aisle	[MsgId: MMSG-17999]
    2023-06-17 14:18:17.173 : Booking is complect	[MsgId: MMSG-17999]
    2023-06-17 14:18:22.574 : Go to Home Page is complete	[MsgId: MMSG-17999]
    2023-06-17 14:18:28.403 : Booking is created : 306297090-92602-up	[MsgId: MMSG-17999]
    2023-06-17 14:18:39.816 : Booking (306297090-92602-up) is deleted	[MsgId: MMSG-17999]
    2023-06-17 14:18:44.254 : User is logged out of session	[MsgId: MMSG-17999]
  2023-06-17 14:29:26.094 : IterationNum=3	[MsgId: MMSG-17999]
   USER 3 = user2:pwd2	[MsgId: MMSG-17999]
    2023-06-17 14:29:26.189 : Start page is opened	[MsgId: MMSG-17999]
    2023-06-17 14:29:32.161 : User is logged in with session 136654.043418388HAcQVtcpDfiDDDDDtcVHtpiftVf	[MsgId: MMSG-17999]
    2023-06-17 14:29:37.438 : Search page opened	[MsgId: MMSG-17999]
    2023-06-17 14:29:51.555 : Flights found : 853;658;06/20/2023 and 580;805;06/17/2023	[MsgId: MMSG-17999]
    2023-06-17 14:29:51.555 : Sity depart : Sydney, Sity arrive : Portland	[MsgId: MMSG-17999]
    2023-06-17 14:30:03.439 : Found Seat Type : Coach, Seat Pref : Window	[MsgId: MMSG-17999]
    2023-06-17 14:30:21.644 : Booking is complect	[MsgId: MMSG-17999]
    2023-06-17 14:30:27.613 : Go to Home Page is complete	[MsgId: MMSG-17999]
    2023-06-17 14:30:31.578 : Booking is created : 340401987-1215497-up	[MsgId: MMSG-17999]
    2023-06-17 14:30:43.585 : Booking (340401987-1215497-up) is deleted	[MsgId: MMSG-17999]
    2023-06-17 14:30:47.721 : User is logged out of session	[MsgId: MMSG-17999]
  2023-06-17 14:41:26.099 : IterationNum=4	[MsgId: MMSG-17999]
   USER 4 = user3:pwd3	[MsgId: MMSG-17999]
    2023-06-17 14:41:26.194 : Start page is opened	[MsgId: MMSG-17999]
    2023-06-17 14:41:30.853 : User is logged in with session 136654.101741596HAcQVtfpDfiDDDDDtcVHtpiHcVf	[MsgId: MMSG-17999]
    2023-06-17 14:41:36.152 : Search page opened	[MsgId: MMSG-17999]
    2023-06-17 14:41:51.879 : Flights found : 950;669;06/20/2023 and 593;548;06/17/2023	[MsgId: MMSG-17999]
    2023-06-17 14:41:51.879 : Sity depart : Zurich, Sity arrive : Portland	[MsgId: MMSG-17999]
    2023-06-17 14:42:03.391 : Found Seat Type : Business, Seat Pref : Window	[MsgId: MMSG-17999]
    2023-06-17 14:42:21.314 : Booking is complect	[MsgId: MMSG-17999]
    2023-06-17 14:42:26.799 : Go to Home Page is complete	[MsgId: MMSG-17999]
    2023-06-17 14:42:31.115 : Booking is created : 154109284-1225478-up	[MsgId: MMSG-17999]
    2023-06-17 14:42:40.767 : Booking (154109284-1225478-up) is deleted	[MsgId: MMSG-17999]
    2023-06-17 14:42:46.420 : User is logged out of session	[MsgId: MMSG-17999]
  2023-06-17 14:53:26.113 : IterationNum=5	[MsgId: MMSG-17999]
   USER 5 = user4:pwd4	[MsgId: MMSG-17999]
    2023-06-17 14:53:26.208 : Start page is opened	[MsgId: MMSG-17999]
    2023-06-17 14:53:31.355 : User is logged in with session 136654.160064804HAcQVtipDfiDDDDDtcVHtpiQAVf	[MsgId: MMSG-17999]
    2023-06-17 14:53:37.500 : Search page opened	[MsgId: MMSG-17999]
    2023-06-17 14:53:54.511 : Flights found : 601;180;06/20/2023 and 061;180;06/17/2023	[MsgId: MMSG-17999]
    2023-06-17 14:53:54.511 : Sity depart : San Francisco, Sity arrive : Denver	[MsgId: MMSG-17999]
    2023-06-17 14:54:06.626 : Found Seat Type : Coach, Seat Pref : Aisle	[MsgId: MMSG-17999]
    2023-06-17 14:54:20.859 : Booking is complect	[MsgId: MMSG-17999]
    2023-06-17 14:54:24.986 : Go to Home Page is complete	[MsgId: MMSG-17999]
    2023-06-17 14:54:29.172 : Booking is created : 365577821-81643-up	[MsgId: MMSG-17999]
    2023-06-17 14:54:38.150 : Booking (365577821-81643-up) is deleted	[MsgId: MMSG-17999]
    2023-06-17 14:54:44.328 : User is logged out of session	[MsgId: MMSG-17999]
  2023-06-17 15:05:26.123 : IterationNum=6	[MsgId: MMSG-17999]
   USER 6 = user5:pwd5	[MsgId: MMSG-17999]
    2023-06-17 15:05:26.219 : Start page is opened	[MsgId: MMSG-17999]
    2023-06-17 15:05:31.864 : User is logged in with session 136654.218388011HAcQVfVpDfiDDDDDtcVHtpQAiVf	[MsgId: MMSG-17999]
    2023-06-17 15:05:37.753 : Search page opened	[MsgId: MMSG-17999]
    2023-06-17 15:05:53.930 : Flights found : 452;852;06/20/2023 and 541;802;06/17/2023	[MsgId: MMSG-17999]
    2023-06-17 15:05:53.930 : Sity depart : Paris, Sity arrive : Portland	[MsgId: MMSG-17999]
    2023-06-17 15:06:04.256 : Found Seat Type : Business, Seat Pref : Aisle	[MsgId: MMSG-17999]
    2023-06-17 15:06:17.944 : Booking is complect	[MsgId: MMSG-17999]
    2023-06-17 15:06:22.656 : Go to Home Page is complete	[MsgId: MMSG-17999]
    2023-06-17 15:06:27.321 : Booking is created : 350387142-1185511-up	[MsgId: MMSG-17999]
    2023-06-17 15:06:36.549 : Booking (350387142-1185511-up) is deleted	[MsgId: MMSG-17999]
    2023-06-17 15:06:42.059 : User is logged out of session	[MsgId: MMSG-17999]
  2023-06-17 15:17:26.129 : IterationNum=7	[MsgId: MMSG-17999]
   USER 7 = user6:pwd6	[MsgId: MMSG-17999]
    2023-06-17 15:17:26.223 : Start page is opened	[MsgId: MMSG-17999]
    2023-06-17 15:17:32.372 : User is logged in with session 136654.276711219HAcQVftpDfiDDDDDtcVHtpQczVf	[MsgId: MMSG-17999]
    2023-06-17 15:17:38.114 : Search page opened	[MsgId: MMSG-17999]
    2023-06-17 15:17:54.501 : Flights found : 371;292;06/20/2023 and 731;292;06/17/2023	[MsgId: MMSG-17999]
    2023-06-17 15:17:54.501 : Sity depart : Los Angeles, Sity arrive : Seattle	[MsgId: MMSG-17999]
    2023-06-17 15:18:06.363 : Found Seat Type : First, Seat Pref : None	[MsgId: MMSG-17999]
    2023-06-17 15:18:23.685 : Booking is complect	[MsgId: MMSG-17999]
    2023-06-17 15:18:30.026 : Go to Home Page is complete	[MsgId: MMSG-17999]
    2023-06-17 15:18:34.095 : Booking is created : 332976714-133198-up	[MsgId: MMSG-17999]
    2023-06-17 15:18:45.153 : Booking (332976714-133198-up) is deleted	[MsgId: MMSG-17999]
    2023-06-17 15:18:49.099 : User is logged out of session	[MsgId: MMSG-17999]
  2023-06-17 15:29:26.132 : IterationNum=8	[MsgId: MMSG-17999]
   USER 8 = user6:pwd6	[MsgId: MMSG-17999]
    2023-06-17 15:29:26.226 : Start page is opened	[MsgId: MMSG-17999]
    2023-06-17 15:29:30.810 : User is logged in with session 136654.335034427HAcQVfHpDfiDDDDDtcVHtpQttVf	[MsgId: MMSG-17999]
    2023-06-17 15:29:36.455 : Search page opened	[MsgId: MMSG-17999]
    2023-06-17 15:29:48.624 : Flights found : 521;927;06/20/2023 and 251;927;06/17/2023	[MsgId: MMSG-17999]
    2023-06-17 15:29:48.624 : Sity depart : Portland, Sity arrive : London	[MsgId: MMSG-17999]
    2023-06-17 15:29:57.941 : Found Seat Type : First, Seat Pref : Window	[MsgId: MMSG-17999]
    2023-06-17 15:30:10.839 : Booking is complect	[MsgId: MMSG-17999]
    2023-06-17 15:30:17.051 : Go to Home Page is complete	[MsgId: MMSG-17999]
    2023-06-17 15:30:21.046 : Booking is created : 332982293-962450-up	[MsgId: MMSG-17999]
    2023-06-17 15:30:30.423 : Booking (332982293-962450-up) is deleted	[MsgId: MMSG-17999]
    2023-06-17 15:30:34.858 : User is logged out of session	[MsgId: MMSG-17999]
  2023-06-17 15:41:26.142 : IterationNum=9	[MsgId: MMSG-17999]
   USER 9 = user6:pwd6	[MsgId: MMSG-17999]
    2023-06-17 15:41:26.236 : Start page is opened	[MsgId: MMSG-17999]
    2023-06-17 15:41:30.397 : User is logged in with session 136654.393357635HAcQVzApDfiDDDDDtcVHtpQzcVf	[MsgId: MMSG-17999]
    2023-06-17 15:41:35.635 : Search page opened	[MsgId: MMSG-17999]
    2023-06-17 15:41:51.041 : Flights found : 042;481;06/20/2023 and 400;508;06/17/2023	[MsgId: MMSG-17999]
    2023-06-17 15:41:51.041 : Sity depart : Denver, Sity arrive : Paris	[MsgId: MMSG-17999]
    2023-06-17 15:41:59.750 : Found Seat Type : Business, Seat Pref : Window	[MsgId: MMSG-17999]
    2023-06-17 15:42:12.965 : Booking is complect	[MsgId: MMSG-17999]
    2023-06-17 15:42:18.437 : Go to Home Page is complete	[MsgId: MMSG-17999]
    2023-06-17 15:42:23.941 : Booking is created : 332964536-107768-up	[MsgId: MMSG-17999]
    2023-06-17 15:42:32.017 : Booking (332964536-107768-up) is deleted	[MsgId: MMSG-17999]
    2023-06-17 15:42:38.045 : User is logged out of session	[MsgId: MMSG-17999]
  2023-06-17 15:53:26.152 : IterationNum=10	[MsgId: MMSG-17999]
   USER 10 = user6:pwd6	[MsgId: MMSG-17999]
    2023-06-17 15:53:26.246 : Start page is opened	[MsgId: MMSG-17999]
    2023-06-17 15:53:32.451 : User is logged in with session 136654.451680842HAcQVzDpDfiDDDDDtcVHtpQiAVf	[MsgId: MMSG-17999]
    2023-06-17 15:53:37.473 : Search page opened	[MsgId: MMSG-17999]
    2023-06-17 15:53:49.689 : Flights found : 733;143;06/20/2023 and 370;174;06/17/2023	[MsgId: MMSG-17999]
    2023-06-17 15:53:49.689 : Sity depart : Seattle, Sity arrive : Los Angeles	[MsgId: MMSG-17999]
    2023-06-17 15:54:00.358 : Found Seat Type : Coach, Seat Pref : Window	[MsgId: MMSG-17999]
    2023-06-17 15:54:14.288 : Booking is complect	[MsgId: MMSG-17999]
    2023-06-17 15:54:19.121 : Go to Home Page is complete	[MsgId: MMSG-17999]
    2023-06-17 15:54:24.728 : Booking is created : 332990116-105409-up	[MsgId: MMSG-17999]
    2023-06-17 15:54:35.849 : Booking (332990116-105409-up) is deleted	[MsgId: MMSG-17999]
    2023-06-17 15:54:40.070 : User is logged out of session	[MsgId: MMSG-17999]
  2023-06-17 16:05:26.162 : IterationNum=11	[MsgId: MMSG-17999]
   USER 11 = user6:pwd6	[MsgId: MMSG-17999]
    2023-06-17 16:05:26.256 : Start page is opened	[MsgId: MMSG-17999]
    2023-06-17 16:05:30.812 : User is logged in with session 136654.51000405HAcQVzzpDfiDDDDDtcVHtpQQiVf	[MsgId: MMSG-17999]
    2023-06-17 16:05:34.956 : Search page opened	[MsgId: MMSG-17999]
    2023-06-17 16:05:53.386 : Flights found : 060;293;06/20/2023 and 603;240;06/17/2023	[MsgId: MMSG-17999]
    2023-06-17 16:05:53.386 : Sity depart : Denver, Sity arrive : San Francisco	[MsgId: MMSG-17999]
    2023-06-17 16:06:05.333 : Found Seat Type : Business, Seat Pref : None	[MsgId: MMSG-17999]
    2023-06-17 16:06:24.027 : Booking is complect	[MsgId: MMSG-17999]
    2023-06-17 16:06:30.273 : Go to Home Page is complete	[MsgId: MMSG-17999]
    2023-06-17 16:06:34.314 : Booking is created : 332965196-123348-up	[MsgId: MMSG-17999]
    2023-06-17 16:06:46.567 : Booking (332965196-123348-up) is deleted	[MsgId: MMSG-17999]
    2023-06-17 16:06:51.564 : User is logged out of session	[MsgId: MMSG-17999]
  2023-06-17 16:17:26.173 : IterationNum=12	[MsgId: MMSG-17999]
   USER 12 = user6:pwd6	[MsgId: MMSG-17999]
    2023-06-17 16:17:26.267 : Start page is opened	[MsgId: MMSG-17999]
    2023-06-17 16:17:31.211 : User is logged in with session 136654.568327258HAcQVzQpDfiDDDDDtcVHfpAVzVf	[MsgId: MMSG-17999]
    2023-06-17 16:17:35.570 : Search page opened	[MsgId: MMSG-17999]
    2023-06-17 16:17:53.935 : Flights found : 300;251;06/20/2023 and 033;206;06/17/2023	[MsgId: MMSG-17999]
    2023-06-17 16:17:53.935 : Sity depart : Los Angeles, Sity arrive : Denver	[MsgId: MMSG-17999]
    2023-06-17 16:18:01.672 : Found Seat Type : Coach, Seat Pref : None	[MsgId: MMSG-17999]
    2023-06-17 16:18:19.570 : Booking is complect	[MsgId: MMSG-17999]
    2023-06-17 16:18:25.327 : Go to Home Page is complete	[MsgId: MMSG-17999]
    2023-06-17 16:18:31.690 : Booking is created : 332974083-79496-up	[MsgId: MMSG-17999]
    2023-06-17 16:18:41.893 : Booking (332974083-79496-up) is deleted	[MsgId: MMSG-17999]
    2023-06-17 16:18:45.857 : User is logged out of session	[MsgId: MMSG-17999]
  2023-06-17 16:29:26.184 : IterationNum=13	[MsgId: MMSG-17999]
   USER 13 = user6:pwd6	[MsgId: MMSG-17999]
    2023-06-17 16:29:26.278 : Start page is opened	[MsgId: MMSG-17999]
    2023-06-17 16:29:32.563 : User is logged in with session 136654.626650466HAcQVHcpDfiDDDDDtcVHfpADtVf	[MsgId: MMSG-17999]
    2023-06-17 16:29:38.046 : Search page opened	[MsgId: MMSG-17999]
    2023-06-17 16:29:54.795 : Flights found : 812;2162;06/20/2023 and 182;2162;06/17/2023	[MsgId: MMSG-17999]
    2023-06-17 16:29:54.795 : Sity depart : Sydney, Sity arrive : Frankfurt	[MsgId: MMSG-17999]
    2023-06-17 16:30:03.222 : Found Seat Type : First, Seat Pref : Window	[MsgId: MMSG-17999]
    2023-06-17 16:30:21.571 : Booking is complect	[MsgId: MMSG-17999]
    2023-06-17 16:30:27.652 : Go to Home Page is complete	[MsgId: MMSG-17999]
    2023-06-17 16:30:31.862 : Booking is created : 3329930450-909563-up	[MsgId: MMSG-17999]
    2023-06-17 16:30:43.557 : Booking (3329930450-909563-up) is deleted	[MsgId: MMSG-17999]
    2023-06-17 16:30:49.100 : User is logged out of session	[MsgId: MMSG-17999]
  2023-06-17 16:41:26.192 : IterationNum=14	[MsgId: MMSG-17999]
   USER 14 = user6:pwd6	[MsgId: MMSG-17999]
    2023-06-17 16:41:26.287 : Start page is opened	[MsgId: MMSG-17999]
    2023-06-17 16:41:32.115 : User is logged in with session 136654.684973674HAcQVHfpDfiDDDDDtcVHfpAfcVf	[MsgId: MMSG-17999]
    2023-06-17 16:41:36.963 : Search page opened	[MsgId: MMSG-17999]
    2023-06-17 16:41:50.430 : Flights found : 490;143;06/20/2023 and 943;117;06/17/2023	[MsgId: MMSG-17999]
    2023-06-17 16:41:50.430 : Sity depart : Paris, Sity arrive : Zurich	[MsgId: MMSG-17999]
    2023-06-17 16:41:58.991 : Found Seat Type : Coach, Seat Pref : Aisle	[MsgId: MMSG-17999]
    2023-06-17 16:42:16.793 : Booking is complect	[MsgId: MMSG-17999]
    2023-06-17 16:42:20.891 : Go to Home Page is complete	[MsgId: MMSG-17999]
    2023-06-17 16:42:26.921 : Booking is created : 332981116-149481-up	[MsgId: MMSG-17999]
    2023-06-17 16:42:36.245 : Booking (332981116-149481-up) is deleted	[MsgId: MMSG-17999]
    2023-06-17 16:42:40.123 : User is logged out of session	[MsgId: MMSG-17999]
  2023-06-17 16:53:26.197 : IterationNum=15	[MsgId: MMSG-17999]
   USER 15 = user6:pwd6	[MsgId: MMSG-17999]
    2023-06-17 16:53:26.292 : Start page is opened	[MsgId: MMSG-17999]
    2023-06-17 16:53:30.969 : User is logged in with session 136654.743296881HAcQVHipDfiDDDDDtcVHfpAHAVf	[MsgId: MMSG-17999]
    2023-06-17 16:53:35.065 : Search page opened	[MsgId: MMSG-17999]
    2023-06-17 16:53:52.862 : Flights found : 043;416;06/20/2023 and 401;453;06/17/2023	[MsgId: MMSG-17999]
    2023-06-17 16:53:52.862 : Sity depart : Denver, Sity arrive : Paris	[MsgId: MMSG-17999]
    2023-06-17 16:54:03.586 : Found Seat Type : Business, Seat Pref : Window	[MsgId: MMSG-17999]
    2023-06-17 16:54:17.682 : Booking is complect	[MsgId: MMSG-17999]
    2023-06-17 16:54:23.436 : Go to Home Page is complete	[MsgId: MMSG-17999]
    2023-06-17 16:54:28.599 : Booking is created : 332964570-107836-up	[MsgId: MMSG-17999]
    2023-06-17 16:54:40.927 : Booking (332964570-107836-up) is deleted	[MsgId: MMSG-17999]
    2023-06-17 16:54:46.976 : User is logged out of session	[MsgId: MMSG-17999]
  2023-06-17 17:05:26.204 : IterationNum=16	[MsgId: MMSG-17999]
   USER 16 = user6:pwd6	[MsgId: MMSG-17999]
    2023-06-17 17:05:26.298 : Start page is opened	[MsgId: MMSG-17999]
    2023-06-17 17:05:32.299 : User is logged in with session 136654.801620089HAcQViVpDfiDDDDDtcVHfpAiiVf	[MsgId: MMSG-17999]
    2023-06-17 17:05:37.406 : Search page opened	[MsgId: MMSG-17999]
    2023-06-17 17:05:49.806 : Flights found : 621;979;06/20/2023 and 262;1039;06/17/2023	[MsgId: MMSG-17999]
    2023-06-17 17:05:49.807 : Sity depart : San Francisco, Sity arrive : London	[MsgId: MMSG-17999]
    2023-06-17 17:06:00.221 : Found Seat Type : First, Seat Pref : Aisle	[MsgId: MMSG-17999]
    2023-06-17 17:06:17.675 : Booking is complect	[MsgId: MMSG-17999]
    2023-06-17 17:06:22.701 : Go to Home Page is complete	[MsgId: MMSG-17999]
    2023-06-17 17:06:27.344 : Booking is created : 332985999-970924-up	[MsgId: MMSG-17999]
    2023-06-17 17:06:36.739 : Booking (332985999-970924-up) is deleted	[MsgId: MMSG-17999]
    2023-06-17 17:06:40.890 : User is logged out of session	[MsgId: MMSG-17999]
  2023-06-17 17:17:26.219 : IterationNum=17	[MsgId: MMSG-17999]
   USER 17 = user6:pwd6	[MsgId: MMSG-17999]
    2023-06-17 17:17:26.313 : Start page is opened	[MsgId: MMSG-17999]
    2023-06-17 17:17:31.265 : User is logged in with session 136654.859943297HAcQVitpDfiDDDDDtcVHfpVAzVf	[MsgId: MMSG-17999]
    2023-06-17 17:17:37.349 : Search page opened	[MsgId: MMSG-17999]
    2023-06-17 17:17:52.090 : Flights found : 863;873;06/20/2023 and 681;950;06/17/2023	[MsgId: MMSG-17999]
    2023-06-17 17:17:52.090 : Sity depart : Sydney, Sity arrive : San Francisco	[MsgId: MMSG-17999]
    2023-06-17 17:18:02.906 : Found Seat Type : Business, Seat Pref : Window	[MsgId: MMSG-17999]
    2023-06-17 17:18:18.173 : Booking is complect	[MsgId: MMSG-17999]
    2023-06-17 17:18:22.893 : Go to Home Page is complete	[MsgId: MMSG-17999]
    2023-06-17 17:18:27.040 : Booking is created : 332994958-1293217-up	[MsgId: MMSG-17999]
    2023-06-17 17:18:35.845 : Booking (332994958-1293217-up) is deleted	[MsgId: MMSG-17999]
    2023-06-17 17:18:41.743 : User is logged out of session	[MsgId: MMSG-17999]
  2023-06-17 17:29:26.227 : IterationNum=18	[MsgId: MMSG-17999]
   USER 18 = user6:pwd6	[MsgId: MMSG-17999]
    2023-06-17 17:29:26.322 : Start page is opened	[MsgId: MMSG-17999]
    2023-06-17 17:29:30.587 : User is logged in with session 136654.918266505HAcQViHpDfiDDDDDtcVHfpVctVf	[MsgId: MMSG-17999]
    2023-06-17 17:29:36.201 : Search page opened	[MsgId: MMSG-17999]
    2023-06-17 17:29:53.868 : Flights found : 123;408;06/20/2023 and 213;408;06/17/2023	[MsgId: MMSG-17999]
    2023-06-17 17:29:53.868 : Sity depart : Frankfurt, Sity arrive : London	[MsgId: MMSG-17999]
    2023-06-17 17:30:04.897 : Found Seat Type : First, Seat Pref : Aisle	[MsgId: MMSG-17999]
    2023-06-17 17:30:20.521 : Booking is complect	[MsgId: MMSG-17999]
    2023-06-17 17:30:26.693 : Go to Home Page is complete	[MsgId: MMSG-17999]
    2023-06-17 17:30:32.280 : Booking is created : 332967533-93370-up	[MsgId: MMSG-17999]
    2023-06-17 17:30:44.550 : Booking (332967533-93370-up) is deleted	[MsgId: MMSG-17999]
    2023-06-17 17:30:50.619 : User is logged out of session	[MsgId: MMSG-17999]
  2023-06-17 17:41:26.231 : IterationNum=19	[MsgId: MMSG-17999]
   USER 19 = user6:pwd6	[MsgId: MMSG-17999]
    2023-06-17 17:41:26.325 : Start page is opened	[MsgId: MMSG-17999]
    2023-06-17 17:41:31.314 : User is logged in with session 136654.976589712HAcQVQApDfiDDDDDtcVHfpVtcVf	[MsgId: MMSG-17999]
    2023-06-17 17:41:35.564 : Search page opened	[MsgId: MMSG-17999]
    2023-06-17 17:41:50.880 : Flights found : 140;128;06/20/2023 and 411;114;06/17/2023	[MsgId: MMSG-17999]
    2023-06-17 17:41:50.880 : Sity depart : Frankfurt, Sity arrive : Paris	[MsgId: MMSG-17999]
    2023-06-17 17:41:58.620 : Found Seat Type : Coach, Seat Pref : None	[MsgId: MMSG-17999]
    2023-06-17 17:42:14.879 : Booking is complect	[MsgId: MMSG-17999]
    2023-06-17 17:42:20.478 : Go to Home Page is complete	[MsgId: MMSG-17999]
    2023-06-17 17:42:24.941 : Booking is created : 332968152-108557-up	[MsgId: MMSG-17999]
    2023-06-17 17:42:34.552 : Booking (332968152-108557-up) is deleted	[MsgId: MMSG-17999]
    2023-06-17 17:42:39.959 : User is logged out of session	[MsgId: MMSG-17999]
  2023-06-17 17:53:26.242 : IterationNum=20	[MsgId: MMSG-17999]
   USER 20 = user6:pwd6	[MsgId: MMSG-17999]
    2023-06-17 17:53:26.337 : Start page is opened	[MsgId: MMSG-17999]
    2023-06-17 17:53:30.414 : User is logged in with session 136655.03491292HAcQVQDpDfiDDDDDtcVHfpVzAVf	[MsgId: MMSG-17999]
    2023-06-17 17:53:34.280 : Search page opened	[MsgId: MMSG-17999]
    2023-06-17 17:53:50.158 : Flights found : 080;1148;06/20/2023 and 800;1148;06/17/2023	[MsgId: MMSG-17999]
    2023-06-17 17:53:50.158 : Sity depart : Denver, Sity arrive : Sydney	[MsgId: MMSG-17999]
    2023-06-17 17:54:02.460 : Found Seat Type : Business, Seat Pref : Aisle	[MsgId: MMSG-17999]
    2023-06-17 17:54:15.570 : Booking is complect	[MsgId: MMSG-17999]
    2023-06-17 17:54:20.018 : Go to Home Page is complete	[MsgId: MMSG-17999]
    2023-06-17 17:54:26.266 : Booking is created : 3329659301-1384792-up	[MsgId: MMSG-17999]
    2023-06-17 17:54:35.937 : Booking (3329659301-1384792-up) is deleted	[MsgId: MMSG-17999]
    2023-06-17 17:54:39.882 : User is logged out of session	[MsgId: MMSG-17999]
  2023-06-17 18:05:26.248 : IterationNum=21	[MsgId: MMSG-17999]
   USER 21 = user6:pwd6	[MsgId: MMSG-17999]
    2023-06-17 18:05:26.341 : Start page is opened	[MsgId: MMSG-17999]
    2023-06-17 18:05:31.619 : User is logged in with session 136655.093236128HAcQVQzpDfiDDDDDtcVHfpVHiVf	[MsgId: MMSG-17999]
    2023-06-17 18:05:36.563 : Search page opened	[MsgId: MMSG-17999]
    2023-06-17 18:05:52.537 : Flights found : 101;498;06/20/2023 and 012;529;06/17/2023	[MsgId: MMSG-17999]
    2023-06-17 18:05:52.537 : Sity depart : Frankfurt, Sity arrive : Denver	[MsgId: MMSG-17999]
    2023-06-17 18:06:02.402 : Found Seat Type : Business, Seat Pref : Window	[MsgId: MMSG-17999]
    2023-06-17 18:06:14.199 : Booking is complect	[MsgId: MMSG-17999]
    2023-06-17 18:06:18.823 : Go to Home Page is complete	[MsgId: MMSG-17999]
    2023-06-17 18:06:24.703 : Booking is created : 332966722-778540-up	[MsgId: MMSG-17999]
    2023-06-17 18:06:33.936 : Booking (332966722-778540-up) is deleted	[MsgId: MMSG-17999]
    2023-06-17 18:06:37.976 : User is logged out of session	[MsgId: MMSG-17999]
  2023-06-17 18:17:26.252 : IterationNum=22	[MsgId: MMSG-17999]
   USER 22 = user6:pwd6	[MsgId: MMSG-17999]
    2023-06-17 18:17:26.346 : Start page is opened	[MsgId: MMSG-17999]
    2023-06-17 18:17:31.655 : User is logged in with session 136655.151559336HAcQVQQpDfiDDDDDtcVHfpVQzVf	[MsgId: MMSG-17999]
    2023-06-17 18:17:37.593 : Search page opened	[MsgId: MMSG-17999]
    2023-06-17 18:17:54.967 : Flights found : 142;121;06/20/2023 and 410;128;06/17/2023	[MsgId: MMSG-17999]
    2023-06-17 18:17:54.967 : Sity depart : Frankfurt, Sity arrive : Paris	[MsgId: MMSG-17999]
    2023-06-17 18:18:04.225 : Found Seat Type : Coach, Seat Pref : Window	[MsgId: MMSG-17999]
    2023-06-17 18:18:17.914 : Booking is complect	[MsgId: MMSG-17999]
    2023-06-17 18:18:22.559 : Go to Home Page is complete	[MsgId: MMSG-17999]
    2023-06-17 18:18:28.465 : Booking is created : 332968226-108480-up	[MsgId: MMSG-17999]
    2023-06-17 18:18:36.222 : Booking (332968226-108480-up) is deleted	[MsgId: MMSG-17999]
    2023-06-17 18:18:41.305 : User is logged out of session	[MsgId: MMSG-17999]
  2023-06-17 18:29:26.262 : IterationNum=23	[MsgId: MMSG-17999]
   USER 23 = user6:pwd6	[MsgId: MMSG-17999]
    2023-06-17 18:29:26.357 : Start page is opened	[MsgId: MMSG-17999]
    2023-06-17 18:29:32.567 : User is logged in with session 136655.209882544HAcQcAcpDfiDDDDDtcVHfpcVtVf	[MsgId: MMSG-17999]
    2023-06-17 18:29:37.364 : Search page opened	[MsgId: MMSG-17999]
    2023-06-17 18:29:53.658 : Flights found : 213;217;06/20/2023 and 122;251;06/17/2023	[MsgId: MMSG-17999]
    2023-06-17 18:29:53.658 : Sity depart : London, Sity arrive : Frankfurt	[MsgId: MMSG-17999]
    2023-06-17 18:30:02.169 : Found Seat Type : Coach, Seat Pref : None	[MsgId: MMSG-17999]
    2023-06-17 18:30:16.611 : Booking is complect	[MsgId: MMSG-17999]
    2023-06-17 18:30:22.744 : Go to Home Page is complete	[MsgId: MMSG-17999]
    2023-06-17 18:30:27.457 : Booking is created : 332970859-86343-up	[MsgId: MMSG-17999]
    2023-06-17 18:30:36.602 : Booking (332970859-86343-up) is deleted	[MsgId: MMSG-17999]
    2023-06-17 18:30:42.079 : User is logged out of session	[MsgId: MMSG-17999]
  2023-06-17 18:41:26.263 : IterationNum=24	[MsgId: MMSG-17999]
   USER 24 = user6:pwd6	[MsgId: MMSG-17999]
    2023-06-17 18:41:26.357 : Start page is opened	[MsgId: MMSG-17999]
    2023-06-17 18:41:32.091 : User is logged in with session 136655.268205751HAcQcAfpDfiDDDDDtcVHfpcDcVf	[MsgId: MMSG-17999]
    2023-06-17 18:41:38.218 : Search page opened	[MsgId: MMSG-17999]
    2023-06-17 18:41:50.458 : Flights found : 290;187;06/20/2023 and 923;153;06/17/2023	[MsgId: MMSG-17999]
    2023-06-17 18:41:50.458 : Sity depart : London, Sity arrive : Zurich	[MsgId: MMSG-17999]
    2023-06-17 18:42:02.261 : Found Seat Type : Coach, Seat Pref : None	[MsgId: MMSG-17999]
    2023-06-17 18:42:16.047 : Booking is complect	[MsgId: MMSG-17999]
    2023-06-17 18:42:21.334 : Go to Home Page is complete	[MsgId: MMSG-17999]
    2023-06-17 18:42:26.948 : Booking is created : 332973710-147949-up	[MsgId: MMSG-17999]
    2023-06-17 18:42:37.436 : Booking (332973710-147949-up) is deleted	[MsgId: MMSG-17999]
    2023-06-17 18:42:41.502 : User is logged out of session	[MsgId: MMSG-17999]
  2023-06-17 18:53:26.273 : IterationNum=25	[MsgId: MMSG-17999]
   USER 25 = user6:pwd6	[MsgId: MMSG-17999]
    2023-06-17 18:53:26.368 : Start page is opened	[MsgId: MMSG-17999]
    2023-06-17 18:53:32.337 : User is logged in with session 136655.326528959HAcQcAipDfiDDDDDtcVHfpcfAVf	[MsgId: MMSG-17999]
    2023-06-17 18:53:37.861 : Search page opened	[MsgId: MMSG-17999]
    2023-06-17 18:53:54.459 : Flights found : 201;301;06/20/2023 and 021;301;06/17/2023	[MsgId: MMSG-17999]
    2023-06-17 18:53:54.459 : Sity depart : London, Sity arrive : Denver	[MsgId: MMSG-17999]
    2023-06-17 18:54:05.002 : Found Seat Type : Coach, Seat Pref : None	[MsgId: MMSG-17999]
    2023-06-17 18:54:20.466 : Booking is complect	[MsgId: MMSG-17999]
    2023-06-17 18:54:26.569 : Go to Home Page is complete	[MsgId: MMSG-17999]
    2023-06-17 18:54:31.937 : Booking is created : 332970418-78584-up	[MsgId: MMSG-17999]
    2023-06-17 18:54:42.923 : Booking (332970418-78584-up) is deleted	[MsgId: MMSG-17999]
    2023-06-17 18:54:47.976 : User is logged out of session	[MsgId: MMSG-17999]
  2023-06-17 19:05:26.287 : IterationNum=26	[MsgId: MMSG-17999]
   USER 26 = user6:pwd6	[MsgId: MMSG-17999]
    2023-06-17 19:05:26.382 : Start page is opened	[MsgId: MMSG-17999]
    2023-06-17 19:05:30.446 : User is logged in with session 136655.384852167HAcQcVVpDfiDDDDDtcVHfpcziVf	[MsgId: MMSG-17999]
    2023-06-17 19:05:34.565 : Search page opened	[MsgId: MMSG-17999]
    2023-06-17 19:05:52.875 : Flights found : 810;2287;06/20/2023 and 181;2037;06/17/2023	[MsgId: MMSG-17999]
    2023-06-17 19:05:52.875 : Sity depart : Sydney, Sity arrive : Frankfurt	[MsgId: MMSG-17999]
    2023-06-17 19:06:01.607 : Found Seat Type : First, Seat Pref : Window	[MsgId: MMSG-17999]
    2023-06-17 19:06:16.889 : Booking is complect	[MsgId: MMSG-17999]
    2023-06-17 19:06:20.892 : Go to Home Page is complete	[MsgId: MMSG-17999]
    2023-06-17 19:06:25.465 : Booking is created : 3329929714-908794-up	[MsgId: MMSG-17999]
    2023-06-17 19:06:35.609 : Booking (3329929714-908794-up) is deleted	[MsgId: MMSG-17999]
    2023-06-17 19:06:40.496 : User is logged out of session	[MsgId: MMSG-17999]
  2023-06-17 19:17:26.294 : IterationNum=27	[MsgId: MMSG-17999]
   USER 27 = user6:pwd6	[MsgId: MMSG-17999]
    2023-06-17 19:17:26.389 : Start page is opened	[MsgId: MMSG-17999]
    2023-06-17 19:17:32.544 : User is logged in with session 136655.443175375HAcQcVtpDfiDDDDDtcVHfpcizVf	[MsgId: MMSG-17999]
    2023-06-17 19:17:37.436 : Search page opened	[MsgId: MMSG-17999]
    2023-06-17 19:17:51.781 : Flights found : 351;255;06/20/2023 and 531;255;06/17/2023	[MsgId: MMSG-17999]
    2023-06-17 19:17:51.782 : Sity depart : Los Angeles, Sity arrive : Portland	[MsgId: MMSG-17999]
    2023-06-17 19:17:59.744 : Found Seat Type : Business, Seat Pref : Aisle	[MsgId: MMSG-17999]
    2023-06-17 19:18:13.968 : Booking is complect	[MsgId: MMSG-17999]
    2023-06-17 19:18:19.357 : Go to Home Page is complete	[MsgId: MMSG-17999]
    2023-06-17 19:18:24.470 : Booking is created : 332975972-117808-up	[MsgId: MMSG-17999]
    2023-06-17 19:18:33.174 : Booking (332975972-117808-up) is deleted	[MsgId: MMSG-17999]
    2023-06-17 19:18:39.539 : User is logged out of session	[MsgId: MMSG-17999]
  2023-06-17 19:29:26.309 : IterationNum=28	[MsgId: MMSG-17999]
   USER 28 = user6:pwd6	[MsgId: MMSG-17999]
    2023-06-17 19:29:26.404 : Start page is opened	[MsgId: MMSG-17999]
    2023-06-17 19:29:31.892 : User is logged in with session 136655.501498582HAcQcVHpDfiDDDDDtcVHfpDAtVf	[MsgId: MMSG-17999]
    2023-06-17 19:29:36.891 : Search page opened	[MsgId: MMSG-17999]
    2023-06-17 19:29:52.522 : Flights found : 540;901;06/20/2023 and 451;802;06/17/2023	[MsgId: MMSG-17999]
    2023-06-17 19:29:52.522 : Sity depart : Portland, Sity arrive : Paris	[MsgId: MMSG-17999]
    2023-06-17 19:30:04.030 : Found Seat Type : Business, Seat Pref : Aisle	[MsgId: MMSG-17999]
    2023-06-17 19:30:17.001 : Booking is complect	[MsgId: MMSG-17999]
    2023-06-17 19:30:20.973 : Go to Home Page is complete	[MsgId: MMSG-17999]
    2023-06-17 19:30:25.453 : Booking is created : 332982996-1116284-up	[MsgId: MMSG-17999]
    2023-06-17 19:30:35.137 : Booking (332982996-1116284-up) is deleted	[MsgId: MMSG-17999]
    2023-06-17 19:30:40.598 : User is logged out of session	[MsgId: MMSG-17999]
  2023-06-17 19:41:26.312 : IterationNum=29	[MsgId: MMSG-17999]
   USER 29 = user6:pwd6	[MsgId: MMSG-17999]
    2023-06-17 19:41:26.405 : Start page is opened	[MsgId: MMSG-17999]
    2023-06-17 19:41:31.107 : User is logged in with session 136655.55982179HAcQccApDfiDDDDDtcVHfpDccVf	[MsgId: MMSG-17999]
    2023-06-17 19:41:35.738 : Search page opened	[MsgId: MMSG-17999]
    2023-06-17 19:41:52.564 : Flights found : 210;266;06/20/2023 and 123;217;06/17/2023	[MsgId: MMSG-17999]
    2023-06-17 19:41:52.564 : Sity depart : London, Sity arrive : Frankfurt	[MsgId: MMSG-17999]
    2023-06-17 19:42:02.977 : Found Seat Type : Coach, Seat Pref : Aisle	[MsgId: MMSG-17999]
    2023-06-17 19:42:18.038 : Booking is complect	[MsgId: MMSG-17999]
    2023-06-17 19:42:22.398 : Go to Home Page is complete	[MsgId: MMSG-17999]
    2023-06-17 19:42:27.201 : Booking is created : 332970750-86421-up	[MsgId: MMSG-17999]
    2023-06-17 19:42:38.850 : Booking (332970750-86421-up) is deleted	[MsgId: MMSG-17999]
    2023-06-17 19:42:44.157 : User is logged out of session	[MsgId: MMSG-17999]
  2023-06-17 19:53:26.326 : IterationNum=30	[MsgId: MMSG-17999]
   USER 30 = user6:pwd6	[MsgId: MMSG-17999]
    2023-06-17 19:53:26.420 : Start page is opened	[MsgId: MMSG-17999]
    2023-06-17 19:53:32.223 : User is logged in with session 136655.618144998HAcQccDpDfiDDDDDtcVHfpDtAVf	[MsgId: MMSG-17999]
    2023-06-17 19:53:37.784 : Search page opened	[MsgId: MMSG-17999]
    2023-06-17 19:53:53.631 : Flights found : 782;1421;06/20/2023 and 870;1503;06/17/2023	[MsgId: MMSG-17999]
    2023-06-17 19:53:53.631 : Sity depart : Seattle, Sity arrive : Sydney	[MsgId: MMSG-17999]
    2023-06-17 19:54:02.443 : Found Seat Type : First, Seat Pref : None	[MsgId: MMSG-17999]
    2023-06-17 19:54:19.406 : Booking is complect	[MsgId: MMSG-17999]
    2023-06-17 19:54:23.966 : Go to Home Page is complete	[MsgId: MMSG-17999]
    2023-06-17 19:54:29.844 : Booking is created : 3329919311-1438686-up	[MsgId: MMSG-17999]
    2023-06-17 19:54:41.327 : Booking (3329919311-1438686-up) is deleted	[MsgId: MMSG-17999]
    2023-06-17 19:54:46.895 : User is logged out of session	[MsgId: MMSG-17999]
  2023-06-17 20:05:26.340 : IterationNum=31	[MsgId: MMSG-17999]
   USER 31 = user6:pwd6	[MsgId: MMSG-17999]
    2023-06-17 20:05:26.435 : Start page is opened	[MsgId: MMSG-17999]
    2023-06-17 20:05:31.535 : User is logged in with session 136655.676468206HAcQcczpDfiDDDDDtcVHfpDfiVf	[MsgId: MMSG-17999]
    2023-06-17 20:05:37.367 : Search page opened	[MsgId: MMSG-17999]
    2023-06-17 20:05:52.841 : Flights found : 710;740;06/20/2023 and 171;659;06/17/2023	[MsgId: MMSG-17999]
    2023-06-17 20:05:52.841 : Sity depart : Seattle, Sity arrive : Frankfurt	[MsgId: MMSG-17999]
    2023-06-17 20:06:03.353 : Found Seat Type : Business, Seat Pref : None	[MsgId: MMSG-17999]
    2023-06-17 20:06:20.554 : Booking is complect	[MsgId: MMSG-17999]
    2023-06-17 20:06:25.930 : Go to Home Page is complete	[MsgId: MMSG-17999]
    2023-06-17 20:06:31.394 : Booking is created : 332989286-900876-up	[MsgId: MMSG-17999]
    2023-06-17 20:06:41.985 : Booking (332989286-900876-up) is deleted	[MsgId: MMSG-17999]
    2023-06-17 20:06:46.062 : User is logged out of session	[MsgId: MMSG-17999]
  2023-06-17 20:17:26.343 : IterationNum=32	[MsgId: MMSG-17999]
   USER 32 = user6:pwd6	[MsgId: MMSG-17999]
    2023-06-17 20:17:26.437 : Start page is opened	[MsgId: MMSG-17999]
    2023-06-17 20:17:31.400 : User is logged in with session 136655.734791414HAcQccQpDfiDDDDDtcVHfpDHzVf	[MsgId: MMSG-17999]
    2023-06-17 20:17:36.954 : Search page opened	[MsgId: MMSG-17999]
    2023-06-17 20:17:48.775 : Flights found : 253;454;06/20/2023 and 522;525;06/17/2023	[MsgId: MMSG-17999]
    2023-06-17 20:17:48.775 : Sity depart : London, Sity arrive : Portland	[MsgId: MMSG-17999]
    2023-06-17 20:17:56.918 : Found Seat Type : Coach, Seat Pref : Window	[MsgId: MMSG-17999]
    2023-06-17 20:18:08.489 : Booking is complect	[MsgId: MMSG-17999]
    2023-06-17 20:18:14.468 : Go to Home Page is complete	[MsgId: MMSG-17999]
    2023-06-17 20:18:20.801 : Booking is created : 332972350-117152-up	[MsgId: MMSG-17999]
    2023-06-17 20:18:31.708 : Booking (332972350-117152-up) is deleted	[MsgId: MMSG-17999]
    2023-06-17 20:18:36.329 : User is logged out of session	[MsgId: MMSG-17999]
  2023-06-17 20:29:26.348 : IterationNum=33	[MsgId: MMSG-17999]
   USER 33 = user6:pwd6	[MsgId: MMSG-17999]
    2023-06-17 20:29:26.442 : Start page is opened	[MsgId: MMSG-17999]
    2023-06-17 20:29:31.877 : User is logged in with session 136655.793114621HAcQcDcpDfiDDDDDtcVHfpDQtVf	[MsgId: MMSG-17999]
    2023-06-17 20:29:36.261 : Search page opened	[MsgId: MMSG-17999]
    2023-06-17 20:29:48.898 : Flights found : 013;315;06/20/2023 and 100;386;06/17/2023	[MsgId: MMSG-17999]
    2023-06-17 20:29:48.898 : Sity depart : Denver, Sity arrive : Frankfurt	[MsgId: MMSG-17999]
    2023-06-17 20:30:00.661 : Found Seat Type : Coach, Seat Pref : None	[MsgId: MMSG-17999]
    2023-06-17 20:30:15.769 : Booking is complect	[MsgId: MMSG-17999]
    2023-06-17 20:30:20.296 : Go to Home Page is complete	[MsgId: MMSG-17999]
    2023-06-17 20:30:25.419 : Booking is created : 332963456-84669-up	[MsgId: MMSG-17999]
    2023-06-17 20:30:36.783 : Booking (332963456-84669-up) is deleted	[MsgId: MMSG-17999]
    2023-06-17 20:30:42.252 : User is logged out of session	[MsgId: MMSG-17999]
  2023-06-17 20:41:26.356 : IterationNum=34	[MsgId: MMSG-17999]
   USER 34 = user6:pwd6	[MsgId: MMSG-17999]
    2023-06-17 20:41:26.449 : Start page is opened	[MsgId: MMSG-17999]
    2023-06-17 20:41:30.376 : User is logged in with session 136655.851437829HAcQcDfpDfiDDDDDtcVHfptVcVf	[MsgId: MMSG-17999]
    2023-06-17 20:41:34.310 : Search page opened	[MsgId: MMSG-17999]
    2023-06-17 20:41:47.722 : Flights found : 231;688;06/20/2023 and 322;731;06/17/2023	[MsgId: MMSG-17999]
    2023-06-17 20:41:47.722 : Sity depart : London, Sity arrive : Los Angeles	[MsgId: MMSG-17999]
    2023-06-17 20:41:56.538 : Found Seat Type : Coach, Seat Pref : None	[MsgId: MMSG-17999]
    2023-06-17 20:42:12.320 : Booking is complect	[MsgId: MMSG-17999]
    2023-06-17 20:42:18.015 : Go to Home Page is complete	[MsgId: MMSG-17999]
    2023-06-17 20:42:22.284 : Booking is created : 332971544-1017032-up	[MsgId: MMSG-17999]
    2023-06-17 20:42:31.315 : Booking (332971544-1017032-up) is deleted	[MsgId: MMSG-17999]
    2023-06-17 20:42:36.468 : User is logged out of session	[MsgId: MMSG-17999]
  2023-06-17 20:53:26.365 : IterationNum=35	[MsgId: MMSG-17999]
   USER 35 = user6:pwd6	[MsgId: MMSG-17999]
    2023-06-17 20:53:26.459 : Start page is opened	[MsgId: MMSG-17999]
    2023-06-17 20:53:31.118 : User is logged in with session 136655.909761037HAcQcDipDfiDDDDDtcVHfptDAVf	[MsgId: MMSG-17999]
    2023-06-17 20:53:36.192 : Search page opened	[MsgId: MMSG-17999]
    2023-06-17 20:53:50.543 : Flights found : 091;544;06/20/2023 and 901;544;06/17/2023	[MsgId: MMSG-17999]
    2023-06-17 20:53:50.543 : Sity depart : Denver, Sity arrive : Zurich	[MsgId: MMSG-17999]
    2023-06-17 20:54:00.927 : Found Seat Type : Business, Seat Pref : None	[MsgId: MMSG-17999]
    2023-06-17 20:54:13.532 : Booking is complect	[MsgId: MMSG-17999]
    2023-06-17 20:54:19.658 : Go to Home Page is complete	[MsgId: MMSG-17999]
    2023-06-17 20:54:25.776 : Booking is created : 332966353-1462391-up	[MsgId: MMSG-17999]
    2023-06-17 20:54:33.856 : Booking (332966353-1462391-up) is deleted	[MsgId: MMSG-17999]
    2023-06-17 20:54:38.280 : User is logged out of session	[MsgId: MMSG-17999]
  2023-06-17 21:05:26.379 : IterationNum=36	[MsgId: MMSG-17999]
   USER 36 = user6:pwd6	[MsgId: MMSG-17999]
    2023-06-17 21:05:26.474 : Start page is opened	[MsgId: MMSG-17999]
    2023-06-17 21:05:30.714 : User is logged in with session 136655.968084245HAcQctVpDfiDDDDDtcVHfpttiVf	[MsgId: MMSG-17999]
    2023-06-17 21:05:34.794 : Search page opened	[MsgId: MMSG-17999]
    2023-06-17 21:05:47.329 : Flights found : 730;174;06/20/2023 and 372;165;06/17/2023	[MsgId: MMSG-17999]
    2023-06-17 21:05:47.329 : Sity depart : Seattle, Sity arrive : Los Angeles	[MsgId: MMSG-17999]
    2023-06-17 21:05:56.655 : Found Seat Type : Coach, Seat Pref : Window	[MsgId: MMSG-17999]
    2023-06-17 21:06:09.654 : Booking is complect	[MsgId: MMSG-17999]
    2023-06-17 21:06:15.834 : Go to Home Page is complete	[MsgId: MMSG-17999]
    2023-06-17 21:06:19.791 : Booking is created : 332990006-105564-up	[MsgId: MMSG-17999]
    2023-06-17 21:06:28.186 : Booking (332990006-105564-up) is deleted	[MsgId: MMSG-17999]
    2023-06-17 21:06:33.585 : User is logged out of session	[MsgId: MMSG-17999]
  2023-06-17 21:17:26.390 : IterationNum=37	[MsgId: MMSG-17999]
   USER 37 = user6:pwd6	[MsgId: MMSG-17999]
    2023-06-17 21:17:26.484 : Start page is opened	[MsgId: MMSG-17999]
    2023-06-17 21:17:31.389 : User is logged in with session 136656.026407452HAcQcttpDfiDDDDDtcVHfptzzVf	[MsgId: MMSG-17999]
    2023-06-17 21:17:36.033 : Search page opened	[MsgId: MMSG-17999]
    2023-06-17 21:17:54.402 : Flights found : 691;335;06/20/2023 and 963;307;06/17/2023	[MsgId: MMSG-17999]
    2023-06-17 21:17:54.402 : Sity depart : San Francisco, Sity arrive : Zurich	[MsgId: MMSG-17999]
    2023-06-17 21:18:05.280 : Found Seat Type : Coach, Seat Pref : Window	[MsgId: MMSG-17999]
    2023-06-17 21:18:16.728 : Booking is complect	[MsgId: MMSG-17999]
    2023-06-17 21:18:22.077 : Go to Home Page is complete	[MsgId: MMSG-17999]
    2023-06-17 21:18:26.539 : Booking is created : 332988567-151049-up	[MsgId: MMSG-17999]
    2023-06-17 21:18:38.683 : Booking (332988567-151049-up) is deleted	[MsgId: MMSG-17999]
    2023-06-17 21:18:42.824 : User is logged out of session	[MsgId: MMSG-17999]
  2023-06-17 21:29:26.392 : IterationNum=38	[MsgId: MMSG-17999]
   USER 38 = user6:pwd6	[MsgId: MMSG-17999]
    2023-06-17 21:29:26.486 : Start page is opened	[MsgId: MMSG-17999]
    2023-06-17 21:29:31.839 : User is logged in with session 136656.08473066HAcQctHpDfiDDDDDtcVHfptitVf	[MsgId: MMSG-17999]
    2023-06-17 21:29:36.369 : Search page opened	[MsgId: MMSG-17999]
    2023-06-17 21:29:52.170 : Flights found : 951;596;06/20/2023 and 592;633;06/17/2023	[MsgId: MMSG-17999]
    2023-06-17 21:29:52.170 : Sity depart : Zurich, Sity arrive : Portland	[MsgId: MMSG-17999]
    2023-06-17 21:30:03.101 : Found Seat Type : Business, Seat Pref : Window	[MsgId: MMSG-17999]
    2023-06-17 21:30:17.381 : Booking is complect	[MsgId: MMSG-17999]
    2023-06-17 21:30:23.390 : Go to Home Page is complete	[MsgId: MMSG-17999]
    2023-06-17 21:30:27.325 : Booking is created : 332998207-1224709-up	[MsgId: MMSG-17999]
    2023-06-17 21:30:37.926 : Booking (332998207-1224709-up) is deleted	[MsgId: MMSG-17999]
    2023-06-17 21:30:43.827 : User is logged out of session	[MsgId: MMSG-17999]
  2023-06-17 21:41:26.400 : IterationNum=39	[MsgId: MMSG-17999]
   USER 39 = user6:pwd6	[MsgId: MMSG-17999]
    2023-06-17 21:41:26.494 : Start page is opened	[MsgId: MMSG-17999]
    2023-06-17 21:41:32.637 : User is logged in with session 136656.143053868HAcQcfApDfiDDDDDtcVHfpfAcVf	[MsgId: MMSG-17999]
    2023-06-17 21:41:38.036 : Search page opened	[MsgId: MMSG-17999]
    2023-06-17 21:41:56.583 : Flights found : 920;350;06/20/2023 and 292;331;06/17/2023	[MsgId: MMSG-17999]
    2023-06-17 21:41:56.584 : Sity depart : Zurich, Sity arrive : London	[MsgId: MMSG-17999]
    2023-06-17 21:42:07.336 : Found Seat Type : First, Seat Pref : Window	[MsgId: MMSG-17999]
    2023-06-17 21:42:19.308 : Booking is complect	[MsgId: MMSG-17999]
    2023-06-17 21:42:23.949 : Go to Home Page is complete	[MsgId: MMSG-17999]
    2023-06-17 21:42:29.954 : Booking is created : 332997050-99437-up	[MsgId: MMSG-17999]
    2023-06-17 21:42:40.651 : Booking (332997050-99437-up) is deleted	[MsgId: MMSG-17999]
    2023-06-17 21:42:44.952 : User is logged out of session	[MsgId: MMSG-17999]
  2023-06-17 21:53:26.404 : IterationNum=40	[MsgId: MMSG-17999]
   USER 40 = user6:pwd6	[MsgId: MMSG-17999]
    2023-06-17 21:53:26.499 : Start page is opened	[MsgId: MMSG-17999]
    2023-06-17 21:53:30.780 : User is logged in with session 136656.201377076HAcQcfDpDfiDDDDDtcVHfpfcAVf	[MsgId: MMSG-17999]
    2023-06-17 21:53:36.643 : Search page opened	[MsgId: MMSG-17999]
    2023-06-17 21:53:54.028 : Flights found : 402;331;06/20/2023 and 040;350;06/17/2023	[MsgId: MMSG-17999]
    2023-06-17 21:53:54.028 : Sity depart : Paris, Sity arrive : Denver	[MsgId: MMSG-17999]
    2023-06-17 21:54:02.091 : Found Seat Type : Coach, Seat Pref : Window	[MsgId: MMSG-17999]
    2023-06-17 21:54:20.014 : Booking is complect	[MsgId: MMSG-17999]
    2023-06-17 21:54:24.057 : Go to Home Page is complete	[MsgId: MMSG-17999]
    2023-06-17 21:54:29.545 : Booking is created : 332977864-80052-up	[MsgId: MMSG-17999]
    2023-06-17 21:54:40.763 : Booking (332977864-80052-up) is deleted	[MsgId: MMSG-17999]
    2023-06-17 21:54:44.887 : User is logged out of session	[MsgId: MMSG-17999]
  2023-06-17 22:05:26.410 : IterationNum=41	[MsgId: MMSG-17999]
   USER 41 = user6:pwd6	[MsgId: MMSG-17999]
    2023-06-17 22:05:26.505 : Start page is opened	[MsgId: MMSG-17999]
    2023-06-17 22:05:31.866 : User is logged in with session 136656.259700284HAcQcfzpDfiDDDDDtcVHfpfDiVf	[MsgId: MMSG-17999]
    2023-06-17 22:05:36.904 : Search page opened	[MsgId: MMSG-17999]
    2023-06-17 22:05:55.394 : Flights found : 383;794;06/20/2023 and 830;971;06/17/2023	[MsgId: MMSG-17999]
    2023-06-17 22:05:55.395 : Sity depart : Los Angeles, Sity arrive : Sydney	[MsgId: MMSG-17999]
    2023-06-17 22:06:06.148 : Found Seat Type : Business, Seat Pref : Window	[MsgId: MMSG-17999]
    2023-06-17 22:06:17.952 : Booking is complect	[MsgId: MMSG-17999]
    2023-06-17 22:06:22.098 : Go to Home Page is complete	[MsgId: MMSG-17999]
    2023-06-17 22:06:26.915 : Booking is created : 332977177-1407828-up	[MsgId: MMSG-17999]
    2023-06-17 22:06:38.834 : Booking (332977177-1407828-up) is deleted	[MsgId: MMSG-17999]
    2023-06-17 22:06:43.898 : User is logged out of session	[MsgId: MMSG-17999]
  2023-06-17 22:17:26.413 : IterationNum=42	[MsgId: MMSG-17999]
   USER 42 = user6:pwd6	[MsgId: MMSG-17999]
    2023-06-17 22:17:26.507 : Start page is opened	[MsgId: MMSG-17999]
    2023-06-17 22:17:31.414 : User is logged in with session 136656.318023491HAcQcfQpDfiDDDDDtcVHfpffzVf	[MsgId: MMSG-17999]
    2023-06-17 22:17:35.589 : Search page opened	[MsgId: MMSG-17999]
    2023-06-17 22:17:51.346 : Flights found : 580;1167;06/20/2023 and 850;1167;06/17/2023	[MsgId: MMSG-17999]
    2023-06-17 22:17:51.346 : Sity depart : Portland, Sity arrive : Sydney	[MsgId: MMSG-17999]
    2023-06-17 22:18:01.538 : Found Seat Type : Business, Seat Pref : Aisle	[MsgId: MMSG-17999]
    2023-06-17 22:18:14.171 : Booking is complect	[MsgId: MMSG-17999]
    2023-06-17 22:18:19.378 : Go to Home Page is complete	[MsgId: MMSG-17999]
    2023-06-17 22:18:25.690 : Booking is created : 3329844487-1423256-up	[MsgId: MMSG-17999]
    2023-06-17 22:18:37.123 : Booking (3329844487-1423256-up) is deleted	[MsgId: MMSG-17999]
    2023-06-17 22:18:42.889 : User is logged out of session	[MsgId: MMSG-17999]
  2023-06-17 22:29:26.420 : IterationNum=43	[MsgId: MMSG-17999]
   USER 43 = user6:pwd6	[MsgId: MMSG-17999]
    2023-06-17 22:29:26.515 : Start page is opened	[MsgId: MMSG-17999]
    2023-06-17 22:29:32.786 : User is logged in with session 136656.376346699HAcQczcpDfiDDDDDtcVHfpfHtVf	[MsgId: MMSG-17999]
    2023-06-17 22:29:36.763 : Search page opened	[MsgId: MMSG-17999]
    2023-06-17 22:29:49.316 : Flights found : 702;276;06/20/2023 and 071;260;06/17/2023	[MsgId: MMSG-17999]
    2023-06-17 22:29:49.316 : Sity depart : Seattle, Sity arrive : Denver	[MsgId: MMSG-17999]
    2023-06-17 22:29:59.757 : Found Seat Type : Coach, Seat Pref : Aisle	[MsgId: MMSG-17999]
    2023-06-17 22:30:13.216 : Booking is complect	[MsgId: MMSG-17999]
    2023-06-17 22:30:18.391 : Go to Home Page is complete	[MsgId: MMSG-17999]
    2023-06-17 22:30:24.547 : Booking is created : 332988973-82425-up	[MsgId: MMSG-17999]
    2023-06-17 22:30:36.393 : Booking (332988973-82425-up) is deleted	[MsgId: MMSG-17999]
    2023-06-17 22:30:42.300 : User is logged out of session	[MsgId: MMSG-17999]
