  2023-06-17 14:06:35.957 : IterationNum=1	[MsgId: MMSG-17999]
   USER 1 = user7:pwd7	[MsgId: MMSG-17999]
    2023-06-17 14:06:36.041 : Start page is opened	[MsgId: MMSG-17999]
    2023-06-17 14:06:40.949 : User is logged in with session 136653.93236128HAcQVDzpztfiDDDDtcVHtpiVQiHf	[MsgId: MMSG-17999]
    2023-06-17 14:06:46.710 : Search page opened	[MsgId: MMSG-17999]
    2023-06-17 14:07:00.611 : Flights found : 272;1002;06/20/2023 and 720;1060;06/17/2023	[MsgId: MMSG-17999]
    2023-06-17 14:07:00.612 : Sity depart : London, Sity arrive : Seattle	[MsgId: MMSG-17999]
    2023-06-17 14:07:08.309 : Found Seat Type : First, Seat Pref : Window	[MsgId: MMSG-17999]
    2023-06-17 14:07:22.481 : Booking is complect	[MsgId: MMSG-17999]
    2023-06-17 14:07:26.369 : Go to Home Page is complete	[MsgId: MMSG-17999]
    2023-06-17 14:07:30.981 : Booking is created : 766767444-1323235-up	[MsgId: MMSG-17999]
    2023-06-17 14:07:41.004 : Booking (766767444-1323235-up) is deleted	[MsgId: MMSG-17999]
    2023-06-17 14:07:46.076 : User is logged out of session	[MsgId: MMSG-17999]
  2023-06-17 14:18:35.960 : IterationNum=2	[MsgId: MMSG-17999]
   USER 2 = user8:pwd8	[MsgId: MMSG-17999]
    2023-06-17 14:18:36.056 : Start page is opened	[MsgId: MMSG-17999]
    2023-06-17 14:18:40.079 : User is logged in with session 136653.990684488HAcQVDQpztfiDDDDtcVHtpiDHiHf	[MsgId: MMSG-17999]
    2023-06-17 14:18:44.799 : Search page opened	[MsgId: MMSG-17999]
    2023-06-17 14:19:02.287 : Flights found : 363;49;06/20/2023 and 632;57;06/17/2023	[MsgId: MMSG-17999]
    2023-06-17 14:19:02.287 : Sity depart : Los Angeles, Sity arrive : San Francisco	[MsgId: MMSG-17999]
    2023-06-17 14:19:10.856 : Found Seat Type : Coach, Seat Pref : Window	[MsgId: MMSG-17999]
    2023-06-17 14:19:23.578 : Booking is complect	[MsgId: MMSG-17999]
    2023-06-17 14:19:29.478 : Go to Home Page is complete	[MsgId: MMSG-17999]
    2023-06-17 14:19:34.595 : Booking is created : 15001346-125546-up	[MsgId: MMSG-17999]
    2023-06-17 14:19:46.751 : Booking (15001346-125546-up) is deleted	[MsgId: MMSG-17999]
    2023-06-17 14:19:51.709 : User is logged out of session	[MsgId: MMSG-17999]
  2023-06-17 14:30:35.970 : IterationNum=3	[MsgId: MMSG-17999]
   USER 3 = user9:pwd9	[MsgId: MMSG-17999]
    2023-06-17 14:30:36.063 : Start page is opened	[MsgId: MMSG-17999]
    2023-06-17 14:30:41.372 : User is logged in with session 136654.0490887HAcQVtcpzftcVHtpiffQ	[MsgId: MMSG-17999]
    2023-06-17 14:30:46.222 : Search page opened	[MsgId: MMSG-17999]
    2023-06-17 14:31:04.182 : Flights found : 421;97;06/20/2023 and 241;97;06/17/2023	[MsgId: MMSG-17999]
    2023-06-17 14:31:04.183 : Sity depart : Paris, Sity arrive : London	[MsgId: MMSG-17999]
    2023-06-17 14:31:15.237 : Found Seat Type : Coach, Seat Pref : Aisle	[MsgId: MMSG-17999]
    2023-06-17 14:31:33.383 : Booking is complect	[MsgId: MMSG-17999]
    2023-06-17 14:31:38.811 : Go to Home Page is complete	[MsgId: MMSG-17999]
    2023-06-17 14:31:44.561 : Booking is created : 8557118-95476-up	[MsgId: MMSG-17999]
    2023-06-17 14:31:53.984 : Booking (8557118-95476-up) is deleted	[MsgId: MMSG-17999]
    2023-06-17 14:31:58.337 : User is logged out of session	[MsgId: MMSG-17999]
  2023-06-17 14:42:35.983 : IterationNum=4	[MsgId: MMSG-17999]
   USER 4 = user10:pwd10	[MsgId: MMSG-17999]
    2023-06-17 14:42:36.078 : Start page is opened	[MsgId: MMSG-17999]
    2023-06-17 14:42:41.045 : User is logged in with session 136654.107411908HAcQVtfpzftcVHtpiHDQ	[MsgId: MMSG-17999]
    2023-06-17 14:42:47.423 : Search page opened	[MsgId: MMSG-17999]
    2023-06-17 14:43:01.180 : Flights found : 650;75;06/20/2023 and 562;71;06/17/2023	[MsgId: MMSG-17999]
    2023-06-17 14:43:01.180 : Sity depart : San Francisco, Sity arrive : Portland	[MsgId: MMSG-17999]
    2023-06-17 14:43:12.731 : Found Seat Type : Coach, Seat Pref : Aisle	[MsgId: MMSG-17999]
    2023-06-17 14:43:25.515 : Booking is complect	[MsgId: MMSG-17999]
    2023-06-17 14:43:30.437 : Go to Home Page is complete	[MsgId: MMSG-17999]
    2023-06-17 14:43:34.673 : Booking is created : 8298706-120165-up	[MsgId: MMSG-17999]
    2023-06-17 14:43:44.867 : Booking (8298706-120165-up) is deleted	[MsgId: MMSG-17999]
    2023-06-17 14:43:50.216 : User is logged out of session	[MsgId: MMSG-17999]
  2023-06-17 14:54:35.997 : IterationNum=5	[MsgId: MMSG-17999]
   USER 5 = user11:pwd11	[MsgId: MMSG-17999]
    2023-06-17 14:54:36.091 : Start page is opened	[MsgId: MMSG-17999]
    2023-06-17 14:54:41.158 : User is logged in with session 136654.165735115HAcQVtipzftcVHtpiQVQ	[MsgId: MMSG-17999]
    2023-06-17 14:54:46.299 : Search page opened	[MsgId: MMSG-17999]
    2023-06-17 14:55:00.086 : Flights found : 420;204;06/20/2023 and 242;193;06/17/2023	[MsgId: MMSG-17999]
    2023-06-17 14:55:00.086 : Sity depart : Paris, Sity arrive : London	[MsgId: MMSG-17999]
    2023-06-17 14:55:09.503 : Found Seat Type : First, Seat Pref : None	[MsgId: MMSG-17999]
    2023-06-17 14:55:28.212 : Booking is complect	[MsgId: MMSG-17999]
    2023-06-17 14:55:32.391 : Go to Home Page is complete	[MsgId: MMSG-17999]
    2023-06-17 14:55:37.176 : Booking is created : 164460007-95569-up	[MsgId: MMSG-17999]
    2023-06-17 14:55:47.870 : Booking (164460007-95569-up) is deleted	[MsgId: MMSG-17999]
    2023-06-17 14:55:53.294 : User is logged out of session	[MsgId: MMSG-17999]
  2023-06-17 15:06:36.013 : IterationNum=6	[MsgId: MMSG-17999]
   USER 6 = user12:pwd12	[MsgId: MMSG-17999]
    2023-06-17 15:06:36.108 : Start page is opened	[MsgId: MMSG-17999]
    2023-06-17 15:06:40.043 : User is logged in with session 136654.224058323HAcQVfVpzftcVHtpQAQQ	[MsgId: MMSG-17999]
    2023-06-17 15:06:44.040 : Search page opened	[MsgId: MMSG-17999]
    2023-06-17 15:06:56.625 : Flights found : 301;224;06/20/2023 and 031;224;06/17/2023	[MsgId: MMSG-17999]
    2023-06-17 15:06:56.626 : Sity depart : Los Angeles, Sity arrive : Denver	[MsgId: MMSG-17999]
    2023-06-17 15:07:05.301 : Found Seat Type : Coach, Seat Pref : None	[MsgId: MMSG-17999]
    2023-06-17 15:07:19.957 : Booking is complect	[MsgId: MMSG-17999]
    2023-06-17 15:07:24.416 : Go to Home Page is complete	[MsgId: MMSG-17999]
    2023-06-17 15:07:28.304 : Booking is created : 242233378-79342-up	[MsgId: MMSG-17999]
    2023-06-17 15:07:36.423 : Booking (242233378-79342-up) is deleted	[MsgId: MMSG-17999]
    2023-06-17 15:07:40.816 : User is logged out of session	[MsgId: MMSG-17999]
  2023-06-17 15:18:36.014 : IterationNum=7	[MsgId: MMSG-17999]
   USER 7 = user13:pwd13	[MsgId: MMSG-17999]
    2023-06-17 15:18:36.108 : Start page is opened	[MsgId: MMSG-17999]
    2023-06-17 15:18:41.013 : User is logged in with session 136654.282381531HAcQVftpzftcVHtpQcHQ	[MsgId: MMSG-17999]
    2023-06-17 15:18:45.995 : Search page opened	[MsgId: MMSG-17999]
    2023-06-17 15:18:59.151 : Flights found : 811;1086;06/20/2023 and 181;1086;06/17/2023	[MsgId: MMSG-17999]
    2023-06-17 15:18:59.151 : Sity depart : Sydney, Sity arrive : Frankfurt	[MsgId: MMSG-17999]
    2023-06-17 15:19:11.112 : Found Seat Type : Coach, Seat Pref : Aisle	[MsgId: MMSG-17999]
    2023-06-17 15:19:22.912 : Booking is complect	[MsgId: MMSG-17999]
    2023-06-17 15:19:27.015 : Go to Home Page is complete	[MsgId: MMSG-17999]
    2023-06-17 15:19:32.397 : Booking is created : 2118818929-908628-up	[MsgId: MMSG-17999]
    2023-06-17 15:19:41.543 : Booking (2118818929-908628-up) is deleted	[MsgId: MMSG-17999]
    2023-06-17 15:19:47.591 : User is logged out of session	[MsgId: MMSG-17999]
  2023-06-17 15:30:36.017 : IterationNum=8	[MsgId: MMSG-17999]
   USER 8 = user13:pwd13	[MsgId: MMSG-17999]
    2023-06-17 15:30:36.112 : Start page is opened	[MsgId: MMSG-17999]
    2023-06-17 15:30:40.622 : User is logged in with session 136654.340704739HAcQVfHpzftcVHtpQtfQ	[MsgId: MMSG-17999]
    2023-06-17 15:30:45.578 : Search page opened	[MsgId: MMSG-17999]
    2023-06-17 15:30:59.354 : Flights found : 943;117;06/20/2023 and 493;117;06/17/2023	[MsgId: MMSG-17999]
    2023-06-17 15:30:59.354 : Sity depart : Zurich, Sity arrive : Paris	[MsgId: MMSG-17999]
    2023-06-17 15:31:07.468 : Found Seat Type : Coach, Seat Pref : None	[MsgId: MMSG-17999]
    2023-06-17 15:31:24.247 : Booking is complect	[MsgId: MMSG-17999]
    2023-06-17 15:31:29.840 : Go to Home Page is complete	[MsgId: MMSG-17999]
    2023-06-17 15:31:33.795 : Booking is created : 211886782-114864-up	[MsgId: MMSG-17999]
    2023-06-17 15:31:45.984 : Booking (211886782-114864-up) is deleted	[MsgId: MMSG-17999]
    2023-06-17 15:31:50.593 : User is logged out of session	[MsgId: MMSG-17999]
  2023-06-17 15:42:36.022 : IterationNum=9	[MsgId: MMSG-17999]
   USER 9 = user13:pwd13	[MsgId: MMSG-17999]
    2023-06-17 15:42:36.117 : Start page is opened	[MsgId: MMSG-17999]
    2023-06-17 15:42:41.811 : User is logged in with session 136654.399027947HAcQVzApzftcVHtpQzDQ	[MsgId: MMSG-17999]
    2023-06-17 15:42:47.461 : Search page opened	[MsgId: MMSG-17999]
    2023-06-17 15:42:59.277 : Flights found : 380;1256;06/20/2023 and 830;1256;06/17/2023	[MsgId: MMSG-17999]
    2023-06-17 15:42:59.277 : Sity depart : Los Angeles, Sity arrive : Sydney	[MsgId: MMSG-17999]
    2023-06-17 15:43:08.119 : Found Seat Type : First, Seat Pref : None	[MsgId: MMSG-17999]
    2023-06-17 15:43:20.890 : Booking is complect	[MsgId: MMSG-17999]
    2023-06-17 15:43:27.261 : Go to Home Page is complete	[MsgId: MMSG-17999]
    2023-06-17 15:43:33.362 : Booking is created : 2118659305-1407885-up	[MsgId: MMSG-17999]
    2023-06-17 15:43:40.912 : Booking (2118659305-1407885-up) is deleted	[MsgId: MMSG-17999]
    2023-06-17 15:43:47.067 : User is logged out of session	[MsgId: MMSG-17999]
  2023-06-17 15:54:36.034 : IterationNum=10	[MsgId: MMSG-17999]
   USER 10 = user13:pwd13	[MsgId: MMSG-17999]
    2023-06-17 15:54:36.128 : Start page is opened	[MsgId: MMSG-17999]
    2023-06-17 15:54:41.671 : User is logged in with session 136654.457351154HAcQVzDpzftcVHtpQiVQ	[MsgId: MMSG-17999]
    2023-06-17 15:54:45.659 : Search page opened	[MsgId: MMSG-17999]
    2023-06-17 15:55:02.159 : Flights found : 922;331;06/20/2023 and 290;350;06/17/2023	[MsgId: MMSG-17999]
    2023-06-17 15:55:02.159 : Sity depart : Zurich, Sity arrive : London	[MsgId: MMSG-17999]
    2023-06-17 15:55:13.751 : Found Seat Type : First, Seat Pref : Aisle	[MsgId: MMSG-17999]
    2023-06-17 15:55:28.117 : Booking is complect	[MsgId: MMSG-17999]
    2023-06-17 15:55:32.261 : Go to Home Page is complete	[MsgId: MMSG-17999]
    2023-06-17 15:55:37.981 : Booking is created : 211886012-99283-up	[MsgId: MMSG-17999]
    2023-06-17 15:55:48.131 : Booking (211886012-99283-up) is deleted	[MsgId: MMSG-17999]
    2023-06-17 15:55:54.240 : User is logged out of session	[MsgId: MMSG-17999]
  2023-06-17 16:06:36.040 : IterationNum=11	[MsgId: MMSG-17999]
   USER 11 = user13:pwd13	[MsgId: MMSG-17999]
    2023-06-17 16:06:36.135 : Start page is opened	[MsgId: MMSG-17999]
    2023-06-17 16:06:41.586 : User is logged in with session 136654.515674362HAcQVzzpzftcVHtpQQQQ	[MsgId: MMSG-17999]
    2023-06-17 16:06:47.518 : Search page opened	[MsgId: MMSG-17999]
    2023-06-17 16:07:03.310 : Flights found : 042;331;06/20/2023 and 401;312;06/17/2023	[MsgId: MMSG-17999]
    2023-06-17 16:07:03.310 : Sity depart : Denver, Sity arrive : Paris	[MsgId: MMSG-17999]
    2023-06-17 16:07:15.102 : Found Seat Type : Coach, Seat Pref : Window	[MsgId: MMSG-17999]
    2023-06-17 16:07:31.594 : Booking is complect	[MsgId: MMSG-17999]
    2023-06-17 16:07:37.564 : Go to Home Page is complete	[MsgId: MMSG-17999]
    2023-06-17 16:07:41.541 : Booking is created : 211853419-107818-up	[MsgId: MMSG-17999]
    2023-06-17 16:07:52.601 : Booking (211853419-107818-up) is deleted	[MsgId: MMSG-17999]
    2023-06-17 16:07:57.296 : User is logged out of session	[MsgId: MMSG-17999]
  2023-06-17 16:18:36.045 : IterationNum=12	[MsgId: MMSG-17999]
   USER 12 = user13:pwd13	[MsgId: MMSG-17999]
    2023-06-17 16:18:36.141 : Start page is opened	[MsgId: MMSG-17999]
    2023-06-17 16:18:40.694 : User is logged in with session 136654.57399757HAcQVzQpzftcVHfpAVHQ	[MsgId: MMSG-17999]
    2023-06-17 16:18:46.720 : Search page opened	[MsgId: MMSG-17999]
    2023-06-17 16:18:59.732 : Flights found : 432;778;06/20/2023 and 340;822;06/17/2023	[MsgId: MMSG-17999]
    2023-06-17 16:18:59.732 : Sity depart : Paris, Sity arrive : Los Angeles	[MsgId: MMSG-17999]
    2023-06-17 16:19:11.207 : Found Seat Type : First, Seat Pref : Aisle	[MsgId: MMSG-17999]
    2023-06-17 16:19:24.498 : Booking is complect	[MsgId: MMSG-17999]
    2023-06-17 16:19:29.430 : Go to Home Page is complete	[MsgId: MMSG-17999]
    2023-06-17 16:19:35.345 : Booking is created : 211867880-1030892-up	[MsgId: MMSG-17999]
    2023-06-17 16:19:47.876 : Booking (211867880-1030892-up) is deleted	[MsgId: MMSG-17999]
    2023-06-17 16:19:52.774 : User is logged out of session	[MsgId: MMSG-17999]
  2023-06-17 16:30:36.060 : IterationNum=13	[MsgId: MMSG-17999]
   USER 13 = user13:pwd13	[MsgId: MMSG-17999]
    2023-06-17 16:30:36.154 : Start page is opened	[MsgId: MMSG-17999]
    2023-06-17 16:30:41.639 : User is logged in with session 136654.632320778HAcQVHcpzftcVHfpADfQ	[MsgId: MMSG-17999]
    2023-06-17 16:30:46.197 : Search page opened	[MsgId: MMSG-17999]
    2023-06-17 16:31:01.733 : Flights found : 273;462;06/20/2023 and 723;462;06/17/2023	[MsgId: MMSG-17999]
    2023-06-17 16:31:01.734 : Sity depart : London, Sity arrive : Seattle	[MsgId: MMSG-17999]
    2023-06-17 16:31:11.563 : Found Seat Type : Coach, Seat Pref : Aisle	[MsgId: MMSG-17999]
    2023-06-17 16:31:23.259 : Booking is complect	[MsgId: MMSG-17999]
    2023-06-17 16:31:29.447 : Go to Home Page is complete	[MsgId: MMSG-17999]
    2023-06-17 16:31:35.171 : Booking is created : 211861980-132609-up	[MsgId: MMSG-17999]
    2023-06-17 16:31:45.936 : Booking (211861980-132609-up) is deleted	[MsgId: MMSG-17999]
    2023-06-17 16:31:52.123 : User is logged out of session	[MsgId: MMSG-17999]
  2023-06-17 16:42:36.067 : IterationNum=14	[MsgId: MMSG-17999]
   USER 14 = user13:pwd13	[MsgId: MMSG-17999]
    2023-06-17 16:42:36.162 : Start page is opened	[MsgId: MMSG-17999]
    2023-06-17 16:42:40.091 : User is logged in with session 136654.690643985HAcQVHfpzftcVHfpAfDQ	[MsgId: MMSG-17999]
    2023-06-17 16:42:45.873 : Search page opened	[MsgId: MMSG-17999]
    2023-06-17 16:43:00.788 : Flights found : 271;730;06/20/2023 and 720;819;06/17/2023	[MsgId: MMSG-17999]
    2023-06-17 16:43:00.788 : Sity depart : London, Sity arrive : Seattle	[MsgId: MMSG-17999]
    2023-06-17 16:43:10.755 : Found Seat Type : Business, Seat Pref : Window	[MsgId: MMSG-17999]
    2023-06-17 16:43:24.401 : Booking is complect	[MsgId: MMSG-17999]
    2023-06-17 16:43:28.945 : Go to Home Page is complete	[MsgId: MMSG-17999]
    2023-06-17 16:43:33.291 : Booking is created : 211861915-1323196-up	[MsgId: MMSG-17999]
    2023-06-17 16:43:41.190 : Booking (211861915-1323196-up) is deleted	[MsgId: MMSG-17999]
    2023-06-17 16:43:46.967 : User is logged out of session	[MsgId: MMSG-17999]
  2023-06-17 16:54:36.083 : IterationNum=15	[MsgId: MMSG-17999]
   USER 15 = user13:pwd13	[MsgId: MMSG-17999]
    2023-06-17 16:54:36.177 : Start page is opened	[MsgId: MMSG-17999]
    2023-06-17 16:54:42.013 : User is logged in with session 136654.748967193HAcQVHipzftcVHfpAHVQ	[MsgId: MMSG-17999]
    2023-06-17 16:54:46.520 : Search page opened	[MsgId: MMSG-17999]
    2023-06-17 16:55:01.070 : Flights found : 823;1709;06/20/2023 and 281;1861;06/17/2023	[MsgId: MMSG-17999]
    2023-06-17 16:55:01.070 : Sity depart : Sydney, Sity arrive : London	[MsgId: MMSG-17999]
    2023-06-17 16:55:09.065 : Found Seat Type : Business, Seat Pref : None	[MsgId: MMSG-17999]
    2023-06-17 16:55:22.160 : Booking is complect	[MsgId: MMSG-17999]
    2023-06-17 16:55:27.781 : Go to Home Page is complete	[MsgId: MMSG-17999]
    2023-06-17 16:55:34.034 : Booking is created : 2118823396-985659-up	[MsgId: MMSG-17999]
    2023-06-17 16:55:45.911 : Booking (2118823396-985659-up) is deleted	[MsgId: MMSG-17999]
    2023-06-17 16:55:50.003 : User is logged out of session	[MsgId: MMSG-17999]
  2023-06-17 17:06:36.088 : IterationNum=16	[MsgId: MMSG-17999]
   USER 16 = user13:pwd13	[MsgId: MMSG-17999]
    2023-06-17 17:06:36.181 : Start page is opened	[MsgId: MMSG-17999]
    2023-06-17 17:06:42.018 : User is logged in with session 136654.807290401HAcQViVpzftcVHfpAiQQ	[MsgId: MMSG-17999]
    2023-06-17 17:06:48.143 : Search page opened	[MsgId: MMSG-17999]
    2023-06-17 17:06:59.650 : Flights found : 670;126;06/20/2023 and 761;112;06/17/2023	[MsgId: MMSG-17999]
    2023-06-17 17:06:59.650 : Sity depart : San Francisco, Sity arrive : Seattle	[MsgId: MMSG-17999]
    2023-06-17 17:07:07.497 : Found Seat Type : Business, Seat Pref : Aisle	[MsgId: MMSG-17999]
    2023-06-17 17:07:21.250 : Booking is complect	[MsgId: MMSG-17999]
    2023-06-17 17:07:26.207 : Go to Home Page is complete	[MsgId: MMSG-17999]
    2023-06-17 17:07:31.276 : Booking is created : 211876671-135479-up	[MsgId: MMSG-17999]
    2023-06-17 17:07:40.486 : Booking (211876671-135479-up) is deleted	[MsgId: MMSG-17999]
    2023-06-17 17:07:46.735 : User is logged out of session	[MsgId: MMSG-17999]
  2023-06-17 17:18:36.092 : IterationNum=17	[MsgId: MMSG-17999]
   USER 17 = user13:pwd13	[MsgId: MMSG-17999]
    2023-06-17 17:18:36.185 : Start page is opened	[MsgId: MMSG-17999]
    2023-06-17 17:18:41.351 : User is logged in with session 136654.865613609HAcQVitpzftcVHfpVAHQ	[MsgId: MMSG-17999]
    2023-06-17 17:18:47.372 : Search page opened	[MsgId: MMSG-17999]
    2023-06-17 17:18:59.803 : Flights found : 463;509;06/20/2023 and 643;509;06/17/2023	[MsgId: MMSG-17999]
    2023-06-17 17:18:59.803 : Sity depart : Paris, Sity arrive : San Francisco	[MsgId: MMSG-17999]
    2023-06-17 17:19:09.668 : Found Seat Type : Coach, Seat Pref : Window	[MsgId: MMSG-17999]
    2023-06-17 17:19:21.859 : Booking is complect	[MsgId: MMSG-17999]
    2023-06-17 17:19:28.178 : Go to Home Page is complete	[MsgId: MMSG-17999]
    2023-06-17 17:19:33.375 : Booking is created : 211869018-1263924-up	[MsgId: MMSG-17999]
    2023-06-17 17:19:41.295 : Booking (211869018-1263924-up) is deleted	[MsgId: MMSG-17999]
    2023-06-17 17:19:46.582 : User is logged out of session	[MsgId: MMSG-17999]
  2023-06-17 17:30:36.107 : IterationNum=18	[MsgId: MMSG-17999]
   USER 18 = user13:pwd13	[MsgId: MMSG-17999]
    2023-06-17 17:30:36.202 : Start page is opened	[MsgId: MMSG-17999]
    2023-06-17 17:30:40.438 : User is logged in with session 136654.923936817HAcQViHpzftcVHfpVcfQ	[MsgId: MMSG-17999]
    2023-06-17 17:30:46.433 : Search page opened	[MsgId: MMSG-17999]
    2023-06-17 17:31:02.106 : Flights found : 922;176;06/20/2023 and 290;187;06/17/2023	[MsgId: MMSG-17999]
    2023-06-17 17:31:02.106 : Sity depart : Zurich, Sity arrive : London	[MsgId: MMSG-17999]
    2023-06-17 17:31:12.832 : Found Seat Type : Coach, Seat Pref : Window	[MsgId: MMSG-17999]
    2023-06-17 17:31:24.385 : Booking is complect	[MsgId: MMSG-17999]
    2023-06-17 17:31:28.682 : Go to Home Page is complete	[MsgId: MMSG-17999]
    2023-06-17 17:31:34.839 : Booking is created : 211886006-99258-up	[MsgId: MMSG-17999]
    2023-06-17 17:31:42.625 : Booking (211886006-99258-up) is deleted	[MsgId: MMSG-17999]
    2023-06-17 17:31:48.841 : User is logged out of session	[MsgId: MMSG-17999]
  2023-06-17 17:42:36.121 : IterationNum=19	[MsgId: MMSG-17999]
   USER 19 = user13:pwd13	[MsgId: MMSG-17999]
    2023-06-17 17:42:36.216 : Start page is opened	[MsgId: MMSG-17999]
    2023-06-17 17:42:40.235 : User is logged in with session 136654.982260024HAcQVQApzftcVHfpVtDQ	[MsgId: MMSG-17999]
    2023-06-17 17:42:45.902 : Search page opened	[MsgId: MMSG-17999]
    2023-06-17 17:42:59.261 : Flights found : 301;420;06/20/2023 and 033;386;06/17/2023	[MsgId: MMSG-17999]
    2023-06-17 17:42:59.261 : Sity depart : Los Angeles, Sity arrive : Denver	[MsgId: MMSG-17999]
    2023-06-17 17:43:07.630 : Found Seat Type : First, Seat Pref : Window	[MsgId: MMSG-17999]
    2023-06-17 17:43:23.604 : Booking is complect	[MsgId: MMSG-17999]
    2023-06-17 17:43:28.142 : Go to Home Page is complete	[MsgId: MMSG-17999]
    2023-06-17 17:43:33.578 : Booking is created : 211863015-79523-up	[MsgId: MMSG-17999]
    2023-06-17 17:43:42.559 : Booking (211863015-79523-up) is deleted	[MsgId: MMSG-17999]
    2023-06-17 17:43:46.722 : User is logged out of session	[MsgId: MMSG-17999]
  2023-06-17 17:54:36.137 : IterationNum=20	[MsgId: MMSG-17999]
   USER 20 = user13:pwd13	[MsgId: MMSG-17999]
    2023-06-17 17:54:36.231 : Start page is opened	[MsgId: MMSG-17999]
    2023-06-17 17:54:40.355 : User is logged in with session 136655.040583232HAcQVQDpzftcVHfpVzVQ	[MsgId: MMSG-17999]
    2023-06-17 17:54:46.592 : Search page opened	[MsgId: MMSG-17999]
    2023-06-17 17:54:59.799 : Flights found : 101;644;06/20/2023 and 010;723;06/17/2023	[MsgId: MMSG-17999]
    2023-06-17 17:54:59.799 : Sity depart : Frankfurt, Sity arrive : Denver	[MsgId: MMSG-17999]
    2023-06-17 17:55:09.090 : Found Seat Type : First, Seat Pref : Window	[MsgId: MMSG-17999]
    2023-06-17 17:55:20.432 : Booking is complect	[MsgId: MMSG-17999]
    2023-06-17 17:55:25.083 : Go to Home Page is complete	[MsgId: MMSG-17999]
    2023-06-17 17:55:29.784 : Booking is created : 211855616-777028-up	[MsgId: MMSG-17999]
    2023-06-17 17:55:40.276 : Booking (211855616-777028-up) is deleted	[MsgId: MMSG-17999]
    2023-06-17 17:55:45.279 : User is logged out of session	[MsgId: MMSG-17999]
  2023-06-17 18:06:36.139 : IterationNum=21	[MsgId: MMSG-17999]
   USER 21 = user13:pwd13	[MsgId: MMSG-17999]
    2023-06-17 18:06:36.234 : Start page is opened	[MsgId: MMSG-17999]
    2023-06-17 18:06:42.263 : User is logged in with session 136655.09890644HAcQVQzpzftcVHfpVHQQ	[MsgId: MMSG-17999]
    2023-06-17 18:06:46.593 : Search page opened	[MsgId: MMSG-17999]
    2023-06-17 18:07:02.973 : Flights found : 943;117;06/20/2023 and 493;117;06/17/2023	[MsgId: MMSG-17999]
    2023-06-17 18:07:02.973 : Sity depart : Zurich, Sity arrive : Paris	[MsgId: MMSG-17999]
    2023-06-17 18:07:12.733 : Found Seat Type : Coach, Seat Pref : Aisle	[MsgId: MMSG-17999]
    2023-06-17 18:07:24.842 : Booking is complect	[MsgId: MMSG-17999]
    2023-06-17 18:07:29.308 : Go to Home Page is complete	[MsgId: MMSG-17999]
    2023-06-17 18:07:33.811 : Booking is created : 211886782-114864-up	[MsgId: MMSG-17999]
    2023-06-17 18:07:44.509 : Booking (211886782-114864-up) is deleted	[MsgId: MMSG-17999]
    2023-06-17 18:07:50.175 : User is logged out of session	[MsgId: MMSG-17999]
  2023-06-17 18:18:36.140 : IterationNum=22	[MsgId: MMSG-17999]
   USER 22 = user13:pwd13	[MsgId: MMSG-17999]
    2023-06-17 18:18:36.235 : Start page is opened	[MsgId: MMSG-17999]
    2023-06-17 18:18:41.307 : User is logged in with session 136655.157229648HAcQVQQpzftcVHfpVQHQ	[MsgId: MMSG-17999]
    2023-06-17 18:18:45.671 : Search page opened	[MsgId: MMSG-17999]
    2023-06-17 18:19:00.165 : Flights found : 690;376;06/20/2023 and 961;335;06/17/2023	[MsgId: MMSG-17999]
    2023-06-17 18:19:00.165 : Sity depart : San Francisco, Sity arrive : Zurich	[MsgId: MMSG-17999]
    2023-06-17 18:19:10.974 : Found Seat Type : Coach, Seat Pref : Aisle	[MsgId: MMSG-17999]
    2023-06-17 18:19:27.482 : Booking is complect	[MsgId: MMSG-17999]
    2023-06-17 18:19:31.714 : Go to Home Page is complete	[MsgId: MMSG-17999]
    2023-06-17 18:19:37.797 : Booking is created : 211877421-150900-up	[MsgId: MMSG-17999]
    2023-06-17 18:19:47.758 : Booking (211877421-150900-up) is deleted	[MsgId: MMSG-17999]
    2023-06-17 18:19:52.403 : User is logged out of session	[MsgId: MMSG-17999]
  2023-06-17 18:30:36.142 : IterationNum=23	[MsgId: MMSG-17999]
   USER 23 = user13:pwd13	[MsgId: MMSG-17999]
    2023-06-17 18:30:36.237 : Start page is opened	[MsgId: MMSG-17999]
    2023-06-17 18:30:42.468 : User is logged in with session 136655.215552855HAcQcAcpzftcVHfpcVfQ	[MsgId: MMSG-17999]
    2023-06-17 18:30:47.584 : Search page opened	[MsgId: MMSG-17999]
    2023-06-17 18:31:03.395 : Flights found : 592;436;06/20/2023 and 951;411;06/17/2023	[MsgId: MMSG-17999]
    2023-06-17 18:31:03.395 : Sity depart : Portland, Sity arrive : Zurich	[MsgId: MMSG-17999]
    2023-06-17 18:31:11.739 : Found Seat Type : Coach, Seat Pref : Window	[MsgId: MMSG-17999]
    2023-06-17 18:31:26.922 : Booking is complect	[MsgId: MMSG-17999]
    2023-06-17 18:31:31.501 : Go to Home Page is complete	[MsgId: MMSG-17999]
    2023-06-17 18:31:35.812 : Booking is created : 211873793-150142-up	[MsgId: MMSG-17999]
    2023-06-17 18:31:46.521 : Booking (211873793-150142-up) is deleted	[MsgId: MMSG-17999]
    2023-06-17 18:31:50.892 : User is logged out of session	[MsgId: MMSG-17999]
  2023-06-17 18:42:36.157 : IterationNum=24	[MsgId: MMSG-17999]
   USER 24 = user13:pwd13	[MsgId: MMSG-17999]
    2023-06-17 18:42:36.252 : Start page is opened	[MsgId: MMSG-17999]
    2023-06-17 18:42:40.938 : User is logged in with session 136655.273876063HAcQcAfpzftcVHfpcDDQ	[MsgId: MMSG-17999]
    2023-06-17 18:42:46.454 : Search page opened	[MsgId: MMSG-17999]
    2023-06-17 18:43:02.927 : Flights found : 253;454;06/20/2023 and 522;525;06/17/2023	[MsgId: MMSG-17999]
    2023-06-17 18:43:02.927 : Sity depart : London, Sity arrive : Portland	[MsgId: MMSG-17999]
    2023-06-17 18:43:10.968 : Found Seat Type : Coach, Seat Pref : Aisle	[MsgId: MMSG-17999]
    2023-06-17 18:43:28.380 : Booking is complect	[MsgId: MMSG-17999]
    2023-06-17 18:43:34.653 : Go to Home Page is complete	[MsgId: MMSG-17999]
    2023-06-17 18:43:40.746 : Booking is created : 211861239-117152-up	[MsgId: MMSG-17999]
    2023-06-17 18:43:53.225 : Booking (211861239-117152-up) is deleted	[MsgId: MMSG-17999]
    2023-06-17 18:43:59.545 : User is logged out of session	[MsgId: MMSG-17999]
  2023-06-17 18:54:36.159 : IterationNum=25	[MsgId: MMSG-17999]
   USER 25 = user13:pwd13	[MsgId: MMSG-17999]
    2023-06-17 18:54:36.252 : Start page is opened	[MsgId: MMSG-17999]
    2023-06-17 18:54:41.216 : User is logged in with session 136655.332199271HAcQcAipzftcVHfpcfVQ	[MsgId: MMSG-17999]
    2023-06-17 18:54:47.301 : Search page opened	[MsgId: MMSG-17999]
    2023-06-17 18:55:02.844 : Flights found : 263;695;06/20/2023 and 623;695;06/17/2023	[MsgId: MMSG-17999]
    2023-06-17 18:55:02.844 : Sity depart : London, Sity arrive : San Francisco	[MsgId: MMSG-17999]
    2023-06-17 18:55:13.425 : Found Seat Type : Business, Seat Pref : Window	[MsgId: MMSG-17999]
    2023-06-17 18:55:31.427 : Booking is complect	[MsgId: MMSG-17999]
    2023-06-17 18:55:37.391 : Go to Home Page is complete	[MsgId: MMSG-17999]
    2023-06-17 18:55:43.637 : Booking is created : 211861618-1248568-up	[MsgId: MMSG-17999]
    2023-06-17 18:55:53.452 : Booking (211861618-1248568-up) is deleted	[MsgId: MMSG-17999]
    2023-06-17 18:55:59.060 : User is logged out of session	[MsgId: MMSG-17999]
  2023-06-17 19:06:36.172 : IterationNum=26	[MsgId: MMSG-17999]
   USER 26 = user13:pwd13	[MsgId: MMSG-17999]
    2023-06-17 19:06:36.266 : Start page is opened	[MsgId: MMSG-17999]
    2023-06-17 19:06:41.578 : User is logged in with session 136655.390522479HAcQcVVpzftcVHfpczQQ	[MsgId: MMSG-17999]
    2023-06-17 19:06:46.810 : Search page opened	[MsgId: MMSG-17999]
    2023-06-17 19:07:01.623 : Flights found : 821;1861;06/20/2023 and 282;1975;06/17/2023	[MsgId: MMSG-17999]
    2023-06-17 19:07:01.623 : Sity depart : Sydney, Sity arrive : London	[MsgId: MMSG-17999]
    2023-06-17 19:07:10.708 : Found Seat Type : Business, Seat Pref : None	[MsgId: MMSG-17999]
    2023-06-17 19:07:27.230 : Booking is complect	[MsgId: MMSG-17999]
    2023-06-17 19:07:33.367 : Go to Home Page is complete	[MsgId: MMSG-17999]
    2023-06-17 19:07:38.952 : Booking is created : 2118822661-986448-up	[MsgId: MMSG-17999]
    2023-06-17 19:07:51.462 : Booking (2118822661-986448-up) is deleted	[MsgId: MMSG-17999]
    2023-06-17 19:07:56.254 : User is logged out of session	[MsgId: MMSG-17999]
  2023-06-17 19:18:36.182 : IterationNum=27	[MsgId: MMSG-17999]
   USER 27 = user13:pwd13	[MsgId: MMSG-17999]
    2023-06-17 19:18:36.277 : Start page is opened	[MsgId: MMSG-17999]
    2023-06-17 19:18:40.631 : User is logged in with session 136655.448845687HAcQcVtpzftcVHfpciHQ	[MsgId: MMSG-17999]
    2023-06-17 19:18:46.029 : Search page opened	[MsgId: MMSG-17999]
    2023-06-17 19:19:01.274 : Flights found : 402;622;06/20/2023 and 041;586;06/17/2023	[MsgId: MMSG-17999]
    2023-06-17 19:19:01.274 : Sity depart : Paris, Sity arrive : Denver	[MsgId: MMSG-17999]
    2023-06-17 19:19:12.715 : Found Seat Type : First, Seat Pref : None	[MsgId: MMSG-17999]
    2023-06-17 19:19:30.456 : Booking is complect	[MsgId: MMSG-17999]
    2023-06-17 19:19:34.527 : Go to Home Page is complete	[MsgId: MMSG-17999]
    2023-06-17 19:19:38.393 : Booking is created : 211866763-800862-up	[MsgId: MMSG-17999]
    2023-06-17 19:19:47.747 : Booking (211866763-800862-up) is deleted	[MsgId: MMSG-17999]
    2023-06-17 19:19:51.764 : User is logged out of session	[MsgId: MMSG-17999]
  2023-06-17 19:30:36.187 : IterationNum=28	[MsgId: MMSG-17999]
   USER 28 = user13:pwd13	[MsgId: MMSG-17999]
    2023-06-17 19:30:36.281 : Start page is opened	[MsgId: MMSG-17999]
    2023-06-17 19:30:41.210 : User is logged in with session 136655.507168894HAcQcVHpzftcVHfpDAfQ	[MsgId: MMSG-17999]
    2023-06-17 19:30:45.433 : Search page opened	[MsgId: MMSG-17999]
    2023-06-17 19:31:00.952 : Flights found : 681;655;06/20/2023 and 863;602;06/17/2023	[MsgId: MMSG-17999]
    2023-06-17 19:31:00.952 : Sity depart : San Francisco, Sity arrive : Sydney	[MsgId: MMSG-17999]
    2023-06-17 19:31:13.494 : Found Seat Type : Coach, Seat Pref : Window	[MsgId: MMSG-17999]
    2023-06-17 19:31:26.995 : Booking is complect	[MsgId: MMSG-17999]
    2023-06-17 19:31:31.665 : Go to Home Page is complete	[MsgId: MMSG-17999]
    2023-06-17 19:31:37.165 : Booking is created : 211877098-1433173-up	[MsgId: MMSG-17999]
    2023-06-17 19:31:49.551 : Booking (211877098-1433173-up) is deleted	[MsgId: MMSG-17999]
    2023-06-17 19:31:54.327 : User is logged out of session	[MsgId: MMSG-17999]
  2023-06-17 19:42:36.196 : IterationNum=29	[MsgId: MMSG-17999]
   USER 29 = user13:pwd13	[MsgId: MMSG-17999]
    2023-06-17 19:42:36.290 : Start page is opened	[MsgId: MMSG-17999]
    2023-06-17 19:42:41.886 : User is logged in with session 136655.565492102HAcQccApzftcVHfpDcDQ	[MsgId: MMSG-17999]
    2023-06-17 19:42:46.391 : Search page opened	[MsgId: MMSG-17999]
    2023-06-17 19:43:01.771 : Flights found : 233;632;06/20/2023 and 323;632;06/17/2023	[MsgId: MMSG-17999]
    2023-06-17 19:43:01.771 : Sity depart : London, Sity arrive : Los Angeles	[MsgId: MMSG-17999]
    2023-06-17 19:43:09.583 : Found Seat Type : Coach, Seat Pref : Window	[MsgId: MMSG-17999]
    2023-06-17 19:43:22.641 : Booking is complect	[MsgId: MMSG-17999]
    2023-06-17 19:43:27.389 : Go to Home Page is complete	[MsgId: MMSG-17999]
    2023-06-17 19:43:33.442 : Booking is created : 211860504-1017789-up	[MsgId: MMSG-17999]
    2023-06-17 19:43:44.785 : Booking (211860504-1017789-up) is deleted	[MsgId: MMSG-17999]
    2023-06-17 19:43:50.727 : User is logged out of session	[MsgId: MMSG-17999]
  2023-06-17 19:54:36.209 : IterationNum=30	[MsgId: MMSG-17999]
   USER 30 = user13:pwd13	[MsgId: MMSG-17999]
    2023-06-17 19:54:36.304 : Start page is opened	[MsgId: MMSG-17999]
    2023-06-17 19:54:41.736 : User is logged in with session 136655.62381531HAcQccDpzftcVHfpDtVQ	[MsgId: MMSG-17999]
    2023-06-17 19:54:45.778 : Search page opened	[MsgId: MMSG-17999]
    2023-06-17 19:55:01.643 : Flights found : 693;446;06/20/2023 and 963;446;06/17/2023	[MsgId: MMSG-17999]
    2023-06-17 19:55:01.643 : Sity depart : San Francisco, Sity arrive : Zurich	[MsgId: MMSG-17999]
    2023-06-17 19:55:11.358 : Found Seat Type : Business, Seat Pref : Window	[MsgId: MMSG-17999]
    2023-06-17 19:55:29.902 : Booking is complect	[MsgId: MMSG-17999]
    2023-06-17 19:55:36.078 : Go to Home Page is complete	[MsgId: MMSG-17999]
    2023-06-17 19:55:40.737 : Booking is created : 211877535-151068-up	[MsgId: MMSG-17999]
    2023-06-17 19:55:50.105 : Booking (211877535-151068-up) is deleted	[MsgId: MMSG-17999]
    2023-06-17 19:55:55.100 : User is logged out of session	[MsgId: MMSG-17999]
  2023-06-17 20:06:36.220 : IterationNum=31	[MsgId: MMSG-17999]
   USER 31 = user13:pwd13	[MsgId: MMSG-17999]
    2023-06-17 20:06:36.314 : Start page is opened	[MsgId: MMSG-17999]
    2023-06-17 20:06:41.778 : User is logged in with session 136655.682138518HAcQcczpzftcVHfpDfQQ	[MsgId: MMSG-17999]
    2023-06-17 20:06:46.248 : Search page opened	[MsgId: MMSG-17999]
    2023-06-17 20:07:03.852 : Flights found : 571;57;06/20/2023 and 751;57;06/17/2023	[MsgId: MMSG-17999]
    2023-06-17 20:07:03.852 : Sity depart : Portland, Sity arrive : Seattle	[MsgId: MMSG-17999]
    2023-06-17 20:07:12.993 : Found Seat Type : Coach, Seat Pref : Aisle	[MsgId: MMSG-17999]
    2023-06-17 20:07:26.505 : Booking is complect	[MsgId: MMSG-17999]
    2023-06-17 20:07:31.217 : Go to Home Page is complete	[MsgId: MMSG-17999]
    2023-06-17 20:07:37.327 : Booking is created : 21187302-134701-up	[MsgId: MMSG-17999]
    2023-06-17 20:07:48.662 : Booking (21187302-134701-up) is deleted	[MsgId: MMSG-17999]
    2023-06-17 20:07:53.521 : User is logged out of session	[MsgId: MMSG-17999]
  2023-06-17 20:18:36.234 : IterationNum=32	[MsgId: MMSG-17999]
   USER 32 = user13:pwd13	[MsgId: MMSG-17999]
    2023-06-17 20:18:36.329 : Start page is opened	[MsgId: MMSG-17999]
    2023-06-17 20:18:41.423 : User is logged in with session 136655.740461725HAcQccQpzftcVHfpDHHQ	[MsgId: MMSG-17999]
    2023-06-17 20:18:46.387 : Search page opened	[MsgId: MMSG-17999]
    2023-06-17 20:18:58.538 : Flights found : 731;292;06/20/2023 and 373;268;06/17/2023	[MsgId: MMSG-17999]
    2023-06-17 20:18:58.538 : Sity depart : Seattle, Sity arrive : Los Angeles	[MsgId: MMSG-17999]
    2023-06-17 20:19:09.361 : Found Seat Type : First, Seat Pref : None	[MsgId: MMSG-17999]
    2023-06-17 20:19:25.492 : Booking is complect	[MsgId: MMSG-17999]
    2023-06-17 20:19:30.309 : Go to Home Page is complete	[MsgId: MMSG-17999]
    2023-06-17 20:19:36.017 : Booking is created : 211878936-105658-up	[MsgId: MMSG-17999]
    2023-06-17 20:19:44.879 : Booking (211878936-105658-up) is deleted	[MsgId: MMSG-17999]
    2023-06-17 20:19:49.090 : User is logged out of session	[MsgId: MMSG-17999]
  2023-06-17 20:30:36.244 : IterationNum=33	[MsgId: MMSG-17999]
   USER 33 = user13:pwd13	[MsgId: MMSG-17999]
    2023-06-17 20:30:36.340 : Start page is opened	[MsgId: MMSG-17999]
    2023-06-17 20:30:42.267 : User is logged in with session 136655.798784933HAcQcDcpzftcVHfpDQfQ	[MsgId: MMSG-17999]
    2023-06-17 20:30:47.980 : Search page opened	[MsgId: MMSG-17999]
    2023-06-17 20:31:06.697 : Flights found : 870;1503;06/20/2023 and 783;1230;06/17/2023	[MsgId: MMSG-17999]
    2023-06-17 20:31:06.697 : Sity depart : Sydney, Sity arrive : Seattle	[MsgId: MMSG-17999]
    2023-06-17 20:31:16.529 : Found Seat Type : First, Seat Pref : None	[MsgId: MMSG-17999]
    2023-06-17 20:31:28.334 : Booking is complect	[MsgId: MMSG-17999]
    2023-06-17 20:31:33.255 : Go to Home Page is complete	[MsgId: MMSG-17999]
    2023-06-17 20:31:38.252 : Booking is created : 2118840796-1371748-up	[MsgId: MMSG-17999]
    2023-06-17 20:31:49.366 : Booking (2118840796-1371748-up) is deleted	[MsgId: MMSG-17999]
    2023-06-17 20:31:53.998 : User is logged out of session	[MsgId: MMSG-17999]
  2023-06-17 20:42:36.249 : IterationNum=34	[MsgId: MMSG-17999]
   USER 34 = user13:pwd13	[MsgId: MMSG-17999]
    2023-06-17 20:42:36.343 : Start page is opened	[MsgId: MMSG-17999]
    2023-06-17 20:42:41.529 : User is logged in with session 136655.857108141HAcQcDfpzftcVHfptVDQ	[MsgId: MMSG-17999]
    2023-06-17 20:42:46.364 : Search page opened	[MsgId: MMSG-17999]
    2023-06-17 20:43:02.441 : Flights found : 590;462;06/20/2023 and 950;462;06/17/2023	[MsgId: MMSG-17999]
    2023-06-17 20:43:02.441 : Sity depart : Portland, Sity arrive : Zurich	[MsgId: MMSG-17999]
    2023-06-17 20:43:14.234 : Found Seat Type : Coach, Seat Pref : None	[MsgId: MMSG-17999]
    2023-06-17 20:43:31.748 : Booking is complect	[MsgId: MMSG-17999]
    2023-06-17 20:43:35.748 : Go to Home Page is complete	[MsgId: MMSG-17999]
    2023-06-17 20:43:41.434 : Booking is created : 211873720-150071-up	[MsgId: MMSG-17999]
    2023-06-17 20:43:53.939 : Booking (211873720-150071-up) is deleted	[MsgId: MMSG-17999]
    2023-06-17 20:43:58.005 : User is logged out of session	[MsgId: MMSG-17999]
  2023-06-17 20:54:36.252 : IterationNum=35	[MsgId: MMSG-17999]
   USER 35 = user13:pwd13	[MsgId: MMSG-17999]
    2023-06-17 20:54:36.347 : Start page is opened	[MsgId: MMSG-17999]
    2023-06-17 20:54:41.701 : User is logged in with session 136655.915431349HAcQcDipzftcVHfptDVQ	[MsgId: MMSG-17999]
    2023-06-17 20:54:47.326 : Search page opened	[MsgId: MMSG-17999]
    2023-06-17 20:55:02.643 : Flights found : 972;613;06/20/2023 and 792;613;06/17/2023	[MsgId: MMSG-17999]
    2023-06-17 20:55:02.644 : Sity depart : Zurich, Sity arrive : Seattle	[MsgId: MMSG-17999]
    2023-06-17 20:55:12.741 : Found Seat Type : Business, Seat Pref : Aisle	[MsgId: MMSG-17999]
    2023-06-17 20:55:28.988 : Booking is complect	[MsgId: MMSG-17999]
    2023-06-17 20:55:33.943 : Go to Home Page is complete	[MsgId: MMSG-17999]
    2023-06-17 20:55:38.432 : Booking is created : 211887874-1378555-up	[MsgId: MMSG-17999]
    2023-06-17 20:55:46.730 : Booking (211887874-1378555-up) is deleted	[MsgId: MMSG-17999]
    2023-06-17 20:55:52.627 : User is logged out of session	[MsgId: MMSG-17999]
  2023-06-17 21:06:36.255 : IterationNum=36	[MsgId: MMSG-17999]
   USER 36 = user13:pwd13	[MsgId: MMSG-17999]
    2023-06-17 21:06:36.348 : Start page is opened	[MsgId: MMSG-17999]
    2023-06-17 21:06:40.934 : User is logged in with session 136655.973754557HAcQctVpzftcVHfpttQQ	[MsgId: MMSG-17999]
    2023-06-17 21:06:46.887 : Search page opened	[MsgId: MMSG-17999]
    2023-06-17 21:07:02.338 : Flights found : 180;2287;06/20/2023 and 810;2287;06/17/2023	[MsgId: MMSG-17999]
    2023-06-17 21:07:02.338 : Sity depart : Frankfurt, Sity arrive : Sydney	[MsgId: MMSG-17999]
    2023-06-17 21:07:14.882 : Found Seat Type : First, Seat Pref : None	[MsgId: MMSG-17999]
    2023-06-17 21:07:31.158 : Booking is complect	[MsgId: MMSG-17999]
    2023-06-17 21:07:37.339 : Go to Home Page is complete	[MsgId: MMSG-17999]
    2023-06-17 21:07:42.613 : Booking is created : 2118585269-1392659-up	[MsgId: MMSG-17999]
    2023-06-17 21:07:50.751 : Booking (2118585269-1392659-up) is deleted	[MsgId: MMSG-17999]
    2023-06-17 21:07:55.916 : User is logged out of session	[MsgId: MMSG-17999]
  2023-06-17 21:18:36.266 : IterationNum=37	[MsgId: MMSG-17999]
   USER 37 = user13:pwd13	[MsgId: MMSG-17999]
    2023-06-17 21:18:36.360 : Start page is opened	[MsgId: MMSG-17999]
    2023-06-17 21:18:41.240 : User is logged in with session 136656.032077764HAcQcttpzftcVHfptzHQ	[MsgId: MMSG-17999]
    2023-06-17 21:18:46.932 : Search page opened	[MsgId: MMSG-17999]
    2023-06-17 21:18:59.317 : Flights found : 652;134;06/20/2023 and 561;126;06/17/2023	[MsgId: MMSG-17999]
    2023-06-17 21:18:59.317 : Sity depart : San Francisco, Sity arrive : Portland	[MsgId: MMSG-17999]
    2023-06-17 21:19:08.381 : Found Seat Type : First, Seat Pref : None	[MsgId: MMSG-17999]
    2023-06-17 21:19:20.647 : Booking is complect	[MsgId: MMSG-17999]
    2023-06-17 21:19:25.508 : Go to Home Page is complete	[MsgId: MMSG-17999]
    2023-06-17 21:19:30.377 : Booking is created : 211876004-120096-up	[MsgId: MMSG-17999]
    2023-06-17 21:19:39.925 : Booking (211876004-120096-up) is deleted	[MsgId: MMSG-17999]
    2023-06-17 21:19:45.131 : User is logged out of session	[MsgId: MMSG-17999]
  2023-06-17 21:30:36.273 : IterationNum=38	[MsgId: MMSG-17999]
   USER 38 = user13:pwd13	[MsgId: MMSG-17999]
    2023-06-17 21:30:36.369 : Start page is opened	[MsgId: MMSG-17999]
    2023-06-17 21:30:41.607 : User is logged in with session 136656.090400972HAcQctHpzftcVHfptifQ	[MsgId: MMSG-17999]
    2023-06-17 21:30:47.279 : Search page opened	[MsgId: MMSG-17999]
    2023-06-17 21:31:02.832 : Flights found : 731;292;06/20/2023 and 370;327;06/17/2023	[MsgId: MMSG-17999]
    2023-06-17 21:31:02.832 : Sity depart : Seattle, Sity arrive : Los Angeles	[MsgId: MMSG-17999]
    2023-06-17 21:31:15.366 : Found Seat Type : First, Seat Pref : None	[MsgId: MMSG-17999]
    2023-06-17 21:31:33.991 : Booking is complect	[MsgId: MMSG-17999]
    2023-06-17 21:31:39.780 : Go to Home Page is complete	[MsgId: MMSG-17999]
    2023-06-17 21:31:45.353 : Booking is created : 211878936-105432-up	[MsgId: MMSG-17999]
    2023-06-17 21:31:52.906 : Booking (211878936-105432-up) is deleted	[MsgId: MMSG-17999]
    2023-06-17 21:31:58.473 : User is logged out of session	[MsgId: MMSG-17999]
  2023-06-17 21:42:36.289 : IterationNum=39	[MsgId: MMSG-17999]
   USER 39 = user13:pwd13	[MsgId: MMSG-17999]
    2023-06-17 21:42:36.383 : Start page is opened	[MsgId: MMSG-17999]
    2023-06-17 21:42:41.544 : User is logged in with session 136656.14872418HAcQcfApzftcVHfpfADQ	[MsgId: MMSG-17999]
    2023-06-17 21:42:46.900 : Search page opened	[MsgId: MMSG-17999]
    2023-06-17 21:42:59.930 : Flights found : 343;359;06/20/2023 and 430;438;06/17/2023	[MsgId: MMSG-17999]
    2023-06-17 21:42:59.930 : Sity depart : Los Angeles, Sity arrive : Paris	[MsgId: MMSG-17999]
    2023-06-17 21:43:12.345 : Found Seat Type : Coach, Seat Pref : None	[MsgId: MMSG-17999]
    2023-06-17 21:43:30.136 : Booking is complect	[MsgId: MMSG-17999]
    2023-06-17 21:43:36.173 : Go to Home Page is complete	[MsgId: MMSG-17999]
    2023-06-17 21:43:40.285 : Booking is created : 211864568-110061-up	[MsgId: MMSG-17999]
    2023-06-17 21:43:51.045 : Booking (211864568-110061-up) is deleted	[MsgId: MMSG-17999]
    2023-06-17 21:43:56.662 : User is logged out of session	[MsgId: MMSG-17999]
  2023-06-17 21:54:36.296 : IterationNum=40	[MsgId: MMSG-17999]
   USER 40 = user13:pwd13	[MsgId: MMSG-17999]
    2023-06-17 21:54:36.391 : Start page is opened	[MsgId: MMSG-17999]
    2023-06-17 21:54:41.120 : User is logged in with session 136656.207047388HAcQcfDpzftcVHfpfcVQ	[MsgId: MMSG-17999]
    2023-06-17 21:54:46.678 : Search page opened	[MsgId: MMSG-17999]
    2023-06-17 21:54:58.246 : Flights found : 492;196;06/20/2023 and 940;207;06/17/2023	[MsgId: MMSG-17999]
    2023-06-17 21:54:58.246 : Sity depart : Paris, Sity arrive : Zurich	[MsgId: MMSG-17999]
    2023-06-17 21:55:09.125 : Found Seat Type : Business, Seat Pref : Aisle	[MsgId: MMSG-17999]
    2023-06-17 21:55:27.667 : Booking is complect	[MsgId: MMSG-17999]
    2023-06-17 21:55:32.557 : Go to Home Page is complete	[MsgId: MMSG-17999]
    2023-06-17 21:55:36.533 : Booking is created : 211870081-149261-up	[MsgId: MMSG-17999]
    2023-06-17 21:55:47.514 : Booking (211870081-149261-up) is deleted	[MsgId: MMSG-17999]
    2023-06-17 21:55:53.415 : User is logged out of session	[MsgId: MMSG-17999]
  2023-06-17 22:06:36.309 : IterationNum=41	[MsgId: MMSG-17999]
   USER 41 = user13:pwd13	[MsgId: MMSG-17999]
    2023-06-17 22:06:36.403 : Start page is opened	[MsgId: MMSG-17999]
    2023-06-17 22:06:40.825 : User is logged in with session 136656.265370595HAcQcfzpzftcVHfpfDQQ	[MsgId: MMSG-17999]
    2023-06-17 22:06:45.780 : Search page opened	[MsgId: MMSG-17999]
    2023-06-17 22:07:02.513 : Flights found : 183;998;06/20/2023 and 811;1086;06/17/2023	[MsgId: MMSG-17999]
    2023-06-17 22:07:02.513 : Sity depart : Frankfurt, Sity arrive : Sydney	[MsgId: MMSG-17999]
    2023-06-17 22:07:13.447 : Found Seat Type : Coach, Seat Pref : Aisle	[MsgId: MMSG-17999]
    2023-06-17 22:07:32.149 : Booking is complect	[MsgId: MMSG-17999]
    2023-06-17 22:07:36.814 : Go to Home Page is complete	[MsgId: MMSG-17999]
    2023-06-17 22:07:41.841 : Booking is created : 211858666-1393237-up	[MsgId: MMSG-17999]
    2023-06-17 22:07:49.531 : Booking (211858666-1393237-up) is deleted	[MsgId: MMSG-17999]
    2023-06-17 22:07:54.740 : User is logged out of session	[MsgId: MMSG-17999]
  2023-06-17 22:18:36.316 : IterationNum=42	[MsgId: MMSG-17999]
   USER 42 = user13:pwd13	[MsgId: MMSG-17999]
    2023-06-17 22:18:36.411 : Start page is opened	[MsgId: MMSG-17999]
    2023-06-17 22:18:40.299 : User is logged in with session 136656.323693803HAcQcfQpzftcVHfpffHQ	[MsgId: MMSG-17999]
    2023-06-17 22:18:45.307 : Search page opened	[MsgId: MMSG-17999]
    2023-06-17 22:19:02.139 : Flights found : 432;601;06/20/2023 and 340;636;06/17/2023	[MsgId: MMSG-17999]
    2023-06-17 22:19:02.139 : Sity depart : Paris, Sity arrive : Los Angeles	[MsgId: MMSG-17999]
    2023-06-17 22:19:11.151 : Found Seat Type : Business, Seat Pref : Window	[MsgId: MMSG-17999]
    2023-06-17 22:19:28.969 : Booking is complect	[MsgId: MMSG-17999]
    2023-06-17 22:19:33.882 : Go to Home Page is complete	[MsgId: MMSG-17999]
    2023-06-17 22:19:40.084 : Booking is created : 211867874-1030864-up	[MsgId: MMSG-17999]
    2023-06-17 22:19:51.029 : Booking (211867874-1030864-up) is deleted	[MsgId: MMSG-17999]
    2023-06-17 22:19:55.310 : User is logged out of session	[MsgId: MMSG-17999]
  2023-06-17 22:30:36.325 : IterationNum=43	[MsgId: MMSG-17999]
   USER 43 = user13:pwd13	[MsgId: MMSG-17999]
    2023-06-17 22:30:36.419 : Start page is opened	[MsgId: MMSG-17999]
    2023-06-17 22:30:41.799 : User is logged in with session 136656.382017011HAcQczcpzftcVHfpfHfQ	[MsgId: MMSG-17999]
    2023-06-17 22:30:46.686 : Search page opened	[MsgId: MMSG-17999]
    2023-06-17 22:31:01.666 : Flights found : 943;117;06/20/2023 and 492;135;06/17/2023	[MsgId: MMSG-17999]
    2023-06-17 22:31:01.666 : Sity depart : Zurich, Sity arrive : Paris	[MsgId: MMSG-17999]
    2023-06-17 22:31:10.587 : Found Seat Type : Coach, Seat Pref : None	[MsgId: MMSG-17999]
    2023-06-17 22:31:27.738 : Booking is complect	[MsgId: MMSG-17999]
    2023-06-17 22:31:32.130 : Go to Home Page is complete	[MsgId: MMSG-17999]
    2023-06-17 22:31:38.122 : Booking is created : 211886782-114788-up	[MsgId: MMSG-17999]
    2023-06-17 22:31:48.556 : Booking (211886782-114788-up) is deleted	[MsgId: MMSG-17999]
    2023-06-17 22:31:53.389 : User is logged out of session	[MsgId: MMSG-17999]
