  2023-06-17 14:09:26.444 : IterationNum=1	[MsgId: MMSG-17999]
   USER 1 = user85:pwd85	[MsgId: MMSG-17999]
    2023-06-17 14:09:26.534 : Start page is opened	[MsgId: MMSG-17999]
    2023-06-17 14:09:31.535 : User is logged in with session 136653.946213042HAcQVDHpDfiDDDDDtcVHtpictVf	[MsgId: MMSG-17999]
    2023-06-17 14:09:37.108 : User is logged out of session	[MsgId: MMSG-17999]
  2023-06-17 14:11:32.453 : IterationNum=2	[MsgId: MMSG-17999]
   USER 2 = user85:pwd85	[MsgId: MMSG-17999]
    2023-06-17 14:11:32.549 : Start page is opened	[MsgId: MMSG-17999]
    2023-06-17 14:11:38.808 : User is logged in with session 136653.956419603HAcQVDHpiiDDDDDDtcVHtpicHD	[MsgId: MMSG-17999]
    2023-06-17 14:11:44.999 : User is logged out of session	[MsgId: MMSG-17999]
  2023-06-17 14:13:38.463 : IterationNum=3	[MsgId: MMSG-17999]
   USER 3 = user85:pwd85	[MsgId: MMSG-17999]
    2023-06-17 14:13:38.557 : Start page is opened	[MsgId: MMSG-17999]
    2023-06-17 14:13:43.664 : User is logged in with session 136653.966626164HAcQVDiptAiDDDDDtcVHtpiDAtf	[MsgId: MMSG-17999]
    2023-06-17 14:13:48.569 : User is logged out of session	[MsgId: MMSG-17999]
  2023-06-17 14:15:44.463 : IterationNum=4	[MsgId: MMSG-17999]
   USER 4 = user85:pwd85	[MsgId: MMSG-17999]
    2023-06-17 14:15:44.559 : Start page is opened	[MsgId: MMSG-17999]
    2023-06-17 14:15:50.131 : User is logged in with session 136653.976832726HAcQVDipQDDDDDDDtcVHtpiDDz	[MsgId: MMSG-17999]
    2023-06-17 14:15:55.489 : User is logged out of session	[MsgId: MMSG-17999]
  2023-06-17 14:17:50.474 : IterationNum=5	[MsgId: MMSG-17999]
   USER 5 = user85:pwd85	[MsgId: MMSG-17999]
    2023-06-17 14:17:50.567 : Start page is opened	[MsgId: MMSG-17999]
    2023-06-17 14:17:56.627 : User is logged in with session 136653.987039287HAcQVDQptfiDDDDDtcVHtpiDzHf	[MsgId: MMSG-17999]
    2023-06-17 14:18:02.285 : User is logged out of session	[MsgId: MMSG-17999]
  2023-06-17 14:19:56.489 : IterationNum=6	[MsgId: MMSG-17999]
   USER 6 = user85:pwd85	[MsgId: MMSG-17999]
    2023-06-17 14:19:56.583 : Start page is opened	[MsgId: MMSG-17999]
    2023-06-17 14:20:01.029 : User is logged in with session 136653.997245849HAcQVDQpQiDDDDDDtcVHtpiDQQ	[MsgId: MMSG-17999]
    2023-06-17 14:20:05.528 : User is logged out of session	[MsgId: MMSG-17999]
  2023-06-17 14:22:02.496 : IterationNum=7	[MsgId: MMSG-17999]
   USER 7 = user85:pwd85	[MsgId: MMSG-17999]
    2023-06-17 14:22:02.592 : Start page is opened	[MsgId: MMSG-17999]
    2023-06-17 14:22:08.169 : User is logged in with session 136654.00745241HAcQVtApfAiDDDDDtcVHtpitDAf	[MsgId: MMSG-17999]
    2023-06-17 14:22:12.793 : User is logged out of session	[MsgId: MMSG-17999]
  2023-06-17 14:24:08.499 : IterationNum=8	[MsgId: MMSG-17999]
   USER 8 = user85:pwd85	[MsgId: MMSG-17999]
    2023-06-17 14:24:08.593 : Start page is opened	[MsgId: MMSG-17999]
    2023-06-17 14:24:12.503 : User is logged in with session 136654.017658971HAcQVtVpADDDDDDDtcVHtpitzc	[MsgId: MMSG-17999]
    2023-06-17 14:24:17.078 : User is logged out of session	[MsgId: MMSG-17999]
  2023-06-17 14:26:14.508 : IterationNum=9	[MsgId: MMSG-17999]
   USER 9 = user85:pwd85	[MsgId: MMSG-17999]
    2023-06-17 14:26:14.603 : Start page is opened	[MsgId: MMSG-17999]
    2023-06-17 14:26:20.179 : User is logged in with session 136654.027865533HAcQVtVpffiDDDDDtcVHtpitQDf	[MsgId: MMSG-17999]
    2023-06-17 14:26:24.561 : User is logged out of session	[MsgId: MMSG-17999]
  2023-06-17 14:28:20.517 : IterationNum=10	[MsgId: MMSG-17999]
   USER 10 = user85:pwd85	[MsgId: MMSG-17999]
    2023-06-17 14:28:20.612 : Start page is opened	[MsgId: MMSG-17999]
    2023-06-17 14:28:24.969 : User is logged in with session 136654.038072094HAcQVtcpAiDDDDDDtcVHtpifcf	[MsgId: MMSG-17999]
    2023-06-17 14:28:31.193 : User is logged out of session	[MsgId: MMSG-17999]
  2023-06-17 14:30:26.531 : IterationNum=11	[MsgId: MMSG-17999]
   USER 11 = user85:pwd85	[MsgId: MMSG-17999]
    2023-06-17 14:30:26.625 : Start page is opened	[MsgId: MMSG-17999]
    2023-06-17 14:30:30.905 : User is logged in with session 136654.048278655HAcQVtcpzAiDDDDDtcVHtpiffzf	[MsgId: MMSG-17999]
    2023-06-17 14:30:37.223 : User is logged out of session	[MsgId: MMSG-17999]
  2023-06-17 14:32:32.544 : IterationNum=12	[MsgId: MMSG-17999]
   USER 12 = user85:pwd85	[MsgId: MMSG-17999]
    2023-06-17 14:32:32.638 : Start page is opened	[MsgId: MMSG-17999]
    2023-06-17 14:32:37.005 : User is logged in with session 136654.058485217HAcQVtDpVDDDDDDDtcVHtpifii	[MsgId: MMSG-17999]
    2023-06-17 14:32:40.917 : User is logged out of session	[MsgId: MMSG-17999]
  2023-06-17 14:34:38.546 : IterationNum=13	[MsgId: MMSG-17999]
   USER 13 = user85:pwd85	[MsgId: MMSG-17999]
    2023-06-17 14:34:38.641 : Start page is opened	[MsgId: MMSG-17999]
    2023-06-17 14:34:42.920 : User is logged in with session 136654.068691778HAcQVtDpzfiDDDDDtcVHtpizVQf	[MsgId: MMSG-17999]
    2023-06-17 14:34:46.976 : User is logged out of session	[MsgId: MMSG-17999]
  2023-06-17 14:36:44.562 : IterationNum=14	[MsgId: MMSG-17999]
   USER 14 = user85:pwd85	[MsgId: MMSG-17999]
    2023-06-17 14:36:44.655 : Start page is opened	[MsgId: MMSG-17999]
    2023-06-17 14:36:48.922 : User is logged in with session 136654.078898339HAcQVttpViDDDDDDtcVHtpizfV	[MsgId: MMSG-17999]
    2023-06-17 14:36:53.367 : User is logged out of session	[MsgId: MMSG-17999]
  2023-06-17 14:38:50.575 : IterationNum=15	[MsgId: MMSG-17999]
   USER 15 = user85:pwd85	[MsgId: MMSG-17999]
    2023-06-17 14:38:50.669 : Start page is opened	[MsgId: MMSG-17999]
    2023-06-17 14:38:55.144 : User is logged in with session 136654.089104901HAcQVttpHAiDDDDDtcVHtpizicf	[MsgId: MMSG-17999]
    2023-06-17 14:39:00.069 : User is logged out of session	[MsgId: MMSG-17999]
  2023-06-17 14:40:56.587 : IterationNum=16	[MsgId: MMSG-17999]
   USER 16 = user85:pwd85	[MsgId: MMSG-17999]
    2023-06-17 14:40:56.682 : Start page is opened	[MsgId: MMSG-17999]
    2023-06-17 14:41:02.195 : User is logged in with session 136654.099311462HAcQVtfpcDDDDDDDtcVHtpiHVt	[MsgId: MMSG-17999]
    2023-06-17 14:41:06.918 : User is logged out of session	[MsgId: MMSG-17999]
  2023-06-17 14:43:02.600 : IterationNum=17	[MsgId: MMSG-17999]
   USER 17 = user85:pwd85	[MsgId: MMSG-17999]
    2023-06-17 14:43:02.693 : Start page is opened	[MsgId: MMSG-17999]
    2023-06-17 14:43:07.221 : User is logged in with session 136654.109518024HAcQVtfpHfiDDDDDtcVHtpiHtff	[MsgId: MMSG-17999]
    2023-06-17 14:43:11.719 : User is logged out of session	[MsgId: MMSG-17999]
  2023-06-17 14:45:08.605 : IterationNum=18	[MsgId: MMSG-17999]
   USER 18 = user85:pwd85	[MsgId: MMSG-17999]
    2023-06-17 14:45:08.699 : Start page is opened	[MsgId: MMSG-17999]
    2023-06-17 14:45:12.587 : User is logged in with session 136654.119724585HAcQVtzpciDDDDDDtcVHtpiHHH	[MsgId: MMSG-17999]
    2023-06-17 14:45:16.880 : User is logged out of session	[MsgId: MMSG-17999]
  2023-06-17 14:47:14.606 : IterationNum=19	[MsgId: MMSG-17999]
   USER 19 = user85:pwd85	[MsgId: MMSG-17999]
    2023-06-17 14:47:14.700 : Start page is opened	[MsgId: MMSG-17999]
    2023-06-17 14:47:20.450 : User is logged in with session 136654.129931146HAcQVtzpiAiDDDDDtcVHtpiiAif	[MsgId: MMSG-17999]
    2023-06-17 14:47:26.543 : User is logged out of session	[MsgId: MMSG-17999]
  2023-06-17 14:49:20.620 : IterationNum=20	[MsgId: MMSG-17999]
   USER 20 = user85:pwd85	[MsgId: MMSG-17999]
    2023-06-17 14:49:20.715 : Start page is opened	[MsgId: MMSG-17999]
    2023-06-17 14:49:26.064 : User is logged in with session 136654.140137708HAcQVtHpDDDDDDDDtcVHtpiit	[MsgId: MMSG-17999]
    2023-06-17 14:49:30.999 : User is logged out of session	[MsgId: MMSG-17999]
  2023-06-17 14:51:26.632 : IterationNum=21	[MsgId: MMSG-17999]
   USER 21 = user85:pwd85	[MsgId: MMSG-17999]
    2023-06-17 14:51:26.727 : Start page is opened	[MsgId: MMSG-17999]
    2023-06-17 14:51:31.835 : User is logged in with session 136654.150344269HAcQVtHpifiDDDDDtcVHtpiiHVf	[MsgId: MMSG-17999]
    2023-06-17 14:51:36.476 : User is logged out of session	[MsgId: MMSG-17999]
  2023-06-17 14:53:32.637 : IterationNum=22	[MsgId: MMSG-17999]
   USER 22 = user85:pwd85	[MsgId: MMSG-17999]
    2023-06-17 14:53:32.732 : Start page is opened	[MsgId: MMSG-17999]
    2023-06-17 14:53:37.011 : User is logged in with session 136654.16055083HAcQVtipDiDDDDDDtcVHtpiQAD	[MsgId: MMSG-17999]
    2023-06-17 14:53:43.104 : User is logged out of session	[MsgId: MMSG-17999]
  2023-06-17 14:55:38.642 : IterationNum=23	[MsgId: MMSG-17999]
   USER 23 = user85:pwd85	[MsgId: MMSG-17999]
    2023-06-17 14:55:38.736 : Start page is opened	[MsgId: MMSG-17999]
    2023-06-17 14:55:43.107 : User is logged in with session 136654.170757392HAcQVtipQAiDDDDDtcVHtpiQDtf	[MsgId: MMSG-17999]
    2023-06-17 14:55:48.879 : User is logged out of session	[MsgId: MMSG-17999]
  2023-06-17 14:57:44.652 : IterationNum=24	[MsgId: MMSG-17999]
   USER 24 = user85:pwd85	[MsgId: MMSG-17999]
    2023-06-17 14:57:44.746 : Start page is opened	[MsgId: MMSG-17999]
    2023-06-17 14:57:48.944 : User is logged in with session 136654.180963953HAcQVtQptDDDDDDDtcVHtpiQzz	[MsgId: MMSG-17999]
    2023-06-17 14:57:55.078 : User is logged out of session	[MsgId: MMSG-17999]
  2023-06-17 14:59:50.659 : IterationNum=25	[MsgId: MMSG-17999]
   USER 25 = user85:pwd85	[MsgId: MMSG-17999]
    2023-06-17 14:59:50.754 : Start page is opened	[MsgId: MMSG-17999]
    2023-06-17 14:59:54.746 : User is logged in with session 136654.191170514HAcQVtQpQfiDDDDDtcVHtpiQQHf	[MsgId: MMSG-17999]
    2023-06-17 15:00:00.601 : User is logged out of session	[MsgId: MMSG-17999]
  2023-06-17 15:01:56.674 : IterationNum=26	[MsgId: MMSG-17999]
   USER 26 = user85:pwd85	[MsgId: MMSG-17999]
    2023-06-17 15:01:56.769 : Start page is opened	[MsgId: MMSG-17999]
    2023-06-17 15:02:01.135 : User is logged in with session 136654.201377076HAcQVfAptiDDDDDDtcVHtpQAcQ	[MsgId: MMSG-17999]
    2023-06-17 15:02:05.105 : User is logged out of session	[MsgId: MMSG-17999]
  2023-06-17 15:04:02.678 : IterationNum=27	[MsgId: MMSG-17999]
   USER 27 = user85:pwd85	[MsgId: MMSG-17999]
    2023-06-17 15:04:02.774 : Start page is opened	[MsgId: MMSG-17999]
    2023-06-17 15:04:08.653 : User is logged in with session 136654.211583637HAcQVfVpAAiDDDDDtcVHtpQAzAf	[MsgId: MMSG-17999]
    2023-06-17 15:04:13.381 : User is logged out of session	[MsgId: MMSG-17999]
  2023-06-17 15:06:08.687 : IterationNum=28	[MsgId: MMSG-17999]
   USER 28 = user85:pwd85	[MsgId: MMSG-17999]
    2023-06-17 15:06:08.782 : Start page is opened	[MsgId: MMSG-17999]
    2023-06-17 15:06:14.843 : User is logged in with session 136654.221790198HAcQVfVpfDDDDDDDtcVHtpQAQc	[MsgId: MMSG-17999]
    2023-06-17 15:06:20.339 : User is logged out of session	[MsgId: MMSG-17999]
  2023-06-17 15:08:14.701 : IterationNum=29	[MsgId: MMSG-17999]
   USER 29 = user85:pwd85	[MsgId: MMSG-17999]
    2023-06-17 15:08:14.795 : Start page is opened	[MsgId: MMSG-17999]
    2023-06-17 15:08:20.991 : User is logged in with session 136654.23199676HAcQVfcpAfiDDDDDtcVHtpQVcDf	[MsgId: MMSG-17999]
    2023-06-17 15:08:24.999 : User is logged out of session	[MsgId: MMSG-17999]
  2023-06-17 15:10:20.704 : IterationNum=30	[MsgId: MMSG-17999]
   USER 30 = user85:pwd85	[MsgId: MMSG-17999]
    2023-06-17 15:10:20.798 : Start page is opened	[MsgId: MMSG-17999]
    2023-06-17 15:10:26.732 : User is logged in with session 136654.242203321HAcQVfcpfiDDDDDDtcVHtpQVff	[MsgId: MMSG-17999]
    2023-06-17 15:10:32.039 : User is logged out of session	[MsgId: MMSG-17999]
  2023-06-17 15:12:26.719 : IterationNum=31	[MsgId: MMSG-17999]
   USER 31 = user85:pwd85	[MsgId: MMSG-17999]
    2023-06-17 15:12:26.812 : Start page is opened	[MsgId: MMSG-17999]
    2023-06-17 15:12:32.951 : User is logged in with session 136654.252409883HAcQVfDpVAiDDDDDtcVHtpQVizf	[MsgId: MMSG-17999]
    2023-06-17 15:12:37.435 : User is logged out of session	[MsgId: MMSG-17999]
  2023-06-17 15:14:32.724 : IterationNum=32	[MsgId: MMSG-17999]
   USER 32 = user85:pwd85	[MsgId: MMSG-17999]
    2023-06-17 15:14:32.819 : Start page is opened	[MsgId: MMSG-17999]
    2023-06-17 15:14:37.353 : User is logged in with session 136654.262616444HAcQVfDpzDDDDDDDtcVHtpQcVi	[MsgId: MMSG-17999]
    2023-06-17 15:14:41.496 : User is logged out of session	[MsgId: MMSG-17999]
  2023-06-17 15:16:38.738 : IterationNum=33	[MsgId: MMSG-17999]
   USER 33 = user85:pwd85	[MsgId: MMSG-17999]
    2023-06-17 15:16:38.833 : Start page is opened	[MsgId: MMSG-17999]
    2023-06-17 15:16:43.833 : User is logged in with session 136654.272823005HAcQVftpVfiDDDDDtcVHtpQctQf	[MsgId: MMSG-17999]
    2023-06-17 15:16:49.714 : User is logged out of session	[MsgId: MMSG-17999]
  2023-06-17 15:18:44.739 : IterationNum=34	[MsgId: MMSG-17999]
   USER 34 = user85:pwd85	[MsgId: MMSG-17999]
    2023-06-17 15:18:44.833 : Start page is opened	[MsgId: MMSG-17999]
    2023-06-17 15:18:50.837 : User is logged in with session 136654.283029567HAcQVftpziDDDDDDtcVHtpQciV	[MsgId: MMSG-17999]
    2023-06-17 15:18:56.180 : User is logged out of session	[MsgId: MMSG-17999]
  2023-06-17 15:20:50.741 : IterationNum=35	[MsgId: MMSG-17999]
   USER 35 = user85:pwd85	[MsgId: MMSG-17999]
    2023-06-17 15:20:50.836 : Start page is opened	[MsgId: MMSG-17999]
    2023-06-17 15:20:55.882 : User is logged in with session 136654.293236128HAcQVffpcAiDDDDDtcVHtpQDVcf	[MsgId: MMSG-17999]
    2023-06-17 15:21:00.514 : User is logged out of session	[MsgId: MMSG-17999]
  2023-06-17 15:22:56.747 : IterationNum=36	[MsgId: MMSG-17999]
   USER 36 = user85:pwd85	[MsgId: MMSG-17999]
    2023-06-17 15:22:56.839 : Start page is opened	[MsgId: MMSG-17999]
    2023-06-17 15:23:01.622 : User is logged in with session 136654.303442689HAcQVffpHDDDDDDDtcVHtpQDtt	[MsgId: MMSG-17999]
    2023-06-17 15:23:07.947 : User is logged out of session	[MsgId: MMSG-17999]
  2023-06-17 15:25:02.755 : IterationNum=37	[MsgId: MMSG-17999]
   USER 37 = user85:pwd85	[MsgId: MMSG-17999]
    2023-06-17 15:25:02.849 : Start page is opened	[MsgId: MMSG-17999]
    2023-06-17 15:25:08.448 : User is logged in with session 136654.313649251HAcQVfzpcfiDDDDDtcVHtpQDHff	[MsgId: MMSG-17999]
    2023-06-17 15:25:14.263 : User is logged out of session	[MsgId: MMSG-17999]
  2023-06-17 15:27:08.761 : IterationNum=38	[MsgId: MMSG-17999]
   USER 38 = user85:pwd85	[MsgId: MMSG-17999]
    2023-06-17 15:27:08.854 : Start page is opened	[MsgId: MMSG-17999]
    2023-06-17 15:27:13.787 : User is logged in with session 136654.323855812HAcQVfzpHiDDDDDDtcVHtpQtAH	[MsgId: MMSG-17999]
    2023-06-17 15:27:19.943 : User is logged out of session	[MsgId: MMSG-17999]
  2023-06-17 15:29:14.767 : IterationNum=39	[MsgId: MMSG-17999]
   USER 39 = user85:pwd85	[MsgId: MMSG-17999]
    2023-06-17 15:29:14.861 : Start page is opened	[MsgId: MMSG-17999]
    2023-06-17 15:29:19.005 : User is logged in with session 136654.334062373HAcQVfHpDAiDDDDDtcVHtpQtDif	[MsgId: MMSG-17999]
    2023-06-17 15:29:24.202 : User is logged out of session	[MsgId: MMSG-17999]
  2023-06-17 15:31:20.772 : IterationNum=40	[MsgId: MMSG-17999]
   USER 40 = user85:pwd85	[MsgId: MMSG-17999]
    2023-06-17 15:31:20.866 : Start page is opened	[MsgId: MMSG-17999]
    2023-06-17 15:31:25.148 : User is logged in with session 136654.344268935HAcQVfHpiDDDDDDDtcVHtpQtH	[MsgId: MMSG-17999]
    2023-06-17 15:31:31.423 : User is logged out of session	[MsgId: MMSG-17999]
  2023-06-17 15:33:26.781 : IterationNum=41	[MsgId: MMSG-17999]
   USER 41 = user85:pwd85	[MsgId: MMSG-17999]
    2023-06-17 15:33:26.876 : Start page is opened	[MsgId: MMSG-17999]
    2023-06-17 15:33:31.316 : User is logged in with session 136654.354475496HAcQVfipDfiDDDDDtcVHtpQfAVf	[MsgId: MMSG-17999]
    2023-06-17 15:33:36.708 : User is logged out of session	[MsgId: MMSG-17999]
  2023-06-17 15:35:32.784 : IterationNum=42	[MsgId: MMSG-17999]
   USER 42 = user85:pwd85	[MsgId: MMSG-17999]
    2023-06-17 15:35:32.879 : Start page is opened	[MsgId: MMSG-17999]
    2023-06-17 15:35:38.841 : User is logged in with session 136654.364682058HAcQVfipiiDDDDDDtcVHtpQfDD	[MsgId: MMSG-17999]
    2023-06-17 15:35:43.787 : User is logged out of session	[MsgId: MMSG-17999]
  2023-06-17 15:37:38.786 : IterationNum=43	[MsgId: MMSG-17999]
   USER 43 = user85:pwd85	[MsgId: MMSG-17999]
    2023-06-17 15:37:38.879 : Start page is opened	[MsgId: MMSG-17999]
    2023-06-17 15:37:42.850 : User is logged in with session 136654.374888619HAcQVfQptAiDDDDDtcVHtpQfztf	[MsgId: MMSG-17999]
    2023-06-17 15:37:48.662 : User is logged out of session	[MsgId: MMSG-17999]
  2023-06-17 15:39:44.797 : IterationNum=44	[MsgId: MMSG-17999]
   USER 44 = user85:pwd85	[MsgId: MMSG-17999]
    2023-06-17 15:39:44.892 : Start page is opened	[MsgId: MMSG-17999]
    2023-06-17 15:39:50.217 : User is logged in with session 136654.38509518HAcQVfQpQDDDDDDDtcVHtpQfQz	[MsgId: MMSG-17999]
    2023-06-17 15:39:55.574 : User is logged out of session	[MsgId: MMSG-17999]
  2023-06-17 15:41:50.797 : IterationNum=45	[MsgId: MMSG-17999]
   USER 45 = user85:pwd85	[MsgId: MMSG-17999]
    2023-06-17 15:41:50.892 : Start page is opened	[MsgId: MMSG-17999]
    2023-06-17 15:41:55.302 : User is logged in with session 136654.395301742HAcQVzAptfiDDDDDtcVHtpQzcHf	[MsgId: MMSG-17999]
    2023-06-17 15:42:00.278 : User is logged out of session	[MsgId: MMSG-17999]
  2023-06-17 15:43:56.800 : IterationNum=46	[MsgId: MMSG-17999]
   USER 46 = user85:pwd85	[MsgId: MMSG-17999]
    2023-06-17 15:43:56.894 : Start page is opened	[MsgId: MMSG-17999]
    2023-06-17 15:44:03.233 : User is logged in with session 136654.405508303HAcQVzApQiDDDDDDtcVHtpQzfQ	[MsgId: MMSG-17999]
    2023-06-17 15:44:09.116 : User is logged out of session	[MsgId: MMSG-17999]
  2023-06-17 15:46:02.814 : IterationNum=47	[MsgId: MMSG-17999]
   USER 47 = user85:pwd85	[MsgId: MMSG-17999]
    2023-06-17 15:46:02.908 : Start page is opened	[MsgId: MMSG-17999]
    2023-06-17 15:46:08.825 : User is logged in with session 136654.415714864HAcQVzVpfAiDDDDDtcVHtpQzQAf	[MsgId: MMSG-17999]
    2023-06-17 15:46:13.008 : User is logged out of session	[MsgId: MMSG-17999]
  2023-06-17 15:48:08.828 : IterationNum=48	[MsgId: MMSG-17999]
   USER 48 = user85:pwd85	[MsgId: MMSG-17999]
    2023-06-17 15:48:08.920 : Start page is opened	[MsgId: MMSG-17999]
    2023-06-17 15:48:14.947 : User is logged in with session 136654.425921426HAcQVzcpADDDDDDDtcVHtpQHcc	[MsgId: MMSG-17999]
    2023-06-17 15:48:20.288 : User is logged out of session	[MsgId: MMSG-17999]
  2023-06-17 15:50:14.840 : IterationNum=49	[MsgId: MMSG-17999]
   USER 49 = user85:pwd85	[MsgId: MMSG-17999]
    2023-06-17 15:50:14.933 : Start page is opened	[MsgId: MMSG-17999]
    2023-06-17 15:50:19.222 : User is logged in with session 136654.436127987HAcQVzcpffiDDDDDtcVHtpQHfDf	[MsgId: MMSG-17999]
    2023-06-17 15:50:23.480 : User is logged out of session	[MsgId: MMSG-17999]
  2023-06-17 15:52:20.846 : IterationNum=50	[MsgId: MMSG-17999]
   USER 50 = user85:pwd85	[MsgId: MMSG-17999]
    2023-06-17 15:52:20.940 : Start page is opened	[MsgId: MMSG-17999]
    2023-06-17 15:52:26.462 : User is logged in with session 136654.446334548HAcQVzDpAiDDDDDDtcVHtpQHif	[MsgId: MMSG-17999]
    2023-06-17 15:52:31.894 : User is logged out of session	[MsgId: MMSG-17999]
  2023-06-17 15:54:26.846 : IterationNum=51	[MsgId: MMSG-17999]
   USER 51 = user85:pwd85	[MsgId: MMSG-17999]
    2023-06-17 15:54:26.939 : Start page is opened	[MsgId: MMSG-17999]
    2023-06-17 15:54:32.301 : User is logged in with session 136654.45654111HAcQVzDpzAiDDDDDtcVHtpQiVzf	[MsgId: MMSG-17999]
    2023-06-17 15:54:37.556 : User is logged out of session	[MsgId: MMSG-17999]
  2023-06-17 15:56:32.847 : IterationNum=52	[MsgId: MMSG-17999]
   USER 52 = user85:pwd85	[MsgId: MMSG-17999]
    2023-06-17 15:56:32.942 : Start page is opened	[MsgId: MMSG-17999]
    2023-06-17 15:56:37.671 : User is logged in with session 136654.466747671HAcQVztpVDDDDDDDtcVHtpQiti	[MsgId: MMSG-17999]
    2023-06-17 15:56:42.715 : User is logged out of session	[MsgId: MMSG-17999]
  2023-06-17 15:58:38.850 : IterationNum=53	[MsgId: MMSG-17999]
   USER 53 = user85:pwd85	[MsgId: MMSG-17999]
    2023-06-17 15:58:38.944 : Start page is opened	[MsgId: MMSG-17999]
    2023-06-17 15:58:44.492 : User is logged in with session 136654.476954232HAcQVztpzfiDDDDDtcVHtpQiHQf	[MsgId: MMSG-17999]
    2023-06-17 15:58:48.969 : User is logged out of session	[MsgId: MMSG-17999]
  2023-06-17 16:00:44.857 : IterationNum=54	[MsgId: MMSG-17999]
   USER 54 = user85:pwd85	[MsgId: MMSG-17999]
    2023-06-17 16:00:44.950 : Start page is opened	[MsgId: MMSG-17999]
    2023-06-17 16:00:51.014 : User is logged in with session 136654.487160794HAcQVzfpViDDDDDDtcVHtpQQVV	[MsgId: MMSG-17999]
    2023-06-17 16:00:56.902 : User is logged out of session	[MsgId: MMSG-17999]
  2023-06-17 16:02:50.867 : IterationNum=55	[MsgId: MMSG-17999]
   USER 55 = user85:pwd85	[MsgId: MMSG-17999]
    2023-06-17 16:02:50.961 : Start page is opened	[MsgId: MMSG-17999]
    2023-06-17 16:02:56.235 : User is logged in with session 136654.497367355HAcQVzfpHAiDDDDDtcVHtpQQtcf	[MsgId: MMSG-17999]
    2023-06-17 16:03:00.132 : User is logged out of session	[MsgId: MMSG-17999]
  2023-06-17 16:04:56.871 : IterationNum=56	[MsgId: MMSG-17999]
   USER 56 = user85:pwd85	[MsgId: MMSG-17999]
    2023-06-17 16:04:56.965 : Start page is opened	[MsgId: MMSG-17999]
    2023-06-17 16:05:02.060 : User is logged in with session 136654.507573917HAcQVzzpcDDDDDDDtcVHtpQQHt	[MsgId: MMSG-17999]
    2023-06-17 16:05:07.612 : User is logged out of session	[MsgId: MMSG-17999]
  2023-06-17 16:07:02.875 : IterationNum=57	[MsgId: MMSG-17999]
   USER 57 = user85:pwd85	[MsgId: MMSG-17999]
    2023-06-17 16:07:02.967 : Start page is opened	[MsgId: MMSG-17999]
    2023-06-17 16:07:07.889 : User is logged in with session 136654.517780478HAcQVzzpHfiDDDDDtcVHfpAAAff	[MsgId: MMSG-17999]
    2023-06-17 16:07:11.795 : User is logged out of session	[MsgId: MMSG-17999]
  2023-06-17 16:09:08.885 : IterationNum=58	[MsgId: MMSG-17999]
   USER 58 = user85:pwd85	[MsgId: MMSG-17999]
    2023-06-17 16:09:08.979 : Start page is opened	[MsgId: MMSG-17999]
    2023-06-17 16:09:13.585 : User is logged in with session 136654.527987039HAcQVzHpciDDDDDDtcVHfpAADH	[MsgId: MMSG-17999]
    2023-06-17 16:09:18.711 : User is logged out of session	[MsgId: MMSG-17999]
  2023-06-17 16:11:14.885 : IterationNum=59	[MsgId: MMSG-17999]
   USER 59 = user85:pwd85	[MsgId: MMSG-17999]
    2023-06-17 16:11:14.979 : Start page is opened	[MsgId: MMSG-17999]
    2023-06-17 16:11:20.187 : User is logged in with session 136654.538193601HAcQVzHpiAiDDDDDtcVHfpAAzif	[MsgId: MMSG-17999]
    2023-06-17 16:11:24.716 : User is logged out of session	[MsgId: MMSG-17999]
  2023-06-17 16:13:20.897 : IterationNum=60	[MsgId: MMSG-17999]
   USER 60 = user85:pwd85	[MsgId: MMSG-17999]
    2023-06-17 16:13:20.991 : Start page is opened	[MsgId: MMSG-17999]
    2023-06-17 16:13:26.071 : User is logged in with session 136654.548400162HAcQVzipDDDDDDDDtcVHfpAV	[MsgId: MMSG-17999]
    2023-06-17 16:13:30.293 : User is logged out of session	[MsgId: MMSG-17999]
  2023-06-17 16:15:26.909 : IterationNum=61	[MsgId: MMSG-17999]
   USER 61 = user85:pwd85	[MsgId: MMSG-17999]
    2023-06-17 16:15:27.004 : Start page is opened	[MsgId: MMSG-17999]
    2023-06-17 16:15:32.997 : User is logged in with session 136654.558606723HAcQVzipifiDDDDDtcVHfpAVDVf	[MsgId: MMSG-17999]
    2023-06-17 16:15:37.970 : User is logged out of session	[MsgId: MMSG-17999]
  2023-06-17 16:17:32.918 : IterationNum=62	[MsgId: MMSG-17999]
   USER 62 = user85:pwd85	[MsgId: MMSG-17999]
    2023-06-17 16:17:33.012 : Start page is opened	[MsgId: MMSG-17999]
    2023-06-17 16:17:39.303 : User is logged in with session 136654.568813285HAcQVzQpDiDDDDDDtcVHfpAVzD	[MsgId: MMSG-17999]
    2023-06-17 16:17:45.014 : User is logged out of session	[MsgId: MMSG-17999]
  2023-06-17 16:19:38.927 : IterationNum=63	[MsgId: MMSG-17999]
   USER 63 = user85:pwd85	[MsgId: MMSG-17999]
    2023-06-17 16:19:39.023 : Start page is opened	[MsgId: MMSG-17999]
    2023-06-17 16:19:43.951 : User is logged in with session 136654.579019846HAcQVzQpQAiDDDDDtcVHfpAVQtf	[MsgId: MMSG-17999]
    2023-06-17 16:19:49.522 : User is logged out of session	[MsgId: MMSG-17999]
  2023-06-17 16:21:44.930 : IterationNum=64	[MsgId: MMSG-17999]
   USER 64 = user85:pwd85	[MsgId: MMSG-17999]
    2023-06-17 16:21:45.025 : Start page is opened	[MsgId: MMSG-17999]
    2023-06-17 16:21:49.889 : User is logged in with session 136654.589226407HAcQVHAptDDDDDDDtcVHfpAccz	[MsgId: MMSG-17999]
    2023-06-17 16:21:54.032 : User is logged out of session	[MsgId: MMSG-17999]
  2023-06-17 16:23:50.939 : IterationNum=65	[MsgId: MMSG-17999]
   USER 65 = user85:pwd85	[MsgId: MMSG-17999]
    2023-06-17 16:23:51.033 : Start page is opened	[MsgId: MMSG-17999]
    2023-06-17 16:23:56.745 : User is logged in with session 136654.599432969HAcQVHApQfiDDDDDtcVHfpAcfHf	[MsgId: MMSG-17999]
    2023-06-17 16:24:02.152 : User is logged out of session	[MsgId: MMSG-17999]
  2023-06-17 16:25:56.939 : IterationNum=66	[MsgId: MMSG-17999]
   USER 66 = user85:pwd85	[MsgId: MMSG-17999]
    2023-06-17 16:25:57.034 : Start page is opened	[MsgId: MMSG-17999]
    2023-06-17 16:26:02.828 : User is logged in with session 136654.60963953HAcQVHVptiDDDDDDtcVHfpAciQ	[MsgId: MMSG-17999]
    2023-06-17 16:26:08.868 : User is logged out of session	[MsgId: MMSG-17999]
  2023-06-17 16:28:02.940 : IterationNum=67	[MsgId: MMSG-17999]
   USER 67 = user85:pwd85	[MsgId: MMSG-17999]
    2023-06-17 16:28:03.033 : Start page is opened	[MsgId: MMSG-17999]
    2023-06-17 16:28:08.599 : User is logged in with session 136654.619846092HAcQVHcpAAiDDDDDtcVHfpADcAf	[MsgId: MMSG-17999]
    2023-06-17 16:28:13.844 : User is logged out of session	[MsgId: MMSG-17999]
  2023-06-17 16:30:08.956 : IterationNum=68	[MsgId: MMSG-17999]
   USER 68 = user85:pwd85	[MsgId: MMSG-17999]
    2023-06-17 16:30:09.050 : Start page is opened	[MsgId: MMSG-17999]
    2023-06-17 16:30:14.655 : User is logged in with session 136654.630052653HAcQVHcpfDDDDDDDtcVHfpADfc	[MsgId: MMSG-17999]
    2023-06-17 16:30:20.679 : User is logged out of session	[MsgId: MMSG-17999]
  2023-06-17 16:32:14.961 : IterationNum=69	[MsgId: MMSG-17999]
   USER 69 = user85:pwd85	[MsgId: MMSG-17999]
    2023-06-17 16:32:15.055 : Start page is opened	[MsgId: MMSG-17999]
    2023-06-17 16:32:19.685 : User is logged in with session 136654.640259214HAcQVHDpAfiDDDDDtcVHfpADiDf	[MsgId: MMSG-17999]
    2023-06-17 16:32:25.468 : User is logged out of session	[MsgId: MMSG-17999]
  2023-06-17 16:34:20.968 : IterationNum=70	[MsgId: MMSG-17999]
   USER 70 = user85:pwd85	[MsgId: MMSG-17999]
    2023-06-17 16:34:21.062 : Start page is opened	[MsgId: MMSG-17999]
    2023-06-17 16:34:27.451 : User is logged in with session 136654.650465776HAcQVHDpfiDDDDDDtcVHfpAtVf	[MsgId: MMSG-17999]
    2023-06-17 16:34:31.695 : User is logged out of session	[MsgId: MMSG-17999]
  2023-06-17 16:36:26.971 : IterationNum=71	[MsgId: MMSG-17999]
   USER 71 = user85:pwd85	[MsgId: MMSG-17999]
    2023-06-17 16:36:27.065 : Start page is opened	[MsgId: MMSG-17999]
    2023-06-17 16:36:31.408 : User is logged in with session 136654.660753341HAcQVHtpVVcftcVHfpAttzHf	[MsgId: MMSG-17999]
    2023-06-17 16:36:36.535 : User is logged out of session	[MsgId: MMSG-17999]
  2023-06-17 16:38:32.981 : IterationNum=72	[MsgId: MMSG-17999]
   USER 72 = user85:pwd85	[MsgId: MMSG-17999]
    2023-06-17 16:38:33.075 : Start page is opened	[MsgId: MMSG-17999]
    2023-06-17 16:38:37.024 : User is logged in with session 136654.670959903HAcQVHtpzDHftcVHfpAtHicf	[MsgId: MMSG-17999]
    2023-06-17 16:38:41.821 : User is logged out of session	[MsgId: MMSG-17999]
  2023-06-17 16:40:38.994 : IterationNum=73	[MsgId: MMSG-17999]
   USER 73 = user85:pwd85	[MsgId: MMSG-17999]
    2023-06-17 16:40:39.087 : Start page is opened	[MsgId: MMSG-17999]
    2023-06-17 16:40:45.460 : User is logged in with session 136654.681166464HAcQVHfpVzcftcVHfpAfAQHf	[MsgId: MMSG-17999]
    2023-06-17 16:40:50.118 : User is logged out of session	[MsgId: MMSG-17999]
  2023-06-17 16:42:44.995 : IterationNum=74	[MsgId: MMSG-17999]
   USER 74 = user85:pwd85	[MsgId: MMSG-17999]
    2023-06-17 16:42:45.089 : Start page is opened	[MsgId: MMSG-17999]
    2023-06-17 16:42:51.461 : User is logged in with session 136654.691373026HAcQVHfpziHftcVHfpAftVcf	[MsgId: MMSG-17999]
    2023-06-17 16:42:57.779 : User is logged out of session	[MsgId: MMSG-17999]
  2023-06-17 16:44:51.007 : IterationNum=75	[MsgId: MMSG-17999]
   USER 75 = user85:pwd85	[MsgId: MMSG-17999]
    2023-06-17 16:44:51.100 : Start page is opened	[MsgId: MMSG-17999]
    2023-06-17 16:44:56.280 : User is logged in with session 136654.701579587HAcQVHzpcVcftcVHfpAfHcHf	[MsgId: MMSG-17999]
    2023-06-17 16:45:02.131 : User is logged out of session	[MsgId: MMSG-17999]
  2023-06-17 16:46:57.007 : IterationNum=76	[MsgId: MMSG-17999]
   USER 76 = user85:pwd85	[MsgId: MMSG-17999]
    2023-06-17 16:46:57.101 : Start page is opened	[MsgId: MMSG-17999]
    2023-06-17 16:47:03.134 : User is logged in with session 136654.711786148HAcQVHzpHDHftcVHfpAzAtcf	[MsgId: MMSG-17999]
    2023-06-17 16:47:09.417 : User is logged out of session	[MsgId: MMSG-17999]
  2023-06-17 16:49:03.013 : IterationNum=77	[MsgId: MMSG-17999]
   USER 77 = user85:pwd85	[MsgId: MMSG-17999]
    2023-06-17 16:49:03.106 : Start page is opened	[MsgId: MMSG-17999]
    2023-06-17 16:49:07.860 : User is logged in with session 136654.72199271HAcQVHHpczcftcVHfpAzDfHf	[MsgId: MMSG-17999]
    2023-06-17 16:49:13.753 : User is logged out of session	[MsgId: MMSG-17999]
  2023-06-17 16:51:09.027 : IterationNum=78	[MsgId: MMSG-17999]
   USER 78 = user85:pwd85	[MsgId: MMSG-17999]
    2023-06-17 16:51:09.121 : Start page is opened	[MsgId: MMSG-17999]
    2023-06-17 16:51:13.295 : User is logged in with session 136654.732199271HAcQVHHpHiHftcVHfpAzzHcf	[MsgId: MMSG-17999]
    2023-06-17 16:51:19.514 : User is logged out of session	[MsgId: MMSG-17999]
  2023-06-17 16:53:15.040 : IterationNum=79	[MsgId: MMSG-17999]
   USER 79 = user85:pwd85	[MsgId: MMSG-17999]
    2023-06-17 16:53:15.135 : Start page is opened	[MsgId: MMSG-17999]
    2023-06-17 16:53:19.552 : User is logged in with session 136654.742405832HAcQVHipDVcftcVHfpAzQiHf	[MsgId: MMSG-17999]
    2023-06-17 16:53:24.609 : User is logged out of session	[MsgId: MMSG-17999]
  2023-06-17 16:55:21.042 : IterationNum=80	[MsgId: MMSG-17999]
   USER 80 = user85:pwd85	[MsgId: MMSG-17999]
    2023-06-17 16:55:21.136 : Start page is opened	[MsgId: MMSG-17999]
    2023-06-17 16:55:26.115 : User is logged in with session 136654.752612394HAcQVHipiDHftcVHfpAHDAcf	[MsgId: MMSG-17999]
    2023-06-17 16:55:30.567 : User is logged out of session	[MsgId: MMSG-17999]
  2023-06-17 16:57:27.053 : IterationNum=81	[MsgId: MMSG-17999]
   USER 81 = user85:pwd85	[MsgId: MMSG-17999]
    2023-06-17 16:57:27.147 : Start page is opened	[MsgId: MMSG-17999]
    2023-06-17 16:57:32.740 : User is logged in with session 136654.762818955HAcQVHQpDzcftcVHfpAHzVHf	[MsgId: MMSG-17999]
    2023-06-17 16:57:37.748 : User is logged out of session	[MsgId: MMSG-17999]
  2023-06-17 16:59:33.063 : IterationNum=82	[MsgId: MMSG-17999]
   USER 82 = user85:pwd85	[MsgId: MMSG-17999]
    2023-06-17 16:59:33.157 : Start page is opened	[MsgId: MMSG-17999]
    2023-06-17 16:59:38.792 : User is logged in with session 136654.773025516HAcQVHQpiiHftcVHfpAHQDcf	[MsgId: MMSG-17999]
    2023-06-17 16:59:42.969 : User is logged out of session	[MsgId: MMSG-17999]
  2023-06-17 17:01:39.070 : IterationNum=83	[MsgId: MMSG-17999]
   USER 83 = user85:pwd85	[MsgId: MMSG-17999]
    2023-06-17 17:01:39.162 : Start page is opened	[MsgId: MMSG-17999]
    2023-06-17 17:01:43.133 : User is logged in with session 136654.783232078HAcQViAptVcftcVHfpAictHf	[MsgId: MMSG-17999]
    2023-06-17 17:01:47.655 : User is logged out of session	[MsgId: MMSG-17999]
  2023-06-17 17:03:45.075 : IterationNum=84	[MsgId: MMSG-17999]
   USER 84 = user85:pwd85	[MsgId: MMSG-17999]
    2023-06-17 17:03:45.170 : Start page is opened	[MsgId: MMSG-17999]
    2023-06-17 17:03:49.560 : User is logged in with session 136654.793438639HAcQViApQDHftcVHfpAifzcf	[MsgId: MMSG-17999]
    2023-06-17 17:03:55.792 : User is logged out of session	[MsgId: MMSG-17999]
  2023-06-17 17:05:51.081 : IterationNum=85	[MsgId: MMSG-17999]
   USER 85 = user85:pwd85	[MsgId: MMSG-17999]
    2023-06-17 17:05:51.175 : Start page is opened	[MsgId: MMSG-17999]
    2023-06-17 17:05:57.276 : User is logged in with session 136654.8036452HAcQViVptzcftcVHfpAiiHHf	[MsgId: MMSG-17999]
    2023-06-17 17:06:03.017 : User is logged out of session	[MsgId: MMSG-17999]
  2023-06-17 17:07:57.090 : IterationNum=86	[MsgId: MMSG-17999]
   USER 86 = user85:pwd85	[MsgId: MMSG-17999]
    2023-06-17 17:07:57.184 : Start page is opened	[MsgId: MMSG-17999]
    2023-06-17 17:08:02.776 : User is logged in with session 136654.813851762HAcQViVpQiHftcVHfpAQVQcf	[MsgId: MMSG-17999]
    2023-06-17 17:08:08.434 : User is logged out of session	[MsgId: MMSG-17999]
  2023-06-17 17:10:03.094 : IterationNum=87	[MsgId: MMSG-17999]
   USER 87 = user85:pwd85	[MsgId: MMSG-17999]
    2023-06-17 17:10:03.188 : Start page is opened	[MsgId: MMSG-17999]
    2023-06-17 17:10:09.531 : User is logged in with session 136654.824058323HAcQVicpfVcftcVHfpAQfAHf	[MsgId: MMSG-17999]
    2023-06-17 17:10:14.771 : User is logged out of session	[MsgId: MMSG-17999]
  2023-06-17 17:12:09.098 : IterationNum=88	[MsgId: MMSG-17999]
   USER 88 = user85:pwd85	[MsgId: MMSG-17999]
    2023-06-17 17:12:09.193 : Start page is opened	[MsgId: MMSG-17999]
    2023-06-17 17:12:14.690 : User is logged in with session 136654.834264885HAcQViDpADHftcVHfpAQiccf	[MsgId: MMSG-17999]
    2023-06-17 17:12:20.576 : User is logged out of session	[MsgId: MMSG-17999]
  2023-06-17 17:14:15.104 : IterationNum=89	[MsgId: MMSG-17999]
   USER 89 = user85:pwd85	[MsgId: MMSG-17999]
    2023-06-17 17:14:15.199 : Start page is opened	[MsgId: MMSG-17999]
    2023-06-17 17:14:19.455 : User is logged in with session 136654.844471446HAcQViDpfzcftcVHfpVAVDHf	[MsgId: MMSG-17999]
    2023-06-17 17:14:25.830 : User is logged out of session	[MsgId: MMSG-17999]
  2023-06-17 17:16:21.105 : IterationNum=90	[MsgId: MMSG-17999]
   USER 90 = user85:pwd85	[MsgId: MMSG-17999]
    2023-06-17 17:16:21.198 : Start page is opened	[MsgId: MMSG-17999]
    2023-06-17 17:16:27.410 : User is logged in with session 136654.854678007HAcQVitpAiHftcVHfpVAtfcf	[MsgId: MMSG-17999]
    2023-06-17 17:16:32.561 : User is logged out of session	[MsgId: MMSG-17999]
  2023-06-17 17:18:27.115 : IterationNum=91	[MsgId: MMSG-17999]
   USER 91 = user85:pwd85	[MsgId: MMSG-17999]
    2023-06-17 17:18:27.209 : Start page is opened	[MsgId: MMSG-17999]
    2023-06-17 17:18:31.179 : User is logged in with session 136654.864884569HAcQVitpzVcftcVHfpVAHzHf	[MsgId: MMSG-17999]
    2023-06-17 17:18:35.747 : User is logged out of session	[MsgId: MMSG-17999]
  2023-06-17 17:20:33.121 : IterationNum=92	[MsgId: MMSG-17999]
   USER 92 = user85:pwd85	[MsgId: MMSG-17999]
    2023-06-17 17:20:33.215 : Start page is opened	[MsgId: MMSG-17999]
    2023-06-17 17:20:38.439 : User is logged in with session 136654.87509113HAcQVifpVDHftcVHfpVVAicf	[MsgId: MMSG-17999]
    2023-06-17 17:20:42.368 : User is logged out of session	[MsgId: MMSG-17999]
  2023-06-17 17:22:39.134 : IterationNum=93	[MsgId: MMSG-17999]
   USER 93 = user85:pwd85	[MsgId: MMSG-17999]
    2023-06-17 17:22:39.229 : Start page is opened	[MsgId: MMSG-17999]
    2023-06-17 17:22:43.380 : User is logged in with session 136654.885297691HAcQVifpzzcftcVHfpVVDQHf	[MsgId: MMSG-17999]
    2023-06-17 17:22:49.069 : User is logged out of session	[MsgId: MMSG-17999]
  2023-06-17 17:24:45.139 : IterationNum=94	[MsgId: MMSG-17999]
   USER 94 = user85:pwd85	[MsgId: MMSG-17999]
    2023-06-17 17:24:45.234 : Start page is opened	[MsgId: MMSG-17999]
    2023-06-17 17:24:49.658 : User is logged in with session 136654.895504253HAcQVizpViHftcVHfpVVHVcf	[MsgId: MMSG-17999]
    2023-06-17 17:24:53.984 : User is logged out of session	[MsgId: MMSG-17999]
  2023-06-17 17:26:51.144 : IterationNum=95	[MsgId: MMSG-17999]
   USER 95 = user85:pwd85	[MsgId: MMSG-17999]
    2023-06-17 17:26:51.238 : Start page is opened	[MsgId: MMSG-17999]
    2023-06-17 17:26:55.591 : User is logged in with session 136654.905710814HAcQVizpHVcftcVHfpVcAcHf	[MsgId: MMSG-17999]
    2023-06-17 17:27:01.716 : User is logged out of session	[MsgId: MMSG-17999]
  2023-06-17 17:28:57.153 : IterationNum=96	[MsgId: MMSG-17999]
   USER 96 = user85:pwd85	[MsgId: MMSG-17999]
    2023-06-17 17:28:57.248 : Start page is opened	[MsgId: MMSG-17999]
    2023-06-17 17:29:02.964 : User is logged in with session 136654.915917375HAcQViHpcDHftcVHfpVcDtcf	[MsgId: MMSG-17999]
    2023-06-17 17:29:07.498 : User is logged out of session	[MsgId: MMSG-17999]
  2023-06-17 17:31:03.160 : IterationNum=97	[MsgId: MMSG-17999]
   USER 97 = user85:pwd85	[MsgId: MMSG-17999]
    2023-06-17 17:31:03.254 : Start page is opened	[MsgId: MMSG-17999]
    2023-06-17 17:31:09.512 : User is logged in with session 136654.926123937HAcQViHpHzcftcVHfpVczfHf	[MsgId: MMSG-17999]
    2023-06-17 17:31:13.891 : User is logged out of session	[MsgId: MMSG-17999]
  2023-06-17 17:33:09.164 : IterationNum=98	[MsgId: MMSG-17999]
   USER 98 = user85:pwd85	[MsgId: MMSG-17999]
    2023-06-17 17:33:09.258 : Start page is opened	[MsgId: MMSG-17999]
    2023-06-17 17:33:14.871 : User is logged in with session 136654.936330498HAcQViipciHftcVHfpVcQHcf	[MsgId: MMSG-17999]
    2023-06-17 17:33:20.762 : User is logged out of session	[MsgId: MMSG-17999]
  2023-06-17 17:35:15.178 : IterationNum=99	[MsgId: MMSG-17999]
   USER 99 = user85:pwd85	[MsgId: MMSG-17999]
    2023-06-17 17:35:15.273 : Start page is opened	[MsgId: MMSG-17999]
    2023-06-17 17:35:21.185 : User is logged in with session 136654.94653706HAcQViipiVcftcVHfpVDciHf	[MsgId: MMSG-17999]
    2023-06-17 17:35:26.498 : User is logged out of session	[MsgId: MMSG-17999]
  2023-06-17 17:37:21.184 : IterationNum=100	[MsgId: MMSG-17999]
   USER 100 = user85:pwd85	[MsgId: MMSG-17999]
    2023-06-17 17:37:21.277 : Start page is opened	[MsgId: MMSG-17999]
    2023-06-17 17:37:26.622 : User is logged in with session 136654.956743621HAcQViQpDDHftcVHfpVDzAcf	[MsgId: MMSG-17999]
    2023-06-17 17:37:31.389 : User is logged out of session	[MsgId: MMSG-17999]
  2023-06-17 17:39:27.191 : IterationNum=101	[MsgId: MMSG-17999]
   USER 101 = user85:pwd85	[MsgId: MMSG-17999]
    2023-06-17 17:39:27.286 : Start page is opened	[MsgId: MMSG-17999]
    2023-06-17 17:39:31.503 : User is logged in with session 136654.966950182HAcQViQpizcftcVHfpVDQVHf	[MsgId: MMSG-17999]
    2023-06-17 17:39:36.543 : User is logged out of session	[MsgId: MMSG-17999]
  2023-06-17 17:41:33.193 : IterationNum=102	[MsgId: MMSG-17999]
   USER 102 = user85:pwd85	[MsgId: MMSG-17999]
    2023-06-17 17:41:33.287 : Start page is opened	[MsgId: MMSG-17999]
    2023-06-17 17:41:37.547 : User is logged in with session 136654.977156744HAcQVQApDiHftcVHfpVtcDcf	[MsgId: MMSG-17999]
    2023-06-17 17:41:42.039 : User is logged out of session	[MsgId: MMSG-17999]
  2023-06-17 17:43:39.203 : IterationNum=103	[MsgId: MMSG-17999]
   USER 103 = user85:pwd85	[MsgId: MMSG-17999]
    2023-06-17 17:43:39.297 : Start page is opened	[MsgId: MMSG-17999]
    2023-06-17 17:43:44.851 : User is logged in with session 136654.987363305HAcQVQApQVcftcVHfpVtftHf	[MsgId: MMSG-17999]
    2023-06-17 17:43:50.952 : User is logged out of session	[MsgId: MMSG-17999]
  2023-06-17 17:45:45.205 : IterationNum=104	[MsgId: MMSG-17999]
   USER 104 = user85:pwd85	[MsgId: MMSG-17999]
    2023-06-17 17:45:45.300 : Start page is opened	[MsgId: MMSG-17999]
    2023-06-17 17:45:50.706 : User is logged in with session 136654.997569866HAcQVQVptDHftcVHfpVtizcf	[MsgId: MMSG-17999]
    2023-06-17 17:45:55.951 : User is logged out of session	[MsgId: MMSG-17999]
  2023-06-17 17:47:51.205 : IterationNum=105	[MsgId: MMSG-17999]
   USER 105 = user85:pwd85	[MsgId: MMSG-17999]
    2023-06-17 17:47:51.300 : Start page is opened	[MsgId: MMSG-17999]
    2023-06-17 17:47:56.539 : User is logged in with session 136655.007776428HAcQVQVpQzcftcVHfpVfVHHf	[MsgId: MMSG-17999]
    2023-06-17 17:48:02.723 : User is logged out of session	[MsgId: MMSG-17999]
  2023-06-17 17:49:57.205 : IterationNum=106	[MsgId: MMSG-17999]
   USER 106 = user85:pwd85	[MsgId: MMSG-17999]
    2023-06-17 17:49:57.300 : Start page is opened	[MsgId: MMSG-17999]
    2023-06-17 17:50:02.795 : User is logged in with session 136655.017982989HAcQVQcptiHftcVHfpVftQcf	[MsgId: MMSG-17999]
    2023-06-17 17:50:08.372 : User is logged out of session	[MsgId: MMSG-17999]
  2023-06-17 17:52:03.210 : IterationNum=107	[MsgId: MMSG-17999]
   USER 107 = user85:pwd85	[MsgId: MMSG-17999]
    2023-06-17 17:52:03.304 : Start page is opened	[MsgId: MMSG-17999]
    2023-06-17 17:52:09.091 : User is logged in with session 136655.02818955HAcQVQDpAVcftcVHfpVfiAHf	[MsgId: MMSG-17999]
    2023-06-17 17:52:14.858 : User is logged out of session	[MsgId: MMSG-17999]
  2023-06-17 17:54:09.216 : IterationNum=108	[MsgId: MMSG-17999]
   USER 108 = user85:pwd85	[MsgId: MMSG-17999]
    2023-06-17 17:54:09.311 : Start page is opened	[MsgId: MMSG-17999]
    2023-06-17 17:54:14.606 : User is logged in with session 136655.038396112HAcQVQDpfDHftcVHfpVzVccf	[MsgId: MMSG-17999]
    2023-06-17 17:54:19.250 : User is logged out of session	[MsgId: MMSG-17999]
  2023-06-17 17:56:15.224 : IterationNum=109	[MsgId: MMSG-17999]
   USER 109 = user85:pwd85	[MsgId: MMSG-17999]
    2023-06-17 17:56:15.317 : Start page is opened	[MsgId: MMSG-17999]
    2023-06-17 17:56:21.330 : User is logged in with session 136655.048602673HAcQVQtpAzcftcVHfpVztDHf	[MsgId: MMSG-17999]
    2023-06-17 17:56:25.273 : User is logged out of session	[MsgId: MMSG-17999]
  2023-06-17 17:58:21.231 : IterationNum=110	[MsgId: MMSG-17999]
   USER 110 = user85:pwd85	[MsgId: MMSG-17999]
    2023-06-17 17:58:21.325 : Start page is opened	[MsgId: MMSG-17999]
    2023-06-17 17:58:25.434 : User is logged in with session 136655.058809235HAcQVQtpfiHftcVHfpVzHfcf	[MsgId: MMSG-17999]
    2023-06-17 17:58:30.422 : User is logged out of session	[MsgId: MMSG-17999]
  2023-06-17 18:00:27.246 : IterationNum=111	[MsgId: MMSG-17999]
   USER 111 = user85:pwd85	[MsgId: MMSG-17999]
    2023-06-17 18:00:27.339 : Start page is opened	[MsgId: MMSG-17999]
    2023-06-17 18:00:31.354 : User is logged in with session 136655.069015796HAcQVQfpVVcftcVHfpVHAzHf	[MsgId: MMSG-17999]
    2023-06-17 18:00:36.263 : User is logged out of session	[MsgId: MMSG-17999]
  2023-06-17 18:02:33.257 : IterationNum=112	[MsgId: MMSG-17999]
   USER 112 = user85:pwd85	[MsgId: MMSG-17999]
    2023-06-17 18:02:33.351 : Start page is opened	[MsgId: MMSG-17999]
    2023-06-17 18:02:38.630 : User is logged in with session 136655.079222357HAcQVQfpzDHftcVHfpVHDicf	[MsgId: MMSG-17999]
    2023-06-17 18:02:43.390 : User is logged out of session	[MsgId: MMSG-17999]
  2023-06-17 18:04:39.265 : IterationNum=113	[MsgId: MMSG-17999]
   USER 113 = user85:pwd85	[MsgId: MMSG-17999]
    2023-06-17 18:04:39.358 : Start page is opened	[MsgId: MMSG-17999]
    2023-06-17 18:04:45.161 : User is logged in with session 136655.089428919HAcQVQzpVzcftcVHfpVHzQHf	[MsgId: MMSG-17999]
    2023-06-17 18:04:50.497 : User is logged out of session	[MsgId: MMSG-17999]
  2023-06-17 18:06:45.275 : IterationNum=114	[MsgId: MMSG-17999]
   USER 114 = user85:pwd85	[MsgId: MMSG-17999]
    2023-06-17 18:06:45.370 : Start page is opened	[MsgId: MMSG-17999]
    2023-06-17 18:06:49.404 : User is logged in with session 136655.09963548HAcQVQzpziHftcVHfpViAVcf	[MsgId: MMSG-17999]
    2023-06-17 18:06:53.456 : User is logged out of session	[MsgId: MMSG-17999]
  2023-06-17 18:08:51.282 : IterationNum=115	[MsgId: MMSG-17999]
   USER 115 = user85:pwd85	[MsgId: MMSG-17999]
    2023-06-17 18:08:51.376 : Start page is opened	[MsgId: MMSG-17999]
    2023-06-17 18:08:57.296 : User is logged in with session 136655.109842041HAcQVQHpcVcftcVHfpViDcHf	[MsgId: MMSG-17999]
    2023-06-17 18:09:02.742 : User is logged out of session	[MsgId: MMSG-17999]
  2023-06-17 18:10:57.292 : IterationNum=116	[MsgId: MMSG-17999]
   USER 116 = user85:pwd85	[MsgId: MMSG-17999]
    2023-06-17 18:10:57.386 : Start page is opened	[MsgId: MMSG-17999]
    2023-06-17 18:11:01.511 : User is logged in with session 136655.120048603HAcQVQHpHDHftcVHfpViztcf	[MsgId: MMSG-17999]
    2023-06-17 18:11:05.611 : User is logged out of session	[MsgId: MMSG-17999]
  2023-06-17 18:13:03.299 : IterationNum=117	[MsgId: MMSG-17999]
   USER 117 = user85:pwd85	[MsgId: MMSG-17999]
    2023-06-17 18:13:03.392 : Start page is opened	[MsgId: MMSG-17999]
    2023-06-17 18:13:08.455 : User is logged in with session 136655.130255164HAcQVQipczcftcVHfpViQfHf	[MsgId: MMSG-17999]
    2023-06-17 18:13:12.385 : User is logged out of session	[MsgId: MMSG-17999]
  2023-06-17 18:15:09.299 : IterationNum=118	[MsgId: MMSG-17999]
   USER 118 = user85:pwd85	[MsgId: MMSG-17999]
    2023-06-17 18:15:09.394 : Start page is opened	[MsgId: MMSG-17999]
    2023-06-17 18:15:13.377 : User is logged in with session 136655.140461725HAcQVQipHiHftcVHfpVQcHcf	[MsgId: MMSG-17999]
    2023-06-17 18:15:17.968 : User is logged out of session	[MsgId: MMSG-17999]
  2023-06-17 18:17:15.304 : IterationNum=119	[MsgId: MMSG-17999]
   USER 119 = user85:pwd85	[MsgId: MMSG-17999]
    2023-06-17 18:17:15.398 : Start page is opened	[MsgId: MMSG-17999]
    2023-06-17 18:17:19.591 : User is logged in with session 136655.150668287HAcQVQQpDVcftcVHfpVQfiHf	[MsgId: MMSG-17999]
    2023-06-17 18:17:25.669 : User is logged out of session	[MsgId: MMSG-17999]
  2023-06-17 18:19:21.319 : IterationNum=120	[MsgId: MMSG-17999]
   USER 120 = user85:pwd85	[MsgId: MMSG-17999]
    2023-06-17 18:19:21.414 : Start page is opened	[MsgId: MMSG-17999]
    2023-06-17 18:19:26.594 : User is logged in with session 136655.160874848HAcQVQQpiDHftcVHfpVQQAcf	[MsgId: MMSG-17999]
    2023-06-17 18:19:31.585 : User is logged out of session	[MsgId: MMSG-17999]
  2023-06-17 18:21:27.326 : IterationNum=121	[MsgId: MMSG-17999]
   USER 121 = user85:pwd85	[MsgId: MMSG-17999]
    2023-06-17 18:21:27.420 : Start page is opened	[MsgId: MMSG-17999]
    2023-06-17 18:21:32.393 : User is logged in with session 136655.171081409HAcQcAApDzcftcVHfpcAcVHf	[MsgId: MMSG-17999]
    2023-06-17 18:21:37.999 : User is logged out of session	[MsgId: MMSG-17999]
  2023-06-17 18:23:33.340 : IterationNum=122	[MsgId: MMSG-17999]
   USER 122 = user85:pwd85	[MsgId: MMSG-17999]
    2023-06-17 18:23:33.432 : Start page is opened	[MsgId: MMSG-17999]
    2023-06-17 18:23:38.017 : User is logged in with session 136655.181287971HAcQcAApiiHftcVHfpcAfDcf	[MsgId: MMSG-17999]
    2023-06-17 18:23:43.695 : User is logged out of session	[MsgId: MMSG-17999]
  2023-06-17 18:25:39.351 : IterationNum=123	[MsgId: MMSG-17999]
   USER 123 = user85:pwd85	[MsgId: MMSG-17999]
    2023-06-17 18:25:39.446 : Start page is opened	[MsgId: MMSG-17999]
    2023-06-17 18:25:44.616 : User is logged in with session 136655.191494532HAcQcAVptVcftcVHfpcAitHf	[MsgId: MMSG-17999]
    2023-06-17 18:25:50.465 : User is logged out of session	[MsgId: MMSG-17999]
  2023-06-17 18:27:45.353 : IterationNum=124	[MsgId: MMSG-17999]
   USER 124 = user85:pwd85	[MsgId: MMSG-17999]
    2023-06-17 18:27:45.448 : Start page is opened	[MsgId: MMSG-17999]
    2023-06-17 18:27:49.691 : User is logged in with session 136655.201701094HAcQcAVpQDHftcVHfpcVVzcf	[MsgId: MMSG-17999]
    2023-06-17 18:27:54.874 : User is logged out of session	[MsgId: MMSG-17999]
  2023-06-17 18:29:51.353 : IterationNum=125	[MsgId: MMSG-17999]
   USER 125 = user85:pwd85	[MsgId: MMSG-17999]
    2023-06-17 18:29:51.447 : Start page is opened	[MsgId: MMSG-17999]
    2023-06-17 18:29:57.423 : User is logged in with session 136655.211907655HAcQcAcptzcftcVHfpcVtHHf	[MsgId: MMSG-17999]
    2023-06-17 18:30:02.645 : User is logged out of session	[MsgId: MMSG-17999]
  2023-06-17 18:31:57.365 : IterationNum=126	[MsgId: MMSG-17999]
   USER 126 = user85:pwd85	[MsgId: MMSG-17999]
    2023-06-17 18:31:57.460 : Start page is opened	[MsgId: MMSG-17999]
    2023-06-17 18:32:02.784 : User is logged in with session 136655.222114216HAcQcAcpQiHftcVHfpcVHQcf	[MsgId: MMSG-17999]
    2023-06-17 18:32:08.891 : User is logged out of session	[MsgId: MMSG-17999]
  2023-06-17 18:34:03.368 : IterationNum=127	[MsgId: MMSG-17999]
   USER 127 = user85:pwd85	[MsgId: MMSG-17999]
    2023-06-17 18:34:03.461 : Start page is opened	[MsgId: MMSG-17999]
    2023-06-17 18:34:09.154 : User is logged in with session 136655.232320778HAcQcADpfVcftcVHfpccVAHf	[MsgId: MMSG-17999]
    2023-06-17 18:34:14.746 : User is logged out of session	[MsgId: MMSG-17999]
  2023-06-17 18:36:09.372 : IterationNum=128	[MsgId: MMSG-17999]
   USER 128 = user85:pwd85	[MsgId: MMSG-17999]
    2023-06-17 18:36:09.465 : Start page is opened	[MsgId: MMSG-17999]
    2023-06-17 18:36:13.865 : User is logged in with session 136655.242527339HAcQcAtpADHftcVHfpcctccf	[MsgId: MMSG-17999]
    2023-06-17 18:36:19.516 : User is logged out of session	[MsgId: MMSG-17999]
  2023-06-17 18:38:15.379 : IterationNum=129	[MsgId: MMSG-17999]
   USER 129 = user85:pwd85	[MsgId: MMSG-17999]
    2023-06-17 18:38:15.474 : Start page is opened	[MsgId: MMSG-17999]
    2023-06-17 18:38:20.540 : User is logged in with session 136655.2527339HAcQcAtpfzcftcVHfpccHDHf	[MsgId: MMSG-17999]
    2023-06-17 18:38:24.977 : User is logged out of session	[MsgId: MMSG-17999]
  2023-06-17 18:40:21.380 : IterationNum=130	[MsgId: MMSG-17999]
   USER 130 = user85:pwd85	[MsgId: MMSG-17999]
    2023-06-17 18:40:21.475 : Start page is opened	[MsgId: MMSG-17999]
    2023-06-17 18:40:25.733 : User is logged in with session 136655.262940462HAcQcAfpAiHftcVHfpcDAfcf	[MsgId: MMSG-17999]
    2023-06-17 18:40:30.437 : User is logged out of session	[MsgId: MMSG-17999]
  2023-06-17 18:42:27.388 : IterationNum=131	[MsgId: MMSG-17999]
   USER 131 = user85:pwd85	[MsgId: MMSG-17999]
    2023-06-17 18:42:27.482 : Start page is opened	[MsgId: MMSG-17999]
    2023-06-17 18:42:32.212 : User is logged in with session 136655.273147023HAcQcAfpzVcftcVHfpcDDzHf	[MsgId: MMSG-17999]
    2023-06-17 18:42:37.727 : User is logged out of session	[MsgId: MMSG-17999]
  2023-06-17 18:44:33.396 : IterationNum=132	[MsgId: MMSG-17999]
   USER 132 = user85:pwd85	[MsgId: MMSG-17999]
    2023-06-17 18:44:33.490 : Start page is opened	[MsgId: MMSG-17999]
    2023-06-17 18:44:39.435 : User is logged in with session 136655.283353584HAcQcAzpVDHftcVHfpcDzicf	[MsgId: MMSG-17999]
    2023-06-17 18:44:44.868 : User is logged out of session	[MsgId: MMSG-17999]
  2023-06-17 18:46:39.409 : IterationNum=133	[MsgId: MMSG-17999]
   USER 133 = user85:pwd85	[MsgId: MMSG-17999]
    2023-06-17 18:46:39.504 : Start page is opened	[MsgId: MMSG-17999]
    2023-06-17 18:46:45.280 : User is logged in with session 136655.293560146HAcQcAzpzzcftcVHfpcDQQHf	[MsgId: MMSG-17999]
    2023-06-17 18:46:50.404 : User is logged out of session	[MsgId: MMSG-17999]
  2023-06-17 18:48:45.409 : IterationNum=134	[MsgId: MMSG-17999]
   USER 134 = user85:pwd85	[MsgId: MMSG-17999]
    2023-06-17 18:48:45.503 : Start page is opened	[MsgId: MMSG-17999]
    2023-06-17 18:48:51.345 : User is logged in with session 136655.303766707HAcQcAHpViHftcVHfpctDVcf	[MsgId: MMSG-17999]
    2023-06-17 18:48:57.170 : User is logged out of session	[MsgId: MMSG-17999]
  2023-06-17 18:50:51.418 : IterationNum=135	[MsgId: MMSG-17999]
   USER 135 = user85:pwd85	[MsgId: MMSG-17999]
    2023-06-17 18:50:51.511 : Start page is opened	[MsgId: MMSG-17999]
    2023-06-17 18:50:57.263 : User is logged in with session 136655.313973269HAcQcAHpHVcftcVHfpctzcHf	[MsgId: MMSG-17999]
    2023-06-17 18:51:01.560 : User is logged out of session	[MsgId: MMSG-17999]
  2023-06-17 18:52:57.426 : IterationNum=136	[MsgId: MMSG-17999]
   USER 136 = user85:pwd85	[MsgId: MMSG-17999]
    2023-06-17 18:52:57.521 : Start page is opened	[MsgId: MMSG-17999]
    2023-06-17 18:53:02.132 : User is logged in with session 136655.32417983HAcQcAipcDHftcVHfpctQtcf	[MsgId: MMSG-17999]
    2023-06-17 18:53:07.316 : User is logged out of session	[MsgId: MMSG-17999]
  2023-06-17 18:55:03.433 : IterationNum=137	[MsgId: MMSG-17999]
   USER 137 = user85:pwd85	[MsgId: MMSG-17999]
    2023-06-17 18:55:03.527 : Start page is opened	[MsgId: MMSG-17999]
    2023-06-17 18:55:07.628 : User is logged in with session 136655.334386391HAcQcAipHzcftcVHfpcfcfHf	[MsgId: MMSG-17999]
    2023-06-17 18:55:12.616 : User is logged out of session	[MsgId: MMSG-17999]
  2023-06-17 18:57:09.434 : IterationNum=138	[MsgId: MMSG-17999]
   USER 138 = user85:pwd85	[MsgId: MMSG-17999]
    2023-06-17 18:57:09.530 : Start page is opened	[MsgId: MMSG-17999]
    2023-06-17 18:57:15.241 : User is logged in with session 136655.344592953HAcQcAQpciHftcVHfpcffHcf	[MsgId: MMSG-17999]
    2023-06-17 18:57:20.562 : User is logged out of session	[MsgId: MMSG-17999]
  2023-06-17 18:59:15.441 : IterationNum=139	[MsgId: MMSG-17999]
   USER 139 = user85:pwd85	[MsgId: MMSG-17999]
    2023-06-17 18:59:15.535 : Start page is opened	[MsgId: MMSG-17999]
    2023-06-17 18:59:20.092 : User is logged in with session 136655.354799514HAcQcAQpiVcftcVHfpcfiiHf	[MsgId: MMSG-17999]
    2023-06-17 18:59:24.074 : User is logged out of session	[MsgId: MMSG-17999]
  2023-06-17 19:01:21.448 : IterationNum=140	[MsgId: MMSG-17999]
   USER 140 = user85:pwd85	[MsgId: MMSG-17999]
    2023-06-17 19:01:21.543 : Start page is opened	[MsgId: MMSG-17999]
    2023-06-17 19:01:26.810 : User is logged in with session 136655.365006075HAcQcVApDDHftcVHfpczcAcf	[MsgId: MMSG-17999]
    2023-06-17 19:01:32.145 : User is logged out of session	[MsgId: MMSG-17999]
  2023-06-17 19:03:27.449 : IterationNum=141	[MsgId: MMSG-17999]
   USER 141 = user85:pwd85	[MsgId: MMSG-17999]
    2023-06-17 19:03:27.543 : Start page is opened	[MsgId: MMSG-17999]
    2023-06-17 19:03:32.033 : User is logged in with session 136655.375212637HAcQcVApizcftcVHfpczfVHf	[MsgId: MMSG-17999]
    2023-06-17 19:03:37.528 : User is logged out of session	[MsgId: MMSG-17999]
  2023-06-17 19:05:33.451 : IterationNum=142	[MsgId: MMSG-17999]
   USER 142 = user85:pwd85	[MsgId: MMSG-17999]
    2023-06-17 19:05:33.545 : Start page is opened	[MsgId: MMSG-17999]
    2023-06-17 19:05:38.435 : User is logged in with session 136655.385419198HAcQcVVpDiHftcVHfpcziDcf	[MsgId: MMSG-17999]
    2023-06-17 19:05:42.527 : User is logged out of session	[MsgId: MMSG-17999]
  2023-06-17 19:07:39.453 : IterationNum=143	[MsgId: MMSG-17999]
   USER 143 = user85:pwd85	[MsgId: MMSG-17999]
    2023-06-17 19:07:39.547 : Start page is opened	[MsgId: MMSG-17999]
    2023-06-17 19:07:43.753 : User is logged in with session 136655.395625759HAcQcVVpQVcftcVHfpcHVtHf	[MsgId: MMSG-17999]
    2023-06-17 19:07:49.515 : User is logged out of session	[MsgId: MMSG-17999]
  2023-06-17 19:09:45.465 : IterationNum=144	[MsgId: MMSG-17999]
   USER 144 = user85:pwd85	[MsgId: MMSG-17999]
    2023-06-17 19:09:45.561 : Start page is opened	[MsgId: MMSG-17999]
    2023-06-17 19:09:50.381 : User is logged in with session 136655.405832321HAcQcVcptDHftcVHfpcHtzcf	[MsgId: MMSG-17999]
    2023-06-17 19:09:56.035 : User is logged out of session	[MsgId: MMSG-17999]
  2023-06-17 19:11:51.478 : IterationNum=145	[MsgId: MMSG-17999]
   USER 145 = user85:pwd85	[MsgId: MMSG-17999]
    2023-06-17 19:11:51.573 : Start page is opened	[MsgId: MMSG-17999]
    2023-06-17 19:11:57.287 : User is logged in with session 136655.416038882HAcQcVcpQzcftcVHfpcHHHHf	[MsgId: MMSG-17999]
    2023-06-17 19:12:01.265 : User is logged out of session	[MsgId: MMSG-17999]
  2023-06-17 19:13:57.490 : IterationNum=146	[MsgId: MMSG-17999]
   USER 146 = user85:pwd85	[MsgId: MMSG-17999]
    2023-06-17 19:13:57.583 : Start page is opened	[MsgId: MMSG-17999]
    2023-06-17 19:14:03.452 : User is logged in with session 136655.426245443HAcQcVDptiHftcVHfpciAQcf	[MsgId: MMSG-17999]
    2023-06-17 19:14:08.015 : User is logged out of session	[MsgId: MMSG-17999]
  2023-06-17 19:16:03.496 : IterationNum=147	[MsgId: MMSG-17999]
   USER 147 = user85:pwd85	[MsgId: MMSG-17999]
    2023-06-17 19:16:03.590 : Start page is opened	[MsgId: MMSG-17999]
    2023-06-17 19:16:07.563 : User is logged in with session 136655.436452005HAcQcVtpAVcftcVHfpcitAHf	[MsgId: MMSG-17999]
    2023-06-17 19:16:13.578 : User is logged out of session	[MsgId: MMSG-17999]
  2023-06-17 19:18:09.496 : IterationNum=148	[MsgId: MMSG-17999]
   USER 148 = user85:pwd85	[MsgId: MMSG-17999]
    2023-06-17 19:18:09.589 : Start page is opened	[MsgId: MMSG-17999]
    2023-06-17 19:18:15.082 : User is logged in with session 136655.446658566HAcQcVtpfDHftcVHfpciHccf	[MsgId: MMSG-17999]
    2023-06-17 19:18:20.299 : User is logged out of session	[MsgId: MMSG-17999]
  2023-06-17 19:20:15.500 : IterationNum=149	[MsgId: MMSG-17999]
   USER 149 = user85:pwd85	[MsgId: MMSG-17999]
    2023-06-17 19:20:15.593 : Start page is opened	[MsgId: MMSG-17999]
    2023-06-17 19:20:19.943 : User is logged in with session 136655.456865128HAcQcVfpAzcftcVHfpcQADHf	[MsgId: MMSG-17999]
    2023-06-17 19:20:23.934 : User is logged out of session	[MsgId: MMSG-17999]
  2023-06-17 19:22:21.514 : IterationNum=150	[MsgId: MMSG-17999]
   USER 150 = user85:pwd85	[MsgId: MMSG-17999]
    2023-06-17 19:22:21.609 : Start page is opened	[MsgId: MMSG-17999]
    2023-06-17 19:22:26.212 : User is logged in with session 136655.467071689HAcQcVfpfiHftcVHfpcQDfcf	[MsgId: MMSG-17999]
    2023-06-17 19:22:31.797 : User is logged out of session	[MsgId: MMSG-17999]
  2023-06-17 19:24:27.526 : IterationNum=151	[MsgId: MMSG-17999]
   USER 151 = user85:pwd85	[MsgId: MMSG-17999]
    2023-06-17 19:24:27.621 : Start page is opened	[MsgId: MMSG-17999]
    2023-06-17 19:24:33.990 : User is logged in with session 136655.47727825HAcQcVzpVVcftcVHfpcQzzHf	[MsgId: MMSG-17999]
    2023-06-17 19:24:39.252 : User is logged out of session	[MsgId: MMSG-17999]
  2023-06-17 19:26:33.535 : IterationNum=152	[MsgId: MMSG-17999]
   USER 152 = user85:pwd85	[MsgId: MMSG-17999]
    2023-06-17 19:26:33.630 : Start page is opened	[MsgId: MMSG-17999]
    2023-06-17 19:26:38.312 : User is logged in with session 136655.487484812HAcQcVzpzDHftcVHfpcQQicf	[MsgId: MMSG-17999]
    2023-06-17 19:26:42.479 : User is logged out of session	[MsgId: MMSG-17999]
  2023-06-17 19:28:39.545 : IterationNum=153	[MsgId: MMSG-17999]
   USER 153 = user85:pwd85	[MsgId: MMSG-17999]
    2023-06-17 19:28:39.639 : Start page is opened	[MsgId: MMSG-17999]
    2023-06-17 19:28:44.702 : User is logged in with session 136655.497691373HAcQcVHpVzcftcVHfpDAcQHf	[MsgId: MMSG-17999]
    2023-06-17 19:28:48.943 : User is logged out of session	[MsgId: MMSG-17999]
  2023-06-17 19:30:45.558 : IterationNum=154	[MsgId: MMSG-17999]
   USER 154 = user85:pwd85	[MsgId: MMSG-17999]
    2023-06-17 19:30:45.652 : Start page is opened	[MsgId: MMSG-17999]
    2023-06-17 19:30:49.915 : User is logged in with session 136655.507897934HAcQcVHpziHftcVHfpDAzVcf	[MsgId: MMSG-17999]
    2023-06-17 19:30:54.997 : User is logged out of session	[MsgId: MMSG-17999]
  2023-06-17 19:32:51.572 : IterationNum=155	[MsgId: MMSG-17999]
   USER 155 = user85:pwd85	[MsgId: MMSG-17999]
    2023-06-17 19:32:51.667 : Start page is opened	[MsgId: MMSG-17999]
    2023-06-17 19:32:57.861 : User is logged in with session 136655.518104496HAcQcVipcVcftcVHfpDAQcHf	[MsgId: MMSG-17999]
    2023-06-17 19:33:03.953 : User is logged out of session	[MsgId: MMSG-17999]
  2023-06-17 19:34:57.587 : IterationNum=156	[MsgId: MMSG-17999]
   USER 156 = user85:pwd85	[MsgId: MMSG-17999]
    2023-06-17 19:34:57.683 : Start page is opened	[MsgId: MMSG-17999]
    2023-06-17 19:35:03.790 : User is logged in with session 136655.528311057HAcQcVipHDHftcVHfpDVctcf	[MsgId: MMSG-17999]
    2023-06-17 19:35:08.387 : User is logged out of session	[MsgId: MMSG-17999]
  2023-06-17 19:37:03.589 : IterationNum=157	[MsgId: MMSG-17999]
   USER 157 = user85:pwd85	[MsgId: MMSG-17999]
    2023-06-17 19:37:03.685 : Start page is opened	[MsgId: MMSG-17999]
    2023-06-17 19:37:09.999 : User is logged in with session 136655.538517618HAcQcVQpczcftcVHfpDVffHf	[MsgId: MMSG-17999]
    2023-06-17 19:37:15.791 : User is logged out of session	[MsgId: MMSG-17999]
  2023-06-17 19:39:09.597 : IterationNum=158	[MsgId: MMSG-17999]
   USER 158 = user85:pwd85	[MsgId: MMSG-17999]
    2023-06-17 19:39:09.691 : Start page is opened	[MsgId: MMSG-17999]
    2023-06-17 19:39:13.806 : User is logged in with session 136655.54872418HAcQcVQpHiHftcVHfpDViHcf	[MsgId: MMSG-17999]
    2023-06-17 19:39:19.509 : User is logged out of session	[MsgId: MMSG-17999]
  2023-06-17 19:41:15.604 : IterationNum=159	[MsgId: MMSG-17999]
   USER 159 = user85:pwd85	[MsgId: MMSG-17999]
    2023-06-17 19:41:15.698 : Start page is opened	[MsgId: MMSG-17999]
    2023-06-17 19:41:21.265 : User is logged in with session 136655.558930741HAcQccApDVcftcVHfpDcViHf	[MsgId: MMSG-17999]
    2023-06-17 19:41:27.139 : User is logged out of session	[MsgId: MMSG-17999]
  2023-06-17 19:43:21.610 : IterationNum=160	[MsgId: MMSG-17999]
   USER 160 = user85:pwd85	[MsgId: MMSG-17999]
    2023-06-17 19:43:21.704 : Start page is opened	[MsgId: MMSG-17999]
    2023-06-17 19:43:27.669 : User is logged in with session 136655.569137303HAcQccApiDHftcVHfpDcfAcf	[MsgId: MMSG-17999]
    2023-06-17 19:43:33.060 : User is logged out of session	[MsgId: MMSG-17999]
  2023-06-17 19:45:27.617 : IterationNum=161	[MsgId: MMSG-17999]
   USER 161 = user85:pwd85	[MsgId: MMSG-17999]
    2023-06-17 19:45:27.712 : Start page is opened	[MsgId: MMSG-17999]
    2023-06-17 19:45:31.819 : User is logged in with session 136655.579343864HAcQccVpDzcftcVHfpDciVHf	[MsgId: MMSG-17999]
    2023-06-17 19:45:37.967 : User is logged out of session	[MsgId: MMSG-17999]
  2023-06-17 19:47:33.631 : IterationNum=162	[MsgId: MMSG-17999]
   USER 162 = user85:pwd85	[MsgId: MMSG-17999]
    2023-06-17 19:47:33.725 : Start page is opened	[MsgId: MMSG-17999]
    2023-06-17 19:47:38.510 : User is logged in with session 136655.589550425HAcQccVpiiHftcVHfpDDVDcf	[MsgId: MMSG-17999]
    2023-06-17 19:47:44.481 : User is logged out of session	[MsgId: MMSG-17999]
  2023-06-17 19:49:39.645 : IterationNum=163	[MsgId: MMSG-17999]
   USER 163 = user85:pwd85	[MsgId: MMSG-17999]
    2023-06-17 19:49:39.740 : Start page is opened	[MsgId: MMSG-17999]
    2023-06-17 19:49:45.892 : User is logged in with session 136655.599756987HAcQcccptVcftcVHfpDDttHf	[MsgId: MMSG-17999]
    2023-06-17 19:49:51.002 : User is logged out of session	[MsgId: MMSG-17999]
  2023-06-17 19:51:45.660 : IterationNum=164	[MsgId: MMSG-17999]
   USER 164 = user85:pwd85	[MsgId: MMSG-17999]
    2023-06-17 19:51:45.754 : Start page is opened	[MsgId: MMSG-17999]
    2023-06-17 19:51:50.434 : User is logged in with session 136655.609963548HAcQcccpQDHftcVHfpDDHzcf	[MsgId: MMSG-17999]
    2023-06-17 19:51:55.629 : User is logged out of session	[MsgId: MMSG-17999]
  2023-06-17 19:53:51.669 : IterationNum=165	[MsgId: MMSG-17999]
   USER 165 = user85:pwd85	[MsgId: MMSG-17999]
    2023-06-17 19:53:51.764 : Start page is opened	[MsgId: MMSG-17999]
    2023-06-17 19:53:57.487 : User is logged in with session 136655.620170109HAcQccDptzcftcVHfpDtAHHf	[MsgId: MMSG-17999]
    2023-06-17 19:54:01.692 : User is logged out of session	[MsgId: MMSG-17999]
  2023-06-17 19:55:57.684 : IterationNum=166	[MsgId: MMSG-17999]
   USER 166 = user85:pwd85	[MsgId: MMSG-17999]
    2023-06-17 19:55:57.777 : Start page is opened	[MsgId: MMSG-17999]
    2023-06-17 19:56:03.390 : User is logged in with session 136655.630376671HAcQccDpQiHftcVHfpDtDQcf	[MsgId: MMSG-17999]
    2023-06-17 19:56:08.653 : User is logged out of session	[MsgId: MMSG-17999]
  2023-06-17 19:58:03.695 : IterationNum=167	[MsgId: MMSG-17999]
   USER 167 = user85:pwd85	[MsgId: MMSG-17999]
    2023-06-17 19:58:03.789 : Start page is opened	[MsgId: MMSG-17999]
    2023-06-17 19:58:07.780 : User is logged in with session 136655.640583232HAcQcctpfVcftcVHfpDtHAHf	[MsgId: MMSG-17999]
    2023-06-17 19:58:12.547 : User is logged out of session	[MsgId: MMSG-17999]
  2023-06-17 20:00:09.700 : IterationNum=168	[MsgId: MMSG-17999]
   USER 168 = user85:pwd85	[MsgId: MMSG-17999]
    2023-06-17 20:00:09.794 : Start page is opened	[MsgId: MMSG-17999]
    2023-06-17 20:00:14.090 : User is logged in with session 136655.650789793HAcQccfpADHftcVHfpDfAccf	[MsgId: MMSG-17999]
    2023-06-17 20:00:18.215 : User is logged out of session	[MsgId: MMSG-17999]
  2023-06-17 20:02:15.710 : IterationNum=169	[MsgId: MMSG-17999]
   USER 169 = user85:pwd85	[MsgId: MMSG-17999]
    2023-06-17 20:02:15.804 : Start page is opened	[MsgId: MMSG-17999]
    2023-06-17 20:02:20.366 : User is logged in with session 136655.660996355HAcQccfpfzcftcVHfpDfDDHf	[MsgId: MMSG-17999]
    2023-06-17 20:02:24.599 : User is logged out of session	[MsgId: MMSG-17999]
  2023-06-17 20:04:21.715 : IterationNum=170	[MsgId: MMSG-17999]
   USER 170 = user85:pwd85	[MsgId: MMSG-17999]
    2023-06-17 20:04:21.809 : Start page is opened	[MsgId: MMSG-17999]
    2023-06-17 20:04:27.490 : User is logged in with session 136655.671202916HAcQcczpAiHftcVHfpDfzfcf	[MsgId: MMSG-17999]
    2023-06-17 20:04:32.237 : User is logged out of session	[MsgId: MMSG-17999]
  2023-06-17 20:06:27.719 : IterationNum=171	[MsgId: MMSG-17999]
   USER 171 = user85:pwd85	[MsgId: MMSG-17999]
    2023-06-17 20:06:27.813 : Start page is opened	[MsgId: MMSG-17999]
    2023-06-17 20:06:32.256 : User is logged in with session 136655.681409478HAcQcczpzVcftcVHfpDfQzHf	[MsgId: MMSG-17999]
    2023-06-17 20:06:37.301 : User is logged out of session	[MsgId: MMSG-17999]
  2023-06-17 20:08:33.733 : IterationNum=172	[MsgId: MMSG-17999]
   USER 172 = user85:pwd85	[MsgId: MMSG-17999]
    2023-06-17 20:08:33.826 : Start page is opened	[MsgId: MMSG-17999]
    2023-06-17 20:08:39.108 : User is logged in with session 136655.691616039HAcQccHpVDHftcVHfpDzcicf	[MsgId: MMSG-17999]
    2023-06-17 20:08:44.920 : User is logged out of session	[MsgId: MMSG-17999]
  2023-06-17 20:10:39.743 : IterationNum=173	[MsgId: MMSG-17999]
   USER 173 = user85:pwd85	[MsgId: MMSG-17999]
    2023-06-17 20:10:39.837 : Start page is opened	[MsgId: MMSG-17999]
    2023-06-17 20:10:44.143 : User is logged in with session 136655.7018226HAcQccHpzzcftcVHfpDzfQHf	[MsgId: MMSG-17999]
    2023-06-17 20:10:48.945 : User is logged out of session	[MsgId: MMSG-17999]
  2023-06-17 20:12:45.750 : IterationNum=174	[MsgId: MMSG-17999]
   USER 174 = user85:pwd85	[MsgId: MMSG-17999]
    2023-06-17 20:12:45.843 : Start page is opened	[MsgId: MMSG-17999]
    2023-06-17 20:12:52.099 : User is logged in with session 136655.712029162HAcQccipViHftcVHfpDzQVcf	[MsgId: MMSG-17999]
    2023-06-17 20:12:57.956 : User is logged out of session	[MsgId: MMSG-17999]
  2023-06-17 20:14:51.749 : IterationNum=175	[MsgId: MMSG-17999]
   USER 175 = user85:pwd85	[MsgId: MMSG-17999]
    2023-06-17 20:14:51.844 : Start page is opened	[MsgId: MMSG-17999]
    2023-06-17 20:14:57.913 : User is logged in with session 136655.722235723HAcQccipHVcftcVHfpDHccHf	[MsgId: MMSG-17999]
    2023-06-17 20:15:02.261 : User is logged out of session	[MsgId: MMSG-17999]
  2023-06-17 20:16:57.763 : IterationNum=176	[MsgId: MMSG-17999]
   USER 176 = user85:pwd85	[MsgId: MMSG-17999]
    2023-06-17 20:16:57.857 : Start page is opened	[MsgId: MMSG-17999]
    2023-06-17 20:17:02.590 : User is logged in with session 136655.732442284HAcQccQpcDHftcVHfpDHftcf	[MsgId: MMSG-17999]
    2023-06-17 20:17:07.857 : User is logged out of session	[MsgId: MMSG-17999]
  2023-06-17 20:19:03.775 : IterationNum=177	[MsgId: MMSG-17999]
   USER 177 = user85:pwd85	[MsgId: MMSG-17999]
    2023-06-17 20:19:03.869 : Start page is opened	[MsgId: MMSG-17999]
    2023-06-17 20:19:08.298 : User is logged in with session 136655.742648846HAcQccQpHzcftcVHfpDHifHf	[MsgId: MMSG-17999]
    2023-06-17 20:19:13.830 : User is logged out of session	[MsgId: MMSG-17999]
  2023-06-17 20:21:09.777 : IterationNum=178	[MsgId: MMSG-17999]
   USER 178 = user85:pwd85	[MsgId: MMSG-17999]
    2023-06-17 20:21:09.872 : Start page is opened	[MsgId: MMSG-17999]
    2023-06-17 20:21:15.953 : User is logged in with session 136655.752855407HAcQcDApciHftcVHfpDiVHcf	[MsgId: MMSG-17999]
    2023-06-17 20:21:20.684 : User is logged out of session	[MsgId: MMSG-17999]
  2023-06-17 20:23:15.780 : IterationNum=179	[MsgId: MMSG-17999]
   USER 179 = user85:pwd85	[MsgId: MMSG-17999]
    2023-06-17 20:23:15.874 : Start page is opened	[MsgId: MMSG-17999]
    2023-06-17 20:23:20.364 : User is logged in with session 136655.763061968HAcQcDApiVcftcVHfpDitiHf	[MsgId: MMSG-17999]
    2023-06-17 20:23:24.666 : User is logged out of session	[MsgId: MMSG-17999]
  2023-06-17 20:25:21.791 : IterationNum=180	[MsgId: MMSG-17999]
   USER 180 = user85:pwd85	[MsgId: MMSG-17999]
    2023-06-17 20:25:21.885 : Start page is opened	[MsgId: MMSG-17999]
    2023-06-17 20:25:26.248 : User is logged in with session 136655.77326853HAcQcDVpDDHftcVHfpDiiAcf	[MsgId: MMSG-17999]
    2023-06-17 20:25:30.473 : User is logged out of session	[MsgId: MMSG-17999]
  2023-06-17 20:27:27.794 : IterationNum=181	[MsgId: MMSG-17999]
   USER 181 = user85:pwd85	[MsgId: MMSG-17999]
    2023-06-17 20:27:27.888 : Start page is opened	[MsgId: MMSG-17999]
    2023-06-17 20:27:33.669 : User is logged in with session 136655.783475091HAcQcDVpizcftcVHfpDQVVHf	[MsgId: MMSG-17999]
    2023-06-17 20:27:39.984 : User is logged out of session	[MsgId: MMSG-17999]
  2023-06-17 20:29:33.809 : IterationNum=182	[MsgId: MMSG-17999]
   USER 182 = user85:pwd85	[MsgId: MMSG-17999]
    2023-06-17 20:29:33.905 : Start page is opened	[MsgId: MMSG-17999]
    2023-06-17 20:29:37.881 : User is logged in with session 136655.793681652HAcQcDcpDiHftcVHfpDQtDcf	[MsgId: MMSG-17999]
    2023-06-17 20:29:43.550 : User is logged out of session	[MsgId: MMSG-17999]
  2023-06-17 20:31:39.820 : IterationNum=183	[MsgId: MMSG-17999]
   USER 183 = user85:pwd85	[MsgId: MMSG-17999]
    2023-06-17 20:31:39.914 : Start page is opened	[MsgId: MMSG-17999]
    2023-06-17 20:31:45.864 : User is logged in with session 136655.803888214HAcQcDcpQVcftcVHfpDQHtHf	[MsgId: MMSG-17999]
    2023-06-17 20:31:52.163 : User is logged out of session	[MsgId: MMSG-17999]
  2023-06-17 20:33:45.825 : IterationNum=184	[MsgId: MMSG-17999]
   USER 184 = user85:pwd85	[MsgId: MMSG-17999]
    2023-06-17 20:33:45.919 : Start page is opened	[MsgId: MMSG-17999]
    2023-06-17 20:33:51.855 : User is logged in with session 136655.814094775HAcQcDDptDHftcVHfptAAzcf	[MsgId: MMSG-17999]
    2023-06-17 20:33:58.200 : User is logged out of session	[MsgId: MMSG-17999]
  2023-06-17 20:35:51.839 : IterationNum=185	[MsgId: MMSG-17999]
   USER 185 = user85:pwd85	[MsgId: MMSG-17999]
    2023-06-17 20:35:51.934 : Start page is opened	[MsgId: MMSG-17999]
    2023-06-17 20:35:57.124 : User is logged in with session 136655.824301337HAcQcDDpQzcftcVHfptADHHf	[MsgId: MMSG-17999]
    2023-06-17 20:36:01.502 : User is logged out of session	[MsgId: MMSG-17999]
  2023-06-17 20:37:57.843 : IterationNum=186	[MsgId: MMSG-17999]
   USER 186 = user85:pwd85	[MsgId: MMSG-17999]
    2023-06-17 20:37:57.938 : Start page is opened	[MsgId: MMSG-17999]
    2023-06-17 20:38:01.912 : User is logged in with session 136655.834507898HAcQcDtptiHftcVHfptAzQcf	[MsgId: MMSG-17999]
    2023-06-17 20:38:06.135 : User is logged out of session	[MsgId: MMSG-17999]
  2023-06-17 20:40:03.845 : IterationNum=187	[MsgId: MMSG-17999]
   USER 187 = user85:pwd85	[MsgId: MMSG-17999]
    2023-06-17 20:40:03.939 : Start page is opened	[MsgId: MMSG-17999]
    2023-06-17 20:40:09.405 : User is logged in with session 136655.844714459HAcQcDfpAVcftcVHfptVAAHf	[MsgId: MMSG-17999]
    2023-06-17 20:40:14.684 : User is logged out of session	[MsgId: MMSG-17999]
  2023-06-17 20:42:09.858 : IterationNum=188	[MsgId: MMSG-17999]
   USER 188 = user85:pwd85	[MsgId: MMSG-17999]
    2023-06-17 20:42:09.952 : Start page is opened	[MsgId: MMSG-17999]
    2023-06-17 20:42:15.204 : User is logged in with session 136655.854921021HAcQcDfpfDHftcVHfptVDccf	[MsgId: MMSG-17999]
    2023-06-17 20:42:19.490 : User is logged out of session	[MsgId: MMSG-17999]
  2023-06-17 20:44:15.866 : IterationNum=189	[MsgId: MMSG-17999]
   USER 189 = user85:pwd85	[MsgId: MMSG-17999]
    2023-06-17 20:44:15.961 : Start page is opened	[MsgId: MMSG-17999]
    2023-06-17 20:44:20.879 : User is logged in with session 136655.865127582HAcQcDzpAzcftcVHfptVzDHf	[MsgId: MMSG-17999]
    2023-06-17 20:44:26.644 : User is logged out of session	[MsgId: MMSG-17999]
  2023-06-17 20:46:21.872 : IterationNum=190	[MsgId: MMSG-17999]
   USER 190 = user85:pwd85	[MsgId: MMSG-17999]
    2023-06-17 20:46:21.966 : Start page is opened	[MsgId: MMSG-17999]
    2023-06-17 20:46:28.294 : User is logged in with session 136655.875334143HAcQcDzpfiHftcVHfptVQfcf	[MsgId: MMSG-17999]
    2023-06-17 20:46:32.545 : User is logged out of session	[MsgId: MMSG-17999]
  2023-06-17 20:48:27.886 : IterationNum=191	[MsgId: MMSG-17999]
   USER 191 = user85:pwd85	[MsgId: MMSG-17999]
    2023-06-17 20:48:27.981 : Start page is opened	[MsgId: MMSG-17999]
    2023-06-17 20:48:34.187 : User is logged in with session 136655.885540705HAcQcDHpVVcftcVHfptcczHf	[MsgId: MMSG-17999]
    2023-06-17 20:48:38.077 : User is logged out of session	[MsgId: MMSG-17999]
  2023-06-17 20:50:33.892 : IterationNum=192	[MsgId: MMSG-17999]
   USER 192 = user85:pwd85	[MsgId: MMSG-17999]
    2023-06-17 20:50:33.986 : Start page is opened	[MsgId: MMSG-17999]
    2023-06-17 20:50:40.360 : User is logged in with session 136655.895747266HAcQcDHpzDHftcVHfptcficf	[MsgId: MMSG-17999]
    2023-06-17 20:50:46.668 : User is logged out of session	[MsgId: MMSG-17999]
  2023-06-17 20:52:39.904 : IterationNum=193	[MsgId: MMSG-17999]
   USER 193 = user85:pwd85	[MsgId: MMSG-17999]
    2023-06-17 20:52:39.999 : Start page is opened	[MsgId: MMSG-17999]
    2023-06-17 20:52:46.287 : User is logged in with session 136655.905953827HAcQcDipVzcftcVHfptciQHf	[MsgId: MMSG-17999]
    2023-06-17 20:52:50.797 : User is logged out of session	[MsgId: MMSG-17999]
  2023-06-17 20:54:45.911 : IterationNum=194	[MsgId: MMSG-17999]
   USER 194 = user85:pwd85	[MsgId: MMSG-17999]
    2023-06-17 20:54:46.006 : Start page is opened	[MsgId: MMSG-17999]
    2023-06-17 20:54:51.281 : User is logged in with session 136655.916160389HAcQcDipziHftcVHfptDcVcf	[MsgId: MMSG-17999]
    2023-06-17 20:54:56.953 : User is logged out of session	[MsgId: MMSG-17999]
  2023-06-17 20:56:51.924 : IterationNum=195	[MsgId: MMSG-17999]
   USER 195 = user85:pwd85	[MsgId: MMSG-17999]
    2023-06-17 20:56:52.018 : Start page is opened	[MsgId: MMSG-17999]
    2023-06-17 20:56:58.354 : User is logged in with session 136655.92636695HAcQcDQpcVcftcVHfptDfcHf	[MsgId: MMSG-17999]
    2023-06-17 20:57:02.514 : User is logged out of session	[MsgId: MMSG-17999]
  2023-06-17 20:58:57.925 : IterationNum=196	[MsgId: MMSG-17999]
   USER 196 = user85:pwd85	[MsgId: MMSG-17999]
    2023-06-17 20:58:58.020 : Start page is opened	[MsgId: MMSG-17999]
    2023-06-17 20:59:02.025 : User is logged in with session 136655.936573512HAcQcDQpHDHftcVHfptDitcf	[MsgId: MMSG-17999]
    2023-06-17 20:59:08.247 : User is logged out of session	[MsgId: MMSG-17999]
  2023-06-17 21:01:03.930 : IterationNum=197	[MsgId: MMSG-17999]
   USER 197 = user85:pwd85	[MsgId: MMSG-17999]
    2023-06-17 21:01:04.025 : Start page is opened	[MsgId: MMSG-17999]
    2023-06-17 21:01:08.339 : User is logged in with session 136655.946780073HAcQctApczcftcVHfpttVfHf	[MsgId: MMSG-17999]
    2023-06-17 21:01:13.813 : User is logged out of session	[MsgId: MMSG-17999]
  2023-06-17 21:03:09.932 : IterationNum=198	[MsgId: MMSG-17999]
   USER 198 = user85:pwd85	[MsgId: MMSG-17999]
    2023-06-17 21:03:10.027 : Start page is opened	[MsgId: MMSG-17999]
    2023-06-17 21:03:15.853 : User is logged in with session 136655.956986634HAcQctApHiHftcVHfptttHcf	[MsgId: MMSG-17999]
    2023-06-17 21:03:21.389 : User is logged out of session	[MsgId: MMSG-17999]
  2023-06-17 21:05:15.946 : IterationNum=199	[MsgId: MMSG-17999]
   USER 199 = user85:pwd85	[MsgId: MMSG-17999]
    2023-06-17 21:05:16.040 : Start page is opened	[MsgId: MMSG-17999]
    2023-06-17 21:05:22.346 : User is logged in with session 136655.967193196HAcQctVpDVcftcVHfpttHiHf	[MsgId: MMSG-17999]
    2023-06-17 21:05:28.326 : User is logged out of session	[MsgId: MMSG-17999]
  2023-06-17 21:07:21.947 : IterationNum=200	[MsgId: MMSG-17999]
   USER 200 = user85:pwd85	[MsgId: MMSG-17999]
    2023-06-17 21:07:22.042 : Start page is opened	[MsgId: MMSG-17999]
    2023-06-17 21:07:28.210 : User is logged in with session 136655.977399757HAcQctVpiDHftcVHfptfVAcf	[MsgId: MMSG-17999]
    2023-06-17 21:07:34.100 : User is logged out of session	[MsgId: MMSG-17999]
  2023-06-17 21:09:27.958 : IterationNum=201	[MsgId: MMSG-17999]
   USER 201 = user85:pwd85	[MsgId: MMSG-17999]
    2023-06-17 21:09:28.053 : Start page is opened	[MsgId: MMSG-17999]
    2023-06-17 21:09:33.169 : User is logged in with session 136655.987606318HAcQctcpDzcftcVHfptftVHf	[MsgId: MMSG-17999]
    2023-06-17 21:09:37.476 : User is logged out of session	[MsgId: MMSG-17999]
  2023-06-17 21:11:33.968 : IterationNum=202	[MsgId: MMSG-17999]
   USER 202 = user85:pwd85	[MsgId: MMSG-17999]
    2023-06-17 21:11:34.063 : Start page is opened	[MsgId: MMSG-17999]
    2023-06-17 21:11:40.232 : User is logged in with session 136655.99781288HAcQctcpiiHftcVHfptfHDcf	[MsgId: MMSG-17999]
    2023-06-17 21:11:45.731 : User is logged out of session	[MsgId: MMSG-17999]
  2023-06-17 21:13:39.976 : IterationNum=203	[MsgId: MMSG-17999]
   USER 203 = user85:pwd85	[MsgId: MMSG-17999]
    2023-06-17 21:13:40.069 : Start page is opened	[MsgId: MMSG-17999]
    2023-06-17 21:13:44.071 : User is logged in with session 136656.008100446HAcQctDptVzzzzzHtcVHfptzAf	[MsgId: MMSG-17999]
    2023-06-17 21:13:48.801 : User is logged out of session	[MsgId: MMSG-17999]
  2023-06-17 21:15:45.978 : IterationNum=204	[MsgId: MMSG-17999]
   USER 204 = user85:pwd85	[MsgId: MMSG-17999]
    2023-06-17 21:15:46.072 : Start page is opened	[MsgId: MMSG-17999]
    2023-06-17 21:15:51.026 : User is logged in with session 136656.018307007HAcQctDpQtVzzzzHtcVHfptzDzf	[MsgId: MMSG-17999]
    2023-06-17 21:15:55.812 : User is logged out of session	[MsgId: MMSG-17999]
  2023-06-17 21:17:51.992 : IterationNum=205	[MsgId: MMSG-17999]
   USER 205 = user85:pwd85	[MsgId: MMSG-17999]
    2023-06-17 21:17:52.085 : Start page is opened	[MsgId: MMSG-17999]
    2023-06-17 21:17:57.836 : User is logged in with session 136656.028513568HAcQcttptzzzzzzHtcVHfptzzi	[MsgId: MMSG-17999]
    2023-06-17 21:18:02.734 : User is logged out of session	[MsgId: MMSG-17999]
  2023-06-17 21:19:57.996 : IterationNum=206	[MsgId: MMSG-17999]
   USER 206 = user85:pwd85	[MsgId: MMSG-17999]
    2023-06-17 21:19:58.090 : Start page is opened	[MsgId: MMSG-17999]
    2023-06-17 21:20:02.679 : User is logged in with session 136656.03872013HAcQcttpQQVzzzzHtcVHfptzQQf	[MsgId: MMSG-17999]
    2023-06-17 21:20:08.982 : User is logged out of session	[MsgId: MMSG-17999]
  2023-06-17 21:22:04.009 : IterationNum=207	[MsgId: MMSG-17999]
   USER 207 = user85:pwd85	[MsgId: MMSG-17999]
    2023-06-17 21:22:04.103 : Start page is opened	[MsgId: MMSG-17999]
    2023-06-17 21:22:09.556 : User is logged in with session 136656.048926691HAcQctfpfVzzzzzHtcVHfptHDV	[MsgId: MMSG-17999]
    2023-06-17 21:22:13.522 : User is logged out of session	[MsgId: MMSG-17999]
  2023-06-17 21:24:10.020 : IterationNum=208	[MsgId: MMSG-17999]
   USER 208 = user85:pwd85	[MsgId: MMSG-17999]
    2023-06-17 21:24:10.113 : Start page is opened	[MsgId: MMSG-17999]
    2023-06-17 21:24:15.485 : User is logged in with session 136656.059133252HAcQctzpAtVzzzzHtcVHfptHzcf	[MsgId: MMSG-17999]
    2023-06-17 21:24:20.390 : User is logged out of session	[MsgId: MMSG-17999]
  2023-06-17 21:26:16.029 : IterationNum=209	[MsgId: MMSG-17999]
   USER 209 = user85:pwd85	[MsgId: MMSG-17999]
    2023-06-17 21:26:16.122 : Start page is opened	[MsgId: MMSG-17999]
    2023-06-17 21:26:22.019 : User is logged in with session 136656.069339814HAcQctzpfzzzzzzHtcVHfptHQt	[MsgId: MMSG-17999]
    2023-06-17 21:26:25.991 : User is logged out of session	[MsgId: MMSG-17999]
  2023-06-17 21:28:22.040 : IterationNum=210	[MsgId: MMSG-17999]
   USER 210 = user85:pwd85	[MsgId: MMSG-17999]
    2023-06-17 21:28:22.136 : Start page is opened	[MsgId: MMSG-17999]
    2023-06-17 21:28:27.720 : User is logged in with session 136656.079546375HAcQctHpAQVzzzzHtcVHfpticff	[MsgId: MMSG-17999]
    2023-06-17 21:28:31.798 : User is logged out of session	[MsgId: MMSG-17999]
  2023-06-17 21:30:28.046 : IterationNum=211	[MsgId: MMSG-17999]
   USER 211 = user85:pwd85	[MsgId: MMSG-17999]
    2023-06-17 21:30:28.141 : Start page is opened	[MsgId: MMSG-17999]
    2023-06-17 21:30:33.202 : User is logged in with session 136656.089752936HAcQctHpzVzzzzzHtcVHfptifH	[MsgId: MMSG-17999]
    2023-06-17 21:30:37.466 : User is logged out of session	[MsgId: MMSG-17999]
  2023-06-17 21:32:34.058 : IterationNum=212	[MsgId: MMSG-17999]
   USER 212 = user85:pwd85	[MsgId: MMSG-17999]
    2023-06-17 21:32:34.151 : Start page is opened	[MsgId: MMSG-17999]
    2023-06-17 21:32:38.943 : User is logged in with session 136656.099959498HAcQctipVtVzzzzHtcVHfptiiif	[MsgId: MMSG-17999]
    2023-06-17 21:32:43.045 : User is logged out of session	[MsgId: MMSG-17999]
  2023-06-17 21:34:40.064 : IterationNum=213	[MsgId: MMSG-17999]
   USER 213 = user85:pwd85	[MsgId: MMSG-17999]
    2023-06-17 21:34:40.160 : Start page is opened	[MsgId: MMSG-17999]
    2023-06-17 21:34:45.804 : User is logged in with session 136656.110166059HAcQctipzzzzzzzHtcVHfptQc	[MsgId: MMSG-17999]
    2023-06-17 21:34:51.800 : User is logged out of session	[MsgId: MMSG-17999]
  2023-06-17 21:36:46.070 : IterationNum=214	[MsgId: MMSG-17999]
   USER 214 = user85:pwd85	[MsgId: MMSG-17999]
    2023-06-17 21:36:46.165 : Start page is opened	[MsgId: MMSG-17999]
    2023-06-17 21:36:51.649 : User is logged in with session 136656.120372621HAcQctQpVQVzzzzHtcVHfptQfVf	[MsgId: MMSG-17999]
    2023-06-17 21:36:57.408 : User is logged out of session	[MsgId: MMSG-17999]
  2023-06-17 21:38:52.076 : IterationNum=215	[MsgId: MMSG-17999]
   USER 215 = user85:pwd85	[MsgId: MMSG-17999]
    2023-06-17 21:38:52.170 : Start page is opened	[MsgId: MMSG-17999]
    2023-06-17 21:38:57.314 : User is logged in with session 136656.130579182HAcQctQpHVzzzzzHtcVHfptQiD	[MsgId: MMSG-17999]
    2023-06-17 21:39:01.514 : User is logged out of session	[MsgId: MMSG-17999]
  2023-06-17 21:40:58.090 : IterationNum=216	[MsgId: MMSG-17999]
   USER 216 = user85:pwd85	[MsgId: MMSG-17999]
    2023-06-17 21:40:58.184 : Start page is opened	[MsgId: MMSG-17999]
    2023-06-17 21:41:04.012 : User is logged in with session 136656.140785743HAcQcfApctVzzzzHtcVHfpfAVtf	[MsgId: MMSG-17999]
    2023-06-17 21:41:08.951 : User is logged out of session	[MsgId: MMSG-17999]
  2023-06-17 21:43:04.100 : IterationNum=217	[MsgId: MMSG-17999]
   USER 217 = user85:pwd85	[MsgId: MMSG-17999]
    2023-06-17 21:43:04.194 : Start page is opened	[MsgId: MMSG-17999]
    2023-06-17 21:43:10.341 : User is logged in with session 136656.150992305HAcQcfApHzzzzzzHtcVHfpfAtz	[MsgId: MMSG-17999]
    2023-06-17 21:43:14.249 : User is logged out of session	[MsgId: MMSG-17999]
  2023-06-17 21:45:10.110 : IterationNum=218	[MsgId: MMSG-17999]
   USER 218 = user85:pwd85	[MsgId: MMSG-17999]
    2023-06-17 21:45:10.204 : Start page is opened	[MsgId: MMSG-17999]
    2023-06-17 21:45:14.517 : User is logged in with session 136656.161198866HAcQcfVpcQVzzzzHtcVHfpfAHHf	[MsgId: MMSG-17999]
    2023-06-17 21:45:20.370 : User is logged out of session	[MsgId: MMSG-17999]
  2023-06-17 21:47:16.122 : IterationNum=219	[MsgId: MMSG-17999]
   USER 219 = user85:pwd85	[MsgId: MMSG-17999]
    2023-06-17 21:47:16.216 : Start page is opened	[MsgId: MMSG-17999]
    2023-06-17 21:47:21.962 : User is logged in with session 136656.171405427HAcQcfVpiVzzzzzHtcVHfpfVAQ	[MsgId: MMSG-17999]
    2023-06-17 21:47:27.479 : User is logged out of session	[MsgId: MMSG-17999]
  2023-06-17 21:49:22.136 : IterationNum=220	[MsgId: MMSG-17999]
   USER 220 = user85:pwd85	[MsgId: MMSG-17999]
    2023-06-17 21:49:22.231 : Start page is opened	[MsgId: MMSG-17999]
    2023-06-17 21:49:27.298 : User is logged in with session 136656.181611989HAcQcfcpDtVzzzzHtcVHfpfVtAf	[MsgId: MMSG-17999]
    2023-06-17 21:49:32.134 : User is logged out of session	[MsgId: MMSG-17999]
  2023-06-17 21:51:28.147 : IterationNum=221	[MsgId: MMSG-17999]
   USER 221 = user85:pwd85	[MsgId: MMSG-17999]
    2023-06-17 21:51:28.242 : Start page is opened	[MsgId: MMSG-17999]
    2023-06-17 21:51:32.394 : User is logged in with session 136656.19181855HAcQcfcpizzzzzzHtcVHfpfVHc	[MsgId: MMSG-17999]
    2023-06-17 21:51:37.429 : User is logged out of session	[MsgId: MMSG-17999]
  2023-06-17 21:53:34.158 : IterationNum=222	[MsgId: MMSG-17999]
   USER 222 = user85:pwd85	[MsgId: MMSG-17999]
    2023-06-17 21:53:34.252 : Start page is opened	[MsgId: MMSG-17999]
    2023-06-17 21:53:40.219 : User is logged in with session 136656.202025111HAcQcfDpDQVzzzzHtcVHfpfcADf	[MsgId: MMSG-17999]
    2023-06-17 21:53:46.193 : User is logged out of session	[MsgId: MMSG-17999]
  2023-06-17 21:55:40.172 : IterationNum=223	[MsgId: MMSG-17999]
   USER 223 = user85:pwd85	[MsgId: MMSG-17999]
    2023-06-17 21:55:40.267 : Start page is opened	[MsgId: MMSG-17999]
    2023-06-17 21:55:44.457 : User is logged in with session 136656.212231673HAcQcfDpQVzzzzzHtcVHfpfcDf	[MsgId: MMSG-17999]
    2023-06-17 21:55:49.065 : User is logged out of session	[MsgId: MMSG-17999]
  2023-06-17 21:57:46.183 : IterationNum=224	[MsgId: MMSG-17999]
   USER 224 = user85:pwd85	[MsgId: MMSG-17999]
    2023-06-17 21:57:46.276 : Start page is opened	[MsgId: MMSG-17999]
    2023-06-17 21:57:52.413 : User is logged in with session 136656.222438234HAcQcftpttVzzzzHtcVHfpfczzf	[MsgId: MMSG-17999]
    2023-06-17 21:57:58.459 : User is logged out of session	[MsgId: MMSG-17999]
  2023-06-17 21:59:52.189 : IterationNum=225	[MsgId: MMSG-17999]
   USER 225 = user85:pwd85	[MsgId: MMSG-17999]
    2023-06-17 21:59:52.283 : Start page is opened	[MsgId: MMSG-17999]
    2023-06-17 21:59:57.513 : User is logged in with session 136656.232644795HAcQcftpQzzzzzzHtcVHfpfcQi	[MsgId: MMSG-17999]
    2023-06-17 22:00:02.249 : User is logged out of session	[MsgId: MMSG-17999]
  2023-06-17 22:01:58.193 : IterationNum=226	[MsgId: MMSG-17999]
   USER 226 = user85:pwd85	[MsgId: MMSG-17999]
    2023-06-17 22:01:58.288 : Start page is opened	[MsgId: MMSG-17999]
    2023-06-17 22:02:02.666 : User is logged in with session 136656.242851357HAcQcffptQVzzzzHtcVHfpfDcQf	[MsgId: MMSG-17999]
    2023-06-17 22:02:08.926 : User is logged out of session	[MsgId: MMSG-17999]
  2023-06-17 22:04:04.194 : IterationNum=227	[MsgId: MMSG-17999]
   USER 227 = user85:pwd85	[MsgId: MMSG-17999]
    2023-06-17 22:04:04.288 : Start page is opened	[MsgId: MMSG-17999]
    2023-06-17 22:04:08.701 : User is logged in with session 136656.253057918HAcQcfzpAVzzzzzHtcVHfpfDzV	[MsgId: MMSG-17999]
    2023-06-17 22:04:14.108 : User is logged out of session	[MsgId: MMSG-17999]
  2023-06-17 22:06:10.197 : IterationNum=228	[MsgId: MMSG-17999]
   USER 228 = user85:pwd85	[MsgId: MMSG-17999]
    2023-06-17 22:06:10.292 : Start page is opened	[MsgId: MMSG-17999]
    2023-06-17 22:06:14.774 : User is logged in with session 136656.26326448HAcQcfzpftVzzzzHtcVHfpfDQcf	[MsgId: MMSG-17999]
    2023-06-17 22:06:20.298 : User is logged out of session	[MsgId: MMSG-17999]
  2023-06-17 22:08:16.197 : IterationNum=229	[MsgId: MMSG-17999]
   USER 229 = user85:pwd85	[MsgId: MMSG-17999]
    2023-06-17 22:08:16.292 : Start page is opened	[MsgId: MMSG-17999]
    2023-06-17 22:08:21.026 : User is logged in with session 136656.273471041HAcQcfHpAzzzzzzHtcVHfpftct	[MsgId: MMSG-17999]
    2023-06-17 22:08:25.073 : User is logged out of session	[MsgId: MMSG-17999]
  2023-06-17 22:10:22.211 : IterationNum=230	[MsgId: MMSG-17999]
   USER 230 = user85:pwd85	[MsgId: MMSG-17999]
    2023-06-17 22:10:22.305 : Start page is opened	[MsgId: MMSG-17999]
    2023-06-17 22:10:27.186 : User is logged in with session 136656.283677602HAcQcfHpfQVzzzzHtcVHfpftfff	[MsgId: MMSG-17999]
    2023-06-17 22:10:32.606 : User is logged out of session	[MsgId: MMSG-17999]
  2023-06-17 22:12:28.214 : IterationNum=231	[MsgId: MMSG-17999]
   USER 231 = user85:pwd85	[MsgId: MMSG-17999]
    2023-06-17 22:12:28.308 : Start page is opened	[MsgId: MMSG-17999]
    2023-06-17 22:12:32.268 : User is logged in with session 136656.293884164HAcQcfipVVzzzzzHtcVHfpftiH	[MsgId: MMSG-17999]
    2023-06-17 22:12:37.478 : User is logged out of session	[MsgId: MMSG-17999]
  2023-06-17 22:14:34.228 : IterationNum=232	[MsgId: MMSG-17999]
   USER 232 = user85:pwd85	[MsgId: MMSG-17999]
    2023-06-17 22:14:34.323 : Start page is opened	[MsgId: MMSG-17999]
    2023-06-17 22:14:38.450 : User is logged in with session 136656.304090725HAcQcfipztVzzzzHtcVHfpffVif	[MsgId: MMSG-17999]
    2023-06-17 22:14:44.284 : User is logged out of session	[MsgId: MMSG-17999]
  2023-06-17 22:16:40.236 : IterationNum=233	[MsgId: MMSG-17999]
   USER 233 = user85:pwd85	[MsgId: MMSG-17999]
    2023-06-17 22:16:40.330 : Start page is opened	[MsgId: MMSG-17999]
    2023-06-17 22:16:45.353 : User is logged in with session 136656.314297286HAcQcfQpVzzzzzzHtcVHfpfff	[MsgId: MMSG-17999]
    2023-06-17 22:16:50.232 : User is logged out of session	[MsgId: MMSG-17999]
  2023-06-17 22:18:46.248 : IterationNum=234	[MsgId: MMSG-17999]
   USER 234 = user85:pwd85	[MsgId: MMSG-17999]
    2023-06-17 22:18:46.340 : Start page is opened	[MsgId: MMSG-17999]
    2023-06-17 22:18:50.406 : User is logged in with session 136656.324503848HAcQcfQpzQVzzzzHtcVHfpffiVf	[MsgId: MMSG-17999]
    2023-06-17 22:18:56.234 : User is logged out of session	[MsgId: MMSG-17999]
  2023-06-17 22:20:52.247 : IterationNum=235	[MsgId: MMSG-17999]
   USER 235 = user85:pwd85	[MsgId: MMSG-17999]
    2023-06-17 22:20:52.341 : Start page is opened	[MsgId: MMSG-17999]
    2023-06-17 22:20:56.561 : User is logged in with session 136656.334710409HAcQczApcVzzzzzHtcVHfpfzVD	[MsgId: MMSG-17999]
    2023-06-17 22:21:00.466 : User is logged out of session	[MsgId: MMSG-17999]
