  2023-06-17 14:06:05.926 : IterationNum=1	[MsgId: MMSG-17999]
   USER 1 = user65:pwd65	[MsgId: MMSG-17999]
    2023-06-17 14:06:06.014 : Start page is opened	[MsgId: MMSG-17999]
    2023-06-17 14:06:10.580 : User is logged in with session 136653.929931146HAcQVDzpfcAiDDDDtcVHtpiVQVcf	[MsgId: MMSG-17999]
    2023-06-17 14:06:16.943 : User is logged out of session	[MsgId: MMSG-17999]
  2023-06-17 14:08:11.935 : IterationNum=2	[MsgId: MMSG-17999]
   USER 2 = user65:pwd65	[MsgId: MMSG-17999]
    2023-06-17 14:08:12.030 : Start page is opened	[MsgId: MMSG-17999]
    2023-06-17 14:08:17.336 : User is logged in with session 136653.940137708HAcQVDHpAtfiDDDDtcVHtpicccHf	[MsgId: MMSG-17999]
    2023-06-17 14:08:22.194 : User is logged out of session	[MsgId: MMSG-17999]
  2023-06-17 14:10:17.935 : IterationNum=3	[MsgId: MMSG-17999]
   USER 3 = user65:pwd65	[MsgId: MMSG-17999]
    2023-06-17 14:10:18.030 : Start page is opened	[MsgId: MMSG-17999]
    2023-06-17 14:10:22.903 : User is logged in with session 136653.950344269HAcQVDHpfHAiDDDDtcVHtpicftcf	[MsgId: MMSG-17999]
    2023-06-17 14:10:29.029 : User is logged out of session	[MsgId: MMSG-17999]
  2023-06-17 14:12:23.935 : IterationNum=4	[MsgId: MMSG-17999]
   USER 4 = user65:pwd65	[MsgId: MMSG-17999]
    2023-06-17 14:12:24.029 : Start page is opened	[MsgId: MMSG-17999]
    2023-06-17 14:12:28.058 : User is logged in with session 136653.96055083HAcQVDipAQfiDDDDtcVHtpicifHf	[MsgId: MMSG-17999]
    2023-06-17 14:12:33.617 : User is logged out of session	[MsgId: MMSG-17999]
  2023-06-17 14:14:29.937 : IterationNum=5	[MsgId: MMSG-17999]
   USER 5 = user65:pwd65	[MsgId: MMSG-17999]
    2023-06-17 14:14:30.032 : Start page is opened	[MsgId: MMSG-17999]
    2023-06-17 14:14:34.858 : User is logged in with session 136653.970757392HAcQVDipzcAiDDDDtcVHtpiDVHcf	[MsgId: MMSG-17999]
    2023-06-17 14:14:38.987 : User is logged out of session	[MsgId: MMSG-17999]
  2023-06-17 14:16:35.953 : IterationNum=6	[MsgId: MMSG-17999]
   USER 6 = user65:pwd65	[MsgId: MMSG-17999]
    2023-06-17 14:16:36.047 : Start page is opened	[MsgId: MMSG-17999]
    2023-06-17 14:16:41.215 : User is logged in with session 136653.980963953HAcQVDQpVtfiDDDDtcVHtpiDtiHf	[MsgId: MMSG-17999]
    2023-06-17 14:16:46.139 : User is logged out of session	[MsgId: MMSG-17999]
  2023-06-17 14:18:41.965 : IterationNum=7	[MsgId: MMSG-17999]
   USER 7 = user65:pwd65	[MsgId: MMSG-17999]
    2023-06-17 14:18:42.060 : Start page is opened	[MsgId: MMSG-17999]
    2023-06-17 14:18:47.717 : User is logged in with session 136653.991170514HAcQVDQpzHAiDDDDtcVHtpiDiAcf	[MsgId: MMSG-17999]
    2023-06-17 14:18:52.639 : User is logged out of session	[MsgId: MMSG-17999]
  2023-06-17 14:20:47.966 : IterationNum=8	[MsgId: MMSG-17999]
   USER 8 = user65:pwd65	[MsgId: MMSG-17999]
    2023-06-17 14:20:48.060 : Start page is opened	[MsgId: MMSG-17999]
    2023-06-17 14:20:53.420 : User is logged in with session 136654.001377076HAcQVtApVQfiDDDDtcVHtpitVVHf	[MsgId: MMSG-17999]
    2023-06-17 14:20:59.437 : User is logged out of session	[MsgId: MMSG-17999]
  2023-06-17 14:22:53.973 : IterationNum=9	[MsgId: MMSG-17999]
   USER 9 = user65:pwd65	[MsgId: MMSG-17999]
    2023-06-17 14:22:54.067 : Start page is opened	[MsgId: MMSG-17999]
    2023-06-17 14:22:58.413 : User is logged in with session 136654.011664642HAcQVtApHcftcVHtpittDf	[MsgId: MMSG-17999]
    2023-06-17 14:23:03.137 : User is logged out of session	[MsgId: MMSG-17999]
  2023-06-17 14:24:59.988 : IterationNum=10	[MsgId: MMSG-17999]
   USER 10 = user65:pwd65	[MsgId: MMSG-17999]
    2023-06-17 14:25:00.082 : Start page is opened	[MsgId: MMSG-17999]
    2023-06-17 14:25:05.615 : User is logged in with session 136654.021871203HAcQVtVpcftcVHtpitHf	[MsgId: MMSG-17999]
    2023-06-17 14:25:11.087 : User is logged out of session	[MsgId: MMSG-17999]
  2023-06-17 14:27:05.992 : IterationNum=11	[MsgId: MMSG-17999]
   USER 11 = user65:pwd65	[MsgId: MMSG-17999]
    2023-06-17 14:27:06.086 : Start page is opened	[MsgId: MMSG-17999]
    2023-06-17 14:27:11.477 : User is logged in with session 136654.032077764HAcQVtVpHHftcVHtpifAzf	[MsgId: MMSG-17999]
    2023-06-17 14:27:15.752 : User is logged out of session	[MsgId: MMSG-17999]
  2023-06-17 14:29:11.996 : IterationNum=12	[MsgId: MMSG-17999]
   USER 12 = user65:pwd65	[MsgId: MMSG-17999]
    2023-06-17 14:29:12.091 : Start page is opened	[MsgId: MMSG-17999]
    2023-06-17 14:29:17.662 : User is logged in with session 136654.042284326HAcQVtcpDtcVHtpifDi	[MsgId: MMSG-17999]
    2023-06-17 14:29:22.777 : User is logged out of session	[MsgId: MMSG-17999]
  2023-06-17 14:31:17.997 : IterationNum=13	[MsgId: MMSG-17999]
   USER 13 = user65:pwd65	[MsgId: MMSG-17999]
    2023-06-17 14:31:18.091 : Start page is opened	[MsgId: MMSG-17999]
    2023-06-17 14:31:22.640 : User is logged in with session 136654.052490887HAcQVtcpicftcVHtpifzQf	[MsgId: MMSG-17999]
    2023-06-17 14:31:27.511 : User is logged out of session	[MsgId: MMSG-17999]
  2023-06-17 14:33:24.000 : IterationNum=14	[MsgId: MMSG-17999]
   USER 14 = user65:pwd65	[MsgId: MMSG-17999]
    2023-06-17 14:33:24.092 : Start page is opened	[MsgId: MMSG-17999]
    2023-06-17 14:33:28.672 : User is logged in with session 136654.062697448HAcQVtDpDftcVHtpizAV	[MsgId: MMSG-17999]
    2023-06-17 14:33:33.001 : User is logged out of session	[MsgId: MMSG-17999]
  2023-06-17 14:35:30.014 : IterationNum=15	[MsgId: MMSG-17999]
   USER 15 = user65:pwd65	[MsgId: MMSG-17999]
    2023-06-17 14:35:30.106 : Start page is opened	[MsgId: MMSG-17999]
    2023-06-17 14:35:35.414 : User is logged in with session 136654.07290401HAcQVtDpiHftcVHtpizDcf	[MsgId: MMSG-17999]
    2023-06-17 14:35:40.360 : User is logged out of session	[MsgId: MMSG-17999]
  2023-06-17 14:37:36.014 : IterationNum=16	[MsgId: MMSG-17999]
   USER 16 = user65:pwd65	[MsgId: MMSG-17999]
    2023-06-17 14:37:36.108 : Start page is opened	[MsgId: MMSG-17999]
    2023-06-17 14:37:41.903 : User is logged in with session 136654.083110571HAcQVttpttcVHtpizzt	[MsgId: MMSG-17999]
    2023-06-17 14:37:47.130 : User is logged out of session	[MsgId: MMSG-17999]
  2023-06-17 14:39:42.018 : IterationNum=17	[MsgId: MMSG-17999]
   USER 17 = user65:pwd65	[MsgId: MMSG-17999]
    2023-06-17 14:39:42.113 : Start page is opened	[MsgId: MMSG-17999]
    2023-06-17 14:39:46.857 : User is logged in with session 136654.093317132HAcQVttpQcftcVHtpizQff	[MsgId: MMSG-17999]
    2023-06-17 14:39:50.863 : User is logged out of session	[MsgId: MMSG-17999]
  2023-06-17 14:41:48.025 : IterationNum=18	[MsgId: MMSG-17999]
   USER 18 = user65:pwd65	[MsgId: MMSG-17999]
    2023-06-17 14:41:48.118 : Start page is opened	[MsgId: MMSG-17999]
    2023-06-17 14:41:54.409 : User is logged in with session 136654.103523694HAcQVtfptftcVHtpiHcH	[MsgId: MMSG-17999]
    2023-06-17 14:41:59.845 : User is logged out of session	[MsgId: MMSG-17999]
  2023-06-17 14:43:54.029 : IterationNum=19	[MsgId: MMSG-17999]
   USER 19 = user65:pwd65	[MsgId: MMSG-17999]
    2023-06-17 14:43:54.122 : Start page is opened	[MsgId: MMSG-17999]
    2023-06-17 14:43:58.159 : User is logged in with session 136654.113730255HAcQVtfpQHftcVHtpiHfif	[MsgId: MMSG-17999]
    2023-06-17 14:44:04.058 : User is logged out of session	[MsgId: MMSG-17999]
  2023-06-17 14:46:00.035 : IterationNum=20	[MsgId: MMSG-17999]
   USER 20 = user65:pwd65	[MsgId: MMSG-17999]
    2023-06-17 14:46:00.129 : Start page is opened	[MsgId: MMSG-17999]
    2023-06-17 14:46:04.198 : User is logged in with session 136654.123936817HAcQVtzpftcVHtpiHQ	[MsgId: MMSG-17999]
    2023-06-17 14:46:09.127 : User is logged out of session	[MsgId: MMSG-17999]
  2023-06-17 14:48:06.049 : IterationNum=21	[MsgId: MMSG-17999]
   USER 21 = user65:pwd65	[MsgId: MMSG-17999]
    2023-06-17 14:48:06.142 : Start page is opened	[MsgId: MMSG-17999]
    2023-06-17 14:48:11.948 : User is logged in with session 136654.134143378HAcQVtHpAcftcVHtpiicVf	[MsgId: MMSG-17999]
    2023-06-17 14:48:15.904 : User is logged out of session	[MsgId: MMSG-17999]
  2023-06-17 14:50:12.058 : IterationNum=22	[MsgId: MMSG-17999]
   USER 22 = user65:pwd65	[MsgId: MMSG-17999]
    2023-06-17 14:50:12.152 : Start page is opened	[MsgId: MMSG-17999]
    2023-06-17 14:50:16.902 : User is logged in with session 136654.144349939HAcQVtHpfftcVHtpiifD	[MsgId: MMSG-17999]
    2023-06-17 14:50:21.232 : User is logged out of session	[MsgId: MMSG-17999]
  2023-06-17 14:52:18.061 : IterationNum=23	[MsgId: MMSG-17999]
   USER 23 = user65:pwd65	[MsgId: MMSG-17999]
    2023-06-17 14:52:18.154 : Start page is opened	[MsgId: MMSG-17999]
    2023-06-17 14:52:23.686 : User is logged in with session 136654.154556501HAcQVtipAHftcVHtpiiitf	[MsgId: MMSG-17999]
    2023-06-17 14:52:29.975 : User is logged out of session	[MsgId: MMSG-17999]
  2023-06-17 14:54:24.062 : IterationNum=24	[MsgId: MMSG-17999]
   USER 24 = user65:pwd65	[MsgId: MMSG-17999]
    2023-06-17 14:54:24.156 : Start page is opened	[MsgId: MMSG-17999]
    2023-06-17 14:54:29.505 : User is logged in with session 136654.164763062HAcQVtipztcVHtpiQVz	[MsgId: MMSG-17999]
    2023-06-17 14:54:34.114 : User is logged out of session	[MsgId: MMSG-17999]
  2023-06-17 14:56:30.078 : IterationNum=25	[MsgId: MMSG-17999]
   USER 25 = user65:pwd65	[MsgId: MMSG-17999]
    2023-06-17 14:56:30.170 : Start page is opened	[MsgId: MMSG-17999]
    2023-06-17 14:56:35.501 : User is logged in with session 136654.174969623HAcQVtQpVcftcVHtpiQtHf	[MsgId: MMSG-17999]
    2023-06-17 14:56:39.819 : User is logged out of session	[MsgId: MMSG-17999]
  2023-06-17 14:58:36.092 : IterationNum=26	[MsgId: MMSG-17999]
   USER 26 = user65:pwd65	[MsgId: MMSG-17999]
    2023-06-17 14:58:36.186 : Start page is opened	[MsgId: MMSG-17999]
    2023-06-17 14:58:40.956 : User is logged in with session 136654.185176185HAcQVtQpzftcVHtpiQHQ	[MsgId: MMSG-17999]
    2023-06-17 14:58:46.174 : User is logged out of session	[MsgId: MMSG-17999]
  2023-06-17 15:00:42.093 : IterationNum=27	[MsgId: MMSG-17999]
   USER 27 = user65:pwd65	[MsgId: MMSG-17999]
    2023-06-17 15:00:42.186 : Start page is opened	[MsgId: MMSG-17999]
    2023-06-17 15:00:46.740 : User is logged in with session 136654.195382746HAcQVfApVHftcVHtpQAVAf	[MsgId: MMSG-17999]
    2023-06-17 15:00:51.423 : User is logged out of session	[MsgId: MMSG-17999]
  2023-06-17 15:02:48.094 : IterationNum=28	[MsgId: MMSG-17999]
   USER 28 = user65:pwd65	[MsgId: MMSG-17999]
    2023-06-17 15:02:48.189 : Start page is opened	[MsgId: MMSG-17999]
    2023-06-17 15:02:52.483 : User is logged in with session 136654.205589307HAcQVfApHtcVHtpQAtc	[MsgId: MMSG-17999]
    2023-06-17 15:02:58.530 : User is logged out of session	[MsgId: MMSG-17999]
  2023-06-17 15:04:54.103 : IterationNum=29	[MsgId: MMSG-17999]
   USER 29 = user65:pwd65	[MsgId: MMSG-17999]
    2023-06-17 15:04:54.197 : Start page is opened	[MsgId: MMSG-17999]
    2023-06-17 15:04:58.343 : User is logged in with session 136654.215795869HAcQVfVpccftcVHtpQAHDf	[MsgId: MMSG-17999]
    2023-06-17 15:05:02.493 : User is logged out of session	[MsgId: MMSG-17999]
  2023-06-17 15:07:00.109 : IterationNum=30	[MsgId: MMSG-17999]
   USER 30 = user65:pwd65	[MsgId: MMSG-17999]
    2023-06-17 15:07:00.202 : Start page is opened	[MsgId: MMSG-17999]
    2023-06-17 15:07:04.774 : User is logged in with session 136654.22600243HAcQVfVpHftcVHtpQVAf	[MsgId: MMSG-17999]
    2023-06-17 15:07:10.166 : User is logged out of session	[MsgId: MMSG-17999]
  2023-06-17 15:09:06.122 : IterationNum=31	[MsgId: MMSG-17999]
   USER 31 = user65:pwd65	[MsgId: MMSG-17999]
    2023-06-17 15:09:06.216 : Start page is opened	[MsgId: MMSG-17999]
    2023-06-17 15:09:11.990 : User is logged in with session 136654.236208992HAcQVfcpcHftcVHtpQVDzf	[MsgId: MMSG-17999]
    2023-06-17 15:09:16.686 : User is logged out of session	[MsgId: MMSG-17999]
  2023-06-17 15:11:12.130 : IterationNum=32	[MsgId: MMSG-17999]
   USER 32 = user65:pwd65	[MsgId: MMSG-17999]
    2023-06-17 15:11:12.225 : Start page is opened	[MsgId: MMSG-17999]
    2023-06-17 15:11:18.377 : User is logged in with session 136654.246415553HAcQVfcpitcVHtpQVzi	[MsgId: MMSG-17999]
    2023-06-17 15:11:22.493 : User is logged out of session	[MsgId: MMSG-17999]
  2023-06-17 15:13:18.139 : IterationNum=33	[MsgId: MMSG-17999]
   USER 33 = user65:pwd65	[MsgId: MMSG-17999]
    2023-06-17 15:13:18.233 : Start page is opened	[MsgId: MMSG-17999]
    2023-06-17 15:13:23.680 : User is logged in with session 136654.256622114HAcQVfDpDcftcVHtpQVQQf	[MsgId: MMSG-17999]
    2023-06-17 15:13:28.639 : User is logged out of session	[MsgId: MMSG-17999]
  2023-06-17 15:15:24.139 : IterationNum=34	[MsgId: MMSG-17999]
   USER 34 = user65:pwd65	[MsgId: MMSG-17999]
    2023-06-17 15:15:24.231 : Start page is opened	[MsgId: MMSG-17999]
    2023-06-17 15:15:28.139 : User is logged in with session 136654.266828676HAcQVfDpiftcVHtpQcDV	[MsgId: MMSG-17999]
    2023-06-17 15:15:34.316 : User is logged out of session	[MsgId: MMSG-17999]
  2023-06-17 15:17:30.149 : IterationNum=35	[MsgId: MMSG-17999]
   USER 35 = user65:pwd65	[MsgId: MMSG-17999]
    2023-06-17 15:17:30.243 : Start page is opened	[MsgId: MMSG-17999]
    2023-06-17 15:17:36.434 : User is logged in with session 136654.277035237HAcQVftpDHftcVHtpQczcf	[MsgId: MMSG-17999]
    2023-06-17 15:17:40.997 : User is logged out of session	[MsgId: MMSG-17999]
  2023-06-17 15:19:36.157 : IterationNum=36	[MsgId: MMSG-17999]
   USER 36 = user65:pwd65	[MsgId: MMSG-17999]
    2023-06-17 15:19:36.250 : Start page is opened	[MsgId: MMSG-17999]
    2023-06-17 15:19:41.064 : User is logged in with session 136654.287241798HAcQVftpQtcVHtpQcQt	[MsgId: MMSG-17999]
    2023-06-17 15:19:46.887 : User is logged out of session	[MsgId: MMSG-17999]
  2023-06-17 15:21:42.171 : IterationNum=37	[MsgId: MMSG-17999]
   USER 37 = user65:pwd65	[MsgId: MMSG-17999]
    2023-06-17 15:21:42.266 : Start page is opened	[MsgId: MMSG-17999]
    2023-06-17 15:21:46.911 : User is logged in with session 136654.29744836HAcQVffptcftcVHtpQDcff	[MsgId: MMSG-17999]
    2023-06-17 15:21:51.004 : User is logged out of session	[MsgId: MMSG-17999]
  2023-06-17 15:23:48.182 : IterationNum=38	[MsgId: MMSG-17999]
   USER 38 = user65:pwd65	[MsgId: MMSG-17999]
    2023-06-17 15:23:48.277 : Start page is opened	[MsgId: MMSG-17999]
    2023-06-17 15:23:53.391 : User is logged in with session 136654.307654921HAcQVffpQftcVHtpQDfH	[MsgId: MMSG-17999]
    2023-06-17 15:23:59.433 : User is logged out of session	[MsgId: MMSG-17999]
  2023-06-17 15:25:54.189 : IterationNum=39	[MsgId: MMSG-17999]
   USER 39 = user65:pwd65	[MsgId: MMSG-17999]
    2023-06-17 15:25:54.283 : Start page is opened	[MsgId: MMSG-17999]
    2023-06-17 15:25:58.933 : User is logged in with session 136654.317861482HAcQVfzptHftcVHtpQDiif	[MsgId: MMSG-17999]
    2023-06-17 15:26:03.451 : User is logged out of session	[MsgId: MMSG-17999]
  2023-06-17 15:28:00.194 : IterationNum=40	[MsgId: MMSG-17999]
   USER 40 = user65:pwd65	[MsgId: MMSG-17999]
    2023-06-17 15:28:00.287 : Start page is opened	[MsgId: MMSG-17999]
    2023-06-17 15:28:04.709 : User is logged in with session 136654.328068044HAcQVfHtcVHtpQtc	[MsgId: MMSG-17999]
    2023-06-17 15:28:09.482 : User is logged out of session	[MsgId: MMSG-17999]
  2023-06-17 15:30:06.202 : IterationNum=41	[MsgId: MMSG-17999]
   USER 41 = user65:pwd65	[MsgId: MMSG-17999]
    2023-06-17 15:30:06.297 : Start page is opened	[MsgId: MMSG-17999]
    2023-06-17 15:30:10.877 : User is logged in with session 136654.338274605HAcQVfHpfcftcVHtpQtfVf	[MsgId: MMSG-17999]
    2023-06-17 15:30:15.984 : User is logged out of session	[MsgId: MMSG-17999]
  2023-06-17 15:32:12.203 : IterationNum=42	[MsgId: MMSG-17999]
   USER 42 = user65:pwd65	[MsgId: MMSG-17999]
    2023-06-17 15:32:12.298 : Start page is opened	[MsgId: MMSG-17999]
    2023-06-17 15:32:18.248 : User is logged in with session 136654.348481166HAcQVfipAftcVHtpQtiD	[MsgId: MMSG-17999]
    2023-06-17 15:32:22.257 : User is logged out of session	[MsgId: MMSG-17999]
  2023-06-17 15:34:18.217 : IterationNum=43	[MsgId: MMSG-17999]
   USER 43 = user65:pwd65	[MsgId: MMSG-17999]
    2023-06-17 15:34:18.310 : Start page is opened	[MsgId: MMSG-17999]
    2023-06-17 15:34:23.168 : User is logged in with session 136654.358687728HAcQVfipfHftcVHtpQfVtf	[MsgId: MMSG-17999]
    2023-06-17 15:34:28.316 : User is logged out of session	[MsgId: MMSG-17999]
  2023-06-17 15:36:24.217 : IterationNum=44	[MsgId: MMSG-17999]
   USER 44 = user65:pwd65	[MsgId: MMSG-17999]
    2023-06-17 15:36:24.310 : Start page is opened	[MsgId: MMSG-17999]
    2023-06-17 15:36:28.674 : User is logged in with session 136654.368894289HAcQVfQpVtcVHtpQftz	[MsgId: MMSG-17999]
    2023-06-17 15:36:33.782 : User is logged out of session	[MsgId: MMSG-17999]
  2023-06-17 15:38:30.226 : IterationNum=45	[MsgId: MMSG-17999]
   USER 45 = user65:pwd65	[MsgId: MMSG-17999]
    2023-06-17 15:38:30.320 : Start page is opened	[MsgId: MMSG-17999]
    2023-06-17 15:38:34.515 : User is logged in with session 136654.379100851HAcQVfQpzcftcVHtpQfHHf	[MsgId: MMSG-17999]
    2023-06-17 15:38:40.353 : User is logged out of session	[MsgId: MMSG-17999]
  2023-06-17 15:40:36.237 : IterationNum=46	[MsgId: MMSG-17999]
   USER 46 = user65:pwd65	[MsgId: MMSG-17999]
    2023-06-17 15:40:36.331 : Start page is opened	[MsgId: MMSG-17999]
    2023-06-17 15:40:41.208 : User is logged in with session 136654.389307412HAcQVzApVftcVHtpQzAQ	[MsgId: MMSG-17999]
    2023-06-17 15:40:46.422 : User is logged out of session	[MsgId: MMSG-17999]
  2023-06-17 15:42:42.249 : IterationNum=47	[MsgId: MMSG-17999]
   USER 47 = user65:pwd65	[MsgId: MMSG-17999]
    2023-06-17 15:42:42.344 : Start page is opened	[MsgId: MMSG-17999]
    2023-06-17 15:42:47.226 : User is logged in with session 136654.399513973HAcQVzApzHftcVHtpQztAf	[MsgId: MMSG-17999]
    2023-06-17 15:42:53.150 : User is logged out of session	[MsgId: MMSG-17999]
  2023-06-17 15:44:48.262 : IterationNum=48	[MsgId: MMSG-17999]
   USER 48 = user65:pwd65	[MsgId: MMSG-17999]
    2023-06-17 15:44:48.356 : Start page is opened	[MsgId: MMSG-17999]
    2023-06-17 15:44:54.245 : User is logged in with session 136654.409720535HAcQVzVpctcVHtpQzHc	[MsgId: MMSG-17999]
    2023-06-17 15:44:58.413 : User is logged out of session	[MsgId: MMSG-17999]
  2023-06-17 15:46:54.264 : IterationNum=49	[MsgId: MMSG-17999]
   USER 49 = user65:pwd65	[MsgId: MMSG-17999]
    2023-06-17 15:46:54.357 : Start page is opened	[MsgId: MMSG-17999]
    2023-06-17 15:46:59.926 : User is logged in with session 136654.419927096HAcQVzVpHcftcVHtpQHADf	[MsgId: MMSG-17999]
    2023-06-17 15:47:04.401 : User is logged out of session	[MsgId: MMSG-17999]
  2023-06-17 15:49:00.276 : IterationNum=50	[MsgId: MMSG-17999]
   USER 50 = user65:pwd65	[MsgId: MMSG-17999]
    2023-06-17 15:49:00.371 : Start page is opened	[MsgId: MMSG-17999]
    2023-06-17 15:49:06.661 : User is logged in with session 136654.430133657HAcQVzcpcftcVHtpQHDf	[MsgId: MMSG-17999]
    2023-06-17 15:49:10.719 : User is logged out of session	[MsgId: MMSG-17999]
  2023-06-17 15:51:06.291 : IterationNum=51	[MsgId: MMSG-17999]
   USER 51 = user65:pwd65	[MsgId: MMSG-17999]
    2023-06-17 15:51:06.386 : Start page is opened	[MsgId: MMSG-17999]
    2023-06-17 15:51:11.109 : User is logged in with session 136654.440340219HAcQVzcpHHftcVHtpQHzzf	[MsgId: MMSG-17999]
    2023-06-17 15:51:15.084 : User is logged out of session	[MsgId: MMSG-17999]
  2023-06-17 15:53:12.301 : IterationNum=52	[MsgId: MMSG-17999]
   USER 52 = user65:pwd65	[MsgId: MMSG-17999]
    2023-06-17 15:53:12.397 : Start page is opened	[MsgId: MMSG-17999]
    2023-06-17 15:53:16.639 : User is logged in with session 136654.45054678HAcQVzDpDtcVHtpQHQi	[MsgId: MMSG-17999]
    2023-06-17 15:53:20.737 : User is logged out of session	[MsgId: MMSG-17999]
  2023-06-17 15:55:18.313 : IterationNum=53	[MsgId: MMSG-17999]
   USER 53 = user65:pwd65	[MsgId: MMSG-17999]
    2023-06-17 15:55:18.407 : Start page is opened	[MsgId: MMSG-17999]
    2023-06-17 15:55:22.544 : User is logged in with session 136654.460753341HAcQVzDpicftcVHtpQicQf	[MsgId: MMSG-17999]
    2023-06-17 15:55:27.013 : User is logged out of session	[MsgId: MMSG-17999]
  2023-06-17 15:57:24.313 : IterationNum=54	[MsgId: MMSG-17999]
   USER 54 = user65:pwd65	[MsgId: MMSG-17999]
    2023-06-17 15:57:24.408 : Start page is opened	[MsgId: MMSG-17999]
    2023-06-17 15:57:30.659 : User is logged in with session 136654.470959903HAcQVztpDftcVHtpQizV	[MsgId: MMSG-17999]
    2023-06-17 15:57:34.973 : User is logged out of session	[MsgId: MMSG-17999]
  2023-06-17 15:59:30.326 : IterationNum=55	[MsgId: MMSG-17999]
   USER 55 = user65:pwd65	[MsgId: MMSG-17999]
    2023-06-17 15:59:30.419 : Start page is opened	[MsgId: MMSG-17999]
    2023-06-17 15:59:36.489 : User is logged in with session 136654.481166464HAcQVztpiHftcVHtpQiQcf	[MsgId: MMSG-17999]
    2023-06-17 15:59:40.779 : User is logged out of session	[MsgId: MMSG-17999]
  2023-06-17 16:01:36.341 : IterationNum=56	[MsgId: MMSG-17999]
   USER 56 = user65:pwd65	[MsgId: MMSG-17999]
    2023-06-17 16:01:36.435 : Start page is opened	[MsgId: MMSG-17999]
    2023-06-17 16:01:41.110 : User is logged in with session 136654.491373026HAcQVzfpttcVHtpQQct	[MsgId: MMSG-17999]
    2023-06-17 16:01:46.921 : User is logged out of session	[MsgId: MMSG-17999]
  2023-06-17 16:03:42.348 : IterationNum=57	[MsgId: MMSG-17999]
   USER 57 = user65:pwd65	[MsgId: MMSG-17999]
    2023-06-17 16:03:42.442 : Start page is opened	[MsgId: MMSG-17999]
    2023-06-17 16:03:47.489 : User is logged in with session 136654.501579587HAcQVzfpQcftcVHtpQQfff	[MsgId: MMSG-17999]
    2023-06-17 16:03:52.783 : User is logged out of session	[MsgId: MMSG-17999]
  2023-06-17 16:05:48.350 : IterationNum=58	[MsgId: MMSG-17999]
   USER 58 = user65:pwd65	[MsgId: MMSG-17999]
    2023-06-17 16:05:48.444 : Start page is opened	[MsgId: MMSG-17999]
    2023-06-17 16:05:52.535 : User is logged in with session 136654.511786148HAcQVzzptftcVHtpQQiH	[MsgId: MMSG-17999]
    2023-06-17 16:05:57.925 : User is logged out of session	[MsgId: MMSG-17999]
  2023-06-17 16:07:54.356 : IterationNum=59	[MsgId: MMSG-17999]
   USER 59 = user65:pwd65	[MsgId: MMSG-17999]
    2023-06-17 16:07:54.451 : Start page is opened	[MsgId: MMSG-17999]
    2023-06-17 16:08:00.233 : User is logged in with session 136654.52199271HAcQVzzpQHftcVHfpAAVif	[MsgId: MMSG-17999]
    2023-06-17 16:08:05.811 : User is logged out of session	[MsgId: MMSG-17999]
  2023-06-17 16:10:00.359 : IterationNum=60	[MsgId: MMSG-17999]
   USER 60 = user65:pwd65	[MsgId: MMSG-17999]
    2023-06-17 16:10:00.453 : Start page is opened	[MsgId: MMSG-17999]
    2023-06-17 16:10:04.796 : User is logged in with session 136654.532199271HAcQVzHpftcVHfpAAf	[MsgId: MMSG-17999]
    2023-06-17 16:10:10.685 : User is logged out of session	[MsgId: MMSG-17999]
  2023-06-17 16:12:06.361 : IterationNum=61	[MsgId: MMSG-17999]
   USER 61 = user65:pwd65	[MsgId: MMSG-17999]
    2023-06-17 16:12:06.456 : Start page is opened	[MsgId: MMSG-17999]
    2023-06-17 16:12:12.471 : User is logged in with session 136654.542405832HAcQVzipAcftcVHfpAAiVf	[MsgId: MMSG-17999]
    2023-06-17 16:12:18.643 : User is logged out of session	[MsgId: MMSG-17999]
  2023-06-17 16:14:12.377 : IterationNum=62	[MsgId: MMSG-17999]
   USER 62 = user65:pwd65	[MsgId: MMSG-17999]
    2023-06-17 16:14:12.472 : Start page is opened	[MsgId: MMSG-17999]
    2023-06-17 16:14:18.810 : User is logged in with session 136654.552612394HAcQVzipfftcVHfpAVVD	[MsgId: MMSG-17999]
    2023-06-17 16:14:23.115 : User is logged out of session	[MsgId: MMSG-17999]
  2023-06-17 16:16:18.384 : IterationNum=63	[MsgId: MMSG-17999]
   USER 63 = user65:pwd65	[MsgId: MMSG-17999]
    2023-06-17 16:16:18.478 : Start page is opened	[MsgId: MMSG-17999]
    2023-06-17 16:16:23.830 : User is logged in with session 136654.562818955HAcQVzQpAHftcVHfpAVttf	[MsgId: MMSG-17999]
    2023-06-17 16:16:29.042 : User is logged out of session	[MsgId: MMSG-17999]
  2023-06-17 16:18:24.399 : IterationNum=64	[MsgId: MMSG-17999]
   USER 64 = user65:pwd65	[MsgId: MMSG-17999]
    2023-06-17 16:18:24.493 : Start page is opened	[MsgId: MMSG-17999]
    2023-06-17 16:18:28.721 : User is logged in with session 136654.573025516HAcQVzQpztcVHfpAVHz	[MsgId: MMSG-17999]
    2023-06-17 16:18:35.107 : User is logged out of session	[MsgId: MMSG-17999]
  2023-06-17 16:20:30.411 : IterationNum=65	[MsgId: MMSG-17999]
   USER 65 = user65:pwd65	[MsgId: MMSG-17999]
    2023-06-17 16:20:30.506 : Start page is opened	[MsgId: MMSG-17999]
    2023-06-17 16:20:35.989 : User is logged in with session 136654.583232078HAcQVHApVcftcVHfpAcAHf	[MsgId: MMSG-17999]
    2023-06-17 16:20:40.892 : User is logged out of session	[MsgId: MMSG-17999]
  2023-06-17 16:22:36.422 : IterationNum=66	[MsgId: MMSG-17999]
   USER 66 = user65:pwd65	[MsgId: MMSG-17999]
    2023-06-17 16:22:36.516 : Start page is opened	[MsgId: MMSG-17999]
    2023-06-17 16:22:41.383 : User is logged in with session 136654.593438639HAcQVHApzftcVHfpAcDQ	[MsgId: MMSG-17999]
    2023-06-17 16:22:46.592 : User is logged out of session	[MsgId: MMSG-17999]
  2023-06-17 16:24:42.425 : IterationNum=67	[MsgId: MMSG-17999]
   USER 67 = user65:pwd65	[MsgId: MMSG-17999]
    2023-06-17 16:24:42.519 : Start page is opened	[MsgId: MMSG-17999]
    2023-06-17 16:24:48.428 : User is logged in with session 136654.6036452HAcQVHVpVHftcVHfpAcHAf	[MsgId: MMSG-17999]
    2023-06-17 16:24:53.921 : User is logged out of session	[MsgId: MMSG-17999]
  2023-06-17 16:26:48.431 : IterationNum=68	[MsgId: MMSG-17999]
   USER 68 = user65:pwd65	[MsgId: MMSG-17999]
    2023-06-17 16:26:48.525 : Start page is opened	[MsgId: MMSG-17999]
    2023-06-17 16:26:53.663 : User is logged in with session 136654.613851762HAcQVHVpHtcVHfpADAc	[MsgId: MMSG-17999]
    2023-06-17 16:26:58.879 : User is logged out of session	[MsgId: MMSG-17999]
  2023-06-17 16:28:54.435 : IterationNum=69	[MsgId: MMSG-17999]
   USER 69 = user65:pwd65	[MsgId: MMSG-17999]
    2023-06-17 16:28:54.527 : Start page is opened	[MsgId: MMSG-17999]
    2023-06-17 16:29:00.599 : User is logged in with session 136654.624058323HAcQVHcpccftcVHfpADDDf	[MsgId: MMSG-17999]
    2023-06-17 16:29:06.192 : User is logged out of session	[MsgId: MMSG-17999]
  2023-06-17 16:31:00.446 : IterationNum=70	[MsgId: MMSG-17999]
   USER 70 = user65:pwd65	[MsgId: MMSG-17999]
    2023-06-17 16:31:00.540 : Start page is opened	[MsgId: MMSG-17999]
    2023-06-17 16:31:05.200 : User is logged in with session 136654.634264885HAcQVHcpHftcVHfpADzf	[MsgId: MMSG-17999]
    2023-06-17 16:31:09.765 : User is logged out of session	[MsgId: MMSG-17999]
  2023-06-17 16:33:06.457 : IterationNum=71	[MsgId: MMSG-17999]
   USER 71 = user65:pwd65	[MsgId: MMSG-17999]
    2023-06-17 16:33:06.551 : Start page is opened	[MsgId: MMSG-17999]
    2023-06-17 16:33:12.322 : User is logged in with session 136654.644471446HAcQVHDpcHftcVHfpADQzf	[MsgId: MMSG-17999]
    2023-06-17 16:33:17.318 : User is logged out of session	[MsgId: MMSG-17999]
  2023-06-17 16:35:12.456 : IterationNum=72	[MsgId: MMSG-17999]
   USER 72 = user65:pwd65	[MsgId: MMSG-17999]
    2023-06-17 16:35:12.550 : Start page is opened	[MsgId: MMSG-17999]
    2023-06-17 16:35:18.703 : User is logged in with session 136654.654678007HAcQVHDpitcVHfpAtci	[MsgId: MMSG-17999]
    2023-06-17 16:35:24.473 : User is logged out of session	[MsgId: MMSG-17999]
  2023-06-17 16:37:18.459 : IterationNum=73	[MsgId: MMSG-17999]
   USER 73 = user65:pwd65	[MsgId: MMSG-17999]
    2023-06-17 16:37:18.552 : Start page is opened	[MsgId: MMSG-17999]
    2023-06-17 16:37:24.505 : User is logged in with session 136654.664884569HAcQVHtpDcftcVHfpAtfQf	[MsgId: MMSG-17999]
    2023-06-17 16:37:29.500 : User is logged out of session	[MsgId: MMSG-17999]
  2023-06-17 16:39:24.473 : IterationNum=74	[MsgId: MMSG-17999]
   USER 74 = user65:pwd65	[MsgId: MMSG-17999]
    2023-06-17 16:39:24.566 : Start page is opened	[MsgId: MMSG-17999]
    2023-06-17 16:39:30.074 : User is logged in with session 136654.67509113HAcQVHtpiftcVHfpAtQV	[MsgId: MMSG-17999]
    2023-06-17 16:39:34.351 : User is logged out of session	[MsgId: MMSG-17999]
  2023-06-17 16:41:30.475 : IterationNum=75	[MsgId: MMSG-17999]
   USER 75 = user65:pwd65	[MsgId: MMSG-17999]
    2023-06-17 16:41:30.570 : Start page is opened	[MsgId: MMSG-17999]
    2023-06-17 16:41:36.869 : User is logged in with session 136654.685297691HAcQVHfpDHftcVHfpAfccf	[MsgId: MMSG-17999]
    2023-06-17 16:41:41.501 : User is logged out of session	[MsgId: MMSG-17999]
  2023-06-17 16:43:36.482 : IterationNum=76	[MsgId: MMSG-17999]
   USER 76 = user65:pwd65	[MsgId: MMSG-17999]
    2023-06-17 16:43:36.576 : Start page is opened	[MsgId: MMSG-17999]
    2023-06-17 16:43:42.218 : User is logged in with session 136654.695504253HAcQVHfpQtcVHfpAfft	[MsgId: MMSG-17999]
    2023-06-17 16:43:47.484 : User is logged out of session	[MsgId: MMSG-17999]
  2023-06-17 16:45:42.491 : IterationNum=77	[MsgId: MMSG-17999]
   USER 77 = user65:pwd65	[MsgId: MMSG-17999]
    2023-06-17 16:45:42.585 : Start page is opened	[MsgId: MMSG-17999]
    2023-06-17 16:45:47.201 : User is logged in with session 136654.705710814HAcQVHzptcftcVHfpAfiff	[MsgId: MMSG-17999]
    2023-06-17 16:45:51.458 : User is logged out of session	[MsgId: MMSG-17999]
  2023-06-17 16:47:48.499 : IterationNum=78	[MsgId: MMSG-17999]
   USER 78 = user65:pwd65	[MsgId: MMSG-17999]
    2023-06-17 16:47:48.593 : Start page is opened	[MsgId: MMSG-17999]
    2023-06-17 16:47:53.743 : User is logged in with session 136654.715917375HAcQVHzpQftcVHfpAzVH	[MsgId: MMSG-17999]
    2023-06-17 16:47:57.773 : User is logged out of session	[MsgId: MMSG-17999]
  2023-06-17 16:49:54.504 : IterationNum=79	[MsgId: MMSG-17999]
   USER 79 = user65:pwd65	[MsgId: MMSG-17999]
    2023-06-17 16:49:54.598 : Start page is opened	[MsgId: MMSG-17999]
    2023-06-17 16:49:59.887 : User is logged in with session 136654.726123937HAcQVHHptHftcVHfpAztif	[MsgId: MMSG-17999]
    2023-06-17 16:50:05.494 : User is logged out of session	[MsgId: MMSG-17999]
  2023-06-17 16:52:00.508 : IterationNum=80	[MsgId: MMSG-17999]
   USER 80 = user65:pwd65	[MsgId: MMSG-17999]
    2023-06-17 16:52:00.602 : Start page is opened	[MsgId: MMSG-17999]
    2023-06-17 16:52:06.808 : User is logged in with session 136654.736330498HAcQVHitcVHfpAzi	[MsgId: MMSG-17999]
    2023-06-17 16:52:13.133 : User is logged out of session	[MsgId: MMSG-17999]
  2023-06-17 16:54:06.515 : IterationNum=81	[MsgId: MMSG-17999]
   USER 81 = user65:pwd65	[MsgId: MMSG-17999]
    2023-06-17 16:54:06.610 : Start page is opened	[MsgId: MMSG-17999]
    2023-06-17 16:54:11.632 : User is logged in with session 136654.74653706HAcQVHipfcftcVHfpAHVVf	[MsgId: MMSG-17999]
    2023-06-17 16:54:16.745 : User is logged out of session	[MsgId: MMSG-17999]
  2023-06-17 16:56:12.528 : IterationNum=82	[MsgId: MMSG-17999]
   USER 82 = user65:pwd65	[MsgId: MMSG-17999]
    2023-06-17 16:56:12.623 : Start page is opened	[MsgId: MMSG-17999]
    2023-06-17 16:56:17.007 : User is logged in with session 136654.756743621HAcQVHQpAftcVHfpAHtD	[MsgId: MMSG-17999]
    2023-06-17 16:56:21.955 : User is logged out of session	[MsgId: MMSG-17999]
  2023-06-17 16:58:18.534 : IterationNum=83	[MsgId: MMSG-17999]
   USER 83 = user65:pwd65	[MsgId: MMSG-17999]
    2023-06-17 16:58:18.628 : Start page is opened	[MsgId: MMSG-17999]
    2023-06-17 16:58:23.810 : User is logged in with session 136654.766950182HAcQVHQpfHftcVHfpAHHtf	[MsgId: MMSG-17999]
    2023-06-17 16:58:29.454 : User is logged out of session	[MsgId: MMSG-17999]
  2023-06-17 17:00:24.544 : IterationNum=84	[MsgId: MMSG-17999]
   USER 84 = user65:pwd65	[MsgId: MMSG-17999]
    2023-06-17 17:00:24.637 : Start page is opened	[MsgId: MMSG-17999]
    2023-06-17 17:00:30.500 : User is logged in with session 136654.777156744HAcQViApVtcVHfpAiAz	[MsgId: MMSG-17999]
    2023-06-17 17:00:35.577 : User is logged out of session	[MsgId: MMSG-17999]
  2023-06-17 17:02:30.556 : IterationNum=85	[MsgId: MMSG-17999]
   USER 85 = user65:pwd65	[MsgId: MMSG-17999]
    2023-06-17 17:02:30.651 : Start page is opened	[MsgId: MMSG-17999]
    2023-06-17 17:02:34.916 : User is logged in with session 136654.787363305HAcQViApzcftcVHfpAiDHf	[MsgId: MMSG-17999]
    2023-06-17 17:02:40.325 : User is logged out of session	[MsgId: MMSG-17999]
  2023-06-17 17:04:36.562 : IterationNum=86	[MsgId: MMSG-17999]
   USER 86 = user65:pwd65	[MsgId: MMSG-17999]
    2023-06-17 17:04:36.655 : Start page is opened	[MsgId: MMSG-17999]
    2023-06-17 17:04:40.990 : User is logged in with session 136654.797569866HAcQViVpVftcVHfpAizQ	[MsgId: MMSG-17999]
    2023-06-17 17:04:46.862 : User is logged out of session	[MsgId: MMSG-17999]
  2023-06-17 17:06:42.568 : IterationNum=87	[MsgId: MMSG-17999]
   USER 87 = user65:pwd65	[MsgId: MMSG-17999]
    2023-06-17 17:06:42.663 : Start page is opened	[MsgId: MMSG-17999]
    2023-06-17 17:06:46.856 : User is logged in with session 136654.807776428HAcQViVpzHftcVHfpAQAAf	[MsgId: MMSG-17999]
    2023-06-17 17:06:51.531 : User is logged out of session	[MsgId: MMSG-17999]
  2023-06-17 17:08:48.574 : IterationNum=88	[MsgId: MMSG-17999]
   USER 88 = user65:pwd65	[MsgId: MMSG-17999]
    2023-06-17 17:08:48.668 : Start page is opened	[MsgId: MMSG-17999]
    2023-06-17 17:08:54.321 : User is logged in with session 136654.817982989HAcQVicpctcVHfpAQDc	[MsgId: MMSG-17999]
    2023-06-17 17:09:00.501 : User is logged out of session	[MsgId: MMSG-17999]
  2023-06-17 17:10:54.588 : IterationNum=89	[MsgId: MMSG-17999]
   USER 89 = user65:pwd65	[MsgId: MMSG-17999]
    2023-06-17 17:10:54.683 : Start page is opened	[MsgId: MMSG-17999]
    2023-06-17 17:10:59.840 : User is logged in with session 136654.82818955HAcQVicpHcftcVHfpAQzDf	[MsgId: MMSG-17999]
    2023-06-17 17:11:05.810 : User is logged out of session	[MsgId: MMSG-17999]
  2023-06-17 17:13:00.597 : IterationNum=90	[MsgId: MMSG-17999]
   USER 90 = user65:pwd65	[MsgId: MMSG-17999]
    2023-06-17 17:13:00.689 : Start page is opened	[MsgId: MMSG-17999]
    2023-06-17 17:13:05.282 : User is logged in with session 136654.838396112HAcQViDpcftcVHfpAQQf	[MsgId: MMSG-17999]
    2023-06-17 17:13:11.388 : User is logged out of session	[MsgId: MMSG-17999]
  2023-06-17 17:15:06.608 : IterationNum=91	[MsgId: MMSG-17999]
   USER 91 = user65:pwd65	[MsgId: MMSG-17999]
    2023-06-17 17:15:06.703 : Start page is opened	[MsgId: MMSG-17999]
    2023-06-17 17:15:12.248 : User is logged in with session 136654.848602673HAcQViDpHHftcVHfpVAczf	[MsgId: MMSG-17999]
    2023-06-17 17:15:17.953 : User is logged out of session	[MsgId: MMSG-17999]
  2023-06-17 17:17:12.623 : IterationNum=92	[MsgId: MMSG-17999]
   USER 92 = user65:pwd65	[MsgId: MMSG-17999]
    2023-06-17 17:17:12.717 : Start page is opened	[MsgId: MMSG-17999]
    2023-06-17 17:17:18.967 : User is logged in with session 136654.858809235HAcQVitpDtcVHfpVAfi	[MsgId: MMSG-17999]
    2023-06-17 17:17:24.211 : User is logged out of session	[MsgId: MMSG-17999]
  2023-06-17 17:19:18.631 : IterationNum=93	[MsgId: MMSG-17999]
   USER 93 = user65:pwd65	[MsgId: MMSG-17999]
    2023-06-17 17:19:18.725 : Start page is opened	[MsgId: MMSG-17999]
    2023-06-17 17:19:25.103 : User is logged in with session 136654.869015796HAcQVitpicftcVHfpVAiQf	[MsgId: MMSG-17999]
    2023-06-17 17:19:30.639 : User is logged out of session	[MsgId: MMSG-17999]
  2023-06-17 17:21:24.646 : IterationNum=94	[MsgId: MMSG-17999]
   USER 94 = user65:pwd65	[MsgId: MMSG-17999]
    2023-06-17 17:21:24.741 : Start page is opened	[MsgId: MMSG-17999]
    2023-06-17 17:21:28.882 : User is logged in with session 136654.879222357HAcQVifpDftcVHfpVVcV	[MsgId: MMSG-17999]
    2023-06-17 17:21:33.209 : User is logged out of session	[MsgId: MMSG-17999]
  2023-06-17 17:23:30.647 : IterationNum=95	[MsgId: MMSG-17999]
   USER 95 = user65:pwd65	[MsgId: MMSG-17999]
    2023-06-17 17:23:30.741 : Start page is opened	[MsgId: MMSG-17999]
    2023-06-17 17:23:36.722 : User is logged in with session 136654.889428919HAcQVifpiHftcVHfpVVfcf	[MsgId: MMSG-17999]
    2023-06-17 17:23:41.829 : User is logged out of session	[MsgId: MMSG-17999]
  2023-06-17 17:25:36.655 : IterationNum=96	[MsgId: MMSG-17999]
   USER 96 = user65:pwd65	[MsgId: MMSG-17999]
    2023-06-17 17:25:36.749 : Start page is opened	[MsgId: MMSG-17999]
    2023-06-17 17:25:42.824 : User is logged in with session 136654.89963548HAcQVizpttcVHfpVVit	[MsgId: MMSG-17999]
    2023-06-17 17:25:48.264 : User is logged out of session	[MsgId: MMSG-17999]
  2023-06-17 17:27:42.668 : IterationNum=97	[MsgId: MMSG-17999]
   USER 97 = user65:pwd65	[MsgId: MMSG-17999]
    2023-06-17 17:27:42.762 : Start page is opened	[MsgId: MMSG-17999]
    2023-06-17 17:27:48.391 : User is logged in with session 136654.909842041HAcQVizpQcftcVHfpVcVff	[MsgId: MMSG-17999]
    2023-06-17 17:27:54.310 : User is logged out of session	[MsgId: MMSG-17999]
  2023-06-17 17:29:48.682 : IterationNum=98	[MsgId: MMSG-17999]
   USER 98 = user65:pwd65	[MsgId: MMSG-17999]
    2023-06-17 17:29:48.777 : Start page is opened	[MsgId: MMSG-17999]
    2023-06-17 17:29:53.579 : User is logged in with session 136654.920048603HAcQViHptftcVHfpVctH	[MsgId: MMSG-17999]
    2023-06-17 17:29:59.093 : User is logged out of session	[MsgId: MMSG-17999]
  2023-06-17 17:31:54.685 : IterationNum=99	[MsgId: MMSG-17999]
   USER 99 = user65:pwd65	[MsgId: MMSG-17999]
    2023-06-17 17:31:54.778 : Start page is opened	[MsgId: MMSG-17999]
    2023-06-17 17:31:59.728 : User is logged in with session 136654.930255164HAcQViHpQHftcVHfpVcHif	[MsgId: MMSG-17999]
    2023-06-17 17:32:05.091 : User is logged out of session	[MsgId: MMSG-17999]
  2023-06-17 17:34:00.694 : IterationNum=100	[MsgId: MMSG-17999]
   USER 100 = user65:pwd65	[MsgId: MMSG-17999]
    2023-06-17 17:34:00.788 : Start page is opened	[MsgId: MMSG-17999]
    2023-06-17 17:34:05.677 : User is logged in with session 136654.940461725HAcQViipftcVHfpVDV	[MsgId: MMSG-17999]
    2023-06-17 17:34:10.112 : User is logged out of session	[MsgId: MMSG-17999]
  2023-06-17 17:36:06.698 : IterationNum=101	[MsgId: MMSG-17999]
   USER 101 = user65:pwd65	[MsgId: MMSG-17999]
    2023-06-17 17:36:06.793 : Start page is opened	[MsgId: MMSG-17999]
    2023-06-17 17:36:11.789 : User is logged in with session 136654.950668287HAcQViQpAcftcVHfpVDtVf	[MsgId: MMSG-17999]
    2023-06-17 17:36:16.874 : User is logged out of session	[MsgId: MMSG-17999]
  2023-06-17 17:38:12.711 : IterationNum=102	[MsgId: MMSG-17999]
   USER 102 = user65:pwd65	[MsgId: MMSG-17999]
    2023-06-17 17:38:12.804 : Start page is opened	[MsgId: MMSG-17999]
    2023-06-17 17:38:18.352 : User is logged in with session 136654.960874848HAcQViQpfftcVHfpVDHD	[MsgId: MMSG-17999]
    2023-06-17 17:38:23.720 : User is logged out of session	[MsgId: MMSG-17999]
  2023-06-17 17:40:18.711 : IterationNum=103	[MsgId: MMSG-17999]
   USER 103 = user65:pwd65	[MsgId: MMSG-17999]
    2023-06-17 17:40:18.805 : Start page is opened	[MsgId: MMSG-17999]
    2023-06-17 17:40:24.091 : User is logged in with session 136654.971081409HAcQVQApAHftcVHfpVtAtf	[MsgId: MMSG-17999]
    2023-06-17 17:40:28.043 : User is logged out of session	[MsgId: MMSG-17999]
  2023-06-17 17:42:24.717 : IterationNum=104	[MsgId: MMSG-17999]
   USER 104 = user65:pwd65	[MsgId: MMSG-17999]
    2023-06-17 17:42:24.811 : Start page is opened	[MsgId: MMSG-17999]
    2023-06-17 17:42:29.300 : User is logged in with session 136654.981287971HAcQVQApztcVHfpVtDz	[MsgId: MMSG-17999]
    2023-06-17 17:42:34.675 : User is logged out of session	[MsgId: MMSG-17999]
  2023-06-17 17:44:30.722 : IterationNum=105	[MsgId: MMSG-17999]
   USER 105 = user65:pwd65	[MsgId: MMSG-17999]
    2023-06-17 17:44:30.816 : Start page is opened	[MsgId: MMSG-17999]
    2023-06-17 17:44:36.696 : User is logged in with session 136654.991494532HAcQVQVpVcftcVHfpVtzHf	[MsgId: MMSG-17999]
    2023-06-17 17:44:42.934 : User is logged out of session	[MsgId: MMSG-17999]
  2023-06-17 17:46:36.736 : IterationNum=106	[MsgId: MMSG-17999]
   USER 106 = user65:pwd65	[MsgId: MMSG-17999]
    2023-06-17 17:46:36.830 : Start page is opened	[MsgId: MMSG-17999]
    2023-06-17 17:46:42.047 : User is logged in with session 136655.001701094HAcQVQVpzftcVHfpVtQQ	[MsgId: MMSG-17999]
    2023-06-17 17:46:46.942 : User is logged out of session	[MsgId: MMSG-17999]
  2023-06-17 17:48:42.745 : IterationNum=107	[MsgId: MMSG-17999]
   USER 107 = user65:pwd65	[MsgId: MMSG-17999]
    2023-06-17 17:48:42.839 : Start page is opened	[MsgId: MMSG-17999]
    2023-06-17 17:48:47.179 : User is logged in with session 136655.011907655HAcQVQcpVHftcVHfpVfDAf	[MsgId: MMSG-17999]
    2023-06-17 17:48:51.491 : User is logged out of session	[MsgId: MMSG-17999]
  2023-06-17 17:50:48.749 : IterationNum=108	[MsgId: MMSG-17999]
   USER 108 = user65:pwd65	[MsgId: MMSG-17999]
    2023-06-17 17:50:48.845 : Start page is opened	[MsgId: MMSG-17999]
    2023-06-17 17:50:54.065 : User is logged in with session 136655.022114216HAcQVQcpHtcVHfpVfzc	[MsgId: MMSG-17999]
    2023-06-17 17:50:58.975 : User is logged out of session	[MsgId: MMSG-17999]
  2023-06-17 17:52:54.750 : IterationNum=109	[MsgId: MMSG-17999]
   USER 109 = user65:pwd65	[MsgId: MMSG-17999]
    2023-06-17 17:52:54.845 : Start page is opened	[MsgId: MMSG-17999]
    2023-06-17 17:53:00.831 : User is logged in with session 136655.032320778HAcQVQDpccftcVHfpVfQDf	[MsgId: MMSG-17999]
    2023-06-17 17:53:06.015 : User is logged out of session	[MsgId: MMSG-17999]
  2023-06-17 17:55:00.763 : IterationNum=110	[MsgId: MMSG-17999]
   USER 110 = user65:pwd65	[MsgId: MMSG-17999]
    2023-06-17 17:55:00.858 : Start page is opened	[MsgId: MMSG-17999]
    2023-06-17 17:55:06.636 : User is logged in with session 136655.042527339HAcQVQDpHftcVHfpVzcf	[MsgId: MMSG-17999]
    2023-06-17 17:55:12.264 : User is logged out of session	[MsgId: MMSG-17999]
  2023-06-17 17:57:06.770 : IterationNum=111	[MsgId: MMSG-17999]
   USER 111 = user65:pwd65	[MsgId: MMSG-17999]
    2023-06-17 17:57:06.864 : Start page is opened	[MsgId: MMSG-17999]
    2023-06-17 17:57:12.405 : User is logged in with session 136655.0527339HAcQVQtpcHftcVHfpVzfzf	[MsgId: MMSG-17999]
    2023-06-17 17:57:18.155 : User is logged out of session	[MsgId: MMSG-17999]
  2023-06-17 17:59:12.780 : IterationNum=112	[MsgId: MMSG-17999]
   USER 112 = user65:pwd65	[MsgId: MMSG-17999]
    2023-06-17 17:59:12.875 : Start page is opened	[MsgId: MMSG-17999]
    2023-06-17 17:59:17.269 : User is logged in with session 136655.062940462HAcQVQtpitcVHfpVzii	[MsgId: MMSG-17999]
    2023-06-17 17:59:22.140 : User is logged out of session	[MsgId: MMSG-17999]
  2023-06-17 18:01:18.793 : IterationNum=113	[MsgId: MMSG-17999]
   USER 113 = user65:pwd65	[MsgId: MMSG-17999]
    2023-06-17 18:01:18.887 : Start page is opened	[MsgId: MMSG-17999]
    2023-06-17 18:01:24.644 : User is logged in with session 136655.073147023HAcQVQfpDcftcVHfpVHVQf	[MsgId: MMSG-17999]
    2023-06-17 18:01:29.982 : User is logged out of session	[MsgId: MMSG-17999]
  2023-06-17 18:03:24.799 : IterationNum=114	[MsgId: MMSG-17999]
   USER 114 = user65:pwd65	[MsgId: MMSG-17999]
    2023-06-17 18:03:24.894 : Start page is opened	[MsgId: MMSG-17999]
    2023-06-17 18:03:29.917 : User is logged in with session 136655.083353584HAcQVQfpiftcVHfpVHfV	[MsgId: MMSG-17999]
    2023-06-17 18:03:35.238 : User is logged out of session	[MsgId: MMSG-17999]
  2023-06-17 18:05:30.802 : IterationNum=115	[MsgId: MMSG-17999]
   USER 115 = user65:pwd65	[MsgId: MMSG-17999]
    2023-06-17 18:05:30.898 : Start page is opened	[MsgId: MMSG-17999]
    2023-06-17 18:05:35.394 : User is logged in with session 136655.093560146HAcQVQzpDHftcVHfpVHicf	[MsgId: MMSG-17999]
    2023-06-17 18:05:40.452 : User is logged out of session	[MsgId: MMSG-17999]
  2023-06-17 18:07:36.809 : IterationNum=116	[MsgId: MMSG-17999]
   USER 116 = user65:pwd65	[MsgId: MMSG-17999]
    2023-06-17 18:07:36.905 : Start page is opened	[MsgId: MMSG-17999]
    2023-06-17 18:07:41.169 : User is logged in with session 136655.103766707HAcQVQzpQtcVHfpViVt	[MsgId: MMSG-17999]
    2023-06-17 18:07:45.857 : User is logged out of session	[MsgId: MMSG-17999]
  2023-06-17 18:09:42.813 : IterationNum=117	[MsgId: MMSG-17999]
   USER 117 = user65:pwd65	[MsgId: MMSG-17999]
    2023-06-17 18:09:42.907 : Start page is opened	[MsgId: MMSG-17999]
    2023-06-17 18:09:48.077 : User is logged in with session 136655.113973269HAcQVQHptcftcVHfpVitff	[MsgId: MMSG-17999]
    2023-06-17 18:09:51.986 : User is logged out of session	[MsgId: MMSG-17999]
  2023-06-17 18:11:48.814 : IterationNum=118	[MsgId: MMSG-17999]
   USER 118 = user65:pwd65	[MsgId: MMSG-17999]
    2023-06-17 18:11:48.907 : Start page is opened	[MsgId: MMSG-17999]
    2023-06-17 18:11:53.294 : User is logged in with session 136655.12417983HAcQVQHpQftcVHfpViHH	[MsgId: MMSG-17999]
    2023-06-17 18:11:57.352 : User is logged out of session	[MsgId: MMSG-17999]
  2023-06-17 18:13:54.829 : IterationNum=119	[MsgId: MMSG-17999]
   USER 119 = user65:pwd65	[MsgId: MMSG-17999]
    2023-06-17 18:13:54.923 : Start page is opened	[MsgId: MMSG-17999]
    2023-06-17 18:14:00.902 : User is logged in with session 136655.134386391HAcQVQiptHftcVHfpVQAif	[MsgId: MMSG-17999]
    2023-06-17 18:14:04.852 : User is logged out of session	[MsgId: MMSG-17999]
  2023-06-17 18:16:00.831 : IterationNum=120	[MsgId: MMSG-17999]
   USER 120 = user65:pwd65	[MsgId: MMSG-17999]
    2023-06-17 18:16:00.925 : Start page is opened	[MsgId: MMSG-17999]
    2023-06-17 18:16:06.759 : User is logged in with session 136655.144592953HAcQVQQtcVHfpVQt	[MsgId: MMSG-17999]
    2023-06-17 18:16:10.793 : User is logged out of session	[MsgId: MMSG-17999]
  2023-06-17 18:18:06.842 : IterationNum=121	[MsgId: MMSG-17999]
   USER 121 = user65:pwd65	[MsgId: MMSG-17999]
    2023-06-17 18:18:06.937 : Start page is opened	[MsgId: MMSG-17999]
    2023-06-17 18:18:13.098 : User is logged in with session 136655.154799514HAcQVQQpfcftcVHfpVQHVf	[MsgId: MMSG-17999]
    2023-06-17 18:18:18.189 : User is logged out of session	[MsgId: MMSG-17999]
  2023-06-17 18:20:12.847 : IterationNum=122	[MsgId: MMSG-17999]
   USER 122 = user65:pwd65	[MsgId: MMSG-17999]
    2023-06-17 18:20:12.940 : Start page is opened	[MsgId: MMSG-17999]
    2023-06-17 18:20:18.854 : User is logged in with session 136655.165006075HAcQcAApAftcVHfpcAAD	[MsgId: MMSG-17999]
    2023-06-17 18:20:24.555 : User is logged out of session	[MsgId: MMSG-17999]
  2023-06-17 18:22:18.859 : IterationNum=123	[MsgId: MMSG-17999]
   USER 123 = user65:pwd65	[MsgId: MMSG-17999]
    2023-06-17 18:22:18.955 : Start page is opened	[MsgId: MMSG-17999]
    2023-06-17 18:22:24.804 : User is logged in with session 136655.175212637HAcQcAApfHftcVHfpcADtf	[MsgId: MMSG-17999]
    2023-06-17 18:22:29.642 : User is logged out of session	[MsgId: MMSG-17999]
  2023-06-17 18:24:24.874 : IterationNum=124	[MsgId: MMSG-17999]
   USER 124 = user65:pwd65	[MsgId: MMSG-17999]
    2023-06-17 18:24:24.968 : Start page is opened	[MsgId: MMSG-17999]
    2023-06-17 18:24:30.614 : User is logged in with session 136655.185419198HAcQcAVpVtcVHfpcAzz	[MsgId: MMSG-17999]
    2023-06-17 18:24:35.986 : User is logged out of session	[MsgId: MMSG-17999]
  2023-06-17 18:26:30.878 : IterationNum=125	[MsgId: MMSG-17999]
   USER 125 = user65:pwd65	[MsgId: MMSG-17999]
    2023-06-17 18:26:30.972 : Start page is opened	[MsgId: MMSG-17999]
    2023-06-17 18:26:34.937 : User is logged in with session 136655.195625759HAcQcAVpzcftcVHfpcAQHf	[MsgId: MMSG-17999]
    2023-06-17 18:26:40.326 : User is logged out of session	[MsgId: MMSG-17999]
  2023-06-17 18:28:36.884 : IterationNum=126	[MsgId: MMSG-17999]
   USER 126 = user65:pwd65	[MsgId: MMSG-17999]
    2023-06-17 18:28:36.978 : Start page is opened	[MsgId: MMSG-17999]
    2023-06-17 18:28:43.312 : User is logged in with session 136655.205832321HAcQcAcpVftcVHfpcVcQ	[MsgId: MMSG-17999]
    2023-06-17 18:28:47.452 : User is logged out of session	[MsgId: MMSG-17999]
  2023-06-17 18:30:42.894 : IterationNum=127	[MsgId: MMSG-17999]
   USER 127 = user65:pwd65	[MsgId: MMSG-17999]
    2023-06-17 18:30:42.989 : Start page is opened	[MsgId: MMSG-17999]
    2023-06-17 18:30:48.215 : User is logged in with session 136655.216038882HAcQcAcpzHftcVHfpcVzAf	[MsgId: MMSG-17999]
    2023-06-17 18:30:52.703 : User is logged out of session	[MsgId: MMSG-17999]
  2023-06-17 18:32:48.902 : IterationNum=128	[MsgId: MMSG-17999]
   USER 128 = user65:pwd65	[MsgId: MMSG-17999]
    2023-06-17 18:32:48.996 : Start page is opened	[MsgId: MMSG-17999]
    2023-06-17 18:32:53.929 : User is logged in with session 136655.226245444HAcQcADpctcVHfpcVQc	[MsgId: MMSG-17999]
    2023-06-17 18:32:58.537 : User is logged out of session	[MsgId: MMSG-17999]
  2023-06-17 18:34:54.909 : IterationNum=129	[MsgId: MMSG-17999]
   USER 129 = user65:pwd65	[MsgId: MMSG-17999]
    2023-06-17 18:34:55.004 : Start page is opened	[MsgId: MMSG-17999]
    2023-06-17 18:34:59.575 : User is logged in with session 136655.236452005HAcQcADpHcftcVHfpcccDf	[MsgId: MMSG-17999]
    2023-06-17 18:35:05.579 : User is logged out of session	[MsgId: MMSG-17999]
  2023-06-17 18:37:00.924 : IterationNum=130	[MsgId: MMSG-17999]
   USER 130 = user65:pwd65	[MsgId: MMSG-17999]
    2023-06-17 18:37:01.018 : Start page is opened	[MsgId: MMSG-17999]
    2023-06-17 18:37:05.671 : User is logged in with session 136655.246658566HAcQcAtpcftcVHfpccff	[MsgId: MMSG-17999]
    2023-06-17 18:37:11.712 : User is logged out of session	[MsgId: MMSG-17999]
  2023-06-17 18:39:06.929 : IterationNum=131	[MsgId: MMSG-17999]
   USER 131 = user65:pwd65	[MsgId: MMSG-17999]
    2023-06-17 18:39:07.025 : Start page is opened	[MsgId: MMSG-17999]
    2023-06-17 18:39:11.825 : User is logged in with session 136655.256865128HAcQcAtpHHftcVHfpccizf	[MsgId: MMSG-17999]
    2023-06-17 18:39:16.237 : User is logged out of session	[MsgId: MMSG-17999]
  2023-06-17 18:41:12.930 : IterationNum=132	[MsgId: MMSG-17999]
   USER 132 = user65:pwd65	[MsgId: MMSG-17999]
    2023-06-17 18:41:13.026 : Start page is opened	[MsgId: MMSG-17999]
    2023-06-17 18:41:17.310 : User is logged in with session 136655.267071689HAcQcAfpDtcVHfpcDVi	[MsgId: MMSG-17999]
    2023-06-17 18:41:22.261 : User is logged out of session	[MsgId: MMSG-17999]
  2023-06-17 18:43:18.935 : IterationNum=133	[MsgId: MMSG-17999]
   USER 133 = user65:pwd65	[MsgId: MMSG-17999]
    2023-06-17 18:43:19.029 : Start page is opened	[MsgId: MMSG-17999]
    2023-06-17 18:43:24.575 : User is logged in with session 136655.27727825HAcQcAfpicftcVHfpcDtQf	[MsgId: MMSG-17999]
    2023-06-17 18:43:29.262 : User is logged out of session	[MsgId: MMSG-17999]
  2023-06-17 18:45:24.938 : IterationNum=134	[MsgId: MMSG-17999]
   USER 134 = user65:pwd65	[MsgId: MMSG-17999]
    2023-06-17 18:45:25.032 : Start page is opened	[MsgId: MMSG-17999]
    2023-06-17 18:45:29.919 : User is logged in with session 136655.287484812HAcQcAzpDftcVHfpcDiV	[MsgId: MMSG-17999]
    2023-06-17 18:45:34.153 : User is logged out of session	[MsgId: MMSG-17999]
  2023-06-17 18:47:30.949 : IterationNum=135	[MsgId: MMSG-17999]
   USER 135 = user65:pwd65	[MsgId: MMSG-17999]
    2023-06-17 18:47:31.043 : Start page is opened	[MsgId: MMSG-17999]
    2023-06-17 18:47:37.040 : User is logged in with session 136655.297691373HAcQcAzpiHftcVHfpctVcf	[MsgId: MMSG-17999]
    2023-06-17 18:47:41.775 : User is logged out of session	[MsgId: MMSG-17999]
  2023-06-17 18:49:36.955 : IterationNum=136	[MsgId: MMSG-17999]
   USER 136 = user65:pwd65	[MsgId: MMSG-17999]
    2023-06-17 18:49:37.049 : Start page is opened	[MsgId: MMSG-17999]
    2023-06-17 18:49:41.911 : User is logged in with session 136655.307897934HAcQcAHpttcVHfpcttt	[MsgId: MMSG-17999]
    2023-06-17 18:49:46.835 : User is logged out of session	[MsgId: MMSG-17999]
  2023-06-17 18:51:42.959 : IterationNum=137	[MsgId: MMSG-17999]
   USER 137 = user65:pwd65	[MsgId: MMSG-17999]
    2023-06-17 18:51:43.053 : Start page is opened	[MsgId: MMSG-17999]
    2023-06-17 18:51:49.300 : User is logged in with session 136655.318104496HAcQcAHpQcftcVHfpctHff	[MsgId: MMSG-17999]
    2023-06-17 18:51:55.266 : User is logged out of session	[MsgId: MMSG-17999]
  2023-06-17 18:53:48.973 : IterationNum=138	[MsgId: MMSG-17999]
   USER 138 = user65:pwd65	[MsgId: MMSG-17999]
    2023-06-17 18:53:49.067 : Start page is opened	[MsgId: MMSG-17999]
    2023-06-17 18:53:54.622 : User is logged in with session 136655.328392062HAcQcAiptftVzzzHtcVHfpcfAHcf	[MsgId: MMSG-17999]
    2023-06-17 18:54:00.046 : User is logged out of session	[MsgId: MMSG-17999]
  2023-06-17 18:55:54.984 : IterationNum=139	[MsgId: MMSG-17999]
   USER 139 = user65:pwd65	[MsgId: MMSG-17999]
    2023-06-17 18:55:55.077 : Start page is opened	[MsgId: MMSG-17999]
    2023-06-17 18:55:59.780 : User is logged in with session 136655.338598623HAcQcAipQHQVzzzHtcVHfpcfDiHf	[MsgId: MMSG-17999]
    2023-06-17 18:56:03.728 : User is logged out of session	[MsgId: MMSG-17999]
  2023-06-17 18:58:00.991 : IterationNum=140	[MsgId: MMSG-17999]
   USER 140 = user65:pwd65	[MsgId: MMSG-17999]
    2023-06-17 18:58:01.085 : Start page is opened	[MsgId: MMSG-17999]
    2023-06-17 18:58:07.031 : User is logged in with session 136655.348805184HAcQcAQpfAtVzzzHtcVHfpcfHAcf	[MsgId: MMSG-17999]
    2023-06-17 18:58:11.210 : User is logged out of session	[MsgId: MMSG-17999]
  2023-06-17 19:00:07.000 : IterationNum=141	[MsgId: MMSG-17999]
   USER 141 = user65:pwd65	[MsgId: MMSG-17999]
    2023-06-17 19:00:07.093 : Start page is opened	[MsgId: MMSG-17999]
    2023-06-17 19:00:11.322 : User is logged in with session 136655.359011746HAcQcVApAcQVzzzHtcVHfpczAVHf	[MsgId: MMSG-17999]
    2023-06-17 19:00:17.215 : User is logged out of session	[MsgId: MMSG-17999]
  2023-06-17 19:02:13.002 : IterationNum=142	[MsgId: MMSG-17999]
   USER 142 = user65:pwd65	[MsgId: MMSG-17999]
    2023-06-17 19:02:13.096 : Start page is opened	[MsgId: MMSG-17999]
    2023-06-17 19:02:17.606 : User is logged in with session 136655.369218307HAcQcVApfftVzzzHtcVHfpczDDcf	[MsgId: MMSG-17999]
    2023-06-17 19:02:23.716 : User is logged out of session	[MsgId: MMSG-17999]
  2023-06-17 19:04:19.014 : IterationNum=143	[MsgId: MMSG-17999]
   USER 143 = user65:pwd65	[MsgId: MMSG-17999]
    2023-06-17 19:04:19.107 : Start page is opened	[MsgId: MMSG-17999]
    2023-06-17 19:04:23.020 : User is logged in with session 136655.379424868HAcQcVVpAHQVzzzHtcVHfpczztHf	[MsgId: MMSG-17999]
    2023-06-17 19:04:28.967 : User is logged out of session	[MsgId: MMSG-17999]
  2023-06-17 19:06:25.024 : IterationNum=144	[MsgId: MMSG-17999]
   USER 144 = user65:pwd65	[MsgId: MMSG-17999]
    2023-06-17 19:06:25.117 : Start page is opened	[MsgId: MMSG-17999]
    2023-06-17 19:06:31.314 : User is logged in with session 136655.38963143HAcQcVVpzAtVzzzHtcVHfpczQzcf	[MsgId: MMSG-17999]
    2023-06-17 19:06:36.030 : User is logged out of session	[MsgId: MMSG-17999]
  2023-06-17 19:08:31.028 : IterationNum=145	[MsgId: MMSG-17999]
   USER 145 = user65:pwd65	[MsgId: MMSG-17999]
    2023-06-17 19:08:31.122 : Start page is opened	[MsgId: MMSG-17999]
    2023-06-17 19:08:36.822 : User is logged in with session 136655.399837991HAcQcVcpVcQVzzzHtcVHfpcHcHHf	[MsgId: MMSG-17999]
    2023-06-17 19:08:43.100 : User is logged out of session	[MsgId: MMSG-17999]
  2023-06-17 19:10:37.030 : IterationNum=146	[MsgId: MMSG-17999]
   USER 146 = user65:pwd65	[MsgId: MMSG-17999]
    2023-06-17 19:10:37.123 : Start page is opened	[MsgId: MMSG-17999]
    2023-06-17 19:10:41.589 : User is logged in with session 136655.410044552HAcQcVcpzftVzzzHtcVHfpcHfQcf	[MsgId: MMSG-17999]
    2023-06-17 19:10:47.667 : User is logged out of session	[MsgId: MMSG-17999]
  2023-06-17 19:12:43.032 : IterationNum=147	[MsgId: MMSG-17999]
   USER 147 = user65:pwd65	[MsgId: MMSG-17999]
    2023-06-17 19:12:43.125 : Start page is opened	[MsgId: MMSG-17999]
    2023-06-17 19:12:48.107 : User is logged in with session 136655.420251114HAcQcVDpVHQVzzzHtcVHfpcHQAHf	[MsgId: MMSG-17999]
    2023-06-17 19:12:54.433 : User is logged out of session	[MsgId: MMSG-17999]
  2023-06-17 19:14:49.032 : IterationNum=148	[MsgId: MMSG-17999]
   USER 148 = user65:pwd65	[MsgId: MMSG-17999]
    2023-06-17 19:14:49.127 : Start page is opened	[MsgId: MMSG-17999]
    2023-06-17 19:14:53.811 : User is logged in with session 136655.430457675HAcQcVDpHAtVzzzHtcVHfpcicccf	[MsgId: MMSG-17999]
    2023-06-17 19:14:59.175 : User is logged out of session	[MsgId: MMSG-17999]
  2023-06-17 19:16:55.047 : IterationNum=149	[MsgId: MMSG-17999]
   USER 149 = user65:pwd65	[MsgId: MMSG-17999]
    2023-06-17 19:16:55.141 : Start page is opened	[MsgId: MMSG-17999]
    2023-06-17 19:17:00.371 : User is logged in with session 136655.440664237HAcQcVtpccQVzzzHtcVHfpcifDHf	[MsgId: MMSG-17999]
    2023-06-17 19:17:04.530 : User is logged out of session	[MsgId: MMSG-17999]
  2023-06-17 19:19:01.061 : IterationNum=150	[MsgId: MMSG-17999]
   USER 150 = user65:pwd65	[MsgId: MMSG-17999]
    2023-06-17 19:19:01.154 : Start page is opened	[MsgId: MMSG-17999]
    2023-06-17 19:19:06.969 : User is logged in with session 136655.450870798HAcQcVtpHftVzzzHtcVHfpciifcf	[MsgId: MMSG-17999]
    2023-06-17 19:19:10.952 : User is logged out of session	[MsgId: MMSG-17999]
  2023-06-17 19:21:07.061 : IterationNum=151	[MsgId: MMSG-17999]
   USER 151 = user65:pwd65	[MsgId: MMSG-17999]
    2023-06-17 19:21:07.156 : Start page is opened	[MsgId: MMSG-17999]
    2023-06-17 19:21:11.261 : User is logged in with session 136655.461077359HAcQcVfpcHQVzzzHtcVHfpcQVzHf	[MsgId: MMSG-17999]
    2023-06-17 19:21:17.345 : User is logged out of session	[MsgId: MMSG-17999]
  2023-06-17 19:23:13.075 : IterationNum=152	[MsgId: MMSG-17999]
   USER 152 = user65:pwd65	[MsgId: MMSG-17999]
    2023-06-17 19:23:13.171 : Start page is opened	[MsgId: MMSG-17999]
    2023-06-17 19:23:19.352 : User is logged in with session 136655.471283921HAcQcVfpiAtVzzzHtcVHfpcQticf	[MsgId: MMSG-17999]
    2023-06-17 19:23:24.794 : User is logged out of session	[MsgId: MMSG-17999]
  2023-06-17 19:25:19.080 : IterationNum=153	[MsgId: MMSG-17999]
   USER 153 = user65:pwd65	[MsgId: MMSG-17999]
    2023-06-17 19:25:19.175 : Start page is opened	[MsgId: MMSG-17999]
    2023-06-17 19:25:23.110 : User is logged in with session 136655.481490482HAcQcVzpDcQVzzzHtcVHfpcQHQHf	[MsgId: MMSG-17999]
    2023-06-17 19:25:27.233 : User is logged out of session	[MsgId: MMSG-17999]
  2023-06-17 19:27:25.092 : IterationNum=154	[MsgId: MMSG-17999]
   USER 154 = user65:pwd65	[MsgId: MMSG-17999]
    2023-06-17 19:27:25.187 : Start page is opened	[MsgId: MMSG-17999]
    2023-06-17 19:27:29.899 : User is logged in with session 136655.491697043HAcQcVzpiftVzzzHtcVHfpDAVVcf	[MsgId: MMSG-17999]
    2023-06-17 19:27:35.805 : User is logged out of session	[MsgId: MMSG-17999]
  2023-06-17 19:29:31.093 : IterationNum=155	[MsgId: MMSG-17999]
   USER 155 = user65:pwd65	[MsgId: MMSG-17999]
    2023-06-17 19:29:31.188 : Start page is opened	[MsgId: MMSG-17999]
    2023-06-17 19:29:37.221 : User is logged in with session 136655.501903605HAcQcVHpDHQVzzzHtcVHfpDAtcHf	[MsgId: MMSG-17999]
    2023-06-17 19:29:42.538 : User is logged out of session	[MsgId: MMSG-17999]
  2023-06-17 19:31:37.095 : IterationNum=156	[MsgId: MMSG-17999]
   USER 156 = user65:pwd65	[MsgId: MMSG-17999]
    2023-06-17 19:31:37.191 : Start page is opened	[MsgId: MMSG-17999]
    2023-06-17 19:31:42.859 : User is logged in with session 136655.512110166HAcQcVHpQAtVzzzHtcVHfpDAHtcf	[MsgId: MMSG-17999]
    2023-06-17 19:31:49.220 : User is logged out of session	[MsgId: MMSG-17999]
  2023-06-17 19:33:43.106 : IterationNum=157	[MsgId: MMSG-17999]
   USER 157 = user65:pwd65	[MsgId: MMSG-17999]
    2023-06-17 19:33:43.200 : Start page is opened	[MsgId: MMSG-17999]
    2023-06-17 19:33:49.426 : User is logged in with session 136655.522316727HAcQcViptcQVzzzHtcVHfpDVAfHf	[MsgId: MMSG-17999]
    2023-06-17 19:33:55.770 : User is logged out of session	[MsgId: MMSG-17999]
  2023-06-17 19:35:49.116 : IterationNum=158	[MsgId: MMSG-17999]
   USER 158 = user65:pwd65	[MsgId: MMSG-17999]
    2023-06-17 19:35:49.210 : Start page is opened	[MsgId: MMSG-17999]
    2023-06-17 19:35:55.424 : User is logged in with session 136655.532523289HAcQcVipQftVzzzHtcVHfpDVDHcf	[MsgId: MMSG-17999]
    2023-06-17 19:36:00.251 : User is logged out of session	[MsgId: MMSG-17999]
  2023-06-17 19:37:55.125 : IterationNum=159	[MsgId: MMSG-17999]
   USER 159 = user65:pwd65	[MsgId: MMSG-17999]
    2023-06-17 19:37:55.221 : Start page is opened	[MsgId: MMSG-17999]
    2023-06-17 19:38:00.085 : User is logged in with session 136655.54272985HAcQcVQptHQVzzzHtcVHfpDVziHf	[MsgId: MMSG-17999]
    2023-06-17 19:38:05.540 : User is logged out of session	[MsgId: MMSG-17999]
  2023-06-17 19:40:01.136 : IterationNum=160	[MsgId: MMSG-17999]
   USER 160 = user65:pwd65	[MsgId: MMSG-17999]
    2023-06-17 19:40:01.231 : Start page is opened	[MsgId: MMSG-17999]
    2023-06-17 19:40:06.776 : User is logged in with session 136655.552936411HAcQccApAAtVzzzHtcVHfpDcAAcf	[MsgId: MMSG-17999]
    2023-06-17 19:40:10.839 : User is logged out of session	[MsgId: MMSG-17999]
  2023-06-17 19:42:07.136 : IterationNum=161	[MsgId: MMSG-17999]
   USER 161 = user65:pwd65	[MsgId: MMSG-17999]
    2023-06-17 19:42:07.231 : Start page is opened	[MsgId: MMSG-17999]
    2023-06-17 19:42:12.002 : User is logged in with session 136655.563142973HAcQccApfcQVzzzHtcVHfpDcDVHf	[MsgId: MMSG-17999]
    2023-06-17 19:42:17.435 : User is logged out of session	[MsgId: MMSG-17999]
  2023-06-17 19:44:13.137 : IterationNum=162	[MsgId: MMSG-17999]
   USER 162 = user65:pwd65	[MsgId: MMSG-17999]
    2023-06-17 19:44:13.230 : Start page is opened	[MsgId: MMSG-17999]
    2023-06-17 19:44:17.313 : User is logged in with session 136655.573349534HAcQccVpAftVzzzHtcVHfpDczDcf	[MsgId: MMSG-17999]
    2023-06-17 19:44:22.631 : User is logged out of session	[MsgId: MMSG-17999]
  2023-06-17 19:46:19.139 : IterationNum=163	[MsgId: MMSG-17999]
   USER 163 = user65:pwd65	[MsgId: MMSG-17999]
    2023-06-17 19:46:19.235 : Start page is opened	[MsgId: MMSG-17999]
    2023-06-17 19:46:23.754 : User is logged in with session 136655.583556096HAcQccVpfHQVzzzHtcVHfpDcQtHf	[MsgId: MMSG-17999]
    2023-06-17 19:46:29.921 : User is logged out of session	[MsgId: MMSG-17999]
  2023-06-17 19:48:25.150 : IterationNum=164	[MsgId: MMSG-17999]
   USER 164 = user65:pwd65	[MsgId: MMSG-17999]
    2023-06-17 19:48:25.242 : Start page is opened	[MsgId: MMSG-17999]
    2023-06-17 19:48:30.859 : User is logged in with session 136655.593762657HAcQcccpVAtVzzzHtcVHfpDDczcf	[MsgId: MMSG-17999]
    2023-06-17 19:48:35.681 : User is logged out of session	[MsgId: MMSG-17999]
  2023-06-17 19:50:31.158 : IterationNum=165	[MsgId: MMSG-17999]
   USER 165 = user65:pwd65	[MsgId: MMSG-17999]
    2023-06-17 19:50:31.251 : Start page is opened	[MsgId: MMSG-17999]
    2023-06-17 19:50:37.000 : User is logged in with session 136655.603969218HAcQcccpzcQVzzzHtcVHfpDDfHHf	[MsgId: MMSG-17999]
    2023-06-17 19:50:42.542 : User is logged out of session	[MsgId: MMSG-17999]
  2023-06-17 19:52:37.161 : IterationNum=166	[MsgId: MMSG-17999]
   USER 166 = user65:pwd65	[MsgId: MMSG-17999]
    2023-06-17 19:52:37.255 : Start page is opened	[MsgId: MMSG-17999]
    2023-06-17 19:52:42.680 : User is logged in with session 136655.61417578HAcQccDpVftVzzzHtcVHfpDDiQcf	[MsgId: MMSG-17999]
    2023-06-17 19:52:47.434 : User is logged out of session	[MsgId: MMSG-17999]
  2023-06-17 19:54:43.175 : IterationNum=167	[MsgId: MMSG-17999]
   USER 167 = user65:pwd65	[MsgId: MMSG-17999]
    2023-06-17 19:54:43.269 : Start page is opened	[MsgId: MMSG-17999]
    2023-06-17 19:54:48.310 : User is logged in with session 136655.624382341HAcQccDpzHQVzzzHtcVHfpDtcAHf	[MsgId: MMSG-17999]
    2023-06-17 19:54:53.242 : User is logged out of session	[MsgId: MMSG-17999]
  2023-06-17 19:56:49.178 : IterationNum=168	[MsgId: MMSG-17999]
   USER 168 = user65:pwd65	[MsgId: MMSG-17999]
    2023-06-17 19:56:49.270 : Start page is opened	[MsgId: MMSG-17999]
    2023-06-17 19:56:54.073 : User is logged in with session 136655.634588902HAcQcctpcAtVzzzHtcVHfpDtfccf	[MsgId: MMSG-17999]
    2023-06-17 19:56:59.069 : User is logged out of session	[MsgId: MMSG-17999]
  2023-06-17 19:58:55.183 : IterationNum=169	[MsgId: MMSG-17999]
   USER 169 = user65:pwd65	[MsgId: MMSG-17999]
    2023-06-17 19:58:55.277 : Start page is opened	[MsgId: MMSG-17999]
    2023-06-17 19:59:00.993 : User is logged in with session 136655.644795464HAcQcctpHcQVzzzHtcVHfpDtiDHf	[MsgId: MMSG-17999]
    2023-06-17 19:59:06.908 : User is logged out of session	[MsgId: MMSG-17999]
  2023-06-17 20:01:01.198 : IterationNum=170	[MsgId: MMSG-17999]
   USER 170 = user65:pwd65	[MsgId: MMSG-17999]
    2023-06-17 20:01:01.292 : Start page is opened	[MsgId: MMSG-17999]
    2023-06-17 20:01:06.304 : User is logged in with session 136655.655002025HAcQccfpcftVzzzHtcVHfpDfVfcf	[MsgId: MMSG-17999]
    2023-06-17 20:01:12.463 : User is logged out of session	[MsgId: MMSG-17999]
  2023-06-17 20:03:07.205 : IterationNum=171	[MsgId: MMSG-17999]
   USER 171 = user65:pwd65	[MsgId: MMSG-17999]
    2023-06-17 20:03:07.299 : Start page is opened	[MsgId: MMSG-17999]
    2023-06-17 20:03:13.420 : User is logged in with session 136655.665208586HAcQccfpHHQVzzzHtcVHfpDftzHf	[MsgId: MMSG-17999]
    2023-06-17 20:03:18.780 : User is logged out of session	[MsgId: MMSG-17999]
  2023-06-17 20:05:13.209 : IterationNum=172	[MsgId: MMSG-17999]
   USER 172 = user65:pwd65	[MsgId: MMSG-17999]
    2023-06-17 20:05:13.301 : Start page is opened	[MsgId: MMSG-17999]
    2023-06-17 20:05:17.661 : User is logged in with session 136655.675415148HAcQcczpDAtVzzzHtcVHfpDfHicf	[MsgId: MMSG-17999]
    2023-06-17 20:05:21.805 : User is logged out of session	[MsgId: MMSG-17999]
  2023-06-17 20:07:19.221 : IterationNum=173	[MsgId: MMSG-17999]
   USER 173 = user65:pwd65	[MsgId: MMSG-17999]
    2023-06-17 20:07:19.316 : Start page is opened	[MsgId: MMSG-17999]
    2023-06-17 20:07:24.941 : User is logged in with session 136655.685621709HAcQcczpicQVzzzHtcVHfpDzAQHf	[MsgId: MMSG-17999]
    2023-06-17 20:07:30.132 : User is logged out of session	[MsgId: MMSG-17999]
  2023-06-17 20:09:25.230 : IterationNum=174	[MsgId: MMSG-17999]
   USER 174 = user65:pwd65	[MsgId: MMSG-17999]
    2023-06-17 20:09:25.324 : Start page is opened	[MsgId: MMSG-17999]
    2023-06-17 20:09:29.759 : User is logged in with session 136655.695828271HAcQccHpDftVzzzHtcVHfpDztVcf	[MsgId: MMSG-17999]
    2023-06-17 20:09:35.709 : User is logged out of session	[MsgId: MMSG-17999]
  2023-06-17 20:11:31.238 : IterationNum=175	[MsgId: MMSG-17999]
   USER 175 = user65:pwd65	[MsgId: MMSG-17999]
    2023-06-17 20:11:31.333 : Start page is opened	[MsgId: MMSG-17999]
    2023-06-17 20:11:37.416 : User is logged in with session 136655.706034832HAcQccHpiHQVzzzHtcVHfpDzHcHf	[MsgId: MMSG-17999]
    2023-06-17 20:11:42.750 : User is logged out of session	[MsgId: MMSG-17999]
  2023-06-17 20:13:37.244 : IterationNum=176	[MsgId: MMSG-17999]
   USER 176 = user65:pwd65	[MsgId: MMSG-17999]
    2023-06-17 20:13:37.338 : Start page is opened	[MsgId: MMSG-17999]
    2023-06-17 20:13:42.576 : User is logged in with session 136655.716241393HAcQcciptAtVzzzHtcVHfpDHAtcf	[MsgId: MMSG-17999]
    2023-06-17 20:13:48.091 : User is logged out of session	[MsgId: MMSG-17999]
  2023-06-17 20:15:43.257 : IterationNum=177	[MsgId: MMSG-17999]
   USER 177 = user65:pwd65	[MsgId: MMSG-17999]
    2023-06-17 20:15:43.353 : Start page is opened	[MsgId: MMSG-17999]
    2023-06-17 20:15:49.687 : User is logged in with session 136655.726447955HAcQccipQcQVzzzHtcVHfpDHDfHf	[MsgId: MMSG-17999]
    2023-06-17 20:15:54.101 : User is logged out of session	[MsgId: MMSG-17999]
  2023-06-17 20:17:49.271 : IterationNum=178	[MsgId: MMSG-17999]
   USER 178 = user65:pwd65	[MsgId: MMSG-17999]
    2023-06-17 20:17:49.367 : Start page is opened	[MsgId: MMSG-17999]
    2023-06-17 20:17:54.840 : User is logged in with session 136655.736654516HAcQccQptftVzzzHtcVHfpDHzHcf	[MsgId: MMSG-17999]
    2023-06-17 20:17:59.993 : User is logged out of session	[MsgId: MMSG-17999]
  2023-06-17 20:19:55.277 : IterationNum=179	[MsgId: MMSG-17999]
   USER 179 = user65:pwd65	[MsgId: MMSG-17999]
    2023-06-17 20:19:55.372 : Start page is opened	[MsgId: MMSG-17999]
    2023-06-17 20:20:00.641 : User is logged in with session 136655.746861077HAcQccQpQHQVzzzHtcVHfpDHQiHf	[MsgId: MMSG-17999]
    2023-06-17 20:20:05.551 : User is logged out of session	[MsgId: MMSG-17999]
  2023-06-17 20:22:01.277 : IterationNum=180	[MsgId: MMSG-17999]
   USER 180 = user65:pwd65	[MsgId: MMSG-17999]
    2023-06-17 20:22:01.372 : Start page is opened	[MsgId: MMSG-17999]
    2023-06-17 20:22:06.258 : User is logged in with session 136655.757067639HAcQcDApfAtVzzzHtcVHfpDiDAcf	[MsgId: MMSG-17999]
    2023-06-17 20:22:12.467 : User is logged out of session	[MsgId: MMSG-17999]
  2023-06-17 20:24:07.291 : IterationNum=181	[MsgId: MMSG-17999]
   USER 181 = user65:pwd65	[MsgId: MMSG-17999]
    2023-06-17 20:24:07.386 : Start page is opened	[MsgId: MMSG-17999]
    2023-06-17 20:24:13.321 : User is logged in with session 136655.7672742HAcQcDVpAcQVzzzHtcVHfpDizVHf	[MsgId: MMSG-17999]
    2023-06-17 20:24:17.976 : User is logged out of session	[MsgId: MMSG-17999]
  2023-06-17 20:26:13.305 : IterationNum=182	[MsgId: MMSG-17999]
   USER 182 = user65:pwd65	[MsgId: MMSG-17999]
    2023-06-17 20:26:13.400 : Start page is opened	[MsgId: MMSG-17999]
    2023-06-17 20:26:19.481 : User is logged in with session 136655.777480761HAcQcDVpfftVzzzHtcVHfpDiQDcf	[MsgId: MMSG-17999]
    2023-06-17 20:26:24.599 : User is logged out of session	[MsgId: MMSG-17999]
  2023-06-17 20:28:19.306 : IterationNum=183	[MsgId: MMSG-17999]
   USER 183 = user65:pwd65	[MsgId: MMSG-17999]
    2023-06-17 20:28:19.400 : Start page is opened	[MsgId: MMSG-17999]
    2023-06-17 20:28:25.434 : User is logged in with session 136655.787687323HAcQcDcpAHQVzzzHtcVHfpDQctHf	[MsgId: MMSG-17999]
    2023-06-17 20:28:30.885 : User is logged out of session	[MsgId: MMSG-17999]
  2023-06-17 20:30:25.320 : IterationNum=184	[MsgId: MMSG-17999]
   USER 184 = user65:pwd65	[MsgId: MMSG-17999]
    2023-06-17 20:30:25.415 : Start page is opened	[MsgId: MMSG-17999]
    2023-06-17 20:30:29.762 : User is logged in with session 136655.797893884HAcQcDcpzAtVzzzHtcVHfpDQfzcf	[MsgId: MMSG-17999]
    2023-06-17 20:30:34.247 : User is logged out of session	[MsgId: MMSG-17999]
  2023-06-17 20:32:31.332 : IterationNum=185	[MsgId: MMSG-17999]
   USER 185 = user65:pwd65	[MsgId: MMSG-17999]
    2023-06-17 20:32:31.426 : Start page is opened	[MsgId: MMSG-17999]
    2023-06-17 20:32:36.943 : User is logged in with session 136655.808100446HAcQcDDpVcQVzzzHtcVHfpDQiHHf	[MsgId: MMSG-17999]
    2023-06-17 20:32:40.854 : User is logged out of session	[MsgId: MMSG-17999]
  2023-06-17 20:34:37.336 : IterationNum=186	[MsgId: MMSG-17999]
   USER 186 = user65:pwd65	[MsgId: MMSG-17999]
    2023-06-17 20:34:37.431 : Start page is opened	[MsgId: MMSG-17999]
    2023-06-17 20:34:41.812 : User is logged in with session 136655.818307007HAcQcDDpzftVzzzHtcVHfptAVQcf	[MsgId: MMSG-17999]
    2023-06-17 20:34:47.998 : User is logged out of session	[MsgId: MMSG-17999]
  2023-06-17 20:36:43.340 : IterationNum=187	[MsgId: MMSG-17999]
   USER 187 = user65:pwd65	[MsgId: MMSG-17999]
    2023-06-17 20:36:43.435 : Start page is opened	[MsgId: MMSG-17999]
    2023-06-17 20:36:49.212 : User is logged in with session 136655.828513568HAcQcDtpVHQVzzzHtcVHfptAfAHf	[MsgId: MMSG-17999]
    2023-06-17 20:36:53.627 : User is logged out of session	[MsgId: MMSG-17999]
  2023-06-17 20:38:49.341 : IterationNum=188	[MsgId: MMSG-17999]
   USER 188 = user65:pwd65	[MsgId: MMSG-17999]
    2023-06-17 20:38:49.434 : Start page is opened	[MsgId: MMSG-17999]
    2023-06-17 20:38:55.495 : User is logged in with session 136655.83872013HAcQcDtpHAtVzzzHtcVHfptAiccf	[MsgId: MMSG-17999]
    2023-06-17 20:39:00.576 : User is logged out of session	[MsgId: MMSG-17999]
  2023-06-17 20:40:55.343 : IterationNum=189	[MsgId: MMSG-17999]
   USER 189 = user65:pwd65	[MsgId: MMSG-17999]
    2023-06-17 20:40:55.436 : Start page is opened	[MsgId: MMSG-17999]
    2023-06-17 20:41:01.097 : User is logged in with session 136655.848926691HAcQcDfpccQVzzzHtcVHfptVVDHf	[MsgId: MMSG-17999]
    2023-06-17 20:41:06.058 : User is logged out of session	[MsgId: MMSG-17999]
  2023-06-17 20:43:01.349 : IterationNum=190	[MsgId: MMSG-17999]
   USER 190 = user65:pwd65	[MsgId: MMSG-17999]
    2023-06-17 20:43:01.444 : Start page is opened	[MsgId: MMSG-17999]
    2023-06-17 20:43:07.285 : User is logged in with session 136655.859133252HAcQcDfpHftVzzzHtcVHfptVtfcf	[MsgId: MMSG-17999]
    2023-06-17 20:43:12.982 : User is logged out of session	[MsgId: MMSG-17999]
  2023-06-17 20:45:07.351 : IterationNum=191	[MsgId: MMSG-17999]
   USER 191 = user65:pwd65	[MsgId: MMSG-17999]
    2023-06-17 20:45:07.445 : Start page is opened	[MsgId: MMSG-17999]
    2023-06-17 20:45:12.212 : User is logged in with session 136655.869339814HAcQcDzpcHQVzzzHtcVHfptVHzHf	[MsgId: MMSG-17999]
    2023-06-17 20:45:18.286 : User is logged out of session	[MsgId: MMSG-17999]
  2023-06-17 20:47:13.363 : IterationNum=192	[MsgId: MMSG-17999]
   USER 192 = user65:pwd65	[MsgId: MMSG-17999]
    2023-06-17 20:47:13.457 : Start page is opened	[MsgId: MMSG-17999]
    2023-06-17 20:47:19.061 : User is logged in with session 136655.879546375HAcQcDzpiAtVzzzHtcVHfptcAicf	[MsgId: MMSG-17999]
    2023-06-17 20:47:24.747 : User is logged out of session	[MsgId: MMSG-17999]
  2023-06-17 20:49:19.371 : IterationNum=193	[MsgId: MMSG-17999]
   USER 193 = user65:pwd65	[MsgId: MMSG-17999]
    2023-06-17 20:49:19.465 : Start page is opened	[MsgId: MMSG-17999]
    2023-06-17 20:49:24.615 : User is logged in with session 136655.889752936HAcQcDHpDcQVzzzHtcVHfptcDQHf	[MsgId: MMSG-17999]
    2023-06-17 20:49:29.998 : User is logged out of session	[MsgId: MMSG-17999]
  2023-06-17 20:51:25.375 : IterationNum=194	[MsgId: MMSG-17999]
   USER 194 = user65:pwd65	[MsgId: MMSG-17999]
    2023-06-17 20:51:25.469 : Start page is opened	[MsgId: MMSG-17999]
    2023-06-17 20:51:31.623 : User is logged in with session 136655.899959498HAcQcDHpiftVzzzHtcVHfptcHVcf	[MsgId: MMSG-17999]
    2023-06-17 20:51:35.999 : User is logged out of session	[MsgId: MMSG-17999]
  2023-06-17 20:53:31.382 : IterationNum=195	[MsgId: MMSG-17999]
   USER 195 = user65:pwd65	[MsgId: MMSG-17999]
    2023-06-17 20:53:31.476 : Start page is opened	[MsgId: MMSG-17999]
    2023-06-17 20:53:36.283 : User is logged in with session 136655.910166059HAcQcDipDHQVzzzHtcVHfptDAcHf	[MsgId: MMSG-17999]
    2023-06-17 20:53:40.610 : User is logged out of session	[MsgId: MMSG-17999]
  2023-06-17 20:55:37.396 : IterationNum=196	[MsgId: MMSG-17999]
   USER 196 = user65:pwd65	[MsgId: MMSG-17999]
    2023-06-17 20:55:37.489 : Start page is opened	[MsgId: MMSG-17999]
    2023-06-17 20:55:41.710 : User is logged in with session 136655.92037262HAcQcDipQAtVzzzHtcVHfptDDtcf	[MsgId: MMSG-17999]
    2023-06-17 20:55:45.853 : User is logged out of session	[MsgId: MMSG-17999]
  2023-06-17 20:57:43.403 : IterationNum=197	[MsgId: MMSG-17999]
   USER 197 = user65:pwd65	[MsgId: MMSG-17999]
    2023-06-17 20:57:43.497 : Start page is opened	[MsgId: MMSG-17999]
    2023-06-17 20:57:49.452 : User is logged in with session 136655.930579182HAcQcDQptcQVzzzHtcVHfptDzfHf	[MsgId: MMSG-17999]
    2023-06-17 20:57:54.558 : User is logged out of session	[MsgId: MMSG-17999]
  2023-06-17 20:59:49.417 : IterationNum=198	[MsgId: MMSG-17999]
   USER 198 = user65:pwd65	[MsgId: MMSG-17999]
    2023-06-17 20:59:49.511 : Start page is opened	[MsgId: MMSG-17999]
    2023-06-17 20:59:53.775 : User is logged in with session 136655.940785743HAcQcDQpQftVzzzHtcVHfptDQHcf	[MsgId: MMSG-17999]
    2023-06-17 20:59:58.317 : User is logged out of session	[MsgId: MMSG-17999]
  2023-06-17 21:01:55.419 : IterationNum=199	[MsgId: MMSG-17999]
   USER 199 = user65:pwd65	[MsgId: MMSG-17999]
    2023-06-17 21:01:55.512 : Start page is opened	[MsgId: MMSG-17999]
    2023-06-17 21:02:00.600 : User is logged in with session 136655.950992305HAcQctAptHQVzzzHtcVHfpttciHf	[MsgId: MMSG-17999]
    2023-06-17 21:02:05.444 : User is logged out of session	[MsgId: MMSG-17999]
  2023-06-17 21:04:01.425 : IterationNum=200	[MsgId: MMSG-17999]
   USER 200 = user65:pwd65	[MsgId: MMSG-17999]
    2023-06-17 21:04:01.520 : Start page is opened	[MsgId: MMSG-17999]
    2023-06-17 21:04:05.984 : User is logged in with session 136655.961198866HAcQctVpAAtVzzzHtcVHfpttzAcf	[MsgId: MMSG-17999]
    2023-06-17 21:04:09.937 : User is logged out of session	[MsgId: MMSG-17999]
  2023-06-17 21:06:07.436 : IterationNum=201	[MsgId: MMSG-17999]
   USER 201 = user65:pwd65	[MsgId: MMSG-17999]
    2023-06-17 21:06:07.531 : Start page is opened	[MsgId: MMSG-17999]
    2023-06-17 21:06:13.247 : User is logged in with session 136655.971405427HAcQctVpfcQVzzzHtcVHfpttQVHf	[MsgId: MMSG-17999]
    2023-06-17 21:06:18.042 : User is logged out of session	[MsgId: MMSG-17999]
  2023-06-17 21:08:13.436 : IterationNum=202	[MsgId: MMSG-17999]
   USER 202 = user65:pwd65	[MsgId: MMSG-17999]
    2023-06-17 21:08:13.530 : Start page is opened	[MsgId: MMSG-17999]
    2023-06-17 21:08:17.631 : User is logged in with session 136655.981611989HAcQctcpAftVzzzHtcVHfptfcDcf	[MsgId: MMSG-17999]
    2023-06-17 21:08:23.769 : User is logged out of session	[MsgId: MMSG-17999]
  2023-06-17 21:10:19.440 : IterationNum=203	[MsgId: MMSG-17999]
   USER 203 = user65:pwd65	[MsgId: MMSG-17999]
    2023-06-17 21:10:19.534 : Start page is opened	[MsgId: MMSG-17999]
    2023-06-17 21:10:24.687 : User is logged in with session 136655.99181855HAcQctcpfHQVzzzHtcVHfptfftHf	[MsgId: MMSG-17999]
    2023-06-17 21:10:29.907 : User is logged out of session	[MsgId: MMSG-17999]
  2023-06-17 21:12:25.441 : IterationNum=204	[MsgId: MMSG-17999]
   USER 204 = user65:pwd65	[MsgId: MMSG-17999]
    2023-06-17 21:12:25.536 : Start page is opened	[MsgId: MMSG-17999]
    2023-06-17 21:12:31.183 : User is logged in with session 136656.002025111HAcQctDpVAtVzzzHtcVHfptfizcf	[MsgId: MMSG-17999]
    2023-06-17 21:12:36.764 : User is logged out of session	[MsgId: MMSG-17999]
  2023-06-17 21:14:31.453 : IterationNum=205	[MsgId: MMSG-17999]
   USER 205 = user65:pwd65	[MsgId: MMSG-17999]
    2023-06-17 21:14:31.546 : Start page is opened	[MsgId: MMSG-17999]
    2023-06-17 21:14:36.992 : User is logged in with session 136656.012231673HAcQctDpzcQVzzzHtcVHfptzVHHf	[MsgId: MMSG-17999]
    2023-06-17 21:14:43.331 : User is logged out of session	[MsgId: MMSG-17999]
  2023-06-17 21:16:37.463 : IterationNum=206	[MsgId: MMSG-17999]
   USER 206 = user65:pwd65	[MsgId: MMSG-17999]
    2023-06-17 21:16:37.556 : Start page is opened	[MsgId: MMSG-17999]
    2023-06-17 21:16:42.074 : User is logged in with session 136656.022438234HAcQcttpVftVzzzHtcVHfptztQcf	[MsgId: MMSG-17999]
    2023-06-17 21:16:46.196 : User is logged out of session	[MsgId: MMSG-17999]
  2023-06-17 21:18:43.464 : IterationNum=207	[MsgId: MMSG-17999]
   USER 207 = user65:pwd65	[MsgId: MMSG-17999]
    2023-06-17 21:18:43.559 : Start page is opened	[MsgId: MMSG-17999]
    2023-06-17 21:18:48.988 : User is logged in with session 136656.032644795HAcQcttpzHQVzzzHtcVHfptziAHf	[MsgId: MMSG-17999]
    2023-06-17 21:18:55.113 : User is logged out of session	[MsgId: MMSG-17999]
  2023-06-17 21:20:49.465 : IterationNum=208	[MsgId: MMSG-17999]
   USER 208 = user65:pwd65	[MsgId: MMSG-17999]
    2023-06-17 21:20:49.560 : Start page is opened	[MsgId: MMSG-17999]
    2023-06-17 21:20:54.731 : User is logged in with session 136656.042851357HAcQctfpcAtVzzzHtcVHfptHVccf	[MsgId: MMSG-17999]
    2023-06-17 21:20:59.101 : User is logged out of session	[MsgId: MMSG-17999]
  2023-06-17 21:22:55.466 : IterationNum=209	[MsgId: MMSG-17999]
   USER 209 = user65:pwd65	[MsgId: MMSG-17999]
    2023-06-17 21:22:55.560 : Start page is opened	[MsgId: MMSG-17999]
    2023-06-17 21:23:00.304 : User is logged in with session 136656.053057918HAcQctfpHcQVzzzHtcVHfptHtDHf	[MsgId: MMSG-17999]
    2023-06-17 21:23:05.513 : User is logged out of session	[MsgId: MMSG-17999]
  2023-06-17 21:25:01.474 : IterationNum=210	[MsgId: MMSG-17999]
   USER 210 = user65:pwd65	[MsgId: MMSG-17999]
    2023-06-17 21:25:01.568 : Start page is opened	[MsgId: MMSG-17999]
    2023-06-17 21:25:07.513 : User is logged in with session 136656.06326448HAcQctzpcftVzzzHtcVHfptHHfcf	[MsgId: MMSG-17999]
    2023-06-17 21:25:11.407 : User is logged out of session	[MsgId: MMSG-17999]
  2023-06-17 21:27:07.486 : IterationNum=211	[MsgId: MMSG-17999]
   USER 211 = user65:pwd65	[MsgId: MMSG-17999]
    2023-06-17 21:27:07.580 : Start page is opened	[MsgId: MMSG-17999]
    2023-06-17 21:27:13.254 : User is logged in with session 136656.073471041HAcQctzpHHQVzzzHtcVHfptiAzHf	[MsgId: MMSG-17999]
    2023-06-17 21:27:18.567 : User is logged out of session	[MsgId: MMSG-17999]
  2023-06-17 21:29:13.489 : IterationNum=212	[MsgId: MMSG-17999]
   USER 212 = user65:pwd65	[MsgId: MMSG-17999]
    2023-06-17 21:29:13.584 : Start page is opened	[MsgId: MMSG-17999]
    2023-06-17 21:29:18.092 : User is logged in with session 136656.083677602HAcQctHpDAtVzzzHtcVHfptiDicf	[MsgId: MMSG-17999]
    2023-06-17 21:29:23.758 : User is logged out of session	[MsgId: MMSG-17999]
  2023-06-17 21:31:19.493 : IterationNum=213	[MsgId: MMSG-17999]
   USER 213 = user65:pwd65	[MsgId: MMSG-17999]
    2023-06-17 21:31:19.588 : Start page is opened	[MsgId: MMSG-17999]
    2023-06-17 21:31:24.422 : User is logged in with session 136656.093884164HAcQctHpicQVzzzHtcVHfptizQHf	[MsgId: MMSG-17999]
    2023-06-17 21:31:29.111 : User is logged out of session	[MsgId: MMSG-17999]
  2023-06-17 21:33:25.506 : IterationNum=214	[MsgId: MMSG-17999]
   USER 214 = user65:pwd65	[MsgId: MMSG-17999]
    2023-06-17 21:33:25.600 : Start page is opened	[MsgId: MMSG-17999]
    2023-06-17 21:33:30.515 : User is logged in with session 136656.104090725HAcQctipDftVzzzHtcVHfptQAVcf	[MsgId: MMSG-17999]
    2023-06-17 21:33:35.772 : User is logged out of session	[MsgId: MMSG-17999]
  2023-06-17 21:35:31.514 : IterationNum=215	[MsgId: MMSG-17999]
   USER 215 = user65:pwd65	[MsgId: MMSG-17999]
    2023-06-17 21:35:31.606 : Start page is opened	[MsgId: MMSG-17999]
    2023-06-17 21:35:36.316 : User is logged in with session 136656.114297286HAcQctipiHQVzzzHtcVHfptQDcHf	[MsgId: MMSG-17999]
    2023-06-17 21:35:40.611 : User is logged out of session	[MsgId: MMSG-17999]
  2023-06-17 21:37:37.516 : IterationNum=216	[MsgId: MMSG-17999]
   USER 216 = user65:pwd65	[MsgId: MMSG-17999]
    2023-06-17 21:37:37.608 : Start page is opened	[MsgId: MMSG-17999]
    2023-06-17 21:37:41.953 : User is logged in with session 136656.124503848HAcQctQptAtVzzzHtcVHfptQztcf	[MsgId: MMSG-17999]
    2023-06-17 21:37:47.038 : User is logged out of session	[MsgId: MMSG-17999]
  2023-06-17 21:39:43.531 : IterationNum=217	[MsgId: MMSG-17999]
   USER 217 = user65:pwd65	[MsgId: MMSG-17999]
    2023-06-17 21:39:43.626 : Start page is opened	[MsgId: MMSG-17999]
    2023-06-17 21:39:48.747 : User is logged in with session 136656.134710409HAcQctQpQcQVzzzHtcVHfptQQfHf	[MsgId: MMSG-17999]
    2023-06-17 21:39:53.811 : User is logged out of session	[MsgId: MMSG-17999]
  2023-06-17 21:41:49.532 : IterationNum=218	[MsgId: MMSG-17999]
   USER 218 = user65:pwd65	[MsgId: MMSG-17999]
    2023-06-17 21:41:49.626 : Start page is opened	[MsgId: MMSG-17999]
    2023-06-17 21:41:54.887 : User is logged in with session 136656.14491697HAcQcfAptftVzzzHtcVHfpfAcHcf	[MsgId: MMSG-17999]
    2023-06-17 21:41:59.771 : User is logged out of session	[MsgId: MMSG-17999]
  2023-06-17 21:43:55.542 : IterationNum=219	[MsgId: MMSG-17999]
   USER 219 = user65:pwd65	[MsgId: MMSG-17999]
    2023-06-17 21:43:55.637 : Start page is opened	[MsgId: MMSG-17999]
    2023-06-17 21:44:00.910 : User is logged in with session 136656.155123532HAcQcfApQHQVzzzHtcVHfpfAfiHf	[MsgId: MMSG-17999]
    2023-06-17 21:44:06.795 : User is logged out of session	[MsgId: MMSG-17999]
  2023-06-17 21:46:01.542 : IterationNum=220	[MsgId: MMSG-17999]
   USER 220 = user65:pwd65	[MsgId: MMSG-17999]
    2023-06-17 21:46:01.637 : Start page is opened	[MsgId: MMSG-17999]
    2023-06-17 21:46:06.787 : User is logged in with session 136656.165330093HAcQcfVpfAtVzzzHtcVHfpfAQAcf	[MsgId: MMSG-17999]
    2023-06-17 21:46:11.262 : User is logged out of session	[MsgId: MMSG-17999]
  2023-06-17 21:48:07.546 : IterationNum=221	[MsgId: MMSG-17999]
   USER 221 = user65:pwd65	[MsgId: MMSG-17999]
    2023-06-17 21:48:07.639 : Start page is opened	[MsgId: MMSG-17999]
    2023-06-17 21:48:11.653 : User is logged in with session 136656.175536655HAcQcfcpAcQVzzzHtcVHfpfVcVHf	[MsgId: MMSG-17999]
    2023-06-17 21:48:17.653 : User is logged out of session	[MsgId: MMSG-17999]
  2023-06-17 21:50:13.553 : IterationNum=222	[MsgId: MMSG-17999]
   USER 222 = user65:pwd65	[MsgId: MMSG-17999]
    2023-06-17 21:50:13.648 : Start page is opened	[MsgId: MMSG-17999]
    2023-06-17 21:50:18.421 : User is logged in with session 136656.185743216HAcQcfcpfftVzzzHtcVHfpfVfDcf	[MsgId: MMSG-17999]
    2023-06-17 21:50:24.712 : User is logged out of session	[MsgId: MMSG-17999]
  2023-06-17 21:52:19.561 : IterationNum=223	[MsgId: MMSG-17999]
   USER 223 = user65:pwd65	[MsgId: MMSG-17999]
    2023-06-17 21:52:19.655 : Start page is opened	[MsgId: MMSG-17999]
    2023-06-17 21:52:25.920 : User is logged in with session 136656.195949777HAcQcfDpAHQVzzzHtcVHfpfVitHf	[MsgId: MMSG-17999]
    2023-06-17 21:52:31.267 : User is logged out of session	[MsgId: MMSG-17999]
  2023-06-17 21:54:25.566 : IterationNum=224	[MsgId: MMSG-17999]
   USER 224 = user65:pwd65	[MsgId: MMSG-17999]
    2023-06-17 21:54:25.661 : Start page is opened	[MsgId: MMSG-17999]
    2023-06-17 21:54:31.808 : User is logged in with session 136656.206156339HAcQcfDpzAtVzzzHtcVHfpfcVzcf	[MsgId: MMSG-17999]
    2023-06-17 21:54:36.314 : User is logged out of session	[MsgId: MMSG-17999]
  2023-06-17 21:56:31.577 : IterationNum=225	[MsgId: MMSG-17999]
   USER 225 = user65:pwd65	[MsgId: MMSG-17999]
    2023-06-17 21:56:31.671 : Start page is opened	[MsgId: MMSG-17999]
    2023-06-17 21:56:36.396 : User is logged in with session 136656.2163629HAcQcftpVcQVzzzHtcVHfpfctHHf	[MsgId: MMSG-17999]
    2023-06-17 21:56:40.642 : User is logged out of session	[MsgId: MMSG-17999]
  2023-06-17 21:58:37.590 : IterationNum=226	[MsgId: MMSG-17999]
   USER 226 = user65:pwd65	[MsgId: MMSG-17999]
    2023-06-17 21:58:37.684 : Start page is opened	[MsgId: MMSG-17999]
    2023-06-17 21:58:43.815 : User is logged in with session 136656.226569461HAcQcftpzftVzzzHtcVHfpfcHQcf	[MsgId: MMSG-17999]
    2023-06-17 21:58:48.643 : User is logged out of session	[MsgId: MMSG-17999]
  2023-06-17 22:00:43.605 : IterationNum=227	[MsgId: MMSG-17999]
   USER 227 = user65:pwd65	[MsgId: MMSG-17999]
    2023-06-17 22:00:43.699 : Start page is opened	[MsgId: MMSG-17999]
    2023-06-17 22:00:49.260 : User is logged in with session 136656.236776023HAcQcffpVHQVzzzHtcVHfpfDVAHf	[MsgId: MMSG-17999]
    2023-06-17 22:00:53.716 : User is logged out of session	[MsgId: MMSG-17999]
  2023-06-17 22:02:49.606 : IterationNum=228	[MsgId: MMSG-17999]
   USER 228 = user65:pwd65	[MsgId: MMSG-17999]
    2023-06-17 22:02:49.699 : Start page is opened	[MsgId: MMSG-17999]
    2023-06-17 22:02:55.434 : User is logged in with session 136656.246982584HAcQcffpHAtVzzzHtcVHfpfDtccf	[MsgId: MMSG-17999]
    2023-06-17 22:02:59.825 : User is logged out of session	[MsgId: MMSG-17999]
  2023-06-17 22:04:55.611 : IterationNum=229	[MsgId: MMSG-17999]
   USER 229 = user65:pwd65	[MsgId: MMSG-17999]
    2023-06-17 22:04:55.705 : Start page is opened	[MsgId: MMSG-17999]
    2023-06-17 22:05:02.073 : User is logged in with session 136656.257189145HAcQcfzpccQVzzzHtcVHfpfDHDHf	[MsgId: MMSG-17999]
    2023-06-17 22:05:08.218 : User is logged out of session	[MsgId: MMSG-17999]
  2023-06-17 22:07:01.612 : IterationNum=230	[MsgId: MMSG-17999]
   USER 230 = user65:pwd65	[MsgId: MMSG-17999]
    2023-06-17 22:07:01.707 : Start page is opened	[MsgId: MMSG-17999]
    2023-06-17 22:07:06.075 : User is logged in with session 136656.267395707HAcQcfzpHftVzzzHtcVHfpftAfcf	[MsgId: MMSG-17999]
    2023-06-17 22:07:11.206 : User is logged out of session	[MsgId: MMSG-17999]
  2023-06-17 22:09:07.621 : IterationNum=231	[MsgId: MMSG-17999]
   USER 231 = user65:pwd65	[MsgId: MMSG-17999]
    2023-06-17 22:09:07.715 : Start page is opened	[MsgId: MMSG-17999]
    2023-06-17 22:09:13.359 : User is logged in with session 136656.277602268HAcQcfHpcHQVzzzHtcVHfpftDzHf	[MsgId: MMSG-17999]
    2023-06-17 22:09:17.979 : User is logged out of session	[MsgId: MMSG-17999]
  2023-06-17 22:11:13.637 : IterationNum=232	[MsgId: MMSG-17999]
   USER 232 = user65:pwd65	[MsgId: MMSG-17999]
    2023-06-17 22:11:13.730 : Start page is opened	[MsgId: MMSG-17999]
    2023-06-17 22:11:18.416 : User is logged in with session 136656.287808829HAcQcfHpiAtVzzzHtcVHfpftzicf	[MsgId: MMSG-17999]
    2023-06-17 22:11:24.275 : User is logged out of session	[MsgId: MMSG-17999]
  2023-06-17 22:13:19.651 : IterationNum=233	[MsgId: MMSG-17999]
   USER 233 = user65:pwd65	[MsgId: MMSG-17999]
    2023-06-17 22:13:19.746 : Start page is opened	[MsgId: MMSG-17999]
    2023-06-17 22:13:25.542 : User is logged in with session 136656.298015391HAcQcfipDcQVzzzHtcVHfpftQQHf	[MsgId: MMSG-17999]
    2023-06-17 22:13:31.804 : User is logged out of session	[MsgId: MMSG-17999]
  2023-06-17 22:15:25.654 : IterationNum=234	[MsgId: MMSG-17999]
   USER 234 = user65:pwd65	[MsgId: MMSG-17999]
    2023-06-17 22:15:25.747 : Start page is opened	[MsgId: MMSG-17999]
    2023-06-17 22:15:31.321 : User is logged in with session 136656.308221952HAcQcfipiftVzzzHtcVHfpffDVcf	[MsgId: MMSG-17999]
    2023-06-17 22:15:35.594 : User is logged out of session	[MsgId: MMSG-17999]
  2023-06-17 22:17:31.661 : IterationNum=235	[MsgId: MMSG-17999]
   USER 235 = user65:pwd65	[MsgId: MMSG-17999]
    2023-06-17 22:17:31.756 : Start page is opened	[MsgId: MMSG-17999]
    2023-06-17 22:17:38.074 : User is logged in with session 136656.318428514HAcQcfQpDHQVzzzHtcVHfpffzcHf	[MsgId: MMSG-17999]
    2023-06-17 22:17:43.230 : User is logged out of session	[MsgId: MMSG-17999]
  2023-06-17 22:19:37.663 : IterationNum=236	[MsgId: MMSG-17999]
   USER 236 = user65:pwd65	[MsgId: MMSG-17999]
    2023-06-17 22:19:37.757 : Start page is opened	[MsgId: MMSG-17999]
    2023-06-17 22:19:43.329 : User is logged in with session 136656.328635075HAcQcfQpQAtVzzzHtcVHfpffQtcf	[MsgId: MMSG-17999]
    2023-06-17 22:19:47.821 : User is logged out of session	[MsgId: MMSG-17999]
  2023-06-17 22:21:43.669 : IterationNum=237	[MsgId: MMSG-17999]
   USER 237 = user65:pwd65	[MsgId: MMSG-17999]
    2023-06-17 22:21:43.763 : Start page is opened	[MsgId: MMSG-17999]
    2023-06-17 22:21:47.677 : User is logged in with session 136656.338841636HAcQczAptcQVzzzHtcVHfpfzcfHf	[MsgId: MMSG-17999]
    2023-06-17 22:21:53.273 : User is logged out of session	[MsgId: MMSG-17999]
