  2023-06-17 14:08:36.318 : IterationNum=1	[MsgId: MMSG-17999]
   USER 1 = user80:pwd80	[MsgId: MMSG-17999]
    2023-06-17 14:08:36.404 : Start page is opened	[MsgId: MMSG-17999]
    2023-06-17 14:08:41.670 : User is logged in with session 136653.942162819HAcQVDHpVftcVHtpiccQ	[MsgId: MMSG-17999]
    2023-06-17 14:08:46.210 : User is logged out of session	[MsgId: MMSG-17999]
  2023-06-17 14:10:42.335 : IterationNum=2	[MsgId: MMSG-17999]
   USER 2 = user80:pwd80	[MsgId: MMSG-17999]
    2023-06-17 14:10:42.428 : Start page is opened	[MsgId: MMSG-17999]
    2023-06-17 14:10:47.012 : User is logged in with session 136653.95236938HAcQVDHpzHftcVHtpiczAf	[MsgId: MMSG-17999]
    2023-06-17 14:10:52.148 : User is logged out of session	[MsgId: MMSG-17999]
  2023-06-17 14:12:48.343 : IterationNum=3	[MsgId: MMSG-17999]
   USER 3 = user80:pwd80	[MsgId: MMSG-17999]
    2023-06-17 14:12:48.437 : Start page is opened	[MsgId: MMSG-17999]
    2023-06-17 14:12:53.783 : User is logged in with session 136653.962575942HAcQVDipctcVHtpicQc	[MsgId: MMSG-17999]
    2023-06-17 14:12:58.432 : User is logged out of session	[MsgId: MMSG-17999]
  2023-06-17 14:14:54.352 : IterationNum=4	[MsgId: MMSG-17999]
   USER 4 = user80:pwd80	[MsgId: MMSG-17999]
    2023-06-17 14:14:54.446 : Start page is opened	[MsgId: MMSG-17999]
    2023-06-17 14:15:00.670 : User is logged in with session 136653.972782503HAcQVDipHcftcVHtpiDcDf	[MsgId: MMSG-17999]
    2023-06-17 14:15:05.034 : User is logged out of session	[MsgId: MMSG-17999]
  2023-06-17 14:17:00.360 : IterationNum=5	[MsgId: MMSG-17999]
   USER 5 = user80:pwd80	[MsgId: MMSG-17999]
    2023-06-17 14:17:00.453 : Start page is opened	[MsgId: MMSG-17999]
    2023-06-17 14:17:06.016 : User is logged in with session 136653.982989064HAcQVDQpcftcVHtpiDff	[MsgId: MMSG-17999]
    2023-06-17 14:17:12.123 : User is logged out of session	[MsgId: MMSG-17999]
  2023-06-17 14:19:06.362 : IterationNum=6	[MsgId: MMSG-17999]
   USER 6 = user80:pwd80	[MsgId: MMSG-17999]
    2023-06-17 14:19:06.457 : Start page is opened	[MsgId: MMSG-17999]
    2023-06-17 14:19:12.349 : User is logged in with session 136653.993195626HAcQVDQpHHftcVHtpiDizf	[MsgId: MMSG-17999]
    2023-06-17 14:19:18.149 : User is logged out of session	[MsgId: MMSG-17999]
  2023-06-17 14:21:12.372 : IterationNum=7	[MsgId: MMSG-17999]
   USER 7 = user80:pwd80	[MsgId: MMSG-17999]
    2023-06-17 14:21:12.468 : Start page is opened	[MsgId: MMSG-17999]
    2023-06-17 14:21:17.157 : User is logged in with session 136654.003402187HAcQVtApDtcVHtpitVi	[MsgId: MMSG-17999]
    2023-06-17 14:21:23.101 : User is logged out of session	[MsgId: MMSG-17999]
  2023-06-17 14:23:18.375 : IterationNum=8	[MsgId: MMSG-17999]
   USER 8 = user80:pwd80	[MsgId: MMSG-17999]
    2023-06-17 14:23:18.470 : Start page is opened	[MsgId: MMSG-17999]
    2023-06-17 14:23:22.639 : User is logged in with session 136654.013608748HAcQVtApicftcVHtpittQf	[MsgId: MMSG-17999]
    2023-06-17 14:23:26.953 : User is logged out of session	[MsgId: MMSG-17999]
  2023-06-17 14:25:24.377 : IterationNum=9	[MsgId: MMSG-17999]
   USER 9 = user80:pwd80	[MsgId: MMSG-17999]
    2023-06-17 14:25:24.472 : Start page is opened	[MsgId: MMSG-17999]
    2023-06-17 14:25:28.792 : User is logged in with session 136654.02381531HAcQVtVpDftcVHtpitiV	[MsgId: MMSG-17999]
    2023-06-17 14:25:34.251 : User is logged out of session	[MsgId: MMSG-17999]
  2023-06-17 14:27:30.391 : IterationNum=10	[MsgId: MMSG-17999]
   USER 10 = user80:pwd80	[MsgId: MMSG-17999]
    2023-06-17 14:27:30.485 : Start page is opened	[MsgId: MMSG-17999]
    2023-06-17 14:27:35.050 : User is logged in with session 136654.034021871HAcQVtVpiHftcVHtpifVcf	[MsgId: MMSG-17999]
    2023-06-17 14:27:40.679 : User is logged out of session	[MsgId: MMSG-17999]
  2023-06-17 14:29:36.401 : IterationNum=11	[MsgId: MMSG-17999]
   USER 11 = user80:pwd80	[MsgId: MMSG-17999]
    2023-06-17 14:29:36.496 : Start page is opened	[MsgId: MMSG-17999]
    2023-06-17 14:29:42.069 : User is logged in with session 136654.044228433HAcQVtcpttcVHtpiftt	[MsgId: MMSG-17999]
    2023-06-17 14:29:46.183 : User is logged out of session	[MsgId: MMSG-17999]
  2023-06-17 14:31:42.408 : IterationNum=12	[MsgId: MMSG-17999]
   USER 12 = user80:pwd80	[MsgId: MMSG-17999]
    2023-06-17 14:31:42.501 : Start page is opened	[MsgId: MMSG-17999]
    2023-06-17 14:31:47.716 : User is logged in with session 136654.054434994HAcQVtcpQcftcVHtpifHff	[MsgId: MMSG-17999]
    2023-06-17 14:31:53.931 : User is logged out of session	[MsgId: MMSG-17999]
  2023-06-17 14:33:48.414 : IterationNum=13	[MsgId: MMSG-17999]
   USER 13 = user80:pwd80	[MsgId: MMSG-17999]
    2023-06-17 14:33:48.508 : Start page is opened	[MsgId: MMSG-17999]
    2023-06-17 14:33:54.518 : User is logged in with session 136654.064641555HAcQVtDptftcVHtpizAH	[MsgId: MMSG-17999]
    2023-06-17 14:33:59.722 : User is logged out of session	[MsgId: MMSG-17999]
  2023-06-17 14:35:54.423 : IterationNum=14	[MsgId: MMSG-17999]
   USER 14 = user80:pwd80	[MsgId: MMSG-17999]
    2023-06-17 14:35:54.518 : Start page is opened	[MsgId: MMSG-17999]
    2023-06-17 14:36:00.338 : User is logged in with session 136654.074848117HAcQVtDpQHftcVHtpizDif	[MsgId: MMSG-17999]
    2023-06-17 14:36:05.663 : User is logged out of session	[MsgId: MMSG-17999]
  2023-06-17 14:38:00.432 : IterationNum=15	[MsgId: MMSG-17999]
   USER 15 = user80:pwd80	[MsgId: MMSG-17999]
    2023-06-17 14:38:00.527 : Start page is opened	[MsgId: MMSG-17999]
    2023-06-17 14:38:06.864 : User is logged in with session 136654.085054678HAcQVttpftcVHtpizH	[MsgId: MMSG-17999]
    2023-06-17 14:38:11.893 : User is logged out of session	[MsgId: MMSG-17999]
  2023-06-17 14:40:06.440 : IterationNum=16	[MsgId: MMSG-17999]
   USER 16 = user80:pwd80	[MsgId: MMSG-17999]
    2023-06-17 14:40:06.533 : Start page is opened	[MsgId: MMSG-17999]
    2023-06-17 14:40:12.008 : User is logged in with session 136654.095261239HAcQVtfpAcftcVHtpiHAVf	[MsgId: MMSG-17999]
    2023-06-17 14:40:17.814 : User is logged out of session	[MsgId: MMSG-17999]
  2023-06-17 14:42:12.454 : IterationNum=17	[MsgId: MMSG-17999]
   USER 17 = user80:pwd80	[MsgId: MMSG-17999]
    2023-06-17 14:42:12.547 : Start page is opened	[MsgId: MMSG-17999]
    2023-06-17 14:42:18.378 : User is logged in with session 136654.105467801HAcQVtfpfftcVHtpiHDD	[MsgId: MMSG-17999]
    2023-06-17 14:42:23.826 : User is logged out of session	[MsgId: MMSG-17999]
  2023-06-17 14:44:18.468 : IterationNum=18	[MsgId: MMSG-17999]
   USER 18 = user80:pwd80	[MsgId: MMSG-17999]
    2023-06-17 14:44:18.563 : Start page is opened	[MsgId: MMSG-17999]
    2023-06-17 14:44:23.152 : User is logged in with session 136654.115674362HAcQVtzpAHftcVHtpiHztf	[MsgId: MMSG-17999]
    2023-06-17 14:44:28.981 : User is logged out of session	[MsgId: MMSG-17999]
  2023-06-17 14:46:24.470 : IterationNum=19	[MsgId: MMSG-17999]
   USER 19 = user80:pwd80	[MsgId: MMSG-17999]
    2023-06-17 14:46:24.563 : Start page is opened	[MsgId: MMSG-17999]
    2023-06-17 14:46:29.294 : User is logged in with session 136654.125880923HAcQVtzpztcVHtpiHQz	[MsgId: MMSG-17999]
    2023-06-17 14:46:34.760 : User is logged out of session	[MsgId: MMSG-17999]
  2023-06-17 14:48:30.480 : IterationNum=20	[MsgId: MMSG-17999]
   USER 20 = user80:pwd80	[MsgId: MMSG-17999]
    2023-06-17 14:48:30.575 : Start page is opened	[MsgId: MMSG-17999]
    2023-06-17 14:48:35.127 : User is logged in with session 136654.136087485HAcQVtHpVcftcVHtpiicHf	[MsgId: MMSG-17999]
    2023-06-17 14:48:40.640 : User is logged out of session	[MsgId: MMSG-17999]
  2023-06-17 14:50:36.495 : IterationNum=21	[MsgId: MMSG-17999]
   USER 21 = user80:pwd80	[MsgId: MMSG-17999]
    2023-06-17 14:50:36.589 : Start page is opened	[MsgId: MMSG-17999]
    2023-06-17 14:50:42.558 : User is logged in with session 136654.146294046HAcQVtHpzftcVHtpiifQ	[MsgId: MMSG-17999]
    2023-06-17 14:50:47.084 : User is logged out of session	[MsgId: MMSG-17999]
  2023-06-17 14:52:42.504 : IterationNum=22	[MsgId: MMSG-17999]
   USER 22 = user80:pwd80	[MsgId: MMSG-17999]
    2023-06-17 14:52:42.599 : Start page is opened	[MsgId: MMSG-17999]
    2023-06-17 14:52:47.253 : User is logged in with session 136654.156500608HAcQVtipVHftcVHtpiiQAf	[MsgId: MMSG-17999]
    2023-06-17 14:52:52.531 : User is logged out of session	[MsgId: MMSG-17999]
  2023-06-17 14:54:48.516 : IterationNum=23	[MsgId: MMSG-17999]
   USER 23 = user80:pwd80	[MsgId: MMSG-17999]
    2023-06-17 14:54:48.611 : Start page is opened	[MsgId: MMSG-17999]
    2023-06-17 14:54:53.840 : User is logged in with session 136654.166707169HAcQVtipHtcVHtpiQcc	[MsgId: MMSG-17999]
    2023-06-17 14:54:57.849 : User is logged out of session	[MsgId: MMSG-17999]
  2023-06-17 14:56:54.529 : IterationNum=24	[MsgId: MMSG-17999]
   USER 24 = user80:pwd80	[MsgId: MMSG-17999]
    2023-06-17 14:56:54.622 : Start page is opened	[MsgId: MMSG-17999]
    2023-06-17 14:57:00.048 : User is logged in with session 136654.17691373HAcQVtQpccftcVHtpiQfDf	[MsgId: MMSG-17999]
    2023-06-17 14:57:04.343 : User is logged out of session	[MsgId: MMSG-17999]
  2023-06-17 14:59:00.530 : IterationNum=25	[MsgId: MMSG-17999]
   USER 25 = user80:pwd80	[MsgId: MMSG-17999]
    2023-06-17 14:59:00.620 : Start page is opened	[MsgId: MMSG-17999]
    2023-06-17 14:59:06.046 : User is logged in with session 136654.187120292HAcQVtQpHftcVHtpiQif	[MsgId: MMSG-17999]
    2023-06-17 14:59:10.349 : User is logged out of session	[MsgId: MMSG-17999]
  2023-06-17 15:01:06.539 : IterationNum=26	[MsgId: MMSG-17999]
   USER 26 = user80:pwd80	[MsgId: MMSG-17999]
    2023-06-17 15:01:06.634 : Start page is opened	[MsgId: MMSG-17999]
    2023-06-17 15:01:11.062 : User is logged in with session 136654.197326853HAcQVfApcHftcVHtpQAVzf	[MsgId: MMSG-17999]
    2023-06-17 15:01:15.620 : User is logged out of session	[MsgId: MMSG-17999]
  2023-06-17 15:03:12.541 : IterationNum=27	[MsgId: MMSG-17999]
   USER 27 = user80:pwd80	[MsgId: MMSG-17999]
    2023-06-17 15:03:12.636 : Start page is opened	[MsgId: MMSG-17999]
    2023-06-17 15:03:18.493 : User is logged in with session 136654.207533414HAcQVfApitcVHtpQAti	[MsgId: MMSG-17999]
    2023-06-17 15:03:23.454 : User is logged out of session	[MsgId: MMSG-17999]
  2023-06-17 15:05:18.547 : IterationNum=28	[MsgId: MMSG-17999]
   USER 28 = user80:pwd80	[MsgId: MMSG-17999]
    2023-06-17 15:05:18.642 : Start page is opened	[MsgId: MMSG-17999]
    2023-06-17 15:05:22.972 : User is logged in with session 136654.217739976HAcQVfVpDcftcVHtpQAHQf	[MsgId: MMSG-17999]
    2023-06-17 15:05:28.907 : User is logged out of session	[MsgId: MMSG-17999]
  2023-06-17 15:07:24.550 : IterationNum=29	[MsgId: MMSG-17999]
   USER 29 = user80:pwd80	[MsgId: MMSG-17999]
    2023-06-17 15:07:24.645 : Start page is opened	[MsgId: MMSG-17999]
    2023-06-17 15:07:29.477 : User is logged in with session 136654.227946537HAcQVfVpiftcVHtpQVVV	[MsgId: MMSG-17999]
    2023-06-17 15:07:35.352 : User is logged out of session	[MsgId: MMSG-17999]
  2023-06-17 15:09:30.560 : IterationNum=30	[MsgId: MMSG-17999]
   USER 30 = user80:pwd80	[MsgId: MMSG-17999]
    2023-06-17 15:09:30.653 : Start page is opened	[MsgId: MMSG-17999]
    2023-06-17 15:09:35.101 : User is logged in with session 136654.238153098HAcQVfcpDHftcVHtpQVtcf	[MsgId: MMSG-17999]
    2023-06-17 15:09:39.797 : User is logged out of session	[MsgId: MMSG-17999]
  2023-06-17 15:11:36.573 : IterationNum=31	[MsgId: MMSG-17999]
   USER 31 = user80:pwd80	[MsgId: MMSG-17999]
    2023-06-17 15:11:36.667 : Start page is opened	[MsgId: MMSG-17999]
    2023-06-17 15:11:42.796 : User is logged in with session 136654.24835966HAcQVfcpQtcVHtpQVHt	[MsgId: MMSG-17999]
    2023-06-17 15:11:47.877 : User is logged out of session	[MsgId: MMSG-17999]
  2023-06-17 15:13:42.577 : IterationNum=32	[MsgId: MMSG-17999]
   USER 32 = user80:pwd80	[MsgId: MMSG-17999]
    2023-06-17 15:13:42.672 : Start page is opened	[MsgId: MMSG-17999]
    2023-06-17 15:13:47.250 : User is logged in with session 136654.258566221HAcQVfDptcftcVHtpQcAff	[MsgId: MMSG-17999]
    2023-06-17 15:13:53.574 : User is logged out of session	[MsgId: MMSG-17999]
  2023-06-17 15:15:48.581 : IterationNum=33	[MsgId: MMSG-17999]
   USER 33 = user80:pwd80	[MsgId: MMSG-17999]
    2023-06-17 15:15:48.675 : Start page is opened	[MsgId: MMSG-17999]
    2023-06-17 15:15:53.747 : User is logged in with session 136654.268772783HAcQVfDpQftcVHtpQcDH	[MsgId: MMSG-17999]
    2023-06-17 15:15:58.936 : User is logged out of session	[MsgId: MMSG-17999]
  2023-06-17 15:17:54.587 : IterationNum=34	[MsgId: MMSG-17999]
   USER 34 = user80:pwd80	[MsgId: MMSG-17999]
    2023-06-17 15:17:54.679 : Start page is opened	[MsgId: MMSG-17999]
    2023-06-17 15:17:59.646 : User is logged in with session 136654.278979344HAcQVftptHftcVHtpQczif	[MsgId: MMSG-17999]
    2023-06-17 15:18:05.110 : User is logged out of session	[MsgId: MMSG-17999]
  2023-06-17 15:20:00.600 : IterationNum=35	[MsgId: MMSG-17999]
   USER 35 = user80:pwd80	[MsgId: MMSG-17999]
    2023-06-17 15:20:00.695 : Start page is opened	[MsgId: MMSG-17999]
    2023-06-17 15:20:04.569 : User is logged in with session 136654.289185905HAcQVfftcVHtpQD	[MsgId: MMSG-17999]
    2023-06-17 15:20:09.247 : User is logged out of session	[MsgId: MMSG-17999]
  2023-06-17 15:22:06.609 : IterationNum=36	[MsgId: MMSG-17999]
   USER 36 = user80:pwd80	[MsgId: MMSG-17999]
    2023-06-17 15:22:06.703 : Start page is opened	[MsgId: MMSG-17999]
    2023-06-17 15:22:10.976 : User is logged in with session 136654.299392467HAcQVffpfcftcVHtpQDDVf	[MsgId: MMSG-17999]
    2023-06-17 15:22:15.992 : User is logged out of session	[MsgId: MMSG-17999]
  2023-06-17 15:24:12.625 : IterationNum=37	[MsgId: MMSG-17999]
   USER 37 = user80:pwd80	[MsgId: MMSG-17999]
    2023-06-17 15:24:12.719 : Start page is opened	[MsgId: MMSG-17999]
    2023-06-17 15:24:19.081 : User is logged in with session 136654.309599028HAcQVfzpAftcVHtpQDzD	[MsgId: MMSG-17999]
    2023-06-17 15:24:23.491 : User is logged out of session	[MsgId: MMSG-17999]
  2023-06-17 15:26:18.639 : IterationNum=38	[MsgId: MMSG-17999]
   USER 38 = user80:pwd80	[MsgId: MMSG-17999]
    2023-06-17 15:26:18.733 : Start page is opened	[MsgId: MMSG-17999]
    2023-06-17 15:26:23.422 : User is logged in with session 136654.319805589HAcQVfzpfHftcVHtpQDQtf	[MsgId: MMSG-17999]
    2023-06-17 15:26:28.865 : User is logged out of session	[MsgId: MMSG-17999]
  2023-06-17 15:28:24.641 : IterationNum=39	[MsgId: MMSG-17999]
   USER 39 = user80:pwd80	[MsgId: MMSG-17999]
    2023-06-17 15:28:24.735 : Start page is opened	[MsgId: MMSG-17999]
    2023-06-17 15:28:29.952 : User is logged in with session 136654.330012151HAcQVfHpVtcVHtpQtcz	[MsgId: MMSG-17999]
    2023-06-17 15:28:34.014 : User is logged out of session	[MsgId: MMSG-17999]
  2023-06-17 15:30:30.653 : IterationNum=40	[MsgId: MMSG-17999]
   USER 40 = user80:pwd80	[MsgId: MMSG-17999]
    2023-06-17 15:30:30.747 : Start page is opened	[MsgId: MMSG-17999]
    2023-06-17 15:30:36.071 : User is logged in with session 136654.340218712HAcQVfHpzcftcVHtpQtfHf	[MsgId: MMSG-17999]
    2023-06-17 15:30:40.653 : User is logged out of session	[MsgId: MMSG-17999]
  2023-06-17 15:32:36.656 : IterationNum=41	[MsgId: MMSG-17999]
   USER 41 = user80:pwd80	[MsgId: MMSG-17999]
    2023-06-17 15:32:36.749 : Start page is opened	[MsgId: MMSG-17999]
    2023-06-17 15:32:42.664 : User is logged in with session 136654.350425273HAcQVfipVftcVHtpQtiQ	[MsgId: MMSG-17999]
    2023-06-17 15:32:46.665 : User is logged out of session	[MsgId: MMSG-17999]
  2023-06-17 15:34:42.668 : IterationNum=42	[MsgId: MMSG-17999]
   USER 42 = user80:pwd80	[MsgId: MMSG-17999]
    2023-06-17 15:34:42.761 : Start page is opened	[MsgId: MMSG-17999]
    2023-06-17 15:34:48.160 : User is logged in with session 136654.360631835HAcQVfipzHftcVHtpQfcAf	[MsgId: MMSG-17999]
    2023-06-17 15:34:53.574 : User is logged out of session	[MsgId: MMSG-17999]
  2023-06-17 15:36:48.675 : IterationNum=43	[MsgId: MMSG-17999]
   USER 43 = user80:pwd80	[MsgId: MMSG-17999]
    2023-06-17 15:36:48.769 : Start page is opened	[MsgId: MMSG-17999]
    2023-06-17 15:36:54.435 : User is logged in with session 136654.370838396HAcQVfQpctcVHtpQffc	[MsgId: MMSG-17999]
    2023-06-17 15:37:00.201 : User is logged out of session	[MsgId: MMSG-17999]
  2023-06-17 15:38:54.684 : IterationNum=44	[MsgId: MMSG-17999]
   USER 44 = user80:pwd80	[MsgId: MMSG-17999]
    2023-06-17 15:38:54.778 : Start page is opened	[MsgId: MMSG-17999]
    2023-06-17 15:39:00.753 : User is logged in with session 136654.381044957HAcQVfQpHcftcVHtpQfiDf	[MsgId: MMSG-17999]
    2023-06-17 15:39:05.891 : User is logged out of session	[MsgId: MMSG-17999]
  2023-06-17 15:41:00.697 : IterationNum=45	[MsgId: MMSG-17999]
   USER 45 = user80:pwd80	[MsgId: MMSG-17999]
    2023-06-17 15:41:00.791 : Start page is opened	[MsgId: MMSG-17999]
    2023-06-17 15:41:06.434 : User is logged in with session 136654.391251519HAcQVzApcftcVHtpQzVf	[MsgId: MMSG-17999]
    2023-06-17 15:41:10.907 : User is logged out of session	[MsgId: MMSG-17999]
  2023-06-17 15:43:06.701 : IterationNum=46	[MsgId: MMSG-17999]
   USER 46 = user80:pwd80	[MsgId: MMSG-17999]
    2023-06-17 15:43:06.795 : Start page is opened	[MsgId: MMSG-17999]
    2023-06-17 15:43:12.722 : User is logged in with session 136654.40145808HAcQVzApHHftcVHtpQztzf	[MsgId: MMSG-17999]
    2023-06-17 15:43:18.669 : User is logged out of session	[MsgId: MMSG-17999]
  2023-06-17 15:45:12.703 : IterationNum=47	[MsgId: MMSG-17999]
   USER 47 = user80:pwd80	[MsgId: MMSG-17999]
    2023-06-17 15:45:12.797 : Start page is opened	[MsgId: MMSG-17999]
    2023-06-17 15:45:17.420 : User is logged in with session 136654.411664642HAcQVzVpDtcVHtpQzHi	[MsgId: MMSG-17999]
    2023-06-17 15:45:23.358 : User is logged out of session	[MsgId: MMSG-17999]
  2023-06-17 15:47:18.715 : IterationNum=48	[MsgId: MMSG-17999]
   USER 48 = user80:pwd80	[MsgId: MMSG-17999]
    2023-06-17 15:47:18.809 : Start page is opened	[MsgId: MMSG-17999]
    2023-06-17 15:47:24.666 : User is logged in with session 136654.421871203HAcQVzVpicftcVHtpQHAQf	[MsgId: MMSG-17999]
    2023-06-17 15:47:30.986 : User is logged out of session	[MsgId: MMSG-17999]
  2023-06-17 15:49:24.717 : IterationNum=49	[MsgId: MMSG-17999]
   USER 49 = user80:pwd80	[MsgId: MMSG-17999]
    2023-06-17 15:49:24.812 : Start page is opened	[MsgId: MMSG-17999]
    2023-06-17 15:49:31.183 : User is logged in with session 136654.432077764HAcQVzcpDftcVHtpQHtV	[MsgId: MMSG-17999]
    2023-06-17 15:49:36.143 : User is logged out of session	[MsgId: MMSG-17999]
  2023-06-17 15:51:30.731 : IterationNum=50	[MsgId: MMSG-17999]
   USER 50 = user80:pwd80	[MsgId: MMSG-17999]
    2023-06-17 15:51:30.825 : Start page is opened	[MsgId: MMSG-17999]
    2023-06-17 15:51:36.156 : User is logged in with session 136654.442284326HAcQVzcpiHftcVHtpQHHcf	[MsgId: MMSG-17999]
    2023-06-17 15:51:41.706 : User is logged out of session	[MsgId: MMSG-17999]
  2023-06-17 15:53:36.733 : IterationNum=51	[MsgId: MMSG-17999]
   USER 51 = user80:pwd80	[MsgId: MMSG-17999]
    2023-06-17 15:53:36.827 : Start page is opened	[MsgId: MMSG-17999]
    2023-06-17 15:53:41.138 : User is logged in with session 136654.452490887HAcQVzDpttcVHtpQiAt	[MsgId: MMSG-17999]
    2023-06-17 15:53:46.419 : User is logged out of session	[MsgId: MMSG-17999]
  2023-06-17 15:55:42.743 : IterationNum=52	[MsgId: MMSG-17999]
   USER 52 = user80:pwd80	[MsgId: MMSG-17999]
    2023-06-17 15:55:42.836 : Start page is opened	[MsgId: MMSG-17999]
    2023-06-17 15:55:47.029 : User is logged in with session 136654.462697448HAcQVzDpQcftcVHtpQiDff	[MsgId: MMSG-17999]
    2023-06-17 15:55:51.429 : User is logged out of session	[MsgId: MMSG-17999]
  2023-06-17 15:57:48.755 : IterationNum=53	[MsgId: MMSG-17999]
   USER 53 = user80:pwd80	[MsgId: MMSG-17999]
    2023-06-17 15:57:48.849 : Start page is opened	[MsgId: MMSG-17999]
    2023-06-17 15:57:54.407 : User is logged in with session 136654.47290401HAcQVztptftcVHtpQizH	[MsgId: MMSG-17999]
    2023-06-17 15:57:59.695 : User is logged out of session	[MsgId: MMSG-17999]
  2023-06-17 15:59:54.766 : IterationNum=54	[MsgId: MMSG-17999]
   USER 54 = user80:pwd80	[MsgId: MMSG-17999]
    2023-06-17 15:59:54.860 : Start page is opened	[MsgId: MMSG-17999]
    2023-06-17 16:00:00.062 : User is logged in with session 136654.483110571HAcQVztpQHftcVHtpQiQif	[MsgId: MMSG-17999]
    2023-06-17 16:00:05.612 : User is logged out of session	[MsgId: MMSG-17999]
  2023-06-17 16:02:00.769 : IterationNum=55	[MsgId: MMSG-17999]
   USER 55 = user80:pwd80	[MsgId: MMSG-17999]
    2023-06-17 16:02:00.863 : Start page is opened	[MsgId: MMSG-17999]
    2023-06-17 16:02:06.642 : User is logged in with session 136654.493317132HAcQVzfpftcVHtpQQD	[MsgId: MMSG-17999]
    2023-06-17 16:02:12.966 : User is logged out of session	[MsgId: MMSG-17999]
  2023-06-17 16:04:06.775 : IterationNum=56	[MsgId: MMSG-17999]
   USER 56 = user80:pwd80	[MsgId: MMSG-17999]
    2023-06-17 16:04:06.868 : Start page is opened	[MsgId: MMSG-17999]
    2023-06-17 16:04:11.443 : User is logged in with session 136654.503523694HAcQVzzpAcftcVHtpQQzVf	[MsgId: MMSG-17999]
    2023-06-17 16:04:17.277 : User is logged out of session	[MsgId: MMSG-17999]
  2023-06-17 16:06:12.782 : IterationNum=57	[MsgId: MMSG-17999]
   USER 57 = user80:pwd80	[MsgId: MMSG-17999]
    2023-06-17 16:06:12.876 : Start page is opened	[MsgId: MMSG-17999]
    2023-06-17 16:06:16.837 : User is logged in with session 136654.513730255HAcQVzzpfftcVHtpQQQD	[MsgId: MMSG-17999]
    2023-06-17 16:06:21.419 : User is logged out of session	[MsgId: MMSG-17999]
  2023-06-17 16:08:18.786 : IterationNum=58	[MsgId: MMSG-17999]
   USER 58 = user80:pwd80	[MsgId: MMSG-17999]
    2023-06-17 16:08:18.881 : Start page is opened	[MsgId: MMSG-17999]
    2023-06-17 16:08:23.018 : User is logged in with session 136654.523936817HAcQVzHpAHftcVHfpAActf	[MsgId: MMSG-17999]
    2023-06-17 16:08:28.711 : User is logged out of session	[MsgId: MMSG-17999]
  2023-06-17 16:10:24.799 : IterationNum=59	[MsgId: MMSG-17999]
   USER 59 = user80:pwd80	[MsgId: MMSG-17999]
    2023-06-17 16:10:24.894 : Start page is opened	[MsgId: MMSG-17999]
    2023-06-17 16:10:31.000 : User is logged in with session 136654.534143378HAcQVzHpztcVHfpAAfz	[MsgId: MMSG-17999]
    2023-06-17 16:10:35.790 : User is logged out of session	[MsgId: MMSG-17999]
  2023-06-17 16:12:30.802 : IterationNum=60	[MsgId: MMSG-17999]
   USER 60 = user80:pwd80	[MsgId: MMSG-17999]
    2023-06-17 16:12:30.897 : Start page is opened	[MsgId: MMSG-17999]
    2023-06-17 16:12:36.594 : User is logged in with session 136654.544349939HAcQVzipVcftcVHfpAAiHf	[MsgId: MMSG-17999]
    2023-06-17 16:12:40.582 : User is logged out of session	[MsgId: MMSG-17999]
  2023-06-17 16:14:36.806 : IterationNum=61	[MsgId: MMSG-17999]
   USER 61 = user80:pwd80	[MsgId: MMSG-17999]
    2023-06-17 16:14:36.901 : Start page is opened	[MsgId: MMSG-17999]
    2023-06-17 16:14:42.433 : User is logged in with session 136654.554556501HAcQVzipzftcVHfpAVVQ	[MsgId: MMSG-17999]
    2023-06-17 16:14:48.797 : User is logged out of session	[MsgId: MMSG-17999]
  2023-06-17 16:16:42.818 : IterationNum=62	[MsgId: MMSG-17999]
   USER 62 = user80:pwd80	[MsgId: MMSG-17999]
    2023-06-17 16:16:42.911 : Start page is opened	[MsgId: MMSG-17999]
    2023-06-17 16:16:46.941 : User is logged in with session 136654.564763062HAcQVzQpVHftcVHfpAVfAf	[MsgId: MMSG-17999]
    2023-06-17 16:16:52.078 : User is logged out of session	[MsgId: MMSG-17999]
  2023-06-17 16:18:48.822 : IterationNum=63	[MsgId: MMSG-17999]
   USER 63 = user80:pwd80	[MsgId: MMSG-17999]
    2023-06-17 16:18:48.916 : Start page is opened	[MsgId: MMSG-17999]
    2023-06-17 16:18:53.474 : User is logged in with session 136654.574969623HAcQVzQpHtcVHfpAVic	[MsgId: MMSG-17999]
    2023-06-17 16:18:58.253 : User is logged out of session	[MsgId: MMSG-17999]
  2023-06-17 16:20:54.823 : IterationNum=64	[MsgId: MMSG-17999]
   USER 64 = user80:pwd80	[MsgId: MMSG-17999]
    2023-06-17 16:20:54.917 : Start page is opened	[MsgId: MMSG-17999]
    2023-06-17 16:20:59.923 : User is logged in with session 136654.585176185HAcQVHApccftcVHfpAcVDf	[MsgId: MMSG-17999]
    2023-06-17 16:21:04.499 : User is logged out of session	[MsgId: MMSG-17999]
  2023-06-17 16:23:00.825 : IterationNum=65	[MsgId: MMSG-17999]
   USER 65 = user80:pwd80	[MsgId: MMSG-17999]
    2023-06-17 16:23:00.920 : Start page is opened	[MsgId: MMSG-17999]
    2023-06-17 16:23:06.947 : User is logged in with session 136654.595382746HAcQVHApHftcVHfpActf	[MsgId: MMSG-17999]
    2023-06-17 16:23:12.253 : User is logged out of session	[MsgId: MMSG-17999]
  2023-06-17 16:25:06.840 : IterationNum=66	[MsgId: MMSG-17999]
   USER 66 = user80:pwd80	[MsgId: MMSG-17999]
    2023-06-17 16:25:06.933 : Start page is opened	[MsgId: MMSG-17999]
    2023-06-17 16:25:13.110 : User is logged in with session 136654.605589307HAcQVHVpcHftcVHfpAcHzf	[MsgId: MMSG-17999]
    2023-06-17 16:25:17.190 : User is logged out of session	[MsgId: MMSG-17999]
  2023-06-17 16:27:12.841 : IterationNum=67	[MsgId: MMSG-17999]
   USER 67 = user80:pwd80	[MsgId: MMSG-17999]
    2023-06-17 16:27:12.934 : Start page is opened	[MsgId: MMSG-17999]
    2023-06-17 16:27:17.433 : User is logged in with session 136654.615795869HAcQVHVpitcVHfpADAi	[MsgId: MMSG-17999]
    2023-06-17 16:27:22.931 : User is logged out of session	[MsgId: MMSG-17999]
  2023-06-17 16:29:18.853 : IterationNum=68	[MsgId: MMSG-17999]
   USER 68 = user80:pwd80	[MsgId: MMSG-17999]
    2023-06-17 16:29:18.946 : Start page is opened	[MsgId: MMSG-17999]
    2023-06-17 16:29:23.592 : User is logged in with session 136654.62600243HAcQVHcpDcftcVHfpADDQf	[MsgId: MMSG-17999]
    2023-06-17 16:29:29.520 : User is logged out of session	[MsgId: MMSG-17999]
  2023-06-17 16:31:24.857 : IterationNum=69	[MsgId: MMSG-17999]
   USER 69 = user80:pwd80	[MsgId: MMSG-17999]
    2023-06-17 16:31:24.951 : Start page is opened	[MsgId: MMSG-17999]
    2023-06-17 16:31:30.025 : User is logged in with session 136654.636208991HAcQVHcpiftcVHfpADHV	[MsgId: MMSG-17999]
    2023-06-17 16:31:35.371 : User is logged out of session	[MsgId: MMSG-17999]
  2023-06-17 16:33:30.868 : IterationNum=70	[MsgId: MMSG-17999]
   USER 70 = user80:pwd80	[MsgId: MMSG-17999]
    2023-06-17 16:33:30.962 : Start page is opened	[MsgId: MMSG-17999]
    2023-06-17 16:33:36.281 : User is logged in with session 136654.646415553HAcQVHDpDHftcVHfpAtAcf	[MsgId: MMSG-17999]
    2023-06-17 16:33:42.434 : User is logged out of session	[MsgId: MMSG-17999]
  2023-06-17 16:35:36.870 : IterationNum=71	[MsgId: MMSG-17999]
   USER 71 = user80:pwd80	[MsgId: MMSG-17999]
    2023-06-17 16:35:36.963 : Start page is opened	[MsgId: MMSG-17999]
    2023-06-17 16:35:42.332 : User is logged in with session 136654.656622114HAcQVHDpQtcVHfpAtDt	[MsgId: MMSG-17999]
    2023-06-17 16:35:47.834 : User is logged out of session	[MsgId: MMSG-17999]
  2023-06-17 16:37:42.883 : IterationNum=72	[MsgId: MMSG-17999]
   USER 72 = user80:pwd80	[MsgId: MMSG-17999]
    2023-06-17 16:37:42.977 : Start page is opened	[MsgId: MMSG-17999]
    2023-06-17 16:37:47.889 : User is logged in with session 136654.666828676HAcQVHtptcftcVHfpAtzff	[MsgId: MMSG-17999]
    2023-06-17 16:37:52.800 : User is logged out of session	[MsgId: MMSG-17999]
  2023-06-17 16:39:48.889 : IterationNum=73	[MsgId: MMSG-17999]
   USER 73 = user80:pwd80	[MsgId: MMSG-17999]
    2023-06-17 16:39:48.982 : Start page is opened	[MsgId: MMSG-17999]
    2023-06-17 16:39:53.073 : User is logged in with session 136654.677035237HAcQVHtpQftcVHfpAtQH	[MsgId: MMSG-17999]
    2023-06-17 16:39:57.720 : User is logged out of session	[MsgId: MMSG-17999]
  2023-06-17 16:41:54.901 : IterationNum=74	[MsgId: MMSG-17999]
   USER 74 = user80:pwd80	[MsgId: MMSG-17999]
    2023-06-17 16:41:54.995 : Start page is opened	[MsgId: MMSG-17999]
    2023-06-17 16:42:00.128 : User is logged in with session 136654.687241798HAcQVHfptHftcVHfpAfcif	[MsgId: MMSG-17999]
    2023-06-17 16:42:05.451 : User is logged out of session	[MsgId: MMSG-17999]
  2023-06-17 16:44:00.915 : IterationNum=75	[MsgId: MMSG-17999]
   USER 75 = user80:pwd80	[MsgId: MMSG-17999]
    2023-06-17 16:44:01.008 : Start page is opened	[MsgId: MMSG-17999]
    2023-06-17 16:44:05.275 : User is logged in with session 136654.69744836HAcQVHztcVHfpAfz	[MsgId: MMSG-17999]
    2023-06-17 16:44:11.248 : User is logged out of session	[MsgId: MMSG-17999]
  2023-06-17 16:46:06.919 : IterationNum=76	[MsgId: MMSG-17999]
   USER 76 = user80:pwd80	[MsgId: MMSG-17999]
    2023-06-17 16:46:07.012 : Start page is opened	[MsgId: MMSG-17999]
    2023-06-17 16:46:12.060 : User is logged in with session 136654.707654921HAcQVHzpfcftcVHfpAfQVf	[MsgId: MMSG-17999]
    2023-06-17 16:46:16.844 : User is logged out of session	[MsgId: MMSG-17999]
  2023-06-17 16:48:12.930 : IterationNum=77	[MsgId: MMSG-17999]
   USER 77 = user80:pwd80	[MsgId: MMSG-17999]
    2023-06-17 16:48:13.024 : Start page is opened	[MsgId: MMSG-17999]
    2023-06-17 16:48:17.234 : User is logged in with session 136654.717861482HAcQVHHpAftcVHfpAzcD	[MsgId: MMSG-17999]
    2023-06-17 16:48:23.097 : User is logged out of session	[MsgId: MMSG-17999]
  2023-06-17 16:50:18.938 : IterationNum=78	[MsgId: MMSG-17999]
   USER 78 = user80:pwd80	[MsgId: MMSG-17999]
    2023-06-17 16:50:19.032 : Start page is opened	[MsgId: MMSG-17999]
    2023-06-17 16:50:24.599 : User is logged in with session 136654.728068044HAcQVHHpfHftcVHfpAzftf	[MsgId: MMSG-17999]
    2023-06-17 16:50:29.449 : User is logged out of session	[MsgId: MMSG-17999]
  2023-06-17 16:52:24.951 : IterationNum=79	[MsgId: MMSG-17999]
   USER 79 = user80:pwd80	[MsgId: MMSG-17999]
    2023-06-17 16:52:25.045 : Start page is opened	[MsgId: MMSG-17999]
    2023-06-17 16:52:29.528 : User is logged in with session 136654.738274605HAcQVHipVtcVHfpAziz	[MsgId: MMSG-17999]
    2023-06-17 16:52:34.044 : User is logged out of session	[MsgId: MMSG-17999]
  2023-06-17 16:54:30.953 : IterationNum=80	[MsgId: MMSG-17999]
   USER 80 = user80:pwd80	[MsgId: MMSG-17999]
    2023-06-17 16:54:31.047 : Start page is opened	[MsgId: MMSG-17999]
    2023-06-17 16:54:35.756 : User is logged in with session 136654.748481166HAcQVHipzcftcVHfpAHVHf	[MsgId: MMSG-17999]
    2023-06-17 16:54:40.529 : User is logged out of session	[MsgId: MMSG-17999]
  2023-06-17 16:56:36.959 : IterationNum=81	[MsgId: MMSG-17999]
   USER 81 = user80:pwd80	[MsgId: MMSG-17999]
    2023-06-17 16:56:37.054 : Start page is opened	[MsgId: MMSG-17999]
    2023-06-17 16:56:43.403 : User is logged in with session 136654.758687728HAcQVHQpVftcVHfpAHtQ	[MsgId: MMSG-17999]
    2023-06-17 16:56:47.531 : User is logged out of session	[MsgId: MMSG-17999]
  2023-06-17 16:58:42.965 : IterationNum=82	[MsgId: MMSG-17999]
   USER 82 = user80:pwd80	[MsgId: MMSG-17999]
    2023-06-17 16:58:43.060 : Start page is opened	[MsgId: MMSG-17999]
    2023-06-17 16:58:48.514 : User is logged in with session 136654.768894289HAcQVHQpzHftcVHfpAHiAf	[MsgId: MMSG-17999]
    2023-06-17 16:58:53.291 : User is logged out of session	[MsgId: MMSG-17999]
  2023-06-17 17:00:48.979 : IterationNum=83	[MsgId: MMSG-17999]
   USER 83 = user80:pwd80	[MsgId: MMSG-17999]
    2023-06-17 17:00:49.074 : Start page is opened	[MsgId: MMSG-17999]
    2023-06-17 17:00:53.788 : User is logged in with session 136654.779181855HAcQViApcAtVzzzHtcVHfpAiVccf	[MsgId: MMSG-17999]
    2023-06-17 17:00:59.636 : User is logged out of session	[MsgId: MMSG-17999]
  2023-06-17 17:02:54.979 : IterationNum=84	[MsgId: MMSG-17999]
   USER 84 = user80:pwd80	[MsgId: MMSG-17999]
    2023-06-17 17:02:55.074 : Start page is opened	[MsgId: MMSG-17999]
    2023-06-17 17:03:01.441 : User is logged in with session 136654.789388416HAcQViApHcQVzzzHtcVHfpAitDHf	[MsgId: MMSG-17999]
    2023-06-17 17:03:06.033 : User is logged out of session	[MsgId: MMSG-17999]
  2023-06-17 17:05:00.982 : IterationNum=85	[MsgId: MMSG-17999]
   USER 85 = user80:pwd80	[MsgId: MMSG-17999]
    2023-06-17 17:05:01.075 : Start page is opened	[MsgId: MMSG-17999]
    2023-06-17 17:05:06.028 : User is logged in with session 136654.799594978HAcQViVpcftVzzzHtcVHfpAiHfcf	[MsgId: MMSG-17999]
    2023-06-17 17:05:10.556 : User is logged out of session	[MsgId: MMSG-17999]
  2023-06-17 17:07:06.988 : IterationNum=86	[MsgId: MMSG-17999]
   USER 86 = user80:pwd80	[MsgId: MMSG-17999]
    2023-06-17 17:07:07.082 : Start page is opened	[MsgId: MMSG-17999]
    2023-06-17 17:07:12.711 : User is logged in with session 136654.809801539HAcQViVpHHQVzzzHtcVHfpAQAzHf	[MsgId: MMSG-17999]
    2023-06-17 17:07:17.192 : User is logged out of session	[MsgId: MMSG-17999]
  2023-06-17 17:09:13.000 : IterationNum=87	[MsgId: MMSG-17999]
   USER 87 = user80:pwd80	[MsgId: MMSG-17999]
    2023-06-17 17:09:13.095 : Start page is opened	[MsgId: MMSG-17999]
    2023-06-17 17:09:18.865 : User is logged in with session 136654.8200081HAcQVicpDAtVzzzHtcVHfpAQDicf	[MsgId: MMSG-17999]
    2023-06-17 17:09:24.694 : User is logged out of session	[MsgId: MMSG-17999]
  2023-06-17 17:11:19.000 : IterationNum=88	[MsgId: MMSG-17999]
   USER 88 = user80:pwd80	[MsgId: MMSG-17999]
    2023-06-17 17:11:19.095 : Start page is opened	[MsgId: MMSG-17999]
    2023-06-17 17:11:22.991 : User is logged in with session 136654.830214662HAcQVicpicQVzzzHtcVHfpAQzQHf	[MsgId: MMSG-17999]
    2023-06-17 17:11:29.333 : User is logged out of session	[MsgId: MMSG-17999]
  2023-06-17 17:13:25.003 : IterationNum=89	[MsgId: MMSG-17999]
   USER 89 = user80:pwd80	[MsgId: MMSG-17999]
    2023-06-17 17:13:25.098 : Start page is opened	[MsgId: MMSG-17999]
    2023-06-17 17:13:30.435 : User is logged in with session 136654.840421223HAcQViDpDftVzzzHtcVHfpVAAVcf	[MsgId: MMSG-17999]
    2023-06-17 17:13:34.836 : User is logged out of session	[MsgId: MMSG-17999]
  2023-06-17 17:15:31.003 : IterationNum=90	[MsgId: MMSG-17999]
   USER 90 = user80:pwd80	[MsgId: MMSG-17999]
    2023-06-17 17:15:31.097 : Start page is opened	[MsgId: MMSG-17999]
    2023-06-17 17:15:35.811 : User is logged in with session 136654.850627785HAcQViDpiHQVzzzHtcVHfpVADcHf	[MsgId: MMSG-17999]
    2023-06-17 17:15:41.389 : User is logged out of session	[MsgId: MMSG-17999]
  2023-06-17 17:17:37.018 : IterationNum=91	[MsgId: MMSG-17999]
   USER 91 = user80:pwd80	[MsgId: MMSG-17999]
    2023-06-17 17:17:37.113 : Start page is opened	[MsgId: MMSG-17999]
    2023-06-17 17:17:41.213 : User is logged in with session 136654.860834346HAcQVitptAtVzzzHtcVHfpVAztcf	[MsgId: MMSG-17999]
    2023-06-17 17:17:46.178 : User is logged out of session	[MsgId: MMSG-17999]
  2023-06-17 17:19:43.030 : IterationNum=92	[MsgId: MMSG-17999]
   USER 92 = user80:pwd80	[MsgId: MMSG-17999]
    2023-06-17 17:19:43.124 : Start page is opened	[MsgId: MMSG-17999]
    2023-06-17 17:19:47.728 : User is logged in with session 136654.871040907HAcQVitpQcQVzzzHtcVHfpVAQfHf	[MsgId: MMSG-17999]
    2023-06-17 17:19:52.116 : User is logged out of session	[MsgId: MMSG-17999]
  2023-06-17 17:21:49.033 : IterationNum=93	[MsgId: MMSG-17999]
   USER 93 = user80:pwd80	[MsgId: MMSG-17999]
    2023-06-17 17:21:49.129 : Start page is opened	[MsgId: MMSG-17999]
    2023-06-17 17:21:53.031 : User is logged in with session 136654.881247469HAcQVifptftVzzzHtcVHfpVVcHcf	[MsgId: MMSG-17999]
    2023-06-17 17:21:57.398 : User is logged out of session	[MsgId: MMSG-17999]
  2023-06-17 17:23:55.036 : IterationNum=94	[MsgId: MMSG-17999]
   USER 94 = user80:pwd80	[MsgId: MMSG-17999]
    2023-06-17 17:23:55.131 : Start page is opened	[MsgId: MMSG-17999]
    2023-06-17 17:23:59.106 : User is logged in with session 136654.89145403HAcQVifpQHQVzzzHtcVHfpVVfiHf	[MsgId: MMSG-17999]
    2023-06-17 17:24:05.400 : User is logged out of session	[MsgId: MMSG-17999]
  2023-06-17 17:26:01.050 : IterationNum=95	[MsgId: MMSG-17999]
   USER 95 = user80:pwd80	[MsgId: MMSG-17999]
    2023-06-17 17:26:01.145 : Start page is opened	[MsgId: MMSG-17999]
    2023-06-17 17:26:05.477 : User is logged in with session 136654.901660591HAcQVizpfAtVzzzHtcVHfpVVQAcf	[MsgId: MMSG-17999]
    2023-06-17 17:26:10.889 : User is logged out of session	[MsgId: MMSG-17999]
  2023-06-17 17:28:07.059 : IterationNum=96	[MsgId: MMSG-17999]
   USER 96 = user80:pwd80	[MsgId: MMSG-17999]
    2023-06-17 17:28:07.154 : Start page is opened	[MsgId: MMSG-17999]
    2023-06-17 17:28:11.810 : User is logged in with session 136654.911867153HAcQViHpAcQVzzzHtcVHfpVccVHf	[MsgId: MMSG-17999]
    2023-06-17 17:28:17.283 : User is logged out of session	[MsgId: MMSG-17999]
  2023-06-17 17:30:13.069 : IterationNum=97	[MsgId: MMSG-17999]
   USER 97 = user80:pwd80	[MsgId: MMSG-17999]
    2023-06-17 17:30:13.161 : Start page is opened	[MsgId: MMSG-17999]
    2023-06-17 17:30:17.288 : User is logged in with session 136654.922073714HAcQViHpfftVzzzHtcVHfpVcfDcf	[MsgId: MMSG-17999]
    2023-06-17 17:30:21.176 : User is logged out of session	[MsgId: MMSG-17999]
  2023-06-17 17:32:19.072 : IterationNum=98	[MsgId: MMSG-17999]
   USER 98 = user80:pwd80	[MsgId: MMSG-17999]
    2023-06-17 17:32:19.164 : Start page is opened	[MsgId: MMSG-17999]
    2023-06-17 17:32:25.019 : User is logged in with session 136654.932280275HAcQViipAHQVzzzHtcVHfpVcitHf	[MsgId: MMSG-17999]
    2023-06-17 17:32:30.970 : User is logged out of session	[MsgId: MMSG-17999]
  2023-06-17 17:34:25.078 : IterationNum=99	[MsgId: MMSG-17999]
   USER 99 = user80:pwd80	[MsgId: MMSG-17999]
    2023-06-17 17:34:25.171 : Start page is opened	[MsgId: MMSG-17999]
    2023-06-17 17:34:29.342 : User is logged in with session 136654.942486837HAcQViipzAtVzzzHtcVHfpVDVzcf	[MsgId: MMSG-17999]
    2023-06-17 17:34:34.593 : User is logged out of session	[MsgId: MMSG-17999]
  2023-06-17 17:36:31.080 : IterationNum=100	[MsgId: MMSG-17999]
   USER 100 = user80:pwd80	[MsgId: MMSG-17999]
    2023-06-17 17:36:31.174 : Start page is opened	[MsgId: MMSG-17999]
    2023-06-17 17:36:36.195 : User is logged in with session 136654.952693398HAcQViQpVcQVzzzHtcVHfpVDtHHf	[MsgId: MMSG-17999]
    2023-06-17 17:36:40.918 : User is logged out of session	[MsgId: MMSG-17999]
  2023-06-17 17:38:37.085 : IterationNum=101	[MsgId: MMSG-17999]
   USER 101 = user80:pwd80	[MsgId: MMSG-17999]
    2023-06-17 17:38:37.177 : Start page is opened	[MsgId: MMSG-17999]
    2023-06-17 17:38:42.654 : User is logged in with session 136654.96289996HAcQViQpzftVzzzHtcVHfpVDHQcf	[MsgId: MMSG-17999]
    2023-06-17 17:38:47.099 : User is logged out of session	[MsgId: MMSG-17999]
  2023-06-17 17:40:43.092 : IterationNum=102	[MsgId: MMSG-17999]
   USER 102 = user80:pwd80	[MsgId: MMSG-17999]
    2023-06-17 17:40:43.187 : Start page is opened	[MsgId: MMSG-17999]
    2023-06-17 17:40:49.323 : User is logged in with session 136654.973106521HAcQVQApVHQVzzzHtcVHfpVtVAHf	[MsgId: MMSG-17999]
    2023-06-17 17:40:54.329 : User is logged out of session	[MsgId: MMSG-17999]
  2023-06-17 17:42:49.104 : IterationNum=103	[MsgId: MMSG-17999]
   USER 103 = user80:pwd80	[MsgId: MMSG-17999]
    2023-06-17 17:42:49.198 : Start page is opened	[MsgId: MMSG-17999]
    2023-06-17 17:42:54.847 : User is logged in with session 136654.983313082HAcQVQApHAtVzzzHtcVHfpVttccf	[MsgId: MMSG-17999]
    2023-06-17 17:43:00.787 : User is logged out of session	[MsgId: MMSG-17999]
  2023-06-17 17:44:55.109 : IterationNum=104	[MsgId: MMSG-17999]
   USER 104 = user80:pwd80	[MsgId: MMSG-17999]
    2023-06-17 17:44:55.201 : Start page is opened	[MsgId: MMSG-17999]
    2023-06-17 17:45:00.856 : User is logged in with session 136654.993519644HAcQVQVpccQVzzzHtcVHfpVtHDHf	[MsgId: MMSG-17999]
    2023-06-17 17:45:05.106 : User is logged out of session	[MsgId: MMSG-17999]
  2023-06-17 17:47:01.109 : IterationNum=105	[MsgId: MMSG-17999]
   USER 105 = user80:pwd80	[MsgId: MMSG-17999]
    2023-06-17 17:47:01.203 : Start page is opened	[MsgId: MMSG-17999]
    2023-06-17 17:47:07.073 : User is logged in with session 136655.003726205HAcQVQVpHftVzzzHtcVHfpVfAfcf	[MsgId: MMSG-17999]
    2023-06-17 17:47:13.297 : User is logged out of session	[MsgId: MMSG-17999]
  2023-06-17 17:49:07.108 : IterationNum=106	[MsgId: MMSG-17999]
   USER 106 = user80:pwd80	[MsgId: MMSG-17999]
    2023-06-17 17:49:07.204 : Start page is opened	[MsgId: MMSG-17999]
    2023-06-17 17:49:11.800 : User is logged in with session 136655.013932766HAcQVQcpcHQVzzzHtcVHfpVfDzHf	[MsgId: MMSG-17999]
    2023-06-17 17:49:17.040 : User is logged out of session	[MsgId: MMSG-17999]
  2023-06-17 17:51:13.116 : IterationNum=107	[MsgId: MMSG-17999]
   USER 107 = user80:pwd80	[MsgId: MMSG-17999]
    2023-06-17 17:51:13.210 : Start page is opened	[MsgId: MMSG-17999]
    2023-06-17 17:51:18.016 : User is logged in with session 136655.024139328HAcQVQcpiAtVzzzHtcVHfpVfzicf	[MsgId: MMSG-17999]
    2023-06-17 17:51:23.936 : User is logged out of session	[MsgId: MMSG-17999]
  2023-06-17 17:53:19.116 : IterationNum=108	[MsgId: MMSG-17999]
   USER 108 = user80:pwd80	[MsgId: MMSG-17999]
    2023-06-17 17:53:19.210 : Start page is opened	[MsgId: MMSG-17999]
    2023-06-17 17:53:24.250 : User is logged in with session 136655.034345889HAcQVQDpDcQVzzzHtcVHfpVfQQHf	[MsgId: MMSG-17999]
    2023-06-17 17:53:30.516 : User is logged out of session	[MsgId: MMSG-17999]
  2023-06-17 17:55:25.121 : IterationNum=109	[MsgId: MMSG-17999]
   USER 109 = user80:pwd80	[MsgId: MMSG-17999]
    2023-06-17 17:55:25.214 : Start page is opened	[MsgId: MMSG-17999]
    2023-06-17 17:55:29.906 : User is logged in with session 136655.04455245HAcQVQDpiftVzzzHtcVHfpVzDVcf	[MsgId: MMSG-17999]
    2023-06-17 17:55:34.486 : User is logged out of session	[MsgId: MMSG-17999]
  2023-06-17 17:57:31.132 : IterationNum=110	[MsgId: MMSG-17999]
   USER 110 = user80:pwd80	[MsgId: MMSG-17999]
    2023-06-17 17:57:31.227 : Start page is opened	[MsgId: MMSG-17999]
    2023-06-17 17:57:35.730 : User is logged in with session 136655.054759012HAcQVQtpDHQVzzzHtcVHfpVzzcHf	[MsgId: MMSG-17999]
    2023-06-17 17:57:41.264 : User is logged out of session	[MsgId: MMSG-17999]
  2023-06-17 17:59:37.136 : IterationNum=111	[MsgId: MMSG-17999]
   USER 111 = user80:pwd80	[MsgId: MMSG-17999]
    2023-06-17 17:59:37.231 : Start page is opened	[MsgId: MMSG-17999]
    2023-06-17 17:59:42.961 : User is logged in with session 136655.064965573HAcQVQtpQAtVzzzHtcVHfpVzQtcf	[MsgId: MMSG-17999]
    2023-06-17 17:59:48.796 : User is logged out of session	[MsgId: MMSG-17999]
  2023-06-17 18:01:43.142 : IterationNum=112	[MsgId: MMSG-17999]
   USER 112 = user80:pwd80	[MsgId: MMSG-17999]
    2023-06-17 18:01:43.235 : Start page is opened	[MsgId: MMSG-17999]
    2023-06-17 18:01:47.798 : User is logged in with session 136655.075172134HAcQVQfptcQVzzzHtcVHfpVHcfHf	[MsgId: MMSG-17999]
    2023-06-17 18:01:53.883 : User is logged out of session	[MsgId: MMSG-17999]
  2023-06-17 18:03:49.147 : IterationNum=113	[MsgId: MMSG-17999]
   USER 113 = user80:pwd80	[MsgId: MMSG-17999]
    2023-06-17 18:03:49.242 : Start page is opened	[MsgId: MMSG-17999]
    2023-06-17 18:03:54.408 : User is logged in with session 136655.085378696HAcQVQfpQftVzzzHtcVHfpVHfHcf	[MsgId: MMSG-17999]
    2023-06-17 18:03:59.958 : User is logged out of session	[MsgId: MMSG-17999]
  2023-06-17 18:05:55.148 : IterationNum=114	[MsgId: MMSG-17999]
   USER 114 = user80:pwd80	[MsgId: MMSG-17999]
    2023-06-17 18:05:55.242 : Start page is opened	[MsgId: MMSG-17999]
    2023-06-17 18:06:00.843 : User is logged in with session 136655.095585257HAcQVQzptHQVzzzHtcVHfpVHiiHf	[MsgId: MMSG-17999]
    2023-06-17 18:06:06.147 : User is logged out of session	[MsgId: MMSG-17999]
  2023-06-17 18:08:01.156 : IterationNum=115	[MsgId: MMSG-17999]
   USER 115 = user80:pwd80	[MsgId: MMSG-17999]
    2023-06-17 18:08:01.250 : Start page is opened	[MsgId: MMSG-17999]
    2023-06-17 18:08:05.815 : User is logged in with session 136655.105791819HAcQVQHpAAtVzzzHtcVHfpVicAcf	[MsgId: MMSG-17999]
    2023-06-17 18:08:11.289 : User is logged out of session	[MsgId: MMSG-17999]
  2023-06-17 18:10:07.169 : IterationNum=116	[MsgId: MMSG-17999]
   USER 116 = user80:pwd80	[MsgId: MMSG-17999]
    2023-06-17 18:10:07.261 : Start page is opened	[MsgId: MMSG-17999]
    2023-06-17 18:10:12.077 : User is logged in with session 136655.11599838HAcQVQHpfcQVzzzHtcVHfpVifVHf	[MsgId: MMSG-17999]
    2023-06-17 18:10:16.246 : User is logged out of session	[MsgId: MMSG-17999]
  2023-06-17 18:12:13.170 : IterationNum=117	[MsgId: MMSG-17999]
   USER 117 = user80:pwd80	[MsgId: MMSG-17999]
    2023-06-17 18:12:13.264 : Start page is opened	[MsgId: MMSG-17999]
    2023-06-17 18:12:19.483 : User is logged in with session 136655.126204941HAcQVQipAftVzzzHtcVHfpViiDcf	[MsgId: MMSG-17999]
    2023-06-17 18:12:23.752 : User is logged out of session	[MsgId: MMSG-17999]
  2023-06-17 18:14:19.174 : IterationNum=118	[MsgId: MMSG-17999]
   USER 118 = user80:pwd80	[MsgId: MMSG-17999]
    2023-06-17 18:14:19.269 : Start page is opened	[MsgId: MMSG-17999]
    2023-06-17 18:14:23.277 : User is logged in with session 136655.136411503HAcQVQipfHQVzzzHtcVHfpVQVtHf	[MsgId: MMSG-17999]
    2023-06-17 18:14:28.217 : User is logged out of session	[MsgId: MMSG-17999]
  2023-06-17 18:16:25.176 : IterationNum=119	[MsgId: MMSG-17999]
   USER 119 = user80:pwd80	[MsgId: MMSG-17999]
    2023-06-17 18:16:25.270 : Start page is opened	[MsgId: MMSG-17999]
    2023-06-17 18:16:30.826 : User is logged in with session 136655.146618064HAcQVQQpVAtVzzzHtcVHfpVQtzcf	[MsgId: MMSG-17999]
    2023-06-17 18:16:37.060 : User is logged out of session	[MsgId: MMSG-17999]
  2023-06-17 18:18:31.180 : IterationNum=120	[MsgId: MMSG-17999]
   USER 120 = user80:pwd80	[MsgId: MMSG-17999]
    2023-06-17 18:18:31.273 : Start page is opened	[MsgId: MMSG-17999]
    2023-06-17 18:18:35.500 : User is logged in with session 136655.156824625HAcQVQQpzcQVzzzHtcVHfpVQHHHf	[MsgId: MMSG-17999]
    2023-06-17 18:18:41.711 : User is logged out of session	[MsgId: MMSG-17999]
  2023-06-17 18:20:37.186 : IterationNum=121	[MsgId: MMSG-17999]
   USER 121 = user80:pwd80	[MsgId: MMSG-17999]
    2023-06-17 18:20:37.279 : Start page is opened	[MsgId: MMSG-17999]
    2023-06-17 18:20:42.310 : User is logged in with session 136655.167031187HAcQcAApVftVzzzHtcVHfpcAAQcf	[MsgId: MMSG-17999]
    2023-06-17 18:20:46.983 : User is logged out of session	[MsgId: MMSG-17999]
  2023-06-17 18:22:43.188 : IterationNum=122	[MsgId: MMSG-17999]
   USER 122 = user80:pwd80	[MsgId: MMSG-17999]
    2023-06-17 18:22:43.282 : Start page is opened	[MsgId: MMSG-17999]
    2023-06-17 18:22:49.116 : User is logged in with session 136655.177237748HAcQcAApzHQVzzzHtcVHfpcAtAHf	[MsgId: MMSG-17999]
    2023-06-17 18:22:53.169 : User is logged out of session	[MsgId: MMSG-17999]
  2023-06-17 18:24:49.191 : IterationNum=123	[MsgId: MMSG-17999]
   USER 123 = user80:pwd80	[MsgId: MMSG-17999]
    2023-06-17 18:24:49.285 : Start page is opened	[MsgId: MMSG-17999]
    2023-06-17 18:24:54.105 : User is logged in with session 136655.187444309HAcQcAVpcAtVzzzHtcVHfpcAHccf	[MsgId: MMSG-17999]
    2023-06-17 18:24:59.899 : User is logged out of session	[MsgId: MMSG-17999]
  2023-06-17 18:26:55.199 : IterationNum=124	[MsgId: MMSG-17999]
   USER 124 = user80:pwd80	[MsgId: MMSG-17999]
    2023-06-17 18:26:55.294 : Start page is opened	[MsgId: MMSG-17999]
    2023-06-17 18:26:59.369 : User is logged in with session 136655.197650871HAcQcAVpHcQVzzzHtcVHfpcVADHf	[MsgId: MMSG-17999]
    2023-06-17 18:27:03.434 : User is logged out of session	[MsgId: MMSG-17999]
  2023-06-17 18:29:01.211 : IterationNum=125	[MsgId: MMSG-17999]
   USER 125 = user80:pwd80	[MsgId: MMSG-17999]
    2023-06-17 18:29:01.306 : Start page is opened	[MsgId: MMSG-17999]
    2023-06-17 18:29:06.575 : User is logged in with session 136655.207857432HAcQcAcpcftVzzzHtcVHfpcVDfcf	[MsgId: MMSG-17999]
    2023-06-17 18:29:11.156 : User is logged out of session	[MsgId: MMSG-17999]
  2023-06-17 18:31:07.216 : IterationNum=126	[MsgId: MMSG-17999]
   USER 126 = user80:pwd80	[MsgId: MMSG-17999]
    2023-06-17 18:31:07.309 : Start page is opened	[MsgId: MMSG-17999]
    2023-06-17 18:31:11.759 : User is logged in with session 136655.218063994HAcQcAcpHHQVzzzHtcVHfpcVzzHf	[MsgId: MMSG-17999]
    2023-06-17 18:31:16.008 : User is logged out of session	[MsgId: MMSG-17999]
  2023-06-17 18:33:13.218 : IterationNum=127	[MsgId: MMSG-17999]
   USER 127 = user80:pwd80	[MsgId: MMSG-17999]
    2023-06-17 18:33:13.313 : Start page is opened	[MsgId: MMSG-17999]
    2023-06-17 18:33:19.664 : User is logged in with session 136655.228270555HAcQcADpDAtVzzzHtcVHfpcVQicf	[MsgId: MMSG-17999]
    2023-06-17 18:33:25.469 : User is logged out of session	[MsgId: MMSG-17999]
  2023-06-17 18:35:19.230 : IterationNum=128	[MsgId: MMSG-17999]
   USER 128 = user80:pwd80	[MsgId: MMSG-17999]
    2023-06-17 18:35:19.323 : Start page is opened	[MsgId: MMSG-17999]
    2023-06-17 18:35:23.517 : User is logged in with session 136655.238477116HAcQcADpicQVzzzHtcVHfpcccQHf	[MsgId: MMSG-17999]
    2023-06-17 18:35:29.803 : User is logged out of session	[MsgId: MMSG-17999]
  2023-06-17 18:37:25.239 : IterationNum=129	[MsgId: MMSG-17999]
   USER 129 = user80:pwd80	[MsgId: MMSG-17999]
    2023-06-17 18:37:25.333 : Start page is opened	[MsgId: MMSG-17999]
    2023-06-17 18:37:30.253 : User is logged in with session 136655.248683678HAcQcAtpDftVzzzHtcVHfpcczVcf	[MsgId: MMSG-17999]
    2023-06-17 18:37:35.469 : User is logged out of session	[MsgId: MMSG-17999]
  2023-06-17 18:39:31.253 : IterationNum=130	[MsgId: MMSG-17999]
   USER 130 = user80:pwd80	[MsgId: MMSG-17999]
    2023-06-17 18:39:31.347 : Start page is opened	[MsgId: MMSG-17999]
    2023-06-17 18:39:36.326 : User is logged in with session 136655.258890239HAcQcAtpiHQVzzzHtcVHfpccQcHf	[MsgId: MMSG-17999]
    2023-06-17 18:39:42.686 : User is logged out of session	[MsgId: MMSG-17999]
  2023-06-17 18:41:37.262 : IterationNum=131	[MsgId: MMSG-17999]
   USER 131 = user80:pwd80	[MsgId: MMSG-17999]
    2023-06-17 18:41:37.357 : Start page is opened	[MsgId: MMSG-17999]
    2023-06-17 18:41:41.806 : User is logged in with session 136655.2690968HAcQcAfptAtVzzzHtcVHfpcDctcf	[MsgId: MMSG-17999]
    2023-06-17 18:41:46.208 : User is logged out of session	[MsgId: MMSG-17999]
  2023-06-17 18:43:43.263 : IterationNum=132	[MsgId: MMSG-17999]
   USER 132 = user80:pwd80	[MsgId: MMSG-17999]
    2023-06-17 18:43:43.356 : Start page is opened	[MsgId: MMSG-17999]
    2023-06-17 18:43:48.368 : User is logged in with session 136655.279303362HAcQcAfpQcQVzzzHtcVHfpcDffHf	[MsgId: MMSG-17999]
    2023-06-17 18:43:53.299 : User is logged out of session	[MsgId: MMSG-17999]
  2023-06-17 18:45:49.276 : IterationNum=133	[MsgId: MMSG-17999]
   USER 133 = user80:pwd80	[MsgId: MMSG-17999]
    2023-06-17 18:45:49.371 : Start page is opened	[MsgId: MMSG-17999]
    2023-06-17 18:45:54.299 : User is logged in with session 136655.289509923HAcQcAzptftVzzzHtcVHfpcDiHcf	[MsgId: MMSG-17999]
    2023-06-17 18:45:58.188 : User is logged out of session	[MsgId: MMSG-17999]
  2023-06-17 18:47:55.279 : IterationNum=134	[MsgId: MMSG-17999]
   USER 134 = user80:pwd80	[MsgId: MMSG-17999]
    2023-06-17 18:47:55.372 : Start page is opened	[MsgId: MMSG-17999]
    2023-06-17 18:48:00.516 : User is logged in with session 136655.299716484HAcQcAzpQHQVzzzHtcVHfpctViHf	[MsgId: MMSG-17999]
    2023-06-17 18:48:05.693 : User is logged out of session	[MsgId: MMSG-17999]
  2023-06-17 18:50:01.294 : IterationNum=135	[MsgId: MMSG-17999]
   USER 135 = user80:pwd80	[MsgId: MMSG-17999]
    2023-06-17 18:50:01.388 : Start page is opened	[MsgId: MMSG-17999]
    2023-06-17 18:50:05.726 : User is logged in with session 136655.309923046HAcQcAHpfAtVzzzHtcVHfpctfAcf	[MsgId: MMSG-17999]
    2023-06-17 18:50:09.999 : User is logged out of session	[MsgId: MMSG-17999]
  2023-06-17 18:52:07.304 : IterationNum=136	[MsgId: MMSG-17999]
   USER 136 = user80:pwd80	[MsgId: MMSG-17999]
    2023-06-17 18:52:07.397 : Start page is opened	[MsgId: MMSG-17999]
    2023-06-17 18:52:12.448 : User is logged in with session 136655.320129607HAcQcAipAcQVzzzHtcVHfpctiVHf	[MsgId: MMSG-17999]
    2023-06-17 18:52:18.812 : User is logged out of session	[MsgId: MMSG-17999]
  2023-06-17 18:54:13.311 : IterationNum=137	[MsgId: MMSG-17999]
   USER 137 = user80:pwd80	[MsgId: MMSG-17999]
    2023-06-17 18:54:13.405 : Start page is opened	[MsgId: MMSG-17999]
    2023-06-17 18:54:18.571 : User is logged in with session 136655.330336169HAcQcAipfftVzzzHtcVHfpcfVDcf	[MsgId: MMSG-17999]
    2023-06-17 18:54:22.484 : User is logged out of session	[MsgId: MMSG-17999]
  2023-06-17 18:56:19.314 : IterationNum=138	[MsgId: MMSG-17999]
   USER 138 = user80:pwd80	[MsgId: MMSG-17999]
    2023-06-17 18:56:19.407 : Start page is opened	[MsgId: MMSG-17999]
    2023-06-17 18:56:25.242 : User is logged in with session 136655.34054273HAcQcAQpAHQVzzzHtcVHfpcfttHf	[MsgId: MMSG-17999]
    2023-06-17 18:56:30.313 : User is logged out of session	[MsgId: MMSG-17999]
  2023-06-17 18:58:25.324 : IterationNum=139	[MsgId: MMSG-17999]
   USER 139 = user80:pwd80	[MsgId: MMSG-17999]
    2023-06-17 18:58:25.417 : Start page is opened	[MsgId: MMSG-17999]
    2023-06-17 18:58:30.344 : User is logged in with session 136655.350749291HAcQcAQpzAtVzzzHtcVHfpcfHzcf	[MsgId: MMSG-17999]
    2023-06-17 18:58:36.187 : User is logged out of session	[MsgId: MMSG-17999]
  2023-06-17 19:00:31.325 : IterationNum=140	[MsgId: MMSG-17999]
   USER 140 = user80:pwd80	[MsgId: MMSG-17999]
    2023-06-17 19:00:31.419 : Start page is opened	[MsgId: MMSG-17999]
    2023-06-17 19:00:35.749 : User is logged in with session 136655.360955853HAcQcVApVcQVzzzHtcVHfpczAHHf	[MsgId: MMSG-17999]
    2023-06-17 19:00:40.579 : User is logged out of session	[MsgId: MMSG-17999]
  2023-06-17 19:02:37.339 : IterationNum=141	[MsgId: MMSG-17999]
   USER 141 = user80:pwd80	[MsgId: MMSG-17999]
    2023-06-17 19:02:37.432 : Start page is opened	[MsgId: MMSG-17999]
    2023-06-17 19:02:41.827 : User is logged in with session 136655.371162414HAcQcVApzftVzzzHtcVHfpczDQcf	[MsgId: MMSG-17999]
    2023-06-17 19:02:46.024 : User is logged out of session	[MsgId: MMSG-17999]
  2023-06-17 19:04:43.349 : IterationNum=142	[MsgId: MMSG-17999]
   USER 142 = user80:pwd80	[MsgId: MMSG-17999]
    2023-06-17 19:04:43.441 : Start page is opened	[MsgId: MMSG-17999]
    2023-06-17 19:04:48.432 : User is logged in with session 136655.381368975HAcQcVVpVHQVzzzHtcVHfpczHAHf	[MsgId: MMSG-17999]
    2023-06-17 19:04:53.984 : User is logged out of session	[MsgId: MMSG-17999]
  2023-06-17 19:06:49.361 : IterationNum=143	[MsgId: MMSG-17999]
   USER 143 = user80:pwd80	[MsgId: MMSG-17999]
    2023-06-17 19:06:49.454 : Start page is opened	[MsgId: MMSG-17999]
    2023-06-17 19:06:54.067 : User is logged in with session 136655.391575537HAcQcVVpHAtVzzzHtcVHfpcHAccf	[MsgId: MMSG-17999]
    2023-06-17 19:06:59.672 : User is logged out of session	[MsgId: MMSG-17999]
  2023-06-17 19:08:55.373 : IterationNum=144	[MsgId: MMSG-17999]
   USER 144 = user80:pwd80	[MsgId: MMSG-17999]
    2023-06-17 19:08:55.467 : Start page is opened	[MsgId: MMSG-17999]
    2023-06-17 19:09:01.212 : User is logged in with session 136655.401782098HAcQcVcpccQVzzzHtcVHfpcHDDHf	[MsgId: MMSG-17999]
    2023-06-17 19:09:05.974 : User is logged out of session	[MsgId: MMSG-17999]
  2023-06-17 19:11:01.377 : IterationNum=145	[MsgId: MMSG-17999]
   USER 145 = user80:pwd80	[MsgId: MMSG-17999]
    2023-06-17 19:11:01.469 : Start page is opened	[MsgId: MMSG-17999]
    2023-06-17 19:11:07.012 : User is logged in with session 136655.411988659HAcQcVcpHftVzzzHtcVHfpcHzfcf	[MsgId: MMSG-17999]
    2023-06-17 19:11:11.977 : User is logged out of session	[MsgId: MMSG-17999]
  2023-06-17 19:13:07.385 : IterationNum=146	[MsgId: MMSG-17999]
   USER 146 = user80:pwd80	[MsgId: MMSG-17999]
    2023-06-17 19:13:07.479 : Start page is opened	[MsgId: MMSG-17999]
    2023-06-17 19:13:12.013 : User is logged in with session 136655.422195221HAcQcVDpcHQVzzzHtcVHfpcHQzHf	[MsgId: MMSG-17999]
    2023-06-17 19:13:17.435 : User is logged out of session	[MsgId: MMSG-17999]
  2023-06-17 19:15:13.386 : IterationNum=147	[MsgId: MMSG-17999]
   USER 147 = user80:pwd80	[MsgId: MMSG-17999]
    2023-06-17 19:15:13.480 : Start page is opened	[MsgId: MMSG-17999]
    2023-06-17 19:15:19.215 : User is logged in with session 136655.432401782HAcQcVDpiAtVzzzHtcVHfpcicicf	[MsgId: MMSG-17999]
    2023-06-17 19:15:24.482 : User is logged out of session	[MsgId: MMSG-17999]
  2023-06-17 19:17:19.386 : IterationNum=148	[MsgId: MMSG-17999]
   USER 148 = user80:pwd80	[MsgId: MMSG-17999]
    2023-06-17 19:17:19.481 : Start page is opened	[MsgId: MMSG-17999]
    2023-06-17 19:17:24.801 : User is logged in with session 136655.442608343HAcQcVtpDcQVzzzHtcVHfpcifQHf	[MsgId: MMSG-17999]
    2023-06-17 19:17:30.691 : User is logged out of session	[MsgId: MMSG-17999]
  2023-06-17 19:19:25.397 : IterationNum=149	[MsgId: MMSG-17999]
   USER 149 = user80:pwd80	[MsgId: MMSG-17999]
    2023-06-17 19:19:25.492 : Start page is opened	[MsgId: MMSG-17999]
    2023-06-17 19:19:31.576 : User is logged in with session 136655.452814905HAcQcVtpiftVzzzHtcVHfpciQVcf	[MsgId: MMSG-17999]
    2023-06-17 19:19:37.166 : User is logged out of session	[MsgId: MMSG-17999]
  2023-06-17 19:21:31.405 : IterationNum=150	[MsgId: MMSG-17999]
   USER 150 = user80:pwd80	[MsgId: MMSG-17999]
    2023-06-17 19:21:31.500 : Start page is opened	[MsgId: MMSG-17999]
    2023-06-17 19:21:37.465 : User is logged in with session 136655.463021466HAcQcVfpDHQVzzzHtcVHfpcQccHf	[MsgId: MMSG-17999]
    2023-06-17 19:21:43.563 : User is logged out of session	[MsgId: MMSG-17999]
  2023-06-17 19:23:37.408 : IterationNum=151	[MsgId: MMSG-17999]
   USER 151 = user80:pwd80	[MsgId: MMSG-17999]
    2023-06-17 19:23:37.503 : Start page is opened	[MsgId: MMSG-17999]
    2023-06-17 19:23:42.970 : User is logged in with session 136655.473228028HAcQcVfpQAtVzzzHtcVHfpcQftcf	[MsgId: MMSG-17999]
    2023-06-17 19:23:48.691 : User is logged out of session	[MsgId: MMSG-17999]
  2023-06-17 19:25:43.410 : IterationNum=152	[MsgId: MMSG-17999]
   USER 152 = user80:pwd80	[MsgId: MMSG-17999]
    2023-06-17 19:25:43.504 : Start page is opened	[MsgId: MMSG-17999]
    2023-06-17 19:25:47.824 : User is logged in with session 136655.483434589HAcQcVzptcQVzzzHtcVHfpcQifHf	[MsgId: MMSG-17999]
    2023-06-17 19:25:53.326 : User is logged out of session	[MsgId: MMSG-17999]
  2023-06-17 19:27:49.424 : IterationNum=153	[MsgId: MMSG-17999]
   USER 153 = user80:pwd80	[MsgId: MMSG-17999]
    2023-06-17 19:27:49.519 : Start page is opened	[MsgId: MMSG-17999]
    2023-06-17 19:27:53.997 : User is logged in with session 136655.49364115HAcQcVzpQftVzzzHtcVHfpDAVHcf	[MsgId: MMSG-17999]
    2023-06-17 19:27:58.292 : User is logged out of session	[MsgId: MMSG-17999]
  2023-06-17 19:29:55.431 : IterationNum=154	[MsgId: MMSG-17999]
   USER 154 = user80:pwd80	[MsgId: MMSG-17999]
    2023-06-17 19:29:55.525 : Start page is opened	[MsgId: MMSG-17999]
    2023-06-17 19:30:00.755 : User is logged in with session 136655.503847712HAcQcVHptHQVzzzHtcVHfpDAtiHf	[MsgId: MMSG-17999]
    2023-06-17 19:30:06.106 : User is logged out of session	[MsgId: MMSG-17999]
  2023-06-17 19:32:01.441 : IterationNum=155	[MsgId: MMSG-17999]
   USER 155 = user80:pwd80	[MsgId: MMSG-17999]
    2023-06-17 19:32:01.534 : Start page is opened	[MsgId: MMSG-17999]
    2023-06-17 19:32:05.773 : User is logged in with session 136655.514054273HAcQcVipAAtVzzzHtcVHfpDAiAcf	[MsgId: MMSG-17999]
    2023-06-17 19:32:10.530 : User is logged out of session	[MsgId: MMSG-17999]
  2023-06-17 19:34:07.441 : IterationNum=156	[MsgId: MMSG-17999]
   USER 156 = user80:pwd80	[MsgId: MMSG-17999]
    2023-06-17 19:34:07.535 : Start page is opened	[MsgId: MMSG-17999]
    2023-06-17 19:34:12.748 : User is logged in with session 136655.524260834HAcQcVipfcQVzzzHtcVHfpDVVVHf	[MsgId: MMSG-17999]
    2023-06-17 19:34:18.134 : User is logged out of session	[MsgId: MMSG-17999]
  2023-06-17 19:36:13.453 : IterationNum=157	[MsgId: MMSG-17999]
   USER 157 = user80:pwd80	[MsgId: MMSG-17999]
    2023-06-17 19:36:13.545 : Start page is opened	[MsgId: MMSG-17999]
    2023-06-17 19:36:19.075 : User is logged in with session 136655.534467396HAcQcVQpAftVzzzHtcVHfpDVtDcf	[MsgId: MMSG-17999]
    2023-06-17 19:36:24.288 : User is logged out of session	[MsgId: MMSG-17999]
  2023-06-17 19:38:19.461 : IterationNum=158	[MsgId: MMSG-17999]
   USER 158 = user80:pwd80	[MsgId: MMSG-17999]
    2023-06-17 19:38:19.556 : Start page is opened	[MsgId: MMSG-17999]
    2023-06-17 19:38:24.841 : User is logged in with session 136655.544673957HAcQcVQpfHQVzzzHtcVHfpDVHtHf	[MsgId: MMSG-17999]
    2023-06-17 19:38:29.527 : User is logged out of session	[MsgId: MMSG-17999]
  2023-06-17 19:40:25.467 : IterationNum=159	[MsgId: MMSG-17999]
   USER 159 = user80:pwd80	[MsgId: MMSG-17999]
    2023-06-17 19:40:25.562 : Start page is opened	[MsgId: MMSG-17999]
    2023-06-17 19:40:29.605 : User is logged in with session 136655.554880518HAcQccApVAtVzzzHtcVHfpDcAzcf	[MsgId: MMSG-17999]
    2023-06-17 19:40:33.513 : User is logged out of session	[MsgId: MMSG-17999]
  2023-06-17 19:42:31.470 : IterationNum=160	[MsgId: MMSG-17999]
   USER 160 = user80:pwd80	[MsgId: MMSG-17999]
    2023-06-17 19:42:31.564 : Start page is opened	[MsgId: MMSG-17999]
    2023-06-17 19:42:36.259 : User is logged in with session 136655.56508708HAcQccApzcQVzzzHtcVHfpDcDHHf	[MsgId: MMSG-17999]
    2023-06-17 19:42:41.325 : User is logged out of session	[MsgId: MMSG-17999]
  2023-06-17 19:44:37.482 : IterationNum=161	[MsgId: MMSG-17999]
   USER 161 = user80:pwd80	[MsgId: MMSG-17999]
    2023-06-17 19:44:37.577 : Start page is opened	[MsgId: MMSG-17999]
    2023-06-17 19:44:42.999 : User is logged in with session 136655.575293641HAcQccVpVftVzzzHtcVHfpDczQcf	[MsgId: MMSG-17999]
    2023-06-17 19:44:48.054 : User is logged out of session	[MsgId: MMSG-17999]
  2023-06-17 19:46:43.496 : IterationNum=162	[MsgId: MMSG-17999]
   USER 162 = user80:pwd80	[MsgId: MMSG-17999]
    2023-06-17 19:46:43.591 : Start page is opened	[MsgId: MMSG-17999]
    2023-06-17 19:46:49.604 : User is logged in with session 136655.585500203HAcQccVpzHQVzzzHtcVHfpDDAAHf	[MsgId: MMSG-17999]
    2023-06-17 19:46:53.595 : User is logged out of session	[MsgId: MMSG-17999]
  2023-06-17 19:48:49.505 : IterationNum=163	[MsgId: MMSG-17999]
   USER 163 = user80:pwd80	[MsgId: MMSG-17999]
    2023-06-17 19:48:49.598 : Start page is opened	[MsgId: MMSG-17999]
    2023-06-17 19:48:54.060 : User is logged in with session 136655.595706764HAcQcccpcAtVzzzHtcVHfpDDDccf	[MsgId: MMSG-17999]
    2023-06-17 19:48:58.097 : User is logged out of session	[MsgId: MMSG-17999]
  2023-06-17 19:50:55.514 : IterationNum=164	[MsgId: MMSG-17999]
   USER 164 = user80:pwd80	[MsgId: MMSG-17999]
    2023-06-17 19:50:55.608 : Start page is opened	[MsgId: MMSG-17999]
    2023-06-17 19:51:00.061 : User is logged in with session 136655.605913325HAcQcccpHcQVzzzHtcVHfpDDzDHf	[MsgId: MMSG-17999]
    2023-06-17 19:51:05.669 : User is logged out of session	[MsgId: MMSG-17999]
  2023-06-17 19:53:01.529 : IterationNum=165	[MsgId: MMSG-17999]
   USER 165 = user80:pwd80	[MsgId: MMSG-17999]
    2023-06-17 19:53:01.623 : Start page is opened	[MsgId: MMSG-17999]
    2023-06-17 19:53:06.692 : User is logged in with session 136655.616119887HAcQccDpcftVzzzHtcVHfpDDQfcf	[MsgId: MMSG-17999]
    2023-06-17 19:53:12.083 : User is logged out of session	[MsgId: MMSG-17999]
  2023-06-17 19:55:07.533 : IterationNum=166	[MsgId: MMSG-17999]
   USER 166 = user80:pwd80	[MsgId: MMSG-17999]
    2023-06-17 19:55:07.626 : Start page is opened	[MsgId: MMSG-17999]
    2023-06-17 19:55:13.901 : User is logged in with session 136655.626326448HAcQccDpHHQVzzzHtcVHfpDtczHf	[MsgId: MMSG-17999]
    2023-06-17 19:55:18.526 : User is logged out of session	[MsgId: MMSG-17999]
  2023-06-17 19:57:13.545 : IterationNum=167	[MsgId: MMSG-17999]
   USER 167 = user80:pwd80	[MsgId: MMSG-17999]
    2023-06-17 19:57:13.639 : Start page is opened	[MsgId: MMSG-17999]
    2023-06-17 19:57:19.869 : User is logged in with session 136655.636533009HAcQcctpDAtVzzzHtcVHfpDtficf	[MsgId: MMSG-17999]
    2023-06-17 19:57:25.225 : User is logged out of session	[MsgId: MMSG-17999]
  2023-06-17 19:59:19.559 : IterationNum=168	[MsgId: MMSG-17999]
   USER 168 = user80:pwd80	[MsgId: MMSG-17999]
    2023-06-17 19:59:19.654 : Start page is opened	[MsgId: MMSG-17999]
    2023-06-17 19:59:25.567 : User is logged in with session 136655.646739571HAcQcctpicQVzzzHtcVHfpDtiQHf	[MsgId: MMSG-17999]
    2023-06-17 19:59:29.981 : User is logged out of session	[MsgId: MMSG-17999]
  2023-06-17 20:01:25.574 : IterationNum=169	[MsgId: MMSG-17999]
   USER 169 = user80:pwd80	[MsgId: MMSG-17999]
    2023-06-17 20:01:25.669 : Start page is opened	[MsgId: MMSG-17999]
    2023-06-17 20:01:31.212 : User is logged in with session 136655.656946132HAcQccfpDftVzzzHtcVHfpDfcVcf	[MsgId: MMSG-17999]
    2023-06-17 20:01:36.621 : User is logged out of session	[MsgId: MMSG-17999]
  2023-06-17 20:03:31.583 : IterationNum=170	[MsgId: MMSG-17999]
   USER 170 = user80:pwd80	[MsgId: MMSG-17999]
    2023-06-17 20:03:31.678 : Start page is opened	[MsgId: MMSG-17999]
    2023-06-17 20:03:35.888 : User is logged in with session 136655.667152693HAcQccfpiHQVzzzHtcVHfpDffcHf	[MsgId: MMSG-17999]
    2023-06-17 20:03:40.913 : User is logged out of session	[MsgId: MMSG-17999]
  2023-06-17 20:05:37.587 : IterationNum=171	[MsgId: MMSG-17999]
   USER 171 = user80:pwd80	[MsgId: MMSG-17999]
    2023-06-17 20:05:37.682 : Start page is opened	[MsgId: MMSG-17999]
    2023-06-17 20:05:43.258 : User is logged in with session 136655.677359255HAcQcczptAtVzzzHtcVHfpDfitcf	[MsgId: MMSG-17999]
    2023-06-17 20:05:49.308 : User is logged out of session	[MsgId: MMSG-17999]
  2023-06-17 20:07:43.593 : IterationNum=172	[MsgId: MMSG-17999]
   USER 172 = user80:pwd80	[MsgId: MMSG-17999]
    2023-06-17 20:07:43.686 : Start page is opened	[MsgId: MMSG-17999]
    2023-06-17 20:07:49.032 : User is logged in with session 136655.687565816HAcQcczpQcQVzzzHtcVHfpDzVfHf	[MsgId: MMSG-17999]
    2023-06-17 20:07:54.905 : User is logged out of session	[MsgId: MMSG-17999]
  2023-06-17 20:09:49.604 : IterationNum=173	[MsgId: MMSG-17999]
   USER 173 = user80:pwd80	[MsgId: MMSG-17999]
    2023-06-17 20:09:49.697 : Start page is opened	[MsgId: MMSG-17999]
    2023-06-17 20:09:55.023 : User is logged in with session 136655.697772377HAcQccHptftVzzzHtcVHfpDztHcf	[MsgId: MMSG-17999]
    2023-06-17 20:09:59.663 : User is logged out of session	[MsgId: MMSG-17999]
  2023-06-17 20:11:55.617 : IterationNum=174	[MsgId: MMSG-17999]
   USER 174 = user80:pwd80	[MsgId: MMSG-17999]
    2023-06-17 20:11:55.710 : Start page is opened	[MsgId: MMSG-17999]
    2023-06-17 20:12:01.684 : User is logged in with session 136655.707978939HAcQccHpQHQVzzzHtcVHfpDzHiHf	[MsgId: MMSG-17999]
    2023-06-17 20:12:06.999 : User is logged out of session	[MsgId: MMSG-17999]
  2023-06-17 20:14:01.622 : IterationNum=175	[MsgId: MMSG-17999]
   USER 175 = user80:pwd80	[MsgId: MMSG-17999]
    2023-06-17 20:14:01.715 : Start page is opened	[MsgId: MMSG-17999]
    2023-06-17 20:14:05.710 : User is logged in with session 136655.7181855HAcQccipfAtVzzzHtcVHfpDHVAcf	[MsgId: MMSG-17999]
    2023-06-17 20:14:12.056 : User is logged out of session	[MsgId: MMSG-17999]
  2023-06-17 20:16:07.631 : IterationNum=176	[MsgId: MMSG-17999]
   USER 176 = user80:pwd80	[MsgId: MMSG-17999]
    2023-06-17 20:16:07.726 : Start page is opened	[MsgId: MMSG-17999]
    2023-06-17 20:16:12.180 : User is logged in with session 136655.728392062HAcQccQpAcQVzzzHtcVHfpDHtVHf	[MsgId: MMSG-17999]
    2023-06-17 20:16:17.739 : User is logged out of session	[MsgId: MMSG-17999]
  2023-06-17 20:18:13.632 : IterationNum=177	[MsgId: MMSG-17999]
   USER 177 = user80:pwd80	[MsgId: MMSG-17999]
    2023-06-17 20:18:13.725 : Start page is opened	[MsgId: MMSG-17999]
    2023-06-17 20:18:18.979 : User is logged in with session 136655.738598623HAcQccQpfftVzzzHtcVHfpDHHDcf	[MsgId: MMSG-17999]
    2023-06-17 20:18:23.814 : User is logged out of session	[MsgId: MMSG-17999]
  2023-06-17 20:20:19.635 : IterationNum=178	[MsgId: MMSG-17999]
   USER 178 = user80:pwd80	[MsgId: MMSG-17999]
    2023-06-17 20:20:19.730 : Start page is opened	[MsgId: MMSG-17999]
    2023-06-17 20:20:24.194 : User is logged in with session 136655.748805184HAcQcDApAHQVzzzHtcVHfpDiAtHf	[MsgId: MMSG-17999]
    2023-06-17 20:20:29.260 : User is logged out of session	[MsgId: MMSG-17999]
  2023-06-17 20:22:25.646 : IterationNum=179	[MsgId: MMSG-17999]
   USER 179 = user80:pwd80	[MsgId: MMSG-17999]
    2023-06-17 20:22:25.740 : Start page is opened	[MsgId: MMSG-17999]
    2023-06-17 20:22:30.998 : User is logged in with session 136655.759011746HAcQcDApzAtVzzzHtcVHfpDiDzcf	[MsgId: MMSG-17999]
    2023-06-17 20:22:35.797 : User is logged out of session	[MsgId: MMSG-17999]
  2023-06-17 20:24:31.646 : IterationNum=180	[MsgId: MMSG-17999]
   USER 180 = user80:pwd80	[MsgId: MMSG-17999]
    2023-06-17 20:24:31.742 : Start page is opened	[MsgId: MMSG-17999]
    2023-06-17 20:24:36.904 : User is logged in with session 136655.769218307HAcQcDVpVcQVzzzHtcVHfpDizHHf	[MsgId: MMSG-17999]
    2023-06-17 20:24:41.429 : User is logged out of session	[MsgId: MMSG-17999]
  2023-06-17 20:26:37.647 : IterationNum=181	[MsgId: MMSG-17999]
   USER 181 = user80:pwd80	[MsgId: MMSG-17999]
    2023-06-17 20:26:37.741 : Start page is opened	[MsgId: MMSG-17999]
    2023-06-17 20:26:41.805 : User is logged in with session 136655.779424868HAcQcDVpzftVzzzHtcVHfpDiQQcf	[MsgId: MMSG-17999]
    2023-06-17 20:26:47.377 : User is logged out of session	[MsgId: MMSG-17999]
  2023-06-17 20:28:43.651 : IterationNum=182	[MsgId: MMSG-17999]
   USER 182 = user80:pwd80	[MsgId: MMSG-17999]
    2023-06-17 20:28:43.746 : Start page is opened	[MsgId: MMSG-17999]
    2023-06-17 20:28:49.902 : User is logged in with session 136655.78963143HAcQcDcpVHQVzzzHtcVHfpDQDAHf	[MsgId: MMSG-17999]
    2023-06-17 20:28:55.351 : User is logged out of session	[MsgId: MMSG-17999]
  2023-06-17 20:30:49.657 : IterationNum=183	[MsgId: MMSG-17999]
   USER 183 = user80:pwd80	[MsgId: MMSG-17999]
    2023-06-17 20:30:49.752 : Start page is opened	[MsgId: MMSG-17999]
    2023-06-17 20:30:55.364 : User is logged in with session 136655.799837991HAcQcDcpHAtVzzzHtcVHfpDQzccf	[MsgId: MMSG-17999]
    2023-06-17 20:30:59.416 : User is logged out of session	[MsgId: MMSG-17999]
  2023-06-17 20:32:55.664 : IterationNum=184	[MsgId: MMSG-17999]
   USER 184 = user80:pwd80	[MsgId: MMSG-17999]
    2023-06-17 20:32:55.758 : Start page is opened	[MsgId: MMSG-17999]
    2023-06-17 20:33:00.481 : User is logged in with session 136655.810044552HAcQcDDpccQVzzzHtcVHfpDQQDHf	[MsgId: MMSG-17999]
    2023-06-17 20:33:05.593 : User is logged out of session	[MsgId: MMSG-17999]
  2023-06-17 20:35:01.677 : IterationNum=185	[MsgId: MMSG-17999]
   USER 185 = user80:pwd80	[MsgId: MMSG-17999]
    2023-06-17 20:35:01.770 : Start page is opened	[MsgId: MMSG-17999]
    2023-06-17 20:35:08.048 : User is logged in with session 136655.820251114HAcQcDDpHftVzzzHtcVHfptAcfcf	[MsgId: MMSG-17999]
    2023-06-17 20:35:13.842 : User is logged out of session	[MsgId: MMSG-17999]
  2023-06-17 20:37:07.681 : IterationNum=186	[MsgId: MMSG-17999]
   USER 186 = user80:pwd80	[MsgId: MMSG-17999]
    2023-06-17 20:37:07.776 : Start page is opened	[MsgId: MMSG-17999]
    2023-06-17 20:37:13.199 : User is logged in with session 136655.830457675HAcQcDtpcHQVzzzHtcVHfptAfzHf	[MsgId: MMSG-17999]
    2023-06-17 20:37:17.939 : User is logged out of session	[MsgId: MMSG-17999]
  2023-06-17 20:39:13.685 : IterationNum=187	[MsgId: MMSG-17999]
   USER 187 = user80:pwd80	[MsgId: MMSG-17999]
    2023-06-17 20:39:13.780 : Start page is opened	[MsgId: MMSG-17999]
    2023-06-17 20:39:18.820 : User is logged in with session 136655.840664237HAcQcDtpiAtVzzzHtcVHfptAiicf	[MsgId: MMSG-17999]
    2023-06-17 20:39:24.574 : User is logged out of session	[MsgId: MMSG-17999]
  2023-06-17 20:41:19.690 : IterationNum=188	[MsgId: MMSG-17999]
   USER 188 = user80:pwd80	[MsgId: MMSG-17999]
    2023-06-17 20:41:19.784 : Start page is opened	[MsgId: MMSG-17999]
    2023-06-17 20:41:25.537 : User is logged in with session 136655.850870798HAcQcDfpDcQVzzzHtcVHfptVVQHf	[MsgId: MMSG-17999]
    2023-06-17 20:41:31.501 : User is logged out of session	[MsgId: MMSG-17999]
  2023-06-17 20:43:25.692 : IterationNum=189	[MsgId: MMSG-17999]
   USER 189 = user80:pwd80	[MsgId: MMSG-17999]
    2023-06-17 20:43:25.787 : Start page is opened	[MsgId: MMSG-17999]
    2023-06-17 20:43:32.101 : User is logged in with session 136655.861077359HAcQcDfpiftVzzzHtcVHfptVfVcf	[MsgId: MMSG-17999]
    2023-06-17 20:43:37.632 : User is logged out of session	[MsgId: MMSG-17999]
  2023-06-17 20:45:31.696 : IterationNum=190	[MsgId: MMSG-17999]
   USER 190 = user80:pwd80	[MsgId: MMSG-17999]
    2023-06-17 20:45:31.791 : Start page is opened	[MsgId: MMSG-17999]
    2023-06-17 20:45:37.338 : User is logged in with session 136655.871283921HAcQcDzpDHQVzzzHtcVHfptVicHf	[MsgId: MMSG-17999]
    2023-06-17 20:45:43.562 : User is logged out of session	[MsgId: MMSG-17999]
  2023-06-17 20:47:37.700 : IterationNum=191	[MsgId: MMSG-17999]
   USER 191 = user80:pwd80	[MsgId: MMSG-17999]
    2023-06-17 20:47:37.793 : Start page is opened	[MsgId: MMSG-17999]
    2023-06-17 20:47:43.760 : User is logged in with session 136655.881490482HAcQcDzpQAtVzzzHtcVHfptcVtcf	[MsgId: MMSG-17999]
    2023-06-17 20:47:48.341 : User is logged out of session	[MsgId: MMSG-17999]
  2023-06-17 20:49:43.709 : IterationNum=192	[MsgId: MMSG-17999]
   USER 192 = user80:pwd80	[MsgId: MMSG-17999]
    2023-06-17 20:49:43.801 : Start page is opened	[MsgId: MMSG-17999]
    2023-06-17 20:49:50.111 : User is logged in with session 136655.891697043HAcQcDHptcQVzzzHtcVHfptctfHf	[MsgId: MMSG-17999]
    2023-06-17 20:49:55.739 : User is logged out of session	[MsgId: MMSG-17999]
  2023-06-17 20:51:49.712 : IterationNum=193	[MsgId: MMSG-17999]
   USER 193 = user80:pwd80	[MsgId: MMSG-17999]
    2023-06-17 20:51:49.806 : Start page is opened	[MsgId: MMSG-17999]
    2023-06-17 20:51:54.501 : User is logged in with session 136655.901903605HAcQcDHpQftVzzzHtcVHfptcHHcf	[MsgId: MMSG-17999]
    2023-06-17 20:51:58.456 : User is logged out of session	[MsgId: MMSG-17999]
  2023-06-17 20:53:55.717 : IterationNum=194	[MsgId: MMSG-17999]
   USER 194 = user80:pwd80	[MsgId: MMSG-17999]
    2023-06-17 20:53:55.810 : Start page is opened	[MsgId: MMSG-17999]
    2023-06-17 20:54:00.373 : User is logged in with session 136655.912110166HAcQcDiptHQVzzzHtcVHfptDAiHf	[MsgId: MMSG-17999]
    2023-06-17 20:54:04.944 : User is logged out of session	[MsgId: MMSG-17999]
  2023-06-17 20:56:01.719 : IterationNum=195	[MsgId: MMSG-17999]
   USER 195 = user80:pwd80	[MsgId: MMSG-17999]
    2023-06-17 20:56:01.813 : Start page is opened	[MsgId: MMSG-17999]
    2023-06-17 20:56:07.662 : User is logged in with session 136655.922316727HAcQcDQpAAtVzzzHtcVHfptDtAcf	[MsgId: MMSG-17999]
    2023-06-17 20:56:13.014 : User is logged out of session	[MsgId: MMSG-17999]
  2023-06-17 20:58:07.725 : IterationNum=196	[MsgId: MMSG-17999]
   USER 196 = user80:pwd80	[MsgId: MMSG-17999]
    2023-06-17 20:58:07.819 : Start page is opened	[MsgId: MMSG-17999]
    2023-06-17 20:58:12.826 : User is logged in with session 136655.932523289HAcQcDQpfcQVzzzHtcVHfptDHVHf	[MsgId: MMSG-17999]
    2023-06-17 20:58:17.484 : User is logged out of session	[MsgId: MMSG-17999]
  2023-06-17 21:00:13.727 : IterationNum=197	[MsgId: MMSG-17999]
   USER 197 = user80:pwd80	[MsgId: MMSG-17999]
    2023-06-17 21:00:13.820 : Start page is opened	[MsgId: MMSG-17999]
    2023-06-17 21:00:18.677 : User is logged in with session 136655.94272985HAcQctApAftVzzzHtcVHfpttADcf	[MsgId: MMSG-17999]
    2023-06-17 21:00:24.298 : User is logged out of session	[MsgId: MMSG-17999]
  2023-06-17 21:02:19.736 : IterationNum=198	[MsgId: MMSG-17999]
   USER 198 = user80:pwd80	[MsgId: MMSG-17999]
    2023-06-17 21:02:19.831 : Start page is opened	[MsgId: MMSG-17999]
    2023-06-17 21:02:25.801 : User is logged in with session 136655.952936412HAcQctApfHQVzzzHtcVHfpttDtHf	[MsgId: MMSG-17999]
    2023-06-17 21:02:30.956 : User is logged out of session	[MsgId: MMSG-17999]
  2023-06-17 21:04:25.738 : IterationNum=199	[MsgId: MMSG-17999]
   USER 199 = user80:pwd80	[MsgId: MMSG-17999]
    2023-06-17 21:04:25.832 : Start page is opened	[MsgId: MMSG-17999]
    2023-06-17 21:04:31.645 : User is logged in with session 136655.963142973HAcQctVpVAtVzzzHtcVHfpttzzcf	[MsgId: MMSG-17999]
    2023-06-17 21:04:37.529 : User is logged out of session	[MsgId: MMSG-17999]
  2023-06-17 21:06:31.747 : IterationNum=200	[MsgId: MMSG-17999]
   USER 200 = user80:pwd80	[MsgId: MMSG-17999]
    2023-06-17 21:06:31.843 : Start page is opened	[MsgId: MMSG-17999]
    2023-06-17 21:06:36.318 : User is logged in with session 136655.973349534HAcQctVpzcQVzzzHtcVHfpttQHHf	[MsgId: MMSG-17999]
    2023-06-17 21:06:40.544 : User is logged out of session	[MsgId: MMSG-17999]
  2023-06-17 21:08:37.761 : IterationNum=201	[MsgId: MMSG-17999]
   USER 201 = user80:pwd80	[MsgId: MMSG-17999]
    2023-06-17 21:08:37.855 : Start page is opened	[MsgId: MMSG-17999]
    2023-06-17 21:08:44.066 : User is logged in with session 136655.983556096HAcQctcpVftVzzzHtcVHfptfcQcf	[MsgId: MMSG-17999]
    2023-06-17 21:08:50.060 : User is logged out of session	[MsgId: MMSG-17999]
  2023-06-17 21:10:43.774 : IterationNum=202	[MsgId: MMSG-17999]
   USER 202 = user80:pwd80	[MsgId: MMSG-17999]
    2023-06-17 21:10:43.869 : Start page is opened	[MsgId: MMSG-17999]
    2023-06-17 21:10:49.857 : User is logged in with session 136655.993762657HAcQctcpzHQVzzzHtcVHfptfzAHf	[MsgId: MMSG-17999]
    2023-06-17 21:10:55.044 : User is logged out of session	[MsgId: MMSG-17999]
  2023-06-17 21:12:49.780 : IterationNum=203	[MsgId: MMSG-17999]
   USER 203 = user80:pwd80	[MsgId: MMSG-17999]
    2023-06-17 21:12:49.875 : Start page is opened	[MsgId: MMSG-17999]
    2023-06-17 21:12:54.279 : User is logged in with session 136656.003969218HAcQctDpcAtVzzzHtcVHfptfQccf	[MsgId: MMSG-17999]
    2023-06-17 21:13:00.317 : User is logged out of session	[MsgId: MMSG-17999]
  2023-06-17 21:14:55.794 : IterationNum=204	[MsgId: MMSG-17999]
   USER 204 = user80:pwd80	[MsgId: MMSG-17999]
    2023-06-17 21:14:55.889 : Start page is opened	[MsgId: MMSG-17999]
    2023-06-17 21:15:01.592 : User is logged in with session 136656.01417578HAcQctDpHcQVzzzHtcVHfptzcDHf	[MsgId: MMSG-17999]
    2023-06-17 21:15:07.720 : User is logged out of session	[MsgId: MMSG-17999]
  2023-06-17 21:17:01.796 : IterationNum=205	[MsgId: MMSG-17999]
   USER 205 = user80:pwd80	[MsgId: MMSG-17999]
    2023-06-17 21:17:01.890 : Start page is opened	[MsgId: MMSG-17999]
    2023-06-17 21:17:07.053 : User is logged in with session 136656.024382341HAcQcttpcftVzzzHtcVHfptzffcf	[MsgId: MMSG-17999]
    2023-06-17 21:17:11.921 : User is logged out of session	[MsgId: MMSG-17999]
  2023-06-17 21:19:07.810 : IterationNum=206	[MsgId: MMSG-17999]
   USER 206 = user80:pwd80	[MsgId: MMSG-17999]
    2023-06-17 21:19:07.903 : Start page is opened	[MsgId: MMSG-17999]
    2023-06-17 21:19:12.262 : User is logged in with session 136656.034588902HAcQcttpHHQVzzzHtcVHfptzizHf	[MsgId: MMSG-17999]
    2023-06-17 21:19:17.891 : User is logged out of session	[MsgId: MMSG-17999]
  2023-06-17 21:21:13.812 : IterationNum=207	[MsgId: MMSG-17999]
   USER 207 = user80:pwd80	[MsgId: MMSG-17999]
    2023-06-17 21:21:13.906 : Start page is opened	[MsgId: MMSG-17999]
    2023-06-17 21:21:18.126 : User is logged in with session 136656.044795464HAcQctfpDAtVzzzHtcVHfptHVicf	[MsgId: MMSG-17999]
    2023-06-17 21:21:22.260 : User is logged out of session	[MsgId: MMSG-17999]
  2023-06-17 21:23:19.822 : IterationNum=208	[MsgId: MMSG-17999]
   USER 208 = user80:pwd80	[MsgId: MMSG-17999]
    2023-06-17 21:23:19.915 : Start page is opened	[MsgId: MMSG-17999]
    2023-06-17 21:23:25.420 : User is logged in with session 136656.055002025HAcQctfpicQVzzzHtcVHfptHtQHf	[MsgId: MMSG-17999]
    2023-06-17 21:23:30.840 : User is logged out of session	[MsgId: MMSG-17999]
  2023-06-17 21:25:25.823 : IterationNum=209	[MsgId: MMSG-17999]
   USER 209 = user80:pwd80	[MsgId: MMSG-17999]
    2023-06-17 21:25:25.916 : Start page is opened	[MsgId: MMSG-17999]
    2023-06-17 21:25:31.415 : User is logged in with session 136656.065208586HAcQctzpDftVzzzHtcVHfptHiVcf	[MsgId: MMSG-17999]
    2023-06-17 21:25:36.176 : User is logged out of session	[MsgId: MMSG-17999]
  2023-06-17 21:27:31.827 : IterationNum=210	[MsgId: MMSG-17999]
   USER 210 = user80:pwd80	[MsgId: MMSG-17999]
    2023-06-17 21:27:31.921 : Start page is opened	[MsgId: MMSG-17999]
    2023-06-17 21:27:37.693 : User is logged in with session 136656.075415148HAcQctzpiHQVzzzHtcVHfptiVcHf	[MsgId: MMSG-17999]
    2023-06-17 21:27:43.000 : User is logged out of session	[MsgId: MMSG-17999]
  2023-06-17 21:29:37.841 : IterationNum=211	[MsgId: MMSG-17999]
   USER 211 = user80:pwd80	[MsgId: MMSG-17999]
    2023-06-17 21:29:37.935 : Start page is opened	[MsgId: MMSG-17999]
    2023-06-17 21:29:42.991 : User is logged in with session 136656.085621709HAcQctHptAtVzzzHtcVHfptittcf	[MsgId: MMSG-17999]
    2023-06-17 21:29:47.438 : User is logged out of session	[MsgId: MMSG-17999]
  2023-06-17 21:31:43.844 : IterationNum=212	[MsgId: MMSG-17999]
   USER 212 = user80:pwd80	[MsgId: MMSG-17999]
    2023-06-17 21:31:43.940 : Start page is opened	[MsgId: MMSG-17999]
    2023-06-17 21:31:48.867 : User is logged in with session 136656.095828271HAcQctHpQcQVzzzHtcVHfptiHfHf	[MsgId: MMSG-17999]
    2023-06-17 21:31:53.023 : User is logged out of session	[MsgId: MMSG-17999]
  2023-06-17 21:33:49.848 : IterationNum=213	[MsgId: MMSG-17999]
   USER 213 = user80:pwd80	[MsgId: MMSG-17999]
    2023-06-17 21:33:49.942 : Start page is opened	[MsgId: MMSG-17999]
    2023-06-17 21:33:54.745 : User is logged in with session 136656.106034832HAcQctiptftVzzzHtcVHfptQAHcf	[MsgId: MMSG-17999]
    2023-06-17 21:34:00.382 : User is logged out of session	[MsgId: MMSG-17999]
  2023-06-17 21:35:55.857 : IterationNum=214	[MsgId: MMSG-17999]
   USER 214 = user80:pwd80	[MsgId: MMSG-17999]
    2023-06-17 21:35:55.952 : Start page is opened	[MsgId: MMSG-17999]
    2023-06-17 21:36:01.990 : User is logged in with session 136656.116241393HAcQctipQHQVzzzHtcVHfptQDiHf	[MsgId: MMSG-17999]
    2023-06-17 21:36:08.257 : User is logged out of session	[MsgId: MMSG-17999]
  2023-06-17 21:38:01.864 : IterationNum=215	[MsgId: MMSG-17999]
   USER 215 = user80:pwd80	[MsgId: MMSG-17999]
    2023-06-17 21:38:01.959 : Start page is opened	[MsgId: MMSG-17999]
    2023-06-17 21:38:07.247 : User is logged in with session 136656.126447955HAcQctQpfAtVzzzHtcVHfptQHAcf	[MsgId: MMSG-17999]
    2023-06-17 21:38:11.860 : User is logged out of session	[MsgId: MMSG-17999]
  2023-06-17 21:40:07.873 : IterationNum=216	[MsgId: MMSG-17999]
   USER 216 = user80:pwd80	[MsgId: MMSG-17999]
    2023-06-17 21:40:07.966 : Start page is opened	[MsgId: MMSG-17999]
    2023-06-17 21:40:12.183 : User is logged in with session 136656.136654516HAcQcfApAcQVzzzHtcVHfpfAAVHf	[MsgId: MMSG-17999]
    2023-06-17 21:40:16.248 : User is logged out of session	[MsgId: MMSG-17999]
  2023-06-17 21:42:13.882 : IterationNum=217	[MsgId: MMSG-17999]
   USER 217 = user80:pwd80	[MsgId: MMSG-17999]
    2023-06-17 21:42:13.977 : Start page is opened	[MsgId: MMSG-17999]
    2023-06-17 21:42:17.991 : User is logged in with session 136656.146861077HAcQcfApfftVzzzHtcVHfpfADDcf	[MsgId: MMSG-17999]
    2023-06-17 21:42:23.446 : User is logged out of session	[MsgId: MMSG-17999]
  2023-06-17 21:44:19.884 : IterationNum=218	[MsgId: MMSG-17999]
   USER 218 = user80:pwd80	[MsgId: MMSG-17999]
    2023-06-17 21:44:19.978 : Start page is opened	[MsgId: MMSG-17999]
    2023-06-17 21:44:23.880 : User is logged in with session 136656.157067639HAcQcfVpAHQVzzzHtcVHfpfAztHf	[MsgId: MMSG-17999]
    2023-06-17 21:44:29.453 : User is logged out of session	[MsgId: MMSG-17999]
  2023-06-17 21:46:25.894 : IterationNum=219	[MsgId: MMSG-17999]
   USER 219 = user80:pwd80	[MsgId: MMSG-17999]
    2023-06-17 21:46:25.988 : Start page is opened	[MsgId: MMSG-17999]
    2023-06-17 21:46:31.332 : User is logged in with session 136656.1672742HAcQcfVpzAtVzzzHtcVHfpfAQzcf	[MsgId: MMSG-17999]
    2023-06-17 21:46:36.155 : User is logged out of session	[MsgId: MMSG-17999]
  2023-06-17 21:48:31.903 : IterationNum=220	[MsgId: MMSG-17999]
   USER 220 = user80:pwd80	[MsgId: MMSG-17999]
    2023-06-17 21:48:31.996 : Start page is opened	[MsgId: MMSG-17999]
    2023-06-17 21:48:37.312 : User is logged in with session 136656.177480761HAcQcfcpVcQVzzzHtcVHfpfVcHHf	[MsgId: MMSG-17999]
    2023-06-17 21:48:42.163 : User is logged out of session	[MsgId: MMSG-17999]
  2023-06-17 21:50:37.914 : IterationNum=221	[MsgId: MMSG-17999]
   USER 221 = user80:pwd80	[MsgId: MMSG-17999]
    2023-06-17 21:50:38.008 : Start page is opened	[MsgId: MMSG-17999]
    2023-06-17 21:50:44.131 : User is logged in with session 136656.187687323HAcQcfcpzftVzzzHtcVHfpfVfQcf	[MsgId: MMSG-17999]
    2023-06-17 21:50:49.586 : User is logged out of session	[MsgId: MMSG-17999]
  2023-06-17 21:52:43.916 : IterationNum=222	[MsgId: MMSG-17999]
   USER 222 = user80:pwd80	[MsgId: MMSG-17999]
    2023-06-17 21:52:44.012 : Start page is opened	[MsgId: MMSG-17999]
    2023-06-17 21:52:48.175 : User is logged in with session 136656.197893884HAcQcfDpVHQVzzzHtcVHfpfVQAHf	[MsgId: MMSG-17999]
    2023-06-17 21:52:54.530 : User is logged out of session	[MsgId: MMSG-17999]
  2023-06-17 21:54:49.920 : IterationNum=223	[MsgId: MMSG-17999]
   USER 223 = user80:pwd80	[MsgId: MMSG-17999]
    2023-06-17 21:54:50.014 : Start page is opened	[MsgId: MMSG-17999]
    2023-06-17 21:54:54.452 : User is logged in with session 136656.208100446HAcQcfDpHAtVzzzHtcVHfpfccccf	[MsgId: MMSG-17999]
    2023-06-17 21:54:59.117 : User is logged out of session	[MsgId: MMSG-17999]
  2023-06-17 21:56:55.935 : IterationNum=224	[MsgId: MMSG-17999]
   USER 224 = user80:pwd80	[MsgId: MMSG-17999]
    2023-06-17 21:56:56.030 : Start page is opened	[MsgId: MMSG-17999]
    2023-06-17 21:56:59.992 : User is logged in with session 136656.218307007HAcQcftpccQVzzzHtcVHfpfcfDHf	[MsgId: MMSG-17999]
    2023-06-17 21:57:05.795 : User is logged out of session	[MsgId: MMSG-17999]
  2023-06-17 21:59:01.936 : IterationNum=225	[MsgId: MMSG-17999]
   USER 225 = user80:pwd80	[MsgId: MMSG-17999]
    2023-06-17 21:59:02.030 : Start page is opened	[MsgId: MMSG-17999]
    2023-06-17 21:59:08.282 : User is logged in with session 136656.228513568HAcQcftpHftVzzzHtcVHfpfcifcf	[MsgId: MMSG-17999]
    2023-06-17 21:59:12.219 : User is logged out of session	[MsgId: MMSG-17999]
  2023-06-17 22:01:07.951 : IterationNum=226	[MsgId: MMSG-17999]
   USER 226 = user80:pwd80	[MsgId: MMSG-17999]
    2023-06-17 22:01:08.044 : Start page is opened	[MsgId: MMSG-17999]
    2023-06-17 22:01:12.750 : User is logged in with session 136656.23872013HAcQcffpcHQVzzzHtcVHfpfDVzHf	[MsgId: MMSG-17999]
    2023-06-17 22:01:18.323 : User is logged out of session	[MsgId: MMSG-17999]
  2023-06-17 22:03:13.954 : IterationNum=227	[MsgId: MMSG-17999]
   USER 227 = user80:pwd80	[MsgId: MMSG-17999]
    2023-06-17 22:03:14.047 : Start page is opened	[MsgId: MMSG-17999]
    2023-06-17 22:03:19.334 : User is logged in with session 136656.248926691HAcQcffpiAtVzzzHtcVHfpfDticf	[MsgId: MMSG-17999]
    2023-06-17 22:03:24.121 : User is logged out of session	[MsgId: MMSG-17999]
  2023-06-17 22:05:19.966 : IterationNum=228	[MsgId: MMSG-17999]
   USER 228 = user80:pwd80	[MsgId: MMSG-17999]
    2023-06-17 22:05:20.060 : Start page is opened	[MsgId: MMSG-17999]
    2023-06-17 22:05:24.997 : User is logged in with session 136656.259133252HAcQcfzpDcQVzzzHtcVHfpfDHQHf	[MsgId: MMSG-17999]
    2023-06-17 22:05:30.704 : User is logged out of session	[MsgId: MMSG-17999]
  2023-06-17 22:07:25.973 : IterationNum=229	[MsgId: MMSG-17999]
   USER 229 = user80:pwd80	[MsgId: MMSG-17999]
    2023-06-17 22:07:26.067 : Start page is opened	[MsgId: MMSG-17999]
    2023-06-17 22:07:31.416 : User is logged in with session 136656.269420818HAcQcfzpifiDDDDDtcVHfpftVVf	[MsgId: MMSG-17999]
    2023-06-17 22:07:35.808 : User is logged out of session	[MsgId: MMSG-17999]
  2023-06-17 22:09:31.988 : IterationNum=230	[MsgId: MMSG-17999]
   USER 230 = user80:pwd80	[MsgId: MMSG-17999]
    2023-06-17 22:09:32.083 : Start page is opened	[MsgId: MMSG-17999]
    2023-06-17 22:09:38.206 : User is logged in with session 136656.27962738HAcQcfHpDiDDDDDDtcVHfpfttD	[MsgId: MMSG-17999]
    2023-06-17 22:09:43.451 : User is logged out of session	[MsgId: MMSG-17999]
  2023-06-17 22:11:38.002 : IterationNum=231	[MsgId: MMSG-17999]
   USER 231 = user80:pwd80	[MsgId: MMSG-17999]
    2023-06-17 22:11:38.097 : Start page is opened	[MsgId: MMSG-17999]
    2023-06-17 22:11:44.452 : User is logged in with session 136656.289833941HAcQcfHpQAiDDDDDtcVHfpftHtf	[MsgId: MMSG-17999]
    2023-06-17 22:11:49.664 : User is logged out of session	[MsgId: MMSG-17999]
  2023-06-17 22:13:44.003 : IterationNum=232	[MsgId: MMSG-17999]
   USER 232 = user80:pwd80	[MsgId: MMSG-17999]
    2023-06-17 22:13:44.098 : Start page is opened	[MsgId: MMSG-17999]
    2023-06-17 22:13:50.456 : User is logged in with session 136656.300040502HAcQcfiptDDDDDDDtcVHfpffAz	[MsgId: MMSG-17999]
    2023-06-17 22:13:54.714 : User is logged out of session	[MsgId: MMSG-17999]
  2023-06-17 22:15:50.007 : IterationNum=233	[MsgId: MMSG-17999]
   USER 233 = user80:pwd80	[MsgId: MMSG-17999]
    2023-06-17 22:15:50.100 : Start page is opened	[MsgId: MMSG-17999]
    2023-06-17 22:15:54.423 : User is logged in with session 136656.310247064HAcQcfipQfiDDDDDtcVHfpffDHf	[MsgId: MMSG-17999]
    2023-06-17 22:16:00.302 : User is logged out of session	[MsgId: MMSG-17999]
  2023-06-17 22:17:56.013 : IterationNum=234	[MsgId: MMSG-17999]
   USER 234 = user80:pwd80	[MsgId: MMSG-17999]
    2023-06-17 22:17:56.106 : Start page is opened	[MsgId: MMSG-17999]
    2023-06-17 22:18:00.701 : User is logged in with session 136656.320453625HAcQcfQptiDDDDDDtcVHfpffzQ	[MsgId: MMSG-17999]
    2023-06-17 22:18:04.939 : User is logged out of session	[MsgId: MMSG-17999]
  2023-06-17 22:20:02.028 : IterationNum=235	[MsgId: MMSG-17999]
   USER 235 = user80:pwd80	[MsgId: MMSG-17999]
    2023-06-17 22:20:02.121 : Start page is opened	[MsgId: MMSG-17999]
    2023-06-17 22:20:07.212 : User is logged in with session 136656.330660186HAcQczApAAiDDDDDtcVHfpfzAAf	[MsgId: MMSG-17999]
    2023-06-17 22:20:12.545 : User is logged out of session	[MsgId: MMSG-17999]
