  2023-06-17 14:08:16.273 : IterationNum=1	[MsgId: MMSG-17999]
   USER 1 = user78:pwd78	[MsgId: MMSG-17999]
    2023-06-17 14:08:16.362 : Start page is opened	[MsgId: MMSG-17999]
    2023-06-17 14:08:22.475 : User is logged in with session 136653.94054273HAcQVDHpAzzzzzzHtcVHtpicct	[MsgId: MMSG-17999]
    2023-06-17 14:08:28.312 : User is logged out of session	[MsgId: MMSG-17999]
  2023-06-17 14:10:22.288 : IterationNum=2	[MsgId: MMSG-17999]
   USER 2 = user78:pwd78	[MsgId: MMSG-17999]
    2023-06-17 14:10:22.383 : Start page is opened	[MsgId: MMSG-17999]
    2023-06-17 14:10:27.831 : User is logged in with session 136653.950749291HAcQVDHpfQVzzzzHtcVHtpicfff	[MsgId: MMSG-17999]
    2023-06-17 14:10:33.253 : User is logged out of session	[MsgId: MMSG-17999]
  2023-06-17 14:12:28.294 : IterationNum=3	[MsgId: MMSG-17999]
   USER 3 = user78:pwd78	[MsgId: MMSG-17999]
    2023-06-17 14:12:28.389 : Start page is opened	[MsgId: MMSG-17999]
    2023-06-17 14:12:34.683 : User is logged in with session 136653.960955853HAcQVDipVVzzzzzHtcVHtpiciH	[MsgId: MMSG-17999]
    2023-06-17 14:12:39.702 : User is logged out of session	[MsgId: MMSG-17999]
  2023-06-17 14:14:34.305 : IterationNum=4	[MsgId: MMSG-17999]
   USER 4 = user78:pwd78	[MsgId: MMSG-17999]
    2023-06-17 14:14:34.400 : Start page is opened	[MsgId: MMSG-17999]
    2023-06-17 14:14:38.908 : User is logged in with session 136653.971162414HAcQVDipztVzzzzHtcVHtpiDVif	[MsgId: MMSG-17999]
    2023-06-17 14:14:44.078 : User is logged out of session	[MsgId: MMSG-17999]
  2023-06-17 14:16:40.318 : IterationNum=5	[MsgId: MMSG-17999]
   USER 5 = user78:pwd78	[MsgId: MMSG-17999]
    2023-06-17 14:16:40.412 : Start page is opened	[MsgId: MMSG-17999]
    2023-06-17 14:16:46.343 : User is logged in with session 136653.981368975HAcQVDQpVzzzzzzHtcVHtpiDf	[MsgId: MMSG-17999]
    2023-06-17 14:16:51.629 : User is logged out of session	[MsgId: MMSG-17999]
  2023-06-17 14:18:46.321 : IterationNum=6	[MsgId: MMSG-17999]
   USER 6 = user78:pwd78	[MsgId: MMSG-17999]
    2023-06-17 14:18:46.415 : Start page is opened	[MsgId: MMSG-17999]
    2023-06-17 14:18:52.124 : User is logged in with session 136653.991575537HAcQVDQpzQVzzzzHtcVHtpiDiVf	[MsgId: MMSG-17999]
    2023-06-17 14:18:57.605 : User is logged out of session	[MsgId: MMSG-17999]
  2023-06-17 14:20:52.324 : IterationNum=7	[MsgId: MMSG-17999]
   USER 7 = user78:pwd78	[MsgId: MMSG-17999]
    2023-06-17 14:20:52.418 : Start page is opened	[MsgId: MMSG-17999]
    2023-06-17 14:20:57.029 : User is logged in with session 136654.001782098HAcQVtApcVzzzzzHtcVHtpitVD	[MsgId: MMSG-17999]
    2023-06-17 14:21:03.113 : User is logged out of session	[MsgId: MMSG-17999]
  2023-06-17 14:22:58.333 : IterationNum=8	[MsgId: MMSG-17999]
   USER 8 = user78:pwd78	[MsgId: MMSG-17999]
    2023-06-17 14:22:58.428 : Start page is opened	[MsgId: MMSG-17999]
    2023-06-17 14:23:04.141 : User is logged in with session 136654.011988659HAcQVtApHtVzzzzHtcVHtpitttf	[MsgId: MMSG-17999]
    2023-06-17 14:23:09.705 : User is logged out of session	[MsgId: MMSG-17999]
  2023-06-17 14:25:04.343 : IterationNum=9	[MsgId: MMSG-17999]
   USER 9 = user78:pwd78	[MsgId: MMSG-17999]
    2023-06-17 14:25:04.437 : Start page is opened	[MsgId: MMSG-17999]
    2023-06-17 14:25:10.365 : User is logged in with session 136654.022195221HAcQVtVpczzzzzzHtcVHtpitHz	[MsgId: MMSG-17999]
    2023-06-17 14:25:14.753 : User is logged out of session	[MsgId: MMSG-17999]
  2023-06-17 14:27:10.344 : IterationNum=10	[MsgId: MMSG-17999]
   USER 10 = user78:pwd78	[MsgId: MMSG-17999]
    2023-06-17 14:27:10.438 : Start page is opened	[MsgId: MMSG-17999]
    2023-06-17 14:27:16.460 : User is logged in with session 136654.032401782HAcQVtVpHQVzzzzHtcVHtpifAHf	[MsgId: MMSG-17999]
    2023-06-17 14:27:21.996 : User is logged out of session	[MsgId: MMSG-17999]
  2023-06-17 14:29:16.354 : IterationNum=11	[MsgId: MMSG-17999]
   USER 11 = user78:pwd78	[MsgId: MMSG-17999]
    2023-06-17 14:29:16.449 : Start page is opened	[MsgId: MMSG-17999]
    2023-06-17 14:29:21.452 : User is logged in with session 136654.042608343HAcQVtcpDVzzzzzHtcVHtpifDQ	[MsgId: MMSG-17999]
    2023-06-17 14:29:26.160 : User is logged out of session	[MsgId: MMSG-17999]
  2023-06-17 14:31:22.356 : IterationNum=12	[MsgId: MMSG-17999]
   USER 12 = user78:pwd78	[MsgId: MMSG-17999]
    2023-06-17 14:31:22.450 : Start page is opened	[MsgId: MMSG-17999]
    2023-06-17 14:31:27.129 : User is logged in with session 136654.052814905HAcQVtcpitVzzzzHtcVHtpifHAf	[MsgId: MMSG-17999]
    2023-06-17 14:31:32.140 : User is logged out of session	[MsgId: MMSG-17999]
  2023-06-17 14:33:28.358 : IterationNum=13	[MsgId: MMSG-17999]
   USER 13 = user78:pwd78	[MsgId: MMSG-17999]
    2023-06-17 14:33:28.452 : Start page is opened	[MsgId: MMSG-17999]
    2023-06-17 14:33:32.909 : User is logged in with session 136654.063021466HAcQVtDpDzzzzzzHtcVHtpizAc	[MsgId: MMSG-17999]
    2023-06-17 14:33:39.110 : User is logged out of session	[MsgId: MMSG-17999]
  2023-06-17 14:35:34.359 : IterationNum=14	[MsgId: MMSG-17999]
   USER 14 = user78:pwd78	[MsgId: MMSG-17999]
    2023-06-17 14:35:34.452 : Start page is opened	[MsgId: MMSG-17999]
    2023-06-17 14:35:38.913 : User is logged in with session 136654.073228028HAcQVtDpiQVzzzzHtcVHtpizDDf	[MsgId: MMSG-17999]
    2023-06-17 14:35:43.521 : User is logged out of session	[MsgId: MMSG-17999]
  2023-06-17 14:37:40.360 : IterationNum=15	[MsgId: MMSG-17999]
   USER 15 = user78:pwd78	[MsgId: MMSG-17999]
    2023-06-17 14:37:40.454 : Start page is opened	[MsgId: MMSG-17999]
    2023-06-17 14:37:46.078 : User is logged in with session 136654.083434589HAcQVttptVzzzzzHtcVHtpizzf	[MsgId: MMSG-17999]
    2023-06-17 14:37:52.341 : User is logged out of session	[MsgId: MMSG-17999]
  2023-06-17 14:39:46.371 : IterationNum=16	[MsgId: MMSG-17999]
   USER 16 = user78:pwd78	[MsgId: MMSG-17999]
    2023-06-17 14:39:46.465 : Start page is opened	[MsgId: MMSG-17999]
    2023-06-17 14:39:51.650 : User is logged in with session 136654.09364115HAcQVttpQtVzzzzHtcVHtpizQzf	[MsgId: MMSG-17999]
    2023-06-17 14:39:55.941 : User is logged out of session	[MsgId: MMSG-17999]
  2023-06-17 14:41:52.372 : IterationNum=17	[MsgId: MMSG-17999]
   USER 17 = user78:pwd78	[MsgId: MMSG-17999]
    2023-06-17 14:41:52.466 : Start page is opened	[MsgId: MMSG-17999]
    2023-06-17 14:41:58.185 : User is logged in with session 136654.103847712HAcQVtfptzzzzzzHtcVHtpiHci	[MsgId: MMSG-17999]
    2023-06-17 14:42:03.597 : User is logged out of session	[MsgId: MMSG-17999]
  2023-06-17 14:43:58.385 : IterationNum=18	[MsgId: MMSG-17999]
   USER 18 = user78:pwd78	[MsgId: MMSG-17999]
    2023-06-17 14:43:58.480 : Start page is opened	[MsgId: MMSG-17999]
    2023-06-17 14:44:02.658 : User is logged in with session 136654.114054273HAcQVtfpQQVzzzzHtcVHtpiHfQf	[MsgId: MMSG-17999]
    2023-06-17 14:44:06.966 : User is logged out of session	[MsgId: MMSG-17999]
  2023-06-17 14:46:04.387 : IterationNum=19	[MsgId: MMSG-17999]
   USER 19 = user78:pwd78	[MsgId: MMSG-17999]
    2023-06-17 14:46:04.481 : Start page is opened	[MsgId: MMSG-17999]
    2023-06-17 14:46:08.749 : User is logged in with session 136654.124260834HAcQVtzpfVzzzzzHtcVHtpiHQV	[MsgId: MMSG-17999]
    2023-06-17 14:46:13.763 : User is logged out of session	[MsgId: MMSG-17999]
  2023-06-17 14:48:10.390 : IterationNum=20	[MsgId: MMSG-17999]
   USER 20 = user78:pwd78	[MsgId: MMSG-17999]
    2023-06-17 14:48:10.483 : Start page is opened	[MsgId: MMSG-17999]
    2023-06-17 14:48:16.794 : User is logged in with session 136654.134467396HAcQVtHpAtVzzzzHtcVHtpiiccf	[MsgId: MMSG-17999]
    2023-06-17 14:48:22.506 : User is logged out of session	[MsgId: MMSG-17999]
  2023-06-17 14:50:16.394 : IterationNum=21	[MsgId: MMSG-17999]
   USER 21 = user78:pwd78	[MsgId: MMSG-17999]
    2023-06-17 14:50:16.489 : Start page is opened	[MsgId: MMSG-17999]
    2023-06-17 14:50:22.767 : User is logged in with session 136654.144673957HAcQVtHpfzzzzzzHtcVHtpiift	[MsgId: MMSG-17999]
    2023-06-17 14:50:28.684 : User is logged out of session	[MsgId: MMSG-17999]
  2023-06-17 14:52:22.397 : IterationNum=22	[MsgId: MMSG-17999]
   USER 22 = user78:pwd78	[MsgId: MMSG-17999]
    2023-06-17 14:52:22.490 : Start page is opened	[MsgId: MMSG-17999]
    2023-06-17 14:52:28.078 : User is logged in with session 136654.154880518HAcQVtipAQVzzzzHtcVHtpiiiff	[MsgId: MMSG-17999]
    2023-06-17 14:52:33.982 : User is logged out of session	[MsgId: MMSG-17999]
  2023-06-17 14:54:28.397 : IterationNum=23	[MsgId: MMSG-17999]
   USER 23 = user78:pwd78	[MsgId: MMSG-17999]
    2023-06-17 14:54:28.492 : Start page is opened	[MsgId: MMSG-17999]
    2023-06-17 14:54:33.079 : User is logged in with session 136654.16508708HAcQVtipzVzzzzzHtcVHtpiQVH	[MsgId: MMSG-17999]
    2023-06-17 14:54:38.331 : User is logged out of session	[MsgId: MMSG-17999]
  2023-06-17 14:56:34.401 : IterationNum=24	[MsgId: MMSG-17999]
   USER 24 = user78:pwd78	[MsgId: MMSG-17999]
    2023-06-17 14:56:34.496 : Start page is opened	[MsgId: MMSG-17999]
    2023-06-17 14:56:40.396 : User is logged in with session 136654.175293641HAcQVtQpVtVzzzzHtcVHtpiQtif	[MsgId: MMSG-17999]
    2023-06-17 14:56:44.442 : User is logged out of session	[MsgId: MMSG-17999]
  2023-06-17 14:58:40.408 : IterationNum=25	[MsgId: MMSG-17999]
   USER 25 = user78:pwd78	[MsgId: MMSG-17999]
    2023-06-17 14:58:40.502 : Start page is opened	[MsgId: MMSG-17999]
    2023-06-17 14:58:44.754 : User is logged in with session 136654.185500203HAcQVtQpzzzzzzzHtcVHtpiQi	[MsgId: MMSG-17999]
    2023-06-17 14:58:51.069 : User is logged out of session	[MsgId: MMSG-17999]
  2023-06-17 15:00:46.409 : IterationNum=26	[MsgId: MMSG-17999]
   USER 26 = user78:pwd78	[MsgId: MMSG-17999]
    2023-06-17 15:00:46.504 : Start page is opened	[MsgId: MMSG-17999]
    2023-06-17 15:00:52.131 : User is logged in with session 136654.195706764HAcQVfApVQVzzzzHtcVHtpQAVVf	[MsgId: MMSG-17999]
    2023-06-17 15:00:58.312 : User is logged out of session	[MsgId: MMSG-17999]
  2023-06-17 15:02:52.419 : IterationNum=27	[MsgId: MMSG-17999]
   USER 27 = user78:pwd78	[MsgId: MMSG-17999]
    2023-06-17 15:02:52.511 : Start page is opened	[MsgId: MMSG-17999]
    2023-06-17 15:02:58.233 : User is logged in with session 136654.205913325HAcQVfApHVzzzzzHtcVHtpQAtD	[MsgId: MMSG-17999]
    2023-06-17 15:03:03.208 : User is logged out of session	[MsgId: MMSG-17999]
  2023-06-17 15:04:58.421 : IterationNum=28	[MsgId: MMSG-17999]
   USER 28 = user78:pwd78	[MsgId: MMSG-17999]
    2023-06-17 15:04:58.517 : Start page is opened	[MsgId: MMSG-17999]
    2023-06-17 15:05:03.968 : User is logged in with session 136654.216119887HAcQVfVpctVzzzzHtcVHtpQAHtf	[MsgId: MMSG-17999]
    2023-06-17 15:05:08.641 : User is logged out of session	[MsgId: MMSG-17999]
  2023-06-17 15:07:04.427 : IterationNum=29	[MsgId: MMSG-17999]
   USER 29 = user78:pwd78	[MsgId: MMSG-17999]
    2023-06-17 15:07:04.521 : Start page is opened	[MsgId: MMSG-17999]
    2023-06-17 15:07:09.766 : User is logged in with session 136654.226326448HAcQVfVpHzzzzzzHtcVHtpQVAz	[MsgId: MMSG-17999]
    2023-06-17 15:07:14.839 : User is logged out of session	[MsgId: MMSG-17999]
  2023-06-17 15:09:10.435 : IterationNum=30	[MsgId: MMSG-17999]
   USER 30 = user78:pwd78	[MsgId: MMSG-17999]
    2023-06-17 15:09:10.546 : Start page is opened	[MsgId: MMSG-17999]
    2023-06-17 15:09:14.983 : User is logged in with session 136654.236533009HAcQVfcpcQVzzzzHtcVHtpQVDHf	[MsgId: MMSG-17999]
    2023-06-17 15:09:21.336 : User is logged out of session	[MsgId: MMSG-17999]
  2023-06-17 15:11:16.448 : IterationNum=31	[MsgId: MMSG-17999]
   USER 31 = user78:pwd78	[MsgId: MMSG-17999]
    2023-06-17 15:11:16.542 : Start page is opened	[MsgId: MMSG-17999]
    2023-06-17 15:11:22.524 : User is logged in with session 136654.246739571HAcQVfcpiVzzzzzHtcVHtpQVzQ	[MsgId: MMSG-17999]
    2023-06-17 15:11:26.396 : User is logged out of session	[MsgId: MMSG-17999]
  2023-06-17 15:13:22.456 : IterationNum=32	[MsgId: MMSG-17999]
   USER 32 = user78:pwd78	[MsgId: MMSG-17999]
    2023-06-17 15:13:22.551 : Start page is opened	[MsgId: MMSG-17999]
    2023-06-17 15:13:27.779 : User is logged in with session 136654.256946132HAcQVfDpDtVzzzzHtcVHtpQcAAf	[MsgId: MMSG-17999]
    2023-06-17 15:13:31.793 : User is logged out of session	[MsgId: MMSG-17999]
  2023-06-17 15:15:28.465 : IterationNum=33	[MsgId: MMSG-17999]
   USER 33 = user78:pwd78	[MsgId: MMSG-17999]
    2023-06-17 15:15:28.559 : Start page is opened	[MsgId: MMSG-17999]
    2023-06-17 15:15:34.033 : User is logged in with session 136654.267152693HAcQVfDpizzzzzzHtcVHtpQcDc	[MsgId: MMSG-17999]
    2023-06-17 15:15:39.903 : User is logged out of session	[MsgId: MMSG-17999]
  2023-06-17 15:17:34.478 : IterationNum=34	[MsgId: MMSG-17999]
   USER 34 = user78:pwd78	[MsgId: MMSG-17999]
    2023-06-17 15:17:34.572 : Start page is opened	[MsgId: MMSG-17999]
    2023-06-17 15:17:40.261 : User is logged in with session 136654.277359255HAcQVftpDQVzzzzHtcVHtpQczDf	[MsgId: MMSG-17999]
    2023-06-17 15:17:45.801 : User is logged out of session	[MsgId: MMSG-17999]
  2023-06-17 15:19:40.482 : IterationNum=35	[MsgId: MMSG-17999]
   USER 35 = user78:pwd78	[MsgId: MMSG-17999]
    2023-06-17 15:19:40.575 : Start page is opened	[MsgId: MMSG-17999]
    2023-06-17 15:19:46.180 : User is logged in with session 136654.287565816HAcQVftpQVzzzzzHtcVHtpQcQf	[MsgId: MMSG-17999]
    2023-06-17 15:19:51.235 : User is logged out of session	[MsgId: MMSG-17999]
  2023-06-17 15:21:46.487 : IterationNum=36	[MsgId: MMSG-17999]
   USER 36 = user78:pwd78	[MsgId: MMSG-17999]
    2023-06-17 15:21:46.581 : Start page is opened	[MsgId: MMSG-17999]
    2023-06-17 15:21:51.065 : User is logged in with session 136654.297772377HAcQVffpttVzzzzHtcVHtpQDczf	[MsgId: MMSG-17999]
    2023-06-17 15:21:55.019 : User is logged out of session	[MsgId: MMSG-17999]
  2023-06-17 15:23:52.496 : IterationNum=37	[MsgId: MMSG-17999]
   USER 37 = user78:pwd78	[MsgId: MMSG-17999]
    2023-06-17 15:23:52.590 : Start page is opened	[MsgId: MMSG-17999]
    2023-06-17 15:23:56.670 : User is logged in with session 136654.307978939HAcQVffpQzzzzzzHtcVHtpQDfi	[MsgId: MMSG-17999]
    2023-06-17 15:24:02.557 : User is logged out of session	[MsgId: MMSG-17999]
  2023-06-17 15:25:58.509 : IterationNum=38	[MsgId: MMSG-17999]
   USER 38 = user78:pwd78	[MsgId: MMSG-17999]
    2023-06-17 15:25:58.604 : Start page is opened	[MsgId: MMSG-17999]
    2023-06-17 15:26:03.968 : User is logged in with session 136654.3181855HAcQVfzptQVzzzzHtcVHtpQDiQf	[MsgId: MMSG-17999]
    2023-06-17 15:26:10.004 : User is logged out of session	[MsgId: MMSG-17999]
  2023-06-17 15:28:04.520 : IterationNum=39	[MsgId: MMSG-17999]
   USER 39 = user78:pwd78	[MsgId: MMSG-17999]
    2023-06-17 15:28:04.615 : Start page is opened	[MsgId: MMSG-17999]
    2023-06-17 15:28:10.536 : User is logged in with session 136654.328392062HAcQVfHpAVzzzzzHtcVHtpQtcV	[MsgId: MMSG-17999]
    2023-06-17 15:28:15.688 : User is logged out of session	[MsgId: MMSG-17999]
  2023-06-17 15:30:10.521 : IterationNum=40	[MsgId: MMSG-17999]
   USER 40 = user78:pwd78	[MsgId: MMSG-17999]
    2023-06-17 15:30:10.614 : Start page is opened	[MsgId: MMSG-17999]
    2023-06-17 15:30:16.689 : User is logged in with session 136654.338598623HAcQVfHpftVzzzzHtcVHtpQtfcf	[MsgId: MMSG-17999]
    2023-06-17 15:30:22.265 : User is logged out of session	[MsgId: MMSG-17999]
  2023-06-17 15:32:16.536 : IterationNum=41	[MsgId: MMSG-17999]
   USER 41 = user78:pwd78	[MsgId: MMSG-17999]
    2023-06-17 15:32:16.631 : Start page is opened	[MsgId: MMSG-17999]
    2023-06-17 15:32:22.019 : User is logged in with session 136654.348805184HAcQVfipAzzzzzzHtcVHtpQtit	[MsgId: MMSG-17999]
    2023-06-17 15:32:27.886 : User is logged out of session	[MsgId: MMSG-17999]
  2023-06-17 15:34:22.537 : IterationNum=42	[MsgId: MMSG-17999]
   USER 42 = user78:pwd78	[MsgId: MMSG-17999]
    2023-06-17 15:34:22.630 : Start page is opened	[MsgId: MMSG-17999]
    2023-06-17 15:34:27.938 : User is logged in with session 136654.359011746HAcQVfipfQVzzzzHtcVHtpQfVff	[MsgId: MMSG-17999]
    2023-06-17 15:34:33.544 : User is logged out of session	[MsgId: MMSG-17999]
  2023-06-17 15:36:28.548 : IterationNum=43	[MsgId: MMSG-17999]
   USER 43 = user78:pwd78	[MsgId: MMSG-17999]
    2023-06-17 15:36:28.642 : Start page is opened	[MsgId: MMSG-17999]
    2023-06-17 15:36:33.139 : User is logged in with session 136654.369218307HAcQVfQpVVzzzzzHtcVHtpQftH	[MsgId: MMSG-17999]
    2023-06-17 15:36:38.764 : User is logged out of session	[MsgId: MMSG-17999]
  2023-06-17 15:38:34.563 : IterationNum=44	[MsgId: MMSG-17999]
   USER 44 = user78:pwd78	[MsgId: MMSG-17999]
    2023-06-17 15:38:34.658 : Start page is opened	[MsgId: MMSG-17999]
    2023-06-17 15:38:39.600 : User is logged in with session 136654.379424868HAcQVfQpztVzzzzHtcVHtpQfHif	[MsgId: MMSG-17999]
    2023-06-17 15:38:43.700 : User is logged out of session	[MsgId: MMSG-17999]
  2023-06-17 15:40:40.575 : IterationNum=45	[MsgId: MMSG-17999]
   USER 45 = user78:pwd78	[MsgId: MMSG-17999]
    2023-06-17 15:40:40.670 : Start page is opened	[MsgId: MMSG-17999]
    2023-06-17 15:40:45.436 : User is logged in with session 136654.38963143HAcQVzApVzzzzzzHtcVHtpQzV	[MsgId: MMSG-17999]
    2023-06-17 15:40:50.828 : User is logged out of session	[MsgId: MMSG-17999]
  2023-06-17 15:42:46.581 : IterationNum=46	[MsgId: MMSG-17999]
   USER 46 = user78:pwd78	[MsgId: MMSG-17999]
    2023-06-17 15:42:46.676 : Start page is opened	[MsgId: MMSG-17999]
    2023-06-17 15:42:51.374 : User is logged in with session 136654.399837991HAcQVzApzQVzzzzHtcVHtpQztVf	[MsgId: MMSG-17999]
    2023-06-17 15:42:56.531 : User is logged out of session	[MsgId: MMSG-17999]
  2023-06-17 15:44:52.593 : IterationNum=47	[MsgId: MMSG-17999]
   USER 47 = user78:pwd78	[MsgId: MMSG-17999]
    2023-06-17 15:44:52.686 : Start page is opened	[MsgId: MMSG-17999]
    2023-06-17 15:44:56.841 : User is logged in with session 136654.410044552HAcQVzVpcVzzzzzHtcVHtpQzHD	[MsgId: MMSG-17999]
    2023-06-17 15:45:02.591 : User is logged out of session	[MsgId: MMSG-17999]
  2023-06-17 15:46:58.600 : IterationNum=48	[MsgId: MMSG-17999]
   USER 48 = user78:pwd78	[MsgId: MMSG-17999]
    2023-06-17 15:46:58.694 : Start page is opened	[MsgId: MMSG-17999]
    2023-06-17 15:47:04.244 : User is logged in with session 136654.420251114HAcQVzVpHtVzzzzHtcVHtpQHAtf	[MsgId: MMSG-17999]
    2023-06-17 15:47:09.497 : User is logged out of session	[MsgId: MMSG-17999]
  2023-06-17 15:49:04.608 : IterationNum=49	[MsgId: MMSG-17999]
   USER 49 = user78:pwd78	[MsgId: MMSG-17999]
    2023-06-17 15:49:04.702 : Start page is opened	[MsgId: MMSG-17999]
    2023-06-17 15:49:10.406 : User is logged in with session 136654.430457675HAcQVzcpczzzzzzHtcVHtpQHDz	[MsgId: MMSG-17999]
    2023-06-17 15:49:14.443 : User is logged out of session	[MsgId: MMSG-17999]
  2023-06-17 15:51:10.608 : IterationNum=50	[MsgId: MMSG-17999]
   USER 50 = user78:pwd78	[MsgId: MMSG-17999]
    2023-06-17 15:51:10.703 : Start page is opened	[MsgId: MMSG-17999]
    2023-06-17 15:51:15.069 : User is logged in with session 136654.440664237HAcQVzcpHQVzzzzHtcVHtpQHzHf	[MsgId: MMSG-17999]
    2023-06-17 15:51:19.639 : User is logged out of session	[MsgId: MMSG-17999]
  2023-06-17 15:53:16.621 : IterationNum=51	[MsgId: MMSG-17999]
   USER 51 = user78:pwd78	[MsgId: MMSG-17999]
    2023-06-17 15:53:16.716 : Start page is opened	[MsgId: MMSG-17999]
    2023-06-17 15:53:21.522 : User is logged in with session 136654.450870798HAcQVzDpDVzzzzzHtcVHtpQHQQ	[MsgId: MMSG-17999]
    2023-06-17 15:53:27.825 : User is logged out of session	[MsgId: MMSG-17999]
  2023-06-17 15:55:22.623 : IterationNum=52	[MsgId: MMSG-17999]
   USER 52 = user78:pwd78	[MsgId: MMSG-17999]
    2023-06-17 15:55:22.716 : Start page is opened	[MsgId: MMSG-17999]
    2023-06-17 15:55:28.623 : User is logged in with session 136654.461077359HAcQVzDpitVzzzzHtcVHtpQiDAf	[MsgId: MMSG-17999]
    2023-06-17 15:55:33.215 : User is logged out of session	[MsgId: MMSG-17999]
  2023-06-17 15:57:28.633 : IterationNum=53	[MsgId: MMSG-17999]
   USER 53 = user78:pwd78	[MsgId: MMSG-17999]
    2023-06-17 15:57:28.727 : Start page is opened	[MsgId: MMSG-17999]
    2023-06-17 15:57:34.170 : User is logged in with session 136654.471283921HAcQVztpDzzzzzzHtcVHtpQizc	[MsgId: MMSG-17999]
    2023-06-17 15:57:38.860 : User is logged out of session	[MsgId: MMSG-17999]
  2023-06-17 15:59:34.638 : IterationNum=54	[MsgId: MMSG-17999]
   USER 54 = user78:pwd78	[MsgId: MMSG-17999]
    2023-06-17 15:59:34.731 : Start page is opened	[MsgId: MMSG-17999]
    2023-06-17 15:59:39.632 : User is logged in with session 136654.481490482HAcQVztpiQVzzzzHtcVHtpQiQDf	[MsgId: MMSG-17999]
    2023-06-17 15:59:45.186 : User is logged out of session	[MsgId: MMSG-17999]
  2023-06-17 16:01:40.638 : IterationNum=55	[MsgId: MMSG-17999]
   USER 55 = user78:pwd78	[MsgId: MMSG-17999]
    2023-06-17 16:01:40.733 : Start page is opened	[MsgId: MMSG-17999]
    2023-06-17 16:01:45.482 : User is logged in with session 136654.491697043HAcQVzfptVzzzzzHtcVHtpQQcf	[MsgId: MMSG-17999]
    2023-06-17 16:01:49.505 : User is logged out of session	[MsgId: MMSG-17999]
  2023-06-17 16:03:46.652 : IterationNum=56	[MsgId: MMSG-17999]
   USER 56 = user78:pwd78	[MsgId: MMSG-17999]
    2023-06-17 16:03:46.746 : Start page is opened	[MsgId: MMSG-17999]
    2023-06-17 16:03:52.139 : User is logged in with session 136654.501903605HAcQVzfpQtVzzzzHtcVHtpQQfzf	[MsgId: MMSG-17999]
    2023-06-17 16:03:56.763 : User is logged out of session	[MsgId: MMSG-17999]
  2023-06-17 16:05:52.659 : IterationNum=57	[MsgId: MMSG-17999]
   USER 57 = user78:pwd78	[MsgId: MMSG-17999]
    2023-06-17 16:05:52.753 : Start page is opened	[MsgId: MMSG-17999]
    2023-06-17 16:05:58.772 : User is logged in with session 136654.512110166HAcQVzzptzzzzzzHtcVHtpQQii	[MsgId: MMSG-17999]
    2023-06-17 16:06:03.492 : User is logged out of session	[MsgId: MMSG-17999]
  2023-06-17 16:07:58.663 : IterationNum=58	[MsgId: MMSG-17999]
   USER 58 = user78:pwd78	[MsgId: MMSG-17999]
    2023-06-17 16:07:58.757 : Start page is opened	[MsgId: MMSG-17999]
    2023-06-17 16:08:03.974 : User is logged in with session 136654.522316727HAcQVzzpQQVzzzzHtcVHfpAAVQf	[MsgId: MMSG-17999]
    2023-06-17 16:08:08.885 : User is logged out of session	[MsgId: MMSG-17999]
  2023-06-17 16:10:04.670 : IterationNum=59	[MsgId: MMSG-17999]
   USER 59 = user78:pwd78	[MsgId: MMSG-17999]
    2023-06-17 16:10:04.764 : Start page is opened	[MsgId: MMSG-17999]
    2023-06-17 16:10:09.559 : User is logged in with session 136654.532523289HAcQVzHpfVzzzzzHtcVHfpAAfV	[MsgId: MMSG-17999]
    2023-06-17 16:10:14.856 : User is logged out of session	[MsgId: MMSG-17999]
  2023-06-17 16:12:10.681 : IterationNum=60	[MsgId: MMSG-17999]
   USER 60 = user78:pwd78	[MsgId: MMSG-17999]
    2023-06-17 16:12:10.775 : Start page is opened	[MsgId: MMSG-17999]
    2023-06-17 16:12:14.857 : User is logged in with session 136654.54272985HAcQVzipAtVzzzzHtcVHfpAAicf	[MsgId: MMSG-17999]
    2023-06-17 16:12:19.541 : User is logged out of session	[MsgId: MMSG-17999]
  2023-06-17 16:14:16.693 : IterationNum=61	[MsgId: MMSG-17999]
   USER 61 = user78:pwd78	[MsgId: MMSG-17999]
    2023-06-17 16:14:16.787 : Start page is opened	[MsgId: MMSG-17999]
    2023-06-17 16:14:21.769 : User is logged in with session 136654.552936411HAcQVzipfzzzzzzHtcVHfpAVVt	[MsgId: MMSG-17999]
    2023-06-17 16:14:25.795 : User is logged out of session	[MsgId: MMSG-17999]
  2023-06-17 16:16:22.700 : IterationNum=62	[MsgId: MMSG-17999]
   USER 62 = user78:pwd78	[MsgId: MMSG-17999]
    2023-06-17 16:16:22.794 : Start page is opened	[MsgId: MMSG-17999]
    2023-06-17 16:16:27.060 : User is logged in with session 136654.563142973HAcQVzQpAQVzzzzHtcVHfpAVtff	[MsgId: MMSG-17999]
    2023-06-17 16:16:33.404 : User is logged out of session	[MsgId: MMSG-17999]
  2023-06-17 16:18:28.703 : IterationNum=63	[MsgId: MMSG-17999]
   USER 63 = user78:pwd78	[MsgId: MMSG-17999]
    2023-06-17 16:18:28.798 : Start page is opened	[MsgId: MMSG-17999]
    2023-06-17 16:18:33.365 : User is logged in with session 136654.573349534HAcQVzQpzVzzzzzHtcVHfpAVHH	[MsgId: MMSG-17999]
    2023-06-17 16:18:39.419 : User is logged out of session	[MsgId: MMSG-17999]
  2023-06-17 16:20:34.704 : IterationNum=64	[MsgId: MMSG-17999]
   USER 64 = user78:pwd78	[MsgId: MMSG-17999]
    2023-06-17 16:20:34.796 : Start page is opened	[MsgId: MMSG-17999]
    2023-06-17 16:20:40.562 : User is logged in with session 136654.583556096HAcQVHApVtVzzzzHtcVHfpAcAif	[MsgId: MMSG-17999]
    2023-06-17 16:20:45.038 : User is logged out of session	[MsgId: MMSG-17999]
  2023-06-17 16:22:40.708 : IterationNum=65	[MsgId: MMSG-17999]
   USER 65 = user78:pwd78	[MsgId: MMSG-17999]
    2023-06-17 16:22:40.802 : Start page is opened	[MsgId: MMSG-17999]
    2023-06-17 16:22:46.450 : User is logged in with session 136654.593762657HAcQVHApzzzzzzzHtcVHfpAct	[MsgId: MMSG-17999]
    2023-06-17 16:22:52.508 : User is logged out of session	[MsgId: MMSG-17999]
  2023-06-17 16:24:46.715 : IterationNum=66	[MsgId: MMSG-17999]
   USER 66 = user78:pwd78	[MsgId: MMSG-17999]
    2023-06-17 16:24:46.810 : Start page is opened	[MsgId: MMSG-17999]
    2023-06-17 16:24:52.460 : User is logged in with session 136654.603969218HAcQVHVpVQVzzzzHtcVHfpAcHVf	[MsgId: MMSG-17999]
    2023-06-17 16:24:57.981 : User is logged out of session	[MsgId: MMSG-17999]
  2023-06-17 16:26:52.721 : IterationNum=67	[MsgId: MMSG-17999]
   USER 67 = user78:pwd78	[MsgId: MMSG-17999]
    2023-06-17 16:26:52.814 : Start page is opened	[MsgId: MMSG-17999]
    2023-06-17 16:26:58.362 : User is logged in with session 136654.61417578HAcQVHVpHVzzzzzHtcVHfpADAD	[MsgId: MMSG-17999]
    2023-06-17 16:27:04.570 : User is logged out of session	[MsgId: MMSG-17999]
  2023-06-17 16:28:58.732 : IterationNum=68	[MsgId: MMSG-17999]
   USER 68 = user78:pwd78	[MsgId: MMSG-17999]
    2023-06-17 16:28:58.826 : Start page is opened	[MsgId: MMSG-17999]
    2023-06-17 16:29:04.054 : User is logged in with session 136654.624382341HAcQVHcpctVzzzzHtcVHfpADDtf	[MsgId: MMSG-17999]
    2023-06-17 16:29:10.108 : User is logged out of session	[MsgId: MMSG-17999]
  2023-06-17 16:31:04.732 : IterationNum=69	[MsgId: MMSG-17999]
   USER 69 = user78:pwd78	[MsgId: MMSG-17999]
    2023-06-17 16:31:04.826 : Start page is opened	[MsgId: MMSG-17999]
    2023-06-17 16:31:09.810 : User is logged in with session 136654.634588902HAcQVHcpHzzzzzzHtcVHfpADzz	[MsgId: MMSG-17999]
    2023-06-17 16:31:15.248 : User is logged out of session	[MsgId: MMSG-17999]
  2023-06-17 16:33:10.736 : IterationNum=70	[MsgId: MMSG-17999]
   USER 70 = user78:pwd78	[MsgId: MMSG-17999]
    2023-06-17 16:33:10.831 : Start page is opened	[MsgId: MMSG-17999]
    2023-06-17 16:33:15.516 : User is logged in with session 136654.644795464HAcQVHDpcQVzzzzHtcVHfpADQHf	[MsgId: MMSG-17999]
    2023-06-17 16:33:20.977 : User is logged out of session	[MsgId: MMSG-17999]
  2023-06-17 16:35:16.739 : IterationNum=71	[MsgId: MMSG-17999]
   USER 71 = user78:pwd78	[MsgId: MMSG-17999]
    2023-06-17 16:35:16.833 : Start page is opened	[MsgId: MMSG-17999]
    2023-06-17 16:35:20.998 : User is logged in with session 136654.655002025HAcQVHDpiVzzzzzHtcVHfpAtcQ	[MsgId: MMSG-17999]
    2023-06-17 16:35:26.249 : User is logged out of session	[MsgId: MMSG-17999]
  2023-06-17 16:37:22.744 : IterationNum=72	[MsgId: MMSG-17999]
   USER 72 = user78:pwd78	[MsgId: MMSG-17999]
    2023-06-17 16:37:22.838 : Start page is opened	[MsgId: MMSG-17999]
    2023-06-17 16:37:26.953 : User is logged in with session 136654.665208586HAcQVHtpDtVzzzzHtcVHfpAtzAf	[MsgId: MMSG-17999]
    2023-06-17 16:37:33.182 : User is logged out of session	[MsgId: MMSG-17999]
  2023-06-17 16:39:28.755 : IterationNum=73	[MsgId: MMSG-17999]
   USER 73 = user78:pwd78	[MsgId: MMSG-17999]
    2023-06-17 16:39:28.850 : Start page is opened	[MsgId: MMSG-17999]
    2023-06-17 16:39:35.180 : User is logged in with session 136654.675415148HAcQVHtpizzzzzzHtcVHfpAtQc	[MsgId: MMSG-17999]
    2023-06-17 16:39:40.109 : User is logged out of session	[MsgId: MMSG-17999]
  2023-06-17 16:41:34.760 : IterationNum=74	[MsgId: MMSG-17999]
   USER 74 = user78:pwd78	[MsgId: MMSG-17999]
    2023-06-17 16:41:34.855 : Start page is opened	[MsgId: MMSG-17999]
    2023-06-17 16:41:39.080 : User is logged in with session 136654.685621709HAcQVHfpDQVzzzzHtcVHfpAfcDf	[MsgId: MMSG-17999]
    2023-06-17 16:41:43.673 : User is logged out of session	[MsgId: MMSG-17999]
  2023-06-17 16:43:40.763 : IterationNum=75	[MsgId: MMSG-17999]
   USER 75 = user78:pwd78	[MsgId: MMSG-17999]
    2023-06-17 16:43:40.855 : Start page is opened	[MsgId: MMSG-17999]
    2023-06-17 16:43:46.528 : User is logged in with session 136654.695828271HAcQVHfpQVzzzzzHtcVHfpAfff	[MsgId: MMSG-17999]
    2023-06-17 16:43:51.853 : User is logged out of session	[MsgId: MMSG-17999]
  2023-06-17 16:45:46.776 : IterationNum=76	[MsgId: MMSG-17999]
   USER 76 = user78:pwd78	[MsgId: MMSG-17999]
    2023-06-17 16:45:46.870 : Start page is opened	[MsgId: MMSG-17999]
    2023-06-17 16:45:50.969 : User is logged in with session 136654.706034832HAcQVHzpttVzzzzHtcVHfpAfizf	[MsgId: MMSG-17999]
    2023-06-17 16:45:56.786 : User is logged out of session	[MsgId: MMSG-17999]
  2023-06-17 16:47:52.783 : IterationNum=77	[MsgId: MMSG-17999]
   USER 77 = user78:pwd78	[MsgId: MMSG-17999]
    2023-06-17 16:47:52.879 : Start page is opened	[MsgId: MMSG-17999]
    2023-06-17 16:47:57.098 : User is logged in with session 136654.716241393HAcQVHzpQzzzzzzHtcVHfpAzVi	[MsgId: MMSG-17999]
    2023-06-17 16:48:02.753 : User is logged out of session	[MsgId: MMSG-17999]
  2023-06-17 16:49:58.786 : IterationNum=78	[MsgId: MMSG-17999]
   USER 78 = user78:pwd78	[MsgId: MMSG-17999]
    2023-06-17 16:49:58.880 : Start page is opened	[MsgId: MMSG-17999]
    2023-06-17 16:50:02.989 : User is logged in with session 136654.726447955HAcQVHHptQVzzzzHtcVHfpAztQf	[MsgId: MMSG-17999]
    2023-06-17 16:50:08.577 : User is logged out of session	[MsgId: MMSG-17999]
  2023-06-17 16:52:04.793 : IterationNum=79	[MsgId: MMSG-17999]
   USER 79 = user78:pwd78	[MsgId: MMSG-17999]
    2023-06-17 16:52:04.888 : Start page is opened	[MsgId: MMSG-17999]
    2023-06-17 16:52:11.026 : User is logged in with session 136654.736654516HAcQVHipAVzzzzzHtcVHfpAziV	[MsgId: MMSG-17999]
    2023-06-17 16:52:15.389 : User is logged out of session	[MsgId: MMSG-17999]
  2023-06-17 16:54:10.797 : IterationNum=80	[MsgId: MMSG-17999]
   USER 80 = user78:pwd78	[MsgId: MMSG-17999]
    2023-06-17 16:54:10.892 : Start page is opened	[MsgId: MMSG-17999]
    2023-06-17 16:54:17.090 : User is logged in with session 136654.746861077HAcQVHipftVzzzzHtcVHfpAHVcf	[MsgId: MMSG-17999]
    2023-06-17 16:54:23.293 : User is logged out of session	[MsgId: MMSG-17999]
  2023-06-17 16:56:16.803 : IterationNum=81	[MsgId: MMSG-17999]
   USER 81 = user78:pwd78	[MsgId: MMSG-17999]
    2023-06-17 16:56:16.898 : Start page is opened	[MsgId: MMSG-17999]
    2023-06-17 16:56:20.941 : User is logged in with session 136654.757067639HAcQVHQpAzzzzzzHtcVHfpAHtt	[MsgId: MMSG-17999]
    2023-06-17 16:56:25.454 : User is logged out of session	[MsgId: MMSG-17999]
  2023-06-17 16:58:22.818 : IterationNum=82	[MsgId: MMSG-17999]
   USER 82 = user78:pwd78	[MsgId: MMSG-17999]
    2023-06-17 16:58:22.912 : Start page is opened	[MsgId: MMSG-17999]
    2023-06-17 16:58:27.356 : User is logged in with session 136654.7672742HAcQVHQpfQVzzzzHtcVHfpAHHff	[MsgId: MMSG-17999]
    2023-06-17 16:58:32.626 : User is logged out of session	[MsgId: MMSG-17999]
  2023-06-17 17:00:28.827 : IterationNum=83	[MsgId: MMSG-17999]
   USER 83 = user78:pwd78	[MsgId: MMSG-17999]
    2023-06-17 17:00:28.922 : Start page is opened	[MsgId: MMSG-17999]
    2023-06-17 17:00:32.873 : User is logged in with session 136654.777480761HAcQViApVVzzzzzHtcVHfpAiAH	[MsgId: MMSG-17999]
    2023-06-17 17:00:38.519 : User is logged out of session	[MsgId: MMSG-17999]
  2023-06-17 17:02:34.836 : IterationNum=84	[MsgId: MMSG-17999]
   USER 84 = user78:pwd78	[MsgId: MMSG-17999]
    2023-06-17 17:02:34.931 : Start page is opened	[MsgId: MMSG-17999]
    2023-06-17 17:02:39.006 : User is logged in with session 136654.787687323HAcQViApztVzzzzHtcVHfpAiDif	[MsgId: MMSG-17999]
    2023-06-17 17:02:43.825 : User is logged out of session	[MsgId: MMSG-17999]
  2023-06-17 17:04:40.848 : IterationNum=85	[MsgId: MMSG-17999]
   USER 85 = user78:pwd78	[MsgId: MMSG-17999]
    2023-06-17 17:04:40.942 : Start page is opened	[MsgId: MMSG-17999]
    2023-06-17 17:04:46.046 : User is logged in with session 136654.797893884HAcQViVpVzzzzzzHtcVHfpAiH	[MsgId: MMSG-17999]
    2023-06-17 17:04:51.266 : User is logged out of session	[MsgId: MMSG-17999]
  2023-06-17 17:06:46.856 : IterationNum=86	[MsgId: MMSG-17999]
   USER 86 = user78:pwd78	[MsgId: MMSG-17999]
    2023-06-17 17:06:46.951 : Start page is opened	[MsgId: MMSG-17999]
    2023-06-17 17:06:51.734 : User is logged in with session 136654.808100446HAcQViVpzQVzzzzHtcVHfpAQAVf	[MsgId: MMSG-17999]
    2023-06-17 17:06:57.028 : User is logged out of session	[MsgId: MMSG-17999]
  2023-06-17 17:08:52.857 : IterationNum=87	[MsgId: MMSG-17999]
   USER 87 = user78:pwd78	[MsgId: MMSG-17999]
    2023-06-17 17:08:52.952 : Start page is opened	[MsgId: MMSG-17999]
    2023-06-17 17:08:58.970 : User is logged in with session 136654.818307007HAcQVicpcVzzzzzHtcVHfpAQDD	[MsgId: MMSG-17999]
    2023-06-17 17:09:04.578 : User is logged out of session	[MsgId: MMSG-17999]
  2023-06-17 17:10:58.866 : IterationNum=88	[MsgId: MMSG-17999]
   USER 88 = user78:pwd78	[MsgId: MMSG-17999]
    2023-06-17 17:10:58.961 : Start page is opened	[MsgId: MMSG-17999]
    2023-06-17 17:11:04.441 : User is logged in with session 136654.828513568HAcQVicpHtVzzzzHtcVHfpAQztf	[MsgId: MMSG-17999]
    2023-06-17 17:11:09.798 : User is logged out of session	[MsgId: MMSG-17999]
  2023-06-17 17:13:04.874 : IterationNum=89	[MsgId: MMSG-17999]
   USER 89 = user78:pwd78	[MsgId: MMSG-17999]
    2023-06-17 17:13:04.968 : Start page is opened	[MsgId: MMSG-17999]
    2023-06-17 17:13:10.106 : User is logged in with session 136654.83872013HAcQViDpczzzzzzHtcVHfpAQQz	[MsgId: MMSG-17999]
    2023-06-17 17:13:15.421 : User is logged out of session	[MsgId: MMSG-17999]
  2023-06-17 17:15:10.889 : IterationNum=90	[MsgId: MMSG-17999]
   USER 90 = user78:pwd78	[MsgId: MMSG-17999]
    2023-06-17 17:15:10.982 : Start page is opened	[MsgId: MMSG-17999]
    2023-06-17 17:15:14.914 : User is logged in with session 136654.848926691HAcQViDpHQVzzzzHtcVHfpVAcHf	[MsgId: MMSG-17999]
    2023-06-17 17:15:18.906 : User is logged out of session	[MsgId: MMSG-17999]
  2023-06-17 17:17:16.893 : IterationNum=91	[MsgId: MMSG-17999]
   USER 91 = user78:pwd78	[MsgId: MMSG-17999]
    2023-06-17 17:17:16.987 : Start page is opened	[MsgId: MMSG-17999]
    2023-06-17 17:17:22.386 : User is logged in with session 136654.859133252HAcQVitpDVzzzzzHtcVHfpVAfQ	[MsgId: MMSG-17999]
    2023-06-17 17:17:27.480 : User is logged out of session	[MsgId: MMSG-17999]
  2023-06-17 17:19:22.904 : IterationNum=92	[MsgId: MMSG-17999]
   USER 92 = user78:pwd78	[MsgId: MMSG-17999]
    2023-06-17 17:19:22.997 : Start page is opened	[MsgId: MMSG-17999]
    2023-06-17 17:19:29.244 : User is logged in with session 136654.869339814HAcQVitpitVzzzzHtcVHfpVAQAf	[MsgId: MMSG-17999]
    2023-06-17 17:19:35.249 : User is logged out of session	[MsgId: MMSG-17999]
  2023-06-17 17:21:28.913 : IterationNum=93	[MsgId: MMSG-17999]
   USER 93 = user78:pwd78	[MsgId: MMSG-17999]
    2023-06-17 17:21:29.008 : Start page is opened	[MsgId: MMSG-17999]
    2023-06-17 17:21:34.528 : User is logged in with session 136654.879546375HAcQVifpDzzzzzzHtcVHfpVVcc	[MsgId: MMSG-17999]
    2023-06-17 17:21:39.031 : User is logged out of session	[MsgId: MMSG-17999]
  2023-06-17 17:23:34.914 : IterationNum=94	[MsgId: MMSG-17999]
   USER 94 = user78:pwd78	[MsgId: MMSG-17999]
    2023-06-17 17:23:35.008 : Start page is opened	[MsgId: MMSG-17999]
    2023-06-17 17:23:39.579 : User is logged in with session 136654.889752936HAcQVifpiQVzzzzHtcVHfpVVfDf	[MsgId: MMSG-17999]
    2023-06-17 17:23:44.603 : User is logged out of session	[MsgId: MMSG-17999]
  2023-06-17 17:25:40.923 : IterationNum=95	[MsgId: MMSG-17999]
   USER 95 = user78:pwd78	[MsgId: MMSG-17999]
    2023-06-17 17:25:41.018 : Start page is opened	[MsgId: MMSG-17999]
    2023-06-17 17:25:47.164 : User is logged in with session 136654.899959498HAcQVizptVzzzzzHtcVHfpVVif	[MsgId: MMSG-17999]
    2023-06-17 17:25:51.552 : User is logged out of session	[MsgId: MMSG-17999]
  2023-06-17 17:27:46.935 : IterationNum=96	[MsgId: MMSG-17999]
   USER 96 = user78:pwd78	[MsgId: MMSG-17999]
    2023-06-17 17:27:47.029 : Start page is opened	[MsgId: MMSG-17999]
    2023-06-17 17:27:53.403 : User is logged in with session 136654.910166059HAcQVizpQtVzzzzHtcVHfpVcVzf	[MsgId: MMSG-17999]
    2023-06-17 17:27:57.824 : User is logged out of session	[MsgId: MMSG-17999]
  2023-06-17 17:29:52.951 : IterationNum=97	[MsgId: MMSG-17999]
   USER 97 = user78:pwd78	[MsgId: MMSG-17999]
    2023-06-17 17:29:53.046 : Start page is opened	[MsgId: MMSG-17999]
    2023-06-17 17:29:57.899 : User is logged in with session 136654.92037262HAcQViHptzzzzzzHtcVHfpVcti	[MsgId: MMSG-17999]
    2023-06-17 17:30:02.833 : User is logged out of session	[MsgId: MMSG-17999]
  2023-06-17 17:31:58.960 : IterationNum=98	[MsgId: MMSG-17999]
   USER 98 = user78:pwd78	[MsgId: MMSG-17999]
    2023-06-17 17:31:59.055 : Start page is opened	[MsgId: MMSG-17999]
    2023-06-17 17:32:04.231 : User is logged in with session 136654.930579182HAcQViHpQQVzzzzHtcVHfpVcHQf	[MsgId: MMSG-17999]
    2023-06-17 17:32:10.481 : User is logged out of session	[MsgId: MMSG-17999]
  2023-06-17 17:34:04.960 : IterationNum=99	[MsgId: MMSG-17999]
   USER 99 = user78:pwd78	[MsgId: MMSG-17999]
    2023-06-17 17:34:05.053 : Start page is opened	[MsgId: MMSG-17999]
    2023-06-17 17:34:10.302 : User is logged in with session 136654.940785743HAcQViipfVzzzzzHtcVHfpVDVV	[MsgId: MMSG-17999]
    2023-06-17 17:34:16.428 : User is logged out of session	[MsgId: MMSG-17999]
  2023-06-17 17:36:10.975 : IterationNum=100	[MsgId: MMSG-17999]
   USER 100 = user78:pwd78	[MsgId: MMSG-17999]
    2023-06-17 17:36:11.067 : Start page is opened	[MsgId: MMSG-17999]
    2023-06-17 17:36:17.046 : User is logged in with session 136654.951073309HAcQViQpAtfiDDDDtcVHfpVDtcHf	[MsgId: MMSG-17999]
    2023-06-17 17:36:21.776 : User is logged out of session	[MsgId: MMSG-17999]
  2023-06-17 17:38:16.986 : IterationNum=101	[MsgId: MMSG-17999]
   USER 101 = user78:pwd78	[MsgId: MMSG-17999]
    2023-06-17 17:38:17.080 : Start page is opened	[MsgId: MMSG-17999]
    2023-06-17 17:38:22.749 : User is logged in with session 136654.96127987HAcQViQpfHAiDDDDtcVHfpVDHtcf	[MsgId: MMSG-17999]
    2023-06-17 17:38:28.767 : User is logged out of session	[MsgId: MMSG-17999]
  2023-06-17 17:40:22.991 : IterationNum=102	[MsgId: MMSG-17999]
   USER 102 = user78:pwd78	[MsgId: MMSG-17999]
    2023-06-17 17:40:23.085 : Start page is opened	[MsgId: MMSG-17999]
    2023-06-17 17:40:27.027 : User is logged in with session 136654.971486432HAcQVQApAQfiDDDDtcVHfpVtAfHf	[MsgId: MMSG-17999]
    2023-06-17 17:40:32.910 : User is logged out of session	[MsgId: MMSG-17999]
  2023-06-17 17:42:29.002 : IterationNum=103	[MsgId: MMSG-17999]
   USER 103 = user78:pwd78	[MsgId: MMSG-17999]
    2023-06-17 17:42:29.096 : Start page is opened	[MsgId: MMSG-17999]
    2023-06-17 17:42:35.316 : User is logged in with session 136654.981692993HAcQVQApzcAiDDDDtcVHfpVtDHcf	[MsgId: MMSG-17999]
    2023-06-17 17:42:41.223 : User is logged out of session	[MsgId: MMSG-17999]
  2023-06-17 17:44:35.017 : IterationNum=104	[MsgId: MMSG-17999]
   USER 104 = user78:pwd78	[MsgId: MMSG-17999]
    2023-06-17 17:44:35.112 : Start page is opened	[MsgId: MMSG-17999]
    2023-06-17 17:44:39.730 : User is logged in with session 136654.991899554HAcQVQVpVtfiDDDDtcVHfpVtziHf	[MsgId: MMSG-17999]
    2023-06-17 17:44:44.284 : User is logged out of session	[MsgId: MMSG-17999]
  2023-06-17 17:46:41.030 : IterationNum=105	[MsgId: MMSG-17999]
   USER 105 = user78:pwd78	[MsgId: MMSG-17999]
    2023-06-17 17:46:41.123 : Start page is opened	[MsgId: MMSG-17999]
    2023-06-17 17:46:46.834 : User is logged in with session 136655.002106116HAcQVQVpzHAiDDDDtcVHfpVfAAcf	[MsgId: MMSG-17999]
    2023-06-17 17:46:50.996 : User is logged out of session	[MsgId: MMSG-17999]
  2023-06-17 17:48:47.036 : IterationNum=106	[MsgId: MMSG-17999]
   USER 106 = user78:pwd78	[MsgId: MMSG-17999]
    2023-06-17 17:48:47.130 : Start page is opened	[MsgId: MMSG-17999]
    2023-06-17 17:48:53.110 : User is logged in with session 136655.012312677HAcQVQcpVQfiDDDDtcVHfpVfDVHf	[MsgId: MMSG-17999]
    2023-06-17 17:48:57.225 : User is logged out of session	[MsgId: MMSG-17999]
  2023-06-17 17:50:53.045 : IterationNum=107	[MsgId: MMSG-17999]
   USER 107 = user78:pwd78	[MsgId: MMSG-17999]
    2023-06-17 17:50:53.139 : Start page is opened	[MsgId: MMSG-17999]
    2023-06-17 17:50:59.134 : User is logged in with session 136655.022519239HAcQVQcpHcAiDDDDtcVHfpVfzDcf	[MsgId: MMSG-17999]
    2023-06-17 17:51:03.544 : User is logged out of session	[MsgId: MMSG-17999]
  2023-06-17 17:52:59.054 : IterationNum=108	[MsgId: MMSG-17999]
   USER 108 = user78:pwd78	[MsgId: MMSG-17999]
    2023-06-17 17:52:59.148 : Start page is opened	[MsgId: MMSG-17999]
    2023-06-17 17:53:05.198 : User is logged in with session 136655.0327258HAcQVQDpctfiDDDDtcVHfpVfQtHf	[MsgId: MMSG-17999]
    2023-06-17 17:53:09.159 : User is logged out of session	[MsgId: MMSG-17999]
  2023-06-17 17:55:05.067 : IterationNum=109	[MsgId: MMSG-17999]
   USER 109 = user78:pwd78	[MsgId: MMSG-17999]
    2023-06-17 17:55:05.161 : Start page is opened	[MsgId: MMSG-17999]
    2023-06-17 17:55:10.133 : User is logged in with session 136655.042932361HAcQVQDpHHAiDDDDtcVHfpVzczcf	[MsgId: MMSG-17999]
    2023-06-17 17:55:14.303 : User is logged out of session	[MsgId: MMSG-17999]
  2023-06-17 17:57:11.072 : IterationNum=110	[MsgId: MMSG-17999]
   USER 110 = user78:pwd78	[MsgId: MMSG-17999]
    2023-06-17 17:57:11.165 : Start page is opened	[MsgId: MMSG-17999]
    2023-06-17 17:57:16.347 : User is logged in with session 136655.053138923HAcQVQtpcQfiDDDDtcVHfpVzfHHf	[MsgId: MMSG-17999]
    2023-06-17 17:57:20.856 : User is logged out of session	[MsgId: MMSG-17999]
  2023-06-17 17:59:17.081 : IterationNum=111	[MsgId: MMSG-17999]
   USER 111 = user78:pwd78	[MsgId: MMSG-17999]
    2023-06-17 17:59:17.174 : Start page is opened	[MsgId: MMSG-17999]
    2023-06-17 17:59:21.982 : User is logged in with session 136655.063345484HAcQVQtpicAiDDDDtcVHfpVziQcf	[MsgId: MMSG-17999]
    2023-06-17 17:59:26.273 : User is logged out of session	[MsgId: MMSG-17999]
  2023-06-17 18:01:23.091 : IterationNum=112	[MsgId: MMSG-17999]
   USER 112 = user78:pwd78	[MsgId: MMSG-17999]
    2023-06-17 18:01:23.184 : Start page is opened	[MsgId: MMSG-17999]
    2023-06-17 18:01:28.854 : User is logged in with session 136655.073552045HAcQVQfpDtfiDDDDtcVHfpVHcAHf	[MsgId: MMSG-17999]
    2023-06-17 18:01:33.879 : User is logged out of session	[MsgId: MMSG-17999]
  2023-06-17 18:03:29.099 : IterationNum=113	[MsgId: MMSG-17999]
   USER 113 = user78:pwd78	[MsgId: MMSG-17999]
    2023-06-17 18:03:29.194 : Start page is opened	[MsgId: MMSG-17999]
    2023-06-17 18:03:35.096 : User is logged in with session 136655.083758607HAcQVQfpiHAiDDDDtcVHfpVHfccf	[MsgId: MMSG-17999]
    2023-06-17 18:03:39.162 : User is logged out of session	[MsgId: MMSG-17999]
  2023-06-17 18:05:35.106 : IterationNum=114	[MsgId: MMSG-17999]
   USER 114 = user78:pwd78	[MsgId: MMSG-17999]
    2023-06-17 18:05:35.201 : Start page is opened	[MsgId: MMSG-17999]
    2023-06-17 18:05:39.295 : User is logged in with session 136655.093965168HAcQVQzpDQfiDDDDtcVHfpVHiDHf	[MsgId: MMSG-17999]
    2023-06-17 18:05:43.625 : User is logged out of session	[MsgId: MMSG-17999]
  2023-06-17 18:07:41.119 : IterationNum=115	[MsgId: MMSG-17999]
   USER 115 = user78:pwd78	[MsgId: MMSG-17999]
    2023-06-17 18:07:41.213 : Start page is opened	[MsgId: MMSG-17999]
    2023-06-17 18:07:47.266 : User is logged in with session 136655.104171729HAcQVQzpQcAiDDDDtcVHfpViVfcf	[MsgId: MMSG-17999]
    2023-06-17 18:07:52.594 : User is logged out of session	[MsgId: MMSG-17999]
  2023-06-17 18:09:47.120 : IterationNum=116	[MsgId: MMSG-17999]
   USER 116 = user78:pwd78	[MsgId: MMSG-17999]
    2023-06-17 18:09:47.214 : Start page is opened	[MsgId: MMSG-17999]
    2023-06-17 18:09:51.781 : User is logged in with session 136655.114378291HAcQVQHpttfiDDDDtcVHfpVitzHf	[MsgId: MMSG-17999]
    2023-06-17 18:09:56.482 : User is logged out of session	[MsgId: MMSG-17999]
  2023-06-17 18:11:53.123 : IterationNum=117	[MsgId: MMSG-17999]
   USER 117 = user78:pwd78	[MsgId: MMSG-17999]
    2023-06-17 18:11:53.215 : Start page is opened	[MsgId: MMSG-17999]
    2023-06-17 18:11:59.581 : User is logged in with session 136655.124584852HAcQVQHpQHAiDDDDtcVHfpViHicf	[MsgId: MMSG-17999]
    2023-06-17 18:12:04.154 : User is logged out of session	[MsgId: MMSG-17999]
  2023-06-17 18:13:59.128 : IterationNum=118	[MsgId: MMSG-17999]
   USER 118 = user78:pwd78	[MsgId: MMSG-17999]
    2023-06-17 18:13:59.223 : Start page is opened	[MsgId: MMSG-17999]
    2023-06-17 18:14:05.276 : User is logged in with session 136655.134791414HAcQVQiptQfiDDDDtcVHfpVQAQHf	[MsgId: MMSG-17999]
    2023-06-17 18:14:10.017 : User is logged out of session	[MsgId: MMSG-17999]
  2023-06-17 18:16:05.138 : IterationNum=119	[MsgId: MMSG-17999]
   USER 119 = user78:pwd78	[MsgId: MMSG-17999]
    2023-06-17 18:16:05.231 : Start page is opened	[MsgId: MMSG-17999]
    2023-06-17 18:16:10.962 : User is logged in with session 136655.144997975HAcQVQQpAcAiDDDDtcVHfpVQtVcf	[MsgId: MMSG-17999]
    2023-06-17 18:16:17.334 : User is logged out of session	[MsgId: MMSG-17999]
  2023-06-17 18:18:11.146 : IterationNum=120	[MsgId: MMSG-17999]
   USER 120 = user78:pwd78	[MsgId: MMSG-17999]
    2023-06-17 18:18:11.239 : Start page is opened	[MsgId: MMSG-17999]
    2023-06-17 18:18:15.138 : User is logged in with session 136655.155204536HAcQVQQpftfiDDDDtcVHfpVQHcHf	[MsgId: MMSG-17999]
    2023-06-17 18:18:21.440 : User is logged out of session	[MsgId: MMSG-17999]
  2023-06-17 18:20:17.153 : IterationNum=121	[MsgId: MMSG-17999]
   USER 121 = user78:pwd78	[MsgId: MMSG-17999]
    2023-06-17 18:20:17.248 : Start page is opened	[MsgId: MMSG-17999]
    2023-06-17 18:20:22.246 : User is logged in with session 136655.165411098HAcQcAApAHAiDDDDtcVHfpcAAtcf	[MsgId: MMSG-17999]
    2023-06-17 18:20:27.036 : User is logged out of session	[MsgId: MMSG-17999]
  2023-06-17 18:22:23.156 : IterationNum=122	[MsgId: MMSG-17999]
   USER 122 = user78:pwd78	[MsgId: MMSG-17999]
    2023-06-17 18:22:23.250 : Start page is opened	[MsgId: MMSG-17999]
    2023-06-17 18:22:28.840 : User is logged in with session 136655.175617659HAcQcAApfQfiDDDDtcVHfpcADfHf	[MsgId: MMSG-17999]
    2023-06-17 18:22:35.113 : User is logged out of session	[MsgId: MMSG-17999]
  2023-06-17 18:24:29.169 : IterationNum=123	[MsgId: MMSG-17999]
   USER 123 = user78:pwd78	[MsgId: MMSG-17999]
    2023-06-17 18:24:29.264 : Start page is opened	[MsgId: MMSG-17999]
    2023-06-17 18:24:34.951 : User is logged in with session 136655.18582422HAcQcAVpVcAiDDDDtcVHfpcAzHcf	[MsgId: MMSG-17999]
    2023-06-17 18:24:41.111 : User is logged out of session	[MsgId: MMSG-17999]
  2023-06-17 18:26:35.171 : IterationNum=124	[MsgId: MMSG-17999]
   USER 124 = user78:pwd78	[MsgId: MMSG-17999]
    2023-06-17 18:26:35.265 : Start page is opened	[MsgId: MMSG-17999]
    2023-06-17 18:26:39.918 : User is logged in with session 136655.196030782HAcQcAVpztfiDDDDtcVHfpcAQiHf	[MsgId: MMSG-17999]
    2023-06-17 18:26:45.151 : User is logged out of session	[MsgId: MMSG-17999]
  2023-06-17 18:28:41.186 : IterationNum=125	[MsgId: MMSG-17999]
   USER 125 = user78:pwd78	[MsgId: MMSG-17999]
    2023-06-17 18:28:41.281 : Start page is opened	[MsgId: MMSG-17999]
    2023-06-17 18:28:47.234 : User is logged in with session 136655.206237343HAcQcAcpVHAiDDDDtcVHfpcVDAcf	[MsgId: MMSG-17999]
    2023-06-17 18:28:51.197 : User is logged out of session	[MsgId: MMSG-17999]
  2023-06-17 18:30:47.191 : IterationNum=126	[MsgId: MMSG-17999]
   USER 126 = user78:pwd78	[MsgId: MMSG-17999]
    2023-06-17 18:30:47.284 : Start page is opened	[MsgId: MMSG-17999]
    2023-06-17 18:30:53.232 : User is logged in with session 136655.216443904HAcQcAcpzQfiDDDDtcVHfpcVzVHf	[MsgId: MMSG-17999]
    2023-06-17 18:30:58.546 : User is logged out of session	[MsgId: MMSG-17999]
  2023-06-17 18:32:53.192 : IterationNum=127	[MsgId: MMSG-17999]
   USER 127 = user78:pwd78	[MsgId: MMSG-17999]
    2023-06-17 18:32:53.287 : Start page is opened	[MsgId: MMSG-17999]
    2023-06-17 18:32:57.279 : User is logged in with session 136655.226650466HAcQcADpccAiDDDDtcVHfpcVQDcf	[MsgId: MMSG-17999]
    2023-06-17 18:33:02.872 : User is logged out of session	[MsgId: MMSG-17999]
  2023-06-17 18:34:59.197 : IterationNum=128	[MsgId: MMSG-17999]
   USER 128 = user78:pwd78	[MsgId: MMSG-17999]
    2023-06-17 18:34:59.292 : Start page is opened	[MsgId: MMSG-17999]
    2023-06-17 18:35:04.105 : User is logged in with session 136655.236857027HAcQcADpHtfiDDDDtcVHfpccctHf	[MsgId: MMSG-17999]
    2023-06-17 18:35:09.825 : User is logged out of session	[MsgId: MMSG-17999]
  2023-06-17 18:37:05.202 : IterationNum=129	[MsgId: MMSG-17999]
   USER 129 = user78:pwd78	[MsgId: MMSG-17999]
    2023-06-17 18:37:05.295 : Start page is opened	[MsgId: MMSG-17999]
    2023-06-17 18:37:11.164 : User is logged in with session 136655.247063589HAcQcAtpcHAiDDDDtcVHfpccfzcf	[MsgId: MMSG-17999]
    2023-06-17 18:37:17.506 : User is logged out of session	[MsgId: MMSG-17999]
  2023-06-17 18:39:11.213 : IterationNum=130	[MsgId: MMSG-17999]
   USER 130 = user78:pwd78	[MsgId: MMSG-17999]
    2023-06-17 18:39:11.309 : Start page is opened	[MsgId: MMSG-17999]
    2023-06-17 18:39:15.253 : User is logged in with session 136655.25727015HAcQcAtpHQfiDDDDtcVHfpcciHHf	[MsgId: MMSG-17999]
    2023-06-17 18:39:19.826 : User is logged out of session	[MsgId: MMSG-17999]
  2023-06-17 18:41:17.215 : IterationNum=131	[MsgId: MMSG-17999]
   USER 131 = user78:pwd78	[MsgId: MMSG-17999]
    2023-06-17 18:41:17.308 : Start page is opened	[MsgId: MMSG-17999]
    2023-06-17 18:41:23.389 : User is logged in with session 136655.267476711HAcQcAfpDcAiDDDDtcVHfpcDVQcf	[MsgId: MMSG-17999]
    2023-06-17 18:41:29.497 : User is logged out of session	[MsgId: MMSG-17999]
  2023-06-17 18:43:23.227 : IterationNum=132	[MsgId: MMSG-17999]
   USER 132 = user78:pwd78	[MsgId: MMSG-17999]
    2023-06-17 18:43:23.323 : Start page is opened	[MsgId: MMSG-17999]
    2023-06-17 18:43:27.319 : User is logged in with session 136655.277683273HAcQcAfpitfiDDDDtcVHfpcDfAHf	[MsgId: MMSG-17999]
    2023-06-17 18:43:31.535 : User is logged out of session	[MsgId: MMSG-17999]
  2023-06-17 18:45:29.232 : IterationNum=133	[MsgId: MMSG-17999]
   USER 133 = user78:pwd78	[MsgId: MMSG-17999]
    2023-06-17 18:45:29.324 : Start page is opened	[MsgId: MMSG-17999]
    2023-06-17 18:45:35.001 : User is logged in with session 136655.287889834HAcQcAzpDHAiDDDDtcVHfpcDiccf	[MsgId: MMSG-17999]
    2023-06-17 18:45:40.675 : User is logged out of session	[MsgId: MMSG-17999]
  2023-06-17 18:47:35.237 : IterationNum=134	[MsgId: MMSG-17999]
   USER 134 = user78:pwd78	[MsgId: MMSG-17999]
    2023-06-17 18:47:35.332 : Start page is opened	[MsgId: MMSG-17999]
    2023-06-17 18:47:40.553 : User is logged in with session 136655.298096395HAcQcAzpiQfiDDDDtcVHfpctVDHf	[MsgId: MMSG-17999]
    2023-06-17 18:47:46.720 : User is logged out of session	[MsgId: MMSG-17999]
  2023-06-17 18:49:41.237 : IterationNum=135	[MsgId: MMSG-17999]
   USER 135 = user78:pwd78	[MsgId: MMSG-17999]
    2023-06-17 18:49:41.332 : Start page is opened	[MsgId: MMSG-17999]
    2023-06-17 18:49:47.481 : User is logged in with session 136655.308302957HAcQcAHptcAiDDDDtcVHfpcttfcf	[MsgId: MMSG-17999]
    2023-06-17 18:49:52.275 : User is logged out of session	[MsgId: MMSG-17999]
  2023-06-17 18:51:47.238 : IterationNum=136	[MsgId: MMSG-17999]
   USER 136 = user78:pwd78	[MsgId: MMSG-17999]
    2023-06-17 18:51:47.334 : Start page is opened	[MsgId: MMSG-17999]
    2023-06-17 18:51:52.488 : User is logged in with session 136655.318509518HAcQcAHpQtfiDDDDtcVHfpctHzHf	[MsgId: MMSG-17999]
    2023-06-17 18:51:56.917 : User is logged out of session	[MsgId: MMSG-17999]
  2023-06-17 18:53:53.239 : IterationNum=137	[MsgId: MMSG-17999]
   USER 137 = user78:pwd78	[MsgId: MMSG-17999]
    2023-06-17 18:53:53.334 : Start page is opened	[MsgId: MMSG-17999]
    2023-06-17 18:53:58.303 : User is logged in with session 136655.328716079HAcQcAiptHAiDDDDtcVHfpcfAicf	[MsgId: MMSG-17999]
    2023-06-17 18:54:03.002 : User is logged out of session	[MsgId: MMSG-17999]
  2023-06-17 18:55:59.246 : IterationNum=138	[MsgId: MMSG-17999]
   USER 138 = user78:pwd78	[MsgId: MMSG-17999]
    2023-06-17 18:55:59.340 : Start page is opened	[MsgId: MMSG-17999]
    2023-06-17 18:56:04.169 : User is logged in with session 136655.338922641HAcQcAipQQfiDDDDtcVHfpcfDQHf	[MsgId: MMSG-17999]
    2023-06-17 18:56:09.407 : User is logged out of session	[MsgId: MMSG-17999]
  2023-06-17 18:58:05.262 : IterationNum=139	[MsgId: MMSG-17999]
   USER 139 = user78:pwd78	[MsgId: MMSG-17999]
    2023-06-17 18:58:05.354 : Start page is opened	[MsgId: MMSG-17999]
    2023-06-17 18:58:10.737 : User is logged in with session 136655.349129202HAcQcAQpfcAiDDDDtcVHfpcfHVcf	[MsgId: MMSG-17999]
    2023-06-17 18:58:15.480 : User is logged out of session	[MsgId: MMSG-17999]
  2023-06-17 19:00:11.272 : IterationNum=140	[MsgId: MMSG-17999]
   USER 140 = user78:pwd78	[MsgId: MMSG-17999]
    2023-06-17 19:00:11.364 : Start page is opened	[MsgId: MMSG-17999]
    2023-06-17 19:00:15.899 : User is logged in with session 136655.359335763HAcQcVApAtfiDDDDtcVHfpczAcHf	[MsgId: MMSG-17999]
    2023-06-17 19:00:20.201 : User is logged out of session	[MsgId: MMSG-17999]
  2023-06-17 19:02:17.278 : IterationNum=141	[MsgId: MMSG-17999]
   USER 141 = user78:pwd78	[MsgId: MMSG-17999]
    2023-06-17 19:02:17.371 : Start page is opened	[MsgId: MMSG-17999]
    2023-06-17 19:02:21.783 : User is logged in with session 136655.369542325HAcQcVApfHAiDDDDtcVHfpczDtcf	[MsgId: MMSG-17999]
    2023-06-17 19:02:25.671 : User is logged out of session	[MsgId: MMSG-17999]
  2023-06-17 19:04:23.288 : IterationNum=142	[MsgId: MMSG-17999]
   USER 142 = user78:pwd78	[MsgId: MMSG-17999]
    2023-06-17 19:04:23.382 : Start page is opened	[MsgId: MMSG-17999]
    2023-06-17 19:04:28.041 : User is logged in with session 136655.379748886HAcQcVVpAQfiDDDDtcVHfpczzfHf	[MsgId: MMSG-17999]
    2023-06-17 19:04:34.351 : User is logged out of session	[MsgId: MMSG-17999]
  2023-06-17 19:06:29.303 : IterationNum=143	[MsgId: MMSG-17999]
   USER 143 = user78:pwd78	[MsgId: MMSG-17999]
    2023-06-17 19:06:29.396 : Start page is opened	[MsgId: MMSG-17999]
    2023-06-17 19:06:35.087 : User is logged in with session 136655.389955448HAcQcVVpzcAiDDDDtcVHfpczQHcf	[MsgId: MMSG-17999]
    2023-06-17 19:06:41.266 : User is logged out of session	[MsgId: MMSG-17999]
  2023-06-17 19:08:35.313 : IterationNum=144	[MsgId: MMSG-17999]
   USER 144 = user78:pwd78	[MsgId: MMSG-17999]
    2023-06-17 19:08:35.408 : Start page is opened	[MsgId: MMSG-17999]
    2023-06-17 19:08:41.140 : User is logged in with session 136655.400162009HAcQcVcpVtfiDDDDtcVHfpcHciHf	[MsgId: MMSG-17999]
    2023-06-17 19:08:45.286 : User is logged out of session	[MsgId: MMSG-17999]
  2023-06-17 19:10:41.322 : IterationNum=145	[MsgId: MMSG-17999]
   USER 145 = user78:pwd78	[MsgId: MMSG-17999]
    2023-06-17 19:10:41.416 : Start page is opened	[MsgId: MMSG-17999]
    2023-06-17 19:10:46.367 : User is logged in with session 136655.41036857HAcQcVcpzHAiDDDDtcVHfpcHzAcf	[MsgId: MMSG-17999]
    2023-06-17 19:10:50.404 : User is logged out of session	[MsgId: MMSG-17999]
  2023-06-17 19:12:47.323 : IterationNum=146	[MsgId: MMSG-17999]
   USER 146 = user78:pwd78	[MsgId: MMSG-17999]
    2023-06-17 19:12:47.417 : Start page is opened	[MsgId: MMSG-17999]
    2023-06-17 19:12:53.049 : User is logged in with session 136655.420575132HAcQcVDpVQfiDDDDtcVHfpcHQVHf	[MsgId: MMSG-17999]
    2023-06-17 19:12:57.025 : User is logged out of session	[MsgId: MMSG-17999]
  2023-06-17 19:14:53.324 : IterationNum=147	[MsgId: MMSG-17999]
   USER 147 = user78:pwd78	[MsgId: MMSG-17999]
    2023-06-17 19:14:53.418 : Start page is opened	[MsgId: MMSG-17999]
    2023-06-17 19:14:58.203 : User is logged in with session 136655.430781693HAcQcVDpHcAiDDDDtcVHfpcicDcf	[MsgId: MMSG-17999]
    2023-06-17 19:15:02.271 : User is logged out of session	[MsgId: MMSG-17999]
  2023-06-17 19:16:59.338 : IterationNum=148	[MsgId: MMSG-17999]
   USER 148 = user78:pwd78	[MsgId: MMSG-17999]
    2023-06-17 19:16:59.432 : Start page is opened	[MsgId: MMSG-17999]
    2023-06-17 19:17:04.140 : User is logged in with session 136655.440988254HAcQcVtpctfiDDDDtcVHfpciftHf	[MsgId: MMSG-17999]
    2023-06-17 19:17:08.859 : User is logged out of session	[MsgId: MMSG-17999]
  2023-06-17 19:19:05.342 : IterationNum=149	[MsgId: MMSG-17999]
   USER 149 = user78:pwd78	[MsgId: MMSG-17999]
    2023-06-17 19:19:05.436 : Start page is opened	[MsgId: MMSG-17999]
    2023-06-17 19:19:10.543 : User is logged in with session 136655.451194816HAcQcVtpHHAiDDDDtcVHfpciizcf	[MsgId: MMSG-17999]
    2023-06-17 19:19:14.597 : User is logged out of session	[MsgId: MMSG-17999]
  2023-06-17 19:21:11.355 : IterationNum=150	[MsgId: MMSG-17999]
   USER 150 = user78:pwd78	[MsgId: MMSG-17999]
    2023-06-17 19:21:11.449 : Start page is opened	[MsgId: MMSG-17999]
    2023-06-17 19:21:15.681 : User is logged in with session 136655.461401377HAcQcVfpcQfiDDDDtcVHfpcQVHHf	[MsgId: MMSG-17999]
    2023-06-17 19:21:20.436 : User is logged out of session	[MsgId: MMSG-17999]
  2023-06-17 19:23:17.369 : IterationNum=151	[MsgId: MMSG-17999]
   USER 151 = user78:pwd78	[MsgId: MMSG-17999]
    2023-06-17 19:23:17.462 : Start page is opened	[MsgId: MMSG-17999]
    2023-06-17 19:23:21.426 : User is logged in with session 136655.471607938HAcQcVfpicAiDDDDtcVHfpcQtQcf	[MsgId: MMSG-17999]
    2023-06-17 19:23:27.576 : User is logged out of session	[MsgId: MMSG-17999]
  2023-06-17 19:25:23.378 : IterationNum=152	[MsgId: MMSG-17999]
   USER 152 = user78:pwd78	[MsgId: MMSG-17999]
    2023-06-17 19:25:23.472 : Start page is opened	[MsgId: MMSG-17999]
    2023-06-17 19:25:27.795 : User is logged in with session 136655.4818145HAcQcVzpDtfiDDDDtcVHfpcQiAHf	[MsgId: MMSG-17999]
    2023-06-17 19:25:33.360 : User is logged out of session	[MsgId: MMSG-17999]
  2023-06-17 19:27:29.381 : IterationNum=153	[MsgId: MMSG-17999]
   USER 153 = user78:pwd78	[MsgId: MMSG-17999]
    2023-06-17 19:27:29.475 : Start page is opened	[MsgId: MMSG-17999]
    2023-06-17 19:27:35.514 : User is logged in with session 136655.492021061HAcQcVzpiHAiDDDDtcVHfpDAVccf	[MsgId: MMSG-17999]
    2023-06-17 19:27:41.437 : User is logged out of session	[MsgId: MMSG-17999]
  2023-06-17 19:29:35.390 : IterationNum=154	[MsgId: MMSG-17999]
   USER 154 = user78:pwd78	[MsgId: MMSG-17999]
    2023-06-17 19:29:35.482 : Start page is opened	[MsgId: MMSG-17999]
    2023-06-17 19:29:41.450 : User is logged in with session 136655.502227623HAcQcVHpDQfiDDDDtcVHfpDAtDHf	[MsgId: MMSG-17999]
    2023-06-17 19:29:45.582 : User is logged out of session	[MsgId: MMSG-17999]
  2023-06-17 19:31:41.399 : IterationNum=155	[MsgId: MMSG-17999]
   USER 155 = user78:pwd78	[MsgId: MMSG-17999]
    2023-06-17 19:31:41.493 : Start page is opened	[MsgId: MMSG-17999]
    2023-06-17 19:31:47.029 : User is logged in with session 136655.512434184HAcQcVHpQcAiDDDDtcVHfpDAHfcf	[MsgId: MMSG-17999]
    2023-06-17 19:31:52.278 : User is logged out of session	[MsgId: MMSG-17999]
  2023-06-17 19:33:47.400 : IterationNum=156	[MsgId: MMSG-17999]
   USER 156 = user78:pwd78	[MsgId: MMSG-17999]
    2023-06-17 19:33:47.495 : Start page is opened	[MsgId: MMSG-17999]
    2023-06-17 19:33:52.827 : User is logged in with session 136655.522640745HAcQcVipttfiDDDDtcVHfpDVAzHf	[MsgId: MMSG-17999]
    2023-06-17 19:33:57.499 : User is logged out of session	[MsgId: MMSG-17999]
  2023-06-17 19:35:53.413 : IterationNum=157	[MsgId: MMSG-17999]
   USER 157 = user78:pwd78	[MsgId: MMSG-17999]
    2023-06-17 19:35:53.507 : Start page is opened	[MsgId: MMSG-17999]
    2023-06-17 19:35:59.770 : User is logged in with session 136655.532847307HAcQcVipQHAiDDDDtcVHfpDVDicf	[MsgId: MMSG-17999]
    2023-06-17 19:36:05.058 : User is logged out of session	[MsgId: MMSG-17999]
  2023-06-17 19:37:59.427 : IterationNum=158	[MsgId: MMSG-17999]
   USER 158 = user78:pwd78	[MsgId: MMSG-17999]
    2023-06-17 19:37:59.522 : Start page is opened	[MsgId: MMSG-17999]
    2023-06-17 19:38:04.661 : User is logged in with session 136655.543053868HAcQcVQptQfiDDDDtcVHfpDVzQHf	[MsgId: MMSG-17999]
    2023-06-17 19:38:09.261 : User is logged out of session	[MsgId: MMSG-17999]
  2023-06-17 19:40:05.440 : IterationNum=159	[MsgId: MMSG-17999]
   USER 159 = user78:pwd78	[MsgId: MMSG-17999]
    2023-06-17 19:40:05.534 : Start page is opened	[MsgId: MMSG-17999]
    2023-06-17 19:40:09.850 : User is logged in with session 136655.553260429HAcQccApAcAiDDDDtcVHfpDcAVcf	[MsgId: MMSG-17999]
    2023-06-17 19:40:14.684 : User is logged out of session	[MsgId: MMSG-17999]
  2023-06-17 19:42:11.453 : IterationNum=160	[MsgId: MMSG-17999]
   USER 160 = user78:pwd78	[MsgId: MMSG-17999]
    2023-06-17 19:42:11.547 : Start page is opened	[MsgId: MMSG-17999]
    2023-06-17 19:42:17.527 : User is logged in with session 136655.563466991HAcQccApftfiDDDDtcVHfpDcDcHf	[MsgId: MMSG-17999]
    2023-06-17 19:42:22.995 : User is logged out of session	[MsgId: MMSG-17999]
  2023-06-17 19:44:17.456 : IterationNum=161	[MsgId: MMSG-17999]
   USER 161 = user78:pwd78	[MsgId: MMSG-17999]
    2023-06-17 19:44:17.549 : Start page is opened	[MsgId: MMSG-17999]
    2023-06-17 19:44:22.305 : User is logged in with session 136655.573673552HAcQccVpAHAiDDDDtcVHfpDcztcf	[MsgId: MMSG-17999]
    2023-06-17 19:44:26.934 : User is logged out of session	[MsgId: MMSG-17999]
  2023-06-17 19:46:23.472 : IterationNum=162	[MsgId: MMSG-17999]
   USER 162 = user78:pwd78	[MsgId: MMSG-17999]
    2023-06-17 19:46:23.567 : Start page is opened	[MsgId: MMSG-17999]
    2023-06-17 19:46:29.936 : User is logged in with session 136655.583880113HAcQccVpfQfiDDDDtcVHfpDcQfHf	[MsgId: MMSG-17999]
    2023-06-17 19:46:35.375 : User is logged out of session	[MsgId: MMSG-17999]
  2023-06-17 19:48:29.483 : IterationNum=163	[MsgId: MMSG-17999]
   USER 163 = user78:pwd78	[MsgId: MMSG-17999]
    2023-06-17 19:48:29.576 : Start page is opened	[MsgId: MMSG-17999]
    2023-06-17 19:48:35.024 : User is logged in with session 136655.594086675HAcQcccpVcAiDDDDtcVHfpDDcHcf	[MsgId: MMSG-17999]
    2023-06-17 19:48:40.967 : User is logged out of session	[MsgId: MMSG-17999]
  2023-06-17 19:50:35.491 : IterationNum=164	[MsgId: MMSG-17999]
   USER 164 = user78:pwd78	[MsgId: MMSG-17999]
    2023-06-17 19:50:35.586 : Start page is opened	[MsgId: MMSG-17999]
    2023-06-17 19:50:39.681 : User is logged in with session 136655.604293236HAcQcccpztfiDDDDtcVHfpDDfiHf	[MsgId: MMSG-17999]
    2023-06-17 19:50:44.314 : User is logged out of session	[MsgId: MMSG-17999]
  2023-06-17 19:52:41.504 : IterationNum=165	[MsgId: MMSG-17999]
   USER 165 = user78:pwd78	[MsgId: MMSG-17999]
    2023-06-17 19:52:41.599 : Start page is opened	[MsgId: MMSG-17999]
    2023-06-17 19:52:45.547 : User is logged in with session 136655.614499797HAcQccDpVHAiDDDDtcVHfpDDQAcf	[MsgId: MMSG-17999]
    2023-06-17 19:52:49.437 : User is logged out of session	[MsgId: MMSG-17999]
  2023-06-17 19:54:47.507 : IterationNum=166	[MsgId: MMSG-17999]
   USER 166 = user78:pwd78	[MsgId: MMSG-17999]
    2023-06-17 19:54:47.601 : Start page is opened	[MsgId: MMSG-17999]
    2023-06-17 19:54:52.264 : User is logged in with session 136655.624706359HAcQccDpzQfiDDDDtcVHfpDtcVHf	[MsgId: MMSG-17999]
    2023-06-17 19:54:56.318 : User is logged out of session	[MsgId: MMSG-17999]
  2023-06-17 19:56:53.512 : IterationNum=167	[MsgId: MMSG-17999]
   USER 167 = user78:pwd78	[MsgId: MMSG-17999]
    2023-06-17 19:56:53.605 : Start page is opened	[MsgId: MMSG-17999]
    2023-06-17 19:56:59.663 : User is logged in with session 136655.63491292HAcQcctpccAiDDDDtcVHfpDtfDcf	[MsgId: MMSG-17999]
    2023-06-17 19:57:04.641 : User is logged out of session	[MsgId: MMSG-17999]
  2023-06-17 19:58:59.515 : IterationNum=168	[MsgId: MMSG-17999]
   USER 168 = user78:pwd78	[MsgId: MMSG-17999]
    2023-06-17 19:58:59.609 : Start page is opened	[MsgId: MMSG-17999]
    2023-06-17 19:59:05.432 : User is logged in with session 136655.645119482HAcQcctpHtfiDDDDtcVHfpDtitHf	[MsgId: MMSG-17999]
    2023-06-17 19:59:09.750 : User is logged out of session	[MsgId: MMSG-17999]
  2023-06-17 20:01:05.520 : IterationNum=169	[MsgId: MMSG-17999]
   USER 169 = user78:pwd78	[MsgId: MMSG-17999]
    2023-06-17 20:01:05.614 : Start page is opened	[MsgId: MMSG-17999]
    2023-06-17 20:01:11.459 : User is logged in with session 136655.655326043HAcQccfpcHAiDDDDtcVHfpDfVzcf	[MsgId: MMSG-17999]
    2023-06-17 20:01:15.570 : User is logged out of session	[MsgId: MMSG-17999]
  2023-06-17 20:03:11.535 : IterationNum=170	[MsgId: MMSG-17999]
   USER 170 = user78:pwd78	[MsgId: MMSG-17999]
    2023-06-17 20:03:11.629 : Start page is opened	[MsgId: MMSG-17999]
    2023-06-17 20:03:17.806 : User is logged in with session 136655.665532604HAcQccfpHQfiDDDDtcVHfpDftHHf	[MsgId: MMSG-17999]
    2023-06-17 20:03:21.794 : User is logged out of session	[MsgId: MMSG-17999]
  2023-06-17 20:05:17.550 : IterationNum=171	[MsgId: MMSG-17999]
   USER 171 = user78:pwd78	[MsgId: MMSG-17999]
    2023-06-17 20:05:17.645 : Start page is opened	[MsgId: MMSG-17999]
    2023-06-17 20:05:23.705 : User is logged in with session 136655.675739166HAcQcczpDcAiDDDDtcVHfpDfHQcf	[MsgId: MMSG-17999]
    2023-06-17 20:05:29.258 : User is logged out of session	[MsgId: MMSG-17999]
  2023-06-17 20:07:23.559 : IterationNum=172	[MsgId: MMSG-17999]
   USER 172 = user78:pwd78	[MsgId: MMSG-17999]
    2023-06-17 20:07:23.652 : Start page is opened	[MsgId: MMSG-17999]
    2023-06-17 20:07:28.156 : User is logged in with session 136655.685945727HAcQcczpitfiDDDDtcVHfpDzVAHf	[MsgId: MMSG-17999]
    2023-06-17 20:07:34.196 : User is logged out of session	[MsgId: MMSG-17999]
  2023-06-17 20:09:29.570 : IterationNum=173	[MsgId: MMSG-17999]
   USER 173 = user78:pwd78	[MsgId: MMSG-17999]
    2023-06-17 20:09:29.664 : Start page is opened	[MsgId: MMSG-17999]
    2023-06-17 20:09:35.852 : User is logged in with session 136655.696152288HAcQccHpDHAiDDDDtcVHfpDztccf	[MsgId: MMSG-17999]
    2023-06-17 20:09:41.601 : User is logged out of session	[MsgId: MMSG-17999]
  2023-06-17 20:11:35.578 : IterationNum=174	[MsgId: MMSG-17999]
   USER 174 = user78:pwd78	[MsgId: MMSG-17999]
    2023-06-17 20:11:35.673 : Start page is opened	[MsgId: MMSG-17999]
    2023-06-17 20:11:41.387 : User is logged in with session 136655.70635885HAcQccHpiQfiDDDDtcVHfpDzHDHf	[MsgId: MMSG-17999]
    2023-06-17 20:11:46.382 : User is logged out of session	[MsgId: MMSG-17999]
  2023-06-17 20:13:41.593 : IterationNum=175	[MsgId: MMSG-17999]
   USER 175 = user78:pwd78	[MsgId: MMSG-17999]
    2023-06-17 20:13:41.688 : Start page is opened	[MsgId: MMSG-17999]
    2023-06-17 20:13:46.895 : User is logged in with session 136655.716565411HAcQcciptcAiDDDDtcVHfpDHAfcf	[MsgId: MMSG-17999]
    2023-06-17 20:13:52.199 : User is logged out of session	[MsgId: MMSG-17999]
  2023-06-17 20:15:47.595 : IterationNum=176	[MsgId: MMSG-17999]
   USER 176 = user78:pwd78	[MsgId: MMSG-17999]
    2023-06-17 20:15:47.688 : Start page is opened	[MsgId: MMSG-17999]
    2023-06-17 20:15:51.836 : User is logged in with session 136655.726771972HAcQccipQtfiDDDDtcVHfpDHDzHf	[MsgId: MMSG-17999]
    2023-06-17 20:15:56.492 : User is logged out of session	[MsgId: MMSG-17999]
  2023-06-17 20:17:53.600 : IterationNum=177	[MsgId: MMSG-17999]
   USER 177 = user78:pwd78	[MsgId: MMSG-17999]
    2023-06-17 20:17:53.695 : Start page is opened	[MsgId: MMSG-17999]
    2023-06-17 20:17:59.275 : User is logged in with session 136655.736978534HAcQccQptHAiDDDDtcVHfpDHzicf	[MsgId: MMSG-17999]
    2023-06-17 20:18:04.373 : User is logged out of session	[MsgId: MMSG-17999]
  2023-06-17 20:19:59.605 : IterationNum=178	[MsgId: MMSG-17999]
   USER 178 = user78:pwd78	[MsgId: MMSG-17999]
    2023-06-17 20:19:59.700 : Start page is opened	[MsgId: MMSG-17999]
    2023-06-17 20:20:03.844 : User is logged in with session 136655.747185095HAcQccQpQQfiDDDDtcVHfpDHQQHf	[MsgId: MMSG-17999]
    2023-06-17 20:20:09.948 : User is logged out of session	[MsgId: MMSG-17999]
  2023-06-17 20:22:05.615 : IterationNum=179	[MsgId: MMSG-17999]
   USER 179 = user78:pwd78	[MsgId: MMSG-17999]
    2023-06-17 20:22:05.709 : Start page is opened	[MsgId: MMSG-17999]
    2023-06-17 20:22:10.539 : User is logged in with session 136655.757391657HAcQcDApfcAiDDDDtcVHfpDiDVcf	[MsgId: MMSG-17999]
    2023-06-17 20:22:16.718 : User is logged out of session	[MsgId: MMSG-17999]
  2023-06-17 20:24:11.625 : IterationNum=180	[MsgId: MMSG-17999]
   USER 180 = user78:pwd78	[MsgId: MMSG-17999]
    2023-06-17 20:24:11.720 : Start page is opened	[MsgId: MMSG-17999]
    2023-06-17 20:24:17.147 : User is logged in with session 136655.767598218HAcQcDVpAtfiDDDDtcVHfpDizcHf	[MsgId: MMSG-17999]
    2023-06-17 20:24:22.334 : User is logged out of session	[MsgId: MMSG-17999]
  2023-06-17 20:26:17.626 : IterationNum=181	[MsgId: MMSG-17999]
   USER 181 = user78:pwd78	[MsgId: MMSG-17999]
    2023-06-17 20:26:17.719 : Start page is opened	[MsgId: MMSG-17999]
    2023-06-17 20:26:22.979 : User is logged in with session 136655.777804779HAcQcDVpfHAiDDDDtcVHfpDiQtcf	[MsgId: MMSG-17999]
    2023-06-17 20:26:27.017 : User is logged out of session	[MsgId: MMSG-17999]
  2023-06-17 20:28:23.628 : IterationNum=182	[MsgId: MMSG-17999]
   USER 182 = user78:pwd78	[MsgId: MMSG-17999]
    2023-06-17 20:28:23.722 : Start page is opened	[MsgId: MMSG-17999]
    2023-06-17 20:28:27.852 : User is logged in with session 136655.788011341HAcQcDcpAQfiDDDDtcVHfpDQcfHf	[MsgId: MMSG-17999]
    2023-06-17 20:28:34.234 : User is logged out of session	[MsgId: MMSG-17999]
  2023-06-17 20:30:29.635 : IterationNum=183	[MsgId: MMSG-17999]
   USER 183 = user78:pwd78	[MsgId: MMSG-17999]
    2023-06-17 20:30:29.729 : Start page is opened	[MsgId: MMSG-17999]
    2023-06-17 20:30:34.200 : User is logged in with session 136655.798217902HAcQcDcpzcAiDDDDtcVHfpDQfHcf	[MsgId: MMSG-17999]
    2023-06-17 20:30:39.747 : User is logged out of session	[MsgId: MMSG-17999]
  2023-06-17 20:32:35.643 : IterationNum=184	[MsgId: MMSG-17999]
   USER 184 = user78:pwd78	[MsgId: MMSG-17999]
    2023-06-17 20:32:35.738 : Start page is opened	[MsgId: MMSG-17999]
    2023-06-17 20:32:41.420 : User is logged in with session 136655.808424463HAcQcDDpVtfiDDDDtcVHfpDQiiHf	[MsgId: MMSG-17999]
    2023-06-17 20:32:47.070 : User is logged out of session	[MsgId: MMSG-17999]
  2023-06-17 20:34:41.654 : IterationNum=185	[MsgId: MMSG-17999]
   USER 185 = user78:pwd78	[MsgId: MMSG-17999]
    2023-06-17 20:34:41.749 : Start page is opened	[MsgId: MMSG-17999]
    2023-06-17 20:34:47.030 : User is logged in with session 136655.818631025HAcQcDDpzHAiDDDDtcVHfptAcAcf	[MsgId: MMSG-17999]
    2023-06-17 20:34:53.271 : User is logged out of session	[MsgId: MMSG-17999]
  2023-06-17 20:36:47.670 : IterationNum=186	[MsgId: MMSG-17999]
   USER 186 = user78:pwd78	[MsgId: MMSG-17999]
    2023-06-17 20:36:47.763 : Start page is opened	[MsgId: MMSG-17999]
    2023-06-17 20:36:53.188 : User is logged in with session 136655.828837586HAcQcDtpVQfiDDDDtcVHfptAfVHf	[MsgId: MMSG-17999]
    2023-06-17 20:36:59.389 : User is logged out of session	[MsgId: MMSG-17999]
  2023-06-17 20:38:53.681 : IterationNum=187	[MsgId: MMSG-17999]
   USER 187 = user78:pwd78	[MsgId: MMSG-17999]
    2023-06-17 20:38:53.775 : Start page is opened	[MsgId: MMSG-17999]
    2023-06-17 20:38:57.849 : User is logged in with session 136655.839044147HAcQcDtpHcAiDDDDtcVHfptAiDcf	[MsgId: MMSG-17999]
    2023-06-17 20:39:04.166 : User is logged out of session	[MsgId: MMSG-17999]
  2023-06-17 20:40:59.686 : IterationNum=188	[MsgId: MMSG-17999]
   USER 188 = user78:pwd78	[MsgId: MMSG-17999]
    2023-06-17 20:40:59.781 : Start page is opened	[MsgId: MMSG-17999]
    2023-06-17 20:41:04.787 : User is logged in with session 136655.849250709HAcQcDfpctfiDDDDtcVHfptVVtHf	[MsgId: MMSG-17999]
    2023-06-17 20:41:09.708 : User is logged out of session	[MsgId: MMSG-17999]
  2023-06-17 20:43:05.700 : IterationNum=189	[MsgId: MMSG-17999]
   USER 189 = user78:pwd78	[MsgId: MMSG-17999]
    2023-06-17 20:43:05.793 : Start page is opened	[MsgId: MMSG-17999]
    2023-06-17 20:43:09.878 : User is logged in with session 136655.85945727HAcQcDfpHHAiDDDDtcVHfptVtzcf	[MsgId: MMSG-17999]
    2023-06-17 20:43:13.926 : User is logged out of session	[MsgId: MMSG-17999]
  2023-06-17 20:45:11.701 : IterationNum=190	[MsgId: MMSG-17999]
   USER 190 = user78:pwd78	[MsgId: MMSG-17999]
    2023-06-17 20:45:11.795 : Start page is opened	[MsgId: MMSG-17999]
    2023-06-17 20:45:15.710 : User is logged in with session 136655.869663832HAcQcDzpcQfiDDDDtcVHfptVHHHf	[MsgId: MMSG-17999]
    2023-06-17 20:45:19.778 : User is logged out of session	[MsgId: MMSG-17999]
  2023-06-17 20:47:17.712 : IterationNum=191	[MsgId: MMSG-17999]
   USER 191 = user78:pwd78	[MsgId: MMSG-17999]
    2023-06-17 20:47:17.807 : Start page is opened	[MsgId: MMSG-17999]
    2023-06-17 20:47:22.911 : User is logged in with session 136655.879870393HAcQcDzpicAiDDDDtcVHfptcAQcf	[MsgId: MMSG-17999]
    2023-06-17 20:47:29.249 : User is logged out of session	[MsgId: MMSG-17999]
  2023-06-17 20:49:23.718 : IterationNum=192	[MsgId: MMSG-17999]
   USER 192 = user78:pwd78	[MsgId: MMSG-17999]
    2023-06-17 20:49:23.812 : Start page is opened	[MsgId: MMSG-17999]
    2023-06-17 20:49:29.667 : User is logged in with session 136655.890076954HAcQcDHpDtfiDDDDtcVHfptctAHf	[MsgId: MMSG-17999]
    2023-06-17 20:49:33.692 : User is logged out of session	[MsgId: MMSG-17999]
  2023-06-17 20:51:29.726 : IterationNum=193	[MsgId: MMSG-17999]
   USER 193 = user78:pwd78	[MsgId: MMSG-17999]
    2023-06-17 20:51:29.820 : Start page is opened	[MsgId: MMSG-17999]
    2023-06-17 20:51:33.908 : User is logged in with session 136655.900283516HAcQcDHpiHAiDDDDtcVHfptcHccf	[MsgId: MMSG-17999]
    2023-06-17 20:51:39.973 : User is logged out of session	[MsgId: MMSG-17999]
  2023-06-17 20:53:35.735 : IterationNum=194	[MsgId: MMSG-17999]
   USER 194 = user78:pwd78	[MsgId: MMSG-17999]
    2023-06-17 20:53:35.828 : Start page is opened	[MsgId: MMSG-17999]
    2023-06-17 20:53:41.564 : User is logged in with session 136655.910490077HAcQcDipDQfiDDDDtcVHfptDADHf	[MsgId: MMSG-17999]
    2023-06-17 20:53:46.286 : User is logged out of session	[MsgId: MMSG-17999]
  2023-06-17 20:55:41.742 : IterationNum=195	[MsgId: MMSG-17999]
   USER 195 = user78:pwd78	[MsgId: MMSG-17999]
    2023-06-17 20:55:41.836 : Start page is opened	[MsgId: MMSG-17999]
    2023-06-17 20:55:45.816 : User is logged in with session 136655.920696638HAcQcDipQcAiDDDDtcVHfptDDfcf	[MsgId: MMSG-17999]
    2023-06-17 20:55:50.825 : User is logged out of session	[MsgId: MMSG-17999]
  2023-06-17 20:57:47.742 : IterationNum=196	[MsgId: MMSG-17999]
   USER 196 = user78:pwd78	[MsgId: MMSG-17999]
    2023-06-17 20:57:47.835 : Start page is opened	[MsgId: MMSG-17999]
    2023-06-17 20:57:51.729 : User is logged in with session 136655.9309032HAcQcDQpttfiDDDDtcVHfptDzzHf	[MsgId: MMSG-17999]
    2023-06-17 20:57:57.525 : User is logged out of session	[MsgId: MMSG-17999]
  2023-06-17 20:59:53.753 : IterationNum=197	[MsgId: MMSG-17999]
   USER 197 = user78:pwd78	[MsgId: MMSG-17999]
    2023-06-17 20:59:53.848 : Start page is opened	[MsgId: MMSG-17999]
    2023-06-17 20:59:58.332 : User is logged in with session 136655.941109761HAcQcDQpQHAiDDDDtcVHfptDQicf	[MsgId: MMSG-17999]
    2023-06-17 21:00:03.525 : User is logged out of session	[MsgId: MMSG-17999]
  2023-06-17 21:01:59.757 : IterationNum=198	[MsgId: MMSG-17999]
   USER 198 = user78:pwd78	[MsgId: MMSG-17999]
    2023-06-17 21:01:59.850 : Start page is opened	[MsgId: MMSG-17999]
    2023-06-17 21:02:04.232 : User is logged in with session 136655.951316322HAcQctAptQfiDDDDtcVHfpttcQHf	[MsgId: MMSG-17999]
    2023-06-17 21:02:10.404 : User is logged out of session	[MsgId: MMSG-17999]
  2023-06-17 21:04:05.762 : IterationNum=199	[MsgId: MMSG-17999]
   USER 199 = user78:pwd78	[MsgId: MMSG-17999]
    2023-06-17 21:04:05.858 : Start page is opened	[MsgId: MMSG-17999]
    2023-06-17 21:04:11.671 : User is logged in with session 136655.961522884HAcQctVpAcAiDDDDtcVHfpttzVcf	[MsgId: MMSG-17999]
    2023-06-17 21:04:16.665 : User is logged out of session	[MsgId: MMSG-17999]
  2023-06-17 21:06:11.778 : IterationNum=200	[MsgId: MMSG-17999]
   USER 200 = user78:pwd78	[MsgId: MMSG-17999]
    2023-06-17 21:06:11.872 : Start page is opened	[MsgId: MMSG-17999]
    2023-06-17 21:06:17.325 : User is logged in with session 136655.971729445HAcQctVpftfiDDDDtcVHfpttQcHf	[MsgId: MMSG-17999]
    2023-06-17 21:06:23.513 : User is logged out of session	[MsgId: MMSG-17999]
  2023-06-17 21:08:17.788 : IterationNum=201	[MsgId: MMSG-17999]
   USER 201 = user78:pwd78	[MsgId: MMSG-17999]
    2023-06-17 21:08:17.880 : Start page is opened	[MsgId: MMSG-17999]
    2023-06-17 21:08:22.452 : User is logged in with session 136655.981936006HAcQctcpAHAiDDDDtcVHfptfctcf	[MsgId: MMSG-17999]
    2023-06-17 21:08:27.368 : User is logged out of session	[MsgId: MMSG-17999]
  2023-06-17 21:10:23.793 : IterationNum=202	[MsgId: MMSG-17999]
   USER 202 = user78:pwd78	[MsgId: MMSG-17999]
    2023-06-17 21:10:23.887 : Start page is opened	[MsgId: MMSG-17999]
    2023-06-17 21:10:28.606 : User is logged in with session 136655.992142568HAcQctcpfQfiDDDDtcVHfptfffHf	[MsgId: MMSG-17999]
    2023-06-17 21:10:32.985 : User is logged out of session	[MsgId: MMSG-17999]
  2023-06-17 21:12:29.804 : IterationNum=203	[MsgId: MMSG-17999]
   USER 203 = user78:pwd78	[MsgId: MMSG-17999]
    2023-06-17 21:12:29.899 : Start page is opened	[MsgId: MMSG-17999]
    2023-06-17 21:12:35.767 : User is logged in with session 136656.002349129HAcQctDpVcAiDDDDtcVHfptfiHcf	[MsgId: MMSG-17999]
    2023-06-17 21:12:39.678 : User is logged out of session	[MsgId: MMSG-17999]
  2023-06-17 21:14:35.814 : IterationNum=204	[MsgId: MMSG-17999]
   USER 204 = user78:pwd78	[MsgId: MMSG-17999]
    2023-06-17 21:14:35.908 : Start page is opened	[MsgId: MMSG-17999]
    2023-06-17 21:14:41.374 : User is logged in with session 136656.012555691HAcQctDpztfiDDDDtcVHfptzViHf	[MsgId: MMSG-17999]
    2023-06-17 21:14:47.526 : User is logged out of session	[MsgId: MMSG-17999]
  2023-06-17 21:16:41.821 : IterationNum=205	[MsgId: MMSG-17999]
   USER 205 = user78:pwd78	[MsgId: MMSG-17999]
    2023-06-17 21:16:41.915 : Start page is opened	[MsgId: MMSG-17999]
    2023-06-17 21:16:47.183 : User is logged in with session 136656.022762252HAcQcttpVHAiDDDDtcVHfptzfAcf	[MsgId: MMSG-17999]
    2023-06-17 21:16:52.374 : User is logged out of session	[MsgId: MMSG-17999]
  2023-06-17 21:18:47.827 : IterationNum=206	[MsgId: MMSG-17999]
   USER 206 = user78:pwd78	[MsgId: MMSG-17999]
    2023-06-17 21:18:47.922 : Start page is opened	[MsgId: MMSG-17999]
    2023-06-17 21:18:52.942 : User is logged in with session 136656.032968813HAcQcttpzQfiDDDDtcVHfptziVHf	[MsgId: MMSG-17999]
    2023-06-17 21:18:57.520 : User is logged out of session	[MsgId: MMSG-17999]
  2023-06-17 21:20:53.826 : IterationNum=207	[MsgId: MMSG-17999]
   USER 207 = user78:pwd78	[MsgId: MMSG-17999]
    2023-06-17 21:20:53.920 : Start page is opened	[MsgId: MMSG-17999]
    2023-06-17 21:20:58.951 : User is logged in with session 136656.043175375HAcQctfpccAiDDDDtcVHfptHVDcf	[MsgId: MMSG-17999]
    2023-06-17 21:21:03.719 : User is logged out of session	[MsgId: MMSG-17999]
  2023-06-17 21:22:59.832 : IterationNum=208	[MsgId: MMSG-17999]
   USER 208 = user78:pwd78	[MsgId: MMSG-17999]
    2023-06-17 21:22:59.926 : Start page is opened	[MsgId: MMSG-17999]
    2023-06-17 21:23:04.738 : User is logged in with session 136656.053381936HAcQctfpHtfiDDDDtcVHfptHttHf	[MsgId: MMSG-17999]
    2023-06-17 21:23:09.841 : User is logged out of session	[MsgId: MMSG-17999]
  2023-06-17 21:25:05.843 : IterationNum=209	[MsgId: MMSG-17999]
   USER 209 = user78:pwd78	[MsgId: MMSG-17999]
    2023-06-17 21:25:05.939 : Start page is opened	[MsgId: MMSG-17999]
    2023-06-17 21:25:11.861 : User is logged in with session 136656.063588497HAcQctzpcHAiDDDDtcVHfptHHzcf	[MsgId: MMSG-17999]
    2023-06-17 21:25:16.062 : User is logged out of session	[MsgId: MMSG-17999]
  2023-06-17 21:27:11.857 : IterationNum=210	[MsgId: MMSG-17999]
   USER 210 = user78:pwd78	[MsgId: MMSG-17999]
    2023-06-17 21:27:11.951 : Start page is opened	[MsgId: MMSG-17999]
    2023-06-17 21:27:18.236 : User is logged in with session 136656.073795059HAcQctzpHQfiDDDDtcVHfptiAHHf	[MsgId: MMSG-17999]
    2023-06-17 21:27:23.771 : User is logged out of session	[MsgId: MMSG-17999]
  2023-06-17 21:29:17.856 : IterationNum=211	[MsgId: MMSG-17999]
   USER 211 = user78:pwd78	[MsgId: MMSG-17999]
    2023-06-17 21:29:17.951 : Start page is opened	[MsgId: MMSG-17999]
    2023-06-17 21:29:24.244 : User is logged in with session 136656.08400162HAcQctHpDcAiDDDDtcVHfptiDQcf	[MsgId: MMSG-17999]
    2023-06-17 21:29:30.455 : User is logged out of session	[MsgId: MMSG-17999]
  2023-06-17 21:31:23.871 : IterationNum=212	[MsgId: MMSG-17999]
   USER 212 = user78:pwd78	[MsgId: MMSG-17999]
    2023-06-17 21:31:23.966 : Start page is opened	[MsgId: MMSG-17999]
    2023-06-17 21:31:27.975 : User is logged in with session 136656.094208181HAcQctHpitfiDDDDtcVHfptiHAHf	[MsgId: MMSG-17999]
    2023-06-17 21:31:32.608 : User is logged out of session	[MsgId: MMSG-17999]
  2023-06-17 21:33:29.886 : IterationNum=213	[MsgId: MMSG-17999]
   USER 213 = user78:pwd78	[MsgId: MMSG-17999]
    2023-06-17 21:33:29.981 : Start page is opened	[MsgId: MMSG-17999]
    2023-06-17 21:33:35.441 : User is logged in with session 136656.104414743HAcQctipDHAiDDDDtcVHfptQAccf	[MsgId: MMSG-17999]
    2023-06-17 21:33:40.294 : User is logged out of session	[MsgId: MMSG-17999]
  2023-06-17 21:35:35.902 : IterationNum=214	[MsgId: MMSG-17999]
   USER 214 = user78:pwd78	[MsgId: MMSG-17999]
    2023-06-17 21:35:35.997 : Start page is opened	[MsgId: MMSG-17999]
    2023-06-17 21:35:41.711 : User is logged in with session 136656.114621304HAcQctipiQfiDDDDtcVHfptQDDHf	[MsgId: MMSG-17999]
    2023-06-17 21:35:45.632 : User is logged out of session	[MsgId: MMSG-17999]
  2023-06-17 21:37:41.904 : IterationNum=215	[MsgId: MMSG-17999]
   USER 215 = user78:pwd78	[MsgId: MMSG-17999]
    2023-06-17 21:37:41.999 : Start page is opened	[MsgId: MMSG-17999]
    2023-06-17 21:37:46.460 : User is logged in with session 136656.124827866HAcQctQptcAiDDDDtcVHfptQzfcf	[MsgId: MMSG-17999]
    2023-06-17 21:37:51.780 : User is logged out of session	[MsgId: MMSG-17999]
  2023-06-17 21:39:47.913 : IterationNum=216	[MsgId: MMSG-17999]
   USER 216 = user78:pwd78	[MsgId: MMSG-17999]
    2023-06-17 21:39:48.007 : Start page is opened	[MsgId: MMSG-17999]
    2023-06-17 21:39:52.350 : User is logged in with session 136656.135034427HAcQctQpQtfiDDDDtcVHfptQQzHf	[MsgId: MMSG-17999]
    2023-06-17 21:39:57.123 : User is logged out of session	[MsgId: MMSG-17999]
  2023-06-17 21:41:53.929 : IterationNum=217	[MsgId: MMSG-17999]
   USER 217 = user78:pwd78	[MsgId: MMSG-17999]
    2023-06-17 21:41:54.023 : Start page is opened	[MsgId: MMSG-17999]
    2023-06-17 21:41:57.999 : User is logged in with session 136656.145240988HAcQcfAptHAiDDDDtcVHfpfAcicf	[MsgId: MMSG-17999]
    2023-06-17 21:42:02.341 : User is logged out of session	[MsgId: MMSG-17999]
  2023-06-17 21:43:59.937 : IterationNum=218	[MsgId: MMSG-17999]
   USER 218 = user78:pwd78	[MsgId: MMSG-17999]
    2023-06-17 21:44:00.033 : Start page is opened	[MsgId: MMSG-17999]
    2023-06-17 21:44:05.763 : User is logged in with session 136656.15544755HAcQcfApQQfiDDDDtcVHfpfAfQHf	[MsgId: MMSG-17999]
    2023-06-17 21:44:09.669 : User is logged out of session	[MsgId: MMSG-17999]
  2023-06-17 21:46:05.938 : IterationNum=219	[MsgId: MMSG-17999]
   USER 219 = user78:pwd78	[MsgId: MMSG-17999]
    2023-06-17 21:46:06.032 : Start page is opened	[MsgId: MMSG-17999]
    2023-06-17 21:46:10.728 : User is logged in with session 136656.165654111HAcQcfVpfcAiDDDDtcVHfpfAQVcf	[MsgId: MMSG-17999]
    2023-06-17 21:46:16.791 : User is logged out of session	[MsgId: MMSG-17999]
  2023-06-17 21:48:11.949 : IterationNum=220	[MsgId: MMSG-17999]
   USER 220 = user78:pwd78	[MsgId: MMSG-17999]
    2023-06-17 21:48:12.043 : Start page is opened	[MsgId: MMSG-17999]
    2023-06-17 21:48:16.333 : User is logged in with session 136656.175860672HAcQcfcpAtfiDDDDtcVHfpfVccHf	[MsgId: MMSG-17999]
    2023-06-17 21:48:21.778 : User is logged out of session	[MsgId: MMSG-17999]
  2023-06-17 21:50:17.951 : IterationNum=221	[MsgId: MMSG-17999]
   USER 221 = user78:pwd78	[MsgId: MMSG-17999]
    2023-06-17 21:50:18.045 : Start page is opened	[MsgId: MMSG-17999]
    2023-06-17 21:50:23.304 : User is logged in with session 136656.186067234HAcQcfcpfHAiDDDDtcVHfpfVftcf	[MsgId: MMSG-17999]
    2023-06-17 21:50:28.500 : User is logged out of session	[MsgId: MMSG-17999]
  2023-06-17 21:52:23.958 : IterationNum=222	[MsgId: MMSG-17999]
   USER 222 = user78:pwd78	[MsgId: MMSG-17999]
    2023-06-17 21:52:24.052 : Start page is opened	[MsgId: MMSG-17999]
    2023-06-17 21:52:28.544 : User is logged in with session 136656.196273795HAcQcfDpAQfiDDDDtcVHfpfVifHf	[MsgId: MMSG-17999]
    2023-06-17 21:52:33.185 : User is logged out of session	[MsgId: MMSG-17999]
  2023-06-17 21:54:29.968 : IterationNum=223	[MsgId: MMSG-17999]
   USER 223 = user78:pwd78	[MsgId: MMSG-17999]
    2023-06-17 21:54:30.063 : Start page is opened	[MsgId: MMSG-17999]
    2023-06-17 21:54:35.967 : User is logged in with session 136656.206480356HAcQcfDpzcAiDDDDtcVHfpfcVHcf	[MsgId: MMSG-17999]
    2023-06-17 21:54:41.073 : User is logged out of session	[MsgId: MMSG-17999]
  2023-06-17 21:56:35.972 : IterationNum=224	[MsgId: MMSG-17999]
   USER 224 = user78:pwd78	[MsgId: MMSG-17999]
    2023-06-17 21:56:36.066 : Start page is opened	[MsgId: MMSG-17999]
    2023-06-17 21:56:41.288 : User is logged in with session 136656.216767922HAcQcftpVftcVHfpfctQ	[MsgId: MMSG-17999]
    2023-06-17 21:56:47.195 : User is logged out of session	[MsgId: MMSG-17999]
  2023-06-17 21:58:41.983 : IterationNum=225	[MsgId: MMSG-17999]
   USER 225 = user78:pwd78	[MsgId: MMSG-17999]
    2023-06-17 21:58:42.077 : Start page is opened	[MsgId: MMSG-17999]
    2023-06-17 21:58:48.344 : User is logged in with session 136656.226974484HAcQcftpzHftcVHfpfciAf	[MsgId: MMSG-17999]
    2023-06-17 21:58:52.934 : User is logged out of session	[MsgId: MMSG-17999]
  2023-06-17 22:00:47.987 : IterationNum=226	[MsgId: MMSG-17999]
   USER 226 = user78:pwd78	[MsgId: MMSG-17999]
    2023-06-17 22:00:48.081 : Start page is opened	[MsgId: MMSG-17999]
    2023-06-17 22:00:53.535 : User is logged in with session 136656.237181045HAcQcffpctcVHfpfDVc	[MsgId: MMSG-17999]
    2023-06-17 22:00:57.670 : User is logged out of session	[MsgId: MMSG-17999]
  2023-06-17 22:02:53.998 : IterationNum=227	[MsgId: MMSG-17999]
   USER 227 = user78:pwd78	[MsgId: MMSG-17999]
    2023-06-17 22:02:54.094 : Start page is opened	[MsgId: MMSG-17999]
    2023-06-17 22:02:59.904 : User is logged in with session 136656.247387606HAcQcffpHcftcVHfpfDtDf	[MsgId: MMSG-17999]
    2023-06-17 22:03:04.025 : User is logged out of session	[MsgId: MMSG-17999]
  2023-06-17 22:05:00.009 : IterationNum=228	[MsgId: MMSG-17999]
   USER 228 = user78:pwd78	[MsgId: MMSG-17999]
    2023-06-17 22:05:00.103 : Start page is opened	[MsgId: MMSG-17999]
    2023-06-17 22:05:06.069 : User is logged in with session 136656.257594168HAcQcfzpcftcVHfpfDHf	[MsgId: MMSG-17999]
    2023-06-17 22:05:11.972 : User is logged out of session	[MsgId: MMSG-17999]
  2023-06-17 22:07:06.010 : IterationNum=229	[MsgId: MMSG-17999]
   USER 229 = user78:pwd78	[MsgId: MMSG-17999]
    2023-06-17 22:07:06.104 : Start page is opened	[MsgId: MMSG-17999]
    2023-06-17 22:07:11.743 : User is logged in with session 136656.267800729HAcQcfzpHHftcVHfpftAzf	[MsgId: MMSG-17999]
    2023-06-17 22:07:16.046 : User is logged out of session	[MsgId: MMSG-17999]
  2023-06-17 22:09:12.015 : IterationNum=230	[MsgId: MMSG-17999]
   USER 230 = user78:pwd78	[MsgId: MMSG-17999]
    2023-06-17 22:09:12.108 : Start page is opened	[MsgId: MMSG-17999]
    2023-06-17 22:09:17.539 : User is logged in with session 136656.27800729HAcQcfHpDtcVHfpftDi	[MsgId: MMSG-17999]
    2023-06-17 22:09:22.279 : User is logged out of session	[MsgId: MMSG-17999]
  2023-06-17 22:11:18.021 : IterationNum=231	[MsgId: MMSG-17999]
   USER 231 = user78:pwd78	[MsgId: MMSG-17999]
    2023-06-17 22:11:18.117 : Start page is opened	[MsgId: MMSG-17999]
    2023-06-17 22:11:24.371 : User is logged in with session 136656.288213852HAcQcfHpicftcVHfpftzQf	[MsgId: MMSG-17999]
    2023-06-17 22:11:29.015 : User is logged out of session	[MsgId: MMSG-17999]
  2023-06-17 22:13:24.034 : IterationNum=232	[MsgId: MMSG-17999]
   USER 232 = user78:pwd78	[MsgId: MMSG-17999]
    2023-06-17 22:13:24.128 : Start page is opened	[MsgId: MMSG-17999]
    2023-06-17 22:13:29.216 : User is logged in with session 136656.298420413HAcQcfipDftcVHfpffAV	[MsgId: MMSG-17999]
    2023-06-17 22:13:34.970 : User is logged out of session	[MsgId: MMSG-17999]
  2023-06-17 22:15:30.045 : IterationNum=233	[MsgId: MMSG-17999]
   USER 233 = user78:pwd78	[MsgId: MMSG-17999]
    2023-06-17 22:15:30.139 : Start page is opened	[MsgId: MMSG-17999]
    2023-06-17 22:15:35.547 : User is logged in with session 136656.308626975HAcQcfipiHftcVHfpffDcf	[MsgId: MMSG-17999]
    2023-06-17 22:15:41.921 : User is logged out of session	[MsgId: MMSG-17999]
  2023-06-17 22:17:36.059 : IterationNum=234	[MsgId: MMSG-17999]
   USER 234 = user78:pwd78	[MsgId: MMSG-17999]
    2023-06-17 22:17:36.153 : Start page is opened	[MsgId: MMSG-17999]
    2023-06-17 22:17:41.909 : User is logged in with session 136656.318833536HAcQcfQpttcVHfpffzt	[MsgId: MMSG-17999]
    2023-06-17 22:17:47.237 : User is logged out of session	[MsgId: MMSG-17999]
  2023-06-17 22:19:42.060 : IterationNum=235	[MsgId: MMSG-17999]
   USER 235 = user78:pwd78	[MsgId: MMSG-17999]
    2023-06-17 22:19:42.154 : Start page is opened	[MsgId: MMSG-17999]
    2023-06-17 22:19:46.931 : User is logged in with session 136656.329040097HAcQcfQpQcftcVHfpffQff	[MsgId: MMSG-17999]
    2023-06-17 22:19:51.275 : User is logged out of session	[MsgId: MMSG-17999]
  2023-06-17 22:21:48.070 : IterationNum=236	[MsgId: MMSG-17999]
   USER 236 = user78:pwd78	[MsgId: MMSG-17999]
    2023-06-17 22:21:48.164 : Start page is opened	[MsgId: MMSG-17999]
    2023-06-17 22:21:53.713 : User is logged in with session 136656.339246659HAcQczAptftcVHfpfzcH	[MsgId: MMSG-17999]
    2023-06-17 22:21:59.336 : User is logged out of session	[MsgId: MMSG-17999]
