  2023-06-17 14:09:06.395 : IterationNum=1	[MsgId: MMSG-17999]
   USER 1 = user83:pwd83	[MsgId: MMSG-17999]
    2023-06-17 14:09:06.479 : Start page is opened	[MsgId: MMSG-17999]
    2023-06-17 14:09:10.995 : User is logged in with session 136653.944592953HAcQVDHpcHftcVHtpicDzf	[MsgId: MMSG-17999]
    2023-06-17 14:09:15.440 : User is logged out of session	[MsgId: MMSG-17999]
  2023-06-17 14:11:12.403 : IterationNum=2	[MsgId: MMSG-17999]
   USER 2 = user83:pwd83	[MsgId: MMSG-17999]
    2023-06-17 14:11:12.497 : Start page is opened	[MsgId: MMSG-17999]
    2023-06-17 14:11:17.833 : User is logged in with session 136653.954799514HAcQVDHpitcVHtpiczi	[MsgId: MMSG-17999]
    2023-06-17 14:11:24.219 : User is logged out of session	[MsgId: MMSG-17999]
  2023-06-17 14:13:18.414 : IterationNum=3	[MsgId: MMSG-17999]
   USER 3 = user83:pwd83	[MsgId: MMSG-17999]
    2023-06-17 14:13:18.508 : Start page is opened	[MsgId: MMSG-17999]
    2023-06-17 14:13:24.833 : User is logged in with session 136653.965006075HAcQVDipDcftcVHtpicQQf	[MsgId: MMSG-17999]
    2023-06-17 14:13:30.542 : User is logged out of session	[MsgId: MMSG-17999]
  2023-06-17 14:15:24.424 : IterationNum=4	[MsgId: MMSG-17999]
   USER 4 = user83:pwd83	[MsgId: MMSG-17999]
    2023-06-17 14:15:24.517 : Start page is opened	[MsgId: MMSG-17999]
    2023-06-17 14:15:30.361 : User is logged in with session 136653.975212637HAcQVDipiftcVHtpiDDV	[MsgId: MMSG-17999]
    2023-06-17 14:15:34.934 : User is logged out of session	[MsgId: MMSG-17999]
  2023-06-17 14:17:30.427 : IterationNum=5	[MsgId: MMSG-17999]
   USER 5 = user83:pwd83	[MsgId: MMSG-17999]
    2023-06-17 14:17:30.521 : Start page is opened	[MsgId: MMSG-17999]
    2023-06-17 14:17:36.594 : User is logged in with session 136653.985419198HAcQVDQpDHftcVHtpiDzcf	[MsgId: MMSG-17999]
    2023-06-17 14:17:41.835 : User is logged out of session	[MsgId: MMSG-17999]
  2023-06-17 14:19:36.437 : IterationNum=6	[MsgId: MMSG-17999]
   USER 6 = user83:pwd83	[MsgId: MMSG-17999]
    2023-06-17 14:19:36.531 : Start page is opened	[MsgId: MMSG-17999]
    2023-06-17 14:19:42.484 : User is logged in with session 136653.995625759HAcQVDQpQtcVHtpiDQt	[MsgId: MMSG-17999]
    2023-06-17 14:19:46.887 : User is logged out of session	[MsgId: MMSG-17999]
  2023-06-17 14:21:42.453 : IterationNum=7	[MsgId: MMSG-17999]
   USER 7 = user83:pwd83	[MsgId: MMSG-17999]
    2023-06-17 14:21:42.547 : Start page is opened	[MsgId: MMSG-17999]
    2023-06-17 14:21:48.188 : User is logged in with session 136654.005832321HAcQVtAptcftcVHtpitcff	[MsgId: MMSG-17999]
    2023-06-17 14:21:54.166 : User is logged out of session	[MsgId: MMSG-17999]
  2023-06-17 14:23:48.461 : IterationNum=8	[MsgId: MMSG-17999]
   USER 8 = user83:pwd83	[MsgId: MMSG-17999]
    2023-06-17 14:23:48.555 : Start page is opened	[MsgId: MMSG-17999]
    2023-06-17 14:23:54.824 : User is logged in with session 136654.016038882HAcQVtApQftcVHtpitfH	[MsgId: MMSG-17999]
    2023-06-17 14:23:59.934 : User is logged out of session	[MsgId: MMSG-17999]
  2023-06-17 14:25:54.465 : IterationNum=9	[MsgId: MMSG-17999]
   USER 9 = user83:pwd83	[MsgId: MMSG-17999]
    2023-06-17 14:25:54.559 : Start page is opened	[MsgId: MMSG-17999]
    2023-06-17 14:25:58.737 : User is logged in with session 136654.026245444HAcQVtVptHftcVHtpitiif	[MsgId: MMSG-17999]
    2023-06-17 14:26:02.934 : User is logged out of session	[MsgId: MMSG-17999]
  2023-06-17 14:28:00.479 : IterationNum=10	[MsgId: MMSG-17999]
   USER 10 = user83:pwd83	[MsgId: MMSG-17999]
    2023-06-17 14:28:00.572 : Start page is opened	[MsgId: MMSG-17999]
    2023-06-17 14:28:05.859 : User is logged in with session 136654.036452005HAcQVtctcVHtpifc	[MsgId: MMSG-17999]
    2023-06-17 14:28:11.324 : User is logged out of session	[MsgId: MMSG-17999]
  2023-06-17 14:30:06.491 : IterationNum=11	[MsgId: MMSG-17999]
   USER 11 = user83:pwd83	[MsgId: MMSG-17999]
    2023-06-17 14:30:06.584 : Start page is opened	[MsgId: MMSG-17999]
    2023-06-17 14:30:12.844 : User is logged in with session 136654.046658566HAcQVtcpfcftcVHtpiffVf	[MsgId: MMSG-17999]
    2023-06-17 14:30:17.719 : User is logged out of session	[MsgId: MMSG-17999]
  2023-06-17 14:32:12.497 : IterationNum=12	[MsgId: MMSG-17999]
   USER 12 = user83:pwd83	[MsgId: MMSG-17999]
    2023-06-17 14:32:12.591 : Start page is opened	[MsgId: MMSG-17999]
    2023-06-17 14:32:18.748 : User is logged in with session 136654.056865128HAcQVtDpAftcVHtpifiD	[MsgId: MMSG-17999]
    2023-06-17 14:32:25.012 : User is logged out of session	[MsgId: MMSG-17999]
  2023-06-17 14:34:18.507 : IterationNum=13	[MsgId: MMSG-17999]
   USER 13 = user83:pwd83	[MsgId: MMSG-17999]
    2023-06-17 14:34:18.602 : Start page is opened	[MsgId: MMSG-17999]
    2023-06-17 14:34:22.984 : User is logged in with session 136654.067071689HAcQVtDpfHftcVHtpizVtf	[MsgId: MMSG-17999]
    2023-06-17 14:34:28.969 : User is logged out of session	[MsgId: MMSG-17999]
  2023-06-17 14:36:24.521 : IterationNum=14	[MsgId: MMSG-17999]
   USER 14 = user83:pwd83	[MsgId: MMSG-17999]
    2023-06-17 14:36:24.616 : Start page is opened	[MsgId: MMSG-17999]
    2023-06-17 14:36:29.681 : User is logged in with session 136654.07727825HAcQVttpVtcVHtpiztz	[MsgId: MMSG-17999]
    2023-06-17 14:36:34.104 : User is logged out of session	[MsgId: MMSG-17999]
  2023-06-17 14:38:30.536 : IterationNum=15	[MsgId: MMSG-17999]
   USER 15 = user83:pwd83	[MsgId: MMSG-17999]
    2023-06-17 14:38:30.631 : Start page is opened	[MsgId: MMSG-17999]
    2023-06-17 14:38:36.757 : User is logged in with session 136654.087484812HAcQVttpzcftcVHtpizHHf	[MsgId: MMSG-17999]
    2023-06-17 14:38:41.370 : User is logged out of session	[MsgId: MMSG-17999]
  2023-06-17 14:40:36.540 : IterationNum=16	[MsgId: MMSG-17999]
   USER 16 = user83:pwd83	[MsgId: MMSG-17999]
    2023-06-17 14:40:36.634 : Start page is opened	[MsgId: MMSG-17999]
    2023-06-17 14:40:41.811 : User is logged in with session 136654.097691373HAcQVtfpVftcVHtpiHAQ	[MsgId: MMSG-17999]
    2023-06-17 14:40:46.758 : User is logged out of session	[MsgId: MMSG-17999]
  2023-06-17 14:42:42.553 : IterationNum=17	[MsgId: MMSG-17999]
   USER 17 = user83:pwd83	[MsgId: MMSG-17999]
    2023-06-17 14:42:42.648 : Start page is opened	[MsgId: MMSG-17999]
    2023-06-17 14:42:48.382 : User is logged in with session 136654.107897934HAcQVtfpzHftcVHtpiHtAf	[MsgId: MMSG-17999]
    2023-06-17 14:42:54.360 : User is logged out of session	[MsgId: MMSG-17999]
  2023-06-17 14:44:48.559 : IterationNum=18	[MsgId: MMSG-17999]
   USER 18 = user83:pwd83	[MsgId: MMSG-17999]
    2023-06-17 14:44:48.655 : Start page is opened	[MsgId: MMSG-17999]
    2023-06-17 14:44:53.810 : User is logged in with session 136654.118104496HAcQVtzpctcVHtpiHHc	[MsgId: MMSG-17999]
    2023-06-17 14:44:57.954 : User is logged out of session	[MsgId: MMSG-17999]
  2023-06-17 14:46:54.560 : IterationNum=19	[MsgId: MMSG-17999]
   USER 19 = user83:pwd83	[MsgId: MMSG-17999]
    2023-06-17 14:46:54.654 : Start page is opened	[MsgId: MMSG-17999]
    2023-06-17 14:46:59.240 : User is logged in with session 136654.128311057HAcQVtzpHcftcVHtpiiADf	[MsgId: MMSG-17999]
    2023-06-17 14:47:04.613 : User is logged out of session	[MsgId: MMSG-17999]
  2023-06-17 14:49:00.568 : IterationNum=20	[MsgId: MMSG-17999]
   USER 20 = user83:pwd83	[MsgId: MMSG-17999]
    2023-06-17 14:49:00.661 : Start page is opened	[MsgId: MMSG-17999]
    2023-06-17 14:49:04.996 : User is logged in with session 136654.138517618HAcQVtHpcftcVHtpiiDf	[MsgId: MMSG-17999]
    2023-06-17 14:49:09.690 : User is logged out of session	[MsgId: MMSG-17999]
  2023-06-17 14:51:06.578 : IterationNum=21	[MsgId: MMSG-17999]
   USER 21 = user83:pwd83	[MsgId: MMSG-17999]
    2023-06-17 14:51:06.672 : Start page is opened	[MsgId: MMSG-17999]
    2023-06-17 14:51:12.400 : User is logged in with session 136654.14872418HAcQVtHpHHftcVHtpiizzf	[MsgId: MMSG-17999]
    2023-06-17 14:51:18.752 : User is logged out of session	[MsgId: MMSG-17999]
  2023-06-17 14:53:12.587 : IterationNum=22	[MsgId: MMSG-17999]
   USER 22 = user83:pwd83	[MsgId: MMSG-17999]
    2023-06-17 14:53:12.680 : Start page is opened	[MsgId: MMSG-17999]
    2023-06-17 14:53:17.103 : User is logged in with session 136654.158930741HAcQVtipDtcVHtpiiQi	[MsgId: MMSG-17999]
    2023-06-17 14:53:22.385 : User is logged out of session	[MsgId: MMSG-17999]
  2023-06-17 14:55:18.596 : IterationNum=23	[MsgId: MMSG-17999]
   USER 23 = user83:pwd83	[MsgId: MMSG-17999]
    2023-06-17 14:55:18.690 : Start page is opened	[MsgId: MMSG-17999]
    2023-06-17 14:55:23.295 : User is logged in with session 136654.169137303HAcQVtipicftcVHtpiQcQf	[MsgId: MMSG-17999]
    2023-06-17 14:55:27.985 : User is logged out of session	[MsgId: MMSG-17999]
  2023-06-17 14:57:24.608 : IterationNum=24	[MsgId: MMSG-17999]
   USER 24 = user83:pwd83	[MsgId: MMSG-17999]
    2023-06-17 14:57:24.703 : Start page is opened	[MsgId: MMSG-17999]
    2023-06-17 14:57:30.924 : User is logged in with session 136654.179343864HAcQVtQpDftcVHtpiQzV	[MsgId: MMSG-17999]
    2023-06-17 14:57:35.623 : User is logged out of session	[MsgId: MMSG-17999]
  2023-06-17 14:59:30.613 : IterationNum=25	[MsgId: MMSG-17999]
   USER 25 = user83:pwd83	[MsgId: MMSG-17999]
    2023-06-17 14:59:30.707 : Start page is opened	[MsgId: MMSG-17999]
    2023-06-17 14:59:35.155 : User is logged in with session 136654.189550425HAcQVtQpiHftcVHtpiQQcf	[MsgId: MMSG-17999]
    2023-06-17 14:59:39.886 : User is logged out of session	[MsgId: MMSG-17999]
  2023-06-17 15:01:36.621 : IterationNum=26	[MsgId: MMSG-17999]
   USER 26 = user83:pwd83	[MsgId: MMSG-17999]
    2023-06-17 15:01:36.715 : Start page is opened	[MsgId: MMSG-17999]
    2023-06-17 15:01:42.727 : User is logged in with session 136654.199756987HAcQVfApttcVHtpQAct	[MsgId: MMSG-17999]
    2023-06-17 15:01:47.406 : User is logged out of session	[MsgId: MMSG-17999]
  2023-06-17 15:03:42.628 : IterationNum=27	[MsgId: MMSG-17999]
   USER 27 = user83:pwd83	[MsgId: MMSG-17999]
    2023-06-17 15:03:42.722 : Start page is opened	[MsgId: MMSG-17999]
    2023-06-17 15:03:47.466 : User is logged in with session 136654.209963548HAcQVfApQcftcVHtpQAfff	[MsgId: MMSG-17999]
    2023-06-17 15:03:51.646 : User is logged out of session	[MsgId: MMSG-17999]
  2023-06-17 15:05:48.631 : IterationNum=28	[MsgId: MMSG-17999]
   USER 28 = user83:pwd83	[MsgId: MMSG-17999]
    2023-06-17 15:05:48.725 : Start page is opened	[MsgId: MMSG-17999]
    2023-06-17 15:05:54.497 : User is logged in with session 136654.220170109HAcQVfVptftcVHtpQAiH	[MsgId: MMSG-17999]
    2023-06-17 15:05:59.722 : User is logged out of session	[MsgId: MMSG-17999]
  2023-06-17 15:07:54.637 : IterationNum=29	[MsgId: MMSG-17999]
   USER 29 = user83:pwd83	[MsgId: MMSG-17999]
    2023-06-17 15:07:54.730 : Start page is opened	[MsgId: MMSG-17999]
    2023-06-17 15:07:58.886 : User is logged in with session 136654.230376671HAcQVfVpQHftcVHtpQVVif	[MsgId: MMSG-17999]
    2023-06-17 15:08:03.387 : User is logged out of session	[MsgId: MMSG-17999]
  2023-06-17 15:10:00.641 : IterationNum=30	[MsgId: MMSG-17999]
   USER 30 = user83:pwd83	[MsgId: MMSG-17999]
    2023-06-17 15:10:00.735 : Start page is opened	[MsgId: MMSG-17999]
    2023-06-17 15:10:06.767 : User is logged in with session 136654.240583232HAcQVfcpftcVHtpQVf	[MsgId: MMSG-17999]
    2023-06-17 15:10:10.909 : User is logged out of session	[MsgId: MMSG-17999]
  2023-06-17 15:12:06.641 : IterationNum=31	[MsgId: MMSG-17999]
   USER 31 = user83:pwd83	[MsgId: MMSG-17999]
    2023-06-17 15:12:06.734 : Start page is opened	[MsgId: MMSG-17999]
    2023-06-17 15:12:13.011 : User is logged in with session 136654.250789793HAcQVfDpAcftcVHtpQViVf	[MsgId: MMSG-17999]
    2023-06-17 15:12:18.709 : User is logged out of session	[MsgId: MMSG-17999]
  2023-06-17 15:14:12.652 : IterationNum=32	[MsgId: MMSG-17999]
   USER 32 = user83:pwd83	[MsgId: MMSG-17999]
    2023-06-17 15:14:12.747 : Start page is opened	[MsgId: MMSG-17999]
    2023-06-17 15:14:17.483 : User is logged in with session 136654.260996355HAcQVfDpfftcVHtpQcVD	[MsgId: MMSG-17999]
    2023-06-17 15:14:23.077 : User is logged out of session	[MsgId: MMSG-17999]
  2023-06-17 15:16:18.653 : IterationNum=33	[MsgId: MMSG-17999]
   USER 33 = user83:pwd83	[MsgId: MMSG-17999]
    2023-06-17 15:16:18.745 : Start page is opened	[MsgId: MMSG-17999]
    2023-06-17 15:16:23.509 : User is logged in with session 136654.271202916HAcQVftpAHftcVHtpQcttf	[MsgId: MMSG-17999]
    2023-06-17 15:16:28.378 : User is logged out of session	[MsgId: MMSG-17999]
  2023-06-17 15:18:24.664 : IterationNum=34	[MsgId: MMSG-17999]
   USER 34 = user83:pwd83	[MsgId: MMSG-17999]
    2023-06-17 15:18:24.759 : Start page is opened	[MsgId: MMSG-17999]
    2023-06-17 15:18:31.078 : User is logged in with session 136654.281409478HAcQVftpztcVHtpQcHz	[MsgId: MMSG-17999]
    2023-06-17 15:18:35.780 : User is logged out of session	[MsgId: MMSG-17999]
  2023-06-17 15:20:30.671 : IterationNum=35	[MsgId: MMSG-17999]
   USER 35 = user83:pwd83	[MsgId: MMSG-17999]
    2023-06-17 15:20:30.765 : Start page is opened	[MsgId: MMSG-17999]
    2023-06-17 15:20:36.780 : User is logged in with session 136654.291616039HAcQVffpVcftcVHtpQDAHf	[MsgId: MMSG-17999]
    2023-06-17 15:20:42.433 : User is logged out of session	[MsgId: MMSG-17999]
  2023-06-17 15:22:36.681 : IterationNum=36	[MsgId: MMSG-17999]
   USER 36 = user83:pwd83	[MsgId: MMSG-17999]
    2023-06-17 15:22:36.775 : Start page is opened	[MsgId: MMSG-17999]
    2023-06-17 15:22:41.160 : User is logged in with session 136654.3018226HAcQVffpzftcVHtpQDDQ	[MsgId: MMSG-17999]
    2023-06-17 15:22:46.472 : User is logged out of session	[MsgId: MMSG-17999]
  2023-06-17 15:24:42.687 : IterationNum=37	[MsgId: MMSG-17999]
   USER 37 = user83:pwd83	[MsgId: MMSG-17999]
    2023-06-17 15:24:42.781 : Start page is opened	[MsgId: MMSG-17999]
    2023-06-17 15:24:46.787 : User is logged in with session 136654.312029162HAcQVfzpVHftcVHtpQDHAf	[MsgId: MMSG-17999]
    2023-06-17 15:24:52.412 : User is logged out of session	[MsgId: MMSG-17999]
  2023-06-17 15:26:48.694 : IterationNum=38	[MsgId: MMSG-17999]
   USER 38 = user83:pwd83	[MsgId: MMSG-17999]
    2023-06-17 15:26:48.788 : Start page is opened	[MsgId: MMSG-17999]
    2023-06-17 15:26:54.876 : User is logged in with session 136654.322235723HAcQVfzpHtcVHtpQtAc	[MsgId: MMSG-17999]
    2023-06-17 15:26:59.546 : User is logged out of session	[MsgId: MMSG-17999]
  2023-06-17 15:28:54.704 : IterationNum=39	[MsgId: MMSG-17999]
   USER 39 = user83:pwd83	[MsgId: MMSG-17999]
    2023-06-17 15:28:54.799 : Start page is opened	[MsgId: MMSG-17999]
    2023-06-17 15:28:58.723 : User is logged in with session 136654.332442284HAcQVfHpccftcVHtpQtDDf	[MsgId: MMSG-17999]
    2023-06-17 15:29:04.606 : User is logged out of session	[MsgId: MMSG-17999]
  2023-06-17 15:31:00.710 : IterationNum=40	[MsgId: MMSG-17999]
   USER 40 = user83:pwd83	[MsgId: MMSG-17999]
    2023-06-17 15:31:00.804 : Start page is opened	[MsgId: MMSG-17999]
    2023-06-17 15:31:05.141 : User is logged in with session 136654.342648846HAcQVfHpHftcVHtpQtzf	[MsgId: MMSG-17999]
    2023-06-17 15:31:10.897 : User is logged out of session	[MsgId: MMSG-17999]
  2023-06-17 15:33:06.717 : IterationNum=41	[MsgId: MMSG-17999]
   USER 41 = user83:pwd83	[MsgId: MMSG-17999]
    2023-06-17 15:33:06.810 : Start page is opened	[MsgId: MMSG-17999]
    2023-06-17 15:33:11.806 : User is logged in with session 136654.352855407HAcQVfipcHftcVHtpQtQzf	[MsgId: MMSG-17999]
    2023-06-17 15:33:17.081 : User is logged out of session	[MsgId: MMSG-17999]
  2023-06-17 15:35:12.724 : IterationNum=42	[MsgId: MMSG-17999]
   USER 42 = user83:pwd83	[MsgId: MMSG-17999]
    2023-06-17 15:35:12.818 : Start page is opened	[MsgId: MMSG-17999]
    2023-06-17 15:35:17.113 : User is logged in with session 136654.363061968HAcQVfipitcVHtpQfci	[MsgId: MMSG-17999]
    2023-06-17 15:35:22.586 : User is logged out of session	[MsgId: MMSG-17999]
  2023-06-17 15:37:18.730 : IterationNum=43	[MsgId: MMSG-17999]
   USER 43 = user83:pwd83	[MsgId: MMSG-17999]
    2023-06-17 15:37:18.824 : Start page is opened	[MsgId: MMSG-17999]
    2023-06-17 15:37:22.755 : User is logged in with session 136654.37326853HAcQVfQpDcftcVHtpQffQf	[MsgId: MMSG-17999]
    2023-06-17 15:37:27.836 : User is logged out of session	[MsgId: MMSG-17999]
  2023-06-17 15:39:24.731 : IterationNum=44	[MsgId: MMSG-17999]
   USER 44 = user83:pwd83	[MsgId: MMSG-17999]
    2023-06-17 15:39:24.824 : Start page is opened	[MsgId: MMSG-17999]
    2023-06-17 15:39:29.347 : User is logged in with session 136654.383475091HAcQVfQpiftcVHtpQfQV	[MsgId: MMSG-17999]
    2023-06-17 15:39:34.476 : User is logged out of session	[MsgId: MMSG-17999]
  2023-06-17 15:41:30.743 : IterationNum=45	[MsgId: MMSG-17999]
   USER 45 = user83:pwd83	[MsgId: MMSG-17999]
    2023-06-17 15:41:30.838 : Start page is opened	[MsgId: MMSG-17999]
    2023-06-17 15:41:36.653 : User is logged in with session 136654.393681652HAcQVzApDHftcVHtpQzccf	[MsgId: MMSG-17999]
    2023-06-17 15:41:42.888 : User is logged out of session	[MsgId: MMSG-17999]
  2023-06-17 15:43:36.755 : IterationNum=46	[MsgId: MMSG-17999]
   USER 46 = user83:pwd83	[MsgId: MMSG-17999]
    2023-06-17 15:43:36.851 : Start page is opened	[MsgId: MMSG-17999]
    2023-06-17 15:43:41.253 : User is logged in with session 136654.403888214HAcQVzApQtcVHtpQzft	[MsgId: MMSG-17999]
    2023-06-17 15:43:45.380 : User is logged out of session	[MsgId: MMSG-17999]
  2023-06-17 15:45:42.759 : IterationNum=47	[MsgId: MMSG-17999]
   USER 47 = user83:pwd83	[MsgId: MMSG-17999]
    2023-06-17 15:45:42.853 : Start page is opened	[MsgId: MMSG-17999]
    2023-06-17 15:45:49.148 : User is logged in with session 136654.414094775HAcQVzVptcftcVHtpQziff	[MsgId: MMSG-17999]
    2023-06-17 15:45:53.704 : User is logged out of session	[MsgId: MMSG-17999]
  2023-06-17 15:47:48.764 : IterationNum=48	[MsgId: MMSG-17999]
   USER 48 = user83:pwd83	[MsgId: MMSG-17999]
    2023-06-17 15:47:48.858 : Start page is opened	[MsgId: MMSG-17999]
    2023-06-17 15:47:53.553 : User is logged in with session 136654.424301337HAcQVzVpQftcVHtpQHVH	[MsgId: MMSG-17999]
    2023-06-17 15:47:58.670 : User is logged out of session	[MsgId: MMSG-17999]
  2023-06-17 15:49:54.772 : IterationNum=49	[MsgId: MMSG-17999]
   USER 49 = user83:pwd83	[MsgId: MMSG-17999]
    2023-06-17 15:49:54.866 : Start page is opened	[MsgId: MMSG-17999]
    2023-06-17 15:50:01.116 : User is logged in with session 136654.434507898HAcQVzcptHftcVHtpQHtif	[MsgId: MMSG-17999]
    2023-06-17 15:50:06.243 : User is logged out of session	[MsgId: MMSG-17999]
  2023-06-17 15:52:00.771 : IterationNum=50	[MsgId: MMSG-17999]
   USER 50 = user83:pwd83	[MsgId: MMSG-17999]
    2023-06-17 15:52:00.866 : Start page is opened	[MsgId: MMSG-17999]
    2023-06-17 15:52:05.234 : User is logged in with session 136654.444714459HAcQVzDtcVHtpQHi	[MsgId: MMSG-17999]
    2023-06-17 15:52:11.100 : User is logged out of session	[MsgId: MMSG-17999]
  2023-06-17 15:54:06.773 : IterationNum=51	[MsgId: MMSG-17999]
   USER 51 = user83:pwd83	[MsgId: MMSG-17999]
    2023-06-17 15:54:06.866 : Start page is opened	[MsgId: MMSG-17999]
    2023-06-17 15:54:11.627 : User is logged in with session 136654.454921021HAcQVzDpfcftcVHtpQiVVf	[MsgId: MMSG-17999]
    2023-06-17 15:54:16.590 : User is logged out of session	[MsgId: MMSG-17999]
  2023-06-17 15:56:12.774 : IterationNum=52	[MsgId: MMSG-17999]
   USER 52 = user83:pwd83	[MsgId: MMSG-17999]
    2023-06-17 15:56:12.867 : Start page is opened	[MsgId: MMSG-17999]
    2023-06-17 15:56:17.842 : User is logged in with session 136654.465127582HAcQVztpAftcVHtpQitD	[MsgId: MMSG-17999]
    2023-06-17 15:56:22.057 : User is logged out of session	[MsgId: MMSG-17999]
  2023-06-17 15:58:18.779 : IterationNum=53	[MsgId: MMSG-17999]
   USER 53 = user83:pwd83	[MsgId: MMSG-17999]
    2023-06-17 15:58:18.872 : Start page is opened	[MsgId: MMSG-17999]
    2023-06-17 15:58:22.821 : User is logged in with session 136654.475334143HAcQVztpfHftcVHtpQiHtf	[MsgId: MMSG-17999]
    2023-06-17 15:58:26.846 : User is logged out of session	[MsgId: MMSG-17999]
  2023-06-17 16:00:24.785 : IterationNum=54	[MsgId: MMSG-17999]
   USER 54 = user83:pwd83	[MsgId: MMSG-17999]
    2023-06-17 16:00:24.879 : Start page is opened	[MsgId: MMSG-17999]
    2023-06-17 16:00:29.800 : User is logged in with session 136654.485540705HAcQVzfpVtcVHtpQQAz	[MsgId: MMSG-17999]
    2023-06-17 16:00:35.330 : User is logged out of session	[MsgId: MMSG-17999]
  2023-06-17 16:02:30.792 : IterationNum=55	[MsgId: MMSG-17999]
   USER 55 = user83:pwd83	[MsgId: MMSG-17999]
    2023-06-17 16:02:30.887 : Start page is opened	[MsgId: MMSG-17999]
    2023-06-17 16:02:35.267 : User is logged in with session 136654.495747266HAcQVzfpzcftcVHtpQQDHf	[MsgId: MMSG-17999]
    2023-06-17 16:02:41.487 : User is logged out of session	[MsgId: MMSG-17999]
  2023-06-17 16:04:36.805 : IterationNum=56	[MsgId: MMSG-17999]
   USER 56 = user83:pwd83	[MsgId: MMSG-17999]
    2023-06-17 16:04:36.899 : Start page is opened	[MsgId: MMSG-17999]
    2023-06-17 16:04:41.778 : User is logged in with session 136654.505953827HAcQVzzpVftcVHtpQQzQ	[MsgId: MMSG-17999]
    2023-06-17 16:04:47.356 : User is logged out of session	[MsgId: MMSG-17999]
  2023-06-17 16:06:42.809 : IterationNum=57	[MsgId: MMSG-17999]
   USER 57 = user83:pwd83	[MsgId: MMSG-17999]
    2023-06-17 16:06:42.902 : Start page is opened	[MsgId: MMSG-17999]
    2023-06-17 16:06:49.168 : User is logged in with session 136654.516160389HAcQVzzpzHftcVHfpAAAAf	[MsgId: MMSG-17999]
    2023-06-17 16:06:54.997 : User is logged out of session	[MsgId: MMSG-17999]
  2023-06-17 16:08:48.822 : IterationNum=58	[MsgId: MMSG-17999]
   USER 58 = user83:pwd83	[MsgId: MMSG-17999]
    2023-06-17 16:08:48.917 : Start page is opened	[MsgId: MMSG-17999]
    2023-06-17 16:08:53.869 : User is logged in with session 136654.52636695HAcQVzHpctcVHfpAADc	[MsgId: MMSG-17999]
    2023-06-17 16:08:59.163 : User is logged out of session	[MsgId: MMSG-17999]
  2023-06-17 16:10:54.833 : IterationNum=59	[MsgId: MMSG-17999]
   USER 59 = user83:pwd83	[MsgId: MMSG-17999]
    2023-06-17 16:10:54.928 : Start page is opened	[MsgId: MMSG-17999]
    2023-06-17 16:11:00.846 : User is logged in with session 136654.536573512HAcQVzHpHcftcVHfpAAzDf	[MsgId: MMSG-17999]
    2023-06-17 16:11:06.750 : User is logged out of session	[MsgId: MMSG-17999]
  2023-06-17 16:13:00.840 : IterationNum=60	[MsgId: MMSG-17999]
   USER 60 = user83:pwd83	[MsgId: MMSG-17999]
    2023-06-17 16:13:00.936 : Start page is opened	[MsgId: MMSG-17999]
    2023-06-17 16:13:06.387 : User is logged in with session 136654.546780073HAcQVzipcftcVHfpAAQf	[MsgId: MMSG-17999]
    2023-06-17 16:13:11.581 : User is logged out of session	[MsgId: MMSG-17999]
  2023-06-17 16:15:06.855 : IterationNum=61	[MsgId: MMSG-17999]
   USER 61 = user83:pwd83	[MsgId: MMSG-17999]
    2023-06-17 16:15:06.949 : Start page is opened	[MsgId: MMSG-17999]
    2023-06-17 16:15:11.466 : User is logged in with session 136654.556986634HAcQVzipHHftcVHfpAVczf	[MsgId: MMSG-17999]
    2023-06-17 16:15:16.033 : User is logged out of session	[MsgId: MMSG-17999]
  2023-06-17 16:17:12.860 : IterationNum=62	[MsgId: MMSG-17999]
   USER 62 = user83:pwd83	[MsgId: MMSG-17999]
    2023-06-17 16:17:12.954 : Start page is opened	[MsgId: MMSG-17999]
    2023-06-17 16:17:19.093 : User is logged in with session 136654.567193196HAcQVzQpDtcVHfpAVfi	[MsgId: MMSG-17999]
    2023-06-17 16:17:23.502 : User is logged out of session	[MsgId: MMSG-17999]
  2023-06-17 16:19:18.873 : IterationNum=63	[MsgId: MMSG-17999]
   USER 63 = user83:pwd83	[MsgId: MMSG-17999]
    2023-06-17 16:19:18.967 : Start page is opened	[MsgId: MMSG-17999]
    2023-06-17 16:19:23.201 : User is logged in with session 136654.577399757HAcQVzQpicftcVHfpAViQf	[MsgId: MMSG-17999]
    2023-06-17 16:19:28.453 : User is logged out of session	[MsgId: MMSG-17999]
  2023-06-17 16:21:24.874 : IterationNum=64	[MsgId: MMSG-17999]
   USER 64 = user83:pwd83	[MsgId: MMSG-17999]
    2023-06-17 16:21:24.969 : Start page is opened	[MsgId: MMSG-17999]
    2023-06-17 16:21:30.109 : User is logged in with session 136654.587606318HAcQVHApDftcVHfpAccV	[MsgId: MMSG-17999]
    2023-06-17 16:21:35.014 : User is logged out of session	[MsgId: MMSG-17999]
  2023-06-17 16:23:30.886 : IterationNum=65	[MsgId: MMSG-17999]
   USER 65 = user83:pwd83	[MsgId: MMSG-17999]
    2023-06-17 16:23:30.981 : Start page is opened	[MsgId: MMSG-17999]
    2023-06-17 16:23:36.153 : User is logged in with session 136654.59781288HAcQVHApiHftcVHfpAcfcf	[MsgId: MMSG-17999]
    2023-06-17 16:23:42.374 : User is logged out of session	[MsgId: MMSG-17999]
  2023-06-17 16:25:36.898 : IterationNum=66	[MsgId: MMSG-17999]
   USER 66 = user83:pwd83	[MsgId: MMSG-17999]
    2023-06-17 16:25:36.993 : Start page is opened	[MsgId: MMSG-17999]
    2023-06-17 16:25:41.632 : User is logged in with session 136654.608019441HAcQVHVpttcVHfpAcit	[MsgId: MMSG-17999]
    2023-06-17 16:25:47.201 : User is logged out of session	[MsgId: MMSG-17999]
  2023-06-17 16:27:42.906 : IterationNum=67	[MsgId: MMSG-17999]
   USER 67 = user83:pwd83	[MsgId: MMSG-17999]
    2023-06-17 16:27:42.998 : Start page is opened	[MsgId: MMSG-17999]
    2023-06-17 16:27:49.319 : User is logged in with session 136654.618226002HAcQVHVpQcftcVHfpADVff	[MsgId: MMSG-17999]
    2023-06-17 16:27:54.047 : User is logged out of session	[MsgId: MMSG-17999]
  2023-06-17 16:29:48.919 : IterationNum=68	[MsgId: MMSG-17999]
   USER 68 = user83:pwd83	[MsgId: MMSG-17999]
    2023-06-17 16:29:49.014 : Start page is opened	[MsgId: MMSG-17999]
    2023-06-17 16:29:53.198 : User is logged in with session 136654.628432564HAcQVHcptftcVHfpADtH	[MsgId: MMSG-17999]
    2023-06-17 16:29:58.433 : User is logged out of session	[MsgId: MMSG-17999]
  2023-06-17 16:31:54.927 : IterationNum=69	[MsgId: MMSG-17999]
   USER 69 = user83:pwd83	[MsgId: MMSG-17999]
    2023-06-17 16:31:55.022 : Start page is opened	[MsgId: MMSG-17999]
    2023-06-17 16:31:59.881 : User is logged in with session 136654.638639125HAcQVHcpQHftcVHfpADHif	[MsgId: MMSG-17999]
    2023-06-17 16:32:03.804 : User is logged out of session	[MsgId: MMSG-17999]
  2023-06-17 16:34:00.935 : IterationNum=70	[MsgId: MMSG-17999]
   USER 70 = user83:pwd83	[MsgId: MMSG-17999]
    2023-06-17 16:34:01.028 : Start page is opened	[MsgId: MMSG-17999]
    2023-06-17 16:34:06.431 : User is logged in with session 136654.648845687HAcQVHDpftcVHfpAtV	[MsgId: MMSG-17999]
    2023-06-17 16:34:11.885 : User is logged out of session	[MsgId: MMSG-17999]
  2023-06-17 16:36:06.936 : IterationNum=71	[MsgId: MMSG-17999]
   USER 71 = user83:pwd83	[MsgId: MMSG-17999]
    2023-06-17 16:36:07.028 : Start page is opened	[MsgId: MMSG-17999]
    2023-06-17 16:36:11.237 : User is logged in with session 136654.659052248HAcQVHtpAcftcVHfpAttVf	[MsgId: MMSG-17999]
    2023-06-17 16:36:16.876 : User is logged out of session	[MsgId: MMSG-17999]
  2023-06-17 16:38:12.937 : IterationNum=72	[MsgId: MMSG-17999]
   USER 72 = user83:pwd83	[MsgId: MMSG-17999]
    2023-06-17 16:38:13.029 : Start page is opened	[MsgId: MMSG-17999]
    2023-06-17 16:38:19.157 : User is logged in with session 136654.669258809HAcQVHtpfftcVHfpAtHD	[MsgId: MMSG-17999]
    2023-06-17 16:38:25.488 : User is logged out of session	[MsgId: MMSG-17999]
  2023-06-17 16:40:18.938 : IterationNum=73	[MsgId: MMSG-17999]
   USER 73 = user83:pwd83	[MsgId: MMSG-17999]
    2023-06-17 16:40:19.031 : Start page is opened	[MsgId: MMSG-17999]
    2023-06-17 16:40:22.952 : User is logged in with session 136654.679465371HAcQVHfpAHftcVHfpAfAtf	[MsgId: MMSG-17999]
    2023-06-17 16:40:28.511 : User is logged out of session	[MsgId: MMSG-17999]
  2023-06-17 16:42:24.939 : IterationNum=74	[MsgId: MMSG-17999]
   USER 74 = user83:pwd83	[MsgId: MMSG-17999]
    2023-06-17 16:42:25.032 : Start page is opened	[MsgId: MMSG-17999]
    2023-06-17 16:42:31.100 : User is logged in with session 136654.689671932HAcQVHfpztcVHfpAfDz	[MsgId: MMSG-17999]
    2023-06-17 16:42:35.863 : User is logged out of session	[MsgId: MMSG-17999]
  2023-06-17 16:44:30.945 : IterationNum=75	[MsgId: MMSG-17999]
   USER 75 = user83:pwd83	[MsgId: MMSG-17999]
    2023-06-17 16:44:31.038 : Start page is opened	[MsgId: MMSG-17999]
    2023-06-17 16:44:35.198 : User is logged in with session 136654.699878493HAcQVHzpVcftcVHfpAfzHf	[MsgId: MMSG-17999]
    2023-06-17 16:44:40.098 : User is logged out of session	[MsgId: MMSG-17999]
  2023-06-17 16:46:36.961 : IterationNum=76	[MsgId: MMSG-17999]
   USER 76 = user83:pwd83	[MsgId: MMSG-17999]
    2023-06-17 16:46:37.055 : Start page is opened	[MsgId: MMSG-17999]
    2023-06-17 16:46:42.999 : User is logged in with session 136654.710085055HAcQVHzpzftcVHfpAfQQ	[MsgId: MMSG-17999]
    2023-06-17 16:46:48.367 : User is logged out of session	[MsgId: MMSG-17999]
  2023-06-17 16:48:42.965 : IterationNum=77	[MsgId: MMSG-17999]
   USER 77 = user83:pwd83	[MsgId: MMSG-17999]
    2023-06-17 16:48:43.060 : Start page is opened	[MsgId: MMSG-17999]
    2023-06-17 16:48:47.818 : User is logged in with session 136654.720291616HAcQVHHpVHftcVHfpAzDAf	[MsgId: MMSG-17999]
    2023-06-17 16:48:53.186 : User is logged out of session	[MsgId: MMSG-17999]
  2023-06-17 16:50:48.981 : IterationNum=78	[MsgId: MMSG-17999]
   USER 78 = user83:pwd83	[MsgId: MMSG-17999]
    2023-06-17 16:50:49.075 : Start page is opened	[MsgId: MMSG-17999]
    2023-06-17 16:50:54.341 : User is logged in with session 136654.730579182HAcQVHHpHAtVzzzHtcVHfpAzzccf	[MsgId: MMSG-17999]
    2023-06-17 16:51:00.679 : User is logged out of session	[MsgId: MMSG-17999]
  2023-06-17 16:52:54.986 : IterationNum=79	[MsgId: MMSG-17999]
   USER 79 = user83:pwd83	[MsgId: MMSG-17999]
    2023-06-17 16:52:55.077 : Start page is opened	[MsgId: MMSG-17999]
    2023-06-17 16:52:59.871 : User is logged in with session 136654.740785743HAcQVHipccQVzzzHtcVHfpAzQDHf	[MsgId: MMSG-17999]
    2023-06-17 16:53:04.153 : User is logged out of session	[MsgId: MMSG-17999]
  2023-06-17 16:55:00.993 : IterationNum=80	[MsgId: MMSG-17999]
   USER 80 = user83:pwd83	[MsgId: MMSG-17999]
    2023-06-17 16:55:01.088 : Start page is opened	[MsgId: MMSG-17999]
    2023-06-17 16:55:07.130 : User is logged in with session 136654.750992305HAcQVHipHftVzzzHtcVHfpAHcfcf	[MsgId: MMSG-17999]
    2023-06-17 16:55:13.199 : User is logged out of session	[MsgId: MMSG-17999]
  2023-06-17 16:57:06.997 : IterationNum=81	[MsgId: MMSG-17999]
   USER 81 = user83:pwd83	[MsgId: MMSG-17999]
    2023-06-17 16:57:07.091 : Start page is opened	[MsgId: MMSG-17999]
    2023-06-17 16:57:11.099 : User is logged in with session 136654.761198866HAcQVHQpcHQVzzzHtcVHfpAHfzHf	[MsgId: MMSG-17999]
    2023-06-17 16:57:17.256 : User is logged out of session	[MsgId: MMSG-17999]
  2023-06-17 16:59:13.005 : IterationNum=82	[MsgId: MMSG-17999]
   USER 82 = user83:pwd83	[MsgId: MMSG-17999]
    2023-06-17 16:59:13.099 : Start page is opened	[MsgId: MMSG-17999]
    2023-06-17 16:59:18.027 : User is logged in with session 136654.771405427HAcQVHQpiAtVzzzHtcVHfpAHiicf	[MsgId: MMSG-17999]
    2023-06-17 16:59:24.254 : User is logged out of session	[MsgId: MMSG-17999]
  2023-06-17 17:01:19.018 : IterationNum=83	[MsgId: MMSG-17999]
   USER 83 = user83:pwd83	[MsgId: MMSG-17999]
    2023-06-17 17:01:19.113 : Start page is opened	[MsgId: MMSG-17999]
    2023-06-17 17:01:23.016 : User is logged in with session 136654.781611989HAcQViApDcQVzzzHtcVHfpAiVQHf	[MsgId: MMSG-17999]
    2023-06-17 17:01:28.844 : User is logged out of session	[MsgId: MMSG-17999]
  2023-06-17 17:03:25.020 : IterationNum=84	[MsgId: MMSG-17999]
   USER 84 = user83:pwd83	[MsgId: MMSG-17999]
    2023-06-17 17:03:25.114 : Start page is opened	[MsgId: MMSG-17999]
    2023-06-17 17:03:29.898 : User is logged in with session 136654.79181855HAcQViApiftVzzzHtcVHfpAifVcf	[MsgId: MMSG-17999]
    2023-06-17 17:03:35.295 : User is logged out of session	[MsgId: MMSG-17999]
  2023-06-17 17:05:31.024 : IterationNum=85	[MsgId: MMSG-17999]
   USER 85 = user83:pwd83	[MsgId: MMSG-17999]
    2023-06-17 17:05:31.118 : Start page is opened	[MsgId: MMSG-17999]
    2023-06-17 17:05:36.715 : User is logged in with session 136654.802025111HAcQViVpDHQVzzzHtcVHfpAiicHf	[MsgId: MMSG-17999]
    2023-06-17 17:05:42.158 : User is logged out of session	[MsgId: MMSG-17999]
  2023-06-17 17:07:37.030 : IterationNum=86	[MsgId: MMSG-17999]
   USER 86 = user83:pwd83	[MsgId: MMSG-17999]
    2023-06-17 17:07:37.122 : Start page is opened	[MsgId: MMSG-17999]
    2023-06-17 17:07:41.890 : User is logged in with session 136654.812231673HAcQViVpQAtVzzzHtcVHfpAQVtcf	[MsgId: MMSG-17999]
    2023-06-17 17:07:47.838 : User is logged out of session	[MsgId: MMSG-17999]
  2023-06-17 17:09:43.033 : IterationNum=87	[MsgId: MMSG-17999]
   USER 87 = user83:pwd83	[MsgId: MMSG-17999]
    2023-06-17 17:09:43.128 : Start page is opened	[MsgId: MMSG-17999]
    2023-06-17 17:09:49.335 : User is logged in with session 136654.822438234HAcQVicptcQVzzzHtcVHfpAQtfHf	[MsgId: MMSG-17999]
    2023-06-17 17:09:53.905 : User is logged out of session	[MsgId: MMSG-17999]
  2023-06-17 17:11:49.044 : IterationNum=88	[MsgId: MMSG-17999]
   USER 88 = user83:pwd83	[MsgId: MMSG-17999]
    2023-06-17 17:11:49.138 : Start page is opened	[MsgId: MMSG-17999]
    2023-06-17 17:11:53.629 : User is logged in with session 136654.832644795HAcQVicpQftVzzzHtcVHfpAQHHcf	[MsgId: MMSG-17999]
    2023-06-17 17:11:58.842 : User is logged out of session	[MsgId: MMSG-17999]
  2023-06-17 17:13:55.048 : IterationNum=89	[MsgId: MMSG-17999]
   USER 89 = user83:pwd83	[MsgId: MMSG-17999]
    2023-06-17 17:13:55.141 : Start page is opened	[MsgId: MMSG-17999]
    2023-06-17 17:13:59.713 : User is logged in with session 136654.842851357HAcQViDptHQVzzzHtcVHfpVAAiHf	[MsgId: MMSG-17999]
    2023-06-17 17:14:04.028 : User is logged out of session	[MsgId: MMSG-17999]
  2023-06-17 17:16:01.052 : IterationNum=90	[MsgId: MMSG-17999]
   USER 90 = user83:pwd83	[MsgId: MMSG-17999]
    2023-06-17 17:16:01.146 : Start page is opened	[MsgId: MMSG-17999]
    2023-06-17 17:16:05.531 : User is logged in with session 136654.853057918HAcQVitpAAtVzzzHtcVHfpVAtAcf	[MsgId: MMSG-17999]
    2023-06-17 17:16:10.900 : User is logged out of session	[MsgId: MMSG-17999]
  2023-06-17 17:18:07.057 : IterationNum=91	[MsgId: MMSG-17999]
   USER 91 = user83:pwd83	[MsgId: MMSG-17999]
    2023-06-17 17:18:07.151 : Start page is opened	[MsgId: MMSG-17999]
    2023-06-17 17:18:11.317 : User is logged in with session 136654.86326448HAcQVitpfcQVzzzHtcVHfpVAHVHf	[MsgId: MMSG-17999]
    2023-06-17 17:18:16.925 : User is logged out of session	[MsgId: MMSG-17999]
  2023-06-17 17:20:13.061 : IterationNum=92	[MsgId: MMSG-17999]
   USER 92 = user83:pwd83	[MsgId: MMSG-17999]
    2023-06-17 17:20:13.155 : Start page is opened	[MsgId: MMSG-17999]
    2023-06-17 17:20:19.052 : User is logged in with session 136654.873471041HAcQVifpAftVzzzHtcVHfpVVADcf	[MsgId: MMSG-17999]
    2023-06-17 17:20:25.379 : User is logged out of session	[MsgId: MMSG-17999]
  2023-06-17 17:22:19.071 : IterationNum=93	[MsgId: MMSG-17999]
   USER 93 = user83:pwd83	[MsgId: MMSG-17999]
    2023-06-17 17:22:19.164 : Start page is opened	[MsgId: MMSG-17999]
    2023-06-17 17:22:24.860 : User is logged in with session 136654.883677602HAcQVifpfHQVzzzHtcVHfpVVDtHf	[MsgId: MMSG-17999]
    2023-06-17 17:22:29.293 : User is logged out of session	[MsgId: MMSG-17999]
  2023-06-17 17:24:25.081 : IterationNum=94	[MsgId: MMSG-17999]
   USER 94 = user83:pwd83	[MsgId: MMSG-17999]
    2023-06-17 17:24:25.176 : Start page is opened	[MsgId: MMSG-17999]
    2023-06-17 17:24:29.499 : User is logged in with session 136654.893884164HAcQVizpVAtVzzzHtcVHfpVVzzcf	[MsgId: MMSG-17999]
    2023-06-17 17:24:35.707 : User is logged out of session	[MsgId: MMSG-17999]
  2023-06-17 17:26:31.084 : IterationNum=95	[MsgId: MMSG-17999]
   USER 95 = user83:pwd83	[MsgId: MMSG-17999]
    2023-06-17 17:26:31.178 : Start page is opened	[MsgId: MMSG-17999]
    2023-06-17 17:26:35.157 : User is logged in with session 136654.904090725HAcQVizpzcQVzzzHtcVHfpVVQHHf	[MsgId: MMSG-17999]
    2023-06-17 17:26:41.464 : User is logged out of session	[MsgId: MMSG-17999]
  2023-06-17 17:28:37.085 : IterationNum=96	[MsgId: MMSG-17999]
   USER 96 = user83:pwd83	[MsgId: MMSG-17999]
    2023-06-17 17:28:37.179 : Start page is opened	[MsgId: MMSG-17999]
    2023-06-17 17:28:42.975 : User is logged in with session 136654.914297286HAcQViHpVftVzzzHtcVHfpVccQcf	[MsgId: MMSG-17999]
    2023-06-17 17:28:46.851 : User is logged out of session	[MsgId: MMSG-17999]
  2023-06-17 17:30:43.089 : IterationNum=97	[MsgId: MMSG-17999]
   USER 97 = user83:pwd83	[MsgId: MMSG-17999]
    2023-06-17 17:30:43.182 : Start page is opened	[MsgId: MMSG-17999]
    2023-06-17 17:30:48.502 : User is logged in with session 136654.924503848HAcQViHpzHQVzzzHtcVHfpVczAHf	[MsgId: MMSG-17999]
    2023-06-17 17:30:53.942 : User is logged out of session	[MsgId: MMSG-17999]
  2023-06-17 17:32:49.093 : IterationNum=98	[MsgId: MMSG-17999]
   USER 98 = user83:pwd83	[MsgId: MMSG-17999]
    2023-06-17 17:32:49.187 : Start page is opened	[MsgId: MMSG-17999]
    2023-06-17 17:32:55.405 : User is logged in with session 136654.934710409HAcQViipcAtVzzzHtcVHfpVcQccf	[MsgId: MMSG-17999]
    2023-06-17 17:32:59.297 : User is logged out of session	[MsgId: MMSG-17999]
  2023-06-17 17:34:55.096 : IterationNum=99	[MsgId: MMSG-17999]
   USER 99 = user83:pwd83	[MsgId: MMSG-17999]
    2023-06-17 17:34:55.191 : Start page is opened	[MsgId: MMSG-17999]
    2023-06-17 17:35:00.733 : User is logged in with session 136654.94491697HAcQViipHcQVzzzHtcVHfpVDcDHf	[MsgId: MMSG-17999]
    2023-06-17 17:35:05.912 : User is logged out of session	[MsgId: MMSG-17999]
  2023-06-17 17:37:01.105 : IterationNum=100	[MsgId: MMSG-17999]
   USER 100 = user83:pwd83	[MsgId: MMSG-17999]
    2023-06-17 17:37:01.199 : Start page is opened	[MsgId: MMSG-17999]
    2023-06-17 17:37:05.783 : User is logged in with session 136654.955123532HAcQViQpcftVzzzHtcVHfpVDffcf	[MsgId: MMSG-17999]
    2023-06-17 17:37:10.372 : User is logged out of session	[MsgId: MMSG-17999]
  2023-06-17 17:39:07.108 : IterationNum=101	[MsgId: MMSG-17999]
   USER 101 = user83:pwd83	[MsgId: MMSG-17999]
    2023-06-17 17:39:07.201 : Start page is opened	[MsgId: MMSG-17999]
    2023-06-17 17:39:12.529 : User is logged in with session 136654.965330093HAcQViQpHHQVzzzHtcVHfpVDizHf	[MsgId: MMSG-17999]
    2023-06-17 17:39:18.294 : User is logged out of session	[MsgId: MMSG-17999]
  2023-06-17 17:41:13.114 : IterationNum=102	[MsgId: MMSG-17999]
   USER 102 = user83:pwd83	[MsgId: MMSG-17999]
    2023-06-17 17:41:13.208 : Start page is opened	[MsgId: MMSG-17999]
    2023-06-17 17:41:17.390 : User is logged in with session 136654.975536655HAcQVQApDAtVzzzHtcVHfpVtVicf	[MsgId: MMSG-17999]
    2023-06-17 17:41:22.524 : User is logged out of session	[MsgId: MMSG-17999]
  2023-06-17 17:43:19.122 : IterationNum=103	[MsgId: MMSG-17999]
   USER 103 = user83:pwd83	[MsgId: MMSG-17999]
    2023-06-17 17:43:19.215 : Start page is opened	[MsgId: MMSG-17999]
    2023-06-17 17:43:23.812 : User is logged in with session 136654.985743216HAcQVQApicQVzzzHtcVHfpVttQHf	[MsgId: MMSG-17999]
    2023-06-17 17:43:30.123 : User is logged out of session	[MsgId: MMSG-17999]
  2023-06-17 17:45:25.130 : IterationNum=104	[MsgId: MMSG-17999]
   USER 104 = user83:pwd83	[MsgId: MMSG-17999]
    2023-06-17 17:45:25.225 : Start page is opened	[MsgId: MMSG-17999]
    2023-06-17 17:45:31.599 : User is logged in with session 136654.995949777HAcQVQVpDftVzzzHtcVHfpVtiVcf	[MsgId: MMSG-17999]
    2023-06-17 17:45:37.587 : User is logged out of session	[MsgId: MMSG-17999]
  2023-06-17 17:47:31.135 : IterationNum=105	[MsgId: MMSG-17999]
   USER 105 = user83:pwd83	[MsgId: MMSG-17999]
    2023-06-17 17:47:31.229 : Start page is opened	[MsgId: MMSG-17999]
    2023-06-17 17:47:35.624 : User is logged in with session 136655.006156339HAcQVQVpiHQVzzzHtcVHfpVfVcHf	[MsgId: MMSG-17999]
    2023-06-17 17:47:40.775 : User is logged out of session	[MsgId: MMSG-17999]
  2023-06-17 17:49:37.142 : IterationNum=106	[MsgId: MMSG-17999]
   USER 106 = user83:pwd83	[MsgId: MMSG-17999]
    2023-06-17 17:49:37.236 : Start page is opened	[MsgId: MMSG-17999]
    2023-06-17 17:49:43.246 : User is logged in with session 136655.0163629HAcQVQcptAtVzzzHtcVHfpVfttcf	[MsgId: MMSG-17999]
    2023-06-17 17:49:47.295 : User is logged out of session	[MsgId: MMSG-17999]
  2023-06-17 17:51:43.148 : IterationNum=107	[MsgId: MMSG-17999]
   USER 107 = user83:pwd83	[MsgId: MMSG-17999]
    2023-06-17 17:51:43.242 : Start page is opened	[MsgId: MMSG-17999]
    2023-06-17 17:51:47.871 : User is logged in with session 136655.026569461HAcQVQcpQcQVzzzHtcVHfpVfHfHf	[MsgId: MMSG-17999]
    2023-06-17 17:51:52.950 : User is logged out of session	[MsgId: MMSG-17999]
  2023-06-17 17:53:49.157 : IterationNum=108	[MsgId: MMSG-17999]
   USER 108 = user83:pwd83	[MsgId: MMSG-17999]
    2023-06-17 17:53:49.251 : Start page is opened	[MsgId: MMSG-17999]
    2023-06-17 17:53:53.652 : User is logged in with session 136655.036776023HAcQVQDptftVzzzHtcVHfpVzAHcf	[MsgId: MMSG-17999]
    2023-06-17 17:53:57.719 : User is logged out of session	[MsgId: MMSG-17999]
  2023-06-17 17:55:55.161 : IterationNum=109	[MsgId: MMSG-17999]
   USER 109 = user83:pwd83	[MsgId: MMSG-17999]
    2023-06-17 17:55:55.254 : Start page is opened	[MsgId: MMSG-17999]
    2023-06-17 17:56:01.438 : User is logged in with session 136655.046982584HAcQVQDpQHQVzzzHtcVHfpVzDiHf	[MsgId: MMSG-17999]
    2023-06-17 17:56:06.684 : User is logged out of session	[MsgId: MMSG-17999]
  2023-06-17 17:58:01.173 : IterationNum=110	[MsgId: MMSG-17999]
   USER 110 = user83:pwd83	[MsgId: MMSG-17999]
    2023-06-17 17:58:01.268 : Start page is opened	[MsgId: MMSG-17999]
    2023-06-17 17:58:07.639 : User is logged in with session 136655.057189145HAcQVQtpfAtVzzzHtcVHfpVzHAcf	[MsgId: MMSG-17999]
    2023-06-17 17:58:13.279 : User is logged out of session	[MsgId: MMSG-17999]
  2023-06-17 18:00:07.177 : IterationNum=111	[MsgId: MMSG-17999]
   USER 111 = user83:pwd83	[MsgId: MMSG-17999]
    2023-06-17 18:00:07.269 : Start page is opened	[MsgId: MMSG-17999]
    2023-06-17 18:00:12.807 : User is logged in with session 136655.067395707HAcQVQfpAcQVzzzHtcVHfpVHAVHf	[MsgId: MMSG-17999]
    2023-06-17 18:00:17.881 : User is logged out of session	[MsgId: MMSG-17999]
  2023-06-17 18:02:13.191 : IterationNum=112	[MsgId: MMSG-17999]
   USER 112 = user83:pwd83	[MsgId: MMSG-17999]
    2023-06-17 18:02:13.287 : Start page is opened	[MsgId: MMSG-17999]
    2023-06-17 18:02:17.483 : User is logged in with session 136655.077602268HAcQVQfpfftVzzzHtcVHfpVHDDcf	[MsgId: MMSG-17999]
    2023-06-17 18:02:22.297 : User is logged out of session	[MsgId: MMSG-17999]
  2023-06-17 18:04:19.193 : IterationNum=113	[MsgId: MMSG-17999]
   USER 113 = user83:pwd83	[MsgId: MMSG-17999]
    2023-06-17 18:04:19.288 : Start page is opened	[MsgId: MMSG-17999]
    2023-06-17 18:04:23.256 : User is logged in with session 136655.08780883HAcQVQzpAHQVzzzHtcVHfpVHztHf	[MsgId: MMSG-17999]
    2023-06-17 18:04:27.384 : User is logged out of session	[MsgId: MMSG-17999]
  2023-06-17 18:06:25.199 : IterationNum=114	[MsgId: MMSG-17999]
   USER 114 = user83:pwd83	[MsgId: MMSG-17999]
    2023-06-17 18:06:25.292 : Start page is opened	[MsgId: MMSG-17999]
    2023-06-17 18:06:30.330 : User is logged in with session 136655.098015391HAcQVQzpzAtVzzzHtcVHfpVHQzcf	[MsgId: MMSG-17999]
    2023-06-17 18:06:34.716 : User is logged out of session	[MsgId: MMSG-17999]
  2023-06-17 18:08:31.209 : IterationNum=115	[MsgId: MMSG-17999]
   USER 115 = user83:pwd83	[MsgId: MMSG-17999]
    2023-06-17 18:08:31.304 : Start page is opened	[MsgId: MMSG-17999]
    2023-06-17 18:08:35.661 : User is logged in with session 136655.108221952HAcQVQHpVcQVzzzHtcVHfpVicHHf	[MsgId: MMSG-17999]
    2023-06-17 18:08:40.800 : User is logged out of session	[MsgId: MMSG-17999]
  2023-06-17 18:10:37.216 : IterationNum=116	[MsgId: MMSG-17999]
   USER 116 = user83:pwd83	[MsgId: MMSG-17999]
    2023-06-17 18:10:37.310 : Start page is opened	[MsgId: MMSG-17999]
    2023-06-17 18:10:43.256 : User is logged in with session 136655.118428514HAcQVQHpzftVzzzHtcVHfpVifQcf	[MsgId: MMSG-17999]
    2023-06-17 18:10:49.416 : User is logged out of session	[MsgId: MMSG-17999]
  2023-06-17 18:12:43.222 : IterationNum=117	[MsgId: MMSG-17999]
   USER 117 = user83:pwd83	[MsgId: MMSG-17999]
    2023-06-17 18:12:43.317 : Start page is opened	[MsgId: MMSG-17999]
    2023-06-17 18:12:49.432 : User is logged in with session 136655.128635075HAcQVQipVHQVzzzHtcVHfpViQAHf	[MsgId: MMSG-17999]
    2023-06-17 18:12:54.074 : User is logged out of session	[MsgId: MMSG-17999]
  2023-06-17 18:14:49.230 : IterationNum=118	[MsgId: MMSG-17999]
   USER 118 = user83:pwd83	[MsgId: MMSG-17999]
    2023-06-17 18:14:49.324 : Start page is opened	[MsgId: MMSG-17999]
    2023-06-17 18:14:54.980 : User is logged in with session 136655.138841636HAcQVQipHAtVzzzHtcVHfpVQcccf	[MsgId: MMSG-17999]
    2023-06-17 18:15:00.262 : User is logged out of session	[MsgId: MMSG-17999]
  2023-06-17 18:16:55.231 : IterationNum=119	[MsgId: MMSG-17999]
   USER 119 = user83:pwd83	[MsgId: MMSG-17999]
    2023-06-17 18:16:55.326 : Start page is opened	[MsgId: MMSG-17999]
    2023-06-17 18:16:59.906 : User is logged in with session 136655.149048198HAcQVQQpccQVzzzHtcVHfpVQfDHf	[MsgId: MMSG-17999]
    2023-06-17 18:17:06.021 : User is logged out of session	[MsgId: MMSG-17999]
  2023-06-17 18:19:01.235 : IterationNum=120	[MsgId: MMSG-17999]
   USER 120 = user83:pwd83	[MsgId: MMSG-17999]
    2023-06-17 18:19:01.330 : Start page is opened	[MsgId: MMSG-17999]
    2023-06-17 18:19:07.592 : User is logged in with session 136655.159254759HAcQVQQpHftVzzzHtcVHfpVQifcf	[MsgId: MMSG-17999]
    2023-06-17 18:19:12.002 : User is logged out of session	[MsgId: MMSG-17999]
  2023-06-17 18:21:07.236 : IterationNum=121	[MsgId: MMSG-17999]
   USER 121 = user83:pwd83	[MsgId: MMSG-17999]
    2023-06-17 18:21:07.330 : Start page is opened	[MsgId: MMSG-17999]
    2023-06-17 18:21:11.393 : User is logged in with session 136655.16946132HAcQcAApcHQVzzzHtcVHfpcAVzHf	[MsgId: MMSG-17999]
    2023-06-17 18:21:17.299 : User is logged out of session	[MsgId: MMSG-17999]
  2023-06-17 18:23:13.237 : IterationNum=122	[MsgId: MMSG-17999]
   USER 122 = user83:pwd83	[MsgId: MMSG-17999]
    2023-06-17 18:23:13.331 : Start page is opened	[MsgId: MMSG-17999]
    2023-06-17 18:23:19.087 : User is logged in with session 136655.179667882HAcQcAApiAtVzzzHtcVHfpcAticf	[MsgId: MMSG-17999]
    2023-06-17 18:23:23.578 : User is logged out of session	[MsgId: MMSG-17999]
  2023-06-17 18:25:19.241 : IterationNum=123	[MsgId: MMSG-17999]
   USER 123 = user83:pwd83	[MsgId: MMSG-17999]
    2023-06-17 18:25:19.337 : Start page is opened	[MsgId: MMSG-17999]
    2023-06-17 18:25:25.499 : User is logged in with session 136655.189874443HAcQcAVpDcQVzzzHtcVHfpcAHQHf	[MsgId: MMSG-17999]
    2023-06-17 18:25:31.012 : User is logged out of session	[MsgId: MMSG-17999]
  2023-06-17 18:27:25.250 : IterationNum=124	[MsgId: MMSG-17999]
   USER 124 = user83:pwd83	[MsgId: MMSG-17999]
    2023-06-17 18:27:25.344 : Start page is opened	[MsgId: MMSG-17999]
    2023-06-17 18:27:30.867 : User is logged in with session 136655.200081004HAcQcAVpiftVzzzHtcVHfpcVVVcf	[MsgId: MMSG-17999]
    2023-06-17 18:27:36.225 : User is logged out of session	[MsgId: MMSG-17999]
  2023-06-17 18:29:31.265 : IterationNum=125	[MsgId: MMSG-17999]
   USER 125 = user83:pwd83	[MsgId: MMSG-17999]
    2023-06-17 18:29:31.359 : Start page is opened	[MsgId: MMSG-17999]
    2023-06-17 18:29:36.137 : User is logged in with session 136655.210287566HAcQcAcpDHQVzzzHtcVHfpcVtcHf	[MsgId: MMSG-17999]
    2023-06-17 18:29:42.159 : User is logged out of session	[MsgId: MMSG-17999]
  2023-06-17 18:31:37.280 : IterationNum=126	[MsgId: MMSG-17999]
   USER 126 = user83:pwd83	[MsgId: MMSG-17999]
    2023-06-17 18:31:37.375 : Start page is opened	[MsgId: MMSG-17999]
    2023-06-17 18:31:41.819 : User is logged in with session 136655.220494127HAcQcAcpQAtVzzzHtcVHfpcVHtcf	[MsgId: MMSG-17999]
    2023-06-17 18:31:46.014 : User is logged out of session	[MsgId: MMSG-17999]
  2023-06-17 18:33:43.295 : IterationNum=127	[MsgId: MMSG-17999]
   USER 127 = user83:pwd83	[MsgId: MMSG-17999]
    2023-06-17 18:33:43.390 : Start page is opened	[MsgId: MMSG-17999]
    2023-06-17 18:33:48.835 : User is logged in with session 136655.230700689HAcQcADptcQVzzzHtcVHfpccAfHf	[MsgId: MMSG-17999]
    2023-06-17 18:33:54.963 : User is logged out of session	[MsgId: MMSG-17999]
  2023-06-17 18:35:49.300 : IterationNum=128	[MsgId: MMSG-17999]
   USER 128 = user83:pwd83	[MsgId: MMSG-17999]
    2023-06-17 18:35:49.395 : Start page is opened	[MsgId: MMSG-17999]
    2023-06-17 18:35:53.506 : User is logged in with session 136655.24090725HAcQcADpQftVzzzHtcVHfpccDHcf	[MsgId: MMSG-17999]
    2023-06-17 18:35:58.016 : User is logged out of session	[MsgId: MMSG-17999]
  2023-06-17 18:37:55.304 : IterationNum=129	[MsgId: MMSG-17999]
   USER 129 = user83:pwd83	[MsgId: MMSG-17999]
    2023-06-17 18:37:55.398 : Start page is opened	[MsgId: MMSG-17999]
    2023-06-17 18:38:01.730 : User is logged in with session 136655.251113811HAcQcAtptHQVzzzHtcVHfpccziHf	[MsgId: MMSG-17999]
    2023-06-17 18:38:06.895 : User is logged out of session	[MsgId: MMSG-17999]
  2023-06-17 18:40:01.313 : IterationNum=130	[MsgId: MMSG-17999]
   USER 130 = user83:pwd83	[MsgId: MMSG-17999]
    2023-06-17 18:40:01.407 : Start page is opened	[MsgId: MMSG-17999]
    2023-06-17 18:40:05.500 : User is logged in with session 136655.261320373HAcQcAfpAAtVzzzHtcVHfpcDAAcf	[MsgId: MMSG-17999]
    2023-06-17 18:40:09.693 : User is logged out of session	[MsgId: MMSG-17999]
  2023-06-17 18:42:07.326 : IterationNum=131	[MsgId: MMSG-17999]
   USER 131 = user83:pwd83	[MsgId: MMSG-17999]
    2023-06-17 18:42:07.421 : Start page is opened	[MsgId: MMSG-17999]
    2023-06-17 18:42:13.740 : User is logged in with session 136655.271526934HAcQcAfpfcQVzzzHtcVHfpcDDVHf	[MsgId: MMSG-17999]
    2023-06-17 18:42:18.377 : User is logged out of session	[MsgId: MMSG-17999]
  2023-06-17 18:44:13.333 : IterationNum=132	[MsgId: MMSG-17999]
   USER 132 = user83:pwd83	[MsgId: MMSG-17999]
    2023-06-17 18:44:13.427 : Start page is opened	[MsgId: MMSG-17999]
    2023-06-17 18:44:17.623 : User is logged in with session 136655.281733495HAcQcAzpAftVzzzHtcVHfpcDzDcf	[MsgId: MMSG-17999]
    2023-06-17 18:44:23.496 : User is logged out of session	[MsgId: MMSG-17999]
  2023-06-17 18:46:19.334 : IterationNum=133	[MsgId: MMSG-17999]
   USER 133 = user83:pwd83	[MsgId: MMSG-17999]
    2023-06-17 18:46:19.429 : Start page is opened	[MsgId: MMSG-17999]
    2023-06-17 18:46:24.905 : User is logged in with session 136655.291940057HAcQcAzpfHQVzzzHtcVHfpcDQtHf	[MsgId: MMSG-17999]
    2023-06-17 18:46:29.484 : User is logged out of session	[MsgId: MMSG-17999]
  2023-06-17 18:48:25.349 : IterationNum=134	[MsgId: MMSG-17999]
   USER 134 = user83:pwd83	[MsgId: MMSG-17999]
    2023-06-17 18:48:25.442 : Start page is opened	[MsgId: MMSG-17999]
    2023-06-17 18:48:30.226 : User is logged in with session 136655.302146618HAcQcAHpVAtVzzzHtcVHfpctczcf	[MsgId: MMSG-17999]
    2023-06-17 18:48:36.396 : User is logged out of session	[MsgId: MMSG-17999]
  2023-06-17 18:50:31.357 : IterationNum=135	[MsgId: MMSG-17999]
   USER 135 = user83:pwd83	[MsgId: MMSG-17999]
    2023-06-17 18:50:31.452 : Start page is opened	[MsgId: MMSG-17999]
    2023-06-17 18:50:37.507 : User is logged in with session 136655.312353179HAcQcAHpzcQVzzzHtcVHfpctfHHf	[MsgId: MMSG-17999]
    2023-06-17 18:50:42.683 : User is logged out of session	[MsgId: MMSG-17999]
  2023-06-17 18:52:37.367 : IterationNum=136	[MsgId: MMSG-17999]
   USER 136 = user83:pwd83	[MsgId: MMSG-17999]
    2023-06-17 18:52:37.460 : Start page is opened	[MsgId: MMSG-17999]
    2023-06-17 18:52:41.715 : User is logged in with session 136655.322559741HAcQcAipVftVzzzHtcVHfpctiQcf	[MsgId: MMSG-17999]
    2023-06-17 18:52:47.715 : User is logged out of session	[MsgId: MMSG-17999]
  2023-06-17 18:54:43.373 : IterationNum=137	[MsgId: MMSG-17999]
   USER 137 = user83:pwd83	[MsgId: MMSG-17999]
    2023-06-17 18:54:43.468 : Start page is opened	[MsgId: MMSG-17999]
    2023-06-17 18:54:48.734 : User is logged in with session 136655.332766302HAcQcAipzHQVzzzHtcVHfpcfcAHf	[MsgId: MMSG-17999]
    2023-06-17 18:54:52.998 : User is logged out of session	[MsgId: MMSG-17999]
  2023-06-17 18:56:49.378 : IterationNum=138	[MsgId: MMSG-17999]
   USER 138 = user83:pwd83	[MsgId: MMSG-17999]
    2023-06-17 18:56:49.472 : Start page is opened	[MsgId: MMSG-17999]
    2023-06-17 18:56:55.119 : User is logged in with session 136655.342972863HAcQcAQpcAtVzzzHtcVHfpcffccf	[MsgId: MMSG-17999]
    2023-06-17 18:56:59.305 : User is logged out of session	[MsgId: MMSG-17999]
  2023-06-17 18:58:55.386 : IterationNum=139	[MsgId: MMSG-17999]
   USER 139 = user83:pwd83	[MsgId: MMSG-17999]
    2023-06-17 18:58:55.481 : Start page is opened	[MsgId: MMSG-17999]
    2023-06-17 18:59:01.347 : User is logged in with session 136655.353179425HAcQcAQpHcQVzzzHtcVHfpcfiDHf	[MsgId: MMSG-17999]
    2023-06-17 18:59:07.583 : User is logged out of session	[MsgId: MMSG-17999]
  2023-06-17 19:01:01.398 : IterationNum=140	[MsgId: MMSG-17999]
   USER 140 = user83:pwd83	[MsgId: MMSG-17999]
    2023-06-17 19:01:01.490 : Start page is opened	[MsgId: MMSG-17999]
    2023-06-17 19:01:07.358 : User is logged in with session 136655.363385986HAcQcVApcftVzzzHtcVHfpczVfcf	[MsgId: MMSG-17999]
    2023-06-17 19:01:13.608 : User is logged out of session	[MsgId: MMSG-17999]
  2023-06-17 19:03:07.405 : IterationNum=141	[MsgId: MMSG-17999]
   USER 141 = user83:pwd83	[MsgId: MMSG-17999]
    2023-06-17 19:03:07.499 : Start page is opened	[MsgId: MMSG-17999]
    2023-06-17 19:03:11.516 : User is logged in with session 136655.373592548HAcQcVApHHQVzzzHtcVHfpcztzHf	[MsgId: MMSG-17999]
    2023-06-17 19:03:16.082 : User is logged out of session	[MsgId: MMSG-17999]
  2023-06-17 19:05:13.405 : IterationNum=142	[MsgId: MMSG-17999]
   USER 142 = user83:pwd83	[MsgId: MMSG-17999]
    2023-06-17 19:05:13.499 : Start page is opened	[MsgId: MMSG-17999]
    2023-06-17 19:05:19.421 : User is logged in with session 136655.383799109HAcQcVVpDAtVzzzHtcVHfpczHicf	[MsgId: MMSG-17999]
    2023-06-17 19:05:25.722 : User is logged out of session	[MsgId: MMSG-17999]
  2023-06-17 19:07:19.408 : IterationNum=143	[MsgId: MMSG-17999]
   USER 143 = user83:pwd83	[MsgId: MMSG-17999]
    2023-06-17 19:07:19.500 : Start page is opened	[MsgId: MMSG-17999]
    2023-06-17 19:07:25.047 : User is logged in with session 136655.39400567HAcQcVVpicQVzzzHtcVHfpcHAQHf	[MsgId: MMSG-17999]
    2023-06-17 19:07:30.287 : User is logged out of session	[MsgId: MMSG-17999]
  2023-06-17 19:09:25.421 : IterationNum=144	[MsgId: MMSG-17999]
   USER 144 = user83:pwd83	[MsgId: MMSG-17999]
    2023-06-17 19:09:25.514 : Start page is opened	[MsgId: MMSG-17999]
    2023-06-17 19:09:30.761 : User is logged in with session 136655.404212232HAcQcVcpDftVzzzHtcVHfpcHtVcf	[MsgId: MMSG-17999]
    2023-06-17 19:09:34.835 : User is logged out of session	[MsgId: MMSG-17999]
  2023-06-17 19:11:31.420 : IterationNum=145	[MsgId: MMSG-17999]
   USER 145 = user83:pwd83	[MsgId: MMSG-17999]
    2023-06-17 19:11:31.514 : Start page is opened	[MsgId: MMSG-17999]
    2023-06-17 19:11:36.740 : User is logged in with session 136655.414418793HAcQcVcpiHQVzzzHtcVHfpcHHcHf	[MsgId: MMSG-17999]
    2023-06-17 19:11:40.819 : User is logged out of session	[MsgId: MMSG-17999]
  2023-06-17 19:13:37.433 : IterationNum=146	[MsgId: MMSG-17999]
   USER 146 = user83:pwd83	[MsgId: MMSG-17999]
    2023-06-17 19:13:37.528 : Start page is opened	[MsgId: MMSG-17999]
    2023-06-17 19:13:42.212 : User is logged in with session 136655.424625354HAcQcVDptAtVzzzHtcVHfpciAtcf	[MsgId: MMSG-17999]
    2023-06-17 19:13:48.161 : User is logged out of session	[MsgId: MMSG-17999]
  2023-06-17 19:15:43.437 : IterationNum=147	[MsgId: MMSG-17999]
   USER 147 = user83:pwd83	[MsgId: MMSG-17999]
    2023-06-17 19:15:43.532 : Start page is opened	[MsgId: MMSG-17999]
    2023-06-17 19:15:48.543 : User is logged in with session 136655.434831916HAcQcVDpQcQVzzzHtcVHfpciDfHf	[MsgId: MMSG-17999]
    2023-06-17 19:15:52.440 : User is logged out of session	[MsgId: MMSG-17999]
  2023-06-17 19:17:49.444 : IterationNum=148	[MsgId: MMSG-17999]
   USER 148 = user83:pwd83	[MsgId: MMSG-17999]
    2023-06-17 19:17:49.539 : Start page is opened	[MsgId: MMSG-17999]
    2023-06-17 19:17:55.651 : User is logged in with session 136655.445038477HAcQcVtptftVzzzHtcVHfpcizHcf	[MsgId: MMSG-17999]
    2023-06-17 19:18:00.063 : User is logged out of session	[MsgId: MMSG-17999]
  2023-06-17 19:19:55.456 : IterationNum=149	[MsgId: MMSG-17999]
   USER 149 = user83:pwd83	[MsgId: MMSG-17999]
    2023-06-17 19:19:55.551 : Start page is opened	[MsgId: MMSG-17999]
    2023-06-17 19:20:01.893 : User is logged in with session 136655.455245038HAcQcVtpQHQVzzzHtcVHfpciQiHf	[MsgId: MMSG-17999]
    2023-06-17 19:20:06.704 : User is logged out of session	[MsgId: MMSG-17999]
  2023-06-17 19:22:01.466 : IterationNum=150	[MsgId: MMSG-17999]
   USER 150 = user83:pwd83	[MsgId: MMSG-17999]
    2023-06-17 19:22:01.560 : Start page is opened	[MsgId: MMSG-17999]
    2023-06-17 19:22:05.960 : User is logged in with session 136655.4654516HAcQcVfpfAtVzzzHtcVHfpcQDAcf	[MsgId: MMSG-17999]
    2023-06-17 19:22:10.703 : User is logged out of session	[MsgId: MMSG-17999]
  2023-06-17 19:24:07.467 : IterationNum=151	[MsgId: MMSG-17999]
   USER 151 = user83:pwd83	[MsgId: MMSG-17999]
    2023-06-17 19:24:07.561 : Start page is opened	[MsgId: MMSG-17999]
    2023-06-17 19:24:11.482 : User is logged in with session 136655.475658161HAcQcVzpAcQVzzzHtcVHfpcQzVHf	[MsgId: MMSG-17999]
    2023-06-17 19:24:17.330 : User is logged out of session	[MsgId: MMSG-17999]
  2023-06-17 19:26:13.478 : IterationNum=152	[MsgId: MMSG-17999]
   USER 152 = user83:pwd83	[MsgId: MMSG-17999]
    2023-06-17 19:26:13.572 : Start page is opened	[MsgId: MMSG-17999]
    2023-06-17 19:26:17.916 : User is logged in with session 136655.485864723HAcQcVzpfftVzzzHtcVHfpcQQDcf	[MsgId: MMSG-17999]
    2023-06-17 19:26:23.122 : User is logged out of session	[MsgId: MMSG-17999]
  2023-06-17 19:28:19.487 : IterationNum=153	[MsgId: MMSG-17999]
   USER 153 = user83:pwd83	[MsgId: MMSG-17999]
    2023-06-17 19:28:19.582 : Start page is opened	[MsgId: MMSG-17999]
    2023-06-17 19:28:24.529 : User is logged in with session 136655.496071284HAcQcVHpAHQVzzzHtcVHfpDActHf	[MsgId: MMSG-17999]
    2023-06-17 19:28:28.995 : User is logged out of session	[MsgId: MMSG-17999]
  2023-06-17 19:30:25.498 : IterationNum=154	[MsgId: MMSG-17999]
   USER 154 = user83:pwd83	[MsgId: MMSG-17999]
    2023-06-17 19:30:25.593 : Start page is opened	[MsgId: MMSG-17999]
    2023-06-17 19:30:31.593 : User is logged in with session 136655.506277845HAcQcVHpzAtVzzzHtcVHfpDAfzcf	[MsgId: MMSG-17999]
    2023-06-17 19:30:36.344 : User is logged out of session	[MsgId: MMSG-17999]
  2023-06-17 19:32:31.502 : IterationNum=155	[MsgId: MMSG-17999]
   USER 155 = user83:pwd83	[MsgId: MMSG-17999]
    2023-06-17 19:32:31.597 : Start page is opened	[MsgId: MMSG-17999]
    2023-06-17 19:32:35.890 : User is logged in with session 136655.516484407HAcQcVipVcQVzzzHtcVHfpDAiHHf	[MsgId: MMSG-17999]
    2023-06-17 19:32:41.332 : User is logged out of session	[MsgId: MMSG-17999]
  2023-06-17 19:34:37.514 : IterationNum=156	[MsgId: MMSG-17999]
   USER 156 = user83:pwd83	[MsgId: MMSG-17999]
    2023-06-17 19:34:37.609 : Start page is opened	[MsgId: MMSG-17999]
    2023-06-17 19:34:41.860 : User is logged in with session 136655.526690968HAcQcVipzftVzzzHtcVHfpDVVQcf	[MsgId: MMSG-17999]
    2023-06-17 19:34:47.103 : User is logged out of session	[MsgId: MMSG-17999]
  2023-06-17 19:36:43.523 : IterationNum=157	[MsgId: MMSG-17999]
   USER 157 = user83:pwd83	[MsgId: MMSG-17999]
    2023-06-17 19:36:43.615 : Start page is opened	[MsgId: MMSG-17999]
    2023-06-17 19:36:49.426 : User is logged in with session 136655.536897529HAcQcVQpVHQVzzzHtcVHfpDVfAHf	[MsgId: MMSG-17999]
    2023-06-17 19:36:53.763 : User is logged out of session	[MsgId: MMSG-17999]
  2023-06-17 19:38:49.537 : IterationNum=158	[MsgId: MMSG-17999]
   USER 158 = user83:pwd83	[MsgId: MMSG-17999]
    2023-06-17 19:38:49.631 : Start page is opened	[MsgId: MMSG-17999]
    2023-06-17 19:38:55.624 : User is logged in with session 136655.547104091HAcQcVQpHAtVzzzHtcVHfpDViccf	[MsgId: MMSG-17999]
    2023-06-17 19:38:59.844 : User is logged out of session	[MsgId: MMSG-17999]
  2023-06-17 19:40:55.542 : IterationNum=159	[MsgId: MMSG-17999]
   USER 159 = user83:pwd83	[MsgId: MMSG-17999]
    2023-06-17 19:40:55.636 : Start page is opened	[MsgId: MMSG-17999]
    2023-06-17 19:41:00.887 : User is logged in with session 136655.557310652HAcQccApccQVzzzHtcVHfpDcVDHf	[MsgId: MMSG-17999]
    2023-06-17 19:41:07.089 : User is logged out of session	[MsgId: MMSG-17999]
  2023-06-17 19:43:01.543 : IterationNum=160	[MsgId: MMSG-17999]
   USER 160 = user83:pwd83	[MsgId: MMSG-17999]
    2023-06-17 19:43:01.637 : Start page is opened	[MsgId: MMSG-17999]
    2023-06-17 19:43:07.641 : User is logged in with session 136655.567517213HAcQccApHftVzzzHtcVHfpDctfcf	[MsgId: MMSG-17999]
    2023-06-17 19:43:13.451 : User is logged out of session	[MsgId: MMSG-17999]
  2023-06-17 19:45:07.546 : IterationNum=161	[MsgId: MMSG-17999]
   USER 161 = user83:pwd83	[MsgId: MMSG-17999]
    2023-06-17 19:45:07.641 : Start page is opened	[MsgId: MMSG-17999]
    2023-06-17 19:45:12.497 : User is logged in with session 136655.577723775HAcQccVpcHQVzzzHtcVHfpDcHzHf	[MsgId: MMSG-17999]
    2023-06-17 19:45:17.300 : User is logged out of session	[MsgId: MMSG-17999]
  2023-06-17 19:47:13.554 : IterationNum=162	[MsgId: MMSG-17999]
   USER 162 = user83:pwd83	[MsgId: MMSG-17999]
    2023-06-17 19:47:13.649 : Start page is opened	[MsgId: MMSG-17999]
    2023-06-17 19:47:19.068 : User is logged in with session 136655.587930336HAcQccVpiAtVzzzHtcVHfpDDAicf	[MsgId: MMSG-17999]
    2023-06-17 19:47:24.453 : User is logged out of session	[MsgId: MMSG-17999]
  2023-06-17 19:49:19.556 : IterationNum=163	[MsgId: MMSG-17999]
   USER 163 = user83:pwd83	[MsgId: MMSG-17999]
    2023-06-17 19:49:19.651 : Start page is opened	[MsgId: MMSG-17999]
    2023-06-17 19:49:24.483 : User is logged in with session 136655.598136898HAcQcccpDcQVzzzHtcVHfpDDDQHf	[MsgId: MMSG-17999]
    2023-06-17 19:49:30.242 : User is logged out of session	[MsgId: MMSG-17999]
  2023-06-17 19:51:25.560 : IterationNum=164	[MsgId: MMSG-17999]
   USER 164 = user83:pwd83	[MsgId: MMSG-17999]
    2023-06-17 19:51:25.654 : Start page is opened	[MsgId: MMSG-17999]
    2023-06-17 19:51:30.792 : User is logged in with session 136655.608343459HAcQcccpiftVzzzHtcVHfpDDHVcf	[MsgId: MMSG-17999]
    2023-06-17 19:51:37.111 : User is logged out of session	[MsgId: MMSG-17999]
  2023-06-17 19:53:31.563 : IterationNum=165	[MsgId: MMSG-17999]
   USER 165 = user83:pwd83	[MsgId: MMSG-17999]
    2023-06-17 19:53:31.657 : Start page is opened	[MsgId: MMSG-17999]
    2023-06-17 19:53:35.998 : User is logged in with session 136655.61855002HAcQccDpDHQVzzzHtcVHfpDtAcHf	[MsgId: MMSG-17999]
    2023-06-17 19:53:40.975 : User is logged out of session	[MsgId: MMSG-17999]
  2023-06-17 19:55:37.569 : IterationNum=166	[MsgId: MMSG-17999]
   USER 166 = user83:pwd83	[MsgId: MMSG-17999]
    2023-06-17 19:55:37.663 : Start page is opened	[MsgId: MMSG-17999]
    2023-06-17 19:55:41.629 : User is logged in with session 136655.628756582HAcQccDpQAtVzzzHtcVHfpDtDtcf	[MsgId: MMSG-17999]
    2023-06-17 19:55:46.120 : User is logged out of session	[MsgId: MMSG-17999]
  2023-06-17 19:57:43.577 : IterationNum=167	[MsgId: MMSG-17999]
   USER 167 = user83:pwd83	[MsgId: MMSG-17999]
    2023-06-17 19:57:43.672 : Start page is opened	[MsgId: MMSG-17999]
    2023-06-17 19:57:49.465 : User is logged in with session 136655.638963143HAcQcctptcQVzzzHtcVHfpDtzfHf	[MsgId: MMSG-17999]
    2023-06-17 19:57:54.563 : User is logged out of session	[MsgId: MMSG-17999]
  2023-06-17 19:59:49.590 : IterationNum=168	[MsgId: MMSG-17999]
   USER 168 = user83:pwd83	[MsgId: MMSG-17999]
    2023-06-17 19:59:49.683 : Start page is opened	[MsgId: MMSG-17999]
    2023-06-17 19:59:54.845 : User is logged in with session 136655.649169704HAcQcctpQftVzzzHtcVHfpDtQHcf	[MsgId: MMSG-17999]
    2023-06-17 20:00:00.221 : User is logged out of session	[MsgId: MMSG-17999]
  2023-06-17 20:01:55.592 : IterationNum=169	[MsgId: MMSG-17999]
   USER 169 = user83:pwd83	[MsgId: MMSG-17999]
    2023-06-17 20:01:55.687 : Start page is opened	[MsgId: MMSG-17999]
    2023-06-17 20:01:59.939 : User is logged in with session 136655.659376266HAcQccfptHQVzzzHtcVHfpDfciHf	[MsgId: MMSG-17999]
    2023-06-17 20:02:04.335 : User is logged out of session	[MsgId: MMSG-17999]
  2023-06-17 20:04:01.600 : IterationNum=170	[MsgId: MMSG-17999]
   USER 170 = user83:pwd83	[MsgId: MMSG-17999]
    2023-06-17 20:04:01.694 : Start page is opened	[MsgId: MMSG-17999]
    2023-06-17 20:04:06.827 : User is logged in with session 136655.669582827HAcQcczpAAtVzzzHtcVHfpDfzAcf	[MsgId: MMSG-17999]
    2023-06-17 20:04:12.444 : User is logged out of session	[MsgId: MMSG-17999]
  2023-06-17 20:06:07.603 : IterationNum=171	[MsgId: MMSG-17999]
   USER 171 = user83:pwd83	[MsgId: MMSG-17999]
    2023-06-17 20:06:07.696 : Start page is opened	[MsgId: MMSG-17999]
    2023-06-17 20:06:12.143 : User is logged in with session 136655.679789388HAcQcczpfcQVzzzHtcVHfpDfQVHf	[MsgId: MMSG-17999]
    2023-06-17 20:06:18.321 : User is logged out of session	[MsgId: MMSG-17999]
  2023-06-17 20:08:13.618 : IterationNum=172	[MsgId: MMSG-17999]
   USER 172 = user83:pwd83	[MsgId: MMSG-17999]
    2023-06-17 20:08:13.713 : Start page is opened	[MsgId: MMSG-17999]
    2023-06-17 20:08:19.941 : User is logged in with session 136655.68999595HAcQccHpAftVzzzHtcVHfpDzcDcf	[MsgId: MMSG-17999]
    2023-06-17 20:08:24.080 : User is logged out of session	[MsgId: MMSG-17999]
  2023-06-17 20:10:19.625 : IterationNum=173	[MsgId: MMSG-17999]
   USER 173 = user83:pwd83	[MsgId: MMSG-17999]
    2023-06-17 20:10:19.718 : Start page is opened	[MsgId: MMSG-17999]
    2023-06-17 20:10:24.092 : User is logged in with session 136655.700202511HAcQccHpfHQVzzzHtcVHfpDzftHf	[MsgId: MMSG-17999]
    2023-06-17 20:10:30.201 : User is logged out of session	[MsgId: MMSG-17999]
  2023-06-17 20:12:25.639 : IterationNum=174	[MsgId: MMSG-17999]
   USER 174 = user83:pwd83	[MsgId: MMSG-17999]
    2023-06-17 20:12:25.735 : Start page is opened	[MsgId: MMSG-17999]
    2023-06-17 20:12:31.106 : User is logged in with session 136655.710409072HAcQccipVAtVzzzHtcVHfpDzizcf	[MsgId: MMSG-17999]
    2023-06-17 20:12:35.531 : User is logged out of session	[MsgId: MMSG-17999]
  2023-06-17 20:14:31.645 : IterationNum=175	[MsgId: MMSG-17999]
   USER 175 = user83:pwd83	[MsgId: MMSG-17999]
    2023-06-17 20:14:31.739 : Start page is opened	[MsgId: MMSG-17999]
    2023-06-17 20:14:35.929 : User is logged in with session 136655.720615634HAcQccipzcQVzzzHtcVHfpDHVHHf	[MsgId: MMSG-17999]
    2023-06-17 20:14:40.419 : User is logged out of session	[MsgId: MMSG-17999]
  2023-06-17 20:16:37.646 : IterationNum=176	[MsgId: MMSG-17999]
   USER 176 = user83:pwd83	[MsgId: MMSG-17999]
    2023-06-17 20:16:37.739 : Start page is opened	[MsgId: MMSG-17999]
    2023-06-17 20:16:41.969 : User is logged in with session 136655.730822195HAcQccQpVftVzzzHtcVHfpDHtQcf	[MsgId: MMSG-17999]
    2023-06-17 20:16:46.086 : User is logged out of session	[MsgId: MMSG-17999]
  2023-06-17 20:18:43.653 : IterationNum=177	[MsgId: MMSG-17999]
   USER 177 = user83:pwd83	[MsgId: MMSG-17999]
    2023-06-17 20:18:43.746 : Start page is opened	[MsgId: MMSG-17999]
    2023-06-17 20:18:50.086 : User is logged in with session 136655.741028757HAcQccQpzHQVzzzHtcVHfpDHiAHf	[MsgId: MMSG-17999]
    2023-06-17 20:18:55.872 : User is logged out of session	[MsgId: MMSG-17999]
  2023-06-17 20:20:49.657 : IterationNum=178	[MsgId: MMSG-17999]
   USER 178 = user83:pwd83	[MsgId: MMSG-17999]
    2023-06-17 20:20:49.752 : Start page is opened	[MsgId: MMSG-17999]
    2023-06-17 20:20:53.720 : User is logged in with session 136655.751235318HAcQcDApcAtVzzzHtcVHfpDiVccf	[MsgId: MMSG-17999]
    2023-06-17 20:20:59.375 : User is logged out of session	[MsgId: MMSG-17999]
  2023-06-17 20:22:55.670 : IterationNum=179	[MsgId: MMSG-17999]
   USER 179 = user83:pwd83	[MsgId: MMSG-17999]
    2023-06-17 20:22:55.765 : Start page is opened	[MsgId: MMSG-17999]
    2023-06-17 20:23:00.977 : User is logged in with session 136655.761441879HAcQcDApHcQVzzzHtcVHfpDitDHf	[MsgId: MMSG-17999]
    2023-06-17 20:23:05.521 : User is logged out of session	[MsgId: MMSG-17999]
  2023-06-17 20:25:01.682 : IterationNum=180	[MsgId: MMSG-17999]
   USER 180 = user83:pwd83	[MsgId: MMSG-17999]
    2023-06-17 20:25:01.776 : Start page is opened	[MsgId: MMSG-17999]
    2023-06-17 20:25:07.165 : User is logged in with session 136655.771648441HAcQcDVpcftVzzzHtcVHfpDiHfcf	[MsgId: MMSG-17999]
    2023-06-17 20:25:11.665 : User is logged out of session	[MsgId: MMSG-17999]
  2023-06-17 20:27:07.691 : IterationNum=181	[MsgId: MMSG-17999]
   USER 181 = user83:pwd83	[MsgId: MMSG-17999]
    2023-06-17 20:27:07.786 : Start page is opened	[MsgId: MMSG-17999]
    2023-06-17 20:27:13.949 : User is logged in with session 136655.781855002HAcQcDVpHHQVzzzHtcVHfpDQAzHf	[MsgId: MMSG-17999]
    2023-06-17 20:27:18.629 : User is logged out of session	[MsgId: MMSG-17999]
  2023-06-17 20:29:13.695 : IterationNum=182	[MsgId: MMSG-17999]
   USER 182 = user83:pwd83	[MsgId: MMSG-17999]
    2023-06-17 20:29:13.789 : Start page is opened	[MsgId: MMSG-17999]
    2023-06-17 20:29:17.748 : User is logged in with session 136655.792061563HAcQcDcpDAtVzzzHtcVHfpDQDicf	[MsgId: MMSG-17999]
    2023-06-17 20:29:23.398 : User is logged out of session	[MsgId: MMSG-17999]
  2023-06-17 20:31:19.705 : IterationNum=183	[MsgId: MMSG-17999]
   USER 183 = user83:pwd83	[MsgId: MMSG-17999]
    2023-06-17 20:31:19.799 : Start page is opened	[MsgId: MMSG-17999]
    2023-06-17 20:31:24.152 : User is logged in with session 136655.802268125HAcQcDcpicQVzzzHtcVHfpDQzQHf	[MsgId: MMSG-17999]
    2023-06-17 20:31:28.623 : User is logged out of session	[MsgId: MMSG-17999]
  2023-06-17 20:33:25.714 : IterationNum=184	[MsgId: MMSG-17999]
   USER 184 = user83:pwd83	[MsgId: MMSG-17999]
    2023-06-17 20:33:25.807 : Start page is opened	[MsgId: MMSG-17999]
    2023-06-17 20:33:30.606 : User is logged in with session 136655.812474686HAcQcDDpDftVzzzHtcVHfptAAVcf	[MsgId: MMSG-17999]
    2023-06-17 20:33:36.565 : User is logged out of session	[MsgId: MMSG-17999]
  2023-06-17 20:35:31.716 : IterationNum=185	[MsgId: MMSG-17999]
   USER 185 = user83:pwd83	[MsgId: MMSG-17999]
    2023-06-17 20:35:31.809 : Start page is opened	[MsgId: MMSG-17999]
    2023-06-17 20:35:37.790 : User is logged in with session 136655.822681247HAcQcDDpiHQVzzzHtcVHfptADcHf	[MsgId: MMSG-17999]
    2023-06-17 20:35:42.270 : User is logged out of session	[MsgId: MMSG-17999]
  2023-06-17 20:37:37.719 : IterationNum=186	[MsgId: MMSG-17999]
   USER 186 = user83:pwd83	[MsgId: MMSG-17999]
    2023-06-17 20:37:37.813 : Start page is opened	[MsgId: MMSG-17999]
    2023-06-17 20:37:44.150 : User is logged in with session 136655.832887809HAcQcDtptAtVzzzHtcVHfptAztcf	[MsgId: MMSG-17999]
    2023-06-17 20:37:49.983 : User is logged out of session	[MsgId: MMSG-17999]
  2023-06-17 20:39:43.728 : IterationNum=187	[MsgId: MMSG-17999]
   USER 187 = user83:pwd83	[MsgId: MMSG-17999]
    2023-06-17 20:39:43.822 : Start page is opened	[MsgId: MMSG-17999]
    2023-06-17 20:39:49.879 : User is logged in with session 136655.84309437HAcQcDtpQcQVzzzHtcVHfptAQfHf	[MsgId: MMSG-17999]
    2023-06-17 20:39:54.841 : User is logged out of session	[MsgId: MMSG-17999]
  2023-06-17 20:41:49.741 : IterationNum=188	[MsgId: MMSG-17999]
   USER 188 = user83:pwd83	[MsgId: MMSG-17999]
    2023-06-17 20:41:49.836 : Start page is opened	[MsgId: MMSG-17999]
    2023-06-17 20:41:55.464 : User is logged in with session 136655.853300932HAcQcDfptftVzzzHtcVHfptVcHcf	[MsgId: MMSG-17999]
    2023-06-17 20:42:01.452 : User is logged out of session	[MsgId: MMSG-17999]
  2023-06-17 20:43:55.744 : IterationNum=189	[MsgId: MMSG-17999]
   USER 189 = user83:pwd83	[MsgId: MMSG-17999]
    2023-06-17 20:43:55.839 : Start page is opened	[MsgId: MMSG-17999]
    2023-06-17 20:44:01.594 : User is logged in with session 136655.863507493HAcQcDfpQHQVzzzHtcVHfptVfiHf	[MsgId: MMSG-17999]
    2023-06-17 20:44:07.279 : User is logged out of session	[MsgId: MMSG-17999]
  2023-06-17 20:46:01.746 : IterationNum=190	[MsgId: MMSG-17999]
   USER 190 = user83:pwd83	[MsgId: MMSG-17999]
    2023-06-17 20:46:01.840 : Start page is opened	[MsgId: MMSG-17999]
    2023-06-17 20:46:06.280 : User is logged in with session 136655.873714054HAcQcDzpfAtVzzzHtcVHfptVQAcf	[MsgId: MMSG-17999]
    2023-06-17 20:46:12.442 : User is logged out of session	[MsgId: MMSG-17999]
  2023-06-17 20:48:07.756 : IterationNum=191	[MsgId: MMSG-17999]
   USER 191 = user83:pwd83	[MsgId: MMSG-17999]
    2023-06-17 20:48:07.851 : Start page is opened	[MsgId: MMSG-17999]
    2023-06-17 20:48:13.527 : User is logged in with session 136655.883920616HAcQcDHpAcQVzzzHtcVHfptccVHf	[MsgId: MMSG-17999]
    2023-06-17 20:48:18.795 : User is logged out of session	[MsgId: MMSG-17999]
  2023-06-17 20:50:13.760 : IterationNum=192	[MsgId: MMSG-17999]
   USER 192 = user83:pwd83	[MsgId: MMSG-17999]
    2023-06-17 20:50:13.853 : Start page is opened	[MsgId: MMSG-17999]
    2023-06-17 20:50:19.724 : User is logged in with session 136655.894127177HAcQcDHpfftVzzzHtcVHfptcfDcf	[MsgId: MMSG-17999]
    2023-06-17 20:50:24.859 : User is logged out of session	[MsgId: MMSG-17999]
  2023-06-17 20:52:19.763 : IterationNum=193	[MsgId: MMSG-17999]
   USER 193 = user83:pwd83	[MsgId: MMSG-17999]
    2023-06-17 20:52:19.857 : Start page is opened	[MsgId: MMSG-17999]
    2023-06-17 20:52:25.023 : User is logged in with session 136655.904333738HAcQcDipAHQVzzzHtcVHfptcitHf	[MsgId: MMSG-17999]
    2023-06-17 20:52:31.013 : User is logged out of session	[MsgId: MMSG-17999]
  2023-06-17 20:54:25.772 : IterationNum=194	[MsgId: MMSG-17999]
   USER 194 = user83:pwd83	[MsgId: MMSG-17999]
    2023-06-17 20:54:25.865 : Start page is opened	[MsgId: MMSG-17999]
    2023-06-17 20:54:30.895 : User is logged in with session 136655.9145403HAcQcDipzAtVzzzHtcVHfptDVzcf	[MsgId: MMSG-17999]
    2023-06-17 20:54:34.792 : User is logged out of session	[MsgId: MMSG-17999]
  2023-06-17 20:56:31.783 : IterationNum=195	[MsgId: MMSG-17999]
   USER 195 = user83:pwd83	[MsgId: MMSG-17999]
    2023-06-17 20:56:31.878 : Start page is opened	[MsgId: MMSG-17999]
    2023-06-17 20:56:36.021 : User is logged in with session 136655.924746861HAcQcDQpVcQVzzzHtcVHfptDtHHf	[MsgId: MMSG-17999]
    2023-06-17 20:56:41.963 : User is logged out of session	[MsgId: MMSG-17999]
  2023-06-17 20:58:37.785 : IterationNum=196	[MsgId: MMSG-17999]
   USER 196 = user83:pwd83	[MsgId: MMSG-17999]
    2023-06-17 20:58:37.879 : Start page is opened	[MsgId: MMSG-17999]
    2023-06-17 20:58:41.929 : User is logged in with session 136655.934953422HAcQcDQpzftVzzzHtcVHfptDHQcf	[MsgId: MMSG-17999]
    2023-06-17 20:58:46.256 : User is logged out of session	[MsgId: MMSG-17999]
  2023-06-17 21:00:43.794 : IterationNum=197	[MsgId: MMSG-17999]
   USER 197 = user83:pwd83	[MsgId: MMSG-17999]
    2023-06-17 21:00:43.889 : Start page is opened	[MsgId: MMSG-17999]
    2023-06-17 21:00:48.003 : User is logged in with session 136655.945159984HAcQctApVHQVzzzHtcVHfpttVAHf	[MsgId: MMSG-17999]
    2023-06-17 21:00:52.316 : User is logged out of session	[MsgId: MMSG-17999]
  2023-06-17 21:02:49.796 : IterationNum=198	[MsgId: MMSG-17999]
   USER 198 = user83:pwd83	[MsgId: MMSG-17999]
    2023-06-17 21:02:49.891 : Start page is opened	[MsgId: MMSG-17999]
    2023-06-17 21:02:54.684 : User is logged in with session 136655.955366545HAcQctApHAtVzzzHtcVHfptttccf	[MsgId: MMSG-17999]
    2023-06-17 21:03:00.368 : User is logged out of session	[MsgId: MMSG-17999]
  2023-06-17 21:04:55.811 : IterationNum=199	[MsgId: MMSG-17999]
   USER 199 = user83:pwd83	[MsgId: MMSG-17999]
    2023-06-17 21:04:55.904 : Start page is opened	[MsgId: MMSG-17999]
    2023-06-17 21:05:02.094 : User is logged in with session 136655.965573107HAcQctVpccQVzzzHtcVHfpttHDHf	[MsgId: MMSG-17999]
    2023-06-17 21:05:06.624 : User is logged out of session	[MsgId: MMSG-17999]
  2023-06-17 21:07:01.825 : IterationNum=200	[MsgId: MMSG-17999]
   USER 200 = user83:pwd83	[MsgId: MMSG-17999]
    2023-06-17 21:07:01.919 : Start page is opened	[MsgId: MMSG-17999]
    2023-06-17 21:07:07.911 : User is logged in with session 136655.975779668HAcQctVpHftVzzzHtcVHfptfAfcf	[MsgId: MMSG-17999]
    2023-06-17 21:07:13.082 : User is logged out of session	[MsgId: MMSG-17999]
  2023-06-17 21:09:07.825 : IterationNum=201	[MsgId: MMSG-17999]
   USER 201 = user83:pwd83	[MsgId: MMSG-17999]
    2023-06-17 21:09:07.919 : Start page is opened	[MsgId: MMSG-17999]
    2023-06-17 21:09:13.611 : User is logged in with session 136655.985986229HAcQctcpcHQVzzzHtcVHfptfDzHf	[MsgId: MMSG-17999]
    2023-06-17 21:09:18.009 : User is logged out of session	[MsgId: MMSG-17999]
  2023-06-17 21:11:13.840 : IterationNum=202	[MsgId: MMSG-17999]
   USER 202 = user83:pwd83	[MsgId: MMSG-17999]
    2023-06-17 21:11:13.933 : Start page is opened	[MsgId: MMSG-17999]
    2023-06-17 21:11:18.714 : User is logged in with session 136655.996192791HAcQctcpiAtVzzzHtcVHfptfzicf	[MsgId: MMSG-17999]
    2023-06-17 21:11:24.699 : User is logged out of session	[MsgId: MMSG-17999]
  2023-06-17 21:13:19.843 : IterationNum=203	[MsgId: MMSG-17999]
   USER 203 = user83:pwd83	[MsgId: MMSG-17999]
    2023-06-17 21:13:19.938 : Start page is opened	[MsgId: MMSG-17999]
    2023-06-17 21:13:24.392 : User is logged in with session 136656.006399352HAcQctDpDcQVzzzHtcVHfptfQQHf	[MsgId: MMSG-17999]
    2023-06-17 21:13:30.484 : User is logged out of session	[MsgId: MMSG-17999]
  2023-06-17 21:15:25.844 : IterationNum=204	[MsgId: MMSG-17999]
   USER 204 = user83:pwd83	[MsgId: MMSG-17999]
    2023-06-17 21:15:25.938 : Start page is opened	[MsgId: MMSG-17999]
    2023-06-17 21:15:31.672 : User is logged in with session 136656.016605913HAcQctDpiftVzzzHtcVHfptzDVcf	[MsgId: MMSG-17999]
    2023-06-17 21:15:37.859 : User is logged out of session	[MsgId: MMSG-17999]
  2023-06-17 21:17:31.845 : IterationNum=205	[MsgId: MMSG-17999]
   USER 205 = user83:pwd83	[MsgId: MMSG-17999]
    2023-06-17 21:17:31.940 : Start page is opened	[MsgId: MMSG-17999]
    2023-06-17 21:17:38.043 : User is logged in with session 136656.026812475HAcQcttpDHQVzzzHtcVHfptzzcHf	[MsgId: MMSG-17999]
    2023-06-17 21:17:43.460 : User is logged out of session	[MsgId: MMSG-17999]
  2023-06-17 21:19:37.847 : IterationNum=206	[MsgId: MMSG-17999]
   USER 206 = user83:pwd83	[MsgId: MMSG-17999]
    2023-06-17 21:19:37.943 : Start page is opened	[MsgId: MMSG-17999]
    2023-06-17 21:19:43.299 : User is logged in with session 136656.037019036HAcQcttpQAtVzzzHtcVHfptzQtcf	[MsgId: MMSG-17999]
    2023-06-17 21:19:47.896 : User is logged out of session	[MsgId: MMSG-17999]
  2023-06-17 21:21:43.853 : IterationNum=207	[MsgId: MMSG-17999]
   USER 207 = user83:pwd83	[MsgId: MMSG-17999]
    2023-06-17 21:21:43.948 : Start page is opened	[MsgId: MMSG-17999]
    2023-06-17 21:21:49.386 : User is logged in with session 136656.047225597HAcQctfptcQVzzzHtcVHfptHcfHf	[MsgId: MMSG-17999]
    2023-06-17 21:21:53.552 : User is logged out of session	[MsgId: MMSG-17999]
  2023-06-17 21:23:49.867 : IterationNum=208	[MsgId: MMSG-17999]
   USER 208 = user83:pwd83	[MsgId: MMSG-17999]
    2023-06-17 21:23:49.961 : Start page is opened	[MsgId: MMSG-17999]
    2023-06-17 21:23:55.260 : User is logged in with session 136656.057432159HAcQctfpQftVzzzHtcVHfptHfHcf	[MsgId: MMSG-17999]
    2023-06-17 21:24:00.643 : User is logged out of session	[MsgId: MMSG-17999]
  2023-06-17 21:25:55.872 : IterationNum=209	[MsgId: MMSG-17999]
   USER 209 = user83:pwd83	[MsgId: MMSG-17999]
    2023-06-17 21:25:55.966 : Start page is opened	[MsgId: MMSG-17999]
    2023-06-17 21:26:01.020 : User is logged in with session 136656.06763872HAcQctzptHQVzzzHtcVHfptHiiHf	[MsgId: MMSG-17999]
    2023-06-17 21:26:06.969 : User is logged out of session	[MsgId: MMSG-17999]
  2023-06-17 21:28:01.887 : IterationNum=210	[MsgId: MMSG-17999]
   USER 210 = user83:pwd83	[MsgId: MMSG-17999]
    2023-06-17 21:28:01.982 : Start page is opened	[MsgId: MMSG-17999]
    2023-06-17 21:28:08.008 : User is logged in with session 136656.077845281HAcQctHpAAtVzzzHtcVHfpticAcf	[MsgId: MMSG-17999]
    2023-06-17 21:28:13.486 : User is logged out of session	[MsgId: MMSG-17999]
  2023-06-17 21:30:07.888 : IterationNum=211	[MsgId: MMSG-17999]
   USER 211 = user83:pwd83	[MsgId: MMSG-17999]
    2023-06-17 21:30:07.982 : Start page is opened	[MsgId: MMSG-17999]
    2023-06-17 21:30:11.869 : User is logged in with session 136656.088051843HAcQctHpfcQVzzzHtcVHfptifVHf	[MsgId: MMSG-17999]
    2023-06-17 21:30:16.541 : User is logged out of session	[MsgId: MMSG-17999]
  2023-06-17 21:32:13.901 : IterationNum=212	[MsgId: MMSG-17999]
   USER 212 = user83:pwd83	[MsgId: MMSG-17999]
    2023-06-17 21:32:13.995 : Start page is opened	[MsgId: MMSG-17999]
    2023-06-17 21:32:19.085 : User is logged in with session 136656.098258404HAcQctipAftVzzzHtcVHfptiiDcf	[MsgId: MMSG-17999]
    2023-06-17 21:32:23.784 : User is logged out of session	[MsgId: MMSG-17999]
  2023-06-17 21:34:19.916 : IterationNum=213	[MsgId: MMSG-17999]
   USER 213 = user83:pwd83	[MsgId: MMSG-17999]
    2023-06-17 21:34:20.010 : Start page is opened	[MsgId: MMSG-17999]
    2023-06-17 21:34:24.525 : User is logged in with session 136656.108464966HAcQctipfHQVzzzHtcVHfptQVtHf	[MsgId: MMSG-17999]
    2023-06-17 21:34:28.903 : User is logged out of session	[MsgId: MMSG-17999]
  2023-06-17 21:36:25.921 : IterationNum=214	[MsgId: MMSG-17999]
   USER 214 = user83:pwd83	[MsgId: MMSG-17999]
    2023-06-17 21:36:26.015 : Start page is opened	[MsgId: MMSG-17999]
    2023-06-17 21:36:30.577 : User is logged in with session 136656.118671527HAcQctQpVAtVzzzHtcVHfptQtzcf	[MsgId: MMSG-17999]
    2023-06-17 21:36:35.115 : User is logged out of session	[MsgId: MMSG-17999]
  2023-06-17 21:38:31.927 : IterationNum=215	[MsgId: MMSG-17999]
   USER 215 = user83:pwd83	[MsgId: MMSG-17999]
    2023-06-17 21:38:32.021 : Start page is opened	[MsgId: MMSG-17999]
    2023-06-17 21:38:37.853 : User is logged in with session 136656.128878088HAcQctQpzcQVzzzHtcVHfptQHHHf	[MsgId: MMSG-17999]
    2023-06-17 21:38:42.016 : User is logged out of session	[MsgId: MMSG-17999]
  2023-06-17 21:40:37.934 : IterationNum=216	[MsgId: MMSG-17999]
   USER 216 = user83:pwd83	[MsgId: MMSG-17999]
    2023-06-17 21:40:38.029 : Start page is opened	[MsgId: MMSG-17999]
    2023-06-17 21:40:43.717 : User is logged in with session 136656.13908465HAcQcfApVftVzzzHtcVHfpfAAQcf	[MsgId: MMSG-17999]
    2023-06-17 21:40:47.870 : User is logged out of session	[MsgId: MMSG-17999]
  2023-06-17 21:42:43.944 : IterationNum=217	[MsgId: MMSG-17999]
   USER 217 = user83:pwd83	[MsgId: MMSG-17999]
    2023-06-17 21:42:44.039 : Start page is opened	[MsgId: MMSG-17999]
    2023-06-17 21:42:49.241 : User is logged in with session 136656.149291211HAcQcfApzHQVzzzHtcVHfpfAtAHf	[MsgId: MMSG-17999]
    2023-06-17 21:42:53.839 : User is logged out of session	[MsgId: MMSG-17999]
  2023-06-17 21:44:49.945 : IterationNum=218	[MsgId: MMSG-17999]
   USER 218 = user83:pwd83	[MsgId: MMSG-17999]
    2023-06-17 21:44:50.039 : Start page is opened	[MsgId: MMSG-17999]
    2023-06-17 21:44:54.448 : User is logged in with session 136656.159497772HAcQcfVpcAtVzzzHtcVHfpfAHccf	[MsgId: MMSG-17999]
    2023-06-17 21:45:00.623 : User is logged out of session	[MsgId: MMSG-17999]
  2023-06-17 21:46:55.958 : IterationNum=219	[MsgId: MMSG-17999]
   USER 219 = user83:pwd83	[MsgId: MMSG-17999]
    2023-06-17 21:46:56.053 : Start page is opened	[MsgId: MMSG-17999]
    2023-06-17 21:47:00.972 : User is logged in with session 136656.169704334HAcQcfVpHcQVzzzHtcVHfpfVADHf	[MsgId: MMSG-17999]
    2023-06-17 21:47:06.757 : User is logged out of session	[MsgId: MMSG-17999]
  2023-06-17 21:49:01.964 : IterationNum=220	[MsgId: MMSG-17999]
   USER 220 = user83:pwd83	[MsgId: MMSG-17999]
    2023-06-17 21:49:02.059 : Start page is opened	[MsgId: MMSG-17999]
    2023-06-17 21:49:07.983 : User is logged in with session 136656.179910895HAcQcfcpcftVzzzHtcVHfpfVDfcf	[MsgId: MMSG-17999]
    2023-06-17 21:49:14.119 : User is logged out of session	[MsgId: MMSG-17999]
  2023-06-17 21:51:07.979 : IterationNum=221	[MsgId: MMSG-17999]
   USER 221 = user83:pwd83	[MsgId: MMSG-17999]
    2023-06-17 21:51:08.073 : Start page is opened	[MsgId: MMSG-17999]
    2023-06-17 21:51:14.329 : User is logged in with session 136656.190198461HAcQcfcpHiDDDDDDtcVHfpfVzH	[MsgId: MMSG-17999]
    2023-06-17 21:51:19.015 : User is logged out of session	[MsgId: MMSG-17999]
  2023-06-17 21:53:13.981 : IterationNum=222	[MsgId: MMSG-17999]
   USER 222 = user83:pwd83	[MsgId: MMSG-17999]
    2023-06-17 21:53:14.076 : Start page is opened	[MsgId: MMSG-17999]
    2023-06-17 21:53:18.533 : User is logged in with session 136656.200405022HAcQcfDpDAiDDDDDtcVHfpfVQif	[MsgId: MMSG-17999]
    2023-06-17 21:53:22.599 : User is logged out of session	[MsgId: MMSG-17999]
  2023-06-17 21:55:19.987 : IterationNum=223	[MsgId: MMSG-17999]
   USER 223 = user83:pwd83	[MsgId: MMSG-17999]
    2023-06-17 21:55:20.080 : Start page is opened	[MsgId: MMSG-17999]
    2023-06-17 21:55:25.953 : User is logged in with session 136656.210611584HAcQcfDpiDDDDDDDtcVHfpfcD	[MsgId: MMSG-17999]
    2023-06-17 21:55:32.040 : User is logged out of session	[MsgId: MMSG-17999]
  2023-06-17 21:57:25.991 : IterationNum=224	[MsgId: MMSG-17999]
   USER 224 = user83:pwd83	[MsgId: MMSG-17999]
    2023-06-17 21:57:26.086 : Start page is opened	[MsgId: MMSG-17999]
    2023-06-17 21:57:31.846 : User is logged in with session 136656.220818145HAcQcftpDfiDDDDDtcVHfpfczVf	[MsgId: MMSG-17999]
    2023-06-17 21:57:37.397 : User is logged out of session	[MsgId: MMSG-17999]
  2023-06-17 21:59:31.994 : IterationNum=225	[MsgId: MMSG-17999]
   USER 225 = user83:pwd83	[MsgId: MMSG-17999]
    2023-06-17 21:59:32.087 : Start page is opened	[MsgId: MMSG-17999]
    2023-06-17 21:59:37.573 : User is logged in with session 136656.231024706HAcQcftpiiDDDDDDtcVHfpfcQD	[MsgId: MMSG-17999]
    2023-06-17 21:59:43.548 : User is logged out of session	[MsgId: MMSG-17999]
  2023-06-17 22:01:38.004 : IterationNum=226	[MsgId: MMSG-17999]
   USER 226 = user83:pwd83	[MsgId: MMSG-17999]
    2023-06-17 22:01:38.098 : Start page is opened	[MsgId: MMSG-17999]
    2023-06-17 22:01:43.256 : User is logged in with session 136656.241231268HAcQcffptAiDDDDDtcVHfpfDctf	[MsgId: MMSG-17999]
    2023-06-17 22:01:47.132 : User is logged out of session	[MsgId: MMSG-17999]
  2023-06-17 22:03:44.014 : IterationNum=227	[MsgId: MMSG-17999]
   USER 227 = user83:pwd83	[MsgId: MMSG-17999]
    2023-06-17 22:03:44.108 : Start page is opened	[MsgId: MMSG-17999]
    2023-06-17 22:03:49.019 : User is logged in with session 136656.251437829HAcQcffpQDDDDDDDtcVHfpfDfz	[MsgId: MMSG-17999]
    2023-06-17 22:03:55.270 : User is logged out of session	[MsgId: MMSG-17999]
  2023-06-17 22:05:50.024 : IterationNum=228	[MsgId: MMSG-17999]
   USER 228 = user83:pwd83	[MsgId: MMSG-17999]
    2023-06-17 22:05:50.118 : Start page is opened	[MsgId: MMSG-17999]
    2023-06-17 22:05:54.257 : User is logged in with session 136656.26164439HAcQcfzptfiDDDDDtcVHfpfDiHf	[MsgId: MMSG-17999]
    2023-06-17 22:06:00.260 : User is logged out of session	[MsgId: MMSG-17999]
  2023-06-17 22:07:56.027 : IterationNum=229	[MsgId: MMSG-17999]
   USER 229 = user83:pwd83	[MsgId: MMSG-17999]
    2023-06-17 22:07:56.122 : Start page is opened	[MsgId: MMSG-17999]
    2023-06-17 22:08:01.360 : User is logged in with session 136656.271850952HAcQcfzpQiDDDDDDtcVHfpftVQ	[MsgId: MMSG-17999]
    2023-06-17 22:08:06.903 : User is logged out of session	[MsgId: MMSG-17999]
  2023-06-17 22:10:02.029 : IterationNum=230	[MsgId: MMSG-17999]
   USER 230 = user83:pwd83	[MsgId: MMSG-17999]
    2023-06-17 22:10:02.123 : Start page is opened	[MsgId: MMSG-17999]
    2023-06-17 22:10:08.136 : User is logged in with session 136656.282057513HAcQcfHpfAiDDDDDtcVHfpftfAf	[MsgId: MMSG-17999]
    2023-06-17 22:10:13.749 : User is logged out of session	[MsgId: MMSG-17999]
  2023-06-17 22:12:08.032 : IterationNum=231	[MsgId: MMSG-17999]
   USER 231 = user83:pwd83	[MsgId: MMSG-17999]
    2023-06-17 22:12:08.126 : Start page is opened	[MsgId: MMSG-17999]
    2023-06-17 22:12:12.351 : User is logged in with session 136656.292264075HAcQcfipADDDDDDDtcVHfpftic	[MsgId: MMSG-17999]
    2023-06-17 22:12:16.336 : User is logged out of session	[MsgId: MMSG-17999]
  2023-06-17 22:14:14.040 : IterationNum=232	[MsgId: MMSG-17999]
   USER 232 = user83:pwd83	[MsgId: MMSG-17999]
    2023-06-17 22:14:14.133 : Start page is opened	[MsgId: MMSG-17999]
    2023-06-17 22:14:19.592 : User is logged in with session 136656.302470636HAcQcfipffiDDDDDtcVHfpffVDf	[MsgId: MMSG-17999]
    2023-06-17 22:14:25.495 : User is logged out of session	[MsgId: MMSG-17999]
  2023-06-17 22:16:20.049 : IterationNum=233	[MsgId: MMSG-17999]
   USER 233 = user83:pwd83	[MsgId: MMSG-17999]
    2023-06-17 22:16:20.144 : Start page is opened	[MsgId: MMSG-17999]
    2023-06-17 22:16:24.383 : User is logged in with session 136656.312677197HAcQcfQpAiDDDDDDtcVHfpfftf	[MsgId: MMSG-17999]
    2023-06-17 22:16:30.354 : User is logged out of session	[MsgId: MMSG-17999]
  2023-06-17 22:18:26.065 : IterationNum=234	[MsgId: MMSG-17999]
   USER 234 = user83:pwd83	[MsgId: MMSG-17999]
    2023-06-17 22:18:26.161 : Start page is opened	[MsgId: MMSG-17999]
    2023-06-17 22:18:31.142 : User is logged in with session 136656.322883759HAcQcfQpzAiDDDDDtcVHfpffHzf	[MsgId: MMSG-17999]
    2023-06-17 22:18:35.800 : User is logged out of session	[MsgId: MMSG-17999]
  2023-06-17 22:20:32.075 : IterationNum=235	[MsgId: MMSG-17999]
   USER 235 = user83:pwd83	[MsgId: MMSG-17999]
    2023-06-17 22:20:32.170 : Start page is opened	[MsgId: MMSG-17999]
    2023-06-17 22:20:36.439 : User is logged in with session 136656.33309032HAcQczApVDDDDDDDtcVHfpfzAi	[MsgId: MMSG-17999]
    2023-06-17 22:20:42.137 : User is logged out of session	[MsgId: MMSG-17999]
