  2023-06-17 14:07:26.131 : IterationNum=1	[MsgId: MMSG-17999]
   USER 1 = user73:pwd73	[MsgId: MMSG-17999]
    2023-06-17 14:07:26.227 : Start page is opened	[MsgId: MMSG-17999]
    2023-06-17 14:07:31.260 : User is logged in with session 136653.936492507HAcQVDzpifiDDDDDtcVHtpicVVf	[MsgId: MMSG-17999]
    2023-06-17 14:07:37.262 : User is logged out of session	[MsgId: MMSG-17999]
  2023-06-17 14:09:32.145 : IterationNum=2	[MsgId: MMSG-17999]
   USER 2 = user73:pwd73	[MsgId: MMSG-17999]
    2023-06-17 14:09:32.240 : Start page is opened	[MsgId: MMSG-17999]
    2023-06-17 14:09:37.551 : User is logged in with session 136653.946699068HAcQVDHpDiDDDDDDtcVHtpictD	[MsgId: MMSG-17999]
    2023-06-17 14:09:42.233 : User is logged out of session	[MsgId: MMSG-17999]
  2023-06-17 14:11:38.149 : IterationNum=3	[MsgId: MMSG-17999]
   USER 3 = user73:pwd73	[MsgId: MMSG-17999]
    2023-06-17 14:11:38.244 : Start page is opened	[MsgId: MMSG-17999]
    2023-06-17 14:11:42.701 : User is logged in with session 136653.95690563HAcQVDHpQAiDDDDDtcVHtpicHtf	[MsgId: MMSG-17999]
    2023-06-17 14:11:47.597 : User is logged out of session	[MsgId: MMSG-17999]
  2023-06-17 14:13:44.153 : IterationNum=4	[MsgId: MMSG-17999]
   USER 4 = user73:pwd73	[MsgId: MMSG-17999]
    2023-06-17 14:13:44.246 : Start page is opened	[MsgId: MMSG-17999]
    2023-06-17 14:13:48.237 : User is logged in with session 136653.967112191HAcQVDiptDDDDDDDtcVHtpiDAz	[MsgId: MMSG-17999]
    2023-06-17 14:13:52.475 : User is logged out of session	[MsgId: MMSG-17999]
  2023-06-17 14:15:50.163 : IterationNum=5	[MsgId: MMSG-17999]
   USER 5 = user73:pwd73	[MsgId: MMSG-17999]
    2023-06-17 14:15:50.257 : Start page is opened	[MsgId: MMSG-17999]
    2023-06-17 14:15:54.555 : User is logged in with session 136653.977318753HAcQVDipQfiDDDDDtcVHtpiDDHf	[MsgId: MMSG-17999]
    2023-06-17 14:15:59.206 : User is logged out of session	[MsgId: MMSG-17999]
  2023-06-17 14:17:56.173 : IterationNum=6	[MsgId: MMSG-17999]
   USER 6 = user73:pwd73	[MsgId: MMSG-17999]
    2023-06-17 14:17:56.267 : Start page is opened	[MsgId: MMSG-17999]
    2023-06-17 14:18:02.219 : User is logged in with session 136653.987525314HAcQVDQptiDDDDDDtcVHtpiDzQ	[MsgId: MMSG-17999]
    2023-06-17 14:18:06.864 : User is logged out of session	[MsgId: MMSG-17999]
  2023-06-17 14:20:02.186 : IterationNum=7	[MsgId: MMSG-17999]
   USER 7 = user73:pwd73	[MsgId: MMSG-17999]
    2023-06-17 14:20:02.281 : Start page is opened	[MsgId: MMSG-17999]
    2023-06-17 14:20:08.569 : User is logged in with session 136653.997731875HAcQVtApAAiDDDDDtcVHtpitAAf	[MsgId: MMSG-17999]
    2023-06-17 14:20:12.514 : User is logged out of session	[MsgId: MMSG-17999]
  2023-06-17 14:22:08.198 : IterationNum=8	[MsgId: MMSG-17999]
   USER 8 = user73:pwd73	[MsgId: MMSG-17999]
    2023-06-17 14:22:08.292 : Start page is opened	[MsgId: MMSG-17999]
    2023-06-17 14:22:13.148 : User is logged in with session 136654.007938437HAcQVtApfDDDDDDDtcVHtpitDc	[MsgId: MMSG-17999]
    2023-06-17 14:22:19.079 : User is logged out of session	[MsgId: MMSG-17999]
  2023-06-17 14:24:14.199 : IterationNum=9	[MsgId: MMSG-17999]
   USER 9 = user73:pwd73	[MsgId: MMSG-17999]
    2023-06-17 14:24:14.294 : Start page is opened	[MsgId: MMSG-17999]
    2023-06-17 14:24:19.270 : User is logged in with session 136654.018144998HAcQVtVpAfiDDDDDtcVHtpitzDf	[MsgId: MMSG-17999]
    2023-06-17 14:24:24.742 : User is logged out of session	[MsgId: MMSG-17999]
  2023-06-17 14:26:20.209 : IterationNum=10	[MsgId: MMSG-17999]
   USER 10 = user73:pwd73	[MsgId: MMSG-17999]
    2023-06-17 14:26:20.304 : Start page is opened	[MsgId: MMSG-17999]
    2023-06-17 14:26:24.701 : User is logged in with session 136654.028351559HAcQVtVpfiDDDDDDtcVHtpitQf	[MsgId: MMSG-17999]
    2023-06-17 14:26:29.905 : User is logged out of session	[MsgId: MMSG-17999]
  2023-06-17 14:28:26.217 : IterationNum=11	[MsgId: MMSG-17999]
   USER 11 = user73:pwd73	[MsgId: MMSG-17999]
    2023-06-17 14:28:26.312 : Start page is opened	[MsgId: MMSG-17999]
    2023-06-17 14:28:32.028 : User is logged in with session 136654.038558121HAcQVtcpVAiDDDDDtcVHtpifczf	[MsgId: MMSG-17999]
    2023-06-17 14:28:36.354 : User is logged out of session	[MsgId: MMSG-17999]
  2023-06-17 14:30:32.219 : IterationNum=12	[MsgId: MMSG-17999]
   USER 12 = user73:pwd73	[MsgId: MMSG-17999]
    2023-06-17 14:30:32.313 : Start page is opened	[MsgId: MMSG-17999]
    2023-06-17 14:30:36.344 : User is logged in with session 136654.048764682HAcQVtcpzDDDDDDDtcVHtpiffi	[MsgId: MMSG-17999]
    2023-06-17 14:30:41.763 : User is logged out of session	[MsgId: MMSG-17999]
  2023-06-17 14:32:38.231 : IterationNum=13	[MsgId: MMSG-17999]
   USER 13 = user73:pwd73	[MsgId: MMSG-17999]
    2023-06-17 14:32:38.324 : Start page is opened	[MsgId: MMSG-17999]
    2023-06-17 14:32:42.884 : User is logged in with session 136654.058971243HAcQVtDpVfiDDDDDtcVHtpifiQf	[MsgId: MMSG-17999]
    2023-06-17 14:32:48.269 : User is logged out of session	[MsgId: MMSG-17999]
  2023-06-17 14:34:44.238 : IterationNum=14	[MsgId: MMSG-17999]
   USER 14 = user73:pwd73	[MsgId: MMSG-17999]
    2023-06-17 14:34:44.332 : Start page is opened	[MsgId: MMSG-17999]
    2023-06-17 14:34:50.082 : User is logged in with session 136654.069177805HAcQVtDpziDDDDDDtcVHtpizcV	[MsgId: MMSG-17999]
    2023-06-17 14:34:54.070 : User is logged out of session	[MsgId: MMSG-17999]
  2023-06-17 14:36:50.246 : IterationNum=15	[MsgId: MMSG-17999]
   USER 15 = user73:pwd73	[MsgId: MMSG-17999]
    2023-06-17 14:36:50.340 : Start page is opened	[MsgId: MMSG-17999]
    2023-06-17 14:36:55.765 : User is logged in with session 136654.079384366HAcQVttpcAiDDDDDtcVHtpizfcf	[MsgId: MMSG-17999]
    2023-06-17 14:37:01.132 : User is logged out of session	[MsgId: MMSG-17999]
  2023-06-17 14:38:56.257 : IterationNum=16	[MsgId: MMSG-17999]
   USER 16 = user73:pwd73	[MsgId: MMSG-17999]
    2023-06-17 14:38:56.352 : Start page is opened	[MsgId: MMSG-17999]
    2023-06-17 14:39:00.619 : User is logged in with session 136654.089590928HAcQVttpHDDDDDDDtcVHtpizit	[MsgId: MMSG-17999]
    2023-06-17 14:39:04.606 : User is logged out of session	[MsgId: MMSG-17999]
  2023-06-17 14:41:02.259 : IterationNum=17	[MsgId: MMSG-17999]
   USER 17 = user73:pwd73	[MsgId: MMSG-17999]
    2023-06-17 14:41:02.352 : Start page is opened	[MsgId: MMSG-17999]
    2023-06-17 14:41:08.160 : User is logged in with session 136654.099797489HAcQVtfpcfiDDDDDtcVHtpiHVff	[MsgId: MMSG-17999]
    2023-06-17 14:41:14.350 : User is logged out of session	[MsgId: MMSG-17999]
  2023-06-17 14:43:08.271 : IterationNum=18	[MsgId: MMSG-17999]
   USER 18 = user73:pwd73	[MsgId: MMSG-17999]
    2023-06-17 14:43:08.365 : Start page is opened	[MsgId: MMSG-17999]
    2023-06-17 14:43:12.473 : User is logged in with session 136654.11000405HAcQVtfpHiDDDDDDtcVHtpiHtH	[MsgId: MMSG-17999]
    2023-06-17 14:43:16.591 : User is logged out of session	[MsgId: MMSG-17999]
  2023-06-17 14:45:14.278 : IterationNum=19	[MsgId: MMSG-17999]
   USER 19 = user73:pwd73	[MsgId: MMSG-17999]
    2023-06-17 14:45:14.373 : Start page is opened	[MsgId: MMSG-17999]
    2023-06-17 14:45:20.716 : User is logged in with session 136654.120210612HAcQVtzpDAiDDDDDtcVHtpiHHif	[MsgId: MMSG-17999]
    2023-06-17 14:45:25.007 : User is logged out of session	[MsgId: MMSG-17999]
  2023-06-17 14:47:20.292 : IterationNum=20	[MsgId: MMSG-17999]
   USER 20 = user73:pwd73	[MsgId: MMSG-17999]
    2023-06-17 14:47:20.386 : Start page is opened	[MsgId: MMSG-17999]
    2023-06-17 14:47:25.806 : User is logged in with session 136654.130417173HAcQVtzpiDDDDDDDtcVHtpiiV	[MsgId: MMSG-17999]
    2023-06-17 14:47:30.623 : User is logged out of session	[MsgId: MMSG-17999]
  2023-06-17 14:49:26.296 : IterationNum=21	[MsgId: MMSG-17999]
   USER 21 = user73:pwd73	[MsgId: MMSG-17999]
    2023-06-17 14:49:26.389 : Start page is opened	[MsgId: MMSG-17999]
    2023-06-17 14:49:32.389 : User is logged in with session 136654.140623734HAcQVtHpDfiDDDDDtcVHtpiitVf	[MsgId: MMSG-17999]
    2023-06-17 14:49:38.588 : User is logged out of session	[MsgId: MMSG-17999]
  2023-06-17 14:51:32.305 : IterationNum=22	[MsgId: MMSG-17999]
   USER 22 = user73:pwd73	[MsgId: MMSG-17999]
    2023-06-17 14:51:32.400 : Start page is opened	[MsgId: MMSG-17999]
    2023-06-17 14:51:37.638 : User is logged in with session 136654.150830296HAcQVtHpiiDDDDDDtcVHtpiiHD	[MsgId: MMSG-17999]
    2023-06-17 14:51:43.677 : User is logged out of session	[MsgId: MMSG-17999]
  2023-06-17 14:53:38.314 : IterationNum=23	[MsgId: MMSG-17999]
   USER 23 = user73:pwd73	[MsgId: MMSG-17999]
    2023-06-17 14:53:38.408 : Start page is opened	[MsgId: MMSG-17999]
    2023-06-17 14:53:43.310 : User is logged in with session 136654.161036857HAcQVtiptAiDDDDDtcVHtpiQAtf	[MsgId: MMSG-17999]
    2023-06-17 14:53:48.292 : User is logged out of session	[MsgId: MMSG-17999]
  2023-06-17 14:55:44.316 : IterationNum=24	[MsgId: MMSG-17999]
   USER 24 = user73:pwd73	[MsgId: MMSG-17999]
    2023-06-17 14:55:44.410 : Start page is opened	[MsgId: MMSG-17999]
    2023-06-17 14:55:49.776 : User is logged in with session 136654.171243418HAcQVtipQDDDDDDDtcVHtpiQDz	[MsgId: MMSG-17999]
    2023-06-17 14:55:56.130 : User is logged out of session	[MsgId: MMSG-17999]
  2023-06-17 14:57:50.325 : IterationNum=25	[MsgId: MMSG-17999]
   USER 25 = user73:pwd73	[MsgId: MMSG-17999]
    2023-06-17 14:57:50.419 : Start page is opened	[MsgId: MMSG-17999]
    2023-06-17 14:57:54.575 : User is logged in with session 136654.18144998HAcQVtQptfiDDDDDtcVHtpiQzHf	[MsgId: MMSG-17999]
    2023-06-17 14:57:58.594 : User is logged out of session	[MsgId: MMSG-17999]
  2023-06-17 14:59:56.335 : IterationNum=26	[MsgId: MMSG-17999]
   USER 26 = user73:pwd73	[MsgId: MMSG-17999]
    2023-06-17 14:59:56.428 : Start page is opened	[MsgId: MMSG-17999]
    2023-06-17 15:00:02.191 : User is logged in with session 136654.191656541HAcQVtQpQiDDDDDDtcVHtpiQQQ	[MsgId: MMSG-17999]
    2023-06-17 15:00:07.348 : User is logged out of session	[MsgId: MMSG-17999]
  2023-06-17 15:02:02.345 : IterationNum=27	[MsgId: MMSG-17999]
   USER 27 = user73:pwd73	[MsgId: MMSG-17999]
    2023-06-17 15:02:02.438 : Start page is opened	[MsgId: MMSG-17999]
    2023-06-17 15:02:06.675 : User is logged in with session 136654.201863102HAcQVfApfAiDDDDDtcVHtpQADAf	[MsgId: MMSG-17999]
    2023-06-17 15:02:12.154 : User is logged out of session	[MsgId: MMSG-17999]
  2023-06-17 15:04:08.355 : IterationNum=28	[MsgId: MMSG-17999]
   USER 28 = user73:pwd73	[MsgId: MMSG-17999]
    2023-06-17 15:04:08.449 : Start page is opened	[MsgId: MMSG-17999]
    2023-06-17 15:04:12.393 : User is logged in with session 136654.212069664HAcQVfVpADDDDDDDtcVHtpQAzc	[MsgId: MMSG-17999]
    2023-06-17 15:04:18.330 : User is logged out of session	[MsgId: MMSG-17999]
  2023-06-17 15:06:14.357 : IterationNum=29	[MsgId: MMSG-17999]
   USER 29 = user73:pwd73	[MsgId: MMSG-17999]
    2023-06-17 15:06:14.450 : Start page is opened	[MsgId: MMSG-17999]
    2023-06-17 15:06:20.111 : User is logged in with session 136654.222276225HAcQVfVpffiDDDDDtcVHtpQAQDf	[MsgId: MMSG-17999]
    2023-06-17 15:06:24.038 : User is logged out of session	[MsgId: MMSG-17999]
  2023-06-17 15:08:20.364 : IterationNum=30	[MsgId: MMSG-17999]
   USER 30 = user73:pwd73	[MsgId: MMSG-17999]
    2023-06-17 15:08:20.458 : Start page is opened	[MsgId: MMSG-17999]
    2023-06-17 15:08:24.590 : User is logged in with session 136654.232482787HAcQVfcpAiDDDDDDtcVHtpQVcf	[MsgId: MMSG-17999]
    2023-06-17 15:08:30.873 : User is logged out of session	[MsgId: MMSG-17999]
  2023-06-17 15:10:26.370 : IterationNum=31	[MsgId: MMSG-17999]
   USER 31 = user73:pwd73	[MsgId: MMSG-17999]
    2023-06-17 15:10:26.465 : Start page is opened	[MsgId: MMSG-17999]
    2023-06-17 15:10:31.505 : User is logged in with session 136654.242689348HAcQVfcpzAiDDDDDtcVHtpQVfzf	[MsgId: MMSG-17999]
    2023-06-17 15:10:37.180 : User is logged out of session	[MsgId: MMSG-17999]
  2023-06-17 15:12:32.385 : IterationNum=32	[MsgId: MMSG-17999]
   USER 32 = user73:pwd73	[MsgId: MMSG-17999]
    2023-06-17 15:12:32.479 : Start page is opened	[MsgId: MMSG-17999]
    2023-06-17 15:12:37.231 : User is logged in with session 136654.252895909HAcQVfDpVDDDDDDDtcVHtpQVii	[MsgId: MMSG-17999]
    2023-06-17 15:12:42.386 : User is logged out of session	[MsgId: MMSG-17999]
  2023-06-17 15:14:38.386 : IterationNum=33	[MsgId: MMSG-17999]
   USER 33 = user73:pwd73	[MsgId: MMSG-17999]
    2023-06-17 15:14:38.481 : Start page is opened	[MsgId: MMSG-17999]
    2023-06-17 15:14:42.641 : User is logged in with session 136654.263102471HAcQVfDpzfiDDDDDtcVHtpQcVQf	[MsgId: MMSG-17999]
    2023-06-17 15:14:46.533 : User is logged out of session	[MsgId: MMSG-17999]
  2023-06-17 15:16:44.398 : IterationNum=34	[MsgId: MMSG-17999]
   USER 34 = user73:pwd73	[MsgId: MMSG-17999]
    2023-06-17 15:16:44.491 : Start page is opened	[MsgId: MMSG-17999]
    2023-06-17 15:16:50.308 : User is logged in with session 136654.273309032HAcQVftpViDDDDDDtcVHtpQcfV	[MsgId: MMSG-17999]
    2023-06-17 15:16:55.828 : User is logged out of session	[MsgId: MMSG-17999]
  2023-06-17 15:18:50.397 : IterationNum=35	[MsgId: MMSG-17999]
   USER 35 = user73:pwd73	[MsgId: MMSG-17999]
    2023-06-17 15:18:50.491 : Start page is opened	[MsgId: MMSG-17999]
    2023-06-17 15:18:56.258 : User is logged in with session 136654.283515593HAcQVftpHAiDDDDDtcVHtpQcicf	[MsgId: MMSG-17999]
    2023-06-17 15:19:02.294 : User is logged out of session	[MsgId: MMSG-17999]
  2023-06-17 15:20:56.412 : IterationNum=36	[MsgId: MMSG-17999]
   USER 36 = user73:pwd73	[MsgId: MMSG-17999]
    2023-06-17 15:20:56.507 : Start page is opened	[MsgId: MMSG-17999]
    2023-06-17 15:21:02.023 : User is logged in with session 136654.293722155HAcQVffpcDDDDDDDtcVHtpQDVt	[MsgId: MMSG-17999]
    2023-06-17 15:21:07.080 : User is logged out of session	[MsgId: MMSG-17999]
  2023-06-17 15:23:02.419 : IterationNum=37	[MsgId: MMSG-17999]
   USER 37 = user73:pwd73	[MsgId: MMSG-17999]
    2023-06-17 15:23:02.512 : Start page is opened	[MsgId: MMSG-17999]
    2023-06-17 15:23:07.743 : User is logged in with session 136654.303928716HAcQVffpHfiDDDDDtcVHtpQDtff	[MsgId: MMSG-17999]
    2023-06-17 15:23:13.303 : User is logged out of session	[MsgId: MMSG-17999]
  2023-06-17 15:25:08.430 : IterationNum=38	[MsgId: MMSG-17999]
   USER 38 = user73:pwd73	[MsgId: MMSG-17999]
    2023-06-17 15:25:08.522 : Start page is opened	[MsgId: MMSG-17999]
    2023-06-17 15:25:13.149 : User is logged in with session 136654.314135277HAcQVfzpciDDDDDDtcVHtpQDHH	[MsgId: MMSG-17999]
    2023-06-17 15:25:19.369 : User is logged out of session	[MsgId: MMSG-17999]
  2023-06-17 15:27:14.430 : IterationNum=39	[MsgId: MMSG-17999]
   USER 39 = user73:pwd73	[MsgId: MMSG-17999]
    2023-06-17 15:27:14.525 : Start page is opened	[MsgId: MMSG-17999]
    2023-06-17 15:27:19.034 : User is logged in with session 136654.324341839HAcQVfzpiAiDDDDDtcVHtpQtAif	[MsgId: MMSG-17999]
    2023-06-17 15:27:23.928 : User is logged out of session	[MsgId: MMSG-17999]
  2023-06-17 15:29:20.435 : IterationNum=40	[MsgId: MMSG-17999]
   USER 40 = user73:pwd73	[MsgId: MMSG-17999]
    2023-06-17 15:29:20.530 : Start page is opened	[MsgId: MMSG-17999]
    2023-06-17 15:29:24.593 : User is logged in with session 136654.3345484HAcQVfHpDDDDDDDDtcVHtpQtt	[MsgId: MMSG-17999]
    2023-06-17 15:29:29.153 : User is logged out of session	[MsgId: MMSG-17999]
  2023-06-17 15:31:26.436 : IterationNum=41	[MsgId: MMSG-17999]
   USER 41 = user73:pwd73	[MsgId: MMSG-17999]
    2023-06-17 15:31:26.530 : Start page is opened	[MsgId: MMSG-17999]
    2023-06-17 15:31:31.835 : User is logged in with session 136654.344754962HAcQVfHpifiDDDDDtcVHtpQtHVf	[MsgId: MMSG-17999]
    2023-06-17 15:31:37.708 : User is logged out of session	[MsgId: MMSG-17999]
  2023-06-17 15:33:32.442 : IterationNum=42	[MsgId: MMSG-17999]
   USER 42 = user73:pwd73	[MsgId: MMSG-17999]
    2023-06-17 15:33:32.535 : Start page is opened	[MsgId: MMSG-17999]
    2023-06-17 15:33:38.765 : User is logged in with session 136654.354961523HAcQVfipDiDDDDDDtcVHtpQfAD	[MsgId: MMSG-17999]
    2023-06-17 15:33:43.922 : User is logged out of session	[MsgId: MMSG-17999]
  2023-06-17 15:35:38.448 : IterationNum=43	[MsgId: MMSG-17999]
   USER 43 = user73:pwd73	[MsgId: MMSG-17999]
    2023-06-17 15:35:38.543 : Start page is opened	[MsgId: MMSG-17999]
    2023-06-17 15:35:43.188 : User is logged in with session 136654.365168084HAcQVfipQAiDDDDDtcVHtpQfDtf	[MsgId: MMSG-17999]
    2023-06-17 15:35:48.065 : User is logged out of session	[MsgId: MMSG-17999]
  2023-06-17 15:37:44.451 : IterationNum=44	[MsgId: MMSG-17999]
   USER 44 = user73:pwd73	[MsgId: MMSG-17999]
    2023-06-17 15:37:44.546 : Start page is opened	[MsgId: MMSG-17999]
    2023-06-17 15:37:49.412 : User is logged in with session 136654.375374646HAcQVfQptDDDDDDDtcVHtpQfzz	[MsgId: MMSG-17999]
    2023-06-17 15:37:54.043 : User is logged out of session	[MsgId: MMSG-17999]
  2023-06-17 15:39:50.466 : IterationNum=45	[MsgId: MMSG-17999]
   USER 45 = user73:pwd73	[MsgId: MMSG-17999]
    2023-06-17 15:39:50.559 : Start page is opened	[MsgId: MMSG-17999]
    2023-06-17 15:39:54.449 : User is logged in with session 136654.385581207HAcQVfQpQfiDDDDDtcVHtpQfQHf	[MsgId: MMSG-17999]
    2023-06-17 15:39:59.481 : User is logged out of session	[MsgId: MMSG-17999]
  2023-06-17 15:41:56.480 : IterationNum=46	[MsgId: MMSG-17999]
   USER 46 = user73:pwd73	[MsgId: MMSG-17999]
    2023-06-17 15:41:56.574 : Start page is opened	[MsgId: MMSG-17999]
    2023-06-17 15:42:02.140 : User is logged in with session 136654.395787768HAcQVzAptiDDDDDDtcVHtpQzcQ	[MsgId: MMSG-17999]
    2023-06-17 15:42:06.383 : User is logged out of session	[MsgId: MMSG-17999]
  2023-06-17 15:44:02.494 : IterationNum=47	[MsgId: MMSG-17999]
   USER 47 = user73:pwd73	[MsgId: MMSG-17999]
    2023-06-17 15:44:02.587 : Start page is opened	[MsgId: MMSG-17999]
    2023-06-17 15:44:08.047 : User is logged in with session 136654.40599433HAcQVzVpAAiDDDDDtcVHtpQzzAf	[MsgId: MMSG-17999]
    2023-06-17 15:44:14.034 : User is logged out of session	[MsgId: MMSG-17999]
  2023-06-17 15:46:08.497 : IterationNum=48	[MsgId: MMSG-17999]
   USER 48 = user73:pwd73	[MsgId: MMSG-17999]
    2023-06-17 15:46:08.590 : Start page is opened	[MsgId: MMSG-17999]
    2023-06-17 15:46:14.574 : User is logged in with session 136654.416200891HAcQVzVpfDDDDDDDtcVHtpQzQc	[MsgId: MMSG-17999]
    2023-06-17 15:46:19.460 : User is logged out of session	[MsgId: MMSG-17999]
  2023-06-17 15:48:14.507 : IterationNum=49	[MsgId: MMSG-17999]
   USER 49 = user73:pwd73	[MsgId: MMSG-17999]
    2023-06-17 15:48:14.601 : Start page is opened	[MsgId: MMSG-17999]
    2023-06-17 15:48:19.147 : User is logged in with session 136654.426407452HAcQVzcpAfiDDDDDtcVHtpQHcDf	[MsgId: MMSG-17999]
    2023-06-17 15:48:23.686 : User is logged out of session	[MsgId: MMSG-17999]
  2023-06-17 15:50:20.508 : IterationNum=50	[MsgId: MMSG-17999]
   USER 50 = user73:pwd73	[MsgId: MMSG-17999]
    2023-06-17 15:50:20.602 : Start page is opened	[MsgId: MMSG-17999]
    2023-06-17 15:50:25.961 : User is logged in with session 136654.436614014HAcQVzcpfiDDDDDDtcVHtpQHff	[MsgId: MMSG-17999]
    2023-06-17 15:50:32.279 : User is logged out of session	[MsgId: MMSG-17999]
  2023-06-17 15:52:26.508 : IterationNum=51	[MsgId: MMSG-17999]
   USER 51 = user73:pwd73	[MsgId: MMSG-17999]
    2023-06-17 15:52:26.601 : Start page is opened	[MsgId: MMSG-17999]
    2023-06-17 15:52:31.730 : User is logged in with session 136654.446820575HAcQVzDpVAiDDDDDtcVHtpQHizf	[MsgId: MMSG-17999]
    2023-06-17 15:52:36.170 : User is logged out of session	[MsgId: MMSG-17999]
  2023-06-17 15:54:32.520 : IterationNum=52	[MsgId: MMSG-17999]
   USER 52 = user73:pwd73	[MsgId: MMSG-17999]
    2023-06-17 15:54:32.614 : Start page is opened	[MsgId: MMSG-17999]
    2023-06-17 15:54:38.718 : User is logged in with session 136654.457027136HAcQVzDpzDDDDDDDtcVHtpQiVi	[MsgId: MMSG-17999]
    2023-06-17 15:54:43.734 : User is logged out of session	[MsgId: MMSG-17999]
  2023-06-17 15:56:38.520 : IterationNum=53	[MsgId: MMSG-17999]
   USER 53 = user73:pwd73	[MsgId: MMSG-17999]
    2023-06-17 15:56:38.613 : Start page is opened	[MsgId: MMSG-17999]
    2023-06-17 15:56:44.772 : User is logged in with session 136654.467233698HAcQVztpVfiDDDDDtcVHtpQitQf	[MsgId: MMSG-17999]
    2023-06-17 15:56:51.058 : User is logged out of session	[MsgId: MMSG-17999]
  2023-06-17 15:58:44.523 : IterationNum=54	[MsgId: MMSG-17999]
   USER 54 = user73:pwd73	[MsgId: MMSG-17999]
    2023-06-17 15:58:44.617 : Start page is opened	[MsgId: MMSG-17999]
    2023-06-17 15:58:49.185 : User is logged in with session 136654.477440259HAcQVztpziDDDDDDtcVHtpQiiV	[MsgId: MMSG-17999]
    2023-06-17 15:58:54.854 : User is logged out of session	[MsgId: MMSG-17999]
  2023-06-17 16:00:50.525 : IterationNum=55	[MsgId: MMSG-17999]
   USER 55 = user73:pwd73	[MsgId: MMSG-17999]
    2023-06-17 16:00:50.620 : Start page is opened	[MsgId: MMSG-17999]
    2023-06-17 16:00:56.225 : User is logged in with session 136654.487646821HAcQVzfpcAiDDDDDtcVHtpQQVcf	[MsgId: MMSG-17999]
    2023-06-17 16:01:02.288 : User is logged out of session	[MsgId: MMSG-17999]
  2023-06-17 16:02:56.532 : IterationNum=56	[MsgId: MMSG-17999]
   USER 56 = user73:pwd73	[MsgId: MMSG-17999]
    2023-06-17 16:02:56.626 : Start page is opened	[MsgId: MMSG-17999]
    2023-06-17 16:03:02.819 : User is logged in with session 136654.497853382HAcQVzfpHDDDDDDDtcVHtpQQtt	[MsgId: MMSG-17999]
    2023-06-17 16:03:08.917 : User is logged out of session	[MsgId: MMSG-17999]
  2023-06-17 16:05:02.543 : IterationNum=57	[MsgId: MMSG-17999]
   USER 57 = user73:pwd73	[MsgId: MMSG-17999]
    2023-06-17 16:05:02.638 : Start page is opened	[MsgId: MMSG-17999]
    2023-06-17 16:05:08.026 : User is logged in with session 136654.508059943HAcQVzzpcfiDDDDDtcVHtpQQHff	[MsgId: MMSG-17999]
    2023-06-17 16:05:13.685 : User is logged out of session	[MsgId: MMSG-17999]
  2023-06-17 16:07:08.546 : IterationNum=58	[MsgId: MMSG-17999]
   USER 58 = user73:pwd73	[MsgId: MMSG-17999]
    2023-06-17 16:07:08.641 : Start page is opened	[MsgId: MMSG-17999]
    2023-06-17 16:07:13.035 : User is logged in with session 136654.518266505HAcQVzzpHiDDDDDDtcVHfpAAAH	[MsgId: MMSG-17999]
    2023-06-17 16:07:18.772 : User is logged out of session	[MsgId: MMSG-17999]
  2023-06-17 16:09:14.558 : IterationNum=59	[MsgId: MMSG-17999]
   USER 59 = user73:pwd73	[MsgId: MMSG-17999]
    2023-06-17 16:09:14.652 : Start page is opened	[MsgId: MMSG-17999]
    2023-06-17 16:09:20.176 : User is logged in with session 136654.528473066HAcQVzHpDAiDDDDDtcVHfpAADif	[MsgId: MMSG-17999]
    2023-06-17 16:09:26.041 : User is logged out of session	[MsgId: MMSG-17999]
  2023-06-17 16:11:20.571 : IterationNum=60	[MsgId: MMSG-17999]
   USER 60 = user73:pwd73	[MsgId: MMSG-17999]
    2023-06-17 16:11:20.665 : Start page is opened	[MsgId: MMSG-17999]
    2023-06-17 16:11:25.122 : User is logged in with session 136654.538679627HAcQVzHpiDDDDDDDtcVHfpAAH	[MsgId: MMSG-17999]
    2023-06-17 16:11:30.269 : User is logged out of session	[MsgId: MMSG-17999]
  2023-06-17 16:13:26.573 : IterationNum=61	[MsgId: MMSG-17999]
   USER 61 = user73:pwd73	[MsgId: MMSG-17999]
    2023-06-17 16:13:26.667 : Start page is opened	[MsgId: MMSG-17999]
    2023-06-17 16:13:32.269 : User is logged in with session 136654.548886189HAcQVzipDfiDDDDDtcVHfpAVAVf	[MsgId: MMSG-17999]
    2023-06-17 16:13:37.107 : User is logged out of session	[MsgId: MMSG-17999]
  2023-06-17 16:15:32.588 : IterationNum=62	[MsgId: MMSG-17999]
   USER 62 = user73:pwd73	[MsgId: MMSG-17999]
    2023-06-17 16:15:32.683 : Start page is opened	[MsgId: MMSG-17999]
    2023-06-17 16:15:37.422 : User is logged in with session 136654.55909275HAcQVzipiiDDDDDDtcVHfpAVDD	[MsgId: MMSG-17999]
    2023-06-17 16:15:41.724 : User is logged out of session	[MsgId: MMSG-17999]
  2023-06-17 16:17:38.599 : IterationNum=63	[MsgId: MMSG-17999]
   USER 63 = user73:pwd73	[MsgId: MMSG-17999]
    2023-06-17 16:17:38.693 : Start page is opened	[MsgId: MMSG-17999]
    2023-06-17 16:17:44.982 : User is logged in with session 136654.569299311HAcQVzQptAiDDDDDtcVHfpAVztf	[MsgId: MMSG-17999]
    2023-06-17 16:17:49.341 : User is logged out of session	[MsgId: MMSG-17999]
  2023-06-17 16:19:44.612 : IterationNum=64	[MsgId: MMSG-17999]
   USER 64 = user73:pwd73	[MsgId: MMSG-17999]
    2023-06-17 16:19:44.705 : Start page is opened	[MsgId: MMSG-17999]
    2023-06-17 16:19:50.860 : User is logged in with session 136654.579505873HAcQVzQpQDDDDDDDtcVHfpAVQz	[MsgId: MMSG-17999]
    2023-06-17 16:19:55.765 : User is logged out of session	[MsgId: MMSG-17999]
  2023-06-17 16:21:50.627 : IterationNum=65	[MsgId: MMSG-17999]
   USER 65 = user73:pwd73	[MsgId: MMSG-17999]
    2023-06-17 16:21:50.722 : Start page is opened	[MsgId: MMSG-17999]
    2023-06-17 16:21:56.586 : User is logged in with session 136654.589712434HAcQVHAptfiDDDDDtcVHfpAccHf	[MsgId: MMSG-17999]
    2023-06-17 16:22:00.623 : User is logged out of session	[MsgId: MMSG-17999]
  2023-06-17 16:23:56.635 : IterationNum=66	[MsgId: MMSG-17999]
   USER 66 = user73:pwd73	[MsgId: MMSG-17999]
    2023-06-17 16:23:56.729 : Start page is opened	[MsgId: MMSG-17999]
    2023-06-17 16:24:02.666 : User is logged in with session 136654.599918996HAcQVHApQiDDDDDDtcVHfpAcfQ	[MsgId: MMSG-17999]
    2023-06-17 16:24:07.130 : User is logged out of session	[MsgId: MMSG-17999]
  2023-06-17 16:26:02.639 : IterationNum=67	[MsgId: MMSG-17999]
   USER 67 = user73:pwd73	[MsgId: MMSG-17999]
    2023-06-17 16:26:02.733 : Start page is opened	[MsgId: MMSG-17999]
    2023-06-17 16:26:07.531 : User is logged in with session 136654.610125557HAcQVHVpfAiDDDDDtcVHfpAcQAf	[MsgId: MMSG-17999]
    2023-06-17 16:26:11.831 : User is logged out of session	[MsgId: MMSG-17999]
  2023-06-17 16:28:08.647 : IterationNum=68	[MsgId: MMSG-17999]
   USER 68 = user73:pwd73	[MsgId: MMSG-17999]
    2023-06-17 16:28:08.742 : Start page is opened	[MsgId: MMSG-17999]
    2023-06-17 16:28:13.141 : User is logged in with session 136654.620332118HAcQVHcpADDDDDDDtcVHfpADcc	[MsgId: MMSG-17999]
    2023-06-17 16:28:19.165 : User is logged out of session	[MsgId: MMSG-17999]
  2023-06-17 16:30:14.656 : IterationNum=69	[MsgId: MMSG-17999]
   USER 69 = user73:pwd73	[MsgId: MMSG-17999]
    2023-06-17 16:30:14.751 : Start page is opened	[MsgId: MMSG-17999]
    2023-06-17 16:30:19.715 : User is logged in with session 136654.63053868HAcQVHcpffiDDDDDtcVHfpADfDf	[MsgId: MMSG-17999]
    2023-06-17 16:30:25.159 : User is logged out of session	[MsgId: MMSG-17999]
  2023-06-17 16:32:20.656 : IterationNum=70	[MsgId: MMSG-17999]
   USER 70 = user73:pwd73	[MsgId: MMSG-17999]
    2023-06-17 16:32:20.749 : Start page is opened	[MsgId: MMSG-17999]
    2023-06-17 16:32:25.140 : User is logged in with session 136654.640745241HAcQVHDpAiDDDDDDtcVHfpADif	[MsgId: MMSG-17999]
    2023-06-17 16:32:30.368 : User is logged out of session	[MsgId: MMSG-17999]
  2023-06-17 16:34:26.671 : IterationNum=71	[MsgId: MMSG-17999]
   USER 71 = user73:pwd73	[MsgId: MMSG-17999]
    2023-06-17 16:34:26.764 : Start page is opened	[MsgId: MMSG-17999]
    2023-06-17 16:34:32.447 : User is logged in with session 136654.650951802HAcQVHDpzAiDDDDDtcVHfpAtVzf	[MsgId: MMSG-17999]
    2023-06-17 16:34:37.641 : User is logged out of session	[MsgId: MMSG-17999]
  2023-06-17 16:36:32.678 : IterationNum=72	[MsgId: MMSG-17999]
   USER 72 = user73:pwd73	[MsgId: MMSG-17999]
    2023-06-17 16:36:32.773 : Start page is opened	[MsgId: MMSG-17999]
    2023-06-17 16:36:37.273 : User is logged in with session 136654.661158364HAcQVHtpVDDDDDDDtcVHfpAtti	[MsgId: MMSG-17999]
    2023-06-17 16:36:42.508 : User is logged out of session	[MsgId: MMSG-17999]
  2023-06-17 16:38:38.685 : IterationNum=73	[MsgId: MMSG-17999]
   USER 73 = user73:pwd73	[MsgId: MMSG-17999]
    2023-06-17 16:38:38.779 : Start page is opened	[MsgId: MMSG-17999]
    2023-06-17 16:38:43.043 : User is logged in with session 136654.671364925HAcQVHtpzfiDDDDDtcVHfpAtHQf	[MsgId: MMSG-17999]
    2023-06-17 16:38:48.176 : User is logged out of session	[MsgId: MMSG-17999]
  2023-06-17 16:40:44.691 : IterationNum=74	[MsgId: MMSG-17999]
   USER 74 = user73:pwd73	[MsgId: MMSG-17999]
    2023-06-17 16:40:44.785 : Start page is opened	[MsgId: MMSG-17999]
    2023-06-17 16:40:48.958 : User is logged in with session 136654.681571486HAcQVHfpViDDDDDDtcVHfpAfVV	[MsgId: MMSG-17999]
    2023-06-17 16:40:54.057 : User is logged out of session	[MsgId: MMSG-17999]
  2023-06-17 16:42:50.705 : IterationNum=75	[MsgId: MMSG-17999]
   USER 75 = user73:pwd73	[MsgId: MMSG-17999]
    2023-06-17 16:42:50.799 : Start page is opened	[MsgId: MMSG-17999]
    2023-06-17 16:42:56.838 : User is logged in with session 136654.691778048HAcQVHfpHAiDDDDDtcVHfpAftcf	[MsgId: MMSG-17999]
    2023-06-17 16:43:01.721 : User is logged out of session	[MsgId: MMSG-17999]
  2023-06-17 16:44:56.720 : IterationNum=76	[MsgId: MMSG-17999]
   USER 76 = user73:pwd73	[MsgId: MMSG-17999]
    2023-06-17 16:44:56.814 : Start page is opened	[MsgId: MMSG-17999]
    2023-06-17 16:45:03.139 : User is logged in with session 136654.701984609HAcQVHzpcDDDDDDDtcVHfpAfHt	[MsgId: MMSG-17999]
    2023-06-17 16:45:07.856 : User is logged out of session	[MsgId: MMSG-17999]
  2023-06-17 16:47:02.728 : IterationNum=77	[MsgId: MMSG-17999]
   USER 77 = user73:pwd73	[MsgId: MMSG-17999]
    2023-06-17 16:47:02.820 : Start page is opened	[MsgId: MMSG-17999]
    2023-06-17 16:47:06.733 : User is logged in with session 136654.712191171HAcQVHzpHfiDDDDDtcVHfpAzAff	[MsgId: MMSG-17999]
    2023-06-17 16:47:11.268 : User is logged out of session	[MsgId: MMSG-17999]
  2023-06-17 16:49:08.740 : IterationNum=78	[MsgId: MMSG-17999]
   USER 78 = user73:pwd73	[MsgId: MMSG-17999]
    2023-06-17 16:49:08.832 : Start page is opened	[MsgId: MMSG-17999]
    2023-06-17 16:49:14.391 : User is logged in with session 136654.722397732HAcQVHHpciDDDDDDtcVHfpAzDH	[MsgId: MMSG-17999]
    2023-06-17 16:49:19.239 : User is logged out of session	[MsgId: MMSG-17999]
  2023-06-17 16:51:14.753 : IterationNum=79	[MsgId: MMSG-17999]
   USER 79 = user73:pwd73	[MsgId: MMSG-17999]
    2023-06-17 16:51:14.846 : Start page is opened	[MsgId: MMSG-17999]
    2023-06-17 16:51:20.050 : User is logged in with session 136654.732604293HAcQVHHpiAiDDDDDtcVHfpAzzif	[MsgId: MMSG-17999]
    2023-06-17 16:51:26.408 : User is logged out of session	[MsgId: MMSG-17999]
  2023-06-17 16:53:20.761 : IterationNum=80	[MsgId: MMSG-17999]
   USER 80 = user73:pwd73	[MsgId: MMSG-17999]
    2023-06-17 16:53:20.855 : Start page is opened	[MsgId: MMSG-17999]
    2023-06-17 16:53:26.231 : User is logged in with session 136654.742810855HAcQVHipDDDDDDDDtcVHfpAH	[MsgId: MMSG-17999]
    2023-06-17 16:53:30.400 : User is logged out of session	[MsgId: MMSG-17999]
  2023-06-17 16:55:26.775 : IterationNum=81	[MsgId: MMSG-17999]
   USER 81 = user73:pwd73	[MsgId: MMSG-17999]
    2023-06-17 16:55:26.870 : Start page is opened	[MsgId: MMSG-17999]
    2023-06-17 16:55:33.077 : User is logged in with session 136654.753017416HAcQVHipifiDDDDDtcVHfpAHDVf	[MsgId: MMSG-17999]
    2023-06-17 16:55:37.045 : User is logged out of session	[MsgId: MMSG-17999]
  2023-06-17 16:57:32.788 : IterationNum=82	[MsgId: MMSG-17999]
   USER 82 = user73:pwd73	[MsgId: MMSG-17999]
    2023-06-17 16:57:32.882 : Start page is opened	[MsgId: MMSG-17999]
    2023-06-17 16:57:39.002 : User is logged in with session 136654.763223977HAcQVHQpDiDDDDDDtcVHfpAHzD	[MsgId: MMSG-17999]
    2023-06-17 16:57:43.663 : User is logged out of session	[MsgId: MMSG-17999]
  2023-06-17 16:59:38.791 : IterationNum=83	[MsgId: MMSG-17999]
   USER 83 = user73:pwd73	[MsgId: MMSG-17999]
    2023-06-17 16:59:38.885 : Start page is opened	[MsgId: MMSG-17999]
    2023-06-17 16:59:42.972 : User is logged in with session 136654.773430539HAcQVHQpQAiDDDDDtcVHfpAHQtf	[MsgId: MMSG-17999]
    2023-06-17 16:59:48.125 : User is logged out of session	[MsgId: MMSG-17999]
  2023-06-17 17:01:44.797 : IterationNum=84	[MsgId: MMSG-17999]
   USER 84 = user73:pwd73	[MsgId: MMSG-17999]
    2023-06-17 17:01:44.892 : Start page is opened	[MsgId: MMSG-17999]
    2023-06-17 17:01:50.297 : User is logged in with session 136654.7836371HAcQViAptDDDDDDDtcVHfpAicz	[MsgId: MMSG-17999]
    2023-06-17 17:01:54.791 : User is logged out of session	[MsgId: MMSG-17999]
  2023-06-17 17:03:50.809 : IterationNum=85	[MsgId: MMSG-17999]
   USER 85 = user73:pwd73	[MsgId: MMSG-17999]
    2023-06-17 17:03:50.904 : Start page is opened	[MsgId: MMSG-17999]
    2023-06-17 17:03:56.810 : User is logged in with session 136654.793843661HAcQViApQfiDDDDDtcVHfpAifHf	[MsgId: MMSG-17999]
    2023-06-17 17:04:01.196 : User is logged out of session	[MsgId: MMSG-17999]
  2023-06-17 17:05:56.819 : IterationNum=86	[MsgId: MMSG-17999]
   USER 86 = user73:pwd73	[MsgId: MMSG-17999]
    2023-06-17 17:05:56.912 : Start page is opened	[MsgId: MMSG-17999]
    2023-06-17 17:06:02.607 : User is logged in with session 136654.804050223HAcQViVptiDDDDDDtcVHfpAiiQ	[MsgId: MMSG-17999]
    2023-06-17 17:06:08.131 : User is logged out of session	[MsgId: MMSG-17999]
  2023-06-17 17:08:02.822 : IterationNum=87	[MsgId: MMSG-17999]
   USER 87 = user73:pwd73	[MsgId: MMSG-17999]
    2023-06-17 17:08:02.916 : Start page is opened	[MsgId: MMSG-17999]
    2023-06-17 17:08:07.223 : User is logged in with session 136654.814256784HAcQVicpAAiDDDDDtcVHfpAQcAf	[MsgId: MMSG-17999]
    2023-06-17 17:08:11.770 : User is logged out of session	[MsgId: MMSG-17999]
  2023-06-17 17:10:08.832 : IterationNum=88	[MsgId: MMSG-17999]
   USER 88 = user73:pwd73	[MsgId: MMSG-17999]
    2023-06-17 17:10:08.926 : Start page is opened	[MsgId: MMSG-17999]
    2023-06-17 17:10:15.024 : User is logged in with session 136654.824463345HAcQVicpfDDDDDDDtcVHfpAQfc	[MsgId: MMSG-17999]
    2023-06-17 17:10:20.071 : User is logged out of session	[MsgId: MMSG-17999]
  2023-06-17 17:12:14.845 : IterationNum=89	[MsgId: MMSG-17999]
   USER 89 = user73:pwd73	[MsgId: MMSG-17999]
    2023-06-17 17:12:14.939 : Start page is opened	[MsgId: MMSG-17999]
    2023-06-17 17:12:20.491 : User is logged in with session 136654.834669907HAcQViDpAfiDDDDDtcVHfpAQiDf	[MsgId: MMSG-17999]
    2023-06-17 17:12:25.875 : User is logged out of session	[MsgId: MMSG-17999]
  2023-06-17 17:14:20.854 : IterationNum=90	[MsgId: MMSG-17999]
   USER 90 = user73:pwd73	[MsgId: MMSG-17999]
    2023-06-17 17:14:20.947 : Start page is opened	[MsgId: MMSG-17999]
    2023-06-17 17:14:25.642 : User is logged in with session 136654.844876468HAcQViDpfiDDDDDDtcVHfpVAVf	[MsgId: MMSG-17999]
    2023-06-17 17:14:30.068 : User is logged out of session	[MsgId: MMSG-17999]
  2023-06-17 17:16:26.861 : IterationNum=91	[MsgId: MMSG-17999]
   USER 91 = user73:pwd73	[MsgId: MMSG-17999]
    2023-06-17 17:16:26.955 : Start page is opened	[MsgId: MMSG-17999]
    2023-06-17 17:16:32.857 : User is logged in with session 136654.85508303HAcQVitpVAiDDDDDtcVHfpVAtzf	[MsgId: MMSG-17999]
    2023-06-17 17:16:37.111 : User is logged out of session	[MsgId: MMSG-17999]
  2023-06-17 17:18:32.861 : IterationNum=92	[MsgId: MMSG-17999]
   USER 92 = user73:pwd73	[MsgId: MMSG-17999]
    2023-06-17 17:18:32.955 : Start page is opened	[MsgId: MMSG-17999]
    2023-06-17 17:18:36.986 : User is logged in with session 136654.865289591HAcQVitpzDDDDDDDtcVHfpVAHi	[MsgId: MMSG-17999]
    2023-06-17 17:18:41.695 : User is logged out of session	[MsgId: MMSG-17999]
  2023-06-17 17:20:38.865 : IterationNum=93	[MsgId: MMSG-17999]
   USER 93 = user73:pwd73	[MsgId: MMSG-17999]
    2023-06-17 17:20:38.959 : Start page is opened	[MsgId: MMSG-17999]
    2023-06-17 17:20:44.419 : User is logged in with session 136654.875496152HAcQVifpVfiDDDDDtcVHfpVVAQf	[MsgId: MMSG-17999]
    2023-06-17 17:20:48.599 : User is logged out of session	[MsgId: MMSG-17999]
  2023-06-17 17:22:44.869 : IterationNum=94	[MsgId: MMSG-17999]
   USER 94 = user73:pwd73	[MsgId: MMSG-17999]
    2023-06-17 17:22:44.965 : Start page is opened	[MsgId: MMSG-17999]
    2023-06-17 17:22:50.625 : User is logged in with session 136654.885702714HAcQVifpziDDDDDDtcVHfpVVtV	[MsgId: MMSG-17999]
    2023-06-17 17:22:55.469 : User is logged out of session	[MsgId: MMSG-17999]
  2023-06-17 17:24:50.880 : IterationNum=95	[MsgId: MMSG-17999]
   USER 95 = user73:pwd73	[MsgId: MMSG-17999]
    2023-06-17 17:24:50.975 : Start page is opened	[MsgId: MMSG-17999]
    2023-06-17 17:24:56.617 : User is logged in with session 136654.895909275HAcQVizpcAiDDDDDtcVHfpVVHcf	[MsgId: MMSG-17999]
    2023-06-17 17:25:01.483 : User is logged out of session	[MsgId: MMSG-17999]
  2023-06-17 17:26:56.894 : IterationNum=96	[MsgId: MMSG-17999]
   USER 96 = user73:pwd73	[MsgId: MMSG-17999]
    2023-06-17 17:26:56.988 : Start page is opened	[MsgId: MMSG-17999]
    2023-06-17 17:27:03.326 : User is logged in with session 136654.906115836HAcQVizpHDDDDDDDtcVHfpVcAt	[MsgId: MMSG-17999]
    2023-06-17 17:27:07.857 : User is logged out of session	[MsgId: MMSG-17999]
  2023-06-17 17:29:02.899 : IterationNum=97	[MsgId: MMSG-17999]
   USER 97 = user73:pwd73	[MsgId: MMSG-17999]
    2023-06-17 17:29:02.993 : Start page is opened	[MsgId: MMSG-17999]
    2023-06-17 17:29:07.284 : User is logged in with session 136654.916322398HAcQViHpcfiDDDDDtcVHfpVcDff	[MsgId: MMSG-17999]
    2023-06-17 17:29:11.870 : User is logged out of session	[MsgId: MMSG-17999]
  2023-06-17 17:31:08.913 : IterationNum=98	[MsgId: MMSG-17999]
   USER 98 = user73:pwd73	[MsgId: MMSG-17999]
    2023-06-17 17:31:09.007 : Start page is opened	[MsgId: MMSG-17999]
    2023-06-17 17:31:13.781 : User is logged in with session 136654.926528959HAcQViHpHiDDDDDDtcVHfpVczH	[MsgId: MMSG-17999]
    2023-06-17 17:31:19.229 : User is logged out of session	[MsgId: MMSG-17999]
  2023-06-17 17:33:14.918 : IterationNum=99	[MsgId: MMSG-17999]
   USER 99 = user73:pwd73	[MsgId: MMSG-17999]
    2023-06-17 17:33:15.011 : Start page is opened	[MsgId: MMSG-17999]
    2023-06-17 17:33:21.013 : User is logged in with session 136654.93673552HAcQViipDAiDDDDDtcVHfpVcQif	[MsgId: MMSG-17999]
    2023-06-17 17:33:25.094 : User is logged out of session	[MsgId: MMSG-17999]
  2023-06-17 17:35:20.918 : IterationNum=100	[MsgId: MMSG-17999]
   USER 100 = user73:pwd73	[MsgId: MMSG-17999]
    2023-06-17 17:35:21.012 : Start page is opened	[MsgId: MMSG-17999]
    2023-06-17 17:35:26.121 : User is logged in with session 136654.946942082HAcQViipiDDDDDDDtcVHfpVDD	[MsgId: MMSG-17999]
    2023-06-17 17:35:30.704 : User is logged out of session	[MsgId: MMSG-17999]
  2023-06-17 17:37:26.919 : IterationNum=101	[MsgId: MMSG-17999]
   USER 101 = user73:pwd73	[MsgId: MMSG-17999]
    2023-06-17 17:37:27.012 : Start page is opened	[MsgId: MMSG-17999]
    2023-06-17 17:37:32.095 : User is logged in with session 136654.957148643HAcQViQpDfiDDDDDtcVHfpVDzVf	[MsgId: MMSG-17999]
    2023-06-17 17:37:36.153 : User is logged out of session	[MsgId: MMSG-17999]
  2023-06-17 17:39:32.932 : IterationNum=102	[MsgId: MMSG-17999]
   USER 102 = user73:pwd73	[MsgId: MMSG-17999]
    2023-06-17 17:39:33.028 : Start page is opened	[MsgId: MMSG-17999]
    2023-06-17 17:39:39.160 : User is logged in with session 136654.967355205HAcQViQpiiDDDDDDtcVHfpVDQD	[MsgId: MMSG-17999]
    2023-06-17 17:39:44.311 : User is logged out of session	[MsgId: MMSG-17999]
  2023-06-17 17:41:38.946 : IterationNum=103	[MsgId: MMSG-17999]
   USER 103 = user73:pwd73	[MsgId: MMSG-17999]
    2023-06-17 17:41:39.040 : Start page is opened	[MsgId: MMSG-17999]
    2023-06-17 17:41:44.881 : User is logged in with session 136654.977561766HAcQVQAptAiDDDDDtcVHfpVtctf	[MsgId: MMSG-17999]
    2023-06-17 17:41:50.544 : User is logged out of session	[MsgId: MMSG-17999]
  2023-06-17 17:43:44.961 : IterationNum=104	[MsgId: MMSG-17999]
   USER 104 = user73:pwd73	[MsgId: MMSG-17999]
    2023-06-17 17:43:45.055 : Start page is opened	[MsgId: MMSG-17999]
    2023-06-17 17:43:49.872 : User is logged in with session 136654.987768327HAcQVQApQDDDDDDDtcVHfpVtfz	[MsgId: MMSG-17999]
    2023-06-17 17:43:54.930 : User is logged out of session	[MsgId: MMSG-17999]
  2023-06-17 17:45:50.974 : IterationNum=105	[MsgId: MMSG-17999]
   USER 105 = user73:pwd73	[MsgId: MMSG-17999]
    2023-06-17 17:45:51.068 : Start page is opened	[MsgId: MMSG-17999]
    2023-06-17 17:45:56.437 : User is logged in with session 136654.998055893HAcQVQVptzcftcVHfpVtiHHf	[MsgId: MMSG-17999]
    2023-06-17 17:46:02.719 : User is logged out of session	[MsgId: MMSG-17999]
  2023-06-17 17:47:56.988 : IterationNum=106	[MsgId: MMSG-17999]
   USER 106 = user73:pwd73	[MsgId: MMSG-17999]
    2023-06-17 17:47:57.083 : Start page is opened	[MsgId: MMSG-17999]
    2023-06-17 17:48:01.169 : User is logged in with session 136655.008262454HAcQVQVpQiHftcVHfpVfVQcf	[MsgId: MMSG-17999]
    2023-06-17 17:48:07.496 : User is logged out of session	[MsgId: MMSG-17999]
  2023-06-17 17:50:03.000 : IterationNum=107	[MsgId: MMSG-17999]
   USER 107 = user73:pwd73	[MsgId: MMSG-17999]
    2023-06-17 17:50:03.093 : Start page is opened	[MsgId: MMSG-17999]
    2023-06-17 17:50:09.086 : User is logged in with session 136655.018469016HAcQVQcpfVcftcVHfpVffAHf	[MsgId: MMSG-17999]
    2023-06-17 17:50:13.597 : User is logged out of session	[MsgId: MMSG-17999]
  2023-06-17 17:52:09.014 : IterationNum=108	[MsgId: MMSG-17999]
   USER 108 = user73:pwd73	[MsgId: MMSG-17999]
    2023-06-17 17:52:09.107 : Start page is opened	[MsgId: MMSG-17999]
    2023-06-17 17:52:12.991 : User is logged in with session 136655.028675577HAcQVQDpADHftcVHfpVficcf	[MsgId: MMSG-17999]
    2023-06-17 17:52:17.886 : User is logged out of session	[MsgId: MMSG-17999]
  2023-06-17 17:54:15.014 : IterationNum=109	[MsgId: MMSG-17999]
   USER 109 = user73:pwd73	[MsgId: MMSG-17999]
    2023-06-17 17:54:15.108 : Start page is opened	[MsgId: MMSG-17999]
    2023-06-17 17:54:19.078 : User is logged in with session 136655.038882139HAcQVQDpfzcftcVHfpVzVDHf	[MsgId: MMSG-17999]
    2023-06-17 17:54:23.462 : User is logged out of session	[MsgId: MMSG-17999]
  2023-06-17 17:56:21.016 : IterationNum=110	[MsgId: MMSG-17999]
   USER 110 = user73:pwd73	[MsgId: MMSG-17999]
    2023-06-17 17:56:21.109 : Start page is opened	[MsgId: MMSG-17999]
    2023-06-17 17:56:27.311 : User is logged in with session 136655.0490887HAcQVQtpAiHftcVHfpVztfcf	[MsgId: MMSG-17999]
    2023-06-17 17:56:31.905 : User is logged out of session	[MsgId: MMSG-17999]
  2023-06-17 17:58:27.030 : IterationNum=111	[MsgId: MMSG-17999]
   USER 111 = user73:pwd73	[MsgId: MMSG-17999]
    2023-06-17 17:58:27.125 : Start page is opened	[MsgId: MMSG-17999]
    2023-06-17 17:58:31.189 : User is logged in with session 136655.059295261HAcQVQtpzVcftcVHfpVzHzHf	[MsgId: MMSG-17999]
    2023-06-17 17:58:36.029 : User is logged out of session	[MsgId: MMSG-17999]
  2023-06-17 18:00:33.031 : IterationNum=112	[MsgId: MMSG-17999]
   USER 112 = user73:pwd73	[MsgId: MMSG-17999]
    2023-06-17 18:00:33.126 : Start page is opened	[MsgId: MMSG-17999]
    2023-06-17 18:00:39.392 : User is logged in with session 136655.069501823HAcQVQfpVDHftcVHfpVHAicf	[MsgId: MMSG-17999]
    2023-06-17 18:00:43.734 : User is logged out of session	[MsgId: MMSG-17999]
  2023-06-17 18:02:39.043 : IterationNum=113	[MsgId: MMSG-17999]
   USER 113 = user73:pwd73	[MsgId: MMSG-17999]
    2023-06-17 18:02:39.138 : Start page is opened	[MsgId: MMSG-17999]
    2023-06-17 18:02:43.216 : User is logged in with session 136655.079708384HAcQVQfpzzcftcVHfpVHDQHf	[MsgId: MMSG-17999]
    2023-06-17 18:02:49.293 : User is logged out of session	[MsgId: MMSG-17999]
  2023-06-17 18:04:45.051 : IterationNum=114	[MsgId: MMSG-17999]
   USER 114 = user73:pwd73	[MsgId: MMSG-17999]
    2023-06-17 18:04:45.144 : Start page is opened	[MsgId: MMSG-17999]
    2023-06-17 18:04:49.932 : User is logged in with session 136655.089914945HAcQVQzpViHftcVHfpVHHVcf	[MsgId: MMSG-17999]
    2023-06-17 18:04:56.201 : User is logged out of session	[MsgId: MMSG-17999]
  2023-06-17 18:06:51.056 : IterationNum=115	[MsgId: MMSG-17999]
   USER 115 = user73:pwd73	[MsgId: MMSG-17999]
    2023-06-17 18:06:51.151 : Start page is opened	[MsgId: MMSG-17999]
    2023-06-17 18:06:57.128 : User is logged in with session 136655.100121507HAcQVQzpHVcftcVHfpViAcHf	[MsgId: MMSG-17999]
    2023-06-17 18:07:01.366 : User is logged out of session	[MsgId: MMSG-17999]
  2023-06-17 18:08:57.061 : IterationNum=116	[MsgId: MMSG-17999]
   USER 116 = user73:pwd73	[MsgId: MMSG-17999]
    2023-06-17 18:08:57.156 : Start page is opened	[MsgId: MMSG-17999]
    2023-06-17 18:09:02.514 : User is logged in with session 136655.110328068HAcQVQHpcDHftcVHfpViDtcf	[MsgId: MMSG-17999]
    2023-06-17 18:09:06.855 : User is logged out of session	[MsgId: MMSG-17999]
  2023-06-17 18:11:03.064 : IterationNum=117	[MsgId: MMSG-17999]
   USER 117 = user73:pwd73	[MsgId: MMSG-17999]
    2023-06-17 18:11:03.158 : Start page is opened	[MsgId: MMSG-17999]
    2023-06-17 18:11:08.877 : User is logged in with session 136655.120534629HAcQVQHpHzcftcVHfpVizfHf	[MsgId: MMSG-17999]
    2023-06-17 18:11:14.276 : User is logged out of session	[MsgId: MMSG-17999]
  2023-06-17 18:13:09.065 : IterationNum=118	[MsgId: MMSG-17999]
   USER 118 = user73:pwd73	[MsgId: MMSG-17999]
    2023-06-17 18:13:09.158 : Start page is opened	[MsgId: MMSG-17999]
    2023-06-17 18:13:14.397 : User is logged in with session 136655.130741191HAcQVQipciHftcVHfpViQHcf	[MsgId: MMSG-17999]
    2023-06-17 18:13:19.359 : User is logged out of session	[MsgId: MMSG-17999]
  2023-06-17 18:15:15.076 : IterationNum=119	[MsgId: MMSG-17999]
   USER 119 = user73:pwd73	[MsgId: MMSG-17999]
    2023-06-17 18:15:15.168 : Start page is opened	[MsgId: MMSG-17999]
    2023-06-17 18:15:21.278 : User is logged in with session 136655.140947752HAcQVQipiVcftcVHfpVQciHf	[MsgId: MMSG-17999]
    2023-06-17 18:15:27.511 : User is logged out of session	[MsgId: MMSG-17999]
  2023-06-17 18:17:21.087 : IterationNum=120	[MsgId: MMSG-17999]
   USER 120 = user73:pwd73	[MsgId: MMSG-17999]
    2023-06-17 18:17:21.181 : Start page is opened	[MsgId: MMSG-17999]
    2023-06-17 18:17:27.502 : User is logged in with session 136655.151154314HAcQVQQpDDHftcVHfpVQzAcf	[MsgId: MMSG-17999]
    2023-06-17 18:17:33.316 : User is logged out of session	[MsgId: MMSG-17999]
  2023-06-17 18:19:27.096 : IterationNum=121	[MsgId: MMSG-17999]
   USER 121 = user73:pwd73	[MsgId: MMSG-17999]
    2023-06-17 18:19:27.191 : Start page is opened	[MsgId: MMSG-17999]
    2023-06-17 18:19:33.291 : User is logged in with session 136655.161360875HAcQVQQpizcftcVHfpVQQVHf	[MsgId: MMSG-17999]
    2023-06-17 18:19:37.339 : User is logged out of session	[MsgId: MMSG-17999]
  2023-06-17 18:21:33.107 : IterationNum=122	[MsgId: MMSG-17999]
   USER 122 = user73:pwd73	[MsgId: MMSG-17999]
    2023-06-17 18:21:33.199 : Start page is opened	[MsgId: MMSG-17999]
    2023-06-17 18:21:37.707 : User is logged in with session 136655.171567436HAcQcAApDiHftcVHfpcAcDcf	[MsgId: MMSG-17999]
    2023-06-17 18:21:42.733 : User is logged out of session	[MsgId: MMSG-17999]
  2023-06-17 18:23:39.113 : IterationNum=123	[MsgId: MMSG-17999]
   USER 123 = user73:pwd73	[MsgId: MMSG-17999]
    2023-06-17 18:23:39.208 : Start page is opened	[MsgId: MMSG-17999]
    2023-06-17 18:23:43.445 : User is logged in with session 136655.181773998HAcQcAApQVcftcVHfpcAftHf	[MsgId: MMSG-17999]
    2023-06-17 18:23:49.588 : User is logged out of session	[MsgId: MMSG-17999]
  2023-06-17 18:25:45.120 : IterationNum=124	[MsgId: MMSG-17999]
   USER 124 = user73:pwd73	[MsgId: MMSG-17999]
    2023-06-17 18:25:45.214 : Start page is opened	[MsgId: MMSG-17999]
    2023-06-17 18:25:50.778 : User is logged in with session 136655.191980559HAcQcAVptDHftcVHfpcAizcf	[MsgId: MMSG-17999]
    2023-06-17 18:25:55.845 : User is logged out of session	[MsgId: MMSG-17999]
  2023-06-17 18:27:51.135 : IterationNum=125	[MsgId: MMSG-17999]
   USER 125 = user73:pwd73	[MsgId: MMSG-17999]
    2023-06-17 18:27:51.230 : Start page is opened	[MsgId: MMSG-17999]
    2023-06-17 18:27:56.603 : User is logged in with session 136655.20218712HAcQcAVpQzcftcVHfpcVVHHf	[MsgId: MMSG-17999]
    2023-06-17 18:28:02.858 : User is logged out of session	[MsgId: MMSG-17999]
  2023-06-17 18:29:57.140 : IterationNum=126	[MsgId: MMSG-17999]
   USER 126 = user73:pwd73	[MsgId: MMSG-17999]
    2023-06-17 18:29:57.235 : Start page is opened	[MsgId: MMSG-17999]
    2023-06-17 18:30:01.564 : User is logged in with session 136655.212393682HAcQcAcptiHftcVHfpcVtQcf	[MsgId: MMSG-17999]
    2023-06-17 18:30:07.366 : User is logged out of session	[MsgId: MMSG-17999]
  2023-06-17 18:32:03.146 : IterationNum=127	[MsgId: MMSG-17999]
   USER 127 = user73:pwd73	[MsgId: MMSG-17999]
    2023-06-17 18:32:03.240 : Start page is opened	[MsgId: MMSG-17999]
    2023-06-17 18:32:08.547 : User is logged in with session 136655.222600243HAcQcADpAVcftcVHfpcViAHf	[MsgId: MMSG-17999]
    2023-06-17 18:32:14.131 : User is logged out of session	[MsgId: MMSG-17999]
  2023-06-17 18:34:09.150 : IterationNum=128	[MsgId: MMSG-17999]
   USER 128 = user73:pwd73	[MsgId: MMSG-17999]
    2023-06-17 18:34:09.244 : Start page is opened	[MsgId: MMSG-17999]
    2023-06-17 18:34:15.234 : User is logged in with session 136655.232806804HAcQcADpfDHftcVHfpccVccf	[MsgId: MMSG-17999]
    2023-06-17 18:34:21.370 : User is logged out of session	[MsgId: MMSG-17999]
  2023-06-17 18:36:15.152 : IterationNum=129	[MsgId: MMSG-17999]
   USER 129 = user73:pwd73	[MsgId: MMSG-17999]
    2023-06-17 18:36:15.247 : Start page is opened	[MsgId: MMSG-17999]
    2023-06-17 18:36:19.876 : User is logged in with session 136655.243013366HAcQcAtpAzcftcVHfpcctDHf	[MsgId: MMSG-17999]
    2023-06-17 18:36:24.030 : User is logged out of session	[MsgId: MMSG-17999]
  2023-06-17 18:38:21.163 : IterationNum=130	[MsgId: MMSG-17999]
   USER 130 = user73:pwd73	[MsgId: MMSG-17999]
    2023-06-17 18:38:21.258 : Start page is opened	[MsgId: MMSG-17999]
    2023-06-17 18:38:25.917 : User is logged in with session 136655.253219927HAcQcAtpfiHftcVHfpccHfcf	[MsgId: MMSG-17999]
    2023-06-17 18:38:30.984 : User is logged out of session	[MsgId: MMSG-17999]
  2023-06-17 18:40:27.178 : IterationNum=131	[MsgId: MMSG-17999]
   USER 131 = user73:pwd73	[MsgId: MMSG-17999]
    2023-06-17 18:40:27.273 : Start page is opened	[MsgId: MMSG-17999]
    2023-06-17 18:40:31.194 : User is logged in with session 136655.263426488HAcQcAfpVVcftcVHfpcDAzHf	[MsgId: MMSG-17999]
    2023-06-17 18:40:36.126 : User is logged out of session	[MsgId: MMSG-17999]
  2023-06-17 18:42:33.184 : IterationNum=132	[MsgId: MMSG-17999]
   USER 132 = user73:pwd73	[MsgId: MMSG-17999]
    2023-06-17 18:42:33.279 : Start page is opened	[MsgId: MMSG-17999]
    2023-06-17 18:42:38.039 : User is logged in with session 136655.27363305HAcQcAfpzDHftcVHfpcDDicf	[MsgId: MMSG-17999]
    2023-06-17 18:42:44.268 : User is logged out of session	[MsgId: MMSG-17999]
  2023-06-17 18:44:39.199 : IterationNum=133	[MsgId: MMSG-17999]
   USER 133 = user73:pwd73	[MsgId: MMSG-17999]
    2023-06-17 18:44:39.292 : Start page is opened	[MsgId: MMSG-17999]
    2023-06-17 18:44:43.987 : User is logged in with session 136655.283839611HAcQcAzpVzcftcVHfpcDzQHf	[MsgId: MMSG-17999]
    2023-06-17 18:44:49.045 : User is logged out of session	[MsgId: MMSG-17999]
  2023-06-17 18:46:45.203 : IterationNum=134	[MsgId: MMSG-17999]
   USER 134 = user73:pwd73	[MsgId: MMSG-17999]
    2023-06-17 18:46:45.296 : Start page is opened	[MsgId: MMSG-17999]
    2023-06-17 18:46:49.480 : User is logged in with session 136655.294046173HAcQcAzpziHftcVHfpctAVcf	[MsgId: MMSG-17999]
    2023-06-17 18:46:54.748 : User is logged out of session	[MsgId: MMSG-17999]
  2023-06-17 18:48:51.203 : IterationNum=135	[MsgId: MMSG-17999]
   USER 135 = user73:pwd73	[MsgId: MMSG-17999]
    2023-06-17 18:48:51.297 : Start page is opened	[MsgId: MMSG-17999]
    2023-06-17 18:48:55.918 : User is logged in with session 136655.304252734HAcQcAHpcVcftcVHfpctDcHf	[MsgId: MMSG-17999]
    2023-06-17 18:49:00.736 : User is logged out of session	[MsgId: MMSG-17999]
  2023-06-17 18:50:57.212 : IterationNum=136	[MsgId: MMSG-17999]
   USER 136 = user73:pwd73	[MsgId: MMSG-17999]
    2023-06-17 18:50:57.307 : Start page is opened	[MsgId: MMSG-17999]
    2023-06-17 18:51:03.561 : User is logged in with session 136655.314459295HAcQcAHpHDHftcVHfpctztcf	[MsgId: MMSG-17999]
    2023-06-17 18:51:09.718 : User is logged out of session	[MsgId: MMSG-17999]
  2023-06-17 18:53:03.214 : IterationNum=137	[MsgId: MMSG-17999]
   USER 137 = user73:pwd73	[MsgId: MMSG-17999]
    2023-06-17 18:53:03.308 : Start page is opened	[MsgId: MMSG-17999]
    2023-06-17 18:53:07.767 : User is logged in with session 136655.324665857HAcQcAipczcftcVHfpctQfHf	[MsgId: MMSG-17999]
    2023-06-17 18:53:12.040 : User is logged out of session	[MsgId: MMSG-17999]
  2023-06-17 18:55:09.220 : IterationNum=138	[MsgId: MMSG-17999]
   USER 138 = user73:pwd73	[MsgId: MMSG-17999]
    2023-06-17 18:55:09.314 : Start page is opened	[MsgId: MMSG-17999]
    2023-06-17 18:55:13.623 : User is logged in with session 136655.334872418HAcQcAipHiHftcVHfpcfcHcf	[MsgId: MMSG-17999]
    2023-06-17 18:55:18.174 : User is logged out of session	[MsgId: MMSG-17999]
  2023-06-17 18:57:15.224 : IterationNum=139	[MsgId: MMSG-17999]
   USER 139 = user73:pwd73	[MsgId: MMSG-17999]
    2023-06-17 18:57:15.318 : Start page is opened	[MsgId: MMSG-17999]
    2023-06-17 18:57:19.257 : User is logged in with session 136655.345078979HAcQcAQpDVcftcVHfpcffiHf	[MsgId: MMSG-17999]
    2023-06-17 18:57:25.016 : User is logged out of session	[MsgId: MMSG-17999]
  2023-06-17 18:59:21.225 : IterationNum=140	[MsgId: MMSG-17999]
   USER 140 = user73:pwd73	[MsgId: MMSG-17999]
    2023-06-17 18:59:21.319 : Start page is opened	[MsgId: MMSG-17999]
    2023-06-17 18:59:25.823 : User is logged in with session 136655.355285541HAcQcAQpiDHftcVHfpcfQAcf	[MsgId: MMSG-17999]
    2023-06-17 18:59:31.597 : User is logged out of session	[MsgId: MMSG-17999]
  2023-06-17 19:01:27.231 : IterationNum=141	[MsgId: MMSG-17999]
   USER 141 = user73:pwd73	[MsgId: MMSG-17999]
    2023-06-17 19:01:27.324 : Start page is opened	[MsgId: MMSG-17999]
    2023-06-17 19:01:33.036 : User is logged in with session 136655.365492102HAcQcVApDzcftcVHfpczcVHf	[MsgId: MMSG-17999]
    2023-06-17 19:01:39.199 : User is logged out of session	[MsgId: MMSG-17999]
  2023-06-17 19:03:33.236 : IterationNum=142	[MsgId: MMSG-17999]
   USER 142 = user73:pwd73	[MsgId: MMSG-17999]
    2023-06-17 19:03:33.331 : Start page is opened	[MsgId: MMSG-17999]
    2023-06-17 19:03:39.157 : User is logged in with session 136655.375698663HAcQcVApiiHftcVHfpczfDcf	[MsgId: MMSG-17999]
    2023-06-17 19:03:43.327 : User is logged out of session	[MsgId: MMSG-17999]
  2023-06-17 19:05:39.248 : IterationNum=143	[MsgId: MMSG-17999]
   USER 143 = user73:pwd73	[MsgId: MMSG-17999]
    2023-06-17 19:05:39.341 : Start page is opened	[MsgId: MMSG-17999]
    2023-06-17 19:05:43.501 : User is logged in with session 136655.385905225HAcQcVVptVcftcVHfpczitHf	[MsgId: MMSG-17999]
    2023-06-17 19:05:47.525 : User is logged out of session	[MsgId: MMSG-17999]
  2023-06-17 19:07:45.257 : IterationNum=144	[MsgId: MMSG-17999]
   USER 144 = user73:pwd73	[MsgId: MMSG-17999]
    2023-06-17 19:07:45.351 : Start page is opened	[MsgId: MMSG-17999]
    2023-06-17 19:07:49.751 : User is logged in with session 136655.396111786HAcQcVVpQDHftcVHfpcHVzcf	[MsgId: MMSG-17999]
    2023-06-17 19:07:53.982 : User is logged out of session	[MsgId: MMSG-17999]
  2023-06-17 19:09:51.259 : IterationNum=145	[MsgId: MMSG-17999]
   USER 145 = user73:pwd73	[MsgId: MMSG-17999]
    2023-06-17 19:09:51.353 : Start page is opened	[MsgId: MMSG-17999]
    2023-06-17 19:09:55.593 : User is logged in with session 136655.406318348HAcQcVcptzcftcVHfpcHtHHf	[MsgId: MMSG-17999]
    2023-06-17 19:10:01.854 : User is logged out of session	[MsgId: MMSG-17999]
  2023-06-17 19:11:57.268 : IterationNum=146	[MsgId: MMSG-17999]
   USER 146 = user73:pwd73	[MsgId: MMSG-17999]
    2023-06-17 19:11:57.363 : Start page is opened	[MsgId: MMSG-17999]
    2023-06-17 19:12:01.748 : User is logged in with session 136655.416524909HAcQcVcpQiHftcVHfpcHHQcf	[MsgId: MMSG-17999]
    2023-06-17 19:12:07.391 : User is logged out of session	[MsgId: MMSG-17999]
  2023-06-17 19:14:03.278 : IterationNum=147	[MsgId: MMSG-17999]
   USER 147 = user73:pwd73	[MsgId: MMSG-17999]
    2023-06-17 19:14:03.372 : Start page is opened	[MsgId: MMSG-17999]
    2023-06-17 19:14:09.166 : User is logged in with session 136655.42673147HAcQcVDpfVcftcVHfpciVAHf	[MsgId: MMSG-17999]
    2023-06-17 19:14:13.945 : User is logged out of session	[MsgId: MMSG-17999]
  2023-06-17 19:16:09.293 : IterationNum=148	[MsgId: MMSG-17999]
   USER 148 = user73:pwd73	[MsgId: MMSG-17999]
    2023-06-17 19:16:09.387 : Start page is opened	[MsgId: MMSG-17999]
    2023-06-17 19:16:14.412 : User is logged in with session 136655.436938032HAcQcVtpADHftcVHfpcitccf	[MsgId: MMSG-17999]
    2023-06-17 19:16:19.809 : User is logged out of session	[MsgId: MMSG-17999]
  2023-06-17 19:18:15.303 : IterationNum=149	[MsgId: MMSG-17999]
   USER 149 = user73:pwd73	[MsgId: MMSG-17999]
    2023-06-17 19:18:15.396 : Start page is opened	[MsgId: MMSG-17999]
    2023-06-17 19:18:21.664 : User is logged in with session 136655.447144593HAcQcVtpfzcftcVHfpciHDHf	[MsgId: MMSG-17999]
    2023-06-17 19:18:27.167 : User is logged out of session	[MsgId: MMSG-17999]
  2023-06-17 19:20:21.311 : IterationNum=150	[MsgId: MMSG-17999]
   USER 150 = user73:pwd73	[MsgId: MMSG-17999]
    2023-06-17 19:20:21.404 : Start page is opened	[MsgId: MMSG-17999]
    2023-06-17 19:20:26.260 : User is logged in with session 136655.457351154HAcQcVfpAiHftcVHfpcQAfcf	[MsgId: MMSG-17999]
    2023-06-17 19:20:32.154 : User is logged out of session	[MsgId: MMSG-17999]
  2023-06-17 19:22:27.325 : IterationNum=151	[MsgId: MMSG-17999]
   USER 151 = user73:pwd73	[MsgId: MMSG-17999]
    2023-06-17 19:22:27.420 : Start page is opened	[MsgId: MMSG-17999]
    2023-06-17 19:22:33.571 : User is logged in with session 136655.467557716HAcQcVfpzVcftcVHfpcQDzHf	[MsgId: MMSG-17999]
    2023-06-17 19:22:38.659 : User is logged out of session	[MsgId: MMSG-17999]
  2023-06-17 19:24:33.328 : IterationNum=152	[MsgId: MMSG-17999]
   USER 152 = user73:pwd73	[MsgId: MMSG-17999]
    2023-06-17 19:24:33.423 : Start page is opened	[MsgId: MMSG-17999]
    2023-06-17 19:24:37.498 : User is logged in with session 136655.477764277HAcQcVzpVDHftcVHfpcQzicf	[MsgId: MMSG-17999]
    2023-06-17 19:24:42.438 : User is logged out of session	[MsgId: MMSG-17999]
  2023-06-17 19:26:39.340 : IterationNum=153	[MsgId: MMSG-17999]
   USER 153 = user73:pwd73	[MsgId: MMSG-17999]
    2023-06-17 19:26:39.436 : Start page is opened	[MsgId: MMSG-17999]
    2023-06-17 19:26:43.358 : User is logged in with session 136655.487970838HAcQcVzpzzcftcVHfpcQQQHf	[MsgId: MMSG-17999]
    2023-06-17 19:26:48.198 : User is logged out of session	[MsgId: MMSG-17999]
  2023-06-17 19:28:45.346 : IterationNum=154	[MsgId: MMSG-17999]
   USER 154 = user73:pwd73	[MsgId: MMSG-17999]
    2023-06-17 19:28:45.440 : Start page is opened	[MsgId: MMSG-17999]
    2023-06-17 19:28:49.962 : User is logged in with session 136655.4981774HAcQcVHpViHftcVHfpDADVcf	[MsgId: MMSG-17999]
    2023-06-17 19:28:54.979 : User is logged out of session	[MsgId: MMSG-17999]
  2023-06-17 19:30:51.359 : IterationNum=155	[MsgId: MMSG-17999]
   USER 155 = user73:pwd73	[MsgId: MMSG-17999]
    2023-06-17 19:30:51.453 : Start page is opened	[MsgId: MMSG-17999]
    2023-06-17 19:30:56.865 : User is logged in with session 136655.508383961HAcQcVHpHVcftcVHfpDAzcHf	[MsgId: MMSG-17999]
    2023-06-17 19:31:02.263 : User is logged out of session	[MsgId: MMSG-17999]
  2023-06-17 19:32:57.373 : IterationNum=156	[MsgId: MMSG-17999]
   USER 156 = user73:pwd73	[MsgId: MMSG-17999]
    2023-06-17 19:32:57.468 : Start page is opened	[MsgId: MMSG-17999]
    2023-06-17 19:33:02.525 : User is logged in with session 136655.518590522HAcQcVipcDHftcVHfpDAQtcf	[MsgId: MMSG-17999]
    2023-06-17 19:33:08.761 : User is logged out of session	[MsgId: MMSG-17999]
  2023-06-17 19:35:03.381 : IterationNum=157	[MsgId: MMSG-17999]
   USER 157 = user73:pwd73	[MsgId: MMSG-17999]
    2023-06-17 19:35:03.474 : Start page is opened	[MsgId: MMSG-17999]
    2023-06-17 19:35:07.443 : User is logged in with session 136655.528797084HAcQcVipHzcftcVHfpDVcfHf	[MsgId: MMSG-17999]
    2023-06-17 19:35:12.009 : User is logged out of session	[MsgId: MMSG-17999]
  2023-06-17 19:37:09.389 : IterationNum=158	[MsgId: MMSG-17999]
   USER 158 = user73:pwd73	[MsgId: MMSG-17999]
    2023-06-17 19:37:09.482 : Start page is opened	[MsgId: MMSG-17999]
    2023-06-17 19:37:14.765 : User is logged in with session 136655.539003645HAcQcVQpciHftcVHfpDVfHcf	[MsgId: MMSG-17999]
    2023-06-17 19:37:19.878 : User is logged out of session	[MsgId: MMSG-17999]
  2023-06-17 19:39:15.393 : IterationNum=159	[MsgId: MMSG-17999]
   USER 159 = user73:pwd73	[MsgId: MMSG-17999]
    2023-06-17 19:39:15.487 : Start page is opened	[MsgId: MMSG-17999]
    2023-06-17 19:39:21.691 : User is logged in with session 136655.549210207HAcQcVQpiVcftcVHfpDViiHf	[MsgId: MMSG-17999]
    2023-06-17 19:39:26.630 : User is logged out of session	[MsgId: MMSG-17999]
  2023-06-17 19:41:21.402 : IterationNum=160	[MsgId: MMSG-17999]
   USER 160 = user73:pwd73	[MsgId: MMSG-17999]
    2023-06-17 19:41:21.497 : Start page is opened	[MsgId: MMSG-17999]
    2023-06-17 19:41:26.523 : User is logged in with session 136655.559416768HAcQccApDDHftcVHfpDccAcf	[MsgId: MMSG-17999]
    2023-06-17 19:41:32.163 : User is logged out of session	[MsgId: MMSG-17999]
  2023-06-17 19:43:27.403 : IterationNum=161	[MsgId: MMSG-17999]
   USER 161 = user73:pwd73	[MsgId: MMSG-17999]
    2023-06-17 19:43:27.497 : Start page is opened	[MsgId: MMSG-17999]
    2023-06-17 19:43:33.826 : User is logged in with session 136655.569623329HAcQccApizcftcVHfpDcfVHf	[MsgId: MMSG-17999]
    2023-06-17 19:43:38.999 : User is logged out of session	[MsgId: MMSG-17999]
  2023-06-17 19:45:33.416 : IterationNum=162	[MsgId: MMSG-17999]
   USER 162 = user73:pwd73	[MsgId: MMSG-17999]
    2023-06-17 19:45:33.511 : Start page is opened	[MsgId: MMSG-17999]
    2023-06-17 19:45:38.850 : User is logged in with session 136655.579829891HAcQccVpDiHftcVHfpDciDcf	[MsgId: MMSG-17999]
    2023-06-17 19:45:43.730 : User is logged out of session	[MsgId: MMSG-17999]
  2023-06-17 19:47:39.419 : IterationNum=163	[MsgId: MMSG-17999]
   USER 163 = user73:pwd73	[MsgId: MMSG-17999]
    2023-06-17 19:47:39.514 : Start page is opened	[MsgId: MMSG-17999]
    2023-06-17 19:47:44.186 : User is logged in with session 136655.590036452HAcQccVpQVcftcVHfpDDVtHf	[MsgId: MMSG-17999]
    2023-06-17 19:47:50.428 : User is logged out of session	[MsgId: MMSG-17999]
  2023-06-17 19:49:45.422 : IterationNum=164	[MsgId: MMSG-17999]
   USER 164 = user73:pwd73	[MsgId: MMSG-17999]
    2023-06-17 19:49:45.515 : Start page is opened	[MsgId: MMSG-17999]
    2023-06-17 19:49:49.798 : User is logged in with session 136655.600243013HAcQcccptDHftcVHfpDDtzcf	[MsgId: MMSG-17999]
    2023-06-17 19:49:56.013 : User is logged out of session	[MsgId: MMSG-17999]
  2023-06-17 19:51:51.436 : IterationNum=165	[MsgId: MMSG-17999]
   USER 165 = user73:pwd73	[MsgId: MMSG-17999]
    2023-06-17 19:51:51.531 : Start page is opened	[MsgId: MMSG-17999]
    2023-06-17 19:51:57.090 : User is logged in with session 136655.610449575HAcQcccpQzcftcVHfpDDHHHf	[MsgId: MMSG-17999]
    2023-06-17 19:52:01.049 : User is logged out of session	[MsgId: MMSG-17999]
  2023-06-17 19:53:57.437 : IterationNum=166	[MsgId: MMSG-17999]
   USER 166 = user73:pwd73	[MsgId: MMSG-17999]
    2023-06-17 19:53:57.531 : Start page is opened	[MsgId: MMSG-17999]
    2023-06-17 19:54:03.876 : User is logged in with session 136655.620656136HAcQccDptiHftcVHfpDtAQcf	[MsgId: MMSG-17999]
    2023-06-17 19:54:09.419 : User is logged out of session	[MsgId: MMSG-17999]
  2023-06-17 19:56:03.453 : IterationNum=167	[MsgId: MMSG-17999]
   USER 167 = user73:pwd73	[MsgId: MMSG-17999]
    2023-06-17 19:56:03.546 : Start page is opened	[MsgId: MMSG-17999]
    2023-06-17 19:56:07.735 : User is logged in with session 136655.630862697HAcQcctpAVcftcVHfpDttAHf	[MsgId: MMSG-17999]
    2023-06-17 19:56:13.560 : User is logged out of session	[MsgId: MMSG-17999]
  2023-06-17 19:58:09.456 : IterationNum=168	[MsgId: MMSG-17999]
   USER 168 = user73:pwd73	[MsgId: MMSG-17999]
    2023-06-17 19:58:09.550 : Start page is opened	[MsgId: MMSG-17999]
    2023-06-17 19:58:15.233 : User is logged in with session 136655.641069259HAcQcctpfDHftcVHfpDtHccf	[MsgId: MMSG-17999]
    2023-06-17 19:58:20.791 : User is logged out of session	[MsgId: MMSG-17999]
  2023-06-17 20:00:15.470 : IterationNum=169	[MsgId: MMSG-17999]
   USER 169 = user73:pwd73	[MsgId: MMSG-17999]
    2023-06-17 20:00:15.565 : Start page is opened	[MsgId: MMSG-17999]
    2023-06-17 20:00:21.717 : User is logged in with session 136655.65127582HAcQccfpAzcftcVHfpDfADHf	[MsgId: MMSG-17999]
    2023-06-17 20:00:25.812 : User is logged out of session	[MsgId: MMSG-17999]
  2023-06-17 20:02:21.481 : IterationNum=170	[MsgId: MMSG-17999]
   USER 170 = user73:pwd73	[MsgId: MMSG-17999]
    2023-06-17 20:02:21.574 : Start page is opened	[MsgId: MMSG-17999]
    2023-06-17 20:02:27.093 : User is logged in with session 136655.661482382HAcQccfpfiHftcVHfpDfDfcf	[MsgId: MMSG-17999]
    2023-06-17 20:02:31.101 : User is logged out of session	[MsgId: MMSG-17999]
  2023-06-17 20:04:27.490 : IterationNum=171	[MsgId: MMSG-17999]
   USER 171 = user73:pwd73	[MsgId: MMSG-17999]
    2023-06-17 20:04:27.583 : Start page is opened	[MsgId: MMSG-17999]
    2023-06-17 20:04:31.623 : User is logged in with session 136655.671688943HAcQcczpVVcftcVHfpDfzzHf	[MsgId: MMSG-17999]
    2023-06-17 20:04:37.567 : User is logged out of session	[MsgId: MMSG-17999]
  2023-06-17 20:06:33.498 : IterationNum=172	[MsgId: MMSG-17999]
   USER 172 = user73:pwd73	[MsgId: MMSG-17999]
    2023-06-17 20:06:33.591 : Start page is opened	[MsgId: MMSG-17999]
    2023-06-17 20:06:39.799 : User is logged in with session 136655.681895504HAcQcczpzDHftcVHfpDfQicf	[MsgId: MMSG-17999]
    2023-06-17 20:06:45.952 : User is logged out of session	[MsgId: MMSG-17999]
  2023-06-17 20:08:39.512 : IterationNum=173	[MsgId: MMSG-17999]
   USER 173 = user73:pwd73	[MsgId: MMSG-17999]
    2023-06-17 20:08:39.606 : Start page is opened	[MsgId: MMSG-17999]
    2023-06-17 20:08:45.247 : User is logged in with session 136655.692102066HAcQccHpVzcftcVHfpDzcQHf	[MsgId: MMSG-17999]
    2023-06-17 20:08:51.358 : User is logged out of session	[MsgId: MMSG-17999]
  2023-06-17 20:10:45.522 : IterationNum=174	[MsgId: MMSG-17999]
   USER 174 = user73:pwd73	[MsgId: MMSG-17999]
    2023-06-17 20:10:45.616 : Start page is opened	[MsgId: MMSG-17999]
    2023-06-17 20:10:51.488 : User is logged in with session 136655.702308627HAcQccHpziHftcVHfpDzzVcf	[MsgId: MMSG-17999]
    2023-06-17 20:10:57.192 : User is logged out of session	[MsgId: MMSG-17999]
  2023-06-17 20:12:51.533 : IterationNum=175	[MsgId: MMSG-17999]
   USER 175 = user73:pwd73	[MsgId: MMSG-17999]
    2023-06-17 20:12:51.626 : Start page is opened	[MsgId: MMSG-17999]
    2023-06-17 20:12:55.930 : User is logged in with session 136655.712515188HAcQccipcVcftcVHfpDzQcHf	[MsgId: MMSG-17999]
    2023-06-17 20:12:59.902 : User is logged out of session	[MsgId: MMSG-17999]
  2023-06-17 20:14:57.549 : IterationNum=176	[MsgId: MMSG-17999]
   USER 176 = user73:pwd73	[MsgId: MMSG-17999]
    2023-06-17 20:14:57.644 : Start page is opened	[MsgId: MMSG-17999]
    2023-06-17 20:15:02.306 : User is logged in with session 136655.72272175HAcQccipHDHftcVHfpDHctcf	[MsgId: MMSG-17999]
    2023-06-17 20:15:06.877 : User is logged out of session	[MsgId: MMSG-17999]
  2023-06-17 20:17:03.549 : IterationNum=177	[MsgId: MMSG-17999]
   USER 177 = user73:pwd73	[MsgId: MMSG-17999]
    2023-06-17 20:17:03.642 : Start page is opened	[MsgId: MMSG-17999]
    2023-06-17 20:17:08.809 : User is logged in with session 136655.732928311HAcQccQpczcftcVHfpDHffHf	[MsgId: MMSG-17999]
    2023-06-17 20:17:14.073 : User is logged out of session	[MsgId: MMSG-17999]
  2023-06-17 20:19:09.557 : IterationNum=178	[MsgId: MMSG-17999]
   USER 178 = user73:pwd73	[MsgId: MMSG-17999]
    2023-06-17 20:19:09.652 : Start page is opened	[MsgId: MMSG-17999]
    2023-06-17 20:19:14.675 : User is logged in with session 136655.743134872HAcQccQpHiHftcVHfpDHiHcf	[MsgId: MMSG-17999]
    2023-06-17 20:19:18.777 : User is logged out of session	[MsgId: MMSG-17999]
  2023-06-17 20:21:15.562 : IterationNum=179	[MsgId: MMSG-17999]
   USER 179 = user73:pwd73	[MsgId: MMSG-17999]
    2023-06-17 20:21:15.656 : Start page is opened	[MsgId: MMSG-17999]
    2023-06-17 20:21:20.010 : User is logged in with session 136655.753341434HAcQcDApDVcftcVHfpDiViHf	[MsgId: MMSG-17999]
    2023-06-17 20:21:26.064 : User is logged out of session	[MsgId: MMSG-17999]
  2023-06-17 20:23:21.574 : IterationNum=180	[MsgId: MMSG-17999]
   USER 180 = user73:pwd73	[MsgId: MMSG-17999]
    2023-06-17 20:23:21.669 : Start page is opened	[MsgId: MMSG-17999]
    2023-06-17 20:23:26.379 : User is logged in with session 136655.763547995HAcQcDApiDHftcVHfpDifAcf	[MsgId: MMSG-17999]
    2023-06-17 20:23:31.405 : User is logged out of session	[MsgId: MMSG-17999]
  2023-06-17 20:25:27.584 : IterationNum=181	[MsgId: MMSG-17999]
   USER 181 = user73:pwd73	[MsgId: MMSG-17999]
    2023-06-17 20:25:27.680 : Start page is opened	[MsgId: MMSG-17999]
    2023-06-17 20:25:31.672 : User is logged in with session 136655.773754556HAcQcDVpDzcftcVHfpDiiVHf	[MsgId: MMSG-17999]
    2023-06-17 20:25:36.773 : User is logged out of session	[MsgId: MMSG-17999]
  2023-06-17 20:27:33.589 : IterationNum=182	[MsgId: MMSG-17999]
   USER 182 = user73:pwd73	[MsgId: MMSG-17999]
    2023-06-17 20:27:33.683 : Start page is opened	[MsgId: MMSG-17999]
    2023-06-17 20:27:39.281 : User is logged in with session 136655.783961118HAcQcDVpiiHftcVHfpDQVDcf	[MsgId: MMSG-17999]
    2023-06-17 20:27:43.450 : User is logged out of session	[MsgId: MMSG-17999]
  2023-06-17 20:29:39.590 : IterationNum=183	[MsgId: MMSG-17999]
   USER 183 = user73:pwd73	[MsgId: MMSG-17999]
    2023-06-17 20:29:39.685 : Start page is opened	[MsgId: MMSG-17999]
    2023-06-17 20:29:45.954 : User is logged in with session 136655.794167679HAcQcDcptVcftcVHfpDQttHf	[MsgId: MMSG-17999]
    2023-06-17 20:29:51.582 : User is logged out of session	[MsgId: MMSG-17999]
  2023-06-17 20:31:45.593 : IterationNum=184	[MsgId: MMSG-17999]
   USER 184 = user73:pwd73	[MsgId: MMSG-17999]
    2023-06-17 20:31:45.687 : Start page is opened	[MsgId: MMSG-17999]
    2023-06-17 20:31:51.394 : User is logged in with session 136655.804374241HAcQcDcpQDHftcVHfpDQHzcf	[MsgId: MMSG-17999]
    2023-06-17 20:31:55.995 : User is logged out of session	[MsgId: MMSG-17999]
  2023-06-17 20:33:51.602 : IterationNum=185	[MsgId: MMSG-17999]
   USER 185 = user73:pwd73	[MsgId: MMSG-17999]
    2023-06-17 20:33:51.696 : Start page is opened	[MsgId: MMSG-17999]
    2023-06-17 20:33:56.833 : User is logged in with session 136655.814580802HAcQcDDptzcftcVHfptAAHHf	[MsgId: MMSG-17999]
    2023-06-17 20:34:01.322 : User is logged out of session	[MsgId: MMSG-17999]
  2023-06-17 20:35:57.611 : IterationNum=186	[MsgId: MMSG-17999]
   USER 186 = user73:pwd73	[MsgId: MMSG-17999]
    2023-06-17 20:35:57.705 : Start page is opened	[MsgId: MMSG-17999]
    2023-06-17 20:36:03.512 : User is logged in with session 136655.824787363HAcQcDDpQiHftcVHfptADQcf	[MsgId: MMSG-17999]
    2023-06-17 20:36:09.140 : User is logged out of session	[MsgId: MMSG-17999]
  2023-06-17 20:38:03.620 : IterationNum=187	[MsgId: MMSG-17999]
   USER 187 = user73:pwd73	[MsgId: MMSG-17999]
    2023-06-17 20:38:03.713 : Start page is opened	[MsgId: MMSG-17999]
    2023-06-17 20:38:08.671 : User is logged in with session 136655.834993925HAcQcDtpfVcftcVHfptAHAHf	[MsgId: MMSG-17999]
    2023-06-17 20:38:12.566 : User is logged out of session	[MsgId: MMSG-17999]
  2023-06-17 20:40:09.626 : IterationNum=188	[MsgId: MMSG-17999]
   USER 188 = user73:pwd73	[MsgId: MMSG-17999]
    2023-06-17 20:40:09.720 : Start page is opened	[MsgId: MMSG-17999]
    2023-06-17 20:40:14.138 : User is logged in with session 136655.845200486HAcQcDfpADHftcVHfptVAccf	[MsgId: MMSG-17999]
    2023-06-17 20:40:19.407 : User is logged out of session	[MsgId: MMSG-17999]
  2023-06-17 20:42:15.627 : IterationNum=189	[MsgId: MMSG-17999]
   USER 189 = user73:pwd73	[MsgId: MMSG-17999]
    2023-06-17 20:42:15.722 : Start page is opened	[MsgId: MMSG-17999]
    2023-06-17 20:42:20.731 : User is logged in with session 136655.855407047HAcQcDfpfzcftcVHfptVDDHf	[MsgId: MMSG-17999]
    2023-06-17 20:42:26.660 : User is logged out of session	[MsgId: MMSG-17999]
  2023-06-17 20:44:21.633 : IterationNum=190	[MsgId: MMSG-17999]
   USER 190 = user73:pwd73	[MsgId: MMSG-17999]
    2023-06-17 20:44:21.727 : Start page is opened	[MsgId: MMSG-17999]
    2023-06-17 20:44:26.979 : User is logged in with session 136655.865613609HAcQcDzpAiHftcVHfptVzfcf	[MsgId: MMSG-17999]
    2023-06-17 20:44:32.884 : User is logged out of session	[MsgId: MMSG-17999]
  2023-06-17 20:46:27.637 : IterationNum=191	[MsgId: MMSG-17999]
   USER 191 = user73:pwd73	[MsgId: MMSG-17999]
    2023-06-17 20:46:27.731 : Start page is opened	[MsgId: MMSG-17999]
    2023-06-17 20:46:32.732 : User is logged in with session 136655.87582017HAcQcDzpzVcftcVHfptVQzHf	[MsgId: MMSG-17999]
    2023-06-17 20:46:37.039 : User is logged out of session	[MsgId: MMSG-17999]
  2023-06-17 20:48:33.653 : IterationNum=192	[MsgId: MMSG-17999]
   USER 192 = user73:pwd73	[MsgId: MMSG-17999]
    2023-06-17 20:48:33.747 : Start page is opened	[MsgId: MMSG-17999]
    2023-06-17 20:48:38.925 : User is logged in with session 136655.886026731HAcQcDHpVDHftcVHfptccicf	[MsgId: MMSG-17999]
    2023-06-17 20:48:44.742 : User is logged out of session	[MsgId: MMSG-17999]
  2023-06-17 20:50:39.655 : IterationNum=193	[MsgId: MMSG-17999]
   USER 193 = user73:pwd73	[MsgId: MMSG-17999]
    2023-06-17 20:50:39.750 : Start page is opened	[MsgId: MMSG-17999]
    2023-06-17 20:50:45.652 : User is logged in with session 136655.896233293HAcQcDHpzzcftcVHfptcfQHf	[MsgId: MMSG-17999]
    2023-06-17 20:50:50.341 : User is logged out of session	[MsgId: MMSG-17999]
  2023-06-17 20:52:45.661 : IterationNum=194	[MsgId: MMSG-17999]
   USER 194 = user73:pwd73	[MsgId: MMSG-17999]
    2023-06-17 20:52:45.755 : Start page is opened	[MsgId: MMSG-17999]
    2023-06-17 20:52:51.755 : User is logged in with session 136655.906439854HAcQcDipViHftcVHfptcQVcf	[MsgId: MMSG-17999]
    2023-06-17 20:52:56.292 : User is logged out of session	[MsgId: MMSG-17999]
  2023-06-17 20:54:51.672 : IterationNum=195	[MsgId: MMSG-17999]
   USER 195 = user73:pwd73	[MsgId: MMSG-17999]
    2023-06-17 20:54:51.766 : Start page is opened	[MsgId: MMSG-17999]
    2023-06-17 20:54:57.280 : User is logged in with session 136655.916646416HAcQcDipHVcftcVHfptDccHf	[MsgId: MMSG-17999]
    2023-06-17 20:55:03.072 : User is logged out of session	[MsgId: MMSG-17999]
  2023-06-17 20:56:57.686 : IterationNum=196	[MsgId: MMSG-17999]
   USER 196 = user73:pwd73	[MsgId: MMSG-17999]
    2023-06-17 20:56:57.780 : Start page is opened	[MsgId: MMSG-17999]
    2023-06-17 20:57:01.967 : User is logged in with session 136655.926852977HAcQcDQpcDHftcVHfptDftcf	[MsgId: MMSG-17999]
    2023-06-17 20:57:07.851 : User is logged out of session	[MsgId: MMSG-17999]
  2023-06-17 20:59:03.699 : IterationNum=197	[MsgId: MMSG-17999]
   USER 197 = user73:pwd73	[MsgId: MMSG-17999]
    2023-06-17 20:59:03.793 : Start page is opened	[MsgId: MMSG-17999]
    2023-06-17 20:59:08.813 : User is logged in with session 136655.937059538HAcQcDQpHzcftcVHfptDifHf	[MsgId: MMSG-17999]
    2023-06-17 20:59:13.307 : User is logged out of session	[MsgId: MMSG-17999]
  2023-06-17 21:01:09.703 : IterationNum=198	[MsgId: MMSG-17999]
   USER 198 = user73:pwd73	[MsgId: MMSG-17999]
    2023-06-17 21:01:09.798 : Start page is opened	[MsgId: MMSG-17999]
    2023-06-17 21:01:14.734 : User is logged in with session 136655.9472661HAcQctApciHftcVHfpttVHcf	[MsgId: MMSG-17999]
    2023-06-17 21:01:20.097 : User is logged out of session	[MsgId: MMSG-17999]
  2023-06-17 21:03:15.711 : IterationNum=199	[MsgId: MMSG-17999]
   USER 199 = user73:pwd73	[MsgId: MMSG-17999]
    2023-06-17 21:03:15.806 : Start page is opened	[MsgId: MMSG-17999]
    2023-06-17 21:03:21.297 : User is logged in with session 136655.957472661HAcQctApiVcftcVHfptttiHf	[MsgId: MMSG-17999]
    2023-06-17 21:03:25.991 : User is logged out of session	[MsgId: MMSG-17999]
  2023-06-17 21:05:21.714 : IterationNum=200	[MsgId: MMSG-17999]
   USER 200 = user73:pwd73	[MsgId: MMSG-17999]
    2023-06-17 21:05:21.809 : Start page is opened	[MsgId: MMSG-17999]
    2023-06-17 21:05:27.874 : User is logged in with session 136655.967679222HAcQctVpDDHftcVHfpttiAcf	[MsgId: MMSG-17999]
    2023-06-17 21:05:31.972 : User is logged out of session	[MsgId: MMSG-17999]
  2023-06-17 21:07:27.723 : IterationNum=201	[MsgId: MMSG-17999]
   USER 201 = user73:pwd73	[MsgId: MMSG-17999]
    2023-06-17 21:07:27.817 : Start page is opened	[MsgId: MMSG-17999]
    2023-06-17 21:07:31.915 : User is logged in with session 136655.977885784HAcQctVpizcftcVHfptfVVHf	[MsgId: MMSG-17999]
    2023-06-17 21:07:37.899 : User is logged out of session	[MsgId: MMSG-17999]
  2023-06-17 21:09:33.733 : IterationNum=202	[MsgId: MMSG-17999]
   USER 202 = user73:pwd73	[MsgId: MMSG-17999]
    2023-06-17 21:09:33.828 : Start page is opened	[MsgId: MMSG-17999]
    2023-06-17 21:09:39.093 : User is logged in with session 136655.988092345HAcQctcpDiHftcVHfptftDcf	[MsgId: MMSG-17999]
    2023-06-17 21:09:45.000 : User is logged out of session	[MsgId: MMSG-17999]
  2023-06-17 21:11:39.747 : IterationNum=203	[MsgId: MMSG-17999]
   USER 203 = user73:pwd73	[MsgId: MMSG-17999]
    2023-06-17 21:11:39.841 : Start page is opened	[MsgId: MMSG-17999]
    2023-06-17 21:11:44.497 : User is logged in with session 136655.998298906HAcQctcpQVcftcVHfptfHtHf	[MsgId: MMSG-17999]
    2023-06-17 21:11:50.810 : User is logged out of session	[MsgId: MMSG-17999]
  2023-06-17 21:13:45.753 : IterationNum=204	[MsgId: MMSG-17999]
   USER 204 = user73:pwd73	[MsgId: MMSG-17999]
    2023-06-17 21:13:45.846 : Start page is opened	[MsgId: MMSG-17999]
    2023-06-17 21:13:51.063 : User is logged in with session 136656.008505468HAcQctDptDHftcVHfptzAzcf	[MsgId: MMSG-17999]
    2023-06-17 21:13:55.608 : User is logged out of session	[MsgId: MMSG-17999]
  2023-06-17 21:15:51.764 : IterationNum=205	[MsgId: MMSG-17999]
   USER 205 = user73:pwd73	[MsgId: MMSG-17999]
    2023-06-17 21:15:51.858 : Start page is opened	[MsgId: MMSG-17999]
    2023-06-17 21:15:57.032 : User is logged in with session 136656.018712029HAcQctDpQzcftcVHfptzDHHf	[MsgId: MMSG-17999]
    2023-06-17 21:16:00.923 : User is logged out of session	[MsgId: MMSG-17999]
  2023-06-17 21:17:57.772 : IterationNum=206	[MsgId: MMSG-17999]
   USER 206 = user73:pwd73	[MsgId: MMSG-17999]
    2023-06-17 21:17:57.867 : Start page is opened	[MsgId: MMSG-17999]
    2023-06-17 21:18:03.959 : User is logged in with session 136656.028918591HAcQcttptiHftcVHfptzzQcf	[MsgId: MMSG-17999]
    2023-06-17 21:18:08.725 : User is logged out of session	[MsgId: MMSG-17999]
  2023-06-17 21:20:03.777 : IterationNum=207	[MsgId: MMSG-17999]
   USER 207 = user73:pwd73	[MsgId: MMSG-17999]
    2023-06-17 21:20:03.872 : Start page is opened	[MsgId: MMSG-17999]
    2023-06-17 21:20:07.874 : User is logged in with session 136656.039125152HAcQctfpAVcftcVHfptHAAHf	[MsgId: MMSG-17999]
    2023-06-17 21:20:14.131 : User is logged out of session	[MsgId: MMSG-17999]
  2023-06-17 21:22:09.785 : IterationNum=208	[MsgId: MMSG-17999]
   USER 208 = user73:pwd73	[MsgId: MMSG-17999]
    2023-06-17 21:22:09.879 : Start page is opened	[MsgId: MMSG-17999]
    2023-06-17 21:22:14.736 : User is logged in with session 136656.049331713HAcQctfpfDHftcVHfptHDccf	[MsgId: MMSG-17999]
    2023-06-17 21:22:19.161 : User is logged out of session	[MsgId: MMSG-17999]
  2023-06-17 21:24:15.800 : IterationNum=209	[MsgId: MMSG-17999]
   USER 209 = user73:pwd73	[MsgId: MMSG-17999]
    2023-06-17 21:24:15.894 : Start page is opened	[MsgId: MMSG-17999]
    2023-06-17 21:24:20.482 : User is logged in with session 136656.059538275HAcQctzpAzcftcVHfptHzDHf	[MsgId: MMSG-17999]
    2023-06-17 21:24:24.668 : User is logged out of session	[MsgId: MMSG-17999]
  2023-06-17 21:26:21.814 : IterationNum=210	[MsgId: MMSG-17999]
   USER 210 = user73:pwd73	[MsgId: MMSG-17999]
    2023-06-17 21:26:21.908 : Start page is opened	[MsgId: MMSG-17999]
    2023-06-17 21:26:26.650 : User is logged in with session 136656.069744836HAcQctzpfiHftcVHfptHQfcf	[MsgId: MMSG-17999]
    2023-06-17 21:26:31.093 : User is logged out of session	[MsgId: MMSG-17999]
  2023-06-17 21:28:27.814 : IterationNum=211	[MsgId: MMSG-17999]
   USER 211 = user73:pwd73	[MsgId: MMSG-17999]
    2023-06-17 21:28:27.907 : Start page is opened	[MsgId: MMSG-17999]
    2023-06-17 21:28:31.845 : User is logged in with session 136656.079951397HAcQctHpVVcftcVHfpticzHf	[MsgId: MMSG-17999]
    2023-06-17 21:28:36.937 : User is logged out of session	[MsgId: MMSG-17999]
  2023-06-17 21:30:33.814 : IterationNum=212	[MsgId: MMSG-17999]
   USER 212 = user73:pwd73	[MsgId: MMSG-17999]
    2023-06-17 21:30:33.908 : Start page is opened	[MsgId: MMSG-17999]
    2023-06-17 21:30:39.916 : User is logged in with session 136656.090157959HAcQctHpzDHftcVHfptificf	[MsgId: MMSG-17999]
    2023-06-17 21:30:44.593 : User is logged out of session	[MsgId: MMSG-17999]
  2023-06-17 21:32:39.825 : IterationNum=213	[MsgId: MMSG-17999]
   USER 213 = user73:pwd73	[MsgId: MMSG-17999]
    2023-06-17 21:32:39.919 : Start page is opened	[MsgId: MMSG-17999]
    2023-06-17 21:32:44.050 : User is logged in with session 136656.10036452HAcQctipVzcftcVHfptiiQHf	[MsgId: MMSG-17999]
    2023-06-17 21:32:48.782 : User is logged out of session	[MsgId: MMSG-17999]
  2023-06-17 21:34:45.830 : IterationNum=214	[MsgId: MMSG-17999]
   USER 214 = user73:pwd73	[MsgId: MMSG-17999]
    2023-06-17 21:34:45.924 : Start page is opened	[MsgId: MMSG-17999]
    2023-06-17 21:34:51.641 : User is logged in with session 136656.110571081HAcQctipziHftcVHfptQcVcf	[MsgId: MMSG-17999]
    2023-06-17 21:34:57.944 : User is logged out of session	[MsgId: MMSG-17999]
  2023-06-17 21:36:51.837 : IterationNum=215	[MsgId: MMSG-17999]
   USER 215 = user73:pwd73	[MsgId: MMSG-17999]
    2023-06-17 21:36:51.932 : Start page is opened	[MsgId: MMSG-17999]
    2023-06-17 21:36:57.332 : User is logged in with session 136656.120777643HAcQctQpcVcftcVHfptQfcHf	[MsgId: MMSG-17999]
    2023-06-17 21:37:01.763 : User is logged out of session	[MsgId: MMSG-17999]
  2023-06-17 21:38:57.846 : IterationNum=216	[MsgId: MMSG-17999]
   USER 216 = user73:pwd73	[MsgId: MMSG-17999]
    2023-06-17 21:38:57.938 : Start page is opened	[MsgId: MMSG-17999]
    2023-06-17 21:39:03.312 : User is logged in with session 136656.130984204HAcQctQpHDHftcVHfptQitcf	[MsgId: MMSG-17999]
    2023-06-17 21:39:09.438 : User is logged out of session	[MsgId: MMSG-17999]
  2023-06-17 21:41:03.849 : IterationNum=217	[MsgId: MMSG-17999]
   USER 217 = user73:pwd73	[MsgId: MMSG-17999]
    2023-06-17 21:41:03.944 : Start page is opened	[MsgId: MMSG-17999]
    2023-06-17 21:41:08.858 : User is logged in with session 136656.141190765HAcQcfApczcftcVHfpfAVfHf	[MsgId: MMSG-17999]
    2023-06-17 21:41:13.504 : User is logged out of session	[MsgId: MMSG-17999]
  2023-06-17 21:43:09.852 : IterationNum=218	[MsgId: MMSG-17999]
   USER 218 = user73:pwd73	[MsgId: MMSG-17999]
    2023-06-17 21:43:09.947 : Start page is opened	[MsgId: MMSG-17999]
    2023-06-17 21:43:15.731 : User is logged in with session 136656.151397327HAcQcfApHiHftcVHfpfAtHcf	[MsgId: MMSG-17999]
    2023-06-17 21:43:20.483 : User is logged out of session	[MsgId: MMSG-17999]
  2023-06-17 21:45:15.858 : IterationNum=219	[MsgId: MMSG-17999]
   USER 219 = user73:pwd73	[MsgId: MMSG-17999]
    2023-06-17 21:45:15.952 : Start page is opened	[MsgId: MMSG-17999]
    2023-06-17 21:45:20.778 : User is logged in with session 136656.161603888HAcQcfVpDVcftcVHfpfAHiHf	[MsgId: MMSG-17999]
    2023-06-17 21:45:27.020 : User is logged out of session	[MsgId: MMSG-17999]
  2023-06-17 21:47:21.869 : IterationNum=220	[MsgId: MMSG-17999]
   USER 220 = user73:pwd73	[MsgId: MMSG-17999]
    2023-06-17 21:47:21.962 : Start page is opened	[MsgId: MMSG-17999]
    2023-06-17 21:47:26.284 : User is logged in with session 136656.17181045HAcQcfVpiDHftcVHfpfVVAcf	[MsgId: MMSG-17999]
    2023-06-17 21:47:32.057 : User is logged out of session	[MsgId: MMSG-17999]
  2023-06-17 21:49:27.881 : IterationNum=221	[MsgId: MMSG-17999]
   USER 221 = user73:pwd73	[MsgId: MMSG-17999]
    2023-06-17 21:49:27.976 : Start page is opened	[MsgId: MMSG-17999]
    2023-06-17 21:49:33.190 : User is logged in with session 136656.182017011HAcQcfcpDzcftcVHfpfVtVHf	[MsgId: MMSG-17999]
    2023-06-17 21:49:39.325 : User is logged out of session	[MsgId: MMSG-17999]
  2023-06-17 21:51:33.886 : IterationNum=222	[MsgId: MMSG-17999]
   USER 222 = user73:pwd73	[MsgId: MMSG-17999]
    2023-06-17 21:51:33.979 : Start page is opened	[MsgId: MMSG-17999]
    2023-06-17 21:51:38.558 : User is logged in with session 136656.192223572HAcQcfcpiiHftcVHfpfVHDcf	[MsgId: MMSG-17999]
    2023-06-17 21:51:44.115 : User is logged out of session	[MsgId: MMSG-17999]
  2023-06-17 21:53:39.889 : IterationNum=223	[MsgId: MMSG-17999]
   USER 223 = user73:pwd73	[MsgId: MMSG-17999]
    2023-06-17 21:53:39.983 : Start page is opened	[MsgId: MMSG-17999]
    2023-06-17 21:53:43.996 : User is logged in with session 136656.202430134HAcQcfDptVcftcVHfpfcAtHf	[MsgId: MMSG-17999]
    2023-06-17 21:53:49.541 : User is logged out of session	[MsgId: MMSG-17999]
  2023-06-17 21:55:45.901 : IterationNum=224	[MsgId: MMSG-17999]
   USER 224 = user73:pwd73	[MsgId: MMSG-17999]
    2023-06-17 21:55:45.995 : Start page is opened	[MsgId: MMSG-17999]
    2023-06-17 21:55:51.942 : User is logged in with session 136656.212636695HAcQcfDpQDHftcVHfpfcDzcf	[MsgId: MMSG-17999]
    2023-06-17 21:55:58.020 : User is logged out of session	[MsgId: MMSG-17999]
  2023-06-17 21:57:51.906 : IterationNum=225	[MsgId: MMSG-17999]
   USER 225 = user73:pwd73	[MsgId: MMSG-17999]
    2023-06-17 21:57:52.000 : Start page is opened	[MsgId: MMSG-17999]
    2023-06-17 21:57:56.827 : User is logged in with session 136656.222843256HAcQcftptzcftcVHfpfczHHf	[MsgId: MMSG-17999]
    2023-06-17 21:58:02.030 : User is logged out of session	[MsgId: MMSG-17999]
  2023-06-17 21:59:57.920 : IterationNum=226	[MsgId: MMSG-17999]
   USER 226 = user73:pwd73	[MsgId: MMSG-17999]
    2023-06-17 21:59:58.014 : Start page is opened	[MsgId: MMSG-17999]
    2023-06-17 22:00:03.981 : User is logged in with session 136656.233049818HAcQcftpQiHftcVHfpfcQQcf	[MsgId: MMSG-17999]
    2023-06-17 22:00:09.841 : User is logged out of session	[MsgId: MMSG-17999]
  2023-06-17 22:02:03.934 : IterationNum=227	[MsgId: MMSG-17999]
   USER 227 = user73:pwd73	[MsgId: MMSG-17999]
    2023-06-17 22:02:04.028 : Start page is opened	[MsgId: MMSG-17999]
    2023-06-17 22:02:08.598 : User is logged in with session 136656.243256379HAcQcffpfVcftcVHfpfDDAHf	[MsgId: MMSG-17999]
    2023-06-17 22:02:12.829 : User is logged out of session	[MsgId: MMSG-17999]
  2023-06-17 22:04:09.937 : IterationNum=228	[MsgId: MMSG-17999]
   USER 228 = user73:pwd73	[MsgId: MMSG-17999]
    2023-06-17 22:04:10.030 : Start page is opened	[MsgId: MMSG-17999]
    2023-06-17 22:04:14.248 : User is logged in with session 136656.25346294HAcQcfzpADHftcVHfpfDzccf	[MsgId: MMSG-17999]
    2023-06-17 22:04:18.998 : User is logged out of session	[MsgId: MMSG-17999]
  2023-06-17 22:06:15.937 : IterationNum=229	[MsgId: MMSG-17999]
   USER 229 = user73:pwd73	[MsgId: MMSG-17999]
    2023-06-17 22:06:16.032 : Start page is opened	[MsgId: MMSG-17999]
    2023-06-17 22:06:20.157 : User is logged in with session 136656.263669502HAcQcfzpfzcftcVHfpfDQDHf	[MsgId: MMSG-17999]
    2023-06-17 22:06:25.458 : User is logged out of session	[MsgId: MMSG-17999]
  2023-06-17 22:08:21.948 : IterationNum=230	[MsgId: MMSG-17999]
   USER 230 = user73:pwd73	[MsgId: MMSG-17999]
    2023-06-17 22:08:22.041 : Start page is opened	[MsgId: MMSG-17999]
    2023-06-17 22:08:26.943 : User is logged in with session 136656.273876063HAcQcfHpAiHftcVHfpftcfcf	[MsgId: MMSG-17999]
    2023-06-17 22:08:32.360 : User is logged out of session	[MsgId: MMSG-17999]
  2023-06-17 22:10:27.954 : IterationNum=231	[MsgId: MMSG-17999]
   USER 231 = user73:pwd73	[MsgId: MMSG-17999]
    2023-06-17 22:10:28.047 : Start page is opened	[MsgId: MMSG-17999]
    2023-06-17 22:10:32.108 : User is logged in with session 136656.284082625HAcQcfHpzVcftcVHfpftfzHf	[MsgId: MMSG-17999]
    2023-06-17 22:10:36.481 : User is logged out of session	[MsgId: MMSG-17999]
  2023-06-17 22:12:33.963 : IterationNum=232	[MsgId: MMSG-17999]
   USER 232 = user73:pwd73	[MsgId: MMSG-17999]
    2023-06-17 22:12:34.057 : Start page is opened	[MsgId: MMSG-17999]
    2023-06-17 22:12:38.953 : User is logged in with session 136656.294289186HAcQcfipVDHftcVHfpftiicf	[MsgId: MMSG-17999]
    2023-06-17 22:12:42.826 : User is logged out of session	[MsgId: MMSG-17999]
  2023-06-17 22:14:39.973 : IterationNum=233	[MsgId: MMSG-17999]
   USER 233 = user73:pwd73	[MsgId: MMSG-17999]
    2023-06-17 22:14:40.067 : Start page is opened	[MsgId: MMSG-17999]
    2023-06-17 22:14:44.504 : User is logged in with session 136656.304576752HAcQcfipzzzzzzzHtcVHfpffc	[MsgId: MMSG-17999]
    2023-06-17 22:14:50.152 : User is logged out of session	[MsgId: MMSG-17999]
  2023-06-17 22:16:45.982 : IterationNum=234	[MsgId: MMSG-17999]
   USER 234 = user73:pwd73	[MsgId: MMSG-17999]
    2023-06-17 22:16:46.075 : Start page is opened	[MsgId: MMSG-17999]
    2023-06-17 22:16:50.090 : User is logged in with session 136656.314783313HAcQcfQpVQVzzzzHtcVHfpfffVf	[MsgId: MMSG-17999]
    2023-06-17 22:16:56.329 : User is logged out of session	[MsgId: MMSG-17999]
  2023-06-17 22:18:51.992 : IterationNum=235	[MsgId: MMSG-17999]
   USER 235 = user73:pwd73	[MsgId: MMSG-17999]
    2023-06-17 22:18:52.086 : Start page is opened	[MsgId: MMSG-17999]
    2023-06-17 22:18:58.380 : User is logged in with session 136656.324989874HAcQcfQpHVzzzzzHtcVHfpffiD	[MsgId: MMSG-17999]
    2023-06-17 22:19:04.727 : User is logged out of session	[MsgId: MMSG-17999]
  2023-06-17 22:20:57.999 : IterationNum=236	[MsgId: MMSG-17999]
   USER 236 = user73:pwd73	[MsgId: MMSG-17999]
    2023-06-17 22:20:58.093 : Start page is opened	[MsgId: MMSG-17999]
    2023-06-17 22:21:03.891 : User is logged in with session 136656.335196436HAcQczApctVzzzzHtcVHfpfzVtf	[MsgId: MMSG-17999]
    2023-06-17 22:21:09.260 : User is logged out of session	[MsgId: MMSG-17999]
