  2023-06-17 14:05:35.847 : IterationNum=1	[MsgId: MMSG-17999]
   USER 1 = user62:pwd62	[MsgId: MMSG-17999]
    2023-06-17 14:05:35.944 : Start page is opened	[MsgId: MMSG-17999]
    2023-06-17 14:05:40.692 : User is logged in with session 136653.927501013HAcQVDzpDQfiDDDDtcVHtpiViDHf	[MsgId: MMSG-17999]
    2023-06-17 14:05:46.075 : User is logged out of session	[MsgId: MMSG-17999]
  2023-06-17 14:07:41.848 : IterationNum=2	[MsgId: MMSG-17999]
   USER 2 = user62:pwd62	[MsgId: MMSG-17999]
    2023-06-17 14:07:41.943 : Start page is opened	[MsgId: MMSG-17999]
    2023-06-17 14:07:45.886 : User is logged in with session 136653.937707574HAcQVDzpQcAiDDDDtcVHtpicVfcf	[MsgId: MMSG-17999]
    2023-06-17 14:07:49.987 : User is logged out of session	[MsgId: MMSG-17999]
  2023-06-17 14:09:47.862 : IterationNum=3	[MsgId: MMSG-17999]
   USER 3 = user62:pwd62	[MsgId: MMSG-17999]
    2023-06-17 14:09:47.957 : Start page is opened	[MsgId: MMSG-17999]
    2023-06-17 14:09:52.412 : User is logged in with session 136653.947914135HAcQVDHpttfiDDDDtcVHtpictzHf	[MsgId: MMSG-17999]
    2023-06-17 14:09:58.686 : User is logged out of session	[MsgId: MMSG-17999]
  2023-06-17 14:11:53.871 : IterationNum=4	[MsgId: MMSG-17999]
   USER 4 = user62:pwd62	[MsgId: MMSG-17999]
    2023-06-17 14:11:53.966 : Start page is opened	[MsgId: MMSG-17999]
    2023-06-17 14:11:59.657 : User is logged in with session 136653.958120697HAcQVDHpQHAiDDDDtcVHtpicHicf	[MsgId: MMSG-17999]
    2023-06-17 14:12:03.824 : User is logged out of session	[MsgId: MMSG-17999]
  2023-06-17 14:13:59.875 : IterationNum=5	[MsgId: MMSG-17999]
   USER 5 = user62:pwd62	[MsgId: MMSG-17999]
    2023-06-17 14:13:59.970 : Start page is opened	[MsgId: MMSG-17999]
    2023-06-17 14:14:04.603 : User is logged in with session 136653.968327258HAcQVDiptQfiDDDDtcVHtpiDAQHf	[MsgId: MMSG-17999]
    2023-06-17 14:14:08.777 : User is logged out of session	[MsgId: MMSG-17999]
  2023-06-17 14:16:05.883 : IterationNum=6	[MsgId: MMSG-17999]
   USER 6 = user62:pwd62	[MsgId: MMSG-17999]
    2023-06-17 14:16:05.976 : Start page is opened	[MsgId: MMSG-17999]
    2023-06-17 14:16:10.870 : User is logged in with session 136653.978533819HAcQVDQpAcAiDDDDtcVHtpiDtVcf	[MsgId: MMSG-17999]
    2023-06-17 14:16:17.228 : User is logged out of session	[MsgId: MMSG-17999]
  2023-06-17 14:18:11.894 : IterationNum=7	[MsgId: MMSG-17999]
   USER 7 = user62:pwd62	[MsgId: MMSG-17999]
    2023-06-17 14:18:11.987 : Start page is opened	[MsgId: MMSG-17999]
    2023-06-17 14:18:18.341 : User is logged in with session 136653.988740381HAcQVDQpftfiDDDDtcVHtpiDHcHf	[MsgId: MMSG-17999]
    2023-06-17 14:18:24.051 : User is logged out of session	[MsgId: MMSG-17999]
  2023-06-17 14:20:17.903 : IterationNum=8	[MsgId: MMSG-17999]
   USER 8 = user62:pwd62	[MsgId: MMSG-17999]
    2023-06-17 14:20:17.997 : Start page is opened	[MsgId: MMSG-17999]
    2023-06-17 14:20:24.108 : User is logged in with session 136653.998946942HAcQVtApAHAiDDDDtcVHtpitAtcf	[MsgId: MMSG-17999]
    2023-06-17 14:20:28.312 : User is logged out of session	[MsgId: MMSG-17999]
  2023-06-17 14:22:23.909 : IterationNum=9	[MsgId: MMSG-17999]
   USER 9 = user62:pwd62	[MsgId: MMSG-17999]
    2023-06-17 14:22:24.003 : Start page is opened	[MsgId: MMSG-17999]
    2023-06-17 14:22:29.932 : User is logged in with session 136654.009153503HAcQVtApfQfiDDDDtcVHtpitDfHf	[MsgId: MMSG-17999]
    2023-06-17 14:22:35.794 : User is logged out of session	[MsgId: MMSG-17999]
  2023-06-17 14:24:29.917 : IterationNum=10	[MsgId: MMSG-17999]
   USER 10 = user62:pwd62	[MsgId: MMSG-17999]
    2023-06-17 14:24:30.012 : Start page is opened	[MsgId: MMSG-17999]
    2023-06-17 14:24:34.596 : User is logged in with session 136654.019360065HAcQVtVpVcAiDDDDtcVHtpitzHcf	[MsgId: MMSG-17999]
    2023-06-17 14:24:39.217 : User is logged out of session	[MsgId: MMSG-17999]
  2023-06-17 14:26:35.920 : IterationNum=11	[MsgId: MMSG-17999]
   USER 11 = user62:pwd62	[MsgId: MMSG-17999]
    2023-06-17 14:26:36.013 : Start page is opened	[MsgId: MMSG-17999]
    2023-06-17 14:26:41.703 : User is logged in with session 136654.029566626HAcQVtVpztfiDDDDtcVHtpitQiHf	[MsgId: MMSG-17999]
    2023-06-17 14:26:46.560 : User is logged out of session	[MsgId: MMSG-17999]
  2023-06-17 14:28:41.927 : IterationNum=12	[MsgId: MMSG-17999]
   USER 12 = user62:pwd62	[MsgId: MMSG-17999]
    2023-06-17 14:28:42.020 : Start page is opened	[MsgId: MMSG-17999]
    2023-06-17 14:28:45.989 : User is logged in with session 136654.039773188HAcQVtcpVHAiDDDDtcVHtpifDAcf	[MsgId: MMSG-17999]
    2023-06-17 14:28:52.104 : User is logged out of session	[MsgId: MMSG-17999]
  2023-06-17 14:30:47.938 : IterationNum=13	[MsgId: MMSG-17999]
   USER 13 = user62:pwd62	[MsgId: MMSG-17999]
    2023-06-17 14:30:48.031 : Start page is opened	[MsgId: MMSG-17999]
    2023-06-17 14:30:52.821 : User is logged in with session 136654.049979749HAcQVtcpzQfiDDDDtcVHtpifzVHf	[MsgId: MMSG-17999]
    2023-06-17 14:30:57.702 : User is logged out of session	[MsgId: MMSG-17999]
  2023-06-17 14:32:53.950 : IterationNum=14	[MsgId: MMSG-17999]
   USER 14 = user62:pwd62	[MsgId: MMSG-17999]
    2023-06-17 14:32:54.043 : Start page is opened	[MsgId: MMSG-17999]
    2023-06-17 14:32:57.980 : User is logged in with session 136654.06018631HAcQVtDpccAiDDDDtcVHtpifQDcf	[MsgId: MMSG-17999]
    2023-06-17 14:33:02.116 : User is logged out of session	[MsgId: MMSG-17999]
  2023-06-17 14:34:59.964 : IterationNum=15	[MsgId: MMSG-17999]
   USER 15 = user62:pwd62	[MsgId: MMSG-17999]
    2023-06-17 14:35:00.058 : Start page is opened	[MsgId: MMSG-17999]
    2023-06-17 14:35:06.046 : User is logged in with session 136654.070392872HAcQVtDpHtfiDDDDtcVHtpizctHf	[MsgId: MMSG-17999]
    2023-06-17 14:35:10.991 : User is logged out of session	[MsgId: MMSG-17999]
  2023-06-17 14:37:05.970 : IterationNum=16	[MsgId: MMSG-17999]
   USER 16 = user62:pwd62	[MsgId: MMSG-17999]
    2023-06-17 14:37:06.064 : Start page is opened	[MsgId: MMSG-17999]
    2023-06-17 14:37:11.915 : User is logged in with session 136654.080599433HAcQVttpcHAiDDDDtcVHtpizfzcf	[MsgId: MMSG-17999]
    2023-06-17 14:37:16.069 : User is logged out of session	[MsgId: MMSG-17999]
  2023-06-17 14:39:11.982 : IterationNum=17	[MsgId: MMSG-17999]
   USER 17 = user62:pwd62	[MsgId: MMSG-17999]
    2023-06-17 14:39:12.076 : Start page is opened	[MsgId: MMSG-17999]
    2023-06-17 14:39:18.448 : User is logged in with session 136654.090886999HAcQVttpitcVHtpizii	[MsgId: MMSG-17999]
    2023-06-17 14:39:24.225 : User is logged out of session	[MsgId: MMSG-17999]
  2023-06-17 14:41:17.987 : IterationNum=18	[MsgId: MMSG-17999]
   USER 18 = user62:pwd62	[MsgId: MMSG-17999]
    2023-06-17 14:41:18.082 : Start page is opened	[MsgId: MMSG-17999]
    2023-06-17 14:41:24.155 : User is logged in with session 136654.10109356HAcQVtfpDcftcVHtpiHVQf	[MsgId: MMSG-17999]
    2023-06-17 14:41:29.755 : User is logged out of session	[MsgId: MMSG-17999]
  2023-06-17 14:43:23.998 : IterationNum=19	[MsgId: MMSG-17999]
   USER 19 = user62:pwd62	[MsgId: MMSG-17999]
    2023-06-17 14:43:24.092 : Start page is opened	[MsgId: MMSG-17999]
    2023-06-17 14:43:30.122 : User is logged in with session 136654.111300122HAcQVtfpiftcVHtpiHfV	[MsgId: MMSG-17999]
    2023-06-17 14:43:34.139 : User is logged out of session	[MsgId: MMSG-17999]
  2023-06-17 14:45:30.013 : IterationNum=20	[MsgId: MMSG-17999]
   USER 20 = user62:pwd62	[MsgId: MMSG-17999]
    2023-06-17 14:45:30.106 : Start page is opened	[MsgId: MMSG-17999]
    2023-06-17 14:45:34.164 : User is logged in with session 136654.121506683HAcQVtzpDHftcVHtpiHicf	[MsgId: MMSG-17999]
    2023-06-17 14:45:38.383 : User is logged out of session	[MsgId: MMSG-17999]
  2023-06-17 14:47:36.016 : IterationNum=21	[MsgId: MMSG-17999]
   USER 21 = user62:pwd62	[MsgId: MMSG-17999]
    2023-06-17 14:47:36.110 : Start page is opened	[MsgId: MMSG-17999]
    2023-06-17 14:47:40.351 : User is logged in with session 136654.131713244HAcQVtzpQtcVHtpiiVt	[MsgId: MMSG-17999]
    2023-06-17 14:47:46.036 : User is logged out of session	[MsgId: MMSG-17999]
  2023-06-17 14:49:42.029 : IterationNum=22	[MsgId: MMSG-17999]
   USER 22 = user62:pwd62	[MsgId: MMSG-17999]
    2023-06-17 14:49:42.121 : Start page is opened	[MsgId: MMSG-17999]
    2023-06-17 14:49:46.858 : User is logged in with session 136654.141919806HAcQVtHptcftcVHtpiitff	[MsgId: MMSG-17999]
    2023-06-17 14:49:51.024 : User is logged out of session	[MsgId: MMSG-17999]
  2023-06-17 14:51:48.031 : IterationNum=23	[MsgId: MMSG-17999]
   USER 23 = user62:pwd62	[MsgId: MMSG-17999]
    2023-06-17 14:51:48.125 : Start page is opened	[MsgId: MMSG-17999]
    2023-06-17 14:51:54.225 : User is logged in with session 136654.152126367HAcQVtHpQftcVHtpiiHH	[MsgId: MMSG-17999]
    2023-06-17 14:52:00.290 : User is logged out of session	[MsgId: MMSG-17999]
  2023-06-17 14:53:54.031 : IterationNum=24	[MsgId: MMSG-17999]
   USER 24 = user62:pwd62	[MsgId: MMSG-17999]
    2023-06-17 14:53:54.124 : Start page is opened	[MsgId: MMSG-17999]
    2023-06-17 14:53:59.263 : User is logged in with session 136654.162332928HAcQVtiptHftcVHtpiQAif	[MsgId: MMSG-17999]
    2023-06-17 14:54:04.561 : User is logged out of session	[MsgId: MMSG-17999]
  2023-06-17 14:56:00.043 : IterationNum=25	[MsgId: MMSG-17999]
   USER 25 = user62:pwd62	[MsgId: MMSG-17999]
    2023-06-17 14:56:00.136 : Start page is opened	[MsgId: MMSG-17999]
    2023-06-17 14:56:04.685 : User is logged in with session 136654.17253949HAcQVtQtcVHtpiQt	[MsgId: MMSG-17999]
    2023-06-17 14:56:08.907 : User is logged out of session	[MsgId: MMSG-17999]
  2023-06-17 14:58:06.052 : IterationNum=26	[MsgId: MMSG-17999]
   USER 26 = user62:pwd62	[MsgId: MMSG-17999]
    2023-06-17 14:58:06.145 : Start page is opened	[MsgId: MMSG-17999]
    2023-06-17 14:58:11.861 : User is logged in with session 136654.182746051HAcQVtQpfcftcVHtpiQHVf	[MsgId: MMSG-17999]
    2023-06-17 14:58:18.235 : User is logged out of session	[MsgId: MMSG-17999]
  2023-06-17 15:00:12.062 : IterationNum=27	[MsgId: MMSG-17999]
   USER 27 = user62:pwd62	[MsgId: MMSG-17999]
    2023-06-17 15:00:12.154 : Start page is opened	[MsgId: MMSG-17999]
    2023-06-17 15:00:16.250 : User is logged in with session 136654.192952612HAcQVfApAftcVHtpQAAD	[MsgId: MMSG-17999]
    2023-06-17 15:00:21.048 : User is logged out of session	[MsgId: MMSG-17999]
  2023-06-17 15:02:18.072 : IterationNum=28	[MsgId: MMSG-17999]
   USER 28 = user62:pwd62	[MsgId: MMSG-17999]
    2023-06-17 15:02:18.166 : Start page is opened	[MsgId: MMSG-17999]
    2023-06-17 15:02:22.899 : User is logged in with session 136654.203159174HAcQVfApfHftcVHtpQADtf	[MsgId: MMSG-17999]
    2023-06-17 15:02:28.551 : User is logged out of session	[MsgId: MMSG-17999]
  2023-06-17 15:04:24.083 : IterationNum=29	[MsgId: MMSG-17999]
   USER 29 = user62:pwd62	[MsgId: MMSG-17999]
    2023-06-17 15:04:24.177 : Start page is opened	[MsgId: MMSG-17999]
    2023-06-17 15:04:28.603 : User is logged in with session 136654.213365735HAcQVfVpVtcVHtpQAzz	[MsgId: MMSG-17999]
    2023-06-17 15:04:34.779 : User is logged out of session	[MsgId: MMSG-17999]
  2023-06-17 15:06:30.095 : IterationNum=30	[MsgId: MMSG-17999]
   USER 30 = user62:pwd62	[MsgId: MMSG-17999]
    2023-06-17 15:06:30.189 : Start page is opened	[MsgId: MMSG-17999]
    2023-06-17 15:06:34.316 : User is logged in with session 136654.223572296HAcQVfVpzcftcVHtpQAQHf	[MsgId: MMSG-17999]
    2023-06-17 15:06:40.057 : User is logged out of session	[MsgId: MMSG-17999]
  2023-06-17 15:08:36.108 : IterationNum=31	[MsgId: MMSG-17999]
   USER 31 = user62:pwd62	[MsgId: MMSG-17999]
    2023-06-17 15:08:36.201 : Start page is opened	[MsgId: MMSG-17999]
    2023-06-17 15:08:40.263 : User is logged in with session 136654.233778858HAcQVfcpVftcVHtpQVcQ	[MsgId: MMSG-17999]
    2023-06-17 15:08:46.622 : User is logged out of session	[MsgId: MMSG-17999]
  2023-06-17 15:10:42.109 : IterationNum=32	[MsgId: MMSG-17999]
   USER 32 = user62:pwd62	[MsgId: MMSG-17999]
    2023-06-17 15:10:42.202 : Start page is opened	[MsgId: MMSG-17999]
    2023-06-17 15:10:46.826 : User is logged in with session 136654.243985419HAcQVfcpzHftcVHtpQVzAf	[MsgId: MMSG-17999]
    2023-06-17 15:10:51.270 : User is logged out of session	[MsgId: MMSG-17999]
  2023-06-17 15:12:48.116 : IterationNum=33	[MsgId: MMSG-17999]
   USER 33 = user62:pwd62	[MsgId: MMSG-17999]
    2023-06-17 15:12:48.211 : Start page is opened	[MsgId: MMSG-17999]
    2023-06-17 15:12:53.654 : User is logged in with session 136654.254191981HAcQVfDpctcVHtpQVQc	[MsgId: MMSG-17999]
    2023-06-17 15:12:58.140 : User is logged out of session	[MsgId: MMSG-17999]
  2023-06-17 15:14:54.121 : IterationNum=34	[MsgId: MMSG-17999]
   USER 34 = user62:pwd62	[MsgId: MMSG-17999]
    2023-06-17 15:14:54.214 : Start page is opened	[MsgId: MMSG-17999]
    2023-06-17 15:14:58.597 : User is logged in with session 136654.264398542HAcQVfDpHcftcVHtpQccDf	[MsgId: MMSG-17999]
    2023-06-17 15:15:04.940 : User is logged out of session	[MsgId: MMSG-17999]
  2023-06-17 15:17:00.122 : IterationNum=35	[MsgId: MMSG-17999]
   USER 35 = user62:pwd62	[MsgId: MMSG-17999]
    2023-06-17 15:17:00.218 : Start page is opened	[MsgId: MMSG-17999]
    2023-06-17 15:17:04.715 : User is logged in with session 136654.274605103HAcQVftpcftcVHtpQcff	[MsgId: MMSG-17999]
    2023-06-17 15:17:09.172 : User is logged out of session	[MsgId: MMSG-17999]
  2023-06-17 15:19:06.127 : IterationNum=36	[MsgId: MMSG-17999]
   USER 36 = user62:pwd62	[MsgId: MMSG-17999]
    2023-06-17 15:19:06.221 : Start page is opened	[MsgId: MMSG-17999]
    2023-06-17 15:19:10.394 : User is logged in with session 136654.284811665HAcQVftpHHftcVHtpQcizf	[MsgId: MMSG-17999]
    2023-06-17 15:19:15.674 : User is logged out of session	[MsgId: MMSG-17999]
  2023-06-17 15:21:12.136 : IterationNum=37	[MsgId: MMSG-17999]
   USER 37 = user62:pwd62	[MsgId: MMSG-17999]
    2023-06-17 15:21:12.229 : Start page is opened	[MsgId: MMSG-17999]
    2023-06-17 15:21:17.847 : User is logged in with session 136654.295018226HAcQVffpDtcVHtpQDVi	[MsgId: MMSG-17999]
    2023-06-17 15:21:21.766 : User is logged out of session	[MsgId: MMSG-17999]
  2023-06-17 15:23:18.141 : IterationNum=38	[MsgId: MMSG-17999]
   USER 38 = user62:pwd62	[MsgId: MMSG-17999]
    2023-06-17 15:23:18.236 : Start page is opened	[MsgId: MMSG-17999]
    2023-06-17 15:23:23.158 : User is logged in with session 136654.305224787HAcQVffpicftcVHtpQDtQf	[MsgId: MMSG-17999]
    2023-06-17 15:23:28.236 : User is logged out of session	[MsgId: MMSG-17999]
  2023-06-17 15:25:24.153 : IterationNum=39	[MsgId: MMSG-17999]
   USER 39 = user62:pwd62	[MsgId: MMSG-17999]
    2023-06-17 15:25:24.247 : Start page is opened	[MsgId: MMSG-17999]
    2023-06-17 15:25:30.477 : User is logged in with session 136654.315431349HAcQVfzpDftcVHtpQDiV	[MsgId: MMSG-17999]
    2023-06-17 15:25:34.669 : User is logged out of session	[MsgId: MMSG-17999]
  2023-06-17 15:27:30.160 : IterationNum=40	[MsgId: MMSG-17999]
   USER 40 = user62:pwd62	[MsgId: MMSG-17999]
    2023-06-17 15:27:30.253 : Start page is opened	[MsgId: MMSG-17999]
    2023-06-17 15:27:36.087 : User is logged in with session 136654.32563791HAcQVfzpiHftcVHtpQtVcf	[MsgId: MMSG-17999]
    2023-06-17 15:27:40.723 : User is logged out of session	[MsgId: MMSG-17999]
  2023-06-17 15:29:36.171 : IterationNum=41	[MsgId: MMSG-17999]
   USER 41 = user62:pwd62	[MsgId: MMSG-17999]
    2023-06-17 15:29:36.266 : Start page is opened	[MsgId: MMSG-17999]
    2023-06-17 15:29:41.945 : User is logged in with session 136654.335844471HAcQVfHpttcVHtpQttt	[MsgId: MMSG-17999]
    2023-06-17 15:29:47.202 : User is logged out of session	[MsgId: MMSG-17999]
  2023-06-17 15:31:42.177 : IterationNum=42	[MsgId: MMSG-17999]
   USER 42 = user62:pwd62	[MsgId: MMSG-17999]
    2023-06-17 15:31:42.273 : Start page is opened	[MsgId: MMSG-17999]
    2023-06-17 15:31:47.407 : User is logged in with session 136654.346051033HAcQVfHpQcftcVHtpQtHff	[MsgId: MMSG-17999]
    2023-06-17 15:31:53.034 : User is logged out of session	[MsgId: MMSG-17999]
  2023-06-17 15:33:48.180 : IterationNum=43	[MsgId: MMSG-17999]
   USER 43 = user62:pwd62	[MsgId: MMSG-17999]
    2023-06-17 15:33:48.273 : Start page is opened	[MsgId: MMSG-17999]
    2023-06-17 15:33:53.689 : User is logged in with session 136654.356257594HAcQVfiptftcVHtpQfAH	[MsgId: MMSG-17999]
    2023-06-17 15:33:58.310 : User is logged out of session	[MsgId: MMSG-17999]
  2023-06-17 15:35:54.196 : IterationNum=44	[MsgId: MMSG-17999]
   USER 44 = user62:pwd62	[MsgId: MMSG-17999]
    2023-06-17 15:35:54.290 : Start page is opened	[MsgId: MMSG-17999]
    2023-06-17 15:35:59.176 : User is logged in with session 136654.366464156HAcQVfipQHftcVHtpQfDif	[MsgId: MMSG-17999]
    2023-06-17 15:36:04.739 : User is logged out of session	[MsgId: MMSG-17999]
  2023-06-17 15:38:00.211 : IterationNum=45	[MsgId: MMSG-17999]
   USER 45 = user62:pwd62	[MsgId: MMSG-17999]
    2023-06-17 15:38:00.305 : Start page is opened	[MsgId: MMSG-17999]
    2023-06-17 15:38:06.091 : User is logged in with session 136654.376670717HAcQVfQpftcVHtpQfH	[MsgId: MMSG-17999]
    2023-06-17 15:38:10.110 : User is logged out of session	[MsgId: MMSG-17999]
  2023-06-17 15:40:06.215 : IterationNum=46	[MsgId: MMSG-17999]
   USER 46 = user62:pwd62	[MsgId: MMSG-17999]
    2023-06-17 15:40:06.309 : Start page is opened	[MsgId: MMSG-17999]
    2023-06-17 15:40:10.393 : User is logged in with session 136654.386877278HAcQVzApAcftcVHtpQzAVf	[MsgId: MMSG-17999]
    2023-06-17 15:40:16.259 : User is logged out of session	[MsgId: MMSG-17999]
  2023-06-17 15:42:12.219 : IterationNum=47	[MsgId: MMSG-17999]
   USER 47 = user62:pwd62	[MsgId: MMSG-17999]
    2023-06-17 15:42:12.313 : Start page is opened	[MsgId: MMSG-17999]
    2023-06-17 15:42:18.250 : User is logged in with session 136654.39708384HAcQVzApfftcVHtpQzDD	[MsgId: MMSG-17999]
    2023-06-17 15:42:24.259 : User is logged out of session	[MsgId: MMSG-17999]
  2023-06-17 15:44:18.227 : IterationNum=48	[MsgId: MMSG-17999]
   USER 48 = user62:pwd62	[MsgId: MMSG-17999]
    2023-06-17 15:44:18.322 : Start page is opened	[MsgId: MMSG-17999]
    2023-06-17 15:44:23.389 : User is logged in with session 136654.407290401HAcQVzVpAHftcVHtpQzztf	[MsgId: MMSG-17999]
    2023-06-17 15:44:29.606 : User is logged out of session	[MsgId: MMSG-17999]
  2023-06-17 15:46:24.237 : IterationNum=49	[MsgId: MMSG-17999]
   USER 49 = user62:pwd62	[MsgId: MMSG-17999]
    2023-06-17 15:46:24.332 : Start page is opened	[MsgId: MMSG-17999]
    2023-06-17 15:46:30.288 : User is logged in with session 136654.417496962HAcQVzVpztcVHtpQzQz	[MsgId: MMSG-17999]
    2023-06-17 15:46:35.719 : User is logged out of session	[MsgId: MMSG-17999]
  2023-06-17 15:48:30.239 : IterationNum=50	[MsgId: MMSG-17999]
   USER 50 = user62:pwd62	[MsgId: MMSG-17999]
    2023-06-17 15:48:30.333 : Start page is opened	[MsgId: MMSG-17999]
    2023-06-17 15:48:36.434 : User is logged in with session 136654.427703524HAcQVzcpVcftcVHtpQHcHf	[MsgId: MMSG-17999]
    2023-06-17 15:48:41.556 : User is logged out of session	[MsgId: MMSG-17999]
  2023-06-17 15:50:36.254 : IterationNum=51	[MsgId: MMSG-17999]
   USER 51 = user62:pwd62	[MsgId: MMSG-17999]
    2023-06-17 15:50:36.348 : Start page is opened	[MsgId: MMSG-17999]
    2023-06-17 15:50:42.270 : User is logged in with session 136654.437910085HAcQVzcpzftcVHtpQHfQ	[MsgId: MMSG-17999]
    2023-06-17 15:50:46.539 : User is logged out of session	[MsgId: MMSG-17999]
  2023-06-17 15:52:42.267 : IterationNum=52	[MsgId: MMSG-17999]
   USER 52 = user62:pwd62	[MsgId: MMSG-17999]
    2023-06-17 15:52:42.362 : Start page is opened	[MsgId: MMSG-17999]
    2023-06-17 15:52:46.387 : User is logged in with session 136654.448116646HAcQVzDpVHftcVHtpQHQAf	[MsgId: MMSG-17999]
    2023-06-17 15:52:51.632 : User is logged out of session	[MsgId: MMSG-17999]
  2023-06-17 15:54:48.278 : IterationNum=53	[MsgId: MMSG-17999]
   USER 53 = user62:pwd62	[MsgId: MMSG-17999]
    2023-06-17 15:54:48.372 : Start page is opened	[MsgId: MMSG-17999]
    2023-06-17 15:54:54.576 : User is logged in with session 136654.458323208HAcQVzDpHtcVHtpQicc	[MsgId: MMSG-17999]
    2023-06-17 15:54:58.947 : User is logged out of session	[MsgId: MMSG-17999]
  2023-06-17 15:56:54.290 : IterationNum=54	[MsgId: MMSG-17999]
   USER 54 = user62:pwd62	[MsgId: MMSG-17999]
    2023-06-17 15:56:54.385 : Start page is opened	[MsgId: MMSG-17999]
    2023-06-17 15:57:00.746 : User is logged in with session 136654.468529769HAcQVztpccftcVHtpQifDf	[MsgId: MMSG-17999]
    2023-06-17 15:57:06.841 : User is logged out of session	[MsgId: MMSG-17999]
  2023-06-17 15:59:00.293 : IterationNum=55	[MsgId: MMSG-17999]
   USER 55 = user62:pwd62	[MsgId: MMSG-17999]
    2023-06-17 15:59:00.387 : Start page is opened	[MsgId: MMSG-17999]
    2023-06-17 15:59:05.301 : User is logged in with session 136654.47873633HAcQVztpHftcVHtpQiif	[MsgId: MMSG-17999]
    2023-06-17 15:59:11.594 : User is logged out of session	[MsgId: MMSG-17999]
  2023-06-17 16:01:06.299 : IterationNum=56	[MsgId: MMSG-17999]
   USER 56 = user62:pwd62	[MsgId: MMSG-17999]
    2023-06-17 16:01:06.393 : Start page is opened	[MsgId: MMSG-17999]
    2023-06-17 16:01:12.234 : User is logged in with session 136654.488942892HAcQVzfpcHftcVHtpQQVzf	[MsgId: MMSG-17999]
    2023-06-17 16:01:18.293 : User is logged out of session	[MsgId: MMSG-17999]
  2023-06-17 16:03:12.313 : IterationNum=57	[MsgId: MMSG-17999]
   USER 57 = user62:pwd62	[MsgId: MMSG-17999]
    2023-06-17 16:03:12.407 : Start page is opened	[MsgId: MMSG-17999]
    2023-06-17 16:03:16.626 : User is logged in with session 136654.499149453HAcQVzfpitcVHtpQQti	[MsgId: MMSG-17999]
    2023-06-17 16:03:21.409 : User is logged out of session	[MsgId: MMSG-17999]
  2023-06-17 16:05:18.325 : IterationNum=58	[MsgId: MMSG-17999]
   USER 58 = user62:pwd62	[MsgId: MMSG-17999]
    2023-06-17 16:05:18.419 : Start page is opened	[MsgId: MMSG-17999]
    2023-06-17 16:05:23.161 : User is logged in with session 136654.509356015HAcQVzzpDcftcVHtpQQHQf	[MsgId: MMSG-17999]
    2023-06-17 16:05:27.245 : User is logged out of session	[MsgId: MMSG-17999]
  2023-06-17 16:07:24.326 : IterationNum=59	[MsgId: MMSG-17999]
   USER 59 = user62:pwd62	[MsgId: MMSG-17999]
    2023-06-17 16:07:24.422 : Start page is opened	[MsgId: MMSG-17999]
    2023-06-17 16:07:30.344 : User is logged in with session 136654.519562576HAcQVzzpiftcVHfpAAVV	[MsgId: MMSG-17999]
    2023-06-17 16:07:35.867 : User is logged out of session	[MsgId: MMSG-17999]
  2023-06-17 16:09:30.337 : IterationNum=60	[MsgId: MMSG-17999]
   USER 60 = user62:pwd62	[MsgId: MMSG-17999]
    2023-06-17 16:09:30.433 : Start page is opened	[MsgId: MMSG-17999]
    2023-06-17 16:09:35.951 : User is logged in with session 136654.529769137HAcQVzHpDHftcVHfpAAtcf	[MsgId: MMSG-17999]
    2023-06-17 16:09:40.374 : User is logged out of session	[MsgId: MMSG-17999]
  2023-06-17 16:11:36.338 : IterationNum=61	[MsgId: MMSG-17999]
   USER 61 = user62:pwd62	[MsgId: MMSG-17999]
    2023-06-17 16:11:36.433 : Start page is opened	[MsgId: MMSG-17999]
    2023-06-17 16:11:42.133 : User is logged in with session 136654.539975699HAcQVzHpQtcVHfpAAHt	[MsgId: MMSG-17999]
    2023-06-17 16:11:47.111 : User is logged out of session	[MsgId: MMSG-17999]
  2023-06-17 16:13:42.344 : IterationNum=62	[MsgId: MMSG-17999]
   USER 62 = user62:pwd62	[MsgId: MMSG-17999]
    2023-06-17 16:13:42.437 : Start page is opened	[MsgId: MMSG-17999]
    2023-06-17 16:13:46.815 : User is logged in with session 136654.55018226HAcQVziptcftcVHfpAVAff	[MsgId: MMSG-17999]
    2023-06-17 16:13:51.215 : User is logged out of session	[MsgId: MMSG-17999]
  2023-06-17 16:15:48.347 : IterationNum=63	[MsgId: MMSG-17999]
   USER 63 = user62:pwd62	[MsgId: MMSG-17999]
    2023-06-17 16:15:48.441 : Start page is opened	[MsgId: MMSG-17999]
    2023-06-17 16:15:54.602 : User is logged in with session 136654.560388821HAcQVzipQftcVHfpAVDH	[MsgId: MMSG-17999]
    2023-06-17 16:15:59.753 : User is logged out of session	[MsgId: MMSG-17999]
  2023-06-17 16:17:54.350 : IterationNum=64	[MsgId: MMSG-17999]
   USER 64 = user62:pwd62	[MsgId: MMSG-17999]
    2023-06-17 16:17:54.446 : Start page is opened	[MsgId: MMSG-17999]
    2023-06-17 16:17:59.845 : User is logged in with session 136654.570595383HAcQVzQptHftcVHfpAVzif	[MsgId: MMSG-17999]
    2023-06-17 16:18:03.816 : User is logged out of session	[MsgId: MMSG-17999]
  2023-06-17 16:20:00.363 : IterationNum=65	[MsgId: MMSG-17999]
   USER 65 = user62:pwd62	[MsgId: MMSG-17999]
    2023-06-17 16:20:00.457 : Start page is opened	[MsgId: MMSG-17999]
    2023-06-17 16:20:04.821 : User is logged in with session 136654.580801944HAcQVHAtcVHfpAc	[MsgId: MMSG-17999]
    2023-06-17 16:20:09.165 : User is logged out of session	[MsgId: MMSG-17999]
  2023-06-17 16:22:06.369 : IterationNum=66	[MsgId: MMSG-17999]
   USER 66 = user62:pwd62	[MsgId: MMSG-17999]
    2023-06-17 16:22:06.463 : Start page is opened	[MsgId: MMSG-17999]
    2023-06-17 16:22:10.479 : User is logged in with session 136654.591008505HAcQVHApfcftcVHfpAcDVf	[MsgId: MMSG-17999]
    2023-06-17 16:22:14.921 : User is logged out of session	[MsgId: MMSG-17999]
  2023-06-17 16:24:12.384 : IterationNum=67	[MsgId: MMSG-17999]
   USER 67 = user62:pwd62	[MsgId: MMSG-17999]
    2023-06-17 16:24:12.477 : Start page is opened	[MsgId: MMSG-17999]
    2023-06-17 16:24:17.556 : User is logged in with session 136654.601215067HAcQVHVpAftcVHfpAczD	[MsgId: MMSG-17999]
    2023-06-17 16:24:22.394 : User is logged out of session	[MsgId: MMSG-17999]
  2023-06-17 16:26:18.395 : IterationNum=68	[MsgId: MMSG-17999]
   USER 68 = user62:pwd62	[MsgId: MMSG-17999]
    2023-06-17 16:26:18.489 : Start page is opened	[MsgId: MMSG-17999]
    2023-06-17 16:26:24.039 : User is logged in with session 136654.611421628HAcQVHVpfHftcVHfpAcQtf	[MsgId: MMSG-17999]
    2023-06-17 16:26:29.219 : User is logged out of session	[MsgId: MMSG-17999]
  2023-06-17 16:28:24.402 : IterationNum=69	[MsgId: MMSG-17999]
   USER 69 = user62:pwd62	[MsgId: MMSG-17999]
    2023-06-17 16:28:24.495 : Start page is opened	[MsgId: MMSG-17999]
    2023-06-17 16:28:30.064 : User is logged in with session 136654.62162819HAcQVHcpVtcVHfpADcz	[MsgId: MMSG-17999]
    2023-06-17 16:28:34.568 : User is logged out of session	[MsgId: MMSG-17999]
  2023-06-17 16:30:30.416 : IterationNum=70	[MsgId: MMSG-17999]
   USER 70 = user62:pwd62	[MsgId: MMSG-17999]
    2023-06-17 16:30:30.509 : Start page is opened	[MsgId: MMSG-17999]
    2023-06-17 16:30:34.617 : User is logged in with session 136654.631834751HAcQVHcpzcftcVHfpADfHf	[MsgId: MMSG-17999]
    2023-06-17 16:30:40.464 : User is logged out of session	[MsgId: MMSG-17999]
  2023-06-17 16:32:36.416 : IterationNum=71	[MsgId: MMSG-17999]
   USER 71 = user62:pwd62	[MsgId: MMSG-17999]
    2023-06-17 16:32:36.510 : Start page is opened	[MsgId: MMSG-17999]
    2023-06-17 16:32:42.434 : User is logged in with session 136654.642041312HAcQVHDpVftcVHfpADiQ	[MsgId: MMSG-17999]
    2023-06-17 16:32:46.633 : User is logged out of session	[MsgId: MMSG-17999]
  2023-06-17 16:34:42.421 : IterationNum=72	[MsgId: MMSG-17999]
   USER 72 = user62:pwd62	[MsgId: MMSG-17999]
    2023-06-17 16:34:42.516 : Start page is opened	[MsgId: MMSG-17999]
    2023-06-17 16:34:48.781 : User is logged in with session 136654.652247874HAcQVHDpzHftcVHfpAtcAf	[MsgId: MMSG-17999]
    2023-06-17 16:34:52.992 : User is logged out of session	[MsgId: MMSG-17999]
  2023-06-17 16:36:48.426 : IterationNum=73	[MsgId: MMSG-17999]
   USER 73 = user62:pwd62	[MsgId: MMSG-17999]
    2023-06-17 16:36:48.521 : Start page is opened	[MsgId: MMSG-17999]
    2023-06-17 16:36:54.597 : User is logged in with session 136654.662454435HAcQVHtpctcVHfpAtfc	[MsgId: MMSG-17999]
    2023-06-17 16:36:59.814 : User is logged out of session	[MsgId: MMSG-17999]
  2023-06-17 16:38:54.441 : IterationNum=74	[MsgId: MMSG-17999]
   USER 74 = user62:pwd62	[MsgId: MMSG-17999]
    2023-06-17 16:38:54.536 : Start page is opened	[MsgId: MMSG-17999]
    2023-06-17 16:38:59.227 : User is logged in with session 136654.672660996HAcQVHtpHcftcVHfpAtiDf	[MsgId: MMSG-17999]
    2023-06-17 16:39:03.863 : User is logged out of session	[MsgId: MMSG-17999]
  2023-06-17 16:41:00.453 : IterationNum=75	[MsgId: MMSG-17999]
   USER 75 = user62:pwd62	[MsgId: MMSG-17999]
    2023-06-17 16:41:00.547 : Start page is opened	[MsgId: MMSG-17999]
    2023-06-17 16:41:06.654 : User is logged in with session 136654.682867558HAcQVHfpcftcVHfpAfVf	[MsgId: MMSG-17999]
    2023-06-17 16:41:11.351 : User is logged out of session	[MsgId: MMSG-17999]
  2023-06-17 16:43:06.462 : IterationNum=76	[MsgId: MMSG-17999]
   USER 76 = user62:pwd62	[MsgId: MMSG-17999]
    2023-06-17 16:43:06.556 : Start page is opened	[MsgId: MMSG-17999]
    2023-06-17 16:43:12.906 : User is logged in with session 136654.693074119HAcQVHfpHHftcVHfpAftzf	[MsgId: MMSG-17999]
    2023-06-17 16:43:18.627 : User is logged out of session	[MsgId: MMSG-17999]
  2023-06-17 16:45:12.462 : IterationNum=77	[MsgId: MMSG-17999]
   USER 77 = user62:pwd62	[MsgId: MMSG-17999]
    2023-06-17 16:45:12.554 : Start page is opened	[MsgId: MMSG-17999]
    2023-06-17 16:45:17.713 : User is logged in with session 136654.70328068HAcQVHzpDtcVHfpAfHi	[MsgId: MMSG-17999]
    2023-06-17 16:45:22.717 : User is logged out of session	[MsgId: MMSG-17999]
  2023-06-17 16:47:18.464 : IterationNum=78	[MsgId: MMSG-17999]
   USER 78 = user62:pwd62	[MsgId: MMSG-17999]
    2023-06-17 16:47:18.558 : Start page is opened	[MsgId: MMSG-17999]
    2023-06-17 16:47:22.998 : User is logged in with session 136654.713487242HAcQVHzpicftcVHfpAzAQf	[MsgId: MMSG-17999]
    2023-06-17 16:47:27.142 : User is logged out of session	[MsgId: MMSG-17999]
  2023-06-17 16:49:24.464 : IterationNum=79	[MsgId: MMSG-17999]
   USER 79 = user62:pwd62	[MsgId: MMSG-17999]
    2023-06-17 16:49:24.558 : Start page is opened	[MsgId: MMSG-17999]
    2023-06-17 16:49:28.468 : User is logged in with session 136654.723693803HAcQVHHpDftcVHfpAztV	[MsgId: MMSG-17999]
    2023-06-17 16:49:34.399 : User is logged out of session	[MsgId: MMSG-17999]
  2023-06-17 16:51:30.473 : IterationNum=80	[MsgId: MMSG-17999]
   USER 80 = user62:pwd62	[MsgId: MMSG-17999]
    2023-06-17 16:51:30.567 : Start page is opened	[MsgId: MMSG-17999]
    2023-06-17 16:51:36.803 : User is logged in with session 136654.733900365HAcQVHHpiHftcVHfpAzHcf	[MsgId: MMSG-17999]
    2023-06-17 16:51:42.773 : User is logged out of session	[MsgId: MMSG-17999]
  2023-06-17 16:53:36.478 : IterationNum=81	[MsgId: MMSG-17999]
   USER 81 = user62:pwd62	[MsgId: MMSG-17999]
    2023-06-17 16:53:36.572 : Start page is opened	[MsgId: MMSG-17999]
    2023-06-17 16:53:41.528 : User is logged in with session 136654.744106926HAcQVHipttcVHfpAHAt	[MsgId: MMSG-17999]
    2023-06-17 16:53:46.603 : User is logged out of session	[MsgId: MMSG-17999]
  2023-06-17 16:55:42.484 : IterationNum=82	[MsgId: MMSG-17999]
   USER 82 = user62:pwd62	[MsgId: MMSG-17999]
    2023-06-17 16:55:42.578 : Start page is opened	[MsgId: MMSG-17999]
    2023-06-17 16:55:47.540 : User is logged in with session 136654.754313487HAcQVHipQcftcVHfpAHDff	[MsgId: MMSG-17999]
    2023-06-17 16:55:52.551 : User is logged out of session	[MsgId: MMSG-17999]
  2023-06-17 16:57:48.497 : IterationNum=83	[MsgId: MMSG-17999]
   USER 83 = user62:pwd62	[MsgId: MMSG-17999]
    2023-06-17 16:57:48.592 : Start page is opened	[MsgId: MMSG-17999]
    2023-06-17 16:57:53.217 : User is logged in with session 136654.764520049HAcQVHQptftcVHfpAHzH	[MsgId: MMSG-17999]
    2023-06-17 16:57:57.484 : User is logged out of session	[MsgId: MMSG-17999]
  2023-06-17 16:59:54.513 : IterationNum=84	[MsgId: MMSG-17999]
   USER 84 = user62:pwd62	[MsgId: MMSG-17999]
    2023-06-17 16:59:54.606 : Start page is opened	[MsgId: MMSG-17999]
    2023-06-17 16:59:59.311 : User is logged in with session 136654.77472661HAcQVHQpQHftcVHfpAHQif	[MsgId: MMSG-17999]
    2023-06-17 17:00:03.905 : User is logged out of session	[MsgId: MMSG-17999]
  2023-06-17 17:02:00.520 : IterationNum=85	[MsgId: MMSG-17999]
   USER 85 = user62:pwd62	[MsgId: MMSG-17999]
    2023-06-17 17:02:00.615 : Start page is opened	[MsgId: MMSG-17999]
    2023-06-17 17:02:05.091 : User is logged in with session 136654.784933171HAcQViApftcVHfpAiD	[MsgId: MMSG-17999]
    2023-06-17 17:02:10.372 : User is logged out of session	[MsgId: MMSG-17999]
  2023-06-17 17:04:06.532 : IterationNum=86	[MsgId: MMSG-17999]
   USER 86 = user62:pwd62	[MsgId: MMSG-17999]
    2023-06-17 17:04:06.626 : Start page is opened	[MsgId: MMSG-17999]
    2023-06-17 17:04:12.787 : User is logged in with session 136654.795139733HAcQViVpAcftcVHfpAizVf	[MsgId: MMSG-17999]
    2023-06-17 17:04:17.320 : User is logged out of session	[MsgId: MMSG-17999]
  2023-06-17 17:06:12.545 : IterationNum=87	[MsgId: MMSG-17999]
   USER 87 = user62:pwd62	[MsgId: MMSG-17999]
    2023-06-17 17:06:12.638 : Start page is opened	[MsgId: MMSG-17999]
    2023-06-17 17:06:18.890 : User is logged in with session 136654.805346294HAcQViVpfftcVHfpAiQD	[MsgId: MMSG-17999]
    2023-06-17 17:06:23.966 : User is logged out of session	[MsgId: MMSG-17999]
  2023-06-17 17:08:18.556 : IterationNum=88	[MsgId: MMSG-17999]
   USER 88 = user62:pwd62	[MsgId: MMSG-17999]
    2023-06-17 17:08:18.651 : Start page is opened	[MsgId: MMSG-17999]
    2023-06-17 17:08:24.935 : User is logged in with session 136654.815552855HAcQVicpAHftcVHfpAQctf	[MsgId: MMSG-17999]
    2023-06-17 17:08:29.613 : User is logged out of session	[MsgId: MMSG-17999]
  2023-06-17 17:10:24.570 : IterationNum=89	[MsgId: MMSG-17999]
   USER 89 = user62:pwd62	[MsgId: MMSG-17999]
    2023-06-17 17:10:24.664 : Start page is opened	[MsgId: MMSG-17999]
    2023-06-17 17:10:30.783 : User is logged in with session 136654.825759417HAcQVicpztcVHfpAQfz	[MsgId: MMSG-17999]
    2023-06-17 17:10:35.132 : User is logged out of session	[MsgId: MMSG-17999]
  2023-06-17 17:12:30.580 : IterationNum=90	[MsgId: MMSG-17999]
   USER 90 = user62:pwd62	[MsgId: MMSG-17999]
    2023-06-17 17:12:30.674 : Start page is opened	[MsgId: MMSG-17999]
    2023-06-17 17:12:36.980 : User is logged in with session 136654.835965978HAcQViDpVcftcVHfpAQiHf	[MsgId: MMSG-17999]
    2023-06-17 17:12:41.534 : User is logged out of session	[MsgId: MMSG-17999]
  2023-06-17 17:14:36.593 : IterationNum=91	[MsgId: MMSG-17999]
   USER 91 = user62:pwd62	[MsgId: MMSG-17999]
    2023-06-17 17:14:36.687 : Start page is opened	[MsgId: MMSG-17999]
    2023-06-17 17:14:42.716 : User is logged in with session 136654.846172539HAcQViDpzftcVHfpVAVQ	[MsgId: MMSG-17999]
    2023-06-17 17:14:48.715 : User is logged out of session	[MsgId: MMSG-17999]
  2023-06-17 17:16:42.604 : IterationNum=92	[MsgId: MMSG-17999]
   USER 92 = user62:pwd62	[MsgId: MMSG-17999]
    2023-06-17 17:16:42.699 : Start page is opened	[MsgId: MMSG-17999]
    2023-06-17 17:16:47.967 : User is logged in with session 136654.856379101HAcQVitpVHftcVHfpVAfAf	[MsgId: MMSG-17999]
    2023-06-17 17:16:52.913 : User is logged out of session	[MsgId: MMSG-17999]
  2023-06-17 17:18:48.610 : IterationNum=93	[MsgId: MMSG-17999]
   USER 93 = user62:pwd62	[MsgId: MMSG-17999]
    2023-06-17 17:18:48.705 : Start page is opened	[MsgId: MMSG-17999]
    2023-06-17 17:18:52.947 : User is logged in with session 136654.866585662HAcQVitpHtcVHfpVAic	[MsgId: MMSG-17999]
    2023-06-17 17:18:58.903 : User is logged out of session	[MsgId: MMSG-17999]
  2023-06-17 17:20:54.614 : IterationNum=94	[MsgId: MMSG-17999]
   USER 94 = user62:pwd62	[MsgId: MMSG-17999]
    2023-06-17 17:20:54.708 : Start page is opened	[MsgId: MMSG-17999]
    2023-06-17 17:21:00.633 : User is logged in with session 136654.876792224HAcQVifpccftcVHfpVVVDf	[MsgId: MMSG-17999]
    2023-06-17 17:21:06.465 : User is logged out of session	[MsgId: MMSG-17999]
  2023-06-17 17:23:00.623 : IterationNum=95	[MsgId: MMSG-17999]
   USER 95 = user62:pwd62	[MsgId: MMSG-17999]
    2023-06-17 17:23:00.717 : Start page is opened	[MsgId: MMSG-17999]
    2023-06-17 17:23:05.241 : User is logged in with session 136654.886998785HAcQVifpHftcVHfpVVtf	[MsgId: MMSG-17999]
    2023-06-17 17:23:10.212 : User is logged out of session	[MsgId: MMSG-17999]
  2023-06-17 17:25:06.629 : IterationNum=96	[MsgId: MMSG-17999]
   USER 96 = user62:pwd62	[MsgId: MMSG-17999]
    2023-06-17 17:25:06.724 : Start page is opened	[MsgId: MMSG-17999]
    2023-06-17 17:25:12.015 : User is logged in with session 136654.897205346HAcQVizpcHftcVHfpVVHzf	[MsgId: MMSG-17999]
    2023-06-17 17:25:17.472 : User is logged out of session	[MsgId: MMSG-17999]
  2023-06-17 17:27:12.641 : IterationNum=97	[MsgId: MMSG-17999]
   USER 97 = user62:pwd62	[MsgId: MMSG-17999]
    2023-06-17 17:27:12.735 : Start page is opened	[MsgId: MMSG-17999]
    2023-06-17 17:27:17.950 : User is logged in with session 136654.907411908HAcQVizpitcVHfpVcAi	[MsgId: MMSG-17999]
    2023-06-17 17:27:22.348 : User is logged out of session	[MsgId: MMSG-17999]
  2023-06-17 17:29:18.646 : IterationNum=98	[MsgId: MMSG-17999]
   USER 98 = user62:pwd62	[MsgId: MMSG-17999]
    2023-06-17 17:29:18.740 : Start page is opened	[MsgId: MMSG-17999]
    2023-06-17 17:29:23.777 : User is logged in with session 136654.917618469HAcQViHpDcftcVHfpVcDQf	[MsgId: MMSG-17999]
    2023-06-17 17:29:30.148 : User is logged out of session	[MsgId: MMSG-17999]
  2023-06-17 17:31:24.658 : IterationNum=99	[MsgId: MMSG-17999]
   USER 99 = user62:pwd62	[MsgId: MMSG-17999]
    2023-06-17 17:31:24.754 : Start page is opened	[MsgId: MMSG-17999]
    2023-06-17 17:31:29.308 : User is logged in with session 136654.92782503HAcQViHpiftcVHfpVcHV	[MsgId: MMSG-17999]
    2023-06-17 17:31:34.332 : User is logged out of session	[MsgId: MMSG-17999]
  2023-06-17 17:33:30.671 : IterationNum=100	[MsgId: MMSG-17999]
   USER 100 = user62:pwd62	[MsgId: MMSG-17999]
    2023-06-17 17:33:30.765 : Start page is opened	[MsgId: MMSG-17999]
    2023-06-17 17:33:36.030 : User is logged in with session 136654.938031592HAcQViipDHftcVHfpVDAcf	[MsgId: MMSG-17999]
    2023-06-17 17:33:40.014 : User is logged out of session	[MsgId: MMSG-17999]
  2023-06-17 17:35:36.672 : IterationNum=101	[MsgId: MMSG-17999]
   USER 101 = user62:pwd62	[MsgId: MMSG-17999]
    2023-06-17 17:35:36.767 : Start page is opened	[MsgId: MMSG-17999]
    2023-06-17 17:35:42.420 : User is logged in with session 136654.948238153HAcQViipQtcVHfpVDDt	[MsgId: MMSG-17999]
    2023-06-17 17:35:46.696 : User is logged out of session	[MsgId: MMSG-17999]
  2023-06-17 17:37:42.680 : IterationNum=102	[MsgId: MMSG-17999]
   USER 102 = user62:pwd62	[MsgId: MMSG-17999]
    2023-06-17 17:37:42.775 : Start page is opened	[MsgId: MMSG-17999]
    2023-06-17 17:37:47.413 : User is logged in with session 136654.958444714HAcQViQptcftcVHfpVDzff	[MsgId: MMSG-17999]
    2023-06-17 17:37:52.002 : User is logged out of session	[MsgId: MMSG-17999]
  2023-06-17 17:39:48.686 : IterationNum=103	[MsgId: MMSG-17999]
   USER 103 = user62:pwd62	[MsgId: MMSG-17999]
    2023-06-17 17:39:48.781 : Start page is opened	[MsgId: MMSG-17999]
    2023-06-17 17:39:52.703 : User is logged in with session 136654.968651276HAcQViQpQftcVHfpVDQH	[MsgId: MMSG-17999]
    2023-06-17 17:39:58.797 : User is logged out of session	[MsgId: MMSG-17999]
  2023-06-17 17:41:54.686 : IterationNum=104	[MsgId: MMSG-17999]
   USER 104 = user62:pwd62	[MsgId: MMSG-17999]
    2023-06-17 17:41:54.780 : Start page is opened	[MsgId: MMSG-17999]
    2023-06-17 17:41:59.194 : User is logged in with session 136654.978857837HAcQVQAptHftcVHfpVtcif	[MsgId: MMSG-17999]
    2023-06-17 17:42:03.365 : User is logged out of session	[MsgId: MMSG-17999]
  2023-06-17 17:44:00.701 : IterationNum=105	[MsgId: MMSG-17999]
   USER 105 = user62:pwd62	[MsgId: MMSG-17999]
    2023-06-17 17:44:00.796 : Start page is opened	[MsgId: MMSG-17999]
    2023-06-17 17:44:06.039 : User is logged in with session 136654.989064399HAcQVQVtcVHfpVtz	[MsgId: MMSG-17999]
    2023-06-17 17:44:09.997 : User is logged out of session	[MsgId: MMSG-17999]
  2023-06-17 17:46:06.710 : IterationNum=106	[MsgId: MMSG-17999]
   USER 106 = user62:pwd62	[MsgId: MMSG-17999]
    2023-06-17 17:46:06.804 : Start page is opened	[MsgId: MMSG-17999]
    2023-06-17 17:46:11.293 : User is logged in with session 136654.99927096HAcQVQVpfcftcVHfpVtQVf	[MsgId: MMSG-17999]
    2023-06-17 17:46:16.718 : User is logged out of session	[MsgId: MMSG-17999]
  2023-06-17 17:48:12.714 : IterationNum=107	[MsgId: MMSG-17999]
   USER 107 = user62:pwd62	[MsgId: MMSG-17999]
    2023-06-17 17:48:12.808 : Start page is opened	[MsgId: MMSG-17999]
    2023-06-17 17:48:18.267 : User is logged in with session 136655.009477521HAcQVQcpAftcVHfpVfcD	[MsgId: MMSG-17999]
    2023-06-17 17:48:22.408 : User is logged out of session	[MsgId: MMSG-17999]
  2023-06-17 17:50:18.714 : IterationNum=108	[MsgId: MMSG-17999]
   USER 108 = user62:pwd62	[MsgId: MMSG-17999]
    2023-06-17 17:50:18.810 : Start page is opened	[MsgId: MMSG-17999]
    2023-06-17 17:50:24.966 : User is logged in with session 136655.019684083HAcQVQcpfHftcVHfpVfftf	[MsgId: MMSG-17999]
    2023-06-17 17:50:30.576 : User is logged out of session	[MsgId: MMSG-17999]
  2023-06-17 17:52:24.728 : IterationNum=109	[MsgId: MMSG-17999]
   USER 109 = user62:pwd62	[MsgId: MMSG-17999]
    2023-06-17 17:52:24.822 : Start page is opened	[MsgId: MMSG-17999]
    2023-06-17 17:52:29.048 : User is logged in with session 136655.029890644HAcQVQDpVtcVHfpVfiz	[MsgId: MMSG-17999]
    2023-06-17 17:52:35.114 : User is logged out of session	[MsgId: MMSG-17999]
  2023-06-17 17:54:30.730 : IterationNum=110	[MsgId: MMSG-17999]
   USER 110 = user62:pwd62	[MsgId: MMSG-17999]
    2023-06-17 17:54:30.824 : Start page is opened	[MsgId: MMSG-17999]
    2023-06-17 17:54:35.215 : User is logged in with session 136655.040097205HAcQVQDpzcftcVHfpVzVHf	[MsgId: MMSG-17999]
    2023-06-17 17:54:40.278 : User is logged out of session	[MsgId: MMSG-17999]
  2023-06-17 17:56:36.740 : IterationNum=111	[MsgId: MMSG-17999]
   USER 111 = user62:pwd62	[MsgId: MMSG-17999]
    2023-06-17 17:56:36.834 : Start page is opened	[MsgId: MMSG-17999]
    2023-06-17 17:56:43.179 : User is logged in with session 136655.050303767HAcQVQtpVftcVHfpVztQ	[MsgId: MMSG-17999]
    2023-06-17 17:56:49.016 : User is logged out of session	[MsgId: MMSG-17999]
  2023-06-17 17:58:42.745 : IterationNum=112	[MsgId: MMSG-17999]
   USER 112 = user62:pwd62	[MsgId: MMSG-17999]
    2023-06-17 17:58:42.839 : Start page is opened	[MsgId: MMSG-17999]
    2023-06-17 17:58:48.867 : User is logged in with session 136655.060510328HAcQVQtpzHftcVHfpVziAf	[MsgId: MMSG-17999]
    2023-06-17 17:58:54.253 : User is logged out of session	[MsgId: MMSG-17999]
  2023-06-17 18:00:48.753 : IterationNum=113	[MsgId: MMSG-17999]
   USER 113 = user62:pwd62	[MsgId: MMSG-17999]
    2023-06-17 18:00:48.847 : Start page is opened	[MsgId: MMSG-17999]
    2023-06-17 18:00:53.090 : User is logged in with session 136655.070716889HAcQVQfpctcVHfpVHVc	[MsgId: MMSG-17999]
    2023-06-17 18:00:59.109 : User is logged out of session	[MsgId: MMSG-17999]
  2023-06-17 18:02:54.764 : IterationNum=114	[MsgId: MMSG-17999]
   USER 114 = user62:pwd62	[MsgId: MMSG-17999]
    2023-06-17 18:02:54.858 : Start page is opened	[MsgId: MMSG-17999]
    2023-06-17 18:03:00.134 : User is logged in with session 136655.080923451HAcQVQfpHcftcVHfpVHtDf	[MsgId: MMSG-17999]
    2023-06-17 18:03:06.148 : User is logged out of session	[MsgId: MMSG-17999]
  2023-06-17 18:05:00.767 : IterationNum=115	[MsgId: MMSG-17999]
   USER 115 = user62:pwd62	[MsgId: MMSG-17999]
    2023-06-17 18:05:00.861 : Start page is opened	[MsgId: MMSG-17999]
    2023-06-17 18:05:06.883 : User is logged in with session 136655.091130012HAcQVQzpcftcVHfpVHHf	[MsgId: MMSG-17999]
    2023-06-17 18:05:13.192 : User is logged out of session	[MsgId: MMSG-17999]
  2023-06-17 18:07:06.776 : IterationNum=116	[MsgId: MMSG-17999]
   USER 116 = user62:pwd62	[MsgId: MMSG-17999]
    2023-06-17 18:07:06.870 : Start page is opened	[MsgId: MMSG-17999]
    2023-06-17 18:07:12.302 : User is logged in with session 136655.101336574HAcQVQzpHHftcVHfpViAzf	[MsgId: MMSG-17999]
    2023-06-17 18:07:17.726 : User is logged out of session	[MsgId: MMSG-17999]
  2023-06-17 18:09:12.785 : IterationNum=117	[MsgId: MMSG-17999]
   USER 117 = user62:pwd62	[MsgId: MMSG-17999]
    2023-06-17 18:09:12.880 : Start page is opened	[MsgId: MMSG-17999]
    2023-06-17 18:09:18.168 : User is logged in with session 136655.111543135HAcQVQHpDtcVHfpViDi	[MsgId: MMSG-17999]
    2023-06-17 18:09:22.692 : User is logged out of session	[MsgId: MMSG-17999]
  2023-06-17 18:11:18.798 : IterationNum=118	[MsgId: MMSG-17999]
   USER 118 = user62:pwd62	[MsgId: MMSG-17999]
    2023-06-17 18:11:18.893 : Start page is opened	[MsgId: MMSG-17999]
    2023-06-17 18:11:24.812 : User is logged in with session 136655.121749696HAcQVQHpicftcVHfpVizQf	[MsgId: MMSG-17999]
    2023-06-17 18:11:28.951 : User is logged out of session	[MsgId: MMSG-17999]
  2023-06-17 18:13:24.806 : IterationNum=119	[MsgId: MMSG-17999]
   USER 119 = user62:pwd62	[MsgId: MMSG-17999]
    2023-06-17 18:13:24.902 : Start page is opened	[MsgId: MMSG-17999]
    2023-06-17 18:13:29.220 : User is logged in with session 136655.131956258HAcQVQipDftcVHfpVQAV	[MsgId: MMSG-17999]
    2023-06-17 18:13:34.078 : User is logged out of session	[MsgId: MMSG-17999]
  2023-06-17 18:15:30.808 : IterationNum=120	[MsgId: MMSG-17999]
   USER 120 = user62:pwd62	[MsgId: MMSG-17999]
    2023-06-17 18:15:30.903 : Start page is opened	[MsgId: MMSG-17999]
    2023-06-17 18:15:37.266 : User is logged in with session 136655.142162819HAcQVQipiHftcVHfpVQDcf	[MsgId: MMSG-17999]
    2023-06-17 18:15:42.028 : User is logged out of session	[MsgId: MMSG-17999]
  2023-06-17 18:17:36.812 : IterationNum=121	[MsgId: MMSG-17999]
   USER 121 = user62:pwd62	[MsgId: MMSG-17999]
    2023-06-17 18:17:36.907 : Start page is opened	[MsgId: MMSG-17999]
    2023-06-17 18:17:42.922 : User is logged in with session 136655.15236938HAcQVQQpttcVHfpVQzt	[MsgId: MMSG-17999]
    2023-06-17 18:17:47.560 : User is logged out of session	[MsgId: MMSG-17999]
  2023-06-17 18:19:42.828 : IterationNum=122	[MsgId: MMSG-17999]
   USER 122 = user62:pwd62	[MsgId: MMSG-17999]
    2023-06-17 18:19:42.921 : Start page is opened	[MsgId: MMSG-17999]
    2023-06-17 18:19:49.261 : User is logged in with session 136655.162575942HAcQVQQpQcftcVHfpVQQff	[MsgId: MMSG-17999]
    2023-06-17 18:19:55.373 : User is logged out of session	[MsgId: MMSG-17999]
  2023-06-17 18:21:48.840 : IterationNum=123	[MsgId: MMSG-17999]
   USER 123 = user62:pwd62	[MsgId: MMSG-17999]
    2023-06-17 18:21:48.935 : Start page is opened	[MsgId: MMSG-17999]
    2023-06-17 18:21:54.870 : User is logged in with session 136655.172782503HAcQcAAptftcVHfpcAcH	[MsgId: MMSG-17999]
    2023-06-17 18:22:01.022 : User is logged out of session	[MsgId: MMSG-17999]
  2023-06-17 18:23:54.844 : IterationNum=124	[MsgId: MMSG-17999]
   USER 124 = user62:pwd62	[MsgId: MMSG-17999]
    2023-06-17 18:23:54.938 : Start page is opened	[MsgId: MMSG-17999]
    2023-06-17 18:23:59.972 : User is logged in with session 136655.182989064HAcQcAApQHftcVHfpcAfif	[MsgId: MMSG-17999]
    2023-06-17 18:24:04.329 : User is logged out of session	[MsgId: MMSG-17999]
  2023-06-17 18:26:00.857 : IterationNum=125	[MsgId: MMSG-17999]
   USER 125 = user62:pwd62	[MsgId: MMSG-17999]
    2023-06-17 18:26:00.951 : Start page is opened	[MsgId: MMSG-17999]
    2023-06-17 18:26:06.908 : User is logged in with session 136655.193195626HAcQcAVpftcVHfpcAQ	[MsgId: MMSG-17999]
    2023-06-17 18:26:11.363 : User is logged out of session	[MsgId: MMSG-17999]
  2023-06-17 18:28:06.868 : IterationNum=126	[MsgId: MMSG-17999]
   USER 126 = user62:pwd62	[MsgId: MMSG-17999]
    2023-06-17 18:28:06.962 : Start page is opened	[MsgId: MMSG-17999]
    2023-06-17 18:28:10.933 : User is logged in with session 136655.203402187HAcQcAcpAcftcVHfpcVcVf	[MsgId: MMSG-17999]
    2023-06-17 18:28:16.763 : User is logged out of session	[MsgId: MMSG-17999]
  2023-06-17 18:30:12.878 : IterationNum=127	[MsgId: MMSG-17999]
   USER 127 = user62:pwd62	[MsgId: MMSG-17999]
    2023-06-17 18:30:12.972 : Start page is opened	[MsgId: MMSG-17999]
    2023-06-17 18:30:16.934 : User is logged in with session 136655.213608748HAcQcAcpfftcVHfpcVfD	[MsgId: MMSG-17999]
    2023-06-17 18:30:20.843 : User is logged out of session	[MsgId: MMSG-17999]
  2023-06-17 18:32:18.892 : IterationNum=128	[MsgId: MMSG-17999]
   USER 128 = user62:pwd62	[MsgId: MMSG-17999]
    2023-06-17 18:32:18.985 : Start page is opened	[MsgId: MMSG-17999]
    2023-06-17 18:32:23.216 : User is logged in with session 136655.22381531HAcQcADpAHftcVHfpcVitf	[MsgId: MMSG-17999]
    2023-06-17 18:32:29.389 : User is logged out of session	[MsgId: MMSG-17999]
  2023-06-17 18:34:24.901 : IterationNum=129	[MsgId: MMSG-17999]
   USER 129 = user62:pwd62	[MsgId: MMSG-17999]
    2023-06-17 18:34:24.995 : Start page is opened	[MsgId: MMSG-17999]
    2023-06-17 18:34:29.707 : User is logged in with session 136655.234021871HAcQcADpztcVHfpccVz	[MsgId: MMSG-17999]
    2023-06-17 18:34:34.415 : User is logged out of session	[MsgId: MMSG-17999]
  2023-06-17 18:36:30.914 : IterationNum=130	[MsgId: MMSG-17999]
   USER 130 = user62:pwd62	[MsgId: MMSG-17999]
    2023-06-17 18:36:31.008 : Start page is opened	[MsgId: MMSG-17999]
    2023-06-17 18:36:36.430 : User is logged in with session 136655.244228433HAcQcAtpVcftcVHfpcctHf	[MsgId: MMSG-17999]
    2023-06-17 18:36:42.681 : User is logged out of session	[MsgId: MMSG-17999]
  2023-06-17 18:38:36.916 : IterationNum=131	[MsgId: MMSG-17999]
   USER 131 = user62:pwd62	[MsgId: MMSG-17999]
    2023-06-17 18:38:37.010 : Start page is opened	[MsgId: MMSG-17999]
    2023-06-17 18:38:43.286 : User is logged in with session 136655.254434994HAcQcAtpzftcVHfpccHQ	[MsgId: MMSG-17999]
    2023-06-17 18:38:49.372 : User is logged out of session	[MsgId: MMSG-17999]
  2023-06-17 18:40:42.920 : IterationNum=132	[MsgId: MMSG-17999]
   USER 132 = user62:pwd62	[MsgId: MMSG-17999]
    2023-06-17 18:40:43.012 : Start page is opened	[MsgId: MMSG-17999]
    2023-06-17 18:40:49.231 : User is logged in with session 136655.264641555HAcQcAfpVHftcVHfpcDVAf	[MsgId: MMSG-17999]
    2023-06-17 18:40:55.027 : User is logged out of session	[MsgId: MMSG-17999]
  2023-06-17 18:42:48.933 : IterationNum=133	[MsgId: MMSG-17999]
   USER 133 = user62:pwd62	[MsgId: MMSG-17999]
    2023-06-17 18:42:49.027 : Start page is opened	[MsgId: MMSG-17999]
    2023-06-17 18:42:53.515 : User is logged in with session 136655.274848117HAcQcAfpHtcVHfpcDtc	[MsgId: MMSG-17999]
    2023-06-17 18:42:57.435 : User is logged out of session	[MsgId: MMSG-17999]
  2023-06-17 18:44:54.947 : IterationNum=134	[MsgId: MMSG-17999]
   USER 134 = user62:pwd62	[MsgId: MMSG-17999]
    2023-06-17 18:44:55.042 : Start page is opened	[MsgId: MMSG-17999]
    2023-06-17 18:45:00.950 : User is logged in with session 136655.285054678HAcQcAzpccftcVHfpcDHDf	[MsgId: MMSG-17999]
    2023-06-17 18:45:05.381 : User is logged out of session	[MsgId: MMSG-17999]
  2023-06-17 18:47:00.958 : IterationNum=135	[MsgId: MMSG-17999]
   USER 135 = user62:pwd62	[MsgId: MMSG-17999]
    2023-06-17 18:47:01.052 : Start page is opened	[MsgId: MMSG-17999]
    2023-06-17 18:47:05.680 : User is logged in with session 136655.295261239HAcQcAzpHftcVHfpctAf	[MsgId: MMSG-17999]
    2023-06-17 18:47:11.797 : User is logged out of session	[MsgId: MMSG-17999]
  2023-06-17 18:49:06.966 : IterationNum=136	[MsgId: MMSG-17999]
   USER 136 = user62:pwd62	[MsgId: MMSG-17999]
    2023-06-17 18:49:07.061 : Start page is opened	[MsgId: MMSG-17999]
    2023-06-17 18:49:12.560 : User is logged in with session 136655.305467801HAcQcAHpcHftcVHfpctDzf	[MsgId: MMSG-17999]
    2023-06-17 18:49:17.919 : User is logged out of session	[MsgId: MMSG-17999]
  2023-06-17 18:51:12.966 : IterationNum=137	[MsgId: MMSG-17999]
   USER 137 = user62:pwd62	[MsgId: MMSG-17999]
    2023-06-17 18:51:13.061 : Start page is opened	[MsgId: MMSG-17999]
    2023-06-17 18:51:18.921 : User is logged in with session 136655.315674362HAcQcAHpitcVHfpctzi	[MsgId: MMSG-17999]
    2023-06-17 18:51:24.489 : User is logged out of session	[MsgId: MMSG-17999]
  2023-06-17 18:53:18.978 : IterationNum=138	[MsgId: MMSG-17999]
   USER 138 = user62:pwd62	[MsgId: MMSG-17999]
    2023-06-17 18:53:19.072 : Start page is opened	[MsgId: MMSG-17999]
    2023-06-17 18:53:24.235 : User is logged in with session 136655.325961928HAcQcAipDcQVzzzHtcVHfpctQQHf	[MsgId: MMSG-17999]
    2023-06-17 18:53:29.712 : User is logged out of session	[MsgId: MMSG-17999]
  2023-06-17 18:55:24.987 : IterationNum=139	[MsgId: MMSG-17999]
   USER 139 = user62:pwd62	[MsgId: MMSG-17999]
    2023-06-17 18:55:25.080 : Start page is opened	[MsgId: MMSG-17999]
    2023-06-17 18:55:29.185 : User is logged in with session 136655.336168489HAcQcAipiftVzzzHtcVHfpcfDVcf	[MsgId: MMSG-17999]
    2023-06-17 18:55:33.873 : User is logged out of session	[MsgId: MMSG-17999]
  2023-06-17 18:57:30.998 : IterationNum=140	[MsgId: MMSG-17999]
   USER 140 = user62:pwd62	[MsgId: MMSG-17999]
    2023-06-17 18:57:31.093 : Start page is opened	[MsgId: MMSG-17999]
    2023-06-17 18:57:36.513 : User is logged in with session 136655.346375051HAcQcAQpDHQVzzzHtcVHfpcfzcHf	[MsgId: MMSG-17999]
    2023-06-17 18:57:42.844 : User is logged out of session	[MsgId: MMSG-17999]
  2023-06-17 18:59:37.000 : IterationNum=141	[MsgId: MMSG-17999]
   USER 141 = user62:pwd62	[MsgId: MMSG-17999]
    2023-06-17 18:59:37.095 : Start page is opened	[MsgId: MMSG-17999]
    2023-06-17 18:59:41.328 : User is logged in with session 136655.356581612HAcQcAQpQAtVzzzHtcVHfpcfQtcf	[MsgId: MMSG-17999]
    2023-06-17 18:59:46.182 : User is logged out of session	[MsgId: MMSG-17999]
  2023-06-17 19:01:43.003 : IterationNum=142	[MsgId: MMSG-17999]
   USER 142 = user62:pwd62	[MsgId: MMSG-17999]
    2023-06-17 19:01:43.097 : Start page is opened	[MsgId: MMSG-17999]
    2023-06-17 19:01:47.080 : User is logged in with session 136655.366788173HAcQcVAptcQVzzzHtcVHfpczcfHf	[MsgId: MMSG-17999]
    2023-06-17 19:01:51.466 : User is logged out of session	[MsgId: MMSG-17999]
  2023-06-17 19:03:49.014 : IterationNum=143	[MsgId: MMSG-17999]
   USER 143 = user62:pwd62	[MsgId: MMSG-17999]
    2023-06-17 19:03:49.106 : Start page is opened	[MsgId: MMSG-17999]
    2023-06-17 19:03:54.287 : User is logged in with session 136655.376994735HAcQcVApQftVzzzHtcVHfpczfHcf	[MsgId: MMSG-17999]
    2023-06-17 19:03:59.623 : User is logged out of session	[MsgId: MMSG-17999]
  2023-06-17 19:05:55.026 : IterationNum=144	[MsgId: MMSG-17999]
   USER 144 = user62:pwd62	[MsgId: MMSG-17999]
    2023-06-17 19:05:55.120 : Start page is opened	[MsgId: MMSG-17999]
    2023-06-17 19:06:00.890 : User is logged in with session 136655.387201296HAcQcVVptHQVzzzHtcVHfpcziiHf	[MsgId: MMSG-17999]
    2023-06-17 19:06:06.280 : User is logged out of session	[MsgId: MMSG-17999]
  2023-06-17 19:08:01.029 : IterationNum=145	[MsgId: MMSG-17999]
   USER 145 = user62:pwd62	[MsgId: MMSG-17999]
    2023-06-17 19:08:01.122 : Start page is opened	[MsgId: MMSG-17999]
    2023-06-17 19:08:05.357 : User is logged in with session 136655.397407857HAcQcVcpAAtVzzzHtcVHfpcHcAcf	[MsgId: MMSG-17999]
    2023-06-17 19:08:11.554 : User is logged out of session	[MsgId: MMSG-17999]
  2023-06-17 19:10:07.034 : IterationNum=146	[MsgId: MMSG-17999]
   USER 146 = user62:pwd62	[MsgId: MMSG-17999]
    2023-06-17 19:10:07.127 : Start page is opened	[MsgId: MMSG-17999]
    2023-06-17 19:10:11.126 : User is logged in with session 136655.407614419HAcQcVcpfcQVzzzHtcVHfpcHfVHf	[MsgId: MMSG-17999]
    2023-06-17 19:10:15.117 : User is logged out of session	[MsgId: MMSG-17999]
  2023-06-17 19:12:13.045 : IterationNum=147	[MsgId: MMSG-17999]
   USER 147 = user62:pwd62	[MsgId: MMSG-17999]
    2023-06-17 19:12:13.139 : Start page is opened	[MsgId: MMSG-17999]
    2023-06-17 19:12:17.582 : User is logged in with session 136655.41782098HAcQcVDpAftVzzzHtcVHfpcHiDcf	[MsgId: MMSG-17999]
    2023-06-17 19:12:23.486 : User is logged out of session	[MsgId: MMSG-17999]
  2023-06-17 19:14:19.053 : IterationNum=148	[MsgId: MMSG-17999]
   USER 148 = user62:pwd62	[MsgId: MMSG-17999]
    2023-06-17 19:14:19.147 : Start page is opened	[MsgId: MMSG-17999]
    2023-06-17 19:14:25.484 : User is logged in with session 136655.428027542HAcQcVDpfHQVzzzHtcVHfpciVtHf	[MsgId: MMSG-17999]
    2023-06-17 19:14:29.922 : User is logged out of session	[MsgId: MMSG-17999]
  2023-06-17 19:16:25.068 : IterationNum=149	[MsgId: MMSG-17999]
   USER 149 = user62:pwd62	[MsgId: MMSG-17999]
    2023-06-17 19:16:25.161 : Start page is opened	[MsgId: MMSG-17999]
    2023-06-17 19:16:29.596 : User is logged in with session 136655.438234103HAcQcVtpVAtVzzzHtcVHfpcitzcf	[MsgId: MMSG-17999]
    2023-06-17 19:16:35.279 : User is logged out of session	[MsgId: MMSG-17999]
  2023-06-17 19:18:31.072 : IterationNum=150	[MsgId: MMSG-17999]
   USER 150 = user62:pwd62	[MsgId: MMSG-17999]
    2023-06-17 19:18:31.166 : Start page is opened	[MsgId: MMSG-17999]
    2023-06-17 19:18:35.417 : User is logged in with session 136655.448440664HAcQcVtpzcQVzzzHtcVHfpciHHHf	[MsgId: MMSG-17999]
    2023-06-17 19:18:40.316 : User is logged out of session	[MsgId: MMSG-17999]
  2023-06-17 19:20:37.077 : IterationNum=151	[MsgId: MMSG-17999]
   USER 151 = user62:pwd62	[MsgId: MMSG-17999]
    2023-06-17 19:20:37.170 : Start page is opened	[MsgId: MMSG-17999]
    2023-06-17 19:20:42.921 : User is logged in with session 136655.458647226HAcQcVfpVftVzzzHtcVHfpcQAQcf	[MsgId: MMSG-17999]
    2023-06-17 19:20:47.278 : User is logged out of session	[MsgId: MMSG-17999]
  2023-06-17 19:22:43.091 : IterationNum=152	[MsgId: MMSG-17999]
   USER 152 = user62:pwd62	[MsgId: MMSG-17999]
    2023-06-17 19:22:43.186 : Start page is opened	[MsgId: MMSG-17999]
    2023-06-17 19:22:49.085 : User is logged in with session 136655.468853787HAcQcVfpzHQVzzzHtcVHfpcQtAHf	[MsgId: MMSG-17999]
    2023-06-17 19:22:54.139 : User is logged out of session	[MsgId: MMSG-17999]
  2023-06-17 19:24:49.103 : IterationNum=153	[MsgId: MMSG-17999]
   USER 153 = user62:pwd62	[MsgId: MMSG-17999]
    2023-06-17 19:24:49.197 : Start page is opened	[MsgId: MMSG-17999]
    2023-06-17 19:24:54.198 : User is logged in with session 136655.479060348HAcQcVzpcAtVzzzHtcVHfpcQHccf	[MsgId: MMSG-17999]
    2023-06-17 19:24:58.327 : User is logged out of session	[MsgId: MMSG-17999]
  2023-06-17 19:26:55.112 : IterationNum=154	[MsgId: MMSG-17999]
   USER 154 = user62:pwd62	[MsgId: MMSG-17999]
    2023-06-17 19:26:55.205 : Start page is opened	[MsgId: MMSG-17999]
    2023-06-17 19:27:00.436 : User is logged in with session 136655.48926691HAcQcVzpHcQVzzzHtcVHfpDAADHf	[MsgId: MMSG-17999]
    2023-06-17 19:27:04.473 : User is logged out of session	[MsgId: MMSG-17999]
  2023-06-17 19:29:01.116 : IterationNum=155	[MsgId: MMSG-17999]
   USER 155 = user62:pwd62	[MsgId: MMSG-17999]
    2023-06-17 19:29:01.210 : Start page is opened	[MsgId: MMSG-17999]
    2023-06-17 19:29:07.577 : User is logged in with session 136655.499473471HAcQcVHpcftVzzzHtcVHfpDADfcf	[MsgId: MMSG-17999]
    2023-06-17 19:29:13.055 : User is logged out of session	[MsgId: MMSG-17999]
  2023-06-17 19:31:07.129 : IterationNum=156	[MsgId: MMSG-17999]
   USER 156 = user62:pwd62	[MsgId: MMSG-17999]
    2023-06-17 19:31:07.223 : Start page is opened	[MsgId: MMSG-17999]
    2023-06-17 19:31:11.653 : User is logged in with session 136655.509680032HAcQcVHpHHQVzzzHtcVHfpDAzzHf	[MsgId: MMSG-17999]
    2023-06-17 19:31:16.794 : User is logged out of session	[MsgId: MMSG-17999]
  2023-06-17 19:33:13.138 : IterationNum=157	[MsgId: MMSG-17999]
   USER 157 = user62:pwd62	[MsgId: MMSG-17999]
    2023-06-17 19:33:13.232 : Start page is opened	[MsgId: MMSG-17999]
    2023-06-17 19:33:17.585 : User is logged in with session 136655.519886594HAcQcVipDAtVzzzHtcVHfpDAQicf	[MsgId: MMSG-17999]
    2023-06-17 19:33:21.583 : User is logged out of session	[MsgId: MMSG-17999]
  2023-06-17 19:35:19.140 : IterationNum=158	[MsgId: MMSG-17999]
   USER 158 = user62:pwd62	[MsgId: MMSG-17999]
    2023-06-17 19:35:19.233 : Start page is opened	[MsgId: MMSG-17999]
    2023-06-17 19:35:23.488 : User is logged in with session 136655.530093155HAcQcVipicQVzzzHtcVHfpDVcQHf	[MsgId: MMSG-17999]
    2023-06-17 19:35:29.547 : User is logged out of session	[MsgId: MMSG-17999]
  2023-06-17 19:37:25.143 : IterationNum=159	[MsgId: MMSG-17999]
   USER 159 = user62:pwd62	[MsgId: MMSG-17999]
    2023-06-17 19:37:25.236 : Start page is opened	[MsgId: MMSG-17999]
    2023-06-17 19:37:29.168 : User is logged in with session 136655.540299716HAcQcVQpDftVzzzHtcVHfpDVzVcf	[MsgId: MMSG-17999]
    2023-06-17 19:37:33.626 : User is logged out of session	[MsgId: MMSG-17999]
  2023-06-17 19:39:31.155 : IterationNum=160	[MsgId: MMSG-17999]
   USER 160 = user62:pwd62	[MsgId: MMSG-17999]
    2023-06-17 19:39:31.250 : Start page is opened	[MsgId: MMSG-17999]
    2023-06-17 19:39:35.420 : User is logged in with session 136655.550506278HAcQcVQpiHQVzzzHtcVHfpDVQcHf	[MsgId: MMSG-17999]
    2023-06-17 19:39:40.451 : User is logged out of session	[MsgId: MMSG-17999]
  2023-06-17 19:41:37.165 : IterationNum=161	[MsgId: MMSG-17999]
   USER 161 = user62:pwd62	[MsgId: MMSG-17999]
    2023-06-17 19:41:37.259 : Start page is opened	[MsgId: MMSG-17999]
    2023-06-17 19:41:42.876 : User is logged in with session 136655.560712839HAcQccAptAtVzzzHtcVHfpDcctcf	[MsgId: MMSG-17999]
    2023-06-17 19:41:47.329 : User is logged out of session	[MsgId: MMSG-17999]
  2023-06-17 19:43:43.179 : IterationNum=162	[MsgId: MMSG-17999]
   USER 162 = user62:pwd62	[MsgId: MMSG-17999]
    2023-06-17 19:43:43.274 : Start page is opened	[MsgId: MMSG-17999]
    2023-06-17 19:43:47.996 : User is logged in with session 136655.570919401HAcQccApQcQVzzzHtcVHfpDcffHf	[MsgId: MMSG-17999]
    2023-06-17 19:43:53.551 : User is logged out of session	[MsgId: MMSG-17999]
  2023-06-17 19:45:49.184 : IterationNum=163	[MsgId: MMSG-17999]
   USER 163 = user62:pwd62	[MsgId: MMSG-17999]
    2023-06-17 19:45:49.278 : Start page is opened	[MsgId: MMSG-17999]
    2023-06-17 19:45:53.959 : User is logged in with session 136655.581125962HAcQccVptftVzzzHtcVHfpDciHcf	[MsgId: MMSG-17999]
    2023-06-17 19:45:59.124 : User is logged out of session	[MsgId: MMSG-17999]
  2023-06-17 19:47:55.187 : IterationNum=164	[MsgId: MMSG-17999]
   USER 164 = user62:pwd62	[MsgId: MMSG-17999]
    2023-06-17 19:47:55.280 : Start page is opened	[MsgId: MMSG-17999]
    2023-06-17 19:48:01.012 : User is logged in with session 136655.591332523HAcQccVpQHQVzzzHtcVHfpDDViHf	[MsgId: MMSG-17999]
    2023-06-17 19:48:05.279 : User is logged out of session	[MsgId: MMSG-17999]
  2023-06-17 19:50:01.193 : IterationNum=165	[MsgId: MMSG-17999]
   USER 165 = user62:pwd62	[MsgId: MMSG-17999]
    2023-06-17 19:50:01.288 : Start page is opened	[MsgId: MMSG-17999]
    2023-06-17 19:50:06.040 : User is logged in with session 136655.601539085HAcQcccpfAtVzzzHtcVHfpDDfAcf	[MsgId: MMSG-17999]
    2023-06-17 19:50:10.447 : User is logged out of session	[MsgId: MMSG-17999]
  2023-06-17 19:52:07.203 : IterationNum=166	[MsgId: MMSG-17999]
   USER 166 = user62:pwd62	[MsgId: MMSG-17999]
    2023-06-17 19:52:07.298 : Start page is opened	[MsgId: MMSG-17999]
    2023-06-17 19:52:11.875 : User is logged in with session 136655.611745646HAcQccDpAcQVzzzHtcVHfpDDiVHf	[MsgId: MMSG-17999]
    2023-06-17 19:52:17.117 : User is logged out of session	[MsgId: MMSG-17999]
  2023-06-17 19:54:13.216 : IterationNum=167	[MsgId: MMSG-17999]
   USER 167 = user62:pwd62	[MsgId: MMSG-17999]
    2023-06-17 19:54:13.311 : Start page is opened	[MsgId: MMSG-17999]
    2023-06-17 19:54:18.138 : User is logged in with session 136655.621952207HAcQccDpfftVzzzHtcVHfpDtVDcf	[MsgId: MMSG-17999]
    2023-06-17 19:54:23.482 : User is logged out of session	[MsgId: MMSG-17999]
  2023-06-17 19:56:19.218 : IterationNum=168	[MsgId: MMSG-17999]
   USER 168 = user62:pwd62	[MsgId: MMSG-17999]
    2023-06-17 19:56:19.312 : Start page is opened	[MsgId: MMSG-17999]
    2023-06-17 19:56:25.280 : User is logged in with session 136655.632158769HAcQcctpAHQVzzzHtcVHfpDtttHf	[MsgId: MMSG-17999]
    2023-06-17 19:56:29.594 : User is logged out of session	[MsgId: MMSG-17999]
  2023-06-17 19:58:25.231 : IterationNum=169	[MsgId: MMSG-17999]
   USER 169 = user62:pwd62	[MsgId: MMSG-17999]
    2023-06-17 19:58:25.325 : Start page is opened	[MsgId: MMSG-17999]
    2023-06-17 19:58:30.935 : User is logged in with session 136655.64236533HAcQcctpzAtVzzzHtcVHfpDtHzcf	[MsgId: MMSG-17999]
    2023-06-17 19:58:35.403 : User is logged out of session	[MsgId: MMSG-17999]
  2023-06-17 20:00:31.232 : IterationNum=170	[MsgId: MMSG-17999]
   USER 170 = user62:pwd62	[MsgId: MMSG-17999]
    2023-06-17 20:00:31.326 : Start page is opened	[MsgId: MMSG-17999]
    2023-06-17 20:00:35.783 : User is logged in with session 136655.652571891HAcQccfpVcQVzzzHtcVHfpDfAHHf	[MsgId: MMSG-17999]
    2023-06-17 20:00:41.069 : User is logged out of session	[MsgId: MMSG-17999]
  2023-06-17 20:02:37.232 : IterationNum=171	[MsgId: MMSG-17999]
   USER 171 = user62:pwd62	[MsgId: MMSG-17999]
    2023-06-17 20:02:37.324 : Start page is opened	[MsgId: MMSG-17999]
    2023-06-17 20:02:43.235 : User is logged in with session 136655.662778453HAcQccfpzftVzzzHtcVHfpDfDQcf	[MsgId: MMSG-17999]
    2023-06-17 20:02:49.360 : User is logged out of session	[MsgId: MMSG-17999]
  2023-06-17 20:04:43.238 : IterationNum=172	[MsgId: MMSG-17999]
   USER 172 = user62:pwd62	[MsgId: MMSG-17999]
    2023-06-17 20:04:43.331 : Start page is opened	[MsgId: MMSG-17999]
    2023-06-17 20:04:47.765 : User is logged in with session 136655.672985014HAcQcczpVHQVzzzHtcVHfpDfHAHf	[MsgId: MMSG-17999]
    2023-06-17 20:04:52.388 : User is logged out of session	[MsgId: MMSG-17999]
  2023-06-17 20:06:49.247 : IterationNum=173	[MsgId: MMSG-17999]
   USER 173 = user62:pwd62	[MsgId: MMSG-17999]
    2023-06-17 20:06:49.339 : Start page is opened	[MsgId: MMSG-17999]
    2023-06-17 20:06:53.721 : User is logged in with session 136655.683191576HAcQcczpHAtVzzzHtcVHfpDzAccf	[MsgId: MMSG-17999]
    2023-06-17 20:06:59.010 : User is logged out of session	[MsgId: MMSG-17999]
  2023-06-17 20:08:55.251 : IterationNum=174	[MsgId: MMSG-17999]
   USER 174 = user62:pwd62	[MsgId: MMSG-17999]
    2023-06-17 20:08:55.346 : Start page is opened	[MsgId: MMSG-17999]
    2023-06-17 20:09:00.185 : User is logged in with session 136655.693398137HAcQccHpccQVzzzHtcVHfpDzDDHf	[MsgId: MMSG-17999]
    2023-06-17 20:09:04.356 : User is logged out of session	[MsgId: MMSG-17999]
  2023-06-17 20:11:01.263 : IterationNum=175	[MsgId: MMSG-17999]
   USER 175 = user62:pwd62	[MsgId: MMSG-17999]
    2023-06-17 20:11:01.354 : Start page is opened	[MsgId: MMSG-17999]
    2023-06-17 20:11:05.826 : User is logged in with session 136655.703604698HAcQccHpHftVzzzHtcVHfpDzzfcf	[MsgId: MMSG-17999]
    2023-06-17 20:11:11.342 : User is logged out of session	[MsgId: MMSG-17999]
  2023-06-17 20:13:07.272 : IterationNum=176	[MsgId: MMSG-17999]
   USER 176 = user62:pwd62	[MsgId: MMSG-17999]
    2023-06-17 20:13:07.366 : Start page is opened	[MsgId: MMSG-17999]
    2023-06-17 20:13:12.807 : User is logged in with session 136655.71381126HAcQccipcHQVzzzHtcVHfpDzQzHf	[MsgId: MMSG-17999]
    2023-06-17 20:13:16.816 : User is logged out of session	[MsgId: MMSG-17999]
  2023-06-17 20:15:13.279 : IterationNum=177	[MsgId: MMSG-17999]
   USER 177 = user62:pwd62	[MsgId: MMSG-17999]
    2023-06-17 20:15:13.372 : Start page is opened	[MsgId: MMSG-17999]
    2023-06-17 20:15:19.091 : User is logged in with session 136655.724017821HAcQccipiAtVzzzHtcVHfpDHcicf	[MsgId: MMSG-17999]
    2023-06-17 20:15:23.124 : User is logged out of session	[MsgId: MMSG-17999]
  2023-06-17 20:17:19.280 : IterationNum=178	[MsgId: MMSG-17999]
   USER 178 = user62:pwd62	[MsgId: MMSG-17999]
    2023-06-17 20:17:19.374 : Start page is opened	[MsgId: MMSG-17999]
    2023-06-17 20:17:25.088 : User is logged in with session 136655.734224382HAcQccQpDcQVzzzHtcVHfpDHfQHf	[MsgId: MMSG-17999]
    2023-06-17 20:17:29.310 : User is logged out of session	[MsgId: MMSG-17999]
  2023-06-17 20:19:25.296 : IterationNum=179	[MsgId: MMSG-17999]
   USER 179 = user62:pwd62	[MsgId: MMSG-17999]
    2023-06-17 20:19:25.389 : Start page is opened	[MsgId: MMSG-17999]
    2023-06-17 20:19:31.595 : User is logged in with session 136655.744430944HAcQccQpiftVzzzHtcVHfpDHQVcf	[MsgId: MMSG-17999]
    2023-06-17 20:19:37.690 : User is logged out of session	[MsgId: MMSG-17999]
  2023-06-17 20:21:31.303 : IterationNum=180	[MsgId: MMSG-17999]
   USER 180 = user62:pwd62	[MsgId: MMSG-17999]
    2023-06-17 20:21:31.396 : Start page is opened	[MsgId: MMSG-17999]
    2023-06-17 20:21:36.357 : User is logged in with session 136655.754637505HAcQcDApDHQVzzzHtcVHfpDiccHf	[MsgId: MMSG-17999]
    2023-06-17 20:21:42.038 : User is logged out of session	[MsgId: MMSG-17999]
  2023-06-17 20:23:37.303 : IterationNum=181	[MsgId: MMSG-17999]
   USER 181 = user62:pwd62	[MsgId: MMSG-17999]
    2023-06-17 20:23:37.398 : Start page is opened	[MsgId: MMSG-17999]
    2023-06-17 20:23:41.752 : User is logged in with session 136655.764844066HAcQcDApQAtVzzzHtcVHfpDiftcf	[MsgId: MMSG-17999]
    2023-06-17 20:23:46.279 : User is logged out of session	[MsgId: MMSG-17999]
  2023-06-17 20:25:43.309 : IterationNum=182	[MsgId: MMSG-17999]
   USER 182 = user62:pwd62	[MsgId: MMSG-17999]
    2023-06-17 20:25:43.402 : Start page is opened	[MsgId: MMSG-17999]
    2023-06-17 20:25:47.357 : User is logged in with session 136655.775050628HAcQcDVptcQVzzzHtcVHfpDiifHf	[MsgId: MMSG-17999]
    2023-06-17 20:25:51.709 : User is logged out of session	[MsgId: MMSG-17999]
  2023-06-17 20:27:49.309 : IterationNum=183	[MsgId: MMSG-17999]
   USER 183 = user62:pwd62	[MsgId: MMSG-17999]
    2023-06-17 20:27:49.402 : Start page is opened	[MsgId: MMSG-17999]
    2023-06-17 20:27:55.175 : User is logged in with session 136655.785257189HAcQcDVpQftVzzzHtcVHfpDQVHcf	[MsgId: MMSG-17999]
    2023-06-17 20:28:00.737 : User is logged out of session	[MsgId: MMSG-17999]
  2023-06-17 20:29:55.309 : IterationNum=184	[MsgId: MMSG-17999]
   USER 184 = user62:pwd62	[MsgId: MMSG-17999]
    2023-06-17 20:29:55.404 : Start page is opened	[MsgId: MMSG-17999]
    2023-06-17 20:30:00.216 : User is logged in with session 136655.795463751HAcQcDcptHQVzzzHtcVHfpDQtiHf	[MsgId: MMSG-17999]
    2023-06-17 20:30:06.590 : User is logged out of session	[MsgId: MMSG-17999]
  2023-06-17 20:32:01.311 : IterationNum=185	[MsgId: MMSG-17999]
   USER 185 = user62:pwd62	[MsgId: MMSG-17999]
    2023-06-17 20:32:01.403 : Start page is opened	[MsgId: MMSG-17999]
    2023-06-17 20:32:06.324 : User is logged in with session 136655.805670312HAcQcDDpAAtVzzzHtcVHfpDQiAcf	[MsgId: MMSG-17999]
    2023-06-17 20:32:10.627 : User is logged out of session	[MsgId: MMSG-17999]
  2023-06-17 20:34:07.326 : IterationNum=186	[MsgId: MMSG-17999]
   USER 186 = user62:pwd62	[MsgId: MMSG-17999]
    2023-06-17 20:34:07.420 : Start page is opened	[MsgId: MMSG-17999]
    2023-06-17 20:34:11.642 : User is logged in with session 136655.815876873HAcQcDDpfcQVzzzHtcVHfptAVVHf	[MsgId: MMSG-17999]
    2023-06-17 20:34:16.950 : User is logged out of session	[MsgId: MMSG-17999]
  2023-06-17 20:36:13.328 : IterationNum=187	[MsgId: MMSG-17999]
   USER 187 = user62:pwd62	[MsgId: MMSG-17999]
    2023-06-17 20:36:13.421 : Start page is opened	[MsgId: MMSG-17999]
    2023-06-17 20:36:18.169 : User is logged in with session 136655.826083435HAcQcDtpAftVzzzHtcVHfptAtDcf	[MsgId: MMSG-17999]
    2023-06-17 20:36:22.375 : User is logged out of session	[MsgId: MMSG-17999]
  2023-06-17 20:38:19.339 : IterationNum=188	[MsgId: MMSG-17999]
   USER 188 = user62:pwd62	[MsgId: MMSG-17999]
    2023-06-17 20:38:19.433 : Start page is opened	[MsgId: MMSG-17999]
    2023-06-17 20:38:23.359 : User is logged in with session 136655.836289996HAcQcDtpfHQVzzzHtcVHfptAHtHf	[MsgId: MMSG-17999]
    2023-06-17 20:38:29.279 : User is logged out of session	[MsgId: MMSG-17999]
  2023-06-17 20:40:25.348 : IterationNum=189	[MsgId: MMSG-17999]
   USER 189 = user62:pwd62	[MsgId: MMSG-17999]
    2023-06-17 20:40:25.442 : Start page is opened	[MsgId: MMSG-17999]
    2023-06-17 20:40:30.363 : User is logged in with session 136655.846496557HAcQcDfpVAtVzzzHtcVHfptVAzcf	[MsgId: MMSG-17999]
    2023-06-17 20:40:36.245 : User is logged out of session	[MsgId: MMSG-17999]
  2023-06-17 20:42:31.358 : IterationNum=190	[MsgId: MMSG-17999]
   USER 190 = user62:pwd62	[MsgId: MMSG-17999]
    2023-06-17 20:42:31.453 : Start page is opened	[MsgId: MMSG-17999]
    2023-06-17 20:42:36.998 : User is logged in with session 136655.856703119HAcQcDfpzcQVzzzHtcVHfptVDHHf	[MsgId: MMSG-17999]
    2023-06-17 20:42:41.060 : User is logged out of session	[MsgId: MMSG-17999]
  2023-06-17 20:44:37.372 : IterationNum=191	[MsgId: MMSG-17999]
   USER 191 = user62:pwd62	[MsgId: MMSG-17999]
    2023-06-17 20:44:37.466 : Start page is opened	[MsgId: MMSG-17999]
    2023-06-17 20:44:43.096 : User is logged in with session 136655.86690968HAcQcDzpVftVzzzHtcVHfptVzQcf	[MsgId: MMSG-17999]
    2023-06-17 20:44:46.986 : User is logged out of session	[MsgId: MMSG-17999]
  2023-06-17 20:46:43.387 : IterationNum=192	[MsgId: MMSG-17999]
   USER 192 = user62:pwd62	[MsgId: MMSG-17999]
    2023-06-17 20:46:43.482 : Start page is opened	[MsgId: MMSG-17999]
    2023-06-17 20:46:48.303 : User is logged in with session 136655.877116241HAcQcDzpzHQVzzzHtcVHfptcAAHf	[MsgId: MMSG-17999]
    2023-06-17 20:46:53.016 : User is logged out of session	[MsgId: MMSG-17999]
  2023-06-17 20:48:49.393 : IterationNum=193	[MsgId: MMSG-17999]
   USER 193 = user62:pwd62	[MsgId: MMSG-17999]
    2023-06-17 20:48:49.488 : Start page is opened	[MsgId: MMSG-17999]
    2023-06-17 20:48:54.999 : User is logged in with session 136655.887322803HAcQcDHpcAtVzzzHtcVHfptcDccf	[MsgId: MMSG-17999]
    2023-06-17 20:49:00.935 : User is logged out of session	[MsgId: MMSG-17999]
  2023-06-17 20:50:55.406 : IterationNum=194	[MsgId: MMSG-17999]
   USER 194 = user62:pwd62	[MsgId: MMSG-17999]
    2023-06-17 20:50:55.500 : Start page is opened	[MsgId: MMSG-17999]
    2023-06-17 20:51:01.570 : User is logged in with session 136655.897529364HAcQcDHpHcQVzzzHtcVHfptczDHf	[MsgId: MMSG-17999]
    2023-06-17 20:51:06.154 : User is logged out of session	[MsgId: MMSG-17999]
  2023-06-17 20:53:01.421 : IterationNum=195	[MsgId: MMSG-17999]
   USER 195 = user62:pwd62	[MsgId: MMSG-17999]
    2023-06-17 20:53:01.515 : Start page is opened	[MsgId: MMSG-17999]
    2023-06-17 20:53:06.022 : User is logged in with session 136655.907735925HAcQcDipcftVzzzHtcVHfptcQfcf	[MsgId: MMSG-17999]
    2023-06-17 20:53:10.365 : User is logged out of session	[MsgId: MMSG-17999]
  2023-06-17 20:55:07.433 : IterationNum=196	[MsgId: MMSG-17999]
   USER 196 = user62:pwd62	[MsgId: MMSG-17999]
    2023-06-17 20:55:07.527 : Start page is opened	[MsgId: MMSG-17999]
    2023-06-17 20:55:12.794 : User is logged in with session 136655.917942487HAcQcDipHHQVzzzHtcVHfptDczHf	[MsgId: MMSG-17999]
    2023-06-17 20:55:18.834 : User is logged out of session	[MsgId: MMSG-17999]
  2023-06-17 20:57:13.436 : IterationNum=197	[MsgId: MMSG-17999]
   USER 197 = user62:pwd62	[MsgId: MMSG-17999]
    2023-06-17 20:57:13.531 : Start page is opened	[MsgId: MMSG-17999]
    2023-06-17 20:57:18.445 : User is logged in with session 136655.928149048HAcQcDQpDAtVzzzHtcVHfptDficf	[MsgId: MMSG-17999]
    2023-06-17 20:57:23.441 : User is logged out of session	[MsgId: MMSG-17999]
  2023-06-17 20:59:19.449 : IterationNum=198	[MsgId: MMSG-17999]
   USER 198 = user62:pwd62	[MsgId: MMSG-17999]
    2023-06-17 20:59:19.543 : Start page is opened	[MsgId: MMSG-17999]
    2023-06-17 20:59:23.721 : User is logged in with session 136655.93835561HAcQcDQpicQVzzzHtcVHfptDiQHf	[MsgId: MMSG-17999]
    2023-06-17 20:59:27.632 : User is logged out of session	[MsgId: MMSG-17999]
  2023-06-17 21:01:25.461 : IterationNum=199	[MsgId: MMSG-17999]
   USER 199 = user62:pwd62	[MsgId: MMSG-17999]
    2023-06-17 21:01:25.556 : Start page is opened	[MsgId: MMSG-17999]
    2023-06-17 21:01:31.122 : User is logged in with session 136655.948562171HAcQctApDftVzzzHtcVHfpttcVcf	[MsgId: MMSG-17999]
    2023-06-17 21:01:36.943 : User is logged out of session	[MsgId: MMSG-17999]
  2023-06-17 21:03:31.466 : IterationNum=200	[MsgId: MMSG-17999]
   USER 200 = user62:pwd62	[MsgId: MMSG-17999]
    2023-06-17 21:03:31.560 : Start page is opened	[MsgId: MMSG-17999]
    2023-06-17 21:03:37.038 : User is logged in with session 136655.958768732HAcQctApiHQVzzzHtcVHfpttfcHf	[MsgId: MMSG-17999]
    2023-06-17 21:03:41.107 : User is logged out of session	[MsgId: MMSG-17999]
  2023-06-17 21:05:37.471 : IterationNum=201	[MsgId: MMSG-17999]
   USER 201 = user62:pwd62	[MsgId: MMSG-17999]
    2023-06-17 21:05:37.569 : Start page is opened	[MsgId: MMSG-17999]
    2023-06-17 21:05:42.632 : User is logged in with session 136655.968975294HAcQctVptAtVzzzHtcVHfpttitcf	[MsgId: MMSG-17999]
    2023-06-17 21:05:47.805 : User is logged out of session	[MsgId: MMSG-17999]
  2023-06-17 21:07:43.473 : IterationNum=202	[MsgId: MMSG-17999]
   USER 202 = user62:pwd62	[MsgId: MMSG-17999]
    2023-06-17 21:07:43.568 : Start page is opened	[MsgId: MMSG-17999]
    2023-06-17 21:07:49.111 : User is logged in with session 136655.979181855HAcQctVpQcQVzzzHtcVHfptfVfHf	[MsgId: MMSG-17999]
    2023-06-17 21:07:54.373 : User is logged out of session	[MsgId: MMSG-17999]
  2023-06-17 21:09:49.482 : IterationNum=203	[MsgId: MMSG-17999]
   USER 203 = user62:pwd62	[MsgId: MMSG-17999]
    2023-06-17 21:09:49.575 : Start page is opened	[MsgId: MMSG-17999]
    2023-06-17 21:09:53.673 : User is logged in with session 136655.989388416HAcQctcptftVzzzHtcVHfptftHcf	[MsgId: MMSG-17999]
    2023-06-17 21:09:59.644 : User is logged out of session	[MsgId: MMSG-17999]
  2023-06-17 21:11:55.485 : IterationNum=204	[MsgId: MMSG-17999]
   USER 204 = user62:pwd62	[MsgId: MMSG-17999]
    2023-06-17 21:11:55.577 : Start page is opened	[MsgId: MMSG-17999]
    2023-06-17 21:11:59.817 : User is logged in with session 136655.999594978HAcQctcpQHQVzzzHtcVHfptfHiHf	[MsgId: MMSG-17999]
    2023-06-17 21:12:05.231 : User is logged out of session	[MsgId: MMSG-17999]
  2023-06-17 21:14:01.500 : IterationNum=205	[MsgId: MMSG-17999]
   USER 205 = user62:pwd62	[MsgId: MMSG-17999]
    2023-06-17 21:14:01.594 : Start page is opened	[MsgId: MMSG-17999]
    2023-06-17 21:14:05.632 : User is logged in with session 136656.009801539HAcQctDpfAtVzzzHtcVHfptzVAcf	[MsgId: MMSG-17999]
    2023-06-17 21:14:10.080 : User is logged out of session	[MsgId: MMSG-17999]
  2023-06-17 21:16:07.506 : IterationNum=206	[MsgId: MMSG-17999]
   USER 206 = user62:pwd62	[MsgId: MMSG-17999]
    2023-06-17 21:16:07.600 : Start page is opened	[MsgId: MMSG-17999]
    2023-06-17 21:16:13.498 : User is logged in with session 136656.0200081HAcQcttpAcQVzzzHtcVHfptztVHf	[MsgId: MMSG-17999]
    2023-06-17 21:16:17.641 : User is logged out of session	[MsgId: MMSG-17999]
  2023-06-17 21:18:13.518 : IterationNum=207	[MsgId: MMSG-17999]
   USER 207 = user62:pwd62	[MsgId: MMSG-17999]
    2023-06-17 21:18:13.613 : Start page is opened	[MsgId: MMSG-17999]
    2023-06-17 21:18:18.276 : User is logged in with session 136656.030214662HAcQcttpfftVzzzHtcVHfptzHDcf	[MsgId: MMSG-17999]
    2023-06-17 21:18:23.341 : User is logged out of session	[MsgId: MMSG-17999]
  2023-06-17 21:20:19.530 : IterationNum=208	[MsgId: MMSG-17999]
   USER 208 = user62:pwd62	[MsgId: MMSG-17999]
    2023-06-17 21:20:19.624 : Start page is opened	[MsgId: MMSG-17999]
    2023-06-17 21:20:23.963 : User is logged in with session 136656.040421223HAcQctfpAHQVzzzHtcVHfptHAtHf	[MsgId: MMSG-17999]
    2023-06-17 21:20:27.868 : User is logged out of session	[MsgId: MMSG-17999]
  2023-06-17 21:22:25.531 : IterationNum=209	[MsgId: MMSG-17999]
   USER 209 = user62:pwd62	[MsgId: MMSG-17999]
    2023-06-17 21:22:25.625 : Start page is opened	[MsgId: MMSG-17999]
    2023-06-17 21:22:30.924 : User is logged in with session 136656.050627785HAcQctfpzAtVzzzHtcVHfptHDzcf	[MsgId: MMSG-17999]
    2023-06-17 21:22:35.241 : User is logged out of session	[MsgId: MMSG-17999]
  2023-06-17 21:24:31.546 : IterationNum=210	[MsgId: MMSG-17999]
   USER 210 = user62:pwd62	[MsgId: MMSG-17999]
    2023-06-17 21:24:31.641 : Start page is opened	[MsgId: MMSG-17999]
    2023-06-17 21:24:35.659 : User is logged in with session 136656.060834346HAcQctzpVcQVzzzHtcVHfptHzHHf	[MsgId: MMSG-17999]
    2023-06-17 21:24:41.563 : User is logged out of session	[MsgId: MMSG-17999]
  2023-06-17 21:26:37.550 : IterationNum=211	[MsgId: MMSG-17999]
   USER 211 = user62:pwd62	[MsgId: MMSG-17999]
    2023-06-17 21:26:37.645 : Start page is opened	[MsgId: MMSG-17999]
    2023-06-17 21:26:43.405 : User is logged in with session 136656.071040907HAcQctzpzftVzzzHtcVHfptHQQcf	[MsgId: MMSG-17999]
    2023-06-17 21:26:49.250 : User is logged out of session	[MsgId: MMSG-17999]
  2023-06-17 21:28:43.551 : IterationNum=212	[MsgId: MMSG-17999]
   USER 212 = user62:pwd62	[MsgId: MMSG-17999]
    2023-06-17 21:28:43.646 : Start page is opened	[MsgId: MMSG-17999]
    2023-06-17 21:28:48.829 : User is logged in with session 136656.081247469HAcQctHpVHQVzzzHtcVHfptiDAHf	[MsgId: MMSG-17999]
    2023-06-17 21:28:53.685 : User is logged out of session	[MsgId: MMSG-17999]
  2023-06-17 21:30:49.554 : IterationNum=213	[MsgId: MMSG-17999]
   USER 213 = user62:pwd62	[MsgId: MMSG-17999]
    2023-06-17 21:30:49.648 : Start page is opened	[MsgId: MMSG-17999]
    2023-06-17 21:30:55.249 : User is logged in with session 136656.09145403HAcQctHpHAtVzzzHtcVHfptizccf	[MsgId: MMSG-17999]
    2023-06-17 21:31:00.782 : User is logged out of session	[MsgId: MMSG-17999]
  2023-06-17 21:32:55.557 : IterationNum=214	[MsgId: MMSG-17999]
   USER 214 = user62:pwd62	[MsgId: MMSG-17999]
    2023-06-17 21:32:55.652 : Start page is opened	[MsgId: MMSG-17999]
    2023-06-17 21:33:01.780 : User is logged in with session 136656.101660591HAcQctipccQVzzzHtcVHfptiQDHf	[MsgId: MMSG-17999]
    2023-06-17 21:33:07.258 : User is logged out of session	[MsgId: MMSG-17999]
  2023-06-17 21:35:01.560 : IterationNum=215	[MsgId: MMSG-17999]
   USER 215 = user62:pwd62	[MsgId: MMSG-17999]
    2023-06-17 21:35:01.654 : Start page is opened	[MsgId: MMSG-17999]
    2023-06-17 21:35:07.905 : User is logged in with session 136656.111867153HAcQctipHftVzzzHtcVHfptQcfcf	[MsgId: MMSG-17999]
    2023-06-17 21:35:13.479 : User is logged out of session	[MsgId: MMSG-17999]
  2023-06-17 21:37:07.575 : IterationNum=216	[MsgId: MMSG-17999]
   USER 216 = user62:pwd62	[MsgId: MMSG-17999]
    2023-06-17 21:37:07.669 : Start page is opened	[MsgId: MMSG-17999]
    2023-06-17 21:37:12.824 : User is logged in with session 136656.122073714HAcQctQpcHQVzzzHtcVHfptQfzHf	[MsgId: MMSG-17999]
    2023-06-17 21:37:18.976 : User is logged out of session	[MsgId: MMSG-17999]
  2023-06-17 21:39:13.586 : IterationNum=217	[MsgId: MMSG-17999]
   USER 217 = user62:pwd62	[MsgId: MMSG-17999]
    2023-06-17 21:39:13.680 : Start page is opened	[MsgId: MMSG-17999]
    2023-06-17 21:39:19.839 : User is logged in with session 136656.132280275HAcQctQpiAtVzzzHtcVHfptQiicf	[MsgId: MMSG-17999]
    2023-06-17 21:39:24.850 : User is logged out of session	[MsgId: MMSG-17999]
  2023-06-17 21:41:19.597 : IterationNum=218	[MsgId: MMSG-17999]
   USER 218 = user62:pwd62	[MsgId: MMSG-17999]
    2023-06-17 21:41:19.693 : Start page is opened	[MsgId: MMSG-17999]
    2023-06-17 21:41:24.785 : User is logged in with session 136656.142486837HAcQcfApDcQVzzzHtcVHfpfAVQHf	[MsgId: MMSG-17999]
    2023-06-17 21:41:29.368 : User is logged out of session	[MsgId: MMSG-17999]
  2023-06-17 21:43:25.611 : IterationNum=219	[MsgId: MMSG-17999]
   USER 219 = user62:pwd62	[MsgId: MMSG-17999]
    2023-06-17 21:43:25.705 : Start page is opened	[MsgId: MMSG-17999]
    2023-06-17 21:43:29.890 : User is logged in with session 136656.152693398HAcQcfApiftVzzzHtcVHfpfAfVcf	[MsgId: MMSG-17999]
    2023-06-17 21:43:33.884 : User is logged out of session	[MsgId: MMSG-17999]
  2023-06-17 21:45:31.624 : IterationNum=220	[MsgId: MMSG-17999]
   USER 220 = user62:pwd62	[MsgId: MMSG-17999]
    2023-06-17 21:45:31.718 : Start page is opened	[MsgId: MMSG-17999]
    2023-06-17 21:45:37.427 : User is logged in with session 136656.16289996HAcQcfVpDHQVzzzHtcVHfpfAicHf	[MsgId: MMSG-17999]
    2023-06-17 21:45:43.773 : User is logged out of session	[MsgId: MMSG-17999]
  2023-06-17 21:47:37.639 : IterationNum=221	[MsgId: MMSG-17999]
   USER 221 = user62:pwd62	[MsgId: MMSG-17999]
    2023-06-17 21:47:37.734 : Start page is opened	[MsgId: MMSG-17999]
    2023-06-17 21:47:44.094 : User is logged in with session 136656.173106521HAcQcfVpQAtVzzzHtcVHfpfVVtcf	[MsgId: MMSG-17999]
    2023-06-17 21:47:49.087 : User is logged out of session	[MsgId: MMSG-17999]
  2023-06-17 21:49:43.654 : IterationNum=222	[MsgId: MMSG-17999]
   USER 222 = user62:pwd62	[MsgId: MMSG-17999]
    2023-06-17 21:49:43.749 : Start page is opened	[MsgId: MMSG-17999]
    2023-06-17 21:49:49.481 : User is logged in with session 136656.183313082HAcQcfcptcQVzzzHtcVHfpfVtfHf	[MsgId: MMSG-17999]
    2023-06-17 21:49:53.742 : User is logged out of session	[MsgId: MMSG-17999]
  2023-06-17 21:51:49.669 : IterationNum=223	[MsgId: MMSG-17999]
   USER 223 = user62:pwd62	[MsgId: MMSG-17999]
    2023-06-17 21:51:49.763 : Start page is opened	[MsgId: MMSG-17999]
    2023-06-17 21:51:53.778 : User is logged in with session 136656.193519644HAcQcfcpQftVzzzHtcVHfpfVHHcf	[MsgId: MMSG-17999]
    2023-06-17 21:51:58.112 : User is logged out of session	[MsgId: MMSG-17999]
  2023-06-17 21:53:55.679 : IterationNum=224	[MsgId: MMSG-17999]
   USER 224 = user62:pwd62	[MsgId: MMSG-17999]
    2023-06-17 21:53:55.773 : Start page is opened	[MsgId: MMSG-17999]
    2023-06-17 21:54:00.999 : User is logged in with session 136656.203726205HAcQcfDptHQVzzzHtcVHfpfcAiHf	[MsgId: MMSG-17999]
    2023-06-17 21:54:05.346 : User is logged out of session	[MsgId: MMSG-17999]
  2023-06-17 21:56:01.694 : IterationNum=225	[MsgId: MMSG-17999]
   USER 225 = user62:pwd62	[MsgId: MMSG-17999]
    2023-06-17 21:56:01.788 : Start page is opened	[MsgId: MMSG-17999]
    2023-06-17 21:56:07.478 : User is logged in with session 136656.213932766HAcQcftpAAtVzzzHtcVHfpfctAcf	[MsgId: MMSG-17999]
    2023-06-17 21:56:11.519 : User is logged out of session	[MsgId: MMSG-17999]
  2023-06-17 21:58:07.707 : IterationNum=226	[MsgId: MMSG-17999]
   USER 226 = user62:pwd62	[MsgId: MMSG-17999]
    2023-06-17 21:58:07.803 : Start page is opened	[MsgId: MMSG-17999]
    2023-06-17 21:58:12.418 : User is logged in with session 136656.224139328HAcQcftpfcQVzzzHtcVHfpfcHVHf	[MsgId: MMSG-17999]
    2023-06-17 21:58:17.532 : User is logged out of session	[MsgId: MMSG-17999]
  2023-06-17 22:00:13.717 : IterationNum=227	[MsgId: MMSG-17999]
   USER 227 = user62:pwd62	[MsgId: MMSG-17999]
    2023-06-17 22:00:13.811 : Start page is opened	[MsgId: MMSG-17999]
    2023-06-17 22:00:19.090 : User is logged in with session 136656.234345889HAcQcffpAftVzzzHtcVHfpfDADcf	[MsgId: MMSG-17999]
    2023-06-17 22:00:24.351 : User is logged out of session	[MsgId: MMSG-17999]
  2023-06-17 22:02:19.720 : IterationNum=228	[MsgId: MMSG-17999]
   USER 228 = user62:pwd62	[MsgId: MMSG-17999]
    2023-06-17 22:02:19.815 : Start page is opened	[MsgId: MMSG-17999]
    2023-06-17 22:02:25.559 : User is logged in with session 136656.24455245HAcQcffpfHQVzzzHtcVHfpfDDtHf	[MsgId: MMSG-17999]
    2023-06-17 22:02:30.081 : User is logged out of session	[MsgId: MMSG-17999]
  2023-06-17 22:04:25.725 : IterationNum=229	[MsgId: MMSG-17999]
   USER 229 = user62:pwd62	[MsgId: MMSG-17999]
    2023-06-17 22:04:25.817 : Start page is opened	[MsgId: MMSG-17999]
    2023-06-17 22:04:31.204 : User is logged in with session 136656.254759012HAcQcfzpVAtVzzzHtcVHfpfDzzcf	[MsgId: MMSG-17999]
    2023-06-17 22:04:35.356 : User is logged out of session	[MsgId: MMSG-17999]
  2023-06-17 22:06:31.726 : IterationNum=230	[MsgId: MMSG-17999]
   USER 230 = user62:pwd62	[MsgId: MMSG-17999]
    2023-06-17 22:06:31.821 : Start page is opened	[MsgId: MMSG-17999]
    2023-06-17 22:06:36.933 : User is logged in with session 136656.264965573HAcQcfzpzcQVzzzHtcVHfpfDQHHf	[MsgId: MMSG-17999]
    2023-06-17 22:06:41.472 : User is logged out of session	[MsgId: MMSG-17999]
  2023-06-17 22:08:37.741 : IterationNum=231	[MsgId: MMSG-17999]
   USER 231 = user62:pwd62	[MsgId: MMSG-17999]
    2023-06-17 22:08:37.836 : Start page is opened	[MsgId: MMSG-17999]
    2023-06-17 22:08:42.735 : User is logged in with session 136656.275172134HAcQcfHpVftVzzzHtcVHfpftcQcf	[MsgId: MMSG-17999]
    2023-06-17 22:08:48.022 : User is logged out of session	[MsgId: MMSG-17999]
  2023-06-17 22:10:43.747 : IterationNum=232	[MsgId: MMSG-17999]
   USER 232 = user62:pwd62	[MsgId: MMSG-17999]
    2023-06-17 22:10:43.840 : Start page is opened	[MsgId: MMSG-17999]
    2023-06-17 22:10:49.562 : User is logged in with session 136656.285378696HAcQcfHpzHQVzzzHtcVHfpftzAHf	[MsgId: MMSG-17999]
    2023-06-17 22:10:55.619 : User is logged out of session	[MsgId: MMSG-17999]
  2023-06-17 22:12:49.752 : IterationNum=233	[MsgId: MMSG-17999]
   USER 233 = user62:pwd62	[MsgId: MMSG-17999]
    2023-06-17 22:12:49.846 : Start page is opened	[MsgId: MMSG-17999]
    2023-06-17 22:12:53.978 : User is logged in with session 136656.295585257HAcQcfipcAtVzzzHtcVHfpftQccf	[MsgId: MMSG-17999]
    2023-06-17 22:12:59.160 : User is logged out of session	[MsgId: MMSG-17999]
  2023-06-17 22:14:55.761 : IterationNum=234	[MsgId: MMSG-17999]
   USER 234 = user62:pwd62	[MsgId: MMSG-17999]
    2023-06-17 22:14:55.856 : Start page is opened	[MsgId: MMSG-17999]
    2023-06-17 22:15:00.930 : User is logged in with session 136656.305791819HAcQcfipHcQVzzzHtcVHfpffcDHf	[MsgId: MMSG-17999]
    2023-06-17 22:15:06.199 : User is logged out of session	[MsgId: MMSG-17999]
  2023-06-17 22:17:01.761 : IterationNum=235	[MsgId: MMSG-17999]
   USER 235 = user62:pwd62	[MsgId: MMSG-17999]
    2023-06-17 22:17:01.857 : Start page is opened	[MsgId: MMSG-17999]
    2023-06-17 22:17:06.281 : User is logged in with session 136656.31599838HAcQcfQpcftVzzzHtcVHfpffffcf	[MsgId: MMSG-17999]
    2023-06-17 22:17:12.555 : User is logged out of session	[MsgId: MMSG-17999]
  2023-06-17 22:19:07.776 : IterationNum=236	[MsgId: MMSG-17999]
   USER 236 = user62:pwd62	[MsgId: MMSG-17999]
    2023-06-17 22:19:07.869 : Start page is opened	[MsgId: MMSG-17999]
    2023-06-17 22:19:12.680 : User is logged in with session 136656.326204941HAcQcfQpHHQVzzzHtcVHfpffizHf	[MsgId: MMSG-17999]
    2023-06-17 22:19:18.780 : User is logged out of session	[MsgId: MMSG-17999]
  2023-06-17 22:21:13.779 : IterationNum=237	[MsgId: MMSG-17999]
   USER 237 = user62:pwd62	[MsgId: MMSG-17999]
    2023-06-17 22:21:13.874 : Start page is opened	[MsgId: MMSG-17999]
    2023-06-17 22:21:18.716 : User is logged in with session 136656.336411503HAcQczApDAtVzzzHtcVHfpfzVicf	[MsgId: MMSG-17999]
    2023-06-17 22:21:22.622 : User is logged out of session	[MsgId: MMSG-17999]
