  2023-06-17 14:07:56.226 : IterationNum=1	[MsgId: MMSG-17999]
   USER 1 = user76:pwd76	[MsgId: MMSG-17999]
    2023-06-17 14:07:56.321 : Start page is opened	[MsgId: MMSG-17999]
    2023-06-17 14:08:02.153 : User is logged in with session 136653.938922641HAcQVDzpQiDDDDDDtcVHtpicVQ	[MsgId: MMSG-17999]
    2023-06-17 14:08:06.717 : User is logged out of session	[MsgId: MMSG-17999]
  2023-06-17 14:10:02.229 : IterationNum=2	[MsgId: MMSG-17999]
   USER 2 = user76:pwd76	[MsgId: MMSG-17999]
    2023-06-17 14:10:02.322 : Start page is opened	[MsgId: MMSG-17999]
    2023-06-17 14:10:07.814 : User is logged in with session 136653.949129202HAcQVDHpfAiDDDDDtcVHtpicfAf	[MsgId: MMSG-17999]
    2023-06-17 14:10:12.982 : User is logged out of session	[MsgId: MMSG-17999]
  2023-06-17 14:12:08.242 : IterationNum=3	[MsgId: MMSG-17999]
   USER 3 = user76:pwd76	[MsgId: MMSG-17999]
    2023-06-17 14:12:08.337 : Start page is opened	[MsgId: MMSG-17999]
    2023-06-17 14:12:13.017 : User is logged in with session 136653.959335763HAcQVDipADDDDDDDtcVHtpicic	[MsgId: MMSG-17999]
    2023-06-17 14:12:17.620 : User is logged out of session	[MsgId: MMSG-17999]
  2023-06-17 14:14:14.256 : IterationNum=4	[MsgId: MMSG-17999]
   USER 4 = user76:pwd76	[MsgId: MMSG-17999]
    2023-06-17 14:14:14.350 : Start page is opened	[MsgId: MMSG-17999]
    2023-06-17 14:14:18.891 : User is logged in with session 136653.969542325HAcQVDipffiDDDDDtcVHtpiDVDf	[MsgId: MMSG-17999]
    2023-06-17 14:14:24.684 : User is logged out of session	[MsgId: MMSG-17999]
  2023-06-17 14:16:20.260 : IterationNum=5	[MsgId: MMSG-17999]
   USER 5 = user76:pwd76	[MsgId: MMSG-17999]
    2023-06-17 14:16:20.354 : Start page is opened	[MsgId: MMSG-17999]
    2023-06-17 14:16:26.212 : User is logged in with session 136653.979748886HAcQVDQpAiDDDDDDtcVHtpiDtf	[MsgId: MMSG-17999]
    2023-06-17 14:16:31.052 : User is logged out of session	[MsgId: MMSG-17999]
  2023-06-17 14:18:26.268 : IterationNum=6	[MsgId: MMSG-17999]
   USER 6 = user76:pwd76	[MsgId: MMSG-17999]
    2023-06-17 14:18:26.361 : Start page is opened	[MsgId: MMSG-17999]
    2023-06-17 14:18:30.569 : User is logged in with session 136653.989955448HAcQVDQpzAiDDDDDtcVHtpiDHzf	[MsgId: MMSG-17999]
    2023-06-17 14:18:35.867 : User is logged out of session	[MsgId: MMSG-17999]
  2023-06-17 14:20:32.281 : IterationNum=7	[MsgId: MMSG-17999]
   USER 7 = user76:pwd76	[MsgId: MMSG-17999]
    2023-06-17 14:20:32.376 : Start page is opened	[MsgId: MMSG-17999]
    2023-06-17 14:20:37.388 : User is logged in with session 136654.000162009HAcQVtApVDDDDDDDtcVHtpitAi	[MsgId: MMSG-17999]
    2023-06-17 14:20:42.097 : User is logged out of session	[MsgId: MMSG-17999]
  2023-06-17 14:22:38.289 : IterationNum=8	[MsgId: MMSG-17999]
   USER 8 = user76:pwd76	[MsgId: MMSG-17999]
    2023-06-17 14:22:38.384 : Start page is opened	[MsgId: MMSG-17999]
    2023-06-17 14:22:44.503 : User is logged in with session 136654.01036857HAcQVtApzfiDDDDDtcVHtpitDQf	[MsgId: MMSG-17999]
    2023-06-17 14:22:48.787 : User is logged out of session	[MsgId: MMSG-17999]
  2023-06-17 14:24:44.292 : IterationNum=9	[MsgId: MMSG-17999]
   USER 9 = user76:pwd76	[MsgId: MMSG-17999]
    2023-06-17 14:24:44.388 : Start page is opened	[MsgId: MMSG-17999]
    2023-06-17 14:24:49.113 : User is logged in with session 136654.020575132HAcQVtVpViDDDDDDtcVHtpitHV	[MsgId: MMSG-17999]
    2023-06-17 14:24:54.942 : User is logged out of session	[MsgId: MMSG-17999]
  2023-06-17 14:26:50.292 : IterationNum=10	[MsgId: MMSG-17999]
   USER 10 = user76:pwd76	[MsgId: MMSG-17999]
    2023-06-17 14:26:50.386 : Start page is opened	[MsgId: MMSG-17999]
    2023-06-17 14:26:55.162 : User is logged in with session 136654.030781693HAcQVtVpHAiDDDDDtcVHtpifAcf	[MsgId: MMSG-17999]
    2023-06-17 14:27:01.339 : User is logged out of session	[MsgId: MMSG-17999]
  2023-06-17 14:28:56.297 : IterationNum=11	[MsgId: MMSG-17999]
   USER 11 = user76:pwd76	[MsgId: MMSG-17999]
    2023-06-17 14:28:56.390 : Start page is opened	[MsgId: MMSG-17999]
    2023-06-17 14:29:01.045 : User is logged in with session 136654.040988254HAcQVtcpcDDDDDDDtcVHtpifDt	[MsgId: MMSG-17999]
    2023-06-17 14:29:06.782 : User is logged out of session	[MsgId: MMSG-17999]
  2023-06-17 14:31:02.310 : IterationNum=12	[MsgId: MMSG-17999]
   USER 12 = user76:pwd76	[MsgId: MMSG-17999]
    2023-06-17 14:31:02.404 : Start page is opened	[MsgId: MMSG-17999]
    2023-06-17 14:31:06.437 : User is logged in with session 136654.051194816HAcQVtcpHfiDDDDDtcVHtpifzff	[MsgId: MMSG-17999]
    2023-06-17 14:31:11.345 : User is logged out of session	[MsgId: MMSG-17999]
  2023-06-17 14:33:08.312 : IterationNum=13	[MsgId: MMSG-17999]
   USER 13 = user76:pwd76	[MsgId: MMSG-17999]
    2023-06-17 14:33:08.407 : Start page is opened	[MsgId: MMSG-17999]
    2023-06-17 14:33:12.353 : User is logged in with session 136654.061401377HAcQVtDpciDDDDDDtcVHtpifQH	[MsgId: MMSG-17999]
    2023-06-17 14:33:16.806 : User is logged out of session	[MsgId: MMSG-17999]
  2023-06-17 14:35:14.327 : IterationNum=14	[MsgId: MMSG-17999]
   USER 14 = user76:pwd76	[MsgId: MMSG-17999]
    2023-06-17 14:35:14.419 : Start page is opened	[MsgId: MMSG-17999]
    2023-06-17 14:35:18.910 : User is logged in with session 136654.071607938HAcQVtDpiAiDDDDDtcVHtpizcif	[MsgId: MMSG-17999]
    2023-06-17 14:35:23.528 : User is logged out of session	[MsgId: MMSG-17999]
  2023-06-17 14:37:20.338 : IterationNum=15	[MsgId: MMSG-17999]
   USER 15 = user76:pwd76	[MsgId: MMSG-17999]
    2023-06-17 14:37:20.432 : Start page is opened	[MsgId: MMSG-17999]
    2023-06-17 14:37:26.712 : User is logged in with session 136654.0818145HAcQVttpDDDDDDDDtcVHtpizz	[MsgId: MMSG-17999]
    2023-06-17 14:37:31.249 : User is logged out of session	[MsgId: MMSG-17999]
  2023-06-17 14:39:26.348 : IterationNum=16	[MsgId: MMSG-17999]
   USER 16 = user76:pwd76	[MsgId: MMSG-17999]
    2023-06-17 14:39:26.442 : Start page is opened	[MsgId: MMSG-17999]
    2023-06-17 14:39:30.527 : User is logged in with session 136654.092021061HAcQVttpifiDDDDDtcVHtpizQVf	[MsgId: MMSG-17999]
    2023-06-17 14:39:36.267 : User is logged out of session	[MsgId: MMSG-17999]
  2023-06-17 14:41:32.357 : IterationNum=17	[MsgId: MMSG-17999]
   USER 17 = user76:pwd76	[MsgId: MMSG-17999]
    2023-06-17 14:41:32.450 : Start page is opened	[MsgId: MMSG-17999]
    2023-06-17 14:41:37.921 : User is logged in with session 136654.102227623HAcQVtfpDiDDDDDDtcVHtpiHcD	[MsgId: MMSG-17999]
    2023-06-17 14:41:42.635 : User is logged out of session	[MsgId: MMSG-17999]
  2023-06-17 14:43:38.365 : IterationNum=18	[MsgId: MMSG-17999]
   USER 18 = user76:pwd76	[MsgId: MMSG-17999]
    2023-06-17 14:43:38.460 : Start page is opened	[MsgId: MMSG-17999]
    2023-06-17 14:43:42.663 : User is logged in with session 136654.112434184HAcQVtfpQAiDDDDDtcVHtpiHftf	[MsgId: MMSG-17999]
    2023-06-17 14:43:46.802 : User is logged out of session	[MsgId: MMSG-17999]
  2023-06-17 14:45:44.368 : IterationNum=19	[MsgId: MMSG-17999]
   USER 19 = user76:pwd76	[MsgId: MMSG-17999]
    2023-06-17 14:45:44.462 : Start page is opened	[MsgId: MMSG-17999]
    2023-06-17 14:45:50.657 : User is logged in with session 136654.122640745HAcQVtzptDDDDDDDtcVHtpiHiz	[MsgId: MMSG-17999]
    2023-06-17 14:45:55.935 : User is logged out of session	[MsgId: MMSG-17999]
  2023-06-17 14:47:50.383 : IterationNum=20	[MsgId: MMSG-17999]
   USER 20 = user76:pwd76	[MsgId: MMSG-17999]
    2023-06-17 14:47:50.478 : Start page is opened	[MsgId: MMSG-17999]
    2023-06-17 14:47:55.297 : User is logged in with session 136654.132847307HAcQVtzpQfiDDDDDtcVHtpiiVHf	[MsgId: MMSG-17999]
    2023-06-17 14:47:59.419 : User is logged out of session	[MsgId: MMSG-17999]
  2023-06-17 14:49:56.395 : IterationNum=21	[MsgId: MMSG-17999]
   USER 21 = user76:pwd76	[MsgId: MMSG-17999]
    2023-06-17 14:49:56.488 : Start page is opened	[MsgId: MMSG-17999]
    2023-06-17 14:50:01.582 : User is logged in with session 136654.143053868HAcQVtHptiDDDDDDtcVHtpiitQ	[MsgId: MMSG-17999]
    2023-06-17 14:50:06.178 : User is logged out of session	[MsgId: MMSG-17999]
  2023-06-17 14:52:02.405 : IterationNum=22	[MsgId: MMSG-17999]
   USER 22 = user76:pwd76	[MsgId: MMSG-17999]
    2023-06-17 14:52:02.499 : Start page is opened	[MsgId: MMSG-17999]
    2023-06-17 14:52:07.157 : User is logged in with session 136654.153260429HAcQVtipAAiDDDDDtcVHtpiiiAf	[MsgId: MMSG-17999]
    2023-06-17 14:52:12.381 : User is logged out of session	[MsgId: MMSG-17999]
  2023-06-17 14:54:08.411 : IterationNum=23	[MsgId: MMSG-17999]
   USER 23 = user76:pwd76	[MsgId: MMSG-17999]
    2023-06-17 14:54:08.506 : Start page is opened	[MsgId: MMSG-17999]
    2023-06-17 14:54:14.205 : User is logged in with session 136654.163466991HAcQVtipfDDDDDDDtcVHtpiQVc	[MsgId: MMSG-17999]
    2023-06-17 14:54:20.592 : User is logged out of session	[MsgId: MMSG-17999]
  2023-06-17 14:56:14.416 : IterationNum=24	[MsgId: MMSG-17999]
   USER 24 = user76:pwd76	[MsgId: MMSG-17999]
    2023-06-17 14:56:14.509 : Start page is opened	[MsgId: MMSG-17999]
    2023-06-17 14:56:19.026 : User is logged in with session 136654.173673552HAcQVtQpAfiDDDDDtcVHtpiQtDf	[MsgId: MMSG-17999]
    2023-06-17 14:56:22.918 : User is logged out of session	[MsgId: MMSG-17999]
  2023-06-17 14:58:20.419 : IterationNum=25	[MsgId: MMSG-17999]
   USER 25 = user76:pwd76	[MsgId: MMSG-17999]
    2023-06-17 14:58:20.513 : Start page is opened	[MsgId: MMSG-17999]
    2023-06-17 14:58:26.372 : User is logged in with session 136654.183880113HAcQVtQpfiDDDDDDtcVHtpiQHf	[MsgId: MMSG-17999]
    2023-06-17 14:58:32.312 : User is logged out of session	[MsgId: MMSG-17999]
  2023-06-17 15:00:26.427 : IterationNum=26	[MsgId: MMSG-17999]
   USER 26 = user76:pwd76	[MsgId: MMSG-17999]
    2023-06-17 15:00:26.522 : Start page is opened	[MsgId: MMSG-17999]
    2023-06-17 15:00:31.734 : User is logged in with session 136654.194086675HAcQVfApVAiDDDDDtcVHtpQAAzf	[MsgId: MMSG-17999]
    2023-06-17 15:00:36.728 : User is logged out of session	[MsgId: MMSG-17999]
  2023-06-17 15:02:32.435 : IterationNum=27	[MsgId: MMSG-17999]
   USER 27 = user76:pwd76	[MsgId: MMSG-17999]
    2023-06-17 15:02:32.529 : Start page is opened	[MsgId: MMSG-17999]
    2023-06-17 15:02:37.018 : User is logged in with session 136654.204293236HAcQVfApzDDDDDDDtcVHtpQADi	[MsgId: MMSG-17999]
    2023-06-17 15:02:42.410 : User is logged out of session	[MsgId: MMSG-17999]
  2023-06-17 15:04:38.440 : IterationNum=28	[MsgId: MMSG-17999]
   USER 28 = user76:pwd76	[MsgId: MMSG-17999]
    2023-06-17 15:04:38.535 : Start page is opened	[MsgId: MMSG-17999]
    2023-06-17 15:04:44.753 : User is logged in with session 136654.214499798HAcQVfVpVfiDDDDDtcVHtpQAzQf	[MsgId: MMSG-17999]
    2023-06-17 15:04:49.523 : User is logged out of session	[MsgId: MMSG-17999]
  2023-06-17 15:06:44.448 : IterationNum=29	[MsgId: MMSG-17999]
   USER 29 = user76:pwd76	[MsgId: MMSG-17999]
    2023-06-17 15:06:44.543 : Start page is opened	[MsgId: MMSG-17999]
    2023-06-17 15:06:48.581 : User is logged in with session 136654.224706359HAcQVfVpziDDDDDDtcVHtpQVAV	[MsgId: MMSG-17999]
    2023-06-17 15:06:54.530 : User is logged out of session	[MsgId: MMSG-17999]
  2023-06-17 15:08:50.459 : IterationNum=30	[MsgId: MMSG-17999]
   USER 30 = user76:pwd76	[MsgId: MMSG-17999]
    2023-06-17 15:08:50.553 : Start page is opened	[MsgId: MMSG-17999]
    2023-06-17 15:08:55.102 : User is logged in with session 136654.23491292HAcQVfcpcAiDDDDDtcVHtpQVDcf	[MsgId: MMSG-17999]
    2023-06-17 15:09:01.142 : User is logged out of session	[MsgId: MMSG-17999]
  2023-06-17 15:10:56.466 : IterationNum=31	[MsgId: MMSG-17999]
   USER 31 = user76:pwd76	[MsgId: MMSG-17999]
    2023-06-17 15:10:56.560 : Start page is opened	[MsgId: MMSG-17999]
    2023-06-17 15:11:01.030 : User is logged in with session 136654.245119482HAcQVfcpHDDDDDDDtcVHtpQVzt	[MsgId: MMSG-17999]
    2023-06-17 15:11:05.758 : User is logged out of session	[MsgId: MMSG-17999]
  2023-06-17 15:13:02.480 : IterationNum=32	[MsgId: MMSG-17999]
   USER 32 = user76:pwd76	[MsgId: MMSG-17999]
    2023-06-17 15:13:02.575 : Start page is opened	[MsgId: MMSG-17999]
    2023-06-17 15:13:08.088 : User is logged in with session 136654.255326043HAcQVfDpcfiDDDDDtcVHtpQVQff	[MsgId: MMSG-17999]
    2023-06-17 15:13:12.765 : User is logged out of session	[MsgId: MMSG-17999]
  2023-06-17 15:15:08.483 : IterationNum=33	[MsgId: MMSG-17999]
   USER 33 = user76:pwd76	[MsgId: MMSG-17999]
    2023-06-17 15:15:08.575 : Start page is opened	[MsgId: MMSG-17999]
    2023-06-17 15:15:12.986 : User is logged in with session 136654.265532604HAcQVfDpHiDDDDDDtcVHtpQccH	[MsgId: MMSG-17999]
    2023-06-17 15:15:17.365 : User is logged out of session	[MsgId: MMSG-17999]
  2023-06-17 15:17:14.492 : IterationNum=34	[MsgId: MMSG-17999]
   USER 34 = user76:pwd76	[MsgId: MMSG-17999]
    2023-06-17 15:17:14.586 : Start page is opened	[MsgId: MMSG-17999]
    2023-06-17 15:17:19.875 : User is logged in with session 136654.275739166HAcQVftpDAiDDDDDtcVHtpQcfif	[MsgId: MMSG-17999]
    2023-06-17 15:17:25.751 : User is logged out of session	[MsgId: MMSG-17999]
  2023-06-17 15:19:20.497 : IterationNum=35	[MsgId: MMSG-17999]
   USER 35 = user76:pwd76	[MsgId: MMSG-17999]
    2023-06-17 15:19:20.591 : Start page is opened	[MsgId: MMSG-17999]
    2023-06-17 15:19:24.957 : User is logged in with session 136654.285945727HAcQVftpiDDDDDDDtcVHtpQcQ	[MsgId: MMSG-17999]
    2023-06-17 15:19:30.200 : User is logged out of session	[MsgId: MMSG-17999]
  2023-06-17 15:21:26.499 : IterationNum=36	[MsgId: MMSG-17999]
   USER 36 = user76:pwd76	[MsgId: MMSG-17999]
    2023-06-17 15:21:26.593 : Start page is opened	[MsgId: MMSG-17999]
    2023-06-17 15:21:31.510 : User is logged in with session 136654.296152288HAcQVffpDfiDDDDDtcVHtpQDcVf	[MsgId: MMSG-17999]
    2023-06-17 15:21:35.841 : User is logged out of session	[MsgId: MMSG-17999]
  2023-06-17 15:23:32.514 : IterationNum=37	[MsgId: MMSG-17999]
   USER 37 = user76:pwd76	[MsgId: MMSG-17999]
    2023-06-17 15:23:32.608 : Start page is opened	[MsgId: MMSG-17999]
    2023-06-17 15:23:36.832 : User is logged in with session 136654.30635885HAcQVffpiiDDDDDDtcVHtpQDfD	[MsgId: MMSG-17999]
    2023-06-17 15:23:41.941 : User is logged out of session	[MsgId: MMSG-17999]
  2023-06-17 15:25:38.522 : IterationNum=38	[MsgId: MMSG-17999]
   USER 38 = user76:pwd76	[MsgId: MMSG-17999]
    2023-06-17 15:25:38.615 : Start page is opened	[MsgId: MMSG-17999]
    2023-06-17 15:25:43.923 : User is logged in with session 136654.316565411HAcQVfzptAiDDDDDtcVHtpQDitf	[MsgId: MMSG-17999]
    2023-06-17 15:25:49.158 : User is logged out of session	[MsgId: MMSG-17999]
  2023-06-17 15:27:44.531 : IterationNum=39	[MsgId: MMSG-17999]
   USER 39 = user76:pwd76	[MsgId: MMSG-17999]
    2023-06-17 15:27:44.626 : Start page is opened	[MsgId: MMSG-17999]
    2023-06-17 15:27:49.379 : User is logged in with session 136654.326771972HAcQVfzpQDDDDDDDtcVHtpQtVz	[MsgId: MMSG-17999]
    2023-06-17 15:27:54.011 : User is logged out of session	[MsgId: MMSG-17999]
  2023-06-17 15:29:50.532 : IterationNum=40	[MsgId: MMSG-17999]
   USER 40 = user76:pwd76	[MsgId: MMSG-17999]
    2023-06-17 15:29:50.626 : Start page is opened	[MsgId: MMSG-17999]
    2023-06-17 15:29:55.203 : User is logged in with session 136654.336978534HAcQVfHptfiDDDDDtcVHtpQttHf	[MsgId: MMSG-17999]
    2023-06-17 15:30:00.473 : User is logged out of session	[MsgId: MMSG-17999]
  2023-06-17 15:31:56.547 : IterationNum=41	[MsgId: MMSG-17999]
   USER 41 = user76:pwd76	[MsgId: MMSG-17999]
    2023-06-17 15:31:56.640 : Start page is opened	[MsgId: MMSG-17999]
    2023-06-17 15:32:02.748 : User is logged in with session 136654.347185095HAcQVfHpQiDDDDDDtcVHtpQtHQ	[MsgId: MMSG-17999]
    2023-06-17 15:32:06.951 : User is logged out of session	[MsgId: MMSG-17999]
  2023-06-17 15:34:02.557 : IterationNum=42	[MsgId: MMSG-17999]
   USER 42 = user76:pwd76	[MsgId: MMSG-17999]
    2023-06-17 15:34:02.651 : Start page is opened	[MsgId: MMSG-17999]
    2023-06-17 15:34:06.717 : User is logged in with session 136654.357391657HAcQVfipfAiDDDDDtcVHtpQfVAf	[MsgId: MMSG-17999]
    2023-06-17 15:34:12.117 : User is logged out of session	[MsgId: MMSG-17999]
  2023-06-17 15:36:08.572 : IterationNum=43	[MsgId: MMSG-17999]
   USER 43 = user76:pwd76	[MsgId: MMSG-17999]
    2023-06-17 15:36:08.666 : Start page is opened	[MsgId: MMSG-17999]
    2023-06-17 15:36:14.233 : User is logged in with session 136654.367598218HAcQVfQpADDDDDDDtcVHtpQftc	[MsgId: MMSG-17999]
    2023-06-17 15:36:19.242 : User is logged out of session	[MsgId: MMSG-17999]
  2023-06-17 15:38:14.586 : IterationNum=44	[MsgId: MMSG-17999]
   USER 44 = user76:pwd76	[MsgId: MMSG-17999]
    2023-06-17 15:38:14.680 : Start page is opened	[MsgId: MMSG-17999]
    2023-06-17 15:38:19.029 : User is logged in with session 136654.377804779HAcQVfQpffiDDDDDtcVHtpQfHDf	[MsgId: MMSG-17999]
    2023-06-17 15:38:24.603 : User is logged out of session	[MsgId: MMSG-17999]
  2023-06-17 15:40:20.587 : IterationNum=45	[MsgId: MMSG-17999]
   USER 45 = user76:pwd76	[MsgId: MMSG-17999]
    2023-06-17 15:40:20.680 : Start page is opened	[MsgId: MMSG-17999]
    2023-06-17 15:40:26.447 : User is logged in with session 136654.388011341HAcQVzApAiDDDDDDtcVHtpQzAf	[MsgId: MMSG-17999]
    2023-06-17 15:40:32.753 : User is logged out of session	[MsgId: MMSG-17999]
  2023-06-17 15:42:26.594 : IterationNum=46	[MsgId: MMSG-17999]
   USER 46 = user76:pwd76	[MsgId: MMSG-17999]
    2023-06-17 15:42:26.689 : Start page is opened	[MsgId: MMSG-17999]
    2023-06-17 15:42:30.605 : User is logged in with session 136654.398217902HAcQVzApzAiDDDDDtcVHtpQzDzf	[MsgId: MMSG-17999]
    2023-06-17 15:42:36.213 : User is logged out of session	[MsgId: MMSG-17999]
  2023-06-17 15:44:32.609 : IterationNum=47	[MsgId: MMSG-17999]
   USER 47 = user76:pwd76	[MsgId: MMSG-17999]
    2023-06-17 15:44:32.704 : Start page is opened	[MsgId: MMSG-17999]
    2023-06-17 15:44:38.174 : User is logged in with session 136654.408424463HAcQVzVpVDDDDDDDtcVHtpQzzi	[MsgId: MMSG-17999]
    2023-06-17 15:44:42.392 : User is logged out of session	[MsgId: MMSG-17999]
  2023-06-17 15:46:38.622 : IterationNum=48	[MsgId: MMSG-17999]
   USER 48 = user76:pwd76	[MsgId: MMSG-17999]
    2023-06-17 15:46:38.716 : Start page is opened	[MsgId: MMSG-17999]
    2023-06-17 15:46:43.583 : User is logged in with session 136654.418631025HAcQVzVpzfiDDDDDtcVHtpQzQQf	[MsgId: MMSG-17999]
    2023-06-17 15:46:47.518 : User is logged out of session	[MsgId: MMSG-17999]
  2023-06-17 15:48:44.633 : IterationNum=49	[MsgId: MMSG-17999]
   USER 49 = user76:pwd76	[MsgId: MMSG-17999]
    2023-06-17 15:48:44.727 : Start page is opened	[MsgId: MMSG-17999]
    2023-06-17 15:48:49.604 : User is logged in with session 136654.428837586HAcQVzcpViDDDDDDtcVHtpQHDV	[MsgId: MMSG-17999]
    2023-06-17 15:48:55.480 : User is logged out of session	[MsgId: MMSG-17999]
  2023-06-17 15:50:50.647 : IterationNum=50	[MsgId: MMSG-17999]
   USER 50 = user76:pwd76	[MsgId: MMSG-17999]
    2023-06-17 15:50:50.742 : Start page is opened	[MsgId: MMSG-17999]
    2023-06-17 15:50:55.527 : User is logged in with session 136654.439044147HAcQVzcpHAiDDDDDtcVHtpQHzcf	[MsgId: MMSG-17999]
    2023-06-17 15:51:00.035 : User is logged out of session	[MsgId: MMSG-17999]
  2023-06-17 15:52:56.658 : IterationNum=51	[MsgId: MMSG-17999]
   USER 51 = user76:pwd76	[MsgId: MMSG-17999]
    2023-06-17 15:52:56.752 : Start page is opened	[MsgId: MMSG-17999]
    2023-06-17 15:53:01.073 : User is logged in with session 136654.449250709HAcQVzDpcDDDDDDDtcVHtpQHQt	[MsgId: MMSG-17999]
    2023-06-17 15:53:05.534 : User is logged out of session	[MsgId: MMSG-17999]
  2023-06-17 15:55:02.665 : IterationNum=52	[MsgId: MMSG-17999]
   USER 52 = user76:pwd76	[MsgId: MMSG-17999]
    2023-06-17 15:55:02.759 : Start page is opened	[MsgId: MMSG-17999]
    2023-06-17 15:55:06.962 : User is logged in with session 136654.45945727HAcQVzDpHfiDDDDDtcVHtpQicff	[MsgId: MMSG-17999]
    2023-06-17 15:55:13.006 : User is logged out of session	[MsgId: MMSG-17999]
  2023-06-17 15:57:08.680 : IterationNum=53	[MsgId: MMSG-17999]
   USER 53 = user76:pwd76	[MsgId: MMSG-17999]
    2023-06-17 15:57:08.776 : Start page is opened	[MsgId: MMSG-17999]
    2023-06-17 15:57:14.810 : User is logged in with session 136654.469663832HAcQVztpciDDDDDDtcVHtpQifH	[MsgId: MMSG-17999]
    2023-06-17 15:57:19.011 : User is logged out of session	[MsgId: MMSG-17999]
  2023-06-17 15:59:14.688 : IterationNum=54	[MsgId: MMSG-17999]
   USER 54 = user76:pwd76	[MsgId: MMSG-17999]
    2023-06-17 15:59:14.782 : Start page is opened	[MsgId: MMSG-17999]
    2023-06-17 15:59:21.109 : User is logged in with session 136654.479870393HAcQVztpiAiDDDDDtcVHtpQiiif	[MsgId: MMSG-17999]
    2023-06-17 15:59:26.560 : User is logged out of session	[MsgId: MMSG-17999]
  2023-06-17 16:01:20.694 : IterationNum=55	[MsgId: MMSG-17999]
   USER 55 = user76:pwd76	[MsgId: MMSG-17999]
    2023-06-17 16:01:20.787 : Start page is opened	[MsgId: MMSG-17999]
    2023-06-17 16:01:27.147 : User is logged in with session 136654.490076954HAcQVzfpDDDDDDDDtcVHtpQQc	[MsgId: MMSG-17999]
    2023-06-17 16:01:31.883 : User is logged out of session	[MsgId: MMSG-17999]
  2023-06-17 16:03:26.700 : IterationNum=56	[MsgId: MMSG-17999]
   USER 56 = user76:pwd76	[MsgId: MMSG-17999]
    2023-06-17 16:03:26.795 : Start page is opened	[MsgId: MMSG-17999]
    2023-06-17 16:03:31.728 : User is logged in with session 136654.500283516HAcQVzfpifiDDDDDtcVHtpQQfVf	[MsgId: MMSG-17999]
    2023-06-17 16:03:36.285 : User is logged out of session	[MsgId: MMSG-17999]
  2023-06-17 16:05:32.710 : IterationNum=57	[MsgId: MMSG-17999]
   USER 57 = user76:pwd76	[MsgId: MMSG-17999]
    2023-06-17 16:05:32.803 : Start page is opened	[MsgId: MMSG-17999]
    2023-06-17 16:05:38.264 : User is logged in with session 136654.510490077HAcQVzzpDiDDDDDDtcVHtpQQiD	[MsgId: MMSG-17999]
    2023-06-17 16:05:43.951 : User is logged out of session	[MsgId: MMSG-17999]
  2023-06-17 16:07:38.711 : IterationNum=58	[MsgId: MMSG-17999]
   USER 58 = user76:pwd76	[MsgId: MMSG-17999]
    2023-06-17 16:07:38.805 : Start page is opened	[MsgId: MMSG-17999]
    2023-06-17 16:07:44.206 : User is logged in with session 136654.520696638HAcQVzzpQAiDDDDDtcVHfpAAVtf	[MsgId: MMSG-17999]
    2023-06-17 16:07:49.976 : User is logged out of session	[MsgId: MMSG-17999]
  2023-06-17 16:09:44.726 : IterationNum=59	[MsgId: MMSG-17999]
   USER 59 = user76:pwd76	[MsgId: MMSG-17999]
    2023-06-17 16:09:44.820 : Start page is opened	[MsgId: MMSG-17999]
    2023-06-17 16:09:51.200 : User is logged in with session 136654.5309032HAcQVzHptDDDDDDDtcVHfpAAtz	[MsgId: MMSG-17999]
    2023-06-17 16:09:55.486 : User is logged out of session	[MsgId: MMSG-17999]
  2023-06-17 16:11:50.727 : IterationNum=60	[MsgId: MMSG-17999]
   USER 60 = user76:pwd76	[MsgId: MMSG-17999]
    2023-06-17 16:11:50.819 : Start page is opened	[MsgId: MMSG-17999]
    2023-06-17 16:11:56.646 : User is logged in with session 136654.541109761HAcQVzHpQfiDDDDDtcVHfpAAHHf	[MsgId: MMSG-17999]
    2023-06-17 16:12:00.686 : User is logged out of session	[MsgId: MMSG-17999]
  2023-06-17 16:13:56.728 : IterationNum=61	[MsgId: MMSG-17999]
   USER 61 = user76:pwd76	[MsgId: MMSG-17999]
    2023-06-17 16:13:56.822 : Start page is opened	[MsgId: MMSG-17999]
    2023-06-17 16:14:01.875 : User is logged in with session 136654.551316322HAcQVziptiDDDDDDtcVHfpAVAQ	[MsgId: MMSG-17999]
    2023-06-17 16:14:06.757 : User is logged out of session	[MsgId: MMSG-17999]
  2023-06-17 16:16:02.741 : IterationNum=62	[MsgId: MMSG-17999]
   USER 62 = user76:pwd76	[MsgId: MMSG-17999]
    2023-06-17 16:16:02.836 : Start page is opened	[MsgId: MMSG-17999]
    2023-06-17 16:16:09.226 : User is logged in with session 136654.561522884HAcQVzQpAAiDDDDDtcVHfpAVtAf	[MsgId: MMSG-17999]
    2023-06-17 16:16:14.158 : User is logged out of session	[MsgId: MMSG-17999]
  2023-06-17 16:18:08.755 : IterationNum=63	[MsgId: MMSG-17999]
   USER 63 = user76:pwd76	[MsgId: MMSG-17999]
    2023-06-17 16:18:08.850 : Start page is opened	[MsgId: MMSG-17999]
    2023-06-17 16:18:14.691 : User is logged in with session 136654.571729445HAcQVzQpfDDDDDDDtcVHfpAVHc	[MsgId: MMSG-17999]
    2023-06-17 16:18:19.608 : User is logged out of session	[MsgId: MMSG-17999]
  2023-06-17 16:20:14.763 : IterationNum=64	[MsgId: MMSG-17999]
   USER 64 = user76:pwd76	[MsgId: MMSG-17999]
    2023-06-17 16:20:14.858 : Start page is opened	[MsgId: MMSG-17999]
    2023-06-17 16:20:19.934 : User is logged in with session 136654.581936006HAcQVHApAfiDDDDDtcVHfpAcADf	[MsgId: MMSG-17999]
    2023-06-17 16:20:24.032 : User is logged out of session	[MsgId: MMSG-17999]
  2023-06-17 16:22:20.767 : IterationNum=65	[MsgId: MMSG-17999]
   USER 65 = user76:pwd76	[MsgId: MMSG-17999]
    2023-06-17 16:22:20.860 : Start page is opened	[MsgId: MMSG-17999]
    2023-06-17 16:22:25.742 : User is logged in with session 136654.592142568HAcQVHApfiDDDDDDtcVHfpAcDf	[MsgId: MMSG-17999]
    2023-06-17 16:22:31.516 : User is logged out of session	[MsgId: MMSG-17999]
  2023-06-17 16:24:26.778 : IterationNum=66	[MsgId: MMSG-17999]
   USER 66 = user76:pwd76	[MsgId: MMSG-17999]
    2023-06-17 16:24:26.872 : Start page is opened	[MsgId: MMSG-17999]
    2023-06-17 16:24:33.044 : User is logged in with session 136654.602349129HAcQVHVpVAiDDDDDtcVHfpAczzf	[MsgId: MMSG-17999]
    2023-06-17 16:24:36.921 : User is logged out of session	[MsgId: MMSG-17999]
  2023-06-17 16:26:32.779 : IterationNum=67	[MsgId: MMSG-17999]
   USER 67 = user76:pwd76	[MsgId: MMSG-17999]
    2023-06-17 16:26:32.874 : Start page is opened	[MsgId: MMSG-17999]
    2023-06-17 16:26:37.178 : User is logged in with session 136654.612555691HAcQVHVpzDDDDDDDtcVHfpAcQi	[MsgId: MMSG-17999]
    2023-06-17 16:26:42.336 : User is logged out of session	[MsgId: MMSG-17999]
  2023-06-17 16:28:38.782 : IterationNum=68	[MsgId: MMSG-17999]
   USER 68 = user76:pwd76	[MsgId: MMSG-17999]
    2023-06-17 16:28:38.876 : Start page is opened	[MsgId: MMSG-17999]
    2023-06-17 16:28:44.326 : User is logged in with session 136654.622762252HAcQVHcpVfiDDDDDtcVHfpADcQf	[MsgId: MMSG-17999]
    2023-06-17 16:28:49.440 : User is logged out of session	[MsgId: MMSG-17999]
  2023-06-17 16:30:44.793 : IterationNum=69	[MsgId: MMSG-17999]
   USER 69 = user76:pwd76	[MsgId: MMSG-17999]
    2023-06-17 16:30:44.887 : Start page is opened	[MsgId: MMSG-17999]
    2023-06-17 16:30:51.078 : User is logged in with session 136654.632968813HAcQVHcpziDDDDDDtcVHfpADzV	[MsgId: MMSG-17999]
    2023-06-17 16:30:56.748 : User is logged out of session	[MsgId: MMSG-17999]
  2023-06-17 16:32:50.799 : IterationNum=70	[MsgId: MMSG-17999]
   USER 70 = user76:pwd76	[MsgId: MMSG-17999]
    2023-06-17 16:32:50.893 : Start page is opened	[MsgId: MMSG-17999]
    2023-06-17 16:32:56.370 : User is logged in with session 136654.643175375HAcQVHDpcAiDDDDDtcVHfpADQcf	[MsgId: MMSG-17999]
    2023-06-17 16:33:01.864 : User is logged out of session	[MsgId: MMSG-17999]
  2023-06-17 16:34:56.812 : IterationNum=71	[MsgId: MMSG-17999]
   USER 71 = user76:pwd76	[MsgId: MMSG-17999]
    2023-06-17 16:34:56.908 : Start page is opened	[MsgId: MMSG-17999]
    2023-06-17 16:35:02.521 : User is logged in with session 136654.653381936HAcQVHDpHDDDDDDDtcVHfpAtct	[MsgId: MMSG-17999]
    2023-06-17 16:35:08.465 : User is logged out of session	[MsgId: MMSG-17999]
  2023-06-17 16:37:02.827 : IterationNum=72	[MsgId: MMSG-17999]
   USER 72 = user76:pwd76	[MsgId: MMSG-17999]
    2023-06-17 16:37:02.923 : Start page is opened	[MsgId: MMSG-17999]
    2023-06-17 16:37:08.873 : User is logged in with session 136654.663588497HAcQVHtpcfiDDDDDtcVHfpAtfff	[MsgId: MMSG-17999]
    2023-06-17 16:37:13.067 : User is logged out of session	[MsgId: MMSG-17999]
  2023-06-17 16:39:08.834 : IterationNum=73	[MsgId: MMSG-17999]
   USER 73 = user76:pwd76	[MsgId: MMSG-17999]
    2023-06-17 16:39:08.928 : Start page is opened	[MsgId: MMSG-17999]
    2023-06-17 16:39:13.315 : User is logged in with session 136654.673795059HAcQVHtpHiDDDDDDtcVHfpAtiH	[MsgId: MMSG-17999]
    2023-06-17 16:39:17.619 : User is logged out of session	[MsgId: MMSG-17999]
  2023-06-17 16:41:14.839 : IterationNum=74	[MsgId: MMSG-17999]
   USER 74 = user76:pwd76	[MsgId: MMSG-17999]
    2023-06-17 16:41:14.934 : Start page is opened	[MsgId: MMSG-17999]
    2023-06-17 16:41:21.031 : User is logged in with session 136654.68400162HAcQVHfpDAiDDDDDtcVHfpAfVif	[MsgId: MMSG-17999]
    2023-06-17 16:41:27.085 : User is logged out of session	[MsgId: MMSG-17999]
  2023-06-17 16:43:20.842 : IterationNum=75	[MsgId: MMSG-17999]
   USER 75 = user76:pwd76	[MsgId: MMSG-17999]
    2023-06-17 16:43:20.936 : Start page is opened	[MsgId: MMSG-17999]
    2023-06-17 16:43:25.477 : User is logged in with session 136654.694208181HAcQVHfpiDDDDDDDtcVHfpAff	[MsgId: MMSG-17999]
    2023-06-17 16:43:30.138 : User is logged out of session	[MsgId: MMSG-17999]
  2023-06-17 16:45:26.855 : IterationNum=76	[MsgId: MMSG-17999]
   USER 76 = user76:pwd76	[MsgId: MMSG-17999]
    2023-06-17 16:45:26.948 : Start page is opened	[MsgId: MMSG-17999]
    2023-06-17 16:45:33.099 : User is logged in with session 136654.704414743HAcQVHzpDfiDDDDDtcVHfpAfiVf	[MsgId: MMSG-17999]
    2023-06-17 16:45:38.968 : User is logged out of session	[MsgId: MMSG-17999]
  2023-06-17 16:47:32.869 : IterationNum=77	[MsgId: MMSG-17999]
   USER 77 = user76:pwd76	[MsgId: MMSG-17999]
    2023-06-17 16:47:32.964 : Start page is opened	[MsgId: MMSG-17999]
    2023-06-17 16:47:38.825 : User is logged in with session 136654.714621304HAcQVHzpiiDDDDDDtcVHfpAzVD	[MsgId: MMSG-17999]
    2023-06-17 16:47:44.271 : User is logged out of session	[MsgId: MMSG-17999]
  2023-06-17 16:49:38.877 : IterationNum=78	[MsgId: MMSG-17999]
   USER 78 = user76:pwd76	[MsgId: MMSG-17999]
    2023-06-17 16:49:38.972 : Start page is opened	[MsgId: MMSG-17999]
    2023-06-17 16:49:44.356 : User is logged in with session 136654.724827866HAcQVHHptAiDDDDDtcVHfpAzttf	[MsgId: MMSG-17999]
    2023-06-17 16:49:48.905 : User is logged out of session	[MsgId: MMSG-17999]
  2023-06-17 16:51:44.889 : IterationNum=79	[MsgId: MMSG-17999]
   USER 79 = user76:pwd76	[MsgId: MMSG-17999]
    2023-06-17 16:51:44.982 : Start page is opened	[MsgId: MMSG-17999]
    2023-06-17 16:51:49.678 : User is logged in with session 136654.735034427HAcQVHHpQDDDDDDDtcVHfpAzHz	[MsgId: MMSG-17999]
    2023-06-17 16:51:53.751 : User is logged out of session	[MsgId: MMSG-17999]
  2023-06-17 16:53:50.891 : IterationNum=80	[MsgId: MMSG-17999]
   USER 80 = user76:pwd76	[MsgId: MMSG-17999]
    2023-06-17 16:53:50.985 : Start page is opened	[MsgId: MMSG-17999]
    2023-06-17 16:53:56.368 : User is logged in with session 136654.745240988HAcQVHiptfiDDDDDtcVHfpAHAHf	[MsgId: MMSG-17999]
    2023-06-17 16:54:02.041 : User is logged out of session	[MsgId: MMSG-17999]
  2023-06-17 16:55:56.904 : IterationNum=81	[MsgId: MMSG-17999]
   USER 81 = user76:pwd76	[MsgId: MMSG-17999]
    2023-06-17 16:55:56.998 : Start page is opened	[MsgId: MMSG-17999]
    2023-06-17 16:56:01.644 : User is logged in with session 136654.75544755HAcQVHipQiDDDDDDtcVHfpAHDQ	[MsgId: MMSG-17999]
    2023-06-17 16:56:07.174 : User is logged out of session	[MsgId: MMSG-17999]
  2023-06-17 16:58:02.904 : IterationNum=82	[MsgId: MMSG-17999]
   USER 82 = user76:pwd76	[MsgId: MMSG-17999]
    2023-06-17 16:58:02.998 : Start page is opened	[MsgId: MMSG-17999]
    2023-06-17 16:58:08.962 : User is logged in with session 136654.765654111HAcQVHQpfAiDDDDDtcVHfpAHHAf	[MsgId: MMSG-17999]
    2023-06-17 16:58:13.998 : User is logged out of session	[MsgId: MMSG-17999]
  2023-06-17 17:00:08.913 : IterationNum=83	[MsgId: MMSG-17999]
   USER 83 = user76:pwd76	[MsgId: MMSG-17999]
    2023-06-17 17:00:09.005 : Start page is opened	[MsgId: MMSG-17999]
    2023-06-17 17:00:15.264 : User is logged in with session 136654.775860672HAcQViApADDDDDDDtcVHfpAiAc	[MsgId: MMSG-17999]
    2023-06-17 17:00:19.278 : User is logged out of session	[MsgId: MMSG-17999]
  2023-06-17 17:02:14.918 : IterationNum=84	[MsgId: MMSG-17999]
   USER 84 = user76:pwd76	[MsgId: MMSG-17999]
    2023-06-17 17:02:15.013 : Start page is opened	[MsgId: MMSG-17999]
    2023-06-17 17:02:19.966 : User is logged in with session 136654.786067234HAcQViApffiDDDDDtcVHfpAiDDf	[MsgId: MMSG-17999]
    2023-06-17 17:02:23.869 : User is logged out of session	[MsgId: MMSG-17999]
  2023-06-17 17:04:20.931 : IterationNum=85	[MsgId: MMSG-17999]
   USER 85 = user76:pwd76	[MsgId: MMSG-17999]
    2023-06-17 17:04:21.026 : Start page is opened	[MsgId: MMSG-17999]
    2023-06-17 17:04:25.731 : User is logged in with session 136654.796273795HAcQViVpAiDDDDDDtcVHfpAizf	[MsgId: MMSG-17999]
    2023-06-17 17:04:30.346 : User is logged out of session	[MsgId: MMSG-17999]
  2023-06-17 17:06:26.935 : IterationNum=86	[MsgId: MMSG-17999]
   USER 86 = user76:pwd76	[MsgId: MMSG-17999]
    2023-06-17 17:06:27.030 : Start page is opened	[MsgId: MMSG-17999]
    2023-06-17 17:06:31.133 : User is logged in with session 136654.806480356HAcQViVpzAiDDDDDtcVHfpAiQzf	[MsgId: MMSG-17999]
    2023-06-17 17:06:36.732 : User is logged out of session	[MsgId: MMSG-17999]
  2023-06-17 17:08:32.939 : IterationNum=87	[MsgId: MMSG-17999]
   USER 87 = user76:pwd76	[MsgId: MMSG-17999]
    2023-06-17 17:08:33.034 : Start page is opened	[MsgId: MMSG-17999]
    2023-06-17 17:08:37.367 : User is logged in with session 136654.816686918HAcQVicpVDDDDDDDtcVHfpAQci	[MsgId: MMSG-17999]
    2023-06-17 17:08:42.175 : User is logged out of session	[MsgId: MMSG-17999]
  2023-06-17 17:10:38.941 : IterationNum=88	[MsgId: MMSG-17999]
   USER 88 = user76:pwd76	[MsgId: MMSG-17999]
    2023-06-17 17:10:39.036 : Start page is opened	[MsgId: MMSG-17999]
    2023-06-17 17:10:43.388 : User is logged in with session 136654.826893479HAcQVicpzfiDDDDDtcVHfpAQfQf	[MsgId: MMSG-17999]
    2023-06-17 17:10:48.421 : User is logged out of session	[MsgId: MMSG-17999]
  2023-06-17 17:12:44.943 : IterationNum=89	[MsgId: MMSG-17999]
   USER 89 = user76:pwd76	[MsgId: MMSG-17999]
    2023-06-17 17:12:45.036 : Start page is opened	[MsgId: MMSG-17999]
    2023-06-17 17:12:50.126 : User is logged in with session 136654.83710004HAcQViDpViDDDDDDtcVHfpAQQV	[MsgId: MMSG-17999]
    2023-06-17 17:12:54.645 : User is logged out of session	[MsgId: MMSG-17999]
  2023-06-17 17:14:50.955 : IterationNum=90	[MsgId: MMSG-17999]
   USER 90 = user76:pwd76	[MsgId: MMSG-17999]
    2023-06-17 17:14:51.048 : Start page is opened	[MsgId: MMSG-17999]
    2023-06-17 17:14:57.242 : User is logged in with session 136654.847306602HAcQViDpHAiDDDDDtcVHfpVAccf	[MsgId: MMSG-17999]
    2023-06-17 17:15:02.971 : User is logged out of session	[MsgId: MMSG-17999]
  2023-06-17 17:16:56.962 : IterationNum=91	[MsgId: MMSG-17999]
   USER 91 = user76:pwd76	[MsgId: MMSG-17999]
    2023-06-17 17:16:57.056 : Start page is opened	[MsgId: MMSG-17999]
    2023-06-17 17:17:02.274 : User is logged in with session 136654.857594168HAcQVitpcDHftcVHfpVAftcf	[MsgId: MMSG-17999]
    2023-06-17 17:17:07.755 : User is logged out of session	[MsgId: MMSG-17999]
  2023-06-17 17:19:02.976 : IterationNum=92	[MsgId: MMSG-17999]
   USER 92 = user76:pwd76	[MsgId: MMSG-17999]
    2023-06-17 17:19:03.070 : Start page is opened	[MsgId: MMSG-17999]
    2023-06-17 17:19:08.529 : User is logged in with session 136654.867800729HAcQVitpHzcftcVHfpVAifHf	[MsgId: MMSG-17999]
    2023-06-17 17:19:13.625 : User is logged out of session	[MsgId: MMSG-17999]
  2023-06-17 17:21:08.990 : IterationNum=93	[MsgId: MMSG-17999]
   USER 93 = user76:pwd76	[MsgId: MMSG-17999]
    2023-06-17 17:21:09.084 : Start page is opened	[MsgId: MMSG-17999]
    2023-06-17 17:21:13.067 : User is logged in with session 136654.87800729HAcQVifpciHftcVHfpVVVHcf	[MsgId: MMSG-17999]
    2023-06-17 17:21:17.996 : User is logged out of session	[MsgId: MMSG-17999]
  2023-06-17 17:23:14.997 : IterationNum=94	[MsgId: MMSG-17999]
   USER 94 = user76:pwd76	[MsgId: MMSG-17999]
    2023-06-17 17:23:15.091 : Start page is opened	[MsgId: MMSG-17999]
    2023-06-17 17:23:20.757 : User is logged in with session 136654.888213852HAcQVifpiVcftcVHfpVVtiHf	[MsgId: MMSG-17999]
    2023-06-17 17:23:24.668 : User is logged out of session	[MsgId: MMSG-17999]
  2023-06-17 17:25:21.010 : IterationNum=95	[MsgId: MMSG-17999]
   USER 95 = user76:pwd76	[MsgId: MMSG-17999]
    2023-06-17 17:25:21.104 : Start page is opened	[MsgId: MMSG-17999]
    2023-06-17 17:25:25.089 : User is logged in with session 136654.898420413HAcQVizpDDHftcVHfpVViAcf	[MsgId: MMSG-17999]
    2023-06-17 17:25:29.109 : User is logged out of session	[MsgId: MMSG-17999]
  2023-06-17 17:27:27.024 : IterationNum=96	[MsgId: MMSG-17999]
   USER 96 = user76:pwd76	[MsgId: MMSG-17999]
    2023-06-17 17:27:27.117 : Start page is opened	[MsgId: MMSG-17999]
    2023-06-17 17:27:31.642 : User is logged in with session 136654.908626974HAcQVizpizcftcVHfpVcVVHf	[MsgId: MMSG-17999]
    2023-06-17 17:27:36.547 : User is logged out of session	[MsgId: MMSG-17999]
  2023-06-17 17:29:33.039 : IterationNum=97	[MsgId: MMSG-17999]
   USER 97 = user76:pwd76	[MsgId: MMSG-17999]
    2023-06-17 17:29:33.132 : Start page is opened	[MsgId: MMSG-17999]
    2023-06-17 17:29:38.297 : User is logged in with session 136654.918833536HAcQViHpDiHftcVHfpVctDcf	[MsgId: MMSG-17999]
    2023-06-17 17:29:44.294 : User is logged out of session	[MsgId: MMSG-17999]
  2023-06-17 17:31:39.045 : IterationNum=98	[MsgId: MMSG-17999]
   USER 98 = user76:pwd76	[MsgId: MMSG-17999]
    2023-06-17 17:31:39.139 : Start page is opened	[MsgId: MMSG-17999]
    2023-06-17 17:31:44.254 : User is logged in with session 136654.929040097HAcQViHpQVcftcVHfpVcHtHf	[MsgId: MMSG-17999]
    2023-06-17 17:31:50.507 : User is logged out of session	[MsgId: MMSG-17999]
  2023-06-17 17:33:45.059 : IterationNum=99	[MsgId: MMSG-17999]
   USER 99 = user76:pwd76	[MsgId: MMSG-17999]
    2023-06-17 17:33:45.154 : Start page is opened	[MsgId: MMSG-17999]
    2023-06-17 17:33:49.531 : User is logged in with session 136654.939246659HAcQViiptDHftcVHfpVDAzcf	[MsgId: MMSG-17999]
    2023-06-17 17:33:55.752 : User is logged out of session	[MsgId: MMSG-17999]
  2023-06-17 17:35:51.061 : IterationNum=100	[MsgId: MMSG-17999]
   USER 100 = user76:pwd76	[MsgId: MMSG-17999]
    2023-06-17 17:35:51.154 : Start page is opened	[MsgId: MMSG-17999]
    2023-06-17 17:35:56.765 : User is logged in with session 136654.94945322HAcQViipQzcftcVHfpVDDHHf	[MsgId: MMSG-17999]
    2023-06-17 17:36:02.890 : User is logged out of session	[MsgId: MMSG-17999]
  2023-06-17 17:37:57.068 : IterationNum=101	[MsgId: MMSG-17999]
   USER 101 = user76:pwd76	[MsgId: MMSG-17999]
    2023-06-17 17:37:57.163 : Start page is opened	[MsgId: MMSG-17999]
    2023-06-17 17:38:02.719 : User is logged in with session 136654.959659781HAcQViQptiHftcVHfpVDzQcf	[MsgId: MMSG-17999]
    2023-06-17 17:38:06.841 : User is logged out of session	[MsgId: MMSG-17999]
  2023-06-17 17:40:03.077 : IterationNum=102	[MsgId: MMSG-17999]
   USER 102 = user76:pwd76	[MsgId: MMSG-17999]
    2023-06-17 17:40:03.171 : Start page is opened	[MsgId: MMSG-17999]
    2023-06-17 17:40:07.545 : User is logged in with session 136654.969866343HAcQVQApAVcftcVHfpVtAAHf	[MsgId: MMSG-17999]
    2023-06-17 17:40:13.390 : User is logged out of session	[MsgId: MMSG-17999]
  2023-06-17 17:42:09.090 : IterationNum=103	[MsgId: MMSG-17999]
   USER 103 = user76:pwd76	[MsgId: MMSG-17999]
    2023-06-17 17:42:09.185 : Start page is opened	[MsgId: MMSG-17999]
    2023-06-17 17:42:15.484 : User is logged in with session 136654.980072904HAcQVQApfDHftcVHfpVtDccf	[MsgId: MMSG-17999]
    2023-06-17 17:42:20.259 : User is logged out of session	[MsgId: MMSG-17999]
  2023-06-17 17:44:15.105 : IterationNum=104	[MsgId: MMSG-17999]
   USER 104 = user76:pwd76	[MsgId: MMSG-17999]
    2023-06-17 17:44:15.199 : Start page is opened	[MsgId: MMSG-17999]
    2023-06-17 17:44:19.861 : User is logged in with session 136654.990279465HAcQVQVpAzcftcVHfpVtzDHf	[MsgId: MMSG-17999]
    2023-06-17 17:44:24.722 : User is logged out of session	[MsgId: MMSG-17999]
  2023-06-17 17:46:21.113 : IterationNum=105	[MsgId: MMSG-17999]
   USER 105 = user76:pwd76	[MsgId: MMSG-17999]
    2023-06-17 17:46:21.208 : Start page is opened	[MsgId: MMSG-17999]
    2023-06-17 17:46:25.447 : User is logged in with session 136655.000486027HAcQVQVpfiHftcVHfpVtQfcf	[MsgId: MMSG-17999]
    2023-06-17 17:46:30.173 : User is logged out of session	[MsgId: MMSG-17999]
  2023-06-17 17:48:27.124 : IterationNum=106	[MsgId: MMSG-17999]
   USER 106 = user76:pwd76	[MsgId: MMSG-17999]
    2023-06-17 17:48:27.219 : Start page is opened	[MsgId: MMSG-17999]
    2023-06-17 17:48:33.324 : User is logged in with session 136655.010692588HAcQVQcpVVcftcVHfpVfczHf	[MsgId: MMSG-17999]
    2023-06-17 17:48:39.539 : User is logged out of session	[MsgId: MMSG-17999]
  2023-06-17 17:50:33.129 : IterationNum=107	[MsgId: MMSG-17999]
   USER 107 = user76:pwd76	[MsgId: MMSG-17999]
    2023-06-17 17:50:33.224 : Start page is opened	[MsgId: MMSG-17999]
    2023-06-17 17:50:37.793 : User is logged in with session 136655.020899149HAcQVQcpzDHftcVHfpVfficf	[MsgId: MMSG-17999]
    2023-06-17 17:50:42.449 : User is logged out of session	[MsgId: MMSG-17999]
  2023-06-17 17:52:39.143 : IterationNum=108	[MsgId: MMSG-17999]
   USER 108 = user76:pwd76	[MsgId: MMSG-17999]
    2023-06-17 17:52:39.237 : Start page is opened	[MsgId: MMSG-17999]
    2023-06-17 17:52:43.147 : User is logged in with session 136655.031105711HAcQVQDpVzcftcVHfpVfiQHf	[MsgId: MMSG-17999]
    2023-06-17 17:52:49.035 : User is logged out of session	[MsgId: MMSG-17999]
  2023-06-17 17:54:45.144 : IterationNum=109	[MsgId: MMSG-17999]
   USER 109 = user76:pwd76	[MsgId: MMSG-17999]
    2023-06-17 17:54:45.239 : Start page is opened	[MsgId: MMSG-17999]
    2023-06-17 17:54:49.592 : User is logged in with session 136655.041312272HAcQVQDpziHftcVHfpVzcVcf	[MsgId: MMSG-17999]
    2023-06-17 17:54:54.286 : User is logged out of session	[MsgId: MMSG-17999]
  2023-06-17 17:56:51.147 : IterationNum=110	[MsgId: MMSG-17999]
   USER 110 = user76:pwd76	[MsgId: MMSG-17999]
    2023-06-17 17:56:51.241 : Start page is opened	[MsgId: MMSG-17999]
    2023-06-17 17:56:57.500 : User is logged in with session 136655.051518834HAcQVQtpcVcftcVHfpVzfcHf	[MsgId: MMSG-17999]
    2023-06-17 17:57:02.106 : User is logged out of session	[MsgId: MMSG-17999]
  2023-06-17 17:58:57.159 : IterationNum=111	[MsgId: MMSG-17999]
   USER 111 = user76:pwd76	[MsgId: MMSG-17999]
    2023-06-17 17:58:57.253 : Start page is opened	[MsgId: MMSG-17999]
    2023-06-17 17:59:03.093 : User is logged in with session 136655.061725395HAcQVQtpHDHftcVHfpVzitcf	[MsgId: MMSG-17999]
    2023-06-17 17:59:07.097 : User is logged out of session	[MsgId: MMSG-17999]
  2023-06-17 18:01:03.166 : IterationNum=112	[MsgId: MMSG-17999]
   USER 112 = user76:pwd76	[MsgId: MMSG-17999]
    2023-06-17 18:01:03.260 : Start page is opened	[MsgId: MMSG-17999]
    2023-06-17 18:01:08.486 : User is logged in with session 136655.071931956HAcQVQfpczcftcVHfpVHVfHf	[MsgId: MMSG-17999]
    2023-06-17 18:01:12.620 : User is logged out of session	[MsgId: MMSG-17999]
  2023-06-17 18:03:09.176 : IterationNum=113	[MsgId: MMSG-17999]
   USER 113 = user76:pwd76	[MsgId: MMSG-17999]
    2023-06-17 18:03:09.271 : Start page is opened	[MsgId: MMSG-17999]
    2023-06-17 18:03:14.558 : User is logged in with session 136655.082138518HAcQVQfpHiHftcVHfpVHtHcf	[MsgId: MMSG-17999]
    2023-06-17 18:03:19.917 : User is logged out of session	[MsgId: MMSG-17999]
  2023-06-17 18:05:15.187 : IterationNum=114	[MsgId: MMSG-17999]
   USER 114 = user76:pwd76	[MsgId: MMSG-17999]
    2023-06-17 18:05:15.281 : Start page is opened	[MsgId: MMSG-17999]
    2023-06-17 18:05:21.378 : User is logged in with session 136655.092345079HAcQVQzpDVcftcVHfpVHHiHf	[MsgId: MMSG-17999]
    2023-06-17 18:05:26.405 : User is logged out of session	[MsgId: MMSG-17999]
  2023-06-17 18:07:21.199 : IterationNum=115	[MsgId: MMSG-17999]
   USER 115 = user76:pwd76	[MsgId: MMSG-17999]
    2023-06-17 18:07:21.294 : Start page is opened	[MsgId: MMSG-17999]
    2023-06-17 18:07:26.559 : User is logged in with session 136655.10255164HAcQVQzpiDHftcVHfpViVAcf	[MsgId: MMSG-17999]
    2023-06-17 18:07:32.881 : User is logged out of session	[MsgId: MMSG-17999]
  2023-06-17 18:09:27.204 : IterationNum=116	[MsgId: MMSG-17999]
   USER 116 = user76:pwd76	[MsgId: MMSG-17999]
    2023-06-17 18:09:27.299 : Start page is opened	[MsgId: MMSG-17999]
    2023-06-17 18:09:32.171 : User is logged in with session 136655.112758202HAcQVQHpDzcftcVHfpVitVHf	[MsgId: MMSG-17999]
    2023-06-17 18:09:37.098 : User is logged out of session	[MsgId: MMSG-17999]
  2023-06-17 18:11:33.211 : IterationNum=117	[MsgId: MMSG-17999]
   USER 117 = user76:pwd76	[MsgId: MMSG-17999]
    2023-06-17 18:11:33.305 : Start page is opened	[MsgId: MMSG-17999]
    2023-06-17 18:11:38.981 : User is logged in with session 136655.122964763HAcQVQHpiiHftcVHfpViHDcf	[MsgId: MMSG-17999]
    2023-06-17 18:11:43.587 : User is logged out of session	[MsgId: MMSG-17999]
  2023-06-17 18:13:39.213 : IterationNum=118	[MsgId: MMSG-17999]
   USER 118 = user76:pwd76	[MsgId: MMSG-17999]
    2023-06-17 18:13:39.308 : Start page is opened	[MsgId: MMSG-17999]
    2023-06-17 18:13:44.083 : User is logged in with session 136655.133171324HAcQVQiptVcftcVHfpVQAtHf	[MsgId: MMSG-17999]
    2023-06-17 18:13:48.748 : User is logged out of session	[MsgId: MMSG-17999]
  2023-06-17 18:15:45.218 : IterationNum=119	[MsgId: MMSG-17999]
   USER 119 = user76:pwd76	[MsgId: MMSG-17999]
    2023-06-17 18:15:45.311 : Start page is opened	[MsgId: MMSG-17999]
    2023-06-17 18:15:50.468 : User is logged in with session 136655.143377886HAcQVQipQDHftcVHfpVQDzcf	[MsgId: MMSG-17999]
    2023-06-17 18:15:54.946 : User is logged out of session	[MsgId: MMSG-17999]
  2023-06-17 18:17:51.231 : IterationNum=120	[MsgId: MMSG-17999]
   USER 120 = user76:pwd76	[MsgId: MMSG-17999]
    2023-06-17 18:17:51.326 : Start page is opened	[MsgId: MMSG-17999]
    2023-06-17 18:17:55.949 : User is logged in with session 136655.153584447HAcQVQQptzcftcVHfpVQzHHf	[MsgId: MMSG-17999]
    2023-06-17 18:18:02.032 : User is logged out of session	[MsgId: MMSG-17999]
  2023-06-17 18:19:57.239 : IterationNum=121	[MsgId: MMSG-17999]
   USER 121 = user76:pwd76	[MsgId: MMSG-17999]
    2023-06-17 18:19:57.333 : Start page is opened	[MsgId: MMSG-17999]
    2023-06-17 18:20:02.355 : User is logged in with session 136655.163791009HAcQVQQpQiHftcVHfpVQQQcf	[MsgId: MMSG-17999]
    2023-06-17 18:20:07.071 : User is logged out of session	[MsgId: MMSG-17999]
  2023-06-17 18:22:03.245 : IterationNum=122	[MsgId: MMSG-17999]
   USER 122 = user76:pwd76	[MsgId: MMSG-17999]
    2023-06-17 18:22:03.339 : Start page is opened	[MsgId: MMSG-17999]
    2023-06-17 18:22:09.248 : User is logged in with session 136655.17399757HAcQcAApfVcftcVHfpcADAHf	[MsgId: MMSG-17999]
    2023-06-17 18:22:14.374 : User is logged out of session	[MsgId: MMSG-17999]
  2023-06-17 18:24:09.246 : IterationNum=123	[MsgId: MMSG-17999]
   USER 123 = user76:pwd76	[MsgId: MMSG-17999]
    2023-06-17 18:24:09.340 : Start page is opened	[MsgId: MMSG-17999]
    2023-06-17 18:24:13.226 : User is logged in with session 136655.184204131HAcQcAVpADHftcVHfpcAzccf	[MsgId: MMSG-17999]
    2023-06-17 18:24:19.542 : User is logged out of session	[MsgId: MMSG-17999]
  2023-06-17 18:26:15.250 : IterationNum=124	[MsgId: MMSG-17999]
   USER 124 = user76:pwd76	[MsgId: MMSG-17999]
    2023-06-17 18:26:15.344 : Start page is opened	[MsgId: MMSG-17999]
    2023-06-17 18:26:21.459 : User is logged in with session 136655.194410693HAcQcAVpfzcftcVHfpcAQDHf	[MsgId: MMSG-17999]
    2023-06-17 18:26:26.464 : User is logged out of session	[MsgId: MMSG-17999]
  2023-06-17 18:28:21.259 : IterationNum=125	[MsgId: MMSG-17999]
   USER 125 = user76:pwd76	[MsgId: MMSG-17999]
    2023-06-17 18:28:21.354 : Start page is opened	[MsgId: MMSG-17999]
    2023-06-17 18:28:27.723 : User is logged in with session 136655.204617254HAcQcAcpAiHftcVHfpcVcfcf	[MsgId: MMSG-17999]
    2023-06-17 18:28:32.740 : User is logged out of session	[MsgId: MMSG-17999]
  2023-06-17 18:30:27.263 : IterationNum=126	[MsgId: MMSG-17999]
   USER 126 = user76:pwd76	[MsgId: MMSG-17999]
    2023-06-17 18:30:27.357 : Start page is opened	[MsgId: MMSG-17999]
    2023-06-17 18:30:32.068 : User is logged in with session 136655.214823815HAcQcAcpzVcftcVHfpcVfzHf	[MsgId: MMSG-17999]
    2023-06-17 18:30:38.376 : User is logged out of session	[MsgId: MMSG-17999]
  2023-06-17 18:32:33.270 : IterationNum=127	[MsgId: MMSG-17999]
   USER 127 = user76:pwd76	[MsgId: MMSG-17999]
    2023-06-17 18:32:33.365 : Start page is opened	[MsgId: MMSG-17999]
    2023-06-17 18:32:38.764 : User is logged in with session 136655.225030377HAcQcADpVDHftcVHfpcViicf	[MsgId: MMSG-17999]
    2023-06-17 18:32:44.319 : User is logged out of session	[MsgId: MMSG-17999]
  2023-06-17 18:34:39.278 : IterationNum=128	[MsgId: MMSG-17999]
   USER 128 = user76:pwd76	[MsgId: MMSG-17999]
    2023-06-17 18:34:39.372 : Start page is opened	[MsgId: MMSG-17999]
    2023-06-17 18:34:43.759 : User is logged in with session 136655.235236938HAcQcADpzzcftcVHfpccVQHf	[MsgId: MMSG-17999]
    2023-06-17 18:34:48.186 : User is logged out of session	[MsgId: MMSG-17999]
  2023-06-17 18:36:45.290 : IterationNum=129	[MsgId: MMSG-17999]
   USER 129 = user76:pwd76	[MsgId: MMSG-17999]
    2023-06-17 18:36:45.384 : Start page is opened	[MsgId: MMSG-17999]
    2023-06-17 18:36:49.501 : User is logged in with session 136655.245443499HAcQcAtpViHftcVHfpccfVcf	[MsgId: MMSG-17999]
    2023-06-17 18:36:54.923 : User is logged out of session	[MsgId: MMSG-17999]
  2023-06-17 18:38:51.304 : IterationNum=130	[MsgId: MMSG-17999]
   USER 130 = user76:pwd76	[MsgId: MMSG-17999]
    2023-06-17 18:38:51.398 : Start page is opened	[MsgId: MMSG-17999]
    2023-06-17 18:38:56.014 : User is logged in with session 136655.255650061HAcQcAtpHVcftcVHfpccicHf	[MsgId: MMSG-17999]
    2023-06-17 18:39:00.388 : User is logged out of session	[MsgId: MMSG-17999]
  2023-06-17 18:40:57.315 : IterationNum=131	[MsgId: MMSG-17999]
   USER 131 = user76:pwd76	[MsgId: MMSG-17999]
    2023-06-17 18:40:57.409 : Start page is opened	[MsgId: MMSG-17999]
    2023-06-17 18:41:02.187 : User is logged in with session 136655.265856622HAcQcAfpcDHftcVHfpcDVtcf	[MsgId: MMSG-17999]
    2023-06-17 18:41:07.484 : User is logged out of session	[MsgId: MMSG-17999]
  2023-06-17 18:43:03.314 : IterationNum=132	[MsgId: MMSG-17999]
   USER 132 = user76:pwd76	[MsgId: MMSG-17999]
    2023-06-17 18:43:03.409 : Start page is opened	[MsgId: MMSG-17999]
    2023-06-17 18:43:08.472 : User is logged in with session 136655.276063183HAcQcAfpHzcftcVHfpcDtfHf	[MsgId: MMSG-17999]
    2023-06-17 18:43:13.294 : User is logged out of session	[MsgId: MMSG-17999]
  2023-06-17 18:45:09.324 : IterationNum=133	[MsgId: MMSG-17999]
   USER 133 = user76:pwd76	[MsgId: MMSG-17999]
    2023-06-17 18:45:09.418 : Start page is opened	[MsgId: MMSG-17999]
    2023-06-17 18:45:14.928 : User is logged in with session 136655.286269745HAcQcAzpciHftcVHfpcDHHcf	[MsgId: MMSG-17999]
    2023-06-17 18:45:19.407 : User is logged out of session	[MsgId: MMSG-17999]
  2023-06-17 18:47:15.325 : IterationNum=134	[MsgId: MMSG-17999]
   USER 134 = user76:pwd76	[MsgId: MMSG-17999]
    2023-06-17 18:47:15.419 : Start page is opened	[MsgId: MMSG-17999]
    2023-06-17 18:47:20.279 : User is logged in with session 136655.296476306HAcQcAzpiVcftcVHfpctAiHf	[MsgId: MMSG-17999]
    2023-06-17 18:47:25.579 : User is logged out of session	[MsgId: MMSG-17999]
  2023-06-17 18:49:21.339 : IterationNum=135	[MsgId: MMSG-17999]
   USER 135 = user76:pwd76	[MsgId: MMSG-17999]
    2023-06-17 18:49:21.433 : Start page is opened	[MsgId: MMSG-17999]
    2023-06-17 18:49:26.370 : User is logged in with session 136655.306682868HAcQcAHpDDHftcVHfpcttAcf	[MsgId: MMSG-17999]
    2023-06-17 18:49:32.687 : User is logged out of session	[MsgId: MMSG-17999]
  2023-06-17 18:51:27.347 : IterationNum=136	[MsgId: MMSG-17999]
   USER 136 = user76:pwd76	[MsgId: MMSG-17999]
    2023-06-17 18:51:27.441 : Start page is opened	[MsgId: MMSG-17999]
    2023-06-17 18:51:31.622 : User is logged in with session 136655.316889429HAcQcAHpizcftcVHfpctHVHf	[MsgId: MMSG-17999]
    2023-06-17 18:51:36.218 : User is logged out of session	[MsgId: MMSG-17999]
  2023-06-17 18:53:33.352 : IterationNum=137	[MsgId: MMSG-17999]
   USER 137 = user76:pwd76	[MsgId: MMSG-17999]
    2023-06-17 18:53:33.447 : Start page is opened	[MsgId: MMSG-17999]
    2023-06-17 18:53:39.097 : User is logged in with session 136655.32709599HAcQcAipDiHftcVHfpcfADcf	[MsgId: MMSG-17999]
    2023-06-17 18:53:45.099 : User is logged out of session	[MsgId: MMSG-17999]
  2023-06-17 18:55:39.367 : IterationNum=138	[MsgId: MMSG-17999]
   USER 138 = user76:pwd76	[MsgId: MMSG-17999]
    2023-06-17 18:55:39.462 : Start page is opened	[MsgId: MMSG-17999]
    2023-06-17 18:55:43.524 : User is logged in with session 136655.337302552HAcQcAipQVcftcVHfpcfDtHf	[MsgId: MMSG-17999]
    2023-06-17 18:55:47.888 : User is logged out of session	[MsgId: MMSG-17999]
  2023-06-17 18:57:45.373 : IterationNum=139	[MsgId: MMSG-17999]
   USER 139 = user76:pwd76	[MsgId: MMSG-17999]
    2023-06-17 18:57:45.467 : Start page is opened	[MsgId: MMSG-17999]
    2023-06-17 18:57:51.661 : User is logged in with session 136655.347509113HAcQcAQptDHftcVHfpcfzzcf	[MsgId: MMSG-17999]
    2023-06-17 18:57:57.933 : User is logged out of session	[MsgId: MMSG-17999]
  2023-06-17 18:59:51.387 : IterationNum=140	[MsgId: MMSG-17999]
   USER 140 = user76:pwd76	[MsgId: MMSG-17999]
    2023-06-17 18:59:51.482 : Start page is opened	[MsgId: MMSG-17999]
    2023-06-17 18:59:56.156 : User is logged in with session 136655.357715674HAcQcAQpQzcftcVHfpcfQHHf	[MsgId: MMSG-17999]
    2023-06-17 19:00:00.575 : User is logged out of session	[MsgId: MMSG-17999]
  2023-06-17 19:01:57.391 : IterationNum=141	[MsgId: MMSG-17999]
   USER 141 = user76:pwd76	[MsgId: MMSG-17999]
    2023-06-17 19:01:57.484 : Start page is opened	[MsgId: MMSG-17999]
    2023-06-17 19:02:02.564 : User is logged in with session 136655.367922236HAcQcVAptiHftcVHfpczcQcf	[MsgId: MMSG-17999]
    2023-06-17 19:02:06.560 : User is logged out of session	[MsgId: MMSG-17999]
  2023-06-17 19:04:03.394 : IterationNum=142	[MsgId: MMSG-17999]
   USER 142 = user76:pwd76	[MsgId: MMSG-17999]
    2023-06-17 19:04:03.488 : Start page is opened	[MsgId: MMSG-17999]
    2023-06-17 19:04:08.603 : User is logged in with session 136655.378128797HAcQcVVpAVcftcVHfpczzAHf	[MsgId: MMSG-17999]
    2023-06-17 19:04:13.642 : User is logged out of session	[MsgId: MMSG-17999]
  2023-06-17 19:06:09.400 : IterationNum=143	[MsgId: MMSG-17999]
   USER 143 = user76:pwd76	[MsgId: MMSG-17999]
    2023-06-17 19:06:09.494 : Start page is opened	[MsgId: MMSG-17999]
    2023-06-17 19:06:14.123 : User is logged in with session 136655.388335358HAcQcVVpfDHftcVHfpczQccf	[MsgId: MMSG-17999]
    2023-06-17 19:06:19.829 : User is logged out of session	[MsgId: MMSG-17999]
  2023-06-17 19:08:15.405 : IterationNum=144	[MsgId: MMSG-17999]
   USER 144 = user76:pwd76	[MsgId: MMSG-17999]
    2023-06-17 19:08:15.499 : Start page is opened	[MsgId: MMSG-17999]
    2023-06-17 19:08:20.669 : User is logged in with session 136655.39854192HAcQcVcpAzcftcVHfpcHcDHf	[MsgId: MMSG-17999]
    2023-06-17 19:08:25.485 : User is logged out of session	[MsgId: MMSG-17999]
  2023-06-17 19:10:21.416 : IterationNum=145	[MsgId: MMSG-17999]
   USER 145 = user76:pwd76	[MsgId: MMSG-17999]
    2023-06-17 19:10:21.512 : Start page is opened	[MsgId: MMSG-17999]
    2023-06-17 19:10:26.771 : User is logged in with session 136655.408748481HAcQcVcpfiHftcVHfpcHffcf	[MsgId: MMSG-17999]
    2023-06-17 19:10:33.122 : User is logged out of session	[MsgId: MMSG-17999]
  2023-06-17 19:12:27.418 : IterationNum=146	[MsgId: MMSG-17999]
   USER 146 = user76:pwd76	[MsgId: MMSG-17999]
    2023-06-17 19:12:27.513 : Start page is opened	[MsgId: MMSG-17999]
    2023-06-17 19:12:32.922 : User is logged in with session 136655.418955043HAcQcVDpVVcftcVHfpcHizHf	[MsgId: MMSG-17999]
    2023-06-17 19:12:38.418 : User is logged out of session	[MsgId: MMSG-17999]
  2023-06-17 19:14:33.419 : IterationNum=147	[MsgId: MMSG-17999]
   USER 147 = user76:pwd76	[MsgId: MMSG-17999]
    2023-06-17 19:14:33.512 : Start page is opened	[MsgId: MMSG-17999]
    2023-06-17 19:14:39.389 : User is logged in with session 136655.429161604HAcQcVDpzDHftcVHfpciVicf	[MsgId: MMSG-17999]
    2023-06-17 19:14:43.535 : User is logged out of session	[MsgId: MMSG-17999]
  2023-06-17 19:16:39.434 : IterationNum=148	[MsgId: MMSG-17999]
   USER 148 = user76:pwd76	[MsgId: MMSG-17999]
    2023-06-17 19:16:39.528 : Start page is opened	[MsgId: MMSG-17999]
    2023-06-17 19:16:45.310 : User is logged in with session 136655.439368165HAcQcVtpVzcftcVHfpcitQHf	[MsgId: MMSG-17999]
    2023-06-17 19:16:50.376 : User is logged out of session	[MsgId: MMSG-17999]
  2023-06-17 19:18:45.449 : IterationNum=149	[MsgId: MMSG-17999]
   USER 149 = user76:pwd76	[MsgId: MMSG-17999]
    2023-06-17 19:18:45.543 : Start page is opened	[MsgId: MMSG-17999]
    2023-06-17 19:18:49.684 : User is logged in with session 136655.449574727HAcQcVtpziHftcVHfpciiVcf	[MsgId: MMSG-17999]
    2023-06-17 19:18:55.872 : User is logged out of session	[MsgId: MMSG-17999]
  2023-06-17 19:20:51.452 : IterationNum=150	[MsgId: MMSG-17999]
   USER 150 = user76:pwd76	[MsgId: MMSG-17999]
    2023-06-17 19:20:51.547 : Start page is opened	[MsgId: MMSG-17999]
    2023-06-17 19:20:56.601 : User is logged in with session 136655.459781288HAcQcVfpcVcftcVHfpcQVcHf	[MsgId: MMSG-17999]
    2023-06-17 19:21:01.846 : User is logged out of session	[MsgId: MMSG-17999]
  2023-06-17 19:22:57.464 : IterationNum=151	[MsgId: MMSG-17999]
   USER 151 = user76:pwd76	[MsgId: MMSG-17999]
    2023-06-17 19:22:57.560 : Start page is opened	[MsgId: MMSG-17999]
    2023-06-17 19:23:03.054 : User is logged in with session 136655.469987849HAcQcVfpHDHftcVHfpcQttcf	[MsgId: MMSG-17999]
    2023-06-17 19:23:08.416 : User is logged out of session	[MsgId: MMSG-17999]
  2023-06-17 19:25:03.474 : IterationNum=152	[MsgId: MMSG-17999]
   USER 152 = user76:pwd76	[MsgId: MMSG-17999]
    2023-06-17 19:25:03.569 : Start page is opened	[MsgId: MMSG-17999]
    2023-06-17 19:25:09.106 : User is logged in with session 136655.480194411HAcQcVzpczcftcVHfpcQHfHf	[MsgId: MMSG-17999]
    2023-06-17 19:25:13.573 : User is logged out of session	[MsgId: MMSG-17999]
  2023-06-17 19:27:09.475 : IterationNum=153	[MsgId: MMSG-17999]
   USER 153 = user76:pwd76	[MsgId: MMSG-17999]
    2023-06-17 19:27:09.568 : Start page is opened	[MsgId: MMSG-17999]
    2023-06-17 19:27:15.400 : User is logged in with session 136655.490400972HAcQcVzpHiHftcVHfpDAAHcf	[MsgId: MMSG-17999]
    2023-06-17 19:27:20.667 : User is logged out of session	[MsgId: MMSG-17999]
  2023-06-17 19:29:15.487 : IterationNum=154	[MsgId: MMSG-17999]
   USER 154 = user76:pwd76	[MsgId: MMSG-17999]
    2023-06-17 19:29:15.581 : Start page is opened	[MsgId: MMSG-17999]
    2023-06-17 19:29:20.171 : User is logged in with session 136655.500607533HAcQcVHpDVcftcVHfpDADiHf	[MsgId: MMSG-17999]
    2023-06-17 19:29:24.266 : User is logged out of session	[MsgId: MMSG-17999]
  2023-06-17 19:31:21.496 : IterationNum=155	[MsgId: MMSG-17999]
   USER 155 = user76:pwd76	[MsgId: MMSG-17999]
    2023-06-17 19:31:21.590 : Start page is opened	[MsgId: MMSG-17999]
    2023-06-17 19:31:25.632 : User is logged in with session 136655.510814095HAcQcVHpiDHftcVHfpDAHAcf	[MsgId: MMSG-17999]
    2023-06-17 19:31:30.287 : User is logged out of session	[MsgId: MMSG-17999]
  2023-06-17 19:33:27.500 : IterationNum=156	[MsgId: MMSG-17999]
   USER 156 = user76:pwd76	[MsgId: MMSG-17999]
    2023-06-17 19:33:27.595 : Start page is opened	[MsgId: MMSG-17999]
    2023-06-17 19:33:33.305 : User is logged in with session 136655.521020656HAcQcVipDzcftcVHfpDVAVHf	[MsgId: MMSG-17999]
    2023-06-17 19:33:38.833 : User is logged out of session	[MsgId: MMSG-17999]
  2023-06-17 19:35:33.506 : IterationNum=157	[MsgId: MMSG-17999]
   USER 157 = user76:pwd76	[MsgId: MMSG-17999]
    2023-06-17 19:35:33.600 : Start page is opened	[MsgId: MMSG-17999]
    2023-06-17 19:35:37.787 : User is logged in with session 136655.531227217HAcQcVipiiHftcVHfpDVDDcf	[MsgId: MMSG-17999]
    2023-06-17 19:35:43.325 : User is logged out of session	[MsgId: MMSG-17999]
  2023-06-17 19:37:39.508 : IterationNum=158	[MsgId: MMSG-17999]
   USER 158 = user76:pwd76	[MsgId: MMSG-17999]
    2023-06-17 19:37:39.600 : Start page is opened	[MsgId: MMSG-17999]
    2023-06-17 19:37:45.109 : User is logged in with session 136655.541433779HAcQcVQptVcftcVHfpDVztHf	[MsgId: MMSG-17999]
    2023-06-17 19:37:49.697 : User is logged out of session	[MsgId: MMSG-17999]
  2023-06-17 19:39:45.508 : IterationNum=159	[MsgId: MMSG-17999]
   USER 159 = user76:pwd76	[MsgId: MMSG-17999]
    2023-06-17 19:39:45.603 : Start page is opened	[MsgId: MMSG-17999]
    2023-06-17 19:39:50.631 : User is logged in with session 136655.55164034HAcQcVQpQDHftcVHfpDVQzcf	[MsgId: MMSG-17999]
    2023-06-17 19:39:54.947 : User is logged out of session	[MsgId: MMSG-17999]
  2023-06-17 19:41:51.516 : IterationNum=160	[MsgId: MMSG-17999]
   USER 160 = user76:pwd76	[MsgId: MMSG-17999]
    2023-06-17 19:41:51.612 : Start page is opened	[MsgId: MMSG-17999]
    2023-06-17 19:41:56.036 : User is logged in with session 136655.561846902HAcQccAptzcftcVHfpDccHHf	[MsgId: MMSG-17999]
    2023-06-17 19:41:59.919 : User is logged out of session	[MsgId: MMSG-17999]
  2023-06-17 19:43:57.522 : IterationNum=161	[MsgId: MMSG-17999]
   USER 161 = user76:pwd76	[MsgId: MMSG-17999]
    2023-06-17 19:43:57.615 : Start page is opened	[MsgId: MMSG-17999]
    2023-06-17 19:44:02.521 : User is logged in with session 136655.572053463HAcQccApQiHftcVHfpDcfQcf	[MsgId: MMSG-17999]
    2023-06-17 19:44:07.155 : User is logged out of session	[MsgId: MMSG-17999]
  2023-06-17 19:46:03.523 : IterationNum=162	[MsgId: MMSG-17999]
   USER 162 = user76:pwd76	[MsgId: MMSG-17999]
    2023-06-17 19:46:03.617 : Start page is opened	[MsgId: MMSG-17999]
    2023-06-17 19:46:07.561 : User is logged in with session 136655.582260024HAcQccVpfVcftcVHfpDcQAHf	[MsgId: MMSG-17999]
    2023-06-17 19:46:12.673 : User is logged out of session	[MsgId: MMSG-17999]
  2023-06-17 19:48:09.526 : IterationNum=163	[MsgId: MMSG-17999]
   USER 163 = user76:pwd76	[MsgId: MMSG-17999]
    2023-06-17 19:48:09.622 : Start page is opened	[MsgId: MMSG-17999]
    2023-06-17 19:48:13.905 : User is logged in with session 136655.592466586HAcQcccpADHftcVHfpDDcccf	[MsgId: MMSG-17999]
    2023-06-17 19:48:18.142 : User is logged out of session	[MsgId: MMSG-17999]
  2023-06-17 19:50:15.527 : IterationNum=164	[MsgId: MMSG-17999]
   USER 164 = user76:pwd76	[MsgId: MMSG-17999]
    2023-06-17 19:50:15.621 : Start page is opened	[MsgId: MMSG-17999]
    2023-06-17 19:50:20.483 : User is logged in with session 136655.602673147HAcQcccpfzcftcVHfpDDfDHf	[MsgId: MMSG-17999]
    2023-06-17 19:50:25.666 : User is logged out of session	[MsgId: MMSG-17999]
  2023-06-17 19:52:21.530 : IterationNum=165	[MsgId: MMSG-17999]
   USER 165 = user76:pwd76	[MsgId: MMSG-17999]
    2023-06-17 19:52:21.624 : Start page is opened	[MsgId: MMSG-17999]
    2023-06-17 19:52:25.961 : User is logged in with session 136655.612879708HAcQccDpAiHftcVHfpDDifcf	[MsgId: MMSG-17999]
    2023-06-17 19:52:30.282 : User is logged out of session	[MsgId: MMSG-17999]
  2023-06-17 19:54:27.533 : IterationNum=166	[MsgId: MMSG-17999]
   USER 166 = user76:pwd76	[MsgId: MMSG-17999]
    2023-06-17 19:54:27.628 : Start page is opened	[MsgId: MMSG-17999]
    2023-06-17 19:54:33.350 : User is logged in with session 136655.62308627HAcQccDpzVcftcVHfpDtVzHf	[MsgId: MMSG-17999]
    2023-06-17 19:54:38.348 : User is logged out of session	[MsgId: MMSG-17999]
  2023-06-17 19:56:33.544 : IterationNum=167	[MsgId: MMSG-17999]
   USER 167 = user76:pwd76	[MsgId: MMSG-17999]
    2023-06-17 19:56:33.638 : Start page is opened	[MsgId: MMSG-17999]
    2023-06-17 19:56:38.297 : User is logged in with session 136655.633292831HAcQcctpVDHftcVHfpDtticf	[MsgId: MMSG-17999]
    2023-06-17 19:56:42.740 : User is logged out of session	[MsgId: MMSG-17999]
  2023-06-17 19:58:39.544 : IterationNum=168	[MsgId: MMSG-17999]
   USER 168 = user76:pwd76	[MsgId: MMSG-17999]
    2023-06-17 19:58:39.638 : Start page is opened	[MsgId: MMSG-17999]
    2023-06-17 19:58:45.703 : User is logged in with session 136655.643499392HAcQcctpzzcftcVHfpDtHQHf	[MsgId: MMSG-17999]
    2023-06-17 19:58:50.482 : User is logged out of session	[MsgId: MMSG-17999]
  2023-06-17 20:00:45.559 : IterationNum=169	[MsgId: MMSG-17999]
   USER 169 = user76:pwd76	[MsgId: MMSG-17999]
    2023-06-17 20:00:45.653 : Start page is opened	[MsgId: MMSG-17999]
    2023-06-17 20:00:50.632 : User is logged in with session 136655.653705954HAcQccfpViHftcVHfpDfVVcf	[MsgId: MMSG-17999]
    2023-06-17 20:00:56.848 : User is logged out of session	[MsgId: MMSG-17999]
  2023-06-17 20:02:51.562 : IterationNum=170	[MsgId: MMSG-17999]
   USER 170 = user76:pwd76	[MsgId: MMSG-17999]
    2023-06-17 20:02:51.658 : Start page is opened	[MsgId: MMSG-17999]
    2023-06-17 20:02:57.435 : User is logged in with session 136655.663912515HAcQccfpHVcftcVHfpDftcHf	[MsgId: MMSG-17999]
    2023-06-17 20:03:02.866 : User is logged out of session	[MsgId: MMSG-17999]
  2023-06-17 20:04:57.568 : IterationNum=171	[MsgId: MMSG-17999]
   USER 171 = user76:pwd76	[MsgId: MMSG-17999]
    2023-06-17 20:04:57.663 : Start page is opened	[MsgId: MMSG-17999]
    2023-06-17 20:05:03.911 : User is logged in with session 136655.674119077HAcQcczpcDHftcVHfpDfHtcf	[MsgId: MMSG-17999]
    2023-06-17 20:05:08.499 : User is logged out of session	[MsgId: MMSG-17999]
  2023-06-17 20:07:03.578 : IterationNum=172	[MsgId: MMSG-17999]
   USER 172 = user76:pwd76	[MsgId: MMSG-17999]
    2023-06-17 20:07:03.671 : Start page is opened	[MsgId: MMSG-17999]
    2023-06-17 20:07:09.359 : User is logged in with session 136655.684325638HAcQcczpHzcftcVHfpDzAfHf	[MsgId: MMSG-17999]
    2023-06-17 20:07:13.629 : User is logged out of session	[MsgId: MMSG-17999]
  2023-06-17 20:09:09.590 : IterationNum=173	[MsgId: MMSG-17999]
   USER 173 = user76:pwd76	[MsgId: MMSG-17999]
    2023-06-17 20:09:09.684 : Start page is opened	[MsgId: MMSG-17999]
    2023-06-17 20:09:14.090 : User is logged in with session 136655.694532199HAcQccHpciHftcVHfpDzDHcf	[MsgId: MMSG-17999]
    2023-06-17 20:09:19.410 : User is logged out of session	[MsgId: MMSG-17999]
  2023-06-17 20:11:15.606 : IterationNum=174	[MsgId: MMSG-17999]
   USER 174 = user76:pwd76	[MsgId: MMSG-17999]
    2023-06-17 20:11:15.701 : Start page is opened	[MsgId: MMSG-17999]
    2023-06-17 20:11:21.423 : User is logged in with session 136655.704738761HAcQccHpiVcftcVHfpDzziHf	[MsgId: MMSG-17999]
    2023-06-17 20:11:25.603 : User is logged out of session	[MsgId: MMSG-17999]
  2023-06-17 20:13:21.611 : IterationNum=175	[MsgId: MMSG-17999]
   USER 175 = user76:pwd76	[MsgId: MMSG-17999]
    2023-06-17 20:13:21.705 : Start page is opened	[MsgId: MMSG-17999]
    2023-06-17 20:13:26.652 : User is logged in with session 136655.714945322HAcQccipDDHftcVHfpDHAAcf	[MsgId: MMSG-17999]
    2023-06-17 20:13:32.295 : User is logged out of session	[MsgId: MMSG-17999]
  2023-06-17 20:15:27.625 : IterationNum=176	[MsgId: MMSG-17999]
   USER 176 = user76:pwd76	[MsgId: MMSG-17999]
    2023-06-17 20:15:27.719 : Start page is opened	[MsgId: MMSG-17999]
    2023-06-17 20:15:31.985 : User is logged in with session 136655.725151883HAcQccipizcftcVHfpDHDVHf	[MsgId: MMSG-17999]
    2023-06-17 20:15:38.165 : User is logged out of session	[MsgId: MMSG-17999]
  2023-06-17 20:17:33.639 : IterationNum=177	[MsgId: MMSG-17999]
   USER 177 = user76:pwd76	[MsgId: MMSG-17999]
    2023-06-17 20:17:33.732 : Start page is opened	[MsgId: MMSG-17999]
    2023-06-17 20:17:40.045 : User is logged in with session 136655.735358445HAcQccQpDiHftcVHfpDHzDcf	[MsgId: MMSG-17999]
    2023-06-17 20:17:45.812 : User is logged out of session	[MsgId: MMSG-17999]
  2023-06-17 20:19:39.648 : IterationNum=178	[MsgId: MMSG-17999]
   USER 178 = user76:pwd76	[MsgId: MMSG-17999]
    2023-06-17 20:19:39.743 : Start page is opened	[MsgId: MMSG-17999]
    2023-06-17 20:19:45.528 : User is logged in with session 136655.745565006HAcQccQpQVcftcVHfpDHQtHf	[MsgId: MMSG-17999]
    2023-06-17 20:19:49.497 : User is logged out of session	[MsgId: MMSG-17999]
  2023-06-17 20:21:45.663 : IterationNum=179	[MsgId: MMSG-17999]
   USER 179 = user76:pwd76	[MsgId: MMSG-17999]
    2023-06-17 20:21:45.759 : Start page is opened	[MsgId: MMSG-17999]
    2023-06-17 20:21:51.095 : User is logged in with session 136655.755771567HAcQcDAptDHftcVHfpDiczcf	[MsgId: MMSG-17999]
    2023-06-17 20:21:57.079 : User is logged out of session	[MsgId: MMSG-17999]
  2023-06-17 20:23:51.672 : IterationNum=180	[MsgId: MMSG-17999]
   USER 180 = user76:pwd76	[MsgId: MMSG-17999]
    2023-06-17 20:23:51.763 : Start page is opened	[MsgId: MMSG-17999]
    2023-06-17 20:23:55.991 : User is logged in with session 136655.765978129HAcQcDApQzcftcVHfpDifHHf	[MsgId: MMSG-17999]
    2023-06-17 20:24:00.295 : User is logged out of session	[MsgId: MMSG-17999]
  2023-06-17 20:25:57.685 : IterationNum=181	[MsgId: MMSG-17999]
   USER 181 = user76:pwd76	[MsgId: MMSG-17999]
    2023-06-17 20:25:57.777 : Start page is opened	[MsgId: MMSG-17999]
    2023-06-17 20:26:02.898 : User is logged in with session 136655.77618469HAcQcDVptiHftcVHfpDiiQcf	[MsgId: MMSG-17999]
    2023-06-17 20:26:09.120 : User is logged out of session	[MsgId: MMSG-17999]
  2023-06-17 20:28:03.687 : IterationNum=182	[MsgId: MMSG-17999]
   USER 182 = user76:pwd76	[MsgId: MMSG-17999]
    2023-06-17 20:28:03.781 : Start page is opened	[MsgId: MMSG-17999]
    2023-06-17 20:28:09.662 : User is logged in with session 136655.786391252HAcQcDcpAVcftcVHfpDQcAHf	[MsgId: MMSG-17999]
    2023-06-17 20:28:15.302 : User is logged out of session	[MsgId: MMSG-17999]
  2023-06-17 20:30:09.694 : IterationNum=183	[MsgId: MMSG-17999]
   USER 183 = user76:pwd76	[MsgId: MMSG-17999]
    2023-06-17 20:30:09.787 : Start page is opened	[MsgId: MMSG-17999]
    2023-06-17 20:30:14.035 : User is logged in with session 136655.796597813HAcQcDcpfDHftcVHfpDQfccf	[MsgId: MMSG-17999]
    2023-06-17 20:30:18.289 : User is logged out of session	[MsgId: MMSG-17999]
  2023-06-17 20:32:15.703 : IterationNum=184	[MsgId: MMSG-17999]
   USER 184 = user76:pwd76	[MsgId: MMSG-17999]
    2023-06-17 20:32:15.796 : Start page is opened	[MsgId: MMSG-17999]
    2023-06-17 20:32:20.179 : User is logged in with session 136655.806804374HAcQcDDpAzcftcVHfpDQiDHf	[MsgId: MMSG-17999]
    2023-06-17 20:32:25.951 : User is logged out of session	[MsgId: MMSG-17999]
  2023-06-17 20:34:21.704 : IterationNum=185	[MsgId: MMSG-17999]
   USER 185 = user76:pwd76	[MsgId: MMSG-17999]
    2023-06-17 20:34:21.799 : Start page is opened	[MsgId: MMSG-17999]
    2023-06-17 20:34:26.214 : User is logged in with session 136655.817010936HAcQcDDpfiHftcVHfptAVfcf	[MsgId: MMSG-17999]
    2023-06-17 20:34:30.327 : User is logged out of session	[MsgId: MMSG-17999]
  2023-06-17 20:36:27.717 : IterationNum=186	[MsgId: MMSG-17999]
   USER 186 = user76:pwd76	[MsgId: MMSG-17999]
    2023-06-17 20:36:27.812 : Start page is opened	[MsgId: MMSG-17999]
    2023-06-17 20:36:32.787 : User is logged in with session 136655.827217497HAcQcDtpVVcftcVHfptAtzHf	[MsgId: MMSG-17999]
    2023-06-17 20:36:38.245 : User is logged out of session	[MsgId: MMSG-17999]
  2023-06-17 20:38:33.725 : IterationNum=187	[MsgId: MMSG-17999]
   USER 187 = user76:pwd76	[MsgId: MMSG-17999]
    2023-06-17 20:38:33.818 : Start page is opened	[MsgId: MMSG-17999]
    2023-06-17 20:38:40.089 : User is logged in with session 136655.837424058HAcQcDtpzDHftcVHfptAHicf	[MsgId: MMSG-17999]
    2023-06-17 20:38:45.396 : User is logged out of session	[MsgId: MMSG-17999]
  2023-06-17 20:40:39.728 : IterationNum=188	[MsgId: MMSG-17999]
   USER 188 = user76:pwd76	[MsgId: MMSG-17999]
    2023-06-17 20:40:39.822 : Start page is opened	[MsgId: MMSG-17999]
    2023-06-17 20:40:45.557 : User is logged in with session 136655.84763062HAcQcDfpVzcftcVHfptVAQHf	[MsgId: MMSG-17999]
    2023-06-17 20:40:51.417 : User is logged out of session	[MsgId: MMSG-17999]
  2023-06-17 20:42:45.735 : IterationNum=189	[MsgId: MMSG-17999]
   USER 189 = user76:pwd76	[MsgId: MMSG-17999]
    2023-06-17 20:42:45.829 : Start page is opened	[MsgId: MMSG-17999]
    2023-06-17 20:42:51.716 : User is logged in with session 136655.857837181HAcQcDfpziHftcVHfptVtVcf	[MsgId: MMSG-17999]
    2023-06-17 20:42:55.885 : User is logged out of session	[MsgId: MMSG-17999]
  2023-06-17 20:44:51.744 : IterationNum=190	[MsgId: MMSG-17999]
   USER 190 = user76:pwd76	[MsgId: MMSG-17999]
    2023-06-17 20:44:51.837 : Start page is opened	[MsgId: MMSG-17999]
    2023-06-17 20:44:56.998 : User is logged in with session 136655.868043742HAcQcDzpcVcftcVHfptVHcHf	[MsgId: MMSG-17999]
    2023-06-17 20:45:02.897 : User is logged out of session	[MsgId: MMSG-17999]
  2023-06-17 20:46:57.745 : IterationNum=191	[MsgId: MMSG-17999]
   USER 191 = user76:pwd76	[MsgId: MMSG-17999]
    2023-06-17 20:46:57.840 : Start page is opened	[MsgId: MMSG-17999]
    2023-06-17 20:47:02.186 : User is logged in with session 136655.878250304HAcQcDzpHDHftcVHfptcAtcf	[MsgId: MMSG-17999]
    2023-06-17 20:47:06.279 : User is logged out of session	[MsgId: MMSG-17999]
  2023-06-17 20:49:03.747 : IterationNum=192	[MsgId: MMSG-17999]
   USER 192 = user76:pwd76	[MsgId: MMSG-17999]
    2023-06-17 20:49:03.842 : Start page is opened	[MsgId: MMSG-17999]
    2023-06-17 20:49:08.350 : User is logged in with session 136655.888456865HAcQcDHpczcftcVHfptcDfHf	[MsgId: MMSG-17999]
    2023-06-17 20:49:13.131 : User is logged out of session	[MsgId: MMSG-17999]
  2023-06-17 20:51:09.750 : IterationNum=193	[MsgId: MMSG-17999]
   USER 193 = user76:pwd76	[MsgId: MMSG-17999]
    2023-06-17 20:51:09.844 : Start page is opened	[MsgId: MMSG-17999]
    2023-06-17 20:51:14.502 : User is logged in with session 136655.898663426HAcQcDHpHiHftcVHfptczHcf	[MsgId: MMSG-17999]
    2023-06-17 20:51:19.013 : User is logged out of session	[MsgId: MMSG-17999]
  2023-06-17 20:53:15.756 : IterationNum=194	[MsgId: MMSG-17999]
   USER 194 = user76:pwd76	[MsgId: MMSG-17999]
    2023-06-17 20:53:15.851 : Start page is opened	[MsgId: MMSG-17999]
    2023-06-17 20:53:20.292 : User is logged in with session 136655.908869988HAcQcDipDVcftcVHfptcQiHf	[MsgId: MMSG-17999]
    2023-06-17 20:53:25.609 : User is logged out of session	[MsgId: MMSG-17999]
  2023-06-17 20:55:21.758 : IterationNum=195	[MsgId: MMSG-17999]
   USER 195 = user76:pwd76	[MsgId: MMSG-17999]
    2023-06-17 20:55:21.853 : Start page is opened	[MsgId: MMSG-17999]
    2023-06-17 20:55:27.285 : User is logged in with session 136655.919076549HAcQcDipiDHftcVHfptDDAcf	[MsgId: MMSG-17999]
    2023-06-17 20:55:32.101 : User is logged out of session	[MsgId: MMSG-17999]
  2023-06-17 20:57:27.758 : IterationNum=196	[MsgId: MMSG-17999]
   USER 196 = user76:pwd76	[MsgId: MMSG-17999]
    2023-06-17 20:57:27.852 : Start page is opened	[MsgId: MMSG-17999]
    2023-06-17 20:57:34.020 : User is logged in with session 136655.929283111HAcQcDQpDzcftcVHfptDzVHf	[MsgId: MMSG-17999]
    2023-06-17 20:57:39.988 : User is logged out of session	[MsgId: MMSG-17999]
  2023-06-17 20:59:33.771 : IterationNum=197	[MsgId: MMSG-17999]
   USER 197 = user76:pwd76	[MsgId: MMSG-17999]
    2023-06-17 20:59:33.865 : Start page is opened	[MsgId: MMSG-17999]
    2023-06-17 20:59:40.073 : User is logged in with session 136655.939489672HAcQcDQpiiHftcVHfptDQDcf	[MsgId: MMSG-17999]
    2023-06-17 20:59:44.264 : User is logged out of session	[MsgId: MMSG-17999]
  2023-06-17 21:01:39.782 : IterationNum=198	[MsgId: MMSG-17999]
   USER 198 = user76:pwd76	[MsgId: MMSG-17999]
    2023-06-17 21:01:39.876 : Start page is opened	[MsgId: MMSG-17999]
    2023-06-17 21:01:46.006 : User is logged in with session 136655.949696233HAcQctAptVcftcVHfpttctHf	[MsgId: MMSG-17999]
    2023-06-17 21:01:52.153 : User is logged out of session	[MsgId: MMSG-17999]
  2023-06-17 21:03:45.795 : IterationNum=199	[MsgId: MMSG-17999]
   USER 199 = user76:pwd76	[MsgId: MMSG-17999]
    2023-06-17 21:03:45.889 : Start page is opened	[MsgId: MMSG-17999]
    2023-06-17 21:03:50.025 : User is logged in with session 136655.959902795HAcQctApQDHftcVHfpttfzcf	[MsgId: MMSG-17999]
    2023-06-17 21:03:54.586 : User is logged out of session	[MsgId: MMSG-17999]
  2023-06-17 21:05:51.810 : IterationNum=200	[MsgId: MMSG-17999]
   USER 200 = user76:pwd76	[MsgId: MMSG-17999]
    2023-06-17 21:05:51.904 : Start page is opened	[MsgId: MMSG-17999]
    2023-06-17 21:05:56.708 : User is logged in with session 136655.970109356HAcQctVptzcftcVHfpttiHHf	[MsgId: MMSG-17999]
    2023-06-17 21:06:01.186 : User is logged out of session	[MsgId: MMSG-17999]
  2023-06-17 21:07:57.812 : IterationNum=201	[MsgId: MMSG-17999]
   USER 201 = user76:pwd76	[MsgId: MMSG-17999]
    2023-06-17 21:07:57.905 : Start page is opened	[MsgId: MMSG-17999]
    2023-06-17 21:08:02.042 : User is logged in with session 136655.980315917HAcQctVpQiHftcVHfptfVQcf	[MsgId: MMSG-17999]
    2023-06-17 21:08:07.920 : User is logged out of session	[MsgId: MMSG-17999]
  2023-06-17 21:10:03.812 : IterationNum=202	[MsgId: MMSG-17999]
   USER 202 = user76:pwd76	[MsgId: MMSG-17999]
    2023-06-17 21:10:03.905 : Start page is opened	[MsgId: MMSG-17999]
    2023-06-17 21:10:09.961 : User is logged in with session 136655.990522479HAcQctcpfVcftcVHfptffAHf	[MsgId: MMSG-17999]
    2023-06-17 21:10:14.341 : User is logged out of session	[MsgId: MMSG-17999]
  2023-06-17 21:12:09.820 : IterationNum=203	[MsgId: MMSG-17999]
   USER 203 = user76:pwd76	[MsgId: MMSG-17999]
    2023-06-17 21:12:09.914 : Start page is opened	[MsgId: MMSG-17999]
    2023-06-17 21:12:15.132 : User is logged in with session 136656.00072904HAcQctDpADHftcVHfptficcf	[MsgId: MMSG-17999]
    2023-06-17 21:12:19.870 : User is logged out of session	[MsgId: MMSG-17999]
  2023-06-17 21:14:15.834 : IterationNum=204	[MsgId: MMSG-17999]
   USER 204 = user76:pwd76	[MsgId: MMSG-17999]
    2023-06-17 21:14:15.928 : Start page is opened	[MsgId: MMSG-17999]
    2023-06-17 21:14:20.501 : User is logged in with session 136656.010935601HAcQctDpfzcftcVHfptzVDHf	[MsgId: MMSG-17999]
    2023-06-17 21:14:26.720 : User is logged out of session	[MsgId: MMSG-17999]
  2023-06-17 21:16:21.848 : IterationNum=205	[MsgId: MMSG-17999]
   USER 205 = user76:pwd76	[MsgId: MMSG-17999]
    2023-06-17 21:16:21.941 : Start page is opened	[MsgId: MMSG-17999]
    2023-06-17 21:16:27.468 : User is logged in with session 136656.021142163HAcQcttpAiHftcVHfptztfcf	[MsgId: MMSG-17999]
    2023-06-17 21:16:32.924 : User is logged out of session	[MsgId: MMSG-17999]
  2023-06-17 21:18:27.855 : IterationNum=206	[MsgId: MMSG-17999]
   USER 206 = user76:pwd76	[MsgId: MMSG-17999]
    2023-06-17 21:18:27.950 : Start page is opened	[MsgId: MMSG-17999]
    2023-06-17 21:18:33.552 : User is logged in with session 136656.031348724HAcQcttpzVcftcVHfptzHzHf	[MsgId: MMSG-17999]
    2023-06-17 21:18:39.777 : User is logged out of session	[MsgId: MMSG-17999]
  2023-06-17 21:20:33.855 : IterationNum=207	[MsgId: MMSG-17999]
   USER 207 = user76:pwd76	[MsgId: MMSG-17999]
    2023-06-17 21:20:33.948 : Start page is opened	[MsgId: MMSG-17999]
    2023-06-17 21:20:40.285 : User is logged in with session 136656.041555286HAcQctfpVDHftcVHfptHAicf	[MsgId: MMSG-17999]
    2023-06-17 21:20:45.179 : User is logged out of session	[MsgId: MMSG-17999]
  2023-06-17 21:22:39.869 : IterationNum=208	[MsgId: MMSG-17999]
   USER 208 = user76:pwd76	[MsgId: MMSG-17999]
    2023-06-17 21:22:39.961 : Start page is opened	[MsgId: MMSG-17999]
    2023-06-17 21:22:46.152 : User is logged in with session 136656.051761847HAcQctfpzzcftcVHfptHDQHf	[MsgId: MMSG-17999]
    2023-06-17 21:22:51.202 : User is logged out of session	[MsgId: MMSG-17999]
  2023-06-17 21:24:45.874 : IterationNum=209	[MsgId: MMSG-17999]
   USER 209 = user76:pwd76	[MsgId: MMSG-17999]
    2023-06-17 21:24:45.968 : Start page is opened	[MsgId: MMSG-17999]
    2023-06-17 21:24:50.525 : User is logged in with session 136656.061968408HAcQctzpViHftcVHfptHHVcf	[MsgId: MMSG-17999]
    2023-06-17 21:24:55.090 : User is logged out of session	[MsgId: MMSG-17999]
  2023-06-17 21:26:51.886 : IterationNum=210	[MsgId: MMSG-17999]
   USER 210 = user76:pwd76	[MsgId: MMSG-17999]
    2023-06-17 21:26:51.980 : Start page is opened	[MsgId: MMSG-17999]
    2023-06-17 21:26:56.795 : User is logged in with session 136656.07217497HAcQctzpHVcftcVHfptiAcHf	[MsgId: MMSG-17999]
    2023-06-17 21:27:01.149 : User is logged out of session	[MsgId: MMSG-17999]
  2023-06-17 21:28:57.887 : IterationNum=211	[MsgId: MMSG-17999]
   USER 211 = user76:pwd76	[MsgId: MMSG-17999]
    2023-06-17 21:28:57.980 : Start page is opened	[MsgId: MMSG-17999]
    2023-06-17 21:29:03.051 : User is logged in with session 136656.082381531HAcQctHpcDHftcVHfptiDtcf	[MsgId: MMSG-17999]
    2023-06-17 21:29:08.716 : User is logged out of session	[MsgId: MMSG-17999]
  2023-06-17 21:31:03.892 : IterationNum=212	[MsgId: MMSG-17999]
   USER 212 = user76:pwd76	[MsgId: MMSG-17999]
    2023-06-17 21:31:03.987 : Start page is opened	[MsgId: MMSG-17999]
    2023-06-17 21:31:10.129 : User is logged in with session 136656.092588092HAcQctHpHzcftcVHfptizfHf	[MsgId: MMSG-17999]
    2023-06-17 21:31:16.107 : User is logged out of session	[MsgId: MMSG-17999]
  2023-06-17 21:33:09.906 : IterationNum=213	[MsgId: MMSG-17999]
   USER 213 = user76:pwd76	[MsgId: MMSG-17999]
    2023-06-17 21:33:09.999 : Start page is opened	[MsgId: MMSG-17999]
    2023-06-17 21:33:15.853 : User is logged in with session 136656.102794654HAcQctipciHftcVHfptiQHcf	[MsgId: MMSG-17999]
    2023-06-17 21:33:22.148 : User is logged out of session	[MsgId: MMSG-17999]
  2023-06-17 21:35:15.919 : IterationNum=214	[MsgId: MMSG-17999]
   USER 214 = user76:pwd76	[MsgId: MMSG-17999]
    2023-06-17 21:35:16.014 : Start page is opened	[MsgId: MMSG-17999]
    2023-06-17 21:35:20.958 : User is logged in with session 136656.113001215HAcQctipiVcftcVHfptQciHf	[MsgId: MMSG-17999]
    2023-06-17 21:35:25.404 : User is logged out of session	[MsgId: MMSG-17999]
  2023-06-17 21:37:21.927 : IterationNum=215	[MsgId: MMSG-17999]
   USER 215 = user76:pwd76	[MsgId: MMSG-17999]
    2023-06-17 21:37:22.021 : Start page is opened	[MsgId: MMSG-17999]
    2023-06-17 21:37:26.510 : User is logged in with session 136656.123207776HAcQctQpDDHftcVHfptQzAcf	[MsgId: MMSG-17999]
    2023-06-17 21:37:31.172 : User is logged out of session	[MsgId: MMSG-17999]
  2023-06-17 21:39:27.935 : IterationNum=216	[MsgId: MMSG-17999]
   USER 216 = user76:pwd76	[MsgId: MMSG-17999]
    2023-06-17 21:39:28.029 : Start page is opened	[MsgId: MMSG-17999]
    2023-06-17 21:39:32.405 : User is logged in with session 136656.133414338HAcQctQpizcftcVHfptQQVHf	[MsgId: MMSG-17999]
    2023-06-17 21:39:38.094 : User is logged out of session	[MsgId: MMSG-17999]
  2023-06-17 21:41:33.940 : IterationNum=217	[MsgId: MMSG-17999]
   USER 217 = user76:pwd76	[MsgId: MMSG-17999]
    2023-06-17 21:41:34.035 : Start page is opened	[MsgId: MMSG-17999]
    2023-06-17 21:41:38.522 : User is logged in with session 136656.143620899HAcQcfApDiHftcVHfpfAcDcf	[MsgId: MMSG-17999]
    2023-06-17 21:41:42.417 : User is logged out of session	[MsgId: MMSG-17999]
  2023-06-17 21:43:39.952 : IterationNum=218	[MsgId: MMSG-17999]
   USER 218 = user76:pwd76	[MsgId: MMSG-17999]
    2023-06-17 21:43:40.047 : Start page is opened	[MsgId: MMSG-17999]
    2023-06-17 21:43:45.540 : User is logged in with session 136656.153827461HAcQcfApQVcftcVHfpfAftHf	[MsgId: MMSG-17999]
    2023-06-17 21:43:50.427 : User is logged out of session	[MsgId: MMSG-17999]
  2023-06-17 21:45:45.955 : IterationNum=219	[MsgId: MMSG-17999]
   USER 219 = user76:pwd76	[MsgId: MMSG-17999]
    2023-06-17 21:45:46.049 : Start page is opened	[MsgId: MMSG-17999]
    2023-06-17 21:45:50.873 : User is logged in with session 136656.164034022HAcQcfVptDHftcVHfpfAizcf	[MsgId: MMSG-17999]
    2023-06-17 21:45:55.029 : User is logged out of session	[MsgId: MMSG-17999]
  2023-06-17 21:47:51.966 : IterationNum=220	[MsgId: MMSG-17999]
   USER 220 = user76:pwd76	[MsgId: MMSG-17999]
    2023-06-17 21:47:52.060 : Start page is opened	[MsgId: MMSG-17999]
    2023-06-17 21:47:57.381 : User is logged in with session 136656.174240583HAcQcfVpQzcftcVHfpfVVHHf	[MsgId: MMSG-17999]
    2023-06-17 21:48:01.507 : User is logged out of session	[MsgId: MMSG-17999]
  2023-06-17 21:49:57.970 : IterationNum=221	[MsgId: MMSG-17999]
   USER 221 = user76:pwd76	[MsgId: MMSG-17999]
    2023-06-17 21:49:58.065 : Start page is opened	[MsgId: MMSG-17999]
    2023-06-17 21:50:03.842 : User is logged in with session 136656.184528149HAcQcfcptQVzzzzHtcVHfpfVtQf	[MsgId: MMSG-17999]
    2023-06-17 21:50:08.540 : User is logged out of session	[MsgId: MMSG-17999]
  2023-06-17 21:52:03.983 : IterationNum=222	[MsgId: MMSG-17999]
   USER 222 = user76:pwd76	[MsgId: MMSG-17999]
    2023-06-17 21:52:04.078 : Start page is opened	[MsgId: MMSG-17999]
    2023-06-17 21:52:08.056 : User is logged in with session 136656.19473471HAcQcfDpAVzzzzzHtcVHfpfViV	[MsgId: MMSG-17999]
    2023-06-17 21:52:12.772 : User is logged out of session	[MsgId: MMSG-17999]
  2023-06-17 21:54:09.991 : IterationNum=223	[MsgId: MMSG-17999]
   USER 223 = user76:pwd76	[MsgId: MMSG-17999]
    2023-06-17 21:54:10.086 : Start page is opened	[MsgId: MMSG-17999]
    2023-06-17 21:54:14.817 : User is logged in with session 136656.204941272HAcQcfDpftVzzzzHtcVHfpfcVcf	[MsgId: MMSG-17999]
    2023-06-17 21:54:20.239 : User is logged out of session	[MsgId: MMSG-17999]
  2023-06-17 21:56:16.001 : IterationNum=224	[MsgId: MMSG-17999]
   USER 224 = user76:pwd76	[MsgId: MMSG-17999]
    2023-06-17 21:56:16.094 : Start page is opened	[MsgId: MMSG-17999]
    2023-06-17 21:56:22.402 : User is logged in with session 136656.215147833HAcQcftpAzzzzzzHtcVHfpfctt	[MsgId: MMSG-17999]
    2023-06-17 21:56:28.220 : User is logged out of session	[MsgId: MMSG-17999]
  2023-06-17 21:58:22.000 : IterationNum=225	[MsgId: MMSG-17999]
   USER 225 = user76:pwd76	[MsgId: MMSG-17999]
    2023-06-17 21:58:22.095 : Start page is opened	[MsgId: MMSG-17999]
    2023-06-17 21:58:28.305 : User is logged in with session 136656.225354395HAcQcftpfQVzzzzHtcVHfpfcHff	[MsgId: MMSG-17999]
    2023-06-17 21:58:33.777 : User is logged out of session	[MsgId: MMSG-17999]
  2023-06-17 22:00:28.005 : IterationNum=226	[MsgId: MMSG-17999]
   USER 226 = user76:pwd76	[MsgId: MMSG-17999]
    2023-06-17 22:00:28.100 : Start page is opened	[MsgId: MMSG-17999]
    2023-06-17 22:00:32.345 : User is logged in with session 136656.235560956HAcQcffpVVzzzzzHtcVHfpfDAH	[MsgId: MMSG-17999]
    2023-06-17 22:00:37.786 : User is logged out of session	[MsgId: MMSG-17999]
  2023-06-17 22:02:34.018 : IterationNum=227	[MsgId: MMSG-17999]
   USER 227 = user76:pwd76	[MsgId: MMSG-17999]
    2023-06-17 22:02:34.113 : Start page is opened	[MsgId: MMSG-17999]
    2023-06-17 22:02:39.169 : User is logged in with session 136656.245767517HAcQcffpztVzzzzHtcVHfpfDDif	[MsgId: MMSG-17999]
    2023-06-17 22:02:43.898 : User is logged out of session	[MsgId: MMSG-17999]
  2023-06-17 22:04:40.020 : IterationNum=228	[MsgId: MMSG-17999]
   USER 228 = user76:pwd76	[MsgId: MMSG-17999]
    2023-06-17 22:04:40.114 : Start page is opened	[MsgId: MMSG-17999]
    2023-06-17 22:04:45.076 : User is logged in with session 136656.255974079HAcQcfzpVzzzzzzHtcVHfpfDH	[MsgId: MMSG-17999]
    2023-06-17 22:04:49.984 : User is logged out of session	[MsgId: MMSG-17999]
  2023-06-17 22:06:46.032 : IterationNum=229	[MsgId: MMSG-17999]
   USER 229 = user76:pwd76	[MsgId: MMSG-17999]
    2023-06-17 22:06:46.127 : Start page is opened	[MsgId: MMSG-17999]
    2023-06-17 22:06:51.671 : User is logged in with session 136656.26618064HAcQcfzpzQVzzzzHtcVHfpftAVf	[MsgId: MMSG-17999]
    2023-06-17 22:06:57.793 : User is logged out of session	[MsgId: MMSG-17999]
  2023-06-17 22:08:52.033 : IterationNum=230	[MsgId: MMSG-17999]
   USER 230 = user76:pwd76	[MsgId: MMSG-17999]
    2023-06-17 22:08:52.127 : Start page is opened	[MsgId: MMSG-17999]
    2023-06-17 22:08:56.246 : User is logged in with session 136656.276387201HAcQcfHpcVzzzzzHtcVHfpftDD	[MsgId: MMSG-17999]
    2023-06-17 22:09:00.672 : User is logged out of session	[MsgId: MMSG-17999]
  2023-06-17 22:10:58.045 : IterationNum=231	[MsgId: MMSG-17999]
   USER 231 = user76:pwd76	[MsgId: MMSG-17999]
    2023-06-17 22:10:58.139 : Start page is opened	[MsgId: MMSG-17999]
    2023-06-17 22:11:04.299 : User is logged in with session 136656.286593763HAcQcfHpHtVzzzzHtcVHfpftztf	[MsgId: MMSG-17999]
    2023-06-17 22:11:09.649 : User is logged out of session	[MsgId: MMSG-17999]
  2023-06-17 22:13:04.045 : IterationNum=232	[MsgId: MMSG-17999]
   USER 232 = user76:pwd76	[MsgId: MMSG-17999]
    2023-06-17 22:13:04.139 : Start page is opened	[MsgId: MMSG-17999]
    2023-06-17 22:13:08.654 : User is logged in with session 136656.296800324HAcQcfipczzzzzzHtcVHfpftQz	[MsgId: MMSG-17999]
    2023-06-17 22:13:12.862 : User is logged out of session	[MsgId: MMSG-17999]
  2023-06-17 22:15:10.053 : IterationNum=233	[MsgId: MMSG-17999]
   USER 233 = user76:pwd76	[MsgId: MMSG-17999]
    2023-06-17 22:15:10.147 : Start page is opened	[MsgId: MMSG-17999]
    2023-06-17 22:15:15.627 : User is logged in with session 136656.307006885HAcQcfipHQVzzzzHtcVHfpffcHf	[MsgId: MMSG-17999]
    2023-06-17 22:15:19.914 : User is logged out of session	[MsgId: MMSG-17999]
  2023-06-17 22:17:16.059 : IterationNum=234	[MsgId: MMSG-17999]
   USER 234 = user76:pwd76	[MsgId: MMSG-17999]
    2023-06-17 22:17:16.152 : Start page is opened	[MsgId: MMSG-17999]
    2023-06-17 22:17:21.574 : User is logged in with session 136656.317213447HAcQcfQpDVzzzzzHtcVHfpfffQ	[MsgId: MMSG-17999]
    2023-06-17 22:17:26.351 : User is logged out of session	[MsgId: MMSG-17999]
  2023-06-17 22:19:22.068 : IterationNum=235	[MsgId: MMSG-17999]
   USER 235 = user76:pwd76	[MsgId: MMSG-17999]
    2023-06-17 22:19:22.162 : Start page is opened	[MsgId: MMSG-17999]
    2023-06-17 22:19:26.589 : User is logged in with session 136656.327420008HAcQcfQpitVzzzzHtcVHfpffQAf	[MsgId: MMSG-17999]
    2023-06-17 22:19:32.418 : User is logged out of session	[MsgId: MMSG-17999]
  2023-06-17 22:21:28.069 : IterationNum=236	[MsgId: MMSG-17999]
   USER 236 = user76:pwd76	[MsgId: MMSG-17999]
    2023-06-17 22:21:28.165 : Start page is opened	[MsgId: MMSG-17999]
    2023-06-17 22:21:33.337 : User is logged in with session 136656.337626569HAcQczApDzzzzzzHtcVHfpfzcc	[MsgId: MMSG-17999]
    2023-06-17 22:21:39.521 : User is logged out of session	[MsgId: MMSG-17999]
