  2023-06-17 14:08:46.347 : IterationNum=1	[MsgId: MMSG-17999]
   USER 1 = user81:pwd81	[MsgId: MMSG-17999]
    2023-06-17 14:08:46.443 : Start page is opened	[MsgId: MMSG-17999]
    2023-06-17 14:08:52.064 : User is logged in with session 136653.942972864HAcQVDHpVQVzzzzHtcVHtpicDVf	[MsgId: MMSG-17999]
    2023-06-17 14:08:57.608 : User is logged out of session	[MsgId: MMSG-17999]
  2023-06-17 14:10:52.350 : IterationNum=2	[MsgId: MMSG-17999]
   USER 2 = user81:pwd81	[MsgId: MMSG-17999]
    2023-06-17 14:10:52.444 : Start page is opened	[MsgId: MMSG-17999]
    2023-06-17 14:10:58.472 : User is logged in with session 136653.953179425HAcQVDHpHVzzzzzHtcVHtpiczD	[MsgId: MMSG-17999]
    2023-06-17 14:11:02.591 : User is logged out of session	[MsgId: MMSG-17999]
  2023-06-17 14:12:58.352 : IterationNum=3	[MsgId: MMSG-17999]
   USER 3 = user81:pwd81	[MsgId: MMSG-17999]
    2023-06-17 14:12:58.445 : Start page is opened	[MsgId: MMSG-17999]
    2023-06-17 14:13:03.013 : User is logged in with session 136653.963385986HAcQVDipctVzzzzHtcVHtpicQtf	[MsgId: MMSG-17999]
    2023-06-17 14:13:08.723 : User is logged out of session	[MsgId: MMSG-17999]
  2023-06-17 14:15:04.362 : IterationNum=4	[MsgId: MMSG-17999]
   USER 4 = user81:pwd81	[MsgId: MMSG-17999]
    2023-06-17 14:15:04.456 : Start page is opened	[MsgId: MMSG-17999]
    2023-06-17 14:15:10.733 : User is logged in with session 136653.973592548HAcQVDipHzzzzzzHtcVHtpiDcz	[MsgId: MMSG-17999]
    2023-06-17 14:15:14.712 : User is logged out of session	[MsgId: MMSG-17999]
  2023-06-17 14:17:10.370 : IterationNum=5	[MsgId: MMSG-17999]
   USER 5 = user81:pwd81	[MsgId: MMSG-17999]
    2023-06-17 14:17:10.465 : Start page is opened	[MsgId: MMSG-17999]
    2023-06-17 14:17:15.171 : User is logged in with session 136653.983799109HAcQVDQpcQVzzzzHtcVHtpiDfHf	[MsgId: MMSG-17999]
    2023-06-17 14:17:21.522 : User is logged out of session	[MsgId: MMSG-17999]
  2023-06-17 14:19:16.372 : IterationNum=6	[MsgId: MMSG-17999]
   USER 6 = user81:pwd81	[MsgId: MMSG-17999]
    2023-06-17 14:19:16.465 : Start page is opened	[MsgId: MMSG-17999]
    2023-06-17 14:19:22.252 : User is logged in with session 136653.99400567HAcQVDQpiVzzzzzHtcVHtpiDiQ	[MsgId: MMSG-17999]
    2023-06-17 14:19:26.844 : User is logged out of session	[MsgId: MMSG-17999]
  2023-06-17 14:21:22.379 : IterationNum=7	[MsgId: MMSG-17999]
   USER 7 = user81:pwd81	[MsgId: MMSG-17999]
    2023-06-17 14:21:22.472 : Start page is opened	[MsgId: MMSG-17999]
    2023-06-17 14:21:27.856 : User is logged in with session 136654.004212232HAcQVtApDtVzzzzHtcVHtpitcAf	[MsgId: MMSG-17999]
    2023-06-17 14:21:33.328 : User is logged out of session	[MsgId: MMSG-17999]
  2023-06-17 14:23:28.383 : IterationNum=8	[MsgId: MMSG-17999]
   USER 8 = user81:pwd81	[MsgId: MMSG-17999]
    2023-06-17 14:23:28.478 : Start page is opened	[MsgId: MMSG-17999]
    2023-06-17 14:23:33.965 : User is logged in with session 136654.014418793HAcQVtApizzzzzzHtcVHtpitfc	[MsgId: MMSG-17999]
    2023-06-17 14:23:38.762 : User is logged out of session	[MsgId: MMSG-17999]
  2023-06-17 14:25:34.390 : IterationNum=9	[MsgId: MMSG-17999]
   USER 9 = user81:pwd81	[MsgId: MMSG-17999]
    2023-06-17 14:25:34.485 : Start page is opened	[MsgId: MMSG-17999]
    2023-06-17 14:25:39.048 : User is logged in with session 136654.024625354HAcQVtVpDQVzzzzHtcVHtpitiDf	[MsgId: MMSG-17999]
    2023-06-17 14:25:44.935 : User is logged out of session	[MsgId: MMSG-17999]
  2023-06-17 14:27:40.398 : IterationNum=10	[MsgId: MMSG-17999]
   USER 10 = user81:pwd81	[MsgId: MMSG-17999]
    2023-06-17 14:27:40.492 : Start page is opened	[MsgId: MMSG-17999]
    2023-06-17 14:27:44.686 : User is logged in with session 136654.034831916HAcQVtVpQVzzzzzHtcVHtpifVf	[MsgId: MMSG-17999]
    2023-06-17 14:27:49.379 : User is logged out of session	[MsgId: MMSG-17999]
  2023-06-17 14:29:46.403 : IterationNum=11	[MsgId: MMSG-17999]
   USER 11 = user81:pwd81	[MsgId: MMSG-17999]
    2023-06-17 14:29:46.497 : Start page is opened	[MsgId: MMSG-17999]
    2023-06-17 14:29:52.821 : User is logged in with session 136654.045038477HAcQVtcpttVzzzzHtcVHtpiftzf	[MsgId: MMSG-17999]
    2023-06-17 14:29:56.728 : User is logged out of session	[MsgId: MMSG-17999]
  2023-06-17 14:31:52.410 : IterationNum=12	[MsgId: MMSG-17999]
   USER 12 = user81:pwd81	[MsgId: MMSG-17999]
    2023-06-17 14:31:52.505 : Start page is opened	[MsgId: MMSG-17999]
    2023-06-17 14:31:58.133 : User is logged in with session 136654.055245038HAcQVtcpQzzzzzzHtcVHtpifHi	[MsgId: MMSG-17999]
    2023-06-17 14:32:02.288 : User is logged out of session	[MsgId: MMSG-17999]
  2023-06-17 14:33:58.419 : IterationNum=13	[MsgId: MMSG-17999]
   USER 13 = user81:pwd81	[MsgId: MMSG-17999]
    2023-06-17 14:33:58.513 : Start page is opened	[MsgId: MMSG-17999]
    2023-06-17 14:34:04.212 : User is logged in with session 136654.0654516HAcQVtDptQVzzzzHtcVHtpizAQf	[MsgId: MMSG-17999]
    2023-06-17 14:34:09.539 : User is logged out of session	[MsgId: MMSG-17999]
  2023-06-17 14:36:04.423 : IterationNum=14	[MsgId: MMSG-17999]
   USER 14 = user81:pwd81	[MsgId: MMSG-17999]
    2023-06-17 14:36:04.517 : Start page is opened	[MsgId: MMSG-17999]
    2023-06-17 14:36:10.242 : User is logged in with session 136654.075658161HAcQVttpAVzzzzzHtcVHtpiztV	[MsgId: MMSG-17999]
    2023-06-17 14:36:14.838 : User is logged out of session	[MsgId: MMSG-17999]
  2023-06-17 14:38:10.436 : IterationNum=15	[MsgId: MMSG-17999]
   USER 15 = user81:pwd81	[MsgId: MMSG-17999]
    2023-06-17 14:38:10.529 : Start page is opened	[MsgId: MMSG-17999]
    2023-06-17 14:38:15.501 : User is logged in with session 136654.085864723HAcQVttpftVzzzzHtcVHtpizHcf	[MsgId: MMSG-17999]
    2023-06-17 14:38:21.543 : User is logged out of session	[MsgId: MMSG-17999]
  2023-06-17 14:40:16.449 : IterationNum=16	[MsgId: MMSG-17999]
   USER 16 = user81:pwd81	[MsgId: MMSG-17999]
    2023-06-17 14:40:16.542 : Start page is opened	[MsgId: MMSG-17999]
    2023-06-17 14:40:20.829 : User is logged in with session 136654.096071284HAcQVtfpAzzzzzzHtcVHtpiHAt	[MsgId: MMSG-17999]
    2023-06-17 14:40:26.054 : User is logged out of session	[MsgId: MMSG-17999]
  2023-06-17 14:42:22.460 : IterationNum=17	[MsgId: MMSG-17999]
   USER 17 = user81:pwd81	[MsgId: MMSG-17999]
    2023-06-17 14:42:22.554 : Start page is opened	[MsgId: MMSG-17999]
    2023-06-17 14:42:27.407 : User is logged in with session 136654.106277845HAcQVtfpfQVzzzzHtcVHtpiHDff	[MsgId: MMSG-17999]
    2023-06-17 14:42:33.246 : User is logged out of session	[MsgId: MMSG-17999]
  2023-06-17 14:44:28.464 : IterationNum=18	[MsgId: MMSG-17999]
   USER 18 = user81:pwd81	[MsgId: MMSG-17999]
    2023-06-17 14:44:28.558 : Start page is opened	[MsgId: MMSG-17999]
    2023-06-17 14:44:33.915 : User is logged in with session 136654.116484407HAcQVtzpVVzzzzzHtcVHtpiHzH	[MsgId: MMSG-17999]
    2023-06-17 14:44:39.772 : User is logged out of session	[MsgId: MMSG-17999]
  2023-06-17 14:46:34.476 : IterationNum=19	[MsgId: MMSG-17999]
   USER 19 = user81:pwd81	[MsgId: MMSG-17999]
    2023-06-17 14:46:34.570 : Start page is opened	[MsgId: MMSG-17999]
    2023-06-17 14:46:39.828 : User is logged in with session 136654.126690968HAcQVtzpztVzzzzHtcVHtpiHQif	[MsgId: MMSG-17999]
    2023-06-17 14:46:44.389 : User is logged out of session	[MsgId: MMSG-17999]
  2023-06-17 14:48:40.483 : IterationNum=20	[MsgId: MMSG-17999]
   USER 20 = user81:pwd81	[MsgId: MMSG-17999]
    2023-06-17 14:48:40.577 : Start page is opened	[MsgId: MMSG-17999]
    2023-06-17 14:48:46.820 : User is logged in with session 136654.136897529HAcQVtHpVzzzzzzHtcVHtpiiD	[MsgId: MMSG-17999]
    2023-06-17 14:48:51.313 : User is logged out of session	[MsgId: MMSG-17999]
  2023-06-17 14:50:46.492 : IterationNum=21	[MsgId: MMSG-17999]
   USER 21 = user81:pwd81	[MsgId: MMSG-17999]
    2023-06-17 14:50:46.586 : Start page is opened	[MsgId: MMSG-17999]
    2023-06-17 14:50:51.953 : User is logged in with session 136654.147104091HAcQVtHpzQVzzzzHtcVHtpiizVf	[MsgId: MMSG-17999]
    2023-06-17 14:50:57.343 : User is logged out of session	[MsgId: MMSG-17999]
  2023-06-17 14:52:52.497 : IterationNum=22	[MsgId: MMSG-17999]
   USER 22 = user81:pwd81	[MsgId: MMSG-17999]
    2023-06-17 14:52:52.591 : Start page is opened	[MsgId: MMSG-17999]
    2023-06-17 14:52:58.312 : User is logged in with session 136654.157310652HAcQVtipcVzzzzzHtcVHtpiiQD	[MsgId: MMSG-17999]
    2023-06-17 14:53:04.670 : User is logged out of session	[MsgId: MMSG-17999]
  2023-06-17 14:54:58.508 : IterationNum=23	[MsgId: MMSG-17999]
   USER 23 = user81:pwd81	[MsgId: MMSG-17999]
    2023-06-17 14:54:58.603 : Start page is opened	[MsgId: MMSG-17999]
    2023-06-17 14:55:04.981 : User is logged in with session 136654.167517213HAcQVtipHtVzzzzHtcVHtpiQctf	[MsgId: MMSG-17999]
    2023-06-17 14:55:10.106 : User is logged out of session	[MsgId: MMSG-17999]
  2023-06-17 14:57:04.516 : IterationNum=24	[MsgId: MMSG-17999]
   USER 24 = user81:pwd81	[MsgId: MMSG-17999]
    2023-06-17 14:57:04.610 : Start page is opened	[MsgId: MMSG-17999]
    2023-06-17 14:57:10.086 : User is logged in with session 136654.177723775HAcQVtQpczzzzzzHtcVHtpiQfz	[MsgId: MMSG-17999]
    2023-06-17 14:57:14.931 : User is logged out of session	[MsgId: MMSG-17999]
  2023-06-17 14:59:10.523 : IterationNum=25	[MsgId: MMSG-17999]
   USER 25 = user81:pwd81	[MsgId: MMSG-17999]
    2023-06-17 14:59:10.616 : Start page is opened	[MsgId: MMSG-17999]
    2023-06-17 14:59:16.156 : User is logged in with session 136654.187930336HAcQVtQpHQVzzzzHtcVHtpiQiHf	[MsgId: MMSG-17999]
    2023-06-17 14:59:22.416 : User is logged out of session	[MsgId: MMSG-17999]
  2023-06-17 15:01:16.528 : IterationNum=26	[MsgId: MMSG-17999]
   USER 26 = user81:pwd81	[MsgId: MMSG-17999]
    2023-06-17 15:01:16.624 : Start page is opened	[MsgId: MMSG-17999]
    2023-06-17 15:01:20.896 : User is logged in with session 136654.198136898HAcQVfApDVzzzzzHtcVHtpQAVQ	[MsgId: MMSG-17999]
    2023-06-17 15:01:25.065 : User is logged out of session	[MsgId: MMSG-17999]
  2023-06-17 15:03:22.530 : IterationNum=27	[MsgId: MMSG-17999]
   USER 27 = user81:pwd81	[MsgId: MMSG-17999]
    2023-06-17 15:03:22.624 : Start page is opened	[MsgId: MMSG-17999]
    2023-06-17 15:03:26.702 : User is logged in with session 136654.208343459HAcQVfApitVzzzzHtcVHtpQAfAf	[MsgId: MMSG-17999]
    2023-06-17 15:03:31.311 : User is logged out of session	[MsgId: MMSG-17999]
  2023-06-17 15:05:28.544 : IterationNum=28	[MsgId: MMSG-17999]
   USER 28 = user81:pwd81	[MsgId: MMSG-17999]
    2023-06-17 15:05:28.639 : Start page is opened	[MsgId: MMSG-17999]
    2023-06-17 15:05:33.215 : User is logged in with session 136654.21855002HAcQVfVpDzzzzzzHtcVHtpQAic	[MsgId: MMSG-17999]
    2023-06-17 15:05:38.697 : User is logged out of session	[MsgId: MMSG-17999]
  2023-06-17 15:07:34.551 : IterationNum=29	[MsgId: MMSG-17999]
   USER 29 = user81:pwd81	[MsgId: MMSG-17999]
    2023-06-17 15:07:34.645 : Start page is opened	[MsgId: MMSG-17999]
    2023-06-17 15:07:38.772 : User is logged in with session 136654.228756582HAcQVfVpiQVzzzzHtcVHtpQVVDf	[MsgId: MMSG-17999]
    2023-06-17 15:07:43.905 : User is logged out of session	[MsgId: MMSG-17999]
  2023-06-17 15:09:40.565 : IterationNum=30	[MsgId: MMSG-17999]
   USER 30 = user81:pwd81	[MsgId: MMSG-17999]
    2023-06-17 15:09:40.659 : Start page is opened	[MsgId: MMSG-17999]
    2023-06-17 15:09:46.677 : User is logged in with session 136654.238963143HAcQVfcptVzzzzzHtcVHtpQVtf	[MsgId: MMSG-17999]
    2023-06-17 15:09:52.373 : User is logged out of session	[MsgId: MMSG-17999]
  2023-06-17 15:11:46.575 : IterationNum=31	[MsgId: MMSG-17999]
   USER 31 = user81:pwd81	[MsgId: MMSG-17999]
    2023-06-17 15:11:46.668 : Start page is opened	[MsgId: MMSG-17999]
    2023-06-17 15:11:52.217 : User is logged in with session 136654.249169704HAcQVfcpQtVzzzzHtcVHtpQVHzf	[MsgId: MMSG-17999]
    2023-06-17 15:11:56.664 : User is logged out of session	[MsgId: MMSG-17999]
  2023-06-17 15:13:52.584 : IterationNum=32	[MsgId: MMSG-17999]
   USER 32 = user81:pwd81	[MsgId: MMSG-17999]
    2023-06-17 15:13:52.679 : Start page is opened	[MsgId: MMSG-17999]
    2023-06-17 15:13:57.782 : User is logged in with session 136654.259376266HAcQVfDptzzzzzzHtcVHtpQcAi	[MsgId: MMSG-17999]
    2023-06-17 15:14:03.585 : User is logged out of session	[MsgId: MMSG-17999]
  2023-06-17 15:15:58.592 : IterationNum=33	[MsgId: MMSG-17999]
   USER 33 = user81:pwd81	[MsgId: MMSG-17999]
    2023-06-17 15:15:58.687 : Start page is opened	[MsgId: MMSG-17999]
    2023-06-17 15:16:03.966 : User is logged in with session 136654.269582827HAcQVfDpQQVzzzzHtcVHtpQcDQf	[MsgId: MMSG-17999]
    2023-06-17 15:16:08.780 : User is logged out of session	[MsgId: MMSG-17999]
  2023-06-17 15:18:04.607 : IterationNum=34	[MsgId: MMSG-17999]
   USER 34 = user81:pwd81	[MsgId: MMSG-17999]
    2023-06-17 15:18:04.703 : Start page is opened	[MsgId: MMSG-17999]
    2023-06-17 15:18:09.646 : User is logged in with session 136654.279789388HAcQVftpfVzzzzzHtcVHtpQcHV	[MsgId: MMSG-17999]
    2023-06-17 15:18:14.636 : User is logged out of session	[MsgId: MMSG-17999]
  2023-06-17 15:20:10.613 : IterationNum=35	[MsgId: MMSG-17999]
   USER 35 = user81:pwd81	[MsgId: MMSG-17999]
    2023-06-17 15:20:10.708 : Start page is opened	[MsgId: MMSG-17999]
    2023-06-17 15:20:17.090 : User is logged in with session 136654.28999595HAcQVffpAtVzzzzHtcVHtpQDAcf	[MsgId: MMSG-17999]
    2023-06-17 15:20:21.826 : User is logged out of session	[MsgId: MMSG-17999]
  2023-06-17 15:22:16.622 : IterationNum=36	[MsgId: MMSG-17999]
   USER 36 = user81:pwd81	[MsgId: MMSG-17999]
    2023-06-17 15:22:16.715 : Start page is opened	[MsgId: MMSG-17999]
    2023-06-17 15:22:21.010 : User is logged in with session 136654.300202511HAcQVffpfzzzzzzHtcVHtpQDDt	[MsgId: MMSG-17999]
    2023-06-17 15:22:26.666 : User is logged out of session	[MsgId: MMSG-17999]
  2023-06-17 15:24:22.634 : IterationNum=37	[MsgId: MMSG-17999]
   USER 37 = user81:pwd81	[MsgId: MMSG-17999]
    2023-06-17 15:24:22.729 : Start page is opened	[MsgId: MMSG-17999]
    2023-06-17 15:24:28.863 : User is logged in with session 136654.310409073HAcQVfzpAQVzzzzHtcVHtpQDzff	[MsgId: MMSG-17999]
    2023-06-17 15:24:33.437 : User is logged out of session	[MsgId: MMSG-17999]
  2023-06-17 15:26:28.646 : IterationNum=38	[MsgId: MMSG-17999]
   USER 38 = user81:pwd81	[MsgId: MMSG-17999]
    2023-06-17 15:26:28.741 : Start page is opened	[MsgId: MMSG-17999]
    2023-06-17 15:26:35.121 : User is logged in with session 136654.320615634HAcQVfzpzVzzzzzHtcVHtpQDQH	[MsgId: MMSG-17999]
    2023-06-17 15:26:39.440 : User is logged out of session	[MsgId: MMSG-17999]
  2023-06-17 15:28:34.654 : IterationNum=39	[MsgId: MMSG-17999]
   USER 39 = user81:pwd81	[MsgId: MMSG-17999]
    2023-06-17 15:28:34.748 : Start page is opened	[MsgId: MMSG-17999]
    2023-06-17 15:28:40.437 : User is logged in with session 136654.330822195HAcQVfHpVtVzzzzHtcVHtpQtcif	[MsgId: MMSG-17999]
    2023-06-17 15:28:44.358 : User is logged out of session	[MsgId: MMSG-17999]
  2023-06-17 15:30:40.668 : IterationNum=40	[MsgId: MMSG-17999]
   USER 40 = user81:pwd81	[MsgId: MMSG-17999]
    2023-06-17 15:30:40.761 : Start page is opened	[MsgId: MMSG-17999]
    2023-06-17 15:30:44.839 : User is logged in with session 136654.341028757HAcQVfHpzzzzzzzHtcVHtpQtz	[MsgId: MMSG-17999]
    2023-06-17 15:30:50.177 : User is logged out of session	[MsgId: MMSG-17999]
  2023-06-17 15:32:46.675 : IterationNum=41	[MsgId: MMSG-17999]
   USER 41 = user81:pwd81	[MsgId: MMSG-17999]
    2023-06-17 15:32:46.770 : Start page is opened	[MsgId: MMSG-17999]
    2023-06-17 15:32:51.076 : User is logged in with session 136654.351235318HAcQVfipVQVzzzzHtcVHtpQtQVf	[MsgId: MMSG-17999]
    2023-06-17 15:32:55.653 : User is logged out of session	[MsgId: MMSG-17999]
  2023-06-17 15:34:52.684 : IterationNum=42	[MsgId: MMSG-17999]
   USER 42 = user81:pwd81	[MsgId: MMSG-17999]
    2023-06-17 15:34:52.779 : Start page is opened	[MsgId: MMSG-17999]
    2023-06-17 15:34:57.247 : User is logged in with session 136654.361441879HAcQVfipHVzzzzzHtcVHtpQfcD	[MsgId: MMSG-17999]
    2023-06-17 15:35:01.398 : User is logged out of session	[MsgId: MMSG-17999]
  2023-06-17 15:36:58.695 : IterationNum=43	[MsgId: MMSG-17999]
   USER 43 = user81:pwd81	[MsgId: MMSG-17999]
    2023-06-17 15:36:58.789 : Start page is opened	[MsgId: MMSG-17999]
    2023-06-17 15:37:04.937 : User is logged in with session 136654.371648441HAcQVfQpctVzzzzHtcVHtpQfftf	[MsgId: MMSG-17999]
    2023-06-17 15:37:10.913 : User is logged out of session	[MsgId: MMSG-17999]
  2023-06-17 15:39:04.696 : IterationNum=44	[MsgId: MMSG-17999]
   USER 44 = user81:pwd81	[MsgId: MMSG-17999]
    2023-06-17 15:39:04.792 : Start page is opened	[MsgId: MMSG-17999]
    2023-06-17 15:39:09.440 : User is logged in with session 136654.381855002HAcQVfQpHzzzzzzHtcVHtpQfiz	[MsgId: MMSG-17999]
    2023-06-17 15:39:13.563 : User is logged out of session	[MsgId: MMSG-17999]
  2023-06-17 15:41:10.700 : IterationNum=45	[MsgId: MMSG-17999]
   USER 45 = user81:pwd81	[MsgId: MMSG-17999]
    2023-06-17 15:41:10.794 : Start page is opened	[MsgId: MMSG-17999]
    2023-06-17 15:41:16.150 : User is logged in with session 136654.392061563HAcQVzApcQVzzzzHtcVHtpQzVHf	[MsgId: MMSG-17999]
    2023-06-17 15:41:20.649 : User is logged out of session	[MsgId: MMSG-17999]
  2023-06-17 15:43:16.712 : IterationNum=46	[MsgId: MMSG-17999]
   USER 46 = user81:pwd81	[MsgId: MMSG-17999]
    2023-06-17 15:43:16.807 : Start page is opened	[MsgId: MMSG-17999]
    2023-06-17 15:43:20.771 : User is logged in with session 136654.402268125HAcQVzApiVzzzzzHtcVHtpQztQ	[MsgId: MMSG-17999]
    2023-06-17 15:43:27.089 : User is logged out of session	[MsgId: MMSG-17999]
  2023-06-17 15:45:22.715 : IterationNum=47	[MsgId: MMSG-17999]
   USER 47 = user81:pwd81	[MsgId: MMSG-17999]
    2023-06-17 15:45:22.809 : Start page is opened	[MsgId: MMSG-17999]
    2023-06-17 15:45:26.703 : User is logged in with session 136654.412474686HAcQVzVpDtVzzzzHtcVHtpQziAf	[MsgId: MMSG-17999]
    2023-06-17 15:45:32.230 : User is logged out of session	[MsgId: MMSG-17999]
  2023-06-17 15:47:28.715 : IterationNum=48	[MsgId: MMSG-17999]
   USER 48 = user81:pwd81	[MsgId: MMSG-17999]
    2023-06-17 15:47:28.809 : Start page is opened	[MsgId: MMSG-17999]
    2023-06-17 15:47:33.060 : User is logged in with session 136654.422681247HAcQVzVpizzzzzzHtcVHtpQHVc	[MsgId: MMSG-17999]
    2023-06-17 15:47:39.199 : User is logged out of session	[MsgId: MMSG-17999]
  2023-06-17 15:49:34.716 : IterationNum=49	[MsgId: MMSG-17999]
   USER 49 = user81:pwd81	[MsgId: MMSG-17999]
    2023-06-17 15:49:34.809 : Start page is opened	[MsgId: MMSG-17999]
    2023-06-17 15:49:39.681 : User is logged in with session 136654.432887809HAcQVzcpDQVzzzzHtcVHtpQHtDf	[MsgId: MMSG-17999]
    2023-06-17 15:49:45.137 : User is logged out of session	[MsgId: MMSG-17999]
  2023-06-17 15:51:40.718 : IterationNum=50	[MsgId: MMSG-17999]
   USER 50 = user81:pwd81	[MsgId: MMSG-17999]
    2023-06-17 15:51:40.812 : Start page is opened	[MsgId: MMSG-17999]
    2023-06-17 15:51:46.062 : User is logged in with session 136654.44309437HAcQVzcpQVzzzzzHtcVHtpQHHf	[MsgId: MMSG-17999]
    2023-06-17 15:51:50.190 : User is logged out of session	[MsgId: MMSG-17999]
  2023-06-17 15:53:46.732 : IterationNum=51	[MsgId: MMSG-17999]
   USER 51 = user81:pwd81	[MsgId: MMSG-17999]
    2023-06-17 15:53:46.825 : Start page is opened	[MsgId: MMSG-17999]
    2023-06-17 15:53:51.255 : User is logged in with session 136654.453300932HAcQVzDpttVzzzzHtcVHtpQiAzf	[MsgId: MMSG-17999]
    2023-06-17 15:53:55.754 : User is logged out of session	[MsgId: MMSG-17999]
  2023-06-17 15:55:52.734 : IterationNum=52	[MsgId: MMSG-17999]
   USER 52 = user81:pwd81	[MsgId: MMSG-17999]
    2023-06-17 15:55:52.828 : Start page is opened	[MsgId: MMSG-17999]
    2023-06-17 15:55:59.015 : User is logged in with session 136654.463507493HAcQVzDpQzzzzzzHtcVHtpQiDi	[MsgId: MMSG-17999]
    2023-06-17 15:56:02.985 : User is logged out of session	[MsgId: MMSG-17999]
  2023-06-17 15:57:58.739 : IterationNum=53	[MsgId: MMSG-17999]
   USER 53 = user81:pwd81	[MsgId: MMSG-17999]
    2023-06-17 15:57:58.833 : Start page is opened	[MsgId: MMSG-17999]
    2023-06-17 15:58:03.070 : User is logged in with session 136654.473714054HAcQVztptQVzzzzHtcVHtpQizQf	[MsgId: MMSG-17999]
    2023-06-17 15:58:08.008 : User is logged out of session	[MsgId: MMSG-17999]
  2023-06-17 16:00:04.750 : IterationNum=54	[MsgId: MMSG-17999]
   USER 54 = user81:pwd81	[MsgId: MMSG-17999]
    2023-06-17 16:00:04.844 : Start page is opened	[MsgId: MMSG-17999]
    2023-06-17 16:00:10.681 : User is logged in with session 136654.483920616HAcQVzfpAVzzzzzHtcVHtpQQAV	[MsgId: MMSG-17999]
    2023-06-17 16:00:16.987 : User is logged out of session	[MsgId: MMSG-17999]
  2023-06-17 16:02:10.756 : IterationNum=55	[MsgId: MMSG-17999]
   USER 55 = user81:pwd81	[MsgId: MMSG-17999]
    2023-06-17 16:02:10.850 : Start page is opened	[MsgId: MMSG-17999]
    2023-06-17 16:02:15.025 : User is logged in with session 136654.494127177HAcQVzfpftVzzzzHtcVHtpQQDcf	[MsgId: MMSG-17999]
    2023-06-17 16:02:19.452 : User is logged out of session	[MsgId: MMSG-17999]
  2023-06-17 16:04:16.758 : IterationNum=56	[MsgId: MMSG-17999]
   USER 56 = user81:pwd81	[MsgId: MMSG-17999]
    2023-06-17 16:04:16.852 : Start page is opened	[MsgId: MMSG-17999]
    2023-06-17 16:04:22.853 : User is logged in with session 136654.504333738HAcQVzzpAzzzzzzHtcVHtpQQzt	[MsgId: MMSG-17999]
    2023-06-17 16:04:27.403 : User is logged out of session	[MsgId: MMSG-17999]
  2023-06-17 16:06:22.764 : IterationNum=57	[MsgId: MMSG-17999]
   USER 57 = user81:pwd81	[MsgId: MMSG-17999]
    2023-06-17 16:06:22.858 : Start page is opened	[MsgId: MMSG-17999]
    2023-06-17 16:06:28.764 : User is logged in with session 136654.5145403HAcQVzzpfQVzzzzHtcVHtpQQQff	[MsgId: MMSG-17999]
    2023-06-17 16:06:33.483 : User is logged out of session	[MsgId: MMSG-17999]
  2023-06-17 16:08:28.776 : IterationNum=58	[MsgId: MMSG-17999]
   USER 58 = user81:pwd81	[MsgId: MMSG-17999]
    2023-06-17 16:08:28.869 : Start page is opened	[MsgId: MMSG-17999]
    2023-06-17 16:08:34.950 : User is logged in with session 136654.524746861HAcQVzHpVVzzzzzHtcVHfpAAcH	[MsgId: MMSG-17999]
    2023-06-17 16:08:40.222 : User is logged out of session	[MsgId: MMSG-17999]
  2023-06-17 16:10:34.787 : IterationNum=59	[MsgId: MMSG-17999]
   USER 59 = user81:pwd81	[MsgId: MMSG-17999]
    2023-06-17 16:10:34.879 : Start page is opened	[MsgId: MMSG-17999]
    2023-06-17 16:10:40.576 : User is logged in with session 136654.534953422HAcQVzHpztVzzzzHtcVHfpAAfif	[MsgId: MMSG-17999]
    2023-06-17 16:10:46.946 : User is logged out of session	[MsgId: MMSG-17999]
  2023-06-17 16:12:40.802 : IterationNum=60	[MsgId: MMSG-17999]
   USER 60 = user81:pwd81	[MsgId: MMSG-17999]
    2023-06-17 16:12:40.897 : Start page is opened	[MsgId: MMSG-17999]
    2023-06-17 16:12:45.935 : User is logged in with session 136654.545159984HAcQVzipVzzzzzzHtcVHfpAAQ	[MsgId: MMSG-17999]
    2023-06-17 16:12:51.576 : User is logged out of session	[MsgId: MMSG-17999]
  2023-06-17 16:14:46.817 : IterationNum=61	[MsgId: MMSG-17999]
   USER 61 = user81:pwd81	[MsgId: MMSG-17999]
    2023-06-17 16:14:46.912 : Start page is opened	[MsgId: MMSG-17999]
    2023-06-17 16:14:52.408 : User is logged in with session 136654.555366545HAcQVzipzQVzzzzHtcVHfpAVcVf	[MsgId: MMSG-17999]
    2023-06-17 16:14:58.790 : User is logged out of session	[MsgId: MMSG-17999]
  2023-06-17 16:16:52.829 : IterationNum=62	[MsgId: MMSG-17999]
   USER 62 = user81:pwd81	[MsgId: MMSG-17999]
    2023-06-17 16:16:52.924 : Start page is opened	[MsgId: MMSG-17999]
    2023-06-17 16:16:58.534 : User is logged in with session 136654.565573107HAcQVzQpcVzzzzzHtcVHfpAVfD	[MsgId: MMSG-17999]
    2023-06-17 16:17:04.250 : User is logged out of session	[MsgId: MMSG-17999]
  2023-06-17 16:18:58.833 : IterationNum=63	[MsgId: MMSG-17999]
   USER 63 = user81:pwd81	[MsgId: MMSG-17999]
    2023-06-17 16:18:58.927 : Start page is opened	[MsgId: MMSG-17999]
    2023-06-17 16:19:04.838 : User is logged in with session 136654.575779668HAcQVzQpHtVzzzzHtcVHfpAVitf	[MsgId: MMSG-17999]
    2023-06-17 16:19:10.823 : User is logged out of session	[MsgId: MMSG-17999]
  2023-06-17 16:21:04.844 : IterationNum=64	[MsgId: MMSG-17999]
   USER 64 = user81:pwd81	[MsgId: MMSG-17999]
    2023-06-17 16:21:04.939 : Start page is opened	[MsgId: MMSG-17999]
    2023-06-17 16:21:09.934 : User is logged in with session 136654.585986229HAcQVHApczzzzzzHtcVHfpAcVz	[MsgId: MMSG-17999]
    2023-06-17 16:21:14.218 : User is logged out of session	[MsgId: MMSG-17999]
  2023-06-17 16:23:10.857 : IterationNum=65	[MsgId: MMSG-17999]
   USER 65 = user81:pwd81	[MsgId: MMSG-17999]
    2023-06-17 16:23:10.950 : Start page is opened	[MsgId: MMSG-17999]
    2023-06-17 16:23:16.806 : User is logged in with session 136654.596192791HAcQVHApHQVzzzzHtcVHfpActHf	[MsgId: MMSG-17999]
    2023-06-17 16:23:23.079 : User is logged out of session	[MsgId: MMSG-17999]
  2023-06-17 16:25:16.859 : IterationNum=66	[MsgId: MMSG-17999]
   USER 66 = user81:pwd81	[MsgId: MMSG-17999]
    2023-06-17 16:25:16.953 : Start page is opened	[MsgId: MMSG-17999]
    2023-06-17 16:25:22.858 : User is logged in with session 136654.606399352HAcQVHVpDVzzzzzHtcVHfpAcHQ	[MsgId: MMSG-17999]
    2023-06-17 16:25:27.562 : User is logged out of session	[MsgId: MMSG-17999]
  2023-06-17 16:27:22.868 : IterationNum=67	[MsgId: MMSG-17999]
   USER 67 = user81:pwd81	[MsgId: MMSG-17999]
    2023-06-17 16:27:22.961 : Start page is opened	[MsgId: MMSG-17999]
    2023-06-17 16:27:28.533 : User is logged in with session 136654.616605913HAcQVHVpitVzzzzHtcVHfpADVAf	[MsgId: MMSG-17999]
    2023-06-17 16:27:34.581 : User is logged out of session	[MsgId: MMSG-17999]
  2023-06-17 16:29:28.874 : IterationNum=68	[MsgId: MMSG-17999]
   USER 68 = user81:pwd81	[MsgId: MMSG-17999]
    2023-06-17 16:29:28.969 : Start page is opened	[MsgId: MMSG-17999]
    2023-06-17 16:29:33.940 : User is logged in with session 136654.626812475HAcQVHcpDzzzzzzHtcVHfpADtc	[MsgId: MMSG-17999]
    2023-06-17 16:29:38.310 : User is logged out of session	[MsgId: MMSG-17999]
  2023-06-17 16:31:34.884 : IterationNum=69	[MsgId: MMSG-17999]
   USER 69 = user81:pwd81	[MsgId: MMSG-17999]
    2023-06-17 16:31:34.977 : Start page is opened	[MsgId: MMSG-17999]
    2023-06-17 16:31:39.006 : User is logged in with session 136654.637019036HAcQVHcpiQVzzzzHtcVHfpADHDf	[MsgId: MMSG-17999]
    2023-06-17 16:31:43.401 : User is logged out of session	[MsgId: MMSG-17999]
  2023-06-17 16:33:40.895 : IterationNum=70	[MsgId: MMSG-17999]
   USER 70 = user81:pwd81	[MsgId: MMSG-17999]
    2023-06-17 16:33:40.990 : Start page is opened	[MsgId: MMSG-17999]
    2023-06-17 16:33:46.249 : User is logged in with session 136654.647225597HAcQVHDptVzzzzzHtcVHfpAtAf	[MsgId: MMSG-17999]
    2023-06-17 16:33:50.225 : User is logged out of session	[MsgId: MMSG-17999]
  2023-06-17 16:35:46.910 : IterationNum=71	[MsgId: MMSG-17999]
   USER 71 = user81:pwd81	[MsgId: MMSG-17999]
    2023-06-17 16:35:47.004 : Start page is opened	[MsgId: MMSG-17999]
    2023-06-17 16:35:51.374 : User is logged in with session 136654.657432159HAcQVHDpQtVzzzzHtcVHfpAtDzf	[MsgId: MMSG-17999]
    2023-06-17 16:35:55.592 : User is logged out of session	[MsgId: MMSG-17999]
  2023-06-17 16:37:52.910 : IterationNum=72	[MsgId: MMSG-17999]
   USER 72 = user81:pwd81	[MsgId: MMSG-17999]
    2023-06-17 16:37:53.004 : Start page is opened	[MsgId: MMSG-17999]
    2023-06-17 16:37:57.711 : User is logged in with session 136654.66763872HAcQVHtptzzzzzzHtcVHfpAtzi	[MsgId: MMSG-17999]
    2023-06-17 16:38:01.704 : User is logged out of session	[MsgId: MMSG-17999]
  2023-06-17 16:39:58.915 : IterationNum=73	[MsgId: MMSG-17999]
   USER 73 = user81:pwd81	[MsgId: MMSG-17999]
    2023-06-17 16:39:59.010 : Start page is opened	[MsgId: MMSG-17999]
    2023-06-17 16:40:03.088 : User is logged in with session 136654.677845281HAcQVHtpQQVzzzzHtcVHfpAtQQf	[MsgId: MMSG-17999]
    2023-06-17 16:40:08.745 : User is logged out of session	[MsgId: MMSG-17999]
  2023-06-17 16:42:04.919 : IterationNum=74	[MsgId: MMSG-17999]
   USER 74 = user81:pwd81	[MsgId: MMSG-17999]
    2023-06-17 16:42:05.013 : Start page is opened	[MsgId: MMSG-17999]
    2023-06-17 16:42:11.086 : User is logged in with session 136654.688051843HAcQVHfpfVzzzzzHtcVHfpAfDV	[MsgId: MMSG-17999]
    2023-06-17 16:42:15.011 : User is logged out of session	[MsgId: MMSG-17999]
  2023-06-17 16:44:10.932 : IterationNum=75	[MsgId: MMSG-17999]
   USER 75 = user81:pwd81	[MsgId: MMSG-17999]
    2023-06-17 16:44:11.026 : Start page is opened	[MsgId: MMSG-17999]
    2023-06-17 16:44:16.472 : User is logged in with session 136654.698258404HAcQVHzpAtVzzzzHtcVHfpAfzcf	[MsgId: MMSG-17999]
    2023-06-17 16:44:21.493 : User is logged out of session	[MsgId: MMSG-17999]
  2023-06-17 16:46:16.939 : IterationNum=76	[MsgId: MMSG-17999]
   USER 76 = user81:pwd81	[MsgId: MMSG-17999]
    2023-06-17 16:46:17.033 : Start page is opened	[MsgId: MMSG-17999]
    2023-06-17 16:46:22.859 : User is logged in with session 136654.708464966HAcQVHzpfzzzzzzHtcVHfpAfQt	[MsgId: MMSG-17999]
    2023-06-17 16:46:28.366 : User is logged out of session	[MsgId: MMSG-17999]
  2023-06-17 16:48:22.941 : IterationNum=77	[MsgId: MMSG-17999]
   USER 77 = user81:pwd81	[MsgId: MMSG-17999]
    2023-06-17 16:48:23.035 : Start page is opened	[MsgId: MMSG-17999]
    2023-06-17 16:48:29.222 : User is logged in with session 136654.718671527HAcQVHHpAQVzzzzHtcVHfpAzcff	[MsgId: MMSG-17999]
    2023-06-17 16:48:34.494 : User is logged out of session	[MsgId: MMSG-17999]
  2023-06-17 16:50:28.949 : IterationNum=78	[MsgId: MMSG-17999]
   USER 78 = user81:pwd81	[MsgId: MMSG-17999]
    2023-06-17 16:50:29.042 : Start page is opened	[MsgId: MMSG-17999]
    2023-06-17 16:50:33.060 : User is logged in with session 136654.728878088HAcQVHHpzVzzzzzHtcVHfpAzfH	[MsgId: MMSG-17999]
    2023-06-17 16:50:38.296 : User is logged out of session	[MsgId: MMSG-17999]
  2023-06-17 16:52:34.957 : IterationNum=79	[MsgId: MMSG-17999]
   USER 79 = user81:pwd81	[MsgId: MMSG-17999]
    2023-06-17 16:52:35.052 : Start page is opened	[MsgId: MMSG-17999]
    2023-06-17 16:52:39.240 : User is logged in with session 136654.73908465HAcQVHipVtVzzzzHtcVHfpAziif	[MsgId: MMSG-17999]
    2023-06-17 16:52:44.435 : User is logged out of session	[MsgId: MMSG-17999]
  2023-06-17 16:54:40.969 : IterationNum=80	[MsgId: MMSG-17999]
   USER 80 = user81:pwd81	[MsgId: MMSG-17999]
    2023-06-17 16:54:41.063 : Start page is opened	[MsgId: MMSG-17999]
    2023-06-17 16:54:45.313 : User is logged in with session 136654.749372215HAcQVHipzHAiDDDDtcVHfpAHcAcf	[MsgId: MMSG-17999]
    2023-06-17 16:54:50.823 : User is logged out of session	[MsgId: MMSG-17999]
  2023-06-17 16:56:46.970 : IterationNum=81	[MsgId: MMSG-17999]
   USER 81 = user81:pwd81	[MsgId: MMSG-17999]
    2023-06-17 16:56:47.064 : Start page is opened	[MsgId: MMSG-17999]
    2023-06-17 16:56:51.423 : User is logged in with session 136654.759578777HAcQVHQpVQfiDDDDtcVHfpAHfVHf	[MsgId: MMSG-17999]
    2023-06-17 16:56:56.227 : User is logged out of session	[MsgId: MMSG-17999]
  2023-06-17 16:58:52.978 : IterationNum=82	[MsgId: MMSG-17999]
   USER 82 = user81:pwd81	[MsgId: MMSG-17999]
    2023-06-17 16:58:53.071 : Start page is opened	[MsgId: MMSG-17999]
    2023-06-17 16:58:57.530 : User is logged in with session 136654.769785338HAcQVHQpHcAiDDDDtcVHfpAHiDcf	[MsgId: MMSG-17999]
    2023-06-17 16:59:03.301 : User is logged out of session	[MsgId: MMSG-17999]
  2023-06-17 17:00:58.991 : IterationNum=83	[MsgId: MMSG-17999]
   USER 83 = user81:pwd81	[MsgId: MMSG-17999]
    2023-06-17 17:00:59.086 : Start page is opened	[MsgId: MMSG-17999]
    2023-06-17 17:01:04.607 : User is logged in with session 136654.7799919HAcQViApctfiDDDDtcVHfpAiVtHf	[MsgId: MMSG-17999]
    2023-06-17 17:01:08.630 : User is logged out of session	[MsgId: MMSG-17999]
  2023-06-17 17:03:05.006 : IterationNum=84	[MsgId: MMSG-17999]
   USER 84 = user81:pwd81	[MsgId: MMSG-17999]
    2023-06-17 17:03:05.101 : Start page is opened	[MsgId: MMSG-17999]
    2023-06-17 17:03:10.848 : User is logged in with session 136654.790198461HAcQViApHHAiDDDDtcVHfpAitzcf	[MsgId: MMSG-17999]
    2023-06-17 17:03:15.661 : User is logged out of session	[MsgId: MMSG-17999]
  2023-06-17 17:05:11.009 : IterationNum=85	[MsgId: MMSG-17999]
   USER 85 = user81:pwd81	[MsgId: MMSG-17999]
    2023-06-17 17:05:11.103 : Start page is opened	[MsgId: MMSG-17999]
    2023-06-17 17:05:15.856 : User is logged in with session 136654.800405022HAcQViVpcQfiDDDDtcVHfpAiHHHf	[MsgId: MMSG-17999]
    2023-06-17 17:05:22.165 : User is logged out of session	[MsgId: MMSG-17999]
  2023-06-17 17:07:17.011 : IterationNum=86	[MsgId: MMSG-17999]
   USER 86 = user81:pwd81	[MsgId: MMSG-17999]
    2023-06-17 17:07:17.107 : Start page is opened	[MsgId: MMSG-17999]
    2023-06-17 17:07:22.723 : User is logged in with session 136654.810611584HAcQViVpicAiDDDDtcVHfpAQAQcf	[MsgId: MMSG-17999]
    2023-06-17 17:07:27.257 : User is logged out of session	[MsgId: MMSG-17999]
  2023-06-17 17:09:23.015 : IterationNum=87	[MsgId: MMSG-17999]
   USER 87 = user81:pwd81	[MsgId: MMSG-17999]
    2023-06-17 17:09:23.110 : Start page is opened	[MsgId: MMSG-17999]
    2023-06-17 17:09:27.272 : User is logged in with session 136654.820818145HAcQVicpDtfiDDDDtcVHfpAQtAHf	[MsgId: MMSG-17999]
    2023-06-17 17:09:31.861 : User is logged out of session	[MsgId: MMSG-17999]
  2023-06-17 17:11:29.020 : IterationNum=88	[MsgId: MMSG-17999]
   USER 88 = user81:pwd81	[MsgId: MMSG-17999]
    2023-06-17 17:11:29.115 : Start page is opened	[MsgId: MMSG-17999]
    2023-06-17 17:11:35.065 : User is logged in with session 136654.831024706HAcQVicpiHAiDDDDtcVHfpAQHccf	[MsgId: MMSG-17999]
    2023-06-17 17:11:40.670 : User is logged out of session	[MsgId: MMSG-17999]
  2023-06-17 17:13:35.023 : IterationNum=89	[MsgId: MMSG-17999]
   USER 89 = user81:pwd81	[MsgId: MMSG-17999]
    2023-06-17 17:13:35.117 : Start page is opened	[MsgId: MMSG-17999]
    2023-06-17 17:13:40.929 : User is logged in with session 136654.841231268HAcQViDpDQfiDDDDtcVHfpVAADHf	[MsgId: MMSG-17999]
    2023-06-17 17:13:46.701 : User is logged out of session	[MsgId: MMSG-17999]
  2023-06-17 17:15:41.027 : IterationNum=90	[MsgId: MMSG-17999]
   USER 90 = user81:pwd81	[MsgId: MMSG-17999]
    2023-06-17 17:15:41.121 : Start page is opened	[MsgId: MMSG-17999]
    2023-06-17 17:15:45.480 : User is logged in with session 136654.851437829HAcQViDpQcAiDDDDtcVHfpVADfcf	[MsgId: MMSG-17999]
    2023-06-17 17:15:51.072 : User is logged out of session	[MsgId: MMSG-17999]
  2023-06-17 17:17:47.040 : IterationNum=91	[MsgId: MMSG-17999]
   USER 91 = user81:pwd81	[MsgId: MMSG-17999]
    2023-06-17 17:17:47.135 : Start page is opened	[MsgId: MMSG-17999]
    2023-06-17 17:17:51.562 : User is logged in with session 136654.86164439HAcQVitpttfiDDDDtcVHfpVAzzHf	[MsgId: MMSG-17999]
    2023-06-17 17:17:57.408 : User is logged out of session	[MsgId: MMSG-17999]
  2023-06-17 17:19:53.044 : IterationNum=92	[MsgId: MMSG-17999]
   USER 92 = user81:pwd81	[MsgId: MMSG-17999]
    2023-06-17 17:19:53.138 : Start page is opened	[MsgId: MMSG-17999]
    2023-06-17 17:19:58.031 : User is logged in with session 136654.871850952HAcQVitpQHAiDDDDtcVHfpVAQicf	[MsgId: MMSG-17999]
    2023-06-17 17:20:02.142 : User is logged out of session	[MsgId: MMSG-17999]
  2023-06-17 17:21:59.060 : IterationNum=93	[MsgId: MMSG-17999]
   USER 93 = user81:pwd81	[MsgId: MMSG-17999]
    2023-06-17 17:21:59.154 : Start page is opened	[MsgId: MMSG-17999]
    2023-06-17 17:22:04.076 : User is logged in with session 136654.882057513HAcQVifptQfiDDDDtcVHfpVVcQHf	[MsgId: MMSG-17999]
    2023-06-17 17:22:10.356 : User is logged out of session	[MsgId: MMSG-17999]
  2023-06-17 17:24:05.071 : IterationNum=94	[MsgId: MMSG-17999]
   USER 94 = user81:pwd81	[MsgId: MMSG-17999]
    2023-06-17 17:24:05.164 : Start page is opened	[MsgId: MMSG-17999]
    2023-06-17 17:24:09.997 : User is logged in with session 136654.892264075HAcQVizpAcAiDDDDtcVHfpVVzVcf	[MsgId: MMSG-17999]
    2023-06-17 17:24:14.670 : User is logged out of session	[MsgId: MMSG-17999]
  2023-06-17 17:26:11.077 : IterationNum=95	[MsgId: MMSG-17999]
   USER 95 = user81:pwd81	[MsgId: MMSG-17999]
    2023-06-17 17:26:11.170 : Start page is opened	[MsgId: MMSG-17999]
    2023-06-17 17:26:17.178 : User is logged in with session 136654.902470636HAcQVizpftfiDDDDtcVHfpVVQcHf	[MsgId: MMSG-17999]
    2023-06-17 17:26:22.836 : User is logged out of session	[MsgId: MMSG-17999]
  2023-06-17 17:28:17.079 : IterationNum=96	[MsgId: MMSG-17999]
   USER 96 = user81:pwd81	[MsgId: MMSG-17999]
    2023-06-17 17:28:17.173 : Start page is opened	[MsgId: MMSG-17999]
    2023-06-17 17:28:21.317 : User is logged in with session 136654.912677197HAcQViHpAHAiDDDDtcVHfpVcctcf	[MsgId: MMSG-17999]
    2023-06-17 17:28:27.510 : User is logged out of session	[MsgId: MMSG-17999]
  2023-06-17 17:30:23.094 : IterationNum=97	[MsgId: MMSG-17999]
   USER 97 = user81:pwd81	[MsgId: MMSG-17999]
    2023-06-17 17:30:23.189 : Start page is opened	[MsgId: MMSG-17999]
    2023-06-17 17:30:28.816 : User is logged in with session 136654.922883759HAcQViHpfQfiDDDDtcVHfpVcffHf	[MsgId: MMSG-17999]
    2023-06-17 17:30:33.969 : User is logged out of session	[MsgId: MMSG-17999]
  2023-06-17 17:32:29.103 : IterationNum=98	[MsgId: MMSG-17999]
   USER 98 = user81:pwd81	[MsgId: MMSG-17999]
    2023-06-17 17:32:29.197 : Start page is opened	[MsgId: MMSG-17999]
    2023-06-17 17:32:34.219 : User is logged in with session 136654.93309032HAcQViipVcAiDDDDtcVHfpVciHcf	[MsgId: MMSG-17999]
    2023-06-17 17:32:38.687 : User is logged out of session	[MsgId: MMSG-17999]
  2023-06-17 17:34:35.111 : IterationNum=99	[MsgId: MMSG-17999]
   USER 99 = user81:pwd81	[MsgId: MMSG-17999]
    2023-06-17 17:34:35.204 : Start page is opened	[MsgId: MMSG-17999]
    2023-06-17 17:34:40.243 : User is logged in with session 136654.943296881HAcQViipztfiDDDDtcVHfpVDViHf	[MsgId: MMSG-17999]
    2023-06-17 17:34:45.267 : User is logged out of session	[MsgId: MMSG-17999]
  2023-06-17 17:36:41.122 : IterationNum=100	[MsgId: MMSG-17999]
   USER 100 = user81:pwd81	[MsgId: MMSG-17999]
    2023-06-17 17:36:41.216 : Start page is opened	[MsgId: MMSG-17999]
    2023-06-17 17:36:46.652 : User is logged in with session 136654.953503443HAcQViQpVHAiDDDDtcVHfpVDfAcf	[MsgId: MMSG-17999]
    2023-06-17 17:36:52.903 : User is logged out of session	[MsgId: MMSG-17999]
  2023-06-17 17:38:47.130 : IterationNum=101	[MsgId: MMSG-17999]
   USER 101 = user81:pwd81	[MsgId: MMSG-17999]
    2023-06-17 17:38:47.225 : Start page is opened	[MsgId: MMSG-17999]
    2023-06-17 17:38:53.484 : User is logged in with session 136654.963710004HAcQViQpzQfiDDDDtcVHfpVDiVHf	[MsgId: MMSG-17999]
    2023-06-17 17:38:57.724 : User is logged out of session	[MsgId: MMSG-17999]
  2023-06-17 17:40:53.136 : IterationNum=102	[MsgId: MMSG-17999]
   USER 102 = user81:pwd81	[MsgId: MMSG-17999]
    2023-06-17 17:40:53.231 : Start page is opened	[MsgId: MMSG-17999]
    2023-06-17 17:40:58.141 : User is logged in with session 136654.973916565HAcQVQApccAiDDDDtcVHfpVtVDcf	[MsgId: MMSG-17999]
    2023-06-17 17:41:04.424 : User is logged out of session	[MsgId: MMSG-17999]
  2023-06-17 17:42:59.140 : IterationNum=103	[MsgId: MMSG-17999]
   USER 103 = user81:pwd81	[MsgId: MMSG-17999]
    2023-06-17 17:42:59.234 : Start page is opened	[MsgId: MMSG-17999]
    2023-06-17 17:43:03.749 : User is logged in with session 136654.984123127HAcQVQApHtfiDDDDtcVHfpVtttHf	[MsgId: MMSG-17999]
    2023-06-17 17:43:09.156 : User is logged out of session	[MsgId: MMSG-17999]
  2023-06-17 17:45:05.153 : IterationNum=104	[MsgId: MMSG-17999]
   USER 104 = user81:pwd81	[MsgId: MMSG-17999]
    2023-06-17 17:45:05.246 : Start page is opened	[MsgId: MMSG-17999]
    2023-06-17 17:45:11.514 : User is logged in with session 136654.994329688HAcQVQVpcHAiDDDDtcVHfpVtHzcf	[MsgId: MMSG-17999]
    2023-06-17 17:45:17.425 : User is logged out of session	[MsgId: MMSG-17999]
  2023-06-17 17:47:11.162 : IterationNum=105	[MsgId: MMSG-17999]
   USER 105 = user81:pwd81	[MsgId: MMSG-17999]
    2023-06-17 17:47:11.256 : Start page is opened	[MsgId: MMSG-17999]
    2023-06-17 17:47:15.719 : User is logged in with session 136655.00453625HAcQVQVpHQfiDDDDtcVHfpVfAHHf	[MsgId: MMSG-17999]
    2023-06-17 17:47:21.869 : User is logged out of session	[MsgId: MMSG-17999]
  2023-06-17 17:49:17.166 : IterationNum=106	[MsgId: MMSG-17999]
   USER 106 = user81:pwd81	[MsgId: MMSG-17999]
    2023-06-17 17:49:17.260 : Start page is opened	[MsgId: MMSG-17999]
    2023-06-17 17:49:23.538 : User is logged in with session 136655.014742811HAcQVQcpDcAiDDDDtcVHfpVfDQcf	[MsgId: MMSG-17999]
    2023-06-17 17:49:29.390 : User is logged out of session	[MsgId: MMSG-17999]
  2023-06-17 17:51:23.169 : IterationNum=107	[MsgId: MMSG-17999]
   USER 107 = user81:pwd81	[MsgId: MMSG-17999]
    2023-06-17 17:51:23.264 : Start page is opened	[MsgId: MMSG-17999]
    2023-06-17 17:51:27.612 : User is logged in with session 136655.024949372HAcQVQcpitfiDDDDtcVHfpVfHAHf	[MsgId: MMSG-17999]
    2023-06-17 17:51:31.649 : User is logged out of session	[MsgId: MMSG-17999]
  2023-06-17 17:53:29.184 : IterationNum=108	[MsgId: MMSG-17999]
   USER 108 = user81:pwd81	[MsgId: MMSG-17999]
    2023-06-17 17:53:29.278 : Start page is opened	[MsgId: MMSG-17999]
    2023-06-17 17:53:35.581 : User is logged in with session 136655.035155934HAcQVQDpDHAiDDDDtcVHfpVzAccf	[MsgId: MMSG-17999]
    2023-06-17 17:53:40.311 : User is logged out of session	[MsgId: MMSG-17999]
  2023-06-17 17:55:35.194 : IterationNum=109	[MsgId: MMSG-17999]
   USER 109 = user81:pwd81	[MsgId: MMSG-17999]
    2023-06-17 17:55:35.289 : Start page is opened	[MsgId: MMSG-17999]
    2023-06-17 17:55:40.314 : User is logged in with session 136655.045362495HAcQVQDpiQfiDDDDtcVHfpVzDDHf	[MsgId: MMSG-17999]
    2023-06-17 17:55:45.275 : User is logged out of session	[MsgId: MMSG-17999]
  2023-06-17 17:57:41.200 : IterationNum=110	[MsgId: MMSG-17999]
   USER 110 = user81:pwd81	[MsgId: MMSG-17999]
    2023-06-17 17:57:41.293 : Start page is opened	[MsgId: MMSG-17999]
    2023-06-17 17:57:45.642 : User is logged in with session 136655.055569056HAcQVQtptcAiDDDDtcVHfpVzzfcf	[MsgId: MMSG-17999]
    2023-06-17 17:57:50.265 : User is logged out of session	[MsgId: MMSG-17999]
  2023-06-17 17:59:47.208 : IterationNum=111	[MsgId: MMSG-17999]
   USER 111 = user81:pwd81	[MsgId: MMSG-17999]
    2023-06-17 17:59:47.302 : Start page is opened	[MsgId: MMSG-17999]
    2023-06-17 17:59:52.250 : User is logged in with session 136655.065775618HAcQVQtpQtfiDDDDtcVHfpVzQzHf	[MsgId: MMSG-17999]
    2023-06-17 17:59:56.998 : User is logged out of session	[MsgId: MMSG-17999]
  2023-06-17 18:01:53.220 : IterationNum=112	[MsgId: MMSG-17999]
   USER 112 = user81:pwd81	[MsgId: MMSG-17999]
    2023-06-17 18:01:53.315 : Start page is opened	[MsgId: MMSG-17999]
    2023-06-17 18:01:58.672 : User is logged in with session 136655.075982179HAcQVQfptHAiDDDDtcVHfpVHcicf	[MsgId: MMSG-17999]
    2023-06-17 18:02:02.691 : User is logged out of session	[MsgId: MMSG-17999]
  2023-06-17 18:03:59.234 : IterationNum=113	[MsgId: MMSG-17999]
   USER 113 = user81:pwd81	[MsgId: MMSG-17999]
    2023-06-17 18:03:59.329 : Start page is opened	[MsgId: MMSG-17999]
    2023-06-17 18:04:04.075 : User is logged in with session 136655.08618874HAcQVQfpQQfiDDDDtcVHfpVHfQHf	[MsgId: MMSG-17999]
    2023-06-17 18:04:09.702 : User is logged out of session	[MsgId: MMSG-17999]
  2023-06-17 18:06:05.249 : IterationNum=114	[MsgId: MMSG-17999]
   USER 114 = user81:pwd81	[MsgId: MMSG-17999]
    2023-06-17 18:06:05.344 : Start page is opened	[MsgId: MMSG-17999]
    2023-06-17 18:06:09.827 : User is logged in with session 136655.096395302HAcQVQzpfcAiDDDDtcVHfpVHQVcf	[MsgId: MMSG-17999]
    2023-06-17 18:06:15.086 : User is logged out of session	[MsgId: MMSG-17999]
  2023-06-17 18:08:11.256 : IterationNum=115	[MsgId: MMSG-17999]
   USER 115 = user81:pwd81	[MsgId: MMSG-17999]
    2023-06-17 18:08:11.350 : Start page is opened	[MsgId: MMSG-17999]
    2023-06-17 18:08:15.715 : User is logged in with session 136655.106601863HAcQVQHpAtfiDDDDtcVHfpViccHf	[MsgId: MMSG-17999]
    2023-06-17 18:08:20.078 : User is logged out of session	[MsgId: MMSG-17999]
  2023-06-17 18:10:17.266 : IterationNum=116	[MsgId: MMSG-17999]
   USER 116 = user81:pwd81	[MsgId: MMSG-17999]
    2023-06-17 18:10:17.361 : Start page is opened	[MsgId: MMSG-17999]
    2023-06-17 18:10:22.450 : User is logged in with session 136655.116808424HAcQVQHpfHAiDDDDtcVHfpViftcf	[MsgId: MMSG-17999]
    2023-06-17 18:10:27.437 : User is logged out of session	[MsgId: MMSG-17999]
  2023-06-17 18:12:23.281 : IterationNum=117	[MsgId: MMSG-17999]
   USER 117 = user81:pwd81	[MsgId: MMSG-17999]
    2023-06-17 18:12:23.375 : Start page is opened	[MsgId: MMSG-17999]
    2023-06-17 18:12:27.881 : User is logged in with session 136655.127014986HAcQVQipAQfiDDDDtcVHfpViifHf	[MsgId: MMSG-17999]
    2023-06-17 18:12:32.479 : User is logged out of session	[MsgId: MMSG-17999]
  2023-06-17 18:14:29.293 : IterationNum=118	[MsgId: MMSG-17999]
   USER 118 = user81:pwd81	[MsgId: MMSG-17999]
    2023-06-17 18:14:29.388 : Start page is opened	[MsgId: MMSG-17999]
    2023-06-17 18:14:35.688 : User is logged in with session 136655.137221547HAcQVQipzcAiDDDDtcVHfpVQVHcf	[MsgId: MMSG-17999]
    2023-06-17 18:14:40.981 : User is logged out of session	[MsgId: MMSG-17999]
  2023-06-17 18:16:35.294 : IterationNum=119	[MsgId: MMSG-17999]
   USER 119 = user81:pwd81	[MsgId: MMSG-17999]
    2023-06-17 18:16:35.387 : Start page is opened	[MsgId: MMSG-17999]
    2023-06-17 18:16:41.335 : User is logged in with session 136655.147428109HAcQVQQpVtfiDDDDtcVHfpVQtiHf	[MsgId: MMSG-17999]
    2023-06-17 18:16:46.043 : User is logged out of session	[MsgId: MMSG-17999]
  2023-06-17 18:18:41.304 : IterationNum=120	[MsgId: MMSG-17999]
   USER 120 = user81:pwd81	[MsgId: MMSG-17999]
    2023-06-17 18:18:41.397 : Start page is opened	[MsgId: MMSG-17999]
    2023-06-17 18:18:46.294 : User is logged in with session 136655.15763467HAcQVQQpzHAiDDDDtcVHfpVQiAcf	[MsgId: MMSG-17999]
    2023-06-17 18:18:52.532 : User is logged out of session	[MsgId: MMSG-17999]
  2023-06-17 18:20:47.316 : IterationNum=121	[MsgId: MMSG-17999]
   USER 121 = user81:pwd81	[MsgId: MMSG-17999]
    2023-06-17 18:20:47.411 : Start page is opened	[MsgId: MMSG-17999]
    2023-06-17 18:20:53.281 : User is logged in with session 136655.167841231HAcQcAApVQfiDDDDtcVHfpcAVVHf	[MsgId: MMSG-17999]
    2023-06-17 18:20:59.157 : User is logged out of session	[MsgId: MMSG-17999]
  2023-06-17 18:22:53.325 : IterationNum=122	[MsgId: MMSG-17999]
   USER 122 = user81:pwd81	[MsgId: MMSG-17999]
    2023-06-17 18:22:53.420 : Start page is opened	[MsgId: MMSG-17999]
    2023-06-17 18:22:57.866 : User is logged in with session 136655.178047793HAcQcAApHcAiDDDDtcVHfpcAtDcf	[MsgId: MMSG-17999]
    2023-06-17 18:23:02.608 : User is logged out of session	[MsgId: MMSG-17999]
  2023-06-17 18:24:59.334 : IterationNum=123	[MsgId: MMSG-17999]
   USER 123 = user81:pwd81	[MsgId: MMSG-17999]
    2023-06-17 18:24:59.429 : Start page is opened	[MsgId: MMSG-17999]
    2023-06-17 18:25:04.597 : User is logged in with session 136655.188254354HAcQcAVpctfiDDDDtcVHfpcAHtHf	[MsgId: MMSG-17999]
    2023-06-17 18:25:09.348 : User is logged out of session	[MsgId: MMSG-17999]
  2023-06-17 18:27:05.340 : IterationNum=124	[MsgId: MMSG-17999]
   USER 124 = user81:pwd81	[MsgId: MMSG-17999]
    2023-06-17 18:27:05.433 : Start page is opened	[MsgId: MMSG-17999]
    2023-06-17 18:27:09.761 : User is logged in with session 136655.198460915HAcQcAVpHHAiDDDDtcVHfpcVAzcf	[MsgId: MMSG-17999]
    2023-06-17 18:27:16.027 : User is logged out of session	[MsgId: MMSG-17999]
  2023-06-17 18:29:11.343 : IterationNum=125	[MsgId: MMSG-17999]
   USER 125 = user81:pwd81	[MsgId: MMSG-17999]
    2023-06-17 18:29:11.437 : Start page is opened	[MsgId: MMSG-17999]
    2023-06-17 18:29:16.467 : User is logged in with session 136655.208667477HAcQcAcpcQfiDDDDtcVHfpcVDHHf	[MsgId: MMSG-17999]
    2023-06-17 18:29:21.401 : User is logged out of session	[MsgId: MMSG-17999]
  2023-06-17 18:31:17.357 : IterationNum=126	[MsgId: MMSG-17999]
   USER 126 = user81:pwd81	[MsgId: MMSG-17999]
    2023-06-17 18:31:17.450 : Start page is opened	[MsgId: MMSG-17999]
    2023-06-17 18:31:22.109 : User is logged in with session 136655.218874038HAcQcAcpicAiDDDDtcVHfpcVzQcf	[MsgId: MMSG-17999]
    2023-06-17 18:31:27.415 : User is logged out of session	[MsgId: MMSG-17999]
  2023-06-17 18:33:23.371 : IterationNum=127	[MsgId: MMSG-17999]
   USER 127 = user81:pwd81	[MsgId: MMSG-17999]
    2023-06-17 18:33:23.465 : Start page is opened	[MsgId: MMSG-17999]
    2023-06-17 18:33:29.679 : User is logged in with session 136655.229080599HAcQcADpDtfiDDDDtcVHfpccAAHf	[MsgId: MMSG-17999]
    2023-06-17 18:33:34.873 : User is logged out of session	[MsgId: MMSG-17999]
  2023-06-17 18:35:29.378 : IterationNum=128	[MsgId: MMSG-17999]
   USER 128 = user81:pwd81	[MsgId: MMSG-17999]
    2023-06-17 18:35:29.473 : Start page is opened	[MsgId: MMSG-17999]
    2023-06-17 18:35:34.969 : User is logged in with session 136655.239287161HAcQcADpiHAiDDDDtcVHfpccDccf	[MsgId: MMSG-17999]
    2023-06-17 18:35:40.997 : User is logged out of session	[MsgId: MMSG-17999]
  2023-06-17 18:37:35.389 : IterationNum=129	[MsgId: MMSG-17999]
   USER 129 = user81:pwd81	[MsgId: MMSG-17999]
    2023-06-17 18:37:35.482 : Start page is opened	[MsgId: MMSG-17999]
    2023-06-17 18:37:39.489 : User is logged in with session 136655.249493722HAcQcAtpDQfiDDDDtcVHfpcczDHf	[MsgId: MMSG-17999]
    2023-06-17 18:37:44.622 : User is logged out of session	[MsgId: MMSG-17999]
  2023-06-17 18:39:41.397 : IterationNum=130	[MsgId: MMSG-17999]
   USER 130 = user81:pwd81	[MsgId: MMSG-17999]
    2023-06-17 18:39:41.493 : Start page is opened	[MsgId: MMSG-17999]
    2023-06-17 18:39:47.182 : User is logged in with session 136655.259700284HAcQcAtpQcAiDDDDtcVHfpccQfcf	[MsgId: MMSG-17999]
    2023-06-17 18:39:51.966 : User is logged out of session	[MsgId: MMSG-17999]
  2023-06-17 18:41:47.402 : IterationNum=131	[MsgId: MMSG-17999]
   USER 131 = user81:pwd81	[MsgId: MMSG-17999]
    2023-06-17 18:41:47.496 : Start page is opened	[MsgId: MMSG-17999]
    2023-06-17 18:41:53.264 : User is logged in with session 136655.269906845HAcQcAfpttfiDDDDtcVHfpcDczHf	[MsgId: MMSG-17999]
    2023-06-17 18:41:58.602 : User is logged out of session	[MsgId: MMSG-17999]
  2023-06-17 18:43:53.407 : IterationNum=132	[MsgId: MMSG-17999]
   USER 132 = user81:pwd81	[MsgId: MMSG-17999]
    2023-06-17 18:43:53.500 : Start page is opened	[MsgId: MMSG-17999]
    2023-06-17 18:43:58.807 : User is logged in with session 136655.280113406HAcQcAfpQHAiDDDDtcVHfpcDficf	[MsgId: MMSG-17999]
    2023-06-17 18:44:03.614 : User is logged out of session	[MsgId: MMSG-17999]
  2023-06-17 18:45:59.413 : IterationNum=133	[MsgId: MMSG-17999]
   USER 133 = user81:pwd81	[MsgId: MMSG-17999]
    2023-06-17 18:45:59.508 : Start page is opened	[MsgId: MMSG-17999]
    2023-06-17 18:46:04.076 : User is logged in with session 136655.290319968HAcQcAzptQfiDDDDtcVHfpcDiQHf	[MsgId: MMSG-17999]
    2023-06-17 18:46:08.552 : User is logged out of session	[MsgId: MMSG-17999]
  2023-06-17 18:48:05.427 : IterationNum=134	[MsgId: MMSG-17999]
   USER 134 = user81:pwd81	[MsgId: MMSG-17999]
    2023-06-17 18:48:05.521 : Start page is opened	[MsgId: MMSG-17999]
    2023-06-17 18:48:09.803 : User is logged in with session 136655.300526529HAcQcAHpAcAiDDDDtcVHfpctcVcf	[MsgId: MMSG-17999]
    2023-06-17 18:48:15.647 : User is logged out of session	[MsgId: MMSG-17999]
  2023-06-17 18:50:11.428 : IterationNum=135	[MsgId: MMSG-17999]
   USER 135 = user81:pwd81	[MsgId: MMSG-17999]
    2023-06-17 18:50:11.521 : Start page is opened	[MsgId: MMSG-17999]
    2023-06-17 18:50:15.660 : User is logged in with session 136655.31073309HAcQcAHpftfiDDDDtcVHfpctfcHf	[MsgId: MMSG-17999]
    2023-06-17 18:50:21.268 : User is logged out of session	[MsgId: MMSG-17999]
  2023-06-17 18:52:17.441 : IterationNum=136	[MsgId: MMSG-17999]
   USER 136 = user81:pwd81	[MsgId: MMSG-17999]
    2023-06-17 18:52:17.535 : Start page is opened	[MsgId: MMSG-17999]
    2023-06-17 18:52:22.070 : User is logged in with session 136655.320939652HAcQcAipAHAiDDDDtcVHfpctitcf	[MsgId: MMSG-17999]
    2023-06-17 18:52:27.742 : User is logged out of session	[MsgId: MMSG-17999]
  2023-06-17 18:54:23.446 : IterationNum=137	[MsgId: MMSG-17999]
   USER 137 = user81:pwd81	[MsgId: MMSG-17999]
    2023-06-17 18:54:23.541 : Start page is opened	[MsgId: MMSG-17999]
    2023-06-17 18:54:29.850 : User is logged in with session 136655.331146213HAcQcAipfQfiDDDDtcVHfpcfVfHf	[MsgId: MMSG-17999]
    2023-06-17 18:54:34.353 : User is logged out of session	[MsgId: MMSG-17999]
  2023-06-17 18:56:29.452 : IterationNum=138	[MsgId: MMSG-17999]
   USER 138 = user81:pwd81	[MsgId: MMSG-17999]
    2023-06-17 18:56:29.546 : Start page is opened	[MsgId: MMSG-17999]
    2023-06-17 18:56:33.906 : User is logged in with session 136655.341352774HAcQcAQpVcAiDDDDtcVHfpcftHcf	[MsgId: MMSG-17999]
    2023-06-17 18:56:38.581 : User is logged out of session	[MsgId: MMSG-17999]
  2023-06-17 18:58:35.464 : IterationNum=139	[MsgId: MMSG-17999]
   USER 139 = user81:pwd81	[MsgId: MMSG-17999]
    2023-06-17 18:58:35.559 : Start page is opened	[MsgId: MMSG-17999]
    2023-06-17 18:58:41.143 : User is logged in with session 136655.351559336HAcQcAQpztfiDDDDtcVHfpcfHiHf	[MsgId: MMSG-17999]
    2023-06-17 18:58:45.859 : User is logged out of session	[MsgId: MMSG-17999]
  2023-06-17 19:00:41.474 : IterationNum=140	[MsgId: MMSG-17999]
   USER 140 = user81:pwd81	[MsgId: MMSG-17999]
    2023-06-17 19:00:41.569 : Start page is opened	[MsgId: MMSG-17999]
    2023-06-17 19:00:45.965 : User is logged in with session 136655.361765897HAcQcVApVHAiDDDDtcVHfpczVAcf	[MsgId: MMSG-17999]
    2023-06-17 19:00:50.522 : User is logged out of session	[MsgId: MMSG-17999]
  2023-06-17 19:02:47.485 : IterationNum=141	[MsgId: MMSG-17999]
   USER 141 = user81:pwd81	[MsgId: MMSG-17999]
    2023-06-17 19:02:47.580 : Start page is opened	[MsgId: MMSG-17999]
    2023-06-17 19:02:52.311 : User is logged in with session 136655.371972459HAcQcVApzQfiDDDDtcVHfpcztVHf	[MsgId: MMSG-17999]
    2023-06-17 19:02:56.629 : User is logged out of session	[MsgId: MMSG-17999]
  2023-06-17 19:04:53.500 : IterationNum=142	[MsgId: MMSG-17999]
   USER 142 = user81:pwd81	[MsgId: MMSG-17999]
    2023-06-17 19:04:53.594 : Start page is opened	[MsgId: MMSG-17999]
    2023-06-17 19:04:58.867 : User is logged in with session 136655.38217902HAcQcVVpccAiDDDDtcVHfpczHDcf	[MsgId: MMSG-17999]
    2023-06-17 19:05:04.111 : User is logged out of session	[MsgId: MMSG-17999]
  2023-06-17 19:06:59.515 : IterationNum=143	[MsgId: MMSG-17999]
   USER 143 = user81:pwd81	[MsgId: MMSG-17999]
    2023-06-17 19:06:59.609 : Start page is opened	[MsgId: MMSG-17999]
    2023-06-17 19:07:05.174 : User is logged in with session 136655.392385581HAcQcVVpHtfiDDDDtcVHfpcHAtHf	[MsgId: MMSG-17999]
    2023-06-17 19:07:11.217 : User is logged out of session	[MsgId: MMSG-17999]
  2023-06-17 19:09:05.529 : IterationNum=144	[MsgId: MMSG-17999]
   USER 144 = user81:pwd81	[MsgId: MMSG-17999]
    2023-06-17 19:09:05.622 : Start page is opened	[MsgId: MMSG-17999]
    2023-06-17 19:09:10.339 : User is logged in with session 136655.402592143HAcQcVcpcHAiDDDDtcVHfpcHDzcf	[MsgId: MMSG-17999]
    2023-06-17 19:09:15.203 : User is logged out of session	[MsgId: MMSG-17999]
  2023-06-17 19:11:11.535 : IterationNum=145	[MsgId: MMSG-17999]
   USER 145 = user81:pwd81	[MsgId: MMSG-17999]
    2023-06-17 19:11:11.629 : Start page is opened	[MsgId: MMSG-17999]
    2023-06-17 19:11:17.227 : User is logged in with session 136655.412798704HAcQcVcpHQfiDDDDtcVHfpcHzHHf	[MsgId: MMSG-17999]
    2023-06-17 19:11:21.438 : User is logged out of session	[MsgId: MMSG-17999]
  2023-06-17 19:13:17.545 : IterationNum=146	[MsgId: MMSG-17999]
   USER 146 = user81:pwd81	[MsgId: MMSG-17999]
    2023-06-17 19:13:17.638 : Start page is opened	[MsgId: MMSG-17999]
    2023-06-17 19:13:22.985 : User is logged in with session 136655.423005265HAcQcVDpDcAiDDDDtcVHfpcHQQcf	[MsgId: MMSG-17999]
    2023-06-17 19:13:28.531 : User is logged out of session	[MsgId: MMSG-17999]
  2023-06-17 19:15:23.559 : IterationNum=147	[MsgId: MMSG-17999]
   USER 147 = user81:pwd81	[MsgId: MMSG-17999]
    2023-06-17 19:15:23.653 : Start page is opened	[MsgId: MMSG-17999]
    2023-06-17 19:15:28.784 : User is logged in with session 136655.433211827HAcQcVDpitfiDDDDtcVHfpciDAHf	[MsgId: MMSG-17999]
    2023-06-17 19:15:34.144 : User is logged out of session	[MsgId: MMSG-17999]
  2023-06-17 19:17:29.560 : IterationNum=148	[MsgId: MMSG-17999]
   USER 148 = user81:pwd81	[MsgId: MMSG-17999]
    2023-06-17 19:17:29.655 : Start page is opened	[MsgId: MMSG-17999]
    2023-06-17 19:17:35.767 : User is logged in with session 136655.443418388HAcQcVtpDHAiDDDDtcVHfpcizccf	[MsgId: MMSG-17999]
    2023-06-17 19:17:40.085 : User is logged out of session	[MsgId: MMSG-17999]
  2023-06-17 19:19:35.575 : IterationNum=149	[MsgId: MMSG-17999]
   USER 149 = user81:pwd81	[MsgId: MMSG-17999]
    2023-06-17 19:19:35.669 : Start page is opened	[MsgId: MMSG-17999]
    2023-06-17 19:19:40.226 : User is logged in with session 136655.453624949HAcQcVtpiQfiDDDDtcVHfpciQDHf	[MsgId: MMSG-17999]
    2023-06-17 19:19:44.545 : User is logged out of session	[MsgId: MMSG-17999]
  2023-06-17 19:21:41.576 : IterationNum=150	[MsgId: MMSG-17999]
   USER 150 = user81:pwd81	[MsgId: MMSG-17999]
    2023-06-17 19:21:41.670 : Start page is opened	[MsgId: MMSG-17999]
    2023-06-17 19:21:47.014 : User is logged in with session 136655.463831511HAcQcVfptcAiDDDDtcVHfpcQcfcf	[MsgId: MMSG-17999]
    2023-06-17 19:21:52.717 : User is logged out of session	[MsgId: MMSG-17999]
  2023-06-17 19:23:47.591 : IterationNum=151	[MsgId: MMSG-17999]
   USER 151 = user81:pwd81	[MsgId: MMSG-17999]
    2023-06-17 19:23:47.687 : Start page is opened	[MsgId: MMSG-17999]
    2023-06-17 19:23:51.950 : User is logged in with session 136655.474038072HAcQcVfpQtfiDDDDtcVHfpcQfzHf	[MsgId: MMSG-17999]
    2023-06-17 19:23:56.127 : User is logged out of session	[MsgId: MMSG-17999]
  2023-06-17 19:25:53.606 : IterationNum=152	[MsgId: MMSG-17999]
   USER 152 = user81:pwd81	[MsgId: MMSG-17999]
    2023-06-17 19:25:53.701 : Start page is opened	[MsgId: MMSG-17999]
    2023-06-17 19:25:57.764 : User is logged in with session 136655.484244633HAcQcVzptHAiDDDDtcVHfpcQiicf	[MsgId: MMSG-17999]
    2023-06-17 19:26:03.134 : User is logged out of session	[MsgId: MMSG-17999]
  2023-06-17 19:27:59.607 : IterationNum=153	[MsgId: MMSG-17999]
   USER 153 = user81:pwd81	[MsgId: MMSG-17999]
    2023-06-17 19:27:59.701 : Start page is opened	[MsgId: MMSG-17999]
    2023-06-17 19:28:03.798 : User is logged in with session 136655.494451195HAcQcVzpQQfiDDDDtcVHfpDAVQHf	[MsgId: MMSG-17999]
    2023-06-17 19:28:08.574 : User is logged out of session	[MsgId: MMSG-17999]
  2023-06-17 19:30:05.623 : IterationNum=154	[MsgId: MMSG-17999]
   USER 154 = user81:pwd81	[MsgId: MMSG-17999]
    2023-06-17 19:30:05.716 : Start page is opened	[MsgId: MMSG-17999]
    2023-06-17 19:30:11.132 : User is logged in with session 136655.504657756HAcQcVHpfcAiDDDDtcVHfpDAfVcf	[MsgId: MMSG-17999]
    2023-06-17 19:30:15.158 : User is logged out of session	[MsgId: MMSG-17999]
  2023-06-17 19:32:11.631 : IterationNum=155	[MsgId: MMSG-17999]
   USER 155 = user81:pwd81	[MsgId: MMSG-17999]
    2023-06-17 19:32:11.725 : Start page is opened	[MsgId: MMSG-17999]
    2023-06-17 19:32:17.492 : User is logged in with session 136655.514864318HAcQcVipAtfiDDDDtcVHfpDAicHf	[MsgId: MMSG-17999]
    2023-06-17 19:32:23.118 : User is logged out of session	[MsgId: MMSG-17999]
  2023-06-17 19:34:17.632 : IterationNum=156	[MsgId: MMSG-17999]
   USER 156 = user81:pwd81	[MsgId: MMSG-17999]
    2023-06-17 19:34:17.726 : Start page is opened	[MsgId: MMSG-17999]
    2023-06-17 19:34:23.669 : User is logged in with session 136655.525070879HAcQcVipfHAiDDDDtcVHfpDVVtcf	[MsgId: MMSG-17999]
    2023-06-17 19:34:28.457 : User is logged out of session	[MsgId: MMSG-17999]
  2023-06-17 19:36:23.644 : IterationNum=157	[MsgId: MMSG-17999]
   USER 157 = user81:pwd81	[MsgId: MMSG-17999]
    2023-06-17 19:36:23.738 : Start page is opened	[MsgId: MMSG-17999]
    2023-06-17 19:36:29.498 : User is logged in with session 136655.53527744HAcQcVQpAQfiDDDDtcVHfpDVtfHf	[MsgId: MMSG-17999]
    2023-06-17 19:36:34.331 : User is logged out of session	[MsgId: MMSG-17999]
  2023-06-17 19:38:29.651 : IterationNum=158	[MsgId: MMSG-17999]
   USER 158 = user81:pwd81	[MsgId: MMSG-17999]
    2023-06-17 19:38:29.746 : Start page is opened	[MsgId: MMSG-17999]
    2023-06-17 19:38:35.367 : User is logged in with session 136655.545484002HAcQcVQpzcAiDDDDtcVHfpDVHHcf	[MsgId: MMSG-17999]
    2023-06-17 19:38:40.332 : User is logged out of session	[MsgId: MMSG-17999]
  2023-06-17 19:40:35.660 : IterationNum=159	[MsgId: MMSG-17999]
   USER 159 = user81:pwd81	[MsgId: MMSG-17999]
    2023-06-17 19:40:35.754 : Start page is opened	[MsgId: MMSG-17999]
    2023-06-17 19:40:40.819 : User is logged in with session 136655.555690563HAcQccApVtfiDDDDtcVHfpDcAiHf	[MsgId: MMSG-17999]
    2023-06-17 19:40:45.185 : User is logged out of session	[MsgId: MMSG-17999]
  2023-06-17 19:42:41.669 : IterationNum=160	[MsgId: MMSG-17999]
   USER 160 = user81:pwd81	[MsgId: MMSG-17999]
    2023-06-17 19:42:41.760 : Start page is opened	[MsgId: MMSG-17999]
    2023-06-17 19:42:45.853 : User is logged in with session 136655.565897124HAcQccApzHAiDDDDtcVHfpDctAcf	[MsgId: MMSG-17999]
    2023-06-17 19:42:50.826 : User is logged out of session	[MsgId: MMSG-17999]
  2023-06-17 19:44:47.678 : IterationNum=161	[MsgId: MMSG-17999]
   USER 161 = user81:pwd81	[MsgId: MMSG-17999]
    2023-06-17 19:44:47.771 : Start page is opened	[MsgId: MMSG-17999]
    2023-06-17 19:44:52.309 : User is logged in with session 136655.576103686HAcQccVpVQfiDDDDtcVHfpDcHVHf	[MsgId: MMSG-17999]
    2023-06-17 19:44:56.567 : User is logged out of session	[MsgId: MMSG-17999]
  2023-06-17 19:46:53.689 : IterationNum=162	[MsgId: MMSG-17999]
   USER 162 = user81:pwd81	[MsgId: MMSG-17999]
    2023-06-17 19:46:53.785 : Start page is opened	[MsgId: MMSG-17999]
    2023-06-17 19:46:58.767 : User is logged in with session 136655.586310247HAcQccVpHcAiDDDDtcVHfpDDADcf	[MsgId: MMSG-17999]
    2023-06-17 19:47:05.093 : User is logged out of session	[MsgId: MMSG-17999]
  2023-06-17 19:48:59.702 : IterationNum=163	[MsgId: MMSG-17999]
   USER 163 = user81:pwd81	[MsgId: MMSG-17999]
    2023-06-17 19:48:59.797 : Start page is opened	[MsgId: MMSG-17999]
    2023-06-17 19:49:05.055 : User is logged in with session 136655.596516808HAcQcccpctfiDDDDtcVHfpDDDtHf	[MsgId: MMSG-17999]
    2023-06-17 19:49:11.056 : User is logged out of session	[MsgId: MMSG-17999]
  2023-06-17 19:51:05.716 : IterationNum=164	[MsgId: MMSG-17999]
   USER 164 = user81:pwd81	[MsgId: MMSG-17999]
    2023-06-17 19:51:05.810 : Start page is opened	[MsgId: MMSG-17999]
    2023-06-17 19:51:10.808 : User is logged in with session 136655.60672337HAcQcccpHHAiDDDDtcVHfpDDzzcf	[MsgId: MMSG-17999]
    2023-06-17 19:51:15.910 : User is logged out of session	[MsgId: MMSG-17999]
  2023-06-17 19:53:11.723 : IterationNum=165	[MsgId: MMSG-17999]
   USER 165 = user81:pwd81	[MsgId: MMSG-17999]
    2023-06-17 19:53:11.816 : Start page is opened	[MsgId: MMSG-17999]
    2023-06-17 19:53:17.198 : User is logged in with session 136655.616929931HAcQccDpcQfiDDDDtcVHfpDDQHHf	[MsgId: MMSG-17999]
    2023-06-17 19:53:22.304 : User is logged out of session	[MsgId: MMSG-17999]
  2023-06-17 19:55:17.725 : IterationNum=166	[MsgId: MMSG-17999]
   USER 166 = user81:pwd81	[MsgId: MMSG-17999]
    2023-06-17 19:55:17.818 : Start page is opened	[MsgId: MMSG-17999]
    2023-06-17 19:55:23.809 : User is logged in with session 136655.627136493HAcQccDpicAiDDDDtcVHfpDtcQcf	[MsgId: MMSG-17999]
    2023-06-17 19:55:28.643 : User is logged out of session	[MsgId: MMSG-17999]
  2023-06-17 19:57:23.731 : IterationNum=167	[MsgId: MMSG-17999]
   USER 167 = user81:pwd81	[MsgId: MMSG-17999]
    2023-06-17 19:57:23.825 : Start page is opened	[MsgId: MMSG-17999]
    2023-06-17 19:57:29.858 : User is logged in with session 136655.637343054HAcQcctpDtfiDDDDtcVHfpDtzAHf	[MsgId: MMSG-17999]
    2023-06-17 19:57:35.829 : User is logged out of session	[MsgId: MMSG-17999]
  2023-06-17 19:59:29.733 : IterationNum=168	[MsgId: MMSG-17999]
   USER 168 = user81:pwd81	[MsgId: MMSG-17999]
    2023-06-17 19:59:29.826 : Start page is opened	[MsgId: MMSG-17999]
    2023-06-17 19:59:34.607 : User is logged in with session 136655.647549615HAcQcctpiHAiDDDDtcVHfpDtQccf	[MsgId: MMSG-17999]
    2023-06-17 19:59:38.840 : User is logged out of session	[MsgId: MMSG-17999]
  2023-06-17 20:01:35.744 : IterationNum=169	[MsgId: MMSG-17999]
   USER 169 = user81:pwd81	[MsgId: MMSG-17999]
    2023-06-17 20:01:35.838 : Start page is opened	[MsgId: MMSG-17999]
    2023-06-17 20:01:39.742 : User is logged in with session 136655.657756177HAcQccfpDQfiDDDDtcVHfpDfcDHf	[MsgId: MMSG-17999]
    2023-06-17 20:01:45.429 : User is logged out of session	[MsgId: MMSG-17999]
  2023-06-17 20:03:41.747 : IterationNum=170	[MsgId: MMSG-17999]
   USER 170 = user81:pwd81	[MsgId: MMSG-17999]
    2023-06-17 20:03:41.841 : Start page is opened	[MsgId: MMSG-17999]
    2023-06-17 20:03:46.904 : User is logged in with session 136655.667962738HAcQccfpQcAiDDDDtcVHfpDfffcf	[MsgId: MMSG-17999]
    2023-06-17 20:03:53.150 : User is logged out of session	[MsgId: MMSG-17999]
  2023-06-17 20:05:47.749 : IterationNum=171	[MsgId: MMSG-17999]
   USER 171 = user81:pwd81	[MsgId: MMSG-17999]
    2023-06-17 20:05:47.843 : Start page is opened	[MsgId: MMSG-17999]
    2023-06-17 20:05:53.929 : User is logged in with session 136655.678169299HAcQcczpttfiDDDDtcVHfpDfizHf	[MsgId: MMSG-17999]
    2023-06-17 20:05:59.152 : User is logged out of session	[MsgId: MMSG-17999]
  2023-06-17 20:07:53.757 : IterationNum=172	[MsgId: MMSG-17999]
   USER 172 = user81:pwd81	[MsgId: MMSG-17999]
    2023-06-17 20:07:53.851 : Start page is opened	[MsgId: MMSG-17999]
    2023-06-17 20:07:58.928 : User is logged in with session 136655.688375861HAcQcczpQHAiDDDDtcVHfpDzVicf	[MsgId: MMSG-17999]
    2023-06-17 20:08:04.465 : User is logged out of session	[MsgId: MMSG-17999]
  2023-06-17 20:09:59.757 : IterationNum=173	[MsgId: MMSG-17999]
   USER 173 = user81:pwd81	[MsgId: MMSG-17999]
    2023-06-17 20:09:59.852 : Start page is opened	[MsgId: MMSG-17999]
    2023-06-17 20:10:05.865 : User is logged in with session 136655.698582422HAcQccHptQfiDDDDtcVHfpDztQHf	[MsgId: MMSG-17999]
    2023-06-17 20:10:12.097 : User is logged out of session	[MsgId: MMSG-17999]
  2023-06-17 20:12:05.757 : IterationNum=174	[MsgId: MMSG-17999]
   USER 174 = user81:pwd81	[MsgId: MMSG-17999]
    2023-06-17 20:12:05.852 : Start page is opened	[MsgId: MMSG-17999]
    2023-06-17 20:12:09.848 : User is logged in with session 136655.708788983HAcQccipAcAiDDDDtcVHfpDziVcf	[MsgId: MMSG-17999]
    2023-06-17 20:12:14.540 : User is logged out of session	[MsgId: MMSG-17999]
  2023-06-17 20:14:11.758 : IterationNum=175	[MsgId: MMSG-17999]
   USER 175 = user81:pwd81	[MsgId: MMSG-17999]
    2023-06-17 20:14:11.853 : Start page is opened	[MsgId: MMSG-17999]
    2023-06-17 20:14:18.068 : User is logged in with session 136655.718995545HAcQccipftfiDDDDtcVHfpDHVcHf	[MsgId: MMSG-17999]
    2023-06-17 20:14:22.074 : User is logged out of session	[MsgId: MMSG-17999]
  2023-06-17 20:16:17.771 : IterationNum=176	[MsgId: MMSG-17999]
   USER 176 = user81:pwd81	[MsgId: MMSG-17999]
    2023-06-17 20:16:17.865 : Start page is opened	[MsgId: MMSG-17999]
    2023-06-17 20:16:22.653 : User is logged in with session 136655.729202106HAcQccQpAHAiDDDDtcVHfpDHttcf	[MsgId: MMSG-17999]
    2023-06-17 20:16:27.233 : User is logged out of session	[MsgId: MMSG-17999]
  2023-06-17 20:18:23.781 : IterationNum=177	[MsgId: MMSG-17999]
   USER 177 = user81:pwd81	[MsgId: MMSG-17999]
    2023-06-17 20:18:23.875 : Start page is opened	[MsgId: MMSG-17999]
    2023-06-17 20:18:28.732 : User is logged in with session 136655.739408667HAcQccQpfQfiDDDDtcVHfpDHHfHf	[MsgId: MMSG-17999]
    2023-06-17 20:18:32.787 : User is logged out of session	[MsgId: MMSG-17999]
  2023-06-17 20:20:29.792 : IterationNum=178	[MsgId: MMSG-17999]
   USER 178 = user81:pwd81	[MsgId: MMSG-17999]
    2023-06-17 20:20:29.888 : Start page is opened	[MsgId: MMSG-17999]
    2023-06-17 20:20:34.067 : User is logged in with session 136655.749615229HAcQcDApVcAiDDDDtcVHfpDiAHcf	[MsgId: MMSG-17999]
    2023-06-17 20:20:39.928 : User is logged out of session	[MsgId: MMSG-17999]
  2023-06-17 20:22:35.797 : IterationNum=179	[MsgId: MMSG-17999]
   USER 179 = user81:pwd81	[MsgId: MMSG-17999]
    2023-06-17 20:22:35.890 : Start page is opened	[MsgId: MMSG-17999]
    2023-06-17 20:22:40.061 : User is logged in with session 136655.75982179HAcQcDApztfiDDDDtcVHfpDiDiHf	[MsgId: MMSG-17999]
    2023-06-17 20:22:45.873 : User is logged out of session	[MsgId: MMSG-17999]
  2023-06-17 20:24:41.803 : IterationNum=180	[MsgId: MMSG-17999]
   USER 180 = user81:pwd81	[MsgId: MMSG-17999]
    2023-06-17 20:24:41.898 : Start page is opened	[MsgId: MMSG-17999]
    2023-06-17 20:24:45.798 : User is logged in with session 136655.770028352HAcQcDVpVHAiDDDDtcVHfpDiHAcf	[MsgId: MMSG-17999]
    2023-06-17 20:24:49.880 : User is logged out of session	[MsgId: MMSG-17999]
  2023-06-17 20:26:47.815 : IterationNum=181	[MsgId: MMSG-17999]
   USER 181 = user81:pwd81	[MsgId: MMSG-17999]
    2023-06-17 20:26:47.910 : Start page is opened	[MsgId: MMSG-17999]
    2023-06-17 20:26:53.253 : User is logged in with session 136655.780234913HAcQcDVpzQfiDDDDtcVHfpDQAVHf	[MsgId: MMSG-17999]
    2023-06-17 20:26:59.001 : User is logged out of session	[MsgId: MMSG-17999]
  2023-06-17 20:28:53.826 : IterationNum=182	[MsgId: MMSG-17999]
   USER 182 = user81:pwd81	[MsgId: MMSG-17999]
    2023-06-17 20:28:53.920 : Start page is opened	[MsgId: MMSG-17999]
    2023-06-17 20:28:59.515 : User is logged in with session 136655.790441474HAcQcDcpccAiDDDDtcVHfpDQDDcf	[MsgId: MMSG-17999]
    2023-06-17 20:29:05.849 : User is logged out of session	[MsgId: MMSG-17999]
  2023-06-17 20:30:59.840 : IterationNum=183	[MsgId: MMSG-17999]
   USER 183 = user81:pwd81	[MsgId: MMSG-17999]
    2023-06-17 20:30:59.934 : Start page is opened	[MsgId: MMSG-17999]
    2023-06-17 20:31:04.786 : User is logged in with session 136655.800648036HAcQcDcpHtfiDDDDtcVHfpDQztHf	[MsgId: MMSG-17999]
    2023-06-17 20:31:10.143 : User is logged out of session	[MsgId: MMSG-17999]
  2023-06-17 20:33:05.845 : IterationNum=184	[MsgId: MMSG-17999]
   USER 184 = user81:pwd81	[MsgId: MMSG-17999]
    2023-06-17 20:33:05.939 : Start page is opened	[MsgId: MMSG-17999]
    2023-06-17 20:33:10.098 : User is logged in with session 136655.810854597HAcQcDDpcHAiDDDDtcVHfpDQQzcf	[MsgId: MMSG-17999]
    2023-06-17 20:33:14.499 : User is logged out of session	[MsgId: MMSG-17999]
  2023-06-17 20:35:11.855 : IterationNum=185	[MsgId: MMSG-17999]
   USER 185 = user81:pwd81	[MsgId: MMSG-17999]
    2023-06-17 20:35:11.945 : Start page is opened	[MsgId: MMSG-17999]
    2023-06-17 20:35:16.783 : User is logged in with session 136655.821061158HAcQcDDpHQfiDDDDtcVHfptAcHHf	[MsgId: MMSG-17999]
    2023-06-17 20:35:21.919 : User is logged out of session	[MsgId: MMSG-17999]
  2023-06-17 20:37:17.859 : IterationNum=186	[MsgId: MMSG-17999]
   USER 186 = user81:pwd81	[MsgId: MMSG-17999]
    2023-06-17 20:37:17.954 : Start page is opened	[MsgId: MMSG-17999]
    2023-06-17 20:37:24.262 : User is logged in with session 136655.83126772HAcQcDtpDcAiDDDDtcVHfptAfQcf	[MsgId: MMSG-17999]
    2023-06-17 20:37:28.599 : User is logged out of session	[MsgId: MMSG-17999]
  2023-06-17 20:39:23.865 : IterationNum=187	[MsgId: MMSG-17999]
   USER 187 = user81:pwd81	[MsgId: MMSG-17999]
    2023-06-17 20:39:23.960 : Start page is opened	[MsgId: MMSG-17999]
    2023-06-17 20:39:28.409 : User is logged in with session 136655.841474281HAcQcDtpitfiDDDDtcVHfptAQAHf	[MsgId: MMSG-17999]
    2023-06-17 20:39:34.204 : User is logged out of session	[MsgId: MMSG-17999]
  2023-06-17 20:41:29.869 : IterationNum=188	[MsgId: MMSG-17999]
   USER 188 = user81:pwd81	[MsgId: MMSG-17999]
    2023-06-17 20:41:29.963 : Start page is opened	[MsgId: MMSG-17999]
    2023-06-17 20:41:35.527 : User is logged in with session 136655.851680842HAcQcDfpDHAiDDDDtcVHfptVcccf	[MsgId: MMSG-17999]
    2023-06-17 20:41:41.700 : User is logged out of session	[MsgId: MMSG-17999]
  2023-06-17 20:43:35.872 : IterationNum=189	[MsgId: MMSG-17999]
   USER 189 = user81:pwd81	[MsgId: MMSG-17999]
    2023-06-17 20:43:35.967 : Start page is opened	[MsgId: MMSG-17999]
    2023-06-17 20:43:40.193 : User is logged in with session 136655.861887404HAcQcDfpiQfiDDDDtcVHfptVfDHf	[MsgId: MMSG-17999]
    2023-06-17 20:43:44.963 : User is logged out of session	[MsgId: MMSG-17999]
  2023-06-17 20:45:41.887 : IterationNum=190	[MsgId: MMSG-17999]
   USER 190 = user81:pwd81	[MsgId: MMSG-17999]
    2023-06-17 20:45:41.980 : Start page is opened	[MsgId: MMSG-17999]
    2023-06-17 20:45:45.947 : User is logged in with session 136655.872093965HAcQcDzptcAiDDDDtcVHfptVifcf	[MsgId: MMSG-17999]
    2023-06-17 20:45:51.812 : User is logged out of session	[MsgId: MMSG-17999]
  2023-06-17 20:47:47.900 : IterationNum=191	[MsgId: MMSG-17999]
   USER 191 = user81:pwd81	[MsgId: MMSG-17999]
    2023-06-17 20:47:47.995 : Start page is opened	[MsgId: MMSG-17999]
    2023-06-17 20:47:53.124 : User is logged in with session 136655.882300527HAcQcDzpQtfiDDDDtcVHfptcVzHf	[MsgId: MMSG-17999]
    2023-06-17 20:47:58.442 : User is logged out of session	[MsgId: MMSG-17999]
  2023-06-17 20:49:53.907 : IterationNum=192	[MsgId: MMSG-17999]
   USER 192 = user81:pwd81	[MsgId: MMSG-17999]
    2023-06-17 20:49:54.002 : Start page is opened	[MsgId: MMSG-17999]
    2023-06-17 20:49:58.221 : User is logged in with session 136655.892507088HAcQcDHptHAiDDDDtcVHfptcticf	[MsgId: MMSG-17999]
    2023-06-17 20:50:02.330 : User is logged out of session	[MsgId: MMSG-17999]
  2023-06-17 20:51:59.917 : IterationNum=193	[MsgId: MMSG-17999]
   USER 193 = user81:pwd81	[MsgId: MMSG-17999]
    2023-06-17 20:52:00.011 : Start page is opened	[MsgId: MMSG-17999]
    2023-06-17 20:52:04.828 : User is logged in with session 136655.902713649HAcQcDHpQQfiDDDDtcVHfptcHQHf	[MsgId: MMSG-17999]
    2023-06-17 20:52:09.237 : User is logged out of session	[MsgId: MMSG-17999]
  2023-06-17 20:54:05.929 : IterationNum=194	[MsgId: MMSG-17999]
   USER 194 = user81:pwd81	[MsgId: MMSG-17999]
    2023-06-17 20:54:06.024 : Start page is opened	[MsgId: MMSG-17999]
    2023-06-17 20:54:12.075 : User is logged in with session 136655.912920211HAcQcDipfcAiDDDDtcVHfptDVVcf	[MsgId: MMSG-17999]
    2023-06-17 20:54:18.214 : User is logged out of session	[MsgId: MMSG-17999]
  2023-06-17 20:56:11.930 : IterationNum=195	[MsgId: MMSG-17999]
   USER 195 = user81:pwd81	[MsgId: MMSG-17999]
    2023-06-17 20:56:12.024 : Start page is opened	[MsgId: MMSG-17999]
    2023-06-17 20:56:16.155 : User is logged in with session 136655.923126772HAcQcDQpAtfiDDDDtcVHfptDtcHf	[MsgId: MMSG-17999]
    2023-06-17 20:56:22.380 : User is logged out of session	[MsgId: MMSG-17999]
  2023-06-17 20:58:17.937 : IterationNum=196	[MsgId: MMSG-17999]
   USER 196 = user81:pwd81	[MsgId: MMSG-17999]
    2023-06-17 20:58:18.032 : Start page is opened	[MsgId: MMSG-17999]
    2023-06-17 20:58:23.812 : User is logged in with session 136655.933333333HAcQcDQpfHAiDDDDtcVHfptDHtcf	[MsgId: MMSG-17999]
    2023-06-17 20:58:30.069 : User is logged out of session	[MsgId: MMSG-17999]
  2023-06-17 21:00:23.952 : IterationNum=197	[MsgId: MMSG-17999]
   USER 197 = user81:pwd81	[MsgId: MMSG-17999]
    2023-06-17 21:00:24.047 : Start page is opened	[MsgId: MMSG-17999]
    2023-06-17 21:00:28.139 : User is logged in with session 136655.943539895HAcQctApAQfiDDDDtcVHfpttAfHf	[MsgId: MMSG-17999]
    2023-06-17 21:00:34.175 : User is logged out of session	[MsgId: MMSG-17999]
  2023-06-17 21:02:29.966 : IterationNum=198	[MsgId: MMSG-17999]
   USER 198 = user81:pwd81	[MsgId: MMSG-17999]
    2023-06-17 21:02:30.061 : Start page is opened	[MsgId: MMSG-17999]
    2023-06-17 21:02:34.583 : User is logged in with session 136655.953746456HAcQctApzcAiDDDDtcVHfpttDHcf	[MsgId: MMSG-17999]
    2023-06-17 21:02:39.630 : User is logged out of session	[MsgId: MMSG-17999]
  2023-06-17 21:04:35.975 : IterationNum=199	[MsgId: MMSG-17999]
   USER 199 = user81:pwd81	[MsgId: MMSG-17999]
    2023-06-17 21:04:36.069 : Start page is opened	[MsgId: MMSG-17999]
    2023-06-17 21:04:42.039 : User is logged in with session 136655.964034022HAcQctVpVftcVHfpttzQ	[MsgId: MMSG-17999]
    2023-06-17 21:04:48.259 : User is logged out of session	[MsgId: MMSG-17999]
  2023-06-17 21:06:41.987 : IterationNum=200	[MsgId: MMSG-17999]
   USER 200 = user81:pwd81	[MsgId: MMSG-17999]
    2023-06-17 21:06:42.081 : Start page is opened	[MsgId: MMSG-17999]
    2023-06-17 21:06:48.096 : User is logged in with session 136655.974240583HAcQctVpzHftcVHfptfAAf	[MsgId: MMSG-17999]
    2023-06-17 21:06:54.073 : User is logged out of session	[MsgId: MMSG-17999]
  2023-06-17 21:08:47.989 : IterationNum=201	[MsgId: MMSG-17999]
   USER 201 = user81:pwd81	[MsgId: MMSG-17999]
    2023-06-17 21:08:48.083 : Start page is opened	[MsgId: MMSG-17999]
    2023-06-17 21:08:52.812 : User is logged in with session 136655.984447145HAcQctcpctcVHfptfDc	[MsgId: MMSG-17999]
    2023-06-17 21:08:59.000 : User is logged out of session	[MsgId: MMSG-17999]
  2023-06-17 21:10:53.990 : IterationNum=202	[MsgId: MMSG-17999]
   USER 202 = user81:pwd81	[MsgId: MMSG-17999]
    2023-06-17 21:10:54.085 : Start page is opened	[MsgId: MMSG-17999]
    2023-06-17 21:11:00.169 : User is logged in with session 136655.994653706HAcQctcpHcftcVHfptfzDf	[MsgId: MMSG-17999]
    2023-06-17 21:11:05.161 : User is logged out of session	[MsgId: MMSG-17999]
  2023-06-17 21:13:00.002 : IterationNum=203	[MsgId: MMSG-17999]
   USER 203 = user81:pwd81	[MsgId: MMSG-17999]
    2023-06-17 21:13:00.097 : Start page is opened	[MsgId: MMSG-17999]
    2023-06-17 21:13:04.054 : User is logged in with session 136656.004860267HAcQctDpcftcVHfptfQf	[MsgId: MMSG-17999]
    2023-06-17 21:13:09.561 : User is logged out of session	[MsgId: MMSG-17999]
  2023-06-17 21:15:06.008 : IterationNum=204	[MsgId: MMSG-17999]
   USER 204 = user81:pwd81	[MsgId: MMSG-17999]
    2023-06-17 21:15:06.102 : Start page is opened	[MsgId: MMSG-17999]
    2023-06-17 21:15:12.232 : User is logged in with session 136656.015066829HAcQctDpHHftcVHfptzczf	[MsgId: MMSG-17999]
    2023-06-17 21:15:18.214 : User is logged out of session	[MsgId: MMSG-17999]
  2023-06-17 21:17:12.015 : IterationNum=205	[MsgId: MMSG-17999]
   USER 205 = user81:pwd81	[MsgId: MMSG-17999]
    2023-06-17 21:17:12.110 : Start page is opened	[MsgId: MMSG-17999]
    2023-06-17 21:17:16.652 : User is logged in with session 136656.02527339HAcQcttpDtcVHfptzfi	[MsgId: MMSG-17999]
    2023-06-17 21:17:20.795 : User is logged out of session	[MsgId: MMSG-17999]
  2023-06-17 21:19:18.017 : IterationNum=206	[MsgId: MMSG-17999]
   USER 206 = user81:pwd81	[MsgId: MMSG-17999]
    2023-06-17 21:19:18.110 : Start page is opened	[MsgId: MMSG-17999]
    2023-06-17 21:19:23.359 : User is logged in with session 136656.035479951HAcQcttpicftcVHfptziQf	[MsgId: MMSG-17999]
    2023-06-17 21:19:29.356 : User is logged out of session	[MsgId: MMSG-17999]
  2023-06-17 21:21:24.029 : IterationNum=207	[MsgId: MMSG-17999]
   USER 207 = user81:pwd81	[MsgId: MMSG-17999]
    2023-06-17 21:21:24.122 : Start page is opened	[MsgId: MMSG-17999]
    2023-06-17 21:21:29.112 : User is logged in with session 136656.045686513HAcQctfpDftcVHfptHcV	[MsgId: MMSG-17999]
    2023-06-17 21:21:34.839 : User is logged out of session	[MsgId: MMSG-17999]
  2023-06-17 21:23:30.036 : IterationNum=208	[MsgId: MMSG-17999]
   USER 208 = user81:pwd81	[MsgId: MMSG-17999]
    2023-06-17 21:23:30.130 : Start page is opened	[MsgId: MMSG-17999]
    2023-06-17 21:23:35.843 : User is logged in with session 136656.055893074HAcQctfpiHftcVHfptHfcf	[MsgId: MMSG-17999]
    2023-06-17 21:23:42.044 : User is logged out of session	[MsgId: MMSG-17999]
  2023-06-17 21:25:36.050 : IterationNum=209	[MsgId: MMSG-17999]
   USER 209 = user81:pwd81	[MsgId: MMSG-17999]
    2023-06-17 21:25:36.145 : Start page is opened	[MsgId: MMSG-17999]
    2023-06-17 21:25:42.281 : User is logged in with session 136656.066099635HAcQctzpttcVHfptHit	[MsgId: MMSG-17999]
    2023-06-17 21:25:48.547 : User is logged out of session	[MsgId: MMSG-17999]
  2023-06-17 21:27:42.058 : IterationNum=210	[MsgId: MMSG-17999]
   USER 210 = user81:pwd81	[MsgId: MMSG-17999]
    2023-06-17 21:27:42.152 : Start page is opened	[MsgId: MMSG-17999]
    2023-06-17 21:27:46.334 : User is logged in with session 136656.076306197HAcQctzpQcftcVHfptiVff	[MsgId: MMSG-17999]
    2023-06-17 21:27:51.418 : User is logged out of session	[MsgId: MMSG-17999]
  2023-06-17 21:29:48.065 : IterationNum=211	[MsgId: MMSG-17999]
   USER 211 = user81:pwd81	[MsgId: MMSG-17999]
    2023-06-17 21:29:48.160 : Start page is opened	[MsgId: MMSG-17999]
    2023-06-17 21:29:54.185 : User is logged in with session 136656.086512758HAcQctHptftcVHfptitH	[MsgId: MMSG-17999]
    2023-06-17 21:29:58.294 : User is logged out of session	[MsgId: MMSG-17999]
  2023-06-17 21:31:54.076 : IterationNum=212	[MsgId: MMSG-17999]
   USER 212 = user81:pwd81	[MsgId: MMSG-17999]
    2023-06-17 21:31:54.170 : Start page is opened	[MsgId: MMSG-17999]
    2023-06-17 21:31:59.115 : User is logged in with session 136656.09671932HAcQctHpQHftcVHfptiHif	[MsgId: MMSG-17999]
    2023-06-17 21:32:04.944 : User is logged out of session	[MsgId: MMSG-17999]
  2023-06-17 21:34:00.083 : IterationNum=213	[MsgId: MMSG-17999]
   USER 213 = user81:pwd81	[MsgId: MMSG-17999]
    2023-06-17 21:34:00.177 : Start page is opened	[MsgId: MMSG-17999]
    2023-06-17 21:34:04.747 : User is logged in with session 136656.106925881HAcQctipftcVHfptQV	[MsgId: MMSG-17999]
    2023-06-17 21:34:09.143 : User is logged out of session	[MsgId: MMSG-17999]
  2023-06-17 21:36:06.089 : IterationNum=214	[MsgId: MMSG-17999]
   USER 214 = user81:pwd81	[MsgId: MMSG-17999]
    2023-06-17 21:36:06.184 : Start page is opened	[MsgId: MMSG-17999]
    2023-06-17 21:36:10.688 : User is logged in with session 136656.117132442HAcQctQpAcftcVHfptQtVf	[MsgId: MMSG-17999]
    2023-06-17 21:36:16.062 : User is logged out of session	[MsgId: MMSG-17999]
  2023-06-17 21:38:12.098 : IterationNum=215	[MsgId: MMSG-17999]
   USER 215 = user81:pwd81	[MsgId: MMSG-17999]
    2023-06-17 21:38:12.192 : Start page is opened	[MsgId: MMSG-17999]
    2023-06-17 21:38:16.264 : User is logged in with session 136656.127339004HAcQctQpfftcVHfptQHD	[MsgId: MMSG-17999]
    2023-06-17 21:38:21.166 : User is logged out of session	[MsgId: MMSG-17999]
  2023-06-17 21:40:18.112 : IterationNum=216	[MsgId: MMSG-17999]
   USER 216 = user81:pwd81	[MsgId: MMSG-17999]
    2023-06-17 21:40:18.202 : Start page is opened	[MsgId: MMSG-17999]
    2023-06-17 21:40:23.888 : User is logged in with session 136656.137545565HAcQcfApAHftcVHfpfAAtf	[MsgId: MMSG-17999]
    2023-06-17 21:40:29.913 : User is logged out of session	[MsgId: MMSG-17999]
  2023-06-17 21:42:24.120 : IterationNum=217	[MsgId: MMSG-17999]
   USER 217 = user81:pwd81	[MsgId: MMSG-17999]
    2023-06-17 21:42:24.214 : Start page is opened	[MsgId: MMSG-17999]
    2023-06-17 21:42:28.502 : User is logged in with session 136656.147752126HAcQcfApztcVHfpfADz	[MsgId: MMSG-17999]
    2023-06-17 21:42:34.283 : User is logged out of session	[MsgId: MMSG-17999]
  2023-06-17 21:44:30.127 : IterationNum=218	[MsgId: MMSG-17999]
   USER 218 = user81:pwd81	[MsgId: MMSG-17999]
    2023-06-17 21:44:30.222 : Start page is opened	[MsgId: MMSG-17999]
    2023-06-17 21:44:36.379 : User is logged in with session 136656.157958688HAcQcfVpVcftcVHfpfAzHf	[MsgId: MMSG-17999]
    2023-06-17 21:44:42.092 : User is logged out of session	[MsgId: MMSG-17999]
  2023-06-17 21:46:36.136 : IterationNum=219	[MsgId: MMSG-17999]
   USER 219 = user81:pwd81	[MsgId: MMSG-17999]
    2023-06-17 21:46:36.232 : Start page is opened	[MsgId: MMSG-17999]
    2023-06-17 21:46:41.548 : User is logged in with session 136656.168165249HAcQcfVpzftcVHfpfAQQ	[MsgId: MMSG-17999]
    2023-06-17 21:46:47.105 : User is logged out of session	[MsgId: MMSG-17999]
  2023-06-17 21:48:42.144 : IterationNum=220	[MsgId: MMSG-17999]
   USER 220 = user81:pwd81	[MsgId: MMSG-17999]
    2023-06-17 21:48:42.238 : Start page is opened	[MsgId: MMSG-17999]
    2023-06-17 21:48:46.885 : User is logged in with session 136656.17837181HAcQcfcpVHftcVHfpfVDAf	[MsgId: MMSG-17999]
    2023-06-17 21:48:52.710 : User is logged out of session	[MsgId: MMSG-17999]
  2023-06-17 21:50:48.158 : IterationNum=221	[MsgId: MMSG-17999]
   USER 221 = user81:pwd81	[MsgId: MMSG-17999]
    2023-06-17 21:50:48.252 : Start page is opened	[MsgId: MMSG-17999]
    2023-06-17 21:50:54.397 : User is logged in with session 136656.188578372HAcQcfcpHtcVHfpfVzc	[MsgId: MMSG-17999]
    2023-06-17 21:51:00.677 : User is logged out of session	[MsgId: MMSG-17999]
  2023-06-17 21:52:54.173 : IterationNum=222	[MsgId: MMSG-17999]
   USER 222 = user81:pwd81	[MsgId: MMSG-17999]
    2023-06-17 21:52:54.266 : Start page is opened	[MsgId: MMSG-17999]
    2023-06-17 21:53:00.482 : User is logged in with session 136656.198784933HAcQcfDpccftcVHfpfVQDf	[MsgId: MMSG-17999]
    2023-06-17 21:53:05.531 : User is logged out of session	[MsgId: MMSG-17999]
  2023-06-17 21:55:00.183 : IterationNum=223	[MsgId: MMSG-17999]
   USER 223 = user81:pwd81	[MsgId: MMSG-17999]
    2023-06-17 21:55:00.278 : Start page is opened	[MsgId: MMSG-17999]
    2023-06-17 21:55:05.930 : User is logged in with session 136656.208991495HAcQcfDpHftcVHfpfccf	[MsgId: MMSG-17999]
    2023-06-17 21:55:10.299 : User is logged out of session	[MsgId: MMSG-17999]
  2023-06-17 21:57:06.187 : IterationNum=224	[MsgId: MMSG-17999]
   USER 224 = user81:pwd81	[MsgId: MMSG-17999]
    2023-06-17 21:57:06.282 : Start page is opened	[MsgId: MMSG-17999]
    2023-06-17 21:57:11.733 : User is logged in with session 136656.219198056HAcQcftpcHftcVHfpfcfzf	[MsgId: MMSG-17999]
    2023-06-17 21:57:17.816 : User is logged out of session	[MsgId: MMSG-17999]
  2023-06-17 21:59:12.200 : IterationNum=225	[MsgId: MMSG-17999]
   USER 225 = user81:pwd81	[MsgId: MMSG-17999]
    2023-06-17 21:59:12.294 : Start page is opened	[MsgId: MMSG-17999]
    2023-06-17 21:59:17.733 : User is logged in with session 136656.229404617HAcQcftpitcVHfpfcii	[MsgId: MMSG-17999]
    2023-06-17 21:59:23.667 : User is logged out of session	[MsgId: MMSG-17999]
  2023-06-17 22:01:18.212 : IterationNum=226	[MsgId: MMSG-17999]
   USER 226 = user81:pwd81	[MsgId: MMSG-17999]
    2023-06-17 22:01:18.307 : Start page is opened	[MsgId: MMSG-17999]
    2023-06-17 22:01:22.909 : User is logged in with session 136656.239611179HAcQcffpDcftcVHfpfDVQf	[MsgId: MMSG-17999]
    2023-06-17 22:01:28.248 : User is logged out of session	[MsgId: MMSG-17999]
  2023-06-17 22:03:24.213 : IterationNum=227	[MsgId: MMSG-17999]
   USER 227 = user81:pwd81	[MsgId: MMSG-17999]
    2023-06-17 22:03:24.307 : Start page is opened	[MsgId: MMSG-17999]
    2023-06-17 22:03:30.136 : User is logged in with session 136656.24981774HAcQcffpiftcVHfpfDfV	[MsgId: MMSG-17999]
    2023-06-17 22:03:36.289 : User is logged out of session	[MsgId: MMSG-17999]
  2023-06-17 22:05:30.217 : IterationNum=228	[MsgId: MMSG-17999]
   USER 228 = user81:pwd81	[MsgId: MMSG-17999]
    2023-06-17 22:05:30.311 : Start page is opened	[MsgId: MMSG-17999]
    2023-06-17 22:05:36.172 : User is logged in with session 136656.260024301HAcQcfzpDHftcVHfpfDicf	[MsgId: MMSG-17999]
    2023-06-17 22:05:40.229 : User is logged out of session	[MsgId: MMSG-17999]
  2023-06-17 22:07:36.232 : IterationNum=229	[MsgId: MMSG-17999]
   USER 229 = user81:pwd81	[MsgId: MMSG-17999]
    2023-06-17 22:07:36.326 : Start page is opened	[MsgId: MMSG-17999]
    2023-06-17 22:07:40.539 : User is logged in with session 136656.270230863HAcQcfzpQtcVHfpftVt	[MsgId: MMSG-17999]
    2023-06-17 22:07:44.836 : User is logged out of session	[MsgId: MMSG-17999]
  2023-06-17 22:09:42.247 : IterationNum=230	[MsgId: MMSG-17999]
   USER 230 = user81:pwd81	[MsgId: MMSG-17999]
    2023-06-17 22:09:42.340 : Start page is opened	[MsgId: MMSG-17999]
    2023-06-17 22:09:47.077 : User is logged in with session 136656.280437424HAcQcfHptcftcVHfpfttff	[MsgId: MMSG-17999]
    2023-06-17 22:09:53.319 : User is logged out of session	[MsgId: MMSG-17999]
  2023-06-17 22:11:48.252 : IterationNum=231	[MsgId: MMSG-17999]
   USER 231 = user81:pwd81	[MsgId: MMSG-17999]
    2023-06-17 22:11:48.346 : Start page is opened	[MsgId: MMSG-17999]
    2023-06-17 22:11:53.488 : User is logged in with session 136656.290643985HAcQcfHpQftcVHfpftHH	[MsgId: MMSG-17999]
    2023-06-17 22:11:59.392 : User is logged out of session	[MsgId: MMSG-17999]
  2023-06-17 22:13:54.258 : IterationNum=232	[MsgId: MMSG-17999]
   USER 232 = user81:pwd81	[MsgId: MMSG-17999]
    2023-06-17 22:13:54.352 : Start page is opened	[MsgId: MMSG-17999]
    2023-06-17 22:13:59.678 : User is logged in with session 136656.300850547HAcQcfiptHftcVHfpffAif	[MsgId: MMSG-17999]
    2023-06-17 22:14:04.170 : User is logged out of session	[MsgId: MMSG-17999]
  2023-06-17 22:16:00.268 : IterationNum=233	[MsgId: MMSG-17999]
   USER 233 = user81:pwd81	[MsgId: MMSG-17999]
    2023-06-17 22:16:00.362 : Start page is opened	[MsgId: MMSG-17999]
    2023-06-17 22:16:04.860 : User is logged in with session 136656.311057108HAcQcfQtcVHfpfft	[MsgId: MMSG-17999]
    2023-06-17 22:16:10.153 : User is logged out of session	[MsgId: MMSG-17999]
  2023-06-17 22:18:06.275 : IterationNum=234	[MsgId: MMSG-17999]
   USER 234 = user81:pwd81	[MsgId: MMSG-17999]
    2023-06-17 22:18:06.369 : Start page is opened	[MsgId: MMSG-17999]
    2023-06-17 22:18:10.712 : User is logged in with session 136656.32126367HAcQcfQpfcftcVHfpffHVf	[MsgId: MMSG-17999]
    2023-06-17 22:18:14.664 : User is logged out of session	[MsgId: MMSG-17999]
  2023-06-17 22:20:12.283 : IterationNum=235	[MsgId: MMSG-17999]
   USER 235 = user81:pwd81	[MsgId: MMSG-17999]
    2023-06-17 22:20:12.373 : Start page is opened	[MsgId: MMSG-17999]
    2023-06-17 22:20:18.060 : User is logged in with session 136656.331470231HAcQczApAftcVHfpfzAD	[MsgId: MMSG-17999]
    2023-06-17 22:20:23.030 : User is logged out of session	[MsgId: MMSG-17999]
