  2023-06-17 14:06:15.944 : IterationNum=1	[MsgId: MMSG-17999]
   USER 1 = user66:pwd66	[MsgId: MMSG-17999]
    2023-06-17 14:06:16.032 : Start page is opened	[MsgId: MMSG-17999]
    2023-06-17 14:06:21.759 : User is logged in with session 136653.930741191HAcQVDzpfzcftcVHtpiVQDHf	[MsgId: MMSG-17999]
    2023-06-17 14:06:25.837 : User is logged out of session	[MsgId: MMSG-17999]
  2023-06-17 14:08:21.958 : IterationNum=2	[MsgId: MMSG-17999]
   USER 2 = user66:pwd66	[MsgId: MMSG-17999]
    2023-06-17 14:08:22.052 : Start page is opened	[MsgId: MMSG-17999]
    2023-06-17 14:08:26.856 : User is logged in with session 136653.940947752HAcQVDHpAiHftcVHtpiccfcf	[MsgId: MMSG-17999]
    2023-06-17 14:08:32.514 : User is logged out of session	[MsgId: MMSG-17999]
  2023-06-17 14:10:27.958 : IterationNum=3	[MsgId: MMSG-17999]
   USER 3 = user66:pwd66	[MsgId: MMSG-17999]
    2023-06-17 14:10:28.053 : Start page is opened	[MsgId: MMSG-17999]
    2023-06-17 14:10:32.124 : User is logged in with session 136653.951154313HAcQVDHpzVcftcVHtpicfzHf	[MsgId: MMSG-17999]
    2023-06-17 14:10:36.538 : User is logged out of session	[MsgId: MMSG-17999]
  2023-06-17 14:12:33.962 : IterationNum=4	[MsgId: MMSG-17999]
   USER 4 = user66:pwd66	[MsgId: MMSG-17999]
    2023-06-17 14:12:34.055 : Start page is opened	[MsgId: MMSG-17999]
    2023-06-17 14:12:39.513 : User is logged in with session 136653.961360875HAcQVDipVDHftcVHtpiciicf	[MsgId: MMSG-17999]
    2023-06-17 14:12:43.865 : User is logged out of session	[MsgId: MMSG-17999]
  2023-06-17 14:14:39.976 : IterationNum=5	[MsgId: MMSG-17999]
   USER 5 = user66:pwd66	[MsgId: MMSG-17999]
    2023-06-17 14:14:40.071 : Start page is opened	[MsgId: MMSG-17999]
    2023-06-17 14:14:46.341 : User is logged in with session 136653.971648441HAcQVDipzzzzzzzHtcVHtpiDc	[MsgId: MMSG-17999]
    2023-06-17 14:14:51.465 : User is logged out of session	[MsgId: MMSG-17999]
  2023-06-17 14:16:45.980 : IterationNum=6	[MsgId: MMSG-17999]
   USER 6 = user66:pwd66	[MsgId: MMSG-17999]
    2023-06-17 14:16:46.075 : Start page is opened	[MsgId: MMSG-17999]
    2023-06-17 14:16:50.294 : User is logged in with session 136653.981855002HAcQVDQpVQVzzzzHtcVHtpiDfVf	[MsgId: MMSG-17999]
    2023-06-17 14:16:55.511 : User is logged out of session	[MsgId: MMSG-17999]
  2023-06-17 14:18:51.982 : IterationNum=7	[MsgId: MMSG-17999]
   USER 7 = user66:pwd66	[MsgId: MMSG-17999]
    2023-06-17 14:18:52.077 : Start page is opened	[MsgId: MMSG-17999]
    2023-06-17 14:18:56.295 : User is logged in with session 136653.992061563HAcQVDQpHVzzzzzHtcVHtpiDiD	[MsgId: MMSG-17999]
    2023-06-17 14:19:00.898 : User is logged out of session	[MsgId: MMSG-17999]
  2023-06-17 14:20:57.982 : IterationNum=8	[MsgId: MMSG-17999]
   USER 8 = user66:pwd66	[MsgId: MMSG-17999]
    2023-06-17 14:20:58.077 : Start page is opened	[MsgId: MMSG-17999]
    2023-06-17 14:21:03.220 : User is logged in with session 136654.002268125HAcQVtApctVzzzzHtcVHtpitVtf	[MsgId: MMSG-17999]
    2023-06-17 14:21:08.261 : User is logged out of session	[MsgId: MMSG-17999]
  2023-06-17 14:23:03.982 : IterationNum=9	[MsgId: MMSG-17999]
   USER 9 = user66:pwd66	[MsgId: MMSG-17999]
    2023-06-17 14:23:04.077 : Start page is opened	[MsgId: MMSG-17999]
    2023-06-17 14:23:09.811 : User is logged in with session 136654.012474686HAcQVtApHzzzzzzHtcVHtpittz	[MsgId: MMSG-17999]
    2023-06-17 14:23:15.390 : User is logged out of session	[MsgId: MMSG-17999]
  2023-06-17 14:25:09.990 : IterationNum=10	[MsgId: MMSG-17999]
   USER 10 = user66:pwd66	[MsgId: MMSG-17999]
    2023-06-17 14:25:10.083 : Start page is opened	[MsgId: MMSG-17999]
    2023-06-17 14:25:14.024 : User is logged in with session 136654.022681247HAcQVtVpcQVzzzzHtcVHtpitHHf	[MsgId: MMSG-17999]
    2023-06-17 14:25:18.978 : User is logged out of session	[MsgId: MMSG-17999]
  2023-06-17 14:27:16.004 : IterationNum=11	[MsgId: MMSG-17999]
   USER 11 = user66:pwd66	[MsgId: MMSG-17999]
    2023-06-17 14:27:16.099 : Start page is opened	[MsgId: MMSG-17999]
    2023-06-17 14:27:22.267 : User is logged in with session 136654.032887809HAcQVtVpiVzzzzzHtcVHtpifAQ	[MsgId: MMSG-17999]
    2023-06-17 14:27:27.682 : User is logged out of session	[MsgId: MMSG-17999]
  2023-06-17 14:29:22.019 : IterationNum=12	[MsgId: MMSG-17999]
   USER 12 = user66:pwd66	[MsgId: MMSG-17999]
    2023-06-17 14:29:22.114 : Start page is opened	[MsgId: MMSG-17999]
    2023-06-17 14:29:26.362 : User is logged in with session 136654.04309437HAcQVtcpDtVzzzzHtcVHtpiftAf	[MsgId: MMSG-17999]
    2023-06-17 14:29:30.994 : User is logged out of session	[MsgId: MMSG-17999]
  2023-06-17 14:31:28.023 : IterationNum=13	[MsgId: MMSG-17999]
   USER 13 = user66:pwd66	[MsgId: MMSG-17999]
    2023-06-17 14:31:28.118 : Start page is opened	[MsgId: MMSG-17999]
    2023-06-17 14:31:34.380 : User is logged in with session 136654.053300932HAcQVtcpizzzzzzHtcVHtpifHc	[MsgId: MMSG-17999]
    2023-06-17 14:31:38.290 : User is logged out of session	[MsgId: MMSG-17999]
  2023-06-17 14:33:34.024 : IterationNum=14	[MsgId: MMSG-17999]
   USER 14 = user66:pwd66	[MsgId: MMSG-17999]
    2023-06-17 14:33:34.119 : Start page is opened	[MsgId: MMSG-17999]
    2023-06-17 14:33:39.934 : User is logged in with session 136654.063507493HAcQVtDpDQVzzzzHtcVHtpizADf	[MsgId: MMSG-17999]
    2023-06-17 14:33:45.163 : User is logged out of session	[MsgId: MMSG-17999]
  2023-06-17 14:35:40.031 : IterationNum=15	[MsgId: MMSG-17999]
   USER 15 = user66:pwd66	[MsgId: MMSG-17999]
    2023-06-17 14:35:40.126 : Start page is opened	[MsgId: MMSG-17999]
    2023-06-17 14:35:45.359 : User is logged in with session 136654.073714054HAcQVtDpQVzzzzzHtcVHtpizDf	[MsgId: MMSG-17999]
    2023-06-17 14:35:49.389 : User is logged out of session	[MsgId: MMSG-17999]
  2023-06-17 14:37:46.044 : IterationNum=16	[MsgId: MMSG-17999]
   USER 16 = user66:pwd66	[MsgId: MMSG-17999]
    2023-06-17 14:37:46.137 : Start page is opened	[MsgId: MMSG-17999]
    2023-06-17 14:37:50.305 : User is logged in with session 136654.083920616HAcQVttpttVzzzzHtcVHtpizzzf	[MsgId: MMSG-17999]
    2023-06-17 14:37:55.794 : User is logged out of session	[MsgId: MMSG-17999]
  2023-06-17 14:39:52.057 : IterationNum=17	[MsgId: MMSG-17999]
   USER 17 = user66:pwd66	[MsgId: MMSG-17999]
    2023-06-17 14:39:52.153 : Start page is opened	[MsgId: MMSG-17999]
    2023-06-17 14:39:56.960 : User is logged in with session 136654.094127177HAcQVttpQzzzzzzHtcVHtpizQi	[MsgId: MMSG-17999]
    2023-06-17 14:40:02.246 : User is logged out of session	[MsgId: MMSG-17999]
  2023-06-17 14:41:58.058 : IterationNum=18	[MsgId: MMSG-17999]
   USER 18 = user66:pwd66	[MsgId: MMSG-17999]
    2023-06-17 14:41:58.153 : Start page is opened	[MsgId: MMSG-17999]
    2023-06-17 14:42:03.706 : User is logged in with session 136654.104333738HAcQVtfptQVzzzzHtcVHtpiHcQf	[MsgId: MMSG-17999]
    2023-06-17 14:42:08.374 : User is logged out of session	[MsgId: MMSG-17999]
  2023-06-17 14:44:04.072 : IterationNum=19	[MsgId: MMSG-17999]
   USER 19 = user66:pwd66	[MsgId: MMSG-17999]
    2023-06-17 14:44:04.168 : Start page is opened	[MsgId: MMSG-17999]
    2023-06-17 14:44:09.976 : User is logged in with session 136654.1145403HAcQVtzpAVzzzzzHtcVHtpiHzV	[MsgId: MMSG-17999]
    2023-06-17 14:44:13.982 : User is logged out of session	[MsgId: MMSG-17999]
  2023-06-17 14:46:10.077 : IterationNum=20	[MsgId: MMSG-17999]
   USER 20 = user66:pwd66	[MsgId: MMSG-17999]
    2023-06-17 14:46:10.170 : Start page is opened	[MsgId: MMSG-17999]
    2023-06-17 14:46:15.097 : User is logged in with session 136654.124746861HAcQVtzpftVzzzzHtcVHtpiHQcf	[MsgId: MMSG-17999]
    2023-06-17 14:46:19.874 : User is logged out of session	[MsgId: MMSG-17999]
  2023-06-17 14:48:16.091 : IterationNum=21	[MsgId: MMSG-17999]
   USER 21 = user66:pwd66	[MsgId: MMSG-17999]
    2023-06-17 14:48:16.185 : Start page is opened	[MsgId: MMSG-17999]
    2023-06-17 14:48:21.500 : User is logged in with session 136654.134953422HAcQVtHpAzzzzzzHtcVHtpiict	[MsgId: MMSG-17999]
    2023-06-17 14:48:26.888 : User is logged out of session	[MsgId: MMSG-17999]
  2023-06-17 14:50:22.093 : IterationNum=22	[MsgId: MMSG-17999]
   USER 22 = user66:pwd66	[MsgId: MMSG-17999]
    2023-06-17 14:50:22.187 : Start page is opened	[MsgId: MMSG-17999]
    2023-06-17 14:50:26.201 : User is logged in with session 136654.145159984HAcQVtHpfQVzzzzHtcVHtpiifff	[MsgId: MMSG-17999]
    2023-06-17 14:50:30.336 : User is logged out of session	[MsgId: MMSG-17999]
  2023-06-17 14:52:28.108 : IterationNum=23	[MsgId: MMSG-17999]
   USER 23 = user66:pwd66	[MsgId: MMSG-17999]
    2023-06-17 14:52:28.203 : Start page is opened	[MsgId: MMSG-17999]
    2023-06-17 14:52:33.809 : User is logged in with session 136654.155366545HAcQVtipVVzzzzzHtcVHtpiiiH	[MsgId: MMSG-17999]
    2023-06-17 14:52:39.505 : User is logged out of session	[MsgId: MMSG-17999]
  2023-06-17 14:54:34.112 : IterationNum=24	[MsgId: MMSG-17999]
   USER 24 = user66:pwd66	[MsgId: MMSG-17999]
    2023-06-17 14:54:34.207 : Start page is opened	[MsgId: MMSG-17999]
    2023-06-17 14:54:38.538 : User is logged in with session 136654.165573107HAcQVtipztVzzzzHtcVHtpiQVif	[MsgId: MMSG-17999]
    2023-06-17 14:54:44.170 : User is logged out of session	[MsgId: MMSG-17999]
  2023-06-17 14:56:40.113 : IterationNum=25	[MsgId: MMSG-17999]
   USER 25 = user66:pwd66	[MsgId: MMSG-17999]
    2023-06-17 14:56:40.208 : Start page is opened	[MsgId: MMSG-17999]
    2023-06-17 14:56:44.422 : User is logged in with session 136654.175779668HAcQVtQpVzzzzzzHtcVHtpiQf	[MsgId: MMSG-17999]
    2023-06-17 14:56:49.331 : User is logged out of session	[MsgId: MMSG-17999]
  2023-06-17 14:58:46.124 : IterationNum=26	[MsgId: MMSG-17999]
   USER 26 = user66:pwd66	[MsgId: MMSG-17999]
    2023-06-17 14:58:46.218 : Start page is opened	[MsgId: MMSG-17999]
    2023-06-17 14:58:50.225 : User is logged in with session 136654.185986229HAcQVtQpzQVzzzzHtcVHtpiQiVf	[MsgId: MMSG-17999]
    2023-06-17 14:58:54.576 : User is logged out of session	[MsgId: MMSG-17999]
  2023-06-17 15:00:52.131 : IterationNum=27	[MsgId: MMSG-17999]
   USER 27 = user66:pwd66	[MsgId: MMSG-17999]
    2023-06-17 15:00:52.225 : Start page is opened	[MsgId: MMSG-17999]
    2023-06-17 15:00:56.645 : User is logged in with session 136654.196192791HAcQVfApcVzzzzzHtcVHtpQAVD	[MsgId: MMSG-17999]
    2023-06-17 15:01:02.075 : User is logged out of session	[MsgId: MMSG-17999]
  2023-06-17 15:02:58.137 : IterationNum=28	[MsgId: MMSG-17999]
   USER 28 = user66:pwd66	[MsgId: MMSG-17999]
    2023-06-17 15:02:58.231 : Start page is opened	[MsgId: MMSG-17999]
    2023-06-17 15:03:04.101 : User is logged in with session 136654.206399352HAcQVfApHtVzzzzHtcVHtpQAttf	[MsgId: MMSG-17999]
    2023-06-17 15:03:08.122 : User is logged out of session	[MsgId: MMSG-17999]
  2023-06-17 15:05:04.141 : IterationNum=29	[MsgId: MMSG-17999]
   USER 29 = user66:pwd66	[MsgId: MMSG-17999]
    2023-06-17 15:05:04.233 : Start page is opened	[MsgId: MMSG-17999]
    2023-06-17 15:05:08.110 : User is logged in with session 136654.216605913HAcQVfVpczzzzzzHtcVHtpQAHz	[MsgId: MMSG-17999]
    2023-06-17 15:05:13.406 : User is logged out of session	[MsgId: MMSG-17999]
  2023-06-17 15:07:10.142 : IterationNum=30	[MsgId: MMSG-17999]
   USER 30 = user66:pwd66	[MsgId: MMSG-17999]
    2023-06-17 15:07:10.238 : Start page is opened	[MsgId: MMSG-17999]
    2023-06-17 15:07:16.028 : User is logged in with session 136654.226812475HAcQVfVpHQVzzzzHtcVHtpQVAHf	[MsgId: MMSG-17999]
    2023-06-17 15:07:20.373 : User is logged out of session	[MsgId: MMSG-17999]
  2023-06-17 15:09:16.154 : IterationNum=31	[MsgId: MMSG-17999]
   USER 31 = user66:pwd66	[MsgId: MMSG-17999]
    2023-06-17 15:09:16.247 : Start page is opened	[MsgId: MMSG-17999]
    2023-06-17 15:09:21.760 : User is logged in with session 136654.237019036HAcQVfcpDVzzzzzHtcVHtpQVDQ	[MsgId: MMSG-17999]
    2023-06-17 15:09:26.255 : User is logged out of session	[MsgId: MMSG-17999]
  2023-06-17 15:11:22.163 : IterationNum=32	[MsgId: MMSG-17999]
   USER 32 = user66:pwd66	[MsgId: MMSG-17999]
    2023-06-17 15:11:22.256 : Start page is opened	[MsgId: MMSG-17999]
    2023-06-17 15:11:26.836 : User is logged in with session 136654.247225597HAcQVfcpitVzzzzHtcVHtpQVHAf	[MsgId: MMSG-17999]
    2023-06-17 15:11:30.958 : User is logged out of session	[MsgId: MMSG-17999]
  2023-06-17 15:13:28.169 : IterationNum=33	[MsgId: MMSG-17999]
   USER 33 = user66:pwd66	[MsgId: MMSG-17999]
    2023-06-17 15:13:28.263 : Start page is opened	[MsgId: MMSG-17999]
    2023-06-17 15:13:34.094 : User is logged in with session 136654.257432159HAcQVfDpDzzzzzzHtcVHtpQcAc	[MsgId: MMSG-17999]
    2023-06-17 15:13:39.233 : User is logged out of session	[MsgId: MMSG-17999]
  2023-06-17 15:15:34.175 : IterationNum=34	[MsgId: MMSG-17999]
   USER 34 = user66:pwd66	[MsgId: MMSG-17999]
    2023-06-17 15:15:34.269 : Start page is opened	[MsgId: MMSG-17999]
    2023-06-17 15:15:39.699 : User is logged in with session 136654.26763872HAcQVfDpiQVzzzzHtcVHtpQcDDf	[MsgId: MMSG-17999]
    2023-06-17 15:15:45.813 : User is logged out of session	[MsgId: MMSG-17999]
  2023-06-17 15:17:40.182 : IterationNum=35	[MsgId: MMSG-17999]
   USER 35 = user66:pwd66	[MsgId: MMSG-17999]
    2023-06-17 15:17:40.276 : Start page is opened	[MsgId: MMSG-17999]
    2023-06-17 15:17:45.145 : User is logged in with session 136654.277845282HAcQVftptVzzzzzHtcVHtpQczf	[MsgId: MMSG-17999]
    2023-06-17 15:17:49.427 : User is logged out of session	[MsgId: MMSG-17999]
  2023-06-17 15:19:46.193 : IterationNum=36	[MsgId: MMSG-17999]
   USER 36 = user66:pwd66	[MsgId: MMSG-17999]
    2023-06-17 15:19:46.286 : Start page is opened	[MsgId: MMSG-17999]
    2023-06-17 15:19:52.558 : User is logged in with session 136654.288051843HAcQVftpQtVzzzzHtcVHtpQcQzf	[MsgId: MMSG-17999]
    2023-06-17 15:19:58.813 : User is logged out of session	[MsgId: MMSG-17999]
  2023-06-17 15:21:52.195 : IterationNum=37	[MsgId: MMSG-17999]
   USER 37 = user66:pwd66	[MsgId: MMSG-17999]
    2023-06-17 15:21:52.291 : Start page is opened	[MsgId: MMSG-17999]
    2023-06-17 15:21:57.254 : User is logged in with session 136654.298258404HAcQVffptzzzzzzHtcVHtpQDci	[MsgId: MMSG-17999]
    2023-06-17 15:22:01.436 : User is logged out of session	[MsgId: MMSG-17999]
  2023-06-17 15:23:58.211 : IterationNum=38	[MsgId: MMSG-17999]
   USER 38 = user66:pwd66	[MsgId: MMSG-17999]
    2023-06-17 15:23:58.305 : Start page is opened	[MsgId: MMSG-17999]
    2023-06-17 15:24:04.029 : User is logged in with session 136654.308464966HAcQVffpQQVzzzzHtcVHtpQDfQf	[MsgId: MMSG-17999]
    2023-06-17 15:24:08.037 : User is logged out of session	[MsgId: MMSG-17999]
  2023-06-17 15:26:04.219 : IterationNum=39	[MsgId: MMSG-17999]
   USER 39 = user66:pwd66	[MsgId: MMSG-17999]
    2023-06-17 15:26:04.312 : Start page is opened	[MsgId: MMSG-17999]
    2023-06-17 15:26:09.785 : User is logged in with session 136654.318671527HAcQVfzpfVzzzzzHtcVHtpQDQV	[MsgId: MMSG-17999]
    2023-06-17 15:26:14.216 : User is logged out of session	[MsgId: MMSG-17999]
  2023-06-17 15:28:10.221 : IterationNum=40	[MsgId: MMSG-17999]
   USER 40 = user66:pwd66	[MsgId: MMSG-17999]
    2023-06-17 15:28:10.315 : Start page is opened	[MsgId: MMSG-17999]
    2023-06-17 15:28:14.824 : User is logged in with session 136654.328878088HAcQVfHpAtVzzzzHtcVHtpQtccf	[MsgId: MMSG-17999]
    2023-06-17 15:28:21.036 : User is logged out of session	[MsgId: MMSG-17999]
  2023-06-17 15:30:16.236 : IterationNum=41	[MsgId: MMSG-17999]
   USER 41 = user66:pwd66	[MsgId: MMSG-17999]
    2023-06-17 15:30:16.330 : Start page is opened	[MsgId: MMSG-17999]
    2023-06-17 15:30:21.577 : User is logged in with session 136654.33908465HAcQVfHpfzzzzzzHtcVHtpQtft	[MsgId: MMSG-17999]
    2023-06-17 15:30:26.898 : User is logged out of session	[MsgId: MMSG-17999]
  2023-06-17 15:32:22.238 : IterationNum=42	[MsgId: MMSG-17999]
   USER 42 = user66:pwd66	[MsgId: MMSG-17999]
    2023-06-17 15:32:22.332 : Start page is opened	[MsgId: MMSG-17999]
    2023-06-17 15:32:26.832 : User is logged in with session 136654.349291211HAcQVfipAQVzzzzHtcVHtpQtiff	[MsgId: MMSG-17999]
    2023-06-17 15:32:32.127 : User is logged out of session	[MsgId: MMSG-17999]
  2023-06-17 15:34:28.250 : IterationNum=43	[MsgId: MMSG-17999]
   USER 43 = user66:pwd66	[MsgId: MMSG-17999]
    2023-06-17 15:34:28.345 : Start page is opened	[MsgId: MMSG-17999]
    2023-06-17 15:34:34.456 : User is logged in with session 136654.359497772HAcQVfipzVzzzzzHtcVHtpQfVH	[MsgId: MMSG-17999]
    2023-06-17 15:34:39.417 : User is logged out of session	[MsgId: MMSG-17999]
  2023-06-17 15:36:34.252 : IterationNum=44	[MsgId: MMSG-17999]
   USER 44 = user66:pwd66	[MsgId: MMSG-17999]
    2023-06-17 15:36:34.347 : Start page is opened	[MsgId: MMSG-17999]
    2023-06-17 15:36:39.156 : User is logged in with session 136654.369704334HAcQVfQpVtVzzzzHtcVHtpQftif	[MsgId: MMSG-17999]
    2023-06-17 15:36:44.525 : User is logged out of session	[MsgId: MMSG-17999]
  2023-06-17 15:38:40.259 : IterationNum=45	[MsgId: MMSG-17999]
   USER 45 = user66:pwd66	[MsgId: MMSG-17999]
    2023-06-17 15:38:40.354 : Start page is opened	[MsgId: MMSG-17999]
    2023-06-17 15:38:44.876 : User is logged in with session 136654.379910895HAcQVfQpzzzzzzzHtcVHtpQfi	[MsgId: MMSG-17999]
    2023-06-17 15:38:50.393 : User is logged out of session	[MsgId: MMSG-17999]
  2023-06-17 15:40:46.265 : IterationNum=46	[MsgId: MMSG-17999]
   USER 46 = user66:pwd66	[MsgId: MMSG-17999]
    2023-06-17 15:40:46.359 : Start page is opened	[MsgId: MMSG-17999]
    2023-06-17 15:40:51.171 : User is logged in with session 136654.390117456HAcQVzApVQVzzzzHtcVHtpQzVVf	[MsgId: MMSG-17999]
    2023-06-17 15:40:56.590 : User is logged out of session	[MsgId: MMSG-17999]
  2023-06-17 15:42:52.270 : IterationNum=47	[MsgId: MMSG-17999]
   USER 47 = user66:pwd66	[MsgId: MMSG-17999]
    2023-06-17 15:42:52.363 : Start page is opened	[MsgId: MMSG-17999]
    2023-06-17 15:42:58.435 : User is logged in with session 136654.400324018HAcQVzApHVzzzzzHtcVHtpQztD	[MsgId: MMSG-17999]
    2023-06-17 15:43:03.171 : User is logged out of session	[MsgId: MMSG-17999]
  2023-06-17 15:44:58.272 : IterationNum=48	[MsgId: MMSG-17999]
   USER 48 = user66:pwd66	[MsgId: MMSG-17999]
    2023-06-17 15:44:58.367 : Start page is opened	[MsgId: MMSG-17999]
    2023-06-17 15:45:04.181 : User is logged in with session 136654.410530579HAcQVzVpctVzzzzHtcVHtpQzHtf	[MsgId: MMSG-17999]
    2023-06-17 15:45:08.153 : User is logged out of session	[MsgId: MMSG-17999]
  2023-06-17 15:47:04.275 : IterationNum=49	[MsgId: MMSG-17999]
   USER 49 = user66:pwd66	[MsgId: MMSG-17999]
    2023-06-17 15:47:04.368 : Start page is opened	[MsgId: MMSG-17999]
    2023-06-17 15:47:10.733 : User is logged in with session 136654.420737141HAcQVzVpHzzzzzzHtcVHtpQHAz	[MsgId: MMSG-17999]
    2023-06-17 15:47:15.781 : User is logged out of session	[MsgId: MMSG-17999]
  2023-06-17 15:49:10.281 : IterationNum=50	[MsgId: MMSG-17999]
   USER 50 = user66:pwd66	[MsgId: MMSG-17999]
    2023-06-17 15:49:10.375 : Start page is opened	[MsgId: MMSG-17999]
    2023-06-17 15:49:14.395 : User is logged in with session 136654.430943702HAcQVzcpcQVzzzzHtcVHtpQHDHf	[MsgId: MMSG-17999]
    2023-06-17 15:49:19.475 : User is logged out of session	[MsgId: MMSG-17999]
  2023-06-17 15:51:16.294 : IterationNum=51	[MsgId: MMSG-17999]
   USER 51 = user66:pwd66	[MsgId: MMSG-17999]
    2023-06-17 15:51:16.388 : Start page is opened	[MsgId: MMSG-17999]
    2023-06-17 15:51:21.158 : User is logged in with session 136654.441150263HAcQVzcpiVzzzzzHtcVHtpQHzQ	[MsgId: MMSG-17999]
    2023-06-17 15:51:27.468 : User is logged out of session	[MsgId: MMSG-17999]
  2023-06-17 15:53:22.294 : IterationNum=52	[MsgId: MMSG-17999]
   USER 52 = user66:pwd66	[MsgId: MMSG-17999]
    2023-06-17 15:53:22.387 : Start page is opened	[MsgId: MMSG-17999]
    2023-06-17 15:53:27.092 : User is logged in with session 136654.451356825HAcQVzDpDtVzzzzHtcVHtpQiAAf	[MsgId: MMSG-17999]
    2023-06-17 15:53:32.452 : User is logged out of session	[MsgId: MMSG-17999]
  2023-06-17 15:55:28.309 : IterationNum=53	[MsgId: MMSG-17999]
   USER 53 = user66:pwd66	[MsgId: MMSG-17999]
    2023-06-17 15:55:28.404 : Start page is opened	[MsgId: MMSG-17999]
    2023-06-17 15:55:32.854 : User is logged in with session 136654.461563386HAcQVzDpizzzzzzHtcVHtpQiDc	[MsgId: MMSG-17999]
    2023-06-17 15:55:37.805 : User is logged out of session	[MsgId: MMSG-17999]
  2023-06-17 15:57:34.311 : IterationNum=54	[MsgId: MMSG-17999]
   USER 54 = user66:pwd66	[MsgId: MMSG-17999]
    2023-06-17 15:57:34.406 : Start page is opened	[MsgId: MMSG-17999]
    2023-06-17 15:57:38.845 : User is logged in with session 136654.471769947HAcQVztpDQVzzzzHtcVHtpQizDf	[MsgId: MMSG-17999]
    2023-06-17 15:57:43.123 : User is logged out of session	[MsgId: MMSG-17999]
  2023-06-17 15:59:40.323 : IterationNum=55	[MsgId: MMSG-17999]
   USER 55 = user66:pwd66	[MsgId: MMSG-17999]
    2023-06-17 15:59:40.416 : Start page is opened	[MsgId: MMSG-17999]
    2023-06-17 15:59:46.315 : User is logged in with session 136654.481976509HAcQVztpQVzzzzzHtcVHtpQiQf	[MsgId: MMSG-17999]
    2023-06-17 15:59:50.650 : User is logged out of session	[MsgId: MMSG-17999]
  2023-06-17 16:01:46.327 : IterationNum=56	[MsgId: MMSG-17999]
   USER 56 = user66:pwd66	[MsgId: MMSG-17999]
    2023-06-17 16:01:46.419 : Start page is opened	[MsgId: MMSG-17999]
    2023-06-17 16:01:52.312 : User is logged in with session 136654.49218307HAcQVzfpttVzzzzHtcVHtpQQczf	[MsgId: MMSG-17999]
    2023-06-17 16:01:57.387 : User is logged out of session	[MsgId: MMSG-17999]
  2023-06-17 16:03:52.342 : IterationNum=57	[MsgId: MMSG-17999]
   USER 57 = user66:pwd66	[MsgId: MMSG-17999]
    2023-06-17 16:03:52.436 : Start page is opened	[MsgId: MMSG-17999]
    2023-06-17 16:03:57.466 : User is logged in with session 136654.502389631HAcQVzfpQzzzzzzHtcVHtpQQfi	[MsgId: MMSG-17999]
    2023-06-17 16:04:02.466 : User is logged out of session	[MsgId: MMSG-17999]
  2023-06-17 16:05:58.348 : IterationNum=58	[MsgId: MMSG-17999]
   USER 58 = user66:pwd66	[MsgId: MMSG-17999]
    2023-06-17 16:05:58.443 : Start page is opened	[MsgId: MMSG-17999]
    2023-06-17 16:06:03.258 : User is logged in with session 136654.512596193HAcQVzzptQVzzzzHtcVHtpQQiQf	[MsgId: MMSG-17999]
    2023-06-17 16:06:07.442 : User is logged out of session	[MsgId: MMSG-17999]
  2023-06-17 16:08:04.351 : IterationNum=59	[MsgId: MMSG-17999]
   USER 59 = user66:pwd66	[MsgId: MMSG-17999]
    2023-06-17 16:08:04.445 : Start page is opened	[MsgId: MMSG-17999]
    2023-06-17 16:08:09.841 : User is logged in with session 136654.522802754HAcQVzHpAVzzzzzHtcVHfpAAcV	[MsgId: MMSG-17999]
    2023-06-17 16:08:15.132 : User is logged out of session	[MsgId: MMSG-17999]
  2023-06-17 16:10:10.358 : IterationNum=60	[MsgId: MMSG-17999]
   USER 60 = user66:pwd66	[MsgId: MMSG-17999]
    2023-06-17 16:10:10.451 : Start page is opened	[MsgId: MMSG-17999]
    2023-06-17 16:10:16.662 : User is logged in with session 136654.533009316HAcQVzHpftVzzzzHtcVHfpAAfcf	[MsgId: MMSG-17999]
    2023-06-17 16:10:22.191 : User is logged out of session	[MsgId: MMSG-17999]
  2023-06-17 16:12:16.367 : IterationNum=61	[MsgId: MMSG-17999]
   USER 61 = user66:pwd66	[MsgId: MMSG-17999]
    2023-06-17 16:12:16.461 : Start page is opened	[MsgId: MMSG-17999]
    2023-06-17 16:12:20.921 : User is logged in with session 136654.543215877HAcQVzipAzzzzzzHtcVHfpAAit	[MsgId: MMSG-17999]
    2023-06-17 16:12:26.703 : User is logged out of session	[MsgId: MMSG-17999]
  2023-06-17 16:14:22.379 : IterationNum=62	[MsgId: MMSG-17999]
   USER 62 = user66:pwd66	[MsgId: MMSG-17999]
    2023-06-17 16:14:22.472 : Start page is opened	[MsgId: MMSG-17999]
    2023-06-17 16:14:26.848 : User is logged in with session 136654.553422438HAcQVzipfQVzzzzHtcVHfpAVVff	[MsgId: MMSG-17999]
    2023-06-17 16:14:33.181 : User is logged out of session	[MsgId: MMSG-17999]
  2023-06-17 16:16:28.380 : IterationNum=63	[MsgId: MMSG-17999]
   USER 63 = user66:pwd66	[MsgId: MMSG-17999]
    2023-06-17 16:16:28.475 : Start page is opened	[MsgId: MMSG-17999]
    2023-06-17 16:16:33.297 : User is logged in with session 136654.563629HAcQVzQpVVzzzzzHtcVHfpAVtH	[MsgId: MMSG-17999]
    2023-06-17 16:16:39.519 : User is logged out of session	[MsgId: MMSG-17999]
  2023-06-17 16:18:34.385 : IterationNum=64	[MsgId: MMSG-17999]
   USER 64 = user66:pwd66	[MsgId: MMSG-17999]
    2023-06-17 16:18:34.478 : Start page is opened	[MsgId: MMSG-17999]
    2023-06-17 16:18:40.726 : User is logged in with session 136654.573835561HAcQVzQpztVzzzzHtcVHfpAVHif	[MsgId: MMSG-17999]
    2023-06-17 16:18:46.921 : User is logged out of session	[MsgId: MMSG-17999]
  2023-06-17 16:20:40.391 : IterationNum=65	[MsgId: MMSG-17999]
   USER 65 = user66:pwd66	[MsgId: MMSG-17999]
    2023-06-17 16:20:40.484 : Start page is opened	[MsgId: MMSG-17999]
    2023-06-17 16:20:46.764 : User is logged in with session 136654.584042122HAcQVHApVzzzzzzHtcVHfpAcV	[MsgId: MMSG-17999]
    2023-06-17 16:20:51.261 : User is logged out of session	[MsgId: MMSG-17999]
  2023-06-17 16:22:46.402 : IterationNum=66	[MsgId: MMSG-17999]
   USER 66 = user66:pwd66	[MsgId: MMSG-17999]
    2023-06-17 16:22:46.496 : Start page is opened	[MsgId: MMSG-17999]
    2023-06-17 16:22:52.760 : User is logged in with session 136654.594248684HAcQVHApzQVzzzzHtcVHfpActVf	[MsgId: MMSG-17999]
    2023-06-17 16:22:57.989 : User is logged out of session	[MsgId: MMSG-17999]
  2023-06-17 16:24:52.413 : IterationNum=67	[MsgId: MMSG-17999]
   USER 67 = user66:pwd66	[MsgId: MMSG-17999]
    2023-06-17 16:24:52.507 : Start page is opened	[MsgId: MMSG-17999]
    2023-06-17 16:24:58.449 : User is logged in with session 136654.604455245HAcQVHVpcVzzzzzHtcVHfpAcHD	[MsgId: MMSG-17999]
    2023-06-17 16:25:02.402 : User is logged out of session	[MsgId: MMSG-17999]
  2023-06-17 16:26:58.426 : IterationNum=68	[MsgId: MMSG-17999]
   USER 68 = user66:pwd66	[MsgId: MMSG-17999]
    2023-06-17 16:26:58.519 : Start page is opened	[MsgId: MMSG-17999]
    2023-06-17 16:27:04.317 : User is logged in with session 136654.614661806HAcQVHVpHtVzzzzHtcVHfpADAtf	[MsgId: MMSG-17999]
    2023-06-17 16:27:10.442 : User is logged out of session	[MsgId: MMSG-17999]
  2023-06-17 16:29:04.435 : IterationNum=69	[MsgId: MMSG-17999]
   USER 69 = user66:pwd66	[MsgId: MMSG-17999]
    2023-06-17 16:29:04.528 : Start page is opened	[MsgId: MMSG-17999]
    2023-06-17 16:29:09.745 : User is logged in with session 136654.624868368HAcQVHcpczzzzzzHtcVHfpADDz	[MsgId: MMSG-17999]
    2023-06-17 16:29:14.510 : User is logged out of session	[MsgId: MMSG-17999]
  2023-06-17 16:31:10.437 : IterationNum=70	[MsgId: MMSG-17999]
   USER 70 = user66:pwd66	[MsgId: MMSG-17999]
    2023-06-17 16:31:10.532 : Start page is opened	[MsgId: MMSG-17999]
    2023-06-17 16:31:15.295 : User is logged in with session 136654.635074929HAcQVHcpHQVzzzzHtcVHfpADzHf	[MsgId: MMSG-17999]
    2023-06-17 16:31:19.283 : User is logged out of session	[MsgId: MMSG-17999]
  2023-06-17 16:33:16.440 : IterationNum=71	[MsgId: MMSG-17999]
   USER 71 = user66:pwd66	[MsgId: MMSG-17999]
    2023-06-17 16:33:16.534 : Start page is opened	[MsgId: MMSG-17999]
    2023-06-17 16:33:21.398 : User is logged in with session 136654.64528149HAcQVHDpDVzzzzzHtcVHfpADQQ	[MsgId: MMSG-17999]
    2023-06-17 16:33:26.160 : User is logged out of session	[MsgId: MMSG-17999]
  2023-06-17 16:35:22.450 : IterationNum=72	[MsgId: MMSG-17999]
   USER 72 = user66:pwd66	[MsgId: MMSG-17999]
    2023-06-17 16:35:22.543 : Start page is opened	[MsgId: MMSG-17999]
    2023-06-17 16:35:28.461 : User is logged in with session 136654.655488052HAcQVHDpitVzzzzHtcVHfpAtDAf	[MsgId: MMSG-17999]
    2023-06-17 16:35:32.374 : User is logged out of session	[MsgId: MMSG-17999]
  2023-06-17 16:37:28.465 : IterationNum=73	[MsgId: MMSG-17999]
   USER 73 = user66:pwd66	[MsgId: MMSG-17999]
    2023-06-17 16:37:28.560 : Start page is opened	[MsgId: MMSG-17999]
    2023-06-17 16:37:34.669 : User is logged in with session 136654.665694613HAcQVHtpDzzzzzzHtcVHfpAtzc	[MsgId: MMSG-17999]
    2023-06-17 16:37:39.636 : User is logged out of session	[MsgId: MMSG-17999]
  2023-06-17 16:39:34.473 : IterationNum=74	[MsgId: MMSG-17999]
   USER 74 = user66:pwd66	[MsgId: MMSG-17999]
    2023-06-17 16:39:34.568 : Start page is opened	[MsgId: MMSG-17999]
    2023-06-17 16:39:38.678 : User is logged in with session 136654.675901175HAcQVHtpiQVzzzzHtcVHfpAtQDf	[MsgId: MMSG-17999]
    2023-06-17 16:39:42.768 : User is logged out of session	[MsgId: MMSG-17999]
  2023-06-17 16:41:40.479 : IterationNum=75	[MsgId: MMSG-17999]
   USER 75 = user66:pwd66	[MsgId: MMSG-17999]
    2023-06-17 16:41:40.573 : Start page is opened	[MsgId: MMSG-17999]
    2023-06-17 16:41:44.827 : User is logged in with session 136654.686107736HAcQVHfptVzzzzzHtcVHfpAfcf	[MsgId: MMSG-17999]
    2023-06-17 16:41:50.454 : User is logged out of session	[MsgId: MMSG-17999]
  2023-06-17 16:43:46.493 : IterationNum=76	[MsgId: MMSG-17999]
   USER 76 = user66:pwd66	[MsgId: MMSG-17999]
    2023-06-17 16:43:46.588 : Start page is opened	[MsgId: MMSG-17999]
    2023-06-17 16:43:52.159 : User is logged in with session 136654.696314297HAcQVHfpQtVzzzzHtcVHfpAffzf	[MsgId: MMSG-17999]
    2023-06-17 16:43:57.271 : User is logged out of session	[MsgId: MMSG-17999]
  2023-06-17 16:45:52.494 : IterationNum=77	[MsgId: MMSG-17999]
   USER 77 = user66:pwd66	[MsgId: MMSG-17999]
    2023-06-17 16:45:52.588 : Start page is opened	[MsgId: MMSG-17999]
    2023-06-17 16:45:57.759 : User is logged in with session 136654.706520859HAcQVHzptzzzzzzHtcVHfpAfii	[MsgId: MMSG-17999]
    2023-06-17 16:46:02.501 : User is logged out of session	[MsgId: MMSG-17999]
  2023-06-17 16:47:58.509 : IterationNum=78	[MsgId: MMSG-17999]
   USER 78 = user66:pwd66	[MsgId: MMSG-17999]
    2023-06-17 16:47:58.603 : Start page is opened	[MsgId: MMSG-17999]
    2023-06-17 16:48:03.020 : User is logged in with session 136654.71672742HAcQVHzpQQVzzzzHtcVHfpAzVQf	[MsgId: MMSG-17999]
    2023-06-17 16:48:07.702 : User is logged out of session	[MsgId: MMSG-17999]
  2023-06-17 16:50:04.514 : IterationNum=79	[MsgId: MMSG-17999]
   USER 79 = user66:pwd66	[MsgId: MMSG-17999]
    2023-06-17 16:50:04.608 : Start page is opened	[MsgId: MMSG-17999]
    2023-06-17 16:50:10.771 : User is logged in with session 136654.726933981HAcQVHHpfVzzzzzHtcVHfpAzfV	[MsgId: MMSG-17999]
    2023-06-17 16:50:15.560 : User is logged out of session	[MsgId: MMSG-17999]
  2023-06-17 16:52:10.521 : IterationNum=80	[MsgId: MMSG-17999]
   USER 80 = user66:pwd66	[MsgId: MMSG-17999]
    2023-06-17 16:52:10.615 : Start page is opened	[MsgId: MMSG-17999]
    2023-06-17 16:52:15.843 : User is logged in with session 136654.737140543HAcQVHipAtVzzzzHtcVHfpAzicf	[MsgId: MMSG-17999]
    2023-06-17 16:52:21.122 : User is logged out of session	[MsgId: MMSG-17999]
  2023-06-17 16:54:16.528 : IterationNum=81	[MsgId: MMSG-17999]
   USER 81 = user66:pwd66	[MsgId: MMSG-17999]
    2023-06-17 16:54:16.621 : Start page is opened	[MsgId: MMSG-17999]
    2023-06-17 16:54:21.470 : User is logged in with session 136654.747347104HAcQVHipfzzzzzzHtcVHfpAHVt	[MsgId: MMSG-17999]
    2023-06-17 16:54:26.417 : User is logged out of session	[MsgId: MMSG-17999]
  2023-06-17 16:56:22.537 : IterationNum=82	[MsgId: MMSG-17999]
   USER 82 = user66:pwd66	[MsgId: MMSG-17999]
    2023-06-17 16:56:22.630 : Start page is opened	[MsgId: MMSG-17999]
    2023-06-17 16:56:27.286 : User is logged in with session 136654.757553665HAcQVHQpAQVzzzzHtcVHfpAHtff	[MsgId: MMSG-17999]
    2023-06-17 16:56:32.265 : User is logged out of session	[MsgId: MMSG-17999]
  2023-06-17 16:58:28.544 : IterationNum=83	[MsgId: MMSG-17999]
   USER 83 = user66:pwd66	[MsgId: MMSG-17999]
    2023-06-17 16:58:28.638 : Start page is opened	[MsgId: MMSG-17999]
    2023-06-17 16:58:32.658 : User is logged in with session 136654.767760227HAcQVHQpzVzzzzzHtcVHfpAHHH	[MsgId: MMSG-17999]
    2023-06-17 16:58:38.325 : User is logged out of session	[MsgId: MMSG-17999]
  2023-06-17 17:00:34.555 : IterationNum=84	[MsgId: MMSG-17999]
   USER 84 = user66:pwd66	[MsgId: MMSG-17999]
    2023-06-17 17:00:34.650 : Start page is opened	[MsgId: MMSG-17999]
    2023-06-17 17:00:39.919 : User is logged in with session 136654.777966788HAcQViApVtVzzzzHtcVHfpAiAif	[MsgId: MMSG-17999]
    2023-06-17 17:00:45.394 : User is logged out of session	[MsgId: MMSG-17999]
  2023-06-17 17:02:40.559 : IterationNum=85	[MsgId: MMSG-17999]
   USER 85 = user66:pwd66	[MsgId: MMSG-17999]
    2023-06-17 17:02:40.652 : Start page is opened	[MsgId: MMSG-17999]
    2023-06-17 17:02:44.563 : User is logged in with session 136654.78817335HAcQViApzzzzzzzHtcVHfpAit	[MsgId: MMSG-17999]
    2023-06-17 17:02:48.899 : User is logged out of session	[MsgId: MMSG-17999]
  2023-06-17 17:04:46.562 : IterationNum=86	[MsgId: MMSG-17999]
   USER 86 = user66:pwd66	[MsgId: MMSG-17999]
    2023-06-17 17:04:46.655 : Start page is opened	[MsgId: MMSG-17999]
    2023-06-17 17:04:51.873 : User is logged in with session 136654.798379911HAcQViVpVQVzzzzHtcVHfpAiHVf	[MsgId: MMSG-17999]
    2023-06-17 17:04:57.810 : User is logged out of session	[MsgId: MMSG-17999]
  2023-06-17 17:06:52.568 : IterationNum=87	[MsgId: MMSG-17999]
   USER 87 = user66:pwd66	[MsgId: MMSG-17999]
    2023-06-17 17:06:52.663 : Start page is opened	[MsgId: MMSG-17999]
    2023-06-17 17:06:58.733 : User is logged in with session 136654.808586472HAcQViVpHVzzzzzHtcVHfpAQAD	[MsgId: MMSG-17999]
    2023-06-17 17:07:04.569 : User is logged out of session	[MsgId: MMSG-17999]
  2023-06-17 17:08:58.576 : IterationNum=88	[MsgId: MMSG-17999]
   USER 88 = user66:pwd66	[MsgId: MMSG-17999]
    2023-06-17 17:08:58.670 : Start page is opened	[MsgId: MMSG-17999]
    2023-06-17 17:09:02.640 : User is logged in with session 136654.818793034HAcQVicpctVzzzzHtcVHfpAQDtf	[MsgId: MMSG-17999]
    2023-06-17 17:09:08.450 : User is logged out of session	[MsgId: MMSG-17999]
  2023-06-17 17:11:04.582 : IterationNum=89	[MsgId: MMSG-17999]
   USER 89 = user66:pwd66	[MsgId: MMSG-17999]
    2023-06-17 17:11:04.676 : Start page is opened	[MsgId: MMSG-17999]
    2023-06-17 17:11:09.141 : User is logged in with session 136654.828999595HAcQVicpHzzzzzzHtcVHfpAQzz	[MsgId: MMSG-17999]
    2023-06-17 17:11:13.287 : User is logged out of session	[MsgId: MMSG-17999]
  2023-06-17 17:13:10.591 : IterationNum=90	[MsgId: MMSG-17999]
   USER 90 = user66:pwd66	[MsgId: MMSG-17999]
    2023-06-17 17:13:10.686 : Start page is opened	[MsgId: MMSG-17999]
    2023-06-17 17:13:16.374 : User is logged in with session 136654.839206156HAcQViDpcQVzzzzHtcVHfpAQQHf	[MsgId: MMSG-17999]
    2023-06-17 17:13:22.617 : User is logged out of session	[MsgId: MMSG-17999]
  2023-06-17 17:15:16.592 : IterationNum=91	[MsgId: MMSG-17999]
   USER 91 = user66:pwd66	[MsgId: MMSG-17999]
    2023-06-17 17:15:16.686 : Start page is opened	[MsgId: MMSG-17999]
    2023-06-17 17:15:22.981 : User is logged in with session 136654.849412718HAcQViDpiVzzzzzHtcVHfpVAcQ	[MsgId: MMSG-17999]
    2023-06-17 17:15:28.489 : User is logged out of session	[MsgId: MMSG-17999]
  2023-06-17 17:17:22.604 : IterationNum=92	[MsgId: MMSG-17999]
   USER 92 = user66:pwd66	[MsgId: MMSG-17999]
    2023-06-17 17:17:22.699 : Start page is opened	[MsgId: MMSG-17999]
    2023-06-17 17:17:28.167 : User is logged in with session 136654.859619279HAcQVitpDtVzzzzHtcVHfpVAzAf	[MsgId: MMSG-17999]
    2023-06-17 17:17:33.088 : User is logged out of session	[MsgId: MMSG-17999]
  2023-06-17 17:19:28.616 : IterationNum=93	[MsgId: MMSG-17999]
   USER 93 = user66:pwd66	[MsgId: MMSG-17999]
    2023-06-17 17:19:28.710 : Start page is opened	[MsgId: MMSG-17999]
    2023-06-17 17:19:34.030 : User is logged in with session 136654.86982584HAcQVitpizzzzzzHtcVHfpVAQc	[MsgId: MMSG-17999]
    2023-06-17 17:19:40.099 : User is logged out of session	[MsgId: MMSG-17999]
  2023-06-17 17:21:34.621 : IterationNum=94	[MsgId: MMSG-17999]
   USER 94 = user66:pwd66	[MsgId: MMSG-17999]
    2023-06-17 17:21:34.715 : Start page is opened	[MsgId: MMSG-17999]
    2023-06-17 17:21:40.668 : User is logged in with session 136654.880032402HAcQVifpDQVzzzzHtcVHfpVVcDf	[MsgId: MMSG-17999]
    2023-06-17 17:21:46.747 : User is logged out of session	[MsgId: MMSG-17999]
  2023-06-17 17:23:40.633 : IterationNum=95	[MsgId: MMSG-17999]
   USER 95 = user66:pwd66	[MsgId: MMSG-17999]
    2023-06-17 17:23:40.728 : Start page is opened	[MsgId: MMSG-17999]
    2023-06-17 17:23:46.302 : User is logged in with session 136654.890238963HAcQVifpQVzzzzzHtcVHfpVVff	[MsgId: MMSG-17999]
    2023-06-17 17:23:52.364 : User is logged out of session	[MsgId: MMSG-17999]
  2023-06-17 17:25:46.646 : IterationNum=96	[MsgId: MMSG-17999]
   USER 96 = user66:pwd66	[MsgId: MMSG-17999]
    2023-06-17 17:25:46.739 : Start page is opened	[MsgId: MMSG-17999]
    2023-06-17 17:25:52.413 : User is logged in with session 136654.900445525HAcQVizpttVzzzzHtcVHfpVVizf	[MsgId: MMSG-17999]
    2023-06-17 17:25:56.478 : User is logged out of session	[MsgId: MMSG-17999]
  2023-06-17 17:27:52.648 : IterationNum=97	[MsgId: MMSG-17999]
   USER 97 = user66:pwd66	[MsgId: MMSG-17999]
    2023-06-17 17:27:52.742 : Start page is opened	[MsgId: MMSG-17999]
    2023-06-17 17:27:58.639 : User is logged in with session 136654.910652086HAcQVizpQzzzzzzHtcVHfpVcVi	[MsgId: MMSG-17999]
    2023-06-17 17:28:03.808 : User is logged out of session	[MsgId: MMSG-17999]
  2023-06-17 17:29:58.654 : IterationNum=98	[MsgId: MMSG-17999]
   USER 98 = user66:pwd66	[MsgId: MMSG-17999]
    2023-06-17 17:29:58.749 : Start page is opened	[MsgId: MMSG-17999]
    2023-06-17 17:30:04.467 : User is logged in with session 136654.920858647HAcQViHptQVzzzzHtcVHfpVctQf	[MsgId: MMSG-17999]
    2023-06-17 17:30:10.202 : User is logged out of session	[MsgId: MMSG-17999]
  2023-06-17 17:32:04.669 : IterationNum=99	[MsgId: MMSG-17999]
   USER 99 = user66:pwd66	[MsgId: MMSG-17999]
    2023-06-17 17:32:04.763 : Start page is opened	[MsgId: MMSG-17999]
    2023-06-17 17:32:08.753 : User is logged in with session 136654.931065209HAcQViipAVzzzzzHtcVHfpVciV	[MsgId: MMSG-17999]
    2023-06-17 17:32:15.047 : User is logged out of session	[MsgId: MMSG-17999]
  2023-06-17 17:34:10.680 : IterationNum=100	[MsgId: MMSG-17999]
   USER 100 = user66:pwd66	[MsgId: MMSG-17999]
    2023-06-17 17:34:10.774 : Start page is opened	[MsgId: MMSG-17999]
    2023-06-17 17:34:15.016 : User is logged in with session 136654.94127177HAcQViipftVzzzzHtcVHfpVDVcf	[MsgId: MMSG-17999]
    2023-06-17 17:34:19.611 : User is logged out of session	[MsgId: MMSG-17999]
  2023-06-17 17:36:16.685 : IterationNum=101	[MsgId: MMSG-17999]
   USER 101 = user66:pwd66	[MsgId: MMSG-17999]
    2023-06-17 17:36:16.779 : Start page is opened	[MsgId: MMSG-17999]
    2023-06-17 17:36:21.241 : User is logged in with session 136654.951478331HAcQViQpAzzzzzzHtcVHfpVDtt	[MsgId: MMSG-17999]
    2023-06-17 17:36:26.957 : User is logged out of session	[MsgId: MMSG-17999]
  2023-06-17 17:38:22.685 : IterationNum=102	[MsgId: MMSG-17999]
   USER 102 = user66:pwd66	[MsgId: MMSG-17999]
    2023-06-17 17:38:22.779 : Start page is opened	[MsgId: MMSG-17999]
    2023-06-17 17:38:27.260 : User is logged in with session 136654.961684893HAcQViQpfQVzzzzHtcVHfpVDHff	[MsgId: MMSG-17999]
    2023-06-17 17:38:32.349 : User is logged out of session	[MsgId: MMSG-17999]
  2023-06-17 17:40:28.686 : IterationNum=103	[MsgId: MMSG-17999]
   USER 103 = user66:pwd66	[MsgId: MMSG-17999]
    2023-06-17 17:40:28.782 : Start page is opened	[MsgId: MMSG-17999]
    2023-06-17 17:40:33.131 : User is logged in with session 136654.971891454HAcQVQApVVzzzzzHtcVHfpVtAH	[MsgId: MMSG-17999]
    2023-06-17 17:40:39.185 : User is logged out of session	[MsgId: MMSG-17999]
  2023-06-17 17:42:34.690 : IterationNum=104	[MsgId: MMSG-17999]
   USER 104 = user66:pwd66	[MsgId: MMSG-17999]
    2023-06-17 17:42:34.783 : Start page is opened	[MsgId: MMSG-17999]
    2023-06-17 17:42:40.424 : User is logged in with session 136654.982098015HAcQVQApztVzzzzHtcVHfpVtDif	[MsgId: MMSG-17999]
    2023-06-17 17:42:46.715 : User is logged out of session	[MsgId: MMSG-17999]
  2023-06-17 17:44:40.703 : IterationNum=105	[MsgId: MMSG-17999]
   USER 105 = user66:pwd66	[MsgId: MMSG-17999]
    2023-06-17 17:44:40.796 : Start page is opened	[MsgId: MMSG-17999]
    2023-06-17 17:44:46.996 : User is logged in with session 136654.992304577HAcQVQVpVzzzzzzHtcVHfpVtH	[MsgId: MMSG-17999]
    2023-06-17 17:44:52.879 : User is logged out of session	[MsgId: MMSG-17999]
  2023-06-17 17:46:46.707 : IterationNum=106	[MsgId: MMSG-17999]
   USER 106 = user66:pwd66	[MsgId: MMSG-17999]
    2023-06-17 17:46:46.801 : Start page is opened	[MsgId: MMSG-17999]
    2023-06-17 17:46:51.796 : User is logged in with session 136655.002511138HAcQVQVpzQVzzzzHtcVHfpVfAVf	[MsgId: MMSG-17999]
    2023-06-17 17:46:57.951 : User is logged out of session	[MsgId: MMSG-17999]
  2023-06-17 17:48:52.716 : IterationNum=107	[MsgId: MMSG-17999]
   USER 107 = user66:pwd66	[MsgId: MMSG-17999]
    2023-06-17 17:48:52.811 : Start page is opened	[MsgId: MMSG-17999]
    2023-06-17 17:48:57.789 : User is logged in with session 136655.012717699HAcQVQcpcVzzzzzHtcVHfpVfDD	[MsgId: MMSG-17999]
    2023-06-17 17:49:04.117 : User is logged out of session	[MsgId: MMSG-17999]
  2023-06-17 17:50:58.726 : IterationNum=108	[MsgId: MMSG-17999]
   USER 108 = user66:pwd66	[MsgId: MMSG-17999]
    2023-06-17 17:50:58.819 : Start page is opened	[MsgId: MMSG-17999]
    2023-06-17 17:51:04.060 : User is logged in with session 136655.022924261HAcQVQcpHtVzzzzHtcVHfpVfztf	[MsgId: MMSG-17999]
    2023-06-17 17:51:08.864 : User is logged out of session	[MsgId: MMSG-17999]
  2023-06-17 17:53:04.730 : IterationNum=109	[MsgId: MMSG-17999]
   USER 109 = user66:pwd66	[MsgId: MMSG-17999]
    2023-06-17 17:53:04.823 : Start page is opened	[MsgId: MMSG-17999]
    2023-06-17 17:53:10.141 : User is logged in with session 136655.033130822HAcQVQDpczzzzzzHtcVHfpVfQz	[MsgId: MMSG-17999]
    2023-06-17 17:53:15.684 : User is logged out of session	[MsgId: MMSG-17999]
  2023-06-17 17:55:10.731 : IterationNum=110	[MsgId: MMSG-17999]
   USER 110 = user66:pwd66	[MsgId: MMSG-17999]
    2023-06-17 17:55:10.824 : Start page is opened	[MsgId: MMSG-17999]
    2023-06-17 17:55:16.547 : User is logged in with session 136655.043337384HAcQVQDpHQVzzzzHtcVHfpVzcHf	[MsgId: MMSG-17999]
    2023-06-17 17:55:22.799 : User is logged out of session	[MsgId: MMSG-17999]
  2023-06-17 17:57:16.739 : IterationNum=111	[MsgId: MMSG-17999]
   USER 111 = user66:pwd66	[MsgId: MMSG-17999]
    2023-06-17 17:57:16.832 : Start page is opened	[MsgId: MMSG-17999]
    2023-06-17 17:57:21.939 : User is logged in with session 136655.053543945HAcQVQtpDVzzzzzHtcVHfpVzfQ	[MsgId: MMSG-17999]
    2023-06-17 17:57:27.450 : User is logged out of session	[MsgId: MMSG-17999]
  2023-06-17 17:59:22.749 : IterationNum=112	[MsgId: MMSG-17999]
   USER 112 = user66:pwd66	[MsgId: MMSG-17999]
    2023-06-17 17:59:22.843 : Start page is opened	[MsgId: MMSG-17999]
    2023-06-17 17:59:27.750 : User is logged in with session 136655.063750506HAcQVQtpitVzzzzHtcVHfpVzQAf	[MsgId: MMSG-17999]
    2023-06-17 17:59:33.680 : User is logged out of session	[MsgId: MMSG-17999]
  2023-06-17 18:01:28.757 : IterationNum=113	[MsgId: MMSG-17999]
   USER 113 = user66:pwd66	[MsgId: MMSG-17999]
    2023-06-17 18:01:28.852 : Start page is opened	[MsgId: MMSG-17999]
    2023-06-17 18:01:33.440 : User is logged in with session 136655.073957068HAcQVQfpDzzzzzzHtcVHfpVHcc	[MsgId: MMSG-17999]
    2023-06-17 18:01:37.559 : User is logged out of session	[MsgId: MMSG-17999]
  2023-06-17 18:03:34.767 : IterationNum=114	[MsgId: MMSG-17999]
   USER 114 = user66:pwd66	[MsgId: MMSG-17999]
    2023-06-17 18:03:34.860 : Start page is opened	[MsgId: MMSG-17999]
    2023-06-17 18:03:40.839 : User is logged in with session 136655.084163629HAcQVQfpiQVzzzzHtcVHfpVHfDf	[MsgId: MMSG-17999]
    2023-06-17 18:03:45.330 : User is logged out of session	[MsgId: MMSG-17999]
  2023-06-17 18:05:40.768 : IterationNum=115	[MsgId: MMSG-17999]
   USER 115 = user66:pwd66	[MsgId: MMSG-17999]
    2023-06-17 18:05:40.861 : Start page is opened	[MsgId: MMSG-17999]
    2023-06-17 18:05:45.320 : User is logged in with session 136655.09437019HAcQVQzptVzzzzzHtcVHfpVHif	[MsgId: MMSG-17999]
    2023-06-17 18:05:49.567 : User is logged out of session	[MsgId: MMSG-17999]
  2023-06-17 18:07:46.783 : IterationNum=116	[MsgId: MMSG-17999]
   USER 116 = user66:pwd66	[MsgId: MMSG-17999]
    2023-06-17 18:07:46.875 : Start page is opened	[MsgId: MMSG-17999]
    2023-06-17 18:07:51.340 : User is logged in with session 136655.104576752HAcQVQzpQtVzzzzHtcVHfpViVzf	[MsgId: MMSG-17999]
    2023-06-17 18:07:57.236 : User is logged out of session	[MsgId: MMSG-17999]
  2023-06-17 18:09:52.787 : IterationNum=117	[MsgId: MMSG-17999]
   USER 117 = user66:pwd66	[MsgId: MMSG-17999]
    2023-06-17 18:09:52.882 : Start page is opened	[MsgId: MMSG-17999]
    2023-06-17 18:09:57.158 : User is logged in with session 136655.114783313HAcQVQHptzzzzzzHtcVHfpViti	[MsgId: MMSG-17999]
    2023-06-17 18:10:01.390 : User is logged out of session	[MsgId: MMSG-17999]
  2023-06-17 18:11:58.798 : IterationNum=118	[MsgId: MMSG-17999]
   USER 118 = user66:pwd66	[MsgId: MMSG-17999]
    2023-06-17 18:11:58.890 : Start page is opened	[MsgId: MMSG-17999]
    2023-06-17 18:12:03.998 : User is logged in with session 136655.124989874HAcQVQHpQQVzzzzHtcVHfpViHQf	[MsgId: MMSG-17999]
    2023-06-17 18:12:08.295 : User is logged out of session	[MsgId: MMSG-17999]
  2023-06-17 18:14:04.803 : IterationNum=119	[MsgId: MMSG-17999]
   USER 119 = user66:pwd66	[MsgId: MMSG-17999]
    2023-06-17 18:14:04.898 : Start page is opened	[MsgId: MMSG-17999]
    2023-06-17 18:14:09.125 : User is logged in with session 136655.135196436HAcQVQipfVzzzzzHtcVHfpVQVV	[MsgId: MMSG-17999]
    2023-06-17 18:14:13.147 : User is logged out of session	[MsgId: MMSG-17999]
  2023-06-17 18:16:10.806 : IterationNum=120	[MsgId: MMSG-17999]
   USER 120 = user66:pwd66	[MsgId: MMSG-17999]
    2023-06-17 18:16:10.899 : Start page is opened	[MsgId: MMSG-17999]
    2023-06-17 18:16:16.598 : User is logged in with session 136655.145402997HAcQVQQpAtVzzzzHtcVHfpVQtcf	[MsgId: MMSG-17999]
    2023-06-17 18:16:21.419 : User is logged out of session	[MsgId: MMSG-17999]
  2023-06-17 18:18:16.818 : IterationNum=121	[MsgId: MMSG-17999]
   USER 121 = user66:pwd66	[MsgId: MMSG-17999]
    2023-06-17 18:18:16.913 : Start page is opened	[MsgId: MMSG-17999]
    2023-06-17 18:18:20.937 : User is logged in with session 136655.155609559HAcQVQQpfzzzzzzHtcVHfpVQHt	[MsgId: MMSG-17999]
    2023-06-17 18:18:27.111 : User is logged out of session	[MsgId: MMSG-17999]
  2023-06-17 18:20:22.826 : IterationNum=122	[MsgId: MMSG-17999]
   USER 122 = user66:pwd66	[MsgId: MMSG-17999]
    2023-06-17 18:20:22.920 : Start page is opened	[MsgId: MMSG-17999]
    2023-06-17 18:20:29.178 : User is logged in with session 136655.16581612HAcQcAApAQVzzzzHtcVHfpcAAff	[MsgId: MMSG-17999]
    2023-06-17 18:20:34.080 : User is logged out of session	[MsgId: MMSG-17999]
  2023-06-17 18:22:28.840 : IterationNum=123	[MsgId: MMSG-17999]
   USER 123 = user66:pwd66	[MsgId: MMSG-17999]
    2023-06-17 18:22:28.935 : Start page is opened	[MsgId: MMSG-17999]
    2023-06-17 18:22:34.641 : User is logged in with session 136655.176022681HAcQcAApzVzzzzzHtcVHfpcADH	[MsgId: MMSG-17999]
    2023-06-17 18:22:39.232 : User is logged out of session	[MsgId: MMSG-17999]
  2023-06-17 18:24:34.841 : IterationNum=124	[MsgId: MMSG-17999]
   USER 124 = user66:pwd66	[MsgId: MMSG-17999]
    2023-06-17 18:24:34.935 : Start page is opened	[MsgId: MMSG-17999]
    2023-06-17 18:24:40.984 : User is logged in with session 136655.186229243HAcQcAVpVtVzzzzHtcVHfpcAzif	[MsgId: MMSG-17999]
    2023-06-17 18:24:45.779 : User is logged out of session	[MsgId: MMSG-17999]
  2023-06-17 18:26:40.856 : IterationNum=125	[MsgId: MMSG-17999]
   USER 125 = user66:pwd66	[MsgId: MMSG-17999]
    2023-06-17 18:26:40.951 : Start page is opened	[MsgId: MMSG-17999]
    2023-06-17 18:26:45.149 : User is logged in with session 136655.196435804HAcQcAVpzzzzzzzHtcVHfpcV	[MsgId: MMSG-17999]
    2023-06-17 18:26:49.952 : User is logged out of session	[MsgId: MMSG-17999]
  2023-06-17 18:28:46.871 : IterationNum=126	[MsgId: MMSG-17999]
   USER 126 = user66:pwd66	[MsgId: MMSG-17999]
    2023-06-17 18:28:46.967 : Start page is opened	[MsgId: MMSG-17999]
    2023-06-17 18:28:51.260 : User is logged in with session 136655.206642365HAcQcAcpVQVzzzzHtcVHfpcVDVf	[MsgId: MMSG-17999]
    2023-06-17 18:28:56.804 : User is logged out of session	[MsgId: MMSG-17999]
  2023-06-17 18:30:52.885 : IterationNum=127	[MsgId: MMSG-17999]
   USER 127 = user66:pwd66	[MsgId: MMSG-17999]
    2023-06-17 18:30:52.979 : Start page is opened	[MsgId: MMSG-17999]
    2023-06-17 18:30:58.324 : User is logged in with session 136655.216848927HAcQcAcpHVzzzzzHtcVHfpcVzD	[MsgId: MMSG-17999]
    2023-06-17 18:31:04.440 : User is logged out of session	[MsgId: MMSG-17999]
  2023-06-17 18:32:58.898 : IterationNum=128	[MsgId: MMSG-17999]
   USER 128 = user66:pwd66	[MsgId: MMSG-17999]
    2023-06-17 18:32:58.992 : Start page is opened	[MsgId: MMSG-17999]
    2023-06-17 18:33:03.324 : User is logged in with session 136655.227055488HAcQcADpctVzzzzHtcVHfpcVQtf	[MsgId: MMSG-17999]
    2023-06-17 18:33:07.747 : User is logged out of session	[MsgId: MMSG-17999]
  2023-06-17 18:35:04.904 : IterationNum=129	[MsgId: MMSG-17999]
   USER 129 = user66:pwd66	[MsgId: MMSG-17999]
    2023-06-17 18:35:04.999 : Start page is opened	[MsgId: MMSG-17999]
    2023-06-17 18:35:09.397 : User is logged in with session 136655.237262049HAcQcADpHzzzzzzHtcVHfpcccz	[MsgId: MMSG-17999]
    2023-06-17 18:35:14.837 : User is logged out of session	[MsgId: MMSG-17999]
  2023-06-17 18:37:10.911 : IterationNum=130	[MsgId: MMSG-17999]
   USER 130 = user66:pwd66	[MsgId: MMSG-17999]
    2023-06-17 18:37:11.006 : Start page is opened	[MsgId: MMSG-17999]
    2023-06-17 18:37:16.815 : User is logged in with session 136655.247468611HAcQcAtpcQVzzzzHtcVHfpccfHf	[MsgId: MMSG-17999]
    2023-06-17 18:37:22.898 : User is logged out of session	[MsgId: MMSG-17999]
  2023-06-17 18:39:16.922 : IterationNum=131	[MsgId: MMSG-17999]
   USER 131 = user66:pwd66	[MsgId: MMSG-17999]
    2023-06-17 18:39:17.016 : Start page is opened	[MsgId: MMSG-17999]
    2023-06-17 18:39:22.412 : User is logged in with session 136655.257675172HAcQcAtpiVzzzzzHtcVHfpcciQ	[MsgId: MMSG-17999]
    2023-06-17 18:39:26.578 : User is logged out of session	[MsgId: MMSG-17999]
  2023-06-17 18:41:22.935 : IterationNum=132	[MsgId: MMSG-17999]
   USER 132 = user66:pwd66	[MsgId: MMSG-17999]
    2023-06-17 18:41:23.028 : Start page is opened	[MsgId: MMSG-17999]
    2023-06-17 18:41:29.231 : User is logged in with session 136655.267881733HAcQcAfpDtVzzzzHtcVHfpcDcAf	[MsgId: MMSG-17999]
    2023-06-17 18:41:35.113 : User is logged out of session	[MsgId: MMSG-17999]
  2023-06-17 18:43:28.948 : IterationNum=133	[MsgId: MMSG-17999]
   USER 133 = user66:pwd66	[MsgId: MMSG-17999]
    2023-06-17 18:43:29.041 : Start page is opened	[MsgId: MMSG-17999]
    2023-06-17 18:43:34.965 : User is logged in with session 136655.278088295HAcQcAfpizzzzzzHtcVHfpcDfc	[MsgId: MMSG-17999]
    2023-06-17 18:43:39.434 : User is logged out of session	[MsgId: MMSG-17999]
  2023-06-17 18:45:34.952 : IterationNum=134	[MsgId: MMSG-17999]
   USER 134 = user66:pwd66	[MsgId: MMSG-17999]
    2023-06-17 18:45:35.047 : Start page is opened	[MsgId: MMSG-17999]
    2023-06-17 18:45:39.682 : User is logged in with session 136655.288294856HAcQcAzpDQVzzzzHtcVHfpcDiDf	[MsgId: MMSG-17999]
    2023-06-17 18:45:43.563 : User is logged out of session	[MsgId: MMSG-17999]
  2023-06-17 18:47:40.960 : IterationNum=135	[MsgId: MMSG-17999]
   USER 135 = user66:pwd66	[MsgId: MMSG-17999]
    2023-06-17 18:47:41.055 : Start page is opened	[MsgId: MMSG-17999]
    2023-06-17 18:47:46.406 : User is logged in with session 136655.298501418HAcQcAzpQVzzzzzHtcVHfpctVf	[MsgId: MMSG-17999]
    2023-06-17 18:47:52.584 : User is logged out of session	[MsgId: MMSG-17999]
  2023-06-17 18:49:46.961 : IterationNum=136	[MsgId: MMSG-17999]
   USER 136 = user66:pwd66	[MsgId: MMSG-17999]
    2023-06-17 18:49:47.055 : Start page is opened	[MsgId: MMSG-17999]
    2023-06-17 18:49:51.806 : User is logged in with session 136655.308707979HAcQcAHpttVzzzzHtcVHfpcttzf	[MsgId: MMSG-17999]
    2023-06-17 18:49:56.746 : User is logged out of session	[MsgId: MMSG-17999]
  2023-06-17 18:51:52.975 : IterationNum=137	[MsgId: MMSG-17999]
   USER 137 = user66:pwd66	[MsgId: MMSG-17999]
    2023-06-17 18:51:53.068 : Start page is opened	[MsgId: MMSG-17999]
    2023-06-17 18:51:57.405 : User is logged in with session 136655.318995545HAcQcAHpQHAiDDDDtcVHfpctHicf	[MsgId: MMSG-17999]
    2023-06-17 18:52:03.123 : User is logged out of session	[MsgId: MMSG-17999]
  2023-06-17 18:53:58.979 : IterationNum=138	[MsgId: MMSG-17999]
   USER 138 = user66:pwd66	[MsgId: MMSG-17999]
    2023-06-17 18:53:59.074 : Start page is opened	[MsgId: MMSG-17999]
    2023-06-17 18:54:03.013 : User is logged in with session 136655.329202106HAcQcAiptQfiDDDDtcVHfpcfAQHf	[MsgId: MMSG-17999]
    2023-06-17 18:54:07.742 : User is logged out of session	[MsgId: MMSG-17999]
  2023-06-17 18:56:04.982 : IterationNum=139	[MsgId: MMSG-17999]
   USER 139 = user66:pwd66	[MsgId: MMSG-17999]
    2023-06-17 18:56:05.075 : Start page is opened	[MsgId: MMSG-17999]
    2023-06-17 18:56:10.897 : User is logged in with session 136655.339408667HAcQcAQpAcAiDDDDtcVHfpcftVcf	[MsgId: MMSG-17999]
    2023-06-17 18:56:16.912 : User is logged out of session	[MsgId: MMSG-17999]
  2023-06-17 18:58:10.989 : IterationNum=140	[MsgId: MMSG-17999]
   USER 140 = user66:pwd66	[MsgId: MMSG-17999]
    2023-06-17 18:58:11.083 : Start page is opened	[MsgId: MMSG-17999]
    2023-06-17 18:58:15.873 : User is logged in with session 136655.349615229HAcQcAQpftfiDDDDtcVHfpcfHcHf	[MsgId: MMSG-17999]
    2023-06-17 18:58:19.894 : User is logged out of session	[MsgId: MMSG-17999]
  2023-06-17 19:00:16.997 : IterationNum=141	[MsgId: MMSG-17999]
   USER 141 = user66:pwd66	[MsgId: MMSG-17999]
    2023-06-17 19:00:17.090 : Start page is opened	[MsgId: MMSG-17999]
    2023-06-17 19:00:21.334 : User is logged in with session 136655.35982179HAcQcVApAHAiDDDDtcVHfpczAtcf	[MsgId: MMSG-17999]
    2023-06-17 19:00:26.454 : User is logged out of session	[MsgId: MMSG-17999]
  2023-06-17 19:02:23.008 : IterationNum=142	[MsgId: MMSG-17999]
   USER 142 = user66:pwd66	[MsgId: MMSG-17999]
    2023-06-17 19:02:23.103 : Start page is opened	[MsgId: MMSG-17999]
    2023-06-17 19:02:28.484 : User is logged in with session 136655.370028352HAcQcVApfQfiDDDDtcVHfpczDfHf	[MsgId: MMSG-17999]
    2023-06-17 19:02:34.171 : User is logged out of session	[MsgId: MMSG-17999]
  2023-06-17 19:04:29.014 : IterationNum=143	[MsgId: MMSG-17999]
   USER 143 = user66:pwd66	[MsgId: MMSG-17999]
    2023-06-17 19:04:29.109 : Start page is opened	[MsgId: MMSG-17999]
    2023-06-17 19:04:33.832 : User is logged in with session 136655.380234913HAcQcVVpVcAiDDDDtcVHfpczzHcf	[MsgId: MMSG-17999]
    2023-06-17 19:04:39.062 : User is logged out of session	[MsgId: MMSG-17999]
  2023-06-17 19:06:35.023 : IterationNum=144	[MsgId: MMSG-17999]
   USER 144 = user66:pwd66	[MsgId: MMSG-17999]
    2023-06-17 19:06:35.117 : Start page is opened	[MsgId: MMSG-17999]
    2023-06-17 19:06:40.871 : User is logged in with session 136655.390441474HAcQcVVpztfiDDDDtcVHfpczQiHf	[MsgId: MMSG-17999]
    2023-06-17 19:06:45.111 : User is logged out of session	[MsgId: MMSG-17999]
  2023-06-17 19:08:41.030 : IterationNum=145	[MsgId: MMSG-17999]
   USER 145 = user66:pwd66	[MsgId: MMSG-17999]
    2023-06-17 19:08:41.121 : Start page is opened	[MsgId: MMSG-17999]
    2023-06-17 19:08:46.514 : User is logged in with session 136655.400648036HAcQcVcpVHAiDDDDtcVHfpcHDAcf	[MsgId: MMSG-17999]
    2023-06-17 19:08:51.335 : User is logged out of session	[MsgId: MMSG-17999]
  2023-06-17 19:10:47.039 : IterationNum=146	[MsgId: MMSG-17999]
   USER 146 = user66:pwd66	[MsgId: MMSG-17999]
    2023-06-17 19:10:47.133 : Start page is opened	[MsgId: MMSG-17999]
    2023-06-17 19:10:51.359 : User is logged in with session 136655.410854597HAcQcVcpzQfiDDDDtcVHfpcHzVHf	[MsgId: MMSG-17999]
    2023-06-17 19:10:55.401 : User is logged out of session	[MsgId: MMSG-17999]
  2023-06-17 19:12:53.049 : IterationNum=147	[MsgId: MMSG-17999]
   USER 147 = user66:pwd66	[MsgId: MMSG-17999]
    2023-06-17 19:12:53.143 : Start page is opened	[MsgId: MMSG-17999]
    2023-06-17 19:12:57.309 : User is logged in with session 136655.421061158HAcQcVDpccAiDDDDtcVHfpcHQDcf	[MsgId: MMSG-17999]
    2023-06-17 19:13:02.392 : User is logged out of session	[MsgId: MMSG-17999]
  2023-06-17 19:14:59.049 : IterationNum=148	[MsgId: MMSG-17999]
   USER 148 = user66:pwd66	[MsgId: MMSG-17999]
    2023-06-17 19:14:59.142 : Start page is opened	[MsgId: MMSG-17999]
    2023-06-17 19:15:04.971 : User is logged in with session 136655.43126772HAcQcVDpHtfiDDDDtcVHfpcictHf	[MsgId: MMSG-17999]
    2023-06-17 19:15:08.926 : User is logged out of session	[MsgId: MMSG-17999]
  2023-06-17 19:17:05.050 : IterationNum=149	[MsgId: MMSG-17999]
   USER 149 = user66:pwd66	[MsgId: MMSG-17999]
    2023-06-17 19:17:05.143 : Start page is opened	[MsgId: MMSG-17999]
    2023-06-17 19:17:11.477 : User is logged in with session 136655.441474281HAcQcVtpcHAiDDDDtcVHfpcifzcf	[MsgId: MMSG-17999]
    2023-06-17 19:17:16.890 : User is logged out of session	[MsgId: MMSG-17999]
  2023-06-17 19:19:11.061 : IterationNum=150	[MsgId: MMSG-17999]
   USER 150 = user66:pwd66	[MsgId: MMSG-17999]
    2023-06-17 19:19:11.155 : Start page is opened	[MsgId: MMSG-17999]
    2023-06-17 19:19:17.406 : User is logged in with session 136655.451680842HAcQcVtpHQfiDDDDtcVHfpciiHHf	[MsgId: MMSG-17999]
    2023-06-17 19:19:23.323 : User is logged out of session	[MsgId: MMSG-17999]
  2023-06-17 19:21:17.061 : IterationNum=151	[MsgId: MMSG-17999]
   USER 151 = user66:pwd66	[MsgId: MMSG-17999]
    2023-06-17 19:21:17.155 : Start page is opened	[MsgId: MMSG-17999]
    2023-06-17 19:21:23.375 : User is logged in with session 136655.461887404HAcQcVfpDcAiDDDDtcVHfpcQVQcf	[MsgId: MMSG-17999]
    2023-06-17 19:21:29.393 : User is logged out of session	[MsgId: MMSG-17999]
  2023-06-17 19:23:23.063 : IterationNum=152	[MsgId: MMSG-17999]
   USER 152 = user66:pwd66	[MsgId: MMSG-17999]
    2023-06-17 19:23:23.156 : Start page is opened	[MsgId: MMSG-17999]
    2023-06-17 19:23:27.470 : User is logged in with session 136655.472093965HAcQcVfpitfiDDDDtcVHfpcQfAHf	[MsgId: MMSG-17999]
    2023-06-17 19:23:31.731 : User is logged out of session	[MsgId: MMSG-17999]
  2023-06-17 19:25:29.067 : IterationNum=153	[MsgId: MMSG-17999]
   USER 153 = user66:pwd66	[MsgId: MMSG-17999]
    2023-06-17 19:25:29.161 : Start page is opened	[MsgId: MMSG-17999]
    2023-06-17 19:25:34.021 : User is logged in with session 136655.482300527HAcQcVzpDHAiDDDDtcVHfpcQiccf	[MsgId: MMSG-17999]
    2023-06-17 19:25:39.688 : User is logged out of session	[MsgId: MMSG-17999]
  2023-06-17 19:27:35.075 : IterationNum=154	[MsgId: MMSG-17999]
   USER 154 = user66:pwd66	[MsgId: MMSG-17999]
    2023-06-17 19:27:35.169 : Start page is opened	[MsgId: MMSG-17999]
    2023-06-17 19:27:39.896 : User is logged in with session 136655.492507088HAcQcVzpiQfiDDDDtcVHfpDAVDHf	[MsgId: MMSG-17999]
    2023-06-17 19:27:44.463 : User is logged out of session	[MsgId: MMSG-17999]
  2023-06-17 19:29:41.088 : IterationNum=155	[MsgId: MMSG-17999]
   USER 155 = user66:pwd66	[MsgId: MMSG-17999]
    2023-06-17 19:29:41.183 : Start page is opened	[MsgId: MMSG-17999]
    2023-06-17 19:29:45.880 : User is logged in with session 136655.502713649HAcQcVHptcAiDDDDtcVHfpDAtfcf	[MsgId: MMSG-17999]
    2023-06-17 19:29:50.283 : User is logged out of session	[MsgId: MMSG-17999]
  2023-06-17 19:31:47.090 : IterationNum=156	[MsgId: MMSG-17999]
   USER 156 = user66:pwd66	[MsgId: MMSG-17999]
    2023-06-17 19:31:47.185 : Start page is opened	[MsgId: MMSG-17999]
    2023-06-17 19:31:53.265 : User is logged in with session 136655.512920211HAcQcVHpQtfiDDDDtcVHfpDAHzHf	[MsgId: MMSG-17999]
    2023-06-17 19:31:58.889 : User is logged out of session	[MsgId: MMSG-17999]
  2023-06-17 19:33:53.105 : IterationNum=157	[MsgId: MMSG-17999]
   USER 157 = user66:pwd66	[MsgId: MMSG-17999]
    2023-06-17 19:33:53.200 : Start page is opened	[MsgId: MMSG-17999]
    2023-06-17 19:33:59.372 : User is logged in with session 136655.523126772HAcQcViptHAiDDDDtcVHfpDVAicf	[MsgId: MMSG-17999]
    2023-06-17 19:34:03.956 : User is logged out of session	[MsgId: MMSG-17999]
  2023-06-17 19:35:59.116 : IterationNum=158	[MsgId: MMSG-17999]
   USER 158 = user66:pwd66	[MsgId: MMSG-17999]
    2023-06-17 19:35:59.211 : Start page is opened	[MsgId: MMSG-17999]
    2023-06-17 19:36:03.775 : User is logged in with session 136655.533333333HAcQcVipQQfiDDDDtcVHfpDVDQHf	[MsgId: MMSG-17999]
    2023-06-17 19:36:08.621 : User is logged out of session	[MsgId: MMSG-17999]
  2023-06-17 19:38:05.118 : IterationNum=159	[MsgId: MMSG-17999]
   USER 159 = user66:pwd66	[MsgId: MMSG-17999]
    2023-06-17 19:38:05.211 : Start page is opened	[MsgId: MMSG-17999]
    2023-06-17 19:38:09.699 : User is logged in with session 136655.543539895HAcQcVQpfcAiDDDDtcVHfpDVHVcf	[MsgId: MMSG-17999]
    2023-06-17 19:38:15.564 : User is logged out of session	[MsgId: MMSG-17999]
  2023-06-17 19:40:11.122 : IterationNum=160	[MsgId: MMSG-17999]
   USER 160 = user66:pwd66	[MsgId: MMSG-17999]
    2023-06-17 19:40:11.216 : Start page is opened	[MsgId: MMSG-17999]
    2023-06-17 19:40:16.530 : User is logged in with session 136655.553746456HAcQccApAtfiDDDDtcVHfpDcAcHf	[MsgId: MMSG-17999]
    2023-06-17 19:40:20.919 : User is logged out of session	[MsgId: MMSG-17999]
  2023-06-17 19:42:17.138 : IterationNum=161	[MsgId: MMSG-17999]
   USER 161 = user66:pwd66	[MsgId: MMSG-17999]
    2023-06-17 19:42:17.231 : Start page is opened	[MsgId: MMSG-17999]
    2023-06-17 19:42:23.136 : User is logged in with session 136655.563953017HAcQccApfHAiDDDDtcVHfpDcDtcf	[MsgId: MMSG-17999]
    2023-06-17 19:42:28.375 : User is logged out of session	[MsgId: MMSG-17999]
  2023-06-17 19:44:23.151 : IterationNum=162	[MsgId: MMSG-17999]
   USER 162 = user66:pwd66	[MsgId: MMSG-17999]
    2023-06-17 19:44:23.246 : Start page is opened	[MsgId: MMSG-17999]
    2023-06-17 19:44:28.330 : User is logged in with session 136655.574159579HAcQccVpAQfiDDDDtcVHfpDczfHf	[MsgId: MMSG-17999]
    2023-06-17 19:44:33.607 : User is logged out of session	[MsgId: MMSG-17999]
  2023-06-17 19:46:29.156 : IterationNum=163	[MsgId: MMSG-17999]
   USER 163 = user66:pwd66	[MsgId: MMSG-17999]
    2023-06-17 19:46:29.249 : Start page is opened	[MsgId: MMSG-17999]
    2023-06-17 19:46:33.953 : User is logged in with session 136655.58436614HAcQccVpzcAiDDDDtcVHfpDcQHcf	[MsgId: MMSG-17999]
    2023-06-17 19:46:39.684 : User is logged out of session	[MsgId: MMSG-17999]
  2023-06-17 19:48:35.165 : IterationNum=164	[MsgId: MMSG-17999]
   USER 164 = user66:pwd66	[MsgId: MMSG-17999]
    2023-06-17 19:48:35.258 : Start page is opened	[MsgId: MMSG-17999]
    2023-06-17 19:48:39.201 : User is logged in with session 136655.594572701HAcQcccpVtfiDDDDtcVHfpDDciHf	[MsgId: MMSG-17999]
    2023-06-17 19:48:43.748 : User is logged out of session	[MsgId: MMSG-17999]
  2023-06-17 19:50:41.174 : IterationNum=165	[MsgId: MMSG-17999]
   USER 165 = user66:pwd66	[MsgId: MMSG-17999]
    2023-06-17 19:50:41.268 : Start page is opened	[MsgId: MMSG-17999]
    2023-06-17 19:50:47.435 : User is logged in with session 136655.604779263HAcQcccpzHAiDDDDtcVHfpDDzAcf	[MsgId: MMSG-17999]
    2023-06-17 19:50:51.406 : User is logged out of session	[MsgId: MMSG-17999]
  2023-06-17 19:52:47.184 : IterationNum=166	[MsgId: MMSG-17999]
   USER 166 = user66:pwd66	[MsgId: MMSG-17999]
    2023-06-17 19:52:47.277 : Start page is opened	[MsgId: MMSG-17999]
    2023-06-17 19:52:51.365 : User is logged in with session 136655.614985824HAcQccDpVQfiDDDDtcVHfpDDQVHf	[MsgId: MMSG-17999]
    2023-06-17 19:52:57.632 : User is logged out of session	[MsgId: MMSG-17999]
  2023-06-17 19:54:53.194 : IterationNum=167	[MsgId: MMSG-17999]
   USER 167 = user66:pwd66	[MsgId: MMSG-17999]
    2023-06-17 19:54:53.287 : Start page is opened	[MsgId: MMSG-17999]
    2023-06-17 19:54:59.211 : User is logged in with session 136655.625192386HAcQccDpHcAiDDDDtcVHfpDtcDcf	[MsgId: MMSG-17999]
    2023-06-17 19:55:03.125 : User is logged out of session	[MsgId: MMSG-17999]
  2023-06-17 19:56:59.208 : IterationNum=168	[MsgId: MMSG-17999]
   USER 168 = user66:pwd66	[MsgId: MMSG-17999]
    2023-06-17 19:56:59.304 : Start page is opened	[MsgId: MMSG-17999]
    2023-06-17 19:57:05.173 : User is logged in with session 136655.635398947HAcQcctpctfiDDDDtcVHfpDtftHf	[MsgId: MMSG-17999]
    2023-06-17 19:57:10.542 : User is logged out of session	[MsgId: MMSG-17999]
  2023-06-17 19:59:05.212 : IterationNum=169	[MsgId: MMSG-17999]
   USER 169 = user66:pwd66	[MsgId: MMSG-17999]
    2023-06-17 19:59:05.307 : Start page is opened	[MsgId: MMSG-17999]
    2023-06-17 19:59:10.207 : User is logged in with session 136655.645605508HAcQcctpHHAiDDDDtcVHfpDtizcf	[MsgId: MMSG-17999]
    2023-06-17 19:59:14.629 : User is logged out of session	[MsgId: MMSG-17999]
  2023-06-17 20:01:11.222 : IterationNum=170	[MsgId: MMSG-17999]
   USER 170 = user66:pwd66	[MsgId: MMSG-17999]
    2023-06-17 20:01:11.316 : Start page is opened	[MsgId: MMSG-17999]
    2023-06-17 20:01:16.024 : User is logged in with session 136655.65581207HAcQccfpcQfiDDDDtcVHfpDfVHHf	[MsgId: MMSG-17999]
    2023-06-17 20:01:21.670 : User is logged out of session	[MsgId: MMSG-17999]
  2023-06-17 20:03:17.223 : IterationNum=171	[MsgId: MMSG-17999]
   USER 171 = user66:pwd66	[MsgId: MMSG-17999]
    2023-06-17 20:03:17.317 : Start page is opened	[MsgId: MMSG-17999]
    2023-06-17 20:03:22.230 : User is logged in with session 136655.666018631HAcQccfpicAiDDDDtcVHfpDftQcf	[MsgId: MMSG-17999]
    2023-06-17 20:03:27.926 : User is logged out of session	[MsgId: MMSG-17999]
  2023-06-17 20:05:23.233 : IterationNum=172	[MsgId: MMSG-17999]
   USER 172 = user66:pwd66	[MsgId: MMSG-17999]
    2023-06-17 20:05:23.327 : Start page is opened	[MsgId: MMSG-17999]
    2023-06-17 20:05:28.219 : User is logged in with session 136655.676225192HAcQcczpDtfiDDDDtcVHfpDfiAHf	[MsgId: MMSG-17999]
    2023-06-17 20:05:32.989 : User is logged out of session	[MsgId: MMSG-17999]
  2023-06-17 20:07:29.238 : IterationNum=173	[MsgId: MMSG-17999]
   USER 173 = user66:pwd66	[MsgId: MMSG-17999]
    2023-06-17 20:07:29.331 : Start page is opened	[MsgId: MMSG-17999]
    2023-06-17 20:07:34.952 : User is logged in with session 136655.686431754HAcQcczpiHAiDDDDtcVHfpDzVccf	[MsgId: MMSG-17999]
    2023-06-17 20:07:39.919 : User is logged out of session	[MsgId: MMSG-17999]
  2023-06-17 20:09:35.238 : IterationNum=174	[MsgId: MMSG-17999]
   USER 174 = user66:pwd66	[MsgId: MMSG-17999]
    2023-06-17 20:09:35.332 : Start page is opened	[MsgId: MMSG-17999]
    2023-06-17 20:09:39.780 : User is logged in with session 136655.696638315HAcQccHpDQfiDDDDtcVHfpDztDHf	[MsgId: MMSG-17999]
    2023-06-17 20:09:45.891 : User is logged out of session	[MsgId: MMSG-17999]
  2023-06-17 20:11:41.245 : IterationNum=175	[MsgId: MMSG-17999]
   USER 175 = user66:pwd66	[MsgId: MMSG-17999]
    2023-06-17 20:11:41.340 : Start page is opened	[MsgId: MMSG-17999]
    2023-06-17 20:11:47.500 : User is logged in with session 136655.706844876HAcQccHpQcAiDDDDtcVHfpDzHfcf	[MsgId: MMSG-17999]
    2023-06-17 20:11:53.483 : User is logged out of session	[MsgId: MMSG-17999]
  2023-06-17 20:13:47.258 : IterationNum=176	[MsgId: MMSG-17999]
   USER 176 = user66:pwd66	[MsgId: MMSG-17999]
    2023-06-17 20:13:47.353 : Start page is opened	[MsgId: MMSG-17999]
    2023-06-17 20:13:52.247 : User is logged in with session 136655.717051438HAcQccipttfiDDDDtcVHfpDHAzHf	[MsgId: MMSG-17999]
    2023-06-17 20:13:56.429 : User is logged out of session	[MsgId: MMSG-17999]
  2023-06-17 20:15:53.268 : IterationNum=177	[MsgId: MMSG-17999]
   USER 177 = user66:pwd66	[MsgId: MMSG-17999]
    2023-06-17 20:15:53.362 : Start page is opened	[MsgId: MMSG-17999]
    2023-06-17 20:15:58.956 : User is logged in with session 136655.727257999HAcQccipQHAiDDDDtcVHfpDHDicf	[MsgId: MMSG-17999]
    2023-06-17 20:16:04.132 : User is logged out of session	[MsgId: MMSG-17999]
  2023-06-17 20:17:59.273 : IterationNum=178	[MsgId: MMSG-17999]
   USER 178 = user66:pwd66	[MsgId: MMSG-17999]
    2023-06-17 20:17:59.368 : Start page is opened	[MsgId: MMSG-17999]
    2023-06-17 20:18:04.934 : User is logged in with session 136655.737464561HAcQccQptQfiDDDDtcVHfpDHzQHf	[MsgId: MMSG-17999]
    2023-06-17 20:18:10.806 : User is logged out of session	[MsgId: MMSG-17999]
  2023-06-17 20:20:05.285 : IterationNum=179	[MsgId: MMSG-17999]
   USER 179 = user66:pwd66	[MsgId: MMSG-17999]
    2023-06-17 20:20:05.379 : Start page is opened	[MsgId: MMSG-17999]
    2023-06-17 20:20:10.411 : User is logged in with session 136655.747671122HAcQcDApAcAiDDDDtcVHfpDiAVcf	[MsgId: MMSG-17999]
    2023-06-17 20:20:15.969 : User is logged out of session	[MsgId: MMSG-17999]
  2023-06-17 20:22:11.292 : IterationNum=180	[MsgId: MMSG-17999]
   USER 180 = user66:pwd66	[MsgId: MMSG-17999]
    2023-06-17 20:22:11.386 : Start page is opened	[MsgId: MMSG-17999]
    2023-06-17 20:22:16.280 : User is logged in with session 136655.757877683HAcQcDApftfiDDDDtcVHfpDiDcHf	[MsgId: MMSG-17999]
    2023-06-17 20:22:22.055 : User is logged out of session	[MsgId: MMSG-17999]
  2023-06-17 20:24:17.301 : IterationNum=181	[MsgId: MMSG-17999]
   USER 181 = user66:pwd66	[MsgId: MMSG-17999]
    2023-06-17 20:24:17.396 : Start page is opened	[MsgId: MMSG-17999]
    2023-06-17 20:24:21.892 : User is logged in with session 136655.768084245HAcQcDVpAHAiDDDDtcVHfpDiztcf	[MsgId: MMSG-17999]
    2023-06-17 20:24:27.328 : User is logged out of session	[MsgId: MMSG-17999]
  2023-06-17 20:26:23.308 : IterationNum=182	[MsgId: MMSG-17999]
   USER 182 = user66:pwd66	[MsgId: MMSG-17999]
    2023-06-17 20:26:23.402 : Start page is opened	[MsgId: MMSG-17999]
    2023-06-17 20:26:29.139 : User is logged in with session 136655.778290806HAcQcDVpfQfiDDDDtcVHfpDiQfHf	[MsgId: MMSG-17999]
    2023-06-17 20:26:33.718 : User is logged out of session	[MsgId: MMSG-17999]
  2023-06-17 20:28:29.312 : IterationNum=183	[MsgId: MMSG-17999]
   USER 183 = user66:pwd66	[MsgId: MMSG-17999]
    2023-06-17 20:28:29.406 : Start page is opened	[MsgId: MMSG-17999]
    2023-06-17 20:28:34.833 : User is logged in with session 136655.788497367HAcQcDcpVcAiDDDDtcVHfpDQcHcf	[MsgId: MMSG-17999]
    2023-06-17 20:28:39.231 : User is logged out of session	[MsgId: MMSG-17999]
  2023-06-17 20:30:35.319 : IterationNum=184	[MsgId: MMSG-17999]
   USER 184 = user66:pwd66	[MsgId: MMSG-17999]
    2023-06-17 20:30:35.412 : Start page is opened	[MsgId: MMSG-17999]
    2023-06-17 20:30:39.562 : User is logged in with session 136655.798703929HAcQcDcpztfiDDDDtcVHfpDQfiHf	[MsgId: MMSG-17999]
    2023-06-17 20:30:45.322 : User is logged out of session	[MsgId: MMSG-17999]
  2023-06-17 20:32:41.325 : IterationNum=185	[MsgId: MMSG-17999]
   USER 185 = user66:pwd66	[MsgId: MMSG-17999]
    2023-06-17 20:32:41.420 : Start page is opened	[MsgId: MMSG-17999]
    2023-06-17 20:32:47.203 : User is logged in with session 136655.80891049HAcQcDDpVHAiDDDDtcVHfpDQQAcf	[MsgId: MMSG-17999]
    2023-06-17 20:32:53.495 : User is logged out of session	[MsgId: MMSG-17999]
  2023-06-17 20:34:47.340 : IterationNum=186	[MsgId: MMSG-17999]
   USER 186 = user66:pwd66	[MsgId: MMSG-17999]
    2023-06-17 20:34:47.434 : Start page is opened	[MsgId: MMSG-17999]
    2023-06-17 20:34:51.608 : User is logged in with session 136655.819117051HAcQcDDpzQfiDDDDtcVHfptAcVHf	[MsgId: MMSG-17999]
    2023-06-17 20:34:57.249 : User is logged out of session	[MsgId: MMSG-17999]
  2023-06-17 20:36:53.344 : IterationNum=187	[MsgId: MMSG-17999]
   USER 187 = user66:pwd66	[MsgId: MMSG-17999]
    2023-06-17 20:36:53.439 : Start page is opened	[MsgId: MMSG-17999]
    2023-06-17 20:36:58.100 : User is logged in with session 136655.829323613HAcQcDtpccAiDDDDtcVHfptAfDcf	[MsgId: MMSG-17999]
    2023-06-17 20:37:03.963 : User is logged out of session	[MsgId: MMSG-17999]
  2023-06-17 20:38:59.352 : IterationNum=188	[MsgId: MMSG-17999]
   USER 188 = user66:pwd66	[MsgId: MMSG-17999]
    2023-06-17 20:38:59.447 : Start page is opened	[MsgId: MMSG-17999]
    2023-06-17 20:39:03.790 : User is logged in with session 136655.839530174HAcQcDtpHtfiDDDDtcVHfptAitHf	[MsgId: MMSG-17999]
    2023-06-17 20:39:08.179 : User is logged out of session	[MsgId: MMSG-17999]
  2023-06-17 20:41:05.352 : IterationNum=189	[MsgId: MMSG-17999]
   USER 189 = user66:pwd66	[MsgId: MMSG-17999]
    2023-06-17 20:41:05.445 : Start page is opened	[MsgId: MMSG-17999]
    2023-06-17 20:41:10.682 : User is logged in with session 136655.849736736HAcQcDfpcHAiDDDDtcVHfptVVzcf	[MsgId: MMSG-17999]
    2023-06-17 20:41:14.998 : User is logged out of session	[MsgId: MMSG-17999]
  2023-06-17 20:43:11.354 : IterationNum=190	[MsgId: MMSG-17999]
   USER 190 = user66:pwd66	[MsgId: MMSG-17999]
    2023-06-17 20:43:11.448 : Start page is opened	[MsgId: MMSG-17999]
    2023-06-17 20:43:17.508 : User is logged in with session 136655.859943297HAcQcDfpHQfiDDDDtcVHfptVtHHf	[MsgId: MMSG-17999]
    2023-06-17 20:43:22.077 : User is logged out of session	[MsgId: MMSG-17999]
  2023-06-17 20:45:17.358 : IterationNum=191	[MsgId: MMSG-17999]
   USER 191 = user66:pwd66	[MsgId: MMSG-17999]
    2023-06-17 20:45:17.452 : Start page is opened	[MsgId: MMSG-17999]
    2023-06-17 20:45:23.452 : User is logged in with session 136655.870149858HAcQcDzpDcAiDDDDtcVHfptVHQcf	[MsgId: MMSG-17999]
    2023-06-17 20:45:27.779 : User is logged out of session	[MsgId: MMSG-17999]
  2023-06-17 20:47:23.367 : IterationNum=192	[MsgId: MMSG-17999]
   USER 192 = user66:pwd66	[MsgId: MMSG-17999]
    2023-06-17 20:47:23.461 : Start page is opened	[MsgId: MMSG-17999]
    2023-06-17 20:47:28.248 : User is logged in with session 136655.88035642HAcQcDzpitfiDDDDtcVHfptcVAHf	[MsgId: MMSG-17999]
    2023-06-17 20:47:32.735 : User is logged out of session	[MsgId: MMSG-17999]
  2023-06-17 20:49:29.373 : IterationNum=193	[MsgId: MMSG-17999]
   USER 193 = user66:pwd66	[MsgId: MMSG-17999]
    2023-06-17 20:49:29.465 : Start page is opened	[MsgId: MMSG-17999]
    2023-06-17 20:49:35.825 : User is logged in with session 136655.890562981HAcQcDHpDHAiDDDDtcVHfptctccf	[MsgId: MMSG-17999]
    2023-06-17 20:49:40.622 : User is logged out of session	[MsgId: MMSG-17999]
  2023-06-17 20:51:35.386 : IterationNum=194	[MsgId: MMSG-17999]
   USER 194 = user66:pwd66	[MsgId: MMSG-17999]
    2023-06-17 20:51:35.479 : Start page is opened	[MsgId: MMSG-17999]
    2023-06-17 20:51:41.605 : User is logged in with session 136655.900769542HAcQcDHpiQfiDDDDtcVHfptcHDHf	[MsgId: MMSG-17999]
    2023-06-17 20:51:46.839 : User is logged out of session	[MsgId: MMSG-17999]
  2023-06-17 20:53:41.391 : IterationNum=195	[MsgId: MMSG-17999]
   USER 195 = user66:pwd66	[MsgId: MMSG-17999]
    2023-06-17 20:53:41.485 : Start page is opened	[MsgId: MMSG-17999]
    2023-06-17 20:53:45.438 : User is logged in with session 136655.910976104HAcQcDiptcAiDDDDtcVHfptDAfcf	[MsgId: MMSG-17999]
    2023-06-17 20:53:51.497 : User is logged out of session	[MsgId: MMSG-17999]
  2023-06-17 20:55:47.400 : IterationNum=196	[MsgId: MMSG-17999]
   USER 196 = user66:pwd66	[MsgId: MMSG-17999]
    2023-06-17 20:55:47.494 : Start page is opened	[MsgId: MMSG-17999]
    2023-06-17 20:55:51.799 : User is logged in with session 136655.921182665HAcQcDipQtfiDDDDtcVHfptDDzHf	[MsgId: MMSG-17999]
    2023-06-17 20:55:57.155 : User is logged out of session	[MsgId: MMSG-17999]
  2023-06-17 20:57:53.409 : IterationNum=197	[MsgId: MMSG-17999]
   USER 197 = user66:pwd66	[MsgId: MMSG-17999]
    2023-06-17 20:57:53.505 : Start page is opened	[MsgId: MMSG-17999]
    2023-06-17 20:57:58.170 : User is logged in with session 136655.931389226HAcQcDQptHAiDDDDtcVHfptDzicf	[MsgId: MMSG-17999]
    2023-06-17 20:58:03.347 : User is logged out of session	[MsgId: MMSG-17999]
  2023-06-17 20:59:59.413 : IterationNum=198	[MsgId: MMSG-17999]
   USER 198 = user66:pwd66	[MsgId: MMSG-17999]
    2023-06-17 20:59:59.509 : Start page is opened	[MsgId: MMSG-17999]
    2023-06-17 21:00:05.501 : User is logged in with session 136655.941595788HAcQcDQpQQfiDDDDtcVHfptDQQHf	[MsgId: MMSG-17999]
    2023-06-17 21:00:11.814 : User is logged out of session	[MsgId: MMSG-17999]
  2023-06-17 21:02:05.427 : IterationNum=199	[MsgId: MMSG-17999]
   USER 199 = user66:pwd66	[MsgId: MMSG-17999]
    2023-06-17 21:02:05.521 : Start page is opened	[MsgId: MMSG-17999]
    2023-06-17 21:02:10.842 : User is logged in with session 136655.951802349HAcQctApfcAiDDDDtcVHfpttDVcf	[MsgId: MMSG-17999]
    2023-06-17 21:02:15.258 : User is logged out of session	[MsgId: MMSG-17999]
  2023-06-17 21:04:11.437 : IterationNum=200	[MsgId: MMSG-17999]
   USER 200 = user66:pwd66	[MsgId: MMSG-17999]
    2023-06-17 21:04:11.531 : Start page is opened	[MsgId: MMSG-17999]
    2023-06-17 21:04:17.089 : User is logged in with session 136655.96200891HAcQctVpAtfiDDDDtcVHfpttzcHf	[MsgId: MMSG-17999]
    2023-06-17 21:04:21.999 : User is logged out of session	[MsgId: MMSG-17999]
  2023-06-17 21:06:17.449 : IterationNum=201	[MsgId: MMSG-17999]
   USER 201 = user66:pwd66	[MsgId: MMSG-17999]
    2023-06-17 21:06:17.544 : Start page is opened	[MsgId: MMSG-17999]
    2023-06-17 21:06:23.591 : User is logged in with session 136655.972215472HAcQctVpfHAiDDDDtcVHfpttQtcf	[MsgId: MMSG-17999]
    2023-06-17 21:06:29.375 : User is logged out of session	[MsgId: MMSG-17999]
  2023-06-17 21:08:23.455 : IterationNum=202	[MsgId: MMSG-17999]
   USER 202 = user66:pwd66	[MsgId: MMSG-17999]
    2023-06-17 21:08:23.549 : Start page is opened	[MsgId: MMSG-17999]
    2023-06-17 21:08:27.933 : User is logged in with session 136655.982422033HAcQctcpAQfiDDDDtcVHfptfcfHf	[MsgId: MMSG-17999]
    2023-06-17 21:08:32.390 : User is logged out of session	[MsgId: MMSG-17999]
  2023-06-17 21:10:29.468 : IterationNum=203	[MsgId: MMSG-17999]
   USER 203 = user66:pwd66	[MsgId: MMSG-17999]
    2023-06-17 21:10:29.563 : Start page is opened	[MsgId: MMSG-17999]
    2023-06-17 21:10:35.265 : User is logged in with session 136655.992628595HAcQctcpzcAiDDDDtcVHfptffHcf	[MsgId: MMSG-17999]
    2023-06-17 21:10:41.014 : User is logged out of session	[MsgId: MMSG-17999]
  2023-06-17 21:12:35.482 : IterationNum=204	[MsgId: MMSG-17999]
   USER 204 = user66:pwd66	[MsgId: MMSG-17999]
    2023-06-17 21:12:35.578 : Start page is opened	[MsgId: MMSG-17999]
    2023-06-17 21:12:39.931 : User is logged in with session 136656.002835156HAcQctDpVtfiDDDDtcVHfptfiiHf	[MsgId: MMSG-17999]
    2023-06-17 21:12:46.150 : User is logged out of session	[MsgId: MMSG-17999]
  2023-06-17 21:14:41.497 : IterationNum=205	[MsgId: MMSG-17999]
   USER 205 = user66:pwd66	[MsgId: MMSG-17999]
    2023-06-17 21:14:41.592 : Start page is opened	[MsgId: MMSG-17999]
    2023-06-17 21:14:46.049 : User is logged in with session 136656.013041717HAcQctDpzHAiDDDDtcVHfptzcAcf	[MsgId: MMSG-17999]
    2023-06-17 21:14:52.115 : User is logged out of session	[MsgId: MMSG-17999]
  2023-06-17 21:16:47.511 : IterationNum=206	[MsgId: MMSG-17999]
   USER 206 = user66:pwd66	[MsgId: MMSG-17999]
    2023-06-17 21:16:47.606 : Start page is opened	[MsgId: MMSG-17999]
    2023-06-17 21:16:52.092 : User is logged in with session 136656.023248279HAcQcttpVQfiDDDDtcVHfptzfVHf	[MsgId: MMSG-17999]
    2023-06-17 21:16:57.845 : User is logged out of session	[MsgId: MMSG-17999]
  2023-06-17 21:18:53.525 : IterationNum=207	[MsgId: MMSG-17999]
   USER 207 = user66:pwd66	[MsgId: MMSG-17999]
    2023-06-17 21:18:53.620 : Start page is opened	[MsgId: MMSG-17999]
    2023-06-17 21:18:58.431 : User is logged in with session 136656.03345484HAcQcttpHcAiDDDDtcVHfptziDcf	[MsgId: MMSG-17999]
    2023-06-17 21:19:03.159 : User is logged out of session	[MsgId: MMSG-17999]
  2023-06-17 21:20:59.540 : IterationNum=208	[MsgId: MMSG-17999]
   USER 208 = user66:pwd66	[MsgId: MMSG-17999]
    2023-06-17 21:20:59.634 : Start page is opened	[MsgId: MMSG-17999]
    2023-06-17 21:21:05.059 : User is logged in with session 136656.043661401HAcQctfpctfiDDDDtcVHfptHVtHf	[MsgId: MMSG-17999]
    2023-06-17 21:21:09.800 : User is logged out of session	[MsgId: MMSG-17999]
  2023-06-17 21:23:05.543 : IterationNum=209	[MsgId: MMSG-17999]
   USER 209 = user66:pwd66	[MsgId: MMSG-17999]
    2023-06-17 21:23:05.637 : Start page is opened	[MsgId: MMSG-17999]
    2023-06-17 21:23:10.108 : User is logged in with session 136656.053867963HAcQctfpHHAiDDDDtcVHfptHtzcf	[MsgId: MMSG-17999]
    2023-06-17 21:23:16.254 : User is logged out of session	[MsgId: MMSG-17999]
  2023-06-17 21:25:11.554 : IterationNum=210	[MsgId: MMSG-17999]
   USER 210 = user66:pwd66	[MsgId: MMSG-17999]
    2023-06-17 21:25:11.645 : Start page is opened	[MsgId: MMSG-17999]
    2023-06-17 21:25:16.202 : User is logged in with session 136656.064074524HAcQctzpcQfiDDDDtcVHfptHHHHf	[MsgId: MMSG-17999]
    2023-06-17 21:25:20.434 : User is logged out of session	[MsgId: MMSG-17999]
  2023-06-17 21:27:17.559 : IterationNum=211	[MsgId: MMSG-17999]
   USER 211 = user66:pwd66	[MsgId: MMSG-17999]
    2023-06-17 21:27:17.653 : Start page is opened	[MsgId: MMSG-17999]
    2023-06-17 21:27:21.570 : User is logged in with session 136656.074281085HAcQctzpicAiDDDDtcVHfptiAQcf	[MsgId: MMSG-17999]
    2023-06-17 21:27:25.921 : User is logged out of session	[MsgId: MMSG-17999]
  2023-06-17 21:29:23.563 : IterationNum=212	[MsgId: MMSG-17999]
   USER 212 = user66:pwd66	[MsgId: MMSG-17999]
    2023-06-17 21:29:23.658 : Start page is opened	[MsgId: MMSG-17999]
    2023-06-17 21:29:28.717 : User is logged in with session 136656.084487647HAcQctHpDtfiDDDDtcVHfptitAHf	[MsgId: MMSG-17999]
    2023-06-17 21:29:35.083 : User is logged out of session	[MsgId: MMSG-17999]
  2023-06-17 21:31:29.575 : IterationNum=213	[MsgId: MMSG-17999]
   USER 213 = user66:pwd66	[MsgId: MMSG-17999]
    2023-06-17 21:31:29.669 : Start page is opened	[MsgId: MMSG-17999]
    2023-06-17 21:31:34.683 : User is logged in with session 136656.094694208HAcQctHpiHAiDDDDtcVHfptiHccf	[MsgId: MMSG-17999]
    2023-06-17 21:31:39.431 : User is logged out of session	[MsgId: MMSG-17999]
  2023-06-17 21:33:35.583 : IterationNum=214	[MsgId: MMSG-17999]
   USER 214 = user66:pwd66	[MsgId: MMSG-17999]
    2023-06-17 21:33:35.677 : Start page is opened	[MsgId: MMSG-17999]
    2023-06-17 21:33:41.407 : User is logged in with session 136656.10490077HAcQctipDQfiDDDDtcVHfptQADHf	[MsgId: MMSG-17999]
    2023-06-17 21:33:46.853 : User is logged out of session	[MsgId: MMSG-17999]
  2023-06-17 21:35:41.584 : IterationNum=215	[MsgId: MMSG-17999]
   USER 215 = user66:pwd66	[MsgId: MMSG-17999]
    2023-06-17 21:35:41.679 : Start page is opened	[MsgId: MMSG-17999]
    2023-06-17 21:35:46.742 : User is logged in with session 136656.115107331HAcQctipQcAiDDDDtcVHfptQDfcf	[MsgId: MMSG-17999]
    2023-06-17 21:35:52.001 : User is logged out of session	[MsgId: MMSG-17999]
  2023-06-17 21:37:47.586 : IterationNum=216	[MsgId: MMSG-17999]
   USER 216 = user66:pwd66	[MsgId: MMSG-17999]
    2023-06-17 21:37:47.679 : Start page is opened	[MsgId: MMSG-17999]
    2023-06-17 21:37:52.625 : User is logged in with session 136656.125313892HAcQctQpttfiDDDDtcVHfptQzzHf	[MsgId: MMSG-17999]
    2023-06-17 21:37:59.003 : User is logged out of session	[MsgId: MMSG-17999]
  2023-06-17 21:39:53.591 : IterationNum=217	[MsgId: MMSG-17999]
   USER 217 = user66:pwd66	[MsgId: MMSG-17999]
    2023-06-17 21:39:53.686 : Start page is opened	[MsgId: MMSG-17999]
    2023-06-17 21:39:58.609 : User is logged in with session 136656.135520454HAcQctQpQHAiDDDDtcVHfptQQicf	[MsgId: MMSG-17999]
    2023-06-17 21:40:03.081 : User is logged out of session	[MsgId: MMSG-17999]
  2023-06-17 21:41:59.599 : IterationNum=218	[MsgId: MMSG-17999]
   USER 218 = user66:pwd66	[MsgId: MMSG-17999]
    2023-06-17 21:41:59.692 : Start page is opened	[MsgId: MMSG-17999]
    2023-06-17 21:42:05.867 : User is logged in with session 136656.145727015HAcQcfAptQfiDDDDtcVHfpfAcQHf	[MsgId: MMSG-17999]
    2023-06-17 21:42:10.137 : User is logged out of session	[MsgId: MMSG-17999]
  2023-06-17 21:44:05.600 : IterationNum=219	[MsgId: MMSG-17999]
   USER 219 = user66:pwd66	[MsgId: MMSG-17999]
    2023-06-17 21:44:05.694 : Start page is opened	[MsgId: MMSG-17999]
    2023-06-17 21:44:09.763 : User is logged in with session 136656.155933576HAcQcfVpAcAiDDDDtcVHfpfAzVcf	[MsgId: MMSG-17999]
    2023-06-17 21:44:14.872 : User is logged out of session	[MsgId: MMSG-17999]
  2023-06-17 21:46:11.607 : IterationNum=220	[MsgId: MMSG-17999]
   USER 220 = user66:pwd66	[MsgId: MMSG-17999]
    2023-06-17 21:46:11.701 : Start page is opened	[MsgId: MMSG-17999]
    2023-06-17 21:46:17.107 : User is logged in with session 136656.166140138HAcQcfVpftfiDDDDtcVHfpfAQcHf	[MsgId: MMSG-17999]
    2023-06-17 21:46:21.821 : User is logged out of session	[MsgId: MMSG-17999]
  2023-06-17 21:48:17.619 : IterationNum=221	[MsgId: MMSG-17999]
   USER 221 = user66:pwd66	[MsgId: MMSG-17999]
    2023-06-17 21:48:17.713 : Start page is opened	[MsgId: MMSG-17999]
    2023-06-17 21:48:22.581 : User is logged in with session 136656.176346699HAcQcfcpAHAiDDDDtcVHfpfVctcf	[MsgId: MMSG-17999]
    2023-06-17 21:48:26.469 : User is logged out of session	[MsgId: MMSG-17999]
  2023-06-17 21:50:23.627 : IterationNum=222	[MsgId: MMSG-17999]
   USER 222 = user66:pwd66	[MsgId: MMSG-17999]
    2023-06-17 21:50:23.722 : Start page is opened	[MsgId: MMSG-17999]
    2023-06-17 21:50:28.736 : User is logged in with session 136656.18655326HAcQcfcpfQfiDDDDtcVHfpfVffHf	[MsgId: MMSG-17999]
    2023-06-17 21:50:32.664 : User is logged out of session	[MsgId: MMSG-17999]
  2023-06-17 21:52:29.639 : IterationNum=223	[MsgId: MMSG-17999]
   USER 223 = user66:pwd66	[MsgId: MMSG-17999]
    2023-06-17 21:52:29.732 : Start page is opened	[MsgId: MMSG-17999]
    2023-06-17 21:52:35.337 : User is logged in with session 136656.196759822HAcQcfDpVcAiDDDDtcVHfpfViHcf	[MsgId: MMSG-17999]
    2023-06-17 21:52:40.056 : User is logged out of session	[MsgId: MMSG-17999]
  2023-06-17 21:54:35.640 : IterationNum=224	[MsgId: MMSG-17999]
   USER 224 = user66:pwd66	[MsgId: MMSG-17999]
    2023-06-17 21:54:35.732 : Start page is opened	[MsgId: MMSG-17999]
    2023-06-17 21:54:39.955 : User is logged in with session 136656.206966383HAcQcfDpztfiDDDDtcVHfpfcViHf	[MsgId: MMSG-17999]
    2023-06-17 21:54:45.623 : User is logged out of session	[MsgId: MMSG-17999]
  2023-06-17 21:56:41.649 : IterationNum=225	[MsgId: MMSG-17999]
   USER 225 = user66:pwd66	[MsgId: MMSG-17999]
    2023-06-17 21:56:41.744 : Start page is opened	[MsgId: MMSG-17999]
    2023-06-17 21:56:48.027 : User is logged in with session 136656.217172945HAcQcftpVHAiDDDDtcVHfpfcfAcf	[MsgId: MMSG-17999]
    2023-06-17 21:56:53.419 : User is logged out of session	[MsgId: MMSG-17999]
  2023-06-17 21:58:47.653 : IterationNum=226	[MsgId: MMSG-17999]
   USER 226 = user66:pwd66	[MsgId: MMSG-17999]
    2023-06-17 21:58:47.746 : Start page is opened	[MsgId: MMSG-17999]
    2023-06-17 21:58:52.683 : User is logged in with session 136656.227379506HAcQcftpzQfiDDDDtcVHfpfciVHf	[MsgId: MMSG-17999]
    2023-06-17 21:58:57.798 : User is logged out of session	[MsgId: MMSG-17999]
  2023-06-17 22:00:53.660 : IterationNum=227	[MsgId: MMSG-17999]
   USER 227 = user66:pwd66	[MsgId: MMSG-17999]
    2023-06-17 22:00:53.754 : Start page is opened	[MsgId: MMSG-17999]
    2023-06-17 22:00:59.664 : User is logged in with session 136656.237586067HAcQcffpccAiDDDDtcVHfpfDVDcf	[MsgId: MMSG-17999]
    2023-06-17 22:01:04.007 : User is logged out of session	[MsgId: MMSG-17999]
  2023-06-17 22:02:59.667 : IterationNum=228	[MsgId: MMSG-17999]
   USER 228 = user66:pwd66	[MsgId: MMSG-17999]
    2023-06-17 22:02:59.761 : Start page is opened	[MsgId: MMSG-17999]
    2023-06-17 22:03:03.948 : User is logged in with session 136656.247792629HAcQcffpHtfiDDDDtcVHfpfDttHf	[MsgId: MMSG-17999]
    2023-06-17 22:03:10.023 : User is logged out of session	[MsgId: MMSG-17999]
  2023-06-17 22:05:05.675 : IterationNum=229	[MsgId: MMSG-17999]
   USER 229 = user66:pwd66	[MsgId: MMSG-17999]
    2023-06-17 22:05:05.771 : Start page is opened	[MsgId: MMSG-17999]
    2023-06-17 22:05:10.197 : User is logged in with session 136656.25799919HAcQcfzpcHAiDDDDtcVHfpfDHzcf	[MsgId: MMSG-17999]
    2023-06-17 22:05:15.842 : User is logged out of session	[MsgId: MMSG-17999]
  2023-06-17 22:07:11.677 : IterationNum=230	[MsgId: MMSG-17999]
   USER 230 = user66:pwd66	[MsgId: MMSG-17999]
    2023-06-17 22:07:11.772 : Start page is opened	[MsgId: MMSG-17999]
    2023-06-17 22:07:15.747 : User is logged in with session 136656.268205751HAcQcfzpHQfiDDDDtcVHfpftAHHf	[MsgId: MMSG-17999]
    2023-06-17 22:07:20.112 : User is logged out of session	[MsgId: MMSG-17999]
  2023-06-17 22:09:17.679 : IterationNum=231	[MsgId: MMSG-17999]
   USER 231 = user66:pwd66	[MsgId: MMSG-17999]
    2023-06-17 22:09:17.774 : Start page is opened	[MsgId: MMSG-17999]
    2023-06-17 22:09:22.750 : User is logged in with session 136656.278412313HAcQcfHpDcAiDDDDtcVHfpftDQcf	[MsgId: MMSG-17999]
    2023-06-17 22:09:27.525 : User is logged out of session	[MsgId: MMSG-17999]
  2023-06-17 22:11:23.692 : IterationNum=232	[MsgId: MMSG-17999]
   USER 232 = user66:pwd66	[MsgId: MMSG-17999]
    2023-06-17 22:11:23.787 : Start page is opened	[MsgId: MMSG-17999]
    2023-06-17 22:11:30.088 : User is logged in with session 136656.288618874HAcQcfHpitfiDDDDtcVHfpftHAHf	[MsgId: MMSG-17999]
    2023-06-17 22:11:34.154 : User is logged out of session	[MsgId: MMSG-17999]
  2023-06-17 22:13:29.698 : IterationNum=233	[MsgId: MMSG-17999]
   USER 233 = user66:pwd66	[MsgId: MMSG-17999]
    2023-06-17 22:13:29.792 : Start page is opened	[MsgId: MMSG-17999]
    2023-06-17 22:13:34.907 : User is logged in with session 136656.298825435HAcQcfipDHAiDDDDtcVHfpffAccf	[MsgId: MMSG-17999]
    2023-06-17 22:13:40.300 : User is logged out of session	[MsgId: MMSG-17999]
  2023-06-17 22:15:35.703 : IterationNum=234	[MsgId: MMSG-17999]
   USER 234 = user66:pwd66	[MsgId: MMSG-17999]
    2023-06-17 22:15:35.796 : Start page is opened	[MsgId: MMSG-17999]
    2023-06-17 22:15:40.149 : User is logged in with session 136656.309031997HAcQcfipiQfiDDDDtcVHfpffDDHf	[MsgId: MMSG-17999]
    2023-06-17 22:15:45.783 : User is logged out of session	[MsgId: MMSG-17999]
  2023-06-17 22:17:41.704 : IterationNum=235	[MsgId: MMSG-17999]
   USER 235 = user66:pwd66	[MsgId: MMSG-17999]
    2023-06-17 22:17:41.797 : Start page is opened	[MsgId: MMSG-17999]
    2023-06-17 22:17:46.891 : User is logged in with session 136656.319238558HAcQcfQptcAiDDDDtcVHfpffzfcf	[MsgId: MMSG-17999]
    2023-06-17 22:17:50.929 : User is logged out of session	[MsgId: MMSG-17999]
  2023-06-17 22:19:47.711 : IterationNum=236	[MsgId: MMSG-17999]
   USER 236 = user66:pwd66	[MsgId: MMSG-17999]
    2023-06-17 22:19:47.805 : Start page is opened	[MsgId: MMSG-17999]
    2023-06-17 22:19:53.095 : User is logged in with session 136656.329445119HAcQcfQpQtfiDDDDtcVHfpffQzHf	[MsgId: MMSG-17999]
    2023-06-17 22:19:59.465 : User is logged out of session	[MsgId: MMSG-17999]
  2023-06-17 22:21:53.714 : IterationNum=237	[MsgId: MMSG-17999]
   USER 237 = user66:pwd66	[MsgId: MMSG-17999]
    2023-06-17 22:21:53.809 : Start page is opened	[MsgId: MMSG-17999]
    2023-06-17 22:21:59.228 : User is logged in with session 136656.339651681HAcQczAptHAiDDDDtcVHfpfzcicf	[MsgId: MMSG-17999]
    2023-06-17 22:22:03.988 : User is logged out of session	[MsgId: MMSG-17999]
