  2023-06-17 14:06:36.004 : IterationNum=1	[MsgId: MMSG-17999]
   USER 1 = user68:pwd68	[MsgId: MMSG-17999]
    2023-06-17 14:06:36.088 : Start page is opened	[MsgId: MMSG-17999]
    2023-06-17 14:06:41.027 : User is logged in with session 136653.932442284HAcQVDzpzftcVHtpiVQQ	[MsgId: MMSG-17999]
    2023-06-17 14:06:45.296 : User is logged out of session	[MsgId: MMSG-17999]
  2023-06-17 14:08:42.015 : IterationNum=2	[MsgId: MMSG-17999]
   USER 2 = user68:pwd68	[MsgId: MMSG-17999]
    2023-06-17 14:08:42.109 : Start page is opened	[MsgId: MMSG-17999]
    2023-06-17 14:08:48.430 : User is logged in with session 136653.942648846HAcQVDHpVHftcVHtpicDAf	[MsgId: MMSG-17999]
    2023-06-17 14:08:53.885 : User is logged out of session	[MsgId: MMSG-17999]
  2023-06-17 14:10:48.029 : IterationNum=3	[MsgId: MMSG-17999]
   USER 3 = user68:pwd68	[MsgId: MMSG-17999]
    2023-06-17 14:10:48.124 : Start page is opened	[MsgId: MMSG-17999]
    2023-06-17 14:10:52.225 : User is logged in with session 136653.952855407HAcQVDHpHtcVHtpiczc	[MsgId: MMSG-17999]
    2023-06-17 14:10:56.745 : User is logged out of session	[MsgId: MMSG-17999]
  2023-06-17 14:12:54.033 : IterationNum=4	[MsgId: MMSG-17999]
   USER 4 = user68:pwd68	[MsgId: MMSG-17999]
    2023-06-17 14:12:54.127 : Start page is opened	[MsgId: MMSG-17999]
    2023-06-17 14:13:00.286 : User is logged in with session 136653.963061968HAcQVDipccftcVHtpicQDf	[MsgId: MMSG-17999]
    2023-06-17 14:13:05.194 : User is logged out of session	[MsgId: MMSG-17999]
  2023-06-17 14:15:00.043 : IterationNum=5	[MsgId: MMSG-17999]
   USER 5 = user68:pwd68	[MsgId: MMSG-17999]
    2023-06-17 14:15:00.136 : Start page is opened	[MsgId: MMSG-17999]
    2023-06-17 14:15:06.409 : User is logged in with session 136653.97326853HAcQVDipHftcVHtpiDcf	[MsgId: MMSG-17999]
    2023-06-17 14:15:11.018 : User is logged out of session	[MsgId: MMSG-17999]
  2023-06-17 14:17:06.049 : IterationNum=6	[MsgId: MMSG-17999]
   USER 6 = user68:pwd68	[MsgId: MMSG-17999]
    2023-06-17 14:17:06.144 : Start page is opened	[MsgId: MMSG-17999]
    2023-06-17 14:17:11.089 : User is logged in with session 136653.983475091HAcQVDQpcHftcVHtpiDfzf	[MsgId: MMSG-17999]
    2023-06-17 14:17:15.170 : User is logged out of session	[MsgId: MMSG-17999]
  2023-06-17 14:19:12.054 : IterationNum=7	[MsgId: MMSG-17999]
   USER 7 = user68:pwd68	[MsgId: MMSG-17999]
    2023-06-17 14:19:12.146 : Start page is opened	[MsgId: MMSG-17999]
    2023-06-17 14:19:17.314 : User is logged in with session 136653.993681653HAcQVDQpitcVHtpiDii	[MsgId: MMSG-17999]
    2023-06-17 14:19:23.255 : User is logged out of session	[MsgId: MMSG-17999]
  2023-06-17 14:21:18.063 : IterationNum=8	[MsgId: MMSG-17999]
   USER 8 = user68:pwd68	[MsgId: MMSG-17999]
    2023-06-17 14:21:18.158 : Start page is opened	[MsgId: MMSG-17999]
    2023-06-17 14:21:23.370 : User is logged in with session 136654.003888214HAcQVtApDcftcVHtpitVQf	[MsgId: MMSG-17999]
    2023-06-17 14:21:28.174 : User is logged out of session	[MsgId: MMSG-17999]
  2023-06-17 14:23:24.065 : IterationNum=9	[MsgId: MMSG-17999]
   USER 9 = user68:pwd68	[MsgId: MMSG-17999]
    2023-06-17 14:23:24.159 : Start page is opened	[MsgId: MMSG-17999]
    2023-06-17 14:23:29.409 : User is logged in with session 136654.014094775HAcQVtApiftcVHtpitfV	[MsgId: MMSG-17999]
    2023-06-17 14:23:35.790 : User is logged out of session	[MsgId: MMSG-17999]
  2023-06-17 14:25:30.076 : IterationNum=10	[MsgId: MMSG-17999]
   USER 10 = user68:pwd68	[MsgId: MMSG-17999]
    2023-06-17 14:25:30.172 : Start page is opened	[MsgId: MMSG-17999]
    2023-06-17 14:25:34.893 : User is logged in with session 136654.024301337HAcQVtVpDHftcVHtpiticf	[MsgId: MMSG-17999]
    2023-06-17 14:25:39.782 : User is logged out of session	[MsgId: MMSG-17999]
  2023-06-17 14:27:36.091 : IterationNum=11	[MsgId: MMSG-17999]
   USER 11 = user68:pwd68	[MsgId: MMSG-17999]
    2023-06-17 14:27:36.185 : Start page is opened	[MsgId: MMSG-17999]
    2023-06-17 14:27:40.493 : User is logged in with session 136654.034507898HAcQVtVpQtcVHtpifVt	[MsgId: MMSG-17999]
    2023-06-17 14:27:46.774 : User is logged out of session	[MsgId: MMSG-17999]
  2023-06-17 14:29:42.101 : IterationNum=12	[MsgId: MMSG-17999]
   USER 12 = user68:pwd68	[MsgId: MMSG-17999]
    2023-06-17 14:29:42.195 : Start page is opened	[MsgId: MMSG-17999]
    2023-06-17 14:29:47.390 : User is logged in with session 136654.044714459HAcQVtcptcftcVHtpiftff	[MsgId: MMSG-17999]
    2023-06-17 14:29:52.456 : User is logged out of session	[MsgId: MMSG-17999]
  2023-06-17 14:31:48.105 : IterationNum=13	[MsgId: MMSG-17999]
   USER 13 = user68:pwd68	[MsgId: MMSG-17999]
    2023-06-17 14:31:48.200 : Start page is opened	[MsgId: MMSG-17999]
    2023-06-17 14:31:52.981 : User is logged in with session 136654.054921021HAcQVtcpQftcVHtpifHH	[MsgId: MMSG-17999]
    2023-06-17 14:31:59.015 : User is logged out of session	[MsgId: MMSG-17999]
  2023-06-17 14:33:54.109 : IterationNum=14	[MsgId: MMSG-17999]
   USER 14 = user68:pwd68	[MsgId: MMSG-17999]
    2023-06-17 14:33:54.204 : Start page is opened	[MsgId: MMSG-17999]
    2023-06-17 14:33:58.731 : User is logged in with session 136654.065127582HAcQVtDptHftcVHtpizAif	[MsgId: MMSG-17999]
    2023-06-17 14:34:04.822 : User is logged out of session	[MsgId: MMSG-17999]
  2023-06-17 14:36:00.118 : IterationNum=15	[MsgId: MMSG-17999]
   USER 15 = user68:pwd68	[MsgId: MMSG-17999]
    2023-06-17 14:36:00.213 : Start page is opened	[MsgId: MMSG-17999]
    2023-06-17 14:36:06.448 : User is logged in with session 136654.075334143HAcQVtttcVHtpizt	[MsgId: MMSG-17999]
    2023-06-17 14:36:11.495 : User is logged out of session	[MsgId: MMSG-17999]
  2023-06-17 14:38:06.127 : IterationNum=16	[MsgId: MMSG-17999]
   USER 16 = user68:pwd68	[MsgId: MMSG-17999]
    2023-06-17 14:38:06.222 : Start page is opened	[MsgId: MMSG-17999]
    2023-06-17 14:38:12.286 : User is logged in with session 136654.085540705HAcQVttpfcftcVHtpizHVf	[MsgId: MMSG-17999]
    2023-06-17 14:38:16.406 : User is logged out of session	[MsgId: MMSG-17999]
  2023-06-17 14:40:12.135 : IterationNum=17	[MsgId: MMSG-17999]
   USER 17 = user68:pwd68	[MsgId: MMSG-17999]
    2023-06-17 14:40:12.229 : Start page is opened	[MsgId: MMSG-17999]
    2023-06-17 14:40:17.225 : User is logged in with session 136654.095747266HAcQVtfpAftcVHtpiHAD	[MsgId: MMSG-17999]
    2023-06-17 14:40:22.524 : User is logged out of session	[MsgId: MMSG-17999]
  2023-06-17 14:42:18.141 : IterationNum=18	[MsgId: MMSG-17999]
   USER 18 = user68:pwd68	[MsgId: MMSG-17999]
    2023-06-17 14:42:18.236 : Start page is opened	[MsgId: MMSG-17999]
    2023-06-17 14:42:23.624 : User is logged in with session 136654.105953827HAcQVtfpfHftcVHtpiHDtf	[MsgId: MMSG-17999]
    2023-06-17 14:42:29.528 : User is logged out of session	[MsgId: MMSG-17999]
  2023-06-17 14:44:24.156 : IterationNum=19	[MsgId: MMSG-17999]
   USER 19 = user68:pwd68	[MsgId: MMSG-17999]
    2023-06-17 14:44:24.250 : Start page is opened	[MsgId: MMSG-17999]
    2023-06-17 14:44:30.083 : User is logged in with session 136654.116160389HAcQVtzpVtcVHtpiHzz	[MsgId: MMSG-17999]
    2023-06-17 14:44:34.700 : User is logged out of session	[MsgId: MMSG-17999]
  2023-06-17 14:46:30.169 : IterationNum=20	[MsgId: MMSG-17999]
   USER 20 = user68:pwd68	[MsgId: MMSG-17999]
    2023-06-17 14:46:30.262 : Start page is opened	[MsgId: MMSG-17999]
    2023-06-17 14:46:35.937 : User is logged in with session 136654.12636695HAcQVtzpzcftcVHtpiHQHf	[MsgId: MMSG-17999]
    2023-06-17 14:46:40.519 : User is logged out of session	[MsgId: MMSG-17999]
  2023-06-17 14:48:36.181 : IterationNum=21	[MsgId: MMSG-17999]
   USER 21 = user68:pwd68	[MsgId: MMSG-17999]
    2023-06-17 14:48:36.276 : Start page is opened	[MsgId: MMSG-17999]
    2023-06-17 14:48:42.528 : User is logged in with session 136654.136573512HAcQVtHpVftcVHtpiicQ	[MsgId: MMSG-17999]
    2023-06-17 14:48:48.752 : User is logged out of session	[MsgId: MMSG-17999]
  2023-06-17 14:50:42.195 : IterationNum=22	[MsgId: MMSG-17999]
   USER 22 = user68:pwd68	[MsgId: MMSG-17999]
    2023-06-17 14:50:42.290 : Start page is opened	[MsgId: MMSG-17999]
    2023-06-17 14:50:48.136 : User is logged in with session 136654.146780073HAcQVtHpzHftcVHtpiizAf	[MsgId: MMSG-17999]
    2023-06-17 14:50:52.297 : User is logged out of session	[MsgId: MMSG-17999]
  2023-06-17 14:52:48.196 : IterationNum=23	[MsgId: MMSG-17999]
   USER 23 = user68:pwd68	[MsgId: MMSG-17999]
    2023-06-17 14:52:48.290 : Start page is opened	[MsgId: MMSG-17999]
    2023-06-17 14:52:54.648 : User is logged in with session 136654.156986634HAcQVtipctcVHtpiiQc	[MsgId: MMSG-17999]
    2023-06-17 14:53:00.702 : User is logged out of session	[MsgId: MMSG-17999]
  2023-06-17 14:54:54.200 : IterationNum=24	[MsgId: MMSG-17999]
   USER 24 = user68:pwd68	[MsgId: MMSG-17999]
    2023-06-17 14:54:54.293 : Start page is opened	[MsgId: MMSG-17999]
    2023-06-17 14:54:59.905 : User is logged in with session 136654.167193196HAcQVtipHcftcVHtpiQcDf	[MsgId: MMSG-17999]
    2023-06-17 14:55:05.388 : User is logged out of session	[MsgId: MMSG-17999]
  2023-06-17 14:57:00.200 : IterationNum=25	[MsgId: MMSG-17999]
   USER 25 = user68:pwd68	[MsgId: MMSG-17999]
    2023-06-17 14:57:00.294 : Start page is opened	[MsgId: MMSG-17999]
    2023-06-17 14:57:04.187 : User is logged in with session 136654.177399757HAcQVtQpcftcVHtpiQff	[MsgId: MMSG-17999]
    2023-06-17 14:57:09.803 : User is logged out of session	[MsgId: MMSG-17999]
  2023-06-17 14:59:06.202 : IterationNum=26	[MsgId: MMSG-17999]
   USER 26 = user68:pwd68	[MsgId: MMSG-17999]
    2023-06-17 14:59:06.296 : Start page is opened	[MsgId: MMSG-17999]
    2023-06-17 14:59:10.961 : User is logged in with session 136654.187606318HAcQVtQpHHftcVHtpiQizf	[MsgId: MMSG-17999]
    2023-06-17 14:59:15.389 : User is logged out of session	[MsgId: MMSG-17999]
  2023-06-17 15:01:12.209 : IterationNum=27	[MsgId: MMSG-17999]
   USER 27 = user68:pwd68	[MsgId: MMSG-17999]
    2023-06-17 15:01:12.303 : Start page is opened	[MsgId: MMSG-17999]
    2023-06-17 15:01:16.826 : User is logged in with session 136654.19781288HAcQVfApDtcVHtpQAVi	[MsgId: MMSG-17999]
    2023-06-17 15:01:22.341 : User is logged out of session	[MsgId: MMSG-17999]
  2023-06-17 15:03:18.211 : IterationNum=28	[MsgId: MMSG-17999]
   USER 28 = user68:pwd68	[MsgId: MMSG-17999]
    2023-06-17 15:03:18.305 : Start page is opened	[MsgId: MMSG-17999]
    2023-06-17 15:03:23.596 : User is logged in with session 136654.208019441HAcQVfApicftcVHtpQAtQf	[MsgId: MMSG-17999]
    2023-06-17 15:03:29.036 : User is logged out of session	[MsgId: MMSG-17999]
  2023-06-17 15:05:24.211 : IterationNum=29	[MsgId: MMSG-17999]
   USER 29 = user68:pwd68	[MsgId: MMSG-17999]
    2023-06-17 15:05:24.304 : Start page is opened	[MsgId: MMSG-17999]
    2023-06-17 15:05:29.456 : User is logged in with session 136654.218226002HAcQVfVpDftcVHtpQAiV	[MsgId: MMSG-17999]
    2023-06-17 15:05:35.376 : User is logged out of session	[MsgId: MMSG-17999]
  2023-06-17 15:07:30.215 : IterationNum=30	[MsgId: MMSG-17999]
   USER 30 = user68:pwd68	[MsgId: MMSG-17999]
    2023-06-17 15:07:30.310 : Start page is opened	[MsgId: MMSG-17999]
    2023-06-17 15:07:35.590 : User is logged in with session 136654.228432564HAcQVfVpiHftcVHtpQVVcf	[MsgId: MMSG-17999]
    2023-06-17 15:07:39.573 : User is logged out of session	[MsgId: MMSG-17999]
  2023-06-17 15:09:36.218 : IterationNum=31	[MsgId: MMSG-17999]
   USER 31 = user68:pwd68	[MsgId: MMSG-17999]
    2023-06-17 15:09:36.312 : Start page is opened	[MsgId: MMSG-17999]
    2023-06-17 15:09:41.630 : User is logged in with session 136654.238639125HAcQVfcpttcVHtpQVtt	[MsgId: MMSG-17999]
    2023-06-17 15:09:46.662 : User is logged out of session	[MsgId: MMSG-17999]
  2023-06-17 15:11:42.232 : IterationNum=32	[MsgId: MMSG-17999]
   USER 32 = user68:pwd68	[MsgId: MMSG-17999]
    2023-06-17 15:11:42.325 : Start page is opened	[MsgId: MMSG-17999]
    2023-06-17 15:11:48.003 : User is logged in with session 136654.248845687HAcQVfcpQcftcVHtpQVHff	[MsgId: MMSG-17999]
    2023-06-17 15:11:53.271 : User is logged out of session	[MsgId: MMSG-17999]
  2023-06-17 15:13:48.239 : IterationNum=33	[MsgId: MMSG-17999]
   USER 33 = user68:pwd68	[MsgId: MMSG-17999]
    2023-06-17 15:13:48.333 : Start page is opened	[MsgId: MMSG-17999]
    2023-06-17 15:13:52.944 : User is logged in with session 136654.259052248HAcQVfDptftcVHtpQcAH	[MsgId: MMSG-17999]
    2023-06-17 15:13:57.969 : User is logged out of session	[MsgId: MMSG-17999]
  2023-06-17 15:15:54.251 : IterationNum=34	[MsgId: MMSG-17999]
   USER 34 = user68:pwd68	[MsgId: MMSG-17999]
    2023-06-17 15:15:54.345 : Start page is opened	[MsgId: MMSG-17999]
    2023-06-17 15:15:59.389 : User is logged in with session 136654.269258809HAcQVfDpQHftcVHtpQcDif	[MsgId: MMSG-17999]
    2023-06-17 15:16:05.463 : User is logged out of session	[MsgId: MMSG-17999]
  2023-06-17 15:18:00.260 : IterationNum=35	[MsgId: MMSG-17999]
   USER 35 = user68:pwd68	[MsgId: MMSG-17999]
    2023-06-17 15:18:00.355 : Start page is opened	[MsgId: MMSG-17999]
    2023-06-17 15:18:04.687 : User is logged in with session 136654.279465371HAcQVftpftcVHtpQcH	[MsgId: MMSG-17999]
    2023-06-17 15:18:08.627 : User is logged out of session	[MsgId: MMSG-17999]
  2023-06-17 15:20:06.265 : IterationNum=36	[MsgId: MMSG-17999]
   USER 36 = user68:pwd68	[MsgId: MMSG-17999]
    2023-06-17 15:20:06.358 : Start page is opened	[MsgId: MMSG-17999]
    2023-06-17 15:20:12.398 : User is logged in with session 136654.289671932HAcQVffpAcftcVHtpQDAVf	[MsgId: MMSG-17999]
    2023-06-17 15:20:17.373 : User is logged out of session	[MsgId: MMSG-17999]
  2023-06-17 15:22:12.267 : IterationNum=37	[MsgId: MMSG-17999]
   USER 37 = user68:pwd68	[MsgId: MMSG-17999]
    2023-06-17 15:22:12.362 : Start page is opened	[MsgId: MMSG-17999]
    2023-06-17 15:22:17.409 : User is logged in with session 136654.299878493HAcQVffpfftcVHtpQDDD	[MsgId: MMSG-17999]
    2023-06-17 15:22:22.975 : User is logged out of session	[MsgId: MMSG-17999]
  2023-06-17 15:24:18.280 : IterationNum=38	[MsgId: MMSG-17999]
   USER 38 = user68:pwd68	[MsgId: MMSG-17999]
    2023-06-17 15:24:18.374 : Start page is opened	[MsgId: MMSG-17999]
    2023-06-17 15:24:23.409 : User is logged in with session 136654.310085055HAcQVfzpAHftcVHtpQDztf	[MsgId: MMSG-17999]
    2023-06-17 15:24:27.716 : User is logged out of session	[MsgId: MMSG-17999]
  2023-06-17 15:26:24.284 : IterationNum=39	[MsgId: MMSG-17999]
   USER 39 = user68:pwd68	[MsgId: MMSG-17999]
    2023-06-17 15:26:24.379 : Start page is opened	[MsgId: MMSG-17999]
    2023-06-17 15:26:28.552 : User is logged in with session 136654.320291616HAcQVfzpztcVHtpQDQz	[MsgId: MMSG-17999]
    2023-06-17 15:26:33.093 : User is logged out of session	[MsgId: MMSG-17999]
  2023-06-17 15:28:30.299 : IterationNum=40	[MsgId: MMSG-17999]
   USER 40 = user68:pwd68	[MsgId: MMSG-17999]
    2023-06-17 15:28:30.394 : Start page is opened	[MsgId: MMSG-17999]
    2023-06-17 15:28:35.997 : User is logged in with session 136654.330498177HAcQVfHpVcftcVHtpQtcHf	[MsgId: MMSG-17999]
    2023-06-17 15:28:40.656 : User is logged out of session	[MsgId: MMSG-17999]
  2023-06-17 15:30:36.314 : IterationNum=41	[MsgId: MMSG-17999]
   USER 41 = user68:pwd68	[MsgId: MMSG-17999]
    2023-06-17 15:30:36.410 : Start page is opened	[MsgId: MMSG-17999]
    2023-06-17 15:30:41.849 : User is logged in with session 136654.340704739HAcQVfHpzftcVHtpQtfQ	[MsgId: MMSG-17999]
    2023-06-17 15:30:46.782 : User is logged out of session	[MsgId: MMSG-17999]
  2023-06-17 15:32:42.317 : IterationNum=42	[MsgId: MMSG-17999]
   USER 42 = user68:pwd68	[MsgId: MMSG-17999]
    2023-06-17 15:32:42.411 : Start page is opened	[MsgId: MMSG-17999]
    2023-06-17 15:32:47.334 : User is logged in with session 136654.3509113HAcQVfipVHftcVHtpQtQAf	[MsgId: MMSG-17999]
    2023-06-17 15:32:53.277 : User is logged out of session	[MsgId: MMSG-17999]
  2023-06-17 15:34:48.328 : IterationNum=43	[MsgId: MMSG-17999]
   USER 43 = user68:pwd68	[MsgId: MMSG-17999]
    2023-06-17 15:34:48.422 : Start page is opened	[MsgId: MMSG-17999]
    2023-06-17 15:34:52.826 : User is logged in with session 136654.361117862HAcQVfipHtcVHtpQfcc	[MsgId: MMSG-17999]
    2023-06-17 15:34:57.860 : User is logged out of session	[MsgId: MMSG-17999]
  2023-06-17 15:36:54.340 : IterationNum=44	[MsgId: MMSG-17999]
   USER 44 = user68:pwd68	[MsgId: MMSG-17999]
    2023-06-17 15:36:54.435 : Start page is opened	[MsgId: MMSG-17999]
    2023-06-17 15:36:59.073 : User is logged in with session 136654.371324423HAcQVfQpccftcVHtpQffDf	[MsgId: MMSG-17999]
    2023-06-17 15:37:04.497 : User is logged out of session	[MsgId: MMSG-17999]
  2023-06-17 15:39:00.347 : IterationNum=45	[MsgId: MMSG-17999]
   USER 45 = user68:pwd68	[MsgId: MMSG-17999]
    2023-06-17 15:39:00.441 : Start page is opened	[MsgId: MMSG-17999]
    2023-06-17 15:39:05.529 : User is logged in with session 136654.381530984HAcQVfQpHftcVHtpQfif	[MsgId: MMSG-17999]
    2023-06-17 15:39:09.677 : User is logged out of session	[MsgId: MMSG-17999]
  2023-06-17 15:41:06.355 : IterationNum=46	[MsgId: MMSG-17999]
   USER 46 = user68:pwd68	[MsgId: MMSG-17999]
    2023-06-17 15:41:06.448 : Start page is opened	[MsgId: MMSG-17999]
    2023-06-17 15:41:11.483 : User is logged in with session 136654.391737546HAcQVzApcHftcVHtpQzVzf	[MsgId: MMSG-17999]
    2023-06-17 15:41:17.058 : User is logged out of session	[MsgId: MMSG-17999]
  2023-06-17 15:43:12.361 : IterationNum=47	[MsgId: MMSG-17999]
   USER 47 = user68:pwd68	[MsgId: MMSG-17999]
    2023-06-17 15:43:12.455 : Start page is opened	[MsgId: MMSG-17999]
    2023-06-17 15:43:17.043 : User is logged in with session 136654.401944107HAcQVzApitcVHtpQzti	[MsgId: MMSG-17999]
    2023-06-17 15:43:21.432 : User is logged out of session	[MsgId: MMSG-17999]
  2023-06-17 15:45:18.363 : IterationNum=48	[MsgId: MMSG-17999]
   USER 48 = user68:pwd68	[MsgId: MMSG-17999]
    2023-06-17 15:45:18.458 : Start page is opened	[MsgId: MMSG-17999]
    2023-06-17 15:45:24.428 : User is logged in with session 136654.412150668HAcQVzVpDcftcVHtpQzHQf	[MsgId: MMSG-17999]
    2023-06-17 15:45:29.822 : User is logged out of session	[MsgId: MMSG-17999]
  2023-06-17 15:47:24.366 : IterationNum=49	[MsgId: MMSG-17999]
   USER 49 = user68:pwd68	[MsgId: MMSG-17999]
    2023-06-17 15:47:24.461 : Start page is opened	[MsgId: MMSG-17999]
    2023-06-17 15:47:28.373 : User is logged in with session 136654.42235723HAcQVzVpiftcVHtpQHVV	[MsgId: MMSG-17999]
    2023-06-17 15:47:34.294 : User is logged out of session	[MsgId: MMSG-17999]
  2023-06-17 15:49:30.382 : IterationNum=50	[MsgId: MMSG-17999]
   USER 50 = user68:pwd68	[MsgId: MMSG-17999]
    2023-06-17 15:49:30.477 : Start page is opened	[MsgId: MMSG-17999]
    2023-06-17 15:49:34.657 : User is logged in with session 136654.432563791HAcQVzcpDHftcVHtpQHtcf	[MsgId: MMSG-17999]
    2023-06-17 15:49:40.058 : User is logged out of session	[MsgId: MMSG-17999]
  2023-06-17 15:51:36.389 : IterationNum=51	[MsgId: MMSG-17999]
   USER 51 = user68:pwd68	[MsgId: MMSG-17999]
    2023-06-17 15:51:36.482 : Start page is opened	[MsgId: MMSG-17999]
    2023-06-17 15:51:42.303 : User is logged in with session 136654.442770352HAcQVzcpQtcVHtpQHHt	[MsgId: MMSG-17999]
    2023-06-17 15:51:47.162 : User is logged out of session	[MsgId: MMSG-17999]
  2023-06-17 15:53:42.390 : IterationNum=52	[MsgId: MMSG-17999]
   USER 52 = user68:pwd68	[MsgId: MMSG-17999]
    2023-06-17 15:53:42.484 : Start page is opened	[MsgId: MMSG-17999]
    2023-06-17 15:53:48.252 : User is logged in with session 136654.452976914HAcQVzDptcftcVHtpQiAff	[MsgId: MMSG-17999]
    2023-06-17 15:53:53.172 : User is logged out of session	[MsgId: MMSG-17999]
  2023-06-17 15:55:48.395 : IterationNum=53	[MsgId: MMSG-17999]
   USER 53 = user68:pwd68	[MsgId: MMSG-17999]
    2023-06-17 15:55:48.488 : Start page is opened	[MsgId: MMSG-17999]
    2023-06-17 15:55:53.550 : User is logged in with session 136654.463183475HAcQVzDpQftcVHtpQiDH	[MsgId: MMSG-17999]
    2023-06-17 15:55:59.077 : User is logged out of session	[MsgId: MMSG-17999]
  2023-06-17 15:57:54.407 : IterationNum=54	[MsgId: MMSG-17999]
   USER 54 = user68:pwd68	[MsgId: MMSG-17999]
    2023-06-17 15:57:54.501 : Start page is opened	[MsgId: MMSG-17999]
    2023-06-17 15:57:58.489 : User is logged in with session 136654.473390036HAcQVztptHftcVHtpQizif	[MsgId: MMSG-17999]
    2023-06-17 15:58:03.981 : User is logged out of session	[MsgId: MMSG-17999]
  2023-06-17 16:00:00.423 : IterationNum=55	[MsgId: MMSG-17999]
   USER 55 = user68:pwd68	[MsgId: MMSG-17999]
    2023-06-17 16:00:00.517 : Start page is opened	[MsgId: MMSG-17999]
    2023-06-17 16:00:06.413 : User is logged in with session 136654.483596598HAcQVzftcVHtpQQ	[MsgId: MMSG-17999]
    2023-06-17 16:00:12.657 : User is logged out of session	[MsgId: MMSG-17999]
  2023-06-17 16:02:06.437 : IterationNum=56	[MsgId: MMSG-17999]
   USER 56 = user68:pwd68	[MsgId: MMSG-17999]
    2023-06-17 16:02:06.531 : Start page is opened	[MsgId: MMSG-17999]
    2023-06-17 16:02:10.820 : User is logged in with session 136654.493803159HAcQVzfpfcftcVHtpQQDVf	[MsgId: MMSG-17999]
    2023-06-17 16:02:15.101 : User is logged out of session	[MsgId: MMSG-17999]
  2023-06-17 16:04:12.442 : IterationNum=57	[MsgId: MMSG-17999]
   USER 57 = user68:pwd68	[MsgId: MMSG-17999]
    2023-06-17 16:04:12.536 : Start page is opened	[MsgId: MMSG-17999]
    2023-06-17 16:04:17.957 : User is logged in with session 136654.504009721HAcQVzzpAftcVHtpQQzD	[MsgId: MMSG-17999]
    2023-06-17 16:04:23.571 : User is logged out of session	[MsgId: MMSG-17999]
  2023-06-17 16:06:18.451 : IterationNum=58	[MsgId: MMSG-17999]
   USER 58 = user68:pwd68	[MsgId: MMSG-17999]
    2023-06-17 16:06:18.546 : Start page is opened	[MsgId: MMSG-17999]
    2023-06-17 16:06:24.067 : User is logged in with session 136654.514216282HAcQVzzpfHftcVHtpQQQtf	[MsgId: MMSG-17999]
    2023-06-17 16:06:30.246 : User is logged out of session	[MsgId: MMSG-17999]
  2023-06-17 16:08:24.465 : IterationNum=59	[MsgId: MMSG-17999]
   USER 59 = user68:pwd68	[MsgId: MMSG-17999]
    2023-06-17 16:08:24.560 : Start page is opened	[MsgId: MMSG-17999]
    2023-06-17 16:08:29.843 : User is logged in with session 136654.524422843HAcQVzHpVtcVHfpAAcz	[MsgId: MMSG-17999]
    2023-06-17 16:08:35.548 : User is logged out of session	[MsgId: MMSG-17999]
  2023-06-17 16:10:30.466 : IterationNum=60	[MsgId: MMSG-17999]
   USER 60 = user68:pwd68	[MsgId: MMSG-17999]
    2023-06-17 16:10:30.559 : Start page is opened	[MsgId: MMSG-17999]
    2023-06-17 16:10:35.286 : User is logged in with session 136654.534629405HAcQVzHpzcftcVHfpAAfHf	[MsgId: MMSG-17999]
    2023-06-17 16:10:41.481 : User is logged out of session	[MsgId: MMSG-17999]
  2023-06-17 16:12:36.468 : IterationNum=61	[MsgId: MMSG-17999]
   USER 61 = user68:pwd68	[MsgId: MMSG-17999]
    2023-06-17 16:12:36.562 : Start page is opened	[MsgId: MMSG-17999]
    2023-06-17 16:12:41.166 : User is logged in with session 136654.544835966HAcQVzipVftcVHfpAAiQ	[MsgId: MMSG-17999]
    2023-06-17 16:12:45.842 : User is logged out of session	[MsgId: MMSG-17999]
  2023-06-17 16:14:42.480 : IterationNum=62	[MsgId: MMSG-17999]
   USER 62 = user68:pwd68	[MsgId: MMSG-17999]
    2023-06-17 16:14:42.574 : Start page is opened	[MsgId: MMSG-17999]
    2023-06-17 16:14:47.323 : User is logged in with session 136654.555042527HAcQVzipzHftcVHfpAVcAf	[MsgId: MMSG-17999]
    2023-06-17 16:14:53.193 : User is logged out of session	[MsgId: MMSG-17999]
  2023-06-17 16:16:48.494 : IterationNum=63	[MsgId: MMSG-17999]
   USER 63 = user68:pwd68	[MsgId: MMSG-17999]
    2023-06-17 16:16:48.588 : Start page is opened	[MsgId: MMSG-17999]
    2023-06-17 16:16:54.635 : User is logged in with session 136654.565249089HAcQVzQpctcVHfpAVfc	[MsgId: MMSG-17999]
    2023-06-17 16:17:00.718 : User is logged out of session	[MsgId: MMSG-17999]
  2023-06-17 16:18:54.495 : IterationNum=64	[MsgId: MMSG-17999]
   USER 64 = user68:pwd68	[MsgId: MMSG-17999]
    2023-06-17 16:18:54.589 : Start page is opened	[MsgId: MMSG-17999]
    2023-06-17 16:18:59.115 : User is logged in with session 136654.57545565HAcQVzQpHcftcVHfpAViDf	[MsgId: MMSG-17999]
    2023-06-17 16:19:04.605 : User is logged out of session	[MsgId: MMSG-17999]
  2023-06-17 16:21:00.502 : IterationNum=65	[MsgId: MMSG-17999]
   USER 65 = user68:pwd68	[MsgId: MMSG-17999]
    2023-06-17 16:21:00.597 : Start page is opened	[MsgId: MMSG-17999]
    2023-06-17 16:21:06.022 : User is logged in with session 136654.585662211HAcQVHApcftcVHfpAcVf	[MsgId: MMSG-17999]
    2023-06-17 16:21:12.238 : User is logged out of session	[MsgId: MMSG-17999]
  2023-06-17 16:23:06.509 : IterationNum=66	[MsgId: MMSG-17999]
   USER 66 = user68:pwd68	[MsgId: MMSG-17999]
    2023-06-17 16:23:06.602 : Start page is opened	[MsgId: MMSG-17999]
    2023-06-17 16:23:12.884 : User is logged in with session 136654.595868773HAcQVHApHHftcVHfpActzf	[MsgId: MMSG-17999]
    2023-06-17 16:23:17.716 : User is logged out of session	[MsgId: MMSG-17999]
  2023-06-17 16:25:12.512 : IterationNum=67	[MsgId: MMSG-17999]
   USER 67 = user68:pwd68	[MsgId: MMSG-17999]
    2023-06-17 16:25:12.607 : Start page is opened	[MsgId: MMSG-17999]
    2023-06-17 16:25:17.283 : User is logged in with session 136654.606075334HAcQVHVpDtcVHfpAcHi	[MsgId: MMSG-17999]
    2023-06-17 16:25:21.271 : User is logged out of session	[MsgId: MMSG-17999]
  2023-06-17 16:27:18.519 : IterationNum=68	[MsgId: MMSG-17999]
   USER 68 = user68:pwd68	[MsgId: MMSG-17999]
    2023-06-17 16:27:18.614 : Start page is opened	[MsgId: MMSG-17999]
    2023-06-17 16:27:23.635 : User is logged in with session 136654.616281895HAcQVHVpicftcVHfpADAQf	[MsgId: MMSG-17999]
    2023-06-17 16:27:28.797 : User is logged out of session	[MsgId: MMSG-17999]
  2023-06-17 16:29:24.534 : IterationNum=69	[MsgId: MMSG-17999]
   USER 69 = user68:pwd68	[MsgId: MMSG-17999]
    2023-06-17 16:29:24.629 : Start page is opened	[MsgId: MMSG-17999]
    2023-06-17 16:29:30.681 : User is logged in with session 136654.626488457HAcQVHcpDftcVHfpADtV	[MsgId: MMSG-17999]
    2023-06-17 16:29:36.692 : User is logged out of session	[MsgId: MMSG-17999]
  2023-06-17 16:31:30.544 : IterationNum=70	[MsgId: MMSG-17999]
   USER 70 = user68:pwd68	[MsgId: MMSG-17999]
    2023-06-17 16:31:30.637 : Start page is opened	[MsgId: MMSG-17999]
    2023-06-17 16:31:35.841 : User is logged in with session 136654.636695018HAcQVHcpiHftcVHfpADHcf	[MsgId: MMSG-17999]
    2023-06-17 16:31:41.265 : User is logged out of session	[MsgId: MMSG-17999]
  2023-06-17 16:33:36.545 : IterationNum=71	[MsgId: MMSG-17999]
   USER 71 = user68:pwd68	[MsgId: MMSG-17999]
    2023-06-17 16:33:36.639 : Start page is opened	[MsgId: MMSG-17999]
    2023-06-17 16:33:41.416 : User is logged in with session 136654.64690158HAcQVHDpttcVHfpAtAt	[MsgId: MMSG-17999]
    2023-06-17 16:33:47.131 : User is logged out of session	[MsgId: MMSG-17999]
  2023-06-17 16:35:42.551 : IterationNum=72	[MsgId: MMSG-17999]
   USER 72 = user68:pwd68	[MsgId: MMSG-17999]
    2023-06-17 16:35:42.645 : Start page is opened	[MsgId: MMSG-17999]
    2023-06-17 16:35:48.884 : User is logged in with session 136654.657108141HAcQVHDpQcftcVHfpAtDff	[MsgId: MMSG-17999]
    2023-06-17 16:35:53.708 : User is logged out of session	[MsgId: MMSG-17999]
  2023-06-17 16:37:48.559 : IterationNum=73	[MsgId: MMSG-17999]
   USER 73 = user68:pwd68	[MsgId: MMSG-17999]
    2023-06-17 16:37:48.654 : Start page is opened	[MsgId: MMSG-17999]
    2023-06-17 16:37:53.207 : User is logged in with session 136654.667314702HAcQVHtptftcVHfpAtzH	[MsgId: MMSG-17999]
    2023-06-17 16:37:58.766 : User is logged out of session	[MsgId: MMSG-17999]
  2023-06-17 16:39:54.561 : IterationNum=74	[MsgId: MMSG-17999]
   USER 74 = user68:pwd68	[MsgId: MMSG-17999]
    2023-06-17 16:39:54.655 : Start page is opened	[MsgId: MMSG-17999]
    2023-06-17 16:39:59.748 : User is logged in with session 136654.677521264HAcQVHtpQHftcVHfpAtQif	[MsgId: MMSG-17999]
    2023-06-17 16:40:05.560 : User is logged out of session	[MsgId: MMSG-17999]
  2023-06-17 16:42:00.568 : IterationNum=75	[MsgId: MMSG-17999]
   USER 75 = user68:pwd68	[MsgId: MMSG-17999]
    2023-06-17 16:42:00.663 : Start page is opened	[MsgId: MMSG-17999]
    2023-06-17 16:42:05.453 : User is logged in with session 136654.687727825HAcQVHfpftcVHfpAfD	[MsgId: MMSG-17999]
    2023-06-17 16:42:11.244 : User is logged out of session	[MsgId: MMSG-17999]
  2023-06-17 16:44:06.575 : IterationNum=76	[MsgId: MMSG-17999]
   USER 76 = user68:pwd68	[MsgId: MMSG-17999]
    2023-06-17 16:44:06.669 : Start page is opened	[MsgId: MMSG-17999]
    2023-06-17 16:44:11.326 : User is logged in with session 136654.697934386HAcQVHzpAcftcVHfpAfzVf	[MsgId: MMSG-17999]
    2023-06-17 16:44:17.480 : User is logged out of session	[MsgId: MMSG-17999]
  2023-06-17 16:46:12.576 : IterationNum=77	[MsgId: MMSG-17999]
   USER 77 = user68:pwd68	[MsgId: MMSG-17999]
    2023-06-17 16:46:12.670 : Start page is opened	[MsgId: MMSG-17999]
    2023-06-17 16:46:18.917 : User is logged in with session 136654.708140948HAcQVHzpfftcVHfpAfQD	[MsgId: MMSG-17999]
    2023-06-17 16:46:24.050 : User is logged out of session	[MsgId: MMSG-17999]
  2023-06-17 16:48:18.586 : IterationNum=78	[MsgId: MMSG-17999]
   USER 78 = user68:pwd68	[MsgId: MMSG-17999]
    2023-06-17 16:48:18.680 : Start page is opened	[MsgId: MMSG-17999]
    2023-06-17 16:48:24.636 : User is logged in with session 136654.718347509HAcQVHHpAHftcVHfpAzctf	[MsgId: MMSG-17999]
    2023-06-17 16:48:30.216 : User is logged out of session	[MsgId: MMSG-17999]
  2023-06-17 16:50:24.600 : IterationNum=79	[MsgId: MMSG-17999]
   USER 79 = user68:pwd68	[MsgId: MMSG-17999]
    2023-06-17 16:50:24.695 : Start page is opened	[MsgId: MMSG-17999]
    2023-06-17 16:50:29.685 : User is logged in with session 136654.72855407HAcQVHHpztcVHfpAzfz	[MsgId: MMSG-17999]
    2023-06-17 16:50:35.855 : User is logged out of session	[MsgId: MMSG-17999]
  2023-06-17 16:52:30.610 : IterationNum=80	[MsgId: MMSG-17999]
   USER 80 = user68:pwd68	[MsgId: MMSG-17999]
    2023-06-17 16:52:30.705 : Start page is opened	[MsgId: MMSG-17999]
    2023-06-17 16:52:36.560 : User is logged in with session 136654.738760632HAcQVHipVcftcVHfpAziHf	[MsgId: MMSG-17999]
    2023-06-17 16:52:41.430 : User is logged out of session	[MsgId: MMSG-17999]
  2023-06-17 16:54:36.618 : IterationNum=81	[MsgId: MMSG-17999]
   USER 81 = user68:pwd68	[MsgId: MMSG-17999]
    2023-06-17 16:54:36.711 : Start page is opened	[MsgId: MMSG-17999]
    2023-06-17 16:54:40.891 : User is logged in with session 136654.748967193HAcQVHipzftcVHfpAHVQ	[MsgId: MMSG-17999]
    2023-06-17 16:54:46.036 : User is logged out of session	[MsgId: MMSG-17999]
  2023-06-17 16:56:42.621 : IterationNum=82	[MsgId: MMSG-17999]
   USER 82 = user68:pwd68	[MsgId: MMSG-17999]
    2023-06-17 16:56:42.714 : Start page is opened	[MsgId: MMSG-17999]
    2023-06-17 16:56:46.656 : User is logged in with session 136654.759173755HAcQVHQpVHftcVHfpAHfAf	[MsgId: MMSG-17999]
    2023-06-17 16:56:51.077 : User is logged out of session	[MsgId: MMSG-17999]
  2023-06-17 16:58:48.624 : IterationNum=83	[MsgId: MMSG-17999]
   USER 83 = user68:pwd68	[MsgId: MMSG-17999]
    2023-06-17 16:58:48.717 : Start page is opened	[MsgId: MMSG-17999]
    2023-06-17 16:58:54.278 : User is logged in with session 136654.769380316HAcQVHQpHtcVHfpAHic	[MsgId: MMSG-17999]
    2023-06-17 16:58:58.689 : User is logged out of session	[MsgId: MMSG-17999]
  2023-06-17 17:00:54.632 : IterationNum=84	[MsgId: MMSG-17999]
   USER 84 = user68:pwd68	[MsgId: MMSG-17999]
    2023-06-17 17:00:54.726 : Start page is opened	[MsgId: MMSG-17999]
    2023-06-17 17:01:00.890 : User is logged in with session 136654.779586877HAcQViApccftcVHfpAiVDf	[MsgId: MMSG-17999]
    2023-06-17 17:01:06.447 : User is logged out of session	[MsgId: MMSG-17999]
  2023-06-17 17:03:00.638 : IterationNum=85	[MsgId: MMSG-17999]
   USER 85 = user68:pwd68	[MsgId: MMSG-17999]
    2023-06-17 17:03:00.733 : Start page is opened	[MsgId: MMSG-17999]
    2023-06-17 17:03:06.830 : User is logged in with session 136654.789793439HAcQViApHftcVHfpAitf	[MsgId: MMSG-17999]
    2023-06-17 17:03:11.558 : User is logged out of session	[MsgId: MMSG-17999]
  2023-06-17 17:05:06.653 : IterationNum=86	[MsgId: MMSG-17999]
   USER 86 = user68:pwd68	[MsgId: MMSG-17999]
    2023-06-17 17:05:06.747 : Start page is opened	[MsgId: MMSG-17999]
    2023-06-17 17:05:10.821 : User is logged in with session 136654.8HAcQViVpcHftcVHfpAiHzf	[MsgId: MMSG-17999]
    2023-06-17 17:05:16.590 : User is logged out of session	[MsgId: MMSG-17999]
  2023-06-17 17:07:12.662 : IterationNum=87	[MsgId: MMSG-17999]
   USER 87 = user68:pwd68	[MsgId: MMSG-17999]
    2023-06-17 17:07:12.756 : Start page is opened	[MsgId: MMSG-17999]
    2023-06-17 17:07:16.762 : User is logged in with session 136654.810206561HAcQViVpitcVHfpAQAi	[MsgId: MMSG-17999]
    2023-06-17 17:07:22.641 : User is logged out of session	[MsgId: MMSG-17999]
  2023-06-17 17:09:18.663 : IterationNum=88	[MsgId: MMSG-17999]
   USER 88 = user68:pwd68	[MsgId: MMSG-17999]
    2023-06-17 17:09:18.757 : Start page is opened	[MsgId: MMSG-17999]
    2023-06-17 17:09:23.204 : User is logged in with session 136654.820413123HAcQVicpDcftcVHfpAQDQf	[MsgId: MMSG-17999]
    2023-06-17 17:09:27.568 : User is logged out of session	[MsgId: MMSG-17999]
  2023-06-17 17:11:24.671 : IterationNum=89	[MsgId: MMSG-17999]
   USER 89 = user68:pwd68	[MsgId: MMSG-17999]
    2023-06-17 17:11:24.764 : Start page is opened	[MsgId: MMSG-17999]
    2023-06-17 17:11:29.208 : User is logged in with session 136654.830619684HAcQVicpiftcVHfpAQHV	[MsgId: MMSG-17999]
    2023-06-17 17:11:35.553 : User is logged out of session	[MsgId: MMSG-17999]
  2023-06-17 17:13:30.685 : IterationNum=90	[MsgId: MMSG-17999]
   USER 90 = user68:pwd68	[MsgId: MMSG-17999]
    2023-06-17 17:13:30.779 : Start page is opened	[MsgId: MMSG-17999]
    2023-06-17 17:13:35.181 : User is logged in with session 136654.840826245HAcQViDpDHftcVHfpVAAcf	[MsgId: MMSG-17999]
    2023-06-17 17:13:40.991 : User is logged out of session	[MsgId: MMSG-17999]
  2023-06-17 17:15:36.699 : IterationNum=91	[MsgId: MMSG-17999]
   USER 91 = user68:pwd68	[MsgId: MMSG-17999]
    2023-06-17 17:15:36.793 : Start page is opened	[MsgId: MMSG-17999]
    2023-06-17 17:15:42.631 : User is logged in with session 136654.851032807HAcQViDpQtcVHfpVADt	[MsgId: MMSG-17999]
    2023-06-17 17:15:47.845 : User is logged out of session	[MsgId: MMSG-17999]
  2023-06-17 17:17:42.705 : IterationNum=92	[MsgId: MMSG-17999]
   USER 92 = user68:pwd68	[MsgId: MMSG-17999]
    2023-06-17 17:17:42.798 : Start page is opened	[MsgId: MMSG-17999]
    2023-06-17 17:17:48.358 : User is logged in with session 136654.861239368HAcQVitptcftcVHfpVAzff	[MsgId: MMSG-17999]
    2023-06-17 17:17:53.374 : User is logged out of session	[MsgId: MMSG-17999]
  2023-06-17 17:19:48.716 : IterationNum=93	[MsgId: MMSG-17999]
   USER 93 = user68:pwd68	[MsgId: MMSG-17999]
    2023-06-17 17:19:48.811 : Start page is opened	[MsgId: MMSG-17999]
    2023-06-17 17:19:54.487 : User is logged in with session 136654.87144593HAcQVitpQftcVHfpVAQH	[MsgId: MMSG-17999]
    2023-06-17 17:19:59.038 : User is logged out of session	[MsgId: MMSG-17999]
  2023-06-17 17:21:54.724 : IterationNum=94	[MsgId: MMSG-17999]
   USER 94 = user68:pwd68	[MsgId: MMSG-17999]
    2023-06-17 17:21:54.818 : Start page is opened	[MsgId: MMSG-17999]
    2023-06-17 17:21:59.404 : User is logged in with session 136654.881652491HAcQVifptHftcVHfpVVcif	[MsgId: MMSG-17999]
    2023-06-17 17:22:04.517 : User is logged out of session	[MsgId: MMSG-17999]
  2023-06-17 17:24:00.732 : IterationNum=95	[MsgId: MMSG-17999]
   USER 95 = user68:pwd68	[MsgId: MMSG-17999]
    2023-06-17 17:24:00.826 : Start page is opened	[MsgId: MMSG-17999]
    2023-06-17 17:24:05.917 : User is logged in with session 136654.891859052HAcQViztcVHfpVVz	[MsgId: MMSG-17999]
    2023-06-17 17:24:11.879 : User is logged out of session	[MsgId: MMSG-17999]
  2023-06-17 17:26:06.747 : IterationNum=96	[MsgId: MMSG-17999]
   USER 96 = user68:pwd68	[MsgId: MMSG-17999]
    2023-06-17 17:26:06.842 : Start page is opened	[MsgId: MMSG-17999]
    2023-06-17 17:26:11.724 : User is logged in with session 136654.902065614HAcQVizpfcftcVHfpVVQVf	[MsgId: MMSG-17999]
    2023-06-17 17:26:17.036 : User is logged out of session	[MsgId: MMSG-17999]
  2023-06-17 17:28:12.750 : IterationNum=97	[MsgId: MMSG-17999]
   USER 97 = user68:pwd68	[MsgId: MMSG-17999]
    2023-06-17 17:28:12.845 : Start page is opened	[MsgId: MMSG-17999]
    2023-06-17 17:28:18.210 : User is logged in with session 136654.912272175HAcQViHpAftcVHfpVccD	[MsgId: MMSG-17999]
    2023-06-17 17:28:24.225 : User is logged out of session	[MsgId: MMSG-17999]
  2023-06-17 17:30:18.755 : IterationNum=98	[MsgId: MMSG-17999]
   USER 98 = user68:pwd68	[MsgId: MMSG-17999]
    2023-06-17 17:30:18.849 : Start page is opened	[MsgId: MMSG-17999]
    2023-06-17 17:30:24.653 : User is logged in with session 136654.922478736HAcQViHpfHftcVHfpVcftf	[MsgId: MMSG-17999]
    2023-06-17 17:30:29.838 : User is logged out of session	[MsgId: MMSG-17999]
  2023-06-17 17:32:24.769 : IterationNum=99	[MsgId: MMSG-17999]
   USER 99 = user68:pwd68	[MsgId: MMSG-17999]
    2023-06-17 17:32:24.863 : Start page is opened	[MsgId: MMSG-17999]
    2023-06-17 17:32:29.545 : User is logged in with session 136654.932685298HAcQViipVtcVHfpVciz	[MsgId: MMSG-17999]
    2023-06-17 17:32:34.251 : User is logged out of session	[MsgId: MMSG-17999]
  2023-06-17 17:34:30.784 : IterationNum=100	[MsgId: MMSG-17999]
   USER 100 = user68:pwd68	[MsgId: MMSG-17999]
    2023-06-17 17:34:30.878 : Start page is opened	[MsgId: MMSG-17999]
    2023-06-17 17:34:35.359 : User is logged in with session 136654.942891859HAcQViipzcftcVHfpVDVHf	[MsgId: MMSG-17999]
    2023-06-17 17:34:39.282 : User is logged out of session	[MsgId: MMSG-17999]
  2023-06-17 17:36:36.791 : IterationNum=101	[MsgId: MMSG-17999]
   USER 101 = user68:pwd68	[MsgId: MMSG-17999]
    2023-06-17 17:36:36.886 : Start page is opened	[MsgId: MMSG-17999]
    2023-06-17 17:36:41.686 : User is logged in with session 136654.95309842HAcQViQpVftcVHfpVDtQ	[MsgId: MMSG-17999]
    2023-06-17 17:36:45.665 : User is logged out of session	[MsgId: MMSG-17999]
  2023-06-17 17:38:42.796 : IterationNum=102	[MsgId: MMSG-17999]
   USER 102 = user68:pwd68	[MsgId: MMSG-17999]
    2023-06-17 17:38:42.889 : Start page is opened	[MsgId: MMSG-17999]
    2023-06-17 17:38:47.649 : User is logged in with session 136654.963304982HAcQViQpzHftcVHfpVDiAf	[MsgId: MMSG-17999]
    2023-06-17 17:38:52.937 : User is logged out of session	[MsgId: MMSG-17999]
  2023-06-17 17:40:48.803 : IterationNum=103	[MsgId: MMSG-17999]
   USER 103 = user68:pwd68	[MsgId: MMSG-17999]
    2023-06-17 17:40:48.898 : Start page is opened	[MsgId: MMSG-17999]
    2023-06-17 17:40:55.194 : User is logged in with session 136654.973511543HAcQVQApctcVHfpVtVc	[MsgId: MMSG-17999]
    2023-06-17 17:40:59.330 : User is logged out of session	[MsgId: MMSG-17999]
  2023-06-17 17:42:54.813 : IterationNum=104	[MsgId: MMSG-17999]
   USER 104 = user68:pwd68	[MsgId: MMSG-17999]
    2023-06-17 17:42:54.907 : Start page is opened	[MsgId: MMSG-17999]
    2023-06-17 17:42:58.982 : User is logged in with session 136654.983718104HAcQVQApHcftcVHfpVttDf	[MsgId: MMSG-17999]
    2023-06-17 17:43:04.800 : User is logged out of session	[MsgId: MMSG-17999]
  2023-06-17 17:45:00.823 : IterationNum=105	[MsgId: MMSG-17999]
   USER 105 = user68:pwd68	[MsgId: MMSG-17999]
    2023-06-17 17:45:00.918 : Start page is opened	[MsgId: MMSG-17999]
    2023-06-17 17:45:05.310 : User is logged in with session 136654.993924666HAcQVQVpcftcVHfpVtHf	[MsgId: MMSG-17999]
    2023-06-17 17:45:10.124 : User is logged out of session	[MsgId: MMSG-17999]
  2023-06-17 17:47:06.831 : IterationNum=106	[MsgId: MMSG-17999]
   USER 106 = user68:pwd68	[MsgId: MMSG-17999]
    2023-06-17 17:47:06.925 : Start page is opened	[MsgId: MMSG-17999]
    2023-06-17 17:47:12.215 : User is logged in with session 136655.004131227HAcQVQVpHHftcVHfpVfAzf	[MsgId: MMSG-17999]
    2023-06-17 17:47:16.560 : User is logged out of session	[MsgId: MMSG-17999]
  2023-06-17 17:49:12.838 : IterationNum=107	[MsgId: MMSG-17999]
   USER 107 = user68:pwd68	[MsgId: MMSG-17999]
    2023-06-17 17:49:12.931 : Start page is opened	[MsgId: MMSG-17999]
    2023-06-17 17:49:16.961 : User is logged in with session 136655.014337789HAcQVQcpDtcVHfpVfDi	[MsgId: MMSG-17999]
    2023-06-17 17:49:22.451 : User is logged out of session	[MsgId: MMSG-17999]
  2023-06-17 17:51:18.850 : IterationNum=108	[MsgId: MMSG-17999]
   USER 108 = user68:pwd68	[MsgId: MMSG-17999]
    2023-06-17 17:51:18.945 : Start page is opened	[MsgId: MMSG-17999]
    2023-06-17 17:51:24.623 : User is logged in with session 136655.02454435HAcQVQcpicftcVHfpVfzQf	[MsgId: MMSG-17999]
    2023-06-17 17:51:30.312 : User is logged out of session	[MsgId: MMSG-17999]
  2023-06-17 17:53:24.864 : IterationNum=109	[MsgId: MMSG-17999]
   USER 109 = user68:pwd68	[MsgId: MMSG-17999]
    2023-06-17 17:53:24.958 : Start page is opened	[MsgId: MMSG-17999]
    2023-06-17 17:53:28.889 : User is logged in with session 136655.034750911HAcQVQDpDftcVHfpVzAV	[MsgId: MMSG-17999]
    2023-06-17 17:53:32.934 : User is logged out of session	[MsgId: MMSG-17999]
  2023-06-17 17:55:30.866 : IterationNum=110	[MsgId: MMSG-17999]
   USER 110 = user68:pwd68	[MsgId: MMSG-17999]
    2023-06-17 17:55:30.960 : Start page is opened	[MsgId: MMSG-17999]
    2023-06-17 17:55:35.541 : User is logged in with session 136655.044957473HAcQVQDpiHftcVHfpVzDcf	[MsgId: MMSG-17999]
    2023-06-17 17:55:40.503 : User is logged out of session	[MsgId: MMSG-17999]
  2023-06-17 17:57:36.875 : IterationNum=111	[MsgId: MMSG-17999]
   USER 111 = user68:pwd68	[MsgId: MMSG-17999]
    2023-06-17 17:57:36.970 : Start page is opened	[MsgId: MMSG-17999]
    2023-06-17 17:57:41.748 : User is logged in with session 136655.055164034HAcQVQtpttcVHfpVzzt	[MsgId: MMSG-17999]
    2023-06-17 17:57:47.977 : User is logged out of session	[MsgId: MMSG-17999]
  2023-06-17 17:59:42.882 : IterationNum=112	[MsgId: MMSG-17999]
   USER 112 = user68:pwd68	[MsgId: MMSG-17999]
    2023-06-17 17:59:42.977 : Start page is opened	[MsgId: MMSG-17999]
    2023-06-17 17:59:47.962 : User is logged in with session 136655.065370595HAcQVQtpQcftcVHfpVzQff	[MsgId: MMSG-17999]
    2023-06-17 17:59:51.903 : User is logged out of session	[MsgId: MMSG-17999]
  2023-06-17 18:01:48.890 : IterationNum=113	[MsgId: MMSG-17999]
   USER 113 = user68:pwd68	[MsgId: MMSG-17999]
    2023-06-17 18:01:48.984 : Start page is opened	[MsgId: MMSG-17999]
    2023-06-17 18:01:55.125 : User is logged in with session 136655.075577157HAcQVQfptftcVHfpVHcH	[MsgId: MMSG-17999]
    2023-06-17 18:01:59.924 : User is logged out of session	[MsgId: MMSG-17999]
  2023-06-17 18:03:54.894 : IterationNum=114	[MsgId: MMSG-17999]
   USER 114 = user68:pwd68	[MsgId: MMSG-17999]
    2023-06-17 18:03:54.989 : Start page is opened	[MsgId: MMSG-17999]
    2023-06-17 18:04:00.711 : User is logged in with session 136655.085783718HAcQVQfpQHftcVHfpVHfif	[MsgId: MMSG-17999]
    2023-06-17 18:04:06.984 : User is logged out of session	[MsgId: MMSG-17999]
  2023-06-17 18:06:00.904 : IterationNum=115	[MsgId: MMSG-17999]
   USER 115 = user68:pwd68	[MsgId: MMSG-17999]
    2023-06-17 18:06:00.998 : Start page is opened	[MsgId: MMSG-17999]
    2023-06-17 18:06:04.888 : User is logged in with session 136655.095990279HAcQVQzpftcVHfpVHQ	[MsgId: MMSG-17999]
    2023-06-17 18:06:08.810 : User is logged out of session	[MsgId: MMSG-17999]
  2023-06-17 18:08:06.912 : IterationNum=116	[MsgId: MMSG-17999]
   USER 116 = user68:pwd68	[MsgId: MMSG-17999]
    2023-06-17 18:08:07.007 : Start page is opened	[MsgId: MMSG-17999]
    2023-06-17 18:08:12.561 : User is logged in with session 136655.106196841HAcQVQHpAcftcVHfpVicVf	[MsgId: MMSG-17999]
    2023-06-17 18:08:17.533 : User is logged out of session	[MsgId: MMSG-17999]
  2023-06-17 18:10:12.913 : IterationNum=117	[MsgId: MMSG-17999]
   USER 117 = user68:pwd68	[MsgId: MMSG-17999]
    2023-06-17 18:10:13.007 : Start page is opened	[MsgId: MMSG-17999]
    2023-06-17 18:10:17.944 : User is logged in with session 136655.116403402HAcQVQHpfftcVHfpVifD	[MsgId: MMSG-17999]
    2023-06-17 18:10:21.883 : User is logged out of session	[MsgId: MMSG-17999]
  2023-06-17 18:12:18.921 : IterationNum=118	[MsgId: MMSG-17999]
   USER 118 = user68:pwd68	[MsgId: MMSG-17999]
    2023-06-17 18:12:19.015 : Start page is opened	[MsgId: MMSG-17999]
    2023-06-17 18:12:24.517 : User is logged in with session 136655.126609964HAcQVQipAHftcVHfpViitf	[MsgId: MMSG-17999]
    2023-06-17 18:12:29.040 : User is logged out of session	[MsgId: MMSG-17999]
  2023-06-17 18:14:24.924 : IterationNum=119	[MsgId: MMSG-17999]
   USER 119 = user68:pwd68	[MsgId: MMSG-17999]
    2023-06-17 18:14:25.017 : Start page is opened	[MsgId: MMSG-17999]
    2023-06-17 18:14:29.232 : User is logged in with session 136655.136816525HAcQVQipztcVHfpVQVz	[MsgId: MMSG-17999]
    2023-06-17 18:14:33.667 : User is logged out of session	[MsgId: MMSG-17999]
  2023-06-17 18:16:30.935 : IterationNum=120	[MsgId: MMSG-17999]
   USER 120 = user68:pwd68	[MsgId: MMSG-17999]
    2023-06-17 18:16:31.029 : Start page is opened	[MsgId: MMSG-17999]
    2023-06-17 18:16:36.465 : User is logged in with session 136655.147023086HAcQVQQpVcftcVHfpVQtHf	[MsgId: MMSG-17999]
    2023-06-17 18:16:41.164 : User is logged out of session	[MsgId: MMSG-17999]
  2023-06-17 18:18:36.940 : IterationNum=121	[MsgId: MMSG-17999]
   USER 121 = user68:pwd68	[MsgId: MMSG-17999]
    2023-06-17 18:18:37.034 : Start page is opened	[MsgId: MMSG-17999]
    2023-06-17 18:18:42.341 : User is logged in with session 136655.157229648HAcQVQQpzftcVHfpVQHQ	[MsgId: MMSG-17999]
    2023-06-17 18:18:48.259 : User is logged out of session	[MsgId: MMSG-17999]
  2023-06-17 18:20:42.955 : IterationNum=122	[MsgId: MMSG-17999]
   USER 122 = user68:pwd68	[MsgId: MMSG-17999]
    2023-06-17 18:20:43.048 : Start page is opened	[MsgId: MMSG-17999]
    2023-06-17 18:20:48.603 : User is logged in with session 136655.167436209HAcQcAApVHftcVHfpcAVAf	[MsgId: MMSG-17999]
    2023-06-17 18:20:54.150 : User is logged out of session	[MsgId: MMSG-17999]
  2023-06-17 18:22:48.957 : IterationNum=123	[MsgId: MMSG-17999]
   USER 123 = user68:pwd68	[MsgId: MMSG-17999]
    2023-06-17 18:22:49.050 : Start page is opened	[MsgId: MMSG-17999]
    2023-06-17 18:22:55.168 : User is logged in with session 136655.17764277HAcQcAApHtcVHfpcAtc	[MsgId: MMSG-17999]
    2023-06-17 18:23:01.085 : User is logged out of session	[MsgId: MMSG-17999]
  2023-06-17 18:24:54.969 : IterationNum=124	[MsgId: MMSG-17999]
   USER 124 = user68:pwd68	[MsgId: MMSG-17999]
    2023-06-17 18:24:55.062 : Start page is opened	[MsgId: MMSG-17999]
    2023-06-17 18:25:00.071 : User is logged in with session 136655.187930336HAcQcAVpccQVzzzHtcVHfpcAHDHf	[MsgId: MMSG-17999]
    2023-06-17 18:25:06.075 : User is logged out of session	[MsgId: MMSG-17999]
  2023-06-17 18:27:00.981 : IterationNum=125	[MsgId: MMSG-17999]
   USER 125 = user68:pwd68	[MsgId: MMSG-17999]
    2023-06-17 18:27:01.073 : Start page is opened	[MsgId: MMSG-17999]
    2023-06-17 18:27:05.434 : User is logged in with session 136655.198136898HAcQcAVpHftVzzzHtcVHfpcVAfcf	[MsgId: MMSG-17999]
    2023-06-17 18:27:09.581 : User is logged out of session	[MsgId: MMSG-17999]
  2023-06-17 18:29:06.984 : IterationNum=126	[MsgId: MMSG-17999]
   USER 126 = user68:pwd68	[MsgId: MMSG-17999]
    2023-06-17 18:29:07.078 : Start page is opened	[MsgId: MMSG-17999]
    2023-06-17 18:29:13.405 : User is logged in with session 136655.208343459HAcQcAcpcHQVzzzHtcVHfpcVDzHf	[MsgId: MMSG-17999]
    2023-06-17 18:29:19.390 : User is logged out of session	[MsgId: MMSG-17999]
  2023-06-17 18:31:12.984 : IterationNum=127	[MsgId: MMSG-17999]
   USER 127 = user68:pwd68	[MsgId: MMSG-17999]
    2023-06-17 18:31:13.077 : Start page is opened	[MsgId: MMSG-17999]
    2023-06-17 18:31:17.559 : User is logged in with session 136655.21855002HAcQcAcpiAtVzzzHtcVHfpcVzicf	[MsgId: MMSG-17999]
    2023-06-17 18:31:23.362 : User is logged out of session	[MsgId: MMSG-17999]
  2023-06-17 18:33:18.988 : IterationNum=128	[MsgId: MMSG-17999]
   USER 128 = user68:pwd68	[MsgId: MMSG-17999]
    2023-06-17 18:33:19.082 : Start page is opened	[MsgId: MMSG-17999]
    2023-06-17 18:33:23.419 : User is logged in with session 136655.228756582HAcQcADpDcQVzzzHtcVHfpcVQQHf	[MsgId: MMSG-17999]
    2023-06-17 18:33:27.436 : User is logged out of session	[MsgId: MMSG-17999]
  2023-06-17 18:35:24.991 : IterationNum=129	[MsgId: MMSG-17999]
   USER 129 = user68:pwd68	[MsgId: MMSG-17999]
    2023-06-17 18:35:25.086 : Start page is opened	[MsgId: MMSG-17999]
    2023-06-17 18:35:30.338 : User is logged in with session 136655.238963143HAcQcADpiftVzzzHtcVHfpccDVcf	[MsgId: MMSG-17999]
    2023-06-17 18:35:35.475 : User is logged out of session	[MsgId: MMSG-17999]
  2023-06-17 18:37:30.994 : IterationNum=130	[MsgId: MMSG-17999]
   USER 130 = user68:pwd68	[MsgId: MMSG-17999]
    2023-06-17 18:37:31.088 : Start page is opened	[MsgId: MMSG-17999]
    2023-06-17 18:37:35.529 : User is logged in with session 136655.249169704HAcQcAtpDHQVzzzHtcVHfpcczcHf	[MsgId: MMSG-17999]
    2023-06-17 18:37:41.867 : User is logged out of session	[MsgId: MMSG-17999]
  2023-06-17 18:39:36.996 : IterationNum=131	[MsgId: MMSG-17999]
   USER 131 = user68:pwd68	[MsgId: MMSG-17999]
    2023-06-17 18:39:37.090 : Start page is opened	[MsgId: MMSG-17999]
    2023-06-17 18:39:43.441 : User is logged in with session 136655.259376266HAcQcAtpQAtVzzzHtcVHfpccQtcf	[MsgId: MMSG-17999]
    2023-06-17 18:39:48.707 : User is logged out of session	[MsgId: MMSG-17999]
  2023-06-17 18:41:42.997 : IterationNum=132	[MsgId: MMSG-17999]
   USER 132 = user68:pwd68	[MsgId: MMSG-17999]
    2023-06-17 18:41:43.091 : Start page is opened	[MsgId: MMSG-17999]
    2023-06-17 18:41:47.263 : User is logged in with session 136655.269582827HAcQcAfptcQVzzzHtcVHfpcDcfHf	[MsgId: MMSG-17999]
    2023-06-17 18:41:53.544 : User is logged out of session	[MsgId: MMSG-17999]
  2023-06-17 18:43:49.012 : IterationNum=133	[MsgId: MMSG-17999]
   USER 133 = user68:pwd68	[MsgId: MMSG-17999]
    2023-06-17 18:43:49.107 : Start page is opened	[MsgId: MMSG-17999]
    2023-06-17 18:43:52.984 : User is logged in with session 136655.279789388HAcQcAfpQftVzzzHtcVHfpcDfHcf	[MsgId: MMSG-17999]
    2023-06-17 18:43:57.657 : User is logged out of session	[MsgId: MMSG-17999]
  2023-06-17 18:45:55.022 : IterationNum=134	[MsgId: MMSG-17999]
   USER 134 = user68:pwd68	[MsgId: MMSG-17999]
    2023-06-17 18:45:55.115 : Start page is opened	[MsgId: MMSG-17999]
    2023-06-17 18:46:00.529 : User is logged in with session 136655.28999595HAcQcAzptHQVzzzHtcVHfpcDiiHf	[MsgId: MMSG-17999]
    2023-06-17 18:46:06.557 : User is logged out of session	[MsgId: MMSG-17999]
  2023-06-17 18:48:01.036 : IterationNum=135	[MsgId: MMSG-17999]
   USER 135 = user68:pwd68	[MsgId: MMSG-17999]
    2023-06-17 18:48:01.130 : Start page is opened	[MsgId: MMSG-17999]
    2023-06-17 18:48:06.476 : User is logged in with session 136655.300202511HAcQcAHpAAtVzzzHtcVHfpctcAcf	[MsgId: MMSG-17999]
    2023-06-17 18:48:10.539 : User is logged out of session	[MsgId: MMSG-17999]
  2023-06-17 18:50:07.040 : IterationNum=136	[MsgId: MMSG-17999]
   USER 136 = user68:pwd68	[MsgId: MMSG-17999]
    2023-06-17 18:50:07.135 : Start page is opened	[MsgId: MMSG-17999]
    2023-06-17 18:50:12.910 : User is logged in with session 136655.310409073HAcQcAHpfcQVzzzHtcVHfpctfVHf	[MsgId: MMSG-17999]
    2023-06-17 18:50:18.473 : User is logged out of session	[MsgId: MMSG-17999]
  2023-06-17 18:52:13.045 : IterationNum=137	[MsgId: MMSG-17999]
   USER 137 = user68:pwd68	[MsgId: MMSG-17999]
    2023-06-17 18:52:13.139 : Start page is opened	[MsgId: MMSG-17999]
    2023-06-17 18:52:19.324 : User is logged in with session 136655.320615634HAcQcAipAftVzzzHtcVHfpctiDcf	[MsgId: MMSG-17999]
    2023-06-17 18:52:24.112 : User is logged out of session	[MsgId: MMSG-17999]
  2023-06-17 18:54:19.058 : IterationNum=138	[MsgId: MMSG-17999]
   USER 138 = user68:pwd68	[MsgId: MMSG-17999]
    2023-06-17 18:54:19.151 : Start page is opened	[MsgId: MMSG-17999]
    2023-06-17 18:54:25.126 : User is logged in with session 136655.330822195HAcQcAipfHQVzzzHtcVHfpcfVtHf	[MsgId: MMSG-17999]
    2023-06-17 18:54:30.526 : User is logged out of session	[MsgId: MMSG-17999]
  2023-06-17 18:56:25.069 : IterationNum=139	[MsgId: MMSG-17999]
   USER 139 = user68:pwd68	[MsgId: MMSG-17999]
    2023-06-17 18:56:25.163 : Start page is opened	[MsgId: MMSG-17999]
    2023-06-17 18:56:29.485 : User is logged in with session 136655.341028757HAcQcAQpVAtVzzzHtcVHfpcftzcf	[MsgId: MMSG-17999]
    2023-06-17 18:56:35.699 : User is logged out of session	[MsgId: MMSG-17999]
  2023-06-17 18:58:31.069 : IterationNum=140	[MsgId: MMSG-17999]
   USER 140 = user68:pwd68	[MsgId: MMSG-17999]
    2023-06-17 18:58:31.164 : Start page is opened	[MsgId: MMSG-17999]
    2023-06-17 18:58:36.739 : User is logged in with session 136655.351235318HAcQcAQpzcQVzzzHtcVHfpcfHHHf	[MsgId: MMSG-17999]
    2023-06-17 18:58:42.022 : User is logged out of session	[MsgId: MMSG-17999]
  2023-06-17 19:00:37.074 : IterationNum=141	[MsgId: MMSG-17999]
   USER 141 = user68:pwd68	[MsgId: MMSG-17999]
    2023-06-17 19:00:37.168 : Start page is opened	[MsgId: MMSG-17999]
    2023-06-17 19:00:42.965 : User is logged in with session 136655.361441879HAcQcVApVftVzzzHtcVHfpczAQcf	[MsgId: MMSG-17999]
    2023-06-17 19:00:46.862 : User is logged out of session	[MsgId: MMSG-17999]
  2023-06-17 19:02:43.084 : IterationNum=142	[MsgId: MMSG-17999]
   USER 142 = user68:pwd68	[MsgId: MMSG-17999]
    2023-06-17 19:02:43.177 : Start page is opened	[MsgId: MMSG-17999]
    2023-06-17 19:02:48.916 : User is logged in with session 136655.371648441HAcQcVApzHQVzzzHtcVHfpcztAHf	[MsgId: MMSG-17999]
    2023-06-17 19:02:52.843 : User is logged out of session	[MsgId: MMSG-17999]
  2023-06-17 19:04:49.093 : IterationNum=143	[MsgId: MMSG-17999]
   USER 143 = user68:pwd68	[MsgId: MMSG-17999]
    2023-06-17 19:04:49.187 : Start page is opened	[MsgId: MMSG-17999]
    2023-06-17 19:04:54.282 : User is logged in with session 136655.381855002HAcQcVVpcAtVzzzHtcVHfpczHccf	[MsgId: MMSG-17999]
    2023-06-17 19:04:58.726 : User is logged out of session	[MsgId: MMSG-17999]
  2023-06-17 19:06:55.102 : IterationNum=144	[MsgId: MMSG-17999]
   USER 144 = user68:pwd68	[MsgId: MMSG-17999]
    2023-06-17 19:06:55.197 : Start page is opened	[MsgId: MMSG-17999]
    2023-06-17 19:07:00.803 : User is logged in with session 136655.392061563HAcQcVVpHcQVzzzHtcVHfpcHADHf	[MsgId: MMSG-17999]
    2023-06-17 19:07:06.500 : User is logged out of session	[MsgId: MMSG-17999]
  2023-06-17 19:09:01.116 : IterationNum=145	[MsgId: MMSG-17999]
   USER 145 = user68:pwd68	[MsgId: MMSG-17999]
    2023-06-17 19:09:01.211 : Start page is opened	[MsgId: MMSG-17999]
    2023-06-17 19:09:07.016 : User is logged in with session 136655.402268125HAcQcVcpcftVzzzHtcVHfpcHDfcf	[MsgId: MMSG-17999]
    2023-06-17 19:09:12.241 : User is logged out of session	[MsgId: MMSG-17999]
  2023-06-17 19:11:07.119 : IterationNum=146	[MsgId: MMSG-17999]
   USER 146 = user68:pwd68	[MsgId: MMSG-17999]
    2023-06-17 19:11:07.214 : Start page is opened	[MsgId: MMSG-17999]
    2023-06-17 19:11:12.714 : User is logged in with session 136655.412474686HAcQcVcpHHQVzzzHtcVHfpcHzzHf	[MsgId: MMSG-17999]
    2023-06-17 19:11:18.875 : User is logged out of session	[MsgId: MMSG-17999]
  2023-06-17 19:13:13.126 : IterationNum=147	[MsgId: MMSG-17999]
   USER 147 = user68:pwd68	[MsgId: MMSG-17999]
    2023-06-17 19:13:13.222 : Start page is opened	[MsgId: MMSG-17999]
    2023-06-17 19:13:17.779 : User is logged in with session 136655.422681247HAcQcVDpDAtVzzzHtcVHfpcHQicf	[MsgId: MMSG-17999]
    2023-06-17 19:13:22.419 : User is logged out of session	[MsgId: MMSG-17999]
  2023-06-17 19:15:19.137 : IterationNum=148	[MsgId: MMSG-17999]
   USER 148 = user68:pwd68	[MsgId: MMSG-17999]
    2023-06-17 19:15:19.231 : Start page is opened	[MsgId: MMSG-17999]
    2023-06-17 19:15:25.237 : User is logged in with session 136655.432887809HAcQcVDpicQVzzzHtcVHfpcicQHf	[MsgId: MMSG-17999]
    2023-06-17 19:15:30.433 : User is logged out of session	[MsgId: MMSG-17999]
  2023-06-17 19:17:25.145 : IterationNum=149	[MsgId: MMSG-17999]
   USER 149 = user68:pwd68	[MsgId: MMSG-17999]
    2023-06-17 19:17:25.240 : Start page is opened	[MsgId: MMSG-17999]
    2023-06-17 19:17:30.676 : User is logged in with session 136655.44309437HAcQcVtpDftVzzzHtcVHfpcizVcf	[MsgId: MMSG-17999]
    2023-06-17 19:17:35.420 : User is logged out of session	[MsgId: MMSG-17999]
  2023-06-17 19:19:31.151 : IterationNum=150	[MsgId: MMSG-17999]
   USER 150 = user68:pwd68	[MsgId: MMSG-17999]
    2023-06-17 19:19:31.244 : Start page is opened	[MsgId: MMSG-17999]
    2023-06-17 19:19:37.242 : User is logged in with session 136655.453300932HAcQcVtpiHQVzzzHtcVHfpciQcHf	[MsgId: MMSG-17999]
    2023-06-17 19:19:41.904 : User is logged out of session	[MsgId: MMSG-17999]
  2023-06-17 19:21:37.153 : IterationNum=151	[MsgId: MMSG-17999]
   USER 151 = user68:pwd68	[MsgId: MMSG-17999]
    2023-06-17 19:21:37.246 : Start page is opened	[MsgId: MMSG-17999]
    2023-06-17 19:21:41.532 : User is logged in with session 136655.463507493HAcQcVfptAtVzzzHtcVHfpcQctcf	[MsgId: MMSG-17999]
    2023-06-17 19:21:46.403 : User is logged out of session	[MsgId: MMSG-17999]
  2023-06-17 19:23:43.158 : IterationNum=152	[MsgId: MMSG-17999]
   USER 152 = user68:pwd68	[MsgId: MMSG-17999]
    2023-06-17 19:23:43.252 : Start page is opened	[MsgId: MMSG-17999]
    2023-06-17 19:23:49.196 : User is logged in with session 136655.473714054HAcQcVfpQcQVzzzHtcVHfpcQffHf	[MsgId: MMSG-17999]
    2023-06-17 19:23:54.621 : User is logged out of session	[MsgId: MMSG-17999]
  2023-06-17 19:25:49.163 : IterationNum=153	[MsgId: MMSG-17999]
   USER 153 = user68:pwd68	[MsgId: MMSG-17999]
    2023-06-17 19:25:49.256 : Start page is opened	[MsgId: MMSG-17999]
    2023-06-17 19:25:53.590 : User is logged in with session 136655.483920616HAcQcVzptftVzzzHtcVHfpcQiHcf	[MsgId: MMSG-17999]
    2023-06-17 19:25:58.390 : User is logged out of session	[MsgId: MMSG-17999]
  2023-06-17 19:27:55.171 : IterationNum=154	[MsgId: MMSG-17999]
   USER 154 = user68:pwd68	[MsgId: MMSG-17999]
    2023-06-17 19:27:55.265 : Start page is opened	[MsgId: MMSG-17999]
    2023-06-17 19:28:01.013 : User is logged in with session 136655.494127177HAcQcVzpQHQVzzzHtcVHfpDAViHf	[MsgId: MMSG-17999]
    2023-06-17 19:28:06.175 : User is logged out of session	[MsgId: MMSG-17999]
  2023-06-17 19:30:01.179 : IterationNum=155	[MsgId: MMSG-17999]
   USER 155 = user68:pwd68	[MsgId: MMSG-17999]
    2023-06-17 19:30:01.273 : Start page is opened	[MsgId: MMSG-17999]
    2023-06-17 19:30:05.169 : User is logged in with session 136655.504333738HAcQcVHpfAtVzzzHtcVHfpDAfAcf	[MsgId: MMSG-17999]
    2023-06-17 19:30:11.475 : User is logged out of session	[MsgId: MMSG-17999]
  2023-06-17 19:32:07.184 : IterationNum=156	[MsgId: MMSG-17999]
   USER 156 = user68:pwd68	[MsgId: MMSG-17999]
    2023-06-17 19:32:07.279 : Start page is opened	[MsgId: MMSG-17999]
    2023-06-17 19:32:11.949 : User is logged in with session 136655.5145403HAcQcVipAcQVzzzHtcVHfpDAiVHf	[MsgId: MMSG-17999]
    2023-06-17 19:32:15.825 : User is logged out of session	[MsgId: MMSG-17999]
  2023-06-17 19:34:13.189 : IterationNum=157	[MsgId: MMSG-17999]
   USER 157 = user68:pwd68	[MsgId: MMSG-17999]
    2023-06-17 19:34:13.283 : Start page is opened	[MsgId: MMSG-17999]
    2023-06-17 19:34:18.415 : User is logged in with session 136655.524746861HAcQcVipfftVzzzHtcVHfpDVVDcf	[MsgId: MMSG-17999]
    2023-06-17 19:34:23.878 : User is logged out of session	[MsgId: MMSG-17999]
  2023-06-17 19:36:19.201 : IterationNum=158	[MsgId: MMSG-17999]
   USER 158 = user68:pwd68	[MsgId: MMSG-17999]
    2023-06-17 19:36:19.295 : Start page is opened	[MsgId: MMSG-17999]
    2023-06-17 19:36:25.119 : User is logged in with session 136655.534953422HAcQcVQpAHQVzzzHtcVHfpDVttHf	[MsgId: MMSG-17999]
    2023-06-17 19:36:29.984 : User is logged out of session	[MsgId: MMSG-17999]
  2023-06-17 19:38:25.216 : IterationNum=159	[MsgId: MMSG-17999]
   USER 159 = user68:pwd68	[MsgId: MMSG-17999]
    2023-06-17 19:38:25.310 : Start page is opened	[MsgId: MMSG-17999]
    2023-06-17 19:38:31.624 : User is logged in with session 136655.545159984HAcQcVQpzAtVzzzHtcVHfpDVHzcf	[MsgId: MMSG-17999]
    2023-06-17 19:38:36.186 : User is logged out of session	[MsgId: MMSG-17999]
  2023-06-17 19:40:31.221 : IterationNum=160	[MsgId: MMSG-17999]
   USER 160 = user68:pwd68	[MsgId: MMSG-17999]
    2023-06-17 19:40:31.316 : Start page is opened	[MsgId: MMSG-17999]
    2023-06-17 19:40:36.477 : User is logged in with session 136655.555366545HAcQccApVcQVzzzHtcVHfpDcAHHf	[MsgId: MMSG-17999]
    2023-06-17 19:40:40.678 : User is logged out of session	[MsgId: MMSG-17999]
  2023-06-17 19:42:37.230 : IterationNum=161	[MsgId: MMSG-17999]
   USER 161 = user68:pwd68	[MsgId: MMSG-17999]
    2023-06-17 19:42:37.324 : Start page is opened	[MsgId: MMSG-17999]
    2023-06-17 19:42:43.432 : User is logged in with session 136655.565573107HAcQccApzftVzzzHtcVHfpDcDQcf	[MsgId: MMSG-17999]
    2023-06-17 19:42:49.770 : User is logged out of session	[MsgId: MMSG-17999]
  2023-06-17 19:44:43.232 : IterationNum=162	[MsgId: MMSG-17999]
   USER 162 = user68:pwd68	[MsgId: MMSG-17999]
    2023-06-17 19:44:43.325 : Start page is opened	[MsgId: MMSG-17999]
    2023-06-17 19:44:48.307 : User is logged in with session 136655.575779668HAcQccVpVHQVzzzHtcVHfpDcHAHf	[MsgId: MMSG-17999]
    2023-06-17 19:44:52.529 : User is logged out of session	[MsgId: MMSG-17999]
  2023-06-17 19:46:49.242 : IterationNum=163	[MsgId: MMSG-17999]
   USER 163 = user68:pwd68	[MsgId: MMSG-17999]
    2023-06-17 19:46:49.336 : Start page is opened	[MsgId: MMSG-17999]
    2023-06-17 19:46:54.743 : User is logged in with session 136655.585986229HAcQccVpHAtVzzzHtcVHfpDDAccf	[MsgId: MMSG-17999]
    2023-06-17 19:47:00.496 : User is logged out of session	[MsgId: MMSG-17999]
  2023-06-17 19:48:55.245 : IterationNum=164	[MsgId: MMSG-17999]
   USER 164 = user68:pwd68	[MsgId: MMSG-17999]
    2023-06-17 19:48:55.340 : Start page is opened	[MsgId: MMSG-17999]
    2023-06-17 19:49:01.664 : User is logged in with session 136655.596192791HAcQcccpccQVzzzHtcVHfpDDDDHf	[MsgId: MMSG-17999]
    2023-06-17 19:49:07.831 : User is logged out of session	[MsgId: MMSG-17999]
  2023-06-17 19:51:01.246 : IterationNum=165	[MsgId: MMSG-17999]
   USER 165 = user68:pwd68	[MsgId: MMSG-17999]
    2023-06-17 19:51:01.341 : Start page is opened	[MsgId: MMSG-17999]
    2023-06-17 19:51:07.171 : User is logged in with session 136655.606399352HAcQcccpHftVzzzHtcVHfpDDzfcf	[MsgId: MMSG-17999]
    2023-06-17 19:51:12.122 : User is logged out of session	[MsgId: MMSG-17999]
  2023-06-17 19:53:07.259 : IterationNum=166	[MsgId: MMSG-17999]
   USER 166 = user68:pwd68	[MsgId: MMSG-17999]
    2023-06-17 19:53:07.353 : Start page is opened	[MsgId: MMSG-17999]
    2023-06-17 19:53:12.700 : User is logged in with session 136655.616605913HAcQccDpcHQVzzzHtcVHfpDDQzHf	[MsgId: MMSG-17999]
    2023-06-17 19:53:17.464 : User is logged out of session	[MsgId: MMSG-17999]
  2023-06-17 19:55:13.262 : IterationNum=167	[MsgId: MMSG-17999]
   USER 167 = user68:pwd68	[MsgId: MMSG-17999]
    2023-06-17 19:55:13.355 : Start page is opened	[MsgId: MMSG-17999]
    2023-06-17 19:55:18.248 : User is logged in with session 136655.626812475HAcQccDpiAtVzzzHtcVHfpDtcicf	[MsgId: MMSG-17999]
    2023-06-17 19:55:24.626 : User is logged out of session	[MsgId: MMSG-17999]
  2023-06-17 19:57:19.272 : IterationNum=168	[MsgId: MMSG-17999]
   USER 168 = user68:pwd68	[MsgId: MMSG-17999]
    2023-06-17 19:57:19.366 : Start page is opened	[MsgId: MMSG-17999]
    2023-06-17 19:57:25.642 : User is logged in with session 136655.637019036HAcQcctpDcQVzzzHtcVHfpDtfQHf	[MsgId: MMSG-17999]
    2023-06-17 19:57:30.033 : User is logged out of session	[MsgId: MMSG-17999]
  2023-06-17 19:59:25.285 : IterationNum=169	[MsgId: MMSG-17999]
   USER 169 = user68:pwd68	[MsgId: MMSG-17999]
    2023-06-17 19:59:25.379 : Start page is opened	[MsgId: MMSG-17999]
    2023-06-17 19:59:30.671 : User is logged in with session 136655.647225597HAcQcctpiftVzzzHtcVHfpDtQVcf	[MsgId: MMSG-17999]
    2023-06-17 19:59:36.840 : User is logged out of session	[MsgId: MMSG-17999]
  2023-06-17 20:01:31.290 : IterationNum=170	[MsgId: MMSG-17999]
   USER 170 = user68:pwd68	[MsgId: MMSG-17999]
    2023-06-17 20:01:31.382 : Start page is opened	[MsgId: MMSG-17999]
    2023-06-17 20:01:37.674 : User is logged in with session 136655.657432159HAcQccfpDHQVzzzHtcVHfpDfccHf	[MsgId: MMSG-17999]
    2023-06-17 20:01:41.856 : User is logged out of session	[MsgId: MMSG-17999]
  2023-06-17 20:03:37.299 : IterationNum=171	[MsgId: MMSG-17999]
   USER 171 = user68:pwd68	[MsgId: MMSG-17999]
    2023-06-17 20:03:37.393 : Start page is opened	[MsgId: MMSG-17999]
    2023-06-17 20:03:42.841 : User is logged in with session 136655.66763872HAcQccfpQAtVzzzHtcVHfpDfftcf	[MsgId: MMSG-17999]
    2023-06-17 20:03:49.159 : User is logged out of session	[MsgId: MMSG-17999]
  2023-06-17 20:05:43.303 : IterationNum=172	[MsgId: MMSG-17999]
   USER 172 = user68:pwd68	[MsgId: MMSG-17999]
    2023-06-17 20:05:43.398 : Start page is opened	[MsgId: MMSG-17999]
    2023-06-17 20:05:48.440 : User is logged in with session 136655.677845281HAcQcczptcQVzzzHtcVHfpDfifHf	[MsgId: MMSG-17999]
    2023-06-17 20:05:53.446 : User is logged out of session	[MsgId: MMSG-17999]
  2023-06-17 20:07:49.314 : IterationNum=173	[MsgId: MMSG-17999]
   USER 173 = user68:pwd68	[MsgId: MMSG-17999]
    2023-06-17 20:07:49.409 : Start page is opened	[MsgId: MMSG-17999]
    2023-06-17 20:07:53.316 : User is logged in with session 136655.688051843HAcQcczpQftVzzzHtcVHfpDzVHcf	[MsgId: MMSG-17999]
    2023-06-17 20:07:59.542 : User is logged out of session	[MsgId: MMSG-17999]
  2023-06-17 20:09:55.321 : IterationNum=174	[MsgId: MMSG-17999]
   USER 174 = user68:pwd68	[MsgId: MMSG-17999]
    2023-06-17 20:09:55.414 : Start page is opened	[MsgId: MMSG-17999]
    2023-06-17 20:10:00.651 : User is logged in with session 136655.698258404HAcQccHptHQVzzzHtcVHfpDztiHf	[MsgId: MMSG-17999]
    2023-06-17 20:10:04.575 : User is logged out of session	[MsgId: MMSG-17999]
  2023-06-17 20:12:01.325 : IterationNum=175	[MsgId: MMSG-17999]
   USER 175 = user68:pwd68	[MsgId: MMSG-17999]
    2023-06-17 20:12:01.417 : Start page is opened	[MsgId: MMSG-17999]
    2023-06-17 20:12:06.623 : User is logged in with session 136655.708464966HAcQccipAAtVzzzHtcVHfpDziAcf	[MsgId: MMSG-17999]
    2023-06-17 20:12:11.353 : User is logged out of session	[MsgId: MMSG-17999]
  2023-06-17 20:14:07.327 : IterationNum=176	[MsgId: MMSG-17999]
   USER 176 = user68:pwd68	[MsgId: MMSG-17999]
    2023-06-17 20:14:07.421 : Start page is opened	[MsgId: MMSG-17999]
    2023-06-17 20:14:11.777 : User is logged in with session 136655.718671527HAcQccipfcQVzzzHtcVHfpDHVVHf	[MsgId: MMSG-17999]
    2023-06-17 20:14:16.466 : User is logged out of session	[MsgId: MMSG-17999]
  2023-06-17 20:16:13.343 : IterationNum=177	[MsgId: MMSG-17999]
   USER 177 = user68:pwd68	[MsgId: MMSG-17999]
    2023-06-17 20:16:13.438 : Start page is opened	[MsgId: MMSG-17999]
    2023-06-17 20:16:17.772 : User is logged in with session 136655.728878088HAcQccQpAftVzzzHtcVHfpDHtDcf	[MsgId: MMSG-17999]
    2023-06-17 20:16:23.607 : User is logged out of session	[MsgId: MMSG-17999]
  2023-06-17 20:18:19.354 : IterationNum=178	[MsgId: MMSG-17999]
   USER 178 = user68:pwd68	[MsgId: MMSG-17999]
    2023-06-17 20:18:19.448 : Start page is opened	[MsgId: MMSG-17999]
    2023-06-17 20:18:25.439 : User is logged in with session 136655.73908465HAcQccQpfHQVzzzHtcVHfpDHHtHf	[MsgId: MMSG-17999]
    2023-06-17 20:18:31.545 : User is logged out of session	[MsgId: MMSG-17999]
  2023-06-17 20:20:25.369 : IterationNum=179	[MsgId: MMSG-17999]
   USER 179 = user68:pwd68	[MsgId: MMSG-17999]
    2023-06-17 20:20:25.463 : Start page is opened	[MsgId: MMSG-17999]
    2023-06-17 20:20:31.615 : User is logged in with session 136655.749291211HAcQcDApVAtVzzzHtcVHfpDiAzcf	[MsgId: MMSG-17999]
    2023-06-17 20:20:37.398 : User is logged out of session	[MsgId: MMSG-17999]
  2023-06-17 20:22:31.372 : IterationNum=180	[MsgId: MMSG-17999]
   USER 180 = user68:pwd68	[MsgId: MMSG-17999]
    2023-06-17 20:22:31.466 : Start page is opened	[MsgId: MMSG-17999]
    2023-06-17 20:22:37.128 : User is logged in with session 136655.759497772HAcQcDApzcQVzzzHtcVHfpDiDHHf	[MsgId: MMSG-17999]
    2023-06-17 20:22:43.181 : User is logged out of session	[MsgId: MMSG-17999]
  2023-06-17 20:24:37.375 : IterationNum=181	[MsgId: MMSG-17999]
   USER 181 = user68:pwd68	[MsgId: MMSG-17999]
    2023-06-17 20:24:37.469 : Start page is opened	[MsgId: MMSG-17999]
    2023-06-17 20:24:41.429 : User is logged in with session 136655.769704334HAcQcDVpVftVzzzHtcVHfpDizQcf	[MsgId: MMSG-17999]
    2023-06-17 20:24:45.577 : User is logged out of session	[MsgId: MMSG-17999]
  2023-06-17 20:26:43.387 : IterationNum=182	[MsgId: MMSG-17999]
   USER 182 = user68:pwd68	[MsgId: MMSG-17999]
    2023-06-17 20:26:43.482 : Start page is opened	[MsgId: MMSG-17999]
    2023-06-17 20:26:48.634 : User is logged in with session 136655.779910895HAcQcDVpzHQVzzzHtcVHfpDQAAHf	[MsgId: MMSG-17999]
    2023-06-17 20:26:54.951 : User is logged out of session	[MsgId: MMSG-17999]
  2023-06-17 20:28:49.399 : IterationNum=183	[MsgId: MMSG-17999]
   USER 183 = user68:pwd68	[MsgId: MMSG-17999]
    2023-06-17 20:28:49.493 : Start page is opened	[MsgId: MMSG-17999]
    2023-06-17 20:28:55.492 : User is logged in with session 136655.790117456HAcQcDcpcAtVzzzHtcVHfpDQDccf	[MsgId: MMSG-17999]
    2023-06-17 20:28:59.843 : User is logged out of session	[MsgId: MMSG-17999]
  2023-06-17 20:30:55.412 : IterationNum=184	[MsgId: MMSG-17999]
   USER 184 = user68:pwd68	[MsgId: MMSG-17999]
    2023-06-17 20:30:55.505 : Start page is opened	[MsgId: MMSG-17999]
    2023-06-17 20:31:00.609 : User is logged in with session 136655.800324018HAcQcDcpHcQVzzzHtcVHfpDQzDHf	[MsgId: MMSG-17999]
    2023-06-17 20:31:05.514 : User is logged out of session	[MsgId: MMSG-17999]
  2023-06-17 20:33:01.418 : IterationNum=185	[MsgId: MMSG-17999]
   USER 185 = user68:pwd68	[MsgId: MMSG-17999]
    2023-06-17 20:33:01.513 : Start page is opened	[MsgId: MMSG-17999]
    2023-06-17 20:33:06.474 : User is logged in with session 136655.810530579HAcQcDDpcftVzzzHtcVHfpDQQfcf	[MsgId: MMSG-17999]
    2023-06-17 20:33:10.758 : User is logged out of session	[MsgId: MMSG-17999]
  2023-06-17 20:35:07.430 : IterationNum=186	[MsgId: MMSG-17999]
   USER 186 = user68:pwd68	[MsgId: MMSG-17999]
    2023-06-17 20:35:07.524 : Start page is opened	[MsgId: MMSG-17999]
    2023-06-17 20:35:12.532 : User is logged in with session 136655.820737141HAcQcDDpHHQVzzzHtcVHfptAczHf	[MsgId: MMSG-17999]
    2023-06-17 20:35:18.305 : User is logged out of session	[MsgId: MMSG-17999]
  2023-06-17 20:37:13.432 : IterationNum=187	[MsgId: MMSG-17999]
   USER 187 = user68:pwd68	[MsgId: MMSG-17999]
    2023-06-17 20:37:13.526 : Start page is opened	[MsgId: MMSG-17999]
    2023-06-17 20:37:19.325 : User is logged in with session 136655.830943702HAcQcDtpDAtVzzzHtcVHfptAficf	[MsgId: MMSG-17999]
    2023-06-17 20:37:24.325 : User is logged out of session	[MsgId: MMSG-17999]
  2023-06-17 20:39:19.447 : IterationNum=188	[MsgId: MMSG-17999]
   USER 188 = user68:pwd68	[MsgId: MMSG-17999]
    2023-06-17 20:39:19.541 : Start page is opened	[MsgId: MMSG-17999]
    2023-06-17 20:39:24.072 : User is logged in with session 136655.841150263HAcQcDtpicQVzzzHtcVHfptAiQHf	[MsgId: MMSG-17999]
    2023-06-17 20:39:28.582 : User is logged out of session	[MsgId: MMSG-17999]
  2023-06-17 20:41:25.459 : IterationNum=189	[MsgId: MMSG-17999]
   USER 189 = user68:pwd68	[MsgId: MMSG-17999]
    2023-06-17 20:41:25.555 : Start page is opened	[MsgId: MMSG-17999]
    2023-06-17 20:41:30.185 : User is logged in with session 136655.851356825HAcQcDfpDftVzzzHtcVHfptVcVcf	[MsgId: MMSG-17999]
    2023-06-17 20:41:35.433 : User is logged out of session	[MsgId: MMSG-17999]
  2023-06-17 20:43:31.472 : IterationNum=190	[MsgId: MMSG-17999]
   USER 190 = user68:pwd68	[MsgId: MMSG-17999]
    2023-06-17 20:43:31.566 : Start page is opened	[MsgId: MMSG-17999]
    2023-06-17 20:43:37.397 : User is logged in with session 136655.861563386HAcQcDfpiHQVzzzHtcVHfptVfcHf	[MsgId: MMSG-17999]
    2023-06-17 20:43:41.338 : User is logged out of session	[MsgId: MMSG-17999]
  2023-06-17 20:45:37.476 : IterationNum=191	[MsgId: MMSG-17999]
   USER 191 = user68:pwd68	[MsgId: MMSG-17999]
    2023-06-17 20:45:37.571 : Start page is opened	[MsgId: MMSG-17999]
    2023-06-17 20:45:43.594 : User is logged in with session 136655.871769947HAcQcDzptAtVzzzHtcVHfptVitcf	[MsgId: MMSG-17999]
    2023-06-17 20:45:48.768 : User is logged out of session	[MsgId: MMSG-17999]
  2023-06-17 20:47:43.491 : IterationNum=192	[MsgId: MMSG-17999]
   USER 192 = user68:pwd68	[MsgId: MMSG-17999]
    2023-06-17 20:47:43.585 : Start page is opened	[MsgId: MMSG-17999]
    2023-06-17 20:47:47.634 : User is logged in with session 136655.881976509HAcQcDzpQcQVzzzHtcVHfptcVfHf	[MsgId: MMSG-17999]
    2023-06-17 20:47:52.999 : User is logged out of session	[MsgId: MMSG-17999]
  2023-06-17 20:49:49.505 : IterationNum=193	[MsgId: MMSG-17999]
   USER 193 = user68:pwd68	[MsgId: MMSG-17999]
    2023-06-17 20:49:49.600 : Start page is opened	[MsgId: MMSG-17999]
    2023-06-17 20:49:53.925 : User is logged in with session 136655.89218307HAcQcDHptftVzzzHtcVHfptctHcf	[MsgId: MMSG-17999]
    2023-06-17 20:49:59.512 : User is logged out of session	[MsgId: MMSG-17999]
  2023-06-17 20:51:55.517 : IterationNum=194	[MsgId: MMSG-17999]
   USER 194 = user68:pwd68	[MsgId: MMSG-17999]
    2023-06-17 20:51:55.611 : Start page is opened	[MsgId: MMSG-17999]
    2023-06-17 20:52:01.451 : User is logged in with session 136655.902389631HAcQcDHpQHQVzzzHtcVHfptcHiHf	[MsgId: MMSG-17999]
    2023-06-17 20:52:06.801 : User is logged out of session	[MsgId: MMSG-17999]
  2023-06-17 20:54:01.530 : IterationNum=195	[MsgId: MMSG-17999]
   USER 195 = user68:pwd68	[MsgId: MMSG-17999]
    2023-06-17 20:54:01.624 : Start page is opened	[MsgId: MMSG-17999]
    2023-06-17 20:54:07.087 : User is logged in with session 136655.912596193HAcQcDipfAtVzzzHtcVHfptDVAcf	[MsgId: MMSG-17999]
    2023-06-17 20:54:11.194 : User is logged out of session	[MsgId: MMSG-17999]
  2023-06-17 20:56:07.536 : IterationNum=196	[MsgId: MMSG-17999]
   USER 196 = user68:pwd68	[MsgId: MMSG-17999]
    2023-06-17 20:56:07.631 : Start page is opened	[MsgId: MMSG-17999]
    2023-06-17 20:56:13.250 : User is logged in with session 136655.922802754HAcQcDQpAcQVzzzHtcVHfptDtVHf	[MsgId: MMSG-17999]
    2023-06-17 20:56:19.334 : User is logged out of session	[MsgId: MMSG-17999]
  2023-06-17 20:58:13.549 : IterationNum=197	[MsgId: MMSG-17999]
   USER 197 = user68:pwd68	[MsgId: MMSG-17999]
    2023-06-17 20:58:13.644 : Start page is opened	[MsgId: MMSG-17999]
    2023-06-17 20:58:18.755 : User is logged in with session 136655.933009316HAcQcDQpfftVzzzHtcVHfptDHDcf	[MsgId: MMSG-17999]
    2023-06-17 20:58:23.718 : User is logged out of session	[MsgId: MMSG-17999]
  2023-06-17 21:00:19.554 : IterationNum=198	[MsgId: MMSG-17999]
   USER 198 = user68:pwd68	[MsgId: MMSG-17999]
    2023-06-17 21:00:19.649 : Start page is opened	[MsgId: MMSG-17999]
    2023-06-17 21:00:24.956 : User is logged in with session 136655.943215877HAcQctApAHQVzzzHtcVHfpttAtHf	[MsgId: MMSG-17999]
    2023-06-17 21:00:29.095 : User is logged out of session	[MsgId: MMSG-17999]
  2023-06-17 21:02:25.565 : IterationNum=199	[MsgId: MMSG-17999]
   USER 199 = user68:pwd68	[MsgId: MMSG-17999]
    2023-06-17 21:02:25.659 : Start page is opened	[MsgId: MMSG-17999]
    2023-06-17 21:02:31.053 : User is logged in with session 136655.953422438HAcQctApzAtVzzzHtcVHfpttDzcf	[MsgId: MMSG-17999]
    2023-06-17 21:02:34.973 : User is logged out of session	[MsgId: MMSG-17999]
  2023-06-17 21:04:31.577 : IterationNum=200	[MsgId: MMSG-17999]
   USER 200 = user68:pwd68	[MsgId: MMSG-17999]
    2023-06-17 21:04:31.672 : Start page is opened	[MsgId: MMSG-17999]
    2023-06-17 21:04:37.405 : User is logged in with session 136655.963629HAcQctVpVcQVzzzHtcVHfpttzHHf	[MsgId: MMSG-17999]
    2023-06-17 21:04:42.855 : User is logged out of session	[MsgId: MMSG-17999]
  2023-06-17 21:06:37.590 : IterationNum=201	[MsgId: MMSG-17999]
   USER 201 = user68:pwd68	[MsgId: MMSG-17999]
    2023-06-17 21:06:37.685 : Start page is opened	[MsgId: MMSG-17999]
    2023-06-17 21:06:42.191 : User is logged in with session 136655.973835561HAcQctVpzftVzzzHtcVHfpttQQcf	[MsgId: MMSG-17999]
    2023-06-17 21:06:47.294 : User is logged out of session	[MsgId: MMSG-17999]
  2023-06-17 21:08:43.596 : IterationNum=202	[MsgId: MMSG-17999]
   USER 202 = user68:pwd68	[MsgId: MMSG-17999]
    2023-06-17 21:08:43.691 : Start page is opened	[MsgId: MMSG-17999]
    2023-06-17 21:08:48.148 : User is logged in with session 136655.984042122HAcQctcpVHQVzzzHtcVHfptfDAHf	[MsgId: MMSG-17999]
    2023-06-17 21:08:53.700 : User is logged out of session	[MsgId: MMSG-17999]
  2023-06-17 21:10:49.607 : IterationNum=203	[MsgId: MMSG-17999]
   USER 203 = user68:pwd68	[MsgId: MMSG-17999]
    2023-06-17 21:10:49.700 : Start page is opened	[MsgId: MMSG-17999]
    2023-06-17 21:10:54.415 : User is logged in with session 136655.994248684HAcQctcpHAtVzzzHtcVHfptfzccf	[MsgId: MMSG-17999]
    2023-06-17 21:10:59.539 : User is logged out of session	[MsgId: MMSG-17999]
  2023-06-17 21:12:55.611 : IterationNum=204	[MsgId: MMSG-17999]
   USER 204 = user68:pwd68	[MsgId: MMSG-17999]
    2023-06-17 21:12:55.705 : Start page is opened	[MsgId: MMSG-17999]
    2023-06-17 21:12:59.783 : User is logged in with session 136656.004455245HAcQctDpccQVzzzHtcVHfptfQDHf	[MsgId: MMSG-17999]
    2023-06-17 21:13:03.880 : User is logged out of session	[MsgId: MMSG-17999]
  2023-06-17 21:15:01.622 : IterationNum=205	[MsgId: MMSG-17999]
   USER 205 = user68:pwd68	[MsgId: MMSG-17999]
    2023-06-17 21:15:01.716 : Start page is opened	[MsgId: MMSG-17999]
    2023-06-17 21:15:06.811 : User is logged in with session 136656.014661806HAcQctDpHftVzzzHtcVHfptzcfcf	[MsgId: MMSG-17999]
    2023-06-17 21:15:11.440 : User is logged out of session	[MsgId: MMSG-17999]
  2023-06-17 21:17:07.634 : IterationNum=206	[MsgId: MMSG-17999]
   USER 206 = user68:pwd68	[MsgId: MMSG-17999]
    2023-06-17 21:17:07.728 : Start page is opened	[MsgId: MMSG-17999]
    2023-06-17 21:17:13.413 : User is logged in with session 136656.024868368HAcQcttpcHQVzzzHtcVHfptzfzHf	[MsgId: MMSG-17999]
    2023-06-17 21:17:18.235 : User is logged out of session	[MsgId: MMSG-17999]
  2023-06-17 21:19:13.649 : IterationNum=207	[MsgId: MMSG-17999]
   USER 207 = user68:pwd68	[MsgId: MMSG-17999]
    2023-06-17 21:19:13.745 : Start page is opened	[MsgId: MMSG-17999]
    2023-06-17 21:19:18.250 : User is logged in with session 136656.035074929HAcQcttpiAtVzzzHtcVHfptziicf	[MsgId: MMSG-17999]
    2023-06-17 21:19:23.509 : User is logged out of session	[MsgId: MMSG-17999]
  2023-06-17 21:21:19.651 : IterationNum=208	[MsgId: MMSG-17999]
   USER 208 = user68:pwd68	[MsgId: MMSG-17999]
    2023-06-17 21:21:19.746 : Start page is opened	[MsgId: MMSG-17999]
    2023-06-17 21:21:23.951 : User is logged in with session 136656.04528149HAcQctfpDcQVzzzHtcVHfptHVQHf	[MsgId: MMSG-17999]
    2023-06-17 21:21:29.279 : User is logged out of session	[MsgId: MMSG-17999]
  2023-06-17 21:23:25.655 : IterationNum=209	[MsgId: MMSG-17999]
   USER 209 = user68:pwd68	[MsgId: MMSG-17999]
    2023-06-17 21:23:25.750 : Start page is opened	[MsgId: MMSG-17999]
    2023-06-17 21:23:30.884 : User is logged in with session 136656.055488052HAcQctfpiftVzzzHtcVHfptHfVcf	[MsgId: MMSG-17999]
    2023-06-17 21:23:37.196 : User is logged out of session	[MsgId: MMSG-17999]
  2023-06-17 21:25:31.667 : IterationNum=210	[MsgId: MMSG-17999]
   USER 210 = user68:pwd68	[MsgId: MMSG-17999]
    2023-06-17 21:25:31.761 : Start page is opened	[MsgId: MMSG-17999]
    2023-06-17 21:25:37.826 : User is logged in with session 136656.065694613HAcQctzpDHQVzzzHtcVHfptHicHf	[MsgId: MMSG-17999]
    2023-06-17 21:25:43.868 : User is logged out of session	[MsgId: MMSG-17999]
  2023-06-17 21:27:37.674 : IterationNum=211	[MsgId: MMSG-17999]
   USER 211 = user68:pwd68	[MsgId: MMSG-17999]
    2023-06-17 21:27:37.768 : Start page is opened	[MsgId: MMSG-17999]
    2023-06-17 21:27:42.011 : User is logged in with session 136656.075901175HAcQctzpQAtVzzzHtcVHfptiVtcf	[MsgId: MMSG-17999]
    2023-06-17 21:27:46.539 : User is logged out of session	[MsgId: MMSG-17999]
  2023-06-17 21:29:43.682 : IterationNum=212	[MsgId: MMSG-17999]
   USER 212 = user68:pwd68	[MsgId: MMSG-17999]
    2023-06-17 21:29:43.777 : Start page is opened	[MsgId: MMSG-17999]
    2023-06-17 21:29:50.089 : User is logged in with session 136656.086107736HAcQctHptcQVzzzHtcVHfptitfHf	[MsgId: MMSG-17999]
    2023-06-17 21:29:56.193 : User is logged out of session	[MsgId: MMSG-17999]
  2023-06-17 21:31:49.684 : IterationNum=213	[MsgId: MMSG-17999]
   USER 213 = user68:pwd68	[MsgId: MMSG-17999]
    2023-06-17 21:31:49.778 : Start page is opened	[MsgId: MMSG-17999]
    2023-06-17 21:31:55.614 : User is logged in with session 136656.096314297HAcQctHpQftVzzzHtcVHfptiHHcf	[MsgId: MMSG-17999]
    2023-06-17 21:32:01.802 : User is logged out of session	[MsgId: MMSG-17999]
  2023-06-17 21:33:55.685 : IterationNum=214	[MsgId: MMSG-17999]
   USER 214 = user68:pwd68	[MsgId: MMSG-17999]
    2023-06-17 21:33:55.779 : Start page is opened	[MsgId: MMSG-17999]
    2023-06-17 21:33:59.770 : User is logged in with session 136656.106520859HAcQctiptHQVzzzHtcVHfptQAiHf	[MsgId: MMSG-17999]
    2023-06-17 21:34:03.872 : User is logged out of session	[MsgId: MMSG-17999]
  2023-06-17 21:36:01.692 : IterationNum=215	[MsgId: MMSG-17999]
   USER 215 = user68:pwd68	[MsgId: MMSG-17999]
    2023-06-17 21:36:01.788 : Start page is opened	[MsgId: MMSG-17999]
    2023-06-17 21:36:07.313 : User is logged in with session 136656.11672742HAcQctQpAAtVzzzHtcVHfptQtAcf	[MsgId: MMSG-17999]
    2023-06-17 21:36:12.467 : User is logged out of session	[MsgId: MMSG-17999]
  2023-06-17 21:38:07.703 : IterationNum=216	[MsgId: MMSG-17999]
   USER 216 = user68:pwd68	[MsgId: MMSG-17999]
    2023-06-17 21:38:07.797 : Start page is opened	[MsgId: MMSG-17999]
    2023-06-17 21:38:13.968 : User is logged in with session 136656.126933981HAcQctQpfcQVzzzHtcVHfptQHVHf	[MsgId: MMSG-17999]
    2023-06-17 21:38:19.394 : User is logged out of session	[MsgId: MMSG-17999]
  2023-06-17 21:40:13.705 : IterationNum=217	[MsgId: MMSG-17999]
   USER 217 = user68:pwd68	[MsgId: MMSG-17999]
    2023-06-17 21:40:13.800 : Start page is opened	[MsgId: MMSG-17999]
    2023-06-17 21:40:20.004 : User is logged in with session 136656.137140543HAcQcfApAftVzzzHtcVHfpfAADcf	[MsgId: MMSG-17999]
    2023-06-17 21:40:25.205 : User is logged out of session	[MsgId: MMSG-17999]
  2023-06-17 21:42:19.706 : IterationNum=218	[MsgId: MMSG-17999]
   USER 218 = user68:pwd68	[MsgId: MMSG-17999]
    2023-06-17 21:42:19.801 : Start page is opened	[MsgId: MMSG-17999]
    2023-06-17 21:42:24.676 : User is logged in with session 136656.147347104HAcQcfApfHQVzzzHtcVHfpfADtHf	[MsgId: MMSG-17999]
    2023-06-17 21:42:30.125 : User is logged out of session	[MsgId: MMSG-17999]
  2023-06-17 21:44:25.718 : IterationNum=219	[MsgId: MMSG-17999]
   USER 219 = user68:pwd68	[MsgId: MMSG-17999]
    2023-06-17 21:44:25.813 : Start page is opened	[MsgId: MMSG-17999]
    2023-06-17 21:44:30.479 : User is logged in with session 136656.157553665HAcQcfVpVAtVzzzHtcVHfpfAzzcf	[MsgId: MMSG-17999]
    2023-06-17 21:44:36.300 : User is logged out of session	[MsgId: MMSG-17999]
  2023-06-17 21:46:31.730 : IterationNum=220	[MsgId: MMSG-17999]
   USER 220 = user68:pwd68	[MsgId: MMSG-17999]
    2023-06-17 21:46:31.824 : Start page is opened	[MsgId: MMSG-17999]
    2023-06-17 21:46:37.854 : User is logged in with session 136656.167760227HAcQcfVpzcQVzzzHtcVHfpfAQHHf	[MsgId: MMSG-17999]
    2023-06-17 21:46:41.799 : User is logged out of session	[MsgId: MMSG-17999]
  2023-06-17 21:48:37.735 : IterationNum=221	[MsgId: MMSG-17999]
   USER 221 = user68:pwd68	[MsgId: MMSG-17999]
    2023-06-17 21:48:37.830 : Start page is opened	[MsgId: MMSG-17999]
    2023-06-17 21:48:42.097 : User is logged in with session 136656.177966788HAcQcfcpVftVzzzHtcVHfpfVcQcf	[MsgId: MMSG-17999]
    2023-06-17 21:48:46.933 : User is logged out of session	[MsgId: MMSG-17999]
  2023-06-17 21:50:43.740 : IterationNum=222	[MsgId: MMSG-17999]
   USER 222 = user68:pwd68	[MsgId: MMSG-17999]
    2023-06-17 21:50:43.834 : Start page is opened	[MsgId: MMSG-17999]
    2023-06-17 21:50:49.320 : User is logged in with session 136656.18817335HAcQcfcpzHQVzzzHtcVHfpfVzAHf	[MsgId: MMSG-17999]
    2023-06-17 21:50:55.432 : User is logged out of session	[MsgId: MMSG-17999]
  2023-06-17 21:52:49.743 : IterationNum=223	[MsgId: MMSG-17999]
   USER 223 = user68:pwd68	[MsgId: MMSG-17999]
    2023-06-17 21:52:49.838 : Start page is opened	[MsgId: MMSG-17999]
    2023-06-17 21:52:54.827 : User is logged in with session 136656.198379911HAcQcfDpcAtVzzzHtcVHfpfVQccf	[MsgId: MMSG-17999]
    2023-06-17 21:53:00.985 : User is logged out of session	[MsgId: MMSG-17999]
  2023-06-17 21:54:55.756 : IterationNum=224	[MsgId: MMSG-17999]
   USER 224 = user68:pwd68	[MsgId: MMSG-17999]
    2023-06-17 21:54:55.850 : Start page is opened	[MsgId: MMSG-17999]
    2023-06-17 21:55:01.793 : User is logged in with session 136656.208586472HAcQcfDpHcQVzzzHtcVHfpfccDHf	[MsgId: MMSG-17999]
    2023-06-17 21:55:06.675 : User is logged out of session	[MsgId: MMSG-17999]
  2023-06-17 21:57:01.765 : IterationNum=225	[MsgId: MMSG-17999]
   USER 225 = user68:pwd68	[MsgId: MMSG-17999]
    2023-06-17 21:57:01.859 : Start page is opened	[MsgId: MMSG-17999]
    2023-06-17 21:57:05.781 : User is logged in with session 136656.218793034HAcQcftpcftVzzzHtcVHfpfcffcf	[MsgId: MMSG-17999]
    2023-06-17 21:57:10.914 : User is logged out of session	[MsgId: MMSG-17999]
  2023-06-17 21:59:07.766 : IterationNum=226	[MsgId: MMSG-17999]
   USER 226 = user68:pwd68	[MsgId: MMSG-17999]
    2023-06-17 21:59:07.860 : Start page is opened	[MsgId: MMSG-17999]
    2023-06-17 21:59:12.138 : User is logged in with session 136656.228999595HAcQcftpHHQVzzzHtcVHfpfcizHf	[MsgId: MMSG-17999]
    2023-06-17 21:59:16.313 : User is logged out of session	[MsgId: MMSG-17999]
  2023-06-17 22:01:13.770 : IterationNum=227	[MsgId: MMSG-17999]
   USER 227 = user68:pwd68	[MsgId: MMSG-17999]
    2023-06-17 22:01:13.864 : Start page is opened	[MsgId: MMSG-17999]
    2023-06-17 22:01:18.010 : User is logged in with session 136656.239206156HAcQcffpDAtVzzzHtcVHfpfDVicf	[MsgId: MMSG-17999]
    2023-06-17 22:01:23.350 : User is logged out of session	[MsgId: MMSG-17999]
  2023-06-17 22:03:19.771 : IterationNum=228	[MsgId: MMSG-17999]
   USER 228 = user68:pwd68	[MsgId: MMSG-17999]
    2023-06-17 22:03:19.865 : Start page is opened	[MsgId: MMSG-17999]
    2023-06-17 22:03:24.322 : User is logged in with session 136656.249412718HAcQcffpicQVzzzHtcVHfpfDtQHf	[MsgId: MMSG-17999]
    2023-06-17 22:03:29.772 : User is logged out of session	[MsgId: MMSG-17999]
  2023-06-17 22:05:25.782 : IterationNum=229	[MsgId: MMSG-17999]
   USER 229 = user68:pwd68	[MsgId: MMSG-17999]
    2023-06-17 22:05:25.876 : Start page is opened	[MsgId: MMSG-17999]
    2023-06-17 22:05:31.332 : User is logged in with session 136656.259619279HAcQcfzpDftVzzzHtcVHfpfDiVcf	[MsgId: MMSG-17999]
    2023-06-17 22:05:37.311 : User is logged out of session	[MsgId: MMSG-17999]
  2023-06-17 22:07:31.792 : IterationNum=230	[MsgId: MMSG-17999]
   USER 230 = user68:pwd68	[MsgId: MMSG-17999]
    2023-06-17 22:07:31.885 : Start page is opened	[MsgId: MMSG-17999]
    2023-06-17 22:07:36.752 : User is logged in with session 136656.26982584HAcQcfzpiHQVzzzHtcVHfpftVcHf	[MsgId: MMSG-17999]
    2023-06-17 22:07:42.309 : User is logged out of session	[MsgId: MMSG-17999]
  2023-06-17 22:09:37.797 : IterationNum=231	[MsgId: MMSG-17999]
   USER 231 = user68:pwd68	[MsgId: MMSG-17999]
    2023-06-17 22:09:37.892 : Start page is opened	[MsgId: MMSG-17999]
    2023-06-17 22:09:42.280 : User is logged in with session 136656.280032402HAcQcfHptAtVzzzHtcVHfpftttcf	[MsgId: MMSG-17999]
    2023-06-17 22:09:47.170 : User is logged out of session	[MsgId: MMSG-17999]
  2023-06-17 22:11:43.802 : IterationNum=232	[MsgId: MMSG-17999]
   USER 232 = user68:pwd68	[MsgId: MMSG-17999]
    2023-06-17 22:11:43.897 : Start page is opened	[MsgId: MMSG-17999]
    2023-06-17 22:11:48.992 : User is logged in with session 136656.290238963HAcQcfHpQcQVzzzHtcVHfpftHfHf	[MsgId: MMSG-17999]
    2023-06-17 22:11:53.075 : User is logged out of session	[MsgId: MMSG-17999]
  2023-06-17 22:13:49.813 : IterationNum=233	[MsgId: MMSG-17999]
   USER 233 = user68:pwd68	[MsgId: MMSG-17999]
    2023-06-17 22:13:49.907 : Start page is opened	[MsgId: MMSG-17999]
    2023-06-17 22:13:54.620 : User is logged in with session 136656.300445525HAcQcfiptftVzzzHtcVHfpffAHcf	[MsgId: MMSG-17999]
    2023-06-17 22:14:00.952 : User is logged out of session	[MsgId: MMSG-17999]
  2023-06-17 22:15:55.818 : IterationNum=234	[MsgId: MMSG-17999]
   USER 234 = user68:pwd68	[MsgId: MMSG-17999]
    2023-06-17 22:15:55.912 : Start page is opened	[MsgId: MMSG-17999]
    2023-06-17 22:15:59.907 : User is logged in with session 136656.310652086HAcQcfipQHQVzzzHtcVHfpffDiHf	[MsgId: MMSG-17999]
    2023-06-17 22:16:06.131 : User is logged out of session	[MsgId: MMSG-17999]
  2023-06-17 22:18:01.828 : IterationNum=235	[MsgId: MMSG-17999]
   USER 235 = user68:pwd68	[MsgId: MMSG-17999]
    2023-06-17 22:18:01.922 : Start page is opened	[MsgId: MMSG-17999]
    2023-06-17 22:18:05.978 : User is logged in with session 136656.320858647HAcQcfQpfAtVzzzHtcVHfpffHAcf	[MsgId: MMSG-17999]
    2023-06-17 22:18:11.999 : User is logged out of session	[MsgId: MMSG-17999]
  2023-06-17 22:20:07.837 : IterationNum=236	[MsgId: MMSG-17999]
   USER 236 = user68:pwd68	[MsgId: MMSG-17999]
    2023-06-17 22:20:07.932 : Start page is opened	[MsgId: MMSG-17999]
    2023-06-17 22:20:13.379 : User is logged in with session 136656.331065209HAcQczApAcQVzzzHtcVHfpfzAVHf	[MsgId: MMSG-17999]
    2023-06-17 22:20:18.136 : User is logged out of session	[MsgId: MMSG-17999]
