  2023-06-17 14:07:16.100 : IterationNum=1	[MsgId: MMSG-17999]
   USER 1 = user72:pwd72	[MsgId: MMSG-17999]
    2023-06-17 14:07:16.187 : Start page is opened	[MsgId: MMSG-17999]
    2023-06-17 14:07:22.018 : User is logged in with session 136653.935682463HAcQVDzpiVzzzzzHtcVHtpicAQ	[MsgId: MMSG-17999]
    2023-06-17 14:07:27.438 : User is logged out of session	[MsgId: MMSG-17999]
  2023-06-17 14:09:22.106 : IterationNum=2	[MsgId: MMSG-17999]
   USER 2 = user72:pwd72	[MsgId: MMSG-17999]
    2023-06-17 14:09:22.201 : Start page is opened	[MsgId: MMSG-17999]
    2023-06-17 14:09:27.649 : User is logged in with session 136653.945889024HAcQVDHpDtVzzzzHtcVHtpictAf	[MsgId: MMSG-17999]
    2023-06-17 14:09:33.970 : User is logged out of session	[MsgId: MMSG-17999]
  2023-06-17 14:11:28.109 : IterationNum=3	[MsgId: MMSG-17999]
   USER 3 = user72:pwd72	[MsgId: MMSG-17999]
    2023-06-17 14:11:28.201 : Start page is opened	[MsgId: MMSG-17999]
    2023-06-17 14:11:33.902 : User is logged in with session 136653.956095585HAcQVDHpizzzzzzHtcVHtpicHc	[MsgId: MMSG-17999]
    2023-06-17 14:11:40.141 : User is logged out of session	[MsgId: MMSG-17999]
  2023-06-17 14:13:34.116 : IterationNum=4	[MsgId: MMSG-17999]
   USER 4 = user72:pwd72	[MsgId: MMSG-17999]
    2023-06-17 14:13:34.210 : Start page is opened	[MsgId: MMSG-17999]
    2023-06-17 14:13:38.103 : User is logged in with session 136653.966302147HAcQVDipDQVzzzzHtcVHtpiDADf	[MsgId: MMSG-17999]
    2023-06-17 14:13:43.007 : User is logged out of session	[MsgId: MMSG-17999]
  2023-06-17 14:15:40.130 : IterationNum=5	[MsgId: MMSG-17999]
   USER 5 = user72:pwd72	[MsgId: MMSG-17999]
    2023-06-17 14:15:40.223 : Start page is opened	[MsgId: MMSG-17999]
    2023-06-17 14:15:46.375 : User is logged in with session 136653.976508708HAcQVDipQVzzzzzHtcVHtpiDDf	[MsgId: MMSG-17999]
    2023-06-17 14:15:50.493 : User is logged out of session	[MsgId: MMSG-17999]
  2023-06-17 14:17:46.137 : IterationNum=6	[MsgId: MMSG-17999]
   USER 6 = user72:pwd72	[MsgId: MMSG-17999]
    2023-06-17 14:17:46.231 : Start page is opened	[MsgId: MMSG-17999]
    2023-06-17 14:17:52.323 : User is logged in with session 136653.986715269HAcQVDQpttVzzzzHtcVHtpiDzzf	[MsgId: MMSG-17999]
    2023-06-17 14:17:56.299 : User is logged out of session	[MsgId: MMSG-17999]
  2023-06-17 14:19:52.144 : IterationNum=7	[MsgId: MMSG-17999]
   USER 7 = user72:pwd72	[MsgId: MMSG-17999]
    2023-06-17 14:19:52.239 : Start page is opened	[MsgId: MMSG-17999]
    2023-06-17 14:19:56.680 : User is logged in with session 136653.996921831HAcQVDQpQzzzzzzHtcVHtpiDQi	[MsgId: MMSG-17999]
    2023-06-17 14:20:01.107 : User is logged out of session	[MsgId: MMSG-17999]
  2023-06-17 14:21:58.149 : IterationNum=8	[MsgId: MMSG-17999]
   USER 8 = user72:pwd72	[MsgId: MMSG-17999]
    2023-06-17 14:21:58.243 : Start page is opened	[MsgId: MMSG-17999]
    2023-06-17 14:22:04.114 : User is logged in with session 136654.007128392HAcQVtAptQVzzzzHtcVHtpitcQf	[MsgId: MMSG-17999]
    2023-06-17 14:22:08.696 : User is logged out of session	[MsgId: MMSG-17999]
  2023-06-17 14:24:04.157 : IterationNum=9	[MsgId: MMSG-17999]
   USER 9 = user72:pwd72	[MsgId: MMSG-17999]
    2023-06-17 14:24:04.250 : Start page is opened	[MsgId: MMSG-17999]
    2023-06-17 14:24:09.126 : User is logged in with session 136654.017334953HAcQVtVpAVzzzzzHtcVHtpitzV	[MsgId: MMSG-17999]
    2023-06-17 14:24:13.762 : User is logged out of session	[MsgId: MMSG-17999]
  2023-06-17 14:26:10.157 : IterationNum=10	[MsgId: MMSG-17999]
   USER 10 = user72:pwd72	[MsgId: MMSG-17999]
    2023-06-17 14:26:10.251 : Start page is opened	[MsgId: MMSG-17999]
    2023-06-17 14:26:15.107 : User is logged in with session 136654.027541515HAcQVtVpftVzzzzHtcVHtpitQcf	[MsgId: MMSG-17999]
    2023-06-17 14:26:19.502 : User is logged out of session	[MsgId: MMSG-17999]
  2023-06-17 14:28:16.162 : IterationNum=11	[MsgId: MMSG-17999]
   USER 11 = user72:pwd72	[MsgId: MMSG-17999]
    2023-06-17 14:28:16.255 : Start page is opened	[MsgId: MMSG-17999]
    2023-06-17 14:28:20.172 : User is logged in with session 136654.037748076HAcQVtcpAzzzzzzHtcVHtpifct	[MsgId: MMSG-17999]
    2023-06-17 14:28:24.843 : User is logged out of session	[MsgId: MMSG-17999]
  2023-06-17 14:30:22.171 : IterationNum=12	[MsgId: MMSG-17999]
   USER 12 = user72:pwd72	[MsgId: MMSG-17999]
    2023-06-17 14:30:22.265 : Start page is opened	[MsgId: MMSG-17999]
    2023-06-17 14:30:27.580 : User is logged in with session 136654.047954638HAcQVtcpfQVzzzzHtcVHtpiffff	[MsgId: MMSG-17999]
    2023-06-17 14:30:32.392 : User is logged out of session	[MsgId: MMSG-17999]
  2023-06-17 14:32:28.182 : IterationNum=13	[MsgId: MMSG-17999]
   USER 13 = user72:pwd72	[MsgId: MMSG-17999]
    2023-06-17 14:32:28.275 : Start page is opened	[MsgId: MMSG-17999]
    2023-06-17 14:32:34.637 : User is logged in with session 136654.058161199HAcQVtDpVVzzzzzHtcVHtpifiH	[MsgId: MMSG-17999]
    2023-06-17 14:32:38.702 : User is logged out of session	[MsgId: MMSG-17999]
  2023-06-17 14:34:34.191 : IterationNum=14	[MsgId: MMSG-17999]
   USER 14 = user72:pwd72	[MsgId: MMSG-17999]
    2023-06-17 14:34:34.285 : Start page is opened	[MsgId: MMSG-17999]
    2023-06-17 14:34:40.158 : User is logged in with session 136654.06836776HAcQVtDpztVzzzzHtcVHtpizVif	[MsgId: MMSG-17999]
    2023-06-17 14:34:44.163 : User is logged out of session	[MsgId: MMSG-17999]
  2023-06-17 14:36:40.191 : IterationNum=15	[MsgId: MMSG-17999]
   USER 15 = user72:pwd72	[MsgId: MMSG-17999]
    2023-06-17 14:36:40.285 : Start page is opened	[MsgId: MMSG-17999]
    2023-06-17 14:36:46.130 : User is logged in with session 136654.078574322HAcQVttpVzzzzzzHtcVHtpizf	[MsgId: MMSG-17999]
    2023-06-17 14:36:52.203 : User is logged out of session	[MsgId: MMSG-17999]
  2023-06-17 14:38:46.199 : IterationNum=16	[MsgId: MMSG-17999]
   USER 16 = user72:pwd72	[MsgId: MMSG-17999]
    2023-06-17 14:38:46.293 : Start page is opened	[MsgId: MMSG-17999]
    2023-06-17 14:38:51.216 : User is logged in with session 136654.088780883HAcQVttpzQVzzzzHtcVHtpiziVf	[MsgId: MMSG-17999]
    2023-06-17 14:38:55.144 : User is logged out of session	[MsgId: MMSG-17999]
  2023-06-17 14:40:52.207 : IterationNum=17	[MsgId: MMSG-17999]
   USER 17 = user72:pwd72	[MsgId: MMSG-17999]
    2023-06-17 14:40:52.301 : Start page is opened	[MsgId: MMSG-17999]
    2023-06-17 14:40:58.264 : User is logged in with session 136654.098987444HAcQVtfpcVzzzzzHtcVHtpiHVD	[MsgId: MMSG-17999]
    2023-06-17 14:41:03.248 : User is logged out of session	[MsgId: MMSG-17999]
  2023-06-17 14:42:58.222 : IterationNum=18	[MsgId: MMSG-17999]
   USER 18 = user72:pwd72	[MsgId: MMSG-17999]
    2023-06-17 14:42:58.318 : Start page is opened	[MsgId: MMSG-17999]
    2023-06-17 14:43:04.482 : User is logged in with session 136654.109194006HAcQVtfpHtVzzzzHtcVHtpiHttf	[MsgId: MMSG-17999]
    2023-06-17 14:43:10.766 : User is logged out of session	[MsgId: MMSG-17999]
  2023-06-17 14:45:04.229 : IterationNum=19	[MsgId: MMSG-17999]
   USER 19 = user72:pwd72	[MsgId: MMSG-17999]
    2023-06-17 14:45:04.323 : Start page is opened	[MsgId: MMSG-17999]
    2023-06-17 14:45:10.438 : User is logged in with session 136654.119400567HAcQVtzpczzzzzzHtcVHtpiHHz	[MsgId: MMSG-17999]
    2023-06-17 14:45:15.800 : User is logged out of session	[MsgId: MMSG-17999]
  2023-06-17 14:47:10.240 : IterationNum=20	[MsgId: MMSG-17999]
   USER 20 = user72:pwd72	[MsgId: MMSG-17999]
    2023-06-17 14:47:10.335 : Start page is opened	[MsgId: MMSG-17999]
    2023-06-17 14:47:14.872 : User is logged in with session 136654.129607128HAcQVtzpHQVzzzzHtcVHtpiiAHf	[MsgId: MMSG-17999]
    2023-06-17 14:47:20.653 : User is logged out of session	[MsgId: MMSG-17999]
  2023-06-17 14:49:16.241 : IterationNum=21	[MsgId: MMSG-17999]
   USER 21 = user72:pwd72	[MsgId: MMSG-17999]
    2023-06-17 14:49:16.336 : Start page is opened	[MsgId: MMSG-17999]
    2023-06-17 14:49:20.481 : User is logged in with session 136654.13981369HAcQVtHpDVzzzzzHtcVHtpiiDQ	[MsgId: MMSG-17999]
    2023-06-17 14:49:26.033 : User is logged out of session	[MsgId: MMSG-17999]
  2023-06-17 14:51:22.242 : IterationNum=22	[MsgId: MMSG-17999]
   USER 22 = user72:pwd72	[MsgId: MMSG-17999]
    2023-06-17 14:51:22.336 : Start page is opened	[MsgId: MMSG-17999]
    2023-06-17 14:51:27.956 : User is logged in with session 136654.150020251HAcQVtHpitVzzzzHtcVHtpiiHAf	[MsgId: MMSG-17999]
    2023-06-17 14:51:33.183 : User is logged out of session	[MsgId: MMSG-17999]
  2023-06-17 14:53:28.257 : IterationNum=23	[MsgId: MMSG-17999]
   USER 23 = user72:pwd72	[MsgId: MMSG-17999]
    2023-06-17 14:53:28.352 : Start page is opened	[MsgId: MMSG-17999]
    2023-06-17 14:53:33.279 : User is logged in with session 136654.160226812HAcQVtipDzzzzzzHtcVHtpiQAc	[MsgId: MMSG-17999]
    2023-06-17 14:53:38.266 : User is logged out of session	[MsgId: MMSG-17999]
  2023-06-17 14:55:34.261 : IterationNum=24	[MsgId: MMSG-17999]
   USER 24 = user72:pwd72	[MsgId: MMSG-17999]
    2023-06-17 14:55:34.354 : Start page is opened	[MsgId: MMSG-17999]
    2023-06-17 14:55:38.266 : User is logged in with session 136654.170433374HAcQVtipiQVzzzzHtcVHtpiQDDf	[MsgId: MMSG-17999]
    2023-06-17 14:55:43.140 : User is logged out of session	[MsgId: MMSG-17999]
  2023-06-17 14:57:40.264 : IterationNum=25	[MsgId: MMSG-17999]
   USER 25 = user72:pwd72	[MsgId: MMSG-17999]
    2023-06-17 14:57:40.359 : Start page is opened	[MsgId: MMSG-17999]
    2023-06-17 14:57:44.890 : User is logged in with session 136654.180639935HAcQVtQptVzzzzzHtcVHtpiQzf	[MsgId: MMSG-17999]
    2023-06-17 14:57:50.044 : User is logged out of session	[MsgId: MMSG-17999]
  2023-06-17 14:59:46.279 : IterationNum=26	[MsgId: MMSG-17999]
   USER 26 = user72:pwd72	[MsgId: MMSG-17999]
    2023-06-17 14:59:46.374 : Start page is opened	[MsgId: MMSG-17999]
    2023-06-17 14:59:52.217 : User is logged in with session 136654.190846497HAcQVtQpQtVzzzzHtcVHtpiQQzf	[MsgId: MMSG-17999]
    2023-06-17 14:59:56.320 : User is logged out of session	[MsgId: MMSG-17999]
  2023-06-17 15:01:52.289 : IterationNum=27	[MsgId: MMSG-17999]
   USER 27 = user72:pwd72	[MsgId: MMSG-17999]
    2023-06-17 15:01:52.382 : Start page is opened	[MsgId: MMSG-17999]
    2023-06-17 15:01:56.518 : User is logged in with session 136654.201053058HAcQVfAptzzzzzzHtcVHtpQAci	[MsgId: MMSG-17999]
    2023-06-17 15:02:00.963 : User is logged out of session	[MsgId: MMSG-17999]
  2023-06-17 15:03:58.298 : IterationNum=28	[MsgId: MMSG-17999]
   USER 28 = user72:pwd72	[MsgId: MMSG-17999]
    2023-06-17 15:03:58.393 : Start page is opened	[MsgId: MMSG-17999]
    2023-06-17 15:04:03.782 : User is logged in with session 136654.211259619HAcQVfApQQVzzzzHtcVHtpQAfQf	[MsgId: MMSG-17999]
    2023-06-17 15:04:09.092 : User is logged out of session	[MsgId: MMSG-17999]
  2023-06-17 15:06:04.310 : IterationNum=29	[MsgId: MMSG-17999]
   USER 29 = user72:pwd72	[MsgId: MMSG-17999]
    2023-06-17 15:06:04.404 : Start page is opened	[MsgId: MMSG-17999]
    2023-06-17 15:06:09.581 : User is logged in with session 136654.221466181HAcQVfVpfVzzzzzHtcVHtpQAQV	[MsgId: MMSG-17999]
    2023-06-17 15:06:14.878 : User is logged out of session	[MsgId: MMSG-17999]
  2023-06-17 15:08:10.325 : IterationNum=30	[MsgId: MMSG-17999]
   USER 30 = user72:pwd72	[MsgId: MMSG-17999]
    2023-06-17 15:08:10.420 : Start page is opened	[MsgId: MMSG-17999]
    2023-06-17 15:08:16.342 : User is logged in with session 136654.231672742HAcQVfcpAtVzzzzHtcVHtpQVccf	[MsgId: MMSG-17999]
    2023-06-17 15:08:20.944 : User is logged out of session	[MsgId: MMSG-17999]
  2023-06-17 15:10:16.325 : IterationNum=31	[MsgId: MMSG-17999]
   USER 31 = user72:pwd72	[MsgId: MMSG-17999]
    2023-06-17 15:10:16.419 : Start page is opened	[MsgId: MMSG-17999]
    2023-06-17 15:10:21.220 : User is logged in with session 136654.241879303HAcQVfcpfzzzzzzHtcVHtpQVft	[MsgId: MMSG-17999]
    2023-06-17 15:10:26.718 : User is logged out of session	[MsgId: MMSG-17999]
  2023-06-17 15:12:22.339 : IterationNum=32	[MsgId: MMSG-17999]
   USER 32 = user72:pwd72	[MsgId: MMSG-17999]
    2023-06-17 15:12:22.434 : Start page is opened	[MsgId: MMSG-17999]
    2023-06-17 15:12:28.237 : User is logged in with session 136654.252085865HAcQVfDpAQVzzzzHtcVHtpQViff	[MsgId: MMSG-17999]
    2023-06-17 15:12:34.470 : User is logged out of session	[MsgId: MMSG-17999]
  2023-06-17 15:14:28.341 : IterationNum=33	[MsgId: MMSG-17999]
   USER 33 = user72:pwd72	[MsgId: MMSG-17999]
    2023-06-17 15:14:28.436 : Start page is opened	[MsgId: MMSG-17999]
    2023-06-17 15:14:33.684 : User is logged in with session 136654.262292426HAcQVfDpzVzzzzzHtcVHtpQcVH	[MsgId: MMSG-17999]
    2023-06-17 15:14:37.652 : User is logged out of session	[MsgId: MMSG-17999]
  2023-06-17 15:16:34.343 : IterationNum=34	[MsgId: MMSG-17999]
   USER 34 = user72:pwd72	[MsgId: MMSG-17999]
    2023-06-17 15:16:34.438 : Start page is opened	[MsgId: MMSG-17999]
    2023-06-17 15:16:40.013 : User is logged in with session 136654.272498987HAcQVftpVtVzzzzHtcVHtpQctif	[MsgId: MMSG-17999]
    2023-06-17 15:16:46.164 : User is logged out of session	[MsgId: MMSG-17999]
  2023-06-17 15:18:40.353 : IterationNum=35	[MsgId: MMSG-17999]
   USER 35 = user72:pwd72	[MsgId: MMSG-17999]
    2023-06-17 15:18:40.448 : Start page is opened	[MsgId: MMSG-17999]
    2023-06-17 15:18:46.093 : User is logged in with session 136654.282705549HAcQVftpzzzzzzzHtcVHtpQci	[MsgId: MMSG-17999]
    2023-06-17 15:18:50.680 : User is logged out of session	[MsgId: MMSG-17999]
  2023-06-17 15:20:46.366 : IterationNum=36	[MsgId: MMSG-17999]
   USER 36 = user72:pwd72	[MsgId: MMSG-17999]
    2023-06-17 15:20:46.460 : Start page is opened	[MsgId: MMSG-17999]
    2023-06-17 15:20:50.399 : User is logged in with session 136654.29291211HAcQVffpVQVzzzzHtcVHtpQDVVf	[MsgId: MMSG-17999]
    2023-06-17 15:20:56.257 : User is logged out of session	[MsgId: MMSG-17999]
  2023-06-17 15:22:52.371 : IterationNum=37	[MsgId: MMSG-17999]
   USER 37 = user72:pwd72	[MsgId: MMSG-17999]
    2023-06-17 15:22:52.466 : Start page is opened	[MsgId: MMSG-17999]
    2023-06-17 15:22:56.825 : User is logged in with session 136654.303118672HAcQVffpHVzzzzzHtcVHtpQDtD	[MsgId: MMSG-17999]
    2023-06-17 15:23:01.608 : User is logged out of session	[MsgId: MMSG-17999]
  2023-06-17 15:24:58.376 : IterationNum=38	[MsgId: MMSG-17999]
   USER 38 = user72:pwd72	[MsgId: MMSG-17999]
    2023-06-17 15:24:58.470 : Start page is opened	[MsgId: MMSG-17999]
    2023-06-17 15:25:03.950 : User is logged in with session 136654.313325233HAcQVfzpctVzzzzHtcVHtpQDHtf	[MsgId: MMSG-17999]
    2023-06-17 15:25:09.077 : User is logged out of session	[MsgId: MMSG-17999]
  2023-06-17 15:27:04.376 : IterationNum=39	[MsgId: MMSG-17999]
   USER 39 = user72:pwd72	[MsgId: MMSG-17999]
    2023-06-17 15:27:04.470 : Start page is opened	[MsgId: MMSG-17999]
    2023-06-17 15:27:08.796 : User is logged in with session 136654.323531794HAcQVfzpHzzzzzzHtcVHtpQtAz	[MsgId: MMSG-17999]
    2023-06-17 15:27:14.069 : User is logged out of session	[MsgId: MMSG-17999]
  2023-06-17 15:29:10.386 : IterationNum=40	[MsgId: MMSG-17999]
   USER 40 = user72:pwd72	[MsgId: MMSG-17999]
    2023-06-17 15:29:10.480 : Start page is opened	[MsgId: MMSG-17999]
    2023-06-17 15:29:15.393 : User is logged in with session 136654.333738356HAcQVfHpcQVzzzzHtcVHtpQtDHf	[MsgId: MMSG-17999]
    2023-06-17 15:29:19.901 : User is logged out of session	[MsgId: MMSG-17999]
  2023-06-17 15:31:16.392 : IterationNum=41	[MsgId: MMSG-17999]
   USER 41 = user72:pwd72	[MsgId: MMSG-17999]
    2023-06-17 15:31:16.487 : Start page is opened	[MsgId: MMSG-17999]
    2023-06-17 15:31:22.630 : User is logged in with session 136654.343944917HAcQVfHpiVzzzzzHtcVHtpQtzQ	[MsgId: MMSG-17999]
    2023-06-17 15:31:28.566 : User is logged out of session	[MsgId: MMSG-17999]
  2023-06-17 15:33:22.406 : IterationNum=42	[MsgId: MMSG-17999]
   USER 42 = user72:pwd72	[MsgId: MMSG-17999]
    2023-06-17 15:33:22.500 : Start page is opened	[MsgId: MMSG-17999]
    2023-06-17 15:33:28.852 : User is logged in with session 136654.354151478HAcQVfipDtVzzzzHtcVHtpQfAAf	[MsgId: MMSG-17999]
    2023-06-17 15:33:33.740 : User is logged out of session	[MsgId: MMSG-17999]
  2023-06-17 15:35:28.421 : IterationNum=43	[MsgId: MMSG-17999]
   USER 43 = user72:pwd72	[MsgId: MMSG-17999]
    2023-06-17 15:35:28.516 : Start page is opened	[MsgId: MMSG-17999]
    2023-06-17 15:35:34.404 : User is logged in with session 136654.36435804HAcQVfipizzzzzzHtcVHtpQfDc	[MsgId: MMSG-17999]
    2023-06-17 15:35:38.498 : User is logged out of session	[MsgId: MMSG-17999]
  2023-06-17 15:37:34.434 : IterationNum=44	[MsgId: MMSG-17999]
   USER 44 = user72:pwd72	[MsgId: MMSG-17999]
    2023-06-17 15:37:34.528 : Start page is opened	[MsgId: MMSG-17999]
    2023-06-17 15:37:40.182 : User is logged in with session 136654.374564601HAcQVfQpDQVzzzzHtcVHtpQfzDf	[MsgId: MMSG-17999]
    2023-06-17 15:37:44.991 : User is logged out of session	[MsgId: MMSG-17999]
  2023-06-17 15:39:40.441 : IterationNum=45	[MsgId: MMSG-17999]
   USER 45 = user72:pwd72	[MsgId: MMSG-17999]
    2023-06-17 15:39:40.536 : Start page is opened	[MsgId: MMSG-17999]
    2023-06-17 15:39:45.852 : User is logged in with session 136654.384771162HAcQVfQpQVzzzzzHtcVHtpQfQf	[MsgId: MMSG-17999]
    2023-06-17 15:39:51.716 : User is logged out of session	[MsgId: MMSG-17999]
  2023-06-17 15:41:46.446 : IterationNum=46	[MsgId: MMSG-17999]
   USER 46 = user72:pwd72	[MsgId: MMSG-17999]
    2023-06-17 15:41:46.540 : Start page is opened	[MsgId: MMSG-17999]
    2023-06-17 15:41:52.795 : User is logged in with session 136654.394977724HAcQVzApttVzzzzHtcVHtpQzczf	[MsgId: MMSG-17999]
    2023-06-17 15:41:56.810 : User is logged out of session	[MsgId: MMSG-17999]
  2023-06-17 15:43:52.454 : IterationNum=47	[MsgId: MMSG-17999]
   USER 47 = user72:pwd72	[MsgId: MMSG-17999]
    2023-06-17 15:43:52.548 : Start page is opened	[MsgId: MMSG-17999]
    2023-06-17 15:43:57.570 : User is logged in with session 136654.405184285HAcQVzApQzzzzzzHtcVHtpQzfi	[MsgId: MMSG-17999]
    2023-06-17 15:44:03.311 : User is logged out of session	[MsgId: MMSG-17999]
  2023-06-17 15:45:58.468 : IterationNum=48	[MsgId: MMSG-17999]
   USER 48 = user72:pwd72	[MsgId: MMSG-17999]
    2023-06-17 15:45:58.563 : Start page is opened	[MsgId: MMSG-17999]
    2023-06-17 15:46:04.380 : User is logged in with session 136654.415390846HAcQVzVptQVzzzzHtcVHtpQziQf	[MsgId: MMSG-17999]
    2023-06-17 15:46:10.704 : User is logged out of session	[MsgId: MMSG-17999]
  2023-06-17 15:48:04.478 : IterationNum=49	[MsgId: MMSG-17999]
   USER 49 = user72:pwd72	[MsgId: MMSG-17999]
    2023-06-17 15:48:04.574 : Start page is opened	[MsgId: MMSG-17999]
    2023-06-17 15:48:08.547 : User is logged in with session 136654.425597408HAcQVzcpAVzzzzzHtcVHtpQHcV	[MsgId: MMSG-17999]
    2023-06-17 15:48:12.672 : User is logged out of session	[MsgId: MMSG-17999]
  2023-06-17 15:50:10.491 : IterationNum=50	[MsgId: MMSG-17999]
   USER 50 = user72:pwd72	[MsgId: MMSG-17999]
    2023-06-17 15:50:10.585 : Start page is opened	[MsgId: MMSG-17999]
    2023-06-17 15:50:16.624 : User is logged in with session 136654.435803969HAcQVzcpftVzzzzHtcVHtpQHfcf	[MsgId: MMSG-17999]
    2023-06-17 15:50:21.622 : User is logged out of session	[MsgId: MMSG-17999]
  2023-06-17 15:52:16.499 : IterationNum=51	[MsgId: MMSG-17999]
   USER 51 = user72:pwd72	[MsgId: MMSG-17999]
    2023-06-17 15:52:16.592 : Start page is opened	[MsgId: MMSG-17999]
    2023-06-17 15:52:21.456 : User is logged in with session 136654.446010531HAcQVzDpAzzzzzzHtcVHtpQHit	[MsgId: MMSG-17999]
    2023-06-17 15:52:25.722 : User is logged out of session	[MsgId: MMSG-17999]
  2023-06-17 15:54:22.513 : IterationNum=52	[MsgId: MMSG-17999]
   USER 52 = user72:pwd72	[MsgId: MMSG-17999]
    2023-06-17 15:54:22.607 : Start page is opened	[MsgId: MMSG-17999]
    2023-06-17 15:54:26.719 : User is logged in with session 136654.456217092HAcQVzDpfQVzzzzHtcVHtpQiVff	[MsgId: MMSG-17999]
    2023-06-17 15:54:31.060 : User is logged out of session	[MsgId: MMSG-17999]
  2023-06-17 15:56:28.521 : IterationNum=53	[MsgId: MMSG-17999]
   USER 53 = user72:pwd72	[MsgId: MMSG-17999]
    2023-06-17 15:56:28.614 : Start page is opened	[MsgId: MMSG-17999]
    2023-06-17 15:56:34.105 : User is logged in with session 136654.466423653HAcQVztpVVzzzzzHtcVHtpQitH	[MsgId: MMSG-17999]
    2023-06-17 15:56:39.355 : User is logged out of session	[MsgId: MMSG-17999]
  2023-06-17 15:58:34.525 : IterationNum=54	[MsgId: MMSG-17999]
   USER 54 = user72:pwd72	[MsgId: MMSG-17999]
    2023-06-17 15:58:34.620 : Start page is opened	[MsgId: MMSG-17999]
    2023-06-17 15:58:39.074 : User is logged in with session 136654.476630215HAcQVztpztVzzzzHtcVHtpQiHif	[MsgId: MMSG-17999]
    2023-06-17 15:58:45.373 : User is logged out of session	[MsgId: MMSG-17999]
  2023-06-17 16:00:40.527 : IterationNum=55	[MsgId: MMSG-17999]
   USER 55 = user72:pwd72	[MsgId: MMSG-17999]
    2023-06-17 16:00:40.622 : Start page is opened	[MsgId: MMSG-17999]
    2023-06-17 16:00:45.921 : User is logged in with session 136654.486836776HAcQVzfpVzzzzzzHtcVHtpQQV	[MsgId: MMSG-17999]
    2023-06-17 16:00:49.862 : User is logged out of session	[MsgId: MMSG-17999]
  2023-06-17 16:02:46.529 : IterationNum=56	[MsgId: MMSG-17999]
   USER 56 = user72:pwd72	[MsgId: MMSG-17999]
    2023-06-17 16:02:46.623 : Start page is opened	[MsgId: MMSG-17999]
    2023-06-17 16:02:51.872 : User is logged in with session 136654.497043337HAcQVzfpzQVzzzzHtcVHtpQQtVf	[MsgId: MMSG-17999]
    2023-06-17 16:02:55.998 : User is logged out of session	[MsgId: MMSG-17999]
  2023-06-17 16:04:52.530 : IterationNum=57	[MsgId: MMSG-17999]
   USER 57 = user72:pwd72	[MsgId: MMSG-17999]
    2023-06-17 16:04:52.624 : Start page is opened	[MsgId: MMSG-17999]
    2023-06-17 16:04:58.208 : User is logged in with session 136654.507249899HAcQVzzpcVzzzzzHtcVHtpQQHD	[MsgId: MMSG-17999]
    2023-06-17 16:05:04.535 : User is logged out of session	[MsgId: MMSG-17999]
  2023-06-17 16:06:58.530 : IterationNum=58	[MsgId: MMSG-17999]
   USER 58 = user72:pwd72	[MsgId: MMSG-17999]
    2023-06-17 16:06:58.624 : Start page is opened	[MsgId: MMSG-17999]
    2023-06-17 16:07:02.536 : User is logged in with session 136654.51745646HAcQVzzpHtVzzzzHtcVHfpAAAtf	[MsgId: MMSG-17999]
    2023-06-17 16:07:08.688 : User is logged out of session	[MsgId: MMSG-17999]
  2023-06-17 16:09:04.542 : IterationNum=59	[MsgId: MMSG-17999]
   USER 59 = user72:pwd72	[MsgId: MMSG-17999]
    2023-06-17 16:09:04.636 : Start page is opened	[MsgId: MMSG-17999]
    2023-06-17 16:09:09.591 : User is logged in with session 136654.527663021HAcQVzHpczzzzzzHtcVHfpAADz	[MsgId: MMSG-17999]
    2023-06-17 16:09:14.794 : User is logged out of session	[MsgId: MMSG-17999]
  2023-06-17 16:11:10.551 : IterationNum=60	[MsgId: MMSG-17999]
   USER 60 = user72:pwd72	[MsgId: MMSG-17999]
    2023-06-17 16:11:10.646 : Start page is opened	[MsgId: MMSG-17999]
    2023-06-17 16:11:15.511 : User is logged in with session 136654.537869583HAcQVzHpHQVzzzzHtcVHfpAAzHf	[MsgId: MMSG-17999]
    2023-06-17 16:11:19.629 : User is logged out of session	[MsgId: MMSG-17999]
  2023-06-17 16:13:16.555 : IterationNum=61	[MsgId: MMSG-17999]
   USER 61 = user72:pwd72	[MsgId: MMSG-17999]
    2023-06-17 16:13:16.649 : Start page is opened	[MsgId: MMSG-17999]
    2023-06-17 16:13:21.238 : User is logged in with session 136654.548076144HAcQVzipDVzzzzzHtcVHfpAAQQ	[MsgId: MMSG-17999]
    2023-06-17 16:13:26.480 : User is logged out of session	[MsgId: MMSG-17999]
  2023-06-17 16:15:22.556 : IterationNum=62	[MsgId: MMSG-17999]
   USER 62 = user72:pwd72	[MsgId: MMSG-17999]
    2023-06-17 16:15:22.651 : Start page is opened	[MsgId: MMSG-17999]
    2023-06-17 16:15:27.665 : User is logged in with session 136654.558282706HAcQVzipitVzzzzHtcVHfpAVDAf	[MsgId: MMSG-17999]
    2023-06-17 16:15:33.096 : User is logged out of session	[MsgId: MMSG-17999]
  2023-06-17 16:17:28.559 : IterationNum=63	[MsgId: MMSG-17999]
   USER 63 = user72:pwd72	[MsgId: MMSG-17999]
    2023-06-17 16:17:28.653 : Start page is opened	[MsgId: MMSG-17999]
    2023-06-17 16:17:34.250 : User is logged in with session 136654.568489267HAcQVzQpDzzzzzzHtcVHfpAVzc	[MsgId: MMSG-17999]
    2023-06-17 16:17:38.879 : User is logged out of session	[MsgId: MMSG-17999]
  2023-06-17 16:19:34.574 : IterationNum=64	[MsgId: MMSG-17999]
   USER 64 = user72:pwd72	[MsgId: MMSG-17999]
    2023-06-17 16:19:34.669 : Start page is opened	[MsgId: MMSG-17999]
    2023-06-17 16:19:40.026 : User is logged in with session 136654.578695828HAcQVzQpiQVzzzzHtcVHfpAVQDf	[MsgId: MMSG-17999]
    2023-06-17 16:19:45.708 : User is logged out of session	[MsgId: MMSG-17999]
  2023-06-17 16:21:40.582 : IterationNum=65	[MsgId: MMSG-17999]
   USER 65 = user72:pwd72	[MsgId: MMSG-17999]
    2023-06-17 16:21:40.677 : Start page is opened	[MsgId: MMSG-17999]
    2023-06-17 16:21:46.045 : User is logged in with session 136654.58890239HAcQVHAptVzzzzzHtcVHfpAccf	[MsgId: MMSG-17999]
    2023-06-17 16:21:52.214 : User is logged out of session	[MsgId: MMSG-17999]
  2023-06-17 16:23:46.586 : IterationNum=66	[MsgId: MMSG-17999]
   USER 66 = user72:pwd72	[MsgId: MMSG-17999]
    2023-06-17 16:23:46.681 : Start page is opened	[MsgId: MMSG-17999]
    2023-06-17 16:23:51.897 : User is logged in with session 136654.599108951HAcQVHApQtVzzzzHtcVHfpAcfzf	[MsgId: MMSG-17999]
    2023-06-17 16:23:58.046 : User is logged out of session	[MsgId: MMSG-17999]
  2023-06-17 16:25:52.602 : IterationNum=67	[MsgId: MMSG-17999]
   USER 67 = user72:pwd72	[MsgId: MMSG-17999]
    2023-06-17 16:25:52.695 : Start page is opened	[MsgId: MMSG-17999]
    2023-06-17 16:25:57.710 : User is logged in with session 136654.609315512HAcQVHVptzzzzzzHtcVHfpAcii	[MsgId: MMSG-17999]
    2023-06-17 16:26:03.559 : User is logged out of session	[MsgId: MMSG-17999]
  2023-06-17 16:27:58.605 : IterationNum=68	[MsgId: MMSG-17999]
   USER 68 = user72:pwd72	[MsgId: MMSG-17999]
    2023-06-17 16:27:58.699 : Start page is opened	[MsgId: MMSG-17999]
    2023-06-17 16:28:02.924 : User is logged in with session 136654.619522074HAcQVHVpQQVzzzzHtcVHfpADVQf	[MsgId: MMSG-17999]
    2023-06-17 16:28:09.119 : User is logged out of session	[MsgId: MMSG-17999]
  2023-06-17 16:30:04.609 : IterationNum=69	[MsgId: MMSG-17999]
   USER 69 = user72:pwd72	[MsgId: MMSG-17999]
    2023-06-17 16:30:04.701 : Start page is opened	[MsgId: MMSG-17999]
    2023-06-17 16:30:09.176 : User is logged in with session 136654.629728635HAcQVHcpfVzzzzzHtcVHfpADfV	[MsgId: MMSG-17999]
    2023-06-17 16:30:13.531 : User is logged out of session	[MsgId: MMSG-17999]
  2023-06-17 16:32:10.618 : IterationNum=70	[MsgId: MMSG-17999]
   USER 70 = user72:pwd72	[MsgId: MMSG-17999]
    2023-06-17 16:32:10.710 : Start page is opened	[MsgId: MMSG-17999]
    2023-06-17 16:32:15.231 : User is logged in with session 136654.639935196HAcQVHDpAtVzzzzHtcVHfpADicf	[MsgId: MMSG-17999]
    2023-06-17 16:32:21.375 : User is logged out of session	[MsgId: MMSG-17999]
  2023-06-17 16:34:16.617 : IterationNum=71	[MsgId: MMSG-17999]
   USER 71 = user72:pwd72	[MsgId: MMSG-17999]
    2023-06-17 16:34:16.711 : Start page is opened	[MsgId: MMSG-17999]
    2023-06-17 16:34:21.406 : User is logged in with session 136654.650141758HAcQVHDpfzzzzzzHtcVHfpAtVt	[MsgId: MMSG-17999]
    2023-06-17 16:34:27.062 : User is logged out of session	[MsgId: MMSG-17999]
  2023-06-17 16:36:22.621 : IterationNum=72	[MsgId: MMSG-17999]
   USER 72 = user72:pwd72	[MsgId: MMSG-17999]
    2023-06-17 16:36:22.715 : Start page is opened	[MsgId: MMSG-17999]
    2023-06-17 16:36:26.768 : User is logged in with session 136654.660348319HAcQVHtpAQVzzzzHtcVHfpAttff	[MsgId: MMSG-17999]
    2023-06-17 16:36:31.704 : User is logged out of session	[MsgId: MMSG-17999]
  2023-06-17 16:38:28.622 : IterationNum=73	[MsgId: MMSG-17999]
   USER 73 = user72:pwd72	[MsgId: MMSG-17999]
    2023-06-17 16:38:28.715 : Start page is opened	[MsgId: MMSG-17999]
    2023-06-17 16:38:33.908 : User is logged in with session 136654.670554881HAcQVHtpzVzzzzzHtcVHfpAtHH	[MsgId: MMSG-17999]
    2023-06-17 16:38:39.718 : User is logged out of session	[MsgId: MMSG-17999]
  2023-06-17 16:40:34.623 : IterationNum=74	[MsgId: MMSG-17999]
   USER 74 = user72:pwd72	[MsgId: MMSG-17999]
    2023-06-17 16:40:34.717 : Start page is opened	[MsgId: MMSG-17999]
    2023-06-17 16:40:38.932 : User is logged in with session 136654.680761442HAcQVHfpVtVzzzzHtcVHfpAfAif	[MsgId: MMSG-17999]
    2023-06-17 16:40:43.878 : User is logged out of session	[MsgId: MMSG-17999]
  2023-06-17 16:42:40.624 : IterationNum=75	[MsgId: MMSG-17999]
   USER 75 = user72:pwd72	[MsgId: MMSG-17999]
    2023-06-17 16:42:40.717 : Start page is opened	[MsgId: MMSG-17999]
    2023-06-17 16:42:44.995 : User is logged in with session 136654.690968003HAcQVHfpzzzzzzzHtcVHfpAft	[MsgId: MMSG-17999]
    2023-06-17 16:42:48.960 : User is logged out of session	[MsgId: MMSG-17999]
  2023-06-17 16:44:46.637 : IterationNum=76	[MsgId: MMSG-17999]
   USER 76 = user72:pwd72	[MsgId: MMSG-17999]
    2023-06-17 16:44:46.731 : Start page is opened	[MsgId: MMSG-17999]
    2023-06-17 16:44:50.880 : User is logged in with session 136654.701174565HAcQVHzpVQVzzzzHtcVHfpAfHVf	[MsgId: MMSG-17999]
    2023-06-17 16:44:56.532 : User is logged out of session	[MsgId: MMSG-17999]
  2023-06-17 16:46:52.649 : IterationNum=77	[MsgId: MMSG-17999]
   USER 77 = user72:pwd72	[MsgId: MMSG-17999]
    2023-06-17 16:46:52.743 : Start page is opened	[MsgId: MMSG-17999]
    2023-06-17 16:46:58.028 : User is logged in with session 136654.711381126HAcQVHzpHVzzzzzHtcVHfpAzAD	[MsgId: MMSG-17999]
    2023-06-17 16:47:02.273 : User is logged out of session	[MsgId: MMSG-17999]
  2023-06-17 16:48:58.664 : IterationNum=78	[MsgId: MMSG-17999]
   USER 78 = user72:pwd72	[MsgId: MMSG-17999]
    2023-06-17 16:48:58.757 : Start page is opened	[MsgId: MMSG-17999]
    2023-06-17 16:49:04.873 : User is logged in with session 136654.721587687HAcQVHHpctVzzzzHtcVHfpAzDtf	[MsgId: MMSG-17999]
    2023-06-17 16:49:10.686 : User is logged out of session	[MsgId: MMSG-17999]
  2023-06-17 16:51:04.677 : IterationNum=79	[MsgId: MMSG-17999]
   USER 79 = user72:pwd72	[MsgId: MMSG-17999]
    2023-06-17 16:51:04.771 : Start page is opened	[MsgId: MMSG-17999]
    2023-06-17 16:51:08.907 : User is logged in with session 136654.731794249HAcQVHHpHzzzzzzHtcVHfpAzzz	[MsgId: MMSG-17999]
    2023-06-17 16:51:13.622 : User is logged out of session	[MsgId: MMSG-17999]
  2023-06-17 16:53:10.690 : IterationNum=80	[MsgId: MMSG-17999]
   USER 80 = user72:pwd72	[MsgId: MMSG-17999]
    2023-06-17 16:53:10.784 : Start page is opened	[MsgId: MMSG-17999]
    2023-06-17 16:53:16.207 : User is logged in with session 136654.74200081HAcQVHipcQVzzzzHtcVHfpAzQHf	[MsgId: MMSG-17999]
    2023-06-17 16:53:20.964 : User is logged out of session	[MsgId: MMSG-17999]
  2023-06-17 16:55:16.693 : IterationNum=81	[MsgId: MMSG-17999]
   USER 81 = user72:pwd72	[MsgId: MMSG-17999]
    2023-06-17 16:55:16.787 : Start page is opened	[MsgId: MMSG-17999]
    2023-06-17 16:55:21.184 : User is logged in with session 136654.752207371HAcQVHipiVzzzzzHtcVHfpAHcQ	[MsgId: MMSG-17999]
    2023-06-17 16:55:26.525 : User is logged out of session	[MsgId: MMSG-17999]
  2023-06-17 16:57:22.707 : IterationNum=82	[MsgId: MMSG-17999]
   USER 82 = user72:pwd72	[MsgId: MMSG-17999]
    2023-06-17 16:57:22.800 : Start page is opened	[MsgId: MMSG-17999]
    2023-06-17 16:57:29.107 : User is logged in with session 136654.762413933HAcQVHQpDtVzzzzHtcVHfpAHzAf	[MsgId: MMSG-17999]
    2023-06-17 16:57:33.447 : User is logged out of session	[MsgId: MMSG-17999]
  2023-06-17 16:59:28.719 : IterationNum=83	[MsgId: MMSG-17999]
   USER 83 = user72:pwd72	[MsgId: MMSG-17999]
    2023-06-17 16:59:28.812 : Start page is opened	[MsgId: MMSG-17999]
    2023-06-17 16:59:33.016 : User is logged in with session 136654.772620494HAcQVHQpizzzzzzHtcVHfpAHQc	[MsgId: MMSG-17999]
    2023-06-17 16:59:37.787 : User is logged out of session	[MsgId: MMSG-17999]
  2023-06-17 17:01:34.733 : IterationNum=84	[MsgId: MMSG-17999]
   USER 84 = user72:pwd72	[MsgId: MMSG-17999]
    2023-06-17 17:01:34.829 : Start page is opened	[MsgId: MMSG-17999]
    2023-06-17 17:01:39.278 : User is logged in with session 136654.782827055HAcQViApDQVzzzzHtcVHfpAicDf	[MsgId: MMSG-17999]
    2023-06-17 17:01:44.232 : User is logged out of session	[MsgId: MMSG-17999]
  2023-06-17 17:03:40.743 : IterationNum=85	[MsgId: MMSG-17999]
   USER 85 = user72:pwd72	[MsgId: MMSG-17999]
    2023-06-17 17:03:40.837 : Start page is opened	[MsgId: MMSG-17999]
    2023-06-17 17:03:44.997 : User is logged in with session 136654.793033617HAcQViApQVzzzzzHtcVHfpAiff	[MsgId: MMSG-17999]
    2023-06-17 17:03:50.550 : User is logged out of session	[MsgId: MMSG-17999]
  2023-06-17 17:05:46.744 : IterationNum=86	[MsgId: MMSG-17999]
   USER 86 = user72:pwd72	[MsgId: MMSG-17999]
    2023-06-17 17:05:46.839 : Start page is opened	[MsgId: MMSG-17999]
    2023-06-17 17:05:51.208 : User is logged in with session 136654.803240178HAcQViVpttVzzzzHtcVHfpAiizf	[MsgId: MMSG-17999]
    2023-06-17 17:05:55.657 : User is logged out of session	[MsgId: MMSG-17999]
  2023-06-17 17:07:52.753 : IterationNum=87	[MsgId: MMSG-17999]
   USER 87 = user72:pwd72	[MsgId: MMSG-17999]
    2023-06-17 17:07:52.848 : Start page is opened	[MsgId: MMSG-17999]
    2023-06-17 17:07:57.216 : User is logged in with session 136654.81344674HAcQViVpQzzzzzzHtcVHfpAQVi	[MsgId: MMSG-17999]
    2023-06-17 17:08:01.497 : User is logged out of session	[MsgId: MMSG-17999]
  2023-06-17 17:09:58.766 : IterationNum=88	[MsgId: MMSG-17999]
   USER 88 = user72:pwd72	[MsgId: MMSG-17999]
    2023-06-17 17:09:58.860 : Start page is opened	[MsgId: MMSG-17999]
    2023-06-17 17:10:04.632 : User is logged in with session 136654.823653301HAcQVicptQVzzzzHtcVHfpAQtQf	[MsgId: MMSG-17999]
    2023-06-17 17:10:10.308 : User is logged out of session	[MsgId: MMSG-17999]
  2023-06-17 17:12:04.779 : IterationNum=89	[MsgId: MMSG-17999]
   USER 89 = user72:pwd72	[MsgId: MMSG-17999]
    2023-06-17 17:12:04.874 : Start page is opened	[MsgId: MMSG-17999]
    2023-06-17 17:12:10.800 : User is logged in with session 136654.833859862HAcQViDpAVzzzzzHtcVHfpAQiV	[MsgId: MMSG-17999]
    2023-06-17 17:12:15.835 : User is logged out of session	[MsgId: MMSG-17999]
  2023-06-17 17:14:10.786 : IterationNum=90	[MsgId: MMSG-17999]
   USER 90 = user72:pwd72	[MsgId: MMSG-17999]
    2023-06-17 17:14:10.880 : Start page is opened	[MsgId: MMSG-17999]
    2023-06-17 17:14:16.910 : User is logged in with session 136654.844066424HAcQViDpftVzzzzHtcVHfpVAVcf	[MsgId: MMSG-17999]
    2023-06-17 17:14:21.984 : User is logged out of session	[MsgId: MMSG-17999]
  2023-06-17 17:16:16.798 : IterationNum=91	[MsgId: MMSG-17999]
   USER 91 = user72:pwd72	[MsgId: MMSG-17999]
    2023-06-17 17:16:16.892 : Start page is opened	[MsgId: MMSG-17999]
    2023-06-17 17:16:22.300 : User is logged in with session 136654.854272985HAcQVitpAzzzzzzHtcVHfpVAtt	[MsgId: MMSG-17999]
    2023-06-17 17:16:26.280 : User is logged out of session	[MsgId: MMSG-17999]
  2023-06-17 17:18:22.812 : IterationNum=92	[MsgId: MMSG-17999]
   USER 92 = user72:pwd72	[MsgId: MMSG-17999]
    2023-06-17 17:18:22.906 : Start page is opened	[MsgId: MMSG-17999]
    2023-06-17 17:18:28.088 : User is logged in with session 136654.864479546HAcQVitpfQVzzzzHtcVHfpVAHff	[MsgId: MMSG-17999]
    2023-06-17 17:18:32.419 : User is logged out of session	[MsgId: MMSG-17999]
  2023-06-17 17:20:28.820 : IterationNum=93	[MsgId: MMSG-17999]
   USER 93 = user72:pwd72	[MsgId: MMSG-17999]
    2023-06-17 17:20:28.914 : Start page is opened	[MsgId: MMSG-17999]
    2023-06-17 17:20:34.328 : User is logged in with session 136654.874686108HAcQVifpVVzzzzzHtcVHfpVVAH	[MsgId: MMSG-17999]
    2023-06-17 17:20:39.869 : User is logged out of session	[MsgId: MMSG-17999]
  2023-06-17 17:22:34.832 : IterationNum=94	[MsgId: MMSG-17999]
   USER 94 = user72:pwd72	[MsgId: MMSG-17999]
    2023-06-17 17:22:34.928 : Start page is opened	[MsgId: MMSG-17999]
    2023-06-17 17:22:39.528 : User is logged in with session 136654.884892669HAcQVifpztVzzzzHtcVHfpVVDif	[MsgId: MMSG-17999]
    2023-06-17 17:22:45.279 : User is logged out of session	[MsgId: MMSG-17999]
  2023-06-17 17:24:40.848 : IterationNum=95	[MsgId: MMSG-17999]
   USER 95 = user72:pwd72	[MsgId: MMSG-17999]
    2023-06-17 17:24:40.943 : Start page is opened	[MsgId: MMSG-17999]
    2023-06-17 17:24:45.986 : User is logged in with session 136654.89509923HAcQVizpVzzzzzzHtcVHfpVVH	[MsgId: MMSG-17999]
    2023-06-17 17:24:51.368 : User is logged out of session	[MsgId: MMSG-17999]
  2023-06-17 17:26:46.861 : IterationNum=96	[MsgId: MMSG-17999]
   USER 96 = user72:pwd72	[MsgId: MMSG-17999]
    2023-06-17 17:26:46.956 : Start page is opened	[MsgId: MMSG-17999]
    2023-06-17 17:26:52.764 : User is logged in with session 136654.905305792HAcQVizpzQVzzzzHtcVHfpVcAVf	[MsgId: MMSG-17999]
    2023-06-17 17:26:57.491 : User is logged out of session	[MsgId: MMSG-17999]
  2023-06-17 17:28:52.874 : IterationNum=97	[MsgId: MMSG-17999]
   USER 97 = user72:pwd72	[MsgId: MMSG-17999]
    2023-06-17 17:28:52.969 : Start page is opened	[MsgId: MMSG-17999]
    2023-06-17 17:28:57.641 : User is logged in with session 136654.915512353HAcQViHpcVzzzzzHtcVHfpVcDD	[MsgId: MMSG-17999]
    2023-06-17 17:29:03.136 : User is logged out of session	[MsgId: MMSG-17999]
  2023-06-17 17:30:58.882 : IterationNum=98	[MsgId: MMSG-17999]
   USER 98 = user72:pwd72	[MsgId: MMSG-17999]
    2023-06-17 17:30:58.975 : Start page is opened	[MsgId: MMSG-17999]
    2023-06-17 17:31:04.781 : User is logged in with session 136654.925718915HAcQViHpHtVzzzzHtcVHfpVcztf	[MsgId: MMSG-17999]
    2023-06-17 17:31:10.954 : User is logged out of session	[MsgId: MMSG-17999]
  2023-06-17 17:33:04.891 : IterationNum=99	[MsgId: MMSG-17999]
   USER 99 = user72:pwd72	[MsgId: MMSG-17999]
    2023-06-17 17:33:04.986 : Start page is opened	[MsgId: MMSG-17999]
    2023-06-17 17:33:09.965 : User is logged in with session 136654.935925476HAcQViipczzzzzzHtcVHfpVcQz	[MsgId: MMSG-17999]
    2023-06-17 17:33:15.637 : User is logged out of session	[MsgId: MMSG-17999]
  2023-06-17 17:35:10.896 : IterationNum=100	[MsgId: MMSG-17999]
   USER 100 = user72:pwd72	[MsgId: MMSG-17999]
    2023-06-17 17:35:10.991 : Start page is opened	[MsgId: MMSG-17999]
    2023-06-17 17:35:14.974 : User is logged in with session 136654.946132037HAcQViipHQVzzzzHtcVHfpVDcHf	[MsgId: MMSG-17999]
    2023-06-17 17:35:19.888 : User is logged out of session	[MsgId: MMSG-17999]
  2023-06-17 17:37:16.900 : IterationNum=101	[MsgId: MMSG-17999]
   USER 101 = user72:pwd72	[MsgId: MMSG-17999]
    2023-06-17 17:37:16.995 : Start page is opened	[MsgId: MMSG-17999]
    2023-06-17 17:37:22.780 : User is logged in with session 136654.956338599HAcQViQpDVzzzzzHtcVHfpVDfQ	[MsgId: MMSG-17999]
    2023-06-17 17:37:27.200 : User is logged out of session	[MsgId: MMSG-17999]
  2023-06-17 17:39:22.903 : IterationNum=102	[MsgId: MMSG-17999]
   USER 102 = user72:pwd72	[MsgId: MMSG-17999]
    2023-06-17 17:39:22.998 : Start page is opened	[MsgId: MMSG-17999]
    2023-06-17 17:39:29.294 : User is logged in with session 136654.96654516HAcQViQpitVzzzzHtcVHfpVDQAf	[MsgId: MMSG-17999]
    2023-06-17 17:39:33.513 : User is logged out of session	[MsgId: MMSG-17999]
  2023-06-17 17:41:28.916 : IterationNum=103	[MsgId: MMSG-17999]
   USER 103 = user72:pwd72	[MsgId: MMSG-17999]
    2023-06-17 17:41:29.009 : Start page is opened	[MsgId: MMSG-17999]
    2023-06-17 17:41:32.958 : User is logged in with session 136654.976751721HAcQVQApDzzzzzzHtcVHfpVtcc	[MsgId: MMSG-17999]
    2023-06-17 17:41:36.905 : User is logged out of session	[MsgId: MMSG-17999]
  2023-06-17 17:43:34.925 : IterationNum=104	[MsgId: MMSG-17999]
   USER 104 = user72:pwd72	[MsgId: MMSG-17999]
    2023-06-17 17:43:35.017 : Start page is opened	[MsgId: MMSG-17999]
    2023-06-17 17:43:41.259 : User is logged in with session 136654.986958283HAcQVQApiQVzzzzHtcVHfpVtfDf	[MsgId: MMSG-17999]
    2023-06-17 17:43:45.214 : User is logged out of session	[MsgId: MMSG-17999]
  2023-06-17 17:45:40.926 : IterationNum=105	[MsgId: MMSG-17999]
   USER 105 = user72:pwd72	[MsgId: MMSG-17999]
    2023-06-17 17:45:41.021 : Start page is opened	[MsgId: MMSG-17999]
    2023-06-17 17:45:45.956 : User is logged in with session 136654.997164844HAcQVQVptVzzzzzHtcVHfpVtif	[MsgId: MMSG-17999]
    2023-06-17 17:45:51.132 : User is logged out of session	[MsgId: MMSG-17999]
  2023-06-17 17:47:46.927 : IterationNum=106	[MsgId: MMSG-17999]
   USER 106 = user72:pwd72	[MsgId: MMSG-17999]
    2023-06-17 17:47:47.022 : Start page is opened	[MsgId: MMSG-17999]
    2023-06-17 17:47:51.188 : User is logged in with session 136655.007371405HAcQVQVpQtVzzzzHtcVHfpVfVzf	[MsgId: MMSG-17999]
    2023-06-17 17:47:57.023 : User is logged out of session	[MsgId: MMSG-17999]
  2023-06-17 17:49:52.935 : IterationNum=107	[MsgId: MMSG-17999]
   USER 107 = user72:pwd72	[MsgId: MMSG-17999]
    2023-06-17 17:49:53.030 : Start page is opened	[MsgId: MMSG-17999]
    2023-06-17 17:49:57.928 : User is logged in with session 136655.017577967HAcQVQcptzzzzzzHtcVHfpVfti	[MsgId: MMSG-17999]
    2023-06-17 17:50:03.470 : User is logged out of session	[MsgId: MMSG-17999]
  2023-06-17 17:51:58.947 : IterationNum=108	[MsgId: MMSG-17999]
   USER 108 = user72:pwd72	[MsgId: MMSG-17999]
    2023-06-17 17:51:59.043 : Start page is opened	[MsgId: MMSG-17999]
    2023-06-17 17:52:04.488 : User is logged in with session 136655.027784528HAcQVQcpQQVzzzzHtcVHfpVfHQf	[MsgId: MMSG-17999]
    2023-06-17 17:52:10.388 : User is logged out of session	[MsgId: MMSG-17999]
  2023-06-17 17:54:04.961 : IterationNum=109	[MsgId: MMSG-17999]
   USER 109 = user72:pwd72	[MsgId: MMSG-17999]
    2023-06-17 17:54:05.055 : Start page is opened	[MsgId: MMSG-17999]
    2023-06-17 17:54:09.028 : User is logged in with session 136655.03799109HAcQVQDpfVzzzzzHtcVHfpVzVV	[MsgId: MMSG-17999]
    2023-06-17 17:54:13.269 : User is logged out of session	[MsgId: MMSG-17999]
  2023-06-17 17:56:10.968 : IterationNum=110	[MsgId: MMSG-17999]
   USER 110 = user72:pwd72	[MsgId: MMSG-17999]
    2023-06-17 17:56:11.062 : Start page is opened	[MsgId: MMSG-17999]
    2023-06-17 17:56:17.046 : User is logged in with session 136655.048197651HAcQVQtpAtVzzzzHtcVHfpVztcf	[MsgId: MMSG-17999]
    2023-06-17 17:56:23.340 : User is logged out of session	[MsgId: MMSG-17999]
  2023-06-17 17:58:16.981 : IterationNum=111	[MsgId: MMSG-17999]
   USER 111 = user72:pwd72	[MsgId: MMSG-17999]
    2023-06-17 17:58:17.075 : Start page is opened	[MsgId: MMSG-17999]
    2023-06-17 17:58:22.185 : User is logged in with session 136655.058485217HAcQVQtpfHAiDDDDtcVHfpVzHtcf	[MsgId: MMSG-17999]
    2023-06-17 17:58:27.584 : User is logged out of session	[MsgId: MMSG-17999]
  2023-06-17 18:00:22.982 : IterationNum=112	[MsgId: MMSG-17999]
   USER 112 = user72:pwd72	[MsgId: MMSG-17999]
    2023-06-17 18:00:23.077 : Start page is opened	[MsgId: MMSG-17999]
    2023-06-17 18:00:29.238 : User is logged in with session 136655.068691778HAcQVQfpAQfiDDDDtcVHfpVHAfHf	[MsgId: MMSG-17999]
    2023-06-17 18:00:33.237 : User is logged out of session	[MsgId: MMSG-17999]
  2023-06-17 18:02:28.990 : IterationNum=113	[MsgId: MMSG-17999]
   USER 113 = user72:pwd72	[MsgId: MMSG-17999]
    2023-06-17 18:02:29.085 : Start page is opened	[MsgId: MMSG-17999]
    2023-06-17 18:02:35.317 : User is logged in with session 136655.078898339HAcQVQfpzcAiDDDDtcVHfpVHDHcf	[MsgId: MMSG-17999]
    2023-06-17 18:02:40.141 : User is logged out of session	[MsgId: MMSG-17999]
  2023-06-17 18:04:35.002 : IterationNum=114	[MsgId: MMSG-17999]
   USER 114 = user72:pwd72	[MsgId: MMSG-17999]
    2023-06-17 18:04:35.095 : Start page is opened	[MsgId: MMSG-17999]
    2023-06-17 18:04:39.810 : User is logged in with session 136655.089104901HAcQVQzpVtfiDDDDtcVHfpVHziHf	[MsgId: MMSG-17999]
    2023-06-17 18:04:44.487 : User is logged out of session	[MsgId: MMSG-17999]
  2023-06-17 18:06:41.005 : IterationNum=115	[MsgId: MMSG-17999]
   USER 115 = user72:pwd72	[MsgId: MMSG-17999]
    2023-06-17 18:06:41.099 : Start page is opened	[MsgId: MMSG-17999]
    2023-06-17 18:06:46.326 : User is logged in with session 136655.099311462HAcQVQzpzHAiDDDDtcVHfpViAAcf	[MsgId: MMSG-17999]
    2023-06-17 18:06:52.560 : User is logged out of session	[MsgId: MMSG-17999]
  2023-06-17 18:08:47.008 : IterationNum=116	[MsgId: MMSG-17999]
   USER 116 = user72:pwd72	[MsgId: MMSG-17999]
    2023-06-17 18:08:47.103 : Start page is opened	[MsgId: MMSG-17999]
    2023-06-17 18:08:52.256 : User is logged in with session 136655.109518024HAcQVQHpVQfiDDDDtcVHfpViDVHf	[MsgId: MMSG-17999]
    2023-06-17 18:08:57.592 : User is logged out of session	[MsgId: MMSG-17999]
  2023-06-17 18:10:53.011 : IterationNum=117	[MsgId: MMSG-17999]
   USER 117 = user72:pwd72	[MsgId: MMSG-17999]
    2023-06-17 18:10:53.105 : Start page is opened	[MsgId: MMSG-17999]
    2023-06-17 18:10:59.457 : User is logged in with session 136655.119724585HAcQVQHpHcAiDDDDtcVHfpVizDcf	[MsgId: MMSG-17999]
    2023-06-17 18:11:05.125 : User is logged out of session	[MsgId: MMSG-17999]
  2023-06-17 18:12:59.019 : IterationNum=118	[MsgId: MMSG-17999]
   USER 118 = user72:pwd72	[MsgId: MMSG-17999]
    2023-06-17 18:12:59.113 : Start page is opened	[MsgId: MMSG-17999]
    2023-06-17 18:13:03.126 : User is logged in with session 136655.129931146HAcQVQipctfiDDDDtcVHfpViQtHf	[MsgId: MMSG-17999]
    2023-06-17 18:13:08.314 : User is logged out of session	[MsgId: MMSG-17999]
  2023-06-17 18:15:05.025 : IterationNum=119	[MsgId: MMSG-17999]
   USER 119 = user72:pwd72	[MsgId: MMSG-17999]
    2023-06-17 18:15:05.119 : Start page is opened	[MsgId: MMSG-17999]
    2023-06-17 18:15:10.579 : User is logged in with session 136655.140137708HAcQVQipHHAiDDDDtcVHfpVQczcf	[MsgId: MMSG-17999]
    2023-06-17 18:15:15.262 : User is logged out of session	[MsgId: MMSG-17999]
  2023-06-17 18:17:11.031 : IterationNum=120	[MsgId: MMSG-17999]
   USER 120 = user72:pwd72	[MsgId: MMSG-17999]
    2023-06-17 18:17:11.124 : Start page is opened	[MsgId: MMSG-17999]
    2023-06-17 18:17:16.814 : User is logged in with session 136655.150344269HAcQVQQpcQfiDDDDtcVHfpVQfHHf	[MsgId: MMSG-17999]
    2023-06-17 18:17:23.083 : User is logged out of session	[MsgId: MMSG-17999]
  2023-06-17 18:19:17.045 : IterationNum=121	[MsgId: MMSG-17999]
   USER 121 = user72:pwd72	[MsgId: MMSG-17999]
    2023-06-17 18:19:17.138 : Start page is opened	[MsgId: MMSG-17999]
    2023-06-17 18:19:22.577 : User is logged in with session 136655.16055083HAcQVQQpicAiDDDDtcVHfpVQiQcf	[MsgId: MMSG-17999]
    2023-06-17 18:19:28.069 : User is logged out of session	[MsgId: MMSG-17999]
  2023-06-17 18:21:23.048 : IterationNum=122	[MsgId: MMSG-17999]
   USER 122 = user72:pwd72	[MsgId: MMSG-17999]
    2023-06-17 18:21:23.142 : Start page is opened	[MsgId: MMSG-17999]
    2023-06-17 18:21:28.896 : User is logged in with session 136655.170757392HAcQcAApDtfiDDDDtcVHfpcAcAHf	[MsgId: MMSG-17999]
    2023-06-17 18:21:34.708 : User is logged out of session	[MsgId: MMSG-17999]
  2023-06-17 18:23:29.055 : IterationNum=123	[MsgId: MMSG-17999]
   USER 123 = user72:pwd72	[MsgId: MMSG-17999]
    2023-06-17 18:23:29.149 : Start page is opened	[MsgId: MMSG-17999]
    2023-06-17 18:23:33.249 : User is logged in with session 136655.180963953HAcQcAApiHAiDDDDtcVHfpcAfccf	[MsgId: MMSG-17999]
    2023-06-17 18:23:38.205 : User is logged out of session	[MsgId: MMSG-17999]
  2023-06-17 18:25:35.062 : IterationNum=124	[MsgId: MMSG-17999]
   USER 124 = user72:pwd72	[MsgId: MMSG-17999]
    2023-06-17 18:25:35.157 : Start page is opened	[MsgId: MMSG-17999]
    2023-06-17 18:25:40.750 : User is logged in with session 136655.191170514HAcQcAVpDQfiDDDDtcVHfpcAiDHf	[MsgId: MMSG-17999]
    2023-06-17 18:25:46.295 : User is logged out of session	[MsgId: MMSG-17999]
  2023-06-17 18:27:41.063 : IterationNum=125	[MsgId: MMSG-17999]
   USER 125 = user72:pwd72	[MsgId: MMSG-17999]
    2023-06-17 18:27:41.157 : Start page is opened	[MsgId: MMSG-17999]
    2023-06-17 18:27:46.875 : User is logged in with session 136655.201377076HAcQcAVpQcAiDDDDtcVHfpcVVfcf	[MsgId: MMSG-17999]
    2023-06-17 18:27:50.825 : User is logged out of session	[MsgId: MMSG-17999]
  2023-06-17 18:29:47.076 : IterationNum=126	[MsgId: MMSG-17999]
   USER 126 = user72:pwd72	[MsgId: MMSG-17999]
    2023-06-17 18:29:47.169 : Start page is opened	[MsgId: MMSG-17999]
    2023-06-17 18:29:52.407 : User is logged in with session 136655.211583637HAcQcAcpttfiDDDDtcVHfpcVtzHf	[MsgId: MMSG-17999]
    2023-06-17 18:29:57.922 : User is logged out of session	[MsgId: MMSG-17999]
  2023-06-17 18:31:53.089 : IterationNum=127	[MsgId: MMSG-17999]
   USER 127 = user72:pwd72	[MsgId: MMSG-17999]
    2023-06-17 18:31:53.183 : Start page is opened	[MsgId: MMSG-17999]
    2023-06-17 18:31:57.571 : User is logged in with session 136655.221790198HAcQcAcpQHAiDDDDtcVHfpcVHicf	[MsgId: MMSG-17999]
    2023-06-17 18:32:03.680 : User is logged out of session	[MsgId: MMSG-17999]
  2023-06-17 18:33:59.091 : IterationNum=128	[MsgId: MMSG-17999]
   USER 128 = user72:pwd72	[MsgId: MMSG-17999]
    2023-06-17 18:33:59.186 : Start page is opened	[MsgId: MMSG-17999]
    2023-06-17 18:34:04.253 : User is logged in with session 136655.23199676HAcQcADptQfiDDDDtcVHfpccAQHf	[MsgId: MMSG-17999]
    2023-06-17 18:34:09.842 : User is logged out of session	[MsgId: MMSG-17999]
  2023-06-17 18:36:05.099 : IterationNum=129	[MsgId: MMSG-17999]
   USER 129 = user72:pwd72	[MsgId: MMSG-17999]
    2023-06-17 18:36:05.193 : Start page is opened	[MsgId: MMSG-17999]
    2023-06-17 18:36:10.266 : User is logged in with session 136655.242203321HAcQcAtpAcAiDDDDtcVHfpcctVcf	[MsgId: MMSG-17999]
    2023-06-17 18:36:15.294 : User is logged out of session	[MsgId: MMSG-17999]
  2023-06-17 18:38:11.114 : IterationNum=130	[MsgId: MMSG-17999]
   USER 130 = user72:pwd72	[MsgId: MMSG-17999]
    2023-06-17 18:38:11.208 : Start page is opened	[MsgId: MMSG-17999]
    2023-06-17 18:38:15.411 : User is logged in with session 136655.252409883HAcQcAtpftfiDDDDtcVHfpccHcHf	[MsgId: MMSG-17999]
    2023-06-17 18:38:21.150 : User is logged out of session	[MsgId: MMSG-17999]
  2023-06-17 18:40:17.117 : IterationNum=131	[MsgId: MMSG-17999]
   USER 131 = user72:pwd72	[MsgId: MMSG-17999]
    2023-06-17 18:40:17.210 : Start page is opened	[MsgId: MMSG-17999]
    2023-06-17 18:40:23.313 : User is logged in with session 136655.262616444HAcQcAfpAHAiDDDDtcVHfpcDAtcf	[MsgId: MMSG-17999]
    2023-06-17 18:40:28.823 : User is logged out of session	[MsgId: MMSG-17999]
  2023-06-17 18:42:23.128 : IterationNum=132	[MsgId: MMSG-17999]
   USER 132 = user72:pwd72	[MsgId: MMSG-17999]
    2023-06-17 18:42:23.222 : Start page is opened	[MsgId: MMSG-17999]
    2023-06-17 18:42:27.702 : User is logged in with session 136655.272823005HAcQcAfpfQfiDDDDtcVHfpcDDfHf	[MsgId: MMSG-17999]
    2023-06-17 18:42:32.121 : User is logged out of session	[MsgId: MMSG-17999]
  2023-06-17 18:44:29.138 : IterationNum=133	[MsgId: MMSG-17999]
   USER 133 = user72:pwd72	[MsgId: MMSG-17999]
    2023-06-17 18:44:29.231 : Start page is opened	[MsgId: MMSG-17999]
    2023-06-17 18:44:33.163 : User is logged in with session 136655.283029567HAcQcAzpVcAiDDDDtcVHfpcDzHcf	[MsgId: MMSG-17999]
    2023-06-17 18:44:37.505 : User is logged out of session	[MsgId: MMSG-17999]
  2023-06-17 18:46:35.152 : IterationNum=134	[MsgId: MMSG-17999]
   USER 134 = user72:pwd72	[MsgId: MMSG-17999]
    2023-06-17 18:46:35.246 : Start page is opened	[MsgId: MMSG-17999]
    2023-06-17 18:46:39.615 : User is logged in with session 136655.293236128HAcQcAzpztfiDDDDtcVHfpcDQiHf	[MsgId: MMSG-17999]
    2023-06-17 18:46:43.524 : User is logged out of session	[MsgId: MMSG-17999]
  2023-06-17 18:48:41.167 : IterationNum=135	[MsgId: MMSG-17999]
   USER 135 = user72:pwd72	[MsgId: MMSG-17999]
    2023-06-17 18:48:41.260 : Start page is opened	[MsgId: MMSG-17999]
    2023-06-17 18:48:46.289 : User is logged in with session 136655.303442689HAcQcAHpVHAiDDDDtcVHfpctDAcf	[MsgId: MMSG-17999]
    2023-06-17 18:48:51.116 : User is logged out of session	[MsgId: MMSG-17999]
  2023-06-17 18:50:47.182 : IterationNum=136	[MsgId: MMSG-17999]
   USER 136 = user72:pwd72	[MsgId: MMSG-17999]
    2023-06-17 18:50:47.276 : Start page is opened	[MsgId: MMSG-17999]
    2023-06-17 18:50:53.545 : User is logged in with session 136655.313649251HAcQcAHpzQfiDDDDtcVHfpctzVHf	[MsgId: MMSG-17999]
    2023-06-17 18:50:58.282 : User is logged out of session	[MsgId: MMSG-17999]
  2023-06-17 18:52:53.195 : IterationNum=137	[MsgId: MMSG-17999]
   USER 137 = user72:pwd72	[MsgId: MMSG-17999]
    2023-06-17 18:52:53.289 : Start page is opened	[MsgId: MMSG-17999]
    2023-06-17 18:52:59.497 : User is logged in with session 136655.323855812HAcQcAipccAiDDDDtcVHfpctQDcf	[MsgId: MMSG-17999]
    2023-06-17 18:53:03.764 : User is logged out of session	[MsgId: MMSG-17999]
  2023-06-17 18:54:59.209 : IterationNum=138	[MsgId: MMSG-17999]
   USER 138 = user72:pwd72	[MsgId: MMSG-17999]
    2023-06-17 18:54:59.304 : Start page is opened	[MsgId: MMSG-17999]
    2023-06-17 18:55:05.222 : User is logged in with session 136655.334062373HAcQcAipHtfiDDDDtcVHfpcfctHf	[MsgId: MMSG-17999]
    2023-06-17 18:55:09.981 : User is logged out of session	[MsgId: MMSG-17999]
  2023-06-17 18:57:05.219 : IterationNum=139	[MsgId: MMSG-17999]
   USER 139 = user72:pwd72	[MsgId: MMSG-17999]
    2023-06-17 18:57:05.314 : Start page is opened	[MsgId: MMSG-17999]
    2023-06-17 18:57:10.267 : User is logged in with session 136655.344268935HAcQcAQpcHAiDDDDtcVHfpcffzcf	[MsgId: MMSG-17999]
    2023-06-17 18:57:15.522 : User is logged out of session	[MsgId: MMSG-17999]
  2023-06-17 18:59:11.227 : IterationNum=140	[MsgId: MMSG-17999]
   USER 140 = user72:pwd72	[MsgId: MMSG-17999]
    2023-06-17 18:59:11.322 : Start page is opened	[MsgId: MMSG-17999]
    2023-06-17 18:59:16.354 : User is logged in with session 136655.354475496HAcQcAQpHQfiDDDDtcVHfpcfiHHf	[MsgId: MMSG-17999]
    2023-06-17 18:59:21.884 : User is logged out of session	[MsgId: MMSG-17999]
  2023-06-17 19:01:17.234 : IterationNum=141	[MsgId: MMSG-17999]
   USER 141 = user72:pwd72	[MsgId: MMSG-17999]
    2023-06-17 19:01:17.328 : Start page is opened	[MsgId: MMSG-17999]
    2023-06-17 19:01:22.631 : User is logged in with session 136655.364682058HAcQcVApDcAiDDDDtcVHfpczVQcf	[MsgId: MMSG-17999]
    2023-06-17 19:01:28.430 : User is logged out of session	[MsgId: MMSG-17999]
  2023-06-17 19:03:23.240 : IterationNum=142	[MsgId: MMSG-17999]
   USER 142 = user72:pwd72	[MsgId: MMSG-17999]
    2023-06-17 19:03:23.334 : Start page is opened	[MsgId: MMSG-17999]
    2023-06-17 19:03:29.647 : User is logged in with session 136655.374888619HAcQcVApitfiDDDDtcVHfpczfAHf	[MsgId: MMSG-17999]
    2023-06-17 19:03:35.029 : User is logged out of session	[MsgId: MMSG-17999]
  2023-06-17 19:05:29.253 : IterationNum=143	[MsgId: MMSG-17999]
   USER 143 = user72:pwd72	[MsgId: MMSG-17999]
    2023-06-17 19:05:29.347 : Start page is opened	[MsgId: MMSG-17999]
    2023-06-17 19:05:35.503 : User is logged in with session 136655.38509518HAcQcVVpDHAiDDDDtcVHfpcziccf	[MsgId: MMSG-17999]
    2023-06-17 19:05:40.002 : User is logged out of session	[MsgId: MMSG-17999]
  2023-06-17 19:07:35.254 : IterationNum=144	[MsgId: MMSG-17999]
   USER 144 = user72:pwd72	[MsgId: MMSG-17999]
    2023-06-17 19:07:35.347 : Start page is opened	[MsgId: MMSG-17999]
    2023-06-17 19:07:41.560 : User is logged in with session 136655.395301742HAcQcVVpiQfiDDDDtcVHfpcHVDHf	[MsgId: MMSG-17999]
    2023-06-17 19:07:46.515 : User is logged out of session	[MsgId: MMSG-17999]
  2023-06-17 19:09:41.261 : IterationNum=145	[MsgId: MMSG-17999]
   USER 145 = user72:pwd72	[MsgId: MMSG-17999]
    2023-06-17 19:09:41.355 : Start page is opened	[MsgId: MMSG-17999]
    2023-06-17 19:09:47.023 : User is logged in with session 136655.405508303HAcQcVcptcAiDDDDtcVHfpcHtfcf	[MsgId: MMSG-17999]
    2023-06-17 19:09:51.134 : User is logged out of session	[MsgId: MMSG-17999]
  2023-06-17 19:11:47.264 : IterationNum=146	[MsgId: MMSG-17999]
   USER 146 = user72:pwd72	[MsgId: MMSG-17999]
    2023-06-17 19:11:47.358 : Start page is opened	[MsgId: MMSG-17999]
    2023-06-17 19:11:51.576 : User is logged in with session 136655.415714864HAcQcVcpQtfiDDDDtcVHfpcHHzHf	[MsgId: MMSG-17999]
    2023-06-17 19:11:56.312 : User is logged out of session	[MsgId: MMSG-17999]
  2023-06-17 19:13:53.275 : IterationNum=147	[MsgId: MMSG-17999]
   USER 147 = user72:pwd72	[MsgId: MMSG-17999]
    2023-06-17 19:13:53.368 : Start page is opened	[MsgId: MMSG-17999]
    2023-06-17 19:13:57.380 : User is logged in with session 136655.425921426HAcQcVDptHAiDDDDtcVHfpciAicf	[MsgId: MMSG-17999]
    2023-06-17 19:14:01.281 : User is logged out of session	[MsgId: MMSG-17999]
  2023-06-17 19:15:59.280 : IterationNum=148	[MsgId: MMSG-17999]
   USER 148 = user72:pwd72	[MsgId: MMSG-17999]
    2023-06-17 19:15:59.373 : Start page is opened	[MsgId: MMSG-17999]
    2023-06-17 19:16:05.332 : User is logged in with session 136655.436127987HAcQcVDpQQfiDDDDtcVHfpciDQHf	[MsgId: MMSG-17999]
    2023-06-17 19:16:09.231 : User is logged out of session	[MsgId: MMSG-17999]
  2023-06-17 19:18:05.290 : IterationNum=149	[MsgId: MMSG-17999]
   USER 149 = user72:pwd72	[MsgId: MMSG-17999]
    2023-06-17 19:18:05.384 : Start page is opened	[MsgId: MMSG-17999]
    2023-06-17 19:18:10.435 : User is logged in with session 136655.446334548HAcQcVtpfcAiDDDDtcVHfpciHVcf	[MsgId: MMSG-17999]
    2023-06-17 19:18:15.444 : User is logged out of session	[MsgId: MMSG-17999]
  2023-06-17 19:20:11.294 : IterationNum=150	[MsgId: MMSG-17999]
   USER 150 = user72:pwd72	[MsgId: MMSG-17999]
    2023-06-17 19:20:11.388 : Start page is opened	[MsgId: MMSG-17999]
    2023-06-17 19:20:15.816 : User is logged in with session 136655.45654111HAcQcVfpAtfiDDDDtcVHfpcQAcHf	[MsgId: MMSG-17999]
    2023-06-17 19:20:22.066 : User is logged out of session	[MsgId: MMSG-17999]
  2023-06-17 19:22:17.298 : IterationNum=151	[MsgId: MMSG-17999]
   USER 151 = user72:pwd72	[MsgId: MMSG-17999]
    2023-06-17 19:22:17.392 : Start page is opened	[MsgId: MMSG-17999]
    2023-06-17 19:22:22.457 : User is logged in with session 136655.466747671HAcQcVfpfHAiDDDDtcVHfpcQDtcf	[MsgId: MMSG-17999]
    2023-06-17 19:22:27.905 : User is logged out of session	[MsgId: MMSG-17999]
  2023-06-17 19:24:23.300 : IterationNum=152	[MsgId: MMSG-17999]
   USER 152 = user72:pwd72	[MsgId: MMSG-17999]
    2023-06-17 19:24:23.394 : Start page is opened	[MsgId: MMSG-17999]
    2023-06-17 19:24:28.407 : User is logged in with session 136655.476954232HAcQcVzpAQfiDDDDtcVHfpcQzfHf	[MsgId: MMSG-17999]
    2023-06-17 19:24:33.913 : User is logged out of session	[MsgId: MMSG-17999]
  2023-06-17 19:26:29.306 : IterationNum=153	[MsgId: MMSG-17999]
   USER 153 = user72:pwd72	[MsgId: MMSG-17999]
    2023-06-17 19:26:29.401 : Start page is opened	[MsgId: MMSG-17999]
    2023-06-17 19:26:34.431 : User is logged in with session 136655.487160794HAcQcVzpzcAiDDDDtcVHfpcQQHcf	[MsgId: MMSG-17999]
    2023-06-17 19:26:39.122 : User is logged out of session	[MsgId: MMSG-17999]
  2023-06-17 19:28:35.321 : IterationNum=154	[MsgId: MMSG-17999]
   USER 154 = user72:pwd72	[MsgId: MMSG-17999]
    2023-06-17 19:28:35.414 : Start page is opened	[MsgId: MMSG-17999]
    2023-06-17 19:28:40.984 : User is logged in with session 136655.497367355HAcQcVHpVtfiDDDDtcVHfpDAciHf	[MsgId: MMSG-17999]
    2023-06-17 19:28:45.472 : User is logged out of session	[MsgId: MMSG-17999]
  2023-06-17 19:30:41.320 : IterationNum=155	[MsgId: MMSG-17999]
   USER 155 = user72:pwd72	[MsgId: MMSG-17999]
    2023-06-17 19:30:41.415 : Start page is opened	[MsgId: MMSG-17999]
    2023-06-17 19:30:46.030 : User is logged in with session 136655.507573917HAcQcVHpzHAiDDDDtcVHfpDAzAcf	[MsgId: MMSG-17999]
    2023-06-17 19:30:51.799 : User is logged out of session	[MsgId: MMSG-17999]
  2023-06-17 19:32:47.333 : IterationNum=156	[MsgId: MMSG-17999]
   USER 156 = user72:pwd72	[MsgId: MMSG-17999]
    2023-06-17 19:32:47.429 : Start page is opened	[MsgId: MMSG-17999]
    2023-06-17 19:32:53.716 : User is logged in with session 136655.517780478HAcQcVipVQfiDDDDtcVHfpDAQVHf	[MsgId: MMSG-17999]
    2023-06-17 19:32:58.410 : User is logged out of session	[MsgId: MMSG-17999]
  2023-06-17 19:34:53.345 : IterationNum=157	[MsgId: MMSG-17999]
   USER 157 = user72:pwd72	[MsgId: MMSG-17999]
    2023-06-17 19:34:53.437 : Start page is opened	[MsgId: MMSG-17999]
    2023-06-17 19:34:59.469 : User is logged in with session 136655.527987039HAcQcVipHcAiDDDDtcVHfpDVcDcf	[MsgId: MMSG-17999]
    2023-06-17 19:35:05.149 : User is logged out of session	[MsgId: MMSG-17999]
  2023-06-17 19:36:59.357 : IterationNum=158	[MsgId: MMSG-17999]
   USER 158 = user72:pwd72	[MsgId: MMSG-17999]
    2023-06-17 19:36:59.452 : Start page is opened	[MsgId: MMSG-17999]
    2023-06-17 19:37:05.349 : User is logged in with session 136655.538193601HAcQcVQpctfiDDDDtcVHfpDVftHf	[MsgId: MMSG-17999]
    2023-06-17 19:37:11.142 : User is logged out of session	[MsgId: MMSG-17999]
  2023-06-17 19:39:05.373 : IterationNum=159	[MsgId: MMSG-17999]
   USER 159 = user72:pwd72	[MsgId: MMSG-17999]
    2023-06-17 19:39:05.466 : Start page is opened	[MsgId: MMSG-17999]
    2023-06-17 19:39:11.657 : User is logged in with session 136655.548400162HAcQcVQpHHAiDDDDtcVHfpDVizcf	[MsgId: MMSG-17999]
    2023-06-17 19:39:16.618 : User is logged out of session	[MsgId: MMSG-17999]
  2023-06-17 19:41:11.378 : IterationNum=160	[MsgId: MMSG-17999]
   USER 160 = user72:pwd72	[MsgId: MMSG-17999]
    2023-06-17 19:41:11.472 : Start page is opened	[MsgId: MMSG-17999]
    2023-06-17 19:41:17.022 : User is logged in with session 136655.558606723HAcQccApcQfiDDDDtcVHfpDcVHHf	[MsgId: MMSG-17999]
    2023-06-17 19:41:21.357 : User is logged out of session	[MsgId: MMSG-17999]
  2023-06-17 19:43:17.388 : IterationNum=161	[MsgId: MMSG-17999]
   USER 161 = user72:pwd72	[MsgId: MMSG-17999]
    2023-06-17 19:43:17.482 : Start page is opened	[MsgId: MMSG-17999]
    2023-06-17 19:43:23.733 : User is logged in with session 136655.568813285HAcQccApicAiDDDDtcVHfpDctQcf	[MsgId: MMSG-17999]
    2023-06-17 19:43:28.735 : User is logged out of session	[MsgId: MMSG-17999]
  2023-06-17 19:45:23.396 : IterationNum=162	[MsgId: MMSG-17999]
   USER 162 = user72:pwd72	[MsgId: MMSG-17999]
    2023-06-17 19:45:23.490 : Start page is opened	[MsgId: MMSG-17999]
    2023-06-17 19:45:29.539 : User is logged in with session 136655.579019846HAcQccVpDtfiDDDDtcVHfpDciAHf	[MsgId: MMSG-17999]
    2023-06-17 19:45:34.829 : User is logged out of session	[MsgId: MMSG-17999]
  2023-06-17 19:47:29.402 : IterationNum=163	[MsgId: MMSG-17999]
   USER 163 = user72:pwd72	[MsgId: MMSG-17999]
    2023-06-17 19:47:29.498 : Start page is opened	[MsgId: MMSG-17999]
    2023-06-17 19:47:35.264 : User is logged in with session 136655.589226407HAcQccVpiHAiDDDDtcVHfpDDVccf	[MsgId: MMSG-17999]
    2023-06-17 19:47:40.486 : User is logged out of session	[MsgId: MMSG-17999]
  2023-06-17 19:49:35.409 : IterationNum=164	[MsgId: MMSG-17999]
   USER 164 = user72:pwd72	[MsgId: MMSG-17999]
    2023-06-17 19:49:35.503 : Start page is opened	[MsgId: MMSG-17999]
    2023-06-17 19:49:39.773 : User is logged in with session 136655.599432969HAcQcccpDQfiDDDDtcVHfpDDtDHf	[MsgId: MMSG-17999]
    2023-06-17 19:49:44.277 : User is logged out of session	[MsgId: MMSG-17999]
  2023-06-17 19:51:41.414 : IterationNum=165	[MsgId: MMSG-17999]
   USER 165 = user72:pwd72	[MsgId: MMSG-17999]
    2023-06-17 19:51:41.509 : Start page is opened	[MsgId: MMSG-17999]
    2023-06-17 19:51:47.515 : User is logged in with session 136655.60963953HAcQcccpQcAiDDDDtcVHfpDDHfcf	[MsgId: MMSG-17999]
    2023-06-17 19:51:52.143 : User is logged out of session	[MsgId: MMSG-17999]
  2023-06-17 19:53:47.427 : IterationNum=166	[MsgId: MMSG-17999]
   USER 166 = user72:pwd72	[MsgId: MMSG-17999]
    2023-06-17 19:53:47.520 : Start page is opened	[MsgId: MMSG-17999]
    2023-06-17 19:53:52.755 : User is logged in with session 136655.619846092HAcQccDpttfiDDDDtcVHfpDtAzHf	[MsgId: MMSG-17999]
    2023-06-17 19:53:57.563 : User is logged out of session	[MsgId: MMSG-17999]
  2023-06-17 19:55:53.432 : IterationNum=167	[MsgId: MMSG-17999]
   USER 167 = user72:pwd72	[MsgId: MMSG-17999]
    2023-06-17 19:55:53.527 : Start page is opened	[MsgId: MMSG-17999]
    2023-06-17 19:55:59.159 : User is logged in with session 136655.630052653HAcQccDpQHAiDDDDtcVHfpDtDicf	[MsgId: MMSG-17999]
    2023-06-17 19:56:04.641 : User is logged out of session	[MsgId: MMSG-17999]
  2023-06-17 19:57:59.432 : IterationNum=168	[MsgId: MMSG-17999]
   USER 168 = user72:pwd72	[MsgId: MMSG-17999]
    2023-06-17 19:57:59.525 : Start page is opened	[MsgId: MMSG-17999]
    2023-06-17 19:58:04.355 : User is logged in with session 136655.640259214HAcQcctptQfiDDDDtcVHfpDtzQHf	[MsgId: MMSG-17999]
    2023-06-17 19:58:10.670 : User is logged out of session	[MsgId: MMSG-17999]
  2023-06-17 20:00:05.439 : IterationNum=169	[MsgId: MMSG-17999]
   USER 169 = user72:pwd72	[MsgId: MMSG-17999]
    2023-06-17 20:00:05.533 : Start page is opened	[MsgId: MMSG-17999]
    2023-06-17 20:00:10.485 : User is logged in with session 136655.650465776HAcQccfpAcAiDDDDtcVHfpDfAVcf	[MsgId: MMSG-17999]
    2023-06-17 20:00:15.627 : User is logged out of session	[MsgId: MMSG-17999]
  2023-06-17 20:02:11.440 : IterationNum=170	[MsgId: MMSG-17999]
   USER 170 = user72:pwd72	[MsgId: MMSG-17999]
    2023-06-17 20:02:11.534 : Start page is opened	[MsgId: MMSG-17999]
    2023-06-17 20:02:16.042 : User is logged in with session 136655.660672337HAcQccfpftfiDDDDtcVHfpDfDcHf	[MsgId: MMSG-17999]
    2023-06-17 20:02:20.525 : User is logged out of session	[MsgId: MMSG-17999]
  2023-06-17 20:04:17.450 : IterationNum=171	[MsgId: MMSG-17999]
   USER 171 = user72:pwd72	[MsgId: MMSG-17999]
    2023-06-17 20:04:17.544 : Start page is opened	[MsgId: MMSG-17999]
    2023-06-17 20:04:23.259 : User is logged in with session 136655.670878898HAcQcczpAHAiDDDDtcVHfpDfztcf	[MsgId: MMSG-17999]
    2023-06-17 20:04:27.630 : User is logged out of session	[MsgId: MMSG-17999]
  2023-06-17 20:06:23.465 : IterationNum=172	[MsgId: MMSG-17999]
   USER 172 = user72:pwd72	[MsgId: MMSG-17999]
    2023-06-17 20:06:23.559 : Start page is opened	[MsgId: MMSG-17999]
    2023-06-17 20:06:27.737 : User is logged in with session 136655.68108546HAcQcczpfQfiDDDDtcVHfpDfQfHf	[MsgId: MMSG-17999]
    2023-06-17 20:06:31.994 : User is logged out of session	[MsgId: MMSG-17999]
  2023-06-17 20:08:29.465 : IterationNum=173	[MsgId: MMSG-17999]
   USER 173 = user72:pwd72	[MsgId: MMSG-17999]
    2023-06-17 20:08:29.560 : Start page is opened	[MsgId: MMSG-17999]
    2023-06-17 20:08:34.233 : User is logged in with session 136655.691292021HAcQccHpVcAiDDDDtcVHfpDzcHcf	[MsgId: MMSG-17999]
    2023-06-17 20:08:39.156 : User is logged out of session	[MsgId: MMSG-17999]
  2023-06-17 20:10:35.480 : IterationNum=174	[MsgId: MMSG-17999]
   USER 174 = user72:pwd72	[MsgId: MMSG-17999]
    2023-06-17 20:10:35.575 : Start page is opened	[MsgId: MMSG-17999]
    2023-06-17 20:10:39.899 : User is logged in with session 136655.701498582HAcQccHpztfiDDDDtcVHfpDzfiHf	[MsgId: MMSG-17999]
    2023-06-17 20:10:45.979 : User is logged out of session	[MsgId: MMSG-17999]
  2023-06-17 20:12:41.482 : IterationNum=175	[MsgId: MMSG-17999]
   USER 175 = user72:pwd72	[MsgId: MMSG-17999]
    2023-06-17 20:12:41.576 : Start page is opened	[MsgId: MMSG-17999]
    2023-06-17 20:12:47.525 : User is logged in with session 136655.711705144HAcQccipVHAiDDDDtcVHfpDzQAcf	[MsgId: MMSG-17999]
    2023-06-17 20:12:53.070 : User is logged out of session	[MsgId: MMSG-17999]
  2023-06-17 20:14:47.493 : IterationNum=176	[MsgId: MMSG-17999]
   USER 176 = user72:pwd72	[MsgId: MMSG-17999]
    2023-06-17 20:14:47.587 : Start page is opened	[MsgId: MMSG-17999]
    2023-06-17 20:14:52.253 : User is logged in with session 136655.721911705HAcQccipzQfiDDDDtcVHfpDHcVHf	[MsgId: MMSG-17999]
    2023-06-17 20:14:57.236 : User is logged out of session	[MsgId: MMSG-17999]
  2023-06-17 20:16:53.501 : IterationNum=177	[MsgId: MMSG-17999]
   USER 177 = user72:pwd72	[MsgId: MMSG-17999]
    2023-06-17 20:16:53.596 : Start page is opened	[MsgId: MMSG-17999]
    2023-06-17 20:16:58.108 : User is logged in with session 136655.732118267HAcQccQpccAiDDDDtcVHfpDHfDcf	[MsgId: MMSG-17999]
    2023-06-17 20:17:02.024 : User is logged out of session	[MsgId: MMSG-17999]
  2023-06-17 20:18:59.515 : IterationNum=178	[MsgId: MMSG-17999]
   USER 178 = user72:pwd72	[MsgId: MMSG-17999]
    2023-06-17 20:18:59.607 : Start page is opened	[MsgId: MMSG-17999]
    2023-06-17 20:19:04.846 : User is logged in with session 136655.742324828HAcQccQpHtfiDDDDtcVHfpDHitHf	[MsgId: MMSG-17999]
    2023-06-17 20:19:09.227 : User is logged out of session	[MsgId: MMSG-17999]
  2023-06-17 20:21:05.523 : IterationNum=179	[MsgId: MMSG-17999]
   USER 179 = user72:pwd72	[MsgId: MMSG-17999]
    2023-06-17 20:21:05.616 : Start page is opened	[MsgId: MMSG-17999]
    2023-06-17 20:21:11.172 : User is logged in with session 136655.752531389HAcQcDApcHAiDDDDtcVHfpDiVzcf	[MsgId: MMSG-17999]
    2023-06-17 20:21:17.350 : User is logged out of session	[MsgId: MMSG-17999]
  2023-06-17 20:23:11.526 : IterationNum=180	[MsgId: MMSG-17999]
   USER 180 = user72:pwd72	[MsgId: MMSG-17999]
    2023-06-17 20:23:11.620 : Start page is opened	[MsgId: MMSG-17999]
    2023-06-17 20:23:17.701 : User is logged in with session 136655.762737951HAcQcDApHQfiDDDDtcVHfpDitHHf	[MsgId: MMSG-17999]
    2023-06-17 20:23:23.095 : User is logged out of session	[MsgId: MMSG-17999]
  2023-06-17 20:25:17.533 : IterationNum=181	[MsgId: MMSG-17999]
   USER 181 = user72:pwd72	[MsgId: MMSG-17999]
    2023-06-17 20:25:17.627 : Start page is opened	[MsgId: MMSG-17999]
    2023-06-17 20:25:23.162 : User is logged in with session 136655.772944512HAcQcDVpDcAiDDDDtcVHfpDiHQcf	[MsgId: MMSG-17999]
    2023-06-17 20:25:28.792 : User is logged out of session	[MsgId: MMSG-17999]
  2023-06-17 20:27:23.537 : IterationNum=182	[MsgId: MMSG-17999]
   USER 182 = user72:pwd72	[MsgId: MMSG-17999]
    2023-06-17 20:27:23.632 : Start page is opened	[MsgId: MMSG-17999]
    2023-06-17 20:27:28.078 : User is logged in with session 136655.783151073HAcQcDVpitfiDDDDtcVHfpDQVAHf	[MsgId: MMSG-17999]
    2023-06-17 20:27:32.235 : User is logged out of session	[MsgId: MMSG-17999]
  2023-06-17 20:29:29.541 : IterationNum=183	[MsgId: MMSG-17999]
   USER 183 = user72:pwd72	[MsgId: MMSG-17999]
    2023-06-17 20:29:29.635 : Start page is opened	[MsgId: MMSG-17999]
    2023-06-17 20:29:33.882 : User is logged in with session 136655.793357635HAcQcDcpDHAiDDDDtcVHfpDQtccf	[MsgId: MMSG-17999]
    2023-06-17 20:29:38.616 : User is logged out of session	[MsgId: MMSG-17999]
  2023-06-17 20:31:35.547 : IterationNum=184	[MsgId: MMSG-17999]
   USER 184 = user72:pwd72	[MsgId: MMSG-17999]
    2023-06-17 20:31:35.642 : Start page is opened	[MsgId: MMSG-17999]
    2023-06-17 20:31:40.306 : User is logged in with session 136655.803564196HAcQcDcpiQfiDDDDtcVHfpDQHDHf	[MsgId: MMSG-17999]
    2023-06-17 20:31:45.751 : User is logged out of session	[MsgId: MMSG-17999]
  2023-06-17 20:33:41.555 : IterationNum=185	[MsgId: MMSG-17999]
   USER 185 = user72:pwd72	[MsgId: MMSG-17999]
    2023-06-17 20:33:41.649 : Start page is opened	[MsgId: MMSG-17999]
    2023-06-17 20:33:45.732 : User is logged in with session 136655.813770757HAcQcDDptcAiDDDDtcVHfptAAfcf	[MsgId: MMSG-17999]
    2023-06-17 20:33:50.803 : User is logged out of session	[MsgId: MMSG-17999]
  2023-06-17 20:35:47.569 : IterationNum=186	[MsgId: MMSG-17999]
   USER 186 = user72:pwd72	[MsgId: MMSG-17999]
    2023-06-17 20:35:47.663 : Start page is opened	[MsgId: MMSG-17999]
    2023-06-17 20:35:53.965 : User is logged in with session 136655.823977319HAcQcDDpQtfiDDDDtcVHfptADzHf	[MsgId: MMSG-17999]
    2023-06-17 20:35:59.558 : User is logged out of session	[MsgId: MMSG-17999]
  2023-06-17 20:37:53.571 : IterationNum=187	[MsgId: MMSG-17999]
   USER 187 = user72:pwd72	[MsgId: MMSG-17999]
    2023-06-17 20:37:53.666 : Start page is opened	[MsgId: MMSG-17999]
    2023-06-17 20:37:58.002 : User is logged in with session 136655.83418388HAcQcDtptHAiDDDDtcVHfptAzicf	[MsgId: MMSG-17999]
    2023-06-17 20:38:04.091 : User is logged out of session	[MsgId: MMSG-17999]
  2023-06-17 20:39:59.580 : IterationNum=188	[MsgId: MMSG-17999]
   USER 188 = user72:pwd72	[MsgId: MMSG-17999]
    2023-06-17 20:39:59.674 : Start page is opened	[MsgId: MMSG-17999]
    2023-06-17 20:40:06.047 : User is logged in with session 136655.844390441HAcQcDtpQQfiDDDDtcVHfptAQQHf	[MsgId: MMSG-17999]
    2023-06-17 20:40:12.269 : User is logged out of session	[MsgId: MMSG-17999]
  2023-06-17 20:42:05.590 : IterationNum=189	[MsgId: MMSG-17999]
   USER 189 = user72:pwd72	[MsgId: MMSG-17999]
    2023-06-17 20:42:05.685 : Start page is opened	[MsgId: MMSG-17999]
    2023-06-17 20:42:09.701 : User is logged in with session 136655.854597003HAcQcDfpfcAiDDDDtcVHfptVDVcf	[MsgId: MMSG-17999]
    2023-06-17 20:42:14.575 : User is logged out of session	[MsgId: MMSG-17999]
  2023-06-17 20:44:11.605 : IterationNum=190	[MsgId: MMSG-17999]
   USER 190 = user72:pwd72	[MsgId: MMSG-17999]
    2023-06-17 20:44:11.698 : Start page is opened	[MsgId: MMSG-17999]
    2023-06-17 20:44:17.514 : User is logged in with session 136655.864803564HAcQcDzpAtfiDDDDtcVHfptVzcHf	[MsgId: MMSG-17999]
    2023-06-17 20:44:23.812 : User is logged out of session	[MsgId: MMSG-17999]
  2023-06-17 20:46:17.618 : IterationNum=191	[MsgId: MMSG-17999]
   USER 191 = user72:pwd72	[MsgId: MMSG-17999]
    2023-06-17 20:46:17.712 : Start page is opened	[MsgId: MMSG-17999]
    2023-06-17 20:46:23.052 : User is logged in with session 136655.875010126HAcQcDzpfHAiDDDDtcVHfptVQtcf	[MsgId: MMSG-17999]
    2023-06-17 20:46:29.341 : User is logged out of session	[MsgId: MMSG-17999]
  2023-06-17 20:48:23.630 : IterationNum=192	[MsgId: MMSG-17999]
   USER 192 = user72:pwd72	[MsgId: MMSG-17999]
    2023-06-17 20:48:23.722 : Start page is opened	[MsgId: MMSG-17999]
    2023-06-17 20:48:28.622 : User is logged in with session 136655.885216687HAcQcDHpAQfiDDDDtcVHfptccfHf	[MsgId: MMSG-17999]
    2023-06-17 20:48:32.524 : User is logged out of session	[MsgId: MMSG-17999]
  2023-06-17 20:50:29.643 : IterationNum=193	[MsgId: MMSG-17999]
   USER 193 = user72:pwd72	[MsgId: MMSG-17999]
    2023-06-17 20:50:29.737 : Start page is opened	[MsgId: MMSG-17999]
    2023-06-17 20:50:35.165 : User is logged in with session 136655.895423248HAcQcDHpzcAiDDDDtcVHfptcfHcf	[MsgId: MMSG-17999]
    2023-06-17 20:50:41.378 : User is logged out of session	[MsgId: MMSG-17999]
  2023-06-17 20:52:35.643 : IterationNum=194	[MsgId: MMSG-17999]
   USER 194 = user72:pwd72	[MsgId: MMSG-17999]
    2023-06-17 20:52:35.737 : Start page is opened	[MsgId: MMSG-17999]
    2023-06-17 20:52:42.050 : User is logged in with session 136655.90562981HAcQcDipVtfiDDDDtcVHfptciiHf	[MsgId: MMSG-17999]
    2023-06-17 20:52:47.618 : User is logged out of session	[MsgId: MMSG-17999]
  2023-06-17 20:54:41.652 : IterationNum=195	[MsgId: MMSG-17999]
   USER 195 = user72:pwd72	[MsgId: MMSG-17999]
    2023-06-17 20:54:41.747 : Start page is opened	[MsgId: MMSG-17999]
    2023-06-17 20:54:48.033 : User is logged in with session 136655.915836371HAcQcDipzHAiDDDDtcVHfptDcAcf	[MsgId: MMSG-17999]
    2023-06-17 20:54:54.310 : User is logged out of session	[MsgId: MMSG-17999]
  2023-06-17 20:56:47.664 : IterationNum=196	[MsgId: MMSG-17999]
   USER 196 = user72:pwd72	[MsgId: MMSG-17999]
    2023-06-17 20:56:47.759 : Start page is opened	[MsgId: MMSG-17999]
    2023-06-17 20:56:52.018 : User is logged in with session 136655.926042932HAcQcDQpVQfiDDDDtcVHfptDfVHf	[MsgId: MMSG-17999]
    2023-06-17 20:56:57.091 : User is logged out of session	[MsgId: MMSG-17999]
  2023-06-17 20:58:53.666 : IterationNum=197	[MsgId: MMSG-17999]
   USER 197 = user72:pwd72	[MsgId: MMSG-17999]
    2023-06-17 20:58:53.760 : Start page is opened	[MsgId: MMSG-17999]
    2023-06-17 20:58:57.975 : User is logged in with session 136655.936249494HAcQcDQpHcAiDDDDtcVHfptDiDcf	[MsgId: MMSG-17999]
    2023-06-17 20:59:02.889 : User is logged out of session	[MsgId: MMSG-17999]
  2023-06-17 21:00:59.673 : IterationNum=198	[MsgId: MMSG-17999]
   USER 198 = user72:pwd72	[MsgId: MMSG-17999]
    2023-06-17 21:00:59.767 : Start page is opened	[MsgId: MMSG-17999]
    2023-06-17 21:01:04.623 : User is logged in with session 136655.946456055HAcQctApctfiDDDDtcVHfpttVtHf	[MsgId: MMSG-17999]
    2023-06-17 21:01:09.045 : User is logged out of session	[MsgId: MMSG-17999]
  2023-06-17 21:03:05.676 : IterationNum=199	[MsgId: MMSG-17999]
   USER 199 = user72:pwd72	[MsgId: MMSG-17999]
    2023-06-17 21:03:05.769 : Start page is opened	[MsgId: MMSG-17999]
    2023-06-17 21:03:10.060 : User is logged in with session 136655.956662616HAcQctApHHAiDDDDtcVHfptttzcf	[MsgId: MMSG-17999]
    2023-06-17 21:03:15.554 : User is logged out of session	[MsgId: MMSG-17999]
  2023-06-17 21:05:11.684 : IterationNum=200	[MsgId: MMSG-17999]
   USER 200 = user72:pwd72	[MsgId: MMSG-17999]
    2023-06-17 21:05:11.777 : Start page is opened	[MsgId: MMSG-17999]
    2023-06-17 21:05:15.759 : User is logged in with session 136655.966869178HAcQctVpcQfiDDDDtcVHfpttHHHf	[MsgId: MMSG-17999]
    2023-06-17 21:05:20.395 : User is logged out of session	[MsgId: MMSG-17999]
  2023-06-17 21:07:17.686 : IterationNum=201	[MsgId: MMSG-17999]
   USER 201 = user72:pwd72	[MsgId: MMSG-17999]
    2023-06-17 21:07:17.780 : Start page is opened	[MsgId: MMSG-17999]
    2023-06-17 21:07:22.762 : User is logged in with session 136655.977075739HAcQctVpicAiDDDDtcVHfptfAQcf	[MsgId: MMSG-17999]
    2023-06-17 21:07:28.800 : User is logged out of session	[MsgId: MMSG-17999]
  2023-06-17 21:09:23.694 : IterationNum=202	[MsgId: MMSG-17999]
   USER 202 = user72:pwd72	[MsgId: MMSG-17999]
    2023-06-17 21:09:23.789 : Start page is opened	[MsgId: MMSG-17999]
    2023-06-17 21:09:28.241 : User is logged in with session 136655.987282301HAcQctcpDtfiDDDDtcVHfptftAHf	[MsgId: MMSG-17999]
    2023-06-17 21:09:33.607 : User is logged out of session	[MsgId: MMSG-17999]
  2023-06-17 21:11:29.702 : IterationNum=203	[MsgId: MMSG-17999]
   USER 203 = user72:pwd72	[MsgId: MMSG-17999]
    2023-06-17 21:11:29.796 : Start page is opened	[MsgId: MMSG-17999]
    2023-06-17 21:11:36.073 : User is logged in with session 136655.997488862HAcQctcpiHAiDDDDtcVHfptfHccf	[MsgId: MMSG-17999]
    2023-06-17 21:11:42.344 : User is logged out of session	[MsgId: MMSG-17999]
  2023-06-17 21:13:35.714 : IterationNum=204	[MsgId: MMSG-17999]
   USER 204 = user72:pwd72	[MsgId: MMSG-17999]
    2023-06-17 21:13:35.808 : Start page is opened	[MsgId: MMSG-17999]
    2023-06-17 21:13:40.150 : User is logged in with session 136656.007695423HAcQctDpDQfiDDDDtcVHfptzADHf	[MsgId: MMSG-17999]
    2023-06-17 21:13:44.857 : User is logged out of session	[MsgId: MMSG-17999]
  2023-06-17 21:15:41.724 : IterationNum=205	[MsgId: MMSG-17999]
   USER 205 = user72:pwd72	[MsgId: MMSG-17999]
    2023-06-17 21:15:41.818 : Start page is opened	[MsgId: MMSG-17999]
    2023-06-17 21:15:48.037 : User is logged in with session 136656.017901985HAcQctDpQcAiDDDDtcVHfptzDfcf	[MsgId: MMSG-17999]
    2023-06-17 21:15:52.845 : User is logged out of session	[MsgId: MMSG-17999]
  2023-06-17 21:17:47.736 : IterationNum=206	[MsgId: MMSG-17999]
   USER 206 = user72:pwd72	[MsgId: MMSG-17999]
    2023-06-17 21:17:47.831 : Start page is opened	[MsgId: MMSG-17999]
    2023-06-17 21:17:53.732 : User is logged in with session 136656.028108546HAcQcttpttfiDDDDtcVHfptzzzHf	[MsgId: MMSG-17999]
    2023-06-17 21:17:57.898 : User is logged out of session	[MsgId: MMSG-17999]
  2023-06-17 21:19:53.738 : IterationNum=207	[MsgId: MMSG-17999]
   USER 207 = user72:pwd72	[MsgId: MMSG-17999]
    2023-06-17 21:19:53.831 : Start page is opened	[MsgId: MMSG-17999]
    2023-06-17 21:19:57.918 : User is logged in with session 136656.038315107HAcQcttpQHAiDDDDtcVHfptzQicf	[MsgId: MMSG-17999]
    2023-06-17 21:20:02.537 : User is logged out of session	[MsgId: MMSG-17999]
  2023-06-17 21:21:59.741 : IterationNum=208	[MsgId: MMSG-17999]
   USER 208 = user72:pwd72	[MsgId: MMSG-17999]
    2023-06-17 21:21:59.833 : Start page is opened	[MsgId: MMSG-17999]
    2023-06-17 21:22:05.156 : User is logged in with session 136656.048521669HAcQctfptQfiDDDDtcVHfptHcQHf	[MsgId: MMSG-17999]
    2023-06-17 21:22:10.020 : User is logged out of session	[MsgId: MMSG-17999]
  2023-06-17 21:24:05.751 : IterationNum=209	[MsgId: MMSG-17999]
   USER 209 = user72:pwd72	[MsgId: MMSG-17999]
    2023-06-17 21:24:05.844 : Start page is opened	[MsgId: MMSG-17999]
    2023-06-17 21:24:11.055 : User is logged in with session 136656.05872823HAcQctzpAcAiDDDDtcVHfptHzVcf	[MsgId: MMSG-17999]
    2023-06-17 21:24:15.392 : User is logged out of session	[MsgId: MMSG-17999]
  2023-06-17 21:26:11.764 : IterationNum=210	[MsgId: MMSG-17999]
   USER 210 = user72:pwd72	[MsgId: MMSG-17999]
    2023-06-17 21:26:11.857 : Start page is opened	[MsgId: MMSG-17999]
    2023-06-17 21:26:16.513 : User is logged in with session 136656.068934791HAcQctzpftfiDDDDtcVHfptHQcHf	[MsgId: MMSG-17999]
    2023-06-17 21:26:21.625 : User is logged out of session	[MsgId: MMSG-17999]
  2023-06-17 21:28:17.775 : IterationNum=211	[MsgId: MMSG-17999]
   USER 211 = user72:pwd72	[MsgId: MMSG-17999]
    2023-06-17 21:28:17.869 : Start page is opened	[MsgId: MMSG-17999]
    2023-06-17 21:28:22.795 : User is logged in with session 136656.079141353HAcQctHpAHAiDDDDtcVHfptictcf	[MsgId: MMSG-17999]
    2023-06-17 21:28:28.912 : User is logged out of session	[MsgId: MMSG-17999]
  2023-06-17 21:30:23.780 : IterationNum=212	[MsgId: MMSG-17999]
   USER 212 = user72:pwd72	[MsgId: MMSG-17999]
    2023-06-17 21:30:23.874 : Start page is opened	[MsgId: MMSG-17999]
    2023-06-17 21:30:29.552 : User is logged in with session 136656.089347914HAcQctHpfQfiDDDDtcVHfptiffHf	[MsgId: MMSG-17999]
    2023-06-17 21:30:34.940 : User is logged out of session	[MsgId: MMSG-17999]
  2023-06-17 21:32:29.780 : IterationNum=213	[MsgId: MMSG-17999]
   USER 213 = user72:pwd72	[MsgId: MMSG-17999]
    2023-06-17 21:32:29.874 : Start page is opened	[MsgId: MMSG-17999]
    2023-06-17 21:32:35.379 : User is logged in with session 136656.099554475HAcQctipVcAiDDDDtcVHfptiiHcf	[MsgId: MMSG-17999]
    2023-06-17 21:32:41.624 : User is logged out of session	[MsgId: MMSG-17999]
  2023-06-17 21:34:35.787 : IterationNum=214	[MsgId: MMSG-17999]
   USER 214 = user72:pwd72	[MsgId: MMSG-17999]
    2023-06-17 21:34:35.881 : Start page is opened	[MsgId: MMSG-17999]
    2023-06-17 21:34:41.571 : User is logged in with session 136656.109761037HAcQctipztfiDDDDtcVHfptQViHf	[MsgId: MMSG-17999]
    2023-06-17 21:34:45.534 : User is logged out of session	[MsgId: MMSG-17999]
  2023-06-17 21:36:41.792 : IterationNum=215	[MsgId: MMSG-17999]
   USER 215 = user72:pwd72	[MsgId: MMSG-17999]
    2023-06-17 21:36:41.886 : Start page is opened	[MsgId: MMSG-17999]
    2023-06-17 21:36:46.007 : User is logged in with session 136656.119967598HAcQctQpVHAiDDDDtcVHfptQfAcf	[MsgId: MMSG-17999]
    2023-06-17 21:36:50.851 : User is logged out of session	[MsgId: MMSG-17999]
  2023-06-17 21:38:47.806 : IterationNum=216	[MsgId: MMSG-17999]
   USER 216 = user72:pwd72	[MsgId: MMSG-17999]
    2023-06-17 21:38:47.900 : Start page is opened	[MsgId: MMSG-17999]
    2023-06-17 21:38:53.507 : User is logged in with session 136656.13017416HAcQctQpzQfiDDDDtcVHfptQiVHf	[MsgId: MMSG-17999]
    2023-06-17 21:38:59.364 : User is logged out of session	[MsgId: MMSG-17999]
  2023-06-17 21:40:53.811 : IterationNum=217	[MsgId: MMSG-17999]
   USER 217 = user72:pwd72	[MsgId: MMSG-17999]
    2023-06-17 21:40:53.907 : Start page is opened	[MsgId: MMSG-17999]
    2023-06-17 21:40:58.215 : User is logged in with session 136656.140380721HAcQcfApccAiDDDDtcVHfpfAVDcf	[MsgId: MMSG-17999]
    2023-06-17 21:41:02.180 : User is logged out of session	[MsgId: MMSG-17999]
  2023-06-17 21:42:59.813 : IterationNum=218	[MsgId: MMSG-17999]
   USER 218 = user72:pwd72	[MsgId: MMSG-17999]
    2023-06-17 21:42:59.906 : Start page is opened	[MsgId: MMSG-17999]
    2023-06-17 21:43:04.680 : User is logged in with session 136656.150587282HAcQcfApHtfiDDDDtcVHfpfAttHf	[MsgId: MMSG-17999]
    2023-06-17 21:43:10.732 : User is logged out of session	[MsgId: MMSG-17999]
  2023-06-17 21:45:05.817 : IterationNum=219	[MsgId: MMSG-17999]
   USER 219 = user72:pwd72	[MsgId: MMSG-17999]
    2023-06-17 21:45:05.912 : Start page is opened	[MsgId: MMSG-17999]
    2023-06-17 21:45:11.131 : User is logged in with session 136656.160793844HAcQcfVpcHAiDDDDtcVHfpfAHzcf	[MsgId: MMSG-17999]
    2023-06-17 21:45:15.032 : User is logged out of session	[MsgId: MMSG-17999]
  2023-06-17 21:47:11.829 : IterationNum=220	[MsgId: MMSG-17999]
   USER 220 = user72:pwd72	[MsgId: MMSG-17999]
    2023-06-17 21:47:11.922 : Start page is opened	[MsgId: MMSG-17999]
    2023-06-17 21:47:15.808 : User is logged in with session 136656.171000405HAcQcfVpHQfiDDDDtcVHfpfVAHHf	[MsgId: MMSG-17999]
    2023-06-17 21:47:20.958 : User is logged out of session	[MsgId: MMSG-17999]
  2023-06-17 21:49:17.833 : IterationNum=221	[MsgId: MMSG-17999]
   USER 221 = user72:pwd72	[MsgId: MMSG-17999]
    2023-06-17 21:49:17.927 : Start page is opened	[MsgId: MMSG-17999]
    2023-06-17 21:49:21.885 : User is logged in with session 136656.181206966HAcQcfcpDcAiDDDDtcVHfpfVDQcf	[MsgId: MMSG-17999]
    2023-06-17 21:49:26.560 : User is logged out of session	[MsgId: MMSG-17999]
  2023-06-17 21:51:23.848 : IterationNum=222	[MsgId: MMSG-17999]
   USER 222 = user72:pwd72	[MsgId: MMSG-17999]
    2023-06-17 21:51:23.942 : Start page is opened	[MsgId: MMSG-17999]
    2023-06-17 21:51:28.069 : User is logged in with session 136656.191413528HAcQcfcpitfiDDDDtcVHfpfVHAHf	[MsgId: MMSG-17999]
    2023-06-17 21:51:32.629 : User is logged out of session	[MsgId: MMSG-17999]
  2023-06-17 21:53:29.849 : IterationNum=223	[MsgId: MMSG-17999]
   USER 223 = user72:pwd72	[MsgId: MMSG-17999]
    2023-06-17 21:53:29.944 : Start page is opened	[MsgId: MMSG-17999]
    2023-06-17 21:53:34.674 : User is logged in with session 136656.201620089HAcQcfDpDHAiDDDDtcVHfpfcAccf	[MsgId: MMSG-17999]
    2023-06-17 21:53:39.339 : User is logged out of session	[MsgId: MMSG-17999]
  2023-06-17 21:55:35.854 : IterationNum=224	[MsgId: MMSG-17999]
   USER 224 = user72:pwd72	[MsgId: MMSG-17999]
    2023-06-17 21:55:35.947 : Start page is opened	[MsgId: MMSG-17999]
    2023-06-17 21:55:41.587 : User is logged in with session 136656.21182665HAcQcfDpiQfiDDDDtcVHfpfcDDHf	[MsgId: MMSG-17999]
    2023-06-17 21:55:47.804 : User is logged out of session	[MsgId: MMSG-17999]
  2023-06-17 21:57:41.863 : IterationNum=225	[MsgId: MMSG-17999]
   USER 225 = user72:pwd72	[MsgId: MMSG-17999]
    2023-06-17 21:57:41.956 : Start page is opened	[MsgId: MMSG-17999]
    2023-06-17 21:57:46.529 : User is logged in with session 136656.222033212HAcQcftptcAiDDDDtcVHfpfczfcf	[MsgId: MMSG-17999]
    2023-06-17 21:57:51.060 : User is logged out of session	[MsgId: MMSG-17999]
  2023-06-17 21:59:47.871 : IterationNum=226	[MsgId: MMSG-17999]
   USER 226 = user72:pwd72	[MsgId: MMSG-17999]
    2023-06-17 21:59:47.965 : Start page is opened	[MsgId: MMSG-17999]
    2023-06-17 21:59:53.261 : User is logged in with session 136656.232239773HAcQcftpQtfiDDDDtcVHfpfcQzHf	[MsgId: MMSG-17999]
    2023-06-17 21:59:58.783 : User is logged out of session	[MsgId: MMSG-17999]
  2023-06-17 22:01:53.874 : IterationNum=227	[MsgId: MMSG-17999]
   USER 227 = user72:pwd72	[MsgId: MMSG-17999]
    2023-06-17 22:01:53.967 : Start page is opened	[MsgId: MMSG-17999]
    2023-06-17 22:01:58.855 : User is logged in with session 136656.242446335HAcQcffptHAiDDDDtcVHfpfDcicf	[MsgId: MMSG-17999]
    2023-06-17 22:02:03.307 : User is logged out of session	[MsgId: MMSG-17999]
  2023-06-17 22:03:59.874 : IterationNum=228	[MsgId: MMSG-17999]
   USER 228 = user72:pwd72	[MsgId: MMSG-17999]
    2023-06-17 22:03:59.967 : Start page is opened	[MsgId: MMSG-17999]
    2023-06-17 22:04:05.528 : User is logged in with session 136656.252652896HAcQcffpQQfiDDDDtcVHfpfDfQHf	[MsgId: MMSG-17999]
    2023-06-17 22:04:10.327 : User is logged out of session	[MsgId: MMSG-17999]
  2023-06-17 22:06:05.889 : IterationNum=229	[MsgId: MMSG-17999]
   USER 229 = user72:pwd72	[MsgId: MMSG-17999]
    2023-06-17 22:06:05.983 : Start page is opened	[MsgId: MMSG-17999]
    2023-06-17 22:06:11.095 : User is logged in with session 136656.262859457HAcQcfzpfcAiDDDDtcVHfpfDQVcf	[MsgId: MMSG-17999]
    2023-06-17 22:06:15.200 : User is logged out of session	[MsgId: MMSG-17999]
  2023-06-17 22:08:11.894 : IterationNum=230	[MsgId: MMSG-17999]
   USER 230 = user72:pwd72	[MsgId: MMSG-17999]
    2023-06-17 22:08:11.988 : Start page is opened	[MsgId: MMSG-17999]
    2023-06-17 22:08:17.093 : User is logged in with session 136656.273066019HAcQcfHpAtfiDDDDtcVHfpftccHf	[MsgId: MMSG-17999]
    2023-06-17 22:08:21.491 : User is logged out of session	[MsgId: MMSG-17999]
  2023-06-17 22:10:17.909 : IterationNum=231	[MsgId: MMSG-17999]
   USER 231 = user72:pwd72	[MsgId: MMSG-17999]
    2023-06-17 22:10:18.003 : Start page is opened	[MsgId: MMSG-17999]
    2023-06-17 22:10:22.353 : User is logged in with session 136656.28327258HAcQcfHpfHAiDDDDtcVHfpftftcf	[MsgId: MMSG-17999]
    2023-06-17 22:10:26.292 : User is logged out of session	[MsgId: MMSG-17999]
  2023-06-17 22:12:23.913 : IterationNum=232	[MsgId: MMSG-17999]
   USER 232 = user72:pwd72	[MsgId: MMSG-17999]
    2023-06-17 22:12:24.008 : Start page is opened	[MsgId: MMSG-17999]
    2023-06-17 22:12:29.970 : User is logged in with session 136656.293479141HAcQcfipAQfiDDDDtcVHfpftifHf	[MsgId: MMSG-17999]
    2023-06-17 22:12:34.462 : User is logged out of session	[MsgId: MMSG-17999]
  2023-06-17 22:14:29.923 : IterationNum=233	[MsgId: MMSG-17999]
   USER 233 = user72:pwd72	[MsgId: MMSG-17999]
    2023-06-17 22:14:30.016 : Start page is opened	[MsgId: MMSG-17999]
    2023-06-17 22:14:34.936 : User is logged in with session 136656.303685703HAcQcfipzcAiDDDDtcVHfpffVHcf	[MsgId: MMSG-17999]
    2023-06-17 22:14:39.486 : User is logged out of session	[MsgId: MMSG-17999]
  2023-06-17 22:16:35.933 : IterationNum=234	[MsgId: MMSG-17999]
   USER 234 = user72:pwd72	[MsgId: MMSG-17999]
    2023-06-17 22:16:36.028 : Start page is opened	[MsgId: MMSG-17999]
    2023-06-17 22:16:41.413 : User is logged in with session 136656.313892264HAcQcfQpVtfiDDDDtcVHfpfftiHf	[MsgId: MMSG-17999]
    2023-06-17 22:16:47.628 : User is logged out of session	[MsgId: MMSG-17999]
  2023-06-17 22:18:41.947 : IterationNum=235	[MsgId: MMSG-17999]
   USER 235 = user72:pwd72	[MsgId: MMSG-17999]
    2023-06-17 22:18:42.042 : Start page is opened	[MsgId: MMSG-17999]
    2023-06-17 22:18:46.764 : User is logged in with session 136656.324098825HAcQcfQpzHAiDDDDtcVHfpffiAcf	[MsgId: MMSG-17999]
    2023-06-17 22:18:52.872 : User is logged out of session	[MsgId: MMSG-17999]
  2023-06-17 22:20:47.955 : IterationNum=236	[MsgId: MMSG-17999]
   USER 236 = user72:pwd72	[MsgId: MMSG-17999]
    2023-06-17 22:20:48.049 : Start page is opened	[MsgId: MMSG-17999]
    2023-06-17 22:20:54.125 : User is logged in with session 136656.334305387HAcQczApVQfiDDDDtcVHfpfzVVHf	[MsgId: MMSG-17999]
    2023-06-17 22:20:58.833 : User is logged out of session	[MsgId: MMSG-17999]
