  2023-06-17 14:05:55.896 : IterationNum=1	[MsgId: MMSG-17999]
   USER 1 = user64:pwd64	[MsgId: MMSG-17999]
    2023-06-17 14:05:55.981 : Start page is opened	[MsgId: MMSG-17999]
    2023-06-17 14:06:01.987 : User is logged in with session 136653.929121102HAcQVDzptHQVzzzHtcVHtpiViiHf	[MsgId: MMSG-17999]
    2023-06-17 14:06:06.810 : User is logged out of session	[MsgId: MMSG-17999]
  2023-06-17 14:08:01.897 : IterationNum=2	[MsgId: MMSG-17999]
   USER 2 = user64:pwd64	[MsgId: MMSG-17999]
    2023-06-17 14:08:01.992 : Start page is opened	[MsgId: MMSG-17999]
    2023-06-17 14:08:07.250 : User is logged in with session 136653.939327663HAcQVDHpAAtVzzzHtcVHtpiccAcf	[MsgId: MMSG-17999]
    2023-06-17 14:08:12.201 : User is logged out of session	[MsgId: MMSG-17999]
  2023-06-17 14:10:07.907 : IterationNum=3	[MsgId: MMSG-17999]
   USER 3 = user64:pwd64	[MsgId: MMSG-17999]
    2023-06-17 14:10:08.001 : Start page is opened	[MsgId: MMSG-17999]
    2023-06-17 14:10:12.830 : User is logged in with session 136653.949534224HAcQVDHpfcQVzzzHtcVHtpicfVHf	[MsgId: MMSG-17999]
    2023-06-17 14:10:18.247 : User is logged out of session	[MsgId: MMSG-17999]
  2023-06-17 14:12:13.912 : IterationNum=4	[MsgId: MMSG-17999]
   USER 4 = user64:pwd64	[MsgId: MMSG-17999]
    2023-06-17 14:12:14.006 : Start page is opened	[MsgId: MMSG-17999]
    2023-06-17 14:12:18.297 : User is logged in with session 136653.959740786HAcQVDipAftVzzzHtcVHtpiciDcf	[MsgId: MMSG-17999]
    2023-06-17 14:12:22.810 : User is logged out of session	[MsgId: MMSG-17999]
  2023-06-17 14:14:19.926 : IterationNum=5	[MsgId: MMSG-17999]
   USER 5 = user64:pwd64	[MsgId: MMSG-17999]
    2023-06-17 14:14:20.021 : Start page is opened	[MsgId: MMSG-17999]
    2023-06-17 14:14:25.219 : User is logged in with session 136653.969947347HAcQVDipfHQVzzzHtcVHtpiDVtHf	[MsgId: MMSG-17999]
    2023-06-17 14:14:30.625 : User is logged out of session	[MsgId: MMSG-17999]
  2023-06-17 14:16:25.930 : IterationNum=6	[MsgId: MMSG-17999]
   USER 6 = user64:pwd64	[MsgId: MMSG-17999]
    2023-06-17 14:16:26.024 : Start page is opened	[MsgId: MMSG-17999]
    2023-06-17 14:16:32.090 : User is logged in with session 136653.980153908HAcQVDQpVAtVzzzHtcVHtpiDtzcf	[MsgId: MMSG-17999]
    2023-06-17 14:16:36.882 : User is logged out of session	[MsgId: MMSG-17999]
  2023-06-17 14:18:31.937 : IterationNum=7	[MsgId: MMSG-17999]
   USER 7 = user64:pwd64	[MsgId: MMSG-17999]
    2023-06-17 14:18:32.031 : Start page is opened	[MsgId: MMSG-17999]
    2023-06-17 14:18:38.117 : User is logged in with session 136653.99036047HAcQVDQpzcQVzzzHtcVHtpiDHHHf	[MsgId: MMSG-17999]
    2023-06-17 14:18:42.374 : User is logged out of session	[MsgId: MMSG-17999]
  2023-06-17 14:20:37.951 : IterationNum=8	[MsgId: MMSG-17999]
   USER 8 = user64:pwd64	[MsgId: MMSG-17999]
    2023-06-17 14:20:38.045 : Start page is opened	[MsgId: MMSG-17999]
    2023-06-17 14:20:43.666 : User is logged in with session 136654.000567031HAcQVtApVftVzzzHtcVHtpitAQcf	[MsgId: MMSG-17999]
    2023-06-17 14:20:49.932 : User is logged out of session	[MsgId: MMSG-17999]
  2023-06-17 14:22:43.952 : IterationNum=9	[MsgId: MMSG-17999]
   USER 9 = user64:pwd64	[MsgId: MMSG-17999]
    2023-06-17 14:22:44.046 : Start page is opened	[MsgId: MMSG-17999]
    2023-06-17 14:22:48.505 : User is logged in with session 136654.010773593HAcQVtApzHQVzzzHtcVHtpittAHf	[MsgId: MMSG-17999]
    2023-06-17 14:22:54.797 : User is logged out of session	[MsgId: MMSG-17999]
  2023-06-17 14:24:49.962 : IterationNum=10	[MsgId: MMSG-17999]
   USER 10 = user64:pwd64	[MsgId: MMSG-17999]
    2023-06-17 14:24:50.057 : Start page is opened	[MsgId: MMSG-17999]
    2023-06-17 14:24:54.455 : User is logged in with session 136654.020980154HAcQVtVpcAtVzzzHtcVHtpitHccf	[MsgId: MMSG-17999]
    2023-06-17 14:24:59.973 : User is logged out of session	[MsgId: MMSG-17999]
  2023-06-17 14:26:55.976 : IterationNum=11	[MsgId: MMSG-17999]
   USER 11 = user64:pwd64	[MsgId: MMSG-17999]
    2023-06-17 14:26:56.070 : Start page is opened	[MsgId: MMSG-17999]
    2023-06-17 14:27:00.205 : User is logged in with session 136654.03126772HAcQVtVpHDDDDDDDtcVHtpifAt	[MsgId: MMSG-17999]
    2023-06-17 14:27:04.798 : User is logged out of session	[MsgId: MMSG-17999]
  2023-06-17 14:29:01.983 : IterationNum=12	[MsgId: MMSG-17999]
   USER 12 = user64:pwd64	[MsgId: MMSG-17999]
    2023-06-17 14:29:02.076 : Start page is opened	[MsgId: MMSG-17999]
    2023-06-17 14:29:06.870 : User is logged in with session 136654.041474281HAcQVtcpcfiDDDDDtcVHtpifDff	[MsgId: MMSG-17999]
    2023-06-17 14:29:12.823 : User is logged out of session	[MsgId: MMSG-17999]
  2023-06-17 14:31:07.991 : IterationNum=13	[MsgId: MMSG-17999]
   USER 13 = user64:pwd64	[MsgId: MMSG-17999]
    2023-06-17 14:31:08.085 : Start page is opened	[MsgId: MMSG-17999]
    2023-06-17 14:31:12.289 : User is logged in with session 136654.051680842HAcQVtcpHiDDDDDDtcVHtpifzH	[MsgId: MMSG-17999]
    2023-06-17 14:31:17.054 : User is logged out of session	[MsgId: MMSG-17999]
  2023-06-17 14:33:13.999 : IterationNum=14	[MsgId: MMSG-17999]
   USER 14 = user64:pwd64	[MsgId: MMSG-17999]
    2023-06-17 14:33:14.093 : Start page is opened	[MsgId: MMSG-17999]
    2023-06-17 14:33:19.318 : User is logged in with session 136654.061887404HAcQVtDpDAiDDDDDtcVHtpifQif	[MsgId: MMSG-17999]
    2023-06-17 14:33:24.312 : User is logged out of session	[MsgId: MMSG-17999]
  2023-06-17 14:35:20.010 : IterationNum=15	[MsgId: MMSG-17999]
   USER 15 = user64:pwd64	[MsgId: MMSG-17999]
    2023-06-17 14:35:20.105 : Start page is opened	[MsgId: MMSG-17999]
    2023-06-17 14:35:24.653 : User is logged in with session 136654.072093965HAcQVtDpiDDDDDDDtcVHtpizD	[MsgId: MMSG-17999]
    2023-06-17 14:35:28.669 : User is logged out of session	[MsgId: MMSG-17999]
  2023-06-17 14:37:26.019 : IterationNum=16	[MsgId: MMSG-17999]
   USER 16 = user64:pwd64	[MsgId: MMSG-17999]
    2023-06-17 14:37:26.113 : Start page is opened	[MsgId: MMSG-17999]
    2023-06-17 14:37:31.672 : User is logged in with session 136654.082300527HAcQVttpDfiDDDDDtcVHtpizzVf	[MsgId: MMSG-17999]
    2023-06-17 14:37:36.749 : User is logged out of session	[MsgId: MMSG-17999]
  2023-06-17 14:39:32.032 : IterationNum=17	[MsgId: MMSG-17999]
   USER 17 = user64:pwd64	[MsgId: MMSG-17999]
    2023-06-17 14:39:32.127 : Start page is opened	[MsgId: MMSG-17999]
    2023-06-17 14:39:38.162 : User is logged in with session 136654.092507088HAcQVttpiiDDDDDDtcVHtpizQD	[MsgId: MMSG-17999]
    2023-06-17 14:39:42.618 : User is logged out of session	[MsgId: MMSG-17999]
  2023-06-17 14:41:38.031 : IterationNum=18	[MsgId: MMSG-17999]
   USER 18 = user64:pwd64	[MsgId: MMSG-17999]
    2023-06-17 14:41:38.125 : Start page is opened	[MsgId: MMSG-17999]
    2023-06-17 14:41:43.492 : User is logged in with session 136654.102713649HAcQVtfptAiDDDDDtcVHtpiHctf	[MsgId: MMSG-17999]
    2023-06-17 14:41:47.522 : User is logged out of session	[MsgId: MMSG-17999]
  2023-06-17 14:43:44.039 : IterationNum=19	[MsgId: MMSG-17999]
   USER 19 = user64:pwd64	[MsgId: MMSG-17999]
    2023-06-17 14:43:44.134 : Start page is opened	[MsgId: MMSG-17999]
    2023-06-17 14:43:49.178 : User is logged in with session 136654.112920211HAcQVtfpQDDDDDDDtcVHtpiHfz	[MsgId: MMSG-17999]
    2023-06-17 14:43:54.185 : User is logged out of session	[MsgId: MMSG-17999]
  2023-06-17 14:45:50.046 : IterationNum=20	[MsgId: MMSG-17999]
   USER 20 = user64:pwd64	[MsgId: MMSG-17999]
    2023-06-17 14:45:50.139 : Start page is opened	[MsgId: MMSG-17999]
    2023-06-17 14:45:55.480 : User is logged in with session 136654.123126772HAcQVtzptfiDDDDDtcVHtpiHiHf	[MsgId: MMSG-17999]
    2023-06-17 14:46:00.680 : User is logged out of session	[MsgId: MMSG-17999]
  2023-06-17 14:47:56.061 : IterationNum=21	[MsgId: MMSG-17999]
   USER 21 = user64:pwd64	[MsgId: MMSG-17999]
    2023-06-17 14:47:56.155 : Start page is opened	[MsgId: MMSG-17999]
    2023-06-17 14:48:00.545 : User is logged in with session 136654.133333333HAcQVtzpQiDDDDDDtcVHtpiiVQ	[MsgId: MMSG-17999]
    2023-06-17 14:48:05.057 : User is logged out of session	[MsgId: MMSG-17999]
  2023-06-17 14:50:02.075 : IterationNum=22	[MsgId: MMSG-17999]
   USER 22 = user64:pwd64	[MsgId: MMSG-17999]
    2023-06-17 14:50:02.168 : Start page is opened	[MsgId: MMSG-17999]
    2023-06-17 14:50:06.398 : User is logged in with session 136654.143539895HAcQVtHpfAiDDDDDtcVHtpiifAf	[MsgId: MMSG-17999]
    2023-06-17 14:50:11.801 : User is logged out of session	[MsgId: MMSG-17999]
  2023-06-17 14:52:08.089 : IterationNum=23	[MsgId: MMSG-17999]
   USER 23 = user64:pwd64	[MsgId: MMSG-17999]
    2023-06-17 14:52:08.182 : Start page is opened	[MsgId: MMSG-17999]
    2023-06-17 14:52:13.587 : User is logged in with session 136654.153746456HAcQVtipADDDDDDDtcVHtpiiic	[MsgId: MMSG-17999]
    2023-06-17 14:52:19.867 : User is logged out of session	[MsgId: MMSG-17999]
  2023-06-17 14:54:14.095 : IterationNum=24	[MsgId: MMSG-17999]
   USER 24 = user64:pwd64	[MsgId: MMSG-17999]
    2023-06-17 14:54:14.190 : Start page is opened	[MsgId: MMSG-17999]
    2023-06-17 14:54:19.860 : User is logged in with session 136654.163953017HAcQVtipffiDDDDDtcVHtpiQVDf	[MsgId: MMSG-17999]
    2023-06-17 14:54:23.906 : User is logged out of session	[MsgId: MMSG-17999]
  2023-06-17 14:56:20.109 : IterationNum=25	[MsgId: MMSG-17999]
   USER 25 = user64:pwd64	[MsgId: MMSG-17999]
    2023-06-17 14:56:20.204 : Start page is opened	[MsgId: MMSG-17999]
    2023-06-17 14:56:24.876 : User is logged in with session 136654.174159579HAcQVtQpAiDDDDDDtcVHtpiQtf	[MsgId: MMSG-17999]
    2023-06-17 14:56:30.469 : User is logged out of session	[MsgId: MMSG-17999]
  2023-06-17 14:58:26.121 : IterationNum=26	[MsgId: MMSG-17999]
   USER 26 = user64:pwd64	[MsgId: MMSG-17999]
    2023-06-17 14:58:26.214 : Start page is opened	[MsgId: MMSG-17999]
    2023-06-17 14:58:30.837 : User is logged in with session 136654.18436614HAcQVtQpzAiDDDDDtcVHtpiQHzf	[MsgId: MMSG-17999]
    2023-06-17 14:58:35.294 : User is logged out of session	[MsgId: MMSG-17999]
  2023-06-17 15:00:32.124 : IterationNum=27	[MsgId: MMSG-17999]
   USER 27 = user64:pwd64	[MsgId: MMSG-17999]
    2023-06-17 15:00:32.218 : Start page is opened	[MsgId: MMSG-17999]
    2023-06-17 15:00:38.187 : User is logged in with session 136654.194572702HAcQVfApVDDDDDDDtcVHtpQAAi	[MsgId: MMSG-17999]
    2023-06-17 15:00:43.759 : User is logged out of session	[MsgId: MMSG-17999]
  2023-06-17 15:02:38.130 : IterationNum=28	[MsgId: MMSG-17999]
   USER 28 = user64:pwd64	[MsgId: MMSG-17999]
    2023-06-17 15:02:38.224 : Start page is opened	[MsgId: MMSG-17999]
    2023-06-17 15:02:42.577 : User is logged in with session 136654.204779263HAcQVfApzfiDDDDDtcVHtpQADQf	[MsgId: MMSG-17999]
    2023-06-17 15:02:48.250 : User is logged out of session	[MsgId: MMSG-17999]
  2023-06-17 15:04:44.140 : IterationNum=29	[MsgId: MMSG-17999]
   USER 29 = user64:pwd64	[MsgId: MMSG-17999]
    2023-06-17 15:04:44.234 : Start page is opened	[MsgId: MMSG-17999]
    2023-06-17 15:04:48.406 : User is logged in with session 136654.214985824HAcQVfVpViDDDDDDtcVHtpQAHV	[MsgId: MMSG-17999]
    2023-06-17 15:04:53.191 : User is logged out of session	[MsgId: MMSG-17999]
  2023-06-17 15:06:50.152 : IterationNum=30	[MsgId: MMSG-17999]
   USER 30 = user64:pwd64	[MsgId: MMSG-17999]
    2023-06-17 15:06:50.245 : Start page is opened	[MsgId: MMSG-17999]
    2023-06-17 15:06:55.267 : User is logged in with session 136654.225192386HAcQVfVpHAiDDDDDtcVHtpQVAcf	[MsgId: MMSG-17999]
    2023-06-17 15:06:59.795 : User is logged out of session	[MsgId: MMSG-17999]
  2023-06-17 15:08:56.153 : IterationNum=31	[MsgId: MMSG-17999]
   USER 31 = user64:pwd64	[MsgId: MMSG-17999]
    2023-06-17 15:08:56.247 : Start page is opened	[MsgId: MMSG-17999]
    2023-06-17 15:09:01.979 : User is logged in with session 136654.235398947HAcQVfcpcDDDDDDDtcVHtpQVDt	[MsgId: MMSG-17999]
    2023-06-17 15:09:07.797 : User is logged out of session	[MsgId: MMSG-17999]
  2023-06-17 15:11:02.160 : IterationNum=32	[MsgId: MMSG-17999]
   USER 32 = user64:pwd64	[MsgId: MMSG-17999]
    2023-06-17 15:11:02.254 : Start page is opened	[MsgId: MMSG-17999]
    2023-06-17 15:11:06.969 : User is logged in with session 136654.245605508HAcQVfcpHfiDDDDDtcVHtpQVzff	[MsgId: MMSG-17999]
    2023-06-17 15:11:11.911 : User is logged out of session	[MsgId: MMSG-17999]
  2023-06-17 15:13:08.166 : IterationNum=33	[MsgId: MMSG-17999]
   USER 33 = user64:pwd64	[MsgId: MMSG-17999]
    2023-06-17 15:13:08.260 : Start page is opened	[MsgId: MMSG-17999]
    2023-06-17 15:13:13.804 : User is logged in with session 136654.25581207HAcQVfDpciDDDDDDtcVHtpQVQH	[MsgId: MMSG-17999]
    2023-06-17 15:13:18.281 : User is logged out of session	[MsgId: MMSG-17999]
  2023-06-17 15:15:14.179 : IterationNum=34	[MsgId: MMSG-17999]
   USER 34 = user64:pwd64	[MsgId: MMSG-17999]
    2023-06-17 15:15:14.273 : Start page is opened	[MsgId: MMSG-17999]
    2023-06-17 15:15:20.189 : User is logged in with session 136654.266018631HAcQVfDpiAiDDDDDtcVHtpQccif	[MsgId: MMSG-17999]
    2023-06-17 15:15:24.559 : User is logged out of session	[MsgId: MMSG-17999]
  2023-06-17 15:17:20.185 : IterationNum=35	[MsgId: MMSG-17999]
   USER 35 = user64:pwd64	[MsgId: MMSG-17999]
    2023-06-17 15:17:20.279 : Start page is opened	[MsgId: MMSG-17999]
    2023-06-17 15:17:24.574 : User is logged in with session 136654.276225192HAcQVftpDDDDDDDDtcVHtpQcz	[MsgId: MMSG-17999]
    2023-06-17 15:17:28.641 : User is logged out of session	[MsgId: MMSG-17999]
  2023-06-17 15:19:26.197 : IterationNum=36	[MsgId: MMSG-17999]
   USER 36 = user64:pwd64	[MsgId: MMSG-17999]
    2023-06-17 15:19:26.292 : Start page is opened	[MsgId: MMSG-17999]
    2023-06-17 15:19:32.065 : User is logged in with session 136654.286431754HAcQVftpifiDDDDDtcVHtpQcQVf	[MsgId: MMSG-17999]
    2023-06-17 15:19:36.810 : User is logged out of session	[MsgId: MMSG-17999]
  2023-06-17 15:21:32.200 : IterationNum=37	[MsgId: MMSG-17999]
   USER 37 = user64:pwd64	[MsgId: MMSG-17999]
    2023-06-17 15:21:32.295 : Start page is opened	[MsgId: MMSG-17999]
    2023-06-17 15:21:38.461 : User is logged in with session 136654.296638315HAcQVffpDiDDDDDDtcVHtpQDcD	[MsgId: MMSG-17999]
    2023-06-17 15:21:42.658 : User is logged out of session	[MsgId: MMSG-17999]
  2023-06-17 15:23:38.200 : IterationNum=38	[MsgId: MMSG-17999]
   USER 38 = user64:pwd64	[MsgId: MMSG-17999]
    2023-06-17 15:23:38.293 : Start page is opened	[MsgId: MMSG-17999]
    2023-06-17 15:23:43.821 : User is logged in with session 136654.306844876HAcQVffpQAiDDDDDtcVHtpQDftf	[MsgId: MMSG-17999]
    2023-06-17 15:23:48.309 : User is logged out of session	[MsgId: MMSG-17999]
  2023-06-17 15:25:44.206 : IterationNum=39	[MsgId: MMSG-17999]
   USER 39 = user64:pwd64	[MsgId: MMSG-17999]
    2023-06-17 15:25:44.301 : Start page is opened	[MsgId: MMSG-17999]
    2023-06-17 15:25:48.950 : User is logged in with session 136654.317051438HAcQVfzptDDDDDDDtcVHtpQDiz	[MsgId: MMSG-17999]
    2023-06-17 15:25:54.599 : User is logged out of session	[MsgId: MMSG-17999]
  2023-06-17 15:27:50.211 : IterationNum=40	[MsgId: MMSG-17999]
   USER 40 = user64:pwd64	[MsgId: MMSG-17999]
    2023-06-17 15:27:50.306 : Start page is opened	[MsgId: MMSG-17999]
    2023-06-17 15:27:55.030 : User is logged in with session 136654.327257999HAcQVfzpQfiDDDDDtcVHtpQtVHf	[MsgId: MMSG-17999]
    2023-06-17 15:28:01.357 : User is logged out of session	[MsgId: MMSG-17999]
  2023-06-17 15:29:56.224 : IterationNum=41	[MsgId: MMSG-17999]
   USER 41 = user64:pwd64	[MsgId: MMSG-17999]
    2023-06-17 15:29:56.318 : Start page is opened	[MsgId: MMSG-17999]
    2023-06-17 15:30:00.943 : User is logged in with session 136654.337464561HAcQVfHptiDDDDDDtcVHtpQttQ	[MsgId: MMSG-17999]
    2023-06-17 15:30:05.062 : User is logged out of session	[MsgId: MMSG-17999]
  2023-06-17 15:32:02.228 : IterationNum=42	[MsgId: MMSG-17999]
   USER 42 = user64:pwd64	[MsgId: MMSG-17999]
    2023-06-17 15:32:02.323 : Start page is opened	[MsgId: MMSG-17999]
    2023-06-17 15:32:07.423 : User is logged in with session 136654.347671122HAcQVfipAAiDDDDDtcVHtpQtiAf	[MsgId: MMSG-17999]
    2023-06-17 15:32:13.701 : User is logged out of session	[MsgId: MMSG-17999]
  2023-06-17 15:34:08.236 : IterationNum=43	[MsgId: MMSG-17999]
   USER 43 = user64:pwd64	[MsgId: MMSG-17999]
    2023-06-17 15:34:08.330 : Start page is opened	[MsgId: MMSG-17999]
    2023-06-17 15:34:13.416 : User is logged in with session 136654.357877683HAcQVfipfDDDDDDDtcVHtpQfVc	[MsgId: MMSG-17999]
    2023-06-17 15:34:18.592 : User is logged out of session	[MsgId: MMSG-17999]
  2023-06-17 15:36:14.245 : IterationNum=44	[MsgId: MMSG-17999]
   USER 44 = user64:pwd64	[MsgId: MMSG-17999]
    2023-06-17 15:36:14.340 : Start page is opened	[MsgId: MMSG-17999]
    2023-06-17 15:36:19.070 : User is logged in with session 136654.368084245HAcQVfQpAfiDDDDDtcVHtpQftDf	[MsgId: MMSG-17999]
    2023-06-17 15:36:24.358 : User is logged out of session	[MsgId: MMSG-17999]
  2023-06-17 15:38:20.249 : IterationNum=45	[MsgId: MMSG-17999]
   USER 45 = user64:pwd64	[MsgId: MMSG-17999]
    2023-06-17 15:38:20.345 : Start page is opened	[MsgId: MMSG-17999]
    2023-06-17 15:38:26.488 : User is logged in with session 136654.378290806HAcQVfQpfiDDDDDDtcVHtpQfHf	[MsgId: MMSG-17999]
    2023-06-17 15:38:32.833 : User is logged out of session	[MsgId: MMSG-17999]
  2023-06-17 15:40:26.258 : IterationNum=46	[MsgId: MMSG-17999]
   USER 46 = user64:pwd64	[MsgId: MMSG-17999]
    2023-06-17 15:40:26.353 : Start page is opened	[MsgId: MMSG-17999]
    2023-06-17 15:40:30.466 : User is logged in with session 136654.388497367HAcQVzApVAiDDDDDtcVHtpQzAzf	[MsgId: MMSG-17999]
    2023-06-17 15:40:34.981 : User is logged out of session	[MsgId: MMSG-17999]
  2023-06-17 15:42:32.263 : IterationNum=47	[MsgId: MMSG-17999]
   USER 47 = user64:pwd64	[MsgId: MMSG-17999]
    2023-06-17 15:42:32.356 : Start page is opened	[MsgId: MMSG-17999]
    2023-06-17 15:42:37.418 : User is logged in with session 136654.398703929HAcQVzApzDDDDDDDtcVHtpQzDi	[MsgId: MMSG-17999]
    2023-06-17 15:42:41.591 : User is logged out of session	[MsgId: MMSG-17999]
  2023-06-17 15:44:38.265 : IterationNum=48	[MsgId: MMSG-17999]
   USER 48 = user64:pwd64	[MsgId: MMSG-17999]
    2023-06-17 15:44:38.359 : Start page is opened	[MsgId: MMSG-17999]
    2023-06-17 15:44:43.683 : User is logged in with session 136654.40891049HAcQVzVpVfiDDDDDtcVHtpQzzQf	[MsgId: MMSG-17999]
    2023-06-17 15:44:49.217 : User is logged out of session	[MsgId: MMSG-17999]
  2023-06-17 15:46:44.276 : IterationNum=49	[MsgId: MMSG-17999]
   USER 49 = user64:pwd64	[MsgId: MMSG-17999]
    2023-06-17 15:46:44.370 : Start page is opened	[MsgId: MMSG-17999]
    2023-06-17 15:46:49.025 : User is logged in with session 136654.419117051HAcQVzVpziDDDDDDtcVHtpQHAV	[MsgId: MMSG-17999]
    2023-06-17 15:46:55.142 : User is logged out of session	[MsgId: MMSG-17999]
  2023-06-17 15:48:50.277 : IterationNum=50	[MsgId: MMSG-17999]
   USER 50 = user64:pwd64	[MsgId: MMSG-17999]
    2023-06-17 15:48:50.371 : Start page is opened	[MsgId: MMSG-17999]
    2023-06-17 15:48:54.314 : User is logged in with session 136654.429323613HAcQVzcpcAiDDDDDtcVHtpQHDcf	[MsgId: MMSG-17999]
    2023-06-17 15:48:59.761 : User is logged out of session	[MsgId: MMSG-17999]
  2023-06-17 15:50:56.278 : IterationNum=51	[MsgId: MMSG-17999]
   USER 51 = user64:pwd64	[MsgId: MMSG-17999]
    2023-06-17 15:50:56.372 : Start page is opened	[MsgId: MMSG-17999]
    2023-06-17 15:51:00.457 : User is logged in with session 136654.439530174HAcQVzcpHDDDDDDDtcVHtpQHzt	[MsgId: MMSG-17999]
    2023-06-17 15:51:05.554 : User is logged out of session	[MsgId: MMSG-17999]
  2023-06-17 15:53:02.284 : IterationNum=52	[MsgId: MMSG-17999]
   USER 52 = user64:pwd64	[MsgId: MMSG-17999]
    2023-06-17 15:53:02.378 : Start page is opened	[MsgId: MMSG-17999]
    2023-06-17 15:53:08.123 : User is logged in with session 136654.449736736HAcQVzDpcfiDDDDDtcVHtpQHQff	[MsgId: MMSG-17999]
    2023-06-17 15:53:13.873 : User is logged out of session	[MsgId: MMSG-17999]
  2023-06-17 15:55:08.295 : IterationNum=53	[MsgId: MMSG-17999]
   USER 53 = user64:pwd64	[MsgId: MMSG-17999]
    2023-06-17 15:55:08.391 : Start page is opened	[MsgId: MMSG-17999]
    2023-06-17 15:55:13.326 : User is logged in with session 136654.459943297HAcQVzDpHiDDDDDDtcVHtpQicH	[MsgId: MMSG-17999]
    2023-06-17 15:55:18.611 : User is logged out of session	[MsgId: MMSG-17999]
  2023-06-17 15:57:14.304 : IterationNum=54	[MsgId: MMSG-17999]
   USER 54 = user64:pwd64	[MsgId: MMSG-17999]
    2023-06-17 15:57:14.399 : Start page is opened	[MsgId: MMSG-17999]
    2023-06-17 15:57:18.655 : User is logged in with session 136654.470149858HAcQVztpDAiDDDDDtcVHtpQifif	[MsgId: MMSG-17999]
    2023-06-17 15:57:24.078 : User is logged out of session	[MsgId: MMSG-17999]
  2023-06-17 15:59:20.311 : IterationNum=55	[MsgId: MMSG-17999]
   USER 55 = user64:pwd64	[MsgId: MMSG-17999]
    2023-06-17 15:59:20.403 : Start page is opened	[MsgId: MMSG-17999]
    2023-06-17 15:59:26.104 : User is logged in with session 136654.48035642HAcQVztpiDDDDDDDtcVHtpQiQ	[MsgId: MMSG-17999]
    2023-06-17 15:59:30.907 : User is logged out of session	[MsgId: MMSG-17999]
  2023-06-17 16:01:26.325 : IterationNum=56	[MsgId: MMSG-17999]
   USER 56 = user64:pwd64	[MsgId: MMSG-17999]
    2023-06-17 16:01:26.420 : Start page is opened	[MsgId: MMSG-17999]
    2023-06-17 16:01:31.333 : User is logged in with session 136654.490562981HAcQVzfpDfiDDDDDtcVHtpQQcVf	[MsgId: MMSG-17999]
    2023-06-17 16:01:36.265 : User is logged out of session	[MsgId: MMSG-17999]
  2023-06-17 16:03:32.335 : IterationNum=57	[MsgId: MMSG-17999]
   USER 57 = user64:pwd64	[MsgId: MMSG-17999]
    2023-06-17 16:03:32.429 : Start page is opened	[MsgId: MMSG-17999]
    2023-06-17 16:03:38.621 : User is logged in with session 136654.500769542HAcQVzfpiiDDDDDDtcVHtpQQfD	[MsgId: MMSG-17999]
    2023-06-17 16:03:44.733 : User is logged out of session	[MsgId: MMSG-17999]
  2023-06-17 16:05:38.339 : IterationNum=58	[MsgId: MMSG-17999]
   USER 58 = user64:pwd64	[MsgId: MMSG-17999]
    2023-06-17 16:05:38.434 : Start page is opened	[MsgId: MMSG-17999]
    2023-06-17 16:05:44.498 : User is logged in with session 136654.510976104HAcQVzzptAiDDDDDtcVHtpQQitf	[MsgId: MMSG-17999]
    2023-06-17 16:05:49.982 : User is logged out of session	[MsgId: MMSG-17999]
  2023-06-17 16:07:44.346 : IterationNum=59	[MsgId: MMSG-17999]
   USER 59 = user64:pwd64	[MsgId: MMSG-17999]
    2023-06-17 16:07:44.441 : Start page is opened	[MsgId: MMSG-17999]
    2023-06-17 16:07:50.687 : User is logged in with session 136654.521182665HAcQVzzpQDDDDDDDtcVHfpAAVz	[MsgId: MMSG-17999]
    2023-06-17 16:07:54.970 : User is logged out of session	[MsgId: MMSG-17999]
  2023-06-17 16:09:50.351 : IterationNum=60	[MsgId: MMSG-17999]
   USER 60 = user64:pwd64	[MsgId: MMSG-17999]
    2023-06-17 16:09:50.446 : Start page is opened	[MsgId: MMSG-17999]
    2023-06-17 16:09:56.225 : User is logged in with session 136654.531389226HAcQVzHptfiDDDDDtcVHfpAAtHf	[MsgId: MMSG-17999]
    2023-06-17 16:10:02.152 : User is logged out of session	[MsgId: MMSG-17999]
  2023-06-17 16:11:56.362 : IterationNum=61	[MsgId: MMSG-17999]
   USER 61 = user64:pwd64	[MsgId: MMSG-17999]
    2023-06-17 16:11:56.456 : Start page is opened	[MsgId: MMSG-17999]
    2023-06-17 16:12:02.125 : User is logged in with session 136654.541595788HAcQVzHpQiDDDDDDtcVHfpAAHQ	[MsgId: MMSG-17999]
    2023-06-17 16:12:06.273 : User is logged out of session	[MsgId: MMSG-17999]
  2023-06-17 16:14:02.362 : IterationNum=62	[MsgId: MMSG-17999]
   USER 62 = user64:pwd64	[MsgId: MMSG-17999]
    2023-06-17 16:14:02.456 : Start page is opened	[MsgId: MMSG-17999]
    2023-06-17 16:14:06.425 : User is logged in with session 136654.551802349HAcQVzipfAiDDDDDtcVHfpAVVAf	[MsgId: MMSG-17999]
    2023-06-17 16:14:11.857 : User is logged out of session	[MsgId: MMSG-17999]
  2023-06-17 16:16:08.376 : IterationNum=63	[MsgId: MMSG-17999]
   USER 63 = user64:pwd64	[MsgId: MMSG-17999]
    2023-06-17 16:16:08.469 : Start page is opened	[MsgId: MMSG-17999]
    2023-06-17 16:16:14.516 : User is logged in with session 136654.56200891HAcQVzQpADDDDDDDtcVHfpAVtc	[MsgId: MMSG-17999]
    2023-06-17 16:16:19.279 : User is logged out of session	[MsgId: MMSG-17999]
  2023-06-17 16:18:14.376 : IterationNum=64	[MsgId: MMSG-17999]
   USER 64 = user64:pwd64	[MsgId: MMSG-17999]
    2023-06-17 16:18:14.470 : Start page is opened	[MsgId: MMSG-17999]
    2023-06-17 16:18:18.513 : User is logged in with session 136654.572215472HAcQVzQpffiDDDDDtcVHfpAVHDf	[MsgId: MMSG-17999]
    2023-06-17 16:18:22.811 : User is logged out of session	[MsgId: MMSG-17999]
  2023-06-17 16:20:20.391 : IterationNum=65	[MsgId: MMSG-17999]
   USER 65 = user64:pwd64	[MsgId: MMSG-17999]
    2023-06-17 16:20:20.484 : Start page is opened	[MsgId: MMSG-17999]
    2023-06-17 16:20:26.542 : User is logged in with session 136654.582422033HAcQVHApAiDDDDDDtcVHfpAcAf	[MsgId: MMSG-17999]
    2023-06-17 16:20:32.904 : User is logged out of session	[MsgId: MMSG-17999]
  2023-06-17 16:22:26.402 : IterationNum=66	[MsgId: MMSG-17999]
   USER 66 = user64:pwd64	[MsgId: MMSG-17999]
    2023-06-17 16:22:26.496 : Start page is opened	[MsgId: MMSG-17999]
    2023-06-17 16:22:31.751 : User is logged in with session 136654.592628595HAcQVHApzAiDDDDDtcVHfpAcDzf	[MsgId: MMSG-17999]
    2023-06-17 16:22:37.587 : User is logged out of session	[MsgId: MMSG-17999]
  2023-06-17 16:24:32.403 : IterationNum=67	[MsgId: MMSG-17999]
   USER 67 = user64:pwd64	[MsgId: MMSG-17999]
    2023-06-17 16:24:32.496 : Start page is opened	[MsgId: MMSG-17999]
    2023-06-17 16:24:37.077 : User is logged in with session 136654.602835156HAcQVHVpVDDDDDDDtcVHfpAczi	[MsgId: MMSG-17999]
    2023-06-17 16:24:41.016 : User is logged out of session	[MsgId: MMSG-17999]
  2023-06-17 16:26:38.414 : IterationNum=68	[MsgId: MMSG-17999]
   USER 68 = user64:pwd64	[MsgId: MMSG-17999]
    2023-06-17 16:26:38.509 : Start page is opened	[MsgId: MMSG-17999]
    2023-06-17 16:26:42.928 : User is logged in with session 136654.613041717HAcQVHVpzfiDDDDDtcVHfpAcQQf	[MsgId: MMSG-17999]
    2023-06-17 16:26:49.074 : User is logged out of session	[MsgId: MMSG-17999]
  2023-06-17 16:28:44.419 : IterationNum=69	[MsgId: MMSG-17999]
   USER 69 = user64:pwd64	[MsgId: MMSG-17999]
    2023-06-17 16:28:44.514 : Start page is opened	[MsgId: MMSG-17999]
    2023-06-17 16:28:48.844 : User is logged in with session 136654.623248279HAcQVHcpViDDDDDDtcVHfpADDV	[MsgId: MMSG-17999]
    2023-06-17 16:28:53.464 : User is logged out of session	[MsgId: MMSG-17999]
  2023-06-17 16:30:50.435 : IterationNum=70	[MsgId: MMSG-17999]
   USER 70 = user64:pwd64	[MsgId: MMSG-17999]
    2023-06-17 16:30:50.528 : Start page is opened	[MsgId: MMSG-17999]
    2023-06-17 16:30:55.051 : User is logged in with session 136654.63345484HAcQVHcpHAiDDDDDtcVHfpADzcf	[MsgId: MMSG-17999]
    2023-06-17 16:30:59.913 : User is logged out of session	[MsgId: MMSG-17999]
  2023-06-17 16:32:56.446 : IterationNum=71	[MsgId: MMSG-17999]
   USER 71 = user64:pwd64	[MsgId: MMSG-17999]
    2023-06-17 16:32:56.541 : Start page is opened	[MsgId: MMSG-17999]
    2023-06-17 16:33:00.844 : User is logged in with session 136654.643661401HAcQVHDpcDDDDDDDtcVHfpADQt	[MsgId: MMSG-17999]
    2023-06-17 16:33:05.027 : User is logged out of session	[MsgId: MMSG-17999]
  2023-06-17 16:35:02.451 : IterationNum=72	[MsgId: MMSG-17999]
   USER 72 = user64:pwd64	[MsgId: MMSG-17999]
    2023-06-17 16:35:02.545 : Start page is opened	[MsgId: MMSG-17999]
    2023-06-17 16:35:06.912 : User is logged in with session 136654.653867963HAcQVHDpHfiDDDDDtcVHfpAtcff	[MsgId: MMSG-17999]
    2023-06-17 16:35:11.987 : User is logged out of session	[MsgId: MMSG-17999]
  2023-06-17 16:37:08.464 : IterationNum=73	[MsgId: MMSG-17999]
   USER 73 = user64:pwd64	[MsgId: MMSG-17999]
    2023-06-17 16:37:08.559 : Start page is opened	[MsgId: MMSG-17999]
    2023-06-17 16:37:12.706 : User is logged in with session 136654.664074524HAcQVHtpciDDDDDDtcVHfpAtfH	[MsgId: MMSG-17999]
    2023-06-17 16:37:18.757 : User is logged out of session	[MsgId: MMSG-17999]
  2023-06-17 16:39:14.475 : IterationNum=74	[MsgId: MMSG-17999]
   USER 74 = user64:pwd64	[MsgId: MMSG-17999]
    2023-06-17 16:39:14.570 : Start page is opened	[MsgId: MMSG-17999]
    2023-06-17 16:39:19.104 : User is logged in with session 136654.674281085HAcQVHtpiAiDDDDDtcVHfpAtiif	[MsgId: MMSG-17999]
    2023-06-17 16:39:24.957 : User is logged out of session	[MsgId: MMSG-17999]
  2023-06-17 16:41:20.484 : IterationNum=75	[MsgId: MMSG-17999]
   USER 75 = user64:pwd64	[MsgId: MMSG-17999]
    2023-06-17 16:41:20.577 : Start page is opened	[MsgId: MMSG-17999]
    2023-06-17 16:41:26.615 : User is logged in with session 136654.684487647HAcQVHfpDDDDDDDDtcVHfpAfc	[MsgId: MMSG-17999]
    2023-06-17 16:41:31.887 : User is logged out of session	[MsgId: MMSG-17999]
  2023-06-17 16:43:26.495 : IterationNum=76	[MsgId: MMSG-17999]
   USER 76 = user64:pwd64	[MsgId: MMSG-17999]
    2023-06-17 16:43:26.591 : Start page is opened	[MsgId: MMSG-17999]
    2023-06-17 16:43:30.781 : User is logged in with session 136654.694694208HAcQVHfpifiDDDDDtcVHfpAffVf	[MsgId: MMSG-17999]
    2023-06-17 16:43:36.872 : User is logged out of session	[MsgId: MMSG-17999]
  2023-06-17 16:45:32.501 : IterationNum=77	[MsgId: MMSG-17999]
   USER 77 = user64:pwd64	[MsgId: MMSG-17999]
    2023-06-17 16:45:32.596 : Start page is opened	[MsgId: MMSG-17999]
    2023-06-17 16:45:37.936 : User is logged in with session 136654.70490077HAcQVHzpDiDDDDDDtcVHfpAfiD	[MsgId: MMSG-17999]
    2023-06-17 16:45:41.833 : User is logged out of session	[MsgId: MMSG-17999]
  2023-06-17 16:47:38.509 : IterationNum=78	[MsgId: MMSG-17999]
   USER 78 = user64:pwd64	[MsgId: MMSG-17999]
    2023-06-17 16:47:38.603 : Start page is opened	[MsgId: MMSG-17999]
    2023-06-17 16:47:43.422 : User is logged in with session 136654.715107331HAcQVHzpQAiDDDDDtcVHfpAzVtf	[MsgId: MMSG-17999]
    2023-06-17 16:47:49.457 : User is logged out of session	[MsgId: MMSG-17999]
  2023-06-17 16:49:44.513 : IterationNum=79	[MsgId: MMSG-17999]
   USER 79 = user64:pwd64	[MsgId: MMSG-17999]
    2023-06-17 16:49:44.606 : Start page is opened	[MsgId: MMSG-17999]
    2023-06-17 16:49:50.427 : User is logged in with session 136654.725313892HAcQVHHptDDDDDDDtcVHfpAztz	[MsgId: MMSG-17999]
    2023-06-17 16:49:55.397 : User is logged out of session	[MsgId: MMSG-17999]
  2023-06-17 16:51:50.526 : IterationNum=80	[MsgId: MMSG-17999]
   USER 80 = user64:pwd64	[MsgId: MMSG-17999]
    2023-06-17 16:51:50.620 : Start page is opened	[MsgId: MMSG-17999]
    2023-06-17 16:51:55.374 : User is logged in with session 136654.735520454HAcQVHHpQfiDDDDDtcVHfpAzHHf	[MsgId: MMSG-17999]
    2023-06-17 16:51:59.311 : User is logged out of session	[MsgId: MMSG-17999]
  2023-06-17 16:53:56.526 : IterationNum=81	[MsgId: MMSG-17999]
   USER 81 = user64:pwd64	[MsgId: MMSG-17999]
    2023-06-17 16:53:56.621 : Start page is opened	[MsgId: MMSG-17999]
    2023-06-17 16:54:02.401 : User is logged in with session 136654.745727015HAcQVHiptiDDDDDDtcVHfpAHAQ	[MsgId: MMSG-17999]
    2023-06-17 16:54:08.618 : User is logged out of session	[MsgId: MMSG-17999]
  2023-06-17 16:56:02.539 : IterationNum=82	[MsgId: MMSG-17999]
   USER 82 = user64:pwd64	[MsgId: MMSG-17999]
    2023-06-17 16:56:02.634 : Start page is opened	[MsgId: MMSG-17999]
    2023-06-17 16:56:08.602 : User is logged in with session 136654.755933576HAcQVHQpAAiDDDDDtcVHfpAHtAf	[MsgId: MMSG-17999]
    2023-06-17 16:56:13.508 : User is logged out of session	[MsgId: MMSG-17999]
  2023-06-17 16:58:08.554 : IterationNum=83	[MsgId: MMSG-17999]
   USER 83 = user64:pwd64	[MsgId: MMSG-17999]
    2023-06-17 16:58:08.649 : Start page is opened	[MsgId: MMSG-17999]
    2023-06-17 16:58:13.432 : User is logged in with session 136654.766140138HAcQVHQpfDDDDDDDtcVHfpAHHc	[MsgId: MMSG-17999]
    2023-06-17 16:58:19.333 : User is logged out of session	[MsgId: MMSG-17999]
  2023-06-17 17:00:14.558 : IterationNum=84	[MsgId: MMSG-17999]
   USER 84 = user64:pwd64	[MsgId: MMSG-17999]
    2023-06-17 17:00:14.653 : Start page is opened	[MsgId: MMSG-17999]
    2023-06-17 17:00:19.059 : User is logged in with session 136654.776346699HAcQViApAfiDDDDDtcVHfpAiADf	[MsgId: MMSG-17999]
    2023-06-17 17:00:24.561 : User is logged out of session	[MsgId: MMSG-17999]
  2023-06-17 17:02:20.559 : IterationNum=85	[MsgId: MMSG-17999]
   USER 85 = user64:pwd64	[MsgId: MMSG-17999]
    2023-06-17 17:02:20.655 : Start page is opened	[MsgId: MMSG-17999]
    2023-06-17 17:02:26.661 : User is logged in with session 136654.78655326HAcQViApfiDDDDDDtcVHfpAiDf	[MsgId: MMSG-17999]
    2023-06-17 17:02:31.780 : User is logged out of session	[MsgId: MMSG-17999]
  2023-06-17 17:04:26.565 : IterationNum=86	[MsgId: MMSG-17999]
   USER 86 = user64:pwd64	[MsgId: MMSG-17999]
    2023-06-17 17:04:26.659 : Start page is opened	[MsgId: MMSG-17999]
    2023-06-17 17:04:30.849 : User is logged in with session 136654.796759822HAcQViVpVAiDDDDDtcVHfpAizzf	[MsgId: MMSG-17999]
    2023-06-17 17:04:35.575 : User is logged out of session	[MsgId: MMSG-17999]
  2023-06-17 17:06:32.579 : IterationNum=87	[MsgId: MMSG-17999]
   USER 87 = user64:pwd64	[MsgId: MMSG-17999]
    2023-06-17 17:06:32.673 : Start page is opened	[MsgId: MMSG-17999]
    2023-06-17 17:06:38.221 : User is logged in with session 136654.806966383HAcQViVpzDDDDDDDtcVHfpAiQi	[MsgId: MMSG-17999]
    2023-06-17 17:06:44.199 : User is logged out of session	[MsgId: MMSG-17999]
  2023-06-17 17:08:38.592 : IterationNum=88	[MsgId: MMSG-17999]
   USER 88 = user64:pwd64	[MsgId: MMSG-17999]
    2023-06-17 17:08:38.687 : Start page is opened	[MsgId: MMSG-17999]
    2023-06-17 17:08:44.561 : User is logged in with session 136654.817172945HAcQVicpVfiDDDDDtcVHfpAQcQf	[MsgId: MMSG-17999]
    2023-06-17 17:08:49.139 : User is logged out of session	[MsgId: MMSG-17999]
  2023-06-17 17:10:44.606 : IterationNum=89	[MsgId: MMSG-17999]
   USER 89 = user64:pwd64	[MsgId: MMSG-17999]
    2023-06-17 17:10:44.700 : Start page is opened	[MsgId: MMSG-17999]
    2023-06-17 17:10:49.107 : User is logged in with session 136654.827379506HAcQVicpziDDDDDDtcVHfpAQzV	[MsgId: MMSG-17999]
    2023-06-17 17:10:54.949 : User is logged out of session	[MsgId: MMSG-17999]
  2023-06-17 17:12:50.613 : IterationNum=90	[MsgId: MMSG-17999]
   USER 90 = user64:pwd64	[MsgId: MMSG-17999]
    2023-06-17 17:12:50.708 : Start page is opened	[MsgId: MMSG-17999]
    2023-06-17 17:12:55.241 : User is logged in with session 136654.837586067HAcQViDpcAiDDDDDtcVHfpAQQcf	[MsgId: MMSG-17999]
    2023-06-17 17:13:01.571 : User is logged out of session	[MsgId: MMSG-17999]
  2023-06-17 17:14:56.628 : IterationNum=91	[MsgId: MMSG-17999]
   USER 91 = user64:pwd64	[MsgId: MMSG-17999]
    2023-06-17 17:14:56.723 : Start page is opened	[MsgId: MMSG-17999]
    2023-06-17 17:15:01.230 : User is logged in with session 136654.847792629HAcQViDpHDDDDDDDtcVHfpVAct	[MsgId: MMSG-17999]
    2023-06-17 17:15:05.736 : User is logged out of session	[MsgId: MMSG-17999]
  2023-06-17 17:17:02.634 : IterationNum=92	[MsgId: MMSG-17999]
   USER 92 = user64:pwd64	[MsgId: MMSG-17999]
    2023-06-17 17:17:02.730 : Start page is opened	[MsgId: MMSG-17999]
    2023-06-17 17:17:07.928 : User is logged in with session 136654.85799919HAcQVitpcfiDDDDDtcVHfpVAfff	[MsgId: MMSG-17999]
    2023-06-17 17:17:12.874 : User is logged out of session	[MsgId: MMSG-17999]
  2023-06-17 17:19:08.637 : IterationNum=93	[MsgId: MMSG-17999]
   USER 93 = user64:pwd64	[MsgId: MMSG-17999]
    2023-06-17 17:19:08.731 : Start page is opened	[MsgId: MMSG-17999]
    2023-06-17 17:19:13.109 : User is logged in with session 136654.868205751HAcQVitpHiDDDDDDtcVHfpVAiH	[MsgId: MMSG-17999]
    2023-06-17 17:19:18.175 : User is logged out of session	[MsgId: MMSG-17999]
  2023-06-17 17:21:14.638 : IterationNum=94	[MsgId: MMSG-17999]
   USER 94 = user64:pwd64	[MsgId: MMSG-17999]
    2023-06-17 17:21:14.733 : Start page is opened	[MsgId: MMSG-17999]
    2023-06-17 17:21:20.663 : User is logged in with session 136654.878412313HAcQVifpDAiDDDDDtcVHfpVVVif	[MsgId: MMSG-17999]
    2023-06-17 17:21:25.117 : User is logged out of session	[MsgId: MMSG-17999]
  2023-06-17 17:23:20.648 : IterationNum=95	[MsgId: MMSG-17999]
   USER 95 = user64:pwd64	[MsgId: MMSG-17999]
    2023-06-17 17:23:20.741 : Start page is opened	[MsgId: MMSG-17999]
    2023-06-17 17:23:26.782 : User is logged in with session 136654.888618874HAcQVifpiDDDDDDDtcVHfpVVf	[MsgId: MMSG-17999]
    2023-06-17 17:23:33.010 : User is logged out of session	[MsgId: MMSG-17999]
  2023-06-17 17:25:26.652 : IterationNum=96	[MsgId: MMSG-17999]
   USER 96 = user64:pwd64	[MsgId: MMSG-17999]
    2023-06-17 17:25:26.747 : Start page is opened	[MsgId: MMSG-17999]
    2023-06-17 17:25:33.096 : User is logged in with session 136654.898825435HAcQVizpDfiDDDDDtcVHfpVViVf	[MsgId: MMSG-17999]
    2023-06-17 17:25:37.217 : User is logged out of session	[MsgId: MMSG-17999]
  2023-06-17 17:27:32.663 : IterationNum=97	[MsgId: MMSG-17999]
   USER 97 = user64:pwd64	[MsgId: MMSG-17999]
    2023-06-17 17:27:32.758 : Start page is opened	[MsgId: MMSG-17999]
    2023-06-17 17:27:37.014 : User is logged in with session 136654.909031997HAcQVizpiiDDDDDDtcVHfpVcVD	[MsgId: MMSG-17999]
    2023-06-17 17:27:41.471 : User is logged out of session	[MsgId: MMSG-17999]
  2023-06-17 17:29:38.673 : IterationNum=98	[MsgId: MMSG-17999]
   USER 98 = user64:pwd64	[MsgId: MMSG-17999]
    2023-06-17 17:29:38.767 : Start page is opened	[MsgId: MMSG-17999]
    2023-06-17 17:29:44.232 : User is logged in with session 136654.919238558HAcQViHptAiDDDDDtcVHfpVcttf	[MsgId: MMSG-17999]
    2023-06-17 17:29:50.372 : User is logged out of session	[MsgId: MMSG-17999]
  2023-06-17 17:31:44.679 : IterationNum=99	[MsgId: MMSG-17999]
   USER 99 = user64:pwd64	[MsgId: MMSG-17999]
    2023-06-17 17:31:44.773 : Start page is opened	[MsgId: MMSG-17999]
    2023-06-17 17:31:49.266 : User is logged in with session 136654.929445119HAcQViHpQDDDDDDDtcVHfpVcHz	[MsgId: MMSG-17999]
    2023-06-17 17:31:53.615 : User is logged out of session	[MsgId: MMSG-17999]
  2023-06-17 17:33:50.694 : IterationNum=100	[MsgId: MMSG-17999]
   USER 100 = user64:pwd64	[MsgId: MMSG-17999]
    2023-06-17 17:33:50.787 : Start page is opened	[MsgId: MMSG-17999]
    2023-06-17 17:33:55.532 : User is logged in with session 136654.939651681HAcQViiptfiDDDDDtcVHfpVDAHf	[MsgId: MMSG-17999]
    2023-06-17 17:34:01.213 : User is logged out of session	[MsgId: MMSG-17999]
  2023-06-17 17:35:56.701 : IterationNum=101	[MsgId: MMSG-17999]
   USER 101 = user64:pwd64	[MsgId: MMSG-17999]
    2023-06-17 17:35:56.796 : Start page is opened	[MsgId: MMSG-17999]
    2023-06-17 17:36:01.429 : User is logged in with session 136654.949858242HAcQViipQiDDDDDDtcVHfpVDDQ	[MsgId: MMSG-17999]
    2023-06-17 17:36:06.557 : User is logged out of session	[MsgId: MMSG-17999]
  2023-06-17 17:38:02.716 : IterationNum=102	[MsgId: MMSG-17999]
   USER 102 = user64:pwd64	[MsgId: MMSG-17999]
    2023-06-17 17:38:02.810 : Start page is opened	[MsgId: MMSG-17999]
    2023-06-17 17:38:07.753 : User is logged in with session 136654.960064804HAcQViQpfAiDDDDDtcVHfpVDHAf	[MsgId: MMSG-17999]
    2023-06-17 17:38:12.522 : User is logged out of session	[MsgId: MMSG-17999]
  2023-06-17 17:40:08.721 : IterationNum=103	[MsgId: MMSG-17999]
   USER 103 = user64:pwd64	[MsgId: MMSG-17999]
    2023-06-17 17:40:08.814 : Start page is opened	[MsgId: MMSG-17999]
    2023-06-17 17:40:14.524 : User is logged in with session 136654.970271365HAcQVQApADDDDDDDtcVHfpVtAc	[MsgId: MMSG-17999]
    2023-06-17 17:40:18.821 : User is logged out of session	[MsgId: MMSG-17999]
  2023-06-17 17:42:14.730 : IterationNum=104	[MsgId: MMSG-17999]
   USER 104 = user64:pwd64	[MsgId: MMSG-17999]
    2023-06-17 17:42:14.824 : Start page is opened	[MsgId: MMSG-17999]
    2023-06-17 17:42:18.952 : User is logged in with session 136654.980477926HAcQVQApffiDDDDDtcVHfpVtDDf	[MsgId: MMSG-17999]
    2023-06-17 17:42:24.160 : User is logged out of session	[MsgId: MMSG-17999]
  2023-06-17 17:44:20.738 : IterationNum=105	[MsgId: MMSG-17999]
   USER 105 = user64:pwd64	[MsgId: MMSG-17999]
    2023-06-17 17:44:20.831 : Start page is opened	[MsgId: MMSG-17999]
    2023-06-17 17:44:24.799 : User is logged in with session 136654.990684488HAcQVQVpAiDDDDDDtcVHfpVtzf	[MsgId: MMSG-17999]
    2023-06-17 17:44:29.450 : User is logged out of session	[MsgId: MMSG-17999]
  2023-06-17 17:46:26.750 : IterationNum=106	[MsgId: MMSG-17999]
   USER 106 = user64:pwd64	[MsgId: MMSG-17999]
    2023-06-17 17:46:26.844 : Start page is opened	[MsgId: MMSG-17999]
    2023-06-17 17:46:30.736 : User is logged in with session 136655.000891049HAcQVQVpzAiDDDDDtcVHfpVtQzf	[MsgId: MMSG-17999]
    2023-06-17 17:46:36.326 : User is logged out of session	[MsgId: MMSG-17999]
  2023-06-17 17:48:32.756 : IterationNum=107	[MsgId: MMSG-17999]
   USER 107 = user64:pwd64	[MsgId: MMSG-17999]
    2023-06-17 17:48:32.851 : Start page is opened	[MsgId: MMSG-17999]
    2023-06-17 17:48:37.172 : User is logged in with session 136655.01109761HAcQVQcpVDDDDDDDtcVHfpVfci	[MsgId: MMSG-17999]
    2023-06-17 17:48:42.795 : User is logged out of session	[MsgId: MMSG-17999]
  2023-06-17 17:50:38.764 : IterationNum=108	[MsgId: MMSG-17999]
   USER 108 = user64:pwd64	[MsgId: MMSG-17999]
    2023-06-17 17:50:38.857 : Start page is opened	[MsgId: MMSG-17999]
    2023-06-17 17:50:44.692 : User is logged in with session 136655.021304172HAcQVQcpzfiDDDDDtcVHfpVffQf	[MsgId: MMSG-17999]
    2023-06-17 17:50:49.112 : User is logged out of session	[MsgId: MMSG-17999]
  2023-06-17 17:52:44.778 : IterationNum=109	[MsgId: MMSG-17999]
   USER 109 = user64:pwd64	[MsgId: MMSG-17999]
    2023-06-17 17:52:44.872 : Start page is opened	[MsgId: MMSG-17999]
    2023-06-17 17:52:50.102 : User is logged in with session 136655.031510733HAcQVQDpViDDDDDDtcVHfpVfQV	[MsgId: MMSG-17999]
    2023-06-17 17:52:54.907 : User is logged out of session	[MsgId: MMSG-17999]
  2023-06-17 17:54:50.786 : IterationNum=110	[MsgId: MMSG-17999]
   USER 110 = user64:pwd64	[MsgId: MMSG-17999]
    2023-06-17 17:54:50.880 : Start page is opened	[MsgId: MMSG-17999]
    2023-06-17 17:54:56.200 : User is logged in with session 136655.041717294HAcQVQDpHAiDDDDDtcVHfpVzccf	[MsgId: MMSG-17999]
    2023-06-17 17:55:01.158 : User is logged out of session	[MsgId: MMSG-17999]
  2023-06-17 17:56:56.794 : IterationNum=111	[MsgId: MMSG-17999]
   USER 111 = user64:pwd64	[MsgId: MMSG-17999]
    2023-06-17 17:56:56.889 : Start page is opened	[MsgId: MMSG-17999]
    2023-06-17 17:57:01.195 : User is logged in with session 136655.051923856HAcQVQtpcDDDDDDDtcVHfpVzft	[MsgId: MMSG-17999]
    2023-06-17 17:57:05.685 : User is logged out of session	[MsgId: MMSG-17999]
  2023-06-17 17:59:02.795 : IterationNum=112	[MsgId: MMSG-17999]
   USER 112 = user64:pwd64	[MsgId: MMSG-17999]
    2023-06-17 17:59:02.889 : Start page is opened	[MsgId: MMSG-17999]
    2023-06-17 17:59:07.576 : User is logged in with session 136655.062130417HAcQVQtpHfiDDDDDtcVHfpVziff	[MsgId: MMSG-17999]
    2023-06-17 17:59:13.047 : User is logged out of session	[MsgId: MMSG-17999]
  2023-06-17 18:01:08.801 : IterationNum=113	[MsgId: MMSG-17999]
   USER 113 = user64:pwd64	[MsgId: MMSG-17999]
    2023-06-17 18:01:08.894 : Start page is opened	[MsgId: MMSG-17999]
    2023-06-17 18:01:13.892 : User is logged in with session 136655.072336979HAcQVQfpciDDDDDDtcVHfpVHVH	[MsgId: MMSG-17999]
    2023-06-17 18:01:19.638 : User is logged out of session	[MsgId: MMSG-17999]
  2023-06-17 18:03:14.807 : IterationNum=114	[MsgId: MMSG-17999]
   USER 114 = user64:pwd64	[MsgId: MMSG-17999]
    2023-06-17 18:03:14.902 : Start page is opened	[MsgId: MMSG-17999]
    2023-06-17 18:03:19.712 : User is logged in with session 136655.08254354HAcQVQfpiAiDDDDDtcVHfpVHtif	[MsgId: MMSG-17999]
    2023-06-17 18:03:23.592 : User is logged out of session	[MsgId: MMSG-17999]
  2023-06-17 18:05:20.820 : IterationNum=115	[MsgId: MMSG-17999]
   USER 115 = user64:pwd64	[MsgId: MMSG-17999]
    2023-06-17 18:05:20.915 : Start page is opened	[MsgId: MMSG-17999]
    2023-06-17 18:05:26.091 : User is logged in with session 136655.092750101HAcQVQzpDDDDDDDDtcVHfpVHi	[MsgId: MMSG-17999]
    2023-06-17 18:05:30.426 : User is logged out of session	[MsgId: MMSG-17999]
  2023-06-17 18:07:26.825 : IterationNum=116	[MsgId: MMSG-17999]
   USER 116 = user64:pwd64	[MsgId: MMSG-17999]
    2023-06-17 18:07:26.921 : Start page is opened	[MsgId: MMSG-17999]
    2023-06-17 18:07:30.830 : User is logged in with session 136655.102956663HAcQVQzpifiDDDDDtcVHfpViVVf	[MsgId: MMSG-17999]
    2023-06-17 18:07:36.151 : User is logged out of session	[MsgId: MMSG-17999]
  2023-06-17 18:09:32.830 : IterationNum=117	[MsgId: MMSG-17999]
   USER 117 = user64:pwd64	[MsgId: MMSG-17999]
    2023-06-17 18:09:32.926 : Start page is opened	[MsgId: MMSG-17999]
    2023-06-17 18:09:37.102 : User is logged in with session 136655.113163224HAcQVQHpDiDDDDDDtcVHfpVitD	[MsgId: MMSG-17999]
    2023-06-17 18:09:41.605 : User is logged out of session	[MsgId: MMSG-17999]
  2023-06-17 18:11:38.842 : IterationNum=118	[MsgId: MMSG-17999]
   USER 118 = user64:pwd64	[MsgId: MMSG-17999]
    2023-06-17 18:11:38.935 : Start page is opened	[MsgId: MMSG-17999]
    2023-06-17 18:11:44.578 : User is logged in with session 136655.123369785HAcQVQHpQAiDDDDDtcVHfpViHtf	[MsgId: MMSG-17999]
    2023-06-17 18:11:50.201 : User is logged out of session	[MsgId: MMSG-17999]
  2023-06-17 18:13:44.851 : IterationNum=119	[MsgId: MMSG-17999]
   USER 119 = user64:pwd64	[MsgId: MMSG-17999]
    2023-06-17 18:13:44.946 : Start page is opened	[MsgId: MMSG-17999]
    2023-06-17 18:13:50.982 : User is logged in with session 136655.133576347HAcQVQiptDDDDDDDtcVHfpVQAz	[MsgId: MMSG-17999]
    2023-06-17 18:13:56.084 : User is logged out of session	[MsgId: MMSG-17999]
  2023-06-17 18:15:50.858 : IterationNum=120	[MsgId: MMSG-17999]
   USER 120 = user64:pwd64	[MsgId: MMSG-17999]
    2023-06-17 18:15:50.952 : Start page is opened	[MsgId: MMSG-17999]
    2023-06-17 18:15:56.890 : User is logged in with session 136655.143782908HAcQVQipQfiDDDDDtcVHfpVQDHf	[MsgId: MMSG-17999]
    2023-06-17 18:16:01.257 : User is logged out of session	[MsgId: MMSG-17999]
  2023-06-17 18:17:56.864 : IterationNum=121	[MsgId: MMSG-17999]
   USER 121 = user64:pwd64	[MsgId: MMSG-17999]
    2023-06-17 18:17:56.958 : Start page is opened	[MsgId: MMSG-17999]
    2023-06-17 18:18:02.773 : User is logged in with session 136655.153989469HAcQVQQptiDDDDDDtcVHfpVQzQ	[MsgId: MMSG-17999]
    2023-06-17 18:18:07.799 : User is logged out of session	[MsgId: MMSG-17999]
  2023-06-17 18:20:02.871 : IterationNum=122	[MsgId: MMSG-17999]
   USER 122 = user64:pwd64	[MsgId: MMSG-17999]
    2023-06-17 18:20:02.966 : Start page is opened	[MsgId: MMSG-17999]
    2023-06-17 18:20:09.138 : User is logged in with session 136655.164196031HAcQcAApAAiDDDDDtcVHfpcAAAf	[MsgId: MMSG-17999]
    2023-06-17 18:20:14.062 : User is logged out of session	[MsgId: MMSG-17999]
  2023-06-17 18:22:08.873 : IterationNum=123	[MsgId: MMSG-17999]
   USER 123 = user64:pwd64	[MsgId: MMSG-17999]
    2023-06-17 18:22:08.967 : Start page is opened	[MsgId: MMSG-17999]
    2023-06-17 18:22:12.896 : User is logged in with session 136655.174402592HAcQcAApfDDDDDDDtcVHfpcADc	[MsgId: MMSG-17999]
    2023-06-17 18:22:17.165 : User is logged out of session	[MsgId: MMSG-17999]
  2023-06-17 18:24:14.874 : IterationNum=124	[MsgId: MMSG-17999]
   USER 124 = user64:pwd64	[MsgId: MMSG-17999]
    2023-06-17 18:24:14.967 : Start page is opened	[MsgId: MMSG-17999]
    2023-06-17 18:24:20.309 : User is logged in with session 136655.184609154HAcQcAVpAfiDDDDDtcVHfpcAzDf	[MsgId: MMSG-17999]
    2023-06-17 18:24:25.986 : User is logged out of session	[MsgId: MMSG-17999]
  2023-06-17 18:26:20.877 : IterationNum=125	[MsgId: MMSG-17999]
   USER 125 = user64:pwd64	[MsgId: MMSG-17999]
    2023-06-17 18:26:20.970 : Start page is opened	[MsgId: MMSG-17999]
    2023-06-17 18:26:26.559 : User is logged in with session 136655.194815715HAcQcAVpfiDDDDDDtcVHfpcAQf	[MsgId: MMSG-17999]
    2023-06-17 18:26:31.899 : User is logged out of session	[MsgId: MMSG-17999]
  2023-06-17 18:28:26.887 : IterationNum=126	[MsgId: MMSG-17999]
   USER 126 = user64:pwd64	[MsgId: MMSG-17999]
    2023-06-17 18:28:26.982 : Start page is opened	[MsgId: MMSG-17999]
    2023-06-17 18:28:33.042 : User is logged in with session 136655.205022276HAcQcAcpVAiDDDDDtcVHfpcVczf	[MsgId: MMSG-17999]
    2023-06-17 18:28:37.493 : User is logged out of session	[MsgId: MMSG-17999]
  2023-06-17 18:30:32.898 : IterationNum=127	[MsgId: MMSG-17999]
   USER 127 = user64:pwd64	[MsgId: MMSG-17999]
    2023-06-17 18:30:32.992 : Start page is opened	[MsgId: MMSG-17999]
    2023-06-17 18:30:38.203 : User is logged in with session 136655.215228838HAcQcAcpzDDDDDDDtcVHfpcVfi	[MsgId: MMSG-17999]
    2023-06-17 18:30:42.203 : User is logged out of session	[MsgId: MMSG-17999]
  2023-06-17 18:32:38.902 : IterationNum=128	[MsgId: MMSG-17999]
   USER 128 = user64:pwd64	[MsgId: MMSG-17999]
    2023-06-17 18:32:38.997 : Start page is opened	[MsgId: MMSG-17999]
    2023-06-17 18:32:43.991 : User is logged in with session 136655.225435399HAcQcADpVfiDDDDDtcVHfpcViQf	[MsgId: MMSG-17999]
    2023-06-17 18:32:49.202 : User is logged out of session	[MsgId: MMSG-17999]
  2023-06-17 18:34:44.904 : IterationNum=129	[MsgId: MMSG-17999]
   USER 129 = user64:pwd64	[MsgId: MMSG-17999]
    2023-06-17 18:34:44.999 : Start page is opened	[MsgId: MMSG-17999]
    2023-06-17 18:34:49.726 : User is logged in with session 136655.23564196HAcQcADpziDDDDDDtcVHfpcccV	[MsgId: MMSG-17999]
    2023-06-17 18:34:55.428 : User is logged out of session	[MsgId: MMSG-17999]
  2023-06-17 18:36:50.919 : IterationNum=130	[MsgId: MMSG-17999]
   USER 130 = user64:pwd64	[MsgId: MMSG-17999]
    2023-06-17 18:36:51.013 : Start page is opened	[MsgId: MMSG-17999]
    2023-06-17 18:36:56.717 : User is logged in with session 136655.245848522HAcQcAtpcAiDDDDDtcVHfpccfcf	[MsgId: MMSG-17999]
    2023-06-17 18:37:01.223 : User is logged out of session	[MsgId: MMSG-17999]
  2023-06-17 18:38:56.921 : IterationNum=131	[MsgId: MMSG-17999]
   USER 131 = user64:pwd64	[MsgId: MMSG-17999]
    2023-06-17 18:38:57.014 : Start page is opened	[MsgId: MMSG-17999]
    2023-06-17 18:39:01.892 : User is logged in with session 136655.256055083HAcQcAtpHDDDDDDDtcVHfpccit	[MsgId: MMSG-17999]
    2023-06-17 18:39:08.125 : User is logged out of session	[MsgId: MMSG-17999]
  2023-06-17 18:41:02.926 : IterationNum=132	[MsgId: MMSG-17999]
   USER 132 = user64:pwd64	[MsgId: MMSG-17999]
    2023-06-17 18:41:03.022 : Start page is opened	[MsgId: MMSG-17999]
    2023-06-17 18:41:08.820 : User is logged in with session 136655.266261644HAcQcAfpcfiDDDDDtcVHfpcDVff	[MsgId: MMSG-17999]
    2023-06-17 18:41:14.659 : User is logged out of session	[MsgId: MMSG-17999]
  2023-06-17 18:43:08.927 : IterationNum=133	[MsgId: MMSG-17999]
   USER 133 = user64:pwd64	[MsgId: MMSG-17999]
    2023-06-17 18:43:09.022 : Start page is opened	[MsgId: MMSG-17999]
    2023-06-17 18:43:13.732 : User is logged in with session 136655.276468206HAcQcAfpHiDDDDDDtcVHfpcDtH	[MsgId: MMSG-17999]
    2023-06-17 18:43:18.871 : User is logged out of session	[MsgId: MMSG-17999]
  2023-06-17 18:45:14.928 : IterationNum=134	[MsgId: MMSG-17999]
   USER 134 = user64:pwd64	[MsgId: MMSG-17999]
    2023-06-17 18:45:15.022 : Start page is opened	[MsgId: MMSG-17999]
    2023-06-17 18:45:20.207 : User is logged in with session 136655.286674767HAcQcAzpDAiDDDDDtcVHfpcDHif	[MsgId: MMSG-17999]
    2023-06-17 18:45:25.989 : User is logged out of session	[MsgId: MMSG-17999]
  2023-06-17 18:47:20.938 : IterationNum=135	[MsgId: MMSG-17999]
   USER 135 = user64:pwd64	[MsgId: MMSG-17999]
    2023-06-17 18:47:21.033 : Start page is opened	[MsgId: MMSG-17999]
    2023-06-17 18:47:26.832 : User is logged in with session 136655.296881328HAcQcAzpiDDDDDDDtcVHfpctV	[MsgId: MMSG-17999]
    2023-06-17 18:47:31.042 : User is logged out of session	[MsgId: MMSG-17999]
  2023-06-17 18:49:26.951 : IterationNum=136	[MsgId: MMSG-17999]
   USER 136 = user64:pwd64	[MsgId: MMSG-17999]
    2023-06-17 18:49:27.043 : Start page is opened	[MsgId: MMSG-17999]
    2023-06-17 18:49:32.265 : User is logged in with session 136655.30708789HAcQcAHpDfiDDDDDtcVHfpcttVf	[MsgId: MMSG-17999]
    2023-06-17 18:49:38.368 : User is logged out of session	[MsgId: MMSG-17999]
  2023-06-17 18:51:32.951 : IterationNum=137	[MsgId: MMSG-17999]
   USER 137 = user64:pwd64	[MsgId: MMSG-17999]
    2023-06-17 18:51:33.046 : Start page is opened	[MsgId: MMSG-17999]
    2023-06-17 18:51:37.917 : User is logged in with session 136655.317294451HAcQcAHpiiDDDDDDtcVHfpctHD	[MsgId: MMSG-17999]
    2023-06-17 18:51:43.258 : User is logged out of session	[MsgId: MMSG-17999]
  2023-06-17 18:53:38.955 : IterationNum=138	[MsgId: MMSG-17999]
   USER 138 = user64:pwd64	[MsgId: MMSG-17999]
    2023-06-17 18:53:39.049 : Start page is opened	[MsgId: MMSG-17999]
    2023-06-17 18:53:45.398 : User is logged in with session 136655.327501013HAcQcAiptAiDDDDDtcVHfpcfAtf	[MsgId: MMSG-17999]
    2023-06-17 18:53:49.728 : User is logged out of session	[MsgId: MMSG-17999]
  2023-06-17 18:55:44.968 : IterationNum=139	[MsgId: MMSG-17999]
   USER 139 = user64:pwd64	[MsgId: MMSG-17999]
    2023-06-17 18:55:45.063 : Start page is opened	[MsgId: MMSG-17999]
    2023-06-17 18:55:50.202 : User is logged in with session 136655.337707574HAcQcAipQDDDDDDDtcVHfpcfDz	[MsgId: MMSG-17999]
    2023-06-17 18:55:54.089 : User is logged out of session	[MsgId: MMSG-17999]
  2023-06-17 18:57:50.971 : IterationNum=140	[MsgId: MMSG-17999]
   USER 140 = user64:pwd64	[MsgId: MMSG-17999]
    2023-06-17 18:57:51.065 : Start page is opened	[MsgId: MMSG-17999]
    2023-06-17 18:57:57.150 : User is logged in with session 136655.34799514HAcQcAQptzcftcVHfpcfzHHf	[MsgId: MMSG-17999]
    2023-06-17 18:58:02.686 : User is logged out of session	[MsgId: MMSG-17999]
  2023-06-17 18:59:56.984 : IterationNum=141	[MsgId: MMSG-17999]
   USER 141 = user64:pwd64	[MsgId: MMSG-17999]
    2023-06-17 18:59:57.077 : Start page is opened	[MsgId: MMSG-17999]
    2023-06-17 19:00:01.172 : User is logged in with session 136655.358201701HAcQcAQpQiHftcVHfpcfQQcf	[MsgId: MMSG-17999]
    2023-06-17 19:00:06.450 : User is logged out of session	[MsgId: MMSG-17999]
  2023-06-17 19:02:02.987 : IterationNum=142	[MsgId: MMSG-17999]
   USER 142 = user64:pwd64	[MsgId: MMSG-17999]
    2023-06-17 19:02:03.082 : Start page is opened	[MsgId: MMSG-17999]
    2023-06-17 19:02:08.883 : User is logged in with session 136655.368408262HAcQcVApfVcftcVHfpczDAHf	[MsgId: MMSG-17999]
    2023-06-17 19:02:14.101 : User is logged out of session	[MsgId: MMSG-17999]
  2023-06-17 19:04:08.994 : IterationNum=143	[MsgId: MMSG-17999]
   USER 143 = user64:pwd64	[MsgId: MMSG-17999]
    2023-06-17 19:04:09.087 : Start page is opened	[MsgId: MMSG-17999]
    2023-06-17 19:04:13.348 : User is logged in with session 136655.378614824HAcQcVVpADHftcVHfpczzccf	[MsgId: MMSG-17999]
    2023-06-17 19:04:17.320 : User is logged out of session	[MsgId: MMSG-17999]
  2023-06-17 19:06:15.006 : IterationNum=144	[MsgId: MMSG-17999]
   USER 144 = user64:pwd64	[MsgId: MMSG-17999]
    2023-06-17 19:06:15.101 : Start page is opened	[MsgId: MMSG-17999]
    2023-06-17 19:06:19.904 : User is logged in with session 136655.388821385HAcQcVVpfzcftcVHfpczQDHf	[MsgId: MMSG-17999]
    2023-06-17 19:06:24.913 : User is logged out of session	[MsgId: MMSG-17999]
  2023-06-17 19:08:21.012 : IterationNum=145	[MsgId: MMSG-17999]
   USER 145 = user64:pwd64	[MsgId: MMSG-17999]
    2023-06-17 19:08:21.105 : Start page is opened	[MsgId: MMSG-17999]
    2023-06-17 19:08:25.715 : User is logged in with session 136655.399027947HAcQcVcpAiHftcVHfpcHcfcf	[MsgId: MMSG-17999]
    2023-06-17 19:08:29.723 : User is logged out of session	[MsgId: MMSG-17999]
  2023-06-17 19:10:27.022 : IterationNum=146	[MsgId: MMSG-17999]
   USER 146 = user64:pwd64	[MsgId: MMSG-17999]
    2023-06-17 19:10:27.116 : Start page is opened	[MsgId: MMSG-17999]
    2023-06-17 19:10:32.683 : User is logged in with session 136655.409234508HAcQcVcpzVcftcVHfpcHfzHf	[MsgId: MMSG-17999]
    2023-06-17 19:10:37.689 : User is logged out of session	[MsgId: MMSG-17999]
  2023-06-17 19:12:33.032 : IterationNum=147	[MsgId: MMSG-17999]
   USER 147 = user64:pwd64	[MsgId: MMSG-17999]
    2023-06-17 19:12:33.126 : Start page is opened	[MsgId: MMSG-17999]
    2023-06-17 19:12:37.035 : User is logged in with session 136655.419441069HAcQcVDpVDHftcVHfpcHiicf	[MsgId: MMSG-17999]
    2023-06-17 19:12:43.143 : User is logged out of session	[MsgId: MMSG-17999]
  2023-06-17 19:14:39.045 : IterationNum=148	[MsgId: MMSG-17999]
   USER 148 = user64:pwd64	[MsgId: MMSG-17999]
    2023-06-17 19:14:39.139 : Start page is opened	[MsgId: MMSG-17999]
    2023-06-17 19:14:45.159 : User is logged in with session 136655.429647631HAcQcVDpzzcftcVHfpciVQHf	[MsgId: MMSG-17999]
    2023-06-17 19:14:49.472 : User is logged out of session	[MsgId: MMSG-17999]
  2023-06-17 19:16:45.046 : IterationNum=149	[MsgId: MMSG-17999]
   USER 149 = user64:pwd64	[MsgId: MMSG-17999]
    2023-06-17 19:16:45.140 : Start page is opened	[MsgId: MMSG-17999]
    2023-06-17 19:16:49.418 : User is logged in with session 136655.439854192HAcQcVtpViHftcVHfpcifVcf	[MsgId: MMSG-17999]
    2023-06-17 19:16:53.636 : User is logged out of session	[MsgId: MMSG-17999]
  2023-06-17 19:18:51.049 : IterationNum=150	[MsgId: MMSG-17999]
   USER 150 = user64:pwd64	[MsgId: MMSG-17999]
    2023-06-17 19:18:51.144 : Start page is opened	[MsgId: MMSG-17999]
    2023-06-17 19:18:56.625 : User is logged in with session 136655.450060753HAcQcVtpHVcftcVHfpciicHf	[MsgId: MMSG-17999]
    2023-06-17 19:19:00.935 : User is logged out of session	[MsgId: MMSG-17999]
  2023-06-17 19:20:57.056 : IterationNum=151	[MsgId: MMSG-17999]
   USER 151 = user64:pwd64	[MsgId: MMSG-17999]
    2023-06-17 19:20:57.151 : Start page is opened	[MsgId: MMSG-17999]
    2023-06-17 19:21:02.394 : User is logged in with session 136655.460267315HAcQcVfpcDHftcVHfpcQVtcf	[MsgId: MMSG-17999]
    2023-06-17 19:21:06.699 : User is logged out of session	[MsgId: MMSG-17999]
  2023-06-17 19:23:03.070 : IterationNum=152	[MsgId: MMSG-17999]
   USER 152 = user64:pwd64	[MsgId: MMSG-17999]
    2023-06-17 19:23:03.162 : Start page is opened	[MsgId: MMSG-17999]
    2023-06-17 19:23:08.762 : User is logged in with session 136655.470473876HAcQcVfpHzcftcVHfpcQtfHf	[MsgId: MMSG-17999]
    2023-06-17 19:23:14.710 : User is logged out of session	[MsgId: MMSG-17999]
  2023-06-17 19:25:09.072 : IterationNum=153	[MsgId: MMSG-17999]
   USER 153 = user64:pwd64	[MsgId: MMSG-17999]
    2023-06-17 19:25:09.164 : Start page is opened	[MsgId: MMSG-17999]
    2023-06-17 19:25:14.106 : User is logged in with session 136655.480680437HAcQcVzpciHftcVHfpcQHHcf	[MsgId: MMSG-17999]
    2023-06-17 19:25:19.441 : User is logged out of session	[MsgId: MMSG-17999]
  2023-06-17 19:27:15.085 : IterationNum=154	[MsgId: MMSG-17999]
   USER 154 = user64:pwd64	[MsgId: MMSG-17999]
    2023-06-17 19:27:15.179 : Start page is opened	[MsgId: MMSG-17999]
    2023-06-17 19:27:19.816 : User is logged in with session 136655.490886999HAcQcVzpiVcftcVHfpDAAiHf	[MsgId: MMSG-17999]
    2023-06-17 19:27:25.971 : User is logged out of session	[MsgId: MMSG-17999]
  2023-06-17 19:29:21.096 : IterationNum=155	[MsgId: MMSG-17999]
   USER 155 = user64:pwd64	[MsgId: MMSG-17999]
    2023-06-17 19:29:21.191 : Start page is opened	[MsgId: MMSG-17999]
    2023-06-17 19:29:25.464 : User is logged in with session 136655.50109356HAcQcVHpDDHftcVHfpDAtAcf	[MsgId: MMSG-17999]
    2023-06-17 19:29:31.114 : User is logged out of session	[MsgId: MMSG-17999]
  2023-06-17 19:31:27.106 : IterationNum=156	[MsgId: MMSG-17999]
   USER 156 = user64:pwd64	[MsgId: MMSG-17999]
    2023-06-17 19:31:27.200 : Start page is opened	[MsgId: MMSG-17999]
    2023-06-17 19:31:32.857 : User is logged in with session 136655.511300121HAcQcVHpizcftcVHfpDAHVHf	[MsgId: MMSG-17999]
    2023-06-17 19:31:38.636 : User is logged out of session	[MsgId: MMSG-17999]
  2023-06-17 19:33:33.115 : IterationNum=157	[MsgId: MMSG-17999]
   USER 157 = user64:pwd64	[MsgId: MMSG-17999]
    2023-06-17 19:33:33.211 : Start page is opened	[MsgId: MMSG-17999]
    2023-06-17 19:33:37.829 : User is logged in with session 136655.521506683HAcQcVipDiHftcVHfpDVADcf	[MsgId: MMSG-17999]
    2023-06-17 19:33:43.845 : User is logged out of session	[MsgId: MMSG-17999]
  2023-06-17 19:35:39.117 : IterationNum=158	[MsgId: MMSG-17999]
   USER 158 = user64:pwd64	[MsgId: MMSG-17999]
    2023-06-17 19:35:39.212 : Start page is opened	[MsgId: MMSG-17999]
    2023-06-17 19:35:43.171 : User is logged in with session 136655.531713244HAcQcVipQVcftcVHfpDVDtHf	[MsgId: MMSG-17999]
    2023-06-17 19:35:47.247 : User is logged out of session	[MsgId: MMSG-17999]
  2023-06-17 19:37:45.124 : IterationNum=159	[MsgId: MMSG-17999]
   USER 159 = user64:pwd64	[MsgId: MMSG-17999]
    2023-06-17 19:37:45.217 : Start page is opened	[MsgId: MMSG-17999]
    2023-06-17 19:37:50.127 : User is logged in with session 136655.541919806HAcQcVQptDHftcVHfpDVzzcf	[MsgId: MMSG-17999]
    2023-06-17 19:37:56.445 : User is logged out of session	[MsgId: MMSG-17999]
  2023-06-17 19:39:51.135 : IterationNum=160	[MsgId: MMSG-17999]
   USER 160 = user64:pwd64	[MsgId: MMSG-17999]
    2023-06-17 19:39:51.229 : Start page is opened	[MsgId: MMSG-17999]
    2023-06-17 19:39:57.389 : User is logged in with session 136655.552126367HAcQcVQpQzcftcVHfpDVQHHf	[MsgId: MMSG-17999]
    2023-06-17 19:40:01.404 : User is logged out of session	[MsgId: MMSG-17999]
  2023-06-17 19:41:57.150 : IterationNum=161	[MsgId: MMSG-17999]
   USER 161 = user64:pwd64	[MsgId: MMSG-17999]
    2023-06-17 19:41:57.245 : Start page is opened	[MsgId: MMSG-17999]
    2023-06-17 19:42:02.122 : User is logged in with session 136655.562332928HAcQccAptiHftcVHfpDccQcf	[MsgId: MMSG-17999]
    2023-06-17 19:42:07.904 : User is logged out of session	[MsgId: MMSG-17999]
  2023-06-17 19:44:03.162 : IterationNum=162	[MsgId: MMSG-17999]
   USER 162 = user64:pwd64	[MsgId: MMSG-17999]
    2023-06-17 19:44:03.257 : Start page is opened	[MsgId: MMSG-17999]
    2023-06-17 19:44:09.034 : User is logged in with session 136655.57253949HAcQccVpAVcftcVHfpDczAHf	[MsgId: MMSG-17999]
    2023-06-17 19:44:13.342 : User is logged out of session	[MsgId: MMSG-17999]
  2023-06-17 19:46:09.172 : IterationNum=163	[MsgId: MMSG-17999]
   USER 163 = user64:pwd64	[MsgId: MMSG-17999]
    2023-06-17 19:46:09.265 : Start page is opened	[MsgId: MMSG-17999]
    2023-06-17 19:46:13.161 : User is logged in with session 136655.582746051HAcQccVpfDHftcVHfpDcQccf	[MsgId: MMSG-17999]
    2023-06-17 19:46:17.048 : User is logged out of session	[MsgId: MMSG-17999]
  2023-06-17 19:48:15.187 : IterationNum=164	[MsgId: MMSG-17999]
   USER 164 = user64:pwd64	[MsgId: MMSG-17999]
    2023-06-17 19:48:15.280 : Start page is opened	[MsgId: MMSG-17999]
    2023-06-17 19:48:19.192 : User is logged in with session 136655.592952612HAcQcccpAzcftcVHfpDDcDHf	[MsgId: MMSG-17999]
    2023-06-17 19:48:25.275 : User is logged out of session	[MsgId: MMSG-17999]
  2023-06-17 19:50:21.189 : IterationNum=165	[MsgId: MMSG-17999]
   USER 165 = user64:pwd64	[MsgId: MMSG-17999]
    2023-06-17 19:50:21.283 : Start page is opened	[MsgId: MMSG-17999]
    2023-06-17 19:50:25.524 : User is logged in with session 136655.603159174HAcQcccpfiHftcVHfpDDffcf	[MsgId: MMSG-17999]
    2023-06-17 19:50:30.562 : User is logged out of session	[MsgId: MMSG-17999]
  2023-06-17 19:52:27.200 : IterationNum=166	[MsgId: MMSG-17999]
   USER 166 = user64:pwd64	[MsgId: MMSG-17999]
    2023-06-17 19:52:27.293 : Start page is opened	[MsgId: MMSG-17999]
    2023-06-17 19:52:32.423 : User is logged in with session 136655.613365735HAcQccDpVVcftcVHfpDDizHf	[MsgId: MMSG-17999]
    2023-06-17 19:52:38.560 : User is logged out of session	[MsgId: MMSG-17999]
  2023-06-17 19:54:33.208 : IterationNum=167	[MsgId: MMSG-17999]
   USER 167 = user64:pwd64	[MsgId: MMSG-17999]
    2023-06-17 19:54:33.303 : Start page is opened	[MsgId: MMSG-17999]
    2023-06-17 19:54:38.079 : User is logged in with session 136655.623572296HAcQccDpzDHftcVHfpDtVicf	[MsgId: MMSG-17999]
    2023-06-17 19:54:44.412 : User is logged out of session	[MsgId: MMSG-17999]
  2023-06-17 19:56:39.222 : IterationNum=168	[MsgId: MMSG-17999]
   USER 168 = user64:pwd64	[MsgId: MMSG-17999]
    2023-06-17 19:56:39.316 : Start page is opened	[MsgId: MMSG-17999]
    2023-06-17 19:56:45.686 : User is logged in with session 136655.633778858HAcQcctpVzcftcVHfpDttQHf	[MsgId: MMSG-17999]
    2023-06-17 19:56:49.818 : User is logged out of session	[MsgId: MMSG-17999]
  2023-06-17 19:58:45.235 : IterationNum=169	[MsgId: MMSG-17999]
   USER 169 = user64:pwd64	[MsgId: MMSG-17999]
    2023-06-17 19:58:45.328 : Start page is opened	[MsgId: MMSG-17999]
    2023-06-17 19:58:50.358 : User is logged in with session 136655.643985419HAcQcctpziHftcVHfpDtiVcf	[MsgId: MMSG-17999]
    2023-06-17 19:58:56.595 : User is logged out of session	[MsgId: MMSG-17999]
  2023-06-17 20:00:51.243 : IterationNum=170	[MsgId: MMSG-17999]
   USER 170 = user64:pwd64	[MsgId: MMSG-17999]
    2023-06-17 20:00:51.337 : Start page is opened	[MsgId: MMSG-17999]
    2023-06-17 20:00:55.874 : User is logged in with session 136655.654191981HAcQccfpcVcftcVHfpDfVcHf	[MsgId: MMSG-17999]
    2023-06-17 20:01:00.233 : User is logged out of session	[MsgId: MMSG-17999]
  2023-06-17 20:02:57.246 : IterationNum=171	[MsgId: MMSG-17999]
   USER 171 = user64:pwd64	[MsgId: MMSG-17999]
    2023-06-17 20:02:57.338 : Start page is opened	[MsgId: MMSG-17999]
    2023-06-17 20:03:02.068 : User is logged in with session 136655.664398542HAcQccfpHDHftcVHfpDfttcf	[MsgId: MMSG-17999]
    2023-06-17 20:03:08.102 : User is logged out of session	[MsgId: MMSG-17999]
  2023-06-17 20:05:03.253 : IterationNum=172	[MsgId: MMSG-17999]
   USER 172 = user64:pwd64	[MsgId: MMSG-17999]
    2023-06-17 20:05:03.346 : Start page is opened	[MsgId: MMSG-17999]
    2023-06-17 20:05:09.174 : User is logged in with session 136655.674605103HAcQcczpczcftcVHfpDfHfHf	[MsgId: MMSG-17999]
    2023-06-17 20:05:14.370 : User is logged out of session	[MsgId: MMSG-17999]
  2023-06-17 20:07:09.265 : IterationNum=173	[MsgId: MMSG-17999]
   USER 173 = user64:pwd64	[MsgId: MMSG-17999]
    2023-06-17 20:07:09.358 : Start page is opened	[MsgId: MMSG-17999]
    2023-06-17 20:07:15.451 : User is logged in with session 136655.684811665HAcQcczpHiHftcVHfpDzAHcf	[MsgId: MMSG-17999]
    2023-06-17 20:07:19.647 : User is logged out of session	[MsgId: MMSG-17999]
  2023-06-17 20:09:15.270 : IterationNum=174	[MsgId: MMSG-17999]
   USER 174 = user64:pwd64	[MsgId: MMSG-17999]
    2023-06-17 20:09:15.364 : Start page is opened	[MsgId: MMSG-17999]
    2023-06-17 20:09:19.778 : User is logged in with session 136655.695018226HAcQccHpDVcftcVHfpDzDiHf	[MsgId: MMSG-17999]
    2023-06-17 20:09:26.002 : User is logged out of session	[MsgId: MMSG-17999]
  2023-06-17 20:11:21.282 : IterationNum=175	[MsgId: MMSG-17999]
   USER 175 = user64:pwd64	[MsgId: MMSG-17999]
    2023-06-17 20:11:21.376 : Start page is opened	[MsgId: MMSG-17999]
    2023-06-17 20:11:26.200 : User is logged in with session 136655.705224787HAcQccHpiDHftcVHfpDzHAcf	[MsgId: MMSG-17999]
    2023-06-17 20:11:31.131 : User is logged out of session	[MsgId: MMSG-17999]
  2023-06-17 20:13:27.285 : IterationNum=176	[MsgId: MMSG-17999]
   USER 176 = user64:pwd64	[MsgId: MMSG-17999]
    2023-06-17 20:13:27.379 : Start page is opened	[MsgId: MMSG-17999]
    2023-06-17 20:13:31.528 : User is logged in with session 136655.715431349HAcQccipDzcftcVHfpDHAVHf	[MsgId: MMSG-17999]
    2023-06-17 20:13:36.928 : User is logged out of session	[MsgId: MMSG-17999]
  2023-06-17 20:15:33.289 : IterationNum=177	[MsgId: MMSG-17999]
   USER 177 = user64:pwd64	[MsgId: MMSG-17999]
    2023-06-17 20:15:33.382 : Start page is opened	[MsgId: MMSG-17999]
    2023-06-17 20:15:37.767 : User is logged in with session 136655.72563791HAcQccipiiHftcVHfpDHDDcf	[MsgId: MMSG-17999]
    2023-06-17 20:15:42.659 : User is logged out of session	[MsgId: MMSG-17999]
  2023-06-17 20:17:39.293 : IterationNum=178	[MsgId: MMSG-17999]
   USER 178 = user64:pwd64	[MsgId: MMSG-17999]
    2023-06-17 20:17:39.386 : Start page is opened	[MsgId: MMSG-17999]
    2023-06-17 20:17:45.640 : User is logged in with session 136655.735844471HAcQccQptVcftcVHfpDHztHf	[MsgId: MMSG-17999]
    2023-06-17 20:17:51.458 : User is logged out of session	[MsgId: MMSG-17999]
  2023-06-17 20:19:45.295 : IterationNum=179	[MsgId: MMSG-17999]
   USER 179 = user64:pwd64	[MsgId: MMSG-17999]
    2023-06-17 20:19:45.388 : Start page is opened	[MsgId: MMSG-17999]
    2023-06-17 20:19:51.134 : User is logged in with session 136655.746051033HAcQccQpQDHftcVHfpDHQzcf	[MsgId: MMSG-17999]
    2023-06-17 20:19:55.966 : User is logged out of session	[MsgId: MMSG-17999]
  2023-06-17 20:21:51.298 : IterationNum=180	[MsgId: MMSG-17999]
   USER 180 = user64:pwd64	[MsgId: MMSG-17999]
    2023-06-17 20:21:51.393 : Start page is opened	[MsgId: MMSG-17999]
    2023-06-17 20:21:57.251 : User is logged in with session 136655.756257594HAcQcDAptzcftcVHfpDicHHf	[MsgId: MMSG-17999]
    2023-06-17 20:22:01.747 : User is logged out of session	[MsgId: MMSG-17999]
  2023-06-17 20:23:57.311 : IterationNum=181	[MsgId: MMSG-17999]
   USER 181 = user64:pwd64	[MsgId: MMSG-17999]
    2023-06-17 20:23:57.406 : Start page is opened	[MsgId: MMSG-17999]
    2023-06-17 20:24:02.676 : User is logged in with session 136655.766464156HAcQcDApQiHftcVHfpDifQcf	[MsgId: MMSG-17999]
    2023-06-17 20:24:08.373 : User is logged out of session	[MsgId: MMSG-17999]
  2023-06-17 20:26:03.321 : IterationNum=182	[MsgId: MMSG-17999]
   USER 182 = user64:pwd64	[MsgId: MMSG-17999]
    2023-06-17 20:26:03.415 : Start page is opened	[MsgId: MMSG-17999]
    2023-06-17 20:26:07.896 : User is logged in with session 136655.776670717HAcQcDVpfVcftcVHfpDiQAHf	[MsgId: MMSG-17999]
    2023-06-17 20:26:12.866 : User is logged out of session	[MsgId: MMSG-17999]
  2023-06-17 20:28:09.331 : IterationNum=183	[MsgId: MMSG-17999]
   USER 183 = user64:pwd64	[MsgId: MMSG-17999]
    2023-06-17 20:28:09.426 : Start page is opened	[MsgId: MMSG-17999]
    2023-06-17 20:28:14.579 : User is logged in with session 136655.786877278HAcQcDcpADHftcVHfpDQcccf	[MsgId: MMSG-17999]
    2023-06-17 20:28:20.466 : User is logged out of session	[MsgId: MMSG-17999]
  2023-06-17 20:30:15.335 : IterationNum=184	[MsgId: MMSG-17999]
   USER 184 = user64:pwd64	[MsgId: MMSG-17999]
    2023-06-17 20:30:15.430 : Start page is opened	[MsgId: MMSG-17999]
    2023-06-17 20:30:21.687 : User is logged in with session 136655.79708384HAcQcDcpfzcftcVHfpDQfDHf	[MsgId: MMSG-17999]
    2023-06-17 20:30:27.407 : User is logged out of session	[MsgId: MMSG-17999]
  2023-06-17 20:32:21.344 : IterationNum=185	[MsgId: MMSG-17999]
   USER 185 = user64:pwd64	[MsgId: MMSG-17999]
    2023-06-17 20:32:21.438 : Start page is opened	[MsgId: MMSG-17999]
    2023-06-17 20:32:27.313 : User is logged in with session 136655.807290401HAcQcDDpAiHftcVHfpDQifcf	[MsgId: MMSG-17999]
    2023-06-17 20:32:32.056 : User is logged out of session	[MsgId: MMSG-17999]
  2023-06-17 20:34:27.355 : IterationNum=186	[MsgId: MMSG-17999]
   USER 186 = user64:pwd64	[MsgId: MMSG-17999]
    2023-06-17 20:34:27.451 : Start page is opened	[MsgId: MMSG-17999]
    2023-06-17 20:34:31.452 : User is logged in with session 136655.817496962HAcQcDDpzVcftcVHfptAVzHf	[MsgId: MMSG-17999]
    2023-06-17 20:34:37.761 : User is logged out of session	[MsgId: MMSG-17999]
  2023-06-17 20:36:33.367 : IterationNum=187	[MsgId: MMSG-17999]
   USER 187 = user64:pwd64	[MsgId: MMSG-17999]
    2023-06-17 20:36:33.462 : Start page is opened	[MsgId: MMSG-17999]
    2023-06-17 20:36:39.485 : User is logged in with session 136655.827703524HAcQcDtpVDHftcVHfptAticf	[MsgId: MMSG-17999]
    2023-06-17 20:36:45.662 : User is logged out of session	[MsgId: MMSG-17999]
  2023-06-17 20:38:39.382 : IterationNum=188	[MsgId: MMSG-17999]
   USER 188 = user64:pwd64	[MsgId: MMSG-17999]
    2023-06-17 20:38:39.477 : Start page is opened	[MsgId: MMSG-17999]
    2023-06-17 20:38:43.890 : User is logged in with session 136655.837910085HAcQcDtpzzcftcVHfptAHQHf	[MsgId: MMSG-17999]
    2023-06-17 20:38:48.164 : User is logged out of session	[MsgId: MMSG-17999]
  2023-06-17 20:40:45.383 : IterationNum=189	[MsgId: MMSG-17999]
   USER 189 = user64:pwd64	[MsgId: MMSG-17999]
    2023-06-17 20:40:45.477 : Start page is opened	[MsgId: MMSG-17999]
    2023-06-17 20:40:51.495 : User is logged in with session 136655.848116646HAcQcDfpViHftcVHfptVVVcf	[MsgId: MMSG-17999]
    2023-06-17 20:40:55.826 : User is logged out of session	[MsgId: MMSG-17999]
  2023-06-17 20:42:51.388 : IterationNum=190	[MsgId: MMSG-17999]
   USER 190 = user64:pwd64	[MsgId: MMSG-17999]
    2023-06-17 20:42:51.482 : Start page is opened	[MsgId: MMSG-17999]
    2023-06-17 20:42:56.624 : User is logged in with session 136655.858323208HAcQcDfpHVcftcVHfptVtcHf	[MsgId: MMSG-17999]
    2023-06-17 20:43:00.676 : User is logged out of session	[MsgId: MMSG-17999]
  2023-06-17 20:44:57.390 : IterationNum=191	[MsgId: MMSG-17999]
   USER 191 = user64:pwd64	[MsgId: MMSG-17999]
    2023-06-17 20:44:57.484 : Start page is opened	[MsgId: MMSG-17999]
    2023-06-17 20:45:03.430 : User is logged in with session 136655.868529769HAcQcDzpcDHftcVHfptVHtcf	[MsgId: MMSG-17999]
    2023-06-17 20:45:08.275 : User is logged out of session	[MsgId: MMSG-17999]
  2023-06-17 20:47:03.403 : IterationNum=192	[MsgId: MMSG-17999]
   USER 192 = user64:pwd64	[MsgId: MMSG-17999]
    2023-06-17 20:47:03.497 : Start page is opened	[MsgId: MMSG-17999]
    2023-06-17 20:47:07.847 : User is logged in with session 136655.87873633HAcQcDzpHzcftcVHfptcAfHf	[MsgId: MMSG-17999]
    2023-06-17 20:47:12.181 : User is logged out of session	[MsgId: MMSG-17999]
  2023-06-17 20:49:09.416 : IterationNum=193	[MsgId: MMSG-17999]
   USER 193 = user64:pwd64	[MsgId: MMSG-17999]
    2023-06-17 20:49:09.511 : Start page is opened	[MsgId: MMSG-17999]
    2023-06-17 20:49:15.573 : User is logged in with session 136655.888942892HAcQcDHpciHftcVHfptcDHcf	[MsgId: MMSG-17999]
    2023-06-17 20:49:21.924 : User is logged out of session	[MsgId: MMSG-17999]
  2023-06-17 20:51:15.430 : IterationNum=194	[MsgId: MMSG-17999]
   USER 194 = user64:pwd64	[MsgId: MMSG-17999]
    2023-06-17 20:51:15.524 : Start page is opened	[MsgId: MMSG-17999]
    2023-06-17 20:51:20.946 : User is logged in with session 136655.899149453HAcQcDHpiVcftcVHfptcziHf	[MsgId: MMSG-17999]
    2023-06-17 20:51:25.737 : User is logged out of session	[MsgId: MMSG-17999]
  2023-06-17 20:53:21.437 : IterationNum=195	[MsgId: MMSG-17999]
   USER 195 = user64:pwd64	[MsgId: MMSG-17999]
    2023-06-17 20:53:21.531 : Start page is opened	[MsgId: MMSG-17999]
    2023-06-17 20:53:26.866 : User is logged in with session 136655.909356015HAcQcDipDDHftcVHfptDAAcf	[MsgId: MMSG-17999]
    2023-06-17 20:53:31.382 : User is logged out of session	[MsgId: MMSG-17999]
  2023-06-17 20:55:27.441 : IterationNum=196	[MsgId: MMSG-17999]
   USER 196 = user64:pwd64	[MsgId: MMSG-17999]
    2023-06-17 20:55:27.535 : Start page is opened	[MsgId: MMSG-17999]
    2023-06-17 20:55:33.055 : User is logged in with session 136655.919562576HAcQcDipizcftcVHfptDDVHf	[MsgId: MMSG-17999]
    2023-06-17 20:55:39.138 : User is logged out of session	[MsgId: MMSG-17999]
  2023-06-17 20:57:33.452 : IterationNum=197	[MsgId: MMSG-17999]
   USER 197 = user64:pwd64	[MsgId: MMSG-17999]
    2023-06-17 20:57:33.548 : Start page is opened	[MsgId: MMSG-17999]
    2023-06-17 20:57:39.078 : User is logged in with session 136655.929769137HAcQcDQpDiHftcVHfptDzDcf	[MsgId: MMSG-17999]
    2023-06-17 20:57:43.089 : User is logged out of session	[MsgId: MMSG-17999]
  2023-06-17 20:59:39.461 : IterationNum=198	[MsgId: MMSG-17999]
   USER 198 = user64:pwd64	[MsgId: MMSG-17999]
    2023-06-17 20:59:39.556 : Start page is opened	[MsgId: MMSG-17999]
    2023-06-17 20:59:44.185 : User is logged in with session 136655.939975699HAcQcDQpQVcftcVHfptDQtHf	[MsgId: MMSG-17999]
    2023-06-17 20:59:49.495 : User is logged out of session	[MsgId: MMSG-17999]
  2023-06-17 21:01:45.472 : IterationNum=199	[MsgId: MMSG-17999]
   USER 199 = user64:pwd64	[MsgId: MMSG-17999]
    2023-06-17 21:01:45.567 : Start page is opened	[MsgId: MMSG-17999]
    2023-06-17 21:01:50.390 : User is logged in with session 136655.95018226HAcQctAptDHftcVHfpttczcf	[MsgId: MMSG-17999]
    2023-06-17 21:01:55.452 : User is logged out of session	[MsgId: MMSG-17999]
  2023-06-17 21:03:51.480 : IterationNum=200	[MsgId: MMSG-17999]
   USER 200 = user64:pwd64	[MsgId: MMSG-17999]
    2023-06-17 21:03:51.574 : Start page is opened	[MsgId: MMSG-17999]
    2023-06-17 21:03:56.550 : User is logged in with session 136655.960388821HAcQctApQzcftcVHfpttfHHf	[MsgId: MMSG-17999]
    2023-06-17 21:04:02.570 : User is logged out of session	[MsgId: MMSG-17999]
  2023-06-17 21:05:57.494 : IterationNum=201	[MsgId: MMSG-17999]
   USER 201 = user64:pwd64	[MsgId: MMSG-17999]
    2023-06-17 21:05:57.588 : Start page is opened	[MsgId: MMSG-17999]
    2023-06-17 21:06:03.171 : User is logged in with session 136655.970595383HAcQctVptiHftcVHfpttiQcf	[MsgId: MMSG-17999]
    2023-06-17 21:06:09.410 : User is logged out of session	[MsgId: MMSG-17999]
  2023-06-17 21:08:03.496 : IterationNum=202	[MsgId: MMSG-17999]
   USER 202 = user64:pwd64	[MsgId: MMSG-17999]
    2023-06-17 21:08:03.590 : Start page is opened	[MsgId: MMSG-17999]
    2023-06-17 21:08:09.237 : User is logged in with session 136655.980801944HAcQctcpAVcftcVHfptfcAHf	[MsgId: MMSG-17999]
    2023-06-17 21:08:13.516 : User is logged out of session	[MsgId: MMSG-17999]
  2023-06-17 21:10:09.507 : IterationNum=203	[MsgId: MMSG-17999]
   USER 203 = user64:pwd64	[MsgId: MMSG-17999]
    2023-06-17 21:10:09.599 : Start page is opened	[MsgId: MMSG-17999]
    2023-06-17 21:10:13.914 : User is logged in with session 136655.991008505HAcQctcpfDHftcVHfptffccf	[MsgId: MMSG-17999]
    2023-06-17 21:10:20.146 : User is logged out of session	[MsgId: MMSG-17999]
  2023-06-17 21:12:15.522 : IterationNum=204	[MsgId: MMSG-17999]
   USER 204 = user64:pwd64	[MsgId: MMSG-17999]
    2023-06-17 21:12:15.616 : Start page is opened	[MsgId: MMSG-17999]
    2023-06-17 21:12:19.791 : User is logged in with session 136656.001215067HAcQctDpAzcftcVHfptfiDHf	[MsgId: MMSG-17999]
    2023-06-17 21:12:24.263 : User is logged out of session	[MsgId: MMSG-17999]
  2023-06-17 21:14:21.521 : IterationNum=205	[MsgId: MMSG-17999]
   USER 205 = user64:pwd64	[MsgId: MMSG-17999]
    2023-06-17 21:14:21.615 : Start page is opened	[MsgId: MMSG-17999]
    2023-06-17 21:14:27.461 : User is logged in with session 136656.011421628HAcQctDpfiHftcVHfptzVfcf	[MsgId: MMSG-17999]
    2023-06-17 21:14:31.531 : User is logged out of session	[MsgId: MMSG-17999]
  2023-06-17 21:16:27.529 : IterationNum=206	[MsgId: MMSG-17999]
   USER 206 = user64:pwd64	[MsgId: MMSG-17999]
    2023-06-17 21:16:27.623 : Start page is opened	[MsgId: MMSG-17999]
    2023-06-17 21:16:32.720 : User is logged in with session 136656.02162819HAcQcttpVVcftcVHfptztzHf	[MsgId: MMSG-17999]
    2023-06-17 21:16:37.368 : User is logged out of session	[MsgId: MMSG-17999]
  2023-06-17 21:18:33.532 : IterationNum=207	[MsgId: MMSG-17999]
   USER 207 = user64:pwd64	[MsgId: MMSG-17999]
    2023-06-17 21:18:33.626 : Start page is opened	[MsgId: MMSG-17999]
    2023-06-17 21:18:37.731 : User is logged in with session 136656.031834751HAcQcttpzDHftcVHfptzHicf	[MsgId: MMSG-17999]
    2023-06-17 21:18:43.060 : User is logged out of session	[MsgId: MMSG-17999]
  2023-06-17 21:20:39.547 : IterationNum=208	[MsgId: MMSG-17999]
   USER 208 = user64:pwd64	[MsgId: MMSG-17999]
    2023-06-17 21:20:39.641 : Start page is opened	[MsgId: MMSG-17999]
    2023-06-17 21:20:45.902 : User is logged in with session 136656.042041312HAcQctfpVzcftcVHfptHAQHf	[MsgId: MMSG-17999]
    2023-06-17 21:20:51.881 : User is logged out of session	[MsgId: MMSG-17999]
  2023-06-17 21:22:45.552 : IterationNum=209	[MsgId: MMSG-17999]
   USER 209 = user64:pwd64	[MsgId: MMSG-17999]
    2023-06-17 21:22:45.647 : Start page is opened	[MsgId: MMSG-17999]
    2023-06-17 21:22:50.748 : User is logged in with session 136656.052247874HAcQctfpziHftcVHfptHtVcf	[MsgId: MMSG-17999]
    2023-06-17 21:22:56.973 : User is logged out of session	[MsgId: MMSG-17999]
  2023-06-17 21:24:51.560 : IterationNum=210	[MsgId: MMSG-17999]
   USER 210 = user64:pwd64	[MsgId: MMSG-17999]
    2023-06-17 21:24:51.654 : Start page is opened	[MsgId: MMSG-17999]
    2023-06-17 21:24:57.681 : User is logged in with session 136656.062454435HAcQctzpcVcftcVHfptHHcHf	[MsgId: MMSG-17999]
    2023-06-17 21:25:01.942 : User is logged out of session	[MsgId: MMSG-17999]
  2023-06-17 21:26:57.563 : IterationNum=211	[MsgId: MMSG-17999]
   USER 211 = user64:pwd64	[MsgId: MMSG-17999]
    2023-06-17 21:26:57.658 : Start page is opened	[MsgId: MMSG-17999]
    2023-06-17 21:27:02.796 : User is logged in with session 136656.072660996HAcQctzpHDHftcVHfptiAtcf	[MsgId: MMSG-17999]
    2023-06-17 21:27:06.905 : User is logged out of session	[MsgId: MMSG-17999]
  2023-06-17 21:29:03.574 : IterationNum=212	[MsgId: MMSG-17999]
   USER 212 = user64:pwd64	[MsgId: MMSG-17999]
    2023-06-17 21:29:03.669 : Start page is opened	[MsgId: MMSG-17999]
    2023-06-17 21:29:07.776 : User is logged in with session 136656.082867558HAcQctHpczcftcVHfptiDfHf	[MsgId: MMSG-17999]
    2023-06-17 21:29:11.701 : User is logged out of session	[MsgId: MMSG-17999]
  2023-06-17 21:31:09.578 : IterationNum=213	[MsgId: MMSG-17999]
   USER 213 = user64:pwd64	[MsgId: MMSG-17999]
    2023-06-17 21:31:09.673 : Start page is opened	[MsgId: MMSG-17999]
    2023-06-17 21:31:13.733 : User is logged in with session 136656.093074119HAcQctHpHiHftcVHfptizHcf	[MsgId: MMSG-17999]
    2023-06-17 21:31:18.565 : User is logged out of session	[MsgId: MMSG-17999]
  2023-06-17 21:33:15.586 : IterationNum=214	[MsgId: MMSG-17999]
   USER 214 = user64:pwd64	[MsgId: MMSG-17999]
    2023-06-17 21:33:15.680 : Start page is opened	[MsgId: MMSG-17999]
    2023-06-17 21:33:21.094 : User is logged in with session 136656.10328068HAcQctipDVcftcVHfptiQiHf	[MsgId: MMSG-17999]
    2023-06-17 21:33:26.687 : User is logged out of session	[MsgId: MMSG-17999]
  2023-06-17 21:35:21.601 : IterationNum=215	[MsgId: MMSG-17999]
   USER 215 = user64:pwd64	[MsgId: MMSG-17999]
    2023-06-17 21:35:21.694 : Start page is opened	[MsgId: MMSG-17999]
    2023-06-17 21:35:27.254 : User is logged in with session 136656.113487242HAcQctipiDHftcVHfptQDAcf	[MsgId: MMSG-17999]
    2023-06-17 21:35:31.183 : User is logged out of session	[MsgId: MMSG-17999]
  2023-06-17 21:37:27.608 : IterationNum=216	[MsgId: MMSG-17999]
   USER 216 = user64:pwd64	[MsgId: MMSG-17999]
    2023-06-17 21:37:27.702 : Start page is opened	[MsgId: MMSG-17999]
    2023-06-17 21:37:33.350 : User is logged in with session 136656.123693803HAcQctQpDzcftcVHfptQzVHf	[MsgId: MMSG-17999]
    2023-06-17 21:37:37.672 : User is logged out of session	[MsgId: MMSG-17999]
  2023-06-17 21:39:33.615 : IterationNum=217	[MsgId: MMSG-17999]
   USER 217 = user64:pwd64	[MsgId: MMSG-17999]
    2023-06-17 21:39:33.710 : Start page is opened	[MsgId: MMSG-17999]
    2023-06-17 21:39:37.939 : User is logged in with session 136656.133900365HAcQctQpiiHftcVHfptQQDcf	[MsgId: MMSG-17999]
    2023-06-17 21:39:43.061 : User is logged out of session	[MsgId: MMSG-17999]
  2023-06-17 21:41:39.621 : IterationNum=218	[MsgId: MMSG-17999]
   USER 218 = user64:pwd64	[MsgId: MMSG-17999]
    2023-06-17 21:41:39.715 : Start page is opened	[MsgId: MMSG-17999]
    2023-06-17 21:41:44.403 : User is logged in with session 136656.144106926HAcQcfAptVcftcVHfpfActHf	[MsgId: MMSG-17999]
    2023-06-17 21:41:50.192 : User is logged out of session	[MsgId: MMSG-17999]
  2023-06-17 21:43:45.635 : IterationNum=219	[MsgId: MMSG-17999]
   USER 219 = user64:pwd64	[MsgId: MMSG-17999]
    2023-06-17 21:43:45.729 : Start page is opened	[MsgId: MMSG-17999]
    2023-06-17 21:43:51.700 : User is logged in with session 136656.154313487HAcQcfApQDHftcVHfpfAfzcf	[MsgId: MMSG-17999]
    2023-06-17 21:43:57.818 : User is logged out of session	[MsgId: MMSG-17999]
  2023-06-17 21:45:51.639 : IterationNum=220	[MsgId: MMSG-17999]
   USER 220 = user64:pwd64	[MsgId: MMSG-17999]
    2023-06-17 21:45:51.732 : Start page is opened	[MsgId: MMSG-17999]
    2023-06-17 21:45:57.462 : User is logged in with session 136656.164520049HAcQcfVptzcftcVHfpfAiHHf	[MsgId: MMSG-17999]
    2023-06-17 21:46:03.006 : User is logged out of session	[MsgId: MMSG-17999]
  2023-06-17 21:47:57.648 : IterationNum=221	[MsgId: MMSG-17999]
   USER 221 = user64:pwd64	[MsgId: MMSG-17999]
    2023-06-17 21:47:57.743 : Start page is opened	[MsgId: MMSG-17999]
    2023-06-17 21:48:03.784 : User is logged in with session 136656.17472661HAcQcfVpQiHftcVHfpfVVQcf	[MsgId: MMSG-17999]
    2023-06-17 21:48:08.004 : User is logged out of session	[MsgId: MMSG-17999]
  2023-06-17 21:50:03.654 : IterationNum=222	[MsgId: MMSG-17999]
   USER 222 = user64:pwd64	[MsgId: MMSG-17999]
    2023-06-17 21:50:03.747 : Start page is opened	[MsgId: MMSG-17999]
    2023-06-17 21:50:09.339 : User is logged in with session 136656.184933171HAcQcfcpfVcftcVHfpfVfAHf	[MsgId: MMSG-17999]
    2023-06-17 21:50:13.695 : User is logged out of session	[MsgId: MMSG-17999]
  2023-06-17 21:52:09.657 : IterationNum=223	[MsgId: MMSG-17999]
   USER 223 = user64:pwd64	[MsgId: MMSG-17999]
    2023-06-17 21:52:09.751 : Start page is opened	[MsgId: MMSG-17999]
    2023-06-17 21:52:14.548 : User is logged in with session 136656.195139733HAcQcfDpADHftcVHfpfViccf	[MsgId: MMSG-17999]
    2023-06-17 21:52:18.840 : User is logged out of session	[MsgId: MMSG-17999]
  2023-06-17 21:54:15.668 : IterationNum=224	[MsgId: MMSG-17999]
   USER 224 = user64:pwd64	[MsgId: MMSG-17999]
    2023-06-17 21:54:15.763 : Start page is opened	[MsgId: MMSG-17999]
    2023-06-17 21:54:20.392 : User is logged in with session 136656.205346294HAcQcfDpfzcftcVHfpfcVDHf	[MsgId: MMSG-17999]
    2023-06-17 21:54:24.624 : User is logged out of session	[MsgId: MMSG-17999]
  2023-06-17 21:56:21.679 : IterationNum=225	[MsgId: MMSG-17999]
   USER 225 = user64:pwd64	[MsgId: MMSG-17999]
    2023-06-17 21:56:21.773 : Start page is opened	[MsgId: MMSG-17999]
    2023-06-17 21:56:26.172 : User is logged in with session 136656.215552855HAcQcftpAiHftcVHfpfctfcf	[MsgId: MMSG-17999]
    2023-06-17 21:56:30.227 : User is logged out of session	[MsgId: MMSG-17999]
  2023-06-17 21:58:27.691 : IterationNum=226	[MsgId: MMSG-17999]
   USER 226 = user64:pwd64	[MsgId: MMSG-17999]
    2023-06-17 21:58:27.784 : Start page is opened	[MsgId: MMSG-17999]
    2023-06-17 21:58:33.685 : User is logged in with session 136656.225759417HAcQcftpzVcftcVHfpfcHzHf	[MsgId: MMSG-17999]
    2023-06-17 21:58:37.829 : User is logged out of session	[MsgId: MMSG-17999]
  2023-06-17 22:00:33.697 : IterationNum=227	[MsgId: MMSG-17999]
   USER 227 = user64:pwd64	[MsgId: MMSG-17999]
    2023-06-17 22:00:33.791 : Start page is opened	[MsgId: MMSG-17999]
    2023-06-17 22:00:38.164 : User is logged in with session 136656.235965978HAcQcffpVDHftcVHfpfDAicf	[MsgId: MMSG-17999]
    2023-06-17 22:00:42.131 : User is logged out of session	[MsgId: MMSG-17999]
  2023-06-17 22:02:39.700 : IterationNum=228	[MsgId: MMSG-17999]
   USER 228 = user64:pwd64	[MsgId: MMSG-17999]
    2023-06-17 22:02:39.794 : Start page is opened	[MsgId: MMSG-17999]
    2023-06-17 22:02:44.981 : User is logged in with session 136656.246172539HAcQcffpzzcftcVHfpfDDQHf	[MsgId: MMSG-17999]
    2023-06-17 22:02:49.184 : User is logged out of session	[MsgId: MMSG-17999]
  2023-06-17 22:04:45.706 : IterationNum=229	[MsgId: MMSG-17999]
   USER 229 = user64:pwd64	[MsgId: MMSG-17999]
    2023-06-17 22:04:45.800 : Start page is opened	[MsgId: MMSG-17999]
    2023-06-17 22:04:51.591 : User is logged in with session 136656.256379101HAcQcfzpViHftcVHfpfDHVcf	[MsgId: MMSG-17999]
    2023-06-17 22:04:56.429 : User is logged out of session	[MsgId: MMSG-17999]
  2023-06-17 22:06:51.718 : IterationNum=230	[MsgId: MMSG-17999]
   USER 230 = user64:pwd64	[MsgId: MMSG-17999]
    2023-06-17 22:06:51.812 : Start page is opened	[MsgId: MMSG-17999]
    2023-06-17 22:06:57.101 : User is logged in with session 136656.266585662HAcQcfzpHVcftcVHfpftAcHf	[MsgId: MMSG-17999]
    2023-06-17 22:07:02.977 : User is logged out of session	[MsgId: MMSG-17999]
  2023-06-17 22:08:57.720 : IterationNum=231	[MsgId: MMSG-17999]
   USER 231 = user64:pwd64	[MsgId: MMSG-17999]
    2023-06-17 22:08:57.815 : Start page is opened	[MsgId: MMSG-17999]
    2023-06-17 22:09:02.902 : User is logged in with session 136656.276792224HAcQcfHpcDHftcVHfpftDtcf	[MsgId: MMSG-17999]
    2023-06-17 22:09:06.868 : User is logged out of session	[MsgId: MMSG-17999]
  2023-06-17 22:11:03.721 : IterationNum=232	[MsgId: MMSG-17999]
   USER 232 = user64:pwd64	[MsgId: MMSG-17999]
    2023-06-17 22:11:03.814 : Start page is opened	[MsgId: MMSG-17999]
    2023-06-17 22:11:10.061 : User is logged in with session 136656.286998785HAcQcfHpHzcftcVHfpftzfHf	[MsgId: MMSG-17999]
    2023-06-17 22:11:15.989 : User is logged out of session	[MsgId: MMSG-17999]
  2023-06-17 22:13:09.733 : IterationNum=233	[MsgId: MMSG-17999]
   USER 233 = user64:pwd64	[MsgId: MMSG-17999]
    2023-06-17 22:13:09.830 : Start page is opened	[MsgId: MMSG-17999]
    2023-06-17 22:13:13.801 : User is logged in with session 136656.297205346HAcQcfipciHftcVHfpftQHcf	[MsgId: MMSG-17999]
    2023-06-17 22:13:19.620 : User is logged out of session	[MsgId: MMSG-17999]
  2023-06-17 22:15:15.737 : IterationNum=234	[MsgId: MMSG-17999]
   USER 234 = user64:pwd64	[MsgId: MMSG-17999]
    2023-06-17 22:15:15.831 : Start page is opened	[MsgId: MMSG-17999]
    2023-06-17 22:15:22.048 : User is logged in with session 136656.307411908HAcQcfipiVcftcVHfpffciHf	[MsgId: MMSG-17999]
    2023-06-17 22:15:28.403 : User is logged out of session	[MsgId: MMSG-17999]
  2023-06-17 22:17:21.747 : IterationNum=235	[MsgId: MMSG-17999]
   USER 235 = user64:pwd64	[MsgId: MMSG-17999]
    2023-06-17 22:17:21.840 : Start page is opened	[MsgId: MMSG-17999]
    2023-06-17 22:17:27.859 : User is logged in with session 136656.317618469HAcQcfQpDDHftcVHfpffzAcf	[MsgId: MMSG-17999]
    2023-06-17 22:17:33.158 : User is logged out of session	[MsgId: MMSG-17999]
  2023-06-17 22:19:27.751 : IterationNum=236	[MsgId: MMSG-17999]
   USER 236 = user64:pwd64	[MsgId: MMSG-17999]
    2023-06-17 22:19:27.845 : Start page is opened	[MsgId: MMSG-17999]
    2023-06-17 22:19:33.866 : User is logged in with session 136656.32782503HAcQcfQpizcftcVHfpffQVHf	[MsgId: MMSG-17999]
    2023-06-17 22:19:38.215 : User is logged out of session	[MsgId: MMSG-17999]
  2023-06-17 22:21:33.763 : IterationNum=237	[MsgId: MMSG-17999]
   USER 237 = user64:pwd64	[MsgId: MMSG-17999]
    2023-06-17 22:21:33.856 : Start page is opened	[MsgId: MMSG-17999]
    2023-06-17 22:21:39.146 : User is logged in with session 136656.338031592HAcQczApDiHftcVHfpfzcDcf	[MsgId: MMSG-17999]
    2023-06-17 22:21:44.469 : User is logged out of session	[MsgId: MMSG-17999]
