  2023-06-17 14:08:26.300 : IterationNum=1	[MsgId: MMSG-17999]
   USER 1 = user79:pwd79	[MsgId: MMSG-17999]
    2023-06-17 14:08:26.385 : Start page is opened	[MsgId: MMSG-17999]
    2023-06-17 14:08:32.297 : User is logged in with session 136653.941352774HAcQVDHpVAiDDDDDtcVHtpicczf	[MsgId: MMSG-17999]
    2023-06-17 14:08:38.405 : User is logged out of session	[MsgId: MMSG-17999]
  2023-06-17 14:10:32.311 : IterationNum=2	[MsgId: MMSG-17999]
   USER 2 = user79:pwd79	[MsgId: MMSG-17999]
    2023-06-17 14:10:32.406 : Start page is opened	[MsgId: MMSG-17999]
    2023-06-17 14:10:36.553 : User is logged in with session 136653.951559336HAcQVDHpzDDDDDDDtcVHtpicfi	[MsgId: MMSG-17999]
    2023-06-17 14:10:41.595 : User is logged out of session	[MsgId: MMSG-17999]
  2023-06-17 14:12:38.321 : IterationNum=3	[MsgId: MMSG-17999]
   USER 3 = user79:pwd79	[MsgId: MMSG-17999]
    2023-06-17 14:12:38.415 : Start page is opened	[MsgId: MMSG-17999]
    2023-06-17 14:12:43.744 : User is logged in with session 136653.961765897HAcQVDipVfiDDDDDtcVHtpiciQf	[MsgId: MMSG-17999]
    2023-06-17 14:12:47.873 : User is logged out of session	[MsgId: MMSG-17999]
  2023-06-17 14:14:44.329 : IterationNum=4	[MsgId: MMSG-17999]
   USER 4 = user79:pwd79	[MsgId: MMSG-17999]
    2023-06-17 14:14:44.423 : Start page is opened	[MsgId: MMSG-17999]
    2023-06-17 14:14:48.548 : User is logged in with session 136653.971972458HAcQVDipziDDDDDDtcVHtpiDcV	[MsgId: MMSG-17999]
    2023-06-17 14:14:53.443 : User is logged out of session	[MsgId: MMSG-17999]
  2023-06-17 14:16:50.342 : IterationNum=5	[MsgId: MMSG-17999]
   USER 5 = user79:pwd79	[MsgId: MMSG-17999]
    2023-06-17 14:16:50.436 : Start page is opened	[MsgId: MMSG-17999]
    2023-06-17 14:16:55.732 : User is logged in with session 136653.98217902HAcQVDQpcAiDDDDDtcVHtpiDfcf	[MsgId: MMSG-17999]
    2023-06-17 14:17:02.024 : User is logged out of session	[MsgId: MMSG-17999]
  2023-06-17 14:18:56.356 : IterationNum=6	[MsgId: MMSG-17999]
   USER 6 = user79:pwd79	[MsgId: MMSG-17999]
    2023-06-17 14:18:56.449 : Start page is opened	[MsgId: MMSG-17999]
    2023-06-17 14:19:02.107 : User is logged in with session 136653.992385581HAcQVDQpHDDDDDDDtcVHtpiDit	[MsgId: MMSG-17999]
    2023-06-17 14:19:08.451 : User is logged out of session	[MsgId: MMSG-17999]
  2023-06-17 14:21:02.371 : IterationNum=7	[MsgId: MMSG-17999]
   USER 7 = user79:pwd79	[MsgId: MMSG-17999]
    2023-06-17 14:21:02.467 : Start page is opened	[MsgId: MMSG-17999]
    2023-06-17 14:21:08.747 : User is logged in with session 136654.002592143HAcQVtApcfiDDDDDtcVHtpitVff	[MsgId: MMSG-17999]
    2023-06-17 14:21:12.986 : User is logged out of session	[MsgId: MMSG-17999]
  2023-06-17 14:23:08.377 : IterationNum=8	[MsgId: MMSG-17999]
   USER 8 = user79:pwd79	[MsgId: MMSG-17999]
    2023-06-17 14:23:08.472 : Start page is opened	[MsgId: MMSG-17999]
    2023-06-17 14:23:14.383 : User is logged in with session 136654.012798704HAcQVtApHiDDDDDDtcVHtpittH	[MsgId: MMSG-17999]
    2023-06-17 14:23:19.398 : User is logged out of session	[MsgId: MMSG-17999]
  2023-06-17 14:25:14.385 : IterationNum=9	[MsgId: MMSG-17999]
   USER 9 = user79:pwd79	[MsgId: MMSG-17999]
    2023-06-17 14:25:14.479 : Start page is opened	[MsgId: MMSG-17999]
    2023-06-17 14:25:19.101 : User is logged in with session 136654.023005265HAcQVtVpDAiDDDDDtcVHtpitHif	[MsgId: MMSG-17999]
    2023-06-17 14:25:24.583 : User is logged out of session	[MsgId: MMSG-17999]
  2023-06-17 14:27:20.394 : IterationNum=10	[MsgId: MMSG-17999]
   USER 10 = user79:pwd79	[MsgId: MMSG-17999]
    2023-06-17 14:27:20.489 : Start page is opened	[MsgId: MMSG-17999]
    2023-06-17 14:27:26.645 : User is logged in with session 136654.033211827HAcQVtVpiDDDDDDDtcVHtpifV	[MsgId: MMSG-17999]
    2023-06-17 14:27:31.942 : User is logged out of session	[MsgId: MMSG-17999]
  2023-06-17 14:29:26.408 : IterationNum=11	[MsgId: MMSG-17999]
   USER 11 = user79:pwd79	[MsgId: MMSG-17999]
    2023-06-17 14:29:26.502 : Start page is opened	[MsgId: MMSG-17999]
    2023-06-17 14:29:30.961 : User is logged in with session 136654.043418388HAcQVtcpDfiDDDDDtcVHtpiftVf	[MsgId: MMSG-17999]
    2023-06-17 14:29:36.372 : User is logged out of session	[MsgId: MMSG-17999]
  2023-06-17 14:31:32.418 : IterationNum=12	[MsgId: MMSG-17999]
   USER 12 = user79:pwd79	[MsgId: MMSG-17999]
    2023-06-17 14:31:32.513 : Start page is opened	[MsgId: MMSG-17999]
    2023-06-17 14:31:38.339 : User is logged in with session 136654.053624949HAcQVtcpiiDDDDDDtcVHtpifHD	[MsgId: MMSG-17999]
    2023-06-17 14:31:43.726 : User is logged out of session	[MsgId: MMSG-17999]
  2023-06-17 14:33:38.419 : IterationNum=13	[MsgId: MMSG-17999]
   USER 13 = user79:pwd79	[MsgId: MMSG-17999]
    2023-06-17 14:33:38.514 : Start page is opened	[MsgId: MMSG-17999]
    2023-06-17 14:33:43.262 : User is logged in with session 136654.063831511HAcQVtDptAiDDDDDtcVHtpizAtf	[MsgId: MMSG-17999]
    2023-06-17 14:33:48.164 : User is logged out of session	[MsgId: MMSG-17999]
  2023-06-17 14:35:44.433 : IterationNum=14	[MsgId: MMSG-17999]
   USER 14 = user79:pwd79	[MsgId: MMSG-17999]
    2023-06-17 14:35:44.526 : Start page is opened	[MsgId: MMSG-17999]
    2023-06-17 14:35:48.921 : User is logged in with session 136654.074038072HAcQVtDpQDDDDDDDtcVHtpizDz	[MsgId: MMSG-17999]
    2023-06-17 14:35:55.179 : User is logged out of session	[MsgId: MMSG-17999]
  2023-06-17 14:37:50.446 : IterationNum=15	[MsgId: MMSG-17999]
   USER 15 = user79:pwd79	[MsgId: MMSG-17999]
    2023-06-17 14:37:50.540 : Start page is opened	[MsgId: MMSG-17999]
    2023-06-17 14:37:56.387 : User is logged in with session 136654.084244633HAcQVttptfiDDDDDtcVHtpizzHf	[MsgId: MMSG-17999]
    2023-06-17 14:38:01.673 : User is logged out of session	[MsgId: MMSG-17999]
  2023-06-17 14:39:56.458 : IterationNum=16	[MsgId: MMSG-17999]
   USER 16 = user79:pwd79	[MsgId: MMSG-17999]
    2023-06-17 14:39:56.553 : Start page is opened	[MsgId: MMSG-17999]
    2023-06-17 14:40:01.952 : User is logged in with session 136654.094451195HAcQVttpQiDDDDDDtcVHtpizQQ	[MsgId: MMSG-17999]
    2023-06-17 14:40:07.867 : User is logged out of session	[MsgId: MMSG-17999]
  2023-06-17 14:42:02.468 : IterationNum=17	[MsgId: MMSG-17999]
   USER 17 = user79:pwd79	[MsgId: MMSG-17999]
    2023-06-17 14:42:02.561 : Start page is opened	[MsgId: MMSG-17999]
    2023-06-17 14:42:08.924 : User is logged in with session 136654.104657756HAcQVtfpfAiDDDDDtcVHtpiHDAf	[MsgId: MMSG-17999]
    2023-06-17 14:42:13.104 : User is logged out of session	[MsgId: MMSG-17999]
  2023-06-17 14:44:08.467 : IterationNum=18	[MsgId: MMSG-17999]
   USER 18 = user79:pwd79	[MsgId: MMSG-17999]
    2023-06-17 14:44:08.561 : Start page is opened	[MsgId: MMSG-17999]
    2023-06-17 14:44:14.793 : User is logged in with session 136654.114864318HAcQVtzpADDDDDDDtcVHtpiHzc	[MsgId: MMSG-17999]
    2023-06-17 14:44:19.804 : User is logged out of session	[MsgId: MMSG-17999]
  2023-06-17 14:46:14.471 : IterationNum=19	[MsgId: MMSG-17999]
   USER 19 = user79:pwd79	[MsgId: MMSG-17999]
    2023-06-17 14:46:14.564 : Start page is opened	[MsgId: MMSG-17999]
    2023-06-17 14:46:19.843 : User is logged in with session 136654.125070879HAcQVtzpffiDDDDDtcVHtpiHQDf	[MsgId: MMSG-17999]
    2023-06-17 14:46:25.083 : User is logged out of session	[MsgId: MMSG-17999]
  2023-06-17 14:48:20.481 : IterationNum=20	[MsgId: MMSG-17999]
   USER 20 = user79:pwd79	[MsgId: MMSG-17999]
    2023-06-17 14:48:20.575 : Start page is opened	[MsgId: MMSG-17999]
    2023-06-17 14:48:25.877 : User is logged in with session 136654.13527744HAcQVtHpAiDDDDDDtcVHtpiicf	[MsgId: MMSG-17999]
    2023-06-17 14:48:29.869 : User is logged out of session	[MsgId: MMSG-17999]
  2023-06-17 14:50:26.482 : IterationNum=21	[MsgId: MMSG-17999]
   USER 21 = user79:pwd79	[MsgId: MMSG-17999]
    2023-06-17 14:50:26.575 : Start page is opened	[MsgId: MMSG-17999]
    2023-06-17 14:50:30.731 : User is logged in with session 136654.145484002HAcQVtHpzAiDDDDDtcVHtpiifzf	[MsgId: MMSG-17999]
    2023-06-17 14:50:35.196 : User is logged out of session	[MsgId: MMSG-17999]
  2023-06-17 14:52:32.489 : IterationNum=22	[MsgId: MMSG-17999]
   USER 22 = user79:pwd79	[MsgId: MMSG-17999]
    2023-06-17 14:52:32.583 : Start page is opened	[MsgId: MMSG-17999]
    2023-06-17 14:52:38.625 : User is logged in with session 136654.155690563HAcQVtipVDDDDDDDtcVHtpiiii	[MsgId: MMSG-17999]
    2023-06-17 14:52:43.967 : User is logged out of session	[MsgId: MMSG-17999]
  2023-06-17 14:54:38.503 : IterationNum=23	[MsgId: MMSG-17999]
   USER 23 = user79:pwd79	[MsgId: MMSG-17999]
    2023-06-17 14:54:38.597 : Start page is opened	[MsgId: MMSG-17999]
    2023-06-17 14:54:43.748 : User is logged in with session 136654.165897124HAcQVtipzfiDDDDDtcVHtpiQVQf	[MsgId: MMSG-17999]
    2023-06-17 14:54:47.969 : User is logged out of session	[MsgId: MMSG-17999]
  2023-06-17 14:56:44.515 : IterationNum=24	[MsgId: MMSG-17999]
   USER 24 = user79:pwd79	[MsgId: MMSG-17999]
    2023-06-17 14:56:44.608 : Start page is opened	[MsgId: MMSG-17999]
    2023-06-17 14:56:49.887 : User is logged in with session 136654.176103686HAcQVtQpViDDDDDDtcVHtpiQfV	[MsgId: MMSG-17999]
    2023-06-17 14:56:54.451 : User is logged out of session	[MsgId: MMSG-17999]
  2023-06-17 14:58:50.524 : IterationNum=25	[MsgId: MMSG-17999]
   USER 25 = user79:pwd79	[MsgId: MMSG-17999]
    2023-06-17 14:58:50.617 : Start page is opened	[MsgId: MMSG-17999]
    2023-06-17 14:58:55.685 : User is logged in with session 136654.186310247HAcQVtQpHAiDDDDDtcVHtpiQicf	[MsgId: MMSG-17999]
    2023-06-17 14:59:01.982 : User is logged out of session	[MsgId: MMSG-17999]
  2023-06-17 15:00:56.529 : IterationNum=26	[MsgId: MMSG-17999]
   USER 26 = user79:pwd79	[MsgId: MMSG-17999]
    2023-06-17 15:00:56.622 : Start page is opened	[MsgId: MMSG-17999]
    2023-06-17 15:01:00.949 : User is logged in with session 136654.196516808HAcQVfApcDDDDDDDtcVHtpQAVt	[MsgId: MMSG-17999]
    2023-06-17 15:01:06.398 : User is logged out of session	[MsgId: MMSG-17999]
  2023-06-17 15:03:02.529 : IterationNum=27	[MsgId: MMSG-17999]
   USER 27 = user79:pwd79	[MsgId: MMSG-17999]
    2023-06-17 15:03:02.624 : Start page is opened	[MsgId: MMSG-17999]
    2023-06-17 15:03:06.722 : User is logged in with session 136654.20672337HAcQVfApHfiDDDDDtcVHtpQAtff	[MsgId: MMSG-17999]
    2023-06-17 15:03:11.129 : User is logged out of session	[MsgId: MMSG-17999]
  2023-06-17 15:05:08.532 : IterationNum=28	[MsgId: MMSG-17999]
   USER 28 = user79:pwd79	[MsgId: MMSG-17999]
    2023-06-17 15:05:08.626 : Start page is opened	[MsgId: MMSG-17999]
    2023-06-17 15:05:14.210 : User is logged in with session 136654.216929931HAcQVfVpciDDDDDDtcVHtpQAHH	[MsgId: MMSG-17999]
    2023-06-17 15:05:20.338 : User is logged out of session	[MsgId: MMSG-17999]
  2023-06-17 15:07:14.539 : IterationNum=29	[MsgId: MMSG-17999]
   USER 29 = user79:pwd79	[MsgId: MMSG-17999]
    2023-06-17 15:07:14.634 : Start page is opened	[MsgId: MMSG-17999]
    2023-06-17 15:07:20.106 : User is logged in with session 136654.227136493HAcQVfVpiAiDDDDDtcVHtpQVAif	[MsgId: MMSG-17999]
    2023-06-17 15:07:26.379 : User is logged out of session	[MsgId: MMSG-17999]
  2023-06-17 15:09:20.551 : IterationNum=30	[MsgId: MMSG-17999]
   USER 30 = user79:pwd79	[MsgId: MMSG-17999]
    2023-06-17 15:09:20.645 : Start page is opened	[MsgId: MMSG-17999]
    2023-06-17 15:09:24.761 : User is logged in with session 136654.237343054HAcQVfcpDDDDDDDDtcVHtpQVt	[MsgId: MMSG-17999]
    2023-06-17 15:09:30.498 : User is logged out of session	[MsgId: MMSG-17999]
  2023-06-17 15:11:26.553 : IterationNum=31	[MsgId: MMSG-17999]
   USER 31 = user79:pwd79	[MsgId: MMSG-17999]
    2023-06-17 15:11:26.647 : Start page is opened	[MsgId: MMSG-17999]
    2023-06-17 15:11:32.966 : User is logged in with session 136654.247549615HAcQVfcpifiDDDDDtcVHtpQVHVf	[MsgId: MMSG-17999]
    2023-06-17 15:11:37.548 : User is logged out of session	[MsgId: MMSG-17999]
  2023-06-17 15:13:32.558 : IterationNum=32	[MsgId: MMSG-17999]
   USER 32 = user79:pwd79	[MsgId: MMSG-17999]
    2023-06-17 15:13:32.652 : Start page is opened	[MsgId: MMSG-17999]
    2023-06-17 15:13:36.857 : User is logged in with session 136654.257756177HAcQVfDpDiDDDDDDtcVHtpQcAD	[MsgId: MMSG-17999]
    2023-06-17 15:13:41.055 : User is logged out of session	[MsgId: MMSG-17999]
  2023-06-17 15:15:38.571 : IterationNum=33	[MsgId: MMSG-17999]
   USER 33 = user79:pwd79	[MsgId: MMSG-17999]
    2023-06-17 15:15:38.666 : Start page is opened	[MsgId: MMSG-17999]
    2023-06-17 15:15:44.635 : User is logged in with session 136654.267962738HAcQVfDpQAiDDDDDtcVHtpQcDtf	[MsgId: MMSG-17999]
    2023-06-17 15:15:49.730 : User is logged out of session	[MsgId: MMSG-17999]
  2023-06-17 15:17:44.575 : IterationNum=34	[MsgId: MMSG-17999]
   USER 34 = user79:pwd79	[MsgId: MMSG-17999]
    2023-06-17 15:17:44.671 : Start page is opened	[MsgId: MMSG-17999]
    2023-06-17 15:17:49.302 : User is logged in with session 136654.278169299HAcQVftptDDDDDDDtcVHtpQczz	[MsgId: MMSG-17999]
    2023-06-17 15:17:54.179 : User is logged out of session	[MsgId: MMSG-17999]
  2023-06-17 15:19:50.577 : IterationNum=35	[MsgId: MMSG-17999]
   USER 35 = user79:pwd79	[MsgId: MMSG-17999]
    2023-06-17 15:19:50.671 : Start page is opened	[MsgId: MMSG-17999]
    2023-06-17 15:19:55.875 : User is logged in with session 136654.288375861HAcQVftpQfiDDDDDtcVHtpQcQHf	[MsgId: MMSG-17999]
    2023-06-17 15:20:02.107 : User is logged out of session	[MsgId: MMSG-17999]
  2023-06-17 15:21:56.585 : IterationNum=36	[MsgId: MMSG-17999]
   USER 36 = user79:pwd79	[MsgId: MMSG-17999]
    2023-06-17 15:21:56.679 : Start page is opened	[MsgId: MMSG-17999]
    2023-06-17 15:22:01.387 : User is logged in with session 136654.298582422HAcQVffptiDDDDDDtcVHtpQDcQ	[MsgId: MMSG-17999]
    2023-06-17 15:22:07.079 : User is logged out of session	[MsgId: MMSG-17999]
  2023-06-17 15:24:02.590 : IterationNum=37	[MsgId: MMSG-17999]
   USER 37 = user79:pwd79	[MsgId: MMSG-17999]
    2023-06-17 15:24:02.683 : Start page is opened	[MsgId: MMSG-17999]
    2023-06-17 15:24:08.872 : User is logged in with session 136654.308788983HAcQVfzpAAiDDDDDtcVHtpQDzAf	[MsgId: MMSG-17999]
    2023-06-17 15:24:14.261 : User is logged out of session	[MsgId: MMSG-17999]
  2023-06-17 15:26:08.592 : IterationNum=38	[MsgId: MMSG-17999]
   USER 38 = user79:pwd79	[MsgId: MMSG-17999]
    2023-06-17 15:26:08.686 : Start page is opened	[MsgId: MMSG-17999]
    2023-06-17 15:26:14.888 : User is logged in with session 136654.318995545HAcQVfzpfDDDDDDDtcVHtpQDQc	[MsgId: MMSG-17999]
    2023-06-17 15:26:19.375 : User is logged out of session	[MsgId: MMSG-17999]
  2023-06-17 15:28:14.604 : IterationNum=39	[MsgId: MMSG-17999]
   USER 39 = user79:pwd79	[MsgId: MMSG-17999]
    2023-06-17 15:28:14.698 : Start page is opened	[MsgId: MMSG-17999]
    2023-06-17 15:28:18.855 : User is logged in with session 136654.329202106HAcQVfHpAfiDDDDDtcVHtpQtcDf	[MsgId: MMSG-17999]
    2023-06-17 15:28:24.954 : User is logged out of session	[MsgId: MMSG-17999]
  2023-06-17 15:30:20.604 : IterationNum=40	[MsgId: MMSG-17999]
   USER 40 = user79:pwd79	[MsgId: MMSG-17999]
    2023-06-17 15:30:20.698 : Start page is opened	[MsgId: MMSG-17999]
    2023-06-17 15:30:26.190 : User is logged in with session 136654.339408667HAcQVfHpfiDDDDDDtcVHtpQtff	[MsgId: MMSG-17999]
    2023-06-17 15:30:30.088 : User is logged out of session	[MsgId: MMSG-17999]
  2023-06-17 15:32:26.613 : IterationNum=41	[MsgId: MMSG-17999]
   USER 41 = user79:pwd79	[MsgId: MMSG-17999]
    2023-06-17 15:32:26.708 : Start page is opened	[MsgId: MMSG-17999]
    2023-06-17 15:32:30.915 : User is logged in with session 136654.349615229HAcQVfipVAiDDDDDtcVHtpQtizf	[MsgId: MMSG-17999]
    2023-06-17 15:32:35.293 : User is logged out of session	[MsgId: MMSG-17999]
  2023-06-17 15:34:32.622 : IterationNum=42	[MsgId: MMSG-17999]
   USER 42 = user79:pwd79	[MsgId: MMSG-17999]
    2023-06-17 15:34:32.716 : Start page is opened	[MsgId: MMSG-17999]
    2023-06-17 15:34:38.260 : User is logged in with session 136654.35982179HAcQVfipzDDDDDDDtcVHtpQfVi	[MsgId: MMSG-17999]
    2023-06-17 15:34:43.787 : User is logged out of session	[MsgId: MMSG-17999]
  2023-06-17 15:36:38.624 : IterationNum=43	[MsgId: MMSG-17999]
   USER 43 = user79:pwd79	[MsgId: MMSG-17999]
    2023-06-17 15:36:38.717 : Start page is opened	[MsgId: MMSG-17999]
    2023-06-17 15:36:43.709 : User is logged in with session 136654.370028352HAcQVfQpVfiDDDDDtcVHtpQftQf	[MsgId: MMSG-17999]
    2023-06-17 15:36:49.601 : User is logged out of session	[MsgId: MMSG-17999]
  2023-06-17 15:38:44.639 : IterationNum=44	[MsgId: MMSG-17999]
   USER 44 = user79:pwd79	[MsgId: MMSG-17999]
    2023-06-17 15:38:44.734 : Start page is opened	[MsgId: MMSG-17999]
    2023-06-17 15:38:49.117 : User is logged in with session 136654.380234913HAcQVfQpziDDDDDDtcVHtpQfiV	[MsgId: MMSG-17999]
    2023-06-17 15:38:53.785 : User is logged out of session	[MsgId: MMSG-17999]
  2023-06-17 15:40:50.654 : IterationNum=45	[MsgId: MMSG-17999]
   USER 45 = user79:pwd79	[MsgId: MMSG-17999]
    2023-06-17 15:40:50.748 : Start page is opened	[MsgId: MMSG-17999]
    2023-06-17 15:40:56.730 : User is logged in with session 136654.390441474HAcQVzApcAiDDDDDtcVHtpQzVcf	[MsgId: MMSG-17999]
    2023-06-17 15:41:00.917 : User is logged out of session	[MsgId: MMSG-17999]
  2023-06-17 15:42:56.655 : IterationNum=46	[MsgId: MMSG-17999]
   USER 46 = user79:pwd79	[MsgId: MMSG-17999]
    2023-06-17 15:42:56.750 : Start page is opened	[MsgId: MMSG-17999]
    2023-06-17 15:43:02.421 : User is logged in with session 136654.400648036HAcQVzApHDDDDDDDtcVHtpQztt	[MsgId: MMSG-17999]
    2023-06-17 15:43:07.829 : User is logged out of session	[MsgId: MMSG-17999]
  2023-06-17 15:45:02.669 : IterationNum=47	[MsgId: MMSG-17999]
   USER 47 = user79:pwd79	[MsgId: MMSG-17999]
    2023-06-17 15:45:02.764 : Start page is opened	[MsgId: MMSG-17999]
    2023-06-17 15:45:08.167 : User is logged in with session 136654.410854597HAcQVzVpcfiDDDDDtcVHtpQzHff	[MsgId: MMSG-17999]
    2023-06-17 15:45:13.951 : User is logged out of session	[MsgId: MMSG-17999]
  2023-06-17 15:47:08.669 : IterationNum=48	[MsgId: MMSG-17999]
   USER 48 = user79:pwd79	[MsgId: MMSG-17999]
    2023-06-17 15:47:08.764 : Start page is opened	[MsgId: MMSG-17999]
    2023-06-17 15:47:14.410 : User is logged in with session 136654.421061158HAcQVzVpHiDDDDDDtcVHtpQHAH	[MsgId: MMSG-17999]
    2023-06-17 15:47:19.892 : User is logged out of session	[MsgId: MMSG-17999]
  2023-06-17 15:49:14.678 : IterationNum=49	[MsgId: MMSG-17999]
   USER 49 = user79:pwd79	[MsgId: MMSG-17999]
    2023-06-17 15:49:14.770 : Start page is opened	[MsgId: MMSG-17999]
    2023-06-17 15:49:19.664 : User is logged in with session 136654.43126772HAcQVzcpDAiDDDDDtcVHtpQHDif	[MsgId: MMSG-17999]
    2023-06-17 15:49:25.642 : User is logged out of session	[MsgId: MMSG-17999]
  2023-06-17 15:51:20.687 : IterationNum=50	[MsgId: MMSG-17999]
   USER 50 = user79:pwd79	[MsgId: MMSG-17999]
    2023-06-17 15:51:20.781 : Start page is opened	[MsgId: MMSG-17999]
    2023-06-17 15:51:24.926 : User is logged in with session 136654.441474281HAcQVzcpiDDDDDDDtcVHtpQHH	[MsgId: MMSG-17999]
    2023-06-17 15:51:30.357 : User is logged out of session	[MsgId: MMSG-17999]
  2023-06-17 15:53:26.700 : IterationNum=51	[MsgId: MMSG-17999]
   USER 51 = user79:pwd79	[MsgId: MMSG-17999]
    2023-06-17 15:53:26.794 : Start page is opened	[MsgId: MMSG-17999]
    2023-06-17 15:53:32.732 : User is logged in with session 136654.451680842HAcQVzDpDfiDDDDDtcVHtpQiAVf	[MsgId: MMSG-17999]
    2023-06-17 15:53:38.385 : User is logged out of session	[MsgId: MMSG-17999]
  2023-06-17 15:55:32.711 : IterationNum=52	[MsgId: MMSG-17999]
   USER 52 = user79:pwd79	[MsgId: MMSG-17999]
    2023-06-17 15:55:32.805 : Start page is opened	[MsgId: MMSG-17999]
    2023-06-17 15:55:38.291 : User is logged in with session 136654.461887404HAcQVzDpiiDDDDDDtcVHtpQiDD	[MsgId: MMSG-17999]
    2023-06-17 15:55:43.746 : User is logged out of session	[MsgId: MMSG-17999]
  2023-06-17 15:57:38.719 : IterationNum=53	[MsgId: MMSG-17999]
   USER 53 = user79:pwd79	[MsgId: MMSG-17999]
    2023-06-17 15:57:38.811 : Start page is opened	[MsgId: MMSG-17999]
    2023-06-17 15:57:44.264 : User is logged in with session 136654.472093965HAcQVztptAiDDDDDtcVHtpQiztf	[MsgId: MMSG-17999]
    2023-06-17 15:57:48.554 : User is logged out of session	[MsgId: MMSG-17999]
  2023-06-17 15:59:44.730 : IterationNum=54	[MsgId: MMSG-17999]
   USER 54 = user79:pwd79	[MsgId: MMSG-17999]
    2023-06-17 15:59:44.825 : Start page is opened	[MsgId: MMSG-17999]
    2023-06-17 15:59:50.696 : User is logged in with session 136654.482300527HAcQVztpQDDDDDDDtcVHtpQiQz	[MsgId: MMSG-17999]
    2023-06-17 15:59:57.056 : User is logged out of session	[MsgId: MMSG-17999]
  2023-06-17 16:01:50.731 : IterationNum=55	[MsgId: MMSG-17999]
   USER 55 = user79:pwd79	[MsgId: MMSG-17999]
    2023-06-17 16:01:50.825 : Start page is opened	[MsgId: MMSG-17999]
    2023-06-17 16:01:55.374 : User is logged in with session 136654.492507088HAcQVzfptfiDDDDDtcVHtpQQcHf	[MsgId: MMSG-17999]
    2023-06-17 16:01:59.475 : User is logged out of session	[MsgId: MMSG-17999]
  2023-06-17 16:03:56.744 : IterationNum=56	[MsgId: MMSG-17999]
   USER 56 = user79:pwd79	[MsgId: MMSG-17999]
    2023-06-17 16:03:56.839 : Start page is opened	[MsgId: MMSG-17999]
    2023-06-17 16:04:01.322 : User is logged in with session 136654.502713649HAcQVzfpQiDDDDDDtcVHtpQQfQ	[MsgId: MMSG-17999]
    2023-06-17 16:04:05.706 : User is logged out of session	[MsgId: MMSG-17999]
  2023-06-17 16:06:02.753 : IterationNum=57	[MsgId: MMSG-17999]
   USER 57 = user79:pwd79	[MsgId: MMSG-17999]
    2023-06-17 16:06:02.847 : Start page is opened	[MsgId: MMSG-17999]
    2023-06-17 16:06:07.409 : User is logged in with session 136654.512920211HAcQVzzpfAiDDDDDtcVHtpQQQAf	[MsgId: MMSG-17999]
    2023-06-17 16:06:13.255 : User is logged out of session	[MsgId: MMSG-17999]
  2023-06-17 16:08:08.758 : IterationNum=58	[MsgId: MMSG-17999]
   USER 58 = user79:pwd79	[MsgId: MMSG-17999]
    2023-06-17 16:08:08.853 : Start page is opened	[MsgId: MMSG-17999]
    2023-06-17 16:08:14.741 : User is logged in with session 136654.523126772HAcQVzHpADDDDDDDtcVHfpAAcc	[MsgId: MMSG-17999]
    2023-06-17 16:08:21.003 : User is logged out of session	[MsgId: MMSG-17999]
  2023-06-17 16:10:14.761 : IterationNum=59	[MsgId: MMSG-17999]
   USER 59 = user79:pwd79	[MsgId: MMSG-17999]
    2023-06-17 16:10:14.855 : Start page is opened	[MsgId: MMSG-17999]
    2023-06-17 16:10:19.015 : User is logged in with session 136654.533333333HAcQVzHpffiDDDDDtcVHfpAAfDf	[MsgId: MMSG-17999]
    2023-06-17 16:10:23.419 : User is logged out of session	[MsgId: MMSG-17999]
  2023-06-17 16:12:20.764 : IterationNum=60	[MsgId: MMSG-17999]
   USER 60 = user79:pwd79	[MsgId: MMSG-17999]
    2023-06-17 16:12:20.858 : Start page is opened	[MsgId: MMSG-17999]
    2023-06-17 16:12:27.221 : User is logged in with session 136654.543539895HAcQVzipAiDDDDDDtcVHfpAAif	[MsgId: MMSG-17999]
    2023-06-17 16:12:31.995 : User is logged out of session	[MsgId: MMSG-17999]
  2023-06-17 16:14:26.770 : IterationNum=61	[MsgId: MMSG-17999]
   USER 61 = user79:pwd79	[MsgId: MMSG-17999]
    2023-06-17 16:14:26.864 : Start page is opened	[MsgId: MMSG-17999]
    2023-06-17 16:14:31.707 : User is logged in with session 136654.553746456HAcQVzipzAiDDDDDtcVHfpAVVzf	[MsgId: MMSG-17999]
    2023-06-17 16:14:36.005 : User is logged out of session	[MsgId: MMSG-17999]
  2023-06-17 16:16:32.775 : IterationNum=62	[MsgId: MMSG-17999]
   USER 62 = user79:pwd79	[MsgId: MMSG-17999]
    2023-06-17 16:16:32.869 : Start page is opened	[MsgId: MMSG-17999]
    2023-06-17 16:16:38.343 : User is logged in with session 136654.563953017HAcQVzQpVDDDDDDDtcVHfpAVti	[MsgId: MMSG-17999]
    2023-06-17 16:16:42.771 : User is logged out of session	[MsgId: MMSG-17999]
  2023-06-17 16:18:38.776 : IterationNum=63	[MsgId: MMSG-17999]
   USER 63 = user79:pwd79	[MsgId: MMSG-17999]
    2023-06-17 16:18:38.871 : Start page is opened	[MsgId: MMSG-17999]
    2023-06-17 16:18:44.184 : User is logged in with session 136654.574159579HAcQVzQpzfiDDDDDtcVHfpAVHQf	[MsgId: MMSG-17999]
    2023-06-17 16:18:48.240 : User is logged out of session	[MsgId: MMSG-17999]
  2023-06-17 16:20:44.789 : IterationNum=64	[MsgId: MMSG-17999]
   USER 64 = user79:pwd79	[MsgId: MMSG-17999]
    2023-06-17 16:20:44.882 : Start page is opened	[MsgId: MMSG-17999]
    2023-06-17 16:20:49.640 : User is logged in with session 136654.58436614HAcQVHApViDDDDDDtcVHfpAcVV	[MsgId: MMSG-17999]
    2023-06-17 16:20:55.939 : User is logged out of session	[MsgId: MMSG-17999]
  2023-06-17 16:22:50.794 : IterationNum=65	[MsgId: MMSG-17999]
   USER 65 = user79:pwd79	[MsgId: MMSG-17999]
    2023-06-17 16:22:50.890 : Start page is opened	[MsgId: MMSG-17999]
    2023-06-17 16:22:56.215 : User is logged in with session 136654.594572701HAcQVHApHAiDDDDDtcVHfpActcf	[MsgId: MMSG-17999]
    2023-06-17 16:23:01.434 : User is logged out of session	[MsgId: MMSG-17999]
  2023-06-17 16:24:56.801 : IterationNum=66	[MsgId: MMSG-17999]
   USER 66 = user79:pwd79	[MsgId: MMSG-17999]
    2023-06-17 16:24:56.895 : Start page is opened	[MsgId: MMSG-17999]
    2023-06-17 16:25:02.054 : User is logged in with session 136654.604779263HAcQVHVpcDDDDDDDtcVHfpAcHt	[MsgId: MMSG-17999]
    2023-06-17 16:25:07.343 : User is logged out of session	[MsgId: MMSG-17999]
  2023-06-17 16:27:02.812 : IterationNum=67	[MsgId: MMSG-17999]
   USER 67 = user79:pwd79	[MsgId: MMSG-17999]
    2023-06-17 16:27:02.907 : Start page is opened	[MsgId: MMSG-17999]
    2023-06-17 16:27:09.283 : User is logged in with session 136654.614985824HAcQVHVpHfiDDDDDtcVHfpADAff	[MsgId: MMSG-17999]
    2023-06-17 16:27:14.912 : User is logged out of session	[MsgId: MMSG-17999]
  2023-06-17 16:29:08.818 : IterationNum=68	[MsgId: MMSG-17999]
   USER 68 = user79:pwd79	[MsgId: MMSG-17999]
    2023-06-17 16:29:08.913 : Start page is opened	[MsgId: MMSG-17999]
    2023-06-17 16:29:13.647 : User is logged in with session 136654.625192386HAcQVHcpciDDDDDDtcVHfpADDH	[MsgId: MMSG-17999]
    2023-06-17 16:29:18.742 : User is logged out of session	[MsgId: MMSG-17999]
  2023-06-17 16:31:14.821 : IterationNum=69	[MsgId: MMSG-17999]
   USER 69 = user79:pwd79	[MsgId: MMSG-17999]
    2023-06-17 16:31:14.915 : Start page is opened	[MsgId: MMSG-17999]
    2023-06-17 16:31:20.696 : User is logged in with session 136654.635398947HAcQVHcpiAiDDDDDtcVHfpADzif	[MsgId: MMSG-17999]
    2023-06-17 16:31:24.875 : User is logged out of session	[MsgId: MMSG-17999]
  2023-06-17 16:33:20.833 : IterationNum=70	[MsgId: MMSG-17999]
   USER 70 = user79:pwd79	[MsgId: MMSG-17999]
    2023-06-17 16:33:20.929 : Start page is opened	[MsgId: MMSG-17999]
    2023-06-17 16:33:26.678 : User is logged in with session 136654.645605508HAcQVHDpDDDDDDDDtcVHfpAt	[MsgId: MMSG-17999]
    2023-06-17 16:33:32.878 : User is logged out of session	[MsgId: MMSG-17999]
  2023-06-17 16:35:26.845 : IterationNum=71	[MsgId: MMSG-17999]
   USER 71 = user79:pwd79	[MsgId: MMSG-17999]
    2023-06-17 16:35:26.940 : Start page is opened	[MsgId: MMSG-17999]
    2023-06-17 16:35:33.270 : User is logged in with session 136654.65581207HAcQVHDpifiDDDDDtcVHfpAtDVf	[MsgId: MMSG-17999]
    2023-06-17 16:35:39.027 : User is logged out of session	[MsgId: MMSG-17999]
  2023-06-17 16:37:32.854 : IterationNum=72	[MsgId: MMSG-17999]
   USER 72 = user79:pwd79	[MsgId: MMSG-17999]
    2023-06-17 16:37:32.946 : Start page is opened	[MsgId: MMSG-17999]
    2023-06-17 16:37:37.827 : User is logged in with session 136654.666018631HAcQVHtpDiDDDDDDtcVHfpAtzD	[MsgId: MMSG-17999]
    2023-06-17 16:37:43.181 : User is logged out of session	[MsgId: MMSG-17999]
  2023-06-17 16:39:38.868 : IterationNum=73	[MsgId: MMSG-17999]
   USER 73 = user79:pwd79	[MsgId: MMSG-17999]
    2023-06-17 16:39:38.961 : Start page is opened	[MsgId: MMSG-17999]
    2023-06-17 16:39:44.637 : User is logged in with session 136654.676225192HAcQVHtpQAiDDDDDtcVHfpAtQtf	[MsgId: MMSG-17999]
    2023-06-17 16:39:48.873 : User is logged out of session	[MsgId: MMSG-17999]
  2023-06-17 16:41:44.874 : IterationNum=74	[MsgId: MMSG-17999]
   USER 74 = user79:pwd79	[MsgId: MMSG-17999]
    2023-06-17 16:41:44.967 : Start page is opened	[MsgId: MMSG-17999]
    2023-06-17 16:41:49.008 : User is logged in with session 136654.686431754HAcQVHfptDDDDDDDtcVHfpAfcz	[MsgId: MMSG-17999]
    2023-06-17 16:41:54.288 : User is logged out of session	[MsgId: MMSG-17999]
  2023-06-17 16:43:50.876 : IterationNum=75	[MsgId: MMSG-17999]
   USER 75 = user79:pwd79	[MsgId: MMSG-17999]
    2023-06-17 16:43:50.971 : Start page is opened	[MsgId: MMSG-17999]
    2023-06-17 16:43:55.214 : User is logged in with session 136654.696638315HAcQVHfpQfiDDDDDtcVHfpAffHf	[MsgId: MMSG-17999]
    2023-06-17 16:44:00.489 : User is logged out of session	[MsgId: MMSG-17999]
  2023-06-17 16:45:56.879 : IterationNum=76	[MsgId: MMSG-17999]
   USER 76 = user79:pwd79	[MsgId: MMSG-17999]
    2023-06-17 16:45:56.974 : Start page is opened	[MsgId: MMSG-17999]
    2023-06-17 16:46:03.176 : User is logged in with session 136654.706844876HAcQVHzptiDDDDDDtcVHfpAfiQ	[MsgId: MMSG-17999]
    2023-06-17 16:46:07.185 : User is logged out of session	[MsgId: MMSG-17999]
  2023-06-17 16:48:02.895 : IterationNum=77	[MsgId: MMSG-17999]
   USER 77 = user79:pwd79	[MsgId: MMSG-17999]
    2023-06-17 16:48:02.989 : Start page is opened	[MsgId: MMSG-17999]
    2023-06-17 16:48:09.029 : User is logged in with session 136654.717051438HAcQVHHpAAiDDDDDtcVHfpAzcAf	[MsgId: MMSG-17999]
    2023-06-17 16:48:14.093 : User is logged out of session	[MsgId: MMSG-17999]
  2023-06-17 16:50:08.898 : IterationNum=78	[MsgId: MMSG-17999]
   USER 78 = user79:pwd79	[MsgId: MMSG-17999]
    2023-06-17 16:50:08.990 : Start page is opened	[MsgId: MMSG-17999]
    2023-06-17 16:50:13.120 : User is logged in with session 136654.727257999HAcQVHHpfDDDDDDDtcVHfpAzfc	[MsgId: MMSG-17999]
    2023-06-17 16:50:17.809 : User is logged out of session	[MsgId: MMSG-17999]
  2023-06-17 16:52:14.905 : IterationNum=79	[MsgId: MMSG-17999]
   USER 79 = user79:pwd79	[MsgId: MMSG-17999]
    2023-06-17 16:52:14.999 : Start page is opened	[MsgId: MMSG-17999]
    2023-06-17 16:52:20.379 : User is logged in with session 136654.737464561HAcQVHipAfiDDDDDtcVHfpAziDf	[MsgId: MMSG-17999]
    2023-06-17 16:52:25.879 : User is logged out of session	[MsgId: MMSG-17999]
  2023-06-17 16:54:20.919 : IterationNum=80	[MsgId: MMSG-17999]
   USER 80 = user79:pwd79	[MsgId: MMSG-17999]
    2023-06-17 16:54:21.014 : Start page is opened	[MsgId: MMSG-17999]
    2023-06-17 16:54:26.291 : User is logged in with session 136654.747671122HAcQVHipfiDDDDDDtcVHfpAHVf	[MsgId: MMSG-17999]
    2023-06-17 16:54:32.134 : User is logged out of session	[MsgId: MMSG-17999]
  2023-06-17 16:56:26.925 : IterationNum=81	[MsgId: MMSG-17999]
   USER 81 = user79:pwd79	[MsgId: MMSG-17999]
    2023-06-17 16:56:27.019 : Start page is opened	[MsgId: MMSG-17999]
    2023-06-17 16:56:31.577 : User is logged in with session 136654.757877683HAcQVHQpVAiDDDDDtcVHfpAHtzf	[MsgId: MMSG-17999]
    2023-06-17 16:56:37.212 : User is logged out of session	[MsgId: MMSG-17999]
  2023-06-17 16:58:32.938 : IterationNum=82	[MsgId: MMSG-17999]
   USER 82 = user79:pwd79	[MsgId: MMSG-17999]
    2023-06-17 16:58:33.033 : Start page is opened	[MsgId: MMSG-17999]
    2023-06-17 16:58:37.281 : User is logged in with session 136654.768084245HAcQVHQpzDDDDDDDtcVHfpAHHi	[MsgId: MMSG-17999]
    2023-06-17 16:58:41.850 : User is logged out of session	[MsgId: MMSG-17999]
  2023-06-17 17:00:38.943 : IterationNum=83	[MsgId: MMSG-17999]
   USER 83 = user79:pwd79	[MsgId: MMSG-17999]
    2023-06-17 17:00:39.037 : Start page is opened	[MsgId: MMSG-17999]
    2023-06-17 17:00:44.624 : User is logged in with session 136654.778290806HAcQViApVfiDDDDDtcVHfpAiAQf	[MsgId: MMSG-17999]
    2023-06-17 17:00:49.593 : User is logged out of session	[MsgId: MMSG-17999]
  2023-06-17 17:02:44.953 : IterationNum=84	[MsgId: MMSG-17999]
   USER 84 = user79:pwd79	[MsgId: MMSG-17999]
    2023-06-17 17:02:45.046 : Start page is opened	[MsgId: MMSG-17999]
    2023-06-17 17:02:50.926 : User is logged in with session 136654.788497367HAcQViApziDDDDDDtcVHfpAitV	[MsgId: MMSG-17999]
    2023-06-17 17:02:56.642 : User is logged out of session	[MsgId: MMSG-17999]
  2023-06-17 17:04:50.961 : IterationNum=85	[MsgId: MMSG-17999]
   USER 85 = user79:pwd79	[MsgId: MMSG-17999]
    2023-06-17 17:04:51.056 : Start page is opened	[MsgId: MMSG-17999]
    2023-06-17 17:04:57.248 : User is logged in with session 136654.798703929HAcQViVpcAiDDDDDtcVHfpAiHcf	[MsgId: MMSG-17999]
    2023-06-17 17:05:02.787 : User is logged out of session	[MsgId: MMSG-17999]
  2023-06-17 17:06:56.965 : IterationNum=86	[MsgId: MMSG-17999]
   USER 86 = user79:pwd79	[MsgId: MMSG-17999]
    2023-06-17 17:06:57.059 : Start page is opened	[MsgId: MMSG-17999]
    2023-06-17 17:07:01.288 : User is logged in with session 136654.80891049HAcQViVpHDDDDDDDtcVHfpAQAt	[MsgId: MMSG-17999]
    2023-06-17 17:07:05.308 : User is logged out of session	[MsgId: MMSG-17999]
  2023-06-17 17:09:02.967 : IterationNum=87	[MsgId: MMSG-17999]
   USER 87 = user79:pwd79	[MsgId: MMSG-17999]
    2023-06-17 17:09:03.062 : Start page is opened	[MsgId: MMSG-17999]
    2023-06-17 17:09:08.905 : User is logged in with session 136654.819117051HAcQVicpcfiDDDDDtcVHfpAQDff	[MsgId: MMSG-17999]
    2023-06-17 17:09:14.368 : User is logged out of session	[MsgId: MMSG-17999]
  2023-06-17 17:11:08.968 : IterationNum=88	[MsgId: MMSG-17999]
   USER 88 = user79:pwd79	[MsgId: MMSG-17999]
    2023-06-17 17:11:09.062 : Start page is opened	[MsgId: MMSG-17999]
    2023-06-17 17:11:14.466 : User is logged in with session 136654.829323613HAcQVicpHiDDDDDDtcVHfpAQzH	[MsgId: MMSG-17999]
    2023-06-17 17:11:20.664 : User is logged out of session	[MsgId: MMSG-17999]
  2023-06-17 17:13:14.969 : IterationNum=89	[MsgId: MMSG-17999]
   USER 89 = user79:pwd79	[MsgId: MMSG-17999]
    2023-06-17 17:13:15.062 : Start page is opened	[MsgId: MMSG-17999]
    2023-06-17 17:13:21.428 : User is logged in with session 136654.839611179HAcQViDpDVcftcVHfpAQQiHf	[MsgId: MMSG-17999]
    2023-06-17 17:13:25.523 : User is logged out of session	[MsgId: MMSG-17999]
  2023-06-17 17:15:20.971 : IterationNum=90	[MsgId: MMSG-17999]
   USER 90 = user79:pwd79	[MsgId: MMSG-17999]
    2023-06-17 17:15:21.065 : Start page is opened	[MsgId: MMSG-17999]
    2023-06-17 17:15:25.622 : User is logged in with session 136654.84981774HAcQViDpiDHftcVHfpVADAcf	[MsgId: MMSG-17999]
    2023-06-17 17:15:31.299 : User is logged out of session	[MsgId: MMSG-17999]
  2023-06-17 17:17:26.975 : IterationNum=91	[MsgId: MMSG-17999]
   USER 91 = user79:pwd79	[MsgId: MMSG-17999]
    2023-06-17 17:17:27.069 : Start page is opened	[MsgId: MMSG-17999]
    2023-06-17 17:17:33.103 : User is logged in with session 136654.860024301HAcQVitpDzcftcVHfpVAzVHf	[MsgId: MMSG-17999]
    2023-06-17 17:17:38.795 : User is logged out of session	[MsgId: MMSG-17999]
  2023-06-17 17:19:32.978 : IterationNum=92	[MsgId: MMSG-17999]
   USER 92 = user79:pwd79	[MsgId: MMSG-17999]
    2023-06-17 17:19:33.073 : Start page is opened	[MsgId: MMSG-17999]
    2023-06-17 17:19:38.326 : User is logged in with session 136654.870230863HAcQVitpiiHftcVHfpVAQDcf	[MsgId: MMSG-17999]
    2023-06-17 17:19:43.705 : User is logged out of session	[MsgId: MMSG-17999]
  2023-06-17 17:21:38.983 : IterationNum=93	[MsgId: MMSG-17999]
   USER 93 = user79:pwd79	[MsgId: MMSG-17999]
    2023-06-17 17:21:39.077 : Start page is opened	[MsgId: MMSG-17999]
    2023-06-17 17:21:44.657 : User is logged in with session 136654.880437424HAcQVifptVcftcVHfpVVctHf	[MsgId: MMSG-17999]
    2023-06-17 17:21:50.453 : User is logged out of session	[MsgId: MMSG-17999]
  2023-06-17 17:23:44.995 : IterationNum=94	[MsgId: MMSG-17999]
   USER 94 = user79:pwd79	[MsgId: MMSG-17999]
    2023-06-17 17:23:45.090 : Start page is opened	[MsgId: MMSG-17999]
    2023-06-17 17:23:49.196 : User is logged in with session 136654.890643985HAcQVifpQDHftcVHfpVVfzcf	[MsgId: MMSG-17999]
    2023-06-17 17:23:54.879 : User is logged out of session	[MsgId: MMSG-17999]
  2023-06-17 17:25:50.999 : IterationNum=95	[MsgId: MMSG-17999]
   USER 95 = user79:pwd79	[MsgId: MMSG-17999]
    2023-06-17 17:25:51.093 : Start page is opened	[MsgId: MMSG-17999]
    2023-06-17 17:25:56.369 : User is logged in with session 136654.900850547HAcQVizptzcftcVHfpVViHHf	[MsgId: MMSG-17999]
    2023-06-17 17:26:01.957 : User is logged out of session	[MsgId: MMSG-17999]
  2023-06-17 17:27:57.009 : IterationNum=96	[MsgId: MMSG-17999]
   USER 96 = user79:pwd79	[MsgId: MMSG-17999]
    2023-06-17 17:27:57.102 : Start page is opened	[MsgId: MMSG-17999]
    2023-06-17 17:28:03.273 : User is logged in with session 136654.911057108HAcQVizpQiHftcVHfpVcVQcf	[MsgId: MMSG-17999]
    2023-06-17 17:28:09.580 : User is logged out of session	[MsgId: MMSG-17999]
  2023-06-17 17:30:03.021 : IterationNum=97	[MsgId: MMSG-17999]
   USER 97 = user79:pwd79	[MsgId: MMSG-17999]
    2023-06-17 17:30:03.116 : Start page is opened	[MsgId: MMSG-17999]
    2023-06-17 17:30:07.477 : User is logged in with session 136654.92126367HAcQViHpfVcftcVHfpVcfAHf	[MsgId: MMSG-17999]
    2023-06-17 17:30:13.269 : User is logged out of session	[MsgId: MMSG-17999]
  2023-06-17 17:32:09.037 : IterationNum=98	[MsgId: MMSG-17999]
   USER 98 = user79:pwd79	[MsgId: MMSG-17999]
    2023-06-17 17:32:09.131 : Start page is opened	[MsgId: MMSG-17999]
    2023-06-17 17:32:14.104 : User is logged in with session 136654.931470231HAcQViipADHftcVHfpVciccf	[MsgId: MMSG-17999]
    2023-06-17 17:32:18.836 : User is logged out of session	[MsgId: MMSG-17999]
  2023-06-17 17:34:15.047 : IterationNum=99	[MsgId: MMSG-17999]
   USER 99 = user79:pwd79	[MsgId: MMSG-17999]
    2023-06-17 17:34:15.142 : Start page is opened	[MsgId: MMSG-17999]
    2023-06-17 17:34:19.282 : User is logged in with session 136654.941676792HAcQViipfzcftcVHfpVDVDHf	[MsgId: MMSG-17999]
    2023-06-17 17:34:25.331 : User is logged out of session	[MsgId: MMSG-17999]
  2023-06-17 17:36:21.052 : IterationNum=100	[MsgId: MMSG-17999]
   USER 100 = user79:pwd79	[MsgId: MMSG-17999]
    2023-06-17 17:36:21.146 : Start page is opened	[MsgId: MMSG-17999]
    2023-06-17 17:36:25.920 : User is logged in with session 136654.951883354HAcQViQpAiHftcVHfpVDtfcf	[MsgId: MMSG-17999]
    2023-06-17 17:36:31.708 : User is logged out of session	[MsgId: MMSG-17999]
  2023-06-17 17:38:27.054 : IterationNum=101	[MsgId: MMSG-17999]
   USER 101 = user79:pwd79	[MsgId: MMSG-17999]
    2023-06-17 17:38:27.149 : Start page is opened	[MsgId: MMSG-17999]
    2023-06-17 17:38:32.821 : User is logged in with session 136654.962089915HAcQViQpzVcftcVHfpVDHzHf	[MsgId: MMSG-17999]
    2023-06-17 17:38:37.339 : User is logged out of session	[MsgId: MMSG-17999]
  2023-06-17 17:40:33.066 : IterationNum=102	[MsgId: MMSG-17999]
   USER 102 = user79:pwd79	[MsgId: MMSG-17999]
    2023-06-17 17:40:33.160 : Start page is opened	[MsgId: MMSG-17999]
    2023-06-17 17:40:38.924 : User is logged in with session 136654.972296476HAcQVQApVDHftcVHfpVtAicf	[MsgId: MMSG-17999]
    2023-06-17 17:40:45.231 : User is logged out of session	[MsgId: MMSG-17999]
  2023-06-17 17:42:39.073 : IterationNum=103	[MsgId: MMSG-17999]
   USER 103 = user79:pwd79	[MsgId: MMSG-17999]
    2023-06-17 17:42:39.167 : Start page is opened	[MsgId: MMSG-17999]
    2023-06-17 17:42:44.148 : User is logged in with session 136654.982503038HAcQVQApzzcftcVHfpVtDQHf	[MsgId: MMSG-17999]
    2023-06-17 17:42:48.474 : User is logged out of session	[MsgId: MMSG-17999]
  2023-06-17 17:44:45.085 : IterationNum=104	[MsgId: MMSG-17999]
   USER 104 = user79:pwd79	[MsgId: MMSG-17999]
    2023-06-17 17:44:45.179 : Start page is opened	[MsgId: MMSG-17999]
    2023-06-17 17:44:49.898 : User is logged in with session 136654.992709599HAcQVQVpViHftcVHfpVtHVcf	[MsgId: MMSG-17999]
    2023-06-17 17:44:55.108 : User is logged out of session	[MsgId: MMSG-17999]
  2023-06-17 17:46:51.089 : IterationNum=105	[MsgId: MMSG-17999]
   USER 105 = user79:pwd79	[MsgId: MMSG-17999]
    2023-06-17 17:46:51.183 : Start page is opened	[MsgId: MMSG-17999]
    2023-06-17 17:46:55.633 : User is logged in with session 136655.00291616HAcQVQVpHVcftcVHfpVfAcHf	[MsgId: MMSG-17999]
    2023-06-17 17:47:00.279 : User is logged out of session	[MsgId: MMSG-17999]
  2023-06-17 17:48:57.099 : IterationNum=106	[MsgId: MMSG-17999]
   USER 106 = user79:pwd79	[MsgId: MMSG-17999]
    2023-06-17 17:48:57.194 : Start page is opened	[MsgId: MMSG-17999]
    2023-06-17 17:49:03.222 : User is logged in with session 136655.013122722HAcQVQcpcDHftcVHfpVfDtcf	[MsgId: MMSG-17999]
    2023-06-17 17:49:07.879 : User is logged out of session	[MsgId: MMSG-17999]
  2023-06-17 17:51:03.104 : IterationNum=107	[MsgId: MMSG-17999]
   USER 107 = user79:pwd79	[MsgId: MMSG-17999]
    2023-06-17 17:51:03.198 : Start page is opened	[MsgId: MMSG-17999]
    2023-06-17 17:51:08.599 : User is logged in with session 136655.023329283HAcQVQcpHzcftcVHfpVfzfHf	[MsgId: MMSG-17999]
    2023-06-17 17:51:14.826 : User is logged out of session	[MsgId: MMSG-17999]
  2023-06-17 17:53:09.107 : IterationNum=108	[MsgId: MMSG-17999]
   USER 108 = user79:pwd79	[MsgId: MMSG-17999]
    2023-06-17 17:53:09.199 : Start page is opened	[MsgId: MMSG-17999]
    2023-06-17 17:53:14.845 : User is logged in with session 136655.033535844HAcQVQDpciHftcVHfpVfQHcf	[MsgId: MMSG-17999]
    2023-06-17 17:53:20.387 : User is logged out of session	[MsgId: MMSG-17999]
  2023-06-17 17:55:15.118 : IterationNum=109	[MsgId: MMSG-17999]
   USER 109 = user79:pwd79	[MsgId: MMSG-17999]
    2023-06-17 17:55:15.213 : Start page is opened	[MsgId: MMSG-17999]
    2023-06-17 17:55:19.341 : User is logged in with session 136655.043742406HAcQVQDpiVcftcVHfpVzciHf	[MsgId: MMSG-17999]
    2023-06-17 17:55:24.480 : User is logged out of session	[MsgId: MMSG-17999]
  2023-06-17 17:57:21.122 : IterationNum=110	[MsgId: MMSG-17999]
   USER 110 = user79:pwd79	[MsgId: MMSG-17999]
    2023-06-17 17:57:21.216 : Start page is opened	[MsgId: MMSG-17999]
    2023-06-17 17:57:25.806 : User is logged in with session 136655.053948967HAcQVQtpDDHftcVHfpVzzAcf	[MsgId: MMSG-17999]
    2023-06-17 17:57:32.140 : User is logged out of session	[MsgId: MMSG-17999]
  2023-06-17 17:59:27.122 : IterationNum=111	[MsgId: MMSG-17999]
   USER 111 = user79:pwd79	[MsgId: MMSG-17999]
    2023-06-17 17:59:27.232 : Start page is opened	[MsgId: MMSG-17999]
    2023-06-17 17:59:31.622 : User is logged in with session 136655.064155529HAcQVQtpizcftcVHfpVzQVHf	[MsgId: MMSG-17999]
    2023-06-17 17:59:35.974 : User is logged out of session	[MsgId: MMSG-17999]
  2023-06-17 18:01:33.125 : IterationNum=112	[MsgId: MMSG-17999]
   USER 112 = user79:pwd79	[MsgId: MMSG-17999]
    2023-06-17 18:01:33.219 : Start page is opened	[MsgId: MMSG-17999]
    2023-06-17 18:01:39.149 : User is logged in with session 136655.07436209HAcQVQfpDiHftcVHfpVHcDcf	[MsgId: MMSG-17999]
    2023-06-17 18:01:44.976 : User is logged out of session	[MsgId: MMSG-17999]
  2023-06-17 18:03:39.127 : IterationNum=113	[MsgId: MMSG-17999]
   USER 113 = user79:pwd79	[MsgId: MMSG-17999]
    2023-06-17 18:03:39.221 : Start page is opened	[MsgId: MMSG-17999]
    2023-06-17 18:03:44.186 : User is logged in with session 136655.084568651HAcQVQfpQVcftcVHfpVHftHf	[MsgId: MMSG-17999]
    2023-06-17 18:03:48.114 : User is logged out of session	[MsgId: MMSG-17999]
  2023-06-17 18:05:45.132 : IterationNum=114	[MsgId: MMSG-17999]
   USER 114 = user79:pwd79	[MsgId: MMSG-17999]
    2023-06-17 18:05:45.226 : Start page is opened	[MsgId: MMSG-17999]
    2023-06-17 18:05:51.561 : User is logged in with session 136655.094775213HAcQVQzptDHftcVHfpVHizcf	[MsgId: MMSG-17999]
    2023-06-17 18:05:57.519 : User is logged out of session	[MsgId: MMSG-17999]
  2023-06-17 18:07:51.135 : IterationNum=115	[MsgId: MMSG-17999]
   USER 115 = user79:pwd79	[MsgId: MMSG-17999]
    2023-06-17 18:07:51.230 : Start page is opened	[MsgId: MMSG-17999]
    2023-06-17 18:07:56.010 : User is logged in with session 136655.104981774HAcQVQzpQzcftcVHfpViVHHf	[MsgId: MMSG-17999]
    2023-06-17 18:08:01.675 : User is logged out of session	[MsgId: MMSG-17999]
  2023-06-17 18:09:57.137 : IterationNum=116	[MsgId: MMSG-17999]
   USER 116 = user79:pwd79	[MsgId: MMSG-17999]
    2023-06-17 18:09:57.231 : Start page is opened	[MsgId: MMSG-17999]
    2023-06-17 18:10:01.347 : User is logged in with session 136655.115188335HAcQVQHptiHftcVHfpVitQcf	[MsgId: MMSG-17999]
    2023-06-17 18:10:05.741 : User is logged out of session	[MsgId: MMSG-17999]
  2023-06-17 18:12:03.152 : IterationNum=117	[MsgId: MMSG-17999]
   USER 117 = user79:pwd79	[MsgId: MMSG-17999]
    2023-06-17 18:12:03.246 : Start page is opened	[MsgId: MMSG-17999]
    2023-06-17 18:12:07.920 : User is logged in with session 136655.125394897HAcQVQipAVcftcVHfpViiAHf	[MsgId: MMSG-17999]
    2023-06-17 18:12:13.780 : User is logged out of session	[MsgId: MMSG-17999]
  2023-06-17 18:14:09.156 : IterationNum=118	[MsgId: MMSG-17999]
   USER 118 = user79:pwd79	[MsgId: MMSG-17999]
    2023-06-17 18:14:09.249 : Start page is opened	[MsgId: MMSG-17999]
    2023-06-17 18:14:14.951 : User is logged in with session 136655.135601458HAcQVQipfDHftcVHfpVQVccf	[MsgId: MMSG-17999]
    2023-06-17 18:14:19.572 : User is logged out of session	[MsgId: MMSG-17999]
  2023-06-17 18:16:15.167 : IterationNum=119	[MsgId: MMSG-17999]
   USER 119 = user79:pwd79	[MsgId: MMSG-17999]
    2023-06-17 18:16:15.259 : Start page is opened	[MsgId: MMSG-17999]
    2023-06-17 18:16:21.041 : User is logged in with session 136655.145808019HAcQVQQpAzcftcVHfpVQtDHf	[MsgId: MMSG-17999]
    2023-06-17 18:16:27.012 : User is logged out of session	[MsgId: MMSG-17999]
  2023-06-17 18:18:21.173 : IterationNum=120	[MsgId: MMSG-17999]
   USER 120 = user79:pwd79	[MsgId: MMSG-17999]
    2023-06-17 18:18:21.268 : Start page is opened	[MsgId: MMSG-17999]
    2023-06-17 18:18:26.418 : User is logged in with session 136655.156014581HAcQVQQpfiHftcVHfpVQHfcf	[MsgId: MMSG-17999]
    2023-06-17 18:18:30.850 : User is logged out of session	[MsgId: MMSG-17999]
  2023-06-17 18:20:27.178 : IterationNum=121	[MsgId: MMSG-17999]
   USER 121 = user79:pwd79	[MsgId: MMSG-17999]
    2023-06-17 18:20:27.272 : Start page is opened	[MsgId: MMSG-17999]
    2023-06-17 18:20:31.519 : User is logged in with session 136655.166221142HAcQcAApVVcftcVHfpcAAzHf	[MsgId: MMSG-17999]
    2023-06-17 18:20:37.717 : User is logged out of session	[MsgId: MMSG-17999]
  2023-06-17 18:22:33.178 : IterationNum=122	[MsgId: MMSG-17999]
   USER 122 = user79:pwd79	[MsgId: MMSG-17999]
    2023-06-17 18:22:33.274 : Start page is opened	[MsgId: MMSG-17999]
    2023-06-17 18:22:37.564 : User is logged in with session 136655.176427704HAcQcAApzDHftcVHfpcADicf	[MsgId: MMSG-17999]
    2023-06-17 18:22:41.780 : User is logged out of session	[MsgId: MMSG-17999]
  2023-06-17 18:24:39.182 : IterationNum=123	[MsgId: MMSG-17999]
   USER 123 = user79:pwd79	[MsgId: MMSG-17999]
    2023-06-17 18:24:39.275 : Start page is opened	[MsgId: MMSG-17999]
    2023-06-17 18:24:44.916 : User is logged in with session 136655.186634265HAcQcAVpVzcftcVHfpcAzQHf	[MsgId: MMSG-17999]
    2023-06-17 18:24:51.043 : User is logged out of session	[MsgId: MMSG-17999]
  2023-06-17 18:26:45.194 : IterationNum=124	[MsgId: MMSG-17999]
   USER 124 = user79:pwd79	[MsgId: MMSG-17999]
    2023-06-17 18:26:45.288 : Start page is opened	[MsgId: MMSG-17999]
    2023-06-17 18:26:49.805 : User is logged in with session 136655.196840826HAcQcAVpziHftcVHfpcVAVcf	[MsgId: MMSG-17999]
    2023-06-17 18:26:53.893 : User is logged out of session	[MsgId: MMSG-17999]
  2023-06-17 18:28:51.195 : IterationNum=125	[MsgId: MMSG-17999]
   USER 125 = user79:pwd79	[MsgId: MMSG-17999]
    2023-06-17 18:28:51.288 : Start page is opened	[MsgId: MMSG-17999]
    2023-06-17 18:28:56.506 : User is logged in with session 136655.207047388HAcQcAcpcVcftcVHfpcVDcHf	[MsgId: MMSG-17999]
    2023-06-17 18:29:00.880 : User is logged out of session	[MsgId: MMSG-17999]
  2023-06-17 18:30:57.209 : IterationNum=126	[MsgId: MMSG-17999]
   USER 126 = user79:pwd79	[MsgId: MMSG-17999]
    2023-06-17 18:30:57.304 : Start page is opened	[MsgId: MMSG-17999]
    2023-06-17 18:31:03.347 : User is logged in with session 136655.217253949HAcQcAcpHDHftcVHfpcVztcf	[MsgId: MMSG-17999]
    2023-06-17 18:31:08.484 : User is logged out of session	[MsgId: MMSG-17999]
  2023-06-17 18:33:03.214 : IterationNum=127	[MsgId: MMSG-17999]
   USER 127 = user79:pwd79	[MsgId: MMSG-17999]
    2023-06-17 18:33:03.308 : Start page is opened	[MsgId: MMSG-17999]
    2023-06-17 18:33:08.848 : User is logged in with session 136655.22746051HAcQcADpczcftcVHfpcVQfHf	[MsgId: MMSG-17999]
    2023-06-17 18:33:14.211 : User is logged out of session	[MsgId: MMSG-17999]
  2023-06-17 18:35:09.226 : IterationNum=128	[MsgId: MMSG-17999]
   USER 128 = user79:pwd79	[MsgId: MMSG-17999]
    2023-06-17 18:35:09.317 : Start page is opened	[MsgId: MMSG-17999]
    2023-06-17 18:35:14.288 : User is logged in with session 136655.237667072HAcQcADpHiHftcVHfpcccHcf	[MsgId: MMSG-17999]
    2023-06-17 18:35:20.246 : User is logged out of session	[MsgId: MMSG-17999]
  2023-06-17 18:37:15.242 : IterationNum=129	[MsgId: MMSG-17999]
   USER 129 = user79:pwd79	[MsgId: MMSG-17999]
    2023-06-17 18:37:15.337 : Start page is opened	[MsgId: MMSG-17999]
    2023-06-17 18:37:20.914 : User is logged in with session 136655.247873633HAcQcAtpDVcftcVHfpccfiHf	[MsgId: MMSG-17999]
    2023-06-17 18:37:25.257 : User is logged out of session	[MsgId: MMSG-17999]
  2023-06-17 18:39:21.247 : IterationNum=130	[MsgId: MMSG-17999]
   USER 130 = user79:pwd79	[MsgId: MMSG-17999]
    2023-06-17 18:39:21.340 : Start page is opened	[MsgId: MMSG-17999]
    2023-06-17 18:39:26.406 : User is logged in with session 136655.258080194HAcQcAtpiDHftcVHfpccQAcf	[MsgId: MMSG-17999]
    2023-06-17 18:39:32.022 : User is logged out of session	[MsgId: MMSG-17999]
  2023-06-17 18:41:27.251 : IterationNum=131	[MsgId: MMSG-17999]
   USER 131 = user79:pwd79	[MsgId: MMSG-17999]
    2023-06-17 18:41:27.345 : Start page is opened	[MsgId: MMSG-17999]
    2023-06-17 18:41:33.552 : User is logged in with session 136655.268286756HAcQcAfpDzcftcVHfpcDcVHf	[MsgId: MMSG-17999]
    2023-06-17 18:41:38.938 : User is logged out of session	[MsgId: MMSG-17999]
  2023-06-17 18:43:33.261 : IterationNum=132	[MsgId: MMSG-17999]
   USER 132 = user79:pwd79	[MsgId: MMSG-17999]
    2023-06-17 18:43:33.355 : Start page is opened	[MsgId: MMSG-17999]
    2023-06-17 18:43:37.832 : User is logged in with session 136655.278493317HAcQcAfpiiHftcVHfpcDfDcf	[MsgId: MMSG-17999]
    2023-06-17 18:43:42.951 : User is logged out of session	[MsgId: MMSG-17999]
  2023-06-17 18:45:39.273 : IterationNum=133	[MsgId: MMSG-17999]
   USER 133 = user79:pwd79	[MsgId: MMSG-17999]
    2023-06-17 18:45:39.368 : Start page is opened	[MsgId: MMSG-17999]
    2023-06-17 18:45:43.736 : User is logged in with session 136655.288699879HAcQcAzptVcftcVHfpcDitHf	[MsgId: MMSG-17999]
    2023-06-17 18:45:49.669 : User is logged out of session	[MsgId: MMSG-17999]
  2023-06-17 18:47:45.280 : IterationNum=134	[MsgId: MMSG-17999]
   USER 134 = user79:pwd79	[MsgId: MMSG-17999]
    2023-06-17 18:47:45.373 : Start page is opened	[MsgId: MMSG-17999]
    2023-06-17 18:47:50.362 : User is logged in with session 136655.29890644HAcQcAzpQDHftcVHfpctVzcf	[MsgId: MMSG-17999]
    2023-06-17 18:47:55.170 : User is logged out of session	[MsgId: MMSG-17999]
  2023-06-17 18:49:51.287 : IterationNum=135	[MsgId: MMSG-17999]
   USER 135 = user79:pwd79	[MsgId: MMSG-17999]
    2023-06-17 18:49:51.381 : Start page is opened	[MsgId: MMSG-17999]
    2023-06-17 18:49:57.747 : User is logged in with session 136655.309113001HAcQcAHptzcftcVHfpcttHHf	[MsgId: MMSG-17999]
    2023-06-17 18:50:02.626 : User is logged out of session	[MsgId: MMSG-17999]
  2023-06-17 18:51:57.293 : IterationNum=136	[MsgId: MMSG-17999]
   USER 136 = user79:pwd79	[MsgId: MMSG-17999]
    2023-06-17 18:51:57.388 : Start page is opened	[MsgId: MMSG-17999]
    2023-06-17 18:52:02.701 : User is logged in with session 136655.319319563HAcQcAHpQiHftcVHfpctHQcf	[MsgId: MMSG-17999]
    2023-06-17 18:52:08.100 : User is logged out of session	[MsgId: MMSG-17999]
  2023-06-17 18:54:03.294 : IterationNum=137	[MsgId: MMSG-17999]
   USER 137 = user79:pwd79	[MsgId: MMSG-17999]
    2023-06-17 18:54:03.389 : Start page is opened	[MsgId: MMSG-17999]
    2023-06-17 18:54:09.106 : User is logged in with session 136655.329526124HAcQcAipfVcftcVHfpcfVAHf	[MsgId: MMSG-17999]
    2023-06-17 18:54:14.576 : User is logged out of session	[MsgId: MMSG-17999]
  2023-06-17 18:56:09.297 : IterationNum=138	[MsgId: MMSG-17999]
   USER 138 = user79:pwd79	[MsgId: MMSG-17999]
    2023-06-17 18:56:09.392 : Start page is opened	[MsgId: MMSG-17999]
    2023-06-17 18:56:14.602 : User is logged in with session 136655.339732685HAcQcAQpADHftcVHfpcftccf	[MsgId: MMSG-17999]
    2023-06-17 18:56:20.454 : User is logged out of session	[MsgId: MMSG-17999]
  2023-06-17 18:58:15.309 : IterationNum=139	[MsgId: MMSG-17999]
   USER 139 = user79:pwd79	[MsgId: MMSG-17999]
    2023-06-17 18:58:15.403 : Start page is opened	[MsgId: MMSG-17999]
    2023-06-17 18:58:19.642 : User is logged in with session 136655.349939247HAcQcAQpfzcftcVHfpcfHDHf	[MsgId: MMSG-17999]
    2023-06-17 18:58:24.507 : User is logged out of session	[MsgId: MMSG-17999]
  2023-06-17 19:00:21.317 : IterationNum=140	[MsgId: MMSG-17999]
   USER 140 = user79:pwd79	[MsgId: MMSG-17999]
    2023-06-17 19:00:21.411 : Start page is opened	[MsgId: MMSG-17999]
    2023-06-17 19:00:25.827 : User is logged in with session 136655.360145808HAcQcVApAiHftcVHfpczAfcf	[MsgId: MMSG-17999]
    2023-06-17 19:00:31.826 : User is logged out of session	[MsgId: MMSG-17999]
  2023-06-17 19:02:27.323 : IterationNum=141	[MsgId: MMSG-17999]
   USER 141 = user79:pwd79	[MsgId: MMSG-17999]
    2023-06-17 19:02:27.418 : Start page is opened	[MsgId: MMSG-17999]
    2023-06-17 19:02:32.112 : User is logged in with session 136655.370352369HAcQcVApzVcftcVHfpczDzHf	[MsgId: MMSG-17999]
    2023-06-17 19:02:38.435 : User is logged out of session	[MsgId: MMSG-17999]
  2023-06-17 19:04:33.331 : IterationNum=142	[MsgId: MMSG-17999]
   USER 142 = user79:pwd79	[MsgId: MMSG-17999]
    2023-06-17 19:04:33.424 : Start page is opened	[MsgId: MMSG-17999]
    2023-06-17 19:04:37.393 : User is logged in with session 136655.380558931HAcQcVVpVDHftcVHfpczzicf	[MsgId: MMSG-17999]
    2023-06-17 19:04:42.925 : User is logged out of session	[MsgId: MMSG-17999]
  2023-06-17 19:06:39.331 : IterationNum=143	[MsgId: MMSG-17999]
   USER 143 = user79:pwd79	[MsgId: MMSG-17999]
    2023-06-17 19:06:39.427 : Start page is opened	[MsgId: MMSG-17999]
    2023-06-17 19:06:43.464 : User is logged in with session 136655.390765492HAcQcVVpzzcftcVHfpczQQHf	[MsgId: MMSG-17999]
    2023-06-17 19:06:48.814 : User is logged out of session	[MsgId: MMSG-17999]
  2023-06-17 19:08:45.333 : IterationNum=144	[MsgId: MMSG-17999]
   USER 144 = user79:pwd79	[MsgId: MMSG-17999]
    2023-06-17 19:08:45.428 : Start page is opened	[MsgId: MMSG-17999]
    2023-06-17 19:08:50.804 : User is logged in with session 136655.400972053HAcQcVcpViHftcVHfpcHDVcf	[MsgId: MMSG-17999]
    2023-06-17 19:08:57.046 : User is logged out of session	[MsgId: MMSG-17999]
  2023-06-17 19:10:51.340 : IterationNum=145	[MsgId: MMSG-17999]
   USER 145 = user79:pwd79	[MsgId: MMSG-17999]
    2023-06-17 19:10:51.435 : Start page is opened	[MsgId: MMSG-17999]
    2023-06-17 19:10:56.748 : User is logged in with session 136655.411178615HAcQcVcpHVcftcVHfpcHzcHf	[MsgId: MMSG-17999]
    2023-06-17 19:11:01.675 : User is logged out of session	[MsgId: MMSG-17999]
  2023-06-17 19:12:57.356 : IterationNum=146	[MsgId: MMSG-17999]
   USER 146 = user79:pwd79	[MsgId: MMSG-17999]
    2023-06-17 19:12:57.451 : Start page is opened	[MsgId: MMSG-17999]
    2023-06-17 19:13:01.390 : User is logged in with session 136655.421385176HAcQcVDpcDHftcVHfpcHQtcf	[MsgId: MMSG-17999]
    2023-06-17 19:13:06.885 : User is logged out of session	[MsgId: MMSG-17999]
  2023-06-17 19:15:03.369 : IterationNum=147	[MsgId: MMSG-17999]
   USER 147 = user79:pwd79	[MsgId: MMSG-17999]
    2023-06-17 19:15:03.464 : Start page is opened	[MsgId: MMSG-17999]
    2023-06-17 19:15:09.806 : User is logged in with session 136655.431591738HAcQcVDpHzcftcVHfpcicfHf	[MsgId: MMSG-17999]
    2023-06-17 19:15:15.886 : User is logged out of session	[MsgId: MMSG-17999]
  2023-06-17 19:17:09.375 : IterationNum=148	[MsgId: MMSG-17999]
   USER 148 = user79:pwd79	[MsgId: MMSG-17999]
    2023-06-17 19:17:09.470 : Start page is opened	[MsgId: MMSG-17999]
    2023-06-17 19:17:15.132 : User is logged in with session 136655.441798299HAcQcVtpciHftcVHfpcifHcf	[MsgId: MMSG-17999]
    2023-06-17 19:17:19.229 : User is logged out of session	[MsgId: MMSG-17999]
  2023-06-17 19:19:15.377 : IterationNum=149	[MsgId: MMSG-17999]
   USER 149 = user79:pwd79	[MsgId: MMSG-17999]
    2023-06-17 19:19:15.471 : Start page is opened	[MsgId: MMSG-17999]
    2023-06-17 19:19:19.761 : User is logged in with session 136655.45200486HAcQcVtpiVcftcVHfpciiiHf	[MsgId: MMSG-17999]
    2023-06-17 19:19:26.058 : User is logged out of session	[MsgId: MMSG-17999]
  2023-06-17 19:21:21.390 : IterationNum=150	[MsgId: MMSG-17999]
   USER 150 = user79:pwd79	[MsgId: MMSG-17999]
    2023-06-17 19:21:21.483 : Start page is opened	[MsgId: MMSG-17999]
    2023-06-17 19:21:27.120 : User is logged in with session 136655.462211422HAcQcVfpDDHftcVHfpcQcAcf	[MsgId: MMSG-17999]
    2023-06-17 19:21:33.273 : User is logged out of session	[MsgId: MMSG-17999]
  2023-06-17 19:23:27.403 : IterationNum=151	[MsgId: MMSG-17999]
   USER 151 = user79:pwd79	[MsgId: MMSG-17999]
    2023-06-17 19:23:27.498 : Start page is opened	[MsgId: MMSG-17999]
    2023-06-17 19:23:32.063 : User is logged in with session 136655.472417983HAcQcVfpizcftcVHfpcQfVHf	[MsgId: MMSG-17999]
    2023-06-17 19:23:38.115 : User is logged out of session	[MsgId: MMSG-17999]
  2023-06-17 19:25:33.408 : IterationNum=152	[MsgId: MMSG-17999]
   USER 152 = user79:pwd79	[MsgId: MMSG-17999]
    2023-06-17 19:25:33.502 : Start page is opened	[MsgId: MMSG-17999]
    2023-06-17 19:25:38.241 : User is logged in with session 136655.482624544HAcQcVzpDiHftcVHfpcQiDcf	[MsgId: MMSG-17999]
    2023-06-17 19:25:43.162 : User is logged out of session	[MsgId: MMSG-17999]
  2023-06-17 19:27:39.423 : IterationNum=153	[MsgId: MMSG-17999]
   USER 153 = user79:pwd79	[MsgId: MMSG-17999]
    2023-06-17 19:27:39.518 : Start page is opened	[MsgId: MMSG-17999]
    2023-06-17 19:27:43.469 : User is logged in with session 136655.492831106HAcQcVzpQVcftcVHfpDAVtHf	[MsgId: MMSG-17999]
    2023-06-17 19:27:48.719 : User is logged out of session	[MsgId: MMSG-17999]
  2023-06-17 19:29:45.423 : IterationNum=154	[MsgId: MMSG-17999]
   USER 154 = user79:pwd79	[MsgId: MMSG-17999]
    2023-06-17 19:29:45.518 : Start page is opened	[MsgId: MMSG-17999]
    2023-06-17 19:29:49.716 : User is logged in with session 136655.503037667HAcQcVHptDHftcVHfpDAtzcf	[MsgId: MMSG-17999]
    2023-06-17 19:29:56.013 : User is logged out of session	[MsgId: MMSG-17999]
  2023-06-17 19:31:51.430 : IterationNum=155	[MsgId: MMSG-17999]
   USER 155 = user79:pwd79	[MsgId: MMSG-17999]
    2023-06-17 19:31:51.524 : Start page is opened	[MsgId: MMSG-17999]
    2023-06-17 19:31:57.748 : User is logged in with session 136655.513244228HAcQcVHpQzcftcVHfpDAHHHf	[MsgId: MMSG-17999]
    2023-06-17 19:32:03.282 : User is logged out of session	[MsgId: MMSG-17999]
  2023-06-17 19:33:57.435 : IterationNum=156	[MsgId: MMSG-17999]
   USER 156 = user79:pwd79	[MsgId: MMSG-17999]
    2023-06-17 19:33:57.530 : Start page is opened	[MsgId: MMSG-17999]
    2023-06-17 19:34:01.847 : User is logged in with session 136655.52345079HAcQcViptiHftcVHfpDVAQcf	[MsgId: MMSG-17999]
    2023-06-17 19:34:07.331 : User is logged out of session	[MsgId: MMSG-17999]
  2023-06-17 19:36:03.440 : IterationNum=157	[MsgId: MMSG-17999]
   USER 157 = user79:pwd79	[MsgId: MMSG-17999]
    2023-06-17 19:36:03.534 : Start page is opened	[MsgId: MMSG-17999]
    2023-06-17 19:36:07.633 : User is logged in with session 136655.533657351HAcQcVQpAVcftcVHfpDVtAHf	[MsgId: MMSG-17999]
    2023-06-17 19:36:11.644 : User is logged out of session	[MsgId: MMSG-17999]
  2023-06-17 19:38:09.449 : IterationNum=158	[MsgId: MMSG-17999]
   USER 158 = user79:pwd79	[MsgId: MMSG-17999]
    2023-06-17 19:38:09.544 : Start page is opened	[MsgId: MMSG-17999]
    2023-06-17 19:38:14.795 : User is logged in with session 136655.543863913HAcQcVQpfDHftcVHfpDVHccf	[MsgId: MMSG-17999]
    2023-06-17 19:38:20.701 : User is logged out of session	[MsgId: MMSG-17999]
  2023-06-17 19:40:15.453 : IterationNum=159	[MsgId: MMSG-17999]
   USER 159 = user79:pwd79	[MsgId: MMSG-17999]
    2023-06-17 19:40:15.546 : Start page is opened	[MsgId: MMSG-17999]
    2023-06-17 19:40:19.966 : User is logged in with session 136655.554070474HAcQccApAzcftcVHfpDcADHf	[MsgId: MMSG-17999]
    2023-06-17 19:40:25.138 : User is logged out of session	[MsgId: MMSG-17999]
  2023-06-17 19:42:21.456 : IterationNum=160	[MsgId: MMSG-17999]
   USER 160 = user79:pwd79	[MsgId: MMSG-17999]
    2023-06-17 19:42:21.551 : Start page is opened	[MsgId: MMSG-17999]
    2023-06-17 19:42:27.810 : User is logged in with session 136655.564277035HAcQccApfiHftcVHfpDcDfcf	[MsgId: MMSG-17999]
    2023-06-17 19:42:33.713 : User is logged out of session	[MsgId: MMSG-17999]
  2023-06-17 19:44:27.467 : IterationNum=161	[MsgId: MMSG-17999]
   USER 161 = user79:pwd79	[MsgId: MMSG-17999]
    2023-06-17 19:44:27.561 : Start page is opened	[MsgId: MMSG-17999]
    2023-06-17 19:44:32.873 : User is logged in with session 136655.574483597HAcQccVpVVcftcVHfpDczzHf	[MsgId: MMSG-17999]
    2023-06-17 19:44:37.357 : User is logged out of session	[MsgId: MMSG-17999]
  2023-06-17 19:46:33.482 : IterationNum=162	[MsgId: MMSG-17999]
   USER 162 = user79:pwd79	[MsgId: MMSG-17999]
    2023-06-17 19:46:33.577 : Start page is opened	[MsgId: MMSG-17999]
    2023-06-17 19:46:38.397 : User is logged in with session 136655.584690158HAcQccVpzDHftcVHfpDcQicf	[MsgId: MMSG-17999]
    2023-06-17 19:46:43.700 : User is logged out of session	[MsgId: MMSG-17999]
  2023-06-17 19:48:39.494 : IterationNum=163	[MsgId: MMSG-17999]
   USER 163 = user79:pwd79	[MsgId: MMSG-17999]
    2023-06-17 19:48:39.589 : Start page is opened	[MsgId: MMSG-17999]
    2023-06-17 19:48:43.795 : User is logged in with session 136655.594896719HAcQcccpVzcftcVHfpDDcQHf	[MsgId: MMSG-17999]
    2023-06-17 19:48:49.630 : User is logged out of session	[MsgId: MMSG-17999]
  2023-06-17 19:50:45.507 : IterationNum=164	[MsgId: MMSG-17999]
   USER 164 = user79:pwd79	[MsgId: MMSG-17999]
    2023-06-17 19:50:45.600 : Start page is opened	[MsgId: MMSG-17999]
    2023-06-17 19:50:51.404 : User is logged in with session 136655.605103281HAcQcccpziHftcVHfpDDzVcf	[MsgId: MMSG-17999]
    2023-06-17 19:50:55.547 : User is logged out of session	[MsgId: MMSG-17999]
  2023-06-17 19:52:51.522 : IterationNum=165	[MsgId: MMSG-17999]
   USER 165 = user79:pwd79	[MsgId: MMSG-17999]
    2023-06-17 19:52:51.616 : Start page is opened	[MsgId: MMSG-17999]
    2023-06-17 19:52:56.863 : User is logged in with session 136655.615309842HAcQccDpcVcftcVHfpDDQcHf	[MsgId: MMSG-17999]
    2023-06-17 19:53:01.529 : User is logged out of session	[MsgId: MMSG-17999]
  2023-06-17 19:54:57.531 : IterationNum=166	[MsgId: MMSG-17999]
   USER 166 = user79:pwd79	[MsgId: MMSG-17999]
    2023-06-17 19:54:57.625 : Start page is opened	[MsgId: MMSG-17999]
    2023-06-17 19:55:02.624 : User is logged in with session 136655.625516403HAcQccDpHDHftcVHfpDtctcf	[MsgId: MMSG-17999]
    2023-06-17 19:55:08.568 : User is logged out of session	[MsgId: MMSG-17999]
  2023-06-17 19:57:03.543 : IterationNum=167	[MsgId: MMSG-17999]
   USER 167 = user79:pwd79	[MsgId: MMSG-17999]
    2023-06-17 19:57:03.637 : Start page is opened	[MsgId: MMSG-17999]
    2023-06-17 19:57:08.261 : User is logged in with session 136655.635722965HAcQcctpczcftcVHfpDtffHf	[MsgId: MMSG-17999]
    2023-06-17 19:57:13.358 : User is logged out of session	[MsgId: MMSG-17999]
  2023-06-17 19:59:09.546 : IterationNum=168	[MsgId: MMSG-17999]
   USER 168 = user79:pwd79	[MsgId: MMSG-17999]
    2023-06-17 19:59:09.638 : Start page is opened	[MsgId: MMSG-17999]
    2023-06-17 19:59:15.857 : User is logged in with session 136655.645929526HAcQcctpHiHftcVHfpDtiHcf	[MsgId: MMSG-17999]
    2023-06-17 19:59:20.717 : User is logged out of session	[MsgId: MMSG-17999]
  2023-06-17 20:01:15.553 : IterationNum=169	[MsgId: MMSG-17999]
   USER 169 = user79:pwd79	[MsgId: MMSG-17999]
    2023-06-17 20:01:15.647 : Start page is opened	[MsgId: MMSG-17999]
    2023-06-17 20:01:21.247 : User is logged in with session 136655.656136087HAcQccfpDVcftcVHfpDfViHf	[MsgId: MMSG-17999]
    2023-06-17 20:01:25.294 : User is logged out of session	[MsgId: MMSG-17999]
  2023-06-17 20:03:21.568 : IterationNum=170	[MsgId: MMSG-17999]
   USER 170 = user79:pwd79	[MsgId: MMSG-17999]
    2023-06-17 20:03:21.663 : Start page is opened	[MsgId: MMSG-17999]
    2023-06-17 20:03:27.314 : User is logged in with session 136655.666342649HAcQccfpiDHftcVHfpDffAcf	[MsgId: MMSG-17999]
    2023-06-17 20:03:31.364 : User is logged out of session	[MsgId: MMSG-17999]
  2023-06-17 20:05:27.577 : IterationNum=171	[MsgId: MMSG-17999]
   USER 171 = user79:pwd79	[MsgId: MMSG-17999]
    2023-06-17 20:05:27.672 : Start page is opened	[MsgId: MMSG-17999]
    2023-06-17 20:05:31.849 : User is logged in with session 136655.67654921HAcQcczpDzcftcVHfpDfiVHf	[MsgId: MMSG-17999]
    2023-06-17 20:05:37.054 : User is logged out of session	[MsgId: MMSG-17999]
  2023-06-17 20:07:33.584 : IterationNum=172	[MsgId: MMSG-17999]
   USER 172 = user79:pwd79	[MsgId: MMSG-17999]
    2023-06-17 20:07:33.677 : Start page is opened	[MsgId: MMSG-17999]
    2023-06-17 20:07:38.173 : User is logged in with session 136655.686755772HAcQcczpiiHftcVHfpDzVDcf	[MsgId: MMSG-17999]
    2023-06-17 20:07:43.717 : User is logged out of session	[MsgId: MMSG-17999]
  2023-06-17 20:09:39.591 : IterationNum=173	[MsgId: MMSG-17999]
   USER 173 = user79:pwd79	[MsgId: MMSG-17999]
    2023-06-17 20:09:39.685 : Start page is opened	[MsgId: MMSG-17999]
    2023-06-17 20:09:44.067 : User is logged in with session 136655.696962333HAcQccHptVcftcVHfpDzttHf	[MsgId: MMSG-17999]
    2023-06-17 20:09:50.390 : User is logged out of session	[MsgId: MMSG-17999]
  2023-06-17 20:11:45.603 : IterationNum=174	[MsgId: MMSG-17999]
   USER 174 = user79:pwd79	[MsgId: MMSG-17999]
    2023-06-17 20:11:45.698 : Start page is opened	[MsgId: MMSG-17999]
    2023-06-17 20:11:50.435 : User is logged in with session 136655.707168894HAcQccHpQDHftcVHfpDzHzcf	[MsgId: MMSG-17999]
    2023-06-17 20:11:56.262 : User is logged out of session	[MsgId: MMSG-17999]
  2023-06-17 20:13:51.615 : IterationNum=175	[MsgId: MMSG-17999]
   USER 175 = user79:pwd79	[MsgId: MMSG-17999]
    2023-06-17 20:13:51.710 : Start page is opened	[MsgId: MMSG-17999]
    2023-06-17 20:13:56.256 : User is logged in with session 136655.717375456HAcQcciptzcftcVHfpDHAHHf	[MsgId: MMSG-17999]
    2023-06-17 20:14:02.469 : User is logged out of session	[MsgId: MMSG-17999]
  2023-06-17 20:15:57.621 : IterationNum=176	[MsgId: MMSG-17999]
   USER 176 = user79:pwd79	[MsgId: MMSG-17999]
    2023-06-17 20:15:57.716 : Start page is opened	[MsgId: MMSG-17999]
    2023-06-17 20:16:01.616 : User is logged in with session 136655.727582017HAcQccipQiHftcVHfpDHDQcf	[MsgId: MMSG-17999]
    2023-06-17 20:16:05.999 : User is logged out of session	[MsgId: MMSG-17999]
  2023-06-17 20:18:03.621 : IterationNum=177	[MsgId: MMSG-17999]
   USER 177 = user79:pwd79	[MsgId: MMSG-17999]
    2023-06-17 20:18:03.715 : Start page is opened	[MsgId: MMSG-17999]
    2023-06-17 20:18:08.061 : User is logged in with session 136655.737788578HAcQccQpfVcftcVHfpDHHAHf	[MsgId: MMSG-17999]
    2023-06-17 20:18:13.789 : User is logged out of session	[MsgId: MMSG-17999]
  2023-06-17 20:20:09.623 : IterationNum=178	[MsgId: MMSG-17999]
   USER 178 = user79:pwd79	[MsgId: MMSG-17999]
    2023-06-17 20:20:09.716 : Start page is opened	[MsgId: MMSG-17999]
    2023-06-17 20:20:15.201 : User is logged in with session 136655.74799514HAcQcDApADHftcVHfpDiAccf	[MsgId: MMSG-17999]
    2023-06-17 20:20:21.529 : User is logged out of session	[MsgId: MMSG-17999]
  2023-06-17 20:22:15.633 : IterationNum=179	[MsgId: MMSG-17999]
   USER 179 = user79:pwd79	[MsgId: MMSG-17999]
    2023-06-17 20:22:15.728 : Start page is opened	[MsgId: MMSG-17999]
    2023-06-17 20:22:20.800 : User is logged in with session 136655.758201701HAcQcDApfzcftcVHfpDiDDHf	[MsgId: MMSG-17999]
    2023-06-17 20:22:26.118 : User is logged out of session	[MsgId: MMSG-17999]
  2023-06-17 20:24:21.641 : IterationNum=180	[MsgId: MMSG-17999]
   USER 180 = user79:pwd79	[MsgId: MMSG-17999]
    2023-06-17 20:24:21.735 : Start page is opened	[MsgId: MMSG-17999]
    2023-06-17 20:24:27.202 : User is logged in with session 136655.768408262HAcQcDVpAiHftcVHfpDizfcf	[MsgId: MMSG-17999]
    2023-06-17 20:24:31.394 : User is logged out of session	[MsgId: MMSG-17999]
  2023-06-17 20:26:27.644 : IterationNum=181	[MsgId: MMSG-17999]
   USER 181 = user79:pwd79	[MsgId: MMSG-17999]
    2023-06-17 20:26:27.739 : Start page is opened	[MsgId: MMSG-17999]
    2023-06-17 20:26:32.116 : User is logged in with session 136655.778614824HAcQcDVpzVcftcVHfpDiQzHf	[MsgId: MMSG-17999]
    2023-06-17 20:26:36.453 : User is logged out of session	[MsgId: MMSG-17999]
  2023-06-17 20:28:33.654 : IterationNum=182	[MsgId: MMSG-17999]
   USER 182 = user79:pwd79	[MsgId: MMSG-17999]
    2023-06-17 20:28:33.748 : Start page is opened	[MsgId: MMSG-17999]
    2023-06-17 20:28:39.999 : User is logged in with session 136655.788821385HAcQcDcpVDHftcVHfpDQcicf	[MsgId: MMSG-17999]
    2023-06-17 20:28:45.747 : User is logged out of session	[MsgId: MMSG-17999]
  2023-06-17 20:30:39.669 : IterationNum=183	[MsgId: MMSG-17999]
   USER 183 = user79:pwd79	[MsgId: MMSG-17999]
    2023-06-17 20:30:39.762 : Start page is opened	[MsgId: MMSG-17999]
    2023-06-17 20:30:45.007 : User is logged in with session 136655.799027947HAcQcDcpzzcftcVHfpDQfQHf	[MsgId: MMSG-17999]
    2023-06-17 20:30:48.967 : User is logged out of session	[MsgId: MMSG-17999]
  2023-06-17 20:32:45.685 : IterationNum=184	[MsgId: MMSG-17999]
   USER 184 = user79:pwd79	[MsgId: MMSG-17999]
    2023-06-17 20:32:45.780 : Start page is opened	[MsgId: MMSG-17999]
    2023-06-17 20:32:52.039 : User is logged in with session 136655.809234508HAcQcDDpViHftcVHfpDQQVcf	[MsgId: MMSG-17999]
    2023-06-17 20:32:58.255 : User is logged out of session	[MsgId: MMSG-17999]
  2023-06-17 20:34:51.700 : IterationNum=185	[MsgId: MMSG-17999]
   USER 185 = user79:pwd79	[MsgId: MMSG-17999]
    2023-06-17 20:34:51.794 : Start page is opened	[MsgId: MMSG-17999]
    2023-06-17 20:34:56.350 : User is logged in with session 136655.819441069HAcQcDDpHVcftcVHfptAccHf	[MsgId: MMSG-17999]
    2023-06-17 20:35:02.354 : User is logged out of session	[MsgId: MMSG-17999]
  2023-06-17 20:36:57.709 : IterationNum=186	[MsgId: MMSG-17999]
   USER 186 = user79:pwd79	[MsgId: MMSG-17999]
    2023-06-17 20:36:57.804 : Start page is opened	[MsgId: MMSG-17999]
    2023-06-17 20:37:04.071 : User is logged in with session 136655.829647631HAcQcDtpcDHftcVHfptAftcf	[MsgId: MMSG-17999]
    2023-06-17 20:37:10.069 : User is logged out of session	[MsgId: MMSG-17999]
  2023-06-17 20:39:03.711 : IterationNum=187	[MsgId: MMSG-17999]
   USER 187 = user79:pwd79	[MsgId: MMSG-17999]
    2023-06-17 20:39:03.804 : Start page is opened	[MsgId: MMSG-17999]
    2023-06-17 20:39:08.992 : User is logged in with session 136655.839854192HAcQcDtpHzcftcVHfptAifHf	[MsgId: MMSG-17999]
    2023-06-17 20:39:12.900 : User is logged out of session	[MsgId: MMSG-17999]
  2023-06-17 20:41:09.723 : IterationNum=188	[MsgId: MMSG-17999]
   USER 188 = user79:pwd79	[MsgId: MMSG-17999]
    2023-06-17 20:41:09.818 : Start page is opened	[MsgId: MMSG-17999]
    2023-06-17 20:41:15.389 : User is logged in with session 136655.850060753HAcQcDfpciHftcVHfptVVHcf	[MsgId: MMSG-17999]
    2023-06-17 20:41:20.791 : User is logged out of session	[MsgId: MMSG-17999]
  2023-06-17 20:43:15.734 : IterationNum=189	[MsgId: MMSG-17999]
   USER 189 = user79:pwd79	[MsgId: MMSG-17999]
    2023-06-17 20:43:15.828 : Start page is opened	[MsgId: MMSG-17999]
    2023-06-17 20:43:20.207 : User is logged in with session 136655.860267315HAcQcDfpiVcftcVHfptVtiHf	[MsgId: MMSG-17999]
    2023-06-17 20:43:26.274 : User is logged out of session	[MsgId: MMSG-17999]
  2023-06-17 20:45:21.742 : IterationNum=190	[MsgId: MMSG-17999]
   USER 190 = user79:pwd79	[MsgId: MMSG-17999]
    2023-06-17 20:45:21.837 : Start page is opened	[MsgId: MMSG-17999]
    2023-06-17 20:45:28.000 : User is logged in with session 136655.870473876HAcQcDzpDDHftcVHfptViAcf	[MsgId: MMSG-17999]
    2023-06-17 20:45:33.684 : User is logged out of session	[MsgId: MMSG-17999]
  2023-06-17 20:47:27.745 : IterationNum=191	[MsgId: MMSG-17999]
   USER 191 = user79:pwd79	[MsgId: MMSG-17999]
    2023-06-17 20:47:27.838 : Start page is opened	[MsgId: MMSG-17999]
    2023-06-17 20:47:34.149 : User is logged in with session 136655.880680437HAcQcDzpizcftcVHfptcVVHf	[MsgId: MMSG-17999]
    2023-06-17 20:47:39.094 : User is logged out of session	[MsgId: MMSG-17999]
  2023-06-17 20:49:33.748 : IterationNum=192	[MsgId: MMSG-17999]
   USER 192 = user79:pwd79	[MsgId: MMSG-17999]
    2023-06-17 20:49:33.843 : Start page is opened	[MsgId: MMSG-17999]
    2023-06-17 20:49:38.433 : User is logged in with session 136655.890886999HAcQcDHpDiHftcVHfptctDcf	[MsgId: MMSG-17999]
    2023-06-17 20:49:42.563 : User is logged out of session	[MsgId: MMSG-17999]
  2023-06-17 20:51:39.753 : IterationNum=193	[MsgId: MMSG-17999]
   USER 193 = user79:pwd79	[MsgId: MMSG-17999]
    2023-06-17 20:51:39.847 : Start page is opened	[MsgId: MMSG-17999]
    2023-06-17 20:51:45.332 : User is logged in with session 136655.90109356HAcQcDHpQVcftcVHfptcHtHf	[MsgId: MMSG-17999]
    2023-06-17 20:51:50.938 : User is logged out of session	[MsgId: MMSG-17999]
  2023-06-17 20:53:45.767 : IterationNum=194	[MsgId: MMSG-17999]
   USER 194 = user79:pwd79	[MsgId: MMSG-17999]
    2023-06-17 20:53:45.862 : Start page is opened	[MsgId: MMSG-17999]
    2023-06-17 20:53:51.588 : User is logged in with session 136655.911300122HAcQcDiptDHftcVHfptDAzcf	[MsgId: MMSG-17999]
    2023-06-17 20:53:57.047 : User is logged out of session	[MsgId: MMSG-17999]
  2023-06-17 20:55:51.782 : IterationNum=195	[MsgId: MMSG-17999]
   USER 195 = user79:pwd79	[MsgId: MMSG-17999]
    2023-06-17 20:55:51.874 : Start page is opened	[MsgId: MMSG-17999]
    2023-06-17 20:55:57.451 : User is logged in with session 136655.921506683HAcQcDipQzcftcVHfptDDHHf	[MsgId: MMSG-17999]
    2023-06-17 20:56:03.116 : User is logged out of session	[MsgId: MMSG-17999]
  2023-06-17 20:57:57.793 : IterationNum=196	[MsgId: MMSG-17999]
   USER 196 = user79:pwd79	[MsgId: MMSG-17999]
    2023-06-17 20:57:57.888 : Start page is opened	[MsgId: MMSG-17999]
    2023-06-17 20:58:03.643 : User is logged in with session 136655.931713244HAcQcDQptiHftcVHfptDzQcf	[MsgId: MMSG-17999]
    2023-06-17 20:58:09.715 : User is logged out of session	[MsgId: MMSG-17999]
  2023-06-17 21:00:03.807 : IterationNum=197	[MsgId: MMSG-17999]
   USER 197 = user79:pwd79	[MsgId: MMSG-17999]
    2023-06-17 21:00:03.901 : Start page is opened	[MsgId: MMSG-17999]
    2023-06-17 21:00:09.670 : User is logged in with session 136655.941919806HAcQctApAVcftcVHfpttAAHf	[MsgId: MMSG-17999]
    2023-06-17 21:00:14.904 : User is logged out of session	[MsgId: MMSG-17999]
  2023-06-17 21:02:09.822 : IterationNum=198	[MsgId: MMSG-17999]
   USER 198 = user79:pwd79	[MsgId: MMSG-17999]
    2023-06-17 21:02:09.917 : Start page is opened	[MsgId: MMSG-17999]
    2023-06-17 21:02:14.255 : User is logged in with session 136655.952126367HAcQctApfDHftcVHfpttDccf	[MsgId: MMSG-17999]
    2023-06-17 21:02:18.998 : User is logged out of session	[MsgId: MMSG-17999]
  2023-06-17 21:04:15.833 : IterationNum=199	[MsgId: MMSG-17999]
   USER 199 = user79:pwd79	[MsgId: MMSG-17999]
    2023-06-17 21:04:15.926 : Start page is opened	[MsgId: MMSG-17999]
    2023-06-17 21:04:22.060 : User is logged in with session 136655.962332928HAcQctVpAzcftcVHfpttzDHf	[MsgId: MMSG-17999]
    2023-06-17 21:04:28.157 : User is logged out of session	[MsgId: MMSG-17999]
  2023-06-17 21:06:21.847 : IterationNum=200	[MsgId: MMSG-17999]
   USER 200 = user79:pwd79	[MsgId: MMSG-17999]
    2023-06-17 21:06:21.942 : Start page is opened	[MsgId: MMSG-17999]
    2023-06-17 21:06:27.900 : User is logged in with session 136655.97253949HAcQctVpfiHftcVHfpttQfcf	[MsgId: MMSG-17999]
    2023-06-17 21:06:32.549 : User is logged out of session	[MsgId: MMSG-17999]
  2023-06-17 21:08:27.853 : IterationNum=201	[MsgId: MMSG-17999]
   USER 201 = user79:pwd79	[MsgId: MMSG-17999]
    2023-06-17 21:08:27.948 : Start page is opened	[MsgId: MMSG-17999]
    2023-06-17 21:08:31.917 : User is logged in with session 136655.982746051HAcQctcpVVcftcVHfptfczHf	[MsgId: MMSG-17999]
    2023-06-17 21:08:37.040 : User is logged out of session	[MsgId: MMSG-17999]
  2023-06-17 21:10:33.865 : IterationNum=202	[MsgId: MMSG-17999]
   USER 202 = user79:pwd79	[MsgId: MMSG-17999]
    2023-06-17 21:10:33.959 : Start page is opened	[MsgId: MMSG-17999]
    2023-06-17 21:10:39.880 : User is logged in with session 136655.992952612HAcQctcpzDHftcVHfptfficf	[MsgId: MMSG-17999]
    2023-06-17 21:10:43.847 : User is logged out of session	[MsgId: MMSG-17999]
  2023-06-17 21:12:39.867 : IterationNum=203	[MsgId: MMSG-17999]
   USER 203 = user79:pwd79	[MsgId: MMSG-17999]
    2023-06-17 21:12:39.961 : Start page is opened	[MsgId: MMSG-17999]
    2023-06-17 21:12:44.596 : User is logged in with session 136656.003159174HAcQctDpVzcftcVHfptfiQHf	[MsgId: MMSG-17999]
    2023-06-17 21:12:48.591 : User is logged out of session	[MsgId: MMSG-17999]
  2023-06-17 21:14:45.876 : IterationNum=204	[MsgId: MMSG-17999]
   USER 204 = user79:pwd79	[MsgId: MMSG-17999]
    2023-06-17 21:14:45.970 : Start page is opened	[MsgId: MMSG-17999]
    2023-06-17 21:14:51.688 : User is logged in with session 136656.013365735HAcQctDpziHftcVHfptzcVcf	[MsgId: MMSG-17999]
    2023-06-17 21:14:56.502 : User is logged out of session	[MsgId: MMSG-17999]
  2023-06-17 21:16:51.888 : IterationNum=205	[MsgId: MMSG-17999]
   USER 205 = user79:pwd79	[MsgId: MMSG-17999]
    2023-06-17 21:16:51.982 : Start page is opened	[MsgId: MMSG-17999]
    2023-06-17 21:16:56.780 : User is logged in with session 136656.023572296HAcQcttpcVcftcVHfptzfcHf	[MsgId: MMSG-17999]
    2023-06-17 21:17:02.670 : User is logged out of session	[MsgId: MMSG-17999]
  2023-06-17 21:18:57.896 : IterationNum=206	[MsgId: MMSG-17999]
   USER 206 = user79:pwd79	[MsgId: MMSG-17999]
    2023-06-17 21:18:57.991 : Start page is opened	[MsgId: MMSG-17999]
    2023-06-17 21:19:03.629 : User is logged in with session 136656.033778858HAcQcttpHDHftcVHfptzitcf	[MsgId: MMSG-17999]
    2023-06-17 21:19:09.832 : User is logged out of session	[MsgId: MMSG-17999]
  2023-06-17 21:21:03.908 : IterationNum=207	[MsgId: MMSG-17999]
   USER 207 = user79:pwd79	[MsgId: MMSG-17999]
    2023-06-17 21:21:04.003 : Start page is opened	[MsgId: MMSG-17999]
    2023-06-17 21:21:08.687 : User is logged in with session 136656.043985419HAcQctfpczcftcVHfptHVfHf	[MsgId: MMSG-17999]
    2023-06-17 21:21:13.341 : User is logged out of session	[MsgId: MMSG-17999]
  2023-06-17 21:23:09.922 : IterationNum=208	[MsgId: MMSG-17999]
   USER 208 = user79:pwd79	[MsgId: MMSG-17999]
    2023-06-17 21:23:10.015 : Start page is opened	[MsgId: MMSG-17999]
    2023-06-17 21:23:14.797 : User is logged in with session 136656.054191981HAcQctfpHiHftcVHfptHtHcf	[MsgId: MMSG-17999]
    2023-06-17 21:23:19.841 : User is logged out of session	[MsgId: MMSG-17999]
  2023-06-17 21:25:15.937 : IterationNum=209	[MsgId: MMSG-17999]
   USER 209 = user79:pwd79	[MsgId: MMSG-17999]
    2023-06-17 21:25:16.030 : Start page is opened	[MsgId: MMSG-17999]
    2023-06-17 21:25:21.251 : User is logged in with session 136656.064398542HAcQctzpDVcftcVHfptHHiHf	[MsgId: MMSG-17999]
    2023-06-17 21:25:27.328 : User is logged out of session	[MsgId: MMSG-17999]
  2023-06-17 21:27:21.947 : IterationNum=210	[MsgId: MMSG-17999]
   USER 210 = user79:pwd79	[MsgId: MMSG-17999]
    2023-06-17 21:27:22.042 : Start page is opened	[MsgId: MMSG-17999]
    2023-06-17 21:27:25.975 : User is logged in with session 136656.074605103HAcQctzpiDHftcVHfptiVAcf	[MsgId: MMSG-17999]
    2023-06-17 21:27:31.953 : User is logged out of session	[MsgId: MMSG-17999]
  2023-06-17 21:29:27.962 : IterationNum=211	[MsgId: MMSG-17999]
   USER 211 = user79:pwd79	[MsgId: MMSG-17999]
    2023-06-17 21:29:28.056 : Start page is opened	[MsgId: MMSG-17999]
    2023-06-17 21:29:34.016 : User is logged in with session 136656.084811665HAcQctHpDzcftcVHfptitVHf	[MsgId: MMSG-17999]
    2023-06-17 21:29:38.105 : User is logged out of session	[MsgId: MMSG-17999]
  2023-06-17 21:31:33.962 : IterationNum=212	[MsgId: MMSG-17999]
   USER 212 = user79:pwd79	[MsgId: MMSG-17999]
    2023-06-17 21:31:34.056 : Start page is opened	[MsgId: MMSG-17999]
    2023-06-17 21:31:40.294 : User is logged in with session 136656.095018226HAcQctHpiiHftcVHfptiHDcf	[MsgId: MMSG-17999]
    2023-06-17 21:31:44.691 : User is logged out of session	[MsgId: MMSG-17999]
  2023-06-17 21:33:39.964 : IterationNum=213	[MsgId: MMSG-17999]
   USER 213 = user79:pwd79	[MsgId: MMSG-17999]
    2023-06-17 21:33:40.058 : Start page is opened	[MsgId: MMSG-17999]
    2023-06-17 21:33:44.691 : User is logged in with session 136656.105224787HAcQctiptVcftcVHfptQAtHf	[MsgId: MMSG-17999]
    2023-06-17 21:33:50.164 : User is logged out of session	[MsgId: MMSG-17999]
  2023-06-17 21:35:45.975 : IterationNum=214	[MsgId: MMSG-17999]
   USER 214 = user79:pwd79	[MsgId: MMSG-17999]
    2023-06-17 21:35:46.069 : Start page is opened	[MsgId: MMSG-17999]
    2023-06-17 21:35:50.262 : User is logged in with session 136656.115512353HAcQctipQtVzzzzHtcVHfptQDzf	[MsgId: MMSG-17999]
    2023-06-17 21:35:56.376 : User is logged out of session	[MsgId: MMSG-17999]
  2023-06-17 21:37:51.981 : IterationNum=215	[MsgId: MMSG-17999]
   USER 215 = user79:pwd79	[MsgId: MMSG-17999]
    2023-06-17 21:37:52.076 : Start page is opened	[MsgId: MMSG-17999]
    2023-06-17 21:37:56.557 : User is logged in with session 136656.125718915HAcQctQptzzzzzzHtcVHfptQzi	[MsgId: MMSG-17999]
    2023-06-17 21:38:00.577 : User is logged out of session	[MsgId: MMSG-17999]
  2023-06-17 21:39:57.984 : IterationNum=216	[MsgId: MMSG-17999]
   USER 216 = user79:pwd79	[MsgId: MMSG-17999]
    2023-06-17 21:39:58.076 : Start page is opened	[MsgId: MMSG-17999]
    2023-06-17 21:40:04.075 : User is logged in with session 136656.135925476HAcQctQpQQVzzzzHtcVHfptQQQf	[MsgId: MMSG-17999]
    2023-06-17 21:40:08.436 : User is logged out of session	[MsgId: MMSG-17999]
  2023-06-17 21:42:03.986 : IterationNum=217	[MsgId: MMSG-17999]
   USER 217 = user79:pwd79	[MsgId: MMSG-17999]
    2023-06-17 21:42:04.080 : Start page is opened	[MsgId: MMSG-17999]
    2023-06-17 21:42:09.621 : User is logged in with session 136656.146132037HAcQcfApfVzzzzzHtcVHfpfADV	[MsgId: MMSG-17999]
    2023-06-17 21:42:14.199 : User is logged out of session	[MsgId: MMSG-17999]
  2023-06-17 21:44:09.997 : IterationNum=218	[MsgId: MMSG-17999]
   USER 218 = user79:pwd79	[MsgId: MMSG-17999]
    2023-06-17 21:44:10.091 : Start page is opened	[MsgId: MMSG-17999]
    2023-06-17 21:44:15.391 : User is logged in with session 136656.156338599HAcQcfVpAtVzzzzHtcVHfpfAzcf	[MsgId: MMSG-17999]
    2023-06-17 21:44:20.419 : User is logged out of session	[MsgId: MMSG-17999]
  2023-06-17 21:46:16.006 : IterationNum=219	[MsgId: MMSG-17999]
   USER 219 = user79:pwd79	[MsgId: MMSG-17999]
    2023-06-17 21:46:16.100 : Start page is opened	[MsgId: MMSG-17999]
    2023-06-17 21:46:20.770 : User is logged in with session 136656.16654516HAcQcfVpfzzzzzzHtcVHfpfAQt	[MsgId: MMSG-17999]
    2023-06-17 21:46:26.664 : User is logged out of session	[MsgId: MMSG-17999]
  2023-06-17 21:48:22.011 : IterationNum=220	[MsgId: MMSG-17999]
   USER 220 = user79:pwd79	[MsgId: MMSG-17999]
    2023-06-17 21:48:22.106 : Start page is opened	[MsgId: MMSG-17999]
    2023-06-17 21:48:28.213 : User is logged in with session 136656.176751721HAcQcfcpAQVzzzzHtcVHfpfVcff	[MsgId: MMSG-17999]
    2023-06-17 21:48:33.856 : User is logged out of session	[MsgId: MMSG-17999]
  2023-06-17 21:50:28.014 : IterationNum=221	[MsgId: MMSG-17999]
   USER 221 = user79:pwd79	[MsgId: MMSG-17999]
    2023-06-17 21:50:28.109 : Start page is opened	[MsgId: MMSG-17999]
    2023-06-17 21:50:33.230 : User is logged in with session 136656.186958283HAcQcfcpzVzzzzzHtcVHfpfVfH	[MsgId: MMSG-17999]
    2023-06-17 21:50:38.974 : User is logged out of session	[MsgId: MMSG-17999]
  2023-06-17 21:52:34.015 : IterationNum=222	[MsgId: MMSG-17999]
   USER 222 = user79:pwd79	[MsgId: MMSG-17999]
    2023-06-17 21:52:34.110 : Start page is opened	[MsgId: MMSG-17999]
    2023-06-17 21:52:39.600 : User is logged in with session 136656.197164844HAcQcfDpVtVzzzzHtcVHfpfViif	[MsgId: MMSG-17999]
    2023-06-17 21:52:43.574 : User is logged out of session	[MsgId: MMSG-17999]
  2023-06-17 21:54:40.018 : IterationNum=223	[MsgId: MMSG-17999]
   USER 223 = user79:pwd79	[MsgId: MMSG-17999]
    2023-06-17 21:54:40.112 : Start page is opened	[MsgId: MMSG-17999]
    2023-06-17 21:54:44.464 : User is logged in with session 136656.207371405HAcQcfDpzzzzzzzHtcVHfpfcc	[MsgId: MMSG-17999]
    2023-06-17 21:54:49.340 : User is logged out of session	[MsgId: MMSG-17999]
  2023-06-17 21:56:46.019 : IterationNum=224	[MsgId: MMSG-17999]
   USER 224 = user79:pwd79	[MsgId: MMSG-17999]
    2023-06-17 21:56:46.115 : Start page is opened	[MsgId: MMSG-17999]
    2023-06-17 21:56:51.814 : User is logged in with session 136656.217577967HAcQcftpVQVzzzzHtcVHfpfcfVf	[MsgId: MMSG-17999]
    2023-06-17 21:56:56.517 : User is logged out of session	[MsgId: MMSG-17999]
  2023-06-17 21:58:52.023 : IterationNum=225	[MsgId: MMSG-17999]
   USER 225 = user79:pwd79	[MsgId: MMSG-17999]
    2023-06-17 21:58:52.116 : Start page is opened	[MsgId: MMSG-17999]
    2023-06-17 21:58:56.342 : User is logged in with session 136656.227784528HAcQcftpHVzzzzzHtcVHfpfciD	[MsgId: MMSG-17999]
    2023-06-17 21:59:01.654 : User is logged out of session	[MsgId: MMSG-17999]
  2023-06-17 22:00:58.030 : IterationNum=226	[MsgId: MMSG-17999]
   USER 226 = user79:pwd79	[MsgId: MMSG-17999]
    2023-06-17 22:00:58.124 : Start page is opened	[MsgId: MMSG-17999]
    2023-06-17 22:01:02.937 : User is logged in with session 136656.23799109HAcQcffpctVzzzzHtcVHfpfDVtf	[MsgId: MMSG-17999]
    2023-06-17 22:01:08.763 : User is logged out of session	[MsgId: MMSG-17999]
  2023-06-17 22:03:04.040 : IterationNum=227	[MsgId: MMSG-17999]
   USER 227 = user79:pwd79	[MsgId: MMSG-17999]
    2023-06-17 22:03:04.134 : Start page is opened	[MsgId: MMSG-17999]
    2023-06-17 22:03:09.080 : User is logged in with session 136656.248197651HAcQcffpHzzzzzzHtcVHfpfDtz	[MsgId: MMSG-17999]
    2023-06-17 22:03:14.861 : User is logged out of session	[MsgId: MMSG-17999]
  2023-06-17 22:05:10.041 : IterationNum=228	[MsgId: MMSG-17999]
   USER 228 = user79:pwd79	[MsgId: MMSG-17999]
    2023-06-17 22:05:10.134 : Start page is opened	[MsgId: MMSG-17999]
    2023-06-17 22:05:15.685 : User is logged in with session 136656.258404212HAcQcfzpcQVzzzzHtcVHfpfDHHf	[MsgId: MMSG-17999]
    2023-06-17 22:05:20.642 : User is logged out of session	[MsgId: MMSG-17999]
  2023-06-17 22:07:16.047 : IterationNum=229	[MsgId: MMSG-17999]
   USER 229 = user79:pwd79	[MsgId: MMSG-17999]
    2023-06-17 22:07:16.141 : Start page is opened	[MsgId: MMSG-17999]
    2023-06-17 22:07:20.931 : User is logged in with session 136656.268610774HAcQcfzpiVzzzzzHtcVHfpftAQ	[MsgId: MMSG-17999]
    2023-06-17 22:07:25.441 : User is logged out of session	[MsgId: MMSG-17999]
  2023-06-17 22:09:22.059 : IterationNum=230	[MsgId: MMSG-17999]
   USER 230 = user79:pwd79	[MsgId: MMSG-17999]
    2023-06-17 22:09:22.153 : Start page is opened	[MsgId: MMSG-17999]
    2023-06-17 22:09:27.791 : User is logged in with session 136656.278817335HAcQcfHpDtVzzzzHtcVHfpfttAf	[MsgId: MMSG-17999]
    2023-06-17 22:09:33.402 : User is logged out of session	[MsgId: MMSG-17999]
  2023-06-17 22:11:28.074 : IterationNum=231	[MsgId: MMSG-17999]
   USER 231 = user79:pwd79	[MsgId: MMSG-17999]
    2023-06-17 22:11:28.169 : Start page is opened	[MsgId: MMSG-17999]
    2023-06-17 22:11:33.739 : User is logged in with session 136656.289023896HAcQcfHpizzzzzzHtcVHfpftHc	[MsgId: MMSG-17999]
    2023-06-17 22:11:39.870 : User is logged out of session	[MsgId: MMSG-17999]
  2023-06-17 22:13:34.077 : IterationNum=232	[MsgId: MMSG-17999]
   USER 232 = user79:pwd79	[MsgId: MMSG-17999]
    2023-06-17 22:13:34.170 : Start page is opened	[MsgId: MMSG-17999]
    2023-06-17 22:13:39.812 : User is logged in with session 136656.299230458HAcQcfipDQVzzzzHtcVHfpffADf	[MsgId: MMSG-17999]
    2023-06-17 22:13:46.091 : User is logged out of session	[MsgId: MMSG-17999]
  2023-06-17 22:15:40.082 : IterationNum=233	[MsgId: MMSG-17999]
   USER 233 = user79:pwd79	[MsgId: MMSG-17999]
    2023-06-17 22:15:40.176 : Start page is opened	[MsgId: MMSG-17999]
    2023-06-17 22:15:44.579 : User is logged in with session 136656.309437019HAcQcfipQVzzzzzHtcVHfpffDf	[MsgId: MMSG-17999]
    2023-06-17 22:15:49.974 : User is logged out of session	[MsgId: MMSG-17999]
  2023-06-17 22:17:46.089 : IterationNum=234	[MsgId: MMSG-17999]
   USER 234 = user79:pwd79	[MsgId: MMSG-17999]
    2023-06-17 22:17:46.184 : Start page is opened	[MsgId: MMSG-17999]
    2023-06-17 22:17:51.984 : User is logged in with session 136656.31964358HAcQcfQpttVzzzzHtcVHfpffzzf	[MsgId: MMSG-17999]
    2023-06-17 22:17:58.129 : User is logged out of session	[MsgId: MMSG-17999]
  2023-06-17 22:19:52.092 : IterationNum=235	[MsgId: MMSG-17999]
   USER 235 = user79:pwd79	[MsgId: MMSG-17999]
    2023-06-17 22:19:52.185 : Start page is opened	[MsgId: MMSG-17999]
    2023-06-17 22:19:58.427 : User is logged in with session 136656.329850142HAcQcfQpQzzzzzzHtcVHfpffQi	[MsgId: MMSG-17999]
    2023-06-17 22:20:02.653 : User is logged out of session	[MsgId: MMSG-17999]
  2023-06-17 22:21:58.099 : IterationNum=236	[MsgId: MMSG-17999]
   USER 236 = user79:pwd79	[MsgId: MMSG-17999]
    2023-06-17 22:21:58.192 : Start page is opened	[MsgId: MMSG-17999]
    2023-06-17 22:22:03.421 : User is logged in with session 136656.340056703HAcQczAptQVzzzzHtcVHfpfzcQf	[MsgId: MMSG-17999]
    2023-06-17 22:22:07.602 : User is logged out of session	[MsgId: MMSG-17999]
