  2023-06-17 14:07:36.160 : IterationNum=1	[MsgId: MMSG-17999]
   USER 1 = user74:pwd74	[MsgId: MMSG-17999]
    2023-06-17 14:07:36.258 : Start page is opened	[MsgId: MMSG-17999]
    2023-06-17 14:07:41.818 : User is logged in with session 136653.937302552HAcQVDzpQtcVHtpicVt	[MsgId: MMSG-17999]
    2023-06-17 14:07:46.087 : User is logged out of session	[MsgId: MMSG-17999]
  2023-06-17 14:09:42.169 : IterationNum=2	[MsgId: MMSG-17999]
   USER 2 = user74:pwd74	[MsgId: MMSG-17999]
    2023-06-17 14:09:42.263 : Start page is opened	[MsgId: MMSG-17999]
    2023-06-17 14:09:46.371 : User is logged in with session 136653.947509113HAcQVDHptcftcVHtpictff	[MsgId: MMSG-17999]
    2023-06-17 14:09:50.409 : User is logged out of session	[MsgId: MMSG-17999]
  2023-06-17 14:11:48.172 : IterationNum=3	[MsgId: MMSG-17999]
   USER 3 = user74:pwd74	[MsgId: MMSG-17999]
    2023-06-17 14:11:48.266 : Start page is opened	[MsgId: MMSG-17999]
    2023-06-17 14:11:53.057 : User is logged in with session 136653.957715674HAcQVDHpQftcVHtpicHH	[MsgId: MMSG-17999]
    2023-06-17 14:11:58.170 : User is logged out of session	[MsgId: MMSG-17999]
  2023-06-17 14:13:54.173 : IterationNum=4	[MsgId: MMSG-17999]
   USER 4 = user74:pwd74	[MsgId: MMSG-17999]
    2023-06-17 14:13:54.267 : Start page is opened	[MsgId: MMSG-17999]
    2023-06-17 14:13:58.696 : User is logged in with session 136653.967922236HAcQVDiptHftcVHtpiDAif	[MsgId: MMSG-17999]
    2023-06-17 14:14:02.688 : User is logged out of session	[MsgId: MMSG-17999]
  2023-06-17 14:16:00.181 : IterationNum=5	[MsgId: MMSG-17999]
   USER 5 = user74:pwd74	[MsgId: MMSG-17999]
    2023-06-17 14:16:00.276 : Start page is opened	[MsgId: MMSG-17999]
    2023-06-17 14:16:05.586 : User is logged in with session 136653.978128797HAcQVDQtcVHtpiDt	[MsgId: MMSG-17999]
    2023-06-17 14:16:11.481 : User is logged out of session	[MsgId: MMSG-17999]
  2023-06-17 14:18:06.192 : IterationNum=6	[MsgId: MMSG-17999]
   USER 6 = user74:pwd74	[MsgId: MMSG-17999]
    2023-06-17 14:18:06.286 : Start page is opened	[MsgId: MMSG-17999]
    2023-06-17 14:18:10.435 : User is logged in with session 136653.988335358HAcQVDQpfcftcVHtpiDHVf	[MsgId: MMSG-17999]
    2023-06-17 14:18:15.578 : User is logged out of session	[MsgId: MMSG-17999]
  2023-06-17 14:20:12.202 : IterationNum=7	[MsgId: MMSG-17999]
   USER 7 = user74:pwd74	[MsgId: MMSG-17999]
    2023-06-17 14:20:12.295 : Start page is opened	[MsgId: MMSG-17999]
    2023-06-17 14:20:16.254 : User is logged in with session 136653.99854192HAcQVtApAftcVHtpitAD	[MsgId: MMSG-17999]
    2023-06-17 14:20:20.657 : User is logged out of session	[MsgId: MMSG-17999]
  2023-06-17 14:22:18.215 : IterationNum=8	[MsgId: MMSG-17999]
   USER 8 = user74:pwd74	[MsgId: MMSG-17999]
    2023-06-17 14:22:18.310 : Start page is opened	[MsgId: MMSG-17999]
    2023-06-17 14:22:22.484 : User is logged in with session 136654.008748481HAcQVtApfHftcVHtpitDtf	[MsgId: MMSG-17999]
    2023-06-17 14:22:27.841 : User is logged out of session	[MsgId: MMSG-17999]
  2023-06-17 14:24:24.224 : IterationNum=9	[MsgId: MMSG-17999]
   USER 9 = user74:pwd74	[MsgId: MMSG-17999]
    2023-06-17 14:24:24.318 : Start page is opened	[MsgId: MMSG-17999]
    2023-06-17 14:24:29.134 : User is logged in with session 136654.018955043HAcQVtVpVtcVHtpitzz	[MsgId: MMSG-17999]
    2023-06-17 14:24:35.313 : User is logged out of session	[MsgId: MMSG-17999]
  2023-06-17 14:26:30.230 : IterationNum=10	[MsgId: MMSG-17999]
   USER 10 = user74:pwd74	[MsgId: MMSG-17999]
    2023-06-17 14:26:30.325 : Start page is opened	[MsgId: MMSG-17999]
    2023-06-17 14:26:36.418 : User is logged in with session 136654.029161604HAcQVtVpzcftcVHtpitQHf	[MsgId: MMSG-17999]
    2023-06-17 14:26:41.892 : User is logged out of session	[MsgId: MMSG-17999]
  2023-06-17 14:28:36.244 : IterationNum=11	[MsgId: MMSG-17999]
   USER 11 = user74:pwd74	[MsgId: MMSG-17999]
    2023-06-17 14:28:36.339 : Start page is opened	[MsgId: MMSG-17999]
    2023-06-17 14:28:40.356 : User is logged in with session 136654.039368165HAcQVtcpVftcVHtpifcQ	[MsgId: MMSG-17999]
    2023-06-17 14:28:46.477 : User is logged out of session	[MsgId: MMSG-17999]
  2023-06-17 14:30:42.259 : IterationNum=12	[MsgId: MMSG-17999]
   USER 12 = user74:pwd74	[MsgId: MMSG-17999]
    2023-06-17 14:30:42.354 : Start page is opened	[MsgId: MMSG-17999]
    2023-06-17 14:30:46.887 : User is logged in with session 136654.049574727HAcQVtcpzHftcVHtpifzAf	[MsgId: MMSG-17999]
    2023-06-17 14:30:52.336 : User is logged out of session	[MsgId: MMSG-17999]
  2023-06-17 14:32:48.269 : IterationNum=13	[MsgId: MMSG-17999]
   USER 13 = user74:pwd74	[MsgId: MMSG-17999]
    2023-06-17 14:32:48.364 : Start page is opened	[MsgId: MMSG-17999]
    2023-06-17 14:32:53.888 : User is logged in with session 136654.059781288HAcQVtDpctcVHtpifQc	[MsgId: MMSG-17999]
    2023-06-17 14:32:59.418 : User is logged out of session	[MsgId: MMSG-17999]
  2023-06-17 14:34:54.274 : IterationNum=14	[MsgId: MMSG-17999]
   USER 14 = user74:pwd74	[MsgId: MMSG-17999]
    2023-06-17 14:34:54.368 : Start page is opened	[MsgId: MMSG-17999]
    2023-06-17 14:34:59.650 : User is logged in with session 136654.069987849HAcQVtDpHcftcVHtpizcDf	[MsgId: MMSG-17999]
    2023-06-17 14:35:05.669 : User is logged out of session	[MsgId: MMSG-17999]
  2023-06-17 14:37:00.283 : IterationNum=15	[MsgId: MMSG-17999]
   USER 15 = user74:pwd74	[MsgId: MMSG-17999]
    2023-06-17 14:37:00.377 : Start page is opened	[MsgId: MMSG-17999]
    2023-06-17 14:37:04.584 : User is logged in with session 136654.080194411HAcQVttpcftcVHtpizff	[MsgId: MMSG-17999]
    2023-06-17 14:37:10.362 : User is logged out of session	[MsgId: MMSG-17999]
  2023-06-17 14:39:06.288 : IterationNum=16	[MsgId: MMSG-17999]
   USER 16 = user74:pwd74	[MsgId: MMSG-17999]
    2023-06-17 14:39:06.381 : Start page is opened	[MsgId: MMSG-17999]
    2023-06-17 14:39:10.920 : User is logged in with session 136654.090400972HAcQVttpHHftcVHtpizizf	[MsgId: MMSG-17999]
    2023-06-17 14:39:16.938 : User is logged out of session	[MsgId: MMSG-17999]
  2023-06-17 14:41:12.290 : IterationNum=17	[MsgId: MMSG-17999]
   USER 17 = user74:pwd74	[MsgId: MMSG-17999]
    2023-06-17 14:41:12.382 : Start page is opened	[MsgId: MMSG-17999]
    2023-06-17 14:41:16.779 : User is logged in with session 136654.100607533HAcQVtfpDtcVHtpiHVi	[MsgId: MMSG-17999]
    2023-06-17 14:41:22.396 : User is logged out of session	[MsgId: MMSG-17999]
  2023-06-17 14:43:18.298 : IterationNum=18	[MsgId: MMSG-17999]
   USER 18 = user74:pwd74	[MsgId: MMSG-17999]
    2023-06-17 14:43:18.392 : Start page is opened	[MsgId: MMSG-17999]
    2023-06-17 14:43:23.827 : User is logged in with session 136654.110814095HAcQVtfpicftcVHtpiHtQf	[MsgId: MMSG-17999]
    2023-06-17 14:43:29.023 : User is logged out of session	[MsgId: MMSG-17999]
  2023-06-17 14:45:24.299 : IterationNum=19	[MsgId: MMSG-17999]
   USER 19 = user74:pwd74	[MsgId: MMSG-17999]
    2023-06-17 14:45:24.393 : Start page is opened	[MsgId: MMSG-17999]
    2023-06-17 14:45:28.962 : User is logged in with session 136654.121020656HAcQVtzpDftcVHtpiHiV	[MsgId: MMSG-17999]
    2023-06-17 14:45:33.626 : User is logged out of session	[MsgId: MMSG-17999]
  2023-06-17 14:47:30.310 : IterationNum=20	[MsgId: MMSG-17999]
   USER 20 = user74:pwd74	[MsgId: MMSG-17999]
    2023-06-17 14:47:30.403 : Start page is opened	[MsgId: MMSG-17999]
    2023-06-17 14:47:35.672 : User is logged in with session 136654.131227218HAcQVtzpiHftcVHtpiiVcf	[MsgId: MMSG-17999]
    2023-06-17 14:47:40.571 : User is logged out of session	[MsgId: MMSG-17999]
  2023-06-17 14:49:36.310 : IterationNum=21	[MsgId: MMSG-17999]
   USER 21 = user74:pwd74	[MsgId: MMSG-17999]
    2023-06-17 14:49:36.403 : Start page is opened	[MsgId: MMSG-17999]
    2023-06-17 14:49:41.731 : User is logged in with session 136654.141433779HAcQVtHpttcVHtpiitt	[MsgId: MMSG-17999]
    2023-06-17 14:49:46.982 : User is logged out of session	[MsgId: MMSG-17999]
  2023-06-17 14:51:42.326 : IterationNum=22	[MsgId: MMSG-17999]
   USER 22 = user74:pwd74	[MsgId: MMSG-17999]
    2023-06-17 14:51:42.421 : Start page is opened	[MsgId: MMSG-17999]
    2023-06-17 14:51:46.979 : User is logged in with session 136654.15164034HAcQVtHpQcftcVHtpiiHff	[MsgId: MMSG-17999]
    2023-06-17 14:51:51.636 : User is logged out of session	[MsgId: MMSG-17999]
  2023-06-17 14:53:48.339 : IterationNum=23	[MsgId: MMSG-17999]
   USER 23 = user74:pwd74	[MsgId: MMSG-17999]
    2023-06-17 14:53:48.434 : Start page is opened	[MsgId: MMSG-17999]
    2023-06-17 14:53:53.186 : User is logged in with session 136654.161846902HAcQVtiptftcVHtpiQAH	[MsgId: MMSG-17999]
    2023-06-17 14:53:57.817 : User is logged out of session	[MsgId: MMSG-17999]
  2023-06-17 14:55:54.342 : IterationNum=24	[MsgId: MMSG-17999]
   USER 24 = user74:pwd74	[MsgId: MMSG-17999]
    2023-06-17 14:55:54.435 : Start page is opened	[MsgId: MMSG-17999]
    2023-06-17 14:56:00.124 : User is logged in with session 136654.172053463HAcQVtipQHftcVHtpiQDif	[MsgId: MMSG-17999]
    2023-06-17 14:56:06.426 : User is logged out of session	[MsgId: MMSG-17999]
  2023-06-17 14:58:00.356 : IterationNum=25	[MsgId: MMSG-17999]
   USER 25 = user74:pwd74	[MsgId: MMSG-17999]
    2023-06-17 14:58:00.449 : Start page is opened	[MsgId: MMSG-17999]
    2023-06-17 14:58:05.160 : User is logged in with session 136654.182260024HAcQVtQpftcVHtpiQH	[MsgId: MMSG-17999]
    2023-06-17 14:58:09.117 : User is logged out of session	[MsgId: MMSG-17999]
  2023-06-17 15:00:06.365 : IterationNum=26	[MsgId: MMSG-17999]
   USER 26 = user74:pwd74	[MsgId: MMSG-17999]
    2023-06-17 15:00:06.460 : Start page is opened	[MsgId: MMSG-17999]
    2023-06-17 15:00:11.652 : User is logged in with session 136654.192466586HAcQVfApAcftcVHtpQAAVf	[MsgId: MMSG-17999]
    2023-06-17 15:00:17.203 : User is logged out of session	[MsgId: MMSG-17999]
  2023-06-17 15:02:12.372 : IterationNum=27	[MsgId: MMSG-17999]
   USER 27 = user74:pwd74	[MsgId: MMSG-17999]
    2023-06-17 15:02:12.465 : Start page is opened	[MsgId: MMSG-17999]
    2023-06-17 15:02:17.445 : User is logged in with session 136654.202673147HAcQVfApfftcVHtpQADD	[MsgId: MMSG-17999]
    2023-06-17 15:02:23.305 : User is logged out of session	[MsgId: MMSG-17999]
  2023-06-17 15:04:18.377 : IterationNum=28	[MsgId: MMSG-17999]
   USER 28 = user74:pwd74	[MsgId: MMSG-17999]
    2023-06-17 15:04:18.472 : Start page is opened	[MsgId: MMSG-17999]
    2023-06-17 15:04:24.552 : User is logged in with session 136654.212879708HAcQVfVpAHftcVHtpQAztf	[MsgId: MMSG-17999]
    2023-06-17 15:04:28.557 : User is logged out of session	[MsgId: MMSG-17999]
  2023-06-17 15:06:24.381 : IterationNum=29	[MsgId: MMSG-17999]
   USER 29 = user74:pwd74	[MsgId: MMSG-17999]
    2023-06-17 15:06:24.477 : Start page is opened	[MsgId: MMSG-17999]
    2023-06-17 15:06:29.296 : User is logged in with session 136654.22308627HAcQVfVpztcVHtpQAQz	[MsgId: MMSG-17999]
    2023-06-17 15:06:35.100 : User is logged out of session	[MsgId: MMSG-17999]
  2023-06-17 15:08:30.391 : IterationNum=30	[MsgId: MMSG-17999]
   USER 30 = user74:pwd74	[MsgId: MMSG-17999]
    2023-06-17 15:08:30.485 : Start page is opened	[MsgId: MMSG-17999]
    2023-06-17 15:08:34.967 : User is logged in with session 136654.233292831HAcQVfcpVcftcVHtpQVcHf	[MsgId: MMSG-17999]
    2023-06-17 15:08:38.842 : User is logged out of session	[MsgId: MMSG-17999]
  2023-06-17 15:10:36.391 : IterationNum=31	[MsgId: MMSG-17999]
   USER 31 = user74:pwd74	[MsgId: MMSG-17999]
    2023-06-17 15:10:36.487 : Start page is opened	[MsgId: MMSG-17999]
    2023-06-17 15:10:40.552 : User is logged in with session 136654.243499392HAcQVfcpzftcVHtpQVfQ	[MsgId: MMSG-17999]
    2023-06-17 15:10:46.341 : User is logged out of session	[MsgId: MMSG-17999]
  2023-06-17 15:12:42.402 : IterationNum=32	[MsgId: MMSG-17999]
   USER 32 = user74:pwd74	[MsgId: MMSG-17999]
    2023-06-17 15:12:42.496 : Start page is opened	[MsgId: MMSG-17999]
    2023-06-17 15:12:48.811 : User is logged in with session 136654.253705954HAcQVfDpVHftcVHtpQVQAf	[MsgId: MMSG-17999]
    2023-06-17 15:12:53.519 : User is logged out of session	[MsgId: MMSG-17999]
  2023-06-17 15:14:48.416 : IterationNum=33	[MsgId: MMSG-17999]
   USER 33 = user74:pwd74	[MsgId: MMSG-17999]
    2023-06-17 15:14:48.511 : Start page is opened	[MsgId: MMSG-17999]
    2023-06-17 15:14:53.998 : User is logged in with session 136654.263912515HAcQVfDpHtcVHtpQccc	[MsgId: MMSG-17999]
    2023-06-17 15:15:00.074 : User is logged out of session	[MsgId: MMSG-17999]
  2023-06-17 15:16:54.430 : IterationNum=34	[MsgId: MMSG-17999]
   USER 34 = user74:pwd74	[MsgId: MMSG-17999]
    2023-06-17 15:16:54.525 : Start page is opened	[MsgId: MMSG-17999]
    2023-06-17 15:16:59.151 : User is logged in with session 136654.274119077HAcQVftpccftcVHtpQcfDf	[MsgId: MMSG-17999]
    2023-06-17 15:17:05.305 : User is logged out of session	[MsgId: MMSG-17999]
  2023-06-17 15:19:00.441 : IterationNum=35	[MsgId: MMSG-17999]
   USER 35 = user74:pwd74	[MsgId: MMSG-17999]
    2023-06-17 15:19:00.537 : Start page is opened	[MsgId: MMSG-17999]
    2023-06-17 15:19:04.512 : User is logged in with session 136654.284325638HAcQVftpHftcVHtpQcif	[MsgId: MMSG-17999]
    2023-06-17 15:19:09.265 : User is logged out of session	[MsgId: MMSG-17999]
  2023-06-17 15:21:06.449 : IterationNum=36	[MsgId: MMSG-17999]
   USER 36 = user74:pwd74	[MsgId: MMSG-17999]
    2023-06-17 15:21:06.543 : Start page is opened	[MsgId: MMSG-17999]
    2023-06-17 15:21:10.820 : User is logged in with session 136654.294532199HAcQVffpcHftcVHtpQDVzf	[MsgId: MMSG-17999]
    2023-06-17 15:21:15.493 : User is logged out of session	[MsgId: MMSG-17999]
  2023-06-17 15:23:12.454 : IterationNum=37	[MsgId: MMSG-17999]
   USER 37 = user74:pwd74	[MsgId: MMSG-17999]
    2023-06-17 15:23:12.549 : Start page is opened	[MsgId: MMSG-17999]
    2023-06-17 15:23:16.874 : User is logged in with session 136654.304738761HAcQVffpitcVHtpQDti	[MsgId: MMSG-17999]
    2023-06-17 15:23:20.796 : User is logged out of session	[MsgId: MMSG-17999]
  2023-06-17 15:25:18.468 : IterationNum=38	[MsgId: MMSG-17999]
   USER 38 = user74:pwd74	[MsgId: MMSG-17999]
    2023-06-17 15:25:18.561 : Start page is opened	[MsgId: MMSG-17999]
    2023-06-17 15:25:23.616 : User is logged in with session 136654.314945322HAcQVfzpDcftcVHtpQDHQf	[MsgId: MMSG-17999]
    2023-06-17 15:25:27.514 : User is logged out of session	[MsgId: MMSG-17999]
  2023-06-17 15:27:24.482 : IterationNum=39	[MsgId: MMSG-17999]
   USER 39 = user74:pwd74	[MsgId: MMSG-17999]
    2023-06-17 15:27:24.576 : Start page is opened	[MsgId: MMSG-17999]
    2023-06-17 15:27:28.875 : User is logged in with session 136654.325151883HAcQVfzpiftcVHtpQtVV	[MsgId: MMSG-17999]
    2023-06-17 15:27:34.250 : User is logged out of session	[MsgId: MMSG-17999]
  2023-06-17 15:29:30.495 : IterationNum=40	[MsgId: MMSG-17999]
   USER 40 = user74:pwd74	[MsgId: MMSG-17999]
    2023-06-17 15:29:30.589 : Start page is opened	[MsgId: MMSG-17999]
    2023-06-17 15:29:35.452 : User is logged in with session 136654.335358445HAcQVfHpDHftcVHtpQttcf	[MsgId: MMSG-17999]
    2023-06-17 15:29:40.913 : User is logged out of session	[MsgId: MMSG-17999]
  2023-06-17 15:31:36.496 : IterationNum=41	[MsgId: MMSG-17999]
   USER 41 = user74:pwd74	[MsgId: MMSG-17999]
    2023-06-17 15:31:36.590 : Start page is opened	[MsgId: MMSG-17999]
    2023-06-17 15:31:41.250 : User is logged in with session 136654.345565006HAcQVfHpQtcVHtpQtHt	[MsgId: MMSG-17999]
    2023-06-17 15:31:46.983 : User is logged out of session	[MsgId: MMSG-17999]
  2023-06-17 15:33:42.511 : IterationNum=42	[MsgId: MMSG-17999]
   USER 42 = user74:pwd74	[MsgId: MMSG-17999]
    2023-06-17 15:33:42.606 : Start page is opened	[MsgId: MMSG-17999]
    2023-06-17 15:33:47.047 : User is logged in with session 136654.355771567HAcQVfiptcftcVHtpQfAff	[MsgId: MMSG-17999]
    2023-06-17 15:33:52.746 : User is logged out of session	[MsgId: MMSG-17999]
  2023-06-17 15:35:48.522 : IterationNum=43	[MsgId: MMSG-17999]
   USER 43 = user74:pwd74	[MsgId: MMSG-17999]
    2023-06-17 15:35:48.617 : Start page is opened	[MsgId: MMSG-17999]
    2023-06-17 15:35:54.307 : User is logged in with session 136654.365978129HAcQVfipQftcVHtpQfDH	[MsgId: MMSG-17999]
    2023-06-17 15:36:00.502 : User is logged out of session	[MsgId: MMSG-17999]
  2023-06-17 15:37:54.530 : IterationNum=44	[MsgId: MMSG-17999]
   USER 44 = user74:pwd74	[MsgId: MMSG-17999]
    2023-06-17 15:37:54.623 : Start page is opened	[MsgId: MMSG-17999]
    2023-06-17 15:37:59.220 : User is logged in with session 136654.37618469HAcQVfQptHftcVHtpQfzif	[MsgId: MMSG-17999]
    2023-06-17 15:38:05.481 : User is logged out of session	[MsgId: MMSG-17999]
  2023-06-17 15:40:00.536 : IterationNum=45	[MsgId: MMSG-17999]
   USER 45 = user74:pwd74	[MsgId: MMSG-17999]
    2023-06-17 15:40:00.631 : Start page is opened	[MsgId: MMSG-17999]
    2023-06-17 15:40:06.578 : User is logged in with session 136654.386391252HAcQVzAtcVHtpQz	[MsgId: MMSG-17999]
    2023-06-17 15:40:12.469 : User is logged out of session	[MsgId: MMSG-17999]
  2023-06-17 15:42:06.540 : IterationNum=46	[MsgId: MMSG-17999]
   USER 46 = user74:pwd74	[MsgId: MMSG-17999]
    2023-06-17 15:42:06.635 : Start page is opened	[MsgId: MMSG-17999]
    2023-06-17 15:42:12.814 : User is logged in with session 136654.396597813HAcQVzApfcftcVHtpQzDVf	[MsgId: MMSG-17999]
    2023-06-17 15:42:17.417 : User is logged out of session	[MsgId: MMSG-17999]
  2023-06-17 15:44:12.544 : IterationNum=47	[MsgId: MMSG-17999]
   USER 47 = user74:pwd74	[MsgId: MMSG-17999]
    2023-06-17 15:44:12.638 : Start page is opened	[MsgId: MMSG-17999]
    2023-06-17 15:44:18.054 : User is logged in with session 136654.406804374HAcQVzVpAftcVHtpQzzD	[MsgId: MMSG-17999]
    2023-06-17 15:44:23.092 : User is logged out of session	[MsgId: MMSG-17999]
  2023-06-17 15:46:18.545 : IterationNum=48	[MsgId: MMSG-17999]
   USER 48 = user74:pwd74	[MsgId: MMSG-17999]
    2023-06-17 15:46:18.639 : Start page is opened	[MsgId: MMSG-17999]
    2023-06-17 15:46:23.373 : User is logged in with session 136654.417010936HAcQVzVpfHftcVHtpQzQtf	[MsgId: MMSG-17999]
    2023-06-17 15:46:29.454 : User is logged out of session	[MsgId: MMSG-17999]
  2023-06-17 15:48:24.547 : IterationNum=49	[MsgId: MMSG-17999]
   USER 49 = user74:pwd74	[MsgId: MMSG-17999]
    2023-06-17 15:48:24.642 : Start page is opened	[MsgId: MMSG-17999]
    2023-06-17 15:48:30.537 : User is logged in with session 136654.427217497HAcQVzcpVtcVHtpQHcz	[MsgId: MMSG-17999]
    2023-06-17 15:48:36.854 : User is logged out of session	[MsgId: MMSG-17999]
  2023-06-17 15:50:30.558 : IterationNum=50	[MsgId: MMSG-17999]
   USER 50 = user74:pwd74	[MsgId: MMSG-17999]
    2023-06-17 15:50:30.653 : Start page is opened	[MsgId: MMSG-17999]
    2023-06-17 15:50:35.235 : User is logged in with session 136654.437424058HAcQVzcpzcftcVHtpQHfHf	[MsgId: MMSG-17999]
    2023-06-17 15:50:41.170 : User is logged out of session	[MsgId: MMSG-17999]
  2023-06-17 15:52:36.558 : IterationNum=51	[MsgId: MMSG-17999]
   USER 51 = user74:pwd74	[MsgId: MMSG-17999]
    2023-06-17 15:52:36.653 : Start page is opened	[MsgId: MMSG-17999]
    2023-06-17 15:52:41.733 : User is logged in with session 136654.44763062HAcQVzDpVftcVHtpQHiQ	[MsgId: MMSG-17999]
    2023-06-17 15:52:46.372 : User is logged out of session	[MsgId: MMSG-17999]
  2023-06-17 15:54:42.573 : IterationNum=52	[MsgId: MMSG-17999]
   USER 52 = user74:pwd74	[MsgId: MMSG-17999]
    2023-06-17 15:54:42.668 : Start page is opened	[MsgId: MMSG-17999]
    2023-06-17 15:54:48.607 : User is logged in with session 136654.457837181HAcQVzDpzHftcVHtpQicAf	[MsgId: MMSG-17999]
    2023-06-17 15:54:54.113 : User is logged out of session	[MsgId: MMSG-17999]
  2023-06-17 15:56:48.577 : IterationNum=53	[MsgId: MMSG-17999]
   USER 53 = user74:pwd74	[MsgId: MMSG-17999]
    2023-06-17 15:56:48.672 : Start page is opened	[MsgId: MMSG-17999]
    2023-06-17 15:56:54.874 : User is logged in with session 136654.468043742HAcQVztpctcVHtpQifc	[MsgId: MMSG-17999]
    2023-06-17 15:57:01.170 : User is logged out of session	[MsgId: MMSG-17999]
  2023-06-17 15:58:54.588 : IterationNum=54	[MsgId: MMSG-17999]
   USER 54 = user74:pwd74	[MsgId: MMSG-17999]
    2023-06-17 15:58:54.683 : Start page is opened	[MsgId: MMSG-17999]
    2023-06-17 15:59:00.939 : User is logged in with session 136654.478250304HAcQVztpHcftcVHtpQiiDf	[MsgId: MMSG-17999]
    2023-06-17 15:59:05.980 : User is logged out of session	[MsgId: MMSG-17999]
  2023-06-17 16:01:00.591 : IterationNum=55	[MsgId: MMSG-17999]
   USER 55 = user74:pwd74	[MsgId: MMSG-17999]
    2023-06-17 16:01:00.687 : Start page is opened	[MsgId: MMSG-17999]
    2023-06-17 16:01:06.379 : User is logged in with session 136654.488456865HAcQVzfpcftcVHtpQQVf	[MsgId: MMSG-17999]
    2023-06-17 16:01:11.126 : User is logged out of session	[MsgId: MMSG-17999]
  2023-06-17 16:03:06.595 : IterationNum=56	[MsgId: MMSG-17999]
   USER 56 = user74:pwd74	[MsgId: MMSG-17999]
    2023-06-17 16:03:06.686 : Start page is opened	[MsgId: MMSG-17999]
    2023-06-17 16:03:12.876 : User is logged in with session 136654.498663426HAcQVzfpHHftcVHtpQQtzf	[MsgId: MMSG-17999]
    2023-06-17 16:03:17.706 : User is logged out of session	[MsgId: MMSG-17999]
  2023-06-17 16:05:12.601 : IterationNum=57	[MsgId: MMSG-17999]
   USER 57 = user74:pwd74	[MsgId: MMSG-17999]
    2023-06-17 16:05:12.696 : Start page is opened	[MsgId: MMSG-17999]
    2023-06-17 16:05:17.385 : User is logged in with session 136654.508869988HAcQVzzpDtcVHtpQQHi	[MsgId: MMSG-17999]
    2023-06-17 16:05:23.267 : User is logged out of session	[MsgId: MMSG-17999]
  2023-06-17 16:07:18.614 : IterationNum=58	[MsgId: MMSG-17999]
   USER 58 = user74:pwd74	[MsgId: MMSG-17999]
    2023-06-17 16:07:18.709 : Start page is opened	[MsgId: MMSG-17999]
    2023-06-17 16:07:23.151 : User is logged in with session 136654.519076549HAcQVzzpicftcVHfpAAAQf	[MsgId: MMSG-17999]
    2023-06-17 16:07:29.513 : User is logged out of session	[MsgId: MMSG-17999]
  2023-06-17 16:09:24.628 : IterationNum=59	[MsgId: MMSG-17999]
   USER 59 = user74:pwd74	[MsgId: MMSG-17999]
    2023-06-17 16:09:24.723 : Start page is opened	[MsgId: MMSG-17999]
    2023-06-17 16:09:30.951 : User is logged in with session 136654.529283111HAcQVzHpDftcVHfpAAtV	[MsgId: MMSG-17999]
    2023-06-17 16:09:35.935 : User is logged out of session	[MsgId: MMSG-17999]
  2023-06-17 16:11:30.630 : IterationNum=60	[MsgId: MMSG-17999]
   USER 60 = user74:pwd74	[MsgId: MMSG-17999]
    2023-06-17 16:11:30.725 : Start page is opened	[MsgId: MMSG-17999]
    2023-06-17 16:11:36.686 : User is logged in with session 136654.539489672HAcQVzHpiHftcVHfpAAHcf	[MsgId: MMSG-17999]
    2023-06-17 16:11:42.353 : User is logged out of session	[MsgId: MMSG-17999]
  2023-06-17 16:13:36.637 : IterationNum=61	[MsgId: MMSG-17999]
   USER 61 = user74:pwd74	[MsgId: MMSG-17999]
    2023-06-17 16:13:36.731 : Start page is opened	[MsgId: MMSG-17999]
    2023-06-17 16:13:41.554 : User is logged in with session 136654.549696233HAcQVzipttcVHfpAVAt	[MsgId: MMSG-17999]
    2023-06-17 16:13:47.334 : User is logged out of session	[MsgId: MMSG-17999]
  2023-06-17 16:15:42.651 : IterationNum=62	[MsgId: MMSG-17999]
   USER 62 = user74:pwd74	[MsgId: MMSG-17999]
    2023-06-17 16:15:42.745 : Start page is opened	[MsgId: MMSG-17999]
    2023-06-17 16:15:47.923 : User is logged in with session 136654.559902795HAcQVzipQcftcVHfpAVDff	[MsgId: MMSG-17999]
    2023-06-17 16:15:53.740 : User is logged out of session	[MsgId: MMSG-17999]
  2023-06-17 16:17:48.665 : IterationNum=63	[MsgId: MMSG-17999]
   USER 63 = user74:pwd74	[MsgId: MMSG-17999]
    2023-06-17 16:17:48.760 : Start page is opened	[MsgId: MMSG-17999]
    2023-06-17 16:17:52.671 : User is logged in with session 136654.570109356HAcQVzQptftcVHfpAVzH	[MsgId: MMSG-17999]
    2023-06-17 16:17:57.324 : User is logged out of session	[MsgId: MMSG-17999]
  2023-06-17 16:19:54.669 : IterationNum=64	[MsgId: MMSG-17999]
   USER 64 = user74:pwd74	[MsgId: MMSG-17999]
    2023-06-17 16:19:54.762 : Start page is opened	[MsgId: MMSG-17999]
    2023-06-17 16:19:59.516 : User is logged in with session 136654.580315917HAcQVzQpQHftcVHfpAVQif	[MsgId: MMSG-17999]
    2023-06-17 16:20:04.713 : User is logged out of session	[MsgId: MMSG-17999]
  2023-06-17 16:22:00.669 : IterationNum=65	[MsgId: MMSG-17999]
   USER 65 = user74:pwd74	[MsgId: MMSG-17999]
    2023-06-17 16:22:00.764 : Start page is opened	[MsgId: MMSG-17999]
    2023-06-17 16:22:06.086 : User is logged in with session 136654.590522479HAcQVHApftcVHfpAcD	[MsgId: MMSG-17999]
    2023-06-17 16:22:10.153 : User is logged out of session	[MsgId: MMSG-17999]
  2023-06-17 16:24:06.673 : IterationNum=66	[MsgId: MMSG-17999]
   USER 66 = user74:pwd74	[MsgId: MMSG-17999]
    2023-06-17 16:24:06.768 : Start page is opened	[MsgId: MMSG-17999]
    2023-06-17 16:24:11.631 : User is logged in with session 136654.60072904HAcQVHVpAcftcVHfpAczVf	[MsgId: MMSG-17999]
    2023-06-17 16:24:15.827 : User is logged out of session	[MsgId: MMSG-17999]
  2023-06-17 16:26:12.677 : IterationNum=67	[MsgId: MMSG-17999]
   USER 67 = user74:pwd74	[MsgId: MMSG-17999]
    2023-06-17 16:26:12.772 : Start page is opened	[MsgId: MMSG-17999]
    2023-06-17 16:26:18.575 : User is logged in with session 136654.610935601HAcQVHVpfftcVHfpAcQD	[MsgId: MMSG-17999]
    2023-06-17 16:26:24.245 : User is logged out of session	[MsgId: MMSG-17999]
  2023-06-17 16:28:18.677 : IterationNum=68	[MsgId: MMSG-17999]
   USER 68 = user74:pwd74	[MsgId: MMSG-17999]
    2023-06-17 16:28:18.772 : Start page is opened	[MsgId: MMSG-17999]
    2023-06-17 16:28:23.046 : User is logged in with session 136654.621142163HAcQVHcpAHftcVHfpADctf	[MsgId: MMSG-17999]
    2023-06-17 16:28:29.313 : User is logged out of session	[MsgId: MMSG-17999]
  2023-06-17 16:30:24.689 : IterationNum=69	[MsgId: MMSG-17999]
   USER 69 = user74:pwd74	[MsgId: MMSG-17999]
    2023-06-17 16:30:24.783 : Start page is opened	[MsgId: MMSG-17999]
    2023-06-17 16:30:30.955 : User is logged in with session 136654.631348724HAcQVHcpztcVHfpADfz	[MsgId: MMSG-17999]
    2023-06-17 16:30:37.173 : User is logged out of session	[MsgId: MMSG-17999]
  2023-06-17 16:32:30.697 : IterationNum=70	[MsgId: MMSG-17999]
   USER 70 = user74:pwd74	[MsgId: MMSG-17999]
    2023-06-17 16:32:30.792 : Start page is opened	[MsgId: MMSG-17999]
    2023-06-17 16:32:36.527 : User is logged in with session 136654.641555286HAcQVHDpVcftcVHfpADiHf	[MsgId: MMSG-17999]
    2023-06-17 16:32:41.337 : User is logged out of session	[MsgId: MMSG-17999]
  2023-06-17 16:34:36.702 : IterationNum=71	[MsgId: MMSG-17999]
   USER 71 = user74:pwd74	[MsgId: MMSG-17999]
    2023-06-17 16:34:36.796 : Start page is opened	[MsgId: MMSG-17999]
    2023-06-17 16:34:41.654 : User is logged in with session 136654.651761847HAcQVHDpzftcVHfpAtVQ	[MsgId: MMSG-17999]
    2023-06-17 16:34:45.826 : User is logged out of session	[MsgId: MMSG-17999]
  2023-06-17 16:36:42.712 : IterationNum=72	[MsgId: MMSG-17999]
   USER 72 = user74:pwd74	[MsgId: MMSG-17999]
    2023-06-17 16:36:42.806 : Start page is opened	[MsgId: MMSG-17999]
    2023-06-17 16:36:48.465 : User is logged in with session 136654.661968408HAcQVHtpVHftcVHfpAtfAf	[MsgId: MMSG-17999]
    2023-06-17 16:36:53.402 : User is logged out of session	[MsgId: MMSG-17999]
  2023-06-17 16:38:48.724 : IterationNum=73	[MsgId: MMSG-17999]
   USER 73 = user74:pwd74	[MsgId: MMSG-17999]
    2023-06-17 16:38:48.818 : Start page is opened	[MsgId: MMSG-17999]
    2023-06-17 16:38:53.816 : User is logged in with session 136654.67217497HAcQVHtpHtcVHfpAtic	[MsgId: MMSG-17999]
    2023-06-17 16:38:59.950 : User is logged out of session	[MsgId: MMSG-17999]
  2023-06-17 16:40:54.733 : IterationNum=74	[MsgId: MMSG-17999]
   USER 74 = user74:pwd74	[MsgId: MMSG-17999]
    2023-06-17 16:40:54.827 : Start page is opened	[MsgId: MMSG-17999]
    2023-06-17 16:40:58.755 : User is logged in with session 136654.682381531HAcQVHfpccftcVHfpAfVDf	[MsgId: MMSG-17999]
    2023-06-17 16:41:03.498 : User is logged out of session	[MsgId: MMSG-17999]
  2023-06-17 16:43:00.744 : IterationNum=75	[MsgId: MMSG-17999]
   USER 75 = user74:pwd74	[MsgId: MMSG-17999]
    2023-06-17 16:43:00.838 : Start page is opened	[MsgId: MMSG-17999]
    2023-06-17 16:43:06.587 : User is logged in with session 136654.692588092HAcQVHfpHftcVHfpAftf	[MsgId: MMSG-17999]
    2023-06-17 16:43:11.310 : User is logged out of session	[MsgId: MMSG-17999]
  2023-06-17 16:45:06.745 : IterationNum=76	[MsgId: MMSG-17999]
   USER 76 = user74:pwd74	[MsgId: MMSG-17999]
    2023-06-17 16:45:06.838 : Start page is opened	[MsgId: MMSG-17999]
    2023-06-17 16:45:12.071 : User is logged in with session 136654.702794654HAcQVHzpcHftcVHfpAfHzf	[MsgId: MMSG-17999]
    2023-06-17 16:45:17.930 : User is logged out of session	[MsgId: MMSG-17999]
  2023-06-17 16:47:12.759 : IterationNum=77	[MsgId: MMSG-17999]
   USER 77 = user74:pwd74	[MsgId: MMSG-17999]
    2023-06-17 16:47:12.853 : Start page is opened	[MsgId: MMSG-17999]
    2023-06-17 16:47:17.409 : User is logged in with session 136654.713001215HAcQVHzpitcVHfpAzAi	[MsgId: MMSG-17999]
    2023-06-17 16:47:22.524 : User is logged out of session	[MsgId: MMSG-17999]
  2023-06-17 16:49:18.768 : IterationNum=78	[MsgId: MMSG-17999]
   USER 78 = user74:pwd74	[MsgId: MMSG-17999]
    2023-06-17 16:49:18.862 : Start page is opened	[MsgId: MMSG-17999]
    2023-06-17 16:49:24.449 : User is logged in with session 136654.723207776HAcQVHHpDcftcVHfpAzDQf	[MsgId: MMSG-17999]
    2023-06-17 16:49:29.111 : User is logged out of session	[MsgId: MMSG-17999]
  2023-06-17 16:51:24.778 : IterationNum=79	[MsgId: MMSG-17999]
   USER 79 = user74:pwd74	[MsgId: MMSG-17999]
    2023-06-17 16:51:24.872 : Start page is opened	[MsgId: MMSG-17999]
    2023-06-17 16:51:30.110 : User is logged in with session 136654.733414338HAcQVHHpiftcVHfpAzHV	[MsgId: MMSG-17999]
    2023-06-17 16:51:35.923 : User is logged out of session	[MsgId: MMSG-17999]
  2023-06-17 16:53:30.792 : IterationNum=80	[MsgId: MMSG-17999]
   USER 80 = user74:pwd74	[MsgId: MMSG-17999]
    2023-06-17 16:53:30.886 : Start page is opened	[MsgId: MMSG-17999]
    2023-06-17 16:53:36.006 : User is logged in with session 136654.743620899HAcQVHipDHftcVHfpAHAcf	[MsgId: MMSG-17999]
    2023-06-17 16:53:41.309 : User is logged out of session	[MsgId: MMSG-17999]
  2023-06-17 16:55:36.807 : IterationNum=81	[MsgId: MMSG-17999]
   USER 81 = user74:pwd74	[MsgId: MMSG-17999]
    2023-06-17 16:55:36.903 : Start page is opened	[MsgId: MMSG-17999]
    2023-06-17 16:55:41.921 : User is logged in with session 136654.753827461HAcQVHipQtcVHfpAHDt	[MsgId: MMSG-17999]
    2023-06-17 16:55:47.839 : User is logged out of session	[MsgId: MMSG-17999]
  2023-06-17 16:57:42.811 : IterationNum=82	[MsgId: MMSG-17999]
   USER 82 = user74:pwd74	[MsgId: MMSG-17999]
    2023-06-17 16:57:42.906 : Start page is opened	[MsgId: MMSG-17999]
    2023-06-17 16:57:47.622 : User is logged in with session 136654.764034022HAcQVHQptcftcVHfpAHzff	[MsgId: MMSG-17999]
    2023-06-17 16:57:52.062 : User is logged out of session	[MsgId: MMSG-17999]
  2023-06-17 16:59:48.813 : IterationNum=83	[MsgId: MMSG-17999]
   USER 83 = user74:pwd74	[MsgId: MMSG-17999]
    2023-06-17 16:59:48.908 : Start page is opened	[MsgId: MMSG-17999]
    2023-06-17 16:59:55.108 : User is logged in with session 136654.774240583HAcQVHQpQftcVHfpAHQH	[MsgId: MMSG-17999]
    2023-06-17 17:00:00.217 : User is logged out of session	[MsgId: MMSG-17999]
  2023-06-17 17:01:54.822 : IterationNum=84	[MsgId: MMSG-17999]
   USER 84 = user74:pwd74	[MsgId: MMSG-17999]
    2023-06-17 17:01:54.915 : Start page is opened	[MsgId: MMSG-17999]
    2023-06-17 17:01:59.116 : User is logged in with session 136654.784447145HAcQViAptHftcVHfpAicif	[MsgId: MMSG-17999]
    2023-06-17 17:02:03.582 : User is logged out of session	[MsgId: MMSG-17999]
  2023-06-17 17:04:00.835 : IterationNum=85	[MsgId: MMSG-17999]
   USER 85 = user74:pwd74	[MsgId: MMSG-17999]
    2023-06-17 17:04:00.930 : Start page is opened	[MsgId: MMSG-17999]
    2023-06-17 17:04:06.642 : User is logged in with session 136654.794653706HAcQViVtcVHfpAiz	[MsgId: MMSG-17999]
    2023-06-17 17:04:12.596 : User is logged out of session	[MsgId: MMSG-17999]
  2023-06-17 17:06:06.843 : IterationNum=86	[MsgId: MMSG-17999]
   USER 86 = user74:pwd74	[MsgId: MMSG-17999]
    2023-06-17 17:06:06.938 : Start page is opened	[MsgId: MMSG-17999]
    2023-06-17 17:06:12.764 : User is logged in with session 136654.804860267HAcQViVpfcftcVHfpAiQVf	[MsgId: MMSG-17999]
    2023-06-17 17:06:16.947 : User is logged out of session	[MsgId: MMSG-17999]
  2023-06-17 17:08:12.850 : IterationNum=87	[MsgId: MMSG-17999]
   USER 87 = user74:pwd74	[MsgId: MMSG-17999]
    2023-06-17 17:08:12.944 : Start page is opened	[MsgId: MMSG-17999]
    2023-06-17 17:08:18.433 : User is logged in with session 136654.815066829HAcQVicpAftcVHfpAQcD	[MsgId: MMSG-17999]
    2023-06-17 17:08:23.976 : User is logged out of session	[MsgId: MMSG-17999]
  2023-06-17 17:10:18.861 : IterationNum=88	[MsgId: MMSG-17999]
   USER 88 = user74:pwd74	[MsgId: MMSG-17999]
    2023-06-17 17:10:18.956 : Start page is opened	[MsgId: MMSG-17999]
    2023-06-17 17:10:23.095 : User is logged in with session 136654.82527339HAcQVicpfHftcVHfpAQftf	[MsgId: MMSG-17999]
    2023-06-17 17:10:27.340 : User is logged out of session	[MsgId: MMSG-17999]
  2023-06-17 17:12:24.871 : IterationNum=89	[MsgId: MMSG-17999]
   USER 89 = user74:pwd74	[MsgId: MMSG-17999]
    2023-06-17 17:12:24.966 : Start page is opened	[MsgId: MMSG-17999]
    2023-06-17 17:12:28.942 : User is logged in with session 136654.835479951HAcQViDpVtcVHfpAQiz	[MsgId: MMSG-17999]
    2023-06-17 17:12:34.829 : User is logged out of session	[MsgId: MMSG-17999]
  2023-06-17 17:14:30.886 : IterationNum=90	[MsgId: MMSG-17999]
   USER 90 = user74:pwd74	[MsgId: MMSG-17999]
    2023-06-17 17:14:30.981 : Start page is opened	[MsgId: MMSG-17999]
    2023-06-17 17:14:37.358 : User is logged in with session 136654.845686513HAcQViDpzcftcVHfpVAVHf	[MsgId: MMSG-17999]
    2023-06-17 17:14:41.915 : User is logged out of session	[MsgId: MMSG-17999]
  2023-06-17 17:16:36.891 : IterationNum=91	[MsgId: MMSG-17999]
   USER 91 = user74:pwd74	[MsgId: MMSG-17999]
    2023-06-17 17:16:36.986 : Start page is opened	[MsgId: MMSG-17999]
    2023-06-17 17:16:41.226 : User is logged in with session 136654.855893074HAcQVitpVftcVHfpVAtQ	[MsgId: MMSG-17999]
    2023-06-17 17:16:46.327 : User is logged out of session	[MsgId: MMSG-17999]
  2023-06-17 17:18:42.906 : IterationNum=92	[MsgId: MMSG-17999]
   USER 92 = user74:pwd74	[MsgId: MMSG-17999]
    2023-06-17 17:18:43.001 : Start page is opened	[MsgId: MMSG-17999]
    2023-06-17 17:18:48.830 : User is logged in with session 136654.866099635HAcQVitpzHftcVHfpVAiAf	[MsgId: MMSG-17999]
    2023-06-17 17:18:53.948 : User is logged out of session	[MsgId: MMSG-17999]
  2023-06-17 17:20:48.913 : IterationNum=93	[MsgId: MMSG-17999]
   USER 93 = user74:pwd74	[MsgId: MMSG-17999]
    2023-06-17 17:20:49.008 : Start page is opened	[MsgId: MMSG-17999]
    2023-06-17 17:20:53.278 : User is logged in with session 136654.876306197HAcQVifpctcVHfpVVVc	[MsgId: MMSG-17999]
    2023-06-17 17:20:57.718 : User is logged out of session	[MsgId: MMSG-17999]
  2023-06-17 17:22:54.914 : IterationNum=94	[MsgId: MMSG-17999]
   USER 94 = user74:pwd74	[MsgId: MMSG-17999]
    2023-06-17 17:22:55.009 : Start page is opened	[MsgId: MMSG-17999]
    2023-06-17 17:23:00.968 : User is logged in with session 136654.886512758HAcQVifpHcftcVHfpVVtDf	[MsgId: MMSG-17999]
    2023-06-17 17:23:05.964 : User is logged out of session	[MsgId: MMSG-17999]
  2023-06-17 17:25:00.916 : IterationNum=95	[MsgId: MMSG-17999]
   USER 95 = user74:pwd74	[MsgId: MMSG-17999]
    2023-06-17 17:25:01.011 : Start page is opened	[MsgId: MMSG-17999]
    2023-06-17 17:25:07.338 : User is logged in with session 136654.89671932HAcQVizpcftcVHfpVVHf	[MsgId: MMSG-17999]
    2023-06-17 17:25:13.346 : User is logged out of session	[MsgId: MMSG-17999]
  2023-06-17 17:27:06.919 : IterationNum=96	[MsgId: MMSG-17999]
   USER 96 = user74:pwd74	[MsgId: MMSG-17999]
    2023-06-17 17:27:07.012 : Start page is opened	[MsgId: MMSG-17999]
    2023-06-17 17:27:12.985 : User is logged in with session 136654.906925881HAcQVizpHHftcVHfpVcAzf	[MsgId: MMSG-17999]
    2023-06-17 17:27:17.935 : User is logged out of session	[MsgId: MMSG-17999]
  2023-06-17 17:29:12.930 : IterationNum=97	[MsgId: MMSG-17999]
   USER 97 = user74:pwd74	[MsgId: MMSG-17999]
    2023-06-17 17:29:13.023 : Start page is opened	[MsgId: MMSG-17999]
    2023-06-17 17:29:18.911 : User is logged in with session 136654.917132442HAcQViHpDtcVHfpVcDi	[MsgId: MMSG-17999]
    2023-06-17 17:29:23.635 : User is logged out of session	[MsgId: MMSG-17999]
  2023-06-17 17:31:18.930 : IterationNum=98	[MsgId: MMSG-17999]
   USER 98 = user74:pwd74	[MsgId: MMSG-17999]
    2023-06-17 17:31:19.023 : Start page is opened	[MsgId: MMSG-17999]
    2023-06-17 17:31:23.152 : User is logged in with session 136654.927339004HAcQViHpicftcVHfpVczQf	[MsgId: MMSG-17999]
    2023-06-17 17:31:27.567 : User is logged out of session	[MsgId: MMSG-17999]
  2023-06-17 17:33:24.937 : IterationNum=99	[MsgId: MMSG-17999]
   USER 99 = user74:pwd74	[MsgId: MMSG-17999]
    2023-06-17 17:33:25.030 : Start page is opened	[MsgId: MMSG-17999]
    2023-06-17 17:33:30.483 : User is logged in with session 136654.937545565HAcQViipDftcVHfpVDAV	[MsgId: MMSG-17999]
    2023-06-17 17:33:36.503 : User is logged out of session	[MsgId: MMSG-17999]
  2023-06-17 17:35:30.940 : IterationNum=100	[MsgId: MMSG-17999]
   USER 100 = user74:pwd74	[MsgId: MMSG-17999]
    2023-06-17 17:35:31.035 : Start page is opened	[MsgId: MMSG-17999]
    2023-06-17 17:35:36.938 : User is logged in with session 136654.947752126HAcQViipiHftcVHfpVDDcf	[MsgId: MMSG-17999]
    2023-06-17 17:35:41.919 : User is logged out of session	[MsgId: MMSG-17999]
  2023-06-17 17:37:36.953 : IterationNum=101	[MsgId: MMSG-17999]
   USER 101 = user74:pwd74	[MsgId: MMSG-17999]
    2023-06-17 17:37:37.049 : Start page is opened	[MsgId: MMSG-17999]
    2023-06-17 17:37:42.886 : User is logged in with session 136654.957958688HAcQViQpttcVHfpVDzt	[MsgId: MMSG-17999]
    2023-06-17 17:37:47.540 : User is logged out of session	[MsgId: MMSG-17999]
  2023-06-17 17:39:42.963 : IterationNum=102	[MsgId: MMSG-17999]
   USER 102 = user74:pwd74	[MsgId: MMSG-17999]
    2023-06-17 17:39:43.057 : Start page is opened	[MsgId: MMSG-17999]
    2023-06-17 17:39:47.513 : User is logged in with session 136654.968165249HAcQViQpQcftcVHfpVDQff	[MsgId: MMSG-17999]
    2023-06-17 17:39:51.555 : User is logged out of session	[MsgId: MMSG-17999]
  2023-06-17 17:41:48.977 : IterationNum=103	[MsgId: MMSG-17999]
   USER 103 = user74:pwd74	[MsgId: MMSG-17999]
    2023-06-17 17:41:49.071 : Start page is opened	[MsgId: MMSG-17999]
    2023-06-17 17:41:54.123 : User is logged in with session 136654.978452815HAcQVQAptftVzzzHtcVHfpVtcHcf	[MsgId: MMSG-17999]
    2023-06-17 17:41:58.834 : User is logged out of session	[MsgId: MMSG-17999]
  2023-06-17 17:43:54.992 : IterationNum=104	[MsgId: MMSG-17999]
   USER 104 = user74:pwd74	[MsgId: MMSG-17999]
    2023-06-17 17:43:55.086 : Start page is opened	[MsgId: MMSG-17999]
    2023-06-17 17:43:59.106 : User is logged in with session 136654.988659376HAcQVQApQHQVzzzHtcVHfpVtfiHf	[MsgId: MMSG-17999]
    2023-06-17 17:44:03.918 : User is logged out of session	[MsgId: MMSG-17999]
  2023-06-17 17:46:00.992 : IterationNum=105	[MsgId: MMSG-17999]
   USER 105 = user74:pwd74	[MsgId: MMSG-17999]
    2023-06-17 17:46:01.087 : Start page is opened	[MsgId: MMSG-17999]
    2023-06-17 17:46:05.075 : User is logged in with session 136654.998865938HAcQVQVpfAtVzzzHtcVHfpVtQAcf	[MsgId: MMSG-17999]
    2023-06-17 17:46:11.155 : User is logged out of session	[MsgId: MMSG-17999]
  2023-06-17 17:48:06.994 : IterationNum=106	[MsgId: MMSG-17999]
   USER 106 = user74:pwd74	[MsgId: MMSG-17999]
    2023-06-17 17:48:07.088 : Start page is opened	[MsgId: MMSG-17999]
    2023-06-17 17:48:13.207 : User is logged in with session 136655.009072499HAcQVQcpAcQVzzzHtcVHfpVfcVHf	[MsgId: MMSG-17999]
    2023-06-17 17:48:18.519 : User is logged out of session	[MsgId: MMSG-17999]
  2023-06-17 17:50:13.000 : IterationNum=107	[MsgId: MMSG-17999]
   USER 107 = user74:pwd74	[MsgId: MMSG-17999]
    2023-06-17 17:50:13.093 : Start page is opened	[MsgId: MMSG-17999]
    2023-06-17 17:50:17.444 : User is logged in with session 136655.01927906HAcQVQcpfftVzzzHtcVHfpVffDcf	[MsgId: MMSG-17999]
    2023-06-17 17:50:23.268 : User is logged out of session	[MsgId: MMSG-17999]
  2023-06-17 17:52:19.001 : IterationNum=108	[MsgId: MMSG-17999]
   USER 108 = user74:pwd74	[MsgId: MMSG-17999]
    2023-06-17 17:52:19.094 : Start page is opened	[MsgId: MMSG-17999]
    2023-06-17 17:52:25.011 : User is logged in with session 136655.029485622HAcQVQDpAHQVzzzHtcVHfpVfitHf	[MsgId: MMSG-17999]
    2023-06-17 17:52:29.536 : User is logged out of session	[MsgId: MMSG-17999]
  2023-06-17 17:54:25.012 : IterationNum=109	[MsgId: MMSG-17999]
   USER 109 = user74:pwd74	[MsgId: MMSG-17999]
    2023-06-17 17:54:25.106 : Start page is opened	[MsgId: MMSG-17999]
    2023-06-17 17:54:30.072 : User is logged in with session 136655.039692183HAcQVQDpzAtVzzzHtcVHfpVzVzcf	[MsgId: MMSG-17999]
    2023-06-17 17:54:34.274 : User is logged out of session	[MsgId: MMSG-17999]
  2023-06-17 17:56:31.014 : IterationNum=110	[MsgId: MMSG-17999]
   USER 110 = user74:pwd74	[MsgId: MMSG-17999]
    2023-06-17 17:56:31.108 : Start page is opened	[MsgId: MMSG-17999]
    2023-06-17 17:56:36.064 : User is logged in with session 136655.049898744HAcQVQtpVcQVzzzHtcVHfpVztHHf	[MsgId: MMSG-17999]
    2023-06-17 17:56:40.952 : User is logged out of session	[MsgId: MMSG-17999]
  2023-06-17 17:58:37.016 : IterationNum=111	[MsgId: MMSG-17999]
   USER 111 = user74:pwd74	[MsgId: MMSG-17999]
    2023-06-17 17:58:37.110 : Start page is opened	[MsgId: MMSG-17999]
    2023-06-17 17:58:41.280 : User is logged in with session 136655.060105306HAcQVQtpzftVzzzHtcVHfpVzHQcf	[MsgId: MMSG-17999]
    2023-06-17 17:58:45.999 : User is logged out of session	[MsgId: MMSG-17999]
  2023-06-17 18:00:43.029 : IterationNum=112	[MsgId: MMSG-17999]
   USER 112 = user74:pwd74	[MsgId: MMSG-17999]
    2023-06-17 18:00:43.123 : Start page is opened	[MsgId: MMSG-17999]
    2023-06-17 18:00:48.220 : User is logged in with session 136655.070311867HAcQVQfpVHQVzzzHtcVHfpVHVAHf	[MsgId: MMSG-17999]
    2023-06-17 18:00:53.625 : User is logged out of session	[MsgId: MMSG-17999]
  2023-06-17 18:02:49.044 : IterationNum=113	[MsgId: MMSG-17999]
   USER 113 = user74:pwd74	[MsgId: MMSG-17999]
    2023-06-17 18:02:49.137 : Start page is opened	[MsgId: MMSG-17999]
    2023-06-17 18:02:53.664 : User is logged in with session 136655.080518429HAcQVQfpHAtVzzzHtcVHfpVHtccf	[MsgId: MMSG-17999]
    2023-06-17 18:02:57.920 : User is logged out of session	[MsgId: MMSG-17999]
  2023-06-17 18:04:55.058 : IterationNum=114	[MsgId: MMSG-17999]
   USER 114 = user74:pwd74	[MsgId: MMSG-17999]
    2023-06-17 18:04:55.152 : Start page is opened	[MsgId: MMSG-17999]
    2023-06-17 18:05:00.266 : User is logged in with session 136655.09072499HAcQVQzpccQVzzzHtcVHfpVHHDHf	[MsgId: MMSG-17999]
    2023-06-17 18:05:04.985 : User is logged out of session	[MsgId: MMSG-17999]
  2023-06-17 18:07:01.069 : IterationNum=115	[MsgId: MMSG-17999]
   USER 115 = user74:pwd74	[MsgId: MMSG-17999]
    2023-06-17 18:07:01.163 : Start page is opened	[MsgId: MMSG-17999]
    2023-06-17 18:07:07.357 : User is logged in with session 136655.100931551HAcQVQzpHftVzzzHtcVHfpViAfcf	[MsgId: MMSG-17999]
    2023-06-17 18:07:12.049 : User is logged out of session	[MsgId: MMSG-17999]
  2023-06-17 18:09:07.075 : IterationNum=116	[MsgId: MMSG-17999]
   USER 116 = user74:pwd74	[MsgId: MMSG-17999]
    2023-06-17 18:09:07.169 : Start page is opened	[MsgId: MMSG-17999]
    2023-06-17 18:09:11.686 : User is logged in with session 136655.111138113HAcQVQHpcHQVzzzHtcVHfpViDzHf	[MsgId: MMSG-17999]
    2023-06-17 18:09:15.935 : User is logged out of session	[MsgId: MMSG-17999]
  2023-06-17 18:11:13.085 : IterationNum=117	[MsgId: MMSG-17999]
   USER 117 = user74:pwd74	[MsgId: MMSG-17999]
    2023-06-17 18:11:13.180 : Start page is opened	[MsgId: MMSG-17999]
    2023-06-17 18:11:17.873 : User is logged in with session 136655.121344674HAcQVQHpiAtVzzzHtcVHfpVizicf	[MsgId: MMSG-17999]
    2023-06-17 18:11:23.982 : User is logged out of session	[MsgId: MMSG-17999]
  2023-06-17 18:13:19.093 : IterationNum=118	[MsgId: MMSG-17999]
   USER 118 = user74:pwd74	[MsgId: MMSG-17999]
    2023-06-17 18:13:19.187 : Start page is opened	[MsgId: MMSG-17999]
    2023-06-17 18:13:25.372 : User is logged in with session 136655.131551235HAcQVQipDcQVzzzHtcVHfpViQQHf	[MsgId: MMSG-17999]
    2023-06-17 18:13:31.365 : User is logged out of session	[MsgId: MMSG-17999]
  2023-06-17 18:15:25.105 : IterationNum=119	[MsgId: MMSG-17999]
   USER 119 = user74:pwd74	[MsgId: MMSG-17999]
    2023-06-17 18:15:25.201 : Start page is opened	[MsgId: MMSG-17999]
    2023-06-17 18:15:29.724 : User is logged in with session 136655.141757797HAcQVQipiftVzzzHtcVHfpVQDVcf	[MsgId: MMSG-17999]
    2023-06-17 18:15:34.835 : User is logged out of session	[MsgId: MMSG-17999]
  2023-06-17 18:17:31.106 : IterationNum=120	[MsgId: MMSG-17999]
   USER 120 = user74:pwd74	[MsgId: MMSG-17999]
    2023-06-17 18:17:31.200 : Start page is opened	[MsgId: MMSG-17999]
    2023-06-17 18:17:35.889 : User is logged in with session 136655.151964358HAcQVQQpDHQVzzzHtcVHfpVQzcHf	[MsgId: MMSG-17999]
    2023-06-17 18:17:40.693 : User is logged out of session	[MsgId: MMSG-17999]
  2023-06-17 18:19:37.117 : IterationNum=121	[MsgId: MMSG-17999]
   USER 121 = user74:pwd74	[MsgId: MMSG-17999]
    2023-06-17 18:19:37.212 : Start page is opened	[MsgId: MMSG-17999]
    2023-06-17 18:19:42.921 : User is logged in with session 136655.162170919HAcQVQQpQAtVzzzHtcVHfpVQQtcf	[MsgId: MMSG-17999]
    2023-06-17 18:19:48.918 : User is logged out of session	[MsgId: MMSG-17999]
  2023-06-17 18:21:43.122 : IterationNum=122	[MsgId: MMSG-17999]
   USER 122 = user74:pwd74	[MsgId: MMSG-17999]
    2023-06-17 18:21:43.216 : Start page is opened	[MsgId: MMSG-17999]
    2023-06-17 18:21:47.273 : User is logged in with session 136655.172377481HAcQcAAptcQVzzzHtcVHfpcAcfHf	[MsgId: MMSG-17999]
    2023-06-17 18:21:53.377 : User is logged out of session	[MsgId: MMSG-17999]
  2023-06-17 18:23:49.137 : IterationNum=123	[MsgId: MMSG-17999]
   USER 123 = user74:pwd74	[MsgId: MMSG-17999]
    2023-06-17 18:23:49.231 : Start page is opened	[MsgId: MMSG-17999]
    2023-06-17 18:23:54.155 : User is logged in with session 136655.182584042HAcQcAApQftVzzzHtcVHfpcAfHcf	[MsgId: MMSG-17999]
    2023-06-17 18:24:00.459 : User is logged out of session	[MsgId: MMSG-17999]
  2023-06-17 18:25:55.151 : IterationNum=124	[MsgId: MMSG-17999]
   USER 124 = user74:pwd74	[MsgId: MMSG-17999]
    2023-06-17 18:25:55.245 : Start page is opened	[MsgId: MMSG-17999]
    2023-06-17 18:26:00.527 : User is logged in with session 136655.192790603HAcQcAVptHQVzzzHtcVHfpcAiiHf	[MsgId: MMSG-17999]
    2023-06-17 18:26:04.532 : User is logged out of session	[MsgId: MMSG-17999]
  2023-06-17 18:28:01.163 : IterationNum=125	[MsgId: MMSG-17999]
   USER 125 = user74:pwd74	[MsgId: MMSG-17999]
    2023-06-17 18:28:01.257 : Start page is opened	[MsgId: MMSG-17999]
    2023-06-17 18:28:06.396 : User is logged in with session 136655.202997165HAcQcAcpAAtVzzzHtcVHfpcVcAcf	[MsgId: MMSG-17999]
    2023-06-17 18:28:12.124 : User is logged out of session	[MsgId: MMSG-17999]
  2023-06-17 18:30:07.165 : IterationNum=126	[MsgId: MMSG-17999]
   USER 126 = user74:pwd74	[MsgId: MMSG-17999]
    2023-06-17 18:30:07.258 : Start page is opened	[MsgId: MMSG-17999]
    2023-06-17 18:30:11.719 : User is logged in with session 136655.213203726HAcQcAcpfcQVzzzHtcVHfpcVfVHf	[MsgId: MMSG-17999]
    2023-06-17 18:30:17.431 : User is logged out of session	[MsgId: MMSG-17999]
  2023-06-17 18:32:13.170 : IterationNum=127	[MsgId: MMSG-17999]
   USER 127 = user74:pwd74	[MsgId: MMSG-17999]
    2023-06-17 18:32:13.265 : Start page is opened	[MsgId: MMSG-17999]
    2023-06-17 18:32:19.314 : User is logged in with session 136655.223410288HAcQcADpAftVzzzHtcVHfpcViDcf	[MsgId: MMSG-17999]
    2023-06-17 18:32:23.952 : User is logged out of session	[MsgId: MMSG-17999]
  2023-06-17 18:34:19.179 : IterationNum=128	[MsgId: MMSG-17999]
   USER 128 = user74:pwd74	[MsgId: MMSG-17999]
    2023-06-17 18:34:19.274 : Start page is opened	[MsgId: MMSG-17999]
    2023-06-17 18:34:24.951 : User is logged in with session 136655.233616849HAcQcADpfHQVzzzHtcVHfpccVtHf	[MsgId: MMSG-17999]
    2023-06-17 18:34:29.440 : User is logged out of session	[MsgId: MMSG-17999]
  2023-06-17 18:36:25.191 : IterationNum=129	[MsgId: MMSG-17999]
   USER 129 = user74:pwd74	[MsgId: MMSG-17999]
    2023-06-17 18:36:25.286 : Start page is opened	[MsgId: MMSG-17999]
    2023-06-17 18:36:29.191 : User is logged in with session 136655.24382341HAcQcAtpVAtVzzzHtcVHfpcctzcf	[MsgId: MMSG-17999]
    2023-06-17 18:36:33.821 : User is logged out of session	[MsgId: MMSG-17999]
  2023-06-17 18:38:31.203 : IterationNum=130	[MsgId: MMSG-17999]
   USER 130 = user74:pwd74	[MsgId: MMSG-17999]
    2023-06-17 18:38:31.296 : Start page is opened	[MsgId: MMSG-17999]
    2023-06-17 18:38:36.666 : User is logged in with session 136655.254029972HAcQcAtpzcQVzzzHtcVHfpccHHHf	[MsgId: MMSG-17999]
    2023-06-17 18:38:41.889 : User is logged out of session	[MsgId: MMSG-17999]
  2023-06-17 18:40:37.205 : IterationNum=131	[MsgId: MMSG-17999]
   USER 131 = user74:pwd74	[MsgId: MMSG-17999]
    2023-06-17 18:40:37.301 : Start page is opened	[MsgId: MMSG-17999]
    2023-06-17 18:40:41.340 : User is logged in with session 136655.264236533HAcQcAfpVftVzzzHtcVHfpcDAQcf	[MsgId: MMSG-17999]
    2023-06-17 18:40:46.724 : User is logged out of session	[MsgId: MMSG-17999]
  2023-06-17 18:42:43.215 : IterationNum=132	[MsgId: MMSG-17999]
   USER 132 = user74:pwd74	[MsgId: MMSG-17999]
    2023-06-17 18:42:43.309 : Start page is opened	[MsgId: MMSG-17999]
    2023-06-17 18:42:47.554 : User is logged in with session 136655.274443094HAcQcAfpzHQVzzzHtcVHfpcDtAHf	[MsgId: MMSG-17999]
    2023-06-17 18:42:52.494 : User is logged out of session	[MsgId: MMSG-17999]
  2023-06-17 18:44:49.216 : IterationNum=133	[MsgId: MMSG-17999]
   USER 133 = user74:pwd74	[MsgId: MMSG-17999]
    2023-06-17 18:44:49.311 : Start page is opened	[MsgId: MMSG-17999]
    2023-06-17 18:44:55.307 : User is logged in with session 136655.284649656HAcQcAzpcAtVzzzHtcVHfpcDHccf	[MsgId: MMSG-17999]
    2023-06-17 18:44:59.841 : User is logged out of session	[MsgId: MMSG-17999]
  2023-06-17 18:46:55.217 : IterationNum=134	[MsgId: MMSG-17999]
   USER 134 = user74:pwd74	[MsgId: MMSG-17999]
    2023-06-17 18:46:55.309 : Start page is opened	[MsgId: MMSG-17999]
    2023-06-17 18:47:00.253 : User is logged in with session 136655.294856217HAcQcAzpHcQVzzzHtcVHfpctADHf	[MsgId: MMSG-17999]
    2023-06-17 18:47:05.418 : User is logged out of session	[MsgId: MMSG-17999]
  2023-06-17 18:49:01.223 : IterationNum=135	[MsgId: MMSG-17999]
   USER 135 = user74:pwd74	[MsgId: MMSG-17999]
    2023-06-17 18:49:01.317 : Start page is opened	[MsgId: MMSG-17999]
    2023-06-17 18:49:05.793 : User is logged in with session 136655.305062778HAcQcAHpcftVzzzHtcVHfpctDfcf	[MsgId: MMSG-17999]
    2023-06-17 18:49:11.043 : User is logged out of session	[MsgId: MMSG-17999]
  2023-06-17 18:51:07.226 : IterationNum=136	[MsgId: MMSG-17999]
   USER 136 = user74:pwd74	[MsgId: MMSG-17999]
    2023-06-17 18:51:07.321 : Start page is opened	[MsgId: MMSG-17999]
    2023-06-17 18:51:13.393 : User is logged in with session 136655.31526934HAcQcAHpHHQVzzzHtcVHfpctzzHf	[MsgId: MMSG-17999]
    2023-06-17 18:51:18.906 : User is logged out of session	[MsgId: MMSG-17999]
  2023-06-17 18:53:13.237 : IterationNum=137	[MsgId: MMSG-17999]
   USER 137 = user74:pwd74	[MsgId: MMSG-17999]
    2023-06-17 18:53:13.331 : Start page is opened	[MsgId: MMSG-17999]
    2023-06-17 18:53:17.251 : User is logged in with session 136655.325475901HAcQcAipDAtVzzzHtcVHfpctQicf	[MsgId: MMSG-17999]
    2023-06-17 18:53:22.624 : User is logged out of session	[MsgId: MMSG-17999]
  2023-06-17 18:55:19.252 : IterationNum=138	[MsgId: MMSG-17999]
   USER 138 = user74:pwd74	[MsgId: MMSG-17999]
    2023-06-17 18:55:19.347 : Start page is opened	[MsgId: MMSG-17999]
    2023-06-17 18:55:24.673 : User is logged in with session 136655.335682463HAcQcAipicQVzzzHtcVHfpcfcQHf	[MsgId: MMSG-17999]
    2023-06-17 18:55:29.451 : User is logged out of session	[MsgId: MMSG-17999]
  2023-06-17 18:57:25.266 : IterationNum=139	[MsgId: MMSG-17999]
   USER 139 = user74:pwd74	[MsgId: MMSG-17999]
    2023-06-17 18:57:25.359 : Start page is opened	[MsgId: MMSG-17999]
    2023-06-17 18:57:30.911 : User is logged in with session 136655.345889024HAcQcAQpDftVzzzHtcVHfpcfzVcf	[MsgId: MMSG-17999]
    2023-06-17 18:57:35.887 : User is logged out of session	[MsgId: MMSG-17999]
  2023-06-17 18:59:31.280 : IterationNum=140	[MsgId: MMSG-17999]
   USER 140 = user74:pwd74	[MsgId: MMSG-17999]
    2023-06-17 18:59:31.374 : Start page is opened	[MsgId: MMSG-17999]
    2023-06-17 18:59:36.110 : User is logged in with session 136655.356095585HAcQcAQpiHQVzzzHtcVHfpcfQcHf	[MsgId: MMSG-17999]
    2023-06-17 18:59:40.520 : User is logged out of session	[MsgId: MMSG-17999]
  2023-06-17 19:01:37.282 : IterationNum=141	[MsgId: MMSG-17999]
   USER 141 = user74:pwd74	[MsgId: MMSG-17999]
    2023-06-17 19:01:37.376 : Start page is opened	[MsgId: MMSG-17999]
    2023-06-17 19:01:43.504 : User is logged in with session 136655.366302147HAcQcVAptAtVzzzHtcVHfpczctcf	[MsgId: MMSG-17999]
    2023-06-17 19:01:49.468 : User is logged out of session	[MsgId: MMSG-17999]
  2023-06-17 19:03:43.293 : IterationNum=142	[MsgId: MMSG-17999]
   USER 142 = user74:pwd74	[MsgId: MMSG-17999]
    2023-06-17 19:03:43.387 : Start page is opened	[MsgId: MMSG-17999]
    2023-06-17 19:03:47.337 : User is logged in with session 136655.376508708HAcQcVApQcQVzzzHtcVHfpczffHf	[MsgId: MMSG-17999]
    2023-06-17 19:03:51.650 : User is logged out of session	[MsgId: MMSG-17999]
  2023-06-17 19:05:49.302 : IterationNum=143	[MsgId: MMSG-17999]
   USER 143 = user74:pwd74	[MsgId: MMSG-17999]
    2023-06-17 19:05:49.396 : Start page is opened	[MsgId: MMSG-17999]
    2023-06-17 19:05:54.620 : User is logged in with session 136655.386715269HAcQcVVptftVzzzHtcVHfpcziHcf	[MsgId: MMSG-17999]
    2023-06-17 19:06:00.438 : User is logged out of session	[MsgId: MMSG-17999]
  2023-06-17 19:07:55.316 : IterationNum=144	[MsgId: MMSG-17999]
   USER 144 = user74:pwd74	[MsgId: MMSG-17999]
    2023-06-17 19:07:55.411 : Start page is opened	[MsgId: MMSG-17999]
    2023-06-17 19:08:00.293 : User is logged in with session 136655.396921831HAcQcVVpQHQVzzzHtcVHfpcHViHf	[MsgId: MMSG-17999]
    2023-06-17 19:08:04.824 : User is logged out of session	[MsgId: MMSG-17999]
  2023-06-17 19:10:01.317 : IterationNum=145	[MsgId: MMSG-17999]
   USER 145 = user74:pwd74	[MsgId: MMSG-17999]
    2023-06-17 19:10:01.411 : Start page is opened	[MsgId: MMSG-17999]
    2023-06-17 19:10:06.924 : User is logged in with session 136655.407128392HAcQcVcpfAtVzzzHtcVHfpcHfAcf	[MsgId: MMSG-17999]
    2023-06-17 19:10:10.891 : User is logged out of session	[MsgId: MMSG-17999]
  2023-06-17 19:12:07.326 : IterationNum=146	[MsgId: MMSG-17999]
   USER 146 = user74:pwd74	[MsgId: MMSG-17999]
    2023-06-17 19:12:07.421 : Start page is opened	[MsgId: MMSG-17999]
    2023-06-17 19:12:12.641 : User is logged in with session 136655.417334953HAcQcVDpAcQVzzzHtcVHfpcHiVHf	[MsgId: MMSG-17999]
    2023-06-17 19:12:17.271 : User is logged out of session	[MsgId: MMSG-17999]
  2023-06-17 19:14:13.332 : IterationNum=147	[MsgId: MMSG-17999]
   USER 147 = user74:pwd74	[MsgId: MMSG-17999]
    2023-06-17 19:14:13.426 : Start page is opened	[MsgId: MMSG-17999]
    2023-06-17 19:14:19.761 : User is logged in with session 136655.427541515HAcQcVDpfftVzzzHtcVHfpciVDcf	[MsgId: MMSG-17999]
    2023-06-17 19:14:25.923 : User is logged out of session	[MsgId: MMSG-17999]
  2023-06-17 19:16:19.335 : IterationNum=148	[MsgId: MMSG-17999]
   USER 148 = user74:pwd74	[MsgId: MMSG-17999]
    2023-06-17 19:16:19.429 : Start page is opened	[MsgId: MMSG-17999]
    2023-06-17 19:16:25.036 : User is logged in with session 136655.437748076HAcQcVtpAHQVzzzHtcVHfpcittHf	[MsgId: MMSG-17999]
    2023-06-17 19:16:31.322 : User is logged out of session	[MsgId: MMSG-17999]
  2023-06-17 19:18:25.341 : IterationNum=149	[MsgId: MMSG-17999]
   USER 149 = user74:pwd74	[MsgId: MMSG-17999]
    2023-06-17 19:18:25.436 : Start page is opened	[MsgId: MMSG-17999]
    2023-06-17 19:18:30.870 : User is logged in with session 136655.447954637HAcQcVtpzAtVzzzHtcVHfpciHzcf	[MsgId: MMSG-17999]
    2023-06-17 19:18:35.541 : User is logged out of session	[MsgId: MMSG-17999]
  2023-06-17 19:20:31.344 : IterationNum=150	[MsgId: MMSG-17999]
   USER 150 = user74:pwd74	[MsgId: MMSG-17999]
    2023-06-17 19:20:31.437 : Start page is opened	[MsgId: MMSG-17999]
    2023-06-17 19:20:35.656 : User is logged in with session 136655.458161199HAcQcVfpVcQVzzzHtcVHfpcQAHHf	[MsgId: MMSG-17999]
    2023-06-17 19:20:41.122 : User is logged out of session	[MsgId: MMSG-17999]
  2023-06-17 19:22:37.359 : IterationNum=151	[MsgId: MMSG-17999]
   USER 151 = user74:pwd74	[MsgId: MMSG-17999]
    2023-06-17 19:22:37.454 : Start page is opened	[MsgId: MMSG-17999]
    2023-06-17 19:22:41.929 : User is logged in with session 136655.46836776HAcQcVfpzftVzzzHtcVHfpcQDQcf	[MsgId: MMSG-17999]
    2023-06-17 19:22:47.014 : User is logged out of session	[MsgId: MMSG-17999]
  2023-06-17 19:24:43.362 : IterationNum=152	[MsgId: MMSG-17999]
   USER 152 = user74:pwd74	[MsgId: MMSG-17999]
    2023-06-17 19:24:43.457 : Start page is opened	[MsgId: MMSG-17999]
    2023-06-17 19:24:48.695 : User is logged in with session 136655.478574322HAcQcVzpVHQVzzzHtcVHfpcQHAHf	[MsgId: MMSG-17999]
    2023-06-17 19:24:54.291 : User is logged out of session	[MsgId: MMSG-17999]
  2023-06-17 19:26:49.375 : IterationNum=153	[MsgId: MMSG-17999]
   USER 153 = user74:pwd74	[MsgId: MMSG-17999]
    2023-06-17 19:26:49.468 : Start page is opened	[MsgId: MMSG-17999]
    2023-06-17 19:26:54.549 : User is logged in with session 136655.488780883HAcQcVzpHAtVzzzHtcVHfpDAAccf	[MsgId: MMSG-17999]
    2023-06-17 19:26:59.069 : User is logged out of session	[MsgId: MMSG-17999]
  2023-06-17 19:28:55.388 : IterationNum=154	[MsgId: MMSG-17999]
   USER 154 = user74:pwd74	[MsgId: MMSG-17999]
    2023-06-17 19:28:55.482 : Start page is opened	[MsgId: MMSG-17999]
    2023-06-17 19:29:01.398 : User is logged in with session 136655.498987444HAcQcVHpccQVzzzHtcVHfpDADDHf	[MsgId: MMSG-17999]
    2023-06-17 19:29:06.810 : User is logged out of session	[MsgId: MMSG-17999]
  2023-06-17 19:31:01.398 : IterationNum=155	[MsgId: MMSG-17999]
   USER 155 = user74:pwd74	[MsgId: MMSG-17999]
    2023-06-17 19:31:01.493 : Start page is opened	[MsgId: MMSG-17999]
    2023-06-17 19:31:05.386 : User is logged in with session 136655.509194006HAcQcVHpHftVzzzHtcVHfpDAzfcf	[MsgId: MMSG-17999]
    2023-06-17 19:31:09.701 : User is logged out of session	[MsgId: MMSG-17999]
  2023-06-17 19:33:07.399 : IterationNum=156	[MsgId: MMSG-17999]
   USER 156 = user74:pwd74	[MsgId: MMSG-17999]
    2023-06-17 19:33:07.493 : Start page is opened	[MsgId: MMSG-17999]
    2023-06-17 19:33:12.967 : User is logged in with session 136655.519400567HAcQcVipcHQVzzzHtcVHfpDAQzHf	[MsgId: MMSG-17999]
    2023-06-17 19:33:18.085 : User is logged out of session	[MsgId: MMSG-17999]
  2023-06-17 19:35:13.405 : IterationNum=157	[MsgId: MMSG-17999]
   USER 157 = user74:pwd74	[MsgId: MMSG-17999]
    2023-06-17 19:35:13.499 : Start page is opened	[MsgId: MMSG-17999]
    2023-06-17 19:35:17.432 : User is logged in with session 136655.529607128HAcQcVipiAtVzzzHtcVHfpDVcicf	[MsgId: MMSG-17999]
    2023-06-17 19:35:23.187 : User is logged out of session	[MsgId: MMSG-17999]
  2023-06-17 19:37:19.407 : IterationNum=158	[MsgId: MMSG-17999]
   USER 158 = user74:pwd74	[MsgId: MMSG-17999]
    2023-06-17 19:37:19.502 : Start page is opened	[MsgId: MMSG-17999]
    2023-06-17 19:37:25.617 : User is logged in with session 136655.53981369HAcQcVQpDcQVzzzHtcVHfpDVfQHf	[MsgId: MMSG-17999]
    2023-06-17 19:37:30.616 : User is logged out of session	[MsgId: MMSG-17999]
  2023-06-17 19:39:25.421 : IterationNum=159	[MsgId: MMSG-17999]
   USER 159 = user74:pwd74	[MsgId: MMSG-17999]
    2023-06-17 19:39:25.516 : Start page is opened	[MsgId: MMSG-17999]
    2023-06-17 19:39:29.980 : User is logged in with session 136655.550020251HAcQcVQpiftVzzzHtcVHfpDVQVcf	[MsgId: MMSG-17999]
    2023-06-17 19:39:34.576 : User is logged out of session	[MsgId: MMSG-17999]
  2023-06-17 19:41:31.422 : IterationNum=160	[MsgId: MMSG-17999]
   USER 160 = user74:pwd74	[MsgId: MMSG-17999]
    2023-06-17 19:41:31.515 : Start page is opened	[MsgId: MMSG-17999]
    2023-06-17 19:41:36.931 : User is logged in with session 136655.560226812HAcQccApDHQVzzzHtcVHfpDcccHf	[MsgId: MMSG-17999]
    2023-06-17 19:41:42.182 : User is logged out of session	[MsgId: MMSG-17999]
  2023-06-17 19:43:37.435 : IterationNum=161	[MsgId: MMSG-17999]
   USER 161 = user74:pwd74	[MsgId: MMSG-17999]
    2023-06-17 19:43:37.530 : Start page is opened	[MsgId: MMSG-17999]
    2023-06-17 19:43:43.258 : User is logged in with session 136655.570433374HAcQccApQAtVzzzHtcVHfpDcftcf	[MsgId: MMSG-17999]
    2023-06-17 19:43:47.529 : User is logged out of session	[MsgId: MMSG-17999]
  2023-06-17 19:45:43.445 : IterationNum=162	[MsgId: MMSG-17999]
   USER 162 = user74:pwd74	[MsgId: MMSG-17999]
    2023-06-17 19:45:43.539 : Start page is opened	[MsgId: MMSG-17999]
    2023-06-17 19:45:49.529 : User is logged in with session 136655.580639935HAcQccVptcQVzzzHtcVHfpDcifHf	[MsgId: MMSG-17999]
    2023-06-17 19:45:55.120 : User is logged out of session	[MsgId: MMSG-17999]
  2023-06-17 19:47:49.455 : IterationNum=163	[MsgId: MMSG-17999]
   USER 163 = user74:pwd74	[MsgId: MMSG-17999]
    2023-06-17 19:47:49.548 : Start page is opened	[MsgId: MMSG-17999]
    2023-06-17 19:47:54.325 : User is logged in with session 136655.590846497HAcQccVpQftVzzzHtcVHfpDDVHcf	[MsgId: MMSG-17999]
    2023-06-17 19:47:59.307 : User is logged out of session	[MsgId: MMSG-17999]
  2023-06-17 19:49:55.460 : IterationNum=164	[MsgId: MMSG-17999]
   USER 164 = user74:pwd74	[MsgId: MMSG-17999]
    2023-06-17 19:49:55.554 : Start page is opened	[MsgId: MMSG-17999]
    2023-06-17 19:50:01.213 : User is logged in with session 136655.601053058HAcQcccptHQVzzzHtcVHfpDDtiHf	[MsgId: MMSG-17999]
    2023-06-17 19:50:06.379 : User is logged out of session	[MsgId: MMSG-17999]
  2023-06-17 19:52:01.473 : IterationNum=165	[MsgId: MMSG-17999]
   USER 165 = user74:pwd74	[MsgId: MMSG-17999]
    2023-06-17 19:52:01.566 : Start page is opened	[MsgId: MMSG-17999]
    2023-06-17 19:52:05.728 : User is logged in with session 136655.611259619HAcQccDpAAtVzzzHtcVHfpDDiAcf	[MsgId: MMSG-17999]
    2023-06-17 19:52:12.017 : User is logged out of session	[MsgId: MMSG-17999]
  2023-06-17 19:54:07.475 : IterationNum=166	[MsgId: MMSG-17999]
   USER 166 = user74:pwd74	[MsgId: MMSG-17999]
    2023-06-17 19:54:07.568 : Start page is opened	[MsgId: MMSG-17999]
    2023-06-17 19:54:13.562 : User is logged in with session 136655.621466181HAcQccDpfcQVzzzHtcVHfpDtVVHf	[MsgId: MMSG-17999]
    2023-06-17 19:54:18.812 : User is logged out of session	[MsgId: MMSG-17999]
  2023-06-17 19:56:13.481 : IterationNum=167	[MsgId: MMSG-17999]
   USER 167 = user74:pwd74	[MsgId: MMSG-17999]
    2023-06-17 19:56:13.575 : Start page is opened	[MsgId: MMSG-17999]
    2023-06-17 19:56:19.500 : User is logged in with session 136655.631672742HAcQcctpAftVzzzHtcVHfpDttDcf	[MsgId: MMSG-17999]
    2023-06-17 19:56:23.520 : User is logged out of session	[MsgId: MMSG-17999]
  2023-06-17 19:58:19.483 : IterationNum=168	[MsgId: MMSG-17999]
   USER 168 = user74:pwd74	[MsgId: MMSG-17999]
    2023-06-17 19:58:19.578 : Start page is opened	[MsgId: MMSG-17999]
    2023-06-17 19:58:23.978 : User is logged in with session 136655.641879303HAcQcctpfHQVzzzHtcVHfpDtHtHf	[MsgId: MMSG-17999]
    2023-06-17 19:58:29.840 : User is logged out of session	[MsgId: MMSG-17999]
  2023-06-17 20:00:25.498 : IterationNum=169	[MsgId: MMSG-17999]
   USER 169 = user74:pwd74	[MsgId: MMSG-17999]
    2023-06-17 20:00:25.592 : Start page is opened	[MsgId: MMSG-17999]
    2023-06-17 20:00:31.893 : User is logged in with session 136655.652085865HAcQccfpVAtVzzzHtcVHfpDfAzcf	[MsgId: MMSG-17999]
    2023-06-17 20:00:37.583 : User is logged out of session	[MsgId: MMSG-17999]
  2023-06-17 20:02:31.509 : IterationNum=170	[MsgId: MMSG-17999]
   USER 170 = user74:pwd74	[MsgId: MMSG-17999]
    2023-06-17 20:02:31.604 : Start page is opened	[MsgId: MMSG-17999]
    2023-06-17 20:02:36.202 : User is logged in with session 136655.662292426HAcQccfpzcQVzzzHtcVHfpDfDHHf	[MsgId: MMSG-17999]
    2023-06-17 20:02:42.385 : User is logged out of session	[MsgId: MMSG-17999]
  2023-06-17 20:04:37.517 : IterationNum=171	[MsgId: MMSG-17999]
   USER 171 = user74:pwd74	[MsgId: MMSG-17999]
    2023-06-17 20:04:37.611 : Start page is opened	[MsgId: MMSG-17999]
    2023-06-17 20:04:43.286 : User is logged in with session 136655.672498987HAcQcczpVftVzzzHtcVHfpDfzQcf	[MsgId: MMSG-17999]
    2023-06-17 20:04:49.054 : User is logged out of session	[MsgId: MMSG-17999]
  2023-06-17 20:06:43.531 : IterationNum=172	[MsgId: MMSG-17999]
   USER 172 = user74:pwd74	[MsgId: MMSG-17999]
    2023-06-17 20:06:43.625 : Start page is opened	[MsgId: MMSG-17999]
    2023-06-17 20:06:47.772 : User is logged in with session 136655.682705549HAcQcczpzHQVzzzHtcVHfpDzAAHf	[MsgId: MMSG-17999]
    2023-06-17 20:06:52.859 : User is logged out of session	[MsgId: MMSG-17999]
  2023-06-17 20:08:49.540 : IterationNum=173	[MsgId: MMSG-17999]
   USER 173 = user74:pwd74	[MsgId: MMSG-17999]
    2023-06-17 20:08:49.633 : Start page is opened	[MsgId: MMSG-17999]
    2023-06-17 20:08:55.676 : User is logged in with session 136655.69291211HAcQccHpcAtVzzzHtcVHfpDzDccf	[MsgId: MMSG-17999]
    2023-06-17 20:08:59.570 : User is logged out of session	[MsgId: MMSG-17999]
  2023-06-17 20:10:55.544 : IterationNum=174	[MsgId: MMSG-17999]
   USER 174 = user74:pwd74	[MsgId: MMSG-17999]
    2023-06-17 20:10:55.638 : Start page is opened	[MsgId: MMSG-17999]
    2023-06-17 20:11:01.982 : User is logged in with session 136655.703118672HAcQccHpHcQVzzzHtcVHfpDzzDHf	[MsgId: MMSG-17999]
    2023-06-17 20:11:06.159 : User is logged out of session	[MsgId: MMSG-17999]
  2023-06-17 20:13:01.548 : IterationNum=175	[MsgId: MMSG-17999]
   USER 175 = user74:pwd74	[MsgId: MMSG-17999]
    2023-06-17 20:13:01.642 : Start page is opened	[MsgId: MMSG-17999]
    2023-06-17 20:13:07.522 : User is logged in with session 136655.713325233HAcQccipcftVzzzHtcVHfpDzQfcf	[MsgId: MMSG-17999]
    2023-06-17 20:13:12.270 : User is logged out of session	[MsgId: MMSG-17999]
  2023-06-17 20:15:07.550 : IterationNum=176	[MsgId: MMSG-17999]
   USER 176 = user74:pwd74	[MsgId: MMSG-17999]
    2023-06-17 20:15:07.644 : Start page is opened	[MsgId: MMSG-17999]
    2023-06-17 20:15:13.622 : User is logged in with session 136655.723531794HAcQccipHHQVzzzHtcVHfpDHczHf	[MsgId: MMSG-17999]
    2023-06-17 20:15:19.921 : User is logged out of session	[MsgId: MMSG-17999]
  2023-06-17 20:17:13.555 : IterationNum=177	[MsgId: MMSG-17999]
   USER 177 = user74:pwd74	[MsgId: MMSG-17999]
    2023-06-17 20:17:13.651 : Start page is opened	[MsgId: MMSG-17999]
    2023-06-17 20:17:17.918 : User is logged in with session 136655.733738356HAcQccQpDAtVzzzHtcVHfpDHficf	[MsgId: MMSG-17999]
    2023-06-17 20:17:23.679 : User is logged out of session	[MsgId: MMSG-17999]
  2023-06-17 20:19:19.559 : IterationNum=178	[MsgId: MMSG-17999]
   USER 178 = user74:pwd74	[MsgId: MMSG-17999]
    2023-06-17 20:19:19.654 : Start page is opened	[MsgId: MMSG-17999]
    2023-06-17 20:19:25.725 : User is logged in with session 136655.743944917HAcQccQpicQVzzzHtcVHfpDHiQHf	[MsgId: MMSG-17999]
    2023-06-17 20:19:30.528 : User is logged out of session	[MsgId: MMSG-17999]
  2023-06-17 20:21:25.561 : IterationNum=179	[MsgId: MMSG-17999]
   USER 179 = user74:pwd74	[MsgId: MMSG-17999]
    2023-06-17 20:21:25.655 : Start page is opened	[MsgId: MMSG-17999]
    2023-06-17 20:21:31.179 : User is logged in with session 136655.754151478HAcQcDApDftVzzzHtcVHfpDicVcf	[MsgId: MMSG-17999]
    2023-06-17 20:21:35.900 : User is logged out of session	[MsgId: MMSG-17999]
  2023-06-17 20:23:31.563 : IterationNum=180	[MsgId: MMSG-17999]
   USER 180 = user74:pwd74	[MsgId: MMSG-17999]
    2023-06-17 20:23:31.656 : Start page is opened	[MsgId: MMSG-17999]
    2023-06-17 20:23:37.133 : User is logged in with session 136655.76435804HAcQcDApiHQVzzzHtcVHfpDifcHf	[MsgId: MMSG-17999]
    2023-06-17 20:23:41.813 : User is logged out of session	[MsgId: MMSG-17999]
  2023-06-17 20:25:37.573 : IterationNum=181	[MsgId: MMSG-17999]
   USER 181 = user74:pwd74	[MsgId: MMSG-17999]
    2023-06-17 20:25:37.668 : Start page is opened	[MsgId: MMSG-17999]
    2023-06-17 20:25:41.704 : User is logged in with session 136655.774564601HAcQcDVptAtVzzzHtcVHfpDiitcf	[MsgId: MMSG-17999]
    2023-06-17 20:25:46.189 : User is logged out of session	[MsgId: MMSG-17999]
  2023-06-17 20:27:43.577 : IterationNum=182	[MsgId: MMSG-17999]
   USER 182 = user74:pwd74	[MsgId: MMSG-17999]
    2023-06-17 20:27:43.673 : Start page is opened	[MsgId: MMSG-17999]
    2023-06-17 20:27:47.677 : User is logged in with session 136655.784771162HAcQcDVpQcQVzzzHtcVHfpDQVfHf	[MsgId: MMSG-17999]
    2023-06-17 20:27:53.576 : User is logged out of session	[MsgId: MMSG-17999]
  2023-06-17 20:29:49.581 : IterationNum=183	[MsgId: MMSG-17999]
   USER 183 = user74:pwd74	[MsgId: MMSG-17999]
    2023-06-17 20:29:49.676 : Start page is opened	[MsgId: MMSG-17999]
    2023-06-17 20:29:54.919 : User is logged in with session 136655.794977724HAcQcDcptftVzzzHtcVHfpDQtHcf	[MsgId: MMSG-17999]
    2023-06-17 20:30:01.247 : User is logged out of session	[MsgId: MMSG-17999]
  2023-06-17 20:31:55.585 : IterationNum=184	[MsgId: MMSG-17999]
   USER 184 = user74:pwd74	[MsgId: MMSG-17999]
    2023-06-17 20:31:55.679 : Start page is opened	[MsgId: MMSG-17999]
    2023-06-17 20:32:00.014 : User is logged in with session 136655.805184285HAcQcDcpQHQVzzzHtcVHfpDQHiHf	[MsgId: MMSG-17999]
    2023-06-17 20:32:04.690 : User is logged out of session	[MsgId: MMSG-17999]
  2023-06-17 20:34:01.586 : IterationNum=185	[MsgId: MMSG-17999]
   USER 185 = user74:pwd74	[MsgId: MMSG-17999]
    2023-06-17 20:34:01.680 : Start page is opened	[MsgId: MMSG-17999]
    2023-06-17 20:34:06.873 : User is logged in with session 136655.815390846HAcQcDDpfAtVzzzHtcVHfptAVAcf	[MsgId: MMSG-17999]
    2023-06-17 20:34:11.922 : User is logged out of session	[MsgId: MMSG-17999]
  2023-06-17 20:36:07.600 : IterationNum=186	[MsgId: MMSG-17999]
   USER 186 = user74:pwd74	[MsgId: MMSG-17999]
    2023-06-17 20:36:07.696 : Start page is opened	[MsgId: MMSG-17999]
    2023-06-17 20:36:12.622 : User is logged in with session 136655.825597408HAcQcDtpAcQVzzzHtcVHfptAtVHf	[MsgId: MMSG-17999]
    2023-06-17 20:36:17.116 : User is logged out of session	[MsgId: MMSG-17999]
  2023-06-17 20:38:13.613 : IterationNum=187	[MsgId: MMSG-17999]
   USER 187 = user74:pwd74	[MsgId: MMSG-17999]
    2023-06-17 20:38:13.708 : Start page is opened	[MsgId: MMSG-17999]
    2023-06-17 20:38:18.332 : User is logged in with session 136655.835803969HAcQcDtpfftVzzzHtcVHfptAHDcf	[MsgId: MMSG-17999]
    2023-06-17 20:38:22.876 : User is logged out of session	[MsgId: MMSG-17999]
  2023-06-17 20:40:19.617 : IterationNum=188	[MsgId: MMSG-17999]
   USER 188 = user74:pwd74	[MsgId: MMSG-17999]
    2023-06-17 20:40:19.709 : Start page is opened	[MsgId: MMSG-17999]
    2023-06-17 20:40:25.035 : User is logged in with session 136655.846010531HAcQcDfpAHQVzzzHtcVHfptVAtHf	[MsgId: MMSG-17999]
    2023-06-17 20:40:29.498 : User is logged out of session	[MsgId: MMSG-17999]
  2023-06-17 20:42:25.622 : IterationNum=189	[MsgId: MMSG-17999]
   USER 189 = user74:pwd74	[MsgId: MMSG-17999]
    2023-06-17 20:42:25.715 : Start page is opened	[MsgId: MMSG-17999]
    2023-06-17 20:42:31.233 : User is logged in with session 136655.856217092HAcQcDfpzAtVzzzHtcVHfptVDzcf	[MsgId: MMSG-17999]
    2023-06-17 20:42:35.905 : User is logged out of session	[MsgId: MMSG-17999]
  2023-06-17 20:44:31.628 : IterationNum=190	[MsgId: MMSG-17999]
   USER 190 = user74:pwd74	[MsgId: MMSG-17999]
    2023-06-17 20:44:31.722 : Start page is opened	[MsgId: MMSG-17999]
    2023-06-17 20:44:36.070 : User is logged in with session 136655.866423653HAcQcDzpVcQVzzzHtcVHfptVzHHf	[MsgId: MMSG-17999]
    2023-06-17 20:44:41.562 : User is logged out of session	[MsgId: MMSG-17999]
  2023-06-17 20:46:37.635 : IterationNum=191	[MsgId: MMSG-17999]
   USER 191 = user74:pwd74	[MsgId: MMSG-17999]
    2023-06-17 20:46:37.729 : Start page is opened	[MsgId: MMSG-17999]
    2023-06-17 20:46:42.498 : User is logged in with session 136655.876630215HAcQcDzpzftVzzzHtcVHfptVQQcf	[MsgId: MMSG-17999]
    2023-06-17 20:46:48.066 : User is logged out of session	[MsgId: MMSG-17999]
  2023-06-17 20:48:43.648 : IterationNum=192	[MsgId: MMSG-17999]
   USER 192 = user74:pwd74	[MsgId: MMSG-17999]
    2023-06-17 20:48:43.741 : Start page is opened	[MsgId: MMSG-17999]
    2023-06-17 20:48:49.239 : User is logged in with session 136655.886836776HAcQcDHpVHQVzzzHtcVHfptcDAHf	[MsgId: MMSG-17999]
    2023-06-17 20:48:55.420 : User is logged out of session	[MsgId: MMSG-17999]
  2023-06-17 20:50:49.654 : IterationNum=193	[MsgId: MMSG-17999]
   USER 193 = user74:pwd74	[MsgId: MMSG-17999]
    2023-06-17 20:50:49.748 : Start page is opened	[MsgId: MMSG-17999]
    2023-06-17 20:50:54.718 : User is logged in with session 136655.897043337HAcQcDHpHAtVzzzHtcVHfptczccf	[MsgId: MMSG-17999]
    2023-06-17 20:50:58.905 : User is logged out of session	[MsgId: MMSG-17999]
  2023-06-17 20:52:55.664 : IterationNum=194	[MsgId: MMSG-17999]
   USER 194 = user74:pwd74	[MsgId: MMSG-17999]
    2023-06-17 20:52:55.759 : Start page is opened	[MsgId: MMSG-17999]
    2023-06-17 20:53:01.280 : User is logged in with session 136655.907249899HAcQcDipccQVzzzHtcVHfptcQDHf	[MsgId: MMSG-17999]
    2023-06-17 20:53:06.885 : User is logged out of session	[MsgId: MMSG-17999]
  2023-06-17 20:55:01.673 : IterationNum=195	[MsgId: MMSG-17999]
   USER 195 = user74:pwd74	[MsgId: MMSG-17999]
    2023-06-17 20:55:01.769 : Start page is opened	[MsgId: MMSG-17999]
    2023-06-17 20:55:07.388 : User is logged in with session 136655.91745646HAcQcDipHftVzzzHtcVHfptDcfcf	[MsgId: MMSG-17999]
    2023-06-17 20:55:12.471 : User is logged out of session	[MsgId: MMSG-17999]
  2023-06-17 20:57:07.678 : IterationNum=196	[MsgId: MMSG-17999]
   USER 196 = user74:pwd74	[MsgId: MMSG-17999]
    2023-06-17 20:57:07.773 : Start page is opened	[MsgId: MMSG-17999]
    2023-06-17 20:57:12.856 : User is logged in with session 136655.927663021HAcQcDQpcHQVzzzHtcVHfptDfzHf	[MsgId: MMSG-17999]
    2023-06-17 20:57:18.634 : User is logged out of session	[MsgId: MMSG-17999]
  2023-06-17 20:59:13.682 : IterationNum=197	[MsgId: MMSG-17999]
   USER 197 = user74:pwd74	[MsgId: MMSG-17999]
    2023-06-17 20:59:13.776 : Start page is opened	[MsgId: MMSG-17999]
    2023-06-17 20:59:19.997 : User is logged in with session 136655.937869583HAcQcDQpiAtVzzzHtcVHfptDiicf	[MsgId: MMSG-17999]
    2023-06-17 20:59:24.668 : User is logged out of session	[MsgId: MMSG-17999]
  2023-06-17 21:01:19.686 : IterationNum=198	[MsgId: MMSG-17999]
   USER 198 = user74:pwd74	[MsgId: MMSG-17999]
    2023-06-17 21:01:19.782 : Start page is opened	[MsgId: MMSG-17999]
    2023-06-17 21:01:26.059 : User is logged in with session 136655.948076144HAcQctApDcQVzzzHtcVHfpttVQHf	[MsgId: MMSG-17999]
    2023-06-17 21:01:31.515 : User is logged out of session	[MsgId: MMSG-17999]
  2023-06-17 21:03:25.692 : IterationNum=199	[MsgId: MMSG-17999]
   USER 199 = user74:pwd74	[MsgId: MMSG-17999]
    2023-06-17 21:03:25.787 : Start page is opened	[MsgId: MMSG-17999]
    2023-06-17 21:03:31.718 : User is logged in with session 136655.958282706HAcQctApiftVzzzHtcVHfpttfVcf	[MsgId: MMSG-17999]
    2023-06-17 21:03:36.576 : User is logged out of session	[MsgId: MMSG-17999]
  2023-06-17 21:05:31.705 : IterationNum=200	[MsgId: MMSG-17999]
   USER 200 = user74:pwd74	[MsgId: MMSG-17999]
    2023-06-17 21:05:31.800 : Start page is opened	[MsgId: MMSG-17999]
    2023-06-17 21:05:37.553 : User is logged in with session 136655.968489267HAcQctVpDHQVzzzHtcVHfptticHf	[MsgId: MMSG-17999]
    2023-06-17 21:05:43.527 : User is logged out of session	[MsgId: MMSG-17999]
  2023-06-17 21:07:37.714 : IterationNum=201	[MsgId: MMSG-17999]
   USER 201 = user74:pwd74	[MsgId: MMSG-17999]
    2023-06-17 21:07:37.806 : Start page is opened	[MsgId: MMSG-17999]
    2023-06-17 21:07:44.135 : User is logged in with session 136655.978695828HAcQctVpQAtVzzzHtcVHfptfVtcf	[MsgId: MMSG-17999]
    2023-06-17 21:07:49.595 : User is logged out of session	[MsgId: MMSG-17999]
  2023-06-17 21:09:43.718 : IterationNum=202	[MsgId: MMSG-17999]
   USER 202 = user74:pwd74	[MsgId: MMSG-17999]
    2023-06-17 21:09:43.812 : Start page is opened	[MsgId: MMSG-17999]
    2023-06-17 21:09:49.607 : User is logged in with session 136655.98890239HAcQctcptcQVzzzHtcVHfptftfHf	[MsgId: MMSG-17999]
    2023-06-17 21:09:54.829 : User is logged out of session	[MsgId: MMSG-17999]
  2023-06-17 21:11:49.727 : IterationNum=203	[MsgId: MMSG-17999]
   USER 203 = user74:pwd74	[MsgId: MMSG-17999]
    2023-06-17 21:11:49.821 : Start page is opened	[MsgId: MMSG-17999]
    2023-06-17 21:11:54.824 : User is logged in with session 136655.999108951HAcQctcpQftVzzzHtcVHfptfHHcf	[MsgId: MMSG-17999]
    2023-06-17 21:11:59.237 : User is logged out of session	[MsgId: MMSG-17999]
  2023-06-17 21:13:55.732 : IterationNum=204	[MsgId: MMSG-17999]
   USER 204 = user74:pwd74	[MsgId: MMSG-17999]
    2023-06-17 21:13:55.826 : Start page is opened	[MsgId: MMSG-17999]
    2023-06-17 21:14:00.242 : User is logged in with session 136656.009315512HAcQctDptHQVzzzHtcVHfptzAiHf	[MsgId: MMSG-17999]
    2023-06-17 21:14:04.454 : User is logged out of session	[MsgId: MMSG-17999]
  2023-06-17 21:16:01.739 : IterationNum=205	[MsgId: MMSG-17999]
   USER 205 = user74:pwd74	[MsgId: MMSG-17999]
    2023-06-17 21:16:01.833 : Start page is opened	[MsgId: MMSG-17999]
    2023-06-17 21:16:06.831 : User is logged in with session 136656.019522074HAcQcttpAAtVzzzHtcVHfptztAcf	[MsgId: MMSG-17999]
    2023-06-17 21:16:12.456 : User is logged out of session	[MsgId: MMSG-17999]
  2023-06-17 21:18:07.753 : IterationNum=206	[MsgId: MMSG-17999]
   USER 206 = user74:pwd74	[MsgId: MMSG-17999]
    2023-06-17 21:18:07.847 : Start page is opened	[MsgId: MMSG-17999]
    2023-06-17 21:18:12.359 : User is logged in with session 136656.029728635HAcQcttpfcQVzzzHtcVHfptzHVHf	[MsgId: MMSG-17999]
    2023-06-17 21:18:16.861 : User is logged out of session	[MsgId: MMSG-17999]
  2023-06-17 21:20:13.755 : IterationNum=207	[MsgId: MMSG-17999]
   USER 207 = user74:pwd74	[MsgId: MMSG-17999]
    2023-06-17 21:20:13.849 : Start page is opened	[MsgId: MMSG-17999]
    2023-06-17 21:20:19.220 : User is logged in with session 136656.039935196HAcQctfpAftVzzzHtcVHfptHADcf	[MsgId: MMSG-17999]
    2023-06-17 21:20:24.600 : User is logged out of session	[MsgId: MMSG-17999]
  2023-06-17 21:22:19.770 : IterationNum=208	[MsgId: MMSG-17999]
   USER 208 = user74:pwd74	[MsgId: MMSG-17999]
    2023-06-17 21:22:19.864 : Start page is opened	[MsgId: MMSG-17999]
    2023-06-17 21:22:26.002 : User is logged in with session 136656.050141758HAcQctfpfHQVzzzHtcVHfptHDtHf	[MsgId: MMSG-17999]
    2023-06-17 21:22:31.243 : User is logged out of session	[MsgId: MMSG-17999]
  2023-06-17 21:24:25.780 : IterationNum=209	[MsgId: MMSG-17999]
   USER 209 = user74:pwd74	[MsgId: MMSG-17999]
    2023-06-17 21:24:25.876 : Start page is opened	[MsgId: MMSG-17999]
    2023-06-17 21:24:29.907 : User is logged in with session 136656.060348319HAcQctzpVAtVzzzHtcVHfptHzzcf	[MsgId: MMSG-17999]
    2023-06-17 21:24:35.377 : User is logged out of session	[MsgId: MMSG-17999]
  2023-06-17 21:26:31.793 : IterationNum=210	[MsgId: MMSG-17999]
   USER 210 = user74:pwd74	[MsgId: MMSG-17999]
    2023-06-17 21:26:31.889 : Start page is opened	[MsgId: MMSG-17999]
    2023-06-17 21:26:36.843 : User is logged in with session 136656.070554881HAcQctzpzcQVzzzHtcVHfptHQHHf	[MsgId: MMSG-17999]
    2023-06-17 21:26:42.450 : User is logged out of session	[MsgId: MMSG-17999]
  2023-06-17 21:28:37.801 : IterationNum=211	[MsgId: MMSG-17999]
   USER 211 = user74:pwd74	[MsgId: MMSG-17999]
    2023-06-17 21:28:37.897 : Start page is opened	[MsgId: MMSG-17999]
    2023-06-17 21:28:42.673 : User is logged in with session 136656.080761442HAcQctHpVftVzzzHtcVHfpticQcf	[MsgId: MMSG-17999]
    2023-06-17 21:28:48.920 : User is logged out of session	[MsgId: MMSG-17999]
  2023-06-17 21:30:43.809 : IterationNum=212	[MsgId: MMSG-17999]
   USER 212 = user74:pwd74	[MsgId: MMSG-17999]
    2023-06-17 21:30:43.902 : Start page is opened	[MsgId: MMSG-17999]
    2023-06-17 21:30:49.404 : User is logged in with session 136656.090968003HAcQctHpzHQVzzzHtcVHfptizAHf	[MsgId: MMSG-17999]
    2023-06-17 21:30:54.693 : User is logged out of session	[MsgId: MMSG-17999]
  2023-06-17 21:32:49.817 : IterationNum=213	[MsgId: MMSG-17999]
   USER 213 = user74:pwd74	[MsgId: MMSG-17999]
    2023-06-17 21:32:49.912 : Start page is opened	[MsgId: MMSG-17999]
    2023-06-17 21:32:53.921 : User is logged in with session 136656.101174565HAcQctipcAtVzzzHtcVHfptiQccf	[MsgId: MMSG-17999]
    2023-06-17 21:33:00.115 : User is logged out of session	[MsgId: MMSG-17999]
  2023-06-17 21:34:55.826 : IterationNum=214	[MsgId: MMSG-17999]
   USER 214 = user74:pwd74	[MsgId: MMSG-17999]
    2023-06-17 21:34:55.921 : Start page is opened	[MsgId: MMSG-17999]
    2023-06-17 21:35:01.656 : User is logged in with session 136656.111381126HAcQctipHcQVzzzHtcVHfptQcDHf	[MsgId: MMSG-17999]
    2023-06-17 21:35:07.845 : User is logged out of session	[MsgId: MMSG-17999]
  2023-06-17 21:37:01.841 : IterationNum=215	[MsgId: MMSG-17999]
   USER 215 = user74:pwd74	[MsgId: MMSG-17999]
    2023-06-17 21:37:01.935 : Start page is opened	[MsgId: MMSG-17999]
    2023-06-17 21:37:08.250 : User is logged in with session 136656.121587687HAcQctQpcftVzzzHtcVHfptQffcf	[MsgId: MMSG-17999]
    2023-06-17 21:37:12.729 : User is logged out of session	[MsgId: MMSG-17999]
  2023-06-17 21:39:07.848 : IterationNum=216	[MsgId: MMSG-17999]
   USER 216 = user74:pwd74	[MsgId: MMSG-17999]
    2023-06-17 21:39:07.943 : Start page is opened	[MsgId: MMSG-17999]
    2023-06-17 21:39:12.470 : User is logged in with session 136656.131794249HAcQctQpHHQVzzzHtcVHfptQizHf	[MsgId: MMSG-17999]
    2023-06-17 21:39:16.870 : User is logged out of session	[MsgId: MMSG-17999]
  2023-06-17 21:41:13.863 : IterationNum=217	[MsgId: MMSG-17999]
   USER 217 = user74:pwd74	[MsgId: MMSG-17999]
    2023-06-17 21:41:13.957 : Start page is opened	[MsgId: MMSG-17999]
    2023-06-17 21:41:19.475 : User is logged in with session 136656.14200081HAcQcfApDAtVzzzHtcVHfpfAVicf	[MsgId: MMSG-17999]
    2023-06-17 21:41:24.109 : User is logged out of session	[MsgId: MMSG-17999]
  2023-06-17 21:43:19.871 : IterationNum=218	[MsgId: MMSG-17999]
   USER 218 = user74:pwd74	[MsgId: MMSG-17999]
    2023-06-17 21:43:19.966 : Start page is opened	[MsgId: MMSG-17999]
    2023-06-17 21:43:26.160 : User is logged in with session 136656.152207371HAcQcfApicQVzzzHtcVHfpfAtQHf	[MsgId: MMSG-17999]
    2023-06-17 21:43:31.038 : User is logged out of session	[MsgId: MMSG-17999]
  2023-06-17 21:45:25.886 : IterationNum=219	[MsgId: MMSG-17999]
   USER 219 = user74:pwd74	[MsgId: MMSG-17999]
    2023-06-17 21:45:25.981 : Start page is opened	[MsgId: MMSG-17999]
    2023-06-17 21:45:31.250 : User is logged in with session 136656.162413933HAcQcfVpDftVzzzHtcVHfpfAiVcf	[MsgId: MMSG-17999]
    2023-06-17 21:45:37.126 : User is logged out of session	[MsgId: MMSG-17999]
  2023-06-17 21:47:31.898 : IterationNum=220	[MsgId: MMSG-17999]
   USER 220 = user74:pwd74	[MsgId: MMSG-17999]
    2023-06-17 21:47:31.994 : Start page is opened	[MsgId: MMSG-17999]
    2023-06-17 21:47:37.497 : User is logged in with session 136656.172620494HAcQcfVpiHQVzzzHtcVHfpfVVcHf	[MsgId: MMSG-17999]
    2023-06-17 21:47:42.244 : User is logged out of session	[MsgId: MMSG-17999]
  2023-06-17 21:49:37.912 : IterationNum=221	[MsgId: MMSG-17999]
   USER 221 = user74:pwd74	[MsgId: MMSG-17999]
    2023-06-17 21:49:38.005 : Start page is opened	[MsgId: MMSG-17999]
    2023-06-17 21:49:42.352 : User is logged in with session 136656.182827055HAcQcfcptAtVzzzHtcVHfpfVttcf	[MsgId: MMSG-17999]
    2023-06-17 21:49:48.223 : User is logged out of session	[MsgId: MMSG-17999]
  2023-06-17 21:51:43.926 : IterationNum=222	[MsgId: MMSG-17999]
   USER 222 = user74:pwd74	[MsgId: MMSG-17999]
    2023-06-17 21:51:44.022 : Start page is opened	[MsgId: MMSG-17999]
    2023-06-17 21:51:49.034 : User is logged in with session 136656.193033617HAcQcfcpQcQVzzzHtcVHfpfVHfHf	[MsgId: MMSG-17999]
    2023-06-17 21:51:54.937 : User is logged out of session	[MsgId: MMSG-17999]
  2023-06-17 21:53:49.936 : IterationNum=223	[MsgId: MMSG-17999]
   USER 223 = user74:pwd74	[MsgId: MMSG-17999]
    2023-06-17 21:53:50.031 : Start page is opened	[MsgId: MMSG-17999]
    2023-06-17 21:53:55.258 : User is logged in with session 136656.203240178HAcQcfDptftVzzzHtcVHfpfcAHcf	[MsgId: MMSG-17999]
    2023-06-17 21:53:59.528 : User is logged out of session	[MsgId: MMSG-17999]
  2023-06-17 21:55:55.945 : IterationNum=224	[MsgId: MMSG-17999]
   USER 224 = user74:pwd74	[MsgId: MMSG-17999]
    2023-06-17 21:55:56.039 : Start page is opened	[MsgId: MMSG-17999]
    2023-06-17 21:56:00.376 : User is logged in with session 136656.21344674HAcQcfDpQHQVzzzHtcVHfpfcDiHf	[MsgId: MMSG-17999]
    2023-06-17 21:56:06.286 : User is logged out of session	[MsgId: MMSG-17999]
  2023-06-17 21:58:01.951 : IterationNum=225	[MsgId: MMSG-17999]
   USER 225 = user74:pwd74	[MsgId: MMSG-17999]
    2023-06-17 21:58:02.045 : Start page is opened	[MsgId: MMSG-17999]
    2023-06-17 21:58:08.226 : User is logged in with session 136656.223653301HAcQcftpfAtVzzzHtcVHfpfcHAcf	[MsgId: MMSG-17999]
    2023-06-17 21:58:13.936 : User is logged out of session	[MsgId: MMSG-17999]
  2023-06-17 22:00:07.963 : IterationNum=226	[MsgId: MMSG-17999]
   USER 226 = user74:pwd74	[MsgId: MMSG-17999]
    2023-06-17 22:00:08.057 : Start page is opened	[MsgId: MMSG-17999]
    2023-06-17 22:00:13.860 : User is logged in with session 136656.233859862HAcQcffpAcQVzzzHtcVHfpfDAVHf	[MsgId: MMSG-17999]
    2023-06-17 22:00:19.280 : User is logged out of session	[MsgId: MMSG-17999]
  2023-06-17 22:02:13.972 : IterationNum=227	[MsgId: MMSG-17999]
   USER 227 = user74:pwd74	[MsgId: MMSG-17999]
    2023-06-17 22:02:14.065 : Start page is opened	[MsgId: MMSG-17999]
    2023-06-17 22:02:18.950 : User is logged in with session 136656.244147428HAcQcffpffiDDDDDtcVHfpfDDDf	[MsgId: MMSG-17999]
    2023-06-17 22:02:23.436 : User is logged out of session	[MsgId: MMSG-17999]
  2023-06-17 22:04:19.986 : IterationNum=228	[MsgId: MMSG-17999]
   USER 228 = user74:pwd74	[MsgId: MMSG-17999]
    2023-06-17 22:04:20.080 : Start page is opened	[MsgId: MMSG-17999]
    2023-06-17 22:04:25.427 : User is logged in with session 136656.254353989HAcQcfzpAiDDDDDDtcVHfpfDzf	[MsgId: MMSG-17999]
    2023-06-17 22:04:31.344 : User is logged out of session	[MsgId: MMSG-17999]
  2023-06-17 22:06:25.991 : IterationNum=229	[MsgId: MMSG-17999]
   USER 229 = user74:pwd74	[MsgId: MMSG-17999]
    2023-06-17 22:06:26.086 : Start page is opened	[MsgId: MMSG-17999]
    2023-06-17 22:06:32.325 : User is logged in with session 136656.264560551HAcQcfzpzAiDDDDDtcVHfpfDQzf	[MsgId: MMSG-17999]
    2023-06-17 22:06:37.310 : User is logged out of session	[MsgId: MMSG-17999]
  2023-06-17 22:08:32.000 : IterationNum=230	[MsgId: MMSG-17999]
   USER 230 = user74:pwd74	[MsgId: MMSG-17999]
    2023-06-17 22:08:32.094 : Start page is opened	[MsgId: MMSG-17999]
    2023-06-17 22:08:37.286 : User is logged in with session 136656.274767112HAcQcfHpVDDDDDDDtcVHfpftci	[MsgId: MMSG-17999]
    2023-06-17 22:08:42.313 : User is logged out of session	[MsgId: MMSG-17999]
  2023-06-17 22:10:38.005 : IterationNum=231	[MsgId: MMSG-17999]
   USER 231 = user74:pwd74	[MsgId: MMSG-17999]
    2023-06-17 22:10:38.100 : Start page is opened	[MsgId: MMSG-17999]
    2023-06-17 22:10:44.263 : User is logged in with session 136656.284973674HAcQcfHpzfiDDDDDtcVHfpftfQf	[MsgId: MMSG-17999]
    2023-06-17 22:10:50.418 : User is logged out of session	[MsgId: MMSG-17999]
  2023-06-17 22:12:44.013 : IterationNum=232	[MsgId: MMSG-17999]
   USER 232 = user74:pwd74	[MsgId: MMSG-17999]
    2023-06-17 22:12:44.108 : Start page is opened	[MsgId: MMSG-17999]
    2023-06-17 22:12:50.474 : User is logged in with session 136656.295180235HAcQcfipViDDDDDDtcVHfpftQV	[MsgId: MMSG-17999]
    2023-06-17 22:12:56.522 : User is logged out of session	[MsgId: MMSG-17999]
  2023-06-17 22:14:50.024 : IterationNum=233	[MsgId: MMSG-17999]
   USER 233 = user74:pwd74	[MsgId: MMSG-17999]
    2023-06-17 22:14:50.118 : Start page is opened	[MsgId: MMSG-17999]
    2023-06-17 22:14:55.004 : User is logged in with session 136656.305386796HAcQcfipHAiDDDDDtcVHfpffccf	[MsgId: MMSG-17999]
    2023-06-17 22:15:00.131 : User is logged out of session	[MsgId: MMSG-17999]
  2023-06-17 22:16:56.029 : IterationNum=234	[MsgId: MMSG-17999]
   USER 234 = user74:pwd74	[MsgId: MMSG-17999]
    2023-06-17 22:16:56.123 : Start page is opened	[MsgId: MMSG-17999]
    2023-06-17 22:17:02.295 : User is logged in with session 136656.315593358HAcQcfQpcDDDDDDDtcVHfpffft	[MsgId: MMSG-17999]
    2023-06-17 22:17:08.281 : User is logged out of session	[MsgId: MMSG-17999]
  2023-06-17 22:19:02.036 : IterationNum=235	[MsgId: MMSG-17999]
   USER 235 = user74:pwd74	[MsgId: MMSG-17999]
    2023-06-17 22:19:02.130 : Start page is opened	[MsgId: MMSG-17999]
    2023-06-17 22:19:07.368 : User is logged in with session 136656.325799919HAcQcfQpHfiDDDDDtcVHfpffiff	[MsgId: MMSG-17999]
    2023-06-17 22:19:13.557 : User is logged out of session	[MsgId: MMSG-17999]
  2023-06-17 22:21:08.048 : IterationNum=236	[MsgId: MMSG-17999]
   USER 236 = user74:pwd74	[MsgId: MMSG-17999]
    2023-06-17 22:21:08.143 : Start page is opened	[MsgId: MMSG-17999]
    2023-06-17 22:21:14.470 : User is logged in with session 136656.33600648HAcQczApciDDDDDDtcVHfpfzVH	[MsgId: MMSG-17999]
    2023-06-17 22:21:19.502 : User is logged out of session	[MsgId: MMSG-17999]
