  2023-06-17 14:07:45.988 : IterationNum=1	[MsgId: MMSG-17999]
   USER 1 = user14:pwd14	[MsgId: MMSG-17999]
    2023-06-17 14:07:46.088 : Start page is opened	[MsgId: MMSG-17999]
    2023-06-17 14:07:51.779 : User is logged in with session 136653.938112596HAcQVDzpQtVzzzzHtcVHtpicVzf	[MsgId: MMSG-17999]
    2023-06-17 14:07:56.605 : Search page opened	[MsgId: MMSG-17999]
    2023-06-17 14:08:13.229 : Flights found : 022;464;06/20/2023 and 203;401;06/17/2023	[MsgId: MMSG-17999]
    2023-06-17 14:08:13.229 : Sity depart : Denver, Sity arrive : London	[MsgId: MMSG-17999]
    2023-06-17 14:08:23.238 : Found Seat Type : Business, Seat Pref : None	[MsgId: MMSG-17999]
    2023-06-17 14:08:40.545 : Booking is complect	[MsgId: MMSG-17999]
    2023-06-17 14:08:46.304 : Go to Home Page is complete	[MsgId: MMSG-17999]
    2023-06-17 14:08:50.812 : Booking is created : 320000832-92605-up	[MsgId: MMSG-17999]
    2023-06-17 14:08:58.596 : Booking (320000832-92605-up) is deleted	[MsgId: MMSG-17999]
    2023-06-17 14:09:04.268 : User is logged out of session	[MsgId: MMSG-17999]
  2023-06-17 14:19:45.997 : IterationNum=2	[MsgId: MMSG-17999]
   USER 2 = user15:pwd15	[MsgId: MMSG-17999]
    2023-06-17 14:19:46.090 : Start page is opened	[MsgId: MMSG-17999]
    2023-06-17 14:19:52.146 : User is logged in with session 136653.996435804HAcQVDQpQtVzzzzHtcVHtpiDQzf	[MsgId: MMSG-17999]
    2023-06-17 14:19:58.404 : Search page opened	[MsgId: MMSG-17999]
    2023-06-17 14:20:14.835 : Flights found : 752;115;06/20/2023 and 571;108;06/17/2023	[MsgId: MMSG-17999]
    2023-06-17 14:20:14.835 : Sity depart : Seattle, Sity arrive : Portland	[MsgId: MMSG-17999]
    2023-06-17 14:20:23.850 : Found Seat Type : First, Seat Pref : Window	[MsgId: MMSG-17999]
    2023-06-17 14:20:36.513 : Booking is complect	[MsgId: MMSG-17999]
    2023-06-17 14:20:42.192 : Go to Home Page is complete	[MsgId: MMSG-17999]
    2023-06-17 14:20:46.755 : Booking is created : 35953782-120863-up	[MsgId: MMSG-17999]
    2023-06-17 14:20:54.840 : Booking (35953782-120863-up) is deleted	[MsgId: MMSG-17999]
    2023-06-17 14:20:59.297 : User is logged out of session	[MsgId: MMSG-17999]
  2023-06-17 14:31:46.008 : IterationNum=3	[MsgId: MMSG-17999]
   USER 3 = user16:pwd16	[MsgId: MMSG-17999]
    2023-06-17 14:31:46.103 : Start page is opened	[MsgId: MMSG-17999]
    2023-06-17 14:31:52.333 : User is logged in with session 136654.054759012HAcQVtcpQtVzzzzHtcVHtpifHzf	[MsgId: MMSG-17999]
    2023-06-17 14:31:57.599 : Search page opened	[MsgId: MMSG-17999]
    2023-06-17 14:32:15.340 : Flights found : 960;545;06/20/2023 and 692;515;06/17/2023	[MsgId: MMSG-17999]
    2023-06-17 14:32:15.340 : Sity depart : Zurich, Sity arrive : San Francisco	[MsgId: MMSG-17999]
    2023-06-17 14:32:23.824 : Found Seat Type : Business, Seat Pref : None	[MsgId: MMSG-17999]
    2023-06-17 14:32:42.171 : Booking is complect	[MsgId: MMSG-17999]
    2023-06-17 14:32:46.796 : Go to Home Page is complete	[MsgId: MMSG-17999]
    2023-06-17 14:32:51.714 : Booking is created : 338183723-1301620-up	[MsgId: MMSG-17999]
    2023-06-17 14:33:02.654 : Booking (338183723-1301620-up) is deleted	[MsgId: MMSG-17999]
    2023-06-17 14:33:07.686 : User is logged out of session	[MsgId: MMSG-17999]
  2023-06-17 14:43:46.016 : IterationNum=4	[MsgId: MMSG-17999]
   USER 4 = user17:pwd17	[MsgId: MMSG-17999]
    2023-06-17 14:43:46.110 : Start page is opened	[MsgId: MMSG-17999]
    2023-06-17 14:43:52.288 : User is logged in with session 136654.11308222HAcQVtfpQtVzzzzHtcVHtpiHfzf	[MsgId: MMSG-17999]
    2023-06-17 14:43:56.390 : Search page opened	[MsgId: MMSG-17999]
    2023-06-17 14:44:09.134 : Flights found : 521;494;06/20/2023 and 250;555;06/17/2023	[MsgId: MMSG-17999]
    2023-06-17 14:44:09.134 : Sity depart : Portland, Sity arrive : London	[MsgId: MMSG-17999]
    2023-06-17 14:44:17.224 : Found Seat Type : Coach, Seat Pref : None	[MsgId: MMSG-17999]
    2023-06-17 14:44:30.516 : Booking is complect	[MsgId: MMSG-17999]
    2023-06-17 14:44:36.772 : Go to Home Page is complete	[MsgId: MMSG-17999]
    2023-06-17 14:44:41.783 : Booking is created : 302982277-961619-up	[MsgId: MMSG-17999]
    2023-06-17 14:44:52.053 : Booking (302982277-961619-up) is deleted	[MsgId: MMSG-17999]
    2023-06-17 14:44:56.695 : User is logged out of session	[MsgId: MMSG-17999]
  2023-06-17 14:55:46.023 : IterationNum=5	[MsgId: MMSG-17999]
   USER 5 = user18:pwd18	[MsgId: MMSG-17999]
    2023-06-17 14:55:46.118 : Start page is opened	[MsgId: MMSG-17999]
    2023-06-17 14:55:50.732 : User is logged in with session 136654.171405427HAcQVtipQtVzzzzHtcVHtpiQDzf	[MsgId: MMSG-17999]
    2023-06-17 14:55:55.327 : Search page opened	[MsgId: MMSG-17999]
    2023-06-17 14:56:08.224 : Flights found : 453;737;06/20/2023 and 541;802;06/17/2023	[MsgId: MMSG-17999]
    2023-06-17 14:56:08.224 : Sity depart : Paris, Sity arrive : Portland	[MsgId: MMSG-17999]
    2023-06-17 14:56:19.071 : Found Seat Type : Business, Seat Pref : Aisle	[MsgId: MMSG-17999]
    2023-06-17 14:56:35.556 : Booking is complect	[MsgId: MMSG-17999]
    2023-06-17 14:56:41.185 : Go to Home Page is complete	[MsgId: MMSG-17999]
    2023-06-17 14:56:46.366 : Booking is created : 106683471-1185503-up	[MsgId: MMSG-17999]
    2023-06-17 14:56:55.840 : Booking (106683471-1185503-up) is deleted	[MsgId: MMSG-17999]
    2023-06-17 14:56:59.795 : User is logged out of session	[MsgId: MMSG-17999]
  2023-06-17 15:07:46.022 : IterationNum=6	[MsgId: MMSG-17999]
   USER 6 = user19:pwd19	[MsgId: MMSG-17999]
    2023-06-17 15:07:46.116 : Start page is opened	[MsgId: MMSG-17999]
    2023-06-17 15:07:51.798 : User is logged in with session 136654.229728635HAcQVfVpQtVzzzzHtcVHtpQVVzf	[MsgId: MMSG-17999]
    2023-06-17 15:07:56.845 : Search page opened	[MsgId: MMSG-17999]
    2023-06-17 15:08:11.748 : Flights found : 123;315;06/20/2023 and 210;385;06/17/2023	[MsgId: MMSG-17999]
    2023-06-17 15:08:11.748 : Sity depart : Frankfurt, Sity arrive : London	[MsgId: MMSG-17999]
    2023-06-17 15:08:21.598 : Found Seat Type : Business, Seat Pref : Aisle	[MsgId: MMSG-17999]
    2023-06-17 15:08:37.154 : Booking is complect	[MsgId: MMSG-17999]
    2023-06-17 15:08:41.109 : Go to Home Page is complete	[MsgId: MMSG-17999]
    2023-06-17 15:08:46.877 : Booking is created : 317411974-93130-up	[MsgId: MMSG-17999]
    2023-06-17 15:08:54.634 : Booking (317411974-93130-up) is deleted	[MsgId: MMSG-17999]
    2023-06-17 15:08:59.607 : User is logged out of session	[MsgId: MMSG-17999]
  2023-06-17 15:19:46.036 : IterationNum=7	[MsgId: MMSG-17999]
   USER 7 = user20:pwd20	[MsgId: MMSG-17999]
    2023-06-17 15:19:46.131 : Start page is opened	[MsgId: MMSG-17999]
    2023-06-17 15:19:50.373 : User is logged in with session 136654.288051843HAcQVftpQtVzzzzHtcVHtpQcQzf	[MsgId: MMSG-17999]
    2023-06-17 15:19:54.868 : Search page opened	[MsgId: MMSG-17999]
    2023-06-17 15:20:07.415 : Flights found : 011;343;06/20/2023 and 101;343;06/17/2023	[MsgId: MMSG-17999]
    2023-06-17 15:20:07.415 : Sity depart : Denver, Sity arrive : Frankfurt	[MsgId: MMSG-17999]
    2023-06-17 15:20:18.542 : Found Seat Type : Coach, Seat Pref : Aisle	[MsgId: MMSG-17999]
    2023-06-17 15:20:36.050 : Booking is complect	[MsgId: MMSG-17999]
    2023-06-17 15:20:40.391 : Go to Home Page is complete	[MsgId: MMSG-17999]
    2023-06-17 15:20:44.346 : Booking is created : 57407827-84745-up	[MsgId: MMSG-17999]
    2023-06-17 15:20:53.060 : Booking (57407827-84745-up) is deleted	[MsgId: MMSG-17999]
    2023-06-17 15:20:59.099 : User is logged out of session	[MsgId: MMSG-17999]
  2023-06-17 15:31:46.043 : IterationNum=8	[MsgId: MMSG-17999]
   USER 8 = user20:pwd20	[MsgId: MMSG-17999]
    2023-06-17 15:31:46.136 : Start page is opened	[MsgId: MMSG-17999]
    2023-06-17 15:31:50.059 : User is logged in with session 136654.346375051HAcQVfHpQtVzzzzHtcVHtpQtHzf	[MsgId: MMSG-17999]
    2023-06-17 15:31:56.237 : Search page opened	[MsgId: MMSG-17999]
    2023-06-17 15:32:14.834 : Flights found : 653;62;06/20/2023 and 560;75;06/17/2023	[MsgId: MMSG-17999]
    2023-06-17 15:32:14.834 : Sity depart : San Francisco, Sity arrive : Portland	[MsgId: MMSG-17999]
    2023-06-17 15:32:24.275 : Found Seat Type : Coach, Seat Pref : Aisle	[MsgId: MMSG-17999]
    2023-06-17 15:32:38.470 : Booking is complect	[MsgId: MMSG-17999]
    2023-06-17 15:32:43.609 : Go to Home Page is complete	[MsgId: MMSG-17999]
    2023-06-17 15:32:48.815 : Booking is created : 5743161-120010-up	[MsgId: MMSG-17999]
    2023-06-17 15:32:56.769 : Booking (5743161-120010-up) is deleted	[MsgId: MMSG-17999]
    2023-06-17 15:33:03.049 : User is logged out of session	[MsgId: MMSG-17999]
  2023-06-17 15:43:46.049 : IterationNum=9	[MsgId: MMSG-17999]
   USER 9 = user20:pwd20	[MsgId: MMSG-17999]
    2023-06-17 15:43:46.141 : Start page is opened	[MsgId: MMSG-17999]
    2023-06-17 15:43:51.232 : User is logged in with session 136654.404698258HAcQVzApQtVzzzzHtcVHtpQzfzf	[MsgId: MMSG-17999]
    2023-06-17 15:43:56.834 : Search page opened	[MsgId: MMSG-17999]
    2023-06-17 15:44:09.720 : Flights found : 621;757;06/20/2023 and 260;850;06/17/2023	[MsgId: MMSG-17999]
    2023-06-17 15:44:09.720 : Sity depart : San Francisco, Sity arrive : London	[MsgId: MMSG-17999]
    2023-06-17 15:44:19.291 : Found Seat Type : Business, Seat Pref : Aisle	[MsgId: MMSG-17999]
    2023-06-17 15:44:30.943 : Booking is complect	[MsgId: MMSG-17999]
    2023-06-17 15:44:37.236 : Go to Home Page is complete	[MsgId: MMSG-17999]
    2023-06-17 15:44:42.206 : Booking is created : 57430435-969354-up	[MsgId: MMSG-17999]
    2023-06-17 15:44:50.307 : Booking (57430435-969354-up) is deleted	[MsgId: MMSG-17999]
    2023-06-17 15:44:55.328 : User is logged out of session	[MsgId: MMSG-17999]
  2023-06-17 15:55:46.050 : IterationNum=10	[MsgId: MMSG-17999]
   USER 10 = user20:pwd20	[MsgId: MMSG-17999]
    2023-06-17 15:55:46.145 : Start page is opened	[MsgId: MMSG-17999]
    2023-06-17 15:55:51.039 : User is logged in with session 136654.463021466HAcQVzDpQtVzzzzHtcVHtpQiDzf	[MsgId: MMSG-17999]
    2023-06-17 15:55:56.754 : Search page opened	[MsgId: MMSG-17999]
    2023-06-17 15:56:10.255 : Flights found : 372;310;06/20/2023 and 731;292;06/17/2023	[MsgId: MMSG-17999]
    2023-06-17 15:56:10.255 : Sity depart : Los Angeles, Sity arrive : Seattle	[MsgId: MMSG-17999]
    2023-06-17 15:56:18.990 : Found Seat Type : First, Seat Pref : Window	[MsgId: MMSG-17999]
    2023-06-17 15:56:34.803 : Booking is complect	[MsgId: MMSG-17999]
    2023-06-17 15:56:38.851 : Go to Home Page is complete	[MsgId: MMSG-17999]
    2023-06-17 15:56:45.010 : Booking is created : 57421196-133200-up	[MsgId: MMSG-17999]
    2023-06-17 15:56:52.773 : Booking (57421196-133200-up) is deleted	[MsgId: MMSG-17999]
    2023-06-17 15:56:58.157 : User is logged out of session	[MsgId: MMSG-17999]
  2023-06-17 16:07:46.062 : IterationNum=11	[MsgId: MMSG-17999]
   USER 11 = user20:pwd20	[MsgId: MMSG-17999]
    2023-06-17 16:07:46.157 : Start page is opened	[MsgId: MMSG-17999]
    2023-06-17 16:07:51.484 : User is logged in with session 136654.521344674HAcQVzzpQtVzzzzHtcVHfpAAVzf	[MsgId: MMSG-17999]
    2023-06-17 16:07:55.837 : Search page opened	[MsgId: MMSG-17999]
    2023-06-17 16:08:09.274 : Flights found : 592;633;06/20/2023 and 951;596;06/17/2023	[MsgId: MMSG-17999]
    2023-06-17 16:08:09.274 : Sity depart : Portland, Sity arrive : Zurich	[MsgId: MMSG-17999]
    2023-06-17 16:08:21.296 : Found Seat Type : Business, Seat Pref : Window	[MsgId: MMSG-17999]
    2023-06-17 16:08:39.303 : Booking is complect	[MsgId: MMSG-17999]
    2023-06-17 16:08:44.630 : Go to Home Page is complete	[MsgId: MMSG-17999]
    2023-06-17 16:08:50.620 : Booking is created : 57429356-1500863-up	[MsgId: MMSG-17999]
    2023-06-17 16:08:59.336 : Booking (57429356-1500863-up) is deleted	[MsgId: MMSG-17999]
    2023-06-17 16:09:04.842 : User is logged out of session	[MsgId: MMSG-17999]
  2023-06-17 16:19:46.068 : IterationNum=12	[MsgId: MMSG-17999]
   USER 12 = user20:pwd20	[MsgId: MMSG-17999]
    2023-06-17 16:19:46.162 : Start page is opened	[MsgId: MMSG-17999]
    2023-06-17 16:19:51.030 : User is logged in with session 136654.579667882HAcQVzQpQtVzzzzHtcVHfpAVQzf	[MsgId: MMSG-17999]
    2023-06-17 16:19:55.142 : Search page opened	[MsgId: MMSG-17999]
    2023-06-17 16:20:11.381 : Flights found : 343;673;06/20/2023 and 430;822;06/17/2023	[MsgId: MMSG-17999]
    2023-06-17 16:20:11.381 : Sity depart : Los Angeles, Sity arrive : Paris	[MsgId: MMSG-17999]
    2023-06-17 16:20:23.570 : Found Seat Type : First, Seat Pref : None	[MsgId: MMSG-17999]
    2023-06-17 16:20:37.630 : Booking is complect	[MsgId: MMSG-17999]
    2023-06-17 16:20:42.701 : Go to Home Page is complete	[MsgId: MMSG-17999]
    2023-06-17 16:20:47.804 : Booking is created : 57420136-1100115-up	[MsgId: MMSG-17999]
    2023-06-17 16:20:58.450 : Booking (57420136-1100115-up) is deleted	[MsgId: MMSG-17999]
    2023-06-17 16:21:04.123 : User is logged out of session	[MsgId: MMSG-17999]
  2023-06-17 16:31:46.073 : IterationNum=13	[MsgId: MMSG-17999]
   USER 13 = user20:pwd20	[MsgId: MMSG-17999]
    2023-06-17 16:31:46.168 : Start page is opened	[MsgId: MMSG-17999]
    2023-06-17 16:31:50.166 : User is logged in with session 136654.63799109HAcQVHcpQtVzzzzHtcVHfpADHzf	[MsgId: MMSG-17999]
    2023-06-17 16:31:54.677 : Search page opened	[MsgId: MMSG-17999]
    2023-06-17 16:32:12.663 : Flights found : 533;234;06/20/2023 and 351;255;06/17/2023	[MsgId: MMSG-17999]
    2023-06-17 16:32:12.663 : Sity depart : Portland, Sity arrive : Los Angeles	[MsgId: MMSG-17999]
    2023-06-17 16:32:21.898 : Found Seat Type : Business, Seat Pref : Window	[MsgId: MMSG-17999]
    2023-06-17 16:32:40.360 : Booking is complect	[MsgId: MMSG-17999]
    2023-06-17 16:32:45.039 : Go to Home Page is complete	[MsgId: MMSG-17999]
    2023-06-17 16:32:48.983 : Booking is created : 57427156-103960-up	[MsgId: MMSG-17999]
    2023-06-17 16:32:59.591 : Booking (57427156-103960-up) is deleted	[MsgId: MMSG-17999]
    2023-06-17 16:33:04.809 : User is logged out of session	[MsgId: MMSG-17999]
  2023-06-17 16:43:46.086 : IterationNum=14	[MsgId: MMSG-17999]
   USER 14 = user20:pwd20	[MsgId: MMSG-17999]
    2023-06-17 16:43:46.181 : Start page is opened	[MsgId: MMSG-17999]
    2023-06-17 16:43:51.745 : User is logged in with session 136654.696314297HAcQVHfpQtVzzzzHtcVHfpAffzf	[MsgId: MMSG-17999]
    2023-06-17 16:43:57.148 : Search page opened	[MsgId: MMSG-17999]
    2023-06-17 16:44:15.566 : Flights found : 651;98;06/20/2023 and 560;110;06/17/2023	[MsgId: MMSG-17999]
    2023-06-17 16:44:15.566 : Sity depart : San Francisco, Sity arrive : Portland	[MsgId: MMSG-17999]
    2023-06-17 16:44:26.714 : Found Seat Type : Business, Seat Pref : Window	[MsgId: MMSG-17999]
    2023-06-17 16:44:41.172 : Booking is complect	[MsgId: MMSG-17999]
    2023-06-17 16:44:47.031 : Go to Home Page is complete	[MsgId: MMSG-17999]
    2023-06-17 16:44:51.593 : Booking is created : 5743155-120016-up	[MsgId: MMSG-17999]
    2023-06-17 16:45:02.844 : Booking (5743155-120016-up) is deleted	[MsgId: MMSG-17999]
    2023-06-17 16:45:07.747 : User is logged out of session	[MsgId: MMSG-17999]
  2023-06-17 16:55:46.095 : IterationNum=15	[MsgId: MMSG-17999]
   USER 15 = user20:pwd20	[MsgId: MMSG-17999]
    2023-06-17 16:55:46.191 : Start page is opened	[MsgId: MMSG-17999]
    2023-06-17 16:55:50.650 : User is logged in with session 136654.754637505HAcQVHipQtVzzzzHtcVHfpAHDzf	[MsgId: MMSG-17999]
    2023-06-17 16:55:55.950 : Search page opened	[MsgId: MMSG-17999]
    2023-06-17 16:56:12.153 : Flights found : 093;646;06/20/2023 and 901;703;06/17/2023	[MsgId: MMSG-17999]
    2023-06-17 16:56:12.153 : Sity depart : Denver, Sity arrive : Zurich	[MsgId: MMSG-17999]
    2023-06-17 16:56:22.986 : Found Seat Type : First, Seat Pref : Window	[MsgId: MMSG-17999]
    2023-06-17 16:56:36.119 : Booking is complect	[MsgId: MMSG-17999]
    2023-06-17 16:56:41.911 : Go to Home Page is complete	[MsgId: MMSG-17999]
    2023-06-17 16:56:46.078 : Booking is created : 57410875-1462411-up	[MsgId: MMSG-17999]
    2023-06-17 16:56:53.706 : Booking (57410875-1462411-up) is deleted	[MsgId: MMSG-17999]
    2023-06-17 16:56:58.829 : User is logged out of session	[MsgId: MMSG-17999]
  2023-06-17 17:07:46.108 : IterationNum=16	[MsgId: MMSG-17999]
   USER 16 = user20:pwd20	[MsgId: MMSG-17999]
    2023-06-17 17:07:46.202 : Start page is opened	[MsgId: MMSG-17999]
    2023-06-17 17:07:51.043 : User is logged in with session 136654.812960713HAcQViVpQtVzzzzHtcVHfpAQVzf	[MsgId: MMSG-17999]
    2023-06-17 17:07:56.701 : Search page opened	[MsgId: MMSG-17999]
    2023-06-17 17:08:11.459 : Flights found : 230;773;06/20/2023 and 320;773;06/17/2023	[MsgId: MMSG-17999]
    2023-06-17 17:08:11.459 : Sity depart : London, Sity arrive : Los Angeles	[MsgId: MMSG-17999]
    2023-06-17 17:08:21.687 : Found Seat Type : Coach, Seat Pref : None	[MsgId: MMSG-17999]
    2023-06-17 17:08:35.744 : Booking is complect	[MsgId: MMSG-17999]
    2023-06-17 17:08:39.722 : Go to Home Page is complete	[MsgId: MMSG-17999]
    2023-06-17 17:08:45.016 : Booking is created : 57415954-1015503-up	[MsgId: MMSG-17999]
    2023-06-17 17:08:56.052 : Booking (57415954-1015503-up) is deleted	[MsgId: MMSG-17999]
    2023-06-17 17:09:01.523 : User is logged out of session	[MsgId: MMSG-17999]
  2023-06-17 17:19:46.110 : IterationNum=17	[MsgId: MMSG-17999]
   USER 17 = user20:pwd20	[MsgId: MMSG-17999]
    2023-06-17 17:19:46.205 : Start page is opened	[MsgId: MMSG-17999]
    2023-06-17 17:19:52.069 : User is logged in with session 136654.871283921HAcQVitpQtVzzzzHtcVHfpVAQzf	[MsgId: MMSG-17999]
    2023-06-17 17:19:56.044 : Search page opened	[MsgId: MMSG-17999]
    2023-06-17 17:20:13.574 : Flights found : 212;471;06/20/2023 and 120;499;06/17/2023	[MsgId: MMSG-17999]
    2023-06-17 17:20:13.574 : Sity depart : London, Sity arrive : Frankfurt	[MsgId: MMSG-17999]
    2023-06-17 17:20:22.548 : Found Seat Type : First, Seat Pref : Aisle	[MsgId: MMSG-17999]
    2023-06-17 17:20:36.657 : Booking is complect	[MsgId: MMSG-17999]
    2023-06-17 17:20:42.462 : Go to Home Page is complete	[MsgId: MMSG-17999]
    2023-06-17 17:20:47.176 : Booking is created : 57415276-86228-up	[MsgId: MMSG-17999]
    2023-06-17 17:20:59.028 : Booking (57415276-86228-up) is deleted	[MsgId: MMSG-17999]
    2023-06-17 17:21:04.491 : User is logged out of session	[MsgId: MMSG-17999]
  2023-06-17 17:31:46.110 : IterationNum=18	[MsgId: MMSG-17999]
   USER 18 = user20:pwd20	[MsgId: MMSG-17999]
    2023-06-17 17:31:46.205 : Start page is opened	[MsgId: MMSG-17999]
    2023-06-17 17:31:50.916 : User is logged in with session 136654.929607128HAcQViHpQtVzzzzHtcVHfpVcHzf	[MsgId: MMSG-17999]
    2023-06-17 17:31:55.687 : Search page opened	[MsgId: MMSG-17999]
    2023-06-17 17:32:10.913 : Flights found : 061;261;06/20/2023 and 603;240;06/17/2023	[MsgId: MMSG-17999]
    2023-06-17 17:32:10.913 : Sity depart : Denver, Sity arrive : San Francisco	[MsgId: MMSG-17999]
    2023-06-17 17:32:19.801 : Found Seat Type : Business, Seat Pref : Aisle	[MsgId: MMSG-17999]
    2023-06-17 17:32:35.275 : Booking is complect	[MsgId: MMSG-17999]
    2023-06-17 17:32:41.120 : Go to Home Page is complete	[MsgId: MMSG-17999]
    2023-06-17 17:32:46.086 : Booking is created : 57409676-123346-up	[MsgId: MMSG-17999]
    2023-06-17 17:32:55.334 : Booking (57409676-123346-up) is deleted	[MsgId: MMSG-17999]
    2023-06-17 17:33:01.371 : User is logged out of session	[MsgId: MMSG-17999]
  2023-06-17 17:43:46.124 : IterationNum=19	[MsgId: MMSG-17999]
   USER 19 = user20:pwd20	[MsgId: MMSG-17999]
    2023-06-17 17:43:46.218 : Start page is opened	[MsgId: MMSG-17999]
    2023-06-17 17:43:51.483 : User is logged in with session 136654.987930336HAcQVQApQtVzzzzHtcVHfpVtfzf	[MsgId: MMSG-17999]
    2023-06-17 17:43:55.418 : Search page opened	[MsgId: MMSG-17999]
    2023-06-17 17:44:12.645 : Flights found : 642;1103;06/20/2023 and 461;1040;06/17/2023	[MsgId: MMSG-17999]
    2023-06-17 17:44:12.645 : Sity depart : San Francisco, Sity arrive : Paris	[MsgId: MMSG-17999]
    2023-06-17 17:44:24.563 : Found Seat Type : First, Seat Pref : Window	[MsgId: MMSG-17999]
    2023-06-17 17:44:42.465 : Booking is complect	[MsgId: MMSG-17999]
    2023-06-17 17:44:47.123 : Go to Home Page is complete	[MsgId: MMSG-17999]
    2023-06-17 17:44:52.222 : Booking is created : 574311892-1124011-up	[MsgId: MMSG-17999]
    2023-06-17 17:45:02.179 : Booking (574311892-1124011-up) is deleted	[MsgId: MMSG-17999]
    2023-06-17 17:45:06.414 : User is logged out of session	[MsgId: MMSG-17999]
  2023-06-17 17:55:46.132 : IterationNum=20	[MsgId: MMSG-17999]
   USER 20 = user20:pwd20	[MsgId: MMSG-17999]
    2023-06-17 17:55:46.227 : Start page is opened	[MsgId: MMSG-17999]
    2023-06-17 17:55:50.322 : User is logged in with session 136655.046253544HAcQVQDpQtVzzzzHtcVHfpVzDzf	[MsgId: MMSG-17999]
    2023-06-17 17:55:56.153 : Search page opened	[MsgId: MMSG-17999]
    2023-06-17 17:56:09.753 : Flights found : 832;1187;06/20/2023 and 383;1027;06/17/2023	[MsgId: MMSG-17999]
    2023-06-17 17:56:09.753 : Sity depart : Sydney, Sity arrive : Los Angeles	[MsgId: MMSG-17999]
    2023-06-17 17:56:21.102 : Found Seat Type : First, Seat Pref : Aisle	[MsgId: MMSG-17999]
    2023-06-17 17:56:39.077 : Booking is complect	[MsgId: MMSG-17999]
    2023-06-17 17:56:43.368 : Go to Home Page is complete	[MsgId: MMSG-17999]
    2023-06-17 17:56:49.438 : Booking is created : 574382266-1064016-up	[MsgId: MMSG-17999]
    2023-06-17 17:57:01.388 : Booking (574382266-1064016-up) is deleted	[MsgId: MMSG-17999]
    2023-06-17 17:57:07.148 : User is logged out of session	[MsgId: MMSG-17999]
  2023-06-17 18:07:46.137 : IterationNum=21	[MsgId: MMSG-17999]
   USER 21 = user20:pwd20	[MsgId: MMSG-17999]
    2023-06-17 18:07:46.232 : Start page is opened	[MsgId: MMSG-17999]
    2023-06-17 18:07:50.805 : User is logged in with session 136655.104576752HAcQVQzpQtVzzzzHtcVHfpViVzf	[MsgId: MMSG-17999]
    2023-06-17 18:07:54.912 : Search page opened	[MsgId: MMSG-17999]
    2023-06-17 18:08:08.616 : Flights found : 140;186;06/20/2023 and 413;152;06/17/2023	[MsgId: MMSG-17999]
    2023-06-17 18:08:08.616 : Sity depart : Frankfurt, Sity arrive : Paris	[MsgId: MMSG-17999]
    2023-06-17 18:08:19.239 : Found Seat Type : Business, Seat Pref : None	[MsgId: MMSG-17999]
    2023-06-17 18:08:36.770 : Booking is complect	[MsgId: MMSG-17999]
    2023-06-17 18:08:41.822 : Go to Home Page is complete	[MsgId: MMSG-17999]
    2023-06-17 18:08:45.743 : Booking is created : 57412599-108718-up	[MsgId: MMSG-17999]
    2023-06-17 18:08:56.192 : Booking (57412599-108718-up) is deleted	[MsgId: MMSG-17999]
    2023-06-17 18:09:01.973 : User is logged out of session	[MsgId: MMSG-17999]
  2023-06-17 18:19:46.152 : IterationNum=22	[MsgId: MMSG-17999]
   USER 22 = user20:pwd20	[MsgId: MMSG-17999]
    2023-06-17 18:19:46.247 : Start page is opened	[MsgId: MMSG-17999]
    2023-06-17 18:19:50.579 : User is logged in with session 136655.16289996HAcQVQQpQtVzzzzHtcVHfpVQQzf	[MsgId: MMSG-17999]
    2023-06-17 18:19:55.599 : Search page opened	[MsgId: MMSG-17999]
    2023-06-17 18:20:13.119 : Flights found : 943;219;06/20/2023 and 490;268;06/17/2023	[MsgId: MMSG-17999]
    2023-06-17 18:20:13.119 : Sity depart : Zurich, Sity arrive : Paris	[MsgId: MMSG-17999]
    2023-06-17 18:20:24.706 : Found Seat Type : First, Seat Pref : Window	[MsgId: MMSG-17999]
    2023-06-17 18:20:40.400 : Booking is complect	[MsgId: MMSG-17999]
    2023-06-17 18:20:44.340 : Go to Home Page is complete	[MsgId: MMSG-17999]
    2023-06-17 18:20:49.108 : Booking is created : 57442341-114652-up	[MsgId: MMSG-17999]
    2023-06-17 18:21:01.216 : Booking (57442341-114652-up) is deleted	[MsgId: MMSG-17999]
    2023-06-17 18:21:06.047 : User is logged out of session	[MsgId: MMSG-17999]
  2023-06-17 18:31:46.156 : IterationNum=23	[MsgId: MMSG-17999]
   USER 23 = user20:pwd20	[MsgId: MMSG-17999]
    2023-06-17 18:31:46.250 : Start page is opened	[MsgId: MMSG-17999]
    2023-06-17 18:31:51.849 : User is logged in with session 136655.221223167HAcQcAcpQtVzzzzHtcVHfpcVHzf	[MsgId: MMSG-17999]
    2023-06-17 18:31:56.439 : Search page opened	[MsgId: MMSG-17999]
    2023-06-17 18:32:09.119 : Flights found : 071;377;06/20/2023 and 702;401;06/17/2023	[MsgId: MMSG-17999]
    2023-06-17 18:32:09.119 : Sity depart : Denver, Sity arrive : Seattle	[MsgId: MMSG-17999]
    2023-06-17 18:32:20.126 : Found Seat Type : Business, Seat Pref : Window	[MsgId: MMSG-17999]
    2023-06-17 18:32:32.352 : Booking is complect	[MsgId: MMSG-17999]
    2023-06-17 18:32:38.639 : Go to Home Page is complete	[MsgId: MMSG-17999]
    2023-06-17 18:32:43.291 : Booking is created : 57410051-130982-up	[MsgId: MMSG-17999]
    2023-06-17 18:32:54.937 : Booking (57410051-130982-up) is deleted	[MsgId: MMSG-17999]
    2023-06-17 18:33:00.249 : User is logged out of session	[MsgId: MMSG-17999]
  2023-06-17 18:43:46.169 : IterationNum=24	[MsgId: MMSG-17999]
   USER 24 = user20:pwd20	[MsgId: MMSG-17999]
    2023-06-17 18:43:46.263 : Start page is opened	[MsgId: MMSG-17999]
    2023-06-17 18:43:51.572 : User is logged in with session 136655.279546375HAcQcAfpQtVzzzzHtcVHfpcDfzf	[MsgId: MMSG-17999]
    2023-06-17 18:43:56.672 : Search page opened	[MsgId: MMSG-17999]
    2023-06-17 18:44:11.721 : Flights found : 852;1103;06/20/2023 and 580;1167;06/17/2023	[MsgId: MMSG-17999]
    2023-06-17 18:44:11.721 : Sity depart : Sydney, Sity arrive : Portland	[MsgId: MMSG-17999]
    2023-06-17 18:44:20.081 : Found Seat Type : Business, Seat Pref : Window	[MsgId: MMSG-17999]
    2023-06-17 18:44:36.982 : Booking is complect	[MsgId: MMSG-17999]
    2023-06-17 18:44:43.140 : Go to Home Page is complete	[MsgId: MMSG-17999]
    2023-06-17 18:44:47.826 : Booking is created : 574389670-1215559-up	[MsgId: MMSG-17999]
    2023-06-17 18:44:58.610 : Booking (574389670-1215559-up) is deleted	[MsgId: MMSG-17999]
    2023-06-17 18:45:04.879 : User is logged out of session	[MsgId: MMSG-17999]
  2023-06-17 18:55:46.178 : IterationNum=25	[MsgId: MMSG-17999]
   USER 25 = user20:pwd20	[MsgId: MMSG-17999]
    2023-06-17 18:55:46.271 : Start page is opened	[MsgId: MMSG-17999]
    2023-06-17 18:55:50.922 : User is logged in with session 136655.337869583HAcQcAipQtVzzzzHtcVHfpcfDzf	[MsgId: MMSG-17999]
    2023-06-17 18:55:56.233 : Search page opened	[MsgId: MMSG-17999]
    2023-06-17 18:56:08.195 : Flights found : 212;364;06/20/2023 and 120;385;06/17/2023	[MsgId: MMSG-17999]
    2023-06-17 18:56:08.195 : Sity depart : London, Sity arrive : Frankfurt	[MsgId: MMSG-17999]
    2023-06-17 18:56:19.387 : Found Seat Type : Business, Seat Pref : Aisle	[MsgId: MMSG-17999]
    2023-06-17 18:56:34.527 : Booking is complect	[MsgId: MMSG-17999]
    2023-06-17 18:56:39.496 : Go to Home Page is complete	[MsgId: MMSG-17999]
    2023-06-17 18:56:45.538 : Booking is created : 57415272-86211-up	[MsgId: MMSG-17999]
    2023-06-17 18:56:54.635 : Booking (57415272-86211-up) is deleted	[MsgId: MMSG-17999]
    2023-06-17 18:56:59.367 : User is logged out of session	[MsgId: MMSG-17999]
  2023-06-17 19:07:46.182 : IterationNum=26	[MsgId: MMSG-17999]
   USER 26 = user20:pwd20	[MsgId: MMSG-17999]
    2023-06-17 19:07:46.277 : Start page is opened	[MsgId: MMSG-17999]
    2023-06-17 19:07:51.677 : User is logged in with session 136655.396192791HAcQcVVpQtVzzzzHtcVHfpcHVzf	[MsgId: MMSG-17999]
    2023-06-17 19:07:57.284 : Search page opened	[MsgId: MMSG-17999]
    2023-06-17 19:08:08.942 : Flights found : 572;88;06/20/2023 and 753;76;06/17/2023	[MsgId: MMSG-17999]
    2023-06-17 19:08:08.942 : Sity depart : Portland, Sity arrive : Seattle	[MsgId: MMSG-17999]
    2023-06-17 19:08:19.188 : Found Seat Type : Business, Seat Pref : Aisle	[MsgId: MMSG-17999]
    2023-06-17 19:08:37.900 : Booking is complect	[MsgId: MMSG-17999]
    2023-06-17 19:08:43.744 : Go to Home Page is complete	[MsgId: MMSG-17999]
    2023-06-17 19:08:48.874 : Booking is created : 5742862-134858-up	[MsgId: MMSG-17999]
    2023-06-17 19:09:01.342 : Booking (5742862-134858-up) is deleted	[MsgId: MMSG-17999]
    2023-06-17 19:09:07.379 : User is logged out of session	[MsgId: MMSG-17999]
  2023-06-17 19:19:46.191 : IterationNum=27	[MsgId: MMSG-17999]
   USER 27 = user20:pwd20	[MsgId: MMSG-17999]
    2023-06-17 19:19:46.286 : Start page is opened	[MsgId: MMSG-17999]
    2023-06-17 19:19:50.982 : User is logged in with session 136655.454515998HAcQcVtpQtVzzzzHtcVHfpciQzf	[MsgId: MMSG-17999]
    2023-06-17 19:19:55.601 : Search page opened	[MsgId: MMSG-17999]
    2023-06-17 19:20:11.164 : Flights found : 472;820;06/20/2023 and 742;820;06/17/2023	[MsgId: MMSG-17999]
    2023-06-17 19:20:11.164 : Sity depart : Paris, Sity arrive : Seattle	[MsgId: MMSG-17999]
    2023-06-17 19:20:19.700 : Found Seat Type : Business, Seat Pref : None	[MsgId: MMSG-17999]
    2023-06-17 19:20:34.625 : Booking is complect	[MsgId: MMSG-17999]
    2023-06-17 19:20:39.822 : Go to Home Page is complete	[MsgId: MMSG-17999]
    2023-06-17 19:20:45.432 : Booking is created : 57424919-1340126-up	[MsgId: MMSG-17999]
    2023-06-17 19:20:55.523 : Booking (57424919-1340126-up) is deleted	[MsgId: MMSG-17999]
    2023-06-17 19:21:01.610 : User is logged out of session	[MsgId: MMSG-17999]
  2023-06-17 19:31:46.198 : IterationNum=28	[MsgId: MMSG-17999]
   USER 28 = user20:pwd20	[MsgId: MMSG-17999]
    2023-06-17 19:31:46.293 : Start page is opened	[MsgId: MMSG-17999]
    2023-06-17 19:31:50.284 : User is logged in with session 136655.512839206HAcQcVHpQtVzzzzHtcVHfpDAHzf	[MsgId: MMSG-17999]
    2023-06-17 19:31:55.328 : Search page opened	[MsgId: MMSG-17999]
    2023-06-17 19:32:11.971 : Flights found : 953;708;06/20/2023 and 592;819;06/17/2023	[MsgId: MMSG-17999]
    2023-06-17 19:32:11.971 : Sity depart : Zurich, Sity arrive : Portland	[MsgId: MMSG-17999]
    2023-06-17 19:32:23.788 : Found Seat Type : First, Seat Pref : None	[MsgId: MMSG-17999]
    2023-06-17 19:32:39.537 : Booking is complect	[MsgId: MMSG-17999]
    2023-06-17 19:32:43.492 : Go to Home Page is complete	[MsgId: MMSG-17999]
    2023-06-17 19:32:48.137 : Booking is created : 57442729-1224732-up	[MsgId: MMSG-17999]
    2023-06-17 19:32:58.463 : Booking (57442729-1224732-up) is deleted	[MsgId: MMSG-17999]
    2023-06-17 19:33:03.029 : User is logged out of session	[MsgId: MMSG-17999]
  2023-06-17 19:43:46.210 : IterationNum=29	[MsgId: MMSG-17999]
   USER 29 = user20:pwd20	[MsgId: MMSG-17999]
    2023-06-17 19:43:46.304 : Start page is opened	[MsgId: MMSG-17999]
    2023-06-17 19:43:51.089 : User is logged in with session 136655.571162414HAcQccApQtVzzzzHtcVHfpDcfzf	[MsgId: MMSG-17999]
    2023-06-17 19:43:56.126 : Search page opened	[MsgId: MMSG-17999]
    2023-06-17 19:44:07.681 : Flights found : 050;515;06/20/2023 and 502;487;06/17/2023	[MsgId: MMSG-17999]
    2023-06-17 19:44:07.681 : Sity depart : Denver, Sity arrive : Portland	[MsgId: MMSG-17999]
    2023-06-17 19:44:18.623 : Found Seat Type : First, Seat Pref : Window	[MsgId: MMSG-17999]
    2023-06-17 19:44:33.180 : Booking is complect	[MsgId: MMSG-17999]
    2023-06-17 19:44:38.695 : Go to Home Page is complete	[MsgId: MMSG-17999]
    2023-06-17 19:44:43.549 : Booking is created : 57409278-1155461-up	[MsgId: MMSG-17999]
    2023-06-17 19:44:51.893 : Booking (57409278-1155461-up) is deleted	[MsgId: MMSG-17999]
    2023-06-17 19:44:56.756 : User is logged out of session	[MsgId: MMSG-17999]
  2023-06-17 19:55:46.216 : IterationNum=30	[MsgId: MMSG-17999]
   USER 30 = user20:pwd20	[MsgId: MMSG-17999]
    2023-06-17 19:55:46.310 : Start page is opened	[MsgId: MMSG-17999]
    2023-06-17 19:55:50.598 : User is logged in with session 136655.629485622HAcQccDpQtVzzzzHtcVHfpDtDzf	[MsgId: MMSG-17999]
    2023-06-17 19:55:54.959 : Search page opened	[MsgId: MMSG-17999]
    2023-06-17 19:56:13.270 : Flights found : 581;1345;06/20/2023 and 853;1235;06/17/2023	[MsgId: MMSG-17999]
    2023-06-17 19:56:13.270 : Sity depart : Portland, Sity arrive : Sydney	[MsgId: MMSG-17999]
    2023-06-17 19:56:22.381 : Found Seat Type : First, Seat Pref : None	[MsgId: MMSG-17999]
    2023-06-17 19:56:40.895 : Booking is complect	[MsgId: MMSG-17999]
    2023-06-17 19:56:46.971 : Go to Home Page is complete	[MsgId: MMSG-17999]
    2023-06-17 19:56:50.902 : Booking is created : 574289309-1425583-up	[MsgId: MMSG-17999]
    2023-06-17 19:57:01.835 : Booking (574289309-1425583-up) is deleted	[MsgId: MMSG-17999]
    2023-06-17 19:57:07.363 : User is logged out of session	[MsgId: MMSG-17999]
  2023-06-17 20:07:46.230 : IterationNum=31	[MsgId: MMSG-17999]
   USER 31 = user20:pwd20	[MsgId: MMSG-17999]
    2023-06-17 20:07:46.324 : Start page is opened	[MsgId: MMSG-17999]
    2023-06-17 20:07:50.323 : User is logged in with session 136655.687808829HAcQcczpQtVzzzzHtcVHfpDzVzf	[MsgId: MMSG-17999]
    2023-06-17 20:07:56.039 : Search page opened	[MsgId: MMSG-17999]
    2023-06-17 20:08:14.366 : Flights found : 042;331;06/20/2023 and 402;331;06/17/2023	[MsgId: MMSG-17999]
    2023-06-17 20:08:14.366 : Sity depart : Denver, Sity arrive : Paris	[MsgId: MMSG-17999]
    2023-06-17 20:08:26.417 : Found Seat Type : Coach, Seat Pref : Window	[MsgId: MMSG-17999]
    2023-06-17 20:08:39.023 : Booking is complect	[MsgId: MMSG-17999]
    2023-06-17 20:08:44.921 : Go to Home Page is complete	[MsgId: MMSG-17999]
    2023-06-17 20:08:51.159 : Booking is created : 57408975-107897-up	[MsgId: MMSG-17999]
    2023-06-17 20:08:59.182 : Booking (57408975-107897-up) is deleted	[MsgId: MMSG-17999]
    2023-06-17 20:09:04.714 : User is logged out of session	[MsgId: MMSG-17999]
  2023-06-17 20:19:46.236 : IterationNum=32	[MsgId: MMSG-17999]
   USER 32 = user20:pwd20	[MsgId: MMSG-17999]
    2023-06-17 20:19:46.331 : Start page is opened	[MsgId: MMSG-17999]
    2023-06-17 20:19:51.072 : User is logged in with session 136655.746132037HAcQccQpQtVzzzzHtcVHfpDHQzf	[MsgId: MMSG-17999]
    2023-06-17 20:19:55.342 : Search page opened	[MsgId: MMSG-17999]
    2023-06-17 20:20:08.036 : Flights found : 801;1023;06/20/2023 and 081;1023;06/17/2023	[MsgId: MMSG-17999]
    2023-06-17 20:20:08.036 : Sity depart : Sydney, Sity arrive : Denver	[MsgId: MMSG-17999]
    2023-06-17 20:20:20.303 : Found Seat Type : Business, Seat Pref : Aisle	[MsgId: MMSG-17999]
    2023-06-17 20:20:37.062 : Booking is complect	[MsgId: MMSG-17999]
    2023-06-17 20:20:42.001 : Go to Home Page is complete	[MsgId: MMSG-17999]
    2023-06-17 20:20:46.695 : Booking is created : 574370778-831695-up	[MsgId: MMSG-17999]
    2023-06-17 20:20:55.044 : Booking (574370778-831695-up) is deleted	[MsgId: MMSG-17999]
    2023-06-17 20:21:00.362 : User is logged out of session	[MsgId: MMSG-17999]
  2023-06-17 20:31:46.237 : IterationNum=33	[MsgId: MMSG-17999]
   USER 33 = user20:pwd20	[MsgId: MMSG-17999]
    2023-06-17 20:31:46.332 : Start page is opened	[MsgId: MMSG-17999]
    2023-06-17 20:31:52.512 : User is logged in with session 136655.804455245HAcQcDcpQtVzzzzHtcVHfpDQHzf	[MsgId: MMSG-17999]
    2023-06-17 20:31:56.982 : Search page opened	[MsgId: MMSG-17999]
    2023-06-17 20:32:10.871 : Flights found : 401;453;06/20/2023 and 041;453;06/17/2023	[MsgId: MMSG-17999]
    2023-06-17 20:32:10.871 : Sity depart : Paris, Sity arrive : Denver	[MsgId: MMSG-17999]
    2023-06-17 20:32:18.864 : Found Seat Type : Business, Seat Pref : None	[MsgId: MMSG-17999]
    2023-06-17 20:32:34.664 : Booking is complect	[MsgId: MMSG-17999]
    2023-06-17 20:32:38.797 : Go to Home Page is complete	[MsgId: MMSG-17999]
    2023-06-17 20:32:43.406 : Booking is created : 57422276-80146-up	[MsgId: MMSG-17999]
    2023-06-17 20:32:53.501 : Booking (57422276-80146-up) is deleted	[MsgId: MMSG-17999]
    2023-06-17 20:32:59.634 : User is logged out of session	[MsgId: MMSG-17999]
  2023-06-17 20:43:46.250 : IterationNum=34	[MsgId: MMSG-17999]
   USER 34 = user20:pwd20	[MsgId: MMSG-17999]
    2023-06-17 20:43:46.345 : Start page is opened	[MsgId: MMSG-17999]
    2023-06-17 20:43:52.637 : User is logged in with session 136655.862778453HAcQcDfpQtVzzzzHtcVHfptVfzf	[MsgId: MMSG-17999]
    2023-06-17 20:43:58.558 : Search page opened	[MsgId: MMSG-17999]
    2023-06-17 20:44:13.036 : Flights found : 152;302;06/20/2023 and 510;320;06/17/2023	[MsgId: MMSG-17999]
    2023-06-17 20:44:13.036 : Sity depart : Frankfurt, Sity arrive : Portland	[MsgId: MMSG-17999]
    2023-06-17 20:44:24.498 : Found Seat Type : Coach, Seat Pref : Aisle	[MsgId: MMSG-17999]
    2023-06-17 20:44:38.492 : Booking is complect	[MsgId: MMSG-17999]
    2023-06-17 20:44:44.104 : Go to Home Page is complete	[MsgId: MMSG-17999]
    2023-06-17 20:44:48.310 : Booking is created : 57413048-116201-up	[MsgId: MMSG-17999]
    2023-06-17 20:44:59.581 : Booking (57413048-116201-up) is deleted	[MsgId: MMSG-17999]
    2023-06-17 20:45:05.705 : User is logged out of session	[MsgId: MMSG-17999]
  2023-06-17 20:55:46.253 : IterationNum=35	[MsgId: MMSG-17999]
   USER 35 = user20:pwd20	[MsgId: MMSG-17999]
    2023-06-17 20:55:46.348 : Start page is opened	[MsgId: MMSG-17999]
    2023-06-17 20:55:50.387 : User is logged in with session 136655.921101661HAcQcDipQtVzzzzHtcVHfptDDzf	[MsgId: MMSG-17999]
    2023-06-17 20:55:54.374 : Search page opened	[MsgId: MMSG-17999]
    2023-06-17 20:56:09.756 : Flights found : 710;510;06/20/2023 and 170;510;06/17/2023	[MsgId: MMSG-17999]
    2023-06-17 20:56:09.756 : Sity depart : Seattle, Sity arrive : Frankfurt	[MsgId: MMSG-17999]
    2023-06-17 20:56:19.421 : Found Seat Type : Coach, Seat Pref : Window	[MsgId: MMSG-17999]
    2023-06-17 20:56:32.374 : Booking is complect	[MsgId: MMSG-17999]
    2023-06-17 20:56:36.555 : Go to Home Page is complete	[MsgId: MMSG-17999]
    2023-06-17 20:56:41.792 : Booking is created : 57433722-900078-up	[MsgId: MMSG-17999]
    2023-06-17 20:56:54.016 : Booking (57433722-900078-up) is deleted	[MsgId: MMSG-17999]
    2023-06-17 20:56:58.081 : User is logged out of session	[MsgId: MMSG-17999]
  2023-06-17 21:07:46.255 : IterationNum=36	[MsgId: MMSG-17999]
   USER 36 = user20:pwd20	[MsgId: MMSG-17999]
    2023-06-17 21:07:46.350 : Start page is opened	[MsgId: MMSG-17999]
    2023-06-17 21:07:51.662 : User is logged in with session 136655.979424868HAcQctVpQtVzzzzHtcVHfptfVzf	[MsgId: MMSG-17999]
    2023-06-17 21:07:56.934 : Search page opened	[MsgId: MMSG-17999]
    2023-06-17 21:08:13.480 : Flights found : 393;615;06/20/2023 and 931;578;06/17/2023	[MsgId: MMSG-17999]
    2023-06-17 21:08:13.480 : Sity depart : Los Angeles, Sity arrive : Zurich	[MsgId: MMSG-17999]
    2023-06-17 21:08:23.824 : Found Seat Type : First, Seat Pref : None	[MsgId: MMSG-17999]
    2023-06-17 21:08:39.776 : Booking is complect	[MsgId: MMSG-17999]
    2023-06-17 21:08:44.270 : Go to Home Page is complete	[MsgId: MMSG-17999]
    2023-06-17 21:08:49.873 : Booking is created : 57421985-1485476-up	[MsgId: MMSG-17999]
    2023-06-17 21:09:01.090 : Booking (57421985-1485476-up) is deleted	[MsgId: MMSG-17999]
    2023-06-17 21:09:05.268 : User is logged out of session	[MsgId: MMSG-17999]
  2023-06-17 21:19:46.264 : IterationNum=37	[MsgId: MMSG-17999]
   USER 37 = user20:pwd20	[MsgId: MMSG-17999]
    2023-06-17 21:19:46.358 : Start page is opened	[MsgId: MMSG-17999]
    2023-06-17 21:19:50.266 : User is logged in with session 136656.037748076HAcQcttpQtVzzzzHtcVHfptzQzf	[MsgId: MMSG-17999]
    2023-06-17 21:19:55.389 : Search page opened	[MsgId: MMSG-17999]
    2023-06-17 21:20:13.013 : Flights found : 462;588;06/20/2023 and 642;588;06/17/2023	[MsgId: MMSG-17999]
    2023-06-17 21:20:13.014 : Sity depart : Paris, Sity arrive : San Francisco	[MsgId: MMSG-17999]
    2023-06-17 21:20:20.715 : Found Seat Type : Coach, Seat Pref : Aisle	[MsgId: MMSG-17999]
    2023-06-17 21:20:38.833 : Booking is complect	[MsgId: MMSG-17999]
    2023-06-17 21:20:43.392 : Go to Home Page is complete	[MsgId: MMSG-17999]
    2023-06-17 21:20:49.546 : Booking is created : 57424540-1263167-up	[MsgId: MMSG-17999]
    2023-06-17 21:20:59.578 : Booking (57424540-1263167-up) is deleted	[MsgId: MMSG-17999]
    2023-06-17 21:21:04.287 : User is logged out of session	[MsgId: MMSG-17999]
  2023-06-17 21:31:46.274 : IterationNum=38	[MsgId: MMSG-17999]
   USER 38 = user20:pwd20	[MsgId: MMSG-17999]
    2023-06-17 21:31:46.368 : Start page is opened	[MsgId: MMSG-17999]
    2023-06-17 21:31:50.657 : User is logged in with session 136656.096071284HAcQctHpQtVzzzzHtcVHfptiHzf	[MsgId: MMSG-17999]
    2023-06-17 21:31:55.489 : Search page opened	[MsgId: MMSG-17999]
    2023-06-17 21:32:10.409 : Flights found : 583;1235;06/20/2023 and 852;1427;06/17/2023	[MsgId: MMSG-17999]
    2023-06-17 21:32:10.409 : Sity depart : Portland, Sity arrive : Sydney	[MsgId: MMSG-17999]
    2023-06-17 21:32:22.093 : Found Seat Type : First, Seat Pref : None	[MsgId: MMSG-17999]
    2023-06-17 21:32:39.629 : Booking is complect	[MsgId: MMSG-17999]
    2023-06-17 21:32:44.748 : Go to Home Page is complete	[MsgId: MMSG-17999]
    2023-06-17 21:32:49.680 : Booking is created : 574290045-1424820-up	[MsgId: MMSG-17999]
    2023-06-17 21:32:57.761 : Booking (574290045-1424820-up) is deleted	[MsgId: MMSG-17999]
    2023-06-17 21:33:02.892 : User is logged out of session	[MsgId: MMSG-17999]
  2023-06-17 21:43:46.279 : IterationNum=39	[MsgId: MMSG-17999]
   USER 39 = user20:pwd20	[MsgId: MMSG-17999]
    2023-06-17 21:43:46.374 : Start page is opened	[MsgId: MMSG-17999]
    2023-06-17 21:43:51.220 : User is logged in with session 136656.154394492HAcQcfApQtVzzzzHtcVHfpfAfzf	[MsgId: MMSG-17999]
    2023-06-17 21:43:55.355 : Search page opened	[MsgId: MMSG-17999]
    2023-06-17 21:44:10.316 : Flights found : 683;873;06/20/2023 and 861;950;06/17/2023	[MsgId: MMSG-17999]
    2023-06-17 21:44:10.316 : Sity depart : San Francisco, Sity arrive : Sydney	[MsgId: MMSG-17999]
    2023-06-17 21:44:20.835 : Found Seat Type : Business, Seat Pref : None	[MsgId: MMSG-17999]
    2023-06-17 21:44:36.053 : Booking is complect	[MsgId: MMSG-17999]
    2023-06-17 21:44:40.271 : Go to Home Page is complete	[MsgId: MMSG-17999]
    2023-06-17 21:44:46.455 : Booking is created : 57432736-1431678-up	[MsgId: MMSG-17999]
    2023-06-17 21:44:56.872 : Booking (57432736-1431678-up) is deleted	[MsgId: MMSG-17999]
    2023-06-17 21:45:01.267 : User is logged out of session	[MsgId: MMSG-17999]
  2023-06-17 21:55:46.293 : IterationNum=40	[MsgId: MMSG-17999]
   USER 40 = user20:pwd20	[MsgId: MMSG-17999]
    2023-06-17 21:55:46.388 : Start page is opened	[MsgId: MMSG-17999]
    2023-06-17 21:55:50.805 : User is logged in with session 136656.212717699HAcQcfDpQtVzzzzHtcVHfpfcDzf	[MsgId: MMSG-17999]
    2023-06-17 21:55:56.701 : Search page opened	[MsgId: MMSG-17999]
    2023-06-17 21:56:09.522 : Flights found : 410;128;06/20/2023 and 142;121;06/17/2023	[MsgId: MMSG-17999]
    2023-06-17 21:56:09.523 : Sity depart : Paris, Sity arrive : Frankfurt	[MsgId: MMSG-17999]
    2023-06-17 21:56:20.464 : Found Seat Type : Coach, Seat Pref : Aisle	[MsgId: MMSG-17999]
    2023-06-17 21:56:33.120 : Booking is complect	[MsgId: MMSG-17999]
    2023-06-17 21:56:39.494 : Go to Home Page is complete	[MsgId: MMSG-17999]
    2023-06-17 21:56:44.703 : Booking is created : 57422597-87865-up	[MsgId: MMSG-17999]
    2023-06-17 21:56:54.713 : Booking (57422597-87865-up) is deleted	[MsgId: MMSG-17999]
    2023-06-17 21:57:00.291 : User is logged out of session	[MsgId: MMSG-17999]
  2023-06-17 22:07:46.308 : IterationNum=41	[MsgId: MMSG-17999]
   USER 41 = user20:pwd20	[MsgId: MMSG-17999]
    2023-06-17 22:07:46.403 : Start page is opened	[MsgId: MMSG-17999]
    2023-06-17 22:07:51.190 : User is logged in with session 136656.271040907HAcQcfzpQtVzzzzHtcVHfpftVzf	[MsgId: MMSG-17999]
    2023-06-17 22:07:56.327 : Search page opened	[MsgId: MMSG-17999]
    2023-06-17 22:08:12.061 : Flights found : 870;1162;06/20/2023 and 781;1035;06/17/2023	[MsgId: MMSG-17999]
    2023-06-17 22:08:12.061 : Sity depart : Sydney, Sity arrive : Seattle	[MsgId: MMSG-17999]
    2023-06-17 22:08:20.651 : Found Seat Type : Business, Seat Pref : Aisle	[MsgId: MMSG-17999]
    2023-06-17 22:08:36.240 : Booking is complect	[MsgId: MMSG-17999]
    2023-06-17 22:08:41.765 : Go to Home Page is complete	[MsgId: MMSG-17999]
    2023-06-17 22:08:48.151 : Booking is created : 574396339-1370169-up	[MsgId: MMSG-17999]
    2023-06-17 22:08:59.139 : Booking (574396339-1370169-up) is deleted	[MsgId: MMSG-17999]
    2023-06-17 22:09:03.732 : User is logged out of session	[MsgId: MMSG-17999]
  2023-06-17 22:19:46.313 : IterationNum=42	[MsgId: MMSG-17999]
   USER 42 = user20:pwd20	[MsgId: MMSG-17999]
    2023-06-17 22:19:46.408 : Start page is opened	[MsgId: MMSG-17999]
    2023-06-17 22:19:51.261 : User is logged in with session 136656.329364115HAcQcfQpQtVzzzzHtcVHfpffQzf	[MsgId: MMSG-17999]
    2023-06-17 22:19:55.614 : Search page opened	[MsgId: MMSG-17999]
    2023-06-17 22:20:14.263 : Flights found : 321;688;06/20/2023 and 230;773;06/17/2023	[MsgId: MMSG-17999]
    2023-06-17 22:20:14.263 : Sity depart : Los Angeles, Sity arrive : London	[MsgId: MMSG-17999]
    2023-06-17 22:20:26.354 : Found Seat Type : Coach, Seat Pref : Aisle	[MsgId: MMSG-17999]
    2023-06-17 22:20:42.604 : Booking is complect	[MsgId: MMSG-17999]
    2023-06-17 22:20:46.616 : Go to Home Page is complete	[MsgId: MMSG-17999]
    2023-06-17 22:20:51.480 : Booking is created : 57419321-946266-up	[MsgId: MMSG-17999]
    2023-06-17 22:21:00.755 : Booking (57419321-946266-up) is deleted	[MsgId: MMSG-17999]
    2023-06-17 22:21:04.900 : User is logged out of session	[MsgId: MMSG-17999]
