  2023-06-17 14:06:25.972 : IterationNum=1	[MsgId: MMSG-17999]
   USER 1 = user67:pwd67	[MsgId: MMSG-17999]
    2023-06-17 14:06:26.058 : Start page is opened	[MsgId: MMSG-17999]
    2023-06-17 14:06:30.874 : User is logged in with session 136653.93163224HAcQVDzpzAiDDDDDtcVHtpiVQzf	[MsgId: MMSG-17999]
    2023-06-17 14:06:36.952 : User is logged out of session	[MsgId: MMSG-17999]
  2023-06-17 14:08:31.984 : IterationNum=2	[MsgId: MMSG-17999]
   USER 2 = user67:pwd67	[MsgId: MMSG-17999]
    2023-06-17 14:08:32.077 : Start page is opened	[MsgId: MMSG-17999]
    2023-06-17 14:08:37.140 : User is logged in with session 136653.941838801HAcQVDHpVDDDDDDDtcVHtpicci	[MsgId: MMSG-17999]
    2023-06-17 14:08:41.827 : User is logged out of session	[MsgId: MMSG-17999]
  2023-06-17 14:10:38.000 : IterationNum=3	[MsgId: MMSG-17999]
   USER 3 = user67:pwd67	[MsgId: MMSG-17999]
    2023-06-17 14:10:38.093 : Start page is opened	[MsgId: MMSG-17999]
    2023-06-17 14:10:43.732 : User is logged in with session 136653.952045363HAcQVDHpzfiDDDDDtcVHtpicfQf	[MsgId: MMSG-17999]
    2023-06-17 14:10:49.633 : User is logged out of session	[MsgId: MMSG-17999]
  2023-06-17 14:12:44.007 : IterationNum=4	[MsgId: MMSG-17999]
   USER 4 = user67:pwd67	[MsgId: MMSG-17999]
    2023-06-17 14:12:44.101 : Start page is opened	[MsgId: MMSG-17999]
    2023-06-17 14:12:49.696 : User is logged in with session 136653.962251924HAcQVDipViDDDDDDtcVHtpicQV	[MsgId: MMSG-17999]
    2023-06-17 14:12:53.955 : User is logged out of session	[MsgId: MMSG-17999]
  2023-06-17 14:14:50.013 : IterationNum=5	[MsgId: MMSG-17999]
   USER 5 = user67:pwd67	[MsgId: MMSG-17999]
    2023-06-17 14:14:50.108 : Start page is opened	[MsgId: MMSG-17999]
    2023-06-17 14:14:54.054 : User is logged in with session 136653.972458485HAcQVDipHAiDDDDDtcVHtpiDccf	[MsgId: MMSG-17999]
    2023-06-17 14:14:59.383 : User is logged out of session	[MsgId: MMSG-17999]
  2023-06-17 14:16:56.028 : IterationNum=6	[MsgId: MMSG-17999]
   USER 6 = user67:pwd67	[MsgId: MMSG-17999]
    2023-06-17 14:16:56.121 : Start page is opened	[MsgId: MMSG-17999]
    2023-06-17 14:17:00.923 : User is logged in with session 136653.982665047HAcQVDQpcDDDDDDDtcVHtpiDft	[MsgId: MMSG-17999]
    2023-06-17 14:17:06.538 : User is logged out of session	[MsgId: MMSG-17999]
  2023-06-17 14:19:02.043 : IterationNum=7	[MsgId: MMSG-17999]
   USER 7 = user67:pwd67	[MsgId: MMSG-17999]
    2023-06-17 14:19:02.138 : Start page is opened	[MsgId: MMSG-17999]
    2023-06-17 14:19:06.190 : User is logged in with session 136653.992871608HAcQVDQpHfiDDDDDtcVHtpiDiff	[MsgId: MMSG-17999]
    2023-06-17 14:19:10.173 : User is logged out of session	[MsgId: MMSG-17999]
  2023-06-17 14:21:08.056 : IterationNum=8	[MsgId: MMSG-17999]
   USER 8 = user67:pwd67	[MsgId: MMSG-17999]
    2023-06-17 14:21:08.150 : Start page is opened	[MsgId: MMSG-17999]
    2023-06-17 14:21:13.800 : User is logged in with session 136654.003078169HAcQVtApciDDDDDDtcVHtpitVH	[MsgId: MMSG-17999]
    2023-06-17 14:21:18.961 : User is logged out of session	[MsgId: MMSG-17999]
  2023-06-17 14:23:14.069 : IterationNum=9	[MsgId: MMSG-17999]
   USER 9 = user67:pwd67	[MsgId: MMSG-17999]
    2023-06-17 14:23:14.164 : Start page is opened	[MsgId: MMSG-17999]
    2023-06-17 14:23:18.272 : User is logged in with session 136654.013284731HAcQVtApiAiDDDDDtcVHtpittif	[MsgId: MMSG-17999]
    2023-06-17 14:23:23.765 : User is logged out of session	[MsgId: MMSG-17999]
  2023-06-17 14:25:20.077 : IterationNum=10	[MsgId: MMSG-17999]
   USER 10 = user67:pwd67	[MsgId: MMSG-17999]
    2023-06-17 14:25:20.172 : Start page is opened	[MsgId: MMSG-17999]
    2023-06-17 14:25:26.281 : User is logged in with session 136654.023491292HAcQVtVpDDDDDDDDtcVHtpiti	[MsgId: MMSG-17999]
    2023-06-17 14:25:30.643 : User is logged out of session	[MsgId: MMSG-17999]
  2023-06-17 14:27:26.078 : IterationNum=11	[MsgId: MMSG-17999]
   USER 11 = user67:pwd67	[MsgId: MMSG-17999]
    2023-06-17 14:27:26.173 : Start page is opened	[MsgId: MMSG-17999]
    2023-06-17 14:27:30.425 : User is logged in with session 136654.033697853HAcQVtVpifiDDDDDtcVHtpifVVf	[MsgId: MMSG-17999]
    2023-06-17 14:27:35.084 : User is logged out of session	[MsgId: MMSG-17999]
  2023-06-17 14:29:32.091 : IterationNum=12	[MsgId: MMSG-17999]
   USER 12 = user67:pwd67	[MsgId: MMSG-17999]
    2023-06-17 14:29:32.183 : Start page is opened	[MsgId: MMSG-17999]
    2023-06-17 14:29:36.103 : User is logged in with session 136654.043904415HAcQVtcpDiDDDDDDtcVHtpiftD	[MsgId: MMSG-17999]
    2023-06-17 14:29:41.976 : User is logged out of session	[MsgId: MMSG-17999]
  2023-06-17 14:31:38.103 : IterationNum=13	[MsgId: MMSG-17999]
   USER 13 = user67:pwd67	[MsgId: MMSG-17999]
    2023-06-17 14:31:38.196 : Start page is opened	[MsgId: MMSG-17999]
    2023-06-17 14:31:42.782 : User is logged in with session 136654.054110976HAcQVtcpQAiDDDDDtcVHtpifHtf	[MsgId: MMSG-17999]
    2023-06-17 14:31:47.779 : User is logged out of session	[MsgId: MMSG-17999]
  2023-06-17 14:33:44.109 : IterationNum=14	[MsgId: MMSG-17999]
   USER 14 = user67:pwd67	[MsgId: MMSG-17999]
    2023-06-17 14:33:44.203 : Start page is opened	[MsgId: MMSG-17999]
    2023-06-17 14:33:50.571 : User is logged in with session 136654.064317537HAcQVtDptDDDDDDDtcVHtpizAz	[MsgId: MMSG-17999]
    2023-06-17 14:33:56.847 : User is logged out of session	[MsgId: MMSG-17999]
  2023-06-17 14:35:50.123 : IterationNum=15	[MsgId: MMSG-17999]
   USER 15 = user67:pwd67	[MsgId: MMSG-17999]
    2023-06-17 14:35:50.218 : Start page is opened	[MsgId: MMSG-17999]
    2023-06-17 14:35:54.488 : User is logged in with session 136654.074524099HAcQVtDpQfiDDDDDtcVHtpizDHf	[MsgId: MMSG-17999]
    2023-06-17 14:35:58.389 : User is logged out of session	[MsgId: MMSG-17999]
  2023-06-17 14:37:56.137 : IterationNum=16	[MsgId: MMSG-17999]
   USER 16 = user67:pwd67	[MsgId: MMSG-17999]
    2023-06-17 14:37:56.231 : Start page is opened	[MsgId: MMSG-17999]
    2023-06-17 14:38:02.537 : User is logged in with session 136654.08473066HAcQVttptiDDDDDDtcVHtpizzQ	[MsgId: MMSG-17999]
    2023-06-17 14:38:07.742 : User is logged out of session	[MsgId: MMSG-17999]
  2023-06-17 14:40:02.152 : IterationNum=17	[MsgId: MMSG-17999]
   USER 17 = user67:pwd67	[MsgId: MMSG-17999]
    2023-06-17 14:40:02.246 : Start page is opened	[MsgId: MMSG-17999]
    2023-06-17 14:40:08.055 : User is logged in with session 136654.094937222HAcQVtfpAAiDDDDDtcVHtpiHAAf	[MsgId: MMSG-17999]
    2023-06-17 14:40:12.465 : User is logged out of session	[MsgId: MMSG-17999]
  2023-06-17 14:42:08.154 : IterationNum=18	[MsgId: MMSG-17999]
   USER 18 = user67:pwd67	[MsgId: MMSG-17999]
    2023-06-17 14:42:08.248 : Start page is opened	[MsgId: MMSG-17999]
    2023-06-17 14:42:12.186 : User is logged in with session 136654.105143783HAcQVtfpfDDDDDDDtcVHtpiHDc	[MsgId: MMSG-17999]
    2023-06-17 14:42:17.045 : User is logged out of session	[MsgId: MMSG-17999]
  2023-06-17 14:44:14.169 : IterationNum=19	[MsgId: MMSG-17999]
   USER 19 = user67:pwd67	[MsgId: MMSG-17999]
    2023-06-17 14:44:14.263 : Start page is opened	[MsgId: MMSG-17999]
    2023-06-17 14:44:20.590 : User is logged in with session 136654.115350344HAcQVtzpAfiDDDDDtcVHtpiHzDf	[MsgId: MMSG-17999]
    2023-06-17 14:44:25.290 : User is logged out of session	[MsgId: MMSG-17999]
  2023-06-17 14:46:20.172 : IterationNum=20	[MsgId: MMSG-17999]
   USER 20 = user67:pwd67	[MsgId: MMSG-17999]
    2023-06-17 14:46:20.266 : Start page is opened	[MsgId: MMSG-17999]
    2023-06-17 14:46:26.295 : User is logged in with session 136654.125556906HAcQVtzpfiDDDDDDtcVHtpiHQf	[MsgId: MMSG-17999]
    2023-06-17 14:46:30.233 : User is logged out of session	[MsgId: MMSG-17999]
  2023-06-17 14:48:26.184 : IterationNum=21	[MsgId: MMSG-17999]
   USER 21 = user67:pwd67	[MsgId: MMSG-17999]
    2023-06-17 14:48:26.277 : Start page is opened	[MsgId: MMSG-17999]
    2023-06-17 14:48:30.934 : User is logged in with session 136654.135763467HAcQVtHpVAiDDDDDtcVHtpiiczf	[MsgId: MMSG-17999]
    2023-06-17 14:48:36.982 : User is logged out of session	[MsgId: MMSG-17999]
  2023-06-17 14:50:32.191 : IterationNum=22	[MsgId: MMSG-17999]
   USER 22 = user67:pwd67	[MsgId: MMSG-17999]
    2023-06-17 14:50:32.285 : Start page is opened	[MsgId: MMSG-17999]
    2023-06-17 14:50:37.748 : User is logged in with session 136654.145970028HAcQVtHpzDDDDDDDtcVHtpiifi	[MsgId: MMSG-17999]
    2023-06-17 14:50:42.354 : User is logged out of session	[MsgId: MMSG-17999]
  2023-06-17 14:52:38.203 : IterationNum=23	[MsgId: MMSG-17999]
   USER 23 = user67:pwd67	[MsgId: MMSG-17999]
    2023-06-17 14:52:38.297 : Start page is opened	[MsgId: MMSG-17999]
    2023-06-17 14:52:44.014 : User is logged in with session 136654.15617659HAcQVtipVfiDDDDDtcVHtpiiiQf	[MsgId: MMSG-17999]
    2023-06-17 14:52:49.989 : User is logged out of session	[MsgId: MMSG-17999]
  2023-06-17 14:54:44.216 : IterationNum=24	[MsgId: MMSG-17999]
   USER 24 = user67:pwd67	[MsgId: MMSG-17999]
    2023-06-17 14:54:44.310 : Start page is opened	[MsgId: MMSG-17999]
    2023-06-17 14:54:48.705 : User is logged in with session 136654.166383151HAcQVtipziDDDDDDtcVHtpiQcV	[MsgId: MMSG-17999]
    2023-06-17 14:54:53.276 : User is logged out of session	[MsgId: MMSG-17999]
  2023-06-17 14:56:50.231 : IterationNum=25	[MsgId: MMSG-17999]
   USER 25 = user67:pwd67	[MsgId: MMSG-17999]
    2023-06-17 14:56:50.325 : Start page is opened	[MsgId: MMSG-17999]
    2023-06-17 14:56:54.263 : User is logged in with session 136654.176589712HAcQVtQpcAiDDDDDtcVHtpiQfcf	[MsgId: MMSG-17999]
    2023-06-17 14:56:58.664 : User is logged out of session	[MsgId: MMSG-17999]
  2023-06-17 14:58:56.233 : IterationNum=26	[MsgId: MMSG-17999]
   USER 26 = user67:pwd67	[MsgId: MMSG-17999]
    2023-06-17 14:58:56.328 : Start page is opened	[MsgId: MMSG-17999]
    2023-06-17 14:59:01.218 : User is logged in with session 136654.186796274HAcQVtQpHDDDDDDDtcVHtpiQit	[MsgId: MMSG-17999]
    2023-06-17 14:59:05.499 : User is logged out of session	[MsgId: MMSG-17999]
  2023-06-17 15:01:02.243 : IterationNum=27	[MsgId: MMSG-17999]
   USER 27 = user67:pwd67	[MsgId: MMSG-17999]
    2023-06-17 15:01:02.338 : Start page is opened	[MsgId: MMSG-17999]
    2023-06-17 15:01:08.036 : User is logged in with session 136654.197002835HAcQVfApcfiDDDDDtcVHtpQAVff	[MsgId: MMSG-17999]
    2023-06-17 15:01:12.821 : User is logged out of session	[MsgId: MMSG-17999]
  2023-06-17 15:03:08.246 : IterationNum=28	[MsgId: MMSG-17999]
   USER 28 = user67:pwd67	[MsgId: MMSG-17999]
    2023-06-17 15:03:08.340 : Start page is opened	[MsgId: MMSG-17999]
    2023-06-17 15:03:14.195 : User is logged in with session 136654.207209397HAcQVfApHiDDDDDDtcVHtpQAtH	[MsgId: MMSG-17999]
    2023-06-17 15:03:18.779 : User is logged out of session	[MsgId: MMSG-17999]
  2023-06-17 15:05:14.255 : IterationNum=29	[MsgId: MMSG-17999]
   USER 29 = user67:pwd67	[MsgId: MMSG-17999]
    2023-06-17 15:05:14.349 : Start page is opened	[MsgId: MMSG-17999]
    2023-06-17 15:05:18.690 : User is logged in with session 136654.217415958HAcQVfVpDAiDDDDDtcVHtpQAHif	[MsgId: MMSG-17999]
    2023-06-17 15:05:23.457 : User is logged out of session	[MsgId: MMSG-17999]
  2023-06-17 15:07:20.263 : IterationNum=30	[MsgId: MMSG-17999]
   USER 30 = user67:pwd67	[MsgId: MMSG-17999]
    2023-06-17 15:07:20.357 : Start page is opened	[MsgId: MMSG-17999]
    2023-06-17 15:07:25.573 : User is logged in with session 136654.227622519HAcQVfVpiDDDDDDDtcVHtpQVV	[MsgId: MMSG-17999]
    2023-06-17 15:07:31.709 : User is logged out of session	[MsgId: MMSG-17999]
  2023-06-17 15:09:26.271 : IterationNum=31	[MsgId: MMSG-17999]
   USER 31 = user67:pwd67	[MsgId: MMSG-17999]
    2023-06-17 15:09:26.366 : Start page is opened	[MsgId: MMSG-17999]
    2023-06-17 15:09:31.155 : User is logged in with session 136654.237829081HAcQVfcpDfiDDDDDtcVHtpQVtVf	[MsgId: MMSG-17999]
    2023-06-17 15:09:37.347 : User is logged out of session	[MsgId: MMSG-17999]
  2023-06-17 15:11:32.277 : IterationNum=32	[MsgId: MMSG-17999]
   USER 32 = user67:pwd67	[MsgId: MMSG-17999]
    2023-06-17 15:11:32.371 : Start page is opened	[MsgId: MMSG-17999]
    2023-06-17 15:11:38.318 : User is logged in with session 136654.248035642HAcQVfcpiiDDDDDDtcVHtpQVHD	[MsgId: MMSG-17999]
    2023-06-17 15:11:44.193 : User is logged out of session	[MsgId: MMSG-17999]
  2023-06-17 15:13:38.291 : IterationNum=33	[MsgId: MMSG-17999]
   USER 33 = user67:pwd67	[MsgId: MMSG-17999]
    2023-06-17 15:13:38.385 : Start page is opened	[MsgId: MMSG-17999]
    2023-06-17 15:13:43.751 : User is logged in with session 136654.258242203HAcQVfDptAiDDDDDtcVHtpQcAtf	[MsgId: MMSG-17999]
    2023-06-17 15:13:50.077 : User is logged out of session	[MsgId: MMSG-17999]
  2023-06-17 15:15:44.305 : IterationNum=34	[MsgId: MMSG-17999]
   USER 34 = user67:pwd67	[MsgId: MMSG-17999]
    2023-06-17 15:15:44.399 : Start page is opened	[MsgId: MMSG-17999]
    2023-06-17 15:15:50.046 : User is logged in with session 136654.268448765HAcQVfDpQDDDDDDDtcVHtpQcDz	[MsgId: MMSG-17999]
    2023-06-17 15:15:54.413 : User is logged out of session	[MsgId: MMSG-17999]
  2023-06-17 15:17:50.308 : IterationNum=35	[MsgId: MMSG-17999]
   USER 35 = user67:pwd67	[MsgId: MMSG-17999]
    2023-06-17 15:17:50.403 : Start page is opened	[MsgId: MMSG-17999]
    2023-06-17 15:17:54.430 : User is logged in with session 136654.278655326HAcQVftptfiDDDDDtcVHtpQczHf	[MsgId: MMSG-17999]
    2023-06-17 15:17:58.405 : User is logged out of session	[MsgId: MMSG-17999]
  2023-06-17 15:19:56.316 : IterationNum=36	[MsgId: MMSG-17999]
   USER 36 = user67:pwd67	[MsgId: MMSG-17999]
    2023-06-17 15:19:56.410 : Start page is opened	[MsgId: MMSG-17999]
    2023-06-17 15:20:02.624 : User is logged in with session 136654.288861887HAcQVftpQiDDDDDDtcVHtpQcQQ	[MsgId: MMSG-17999]
    2023-06-17 15:20:06.764 : User is logged out of session	[MsgId: MMSG-17999]
  2023-06-17 15:22:02.330 : IterationNum=37	[MsgId: MMSG-17999]
   USER 37 = user67:pwd67	[MsgId: MMSG-17999]
    2023-06-17 15:22:02.422 : Start page is opened	[MsgId: MMSG-17999]
    2023-06-17 15:22:08.289 : User is logged in with session 136654.299068449HAcQVffpfAiDDDDDtcVHtpQDDAf	[MsgId: MMSG-17999]
    2023-06-17 15:22:13.277 : User is logged out of session	[MsgId: MMSG-17999]
  2023-06-17 15:24:08.338 : IterationNum=38	[MsgId: MMSG-17999]
   USER 38 = user67:pwd67	[MsgId: MMSG-17999]
    2023-06-17 15:24:08.432 : Start page is opened	[MsgId: MMSG-17999]
    2023-06-17 15:24:13.644 : User is logged in with session 136654.30927501HAcQVfzpADDDDDDDtcVHtpQDzc	[MsgId: MMSG-17999]
    2023-06-17 15:24:19.318 : User is logged out of session	[MsgId: MMSG-17999]
  2023-06-17 15:26:14.340 : IterationNum=39	[MsgId: MMSG-17999]
   USER 39 = user67:pwd67	[MsgId: MMSG-17999]
    2023-06-17 15:26:14.434 : Start page is opened	[MsgId: MMSG-17999]
    2023-06-17 15:26:20.115 : User is logged in with session 136654.319481572HAcQVfzpffiDDDDDtcVHtpQDQDf	[MsgId: MMSG-17999]
    2023-06-17 15:26:25.117 : User is logged out of session	[MsgId: MMSG-17999]
  2023-06-17 15:28:20.347 : IterationNum=40	[MsgId: MMSG-17999]
   USER 40 = user67:pwd67	[MsgId: MMSG-17999]
    2023-06-17 15:28:20.442 : Start page is opened	[MsgId: MMSG-17999]
    2023-06-17 15:28:24.891 : User is logged in with session 136654.329688133HAcQVfHpAiDDDDDDtcVHtpQtcf	[MsgId: MMSG-17999]
    2023-06-17 15:28:30.557 : User is logged out of session	[MsgId: MMSG-17999]
  2023-06-17 15:30:26.348 : IterationNum=41	[MsgId: MMSG-17999]
   USER 41 = user67:pwd67	[MsgId: MMSG-17999]
    2023-06-17 15:30:26.442 : Start page is opened	[MsgId: MMSG-17999]
    2023-06-17 15:30:32.657 : User is logged in with session 136654.339894694HAcQVfHpzAiDDDDDtcVHtpQtfzf	[MsgId: MMSG-17999]
    2023-06-17 15:30:37.351 : User is logged out of session	[MsgId: MMSG-17999]
  2023-06-17 15:32:32.358 : IterationNum=42	[MsgId: MMSG-17999]
   USER 42 = user67:pwd67	[MsgId: MMSG-17999]
    2023-06-17 15:32:32.451 : Start page is opened	[MsgId: MMSG-17999]
    2023-06-17 15:32:37.378 : User is logged in with session 136654.350101256HAcQVfipVDDDDDDDtcVHtpQtii	[MsgId: MMSG-17999]
    2023-06-17 15:32:42.033 : User is logged out of session	[MsgId: MMSG-17999]
  2023-06-17 15:34:38.370 : IterationNum=43	[MsgId: MMSG-17999]
   USER 43 = user67:pwd67	[MsgId: MMSG-17999]
    2023-06-17 15:34:38.463 : Start page is opened	[MsgId: MMSG-17999]
    2023-06-17 15:34:44.745 : User is logged in with session 136654.360307817HAcQVfipzfiDDDDDtcVHtpQfVQf	[MsgId: MMSG-17999]
    2023-06-17 15:34:48.957 : User is logged out of session	[MsgId: MMSG-17999]
  2023-06-17 15:36:44.384 : IterationNum=44	[MsgId: MMSG-17999]
   USER 44 = user67:pwd67	[MsgId: MMSG-17999]
    2023-06-17 15:36:44.478 : Start page is opened	[MsgId: MMSG-17999]
    2023-06-17 15:36:49.477 : User is logged in with session 136654.370514378HAcQVfQpViDDDDDDtcVHtpQffV	[MsgId: MMSG-17999]
    2023-06-17 15:36:53.837 : User is logged out of session	[MsgId: MMSG-17999]
  2023-06-17 15:38:50.392 : IterationNum=45	[MsgId: MMSG-17999]
   USER 45 = user67:pwd67	[MsgId: MMSG-17999]
    2023-06-17 15:38:50.487 : Start page is opened	[MsgId: MMSG-17999]
    2023-06-17 15:38:56.453 : User is logged in with session 136654.38072094HAcQVfQpHAiDDDDDtcVHtpQficf	[MsgId: MMSG-17999]
    2023-06-17 15:39:00.804 : User is logged out of session	[MsgId: MMSG-17999]
  2023-06-17 15:40:56.401 : IterationNum=46	[MsgId: MMSG-17999]
   USER 46 = user67:pwd67	[MsgId: MMSG-17999]
    2023-06-17 15:40:56.495 : Start page is opened	[MsgId: MMSG-17999]
    2023-06-17 15:41:01.228 : User is logged in with session 136654.390927501HAcQVzApcDDDDDDDtcVHtpQzVt	[MsgId: MMSG-17999]
    2023-06-17 15:41:07.297 : User is logged out of session	[MsgId: MMSG-17999]
  2023-06-17 15:43:02.402 : IterationNum=47	[MsgId: MMSG-17999]
   USER 47 = user67:pwd67	[MsgId: MMSG-17999]
    2023-06-17 15:43:02.497 : Start page is opened	[MsgId: MMSG-17999]
    2023-06-17 15:43:08.365 : User is logged in with session 136654.401134062HAcQVzApHfiDDDDDtcVHtpQztff	[MsgId: MMSG-17999]
    2023-06-17 15:43:13.384 : User is logged out of session	[MsgId: MMSG-17999]
  2023-06-17 15:45:08.417 : IterationNum=48	[MsgId: MMSG-17999]
   USER 48 = user67:pwd67	[MsgId: MMSG-17999]
    2023-06-17 15:45:08.510 : Start page is opened	[MsgId: MMSG-17999]
    2023-06-17 15:45:13.434 : User is logged in with session 136654.411340624HAcQVzVpciDDDDDDtcVHtpQzHH	[MsgId: MMSG-17999]
    2023-06-17 15:45:17.876 : User is logged out of session	[MsgId: MMSG-17999]
  2023-06-17 15:47:14.425 : IterationNum=49	[MsgId: MMSG-17999]
   USER 49 = user67:pwd67	[MsgId: MMSG-17999]
    2023-06-17 15:47:14.520 : Start page is opened	[MsgId: MMSG-17999]
    2023-06-17 15:47:19.157 : User is logged in with session 136654.421547185HAcQVzVpiAiDDDDDtcVHtpQHAif	[MsgId: MMSG-17999]
    2023-06-17 15:47:24.790 : User is logged out of session	[MsgId: MMSG-17999]
  2023-06-17 15:49:20.435 : IterationNum=50	[MsgId: MMSG-17999]
   USER 50 = user67:pwd67	[MsgId: MMSG-17999]
    2023-06-17 15:49:20.529 : Start page is opened	[MsgId: MMSG-17999]
    2023-06-17 15:49:26.189 : User is logged in with session 136654.431753746HAcQVzcpDDDDDDDDtcVHtpQHt	[MsgId: MMSG-17999]
    2023-06-17 15:49:31.655 : User is logged out of session	[MsgId: MMSG-17999]
  2023-06-17 15:51:26.449 : IterationNum=51	[MsgId: MMSG-17999]
   USER 51 = user67:pwd67	[MsgId: MMSG-17999]
    2023-06-17 15:51:26.543 : Start page is opened	[MsgId: MMSG-17999]
    2023-06-17 15:51:30.998 : User is logged in with session 136654.441960308HAcQVzcpifiDDDDDtcVHtpQHHVf	[MsgId: MMSG-17999]
    2023-06-17 15:51:35.170 : User is logged out of session	[MsgId: MMSG-17999]
  2023-06-17 15:53:32.464 : IterationNum=52	[MsgId: MMSG-17999]
   USER 52 = user67:pwd67	[MsgId: MMSG-17999]
    2023-06-17 15:53:32.557 : Start page is opened	[MsgId: MMSG-17999]
    2023-06-17 15:53:36.968 : User is logged in with session 136654.452166869HAcQVzDpDiDDDDDDtcVHtpQiAD	[MsgId: MMSG-17999]
    2023-06-17 15:53:41.690 : User is logged out of session	[MsgId: MMSG-17999]
  2023-06-17 15:55:38.479 : IterationNum=53	[MsgId: MMSG-17999]
   USER 53 = user67:pwd67	[MsgId: MMSG-17999]
    2023-06-17 15:55:38.573 : Start page is opened	[MsgId: MMSG-17999]
    2023-06-17 15:55:42.507 : User is logged in with session 136654.462373431HAcQVzDpQAiDDDDDtcVHtpQiDtf	[MsgId: MMSG-17999]
    2023-06-17 15:55:47.795 : User is logged out of session	[MsgId: MMSG-17999]
  2023-06-17 15:57:44.483 : IterationNum=54	[MsgId: MMSG-17999]
   USER 54 = user67:pwd67	[MsgId: MMSG-17999]
    2023-06-17 15:57:44.578 : Start page is opened	[MsgId: MMSG-17999]
    2023-06-17 15:57:50.797 : User is logged in with session 136654.472579992HAcQVztptDDDDDDDtcVHtpQizz	[MsgId: MMSG-17999]
    2023-06-17 15:57:55.409 : User is logged out of session	[MsgId: MMSG-17999]
  2023-06-17 15:59:50.491 : IterationNum=55	[MsgId: MMSG-17999]
   USER 55 = user67:pwd67	[MsgId: MMSG-17999]
    2023-06-17 15:59:50.586 : Start page is opened	[MsgId: MMSG-17999]
    2023-06-17 15:59:54.611 : User is logged in with session 136654.482786553HAcQVztpQfiDDDDDtcVHtpQiQHf	[MsgId: MMSG-17999]
    2023-06-17 15:59:59.357 : User is logged out of session	[MsgId: MMSG-17999]
  2023-06-17 16:01:56.506 : IterationNum=56	[MsgId: MMSG-17999]
   USER 56 = user67:pwd67	[MsgId: MMSG-17999]
    2023-06-17 16:01:56.601 : Start page is opened	[MsgId: MMSG-17999]
    2023-06-17 16:02:02.265 : User is logged in with session 136654.492993115HAcQVzfptiDDDDDDtcVHtpQQcQ	[MsgId: MMSG-17999]
    2023-06-17 16:02:06.956 : User is logged out of session	[MsgId: MMSG-17999]
  2023-06-17 16:04:02.513 : IterationNum=57	[MsgId: MMSG-17999]
   USER 57 = user67:pwd67	[MsgId: MMSG-17999]
    2023-06-17 16:04:02.607 : Start page is opened	[MsgId: MMSG-17999]
    2023-06-17 16:04:06.541 : User is logged in with session 136654.503199676HAcQVzzpAAiDDDDDtcVHtpQQzAf	[MsgId: MMSG-17999]
    2023-06-17 16:04:12.427 : User is logged out of session	[MsgId: MMSG-17999]
  2023-06-17 16:06:08.522 : IterationNum=58	[MsgId: MMSG-17999]
   USER 58 = user67:pwd67	[MsgId: MMSG-17999]
    2023-06-17 16:06:08.617 : Start page is opened	[MsgId: MMSG-17999]
    2023-06-17 16:06:14.618 : User is logged in with session 136654.513406237HAcQVzzpfDDDDDDDtcVHtpQQQc	[MsgId: MMSG-17999]
    2023-06-17 16:06:18.799 : User is logged out of session	[MsgId: MMSG-17999]
  2023-06-17 16:08:14.538 : IterationNum=59	[MsgId: MMSG-17999]
   USER 59 = user67:pwd67	[MsgId: MMSG-17999]
    2023-06-17 16:08:14.633 : Start page is opened	[MsgId: MMSG-17999]
    2023-06-17 16:08:18.551 : User is logged in with session 136654.523612799HAcQVzHpAfiDDDDDtcVHfpAAcDf	[MsgId: MMSG-17999]
    2023-06-17 16:08:24.499 : User is logged out of session	[MsgId: MMSG-17999]
  2023-06-17 16:10:20.553 : IterationNum=60	[MsgId: MMSG-17999]
   USER 60 = user67:pwd67	[MsgId: MMSG-17999]
    2023-06-17 16:10:20.648 : Start page is opened	[MsgId: MMSG-17999]
    2023-06-17 16:10:25.792 : User is logged in with session 136654.53381936HAcQVzHpfiDDDDDDtcVHfpAAff	[MsgId: MMSG-17999]
    2023-06-17 16:10:30.621 : User is logged out of session	[MsgId: MMSG-17999]
  2023-06-17 16:12:26.562 : IterationNum=61	[MsgId: MMSG-17999]
   USER 61 = user67:pwd67	[MsgId: MMSG-17999]
    2023-06-17 16:12:26.655 : Start page is opened	[MsgId: MMSG-17999]
    2023-06-17 16:12:32.590 : User is logged in with session 136654.544025921HAcQVzipVAiDDDDDtcVHfpAAizf	[MsgId: MMSG-17999]
    2023-06-17 16:12:37.820 : User is logged out of session	[MsgId: MMSG-17999]
  2023-06-17 16:14:32.568 : IterationNum=62	[MsgId: MMSG-17999]
   USER 62 = user67:pwd67	[MsgId: MMSG-17999]
    2023-06-17 16:14:32.663 : Start page is opened	[MsgId: MMSG-17999]
    2023-06-17 16:14:37.200 : User is logged in with session 136654.554232483HAcQVzipzDDDDDDDtcVHfpAVVi	[MsgId: MMSG-17999]
    2023-06-17 16:14:42.169 : User is logged out of session	[MsgId: MMSG-17999]
  2023-06-17 16:16:38.575 : IterationNum=63	[MsgId: MMSG-17999]
   USER 63 = user67:pwd67	[MsgId: MMSG-17999]
    2023-06-17 16:16:38.668 : Start page is opened	[MsgId: MMSG-17999]
    2023-06-17 16:16:43.193 : User is logged in with session 136654.564439044HAcQVzQpVfiDDDDDtcVHfpAVtQf	[MsgId: MMSG-17999]
    2023-06-17 16:16:47.211 : User is logged out of session	[MsgId: MMSG-17999]
  2023-06-17 16:18:44.588 : IterationNum=64	[MsgId: MMSG-17999]
   USER 64 = user67:pwd67	[MsgId: MMSG-17999]
    2023-06-17 16:18:44.682 : Start page is opened	[MsgId: MMSG-17999]
    2023-06-17 16:18:50.037 : User is logged in with session 136654.574645606HAcQVzQpziDDDDDDtcVHfpAViV	[MsgId: MMSG-17999]
    2023-06-17 16:18:53.974 : User is logged out of session	[MsgId: MMSG-17999]
  2023-06-17 16:20:50.600 : IterationNum=65	[MsgId: MMSG-17999]
   USER 65 = user67:pwd67	[MsgId: MMSG-17999]
    2023-06-17 16:20:50.695 : Start page is opened	[MsgId: MMSG-17999]
    2023-06-17 16:20:54.668 : User is logged in with session 136654.584852167HAcQVHApcAiDDDDDtcVHfpAcVcf	[MsgId: MMSG-17999]
    2023-06-17 16:21:00.570 : User is logged out of session	[MsgId: MMSG-17999]
  2023-06-17 16:22:56.607 : IterationNum=66	[MsgId: MMSG-17999]
   USER 66 = user67:pwd67	[MsgId: MMSG-17999]
    2023-06-17 16:22:56.702 : Start page is opened	[MsgId: MMSG-17999]
    2023-06-17 16:23:01.091 : User is logged in with session 136654.595058728HAcQVHApHDDDDDDDtcVHfpActt	[MsgId: MMSG-17999]
    2023-06-17 16:23:06.575 : User is logged out of session	[MsgId: MMSG-17999]
  2023-06-17 16:25:02.621 : IterationNum=67	[MsgId: MMSG-17999]
   USER 67 = user67:pwd67	[MsgId: MMSG-17999]
    2023-06-17 16:25:02.715 : Start page is opened	[MsgId: MMSG-17999]
    2023-06-17 16:25:08.207 : User is logged in with session 136654.60526529HAcQVHVpcfiDDDDDtcVHfpAcHff	[MsgId: MMSG-17999]
    2023-06-17 16:25:14.237 : User is logged out of session	[MsgId: MMSG-17999]
  2023-06-17 16:27:08.626 : IterationNum=68	[MsgId: MMSG-17999]
   USER 68 = user67:pwd67	[MsgId: MMSG-17999]
    2023-06-17 16:27:08.720 : Start page is opened	[MsgId: MMSG-17999]
    2023-06-17 16:27:14.282 : User is logged in with session 136654.615471851HAcQVHVpHiDDDDDDtcVHfpADAH	[MsgId: MMSG-17999]
    2023-06-17 16:27:18.300 : User is logged out of session	[MsgId: MMSG-17999]
  2023-06-17 16:29:14.636 : IterationNum=69	[MsgId: MMSG-17999]
   USER 69 = user67:pwd67	[MsgId: MMSG-17999]
    2023-06-17 16:29:14.731 : Start page is opened	[MsgId: MMSG-17999]
    2023-06-17 16:29:20.421 : User is logged in with session 136654.625678412HAcQVHcpDAiDDDDDtcVHfpADDif	[MsgId: MMSG-17999]
    2023-06-17 16:29:25.194 : User is logged out of session	[MsgId: MMSG-17999]
  2023-06-17 16:31:20.647 : IterationNum=70	[MsgId: MMSG-17999]
   USER 70 = user67:pwd67	[MsgId: MMSG-17999]
    2023-06-17 16:31:20.742 : Start page is opened	[MsgId: MMSG-17999]
    2023-06-17 16:31:26.825 : User is logged in with session 136654.635884974HAcQVHcpiDDDDDDDtcVHfpADH	[MsgId: MMSG-17999]
    2023-06-17 16:31:31.076 : User is logged out of session	[MsgId: MMSG-17999]
  2023-06-17 16:33:26.661 : IterationNum=71	[MsgId: MMSG-17999]
   USER 71 = user67:pwd67	[MsgId: MMSG-17999]
    2023-06-17 16:33:26.755 : Start page is opened	[MsgId: MMSG-17999]
    2023-06-17 16:33:30.773 : User is logged in with session 136654.646091535HAcQVHDpDfiDDDDDtcVHfpAtAVf	[MsgId: MMSG-17999]
    2023-06-17 16:33:35.966 : User is logged out of session	[MsgId: MMSG-17999]
  2023-06-17 16:35:32.672 : IterationNum=72	[MsgId: MMSG-17999]
   USER 72 = user67:pwd67	[MsgId: MMSG-17999]
    2023-06-17 16:35:32.766 : Start page is opened	[MsgId: MMSG-17999]
    2023-06-17 16:35:37.160 : User is logged in with session 136654.656298096HAcQVHDpiiDDDDDDtcVHfpAtDD	[MsgId: MMSG-17999]
    2023-06-17 16:35:41.078 : User is logged out of session	[MsgId: MMSG-17999]
  2023-06-17 16:37:38.675 : IterationNum=73	[MsgId: MMSG-17999]
   USER 73 = user67:pwd67	[MsgId: MMSG-17999]
    2023-06-17 16:37:38.769 : Start page is opened	[MsgId: MMSG-17999]
    2023-06-17 16:37:42.695 : User is logged in with session 136654.666504658HAcQVHtptAiDDDDDtcVHfpAtztf	[MsgId: MMSG-17999]
    2023-06-17 16:37:48.624 : User is logged out of session	[MsgId: MMSG-17999]
  2023-06-17 16:39:44.684 : IterationNum=74	[MsgId: MMSG-17999]
   USER 74 = user67:pwd67	[MsgId: MMSG-17999]
    2023-06-17 16:39:44.779 : Start page is opened	[MsgId: MMSG-17999]
    2023-06-17 16:39:50.237 : User is logged in with session 136654.676711219HAcQVHtpQDDDDDDDtcVHfpAtQz	[MsgId: MMSG-17999]
    2023-06-17 16:39:54.498 : User is logged out of session	[MsgId: MMSG-17999]
  2023-06-17 16:41:50.690 : IterationNum=75	[MsgId: MMSG-17999]
   USER 75 = user67:pwd67	[MsgId: MMSG-17999]
    2023-06-17 16:41:50.785 : Start page is opened	[MsgId: MMSG-17999]
    2023-06-17 16:41:55.608 : User is logged in with session 136654.68691778HAcQVHfptfiDDDDDtcVHfpAfcHf	[MsgId: MMSG-17999]
    2023-06-17 16:42:01.229 : User is logged out of session	[MsgId: MMSG-17999]
  2023-06-17 16:43:56.704 : IterationNum=76	[MsgId: MMSG-17999]
   USER 76 = user67:pwd67	[MsgId: MMSG-17999]
    2023-06-17 16:43:56.798 : Start page is opened	[MsgId: MMSG-17999]
    2023-06-17 16:44:02.388 : User is logged in with session 136654.697124342HAcQVHfpQiDDDDDDtcVHfpAffQ	[MsgId: MMSG-17999]
    2023-06-17 16:44:06.529 : User is logged out of session	[MsgId: MMSG-17999]
  2023-06-17 16:46:02.719 : IterationNum=77	[MsgId: MMSG-17999]
   USER 77 = user67:pwd67	[MsgId: MMSG-17999]
    2023-06-17 16:46:02.813 : Start page is opened	[MsgId: MMSG-17999]
    2023-06-17 16:46:07.781 : User is logged in with session 136654.707330903HAcQVHzpfAiDDDDDtcVHfpAfQAf	[MsgId: MMSG-17999]
    2023-06-17 16:46:11.858 : User is logged out of session	[MsgId: MMSG-17999]
  2023-06-17 16:48:08.730 : IterationNum=78	[MsgId: MMSG-17999]
   USER 78 = user67:pwd67	[MsgId: MMSG-17999]
    2023-06-17 16:48:08.823 : Start page is opened	[MsgId: MMSG-17999]
    2023-06-17 16:48:15.084 : User is logged in with session 136654.717537465HAcQVHHpADDDDDDDtcVHfpAzcc	[MsgId: MMSG-17999]
    2023-06-17 16:48:19.967 : User is logged out of session	[MsgId: MMSG-17999]
  2023-06-17 16:50:14.746 : IterationNum=79	[MsgId: MMSG-17999]
   USER 79 = user67:pwd67	[MsgId: MMSG-17999]
    2023-06-17 16:50:14.840 : Start page is opened	[MsgId: MMSG-17999]
    2023-06-17 16:50:20.388 : User is logged in with session 136654.727744026HAcQVHHpffiDDDDDtcVHfpAzfDf	[MsgId: MMSG-17999]
    2023-06-17 16:50:26.355 : User is logged out of session	[MsgId: MMSG-17999]
  2023-06-17 16:52:20.760 : IterationNum=80	[MsgId: MMSG-17999]
   USER 80 = user67:pwd67	[MsgId: MMSG-17999]
    2023-06-17 16:52:20.854 : Start page is opened	[MsgId: MMSG-17999]
    2023-06-17 16:52:25.406 : User is logged in with session 136654.737950587HAcQVHipAiDDDDDDtcVHfpAzif	[MsgId: MMSG-17999]
    2023-06-17 16:52:30.424 : User is logged out of session	[MsgId: MMSG-17999]
  2023-06-17 16:54:26.763 : IterationNum=81	[MsgId: MMSG-17999]
   USER 81 = user67:pwd67	[MsgId: MMSG-17999]
    2023-06-17 16:54:26.858 : Start page is opened	[MsgId: MMSG-17999]
    2023-06-17 16:54:31.189 : User is logged in with session 136654.748157149HAcQVHipzAiDDDDDtcVHfpAHVzf	[MsgId: MMSG-17999]
    2023-06-17 16:54:35.394 : User is logged out of session	[MsgId: MMSG-17999]
  2023-06-17 16:56:32.766 : IterationNum=82	[MsgId: MMSG-17999]
   USER 82 = user67:pwd67	[MsgId: MMSG-17999]
    2023-06-17 16:56:32.860 : Start page is opened	[MsgId: MMSG-17999]
    2023-06-17 16:56:38.577 : User is logged in with session 136654.75836371HAcQVHQpVDDDDDDDtcVHfpAHti	[MsgId: MMSG-17999]
    2023-06-17 16:56:42.904 : User is logged out of session	[MsgId: MMSG-17999]
  2023-06-17 16:58:38.766 : IterationNum=83	[MsgId: MMSG-17999]
   USER 83 = user67:pwd67	[MsgId: MMSG-17999]
    2023-06-17 16:58:38.861 : Start page is opened	[MsgId: MMSG-17999]
    2023-06-17 16:58:43.592 : User is logged in with session 136654.768570271HAcQVHQpzfiDDDDDtcVHfpAHHQf	[MsgId: MMSG-17999]
    2023-06-17 16:58:48.749 : User is logged out of session	[MsgId: MMSG-17999]
  2023-06-17 17:00:44.780 : IterationNum=84	[MsgId: MMSG-17999]
   USER 84 = user67:pwd67	[MsgId: MMSG-17999]
    2023-06-17 17:00:44.875 : Start page is opened	[MsgId: MMSG-17999]
    2023-06-17 17:00:49.217 : User is logged in with session 136654.778776833HAcQViApViDDDDDDtcVHfpAiVV	[MsgId: MMSG-17999]
    2023-06-17 17:00:54.303 : User is logged out of session	[MsgId: MMSG-17999]
  2023-06-17 17:02:50.785 : IterationNum=85	[MsgId: MMSG-17999]
   USER 85 = user67:pwd67	[MsgId: MMSG-17999]
    2023-06-17 17:02:50.880 : Start page is opened	[MsgId: MMSG-17999]
    2023-06-17 17:02:56.314 : User is logged in with session 136654.788983394HAcQViApHAiDDDDDtcVHfpAitcf	[MsgId: MMSG-17999]
    2023-06-17 17:03:01.381 : User is logged out of session	[MsgId: MMSG-17999]
  2023-06-17 17:04:56.791 : IterationNum=86	[MsgId: MMSG-17999]
   USER 86 = user67:pwd67	[MsgId: MMSG-17999]
    2023-06-17 17:04:56.885 : Start page is opened	[MsgId: MMSG-17999]
    2023-06-17 17:05:01.405 : User is logged in with session 136654.799189955HAcQViVpcDDDDDDDtcVHfpAiHt	[MsgId: MMSG-17999]
    2023-06-17 17:05:06.388 : User is logged out of session	[MsgId: MMSG-17999]
  2023-06-17 17:07:02.795 : IterationNum=87	[MsgId: MMSG-17999]
   USER 87 = user67:pwd67	[MsgId: MMSG-17999]
    2023-06-17 17:07:02.889 : Start page is opened	[MsgId: MMSG-17999]
    2023-06-17 17:07:08.168 : User is logged in with session 136654.809396517HAcQViVpHfiDDDDDtcVHfpAQAff	[MsgId: MMSG-17999]
    2023-06-17 17:07:14.246 : User is logged out of session	[MsgId: MMSG-17999]
  2023-06-17 17:09:08.810 : IterationNum=88	[MsgId: MMSG-17999]
   USER 88 = user67:pwd67	[MsgId: MMSG-17999]
    2023-06-17 17:09:08.904 : Start page is opened	[MsgId: MMSG-17999]
    2023-06-17 17:09:13.017 : User is logged in with session 136654.819603078HAcQVicpciDDDDDDtcVHfpAQDH	[MsgId: MMSG-17999]
    2023-06-17 17:09:17.988 : User is logged out of session	[MsgId: MMSG-17999]
  2023-06-17 17:11:14.825 : IterationNum=89	[MsgId: MMSG-17999]
   USER 89 = user67:pwd67	[MsgId: MMSG-17999]
    2023-06-17 17:11:14.919 : Start page is opened	[MsgId: MMSG-17999]
    2023-06-17 17:11:19.375 : User is logged in with session 136654.82980964HAcQVicpiAiDDDDDtcVHfpAQzif	[MsgId: MMSG-17999]
    2023-06-17 17:11:24.436 : User is logged out of session	[MsgId: MMSG-17999]
  2023-06-17 17:13:20.831 : IterationNum=90	[MsgId: MMSG-17999]
   USER 90 = user67:pwd67	[MsgId: MMSG-17999]
    2023-06-17 17:13:20.926 : Start page is opened	[MsgId: MMSG-17999]
    2023-06-17 17:13:25.365 : User is logged in with session 136654.840016201HAcQViDpDDDDDDDDtcVHfpV	[MsgId: MMSG-17999]
    2023-06-17 17:13:29.450 : User is logged out of session	[MsgId: MMSG-17999]
  2023-06-17 17:15:26.844 : IterationNum=91	[MsgId: MMSG-17999]
   USER 91 = user67:pwd67	[MsgId: MMSG-17999]
    2023-06-17 17:15:26.938 : Start page is opened	[MsgId: MMSG-17999]
    2023-06-17 17:15:32.836 : User is logged in with session 136654.850222762HAcQViDpifiDDDDDtcVHfpVADVf	[MsgId: MMSG-17999]
    2023-06-17 17:15:37.278 : User is logged out of session	[MsgId: MMSG-17999]
  2023-06-17 17:17:32.851 : IterationNum=92	[MsgId: MMSG-17999]
   USER 92 = user67:pwd67	[MsgId: MMSG-17999]
    2023-06-17 17:17:32.946 : Start page is opened	[MsgId: MMSG-17999]
    2023-06-17 17:17:39.013 : User is logged in with session 136654.860429324HAcQVitpDiDDDDDDtcVHfpVAzD	[MsgId: MMSG-17999]
    2023-06-17 17:17:44.838 : User is logged out of session	[MsgId: MMSG-17999]
  2023-06-17 17:19:38.858 : IterationNum=93	[MsgId: MMSG-17999]
   USER 93 = user67:pwd67	[MsgId: MMSG-17999]
    2023-06-17 17:19:38.953 : Start page is opened	[MsgId: MMSG-17999]
    2023-06-17 17:19:44.242 : User is logged in with session 136654.870635885HAcQVitpQAiDDDDDtcVHfpVAQtf	[MsgId: MMSG-17999]
    2023-06-17 17:19:48.185 : User is logged out of session	[MsgId: MMSG-17999]
  2023-06-17 17:21:44.861 : IterationNum=94	[MsgId: MMSG-17999]
   USER 94 = user67:pwd67	[MsgId: MMSG-17999]
    2023-06-17 17:21:44.954 : Start page is opened	[MsgId: MMSG-17999]
    2023-06-17 17:21:51.174 : User is logged in with session 136654.880842446HAcQVifptDDDDDDDtcVHfpVVcz	[MsgId: MMSG-17999]
    2023-06-17 17:21:55.194 : User is logged out of session	[MsgId: MMSG-17999]
  2023-06-17 17:23:50.874 : IterationNum=95	[MsgId: MMSG-17999]
   USER 95 = user67:pwd67	[MsgId: MMSG-17999]
    2023-06-17 17:23:50.969 : Start page is opened	[MsgId: MMSG-17999]
    2023-06-17 17:23:56.935 : User is logged in with session 136654.891049008HAcQVifpQfiDDDDDtcVHfpVVfHf	[MsgId: MMSG-17999]
    2023-06-17 17:24:01.990 : User is logged out of session	[MsgId: MMSG-17999]
  2023-06-17 17:25:56.887 : IterationNum=96	[MsgId: MMSG-17999]
   USER 96 = user67:pwd67	[MsgId: MMSG-17999]
    2023-06-17 17:25:56.982 : Start page is opened	[MsgId: MMSG-17999]
    2023-06-17 17:26:02.083 : User is logged in with session 136654.901255569HAcQVizptiDDDDDDtcVHfpVViQ	[MsgId: MMSG-17999]
    2023-06-17 17:26:08.445 : User is logged out of session	[MsgId: MMSG-17999]
  2023-06-17 17:28:02.894 : IterationNum=97	[MsgId: MMSG-17999]
   USER 97 = user67:pwd67	[MsgId: MMSG-17999]
    2023-06-17 17:28:02.989 : Start page is opened	[MsgId: MMSG-17999]
    2023-06-17 17:28:08.579 : User is logged in with session 136654.91146213HAcQViHpAAiDDDDDtcVHfpVccAf	[MsgId: MMSG-17999]
    2023-06-17 17:28:13.660 : User is logged out of session	[MsgId: MMSG-17999]
  2023-06-17 17:30:08.905 : IterationNum=98	[MsgId: MMSG-17999]
   USER 98 = user67:pwd67	[MsgId: MMSG-17999]
    2023-06-17 17:30:09.000 : Start page is opened	[MsgId: MMSG-17999]
    2023-06-17 17:30:15.297 : User is logged in with session 136654.921668692HAcQViHpfDDDDDDDtcVHfpVcfc	[MsgId: MMSG-17999]
    2023-06-17 17:30:21.144 : User is logged out of session	[MsgId: MMSG-17999]
  2023-06-17 17:32:14.918 : IterationNum=99	[MsgId: MMSG-17999]
   USER 99 = user67:pwd67	[MsgId: MMSG-17999]
    2023-06-17 17:32:15.014 : Start page is opened	[MsgId: MMSG-17999]
    2023-06-17 17:32:19.055 : User is logged in with session 136654.931875253HAcQViipAfiDDDDDtcVHfpVciDf	[MsgId: MMSG-17999]
    2023-06-17 17:32:24.375 : User is logged out of session	[MsgId: MMSG-17999]
  2023-06-17 17:34:20.930 : IterationNum=100	[MsgId: MMSG-17999]
   USER 100 = user67:pwd67	[MsgId: MMSG-17999]
    2023-06-17 17:34:21.024 : Start page is opened	[MsgId: MMSG-17999]
    2023-06-17 17:34:25.333 : User is logged in with session 136654.942081814HAcQViipfiDDDDDDtcVHfpVDVf	[MsgId: MMSG-17999]
    2023-06-17 17:34:30.332 : User is logged out of session	[MsgId: MMSG-17999]
  2023-06-17 17:36:26.938 : IterationNum=101	[MsgId: MMSG-17999]
   USER 101 = user67:pwd67	[MsgId: MMSG-17999]
    2023-06-17 17:36:27.031 : Start page is opened	[MsgId: MMSG-17999]
    2023-06-17 17:36:31.441 : User is logged in with session 136654.952288376HAcQViQpVAiDDDDDtcVHfpVDtzf	[MsgId: MMSG-17999]
    2023-06-17 17:36:37.106 : User is logged out of session	[MsgId: MMSG-17999]
  2023-06-17 17:38:32.946 : IterationNum=102	[MsgId: MMSG-17999]
   USER 102 = user67:pwd67	[MsgId: MMSG-17999]
    2023-06-17 17:38:33.040 : Start page is opened	[MsgId: MMSG-17999]
    2023-06-17 17:38:38.335 : User is logged in with session 136654.962494937HAcQViQpzDDDDDDDtcVHfpVDHi	[MsgId: MMSG-17999]
    2023-06-17 17:38:43.362 : User is logged out of session	[MsgId: MMSG-17999]
  2023-06-17 17:40:38.950 : IterationNum=103	[MsgId: MMSG-17999]
   USER 103 = user67:pwd67	[MsgId: MMSG-17999]
    2023-06-17 17:40:39.044 : Start page is opened	[MsgId: MMSG-17999]
    2023-06-17 17:40:43.234 : User is logged in with session 136654.972701499HAcQVQApVfiDDDDDtcVHfpVtAQf	[MsgId: MMSG-17999]
    2023-06-17 17:40:47.374 : User is logged out of session	[MsgId: MMSG-17999]
  2023-06-17 17:42:44.959 : IterationNum=104	[MsgId: MMSG-17999]
   USER 104 = user67:pwd67	[MsgId: MMSG-17999]
    2023-06-17 17:42:45.054 : Start page is opened	[MsgId: MMSG-17999]
    2023-06-17 17:42:49.294 : User is logged in with session 136654.98290806HAcQVQApziDDDDDDtcVHfpVttV	[MsgId: MMSG-17999]
    2023-06-17 17:42:54.482 : User is logged out of session	[MsgId: MMSG-17999]
  2023-06-17 17:44:50.966 : IterationNum=105	[MsgId: MMSG-17999]
   USER 105 = user67:pwd67	[MsgId: MMSG-17999]
    2023-06-17 17:44:51.060 : Start page is opened	[MsgId: MMSG-17999]
    2023-06-17 17:44:56.642 : User is logged in with session 136654.993114621HAcQVQVpcAiDDDDDtcVHfpVtHcf	[MsgId: MMSG-17999]
    2023-06-17 17:45:02.783 : User is logged out of session	[MsgId: MMSG-17999]
  2023-06-17 17:46:56.980 : IterationNum=106	[MsgId: MMSG-17999]
   USER 106 = user67:pwd67	[MsgId: MMSG-17999]
    2023-06-17 17:46:57.075 : Start page is opened	[MsgId: MMSG-17999]
    2023-06-17 17:47:01.315 : User is logged in with session 136655.003402187HAcQVQVpHDHftcVHfpVfAtcf	[MsgId: MMSG-17999]
    2023-06-17 17:47:05.642 : User is logged out of session	[MsgId: MMSG-17999]
  2023-06-17 17:49:02.985 : IterationNum=107	[MsgId: MMSG-17999]
   USER 107 = user67:pwd67	[MsgId: MMSG-17999]
    2023-06-17 17:49:03.079 : Start page is opened	[MsgId: MMSG-17999]
    2023-06-17 17:49:07.927 : User is logged in with session 136655.013608748HAcQVQcpczcftcVHfpVfDfHf	[MsgId: MMSG-17999]
    2023-06-17 17:49:13.231 : User is logged out of session	[MsgId: MMSG-17999]
  2023-06-17 17:51:08.989 : IterationNum=108	[MsgId: MMSG-17999]
   USER 108 = user67:pwd67	[MsgId: MMSG-17999]
    2023-06-17 17:51:09.084 : Start page is opened	[MsgId: MMSG-17999]
    2023-06-17 17:51:13.257 : User is logged in with session 136655.02381531HAcQVQcpHiHftcVHfpVfzHcf	[MsgId: MMSG-17999]
    2023-06-17 17:51:18.174 : User is logged out of session	[MsgId: MMSG-17999]
  2023-06-17 17:53:14.999 : IterationNum=109	[MsgId: MMSG-17999]
   USER 109 = user67:pwd67	[MsgId: MMSG-17999]
    2023-06-17 17:53:15.093 : Start page is opened	[MsgId: MMSG-17999]
    2023-06-17 17:53:20.780 : User is logged in with session 136655.034021871HAcQVQDpDVcftcVHfpVfQiHf	[MsgId: MMSG-17999]
    2023-06-17 17:53:26.041 : User is logged out of session	[MsgId: MMSG-17999]
  2023-06-17 17:55:21.005 : IterationNum=110	[MsgId: MMSG-17999]
   USER 110 = user67:pwd67	[MsgId: MMSG-17999]
    2023-06-17 17:55:21.100 : Start page is opened	[MsgId: MMSG-17999]
    2023-06-17 17:55:25.481 : User is logged in with session 136655.044228433HAcQVQDpiDHftcVHfpVzDAcf	[MsgId: MMSG-17999]
    2023-06-17 17:55:30.221 : User is logged out of session	[MsgId: MMSG-17999]
  2023-06-17 17:57:27.010 : IterationNum=111	[MsgId: MMSG-17999]
   USER 111 = user67:pwd67	[MsgId: MMSG-17999]
    2023-06-17 17:57:27.104 : Start page is opened	[MsgId: MMSG-17999]
    2023-06-17 17:57:33.435 : User is logged in with session 136655.054434994HAcQVQtpDzcftcVHfpVzzVHf	[MsgId: MMSG-17999]
    2023-06-17 17:57:37.441 : User is logged out of session	[MsgId: MMSG-17999]
  2023-06-17 17:59:33.020 : IterationNum=112	[MsgId: MMSG-17999]
   USER 112 = user67:pwd67	[MsgId: MMSG-17999]
    2023-06-17 17:59:33.115 : Start page is opened	[MsgId: MMSG-17999]
    2023-06-17 17:59:37.702 : User is logged in with session 136655.064641555HAcQVQtpiiHftcVHfpVzQDcf	[MsgId: MMSG-17999]
    2023-06-17 17:59:41.624 : User is logged out of session	[MsgId: MMSG-17999]
  2023-06-17 18:01:39.021 : IterationNum=113	[MsgId: MMSG-17999]
   USER 113 = user67:pwd67	[MsgId: MMSG-17999]
    2023-06-17 18:01:39.115 : Start page is opened	[MsgId: MMSG-17999]
    2023-06-17 18:01:43.862 : User is logged in with session 136655.074848117HAcQVQfptVcftcVHfpVHctHf	[MsgId: MMSG-17999]
    2023-06-17 18:01:49.815 : User is logged out of session	[MsgId: MMSG-17999]
  2023-06-17 18:03:45.031 : IterationNum=114	[MsgId: MMSG-17999]
   USER 114 = user67:pwd67	[MsgId: MMSG-17999]
    2023-06-17 18:03:45.124 : Start page is opened	[MsgId: MMSG-17999]
    2023-06-17 18:03:49.400 : User is logged in with session 136655.085054678HAcQVQfpQDHftcVHfpVHfzcf	[MsgId: MMSG-17999]
    2023-06-17 18:03:55.671 : User is logged out of session	[MsgId: MMSG-17999]
  2023-06-17 18:05:51.042 : IterationNum=115	[MsgId: MMSG-17999]
   USER 115 = user67:pwd67	[MsgId: MMSG-17999]
    2023-06-17 18:05:51.137 : Start page is opened	[MsgId: MMSG-17999]
    2023-06-17 18:05:55.460 : User is logged in with session 136655.095261239HAcQVQzptzcftcVHfpVHiHHf	[MsgId: MMSG-17999]
    2023-06-17 18:06:00.012 : User is logged out of session	[MsgId: MMSG-17999]
  2023-06-17 18:07:57.046 : IterationNum=116	[MsgId: MMSG-17999]
   USER 116 = user67:pwd67	[MsgId: MMSG-17999]
    2023-06-17 18:07:57.139 : Start page is opened	[MsgId: MMSG-17999]
    2023-06-17 18:08:01.926 : User is logged in with session 136655.105467801HAcQVQzpQiHftcVHfpViVQcf	[MsgId: MMSG-17999]
    2023-06-17 18:08:07.320 : User is logged out of session	[MsgId: MMSG-17999]
  2023-06-17 18:10:03.057 : IterationNum=117	[MsgId: MMSG-17999]
   USER 117 = user67:pwd67	[MsgId: MMSG-17999]
    2023-06-17 18:10:03.151 : Start page is opened	[MsgId: MMSG-17999]
    2023-06-17 18:10:09.013 : User is logged in with session 136655.115674362HAcQVQHpfVcftcVHfpVifAHf	[MsgId: MMSG-17999]
    2023-06-17 18:10:14.156 : User is logged out of session	[MsgId: MMSG-17999]
  2023-06-17 18:12:09.061 : IterationNum=118	[MsgId: MMSG-17999]
   USER 118 = user67:pwd67	[MsgId: MMSG-17999]
    2023-06-17 18:12:09.155 : Start page is opened	[MsgId: MMSG-17999]
    2023-06-17 18:12:14.160 : User is logged in with session 136655.125880923HAcQVQipADHftcVHfpViiccf	[MsgId: MMSG-17999]
    2023-06-17 18:12:19.784 : User is logged out of session	[MsgId: MMSG-17999]
  2023-06-17 18:14:15.076 : IterationNum=119	[MsgId: MMSG-17999]
   USER 119 = user67:pwd67	[MsgId: MMSG-17999]
    2023-06-17 18:14:15.169 : Start page is opened	[MsgId: MMSG-17999]
    2023-06-17 18:14:20.715 : User is logged in with session 136655.136087485HAcQVQipfzcftcVHfpVQVDHf	[MsgId: MMSG-17999]
    2023-06-17 18:14:24.608 : User is logged out of session	[MsgId: MMSG-17999]
  2023-06-17 18:16:21.089 : IterationNum=120	[MsgId: MMSG-17999]
   USER 120 = user67:pwd67	[MsgId: MMSG-17999]
    2023-06-17 18:16:21.184 : Start page is opened	[MsgId: MMSG-17999]
    2023-06-17 18:16:25.603 : User is logged in with session 136655.146294046HAcQVQQpAiHftcVHfpVQtfcf	[MsgId: MMSG-17999]
    2023-06-17 18:16:30.542 : User is logged out of session	[MsgId: MMSG-17999]
  2023-06-17 18:18:27.093 : IterationNum=121	[MsgId: MMSG-17999]
   USER 121 = user67:pwd67	[MsgId: MMSG-17999]
    2023-06-17 18:18:27.186 : Start page is opened	[MsgId: MMSG-17999]
    2023-06-17 18:18:33.532 : User is logged in with session 136655.156500608HAcQVQQpzVcftcVHfpVQHzHf	[MsgId: MMSG-17999]
    2023-06-17 18:18:39.685 : User is logged out of session	[MsgId: MMSG-17999]
  2023-06-17 18:20:33.093 : IterationNum=122	[MsgId: MMSG-17999]
   USER 122 = user67:pwd67	[MsgId: MMSG-17999]
    2023-06-17 18:20:33.188 : Start page is opened	[MsgId: MMSG-17999]
    2023-06-17 18:20:39.054 : User is logged in with session 136655.166707169HAcQcAApVDHftcVHfpcAAicf	[MsgId: MMSG-17999]
    2023-06-17 18:20:45.190 : User is logged out of session	[MsgId: MMSG-17999]
  2023-06-17 18:22:39.104 : IterationNum=123	[MsgId: MMSG-17999]
   USER 123 = user67:pwd67	[MsgId: MMSG-17999]
    2023-06-17 18:22:39.199 : Start page is opened	[MsgId: MMSG-17999]
    2023-06-17 18:22:44.099 : User is logged in with session 136655.17691373HAcQcAApzzcftcVHfpcADQHf	[MsgId: MMSG-17999]
    2023-06-17 18:22:48.123 : User is logged out of session	[MsgId: MMSG-17999]
  2023-06-17 18:24:45.105 : IterationNum=124	[MsgId: MMSG-17999]
   USER 124 = user67:pwd67	[MsgId: MMSG-17999]
    2023-06-17 18:24:45.200 : Start page is opened	[MsgId: MMSG-17999]
    2023-06-17 18:24:50.890 : User is logged in with session 136655.187120292HAcQcAVpViHftcVHfpcAHVcf	[MsgId: MMSG-17999]
    2023-06-17 18:24:56.553 : User is logged out of session	[MsgId: MMSG-17999]
  2023-06-17 18:26:51.107 : IterationNum=125	[MsgId: MMSG-17999]
   USER 125 = user67:pwd67	[MsgId: MMSG-17999]
    2023-06-17 18:26:51.202 : Start page is opened	[MsgId: MMSG-17999]
    2023-06-17 18:26:56.391 : User is logged in with session 136655.197326853HAcQcAVpHVcftcVHfpcVAcHf	[MsgId: MMSG-17999]
    2023-06-17 18:27:02.615 : User is logged out of session	[MsgId: MMSG-17999]
  2023-06-17 18:28:57.115 : IterationNum=126	[MsgId: MMSG-17999]
   USER 126 = user67:pwd67	[MsgId: MMSG-17999]
    2023-06-17 18:28:57.210 : Start page is opened	[MsgId: MMSG-17999]
    2023-06-17 18:29:03.353 : User is logged in with session 136655.207533414HAcQcAcpcDHftcVHfpcVDtcf	[MsgId: MMSG-17999]
    2023-06-17 18:29:07.266 : User is logged out of session	[MsgId: MMSG-17999]
  2023-06-17 18:31:03.122 : IterationNum=127	[MsgId: MMSG-17999]
   USER 127 = user67:pwd67	[MsgId: MMSG-17999]
    2023-06-17 18:31:03.216 : Start page is opened	[MsgId: MMSG-17999]
    2023-06-17 18:31:08.061 : User is logged in with session 136655.217739976HAcQcAcpHzcftcVHfpcVzfHf	[MsgId: MMSG-17999]
    2023-06-17 18:31:13.435 : User is logged out of session	[MsgId: MMSG-17999]
  2023-06-17 18:33:09.131 : IterationNum=128	[MsgId: MMSG-17999]
   USER 128 = user67:pwd67	[MsgId: MMSG-17999]
    2023-06-17 18:33:09.226 : Start page is opened	[MsgId: MMSG-17999]
    2023-06-17 18:33:14.871 : User is logged in with session 136655.227946537HAcQcADpciHftcVHfpcVQHcf	[MsgId: MMSG-17999]
    2023-06-17 18:33:20.934 : User is logged out of session	[MsgId: MMSG-17999]
  2023-06-17 18:35:15.134 : IterationNum=129	[MsgId: MMSG-17999]
   USER 129 = user67:pwd67	[MsgId: MMSG-17999]
    2023-06-17 18:35:15.228 : Start page is opened	[MsgId: MMSG-17999]
    2023-06-17 18:35:20.721 : User is logged in with session 136655.238153098HAcQcADpiVcftcVHfpccciHf	[MsgId: MMSG-17999]
    2023-06-17 18:35:26.848 : User is logged out of session	[MsgId: MMSG-17999]
  2023-06-17 18:37:21.147 : IterationNum=130	[MsgId: MMSG-17999]
   USER 130 = user67:pwd67	[MsgId: MMSG-17999]
    2023-06-17 18:37:21.242 : Start page is opened	[MsgId: MMSG-17999]
    2023-06-17 18:37:26.420 : User is logged in with session 136655.24835966HAcQcAtpDDHftcVHfpcczAcf	[MsgId: MMSG-17999]
    2023-06-17 18:37:31.953 : User is logged out of session	[MsgId: MMSG-17999]
  2023-06-17 18:39:27.156 : IterationNum=131	[MsgId: MMSG-17999]
   USER 131 = user67:pwd67	[MsgId: MMSG-17999]
    2023-06-17 18:39:27.249 : Start page is opened	[MsgId: MMSG-17999]
    2023-06-17 18:39:33.232 : User is logged in with session 136655.258566221HAcQcAtpizcftcVHfpccQVHf	[MsgId: MMSG-17999]
    2023-06-17 18:39:38.572 : User is logged out of session	[MsgId: MMSG-17999]
  2023-06-17 18:41:33.158 : IterationNum=132	[MsgId: MMSG-17999]
   USER 132 = user67:pwd67	[MsgId: MMSG-17999]
    2023-06-17 18:41:33.253 : Start page is opened	[MsgId: MMSG-17999]
    2023-06-17 18:41:38.625 : User is logged in with session 136655.268772783HAcQcAfpDiHftcVHfpcDcDcf	[MsgId: MMSG-17999]
    2023-06-17 18:41:43.451 : User is logged out of session	[MsgId: MMSG-17999]
  2023-06-17 18:43:39.166 : IterationNum=133	[MsgId: MMSG-17999]
   USER 133 = user67:pwd67	[MsgId: MMSG-17999]
    2023-06-17 18:43:39.261 : Start page is opened	[MsgId: MMSG-17999]
    2023-06-17 18:43:44.910 : User is logged in with session 136655.278979344HAcQcAfpQVcftcVHfpcDftHf	[MsgId: MMSG-17999]
    2023-06-17 18:43:50.974 : User is logged out of session	[MsgId: MMSG-17999]
  2023-06-17 18:45:45.179 : IterationNum=134	[MsgId: MMSG-17999]
   USER 134 = user67:pwd67	[MsgId: MMSG-17999]
    2023-06-17 18:45:45.272 : Start page is opened	[MsgId: MMSG-17999]
    2023-06-17 18:45:50.896 : User is logged in with session 136655.289185905HAcQcAzptDHftcVHfpcDizcf	[MsgId: MMSG-17999]
    2023-06-17 18:45:55.493 : User is logged out of session	[MsgId: MMSG-17999]
  2023-06-17 18:47:51.181 : IterationNum=135	[MsgId: MMSG-17999]
   USER 135 = user67:pwd67	[MsgId: MMSG-17999]
    2023-06-17 18:47:51.277 : Start page is opened	[MsgId: MMSG-17999]
    2023-06-17 18:47:55.639 : User is logged in with session 136655.299392467HAcQcAzpQzcftcVHfpctVHHf	[MsgId: MMSG-17999]
    2023-06-17 18:47:59.545 : User is logged out of session	[MsgId: MMSG-17999]
  2023-06-17 18:49:57.185 : IterationNum=136	[MsgId: MMSG-17999]
   USER 136 = user67:pwd67	[MsgId: MMSG-17999]
    2023-06-17 18:49:57.278 : Start page is opened	[MsgId: MMSG-17999]
    2023-06-17 18:50:02.467 : User is logged in with session 136655.309599028HAcQcAHptiHftcVHfpcttQcf	[MsgId: MMSG-17999]
    2023-06-17 18:50:06.994 : User is logged out of session	[MsgId: MMSG-17999]
  2023-06-17 18:52:03.186 : IterationNum=137	[MsgId: MMSG-17999]
   USER 137 = user67:pwd67	[MsgId: MMSG-17999]
    2023-06-17 18:52:03.282 : Start page is opened	[MsgId: MMSG-17999]
    2023-06-17 18:52:09.547 : User is logged in with session 136655.319805589HAcQcAipAVcftcVHfpctiAHf	[MsgId: MMSG-17999]
    2023-06-17 18:52:14.902 : User is logged out of session	[MsgId: MMSG-17999]
  2023-06-17 18:54:09.200 : IterationNum=138	[MsgId: MMSG-17999]
   USER 138 = user67:pwd67	[MsgId: MMSG-17999]
    2023-06-17 18:54:09.295 : Start page is opened	[MsgId: MMSG-17999]
    2023-06-17 18:54:14.511 : User is logged in with session 136655.330012151HAcQcAipfDHftcVHfpcfVccf	[MsgId: MMSG-17999]
    2023-06-17 18:54:18.526 : User is logged out of session	[MsgId: MMSG-17999]
  2023-06-17 18:56:15.216 : IterationNum=139	[MsgId: MMSG-17999]
   USER 139 = user67:pwd67	[MsgId: MMSG-17999]
    2023-06-17 18:56:15.310 : Start page is opened	[MsgId: MMSG-17999]
    2023-06-17 18:56:19.330 : User is logged in with session 136655.340218712HAcQcAQpAzcftcVHfpcftDHf	[MsgId: MMSG-17999]
    2023-06-17 18:56:24.881 : User is logged out of session	[MsgId: MMSG-17999]
  2023-06-17 18:58:21.229 : IterationNum=140	[MsgId: MMSG-17999]
   USER 140 = user67:pwd67	[MsgId: MMSG-17999]
    2023-06-17 18:58:21.323 : Start page is opened	[MsgId: MMSG-17999]
    2023-06-17 18:58:25.543 : User is logged in with session 136655.350425273HAcQcAQpfiHftcVHfpcfHfcf	[MsgId: MMSG-17999]
    2023-06-17 18:58:30.674 : User is logged out of session	[MsgId: MMSG-17999]
  2023-06-17 19:00:27.240 : IterationNum=141	[MsgId: MMSG-17999]
   USER 141 = user67:pwd67	[MsgId: MMSG-17999]
    2023-06-17 19:00:27.335 : Start page is opened	[MsgId: MMSG-17999]
    2023-06-17 19:00:31.953 : User is logged in with session 136655.360631835HAcQcVApVVcftcVHfpczAzHf	[MsgId: MMSG-17999]
    2023-06-17 19:00:37.299 : User is logged out of session	[MsgId: MMSG-17999]
  2023-06-17 19:02:33.245 : IterationNum=142	[MsgId: MMSG-17999]
   USER 142 = user67:pwd67	[MsgId: MMSG-17999]
    2023-06-17 19:02:33.339 : Start page is opened	[MsgId: MMSG-17999]
    2023-06-17 19:02:38.734 : User is logged in with session 136655.370838396HAcQcVApzDHftcVHfpczDicf	[MsgId: MMSG-17999]
    2023-06-17 19:02:44.249 : User is logged out of session	[MsgId: MMSG-17999]
  2023-06-17 19:04:39.249 : IterationNum=143	[MsgId: MMSG-17999]
   USER 143 = user67:pwd67	[MsgId: MMSG-17999]
    2023-06-17 19:04:39.342 : Start page is opened	[MsgId: MMSG-17999]
    2023-06-17 19:04:45.294 : User is logged in with session 136655.381044957HAcQcVVpVzcftcVHfpczzQHf	[MsgId: MMSG-17999]
    2023-06-17 19:04:50.612 : User is logged out of session	[MsgId: MMSG-17999]
  2023-06-17 19:06:45.252 : IterationNum=144	[MsgId: MMSG-17999]
   USER 144 = user67:pwd67	[MsgId: MMSG-17999]
    2023-06-17 19:06:45.346 : Start page is opened	[MsgId: MMSG-17999]
    2023-06-17 19:06:51.091 : User is logged in with session 136655.391251519HAcQcVVpziHftcVHfpcHAVcf	[MsgId: MMSG-17999]
    2023-06-17 19:06:55.101 : User is logged out of session	[MsgId: MMSG-17999]
  2023-06-17 19:08:51.256 : IterationNum=145	[MsgId: MMSG-17999]
   USER 145 = user67:pwd67	[MsgId: MMSG-17999]
    2023-06-17 19:08:51.352 : Start page is opened	[MsgId: MMSG-17999]
    2023-06-17 19:08:55.310 : User is logged in with session 136655.40145808HAcQcVcpcVcftcVHfpcHDcHf	[MsgId: MMSG-17999]
    2023-06-17 19:09:00.567 : User is logged out of session	[MsgId: MMSG-17999]
  2023-06-17 19:10:57.264 : IterationNum=146	[MsgId: MMSG-17999]
   USER 146 = user67:pwd67	[MsgId: MMSG-17999]
    2023-06-17 19:10:57.357 : Start page is opened	[MsgId: MMSG-17999]
    2023-06-17 19:11:01.642 : User is logged in with session 136655.411664642HAcQcVcpHDHftcVHfpcHztcf	[MsgId: MMSG-17999]
    2023-06-17 19:11:06.067 : User is logged out of session	[MsgId: MMSG-17999]
  2023-06-17 19:13:03.271 : IterationNum=147	[MsgId: MMSG-17999]
   USER 147 = user67:pwd67	[MsgId: MMSG-17999]
    2023-06-17 19:13:03.365 : Start page is opened	[MsgId: MMSG-17999]
    2023-06-17 19:13:07.418 : User is logged in with session 136655.421871203HAcQcVDpczcftcVHfpcHQfHf	[MsgId: MMSG-17999]
    2023-06-17 19:13:11.321 : User is logged out of session	[MsgId: MMSG-17999]
  2023-06-17 19:15:09.271 : IterationNum=148	[MsgId: MMSG-17999]
   USER 148 = user67:pwd67	[MsgId: MMSG-17999]
    2023-06-17 19:15:09.365 : Start page is opened	[MsgId: MMSG-17999]
    2023-06-17 19:15:14.461 : User is logged in with session 136655.432077764HAcQcVDpHiHftcVHfpcicHcf	[MsgId: MMSG-17999]
    2023-06-17 19:15:19.014 : User is logged out of session	[MsgId: MMSG-17999]
  2023-06-17 19:17:15.273 : IterationNum=149	[MsgId: MMSG-17999]
   USER 149 = user67:pwd67	[MsgId: MMSG-17999]
    2023-06-17 19:17:15.367 : Start page is opened	[MsgId: MMSG-17999]
    2023-06-17 19:17:19.983 : User is logged in with session 136655.442284326HAcQcVtpDVcftcVHfpcifiHf	[MsgId: MMSG-17999]
    2023-06-17 19:17:25.577 : User is logged out of session	[MsgId: MMSG-17999]
  2023-06-17 19:19:21.277 : IterationNum=150	[MsgId: MMSG-17999]
   USER 150 = user67:pwd67	[MsgId: MMSG-17999]
    2023-06-17 19:19:21.372 : Start page is opened	[MsgId: MMSG-17999]
    2023-06-17 19:19:27.049 : User is logged in with session 136655.452490887HAcQcVtpiDHftcVHfpciQAcf	[MsgId: MMSG-17999]
    2023-06-17 19:19:31.339 : User is logged out of session	[MsgId: MMSG-17999]
  2023-06-17 19:21:27.292 : IterationNum=151	[MsgId: MMSG-17999]
   USER 151 = user67:pwd67	[MsgId: MMSG-17999]
    2023-06-17 19:21:27.387 : Start page is opened	[MsgId: MMSG-17999]
    2023-06-17 19:21:33.166 : User is logged in with session 136655.462697448HAcQcVfpDzcftcVHfpcQcVHf	[MsgId: MMSG-17999]
    2023-06-17 19:21:38.045 : User is logged out of session	[MsgId: MMSG-17999]
  2023-06-17 19:23:33.303 : IterationNum=152	[MsgId: MMSG-17999]
   USER 152 = user67:pwd67	[MsgId: MMSG-17999]
    2023-06-17 19:23:33.397 : Start page is opened	[MsgId: MMSG-17999]
    2023-06-17 19:23:37.707 : User is logged in with session 136655.47290401HAcQcVfpiiHftcVHfpcQfDcf	[MsgId: MMSG-17999]
    2023-06-17 19:23:42.142 : User is logged out of session	[MsgId: MMSG-17999]
  2023-06-17 19:25:39.311 : IterationNum=153	[MsgId: MMSG-17999]
   USER 153 = user67:pwd67	[MsgId: MMSG-17999]
    2023-06-17 19:25:39.405 : Start page is opened	[MsgId: MMSG-17999]
    2023-06-17 19:25:43.347 : User is logged in with session 136655.483110571HAcQcVzptVcftcVHfpcQitHf	[MsgId: MMSG-17999]
    2023-06-17 19:25:49.195 : User is logged out of session	[MsgId: MMSG-17999]
  2023-06-17 19:27:45.325 : IterationNum=154	[MsgId: MMSG-17999]
   USER 154 = user67:pwd67	[MsgId: MMSG-17999]
    2023-06-17 19:27:45.420 : Start page is opened	[MsgId: MMSG-17999]
    2023-06-17 19:27:49.944 : User is logged in with session 136655.493317132HAcQcVzpQDHftcVHfpDAVzcf	[MsgId: MMSG-17999]
    2023-06-17 19:27:55.826 : User is logged out of session	[MsgId: MMSG-17999]
  2023-06-17 19:29:51.334 : IterationNum=155	[MsgId: MMSG-17999]
   USER 155 = user67:pwd67	[MsgId: MMSG-17999]
    2023-06-17 19:29:51.429 : Start page is opened	[MsgId: MMSG-17999]
    2023-06-17 19:29:57.399 : User is logged in with session 136655.503523694HAcQcVHptzcftcVHfpDAtHHf	[MsgId: MMSG-17999]
    2023-06-17 19:30:03.218 : User is logged out of session	[MsgId: MMSG-17999]
  2023-06-17 19:31:57.340 : IterationNum=156	[MsgId: MMSG-17999]
   USER 156 = user67:pwd67	[MsgId: MMSG-17999]
    2023-06-17 19:31:57.433 : Start page is opened	[MsgId: MMSG-17999]
    2023-06-17 19:32:02.065 : User is logged in with session 136655.513730255HAcQcVHpQiHftcVHfpDAHQcf	[MsgId: MMSG-17999]
    2023-06-17 19:32:06.746 : User is logged out of session	[MsgId: MMSG-17999]
  2023-06-17 19:34:03.341 : IterationNum=157	[MsgId: MMSG-17999]
   USER 157 = user67:pwd67	[MsgId: MMSG-17999]
    2023-06-17 19:34:03.434 : Start page is opened	[MsgId: MMSG-17999]
    2023-06-17 19:34:07.991 : User is logged in with session 136655.523936817HAcQcVipfVcftcVHfpDVVAHf	[MsgId: MMSG-17999]
    2023-06-17 19:34:14.268 : User is logged out of session	[MsgId: MMSG-17999]
  2023-06-17 19:36:09.342 : IterationNum=158	[MsgId: MMSG-17999]
   USER 158 = user67:pwd67	[MsgId: MMSG-17999]
    2023-06-17 19:36:09.437 : Start page is opened	[MsgId: MMSG-17999]
    2023-06-17 19:36:14.765 : User is logged in with session 136655.534143378HAcQcVQpADHftcVHfpDVtccf	[MsgId: MMSG-17999]
    2023-06-17 19:36:19.310 : User is logged out of session	[MsgId: MMSG-17999]
  2023-06-17 19:38:15.345 : IterationNum=159	[MsgId: MMSG-17999]
   USER 159 = user67:pwd67	[MsgId: MMSG-17999]
    2023-06-17 19:38:15.440 : Start page is opened	[MsgId: MMSG-17999]
    2023-06-17 19:38:20.528 : User is logged in with session 136655.544349939HAcQcVQpfzcftcVHfpDVHDHf	[MsgId: MMSG-17999]
    2023-06-17 19:38:25.451 : User is logged out of session	[MsgId: MMSG-17999]
  2023-06-17 19:40:21.356 : IterationNum=160	[MsgId: MMSG-17999]
   USER 160 = user67:pwd67	[MsgId: MMSG-17999]
    2023-06-17 19:40:21.451 : Start page is opened	[MsgId: MMSG-17999]
    2023-06-17 19:40:26.768 : User is logged in with session 136655.554556501HAcQccApAiHftcVHfpDcAfcf	[MsgId: MMSG-17999]
    2023-06-17 19:40:30.829 : User is logged out of session	[MsgId: MMSG-17999]
  2023-06-17 19:42:27.371 : IterationNum=161	[MsgId: MMSG-17999]
   USER 161 = user67:pwd67	[MsgId: MMSG-17999]
    2023-06-17 19:42:27.465 : Start page is opened	[MsgId: MMSG-17999]
    2023-06-17 19:42:32.600 : User is logged in with session 136655.564763062HAcQccApzVcftcVHfpDcDzHf	[MsgId: MMSG-17999]
    2023-06-17 19:42:38.830 : User is logged out of session	[MsgId: MMSG-17999]
  2023-06-17 19:44:33.373 : IterationNum=162	[MsgId: MMSG-17999]
   USER 162 = user67:pwd67	[MsgId: MMSG-17999]
    2023-06-17 19:44:33.466 : Start page is opened	[MsgId: MMSG-17999]
    2023-06-17 19:44:39.101 : User is logged in with session 136655.574969623HAcQccVpVDHftcVHfpDczicf	[MsgId: MMSG-17999]
    2023-06-17 19:44:44.990 : User is logged out of session	[MsgId: MMSG-17999]
  2023-06-17 19:46:39.386 : IterationNum=163	[MsgId: MMSG-17999]
   USER 163 = user67:pwd67	[MsgId: MMSG-17999]
    2023-06-17 19:46:39.480 : Start page is opened	[MsgId: MMSG-17999]
    2023-06-17 19:46:44.640 : User is logged in with session 136655.585176185HAcQccVpzzcftcVHfpDcQQHf	[MsgId: MMSG-17999]
    2023-06-17 19:46:50.466 : User is logged out of session	[MsgId: MMSG-17999]
  2023-06-17 19:48:45.387 : IterationNum=164	[MsgId: MMSG-17999]
   USER 164 = user67:pwd67	[MsgId: MMSG-17999]
    2023-06-17 19:48:45.482 : Start page is opened	[MsgId: MMSG-17999]
    2023-06-17 19:48:50.995 : User is logged in with session 136655.595382746HAcQcccpViHftcVHfpDDDVcf	[MsgId: MMSG-17999]
    2023-06-17 19:48:57.284 : User is logged out of session	[MsgId: MMSG-17999]
  2023-06-17 19:50:51.402 : IterationNum=165	[MsgId: MMSG-17999]
   USER 165 = user67:pwd67	[MsgId: MMSG-17999]
    2023-06-17 19:50:51.496 : Start page is opened	[MsgId: MMSG-17999]
    2023-06-17 19:50:57.504 : User is logged in with session 136655.605589307HAcQcccpHVcftcVHfpDDzcHf	[MsgId: MMSG-17999]
    2023-06-17 19:51:02.753 : User is logged out of session	[MsgId: MMSG-17999]
  2023-06-17 19:52:57.414 : IterationNum=166	[MsgId: MMSG-17999]
   USER 166 = user67:pwd67	[MsgId: MMSG-17999]
    2023-06-17 19:52:57.508 : Start page is opened	[MsgId: MMSG-17999]
    2023-06-17 19:53:02.143 : User is logged in with session 136655.615795869HAcQccDpcDHftcVHfpDDQtcf	[MsgId: MMSG-17999]
    2023-06-17 19:53:06.160 : User is logged out of session	[MsgId: MMSG-17999]
  2023-06-17 19:55:03.422 : IterationNum=167	[MsgId: MMSG-17999]
   USER 167 = user67:pwd67	[MsgId: MMSG-17999]
    2023-06-17 19:55:03.516 : Start page is opened	[MsgId: MMSG-17999]
    2023-06-17 19:55:08.880 : User is logged in with session 136655.62600243HAcQccDpHzcftcVHfpDtcfHf	[MsgId: MMSG-17999]
    2023-06-17 19:55:14.642 : User is logged out of session	[MsgId: MMSG-17999]
  2023-06-17 19:57:09.436 : IterationNum=168	[MsgId: MMSG-17999]
   USER 168 = user67:pwd67	[MsgId: MMSG-17999]
    2023-06-17 19:57:09.531 : Start page is opened	[MsgId: MMSG-17999]
    2023-06-17 19:57:13.825 : User is logged in with session 136655.636208991HAcQcctpciHftcVHfpDtfHcf	[MsgId: MMSG-17999]
    2023-06-17 19:57:18.567 : User is logged out of session	[MsgId: MMSG-17999]
  2023-06-17 19:59:15.446 : IterationNum=169	[MsgId: MMSG-17999]
   USER 169 = user67:pwd67	[MsgId: MMSG-17999]
    2023-06-17 19:59:15.541 : Start page is opened	[MsgId: MMSG-17999]
    2023-06-17 19:59:21.734 : User is logged in with session 136655.646415553HAcQcctpiVcftcVHfpDtiiHf	[MsgId: MMSG-17999]
    2023-06-17 19:59:27.372 : User is logged out of session	[MsgId: MMSG-17999]
  2023-06-17 20:01:21.451 : IterationNum=170	[MsgId: MMSG-17999]
   USER 170 = user67:pwd67	[MsgId: MMSG-17999]
    2023-06-17 20:01:21.544 : Start page is opened	[MsgId: MMSG-17999]
    2023-06-17 20:01:26.690 : User is logged in with session 136655.656622114HAcQccfpDDHftcVHfpDfcAcf	[MsgId: MMSG-17999]
    2023-06-17 20:01:31.527 : User is logged out of session	[MsgId: MMSG-17999]
  2023-06-17 20:03:27.455 : IterationNum=171	[MsgId: MMSG-17999]
   USER 171 = user67:pwd67	[MsgId: MMSG-17999]
    2023-06-17 20:03:27.549 : Start page is opened	[MsgId: MMSG-17999]
    2023-06-17 20:03:32.872 : User is logged in with session 136655.666828676HAcQccfpizcftcVHfpDffVHf	[MsgId: MMSG-17999]
    2023-06-17 20:03:38.180 : User is logged out of session	[MsgId: MMSG-17999]
  2023-06-17 20:05:33.460 : IterationNum=172	[MsgId: MMSG-17999]
   USER 172 = user67:pwd67	[MsgId: MMSG-17999]
    2023-06-17 20:05:33.554 : Start page is opened	[MsgId: MMSG-17999]
    2023-06-17 20:05:39.553 : User is logged in with session 136655.677035237HAcQcczpDiHftcVHfpDfiDcf	[MsgId: MMSG-17999]
    2023-06-17 20:05:45.533 : User is logged out of session	[MsgId: MMSG-17999]
  2023-06-17 20:07:39.463 : IterationNum=173	[MsgId: MMSG-17999]
   USER 173 = user67:pwd67	[MsgId: MMSG-17999]
    2023-06-17 20:07:39.557 : Start page is opened	[MsgId: MMSG-17999]
    2023-06-17 20:07:44.786 : User is logged in with session 136655.687241798HAcQcczpQVcftcVHfpDzVtHf	[MsgId: MMSG-17999]
    2023-06-17 20:07:49.674 : User is logged out of session	[MsgId: MMSG-17999]
  2023-06-17 20:09:45.465 : IterationNum=174	[MsgId: MMSG-17999]
   USER 174 = user67:pwd67	[MsgId: MMSG-17999]
    2023-06-17 20:09:45.560 : Start page is opened	[MsgId: MMSG-17999]
    2023-06-17 20:09:51.089 : User is logged in with session 136655.69744836HAcQccHptDHftcVHfpDztzcf	[MsgId: MMSG-17999]
    2023-06-17 20:09:55.980 : User is logged out of session	[MsgId: MMSG-17999]
  2023-06-17 20:11:51.472 : IterationNum=175	[MsgId: MMSG-17999]
   USER 175 = user67:pwd67	[MsgId: MMSG-17999]
    2023-06-17 20:11:51.567 : Start page is opened	[MsgId: MMSG-17999]
    2023-06-17 20:11:56.215 : User is logged in with session 136655.707654921HAcQccHpQzcftcVHfpDzHHHf	[MsgId: MMSG-17999]
    2023-06-17 20:12:01.359 : User is logged out of session	[MsgId: MMSG-17999]
  2023-06-17 20:13:57.482 : IterationNum=176	[MsgId: MMSG-17999]
   USER 176 = user67:pwd67	[MsgId: MMSG-17999]
    2023-06-17 20:13:57.575 : Start page is opened	[MsgId: MMSG-17999]
    2023-06-17 20:14:03.367 : User is logged in with session 136655.717861482HAcQcciptiHftcVHfpDHAQcf	[MsgId: MMSG-17999]
    2023-06-17 20:14:09.403 : User is logged out of session	[MsgId: MMSG-17999]
  2023-06-17 20:16:03.487 : IterationNum=177	[MsgId: MMSG-17999]
   USER 177 = user67:pwd67	[MsgId: MMSG-17999]
    2023-06-17 20:16:03.582 : Start page is opened	[MsgId: MMSG-17999]
    2023-06-17 20:16:09.921 : User is logged in with session 136655.728068044HAcQccQpAVcftcVHfpDHtAHf	[MsgId: MMSG-17999]
    2023-06-17 20:16:14.302 : User is logged out of session	[MsgId: MMSG-17999]
  2023-06-17 20:18:09.500 : IterationNum=178	[MsgId: MMSG-17999]
   USER 178 = user67:pwd67	[MsgId: MMSG-17999]
    2023-06-17 20:18:09.594 : Start page is opened	[MsgId: MMSG-17999]
    2023-06-17 20:18:14.278 : User is logged in with session 136655.738274605HAcQccQpfDHftcVHfpDHHccf	[MsgId: MMSG-17999]
    2023-06-17 20:18:18.536 : User is logged out of session	[MsgId: MMSG-17999]
  2023-06-17 20:20:15.512 : IterationNum=179	[MsgId: MMSG-17999]
   USER 179 = user67:pwd67	[MsgId: MMSG-17999]
    2023-06-17 20:20:15.607 : Start page is opened	[MsgId: MMSG-17999]
    2023-06-17 20:20:20.342 : User is logged in with session 136655.748481166HAcQcDApAzcftcVHfpDiADHf	[MsgId: MMSG-17999]
    2023-06-17 20:20:26.184 : User is logged out of session	[MsgId: MMSG-17999]
  2023-06-17 20:22:21.520 : IterationNum=180	[MsgId: MMSG-17999]
   USER 180 = user67:pwd67	[MsgId: MMSG-17999]
    2023-06-17 20:22:21.614 : Start page is opened	[MsgId: MMSG-17999]
    2023-06-17 20:22:27.881 : User is logged in with session 136655.758687728HAcQcDApfiHftcVHfpDiDfcf	[MsgId: MMSG-17999]
    2023-06-17 20:22:33.395 : User is logged out of session	[MsgId: MMSG-17999]
  2023-06-17 20:24:27.532 : IterationNum=181	[MsgId: MMSG-17999]
   USER 181 = user67:pwd67	[MsgId: MMSG-17999]
    2023-06-17 20:24:27.626 : Start page is opened	[MsgId: MMSG-17999]
    2023-06-17 20:24:32.339 : User is logged in with session 136655.768894289HAcQcDVpVVcftcVHfpDizzHf	[MsgId: MMSG-17999]
    2023-06-17 20:24:36.732 : User is logged out of session	[MsgId: MMSG-17999]
  2023-06-17 20:26:33.547 : IterationNum=182	[MsgId: MMSG-17999]
   USER 182 = user67:pwd67	[MsgId: MMSG-17999]
    2023-06-17 20:26:33.640 : Start page is opened	[MsgId: MMSG-17999]
    2023-06-17 20:26:38.795 : User is logged in with session 136655.779100851HAcQcDVpzDHftcVHfpDiQicf	[MsgId: MMSG-17999]
    2023-06-17 20:26:44.628 : User is logged out of session	[MsgId: MMSG-17999]
  2023-06-17 20:28:39.557 : IterationNum=183	[MsgId: MMSG-17999]
   USER 183 = user67:pwd67	[MsgId: MMSG-17999]
    2023-06-17 20:28:39.651 : Start page is opened	[MsgId: MMSG-17999]
    2023-06-17 20:28:44.326 : User is logged in with session 136655.789307412HAcQcDcpVzcftcVHfpDQcQHf	[MsgId: MMSG-17999]
    2023-06-17 20:28:50.612 : User is logged out of session	[MsgId: MMSG-17999]
  2023-06-17 20:30:45.558 : IterationNum=184	[MsgId: MMSG-17999]
   USER 184 = user67:pwd67	[MsgId: MMSG-17999]
    2023-06-17 20:30:45.651 : Start page is opened	[MsgId: MMSG-17999]
    2023-06-17 20:30:50.948 : User is logged in with session 136655.799513973HAcQcDcpziHftcVHfpDQzVcf	[MsgId: MMSG-17999]
    2023-06-17 20:30:56.514 : User is logged out of session	[MsgId: MMSG-17999]
  2023-06-17 20:32:51.562 : IterationNum=185	[MsgId: MMSG-17999]
   USER 185 = user67:pwd67	[MsgId: MMSG-17999]
    2023-06-17 20:32:51.657 : Start page is opened	[MsgId: MMSG-17999]
    2023-06-17 20:32:57.656 : User is logged in with session 136655.809720535HAcQcDDpcVcftcVHfpDQQcHf	[MsgId: MMSG-17999]
    2023-06-17 20:33:03.047 : User is logged out of session	[MsgId: MMSG-17999]
  2023-06-17 20:34:57.575 : IterationNum=186	[MsgId: MMSG-17999]
   USER 186 = user67:pwd67	[MsgId: MMSG-17999]
    2023-06-17 20:34:57.669 : Start page is opened	[MsgId: MMSG-17999]
    2023-06-17 20:35:03.973 : User is logged in with session 136655.819927096HAcQcDDpHDHftcVHfptActcf	[MsgId: MMSG-17999]
    2023-06-17 20:35:10.287 : User is logged out of session	[MsgId: MMSG-17999]
  2023-06-17 20:37:03.587 : IterationNum=187	[MsgId: MMSG-17999]
   USER 187 = user67:pwd67	[MsgId: MMSG-17999]
    2023-06-17 20:37:03.678 : Start page is opened	[MsgId: MMSG-17999]
    2023-06-17 20:37:09.252 : User is logged in with session 136655.830133657HAcQcDtpczcftcVHfptAffHf	[MsgId: MMSG-17999]
    2023-06-17 20:37:14.659 : User is logged out of session	[MsgId: MMSG-17999]
  2023-06-17 20:39:09.601 : IterationNum=188	[MsgId: MMSG-17999]
   USER 188 = user67:pwd67	[MsgId: MMSG-17999]
    2023-06-17 20:39:09.695 : Start page is opened	[MsgId: MMSG-17999]
    2023-06-17 20:39:14.313 : User is logged in with session 136655.840340219HAcQcDtpHiHftcVHfptAiHcf	[MsgId: MMSG-17999]
    2023-06-17 20:39:19.794 : User is logged out of session	[MsgId: MMSG-17999]
  2023-06-17 20:41:15.605 : IterationNum=189	[MsgId: MMSG-17999]
   USER 189 = user67:pwd67	[MsgId: MMSG-17999]
    2023-06-17 20:41:15.700 : Start page is opened	[MsgId: MMSG-17999]
    2023-06-17 20:41:20.741 : User is logged in with session 136655.85054678HAcQcDfpDVcftcVHfptVViHf	[MsgId: MMSG-17999]
    2023-06-17 20:41:26.025 : User is logged out of session	[MsgId: MMSG-17999]
  2023-06-17 20:43:21.607 : IterationNum=190	[MsgId: MMSG-17999]
   USER 190 = user67:pwd67	[MsgId: MMSG-17999]
    2023-06-17 20:43:21.702 : Start page is opened	[MsgId: MMSG-17999]
    2023-06-17 20:43:26.476 : User is logged in with session 136655.860753341HAcQcDfpiDHftcVHfptVfAcf	[MsgId: MMSG-17999]
    2023-06-17 20:43:31.426 : User is logged out of session	[MsgId: MMSG-17999]
  2023-06-17 20:45:27.607 : IterationNum=191	[MsgId: MMSG-17999]
   USER 191 = user67:pwd67	[MsgId: MMSG-17999]
    2023-06-17 20:45:27.701 : Start page is opened	[MsgId: MMSG-17999]
    2023-06-17 20:45:32.265 : User is logged in with session 136655.870959903HAcQcDzpDzcftcVHfptViVHf	[MsgId: MMSG-17999]
    2023-06-17 20:45:38.527 : User is logged out of session	[MsgId: MMSG-17999]
  2023-06-17 20:47:33.614 : IterationNum=192	[MsgId: MMSG-17999]
   USER 192 = user67:pwd67	[MsgId: MMSG-17999]
    2023-06-17 20:47:33.709 : Start page is opened	[MsgId: MMSG-17999]
    2023-06-17 20:47:37.919 : User is logged in with session 136655.881166464HAcQcDzpiiHftcVHfptcVDcf	[MsgId: MMSG-17999]
    2023-06-17 20:47:42.881 : User is logged out of session	[MsgId: MMSG-17999]
  2023-06-17 20:49:39.628 : IterationNum=193	[MsgId: MMSG-17999]
   USER 193 = user67:pwd67	[MsgId: MMSG-17999]
    2023-06-17 20:49:39.724 : Start page is opened	[MsgId: MMSG-17999]
    2023-06-17 20:49:45.718 : User is logged in with session 136655.891373026HAcQcDHptVcftcVHfptcttHf	[MsgId: MMSG-17999]
    2023-06-17 20:49:52.002 : User is logged out of session	[MsgId: MMSG-17999]
  2023-06-17 20:51:45.630 : IterationNum=194	[MsgId: MMSG-17999]
   USER 194 = user67:pwd67	[MsgId: MMSG-17999]
    2023-06-17 20:51:45.725 : Start page is opened	[MsgId: MMSG-17999]
    2023-06-17 20:51:50.294 : User is logged in with session 136655.901579587HAcQcDHpQDHftcVHfptcHzcf	[MsgId: MMSG-17999]
    2023-06-17 20:51:55.644 : User is logged out of session	[MsgId: MMSG-17999]
  2023-06-17 20:53:51.635 : IterationNum=195	[MsgId: MMSG-17999]
   USER 195 = user67:pwd67	[MsgId: MMSG-17999]
    2023-06-17 20:53:51.730 : Start page is opened	[MsgId: MMSG-17999]
    2023-06-17 20:53:56.937 : User is logged in with session 136655.911786148HAcQcDiptzcftcVHfptDAHHf	[MsgId: MMSG-17999]
    2023-06-17 20:54:01.293 : User is logged out of session	[MsgId: MMSG-17999]
  2023-06-17 20:55:57.639 : IterationNum=196	[MsgId: MMSG-17999]
   USER 196 = user67:pwd67	[MsgId: MMSG-17999]
    2023-06-17 20:55:57.732 : Start page is opened	[MsgId: MMSG-17999]
    2023-06-17 20:56:02.079 : User is logged in with session 136655.92199271HAcQcDipQiHftcVHfptDDQcf	[MsgId: MMSG-17999]
    2023-06-17 20:56:06.323 : User is logged out of session	[MsgId: MMSG-17999]
  2023-06-17 20:58:03.643 : IterationNum=197	[MsgId: MMSG-17999]
   USER 197 = user67:pwd67	[MsgId: MMSG-17999]
    2023-06-17 20:58:03.737 : Start page is opened	[MsgId: MMSG-17999]
    2023-06-17 20:58:08.808 : User is logged in with session 136655.932199271HAcQcDQpfVcftcVHfptDHAHf	[MsgId: MMSG-17999]
    2023-06-17 20:58:14.272 : User is logged out of session	[MsgId: MMSG-17999]
  2023-06-17 21:00:09.651 : IterationNum=198	[MsgId: MMSG-17999]
   USER 198 = user67:pwd67	[MsgId: MMSG-17999]
    2023-06-17 21:00:09.745 : Start page is opened	[MsgId: MMSG-17999]
    2023-06-17 21:00:15.252 : User is logged in with session 136655.942405832HAcQctApADHftcVHfpttAccf	[MsgId: MMSG-17999]
    2023-06-17 21:00:20.954 : User is logged out of session	[MsgId: MMSG-17999]
  2023-06-17 21:02:15.665 : IterationNum=199	[MsgId: MMSG-17999]
   USER 199 = user67:pwd67	[MsgId: MMSG-17999]
    2023-06-17 21:02:15.759 : Start page is opened	[MsgId: MMSG-17999]
    2023-06-17 21:02:21.152 : User is logged in with session 136655.952612394HAcQctApfzcftcVHfpttDDHf	[MsgId: MMSG-17999]
    2023-06-17 21:02:27.250 : User is logged out of session	[MsgId: MMSG-17999]
  2023-06-17 21:04:21.668 : IterationNum=200	[MsgId: MMSG-17999]
   USER 200 = user67:pwd67	[MsgId: MMSG-17999]
    2023-06-17 21:04:21.763 : Start page is opened	[MsgId: MMSG-17999]
    2023-06-17 21:04:26.083 : User is logged in with session 136655.962818955HAcQctVpAiHftcVHfpttzfcf	[MsgId: MMSG-17999]
    2023-06-17 21:04:30.608 : User is logged out of session	[MsgId: MMSG-17999]
  2023-06-17 21:06:27.679 : IterationNum=201	[MsgId: MMSG-17999]
   USER 201 = user67:pwd67	[MsgId: MMSG-17999]
    2023-06-17 21:06:27.774 : Start page is opened	[MsgId: MMSG-17999]
    2023-06-17 21:06:34.137 : User is logged in with session 136655.973025516HAcQctVpzVcftcVHfpttQzHf	[MsgId: MMSG-17999]
    2023-06-17 21:06:39.265 : User is logged out of session	[MsgId: MMSG-17999]
  2023-06-17 21:08:33.694 : IterationNum=202	[MsgId: MMSG-17999]
   USER 202 = user67:pwd67	[MsgId: MMSG-17999]
    2023-06-17 21:08:33.788 : Start page is opened	[MsgId: MMSG-17999]
    2023-06-17 21:08:39.424 : User is logged in with session 136655.983232078HAcQctcpVDHftcVHfptfcicf	[MsgId: MMSG-17999]
    2023-06-17 21:08:43.926 : User is logged out of session	[MsgId: MMSG-17999]
  2023-06-17 21:10:39.708 : IterationNum=203	[MsgId: MMSG-17999]
   USER 203 = user67:pwd67	[MsgId: MMSG-17999]
    2023-06-17 21:10:39.801 : Start page is opened	[MsgId: MMSG-17999]
    2023-06-17 21:10:44.530 : User is logged in with session 136655.993438639HAcQctcpzzcftcVHfptffQHf	[MsgId: MMSG-17999]
    2023-06-17 21:10:49.810 : User is logged out of session	[MsgId: MMSG-17999]
  2023-06-17 21:12:45.709 : IterationNum=204	[MsgId: MMSG-17999]
   USER 204 = user67:pwd67	[MsgId: MMSG-17999]
    2023-06-17 21:12:45.803 : Start page is opened	[MsgId: MMSG-17999]
    2023-06-17 21:12:52.059 : User is logged in with session 136656.0036452HAcQctDpViHftcVHfptfQVcf	[MsgId: MMSG-17999]
    2023-06-17 21:12:57.152 : User is logged out of session	[MsgId: MMSG-17999]
  2023-06-17 21:14:51.718 : IterationNum=205	[MsgId: MMSG-17999]
   USER 205 = user67:pwd67	[MsgId: MMSG-17999]
    2023-06-17 21:14:51.813 : Start page is opened	[MsgId: MMSG-17999]
    2023-06-17 21:14:57.961 : User is logged in with session 136656.013851762HAcQctDpHVcftcVHfptzccHf	[MsgId: MMSG-17999]
    2023-06-17 21:15:02.482 : User is logged out of session	[MsgId: MMSG-17999]
  2023-06-17 21:16:57.733 : IterationNum=206	[MsgId: MMSG-17999]
   USER 206 = user67:pwd67	[MsgId: MMSG-17999]
    2023-06-17 21:16:57.828 : Start page is opened	[MsgId: MMSG-17999]
    2023-06-17 21:17:03.395 : User is logged in with session 136656.024058323HAcQcttpcDHftcVHfptzftcf	[MsgId: MMSG-17999]
    2023-06-17 21:17:08.813 : User is logged out of session	[MsgId: MMSG-17999]
  2023-06-17 21:19:03.740 : IterationNum=207	[MsgId: MMSG-17999]
   USER 207 = user67:pwd67	[MsgId: MMSG-17999]
    2023-06-17 21:19:03.834 : Start page is opened	[MsgId: MMSG-17999]
    2023-06-17 21:19:07.779 : User is logged in with session 136656.034264885HAcQcttpHzcftcVHfptzifHf	[MsgId: MMSG-17999]
    2023-06-17 21:19:11.827 : User is logged out of session	[MsgId: MMSG-17999]
  2023-06-17 21:21:09.750 : IterationNum=208	[MsgId: MMSG-17999]
   USER 208 = user67:pwd67	[MsgId: MMSG-17999]
    2023-06-17 21:21:09.843 : Start page is opened	[MsgId: MMSG-17999]
    2023-06-17 21:21:15.855 : User is logged in with session 136656.044471446HAcQctfpciHftcVHfptHVHcf	[MsgId: MMSG-17999]
    2023-06-17 21:21:21.693 : User is logged out of session	[MsgId: MMSG-17999]
  2023-06-17 21:23:15.752 : IterationNum=209	[MsgId: MMSG-17999]
   USER 209 = user67:pwd67	[MsgId: MMSG-17999]
    2023-06-17 21:23:15.847 : Start page is opened	[MsgId: MMSG-17999]
    2023-06-17 21:23:20.858 : User is logged in with session 136656.054678007HAcQctfpiVcftcVHfptHtiHf	[MsgId: MMSG-17999]
    2023-06-17 21:23:24.937 : User is logged out of session	[MsgId: MMSG-17999]
  2023-06-17 21:25:21.755 : IterationNum=210	[MsgId: MMSG-17999]
   USER 210 = user67:pwd67	[MsgId: MMSG-17999]
    2023-06-17 21:25:21.848 : Start page is opened	[MsgId: MMSG-17999]
    2023-06-17 21:25:26.293 : User is logged in with session 136656.064884569HAcQctzpDDHftcVHfptHiAcf	[MsgId: MMSG-17999]
    2023-06-17 21:25:30.851 : User is logged out of session	[MsgId: MMSG-17999]
  2023-06-17 21:27:27.763 : IterationNum=211	[MsgId: MMSG-17999]
   USER 211 = user67:pwd67	[MsgId: MMSG-17999]
    2023-06-17 21:27:27.857 : Start page is opened	[MsgId: MMSG-17999]
    2023-06-17 21:27:32.830 : User is logged in with session 136656.07509113HAcQctzpizcftcVHfptiVVHf	[MsgId: MMSG-17999]
    2023-06-17 21:27:38.159 : User is logged out of session	[MsgId: MMSG-17999]
  2023-06-17 21:29:33.765 : IterationNum=212	[MsgId: MMSG-17999]
   USER 212 = user67:pwd67	[MsgId: MMSG-17999]
    2023-06-17 21:29:33.858 : Start page is opened	[MsgId: MMSG-17999]
    2023-06-17 21:29:37.824 : User is logged in with session 136656.085297691HAcQctHpDiHftcVHfptitDcf	[MsgId: MMSG-17999]
    2023-06-17 21:29:44.013 : User is logged out of session	[MsgId: MMSG-17999]
  2023-06-17 21:31:39.780 : IterationNum=213	[MsgId: MMSG-17999]
   USER 213 = user67:pwd67	[MsgId: MMSG-17999]
    2023-06-17 21:31:39.874 : Start page is opened	[MsgId: MMSG-17999]
    2023-06-17 21:31:45.336 : User is logged in with session 136656.095504253HAcQctHpQVcftcVHfptiHtHf	[MsgId: MMSG-17999]
    2023-06-17 21:31:50.952 : User is logged out of session	[MsgId: MMSG-17999]
  2023-06-17 21:33:45.786 : IterationNum=214	[MsgId: MMSG-17999]
   USER 214 = user67:pwd67	[MsgId: MMSG-17999]
    2023-06-17 21:33:45.881 : Start page is opened	[MsgId: MMSG-17999]
    2023-06-17 21:33:52.248 : User is logged in with session 136656.105710814HAcQctiptDHftcVHfptQAzcf	[MsgId: MMSG-17999]
    2023-06-17 21:33:58.324 : User is logged out of session	[MsgId: MMSG-17999]
  2023-06-17 21:35:51.796 : IterationNum=215	[MsgId: MMSG-17999]
   USER 215 = user67:pwd67	[MsgId: MMSG-17999]
    2023-06-17 21:35:51.890 : Start page is opened	[MsgId: MMSG-17999]
    2023-06-17 21:35:56.592 : User is logged in with session 136656.115917375HAcQctipQzcftcVHfptQDHHf	[MsgId: MMSG-17999]
    2023-06-17 21:36:01.125 : User is logged out of session	[MsgId: MMSG-17999]
  2023-06-17 21:37:57.810 : IterationNum=216	[MsgId: MMSG-17999]
   USER 216 = user67:pwd67	[MsgId: MMSG-17999]
    2023-06-17 21:37:57.905 : Start page is opened	[MsgId: MMSG-17999]
    2023-06-17 21:38:04.272 : User is logged in with session 136656.126123937HAcQctQptiHftcVHfptQzQcf	[MsgId: MMSG-17999]
    2023-06-17 21:38:10.212 : User is logged out of session	[MsgId: MMSG-17999]
  2023-06-17 21:40:03.818 : IterationNum=217	[MsgId: MMSG-17999]
   USER 217 = user67:pwd67	[MsgId: MMSG-17999]
    2023-06-17 21:40:03.913 : Start page is opened	[MsgId: MMSG-17999]
    2023-06-17 21:40:10.163 : User is logged in with session 136656.136330498HAcQcfApAVcftcVHfpfAAAHf	[MsgId: MMSG-17999]
    2023-06-17 21:40:15.719 : User is logged out of session	[MsgId: MMSG-17999]
  2023-06-17 21:42:09.824 : IterationNum=218	[MsgId: MMSG-17999]
   USER 218 = user67:pwd67	[MsgId: MMSG-17999]
    2023-06-17 21:42:09.919 : Start page is opened	[MsgId: MMSG-17999]
    2023-06-17 21:42:14.402 : User is logged in with session 136656.14653706HAcQcfApfDHftcVHfpfADccf	[MsgId: MMSG-17999]
    2023-06-17 21:42:20.445 : User is logged out of session	[MsgId: MMSG-17999]
  2023-06-17 21:44:15.826 : IterationNum=219	[MsgId: MMSG-17999]
   USER 219 = user67:pwd67	[MsgId: MMSG-17999]
    2023-06-17 21:44:15.920 : Start page is opened	[MsgId: MMSG-17999]
    2023-06-17 21:44:20.514 : User is logged in with session 136656.156743621HAcQcfVpAzcftcVHfpfAzDHf	[MsgId: MMSG-17999]
    2023-06-17 21:44:26.332 : User is logged out of session	[MsgId: MMSG-17999]
  2023-06-17 21:46:21.836 : IterationNum=220	[MsgId: MMSG-17999]
   USER 220 = user67:pwd67	[MsgId: MMSG-17999]
    2023-06-17 21:46:21.931 : Start page is opened	[MsgId: MMSG-17999]
    2023-06-17 21:46:27.857 : User is logged in with session 136656.166950182HAcQcfVpfiHftcVHfpfAQfcf	[MsgId: MMSG-17999]
    2023-06-17 21:46:32.422 : User is logged out of session	[MsgId: MMSG-17999]
  2023-06-17 21:48:27.852 : IterationNum=221	[MsgId: MMSG-17999]
   USER 221 = user67:pwd67	[MsgId: MMSG-17999]
    2023-06-17 21:48:27.946 : Start page is opened	[MsgId: MMSG-17999]
    2023-06-17 21:48:32.186 : User is logged in with session 136656.177156744HAcQcfcpVVcftcVHfpfVczHf	[MsgId: MMSG-17999]
    2023-06-17 21:48:38.410 : User is logged out of session	[MsgId: MMSG-17999]
  2023-06-17 21:50:33.858 : IterationNum=222	[MsgId: MMSG-17999]
   USER 222 = user67:pwd67	[MsgId: MMSG-17999]
    2023-06-17 21:50:33.952 : Start page is opened	[MsgId: MMSG-17999]
    2023-06-17 21:50:38.133 : User is logged in with session 136656.187363305HAcQcfcpzDHftcVHfpfVficf	[MsgId: MMSG-17999]
    2023-06-17 21:50:43.174 : User is logged out of session	[MsgId: MMSG-17999]
  2023-06-17 21:52:39.868 : IterationNum=223	[MsgId: MMSG-17999]
   USER 223 = user67:pwd67	[MsgId: MMSG-17999]
    2023-06-17 21:52:39.962 : Start page is opened	[MsgId: MMSG-17999]
    2023-06-17 21:52:45.470 : User is logged in with session 136656.197569866HAcQcfDpVzcftcVHfpfViQHf	[MsgId: MMSG-17999]
    2023-06-17 21:52:49.651 : User is logged out of session	[MsgId: MMSG-17999]
  2023-06-17 21:54:45.874 : IterationNum=224	[MsgId: MMSG-17999]
   USER 224 = user67:pwd67	[MsgId: MMSG-17999]
    2023-06-17 21:54:45.967 : Start page is opened	[MsgId: MMSG-17999]
    2023-06-17 21:54:51.270 : User is logged in with session 136656.207776428HAcQcfDpziHftcVHfpfccVcf	[MsgId: MMSG-17999]
    2023-06-17 21:54:55.161 : User is logged out of session	[MsgId: MMSG-17999]
  2023-06-17 21:56:51.878 : IterationNum=225	[MsgId: MMSG-17999]
   USER 225 = user67:pwd67	[MsgId: MMSG-17999]
    2023-06-17 21:56:51.972 : Start page is opened	[MsgId: MMSG-17999]
    2023-06-17 21:56:58.312 : User is logged in with session 136656.217982989HAcQcftpcVcftcVHfpfcfcHf	[MsgId: MMSG-17999]
    2023-06-17 21:57:04.244 : User is logged out of session	[MsgId: MMSG-17999]
  2023-06-17 21:58:57.892 : IterationNum=226	[MsgId: MMSG-17999]
   USER 226 = user67:pwd67	[MsgId: MMSG-17999]
    2023-06-17 21:58:57.986 : Start page is opened	[MsgId: MMSG-17999]
    2023-06-17 21:59:03.692 : User is logged in with session 136656.22818955HAcQcftpHDHftcVHfpfcitcf	[MsgId: MMSG-17999]
    2023-06-17 21:59:08.974 : User is logged out of session	[MsgId: MMSG-17999]
  2023-06-17 22:01:03.895 : IterationNum=227	[MsgId: MMSG-17999]
   USER 227 = user67:pwd67	[MsgId: MMSG-17999]
    2023-06-17 22:01:03.990 : Start page is opened	[MsgId: MMSG-17999]
    2023-06-17 22:01:08.139 : User is logged in with session 136656.238396112HAcQcffpczcftcVHfpfDVfHf	[MsgId: MMSG-17999]
    2023-06-17 22:01:13.063 : User is logged out of session	[MsgId: MMSG-17999]
  2023-06-17 22:03:09.898 : IterationNum=228	[MsgId: MMSG-17999]
   USER 228 = user67:pwd67	[MsgId: MMSG-17999]
    2023-06-17 22:03:09.991 : Start page is opened	[MsgId: MMSG-17999]
    2023-06-17 22:03:14.189 : User is logged in with session 136656.248602673HAcQcffpHiHftcVHfpfDtHcf	[MsgId: MMSG-17999]
    2023-06-17 22:03:20.450 : User is logged out of session	[MsgId: MMSG-17999]
  2023-06-17 22:05:15.904 : IterationNum=229	[MsgId: MMSG-17999]
   USER 229 = user67:pwd67	[MsgId: MMSG-17999]
    2023-06-17 22:05:15.998 : Start page is opened	[MsgId: MMSG-17999]
    2023-06-17 22:05:20.000 : User is logged in with session 136656.258809235HAcQcfzpDVcftcVHfpfDHiHf	[MsgId: MMSG-17999]
    2023-06-17 22:05:25.249 : User is logged out of session	[MsgId: MMSG-17999]
  2023-06-17 22:07:21.919 : IterationNum=230	[MsgId: MMSG-17999]
   USER 230 = user67:pwd67	[MsgId: MMSG-17999]
    2023-06-17 22:07:22.014 : Start page is opened	[MsgId: MMSG-17999]
    2023-06-17 22:07:26.774 : User is logged in with session 136656.269015796HAcQcfzpiDHftcVHfpftVAcf	[MsgId: MMSG-17999]
    2023-06-17 22:07:32.717 : User is logged out of session	[MsgId: MMSG-17999]
  2023-06-17 22:09:27.932 : IterationNum=231	[MsgId: MMSG-17999]
   USER 231 = user67:pwd67	[MsgId: MMSG-17999]
    2023-06-17 22:09:28.026 : Start page is opened	[MsgId: MMSG-17999]
    2023-06-17 22:09:34.201 : User is logged in with session 136656.279222357HAcQcfHpDzcftcVHfpfttVHf	[MsgId: MMSG-17999]
    2023-06-17 22:09:40.029 : User is logged out of session	[MsgId: MMSG-17999]
  2023-06-17 22:11:33.942 : IterationNum=232	[MsgId: MMSG-17999]
   USER 232 = user67:pwd67	[MsgId: MMSG-17999]
    2023-06-17 22:11:34.036 : Start page is opened	[MsgId: MMSG-17999]
    2023-06-17 22:11:40.071 : User is logged in with session 136656.289428919HAcQcfHpiiHftcVHfpftHDcf	[MsgId: MMSG-17999]
    2023-06-17 22:11:46.120 : User is logged out of session	[MsgId: MMSG-17999]
  2023-06-17 22:13:39.954 : IterationNum=233	[MsgId: MMSG-17999]
   USER 233 = user67:pwd67	[MsgId: MMSG-17999]
    2023-06-17 22:13:40.047 : Start page is opened	[MsgId: MMSG-17999]
    2023-06-17 22:13:43.927 : User is logged in with session 136656.29963548HAcQcfiptVcftcVHfpffAtHf	[MsgId: MMSG-17999]
    2023-06-17 22:13:49.907 : User is logged out of session	[MsgId: MMSG-17999]
  2023-06-17 22:15:45.955 : IterationNum=234	[MsgId: MMSG-17999]
   USER 234 = user67:pwd67	[MsgId: MMSG-17999]
    2023-06-17 22:15:46.050 : Start page is opened	[MsgId: MMSG-17999]
    2023-06-17 22:15:51.125 : User is logged in with session 136656.309842041HAcQcfipQDHftcVHfpffDzcf	[MsgId: MMSG-17999]
    2023-06-17 22:15:57.342 : User is logged out of session	[MsgId: MMSG-17999]
  2023-06-17 22:17:51.964 : IterationNum=235	[MsgId: MMSG-17999]
   USER 235 = user67:pwd67	[MsgId: MMSG-17999]
    2023-06-17 22:17:52.058 : Start page is opened	[MsgId: MMSG-17999]
    2023-06-17 22:17:57.266 : User is logged in with session 136656.320048603HAcQcfQptzcftcVHfpffzHHf	[MsgId: MMSG-17999]
    2023-06-17 22:18:03.194 : User is logged out of session	[MsgId: MMSG-17999]
  2023-06-17 22:19:57.974 : IterationNum=236	[MsgId: MMSG-17999]
   USER 236 = user67:pwd67	[MsgId: MMSG-17999]
    2023-06-17 22:19:58.068 : Start page is opened	[MsgId: MMSG-17999]
    2023-06-17 22:20:04.312 : User is logged in with session 136656.330336169HAcQcfQpQQVzzzzHtcVHfpffQQf	[MsgId: MMSG-17999]
    2023-06-17 22:20:08.372 : User is logged out of session	[MsgId: MMSG-17999]
