  2023-06-17 14:09:56.519 : IterationNum=1	[MsgId: MMSG-17999]
   USER 1 = user88:pwd88	[MsgId: MMSG-17999]
    2023-06-17 14:09:56.613 : Start page is opened	[MsgId: MMSG-17999]
    2023-06-17 14:10:01.603 : User is logged in with session 136653.948643175HAcQVDHptiDDDDDDtcVHtpictQ	[MsgId: MMSG-17999]
    2023-06-17 14:10:06.125 : User is logged out of session	[MsgId: MMSG-17999]
  2023-06-17 14:12:02.529 : IterationNum=2	[MsgId: MMSG-17999]
   USER 2 = user88:pwd88	[MsgId: MMSG-17999]
    2023-06-17 14:12:02.622 : Start page is opened	[MsgId: MMSG-17999]
    2023-06-17 14:12:08.291 : User is logged in with session 136653.958849737HAcQVDipAAiDDDDDtcVHtpiciAf	[MsgId: MMSG-17999]
    2023-06-17 14:12:12.247 : User is logged out of session	[MsgId: MMSG-17999]
  2023-06-17 14:14:08.540 : IterationNum=3	[MsgId: MMSG-17999]
   USER 3 = user88:pwd88	[MsgId: MMSG-17999]
    2023-06-17 14:14:08.634 : Start page is opened	[MsgId: MMSG-17999]
    2023-06-17 14:14:13.897 : User is logged in with session 136653.969056298HAcQVDipfDDDDDDDtcVHtpiDVc	[MsgId: MMSG-17999]
    2023-06-17 14:14:19.251 : User is logged out of session	[MsgId: MMSG-17999]
  2023-06-17 14:16:14.545 : IterationNum=4	[MsgId: MMSG-17999]
   USER 4 = user88:pwd88	[MsgId: MMSG-17999]
    2023-06-17 14:16:14.639 : Start page is opened	[MsgId: MMSG-17999]
    2023-06-17 14:16:20.575 : User is logged in with session 136653.979262859HAcQVDQpAfiDDDDDtcVHtpiDtDf	[MsgId: MMSG-17999]
    2023-06-17 14:16:25.757 : User is logged out of session	[MsgId: MMSG-17999]
  2023-06-17 14:18:20.546 : IterationNum=5	[MsgId: MMSG-17999]
   USER 5 = user88:pwd88	[MsgId: MMSG-17999]
    2023-06-17 14:18:20.641 : Start page is opened	[MsgId: MMSG-17999]
    2023-06-17 14:18:25.342 : User is logged in with session 136653.989469421HAcQVDQpfiDDDDDDtcVHtpiDHf	[MsgId: MMSG-17999]
    2023-06-17 14:18:29.754 : User is logged out of session	[MsgId: MMSG-17999]
  2023-06-17 14:20:26.554 : IterationNum=6	[MsgId: MMSG-17999]
   USER 6 = user88:pwd88	[MsgId: MMSG-17999]
    2023-06-17 14:20:26.648 : Start page is opened	[MsgId: MMSG-17999]
    2023-06-17 14:20:31.547 : User is logged in with session 136653.999675982HAcQVtApVAiDDDDDtcVHtpitAzf	[MsgId: MMSG-17999]
    2023-06-17 14:20:36.807 : User is logged out of session	[MsgId: MMSG-17999]
  2023-06-17 14:22:32.558 : IterationNum=7	[MsgId: MMSG-17999]
   USER 7 = user88:pwd88	[MsgId: MMSG-17999]
    2023-06-17 14:22:32.652 : Start page is opened	[MsgId: MMSG-17999]
    2023-06-17 14:22:37.677 : User is logged in with session 136654.009882544HAcQVtApzDDDDDDDtcVHtpitDi	[MsgId: MMSG-17999]
    2023-06-17 14:22:42.307 : User is logged out of session	[MsgId: MMSG-17999]
  2023-06-17 14:24:38.559 : IterationNum=8	[MsgId: MMSG-17999]
   USER 8 = user88:pwd88	[MsgId: MMSG-17999]
    2023-06-17 14:24:38.653 : Start page is opened	[MsgId: MMSG-17999]
    2023-06-17 14:24:43.935 : User is logged in with session 136654.020089105HAcQVtVpVfiDDDDDtcVHtpitzQf	[MsgId: MMSG-17999]
    2023-06-17 14:24:50.027 : User is logged out of session	[MsgId: MMSG-17999]
  2023-06-17 14:26:44.564 : IterationNum=9	[MsgId: MMSG-17999]
   USER 9 = user88:pwd88	[MsgId: MMSG-17999]
    2023-06-17 14:26:44.659 : Start page is opened	[MsgId: MMSG-17999]
    2023-06-17 14:26:48.879 : User is logged in with session 136654.030295666HAcQVtVpziDDDDDDtcVHtpifAV	[MsgId: MMSG-17999]
    2023-06-17 14:26:53.339 : User is logged out of session	[MsgId: MMSG-17999]
  2023-06-17 14:28:50.565 : IterationNum=10	[MsgId: MMSG-17999]
   USER 10 = user88:pwd88	[MsgId: MMSG-17999]
    2023-06-17 14:28:50.659 : Start page is opened	[MsgId: MMSG-17999]
    2023-06-17 14:28:54.967 : User is logged in with session 136654.040502228HAcQVtcpcAiDDDDDtcVHtpifDcf	[MsgId: MMSG-17999]
    2023-06-17 14:29:00.543 : User is logged out of session	[MsgId: MMSG-17999]
  2023-06-17 14:30:56.574 : IterationNum=11	[MsgId: MMSG-17999]
   USER 11 = user88:pwd88	[MsgId: MMSG-17999]
    2023-06-17 14:30:56.668 : Start page is opened	[MsgId: MMSG-17999]
    2023-06-17 14:31:01.763 : User is logged in with session 136654.050708789HAcQVtcpHDDDDDDDtcVHtpifzt	[MsgId: MMSG-17999]
    2023-06-17 14:31:07.803 : User is logged out of session	[MsgId: MMSG-17999]
  2023-06-17 14:33:02.584 : IterationNum=12	[MsgId: MMSG-17999]
   USER 12 = user88:pwd88	[MsgId: MMSG-17999]
    2023-06-17 14:33:02.681 : Start page is opened	[MsgId: MMSG-17999]
    2023-06-17 14:33:07.782 : User is logged in with session 136654.06091535HAcQVtDpcfiDDDDDtcVHtpifQff	[MsgId: MMSG-17999]
    2023-06-17 14:33:13.546 : User is logged out of session	[MsgId: MMSG-17999]
  2023-06-17 14:35:08.589 : IterationNum=13	[MsgId: MMSG-17999]
   USER 13 = user88:pwd88	[MsgId: MMSG-17999]
    2023-06-17 14:35:08.681 : Start page is opened	[MsgId: MMSG-17999]
    2023-06-17 14:35:13.357 : User is logged in with session 136654.071121912HAcQVtDpHiDDDDDDtcVHtpizcH	[MsgId: MMSG-17999]
    2023-06-17 14:35:19.587 : User is logged out of session	[MsgId: MMSG-17999]
  2023-06-17 14:37:14.591 : IterationNum=14	[MsgId: MMSG-17999]
   USER 14 = user88:pwd88	[MsgId: MMSG-17999]
    2023-06-17 14:37:14.684 : Start page is opened	[MsgId: MMSG-17999]
    2023-06-17 14:37:20.069 : User is logged in with session 136654.081328473HAcQVttpDAiDDDDDtcVHtpizfif	[MsgId: MMSG-17999]
    2023-06-17 14:37:26.177 : User is logged out of session	[MsgId: MMSG-17999]
  2023-06-17 14:39:20.598 : IterationNum=15	[MsgId: MMSG-17999]
   USER 15 = user88:pwd88	[MsgId: MMSG-17999]
    2023-06-17 14:39:20.692 : Start page is opened	[MsgId: MMSG-17999]
    2023-06-17 14:39:25.970 : User is logged in with session 136654.091535034HAcQVttpiDDDDDDDtcVHtpizQ	[MsgId: MMSG-17999]
    2023-06-17 14:39:31.246 : User is logged out of session	[MsgId: MMSG-17999]
  2023-06-17 14:41:26.603 : IterationNum=16	[MsgId: MMSG-17999]
   USER 16 = user88:pwd88	[MsgId: MMSG-17999]
    2023-06-17 14:41:26.698 : Start page is opened	[MsgId: MMSG-17999]
    2023-06-17 14:41:32.936 : User is logged in with session 136654.101741596HAcQVtfpDfiDDDDDtcVHtpiHcVf	[MsgId: MMSG-17999]
    2023-06-17 14:41:36.919 : User is logged out of session	[MsgId: MMSG-17999]
  2023-06-17 14:43:32.616 : IterationNum=17	[MsgId: MMSG-17999]
   USER 17 = user88:pwd88	[MsgId: MMSG-17999]
    2023-06-17 14:43:32.710 : Start page is opened	[MsgId: MMSG-17999]
    2023-06-17 14:43:37.532 : User is logged in with session 136654.111948157HAcQVtfpiiDDDDDDtcVHtpiHfD	[MsgId: MMSG-17999]
    2023-06-17 14:43:43.383 : User is logged out of session	[MsgId: MMSG-17999]
  2023-06-17 14:45:38.618 : IterationNum=18	[MsgId: MMSG-17999]
   USER 18 = user88:pwd88	[MsgId: MMSG-17999]
    2023-06-17 14:45:38.711 : Start page is opened	[MsgId: MMSG-17999]
    2023-06-17 14:45:44.779 : User is logged in with session 136654.122154719HAcQVtzptAiDDDDDtcVHtpiHitf	[MsgId: MMSG-17999]
    2023-06-17 14:45:49.060 : User is logged out of session	[MsgId: MMSG-17999]
  2023-06-17 14:47:44.634 : IterationNum=19	[MsgId: MMSG-17999]
   USER 19 = user88:pwd88	[MsgId: MMSG-17999]
    2023-06-17 14:47:44.729 : Start page is opened	[MsgId: MMSG-17999]
    2023-06-17 14:47:48.906 : User is logged in with session 136654.13236128HAcQVtzpQDDDDDDDtcVHtpiiVz	[MsgId: MMSG-17999]
    2023-06-17 14:47:53.425 : User is logged out of session	[MsgId: MMSG-17999]
  2023-06-17 14:49:50.645 : IterationNum=20	[MsgId: MMSG-17999]
   USER 20 = user88:pwd88	[MsgId: MMSG-17999]
    2023-06-17 14:49:50.740 : Start page is opened	[MsgId: MMSG-17999]
    2023-06-17 14:49:55.468 : User is logged in with session 136654.142567841HAcQVtHptfiDDDDDtcVHtpiitHf	[MsgId: MMSG-17999]
    2023-06-17 14:49:59.657 : User is logged out of session	[MsgId: MMSG-17999]
  2023-06-17 14:51:56.647 : IterationNum=21	[MsgId: MMSG-17999]
   USER 21 = user88:pwd88	[MsgId: MMSG-17999]
    2023-06-17 14:51:56.741 : Start page is opened	[MsgId: MMSG-17999]
    2023-06-17 14:52:01.701 : User is logged in with session 136654.152774403HAcQVtHpQiDDDDDDtcVHtpiiHQ	[MsgId: MMSG-17999]
    2023-06-17 14:52:06.708 : User is logged out of session	[MsgId: MMSG-17999]
  2023-06-17 14:54:02.655 : IterationNum=22	[MsgId: MMSG-17999]
   USER 22 = user88:pwd88	[MsgId: MMSG-17999]
    2023-06-17 14:54:02.749 : Start page is opened	[MsgId: MMSG-17999]
    2023-06-17 14:54:08.914 : User is logged in with session 136654.162980964HAcQVtipfAiDDDDDtcVHtpiQVAf	[MsgId: MMSG-17999]
    2023-06-17 14:54:14.896 : User is logged out of session	[MsgId: MMSG-17999]
  2023-06-17 14:56:08.656 : IterationNum=23	[MsgId: MMSG-17999]
   USER 23 = user88:pwd88	[MsgId: MMSG-17999]
    2023-06-17 14:56:08.750 : Start page is opened	[MsgId: MMSG-17999]
    2023-06-17 14:56:13.725 : User is logged in with session 136654.173187525HAcQVtQpADDDDDDDtcVHtpiQtc	[MsgId: MMSG-17999]
    2023-06-17 14:56:19.182 : User is logged out of session	[MsgId: MMSG-17999]
  2023-06-17 14:58:14.670 : IterationNum=24	[MsgId: MMSG-17999]
   USER 24 = user88:pwd88	[MsgId: MMSG-17999]
    2023-06-17 14:58:14.763 : Start page is opened	[MsgId: MMSG-17999]
    2023-06-17 14:58:19.462 : User is logged in with session 136654.183394087HAcQVtQpffiDDDDDtcVHtpiQHDf	[MsgId: MMSG-17999]
    2023-06-17 14:58:23.356 : User is logged out of session	[MsgId: MMSG-17999]
  2023-06-17 15:00:20.671 : IterationNum=25	[MsgId: MMSG-17999]
   USER 25 = user88:pwd88	[MsgId: MMSG-17999]
    2023-06-17 15:00:20.766 : Start page is opened	[MsgId: MMSG-17999]
    2023-06-17 15:00:26.570 : User is logged in with session 136654.193600648HAcQVfApAiDDDDDDtcVHtpQAAf	[MsgId: MMSG-17999]
    2023-06-17 15:00:31.642 : User is logged out of session	[MsgId: MMSG-17999]
  2023-06-17 15:02:26.684 : IterationNum=26	[MsgId: MMSG-17999]
   USER 26 = user88:pwd88	[MsgId: MMSG-17999]
    2023-06-17 15:02:26.779 : Start page is opened	[MsgId: MMSG-17999]
    2023-06-17 15:02:32.218 : User is logged in with session 136654.203807209HAcQVfApzAiDDDDDtcVHtpQADzf	[MsgId: MMSG-17999]
    2023-06-17 15:02:36.940 : User is logged out of session	[MsgId: MMSG-17999]
  2023-06-17 15:04:32.688 : IterationNum=27	[MsgId: MMSG-17999]
   USER 27 = user88:pwd88	[MsgId: MMSG-17999]
    2023-06-17 15:04:32.783 : Start page is opened	[MsgId: MMSG-17999]
    2023-06-17 15:04:38.031 : User is logged in with session 136654.214013771HAcQVfVpVDDDDDDDtcVHtpQAzi	[MsgId: MMSG-17999]
    2023-06-17 15:04:42.020 : User is logged out of session	[MsgId: MMSG-17999]
  2023-06-17 15:06:38.691 : IterationNum=28	[MsgId: MMSG-17999]
   USER 28 = user88:pwd88	[MsgId: MMSG-17999]
    2023-06-17 15:06:38.785 : Start page is opened	[MsgId: MMSG-17999]
    2023-06-17 15:06:44.026 : User is logged in with session 136654.224220332HAcQVfVpzfiDDDDDtcVHtpQAQQf	[MsgId: MMSG-17999]
    2023-06-17 15:06:48.062 : User is logged out of session	[MsgId: MMSG-17999]
  2023-06-17 15:08:44.706 : IterationNum=29	[MsgId: MMSG-17999]
   USER 29 = user88:pwd88	[MsgId: MMSG-17999]
    2023-06-17 15:08:44.799 : Start page is opened	[MsgId: MMSG-17999]
    2023-06-17 15:08:50.632 : User is logged in with session 136654.234426893HAcQVfcpViDDDDDDtcVHtpQVDV	[MsgId: MMSG-17999]
    2023-06-17 15:08:56.232 : User is logged out of session	[MsgId: MMSG-17999]
  2023-06-17 15:10:50.718 : IterationNum=30	[MsgId: MMSG-17999]
   USER 30 = user88:pwd88	[MsgId: MMSG-17999]
    2023-06-17 15:10:50.812 : Start page is opened	[MsgId: MMSG-17999]
    2023-06-17 15:10:55.917 : User is logged in with session 136654.244633455HAcQVfcpHAiDDDDDtcVHtpQVzcf	[MsgId: MMSG-17999]
    2023-06-17 15:11:01.202 : User is logged out of session	[MsgId: MMSG-17999]
  2023-06-17 15:12:56.726 : IterationNum=31	[MsgId: MMSG-17999]
   USER 31 = user88:pwd88	[MsgId: MMSG-17999]
    2023-06-17 15:12:56.820 : Start page is opened	[MsgId: MMSG-17999]
    2023-06-17 15:13:00.853 : User is logged in with session 136654.254840016HAcQVfDpcDDDDDDDtcVHtpQVQt	[MsgId: MMSG-17999]
    2023-06-17 15:13:06.723 : User is logged out of session	[MsgId: MMSG-17999]
  2023-06-17 15:15:02.726 : IterationNum=32	[MsgId: MMSG-17999]
   USER 32 = user88:pwd88	[MsgId: MMSG-17999]
    2023-06-17 15:15:02.820 : Start page is opened	[MsgId: MMSG-17999]
    2023-06-17 15:15:07.340 : User is logged in with session 136654.265046578HAcQVfDpHfiDDDDDtcVHtpQccff	[MsgId: MMSG-17999]
    2023-06-17 15:15:12.577 : User is logged out of session	[MsgId: MMSG-17999]
  2023-06-17 15:17:08.733 : IterationNum=33	[MsgId: MMSG-17999]
   USER 33 = user88:pwd88	[MsgId: MMSG-17999]
    2023-06-17 15:17:08.828 : Start page is opened	[MsgId: MMSG-17999]
    2023-06-17 15:17:14.679 : User is logged in with session 136654.275253139HAcQVftpciDDDDDDtcVHtpQcfH	[MsgId: MMSG-17999]
    2023-06-17 15:17:20.607 : User is logged out of session	[MsgId: MMSG-17999]
  2023-06-17 15:19:14.747 : IterationNum=34	[MsgId: MMSG-17999]
   USER 34 = user88:pwd88	[MsgId: MMSG-17999]
    2023-06-17 15:19:14.842 : Start page is opened	[MsgId: MMSG-17999]
    2023-06-17 15:19:20.057 : User is logged in with session 136654.2854597HAcQVftpiAiDDDDDtcVHtpQciif	[MsgId: MMSG-17999]
    2023-06-17 15:19:24.769 : User is logged out of session	[MsgId: MMSG-17999]
  2023-06-17 15:21:20.762 : IterationNum=35	[MsgId: MMSG-17999]
   USER 35 = user88:pwd88	[MsgId: MMSG-17999]
    2023-06-17 15:21:20.858 : Start page is opened	[MsgId: MMSG-17999]
    2023-06-17 15:21:26.452 : User is logged in with session 136654.295666262HAcQVffpDDDDDDDDtcVHtpQDc	[MsgId: MMSG-17999]
    2023-06-17 15:21:31.525 : User is logged out of session	[MsgId: MMSG-17999]
  2023-06-17 15:23:26.762 : IterationNum=36	[MsgId: MMSG-17999]
   USER 36 = user88:pwd88	[MsgId: MMSG-17999]
    2023-06-17 15:23:26.857 : Start page is opened	[MsgId: MMSG-17999]
    2023-06-17 15:23:31.620 : User is logged in with session 136654.305872823HAcQVffpifiDDDDDtcVHtpQDfVf	[MsgId: MMSG-17999]
    2023-06-17 15:23:37.258 : User is logged out of session	[MsgId: MMSG-17999]
  2023-06-17 15:25:32.778 : IterationNum=37	[MsgId: MMSG-17999]
   USER 37 = user88:pwd88	[MsgId: MMSG-17999]
    2023-06-17 15:25:32.871 : Start page is opened	[MsgId: MMSG-17999]
    2023-06-17 15:25:39.148 : User is logged in with session 136654.316079384HAcQVfzpDiDDDDDDtcVHtpQDiD	[MsgId: MMSG-17999]
    2023-06-17 15:25:44.456 : User is logged out of session	[MsgId: MMSG-17999]
  2023-06-17 15:27:38.788 : IterationNum=38	[MsgId: MMSG-17999]
   USER 38 = user88:pwd88	[MsgId: MMSG-17999]
    2023-06-17 15:27:38.883 : Start page is opened	[MsgId: MMSG-17999]
    2023-06-17 15:27:44.800 : User is logged in with session 136654.326285946HAcQVfzpQAiDDDDDtcVHtpQtVtf	[MsgId: MMSG-17999]
    2023-06-17 15:27:50.086 : User is logged out of session	[MsgId: MMSG-17999]
  2023-06-17 15:29:44.797 : IterationNum=39	[MsgId: MMSG-17999]
   USER 39 = user88:pwd88	[MsgId: MMSG-17999]
    2023-06-17 15:29:44.892 : Start page is opened	[MsgId: MMSG-17999]
    2023-06-17 15:29:49.131 : User is logged in with session 136654.336492507HAcQVfHptDDDDDDDtcVHtpQttz	[MsgId: MMSG-17999]
    2023-06-17 15:29:54.320 : User is logged out of session	[MsgId: MMSG-17999]
  2023-06-17 15:31:50.809 : IterationNum=40	[MsgId: MMSG-17999]
   USER 40 = user88:pwd88	[MsgId: MMSG-17999]
    2023-06-17 15:31:50.903 : Start page is opened	[MsgId: MMSG-17999]
    2023-06-17 15:31:55.905 : User is logged in with session 136654.346699068HAcQVfHpQfiDDDDDtcVHtpQtHHf	[MsgId: MMSG-17999]
    2023-06-17 15:32:02.262 : User is logged out of session	[MsgId: MMSG-17999]
  2023-06-17 15:33:56.815 : IterationNum=41	[MsgId: MMSG-17999]
   USER 41 = user88:pwd88	[MsgId: MMSG-17999]
    2023-06-17 15:33:56.910 : Start page is opened	[MsgId: MMSG-17999]
    2023-06-17 15:34:01.207 : User is logged in with session 136654.35690563HAcQVfiptiDDDDDDtcVHtpQfAQ	[MsgId: MMSG-17999]
    2023-06-17 15:34:05.491 : User is logged out of session	[MsgId: MMSG-17999]
  2023-06-17 15:36:02.827 : IterationNum=42	[MsgId: MMSG-17999]
   USER 42 = user88:pwd88	[MsgId: MMSG-17999]
    2023-06-17 15:36:02.920 : Start page is opened	[MsgId: MMSG-17999]
    2023-06-17 15:36:08.915 : User is logged in with session 136654.367112191HAcQVfQpAAiDDDDDtcVHtpQftAf	[MsgId: MMSG-17999]
    2023-06-17 15:36:12.954 : User is logged out of session	[MsgId: MMSG-17999]
  2023-06-17 15:38:08.839 : IterationNum=43	[MsgId: MMSG-17999]
   USER 43 = user88:pwd88	[MsgId: MMSG-17999]
    2023-06-17 15:38:08.933 : Start page is opened	[MsgId: MMSG-17999]
    2023-06-17 15:38:14.476 : User is logged in with session 136654.377318753HAcQVfQpfDDDDDDDtcVHtpQfHc	[MsgId: MMSG-17999]
    2023-06-17 15:38:20.455 : User is logged out of session	[MsgId: MMSG-17999]
  2023-06-17 15:40:14.850 : IterationNum=44	[MsgId: MMSG-17999]
   USER 44 = user88:pwd88	[MsgId: MMSG-17999]
    2023-06-17 15:40:14.944 : Start page is opened	[MsgId: MMSG-17999]
    2023-06-17 15:40:20.914 : User is logged in with session 136654.387525314HAcQVzApAfiDDDDDtcVHtpQzADf	[MsgId: MMSG-17999]
    2023-06-17 15:40:25.849 : User is logged out of session	[MsgId: MMSG-17999]
  2023-06-17 15:42:20.851 : IterationNum=45	[MsgId: MMSG-17999]
   USER 45 = user88:pwd88	[MsgId: MMSG-17999]
    2023-06-17 15:42:20.945 : Start page is opened	[MsgId: MMSG-17999]
    2023-06-17 15:42:26.660 : User is logged in with session 136654.397731875HAcQVzApfiDDDDDDtcVHtpQzDf	[MsgId: MMSG-17999]
    2023-06-17 15:42:30.730 : User is logged out of session	[MsgId: MMSG-17999]
  2023-06-17 15:44:26.860 : IterationNum=46	[MsgId: MMSG-17999]
   USER 46 = user88:pwd88	[MsgId: MMSG-17999]
    2023-06-17 15:44:26.953 : Start page is opened	[MsgId: MMSG-17999]
    2023-06-17 15:44:32.300 : User is logged in with session 136654.407938437HAcQVzVpVAiDDDDDtcVHtpQzzzf	[MsgId: MMSG-17999]
    2023-06-17 15:44:38.047 : User is logged out of session	[MsgId: MMSG-17999]
  2023-06-17 15:46:32.874 : IterationNum=47	[MsgId: MMSG-17999]
   USER 47 = user88:pwd88	[MsgId: MMSG-17999]
    2023-06-17 15:46:32.968 : Start page is opened	[MsgId: MMSG-17999]
    2023-06-17 15:46:39.234 : User is logged in with session 136654.418144998HAcQVzVpzDDDDDDDtcVHtpQzQi	[MsgId: MMSG-17999]
    2023-06-17 15:46:44.652 : User is logged out of session	[MsgId: MMSG-17999]
  2023-06-17 15:48:38.889 : IterationNum=48	[MsgId: MMSG-17999]
   USER 48 = user88:pwd88	[MsgId: MMSG-17999]
    2023-06-17 15:48:38.983 : Start page is opened	[MsgId: MMSG-17999]
    2023-06-17 15:48:43.643 : User is logged in with session 136654.428351559HAcQVzcpVfiDDDDDtcVHtpQHcQf	[MsgId: MMSG-17999]
    2023-06-17 15:48:48.471 : User is logged out of session	[MsgId: MMSG-17999]
  2023-06-17 15:50:44.889 : IterationNum=49	[MsgId: MMSG-17999]
   USER 49 = user88:pwd88	[MsgId: MMSG-17999]
    2023-06-17 15:50:44.983 : Start page is opened	[MsgId: MMSG-17999]
    2023-06-17 15:50:51.311 : User is logged in with session 136654.438558121HAcQVzcpziDDDDDDtcVHtpQHzV	[MsgId: MMSG-17999]
    2023-06-17 15:50:55.246 : User is logged out of session	[MsgId: MMSG-17999]
  2023-06-17 15:52:50.895 : IterationNum=50	[MsgId: MMSG-17999]
   USER 50 = user88:pwd88	[MsgId: MMSG-17999]
    2023-06-17 15:52:50.988 : Start page is opened	[MsgId: MMSG-17999]
    2023-06-17 15:52:56.281 : User is logged in with session 136654.448764682HAcQVzDpcAiDDDDDtcVHtpQHQcf	[MsgId: MMSG-17999]
    2023-06-17 15:53:01.169 : User is logged out of session	[MsgId: MMSG-17999]
  2023-06-17 15:54:56.902 : IterationNum=51	[MsgId: MMSG-17999]
   USER 51 = user88:pwd88	[MsgId: MMSG-17999]
    2023-06-17 15:54:56.996 : Start page is opened	[MsgId: MMSG-17999]
    2023-06-17 15:55:01.000 : User is logged in with session 136654.458971243HAcQVzDpHDDDDDDDtcVHtpQict	[MsgId: MMSG-17999]
    2023-06-17 15:55:06.743 : User is logged out of session	[MsgId: MMSG-17999]
  2023-06-17 15:57:02.913 : IterationNum=52	[MsgId: MMSG-17999]
   USER 52 = user88:pwd88	[MsgId: MMSG-17999]
    2023-06-17 15:57:03.007 : Start page is opened	[MsgId: MMSG-17999]
    2023-06-17 15:57:07.266 : User is logged in with session 136654.469177805HAcQVztpcfiDDDDDtcVHtpQifff	[MsgId: MMSG-17999]
    2023-06-17 15:57:11.637 : User is logged out of session	[MsgId: MMSG-17999]
  2023-06-17 15:59:08.928 : IterationNum=53	[MsgId: MMSG-17999]
   USER 53 = user88:pwd88	[MsgId: MMSG-17999]
    2023-06-17 15:59:09.021 : Start page is opened	[MsgId: MMSG-17999]
    2023-06-17 15:59:15.237 : User is logged in with session 136654.479384366HAcQVztpHiDDDDDDtcVHtpQiiH	[MsgId: MMSG-17999]
    2023-06-17 15:59:21.032 : User is logged out of session	[MsgId: MMSG-17999]
  2023-06-17 16:01:14.935 : IterationNum=54	[MsgId: MMSG-17999]
   USER 54 = user88:pwd88	[MsgId: MMSG-17999]
    2023-06-17 16:01:15.029 : Start page is opened	[MsgId: MMSG-17999]
    2023-06-17 16:01:19.396 : User is logged in with session 136654.489590927HAcQVzfpDAiDDDDDtcVHtpQQVif	[MsgId: MMSG-17999]
    2023-06-17 16:01:25.158 : User is logged out of session	[MsgId: MMSG-17999]
  2023-06-17 16:03:20.936 : IterationNum=55	[MsgId: MMSG-17999]
   USER 55 = user88:pwd88	[MsgId: MMSG-17999]
    2023-06-17 16:03:21.030 : Start page is opened	[MsgId: MMSG-17999]
    2023-06-17 16:03:26.215 : User is logged in with session 136654.499797489HAcQVzfpiDDDDDDDtcVHtpQQf	[MsgId: MMSG-17999]
    2023-06-17 16:03:30.738 : User is logged out of session	[MsgId: MMSG-17999]
  2023-06-17 16:05:26.945 : IterationNum=56	[MsgId: MMSG-17999]
   USER 56 = user88:pwd88	[MsgId: MMSG-17999]
    2023-06-17 16:05:27.039 : Start page is opened	[MsgId: MMSG-17999]
    2023-06-17 16:05:31.500 : User is logged in with session 136654.51000405HAcQVzzpDfiDDDDDtcVHtpQQiVf	[MsgId: MMSG-17999]
    2023-06-17 16:05:36.119 : User is logged out of session	[MsgId: MMSG-17999]
  2023-06-17 16:07:32.957 : IterationNum=57	[MsgId: MMSG-17999]
   USER 57 = user88:pwd88	[MsgId: MMSG-17999]
    2023-06-17 16:07:33.052 : Start page is opened	[MsgId: MMSG-17999]
    2023-06-17 16:07:38.946 : User is logged in with session 136654.520210612HAcQVzzpiiDDDDDDtcVHfpAAVD	[MsgId: MMSG-17999]
    2023-06-17 16:07:42.967 : User is logged out of session	[MsgId: MMSG-17999]
  2023-06-17 16:09:38.962 : IterationNum=58	[MsgId: MMSG-17999]
   USER 58 = user88:pwd88	[MsgId: MMSG-17999]
    2023-06-17 16:09:39.056 : Start page is opened	[MsgId: MMSG-17999]
    2023-06-17 16:09:44.411 : User is logged in with session 136654.530417173HAcQVzHptAiDDDDDtcVHfpAAttf	[MsgId: MMSG-17999]
    2023-06-17 16:09:50.351 : User is logged out of session	[MsgId: MMSG-17999]
  2023-06-17 16:11:44.974 : IterationNum=59	[MsgId: MMSG-17999]
   USER 59 = user88:pwd88	[MsgId: MMSG-17999]
    2023-06-17 16:11:45.069 : Start page is opened	[MsgId: MMSG-17999]
    2023-06-17 16:11:49.156 : User is logged in with session 136654.540704739HAcQVzHpQDHftcVHfpAAHzcf	[MsgId: MMSG-17999]
    2023-06-17 16:11:53.096 : User is logged out of session	[MsgId: MMSG-17999]
  2023-06-17 16:13:50.976 : IterationNum=60	[MsgId: MMSG-17999]
   USER 60 = user88:pwd88	[MsgId: MMSG-17999]
    2023-06-17 16:13:51.070 : Start page is opened	[MsgId: MMSG-17999]
    2023-06-17 16:13:56.430 : User is logged in with session 136654.5509113HAcQVziptzcftcVHfpAVAHHf	[MsgId: MMSG-17999]
    2023-06-17 16:14:01.577 : User is logged out of session	[MsgId: MMSG-17999]
  2023-06-17 16:15:56.990 : IterationNum=61	[MsgId: MMSG-17999]
   USER 61 = user88:pwd88	[MsgId: MMSG-17999]
    2023-06-17 16:15:57.085 : Start page is opened	[MsgId: MMSG-17999]
    2023-06-17 16:16:03.181 : User is logged in with session 136654.561117861HAcQVzipQiHftcVHfpAVDQcf	[MsgId: MMSG-17999]
    2023-06-17 16:16:09.367 : User is logged out of session	[MsgId: MMSG-17999]
  2023-06-17 16:18:02.996 : IterationNum=62	[MsgId: MMSG-17999]
   USER 62 = user88:pwd88	[MsgId: MMSG-17999]
    2023-06-17 16:18:03.090 : Start page is opened	[MsgId: MMSG-17999]
    2023-06-17 16:18:07.046 : User is logged in with session 136654.571324423HAcQVzQpfVcftcVHfpAVHAHf	[MsgId: MMSG-17999]
    2023-06-17 16:18:11.095 : User is logged out of session	[MsgId: MMSG-17999]
  2023-06-17 16:20:09.009 : IterationNum=63	[MsgId: MMSG-17999]
   USER 63 = user88:pwd88	[MsgId: MMSG-17999]
    2023-06-17 16:20:09.101 : Start page is opened	[MsgId: MMSG-17999]
    2023-06-17 16:20:13.437 : User is logged in with session 136654.581530984HAcQVHApADHftcVHfpAcAccf	[MsgId: MMSG-17999]
    2023-06-17 16:20:19.400 : User is logged out of session	[MsgId: MMSG-17999]
  2023-06-17 16:22:15.016 : IterationNum=64	[MsgId: MMSG-17999]
   USER 64 = user88:pwd88	[MsgId: MMSG-17999]
    2023-06-17 16:22:15.110 : Start page is opened	[MsgId: MMSG-17999]
    2023-06-17 16:22:20.344 : User is logged in with session 136654.591737546HAcQVHApfzcftcVHfpAcDDHf	[MsgId: MMSG-17999]
    2023-06-17 16:22:25.568 : User is logged out of session	[MsgId: MMSG-17999]
  2023-06-17 16:24:21.030 : IterationNum=65	[MsgId: MMSG-17999]
   USER 65 = user88:pwd88	[MsgId: MMSG-17999]
    2023-06-17 16:24:21.124 : Start page is opened	[MsgId: MMSG-17999]
    2023-06-17 16:24:26.199 : User is logged in with session 136654.601944107HAcQVHVpAiHftcVHfpAczfcf	[MsgId: MMSG-17999]
    2023-06-17 16:24:30.443 : User is logged out of session	[MsgId: MMSG-17999]
  2023-06-17 16:26:27.037 : IterationNum=66	[MsgId: MMSG-17999]
   USER 66 = user88:pwd88	[MsgId: MMSG-17999]
    2023-06-17 16:26:27.131 : Start page is opened	[MsgId: MMSG-17999]
    2023-06-17 16:26:33.078 : User is logged in with session 136654.612150668HAcQVHVpzVcftcVHfpAcQzHf	[MsgId: MMSG-17999]
    2023-06-17 16:26:38.760 : User is logged out of session	[MsgId: MMSG-17999]
  2023-06-17 16:28:33.045 : IterationNum=67	[MsgId: MMSG-17999]
   USER 67 = user88:pwd88	[MsgId: MMSG-17999]
    2023-06-17 16:28:33.140 : Start page is opened	[MsgId: MMSG-17999]
    2023-06-17 16:28:37.841 : User is logged in with session 136654.62235723HAcQVHcpVDHftcVHfpADcicf	[MsgId: MMSG-17999]
    2023-06-17 16:28:42.282 : User is logged out of session	[MsgId: MMSG-17999]
  2023-06-17 16:30:39.057 : IterationNum=68	[MsgId: MMSG-17999]
   USER 68 = user88:pwd88	[MsgId: MMSG-17999]
    2023-06-17 16:30:39.152 : Start page is opened	[MsgId: MMSG-17999]
    2023-06-17 16:30:43.088 : User is logged in with session 136654.632563791HAcQVHcpzzcftcVHfpADfQHf	[MsgId: MMSG-17999]
    2023-06-17 16:30:48.833 : User is logged out of session	[MsgId: MMSG-17999]
  2023-06-17 16:32:45.069 : IterationNum=69	[MsgId: MMSG-17999]
   USER 69 = user88:pwd88	[MsgId: MMSG-17999]
    2023-06-17 16:32:45.162 : Start page is opened	[MsgId: MMSG-17999]
    2023-06-17 16:32:49.544 : User is logged in with session 136654.642770352HAcQVHDpViHftcVHfpADQVcf	[MsgId: MMSG-17999]
    2023-06-17 16:32:54.521 : User is logged out of session	[MsgId: MMSG-17999]
  2023-06-17 16:34:51.076 : IterationNum=70	[MsgId: MMSG-17999]
   USER 70 = user88:pwd88	[MsgId: MMSG-17999]
    2023-06-17 16:34:51.170 : Start page is opened	[MsgId: MMSG-17999]
    2023-06-17 16:34:55.152 : User is logged in with session 136654.652976914HAcQVHDpHVcftcVHfpAtccHf	[MsgId: MMSG-17999]
    2023-06-17 16:35:00.080 : User is logged out of session	[MsgId: MMSG-17999]
  2023-06-17 16:36:57.078 : IterationNum=71	[MsgId: MMSG-17999]
   USER 71 = user88:pwd88	[MsgId: MMSG-17999]
    2023-06-17 16:36:57.173 : Start page is opened	[MsgId: MMSG-17999]
    2023-06-17 16:37:01.119 : User is logged in with session 136654.663183475HAcQVHtpcDHftcVHfpAtftcf	[MsgId: MMSG-17999]
    2023-06-17 16:37:05.055 : User is logged out of session	[MsgId: MMSG-17999]
  2023-06-17 16:39:03.093 : IterationNum=72	[MsgId: MMSG-17999]
   USER 72 = user88:pwd88	[MsgId: MMSG-17999]
    2023-06-17 16:39:03.187 : Start page is opened	[MsgId: MMSG-17999]
    2023-06-17 16:39:09.543 : User is logged in with session 136654.673390036HAcQVHtpHzcftcVHfpAtifHf	[MsgId: MMSG-17999]
    2023-06-17 16:39:14.914 : User is logged out of session	[MsgId: MMSG-17999]
  2023-06-17 16:41:09.099 : IterationNum=73	[MsgId: MMSG-17999]
   USER 73 = user88:pwd88	[MsgId: MMSG-17999]
    2023-06-17 16:41:09.194 : Start page is opened	[MsgId: MMSG-17999]
    2023-06-17 16:41:14.543 : User is logged in with session 136654.683596598HAcQVHfpciHftcVHfpAfVHcf	[MsgId: MMSG-17999]
    2023-06-17 16:41:19.015 : User is logged out of session	[MsgId: MMSG-17999]
  2023-06-17 16:43:15.106 : IterationNum=74	[MsgId: MMSG-17999]
   USER 74 = user88:pwd88	[MsgId: MMSG-17999]
    2023-06-17 16:43:15.200 : Start page is opened	[MsgId: MMSG-17999]
    2023-06-17 16:43:20.922 : User is logged in with session 136654.693803159HAcQVHfpiVcftcVHfpAftiHf	[MsgId: MMSG-17999]
    2023-06-17 16:43:24.880 : User is logged out of session	[MsgId: MMSG-17999]
  2023-06-17 16:45:21.116 : IterationNum=75	[MsgId: MMSG-17999]
   USER 75 = user88:pwd88	[MsgId: MMSG-17999]
    2023-06-17 16:45:21.211 : Start page is opened	[MsgId: MMSG-17999]
    2023-06-17 16:45:25.614 : User is logged in with session 136654.704009721HAcQVHzpDDHftcVHfpAfiAcf	[MsgId: MMSG-17999]
    2023-06-17 16:45:29.995 : User is logged out of session	[MsgId: MMSG-17999]
  2023-06-17 16:47:27.122 : IterationNum=76	[MsgId: MMSG-17999]
   USER 76 = user88:pwd88	[MsgId: MMSG-17999]
    2023-06-17 16:47:27.216 : Start page is opened	[MsgId: MMSG-17999]
    2023-06-17 16:47:32.838 : User is logged in with session 136654.714216282HAcQVHzpizcftcVHfpAzVVHf	[MsgId: MMSG-17999]
    2023-06-17 16:47:38.762 : User is logged out of session	[MsgId: MMSG-17999]
  2023-06-17 16:49:33.122 : IterationNum=77	[MsgId: MMSG-17999]
   USER 77 = user88:pwd88	[MsgId: MMSG-17999]
    2023-06-17 16:49:33.217 : Start page is opened	[MsgId: MMSG-17999]
    2023-06-17 16:49:37.446 : User is logged in with session 136654.724422843HAcQVHHpDiHftcVHfpAztDcf	[MsgId: MMSG-17999]
    2023-06-17 16:49:43.032 : User is logged out of session	[MsgId: MMSG-17999]
  2023-06-17 16:51:39.130 : IterationNum=78	[MsgId: MMSG-17999]
   USER 78 = user88:pwd88	[MsgId: MMSG-17999]
    2023-06-17 16:51:39.223 : Start page is opened	[MsgId: MMSG-17999]
    2023-06-17 16:51:44.982 : User is logged in with session 136654.734629405HAcQVHHpQVcftcVHfpAzHtHf	[MsgId: MMSG-17999]
    2023-06-17 16:51:49.274 : User is logged out of session	[MsgId: MMSG-17999]
  2023-06-17 16:53:45.145 : IterationNum=79	[MsgId: MMSG-17999]
   USER 79 = user88:pwd88	[MsgId: MMSG-17999]
    2023-06-17 16:53:45.238 : Start page is opened	[MsgId: MMSG-17999]
    2023-06-17 16:53:50.924 : User is logged in with session 136654.744835966HAcQVHiptDHftcVHfpAHAzcf	[MsgId: MMSG-17999]
    2023-06-17 16:53:56.165 : User is logged out of session	[MsgId: MMSG-17999]
  2023-06-17 16:55:51.150 : IterationNum=80	[MsgId: MMSG-17999]
   USER 80 = user88:pwd88	[MsgId: MMSG-17999]
    2023-06-17 16:55:51.244 : Start page is opened	[MsgId: MMSG-17999]
    2023-06-17 16:55:55.456 : User is logged in with session 136654.755042527HAcQVHipQzcftcVHfpAHDHHf	[MsgId: MMSG-17999]
    2023-06-17 16:56:01.001 : User is logged out of session	[MsgId: MMSG-17999]
  2023-06-17 16:57:57.156 : IterationNum=81	[MsgId: MMSG-17999]
   USER 81 = user88:pwd88	[MsgId: MMSG-17999]
    2023-06-17 16:57:57.250 : Start page is opened	[MsgId: MMSG-17999]
    2023-06-17 16:58:02.716 : User is logged in with session 136654.765249089HAcQVHQptiHftcVHfpAHzQcf	[MsgId: MMSG-17999]
    2023-06-17 16:58:07.739 : User is logged out of session	[MsgId: MMSG-17999]
  2023-06-17 17:00:03.162 : IterationNum=82	[MsgId: MMSG-17999]
   USER 82 = user88:pwd88	[MsgId: MMSG-17999]
    2023-06-17 17:00:03.257 : Start page is opened	[MsgId: MMSG-17999]
    2023-06-17 17:00:07.806 : User is logged in with session 136654.77545565HAcQViApAVcftcVHfpAiAAHf	[MsgId: MMSG-17999]
    2023-06-17 17:00:12.896 : User is logged out of session	[MsgId: MMSG-17999]
  2023-06-17 17:02:09.172 : IterationNum=83	[MsgId: MMSG-17999]
   USER 83 = user88:pwd88	[MsgId: MMSG-17999]
    2023-06-17 17:02:09.268 : Start page is opened	[MsgId: MMSG-17999]
    2023-06-17 17:02:13.163 : User is logged in with session 136654.785662211HAcQViApfDHftcVHfpAiDccf	[MsgId: MMSG-17999]
    2023-06-17 17:02:17.723 : User is logged out of session	[MsgId: MMSG-17999]
  2023-06-17 17:04:15.185 : IterationNum=84	[MsgId: MMSG-17999]
   USER 84 = user88:pwd88	[MsgId: MMSG-17999]
    2023-06-17 17:04:15.279 : Start page is opened	[MsgId: MMSG-17999]
    2023-06-17 17:04:21.139 : User is logged in with session 136654.795868773HAcQViVpAzcftcVHfpAizDHf	[MsgId: MMSG-17999]
    2023-06-17 17:04:25.059 : User is logged out of session	[MsgId: MMSG-17999]
  2023-06-17 17:06:21.196 : IterationNum=85	[MsgId: MMSG-17999]
   USER 85 = user88:pwd88	[MsgId: MMSG-17999]
    2023-06-17 17:06:21.291 : Start page is opened	[MsgId: MMSG-17999]
    2023-06-17 17:06:26.780 : User is logged in with session 136654.806075334HAcQViVpfiHftcVHfpAiQfcf	[MsgId: MMSG-17999]
    2023-06-17 17:06:33.067 : User is logged out of session	[MsgId: MMSG-17999]
  2023-06-17 17:08:27.197 : IterationNum=86	[MsgId: MMSG-17999]
   USER 86 = user88:pwd88	[MsgId: MMSG-17999]
    2023-06-17 17:08:27.291 : Start page is opened	[MsgId: MMSG-17999]
    2023-06-17 17:08:31.888 : User is logged in with session 136654.816281896HAcQVicpVVcftcVHfpAQczHf	[MsgId: MMSG-17999]
    2023-06-17 17:08:36.707 : User is logged out of session	[MsgId: MMSG-17999]
  2023-06-17 17:10:33.201 : IterationNum=87	[MsgId: MMSG-17999]
   USER 87 = user88:pwd88	[MsgId: MMSG-17999]
    2023-06-17 17:10:33.295 : Start page is opened	[MsgId: MMSG-17999]
    2023-06-17 17:10:37.436 : User is logged in with session 136654.826488457HAcQVicpzDHftcVHfpAQficf	[MsgId: MMSG-17999]
    2023-06-17 17:10:42.481 : User is logged out of session	[MsgId: MMSG-17999]
  2023-06-17 17:12:39.215 : IterationNum=88	[MsgId: MMSG-17999]
   USER 88 = user88:pwd88	[MsgId: MMSG-17999]
    2023-06-17 17:12:39.309 : Start page is opened	[MsgId: MMSG-17999]
    2023-06-17 17:12:44.220 : User is logged in with session 136654.836695018HAcQViDpVzcftcVHfpAQiQHf	[MsgId: MMSG-17999]
    2023-06-17 17:12:50.235 : User is logged out of session	[MsgId: MMSG-17999]
  2023-06-17 17:14:45.224 : IterationNum=89	[MsgId: MMSG-17999]
   USER 89 = user88:pwd88	[MsgId: MMSG-17999]
    2023-06-17 17:14:45.318 : Start page is opened	[MsgId: MMSG-17999]
    2023-06-17 17:14:49.717 : User is logged in with session 136654.84690158HAcQViDpziHftcVHfpVAcVcf	[MsgId: MMSG-17999]
    2023-06-17 17:14:53.637 : User is logged out of session	[MsgId: MMSG-17999]
  2023-06-17 17:16:51.232 : IterationNum=90	[MsgId: MMSG-17999]
   USER 90 = user88:pwd88	[MsgId: MMSG-17999]
    2023-06-17 17:16:51.326 : Start page is opened	[MsgId: MMSG-17999]
    2023-06-17 17:16:56.791 : User is logged in with session 136654.857108141HAcQVitpcVcftcVHfpVAfcHf	[MsgId: MMSG-17999]
    2023-06-17 17:17:01.753 : User is logged out of session	[MsgId: MMSG-17999]
  2023-06-17 17:18:57.235 : IterationNum=91	[MsgId: MMSG-17999]
   USER 91 = user88:pwd88	[MsgId: MMSG-17999]
    2023-06-17 17:18:57.329 : Start page is opened	[MsgId: MMSG-17999]
    2023-06-17 17:19:01.851 : User is logged in with session 136654.867314702HAcQVitpHDHftcVHfpVAitcf	[MsgId: MMSG-17999]
    2023-06-17 17:19:07.899 : User is logged out of session	[MsgId: MMSG-17999]
  2023-06-17 17:21:03.251 : IterationNum=92	[MsgId: MMSG-17999]
   USER 92 = user88:pwd88	[MsgId: MMSG-17999]
    2023-06-17 17:21:03.346 : Start page is opened	[MsgId: MMSG-17999]
    2023-06-17 17:21:08.880 : User is logged in with session 136654.877521264HAcQVifpczcftcVHfpVVVfHf	[MsgId: MMSG-17999]
    2023-06-17 17:21:14.937 : User is logged out of session	[MsgId: MMSG-17999]
  2023-06-17 17:23:09.267 : IterationNum=93	[MsgId: MMSG-17999]
   USER 93 = user88:pwd88	[MsgId: MMSG-17999]
    2023-06-17 17:23:09.361 : Start page is opened	[MsgId: MMSG-17999]
    2023-06-17 17:23:13.730 : User is logged in with session 136654.887727825HAcQVifpHiHftcVHfpVVtHcf	[MsgId: MMSG-17999]
    2023-06-17 17:23:18.200 : User is logged out of session	[MsgId: MMSG-17999]
  2023-06-17 17:25:15.273 : IterationNum=94	[MsgId: MMSG-17999]
   USER 94 = user88:pwd88	[MsgId: MMSG-17999]
    2023-06-17 17:25:15.369 : Start page is opened	[MsgId: MMSG-17999]
    2023-06-17 17:25:21.138 : User is logged in with session 136654.897934386HAcQVizpDVcftcVHfpVVHiHf	[MsgId: MMSG-17999]
    2023-06-17 17:25:25.559 : User is logged out of session	[MsgId: MMSG-17999]
  2023-06-17 17:27:21.281 : IterationNum=95	[MsgId: MMSG-17999]
   USER 95 = user88:pwd88	[MsgId: MMSG-17999]
    2023-06-17 17:27:21.375 : Start page is opened	[MsgId: MMSG-17999]
    2023-06-17 17:27:27.451 : User is logged in with session 136654.908140948HAcQVizpiDHftcVHfpVcVAcf	[MsgId: MMSG-17999]
    2023-06-17 17:27:31.407 : User is logged out of session	[MsgId: MMSG-17999]
  2023-06-17 17:29:27.295 : IterationNum=96	[MsgId: MMSG-17999]
   USER 96 = user88:pwd88	[MsgId: MMSG-17999]
    2023-06-17 17:29:27.388 : Start page is opened	[MsgId: MMSG-17999]
    2023-06-17 17:29:32.256 : User is logged in with session 136654.918347509HAcQViHpDzcftcVHfpVctVHf	[MsgId: MMSG-17999]
    2023-06-17 17:29:37.469 : User is logged out of session	[MsgId: MMSG-17999]
  2023-06-17 17:31:33.310 : IterationNum=97	[MsgId: MMSG-17999]
   USER 97 = user88:pwd88	[MsgId: MMSG-17999]
    2023-06-17 17:31:33.405 : Start page is opened	[MsgId: MMSG-17999]
    2023-06-17 17:31:38.039 : User is logged in with session 136654.92855407HAcQViHpiiHftcVHfpVcHDcf	[MsgId: MMSG-17999]
    2023-06-17 17:31:43.466 : User is logged out of session	[MsgId: MMSG-17999]
  2023-06-17 17:33:39.322 : IterationNum=98	[MsgId: MMSG-17999]
   USER 98 = user88:pwd88	[MsgId: MMSG-17999]
    2023-06-17 17:33:39.417 : Start page is opened	[MsgId: MMSG-17999]
    2023-06-17 17:33:45.110 : User is logged in with session 136654.938760632HAcQViiptVcftcVHfpVDAtHf	[MsgId: MMSG-17999]
    2023-06-17 17:33:49.311 : User is logged out of session	[MsgId: MMSG-17999]
  2023-06-17 17:35:45.326 : IterationNum=99	[MsgId: MMSG-17999]
   USER 99 = user88:pwd88	[MsgId: MMSG-17999]
    2023-06-17 17:35:45.419 : Start page is opened	[MsgId: MMSG-17999]
    2023-06-17 17:35:49.551 : User is logged in with session 136654.948967193HAcQViipQDHftcVHfpVDDzcf	[MsgId: MMSG-17999]
    2023-06-17 17:35:54.519 : User is logged out of session	[MsgId: MMSG-17999]
  2023-06-17 17:37:51.341 : IterationNum=100	[MsgId: MMSG-17999]
   USER 100 = user88:pwd88	[MsgId: MMSG-17999]
    2023-06-17 17:37:51.437 : Start page is opened	[MsgId: MMSG-17999]
    2023-06-17 17:37:57.068 : User is logged in with session 136654.959173755HAcQViQptzcftcVHfpVDzHHf	[MsgId: MMSG-17999]
    2023-06-17 17:38:03.325 : User is logged out of session	[MsgId: MMSG-17999]
  2023-06-17 17:39:57.353 : IterationNum=101	[MsgId: MMSG-17999]
   USER 101 = user88:pwd88	[MsgId: MMSG-17999]
    2023-06-17 17:39:57.448 : Start page is opened	[MsgId: MMSG-17999]
    2023-06-17 17:40:01.743 : User is logged in with session 136654.969380316HAcQViQpQiHftcVHfpVDQQcf	[MsgId: MMSG-17999]
    2023-06-17 17:40:06.933 : User is logged out of session	[MsgId: MMSG-17999]
  2023-06-17 17:42:03.365 : IterationNum=102	[MsgId: MMSG-17999]
   USER 102 = user88:pwd88	[MsgId: MMSG-17999]
    2023-06-17 17:42:03.460 : Start page is opened	[MsgId: MMSG-17999]
    2023-06-17 17:42:09.669 : User is logged in with session 136654.979586877HAcQVQApfVcftcVHfpVtDAHf	[MsgId: MMSG-17999]
    2023-06-17 17:42:14.117 : User is logged out of session	[MsgId: MMSG-17999]
  2023-06-17 17:44:09.371 : IterationNum=103	[MsgId: MMSG-17999]
   USER 103 = user88:pwd88	[MsgId: MMSG-17999]
    2023-06-17 17:44:09.464 : Start page is opened	[MsgId: MMSG-17999]
    2023-06-17 17:44:15.058 : User is logged in with session 136654.989793439HAcQVQVpADHftcVHfpVtzccf	[MsgId: MMSG-17999]
    2023-06-17 17:44:20.738 : User is logged out of session	[MsgId: MMSG-17999]
  2023-06-17 17:46:15.373 : IterationNum=104	[MsgId: MMSG-17999]
   USER 104 = user88:pwd88	[MsgId: MMSG-17999]
    2023-06-17 17:46:15.468 : Start page is opened	[MsgId: MMSG-17999]
    2023-06-17 17:46:20.404 : User is logged in with session 136655HAcQVQVpfzcftcVHfpVtQDHf	[MsgId: MMSG-17999]
    2023-06-17 17:46:24.706 : User is logged out of session	[MsgId: MMSG-17999]
  2023-06-17 17:48:21.376 : IterationNum=105	[MsgId: MMSG-17999]
   USER 105 = user88:pwd88	[MsgId: MMSG-17999]
    2023-06-17 17:48:21.470 : Start page is opened	[MsgId: MMSG-17999]
    2023-06-17 17:48:27.297 : User is logged in with session 136655.010206561HAcQVQcpAiHftcVHfpVfcfcf	[MsgId: MMSG-17999]
    2023-06-17 17:48:32.079 : User is logged out of session	[MsgId: MMSG-17999]
  2023-06-17 17:50:27.380 : IterationNum=106	[MsgId: MMSG-17999]
   USER 106 = user88:pwd88	[MsgId: MMSG-17999]
    2023-06-17 17:50:27.475 : Start page is opened	[MsgId: MMSG-17999]
    2023-06-17 17:50:33.241 : User is logged in with session 136655.020413123HAcQVQcpzVcftcVHfpVffzHf	[MsgId: MMSG-17999]
    2023-06-17 17:50:38.279 : User is logged out of session	[MsgId: MMSG-17999]
  2023-06-17 17:52:33.388 : IterationNum=107	[MsgId: MMSG-17999]
   USER 107 = user88:pwd88	[MsgId: MMSG-17999]
    2023-06-17 17:52:33.483 : Start page is opened	[MsgId: MMSG-17999]
    2023-06-17 17:52:37.379 : User is logged in with session 136655.030619684HAcQVQDpVDHftcVHfpVfiicf	[MsgId: MMSG-17999]
    2023-06-17 17:52:42.437 : User is logged out of session	[MsgId: MMSG-17999]
  2023-06-17 17:54:39.396 : IterationNum=108	[MsgId: MMSG-17999]
   USER 108 = user88:pwd88	[MsgId: MMSG-17999]
    2023-06-17 17:54:39.491 : Start page is opened	[MsgId: MMSG-17999]
    2023-06-17 17:54:45.476 : User is logged in with session 136655.040826245HAcQVQDpzzcftcVHfpVzVQHf	[MsgId: MMSG-17999]
    2023-06-17 17:54:50.990 : User is logged out of session	[MsgId: MMSG-17999]
  2023-06-17 17:56:45.400 : IterationNum=109	[MsgId: MMSG-17999]
   USER 109 = user88:pwd88	[MsgId: MMSG-17999]
    2023-06-17 17:56:45.494 : Start page is opened	[MsgId: MMSG-17999]
    2023-06-17 17:56:51.713 : User is logged in with session 136655.051032807HAcQVQtpViHftcVHfpVzfVcf	[MsgId: MMSG-17999]
    2023-06-17 17:56:57.439 : User is logged out of session	[MsgId: MMSG-17999]
  2023-06-17 17:58:51.410 : IterationNum=110	[MsgId: MMSG-17999]
   USER 110 = user88:pwd88	[MsgId: MMSG-17999]
    2023-06-17 17:58:51.504 : Start page is opened	[MsgId: MMSG-17999]
    2023-06-17 17:58:55.628 : User is logged in with session 136655.061239368HAcQVQtpHVcftcVHfpVzicHf	[MsgId: MMSG-17999]
    2023-06-17 17:59:00.689 : User is logged out of session	[MsgId: MMSG-17999]
  2023-06-17 18:00:57.419 : IterationNum=111	[MsgId: MMSG-17999]
   USER 111 = user88:pwd88	[MsgId: MMSG-17999]
    2023-06-17 18:00:57.515 : Start page is opened	[MsgId: MMSG-17999]
    2023-06-17 18:01:03.153 : User is logged in with session 136655.07144593HAcQVQfpcDHftcVHfpVHVtcf	[MsgId: MMSG-17999]
    2023-06-17 18:01:08.742 : User is logged out of session	[MsgId: MMSG-17999]
  2023-06-17 18:03:03.434 : IterationNum=112	[MsgId: MMSG-17999]
   USER 112 = user88:pwd88	[MsgId: MMSG-17999]
    2023-06-17 18:03:03.527 : Start page is opened	[MsgId: MMSG-17999]
    2023-06-17 18:03:09.197 : User is logged in with session 136655.081652491HAcQVQfpHzcftcVHfpVHtfHf	[MsgId: MMSG-17999]
    2023-06-17 18:03:14.620 : User is logged out of session	[MsgId: MMSG-17999]
  2023-06-17 18:05:09.439 : IterationNum=113	[MsgId: MMSG-17999]
   USER 113 = user88:pwd88	[MsgId: MMSG-17999]
    2023-06-17 18:05:09.532 : Start page is opened	[MsgId: MMSG-17999]
    2023-06-17 18:05:14.085 : User is logged in with session 136655.091859052HAcQVQzpciHftcVHfpVHHHcf	[MsgId: MMSG-17999]
    2023-06-17 18:05:19.000 : User is logged out of session	[MsgId: MMSG-17999]
  2023-06-17 18:07:15.451 : IterationNum=114	[MsgId: MMSG-17999]
   USER 114 = user88:pwd88	[MsgId: MMSG-17999]
    2023-06-17 18:07:15.544 : Start page is opened	[MsgId: MMSG-17999]
    2023-06-17 18:07:21.310 : User is logged in with session 136655.102065614HAcQVQzpiVcftcVHfpViAiHf	[MsgId: MMSG-17999]
    2023-06-17 18:07:26.403 : User is logged out of session	[MsgId: MMSG-17999]
  2023-06-17 18:09:21.465 : IterationNum=115	[MsgId: MMSG-17999]
   USER 115 = user88:pwd88	[MsgId: MMSG-17999]
    2023-06-17 18:09:21.558 : Start page is opened	[MsgId: MMSG-17999]
    2023-06-17 18:09:26.814 : User is logged in with session 136655.112272175HAcQVQHpDDHftcVHfpVitAcf	[MsgId: MMSG-17999]
    2023-06-17 18:09:32.468 : User is logged out of session	[MsgId: MMSG-17999]
  2023-06-17 18:11:27.473 : IterationNum=116	[MsgId: MMSG-17999]
   USER 116 = user88:pwd88	[MsgId: MMSG-17999]
    2023-06-17 18:11:27.568 : Start page is opened	[MsgId: MMSG-17999]
    2023-06-17 18:11:31.715 : User is logged in with session 136655.122478736HAcQVQHpizcftcVHfpViHVHf	[MsgId: MMSG-17999]
    2023-06-17 18:11:37.983 : User is logged out of session	[MsgId: MMSG-17999]
  2023-06-17 18:13:33.484 : IterationNum=117	[MsgId: MMSG-17999]
   USER 117 = user88:pwd88	[MsgId: MMSG-17999]
    2023-06-17 18:13:33.578 : Start page is opened	[MsgId: MMSG-17999]
    2023-06-17 18:13:39.828 : User is logged in with session 136655.132685298HAcQVQipDiHftcVHfpVQADcf	[MsgId: MMSG-17999]
    2023-06-17 18:13:45.655 : User is logged out of session	[MsgId: MMSG-17999]
  2023-06-17 18:15:39.486 : IterationNum=118	[MsgId: MMSG-17999]
   USER 118 = user88:pwd88	[MsgId: MMSG-17999]
    2023-06-17 18:15:39.579 : Start page is opened	[MsgId: MMSG-17999]
    2023-06-17 18:15:44.779 : User is logged in with session 136655.142891859HAcQVQipQVcftcVHfpVQDtHf	[MsgId: MMSG-17999]
    2023-06-17 18:15:50.623 : User is logged out of session	[MsgId: MMSG-17999]
  2023-06-17 18:17:45.500 : IterationNum=119	[MsgId: MMSG-17999]
   USER 119 = user88:pwd88	[MsgId: MMSG-17999]
    2023-06-17 18:17:45.595 : Start page is opened	[MsgId: MMSG-17999]
    2023-06-17 18:17:50.577 : User is logged in with session 136655.15309842HAcQVQQptDHftcVHfpVQzzcf	[MsgId: MMSG-17999]
    2023-06-17 18:17:55.070 : User is logged out of session	[MsgId: MMSG-17999]
  2023-06-17 18:19:51.506 : IterationNum=120	[MsgId: MMSG-17999]
   USER 120 = user88:pwd88	[MsgId: MMSG-17999]
    2023-06-17 18:19:51.601 : Start page is opened	[MsgId: MMSG-17999]
    2023-06-17 18:19:55.718 : User is logged in with session 136655.163304982HAcQVQQpQzcftcVHfpVQQHHf	[MsgId: MMSG-17999]
    2023-06-17 18:19:59.595 : User is logged out of session	[MsgId: MMSG-17999]
  2023-06-17 18:21:57.507 : IterationNum=121	[MsgId: MMSG-17999]
   USER 121 = user88:pwd88	[MsgId: MMSG-17999]
    2023-06-17 18:21:57.602 : Start page is opened	[MsgId: MMSG-17999]
    2023-06-17 18:22:02.700 : User is logged in with session 136655.173511543HAcQcAAptiHftcVHfpcAcQcf	[MsgId: MMSG-17999]
    2023-06-17 18:22:08.967 : User is logged out of session	[MsgId: MMSG-17999]
  2023-06-17 18:24:03.514 : IterationNum=122	[MsgId: MMSG-17999]
   USER 122 = user88:pwd88	[MsgId: MMSG-17999]
    2023-06-17 18:24:03.608 : Start page is opened	[MsgId: MMSG-17999]
    2023-06-17 18:24:07.941 : User is logged in with session 136655.183718105HAcQcAVpAVcftcVHfpcAzAHf	[MsgId: MMSG-17999]
    2023-06-17 18:24:13.903 : User is logged out of session	[MsgId: MMSG-17999]
  2023-06-17 18:26:09.522 : IterationNum=123	[MsgId: MMSG-17999]
   USER 123 = user88:pwd88	[MsgId: MMSG-17999]
    2023-06-17 18:26:09.617 : Start page is opened	[MsgId: MMSG-17999]
    2023-06-17 18:26:15.360 : User is logged in with session 136655.193924666HAcQcAVpfDHftcVHfpcAQccf	[MsgId: MMSG-17999]
    2023-06-17 18:26:19.399 : User is logged out of session	[MsgId: MMSG-17999]
  2023-06-17 18:28:15.524 : IterationNum=124	[MsgId: MMSG-17999]
   USER 124 = user88:pwd88	[MsgId: MMSG-17999]
    2023-06-17 18:28:15.618 : Start page is opened	[MsgId: MMSG-17999]
    2023-06-17 18:28:20.820 : User is logged in with session 136655.204131227HAcQcAcpAzcftcVHfpcVcDHf	[MsgId: MMSG-17999]
    2023-06-17 18:28:26.185 : User is logged out of session	[MsgId: MMSG-17999]
  2023-06-17 18:30:21.531 : IterationNum=125	[MsgId: MMSG-17999]
   USER 125 = user88:pwd88	[MsgId: MMSG-17999]
    2023-06-17 18:30:21.625 : Start page is opened	[MsgId: MMSG-17999]
    2023-06-17 18:30:27.012 : User is logged in with session 136655.214337789HAcQcAcpfiHftcVHfpcVffcf	[MsgId: MMSG-17999]
    2023-06-17 18:30:31.820 : User is logged out of session	[MsgId: MMSG-17999]
  2023-06-17 18:32:27.538 : IterationNum=126	[MsgId: MMSG-17999]
   USER 126 = user88:pwd88	[MsgId: MMSG-17999]
    2023-06-17 18:32:27.632 : Start page is opened	[MsgId: MMSG-17999]
    2023-06-17 18:32:33.665 : User is logged in with session 136655.22454435HAcQcADpVVcftcVHfpcVizHf	[MsgId: MMSG-17999]
    2023-06-17 18:32:37.909 : User is logged out of session	[MsgId: MMSG-17999]
  2023-06-17 18:34:33.539 : IterationNum=127	[MsgId: MMSG-17999]
   USER 127 = user88:pwd88	[MsgId: MMSG-17999]
    2023-06-17 18:34:33.634 : Start page is opened	[MsgId: MMSG-17999]
    2023-06-17 18:34:39.434 : User is logged in with session 136655.234750911HAcQcADpzDHftcVHfpccVicf	[MsgId: MMSG-17999]
    2023-06-17 18:34:45.298 : User is logged out of session	[MsgId: MMSG-17999]
  2023-06-17 18:36:39.554 : IterationNum=128	[MsgId: MMSG-17999]
   USER 128 = user88:pwd88	[MsgId: MMSG-17999]
    2023-06-17 18:36:39.648 : Start page is opened	[MsgId: MMSG-17999]
    2023-06-17 18:36:43.783 : User is logged in with session 136655.244957473HAcQcAtpVzcftcVHfpcctQHf	[MsgId: MMSG-17999]
    2023-06-17 18:36:48.873 : User is logged out of session	[MsgId: MMSG-17999]
  2023-06-17 18:38:45.559 : IterationNum=129	[MsgId: MMSG-17999]
   USER 129 = user88:pwd88	[MsgId: MMSG-17999]
    2023-06-17 18:38:45.655 : Start page is opened	[MsgId: MMSG-17999]
    2023-06-17 18:38:51.555 : User is logged in with session 136655.255164034HAcQcAtpziHftcVHfpcciVcf	[MsgId: MMSG-17999]
    2023-06-17 18:38:56.403 : User is logged out of session	[MsgId: MMSG-17999]
  2023-06-17 18:40:51.570 : IterationNum=130	[MsgId: MMSG-17999]
   USER 130 = user88:pwd88	[MsgId: MMSG-17999]
    2023-06-17 18:40:51.663 : Start page is opened	[MsgId: MMSG-17999]
    2023-06-17 18:40:57.898 : User is logged in with session 136655.265370595HAcQcAfpcVcftcVHfpcDVcHf	[MsgId: MMSG-17999]
    2023-06-17 18:41:04.028 : User is logged out of session	[MsgId: MMSG-17999]
  2023-06-17 18:42:57.574 : IterationNum=131	[MsgId: MMSG-17999]
   USER 131 = user88:pwd88	[MsgId: MMSG-17999]
    2023-06-17 18:42:57.669 : Start page is opened	[MsgId: MMSG-17999]
    2023-06-17 18:43:01.826 : User is logged in with session 136655.275577157HAcQcAfpHDHftcVHfpcDttcf	[MsgId: MMSG-17999]
    2023-06-17 18:43:06.950 : User is logged out of session	[MsgId: MMSG-17999]
  2023-06-17 18:45:03.574 : IterationNum=132	[MsgId: MMSG-17999]
   USER 132 = user88:pwd88	[MsgId: MMSG-17999]
    2023-06-17 18:45:03.668 : Start page is opened	[MsgId: MMSG-17999]
    2023-06-17 18:45:07.781 : User is logged in with session 136655.285783718HAcQcAzpczcftcVHfpcDHfHf	[MsgId: MMSG-17999]
    2023-06-17 18:45:11.969 : User is logged out of session	[MsgId: MMSG-17999]
  2023-06-17 18:47:09.575 : IterationNum=133	[MsgId: MMSG-17999]
   USER 133 = user88:pwd88	[MsgId: MMSG-17999]
    2023-06-17 18:47:09.669 : Start page is opened	[MsgId: MMSG-17999]
    2023-06-17 18:47:15.731 : User is logged in with session 136655.295990279HAcQcAzpHiHftcVHfpctAHcf	[MsgId: MMSG-17999]
    2023-06-17 18:47:19.915 : User is logged out of session	[MsgId: MMSG-17999]
  2023-06-17 18:49:15.581 : IterationNum=134	[MsgId: MMSG-17999]
   USER 134 = user88:pwd88	[MsgId: MMSG-17999]
    2023-06-17 18:49:15.675 : Start page is opened	[MsgId: MMSG-17999]
    2023-06-17 18:49:20.399 : User is logged in with session 136655.306196841HAcQcAHpDVcftcVHfpctDiHf	[MsgId: MMSG-17999]
    2023-06-17 18:49:25.710 : User is logged out of session	[MsgId: MMSG-17999]
  2023-06-17 18:51:21.586 : IterationNum=135	[MsgId: MMSG-17999]
   USER 135 = user88:pwd88	[MsgId: MMSG-17999]
    2023-06-17 18:51:21.681 : Start page is opened	[MsgId: MMSG-17999]
    2023-06-17 18:51:27.097 : User is logged in with session 136655.316403402HAcQcAHpiDHftcVHfpctHAcf	[MsgId: MMSG-17999]
    2023-06-17 18:51:31.263 : User is logged out of session	[MsgId: MMSG-17999]
  2023-06-17 18:53:27.591 : IterationNum=136	[MsgId: MMSG-17999]
   USER 136 = user88:pwd88	[MsgId: MMSG-17999]
    2023-06-17 18:53:27.685 : Start page is opened	[MsgId: MMSG-17999]
    2023-06-17 18:53:32.394 : User is logged in with session 136655.326609964HAcQcAipDzcftcVHfpcfAVHf	[MsgId: MMSG-17999]
    2023-06-17 18:53:36.448 : User is logged out of session	[MsgId: MMSG-17999]
  2023-06-17 18:55:33.590 : IterationNum=137	[MsgId: MMSG-17999]
   USER 137 = user88:pwd88	[MsgId: MMSG-17999]
    2023-06-17 18:55:33.685 : Start page is opened	[MsgId: MMSG-17999]
    2023-06-17 18:55:37.783 : User is logged in with session 136655.336816525HAcQcAipiiHftcVHfpcfDDcf	[MsgId: MMSG-17999]
    2023-06-17 18:55:42.143 : User is logged out of session	[MsgId: MMSG-17999]
  2023-06-17 18:57:39.595 : IterationNum=138	[MsgId: MMSG-17999]
   USER 138 = user88:pwd88	[MsgId: MMSG-17999]
    2023-06-17 18:57:39.688 : Start page is opened	[MsgId: MMSG-17999]
    2023-06-17 18:57:43.663 : User is logged in with session 136655.347023086HAcQcAQptVcftcVHfpcfztHf	[MsgId: MMSG-17999]
    2023-06-17 18:57:49.278 : User is logged out of session	[MsgId: MMSG-17999]
  2023-06-17 18:59:45.595 : IterationNum=139	[MsgId: MMSG-17999]
   USER 139 = user88:pwd88	[MsgId: MMSG-17999]
    2023-06-17 18:59:45.689 : Start page is opened	[MsgId: MMSG-17999]
    2023-06-17 18:59:51.388 : User is logged in with session 136655.357229648HAcQcAQpQDHftcVHfpcfQzcf	[MsgId: MMSG-17999]
    2023-06-17 18:59:56.904 : User is logged out of session	[MsgId: MMSG-17999]
  2023-06-17 19:01:51.606 : IterationNum=140	[MsgId: MMSG-17999]
   USER 140 = user88:pwd88	[MsgId: MMSG-17999]
    2023-06-17 19:01:51.701 : Start page is opened	[MsgId: MMSG-17999]
    2023-06-17 19:01:56.706 : User is logged in with session 136655.367436209HAcQcVAptzcftcVHfpczcHHf	[MsgId: MMSG-17999]
    2023-06-17 19:02:01.027 : User is logged out of session	[MsgId: MMSG-17999]
  2023-06-17 19:03:57.614 : IterationNum=141	[MsgId: MMSG-17999]
   USER 141 = user88:pwd88	[MsgId: MMSG-17999]
    2023-06-17 19:03:57.709 : Start page is opened	[MsgId: MMSG-17999]
    2023-06-17 19:04:01.917 : User is logged in with session 136655.37764277HAcQcVApQiHftcVHfpczfQcf	[MsgId: MMSG-17999]
    2023-06-17 19:04:07.549 : User is logged out of session	[MsgId: MMSG-17999]
  2023-06-17 19:06:03.626 : IterationNum=142	[MsgId: MMSG-17999]
   USER 142 = user88:pwd88	[MsgId: MMSG-17999]
    2023-06-17 19:06:03.720 : Start page is opened	[MsgId: MMSG-17999]
    2023-06-17 19:06:08.476 : User is logged in with session 136655.387849332HAcQcVVpfVcftcVHfpczQAHf	[MsgId: MMSG-17999]
    2023-06-17 19:06:13.888 : User is logged out of session	[MsgId: MMSG-17999]
  2023-06-17 19:08:09.635 : IterationNum=143	[MsgId: MMSG-17999]
   USER 143 = user88:pwd88	[MsgId: MMSG-17999]
    2023-06-17 19:08:09.729 : Start page is opened	[MsgId: MMSG-17999]
    2023-06-17 19:08:14.873 : User is logged in with session 136655.398055893HAcQcVcpADHftcVHfpcHcccf	[MsgId: MMSG-17999]
    2023-06-17 19:08:19.085 : User is logged out of session	[MsgId: MMSG-17999]
  2023-06-17 19:10:15.636 : IterationNum=144	[MsgId: MMSG-17999]
   USER 144 = user88:pwd88	[MsgId: MMSG-17999]
    2023-06-17 19:10:15.732 : Start page is opened	[MsgId: MMSG-17999]
    2023-06-17 19:10:21.197 : User is logged in with session 136655.408262454HAcQcVcpfzcftcVHfpcHfDHf	[MsgId: MMSG-17999]
    2023-06-17 19:10:25.717 : User is logged out of session	[MsgId: MMSG-17999]
  2023-06-17 19:12:21.644 : IterationNum=145	[MsgId: MMSG-17999]
   USER 145 = user88:pwd88	[MsgId: MMSG-17999]
    2023-06-17 19:12:21.738 : Start page is opened	[MsgId: MMSG-17999]
    2023-06-17 19:12:26.647 : User is logged in with session 136655.418469016HAcQcVDpAiHftcVHfpcHifcf	[MsgId: MMSG-17999]
    2023-06-17 19:12:31.927 : User is logged out of session	[MsgId: MMSG-17999]
  2023-06-17 19:14:27.647 : IterationNum=146	[MsgId: MMSG-17999]
   USER 146 = user88:pwd88	[MsgId: MMSG-17999]
    2023-06-17 19:14:27.741 : Start page is opened	[MsgId: MMSG-17999]
    2023-06-17 19:14:33.109 : User is logged in with session 136655.428675577HAcQcVDpzVcftcVHfpciVzHf	[MsgId: MMSG-17999]
    2023-06-17 19:14:38.526 : User is logged out of session	[MsgId: MMSG-17999]
  2023-06-17 19:16:33.661 : IterationNum=147	[MsgId: MMSG-17999]
   USER 147 = user88:pwd88	[MsgId: MMSG-17999]
    2023-06-17 19:16:33.755 : Start page is opened	[MsgId: MMSG-17999]
    2023-06-17 19:16:38.209 : User is logged in with session 136655.438882139HAcQcVtpVDHftcVHfpciticf	[MsgId: MMSG-17999]
    2023-06-17 19:16:42.365 : User is logged out of session	[MsgId: MMSG-17999]
  2023-06-17 19:18:39.673 : IterationNum=148	[MsgId: MMSG-17999]
   USER 148 = user88:pwd88	[MsgId: MMSG-17999]
    2023-06-17 19:18:39.765 : Start page is opened	[MsgId: MMSG-17999]
    2023-06-17 19:18:45.780 : User is logged in with session 136655.4490887HAcQcVtpzzcftcVHfpciHQHf	[MsgId: MMSG-17999]
    2023-06-17 19:18:51.835 : User is logged out of session	[MsgId: MMSG-17999]
  2023-06-17 19:20:45.679 : IterationNum=149	[MsgId: MMSG-17999]
   USER 149 = user88:pwd88	[MsgId: MMSG-17999]
    2023-06-17 19:20:45.775 : Start page is opened	[MsgId: MMSG-17999]
    2023-06-17 19:20:49.695 : User is logged in with session 136655.459295261HAcQcVfpViHftcVHfpcQVVcf	[MsgId: MMSG-17999]
    2023-06-17 19:20:55.661 : User is logged out of session	[MsgId: MMSG-17999]
  2023-06-17 19:22:51.689 : IterationNum=150	[MsgId: MMSG-17999]
   USER 150 = user88:pwd88	[MsgId: MMSG-17999]
    2023-06-17 19:22:51.785 : Start page is opened	[MsgId: MMSG-17999]
    2023-06-17 19:22:57.887 : User is logged in with session 136655.469501823HAcQcVfpHVcftcVHfpcQtcHf	[MsgId: MMSG-17999]
    2023-06-17 19:23:04.045 : User is logged out of session	[MsgId: MMSG-17999]
  2023-06-17 19:24:57.700 : IterationNum=151	[MsgId: MMSG-17999]
   USER 151 = user88:pwd88	[MsgId: MMSG-17999]
    2023-06-17 19:24:57.793 : Start page is opened	[MsgId: MMSG-17999]
    2023-06-17 19:25:03.381 : User is logged in with session 136655.479708384HAcQcVzpcDHftcVHfpcQHtcf	[MsgId: MMSG-17999]
    2023-06-17 19:25:08.858 : User is logged out of session	[MsgId: MMSG-17999]
  2023-06-17 19:27:03.704 : IterationNum=152	[MsgId: MMSG-17999]
   USER 152 = user88:pwd88	[MsgId: MMSG-17999]
    2023-06-17 19:27:03.798 : Start page is opened	[MsgId: MMSG-17999]
    2023-06-17 19:27:10.152 : User is logged in with session 136655.489914945HAcQcVzpHzcftcVHfpDAAfHf	[MsgId: MMSG-17999]
    2023-06-17 19:27:16.438 : User is logged out of session	[MsgId: MMSG-17999]
  2023-06-17 19:29:09.711 : IterationNum=153	[MsgId: MMSG-17999]
   USER 153 = user88:pwd88	[MsgId: MMSG-17999]
    2023-06-17 19:29:09.806 : Start page is opened	[MsgId: MMSG-17999]
    2023-06-17 19:29:14.545 : User is logged in with session 136655.500121507HAcQcVHpciHftcVHfpDADHcf	[MsgId: MMSG-17999]
    2023-06-17 19:29:20.515 : User is logged out of session	[MsgId: MMSG-17999]
  2023-06-17 19:31:15.713 : IterationNum=154	[MsgId: MMSG-17999]
   USER 154 = user88:pwd88	[MsgId: MMSG-17999]
    2023-06-17 19:31:15.806 : Start page is opened	[MsgId: MMSG-17999]
    2023-06-17 19:31:19.928 : User is logged in with session 136655.510328068HAcQcVHpiVcftcVHfpDAziHf	[MsgId: MMSG-17999]
    2023-06-17 19:31:24.293 : User is logged out of session	[MsgId: MMSG-17999]
  2023-06-17 19:33:21.724 : IterationNum=155	[MsgId: MMSG-17999]
   USER 155 = user88:pwd88	[MsgId: MMSG-17999]
    2023-06-17 19:33:21.816 : Start page is opened	[MsgId: MMSG-17999]
    2023-06-17 19:33:26.624 : User is logged in with session 136655.520534629HAcQcVipDDHftcVHfpDVAAcf	[MsgId: MMSG-17999]
    2023-06-17 19:33:31.749 : User is logged out of session	[MsgId: MMSG-17999]
  2023-06-17 19:35:27.729 : IterationNum=156	[MsgId: MMSG-17999]
   USER 156 = user88:pwd88	[MsgId: MMSG-17999]
    2023-06-17 19:35:27.824 : Start page is opened	[MsgId: MMSG-17999]
    2023-06-17 19:35:33.364 : User is logged in with session 136655.530741191HAcQcVipizcftcVHfpDVDVHf	[MsgId: MMSG-17999]
    2023-06-17 19:35:38.426 : User is logged out of session	[MsgId: MMSG-17999]
  2023-06-17 19:37:33.734 : IterationNum=157	[MsgId: MMSG-17999]
   USER 157 = user88:pwd88	[MsgId: MMSG-17999]
    2023-06-17 19:37:33.828 : Start page is opened	[MsgId: MMSG-17999]
    2023-06-17 19:37:39.524 : User is logged in with session 136655.540947752HAcQcVQpDiHftcVHfpDVzDcf	[MsgId: MMSG-17999]
    2023-06-17 19:37:43.857 : User is logged out of session	[MsgId: MMSG-17999]
  2023-06-17 19:39:39.743 : IterationNum=158	[MsgId: MMSG-17999]
   USER 158 = user88:pwd88	[MsgId: MMSG-17999]
    2023-06-17 19:39:39.837 : Start page is opened	[MsgId: MMSG-17999]
    2023-06-17 19:39:44.017 : User is logged in with session 136655.551154313HAcQcVQpQVcftcVHfpDVQtHf	[MsgId: MMSG-17999]
    2023-06-17 19:39:49.687 : User is logged out of session	[MsgId: MMSG-17999]
  2023-06-17 19:41:45.753 : IterationNum=159	[MsgId: MMSG-17999]
   USER 159 = user88:pwd88	[MsgId: MMSG-17999]
    2023-06-17 19:41:45.847 : Start page is opened	[MsgId: MMSG-17999]
    2023-06-17 19:41:49.870 : User is logged in with session 136655.561360875HAcQccAptDHftcVHfpDcczcf	[MsgId: MMSG-17999]
    2023-06-17 19:41:54.481 : User is logged out of session	[MsgId: MMSG-17999]
  2023-06-17 19:43:51.764 : IterationNum=160	[MsgId: MMSG-17999]
   USER 160 = user88:pwd88	[MsgId: MMSG-17999]
    2023-06-17 19:43:51.858 : Start page is opened	[MsgId: MMSG-17999]
    2023-06-17 19:43:57.741 : User is logged in with session 136655.571567436HAcQccApQzcftcVHfpDcfHHf	[MsgId: MMSG-17999]
    2023-06-17 19:44:01.678 : User is logged out of session	[MsgId: MMSG-17999]
  2023-06-17 19:45:57.773 : IterationNum=161	[MsgId: MMSG-17999]
   USER 161 = user88:pwd88	[MsgId: MMSG-17999]
    2023-06-17 19:45:57.868 : Start page is opened	[MsgId: MMSG-17999]
    2023-06-17 19:46:02.943 : User is logged in with session 136655.581773998HAcQccVptiHftcVHfpDciQcf	[MsgId: MMSG-17999]
    2023-06-17 19:46:07.669 : User is logged out of session	[MsgId: MMSG-17999]
  2023-06-17 19:48:03.774 : IterationNum=162	[MsgId: MMSG-17999]
   USER 162 = user88:pwd88	[MsgId: MMSG-17999]
    2023-06-17 19:48:03.867 : Start page is opened	[MsgId: MMSG-17999]
    2023-06-17 19:48:09.120 : User is logged in with session 136655.591980559HAcQcccpAVcftcVHfpDDcAHf	[MsgId: MMSG-17999]
    2023-06-17 19:48:13.621 : User is logged out of session	[MsgId: MMSG-17999]
  2023-06-17 19:50:09.778 : IterationNum=163	[MsgId: MMSG-17999]
   USER 163 = user88:pwd88	[MsgId: MMSG-17999]
    2023-06-17 19:50:09.872 : Start page is opened	[MsgId: MMSG-17999]
    2023-06-17 19:50:15.061 : User is logged in with session 136655.60218712HAcQcccpfDHftcVHfpDDfccf	[MsgId: MMSG-17999]
    2023-06-17 19:50:19.462 : User is logged out of session	[MsgId: MMSG-17999]
  2023-06-17 19:52:15.783 : IterationNum=164	[MsgId: MMSG-17999]
   USER 164 = user88:pwd88	[MsgId: MMSG-17999]
    2023-06-17 19:52:15.877 : Start page is opened	[MsgId: MMSG-17999]
    2023-06-17 19:52:21.937 : User is logged in with session 136655.612393682HAcQccDpAzcftcVHfpDDiDHf	[MsgId: MMSG-17999]
    2023-06-17 19:52:26.934 : User is logged out of session	[MsgId: MMSG-17999]
  2023-06-17 19:54:21.786 : IterationNum=165	[MsgId: MMSG-17999]
   USER 165 = user88:pwd88	[MsgId: MMSG-17999]
    2023-06-17 19:54:21.880 : Start page is opened	[MsgId: MMSG-17999]
    2023-06-17 19:54:28.069 : User is logged in with session 136655.622600243HAcQccDpfiHftcVHfpDtVfcf	[MsgId: MMSG-17999]
    2023-06-17 19:54:33.949 : User is logged out of session	[MsgId: MMSG-17999]
  2023-06-17 19:56:27.790 : IterationNum=166	[MsgId: MMSG-17999]
   USER 166 = user88:pwd88	[MsgId: MMSG-17999]
    2023-06-17 19:56:27.885 : Start page is opened	[MsgId: MMSG-17999]
    2023-06-17 19:56:32.419 : User is logged in with session 136655.632806804HAcQcctpVVcftcVHfpDttzHf	[MsgId: MMSG-17999]
    2023-06-17 19:56:37.408 : User is logged out of session	[MsgId: MMSG-17999]
  2023-06-17 19:58:33.802 : IterationNum=167	[MsgId: MMSG-17999]
   USER 167 = user88:pwd88	[MsgId: MMSG-17999]
    2023-06-17 19:58:33.895 : Start page is opened	[MsgId: MMSG-17999]
    2023-06-17 19:58:38.300 : User is logged in with session 136655.643013366HAcQcctpzDHftcVHfpDtHicf	[MsgId: MMSG-17999]
    2023-06-17 19:58:43.324 : User is logged out of session	[MsgId: MMSG-17999]
  2023-06-17 20:00:39.814 : IterationNum=168	[MsgId: MMSG-17999]
   USER 168 = user88:pwd88	[MsgId: MMSG-17999]
    2023-06-17 20:00:39.909 : Start page is opened	[MsgId: MMSG-17999]
    2023-06-17 20:00:44.998 : User is logged in with session 136655.653219927HAcQccfpVzcftcVHfpDfAQHf	[MsgId: MMSG-17999]
    2023-06-17 20:00:50.270 : User is logged out of session	[MsgId: MMSG-17999]
  2023-06-17 20:02:45.818 : IterationNum=169	[MsgId: MMSG-17999]
   USER 169 = user88:pwd88	[MsgId: MMSG-17999]
    2023-06-17 20:02:45.912 : Start page is opened	[MsgId: MMSG-17999]
    2023-06-17 20:02:50.459 : User is logged in with session 136655.663426488HAcQccfpziHftcVHfpDftVcf	[MsgId: MMSG-17999]
    2023-06-17 20:02:55.517 : User is logged out of session	[MsgId: MMSG-17999]
  2023-06-17 20:04:51.825 : IterationNum=170	[MsgId: MMSG-17999]
   USER 170 = user88:pwd88	[MsgId: MMSG-17999]
    2023-06-17 20:04:51.920 : Start page is opened	[MsgId: MMSG-17999]
    2023-06-17 20:04:57.431 : User is logged in with session 136655.67363305HAcQcczpcVcftcVHfpDfHcHf	[MsgId: MMSG-17999]
    2023-06-17 20:05:03.677 : User is logged out of session	[MsgId: MMSG-17999]
  2023-06-17 20:06:57.830 : IterationNum=171	[MsgId: MMSG-17999]
   USER 171 = user88:pwd88	[MsgId: MMSG-17999]
    2023-06-17 20:06:57.924 : Start page is opened	[MsgId: MMSG-17999]
    2023-06-17 20:07:03.374 : User is logged in with session 136655.683839611HAcQcczpHDHftcVHfpDzAtcf	[MsgId: MMSG-17999]
    2023-06-17 20:07:08.701 : User is logged out of session	[MsgId: MMSG-17999]
  2023-06-17 20:09:03.840 : IterationNum=172	[MsgId: MMSG-17999]
   USER 172 = user88:pwd88	[MsgId: MMSG-17999]
    2023-06-17 20:09:03.934 : Start page is opened	[MsgId: MMSG-17999]
    2023-06-17 20:09:09.183 : User is logged in with session 136655.694046173HAcQccHpczcftcVHfpDzDfHf	[MsgId: MMSG-17999]
    2023-06-17 20:09:13.335 : User is logged out of session	[MsgId: MMSG-17999]
  2023-06-17 20:11:09.854 : IterationNum=173	[MsgId: MMSG-17999]
   USER 173 = user88:pwd88	[MsgId: MMSG-17999]
    2023-06-17 20:11:09.949 : Start page is opened	[MsgId: MMSG-17999]
    2023-06-17 20:11:15.262 : User is logged in with session 136655.704252734HAcQccHpHiHftcVHfpDzzHcf	[MsgId: MMSG-17999]
    2023-06-17 20:11:21.014 : User is logged out of session	[MsgId: MMSG-17999]
  2023-06-17 20:13:15.855 : IterationNum=174	[MsgId: MMSG-17999]
   USER 174 = user88:pwd88	[MsgId: MMSG-17999]
    2023-06-17 20:13:15.950 : Start page is opened	[MsgId: MMSG-17999]
    2023-06-17 20:13:21.344 : User is logged in with session 136655.714459295HAcQccipDVcftcVHfpDzQiHf	[MsgId: MMSG-17999]
    2023-06-17 20:13:27.351 : User is logged out of session	[MsgId: MMSG-17999]
  2023-06-17 20:15:21.869 : IterationNum=175	[MsgId: MMSG-17999]
   USER 175 = user88:pwd88	[MsgId: MMSG-17999]
    2023-06-17 20:15:21.962 : Start page is opened	[MsgId: MMSG-17999]
    2023-06-17 20:15:28.163 : User is logged in with session 136655.724665857HAcQccipiDHftcVHfpDHDAcf	[MsgId: MMSG-17999]
    2023-06-17 20:15:33.744 : User is logged out of session	[MsgId: MMSG-17999]
  2023-06-17 20:17:27.878 : IterationNum=176	[MsgId: MMSG-17999]
   USER 176 = user88:pwd88	[MsgId: MMSG-17999]
    2023-06-17 20:17:27.972 : Start page is opened	[MsgId: MMSG-17999]
    2023-06-17 20:17:33.045 : User is logged in with session 136655.734872418HAcQccQpDzcftcVHfpDHzVHf	[MsgId: MMSG-17999]
    2023-06-17 20:17:37.674 : User is logged out of session	[MsgId: MMSG-17999]
  2023-06-17 20:19:33.883 : IterationNum=177	[MsgId: MMSG-17999]
   USER 177 = user88:pwd88	[MsgId: MMSG-17999]
    2023-06-17 20:19:33.977 : Start page is opened	[MsgId: MMSG-17999]
    2023-06-17 20:19:38.956 : User is logged in with session 136655.745078979HAcQccQpiiHftcVHfpDHQDcf	[MsgId: MMSG-17999]
    2023-06-17 20:19:45.249 : User is logged out of session	[MsgId: MMSG-17999]
  2023-06-17 20:21:39.890 : IterationNum=178	[MsgId: MMSG-17999]
   USER 178 = user88:pwd88	[MsgId: MMSG-17999]
    2023-06-17 20:21:39.983 : Start page is opened	[MsgId: MMSG-17999]
    2023-06-17 20:21:44.204 : User is logged in with session 136655.755285541HAcQcDAptVcftcVHfpDictHf	[MsgId: MMSG-17999]
    2023-06-17 20:21:48.178 : User is logged out of session	[MsgId: MMSG-17999]
  2023-06-17 20:23:45.902 : IterationNum=179	[MsgId: MMSG-17999]
   USER 179 = user88:pwd88	[MsgId: MMSG-17999]
    2023-06-17 20:23:45.996 : Start page is opened	[MsgId: MMSG-17999]
    2023-06-17 20:23:50.514 : User is logged in with session 136655.765492102HAcQcDApQDHftcVHfpDifzcf	[MsgId: MMSG-17999]
    2023-06-17 20:23:55.820 : User is logged out of session	[MsgId: MMSG-17999]
  2023-06-17 20:25:51.909 : IterationNum=180	[MsgId: MMSG-17999]
   USER 180 = user88:pwd88	[MsgId: MMSG-17999]
    2023-06-17 20:25:52.001 : Start page is opened	[MsgId: MMSG-17999]
    2023-06-17 20:25:56.590 : User is logged in with session 136655.775698663HAcQcDVptzcftcVHfpDiiHHf	[MsgId: MMSG-17999]
    2023-06-17 20:26:01.343 : User is logged out of session	[MsgId: MMSG-17999]
  2023-06-17 20:27:57.910 : IterationNum=181	[MsgId: MMSG-17999]
   USER 181 = user88:pwd88	[MsgId: MMSG-17999]
    2023-06-17 20:27:58.005 : Start page is opened	[MsgId: MMSG-17999]
    2023-06-17 20:28:02.279 : User is logged in with session 136655.785905225HAcQcDVpQiHftcVHfpDQVQcf	[MsgId: MMSG-17999]
    2023-06-17 20:28:08.562 : User is logged out of session	[MsgId: MMSG-17999]
  2023-06-17 20:30:03.914 : IterationNum=182	[MsgId: MMSG-17999]
   USER 182 = user88:pwd88	[MsgId: MMSG-17999]
    2023-06-17 20:30:04.008 : Start page is opened	[MsgId: MMSG-17999]
    2023-06-17 20:30:09.045 : User is logged in with session 136655.796111786HAcQcDcpfVcftcVHfpDQfAHf	[MsgId: MMSG-17999]
    2023-06-17 20:30:15.261 : User is logged out of session	[MsgId: MMSG-17999]
  2023-06-17 20:32:09.921 : IterationNum=183	[MsgId: MMSG-17999]
   USER 183 = user88:pwd88	[MsgId: MMSG-17999]
    2023-06-17 20:32:10.016 : Start page is opened	[MsgId: MMSG-17999]
    2023-06-17 20:32:14.211 : User is logged in with session 136655.806318348HAcQcDDpADHftcVHfpDQiccf	[MsgId: MMSG-17999]
    2023-06-17 20:32:18.622 : User is logged out of session	[MsgId: MMSG-17999]
  2023-06-17 20:34:15.929 : IterationNum=184	[MsgId: MMSG-17999]
   USER 184 = user88:pwd88	[MsgId: MMSG-17999]
    2023-06-17 20:34:16.024 : Start page is opened	[MsgId: MMSG-17999]
    2023-06-17 20:34:20.545 : User is logged in with session 136655.816524909HAcQcDDpfzcftcVHfptAVDHf	[MsgId: MMSG-17999]
    2023-06-17 20:34:26.935 : User is logged out of session	[MsgId: MMSG-17999]
  2023-06-17 20:36:21.936 : IterationNum=185	[MsgId: MMSG-17999]
   USER 185 = user88:pwd88	[MsgId: MMSG-17999]
    2023-06-17 20:36:22.030 : Start page is opened	[MsgId: MMSG-17999]
    2023-06-17 20:36:26.854 : User is logged in with session 136655.82673147HAcQcDtpAiHftcVHfptAtfcf	[MsgId: MMSG-17999]
    2023-06-17 20:36:31.880 : User is logged out of session	[MsgId: MMSG-17999]
  2023-06-17 20:38:27.936 : IterationNum=186	[MsgId: MMSG-17999]
   USER 186 = user88:pwd88	[MsgId: MMSG-17999]
    2023-06-17 20:38:28.030 : Start page is opened	[MsgId: MMSG-17999]
    2023-06-17 20:38:34.022 : User is logged in with session 136655.836938032HAcQcDtpzVcftcVHfptAHzHf	[MsgId: MMSG-17999]
    2023-06-17 20:38:38.932 : User is logged out of session	[MsgId: MMSG-17999]
  2023-06-17 20:40:33.937 : IterationNum=187	[MsgId: MMSG-17999]
   USER 187 = user88:pwd88	[MsgId: MMSG-17999]
    2023-06-17 20:40:34.031 : Start page is opened	[MsgId: MMSG-17999]
    2023-06-17 20:40:39.964 : User is logged in with session 136655.847144593HAcQcDfpVDHftcVHfptVAicf	[MsgId: MMSG-17999]
    2023-06-17 20:40:44.304 : User is logged out of session	[MsgId: MMSG-17999]
  2023-06-17 20:42:39.947 : IterationNum=188	[MsgId: MMSG-17999]
   USER 188 = user88:pwd88	[MsgId: MMSG-17999]
    2023-06-17 20:42:40.040 : Start page is opened	[MsgId: MMSG-17999]
    2023-06-17 20:42:45.877 : User is logged in with session 136655.857351154HAcQcDfpzzcftcVHfptVDQHf	[MsgId: MMSG-17999]
    2023-06-17 20:42:52.217 : User is logged out of session	[MsgId: MMSG-17999]
  2023-06-17 20:44:45.951 : IterationNum=189	[MsgId: MMSG-17999]
   USER 189 = user88:pwd88	[MsgId: MMSG-17999]
    2023-06-17 20:44:46.045 : Start page is opened	[MsgId: MMSG-17999]
    2023-06-17 20:44:50.306 : User is logged in with session 136655.867557716HAcQcDzpViHftcVHfptVHVcf	[MsgId: MMSG-17999]
    2023-06-17 20:44:54.412 : User is logged out of session	[MsgId: MMSG-17999]
  2023-06-17 20:46:51.951 : IterationNum=190	[MsgId: MMSG-17999]
   USER 190 = user88:pwd88	[MsgId: MMSG-17999]
    2023-06-17 20:46:52.044 : Start page is opened	[MsgId: MMSG-17999]
    2023-06-17 20:46:56.414 : User is logged in with session 136655.877764277HAcQcDzpHVcftcVHfptcAcHf	[MsgId: MMSG-17999]
    2023-06-17 20:47:02.763 : User is logged out of session	[MsgId: MMSG-17999]
  2023-06-17 20:48:57.952 : IterationNum=191	[MsgId: MMSG-17999]
   USER 191 = user88:pwd88	[MsgId: MMSG-17999]
    2023-06-17 20:48:58.046 : Start page is opened	[MsgId: MMSG-17999]
    2023-06-17 20:49:03.400 : User is logged in with session 136655.887970838HAcQcDHpcDHftcVHfptcDtcf	[MsgId: MMSG-17999]
    2023-06-17 20:49:08.365 : User is logged out of session	[MsgId: MMSG-17999]
  2023-06-17 20:51:03.957 : IterationNum=192	[MsgId: MMSG-17999]
   USER 192 = user88:pwd88	[MsgId: MMSG-17999]
    2023-06-17 20:51:04.049 : Start page is opened	[MsgId: MMSG-17999]
    2023-06-17 20:51:08.918 : User is logged in with session 136655.8981774HAcQcDHpHzcftcVHfptczfHf	[MsgId: MMSG-17999]
    2023-06-17 20:51:13.671 : User is logged out of session	[MsgId: MMSG-17999]
  2023-06-17 20:53:09.958 : IterationNum=193	[MsgId: MMSG-17999]
   USER 193 = user88:pwd88	[MsgId: MMSG-17999]
    2023-06-17 20:53:10.053 : Start page is opened	[MsgId: MMSG-17999]
    2023-06-17 20:53:14.174 : User is logged in with session 136655.908383961HAcQcDipciHftcVHfptcQHcf	[MsgId: MMSG-17999]
    2023-06-17 20:53:20.466 : User is logged out of session	[MsgId: MMSG-17999]
  2023-06-17 20:55:15.961 : IterationNum=194	[MsgId: MMSG-17999]
   USER 194 = user88:pwd88	[MsgId: MMSG-17999]
    2023-06-17 20:55:16.057 : Start page is opened	[MsgId: MMSG-17999]
    2023-06-17 20:55:22.260 : User is logged in with session 136655.918590522HAcQcDipiVcftcVHfptDciHf	[MsgId: MMSG-17999]
    2023-06-17 20:55:27.583 : User is logged out of session	[MsgId: MMSG-17999]
  2023-06-17 20:57:21.970 : IterationNum=195	[MsgId: MMSG-17999]
   USER 195 = user88:pwd88	[MsgId: MMSG-17999]
    2023-06-17 20:57:22.064 : Start page is opened	[MsgId: MMSG-17999]
    2023-06-17 20:57:26.063 : User is logged in with session 136655.928878088HAcQcDQpDtVzzzzHtcVHfptDzAf	[MsgId: MMSG-17999]
    2023-06-17 20:57:30.894 : User is logged out of session	[MsgId: MMSG-17999]
  2023-06-17 20:59:27.978 : IterationNum=196	[MsgId: MMSG-17999]
   USER 196 = user88:pwd88	[MsgId: MMSG-17999]
    2023-06-17 20:59:28.071 : Start page is opened	[MsgId: MMSG-17999]
    2023-06-17 20:59:33.082 : User is logged in with session 136655.93908465HAcQcDQpizzzzzzHtcVHfptDQc	[MsgId: MMSG-17999]
    2023-06-17 20:59:38.426 : User is logged out of session	[MsgId: MMSG-17999]
  2023-06-17 21:01:33.989 : IterationNum=197	[MsgId: MMSG-17999]
   USER 197 = user88:pwd88	[MsgId: MMSG-17999]
    2023-06-17 21:01:34.084 : Start page is opened	[MsgId: MMSG-17999]
    2023-06-17 21:01:39.438 : User is logged in with session 136655.949291211HAcQctApDQVzzzzHtcVHfpttcDf	[MsgId: MMSG-17999]
    2023-06-17 21:01:43.402 : User is logged out of session	[MsgId: MMSG-17999]
  2023-06-17 21:03:39.992 : IterationNum=198	[MsgId: MMSG-17999]
   USER 198 = user88:pwd88	[MsgId: MMSG-17999]
    2023-06-17 21:03:40.085 : Start page is opened	[MsgId: MMSG-17999]
    2023-06-17 21:03:44.541 : User is logged in with session 136655.959497772HAcQctApQVzzzzzHtcVHfpttff	[MsgId: MMSG-17999]
    2023-06-17 21:03:48.795 : User is logged out of session	[MsgId: MMSG-17999]
  2023-06-17 21:05:45.993 : IterationNum=199	[MsgId: MMSG-17999]
   USER 199 = user88:pwd88	[MsgId: MMSG-17999]
    2023-06-17 21:05:46.087 : Start page is opened	[MsgId: MMSG-17999]
    2023-06-17 21:05:51.702 : User is logged in with session 136655.969704334HAcQctVpttVzzzzHtcVHfpttizf	[MsgId: MMSG-17999]
    2023-06-17 21:05:55.751 : User is logged out of session	[MsgId: MMSG-17999]
  2023-06-17 21:07:52.004 : IterationNum=200	[MsgId: MMSG-17999]
   USER 200 = user88:pwd88	[MsgId: MMSG-17999]
    2023-06-17 21:07:52.098 : Start page is opened	[MsgId: MMSG-17999]
    2023-06-17 21:07:57.388 : User is logged in with session 136655.979910895HAcQctVpQzzzzzzHtcVHfptfVi	[MsgId: MMSG-17999]
    2023-06-17 21:08:02.963 : User is logged out of session	[MsgId: MMSG-17999]
  2023-06-17 21:09:58.006 : IterationNum=201	[MsgId: MMSG-17999]
   USER 201 = user88:pwd88	[MsgId: MMSG-17999]
    2023-06-17 21:09:58.100 : Start page is opened	[MsgId: MMSG-17999]
    2023-06-17 21:10:03.330 : User is logged in with session 136655.990117456HAcQctcptQVzzzzHtcVHfptftQf	[MsgId: MMSG-17999]
    2023-06-17 21:10:07.450 : User is logged out of session	[MsgId: MMSG-17999]
  2023-06-17 21:12:04.019 : IterationNum=202	[MsgId: MMSG-17999]
   USER 202 = user88:pwd88	[MsgId: MMSG-17999]
    2023-06-17 21:12:04.114 : Start page is opened	[MsgId: MMSG-17999]
    2023-06-17 21:12:09.599 : User is logged in with session 136656.000324018HAcQctDpAVzzzzzHtcVHfptfiV	[MsgId: MMSG-17999]
    2023-06-17 21:12:14.455 : User is logged out of session	[MsgId: MMSG-17999]
  2023-06-17 21:14:10.031 : IterationNum=203	[MsgId: MMSG-17999]
   USER 203 = user88:pwd88	[MsgId: MMSG-17999]
    2023-06-17 21:14:10.124 : Start page is opened	[MsgId: MMSG-17999]
    2023-06-17 21:14:14.215 : User is logged in with session 136656.010530579HAcQctDpftVzzzzHtcVHfptzVcf	[MsgId: MMSG-17999]
    2023-06-17 21:14:18.113 : User is logged out of session	[MsgId: MMSG-17999]
  2023-06-17 21:16:16.039 : IterationNum=204	[MsgId: MMSG-17999]
   USER 204 = user88:pwd88	[MsgId: MMSG-17999]
    2023-06-17 21:16:16.134 : Start page is opened	[MsgId: MMSG-17999]
    2023-06-17 21:16:21.614 : User is logged in with session 136656.020737141HAcQcttpAzzzzzzHtcVHfptztt	[MsgId: MMSG-17999]
    2023-06-17 21:16:26.354 : User is logged out of session	[MsgId: MMSG-17999]
  2023-06-17 21:18:22.042 : IterationNum=205	[MsgId: MMSG-17999]
   USER 205 = user88:pwd88	[MsgId: MMSG-17999]
    2023-06-17 21:18:22.135 : Start page is opened	[MsgId: MMSG-17999]
    2023-06-17 21:18:28.501 : User is logged in with session 136656.030943702HAcQcttpfQVzzzzHtcVHfptzHff	[MsgId: MMSG-17999]
    2023-06-17 21:18:33.799 : User is logged out of session	[MsgId: MMSG-17999]
  2023-06-17 21:20:28.054 : IterationNum=206	[MsgId: MMSG-17999]
   USER 206 = user88:pwd88	[MsgId: MMSG-17999]
    2023-06-17 21:20:28.148 : Start page is opened	[MsgId: MMSG-17999]
    2023-06-17 21:20:32.631 : User is logged in with session 136656.041150263HAcQctfpVVzzzzzHtcVHfptHAH	[MsgId: MMSG-17999]
    2023-06-17 21:20:37.307 : User is logged out of session	[MsgId: MMSG-17999]
  2023-06-17 21:22:34.064 : IterationNum=207	[MsgId: MMSG-17999]
   USER 207 = user88:pwd88	[MsgId: MMSG-17999]
    2023-06-17 21:22:34.157 : Start page is opened	[MsgId: MMSG-17999]
    2023-06-17 21:22:38.472 : User is logged in with session 136656.051356825HAcQctfpztVzzzzHtcVHfptHDif	[MsgId: MMSG-17999]
    2023-06-17 21:22:44.003 : User is logged out of session	[MsgId: MMSG-17999]
  2023-06-17 21:24:40.073 : IterationNum=208	[MsgId: MMSG-17999]
   USER 208 = user88:pwd88	[MsgId: MMSG-17999]
    2023-06-17 21:24:40.167 : Start page is opened	[MsgId: MMSG-17999]
    2023-06-17 21:24:44.147 : User is logged in with session 136656.061563386HAcQctzpVzzzzzzHtcVHfptHH	[MsgId: MMSG-17999]
    2023-06-17 21:24:50.178 : User is logged out of session	[MsgId: MMSG-17999]
  2023-06-17 21:26:46.086 : IterationNum=209	[MsgId: MMSG-17999]
   USER 209 = user88:pwd88	[MsgId: MMSG-17999]
    2023-06-17 21:26:46.179 : Start page is opened	[MsgId: MMSG-17999]
    2023-06-17 21:26:51.434 : User is logged in with session 136656.071769947HAcQctzpzQVzzzzHtcVHfptiAVf	[MsgId: MMSG-17999]
    2023-06-17 21:26:56.086 : User is logged out of session	[MsgId: MMSG-17999]
  2023-06-17 21:28:52.096 : IterationNum=210	[MsgId: MMSG-17999]
   USER 210 = user88:pwd88	[MsgId: MMSG-17999]
    2023-06-17 21:28:52.189 : Start page is opened	[MsgId: MMSG-17999]
    2023-06-17 21:28:57.497 : User is logged in with session 136656.081976509HAcQctHpcVzzzzzHtcVHfptiDD	[MsgId: MMSG-17999]
    2023-06-17 21:29:02.093 : User is logged out of session	[MsgId: MMSG-17999]
  2023-06-17 21:30:58.109 : IterationNum=211	[MsgId: MMSG-17999]
   USER 211 = user88:pwd88	[MsgId: MMSG-17999]
    2023-06-17 21:30:58.202 : Start page is opened	[MsgId: MMSG-17999]
    2023-06-17 21:31:03.643 : User is logged in with session 136656.09218307HAcQctHpHtVzzzzHtcVHfptiztf	[MsgId: MMSG-17999]
    2023-06-17 21:31:09.014 : User is logged out of session	[MsgId: MMSG-17999]
  2023-06-17 21:33:04.114 : IterationNum=212	[MsgId: MMSG-17999]
   USER 212 = user88:pwd88	[MsgId: MMSG-17999]
    2023-06-17 21:33:04.208 : Start page is opened	[MsgId: MMSG-17999]
    2023-06-17 21:33:08.967 : User is logged in with session 136656.102389631HAcQctipczzzzzzHtcVHfptiQz	[MsgId: MMSG-17999]
    2023-06-17 21:33:13.820 : User is logged out of session	[MsgId: MMSG-17999]
  2023-06-17 21:35:10.120 : IterationNum=213	[MsgId: MMSG-17999]
   USER 213 = user88:pwd88	[MsgId: MMSG-17999]
    2023-06-17 21:35:10.216 : Start page is opened	[MsgId: MMSG-17999]
    2023-06-17 21:35:14.884 : User is logged in with session 136656.112596193HAcQctipHQVzzzzHtcVHfptQcHf	[MsgId: MMSG-17999]
    2023-06-17 21:35:21.241 : User is logged out of session	[MsgId: MMSG-17999]
  2023-06-17 21:37:16.122 : IterationNum=214	[MsgId: MMSG-17999]
   USER 214 = user88:pwd88	[MsgId: MMSG-17999]
    2023-06-17 21:37:16.216 : Start page is opened	[MsgId: MMSG-17999]
    2023-06-17 21:37:20.936 : User is logged in with session 136656.122802754HAcQctQpDVzzzzzHtcVHfptQfQ	[MsgId: MMSG-17999]
    2023-06-17 21:37:26.836 : User is logged out of session	[MsgId: MMSG-17999]
  2023-06-17 21:39:22.137 : IterationNum=215	[MsgId: MMSG-17999]
   USER 215 = user88:pwd88	[MsgId: MMSG-17999]
    2023-06-17 21:39:22.230 : Start page is opened	[MsgId: MMSG-17999]
    2023-06-17 21:39:27.769 : User is logged in with session 136656.133009316HAcQctQpitVzzzzHtcVHfptQQAf	[MsgId: MMSG-17999]
    2023-06-17 21:39:33.191 : User is logged out of session	[MsgId: MMSG-17999]
  2023-06-17 21:41:28.139 : IterationNum=216	[MsgId: MMSG-17999]
   USER 216 = user88:pwd88	[MsgId: MMSG-17999]
    2023-06-17 21:41:28.234 : Start page is opened	[MsgId: MMSG-17999]
    2023-06-17 21:41:33.094 : User is logged in with session 136656.143215877HAcQcfApDzzzzzzHtcVHfpfAcc	[MsgId: MMSG-17999]
    2023-06-17 21:41:38.148 : User is logged out of session	[MsgId: MMSG-17999]
  2023-06-17 21:43:34.151 : IterationNum=217	[MsgId: MMSG-17999]
   USER 217 = user88:pwd88	[MsgId: MMSG-17999]
    2023-06-17 21:43:34.244 : Start page is opened	[MsgId: MMSG-17999]
    2023-06-17 21:43:39.073 : User is logged in with session 136656.153422438HAcQcfApiQVzzzzHtcVHfpfAfDf	[MsgId: MMSG-17999]
    2023-06-17 21:43:44.099 : User is logged out of session	[MsgId: MMSG-17999]
  2023-06-17 21:45:40.156 : IterationNum=218	[MsgId: MMSG-17999]
   USER 218 = user88:pwd88	[MsgId: MMSG-17999]
    2023-06-17 21:45:40.250 : Start page is opened	[MsgId: MMSG-17999]
    2023-06-17 21:45:46.379 : User is logged in with session 136656.163629HAcQcfVptVzzzzzHtcVHfpfAif	[MsgId: MMSG-17999]
    2023-06-17 21:45:51.483 : User is logged out of session	[MsgId: MMSG-17999]
  2023-06-17 21:47:46.167 : IterationNum=219	[MsgId: MMSG-17999]
   USER 219 = user88:pwd88	[MsgId: MMSG-17999]
    2023-06-17 21:47:46.260 : Start page is opened	[MsgId: MMSG-17999]
    2023-06-17 21:47:50.879 : User is logged in with session 136656.173835561HAcQcfVpQtVzzzzHtcVHfpfVVzf	[MsgId: MMSG-17999]
    2023-06-17 21:47:56.630 : User is logged out of session	[MsgId: MMSG-17999]
  2023-06-17 21:49:52.168 : IterationNum=220	[MsgId: MMSG-17999]
   USER 220 = user88:pwd88	[MsgId: MMSG-17999]
    2023-06-17 21:49:52.263 : Start page is opened	[MsgId: MMSG-17999]
    2023-06-17 21:49:57.497 : User is logged in with session 136656.184042122HAcQcfcptzzzzzzHtcVHfpfVti	[MsgId: MMSG-17999]
    2023-06-17 21:50:01.945 : User is logged out of session	[MsgId: MMSG-17999]
  2023-06-17 21:51:58.172 : IterationNum=221	[MsgId: MMSG-17999]
   USER 221 = user88:pwd88	[MsgId: MMSG-17999]
    2023-06-17 21:51:58.267 : Start page is opened	[MsgId: MMSG-17999]
    2023-06-17 21:52:02.869 : User is logged in with session 136656.194248684HAcQcfcpQQVzzzzHtcVHfpfVHQf	[MsgId: MMSG-17999]
    2023-06-17 21:52:07.978 : User is logged out of session	[MsgId: MMSG-17999]
  2023-06-17 21:54:04.186 : IterationNum=222	[MsgId: MMSG-17999]
   USER 222 = user88:pwd88	[MsgId: MMSG-17999]
    2023-06-17 21:54:04.280 : Start page is opened	[MsgId: MMSG-17999]
    2023-06-17 21:54:09.395 : User is logged in with session 136656.204455245HAcQcfDpfVzzzzzHtcVHfpfcVV	[MsgId: MMSG-17999]
    2023-06-17 21:54:13.389 : User is logged out of session	[MsgId: MMSG-17999]
  2023-06-17 21:56:10.202 : IterationNum=223	[MsgId: MMSG-17999]
   USER 223 = user88:pwd88	[MsgId: MMSG-17999]
    2023-06-17 21:56:10.296 : Start page is opened	[MsgId: MMSG-17999]
    2023-06-17 21:56:16.110 : User is logged in with session 136656.214661806HAcQcftpAtVzzzzHtcVHfpfctcf	[MsgId: MMSG-17999]
    2023-06-17 21:56:22.154 : User is logged out of session	[MsgId: MMSG-17999]
  2023-06-17 21:58:16.217 : IterationNum=224	[MsgId: MMSG-17999]
   USER 224 = user88:pwd88	[MsgId: MMSG-17999]
    2023-06-17 21:58:16.311 : Start page is opened	[MsgId: MMSG-17999]
    2023-06-17 21:58:20.734 : User is logged in with session 136656.224868368HAcQcftpfzzzzzzHtcVHfpfcHt	[MsgId: MMSG-17999]
    2023-06-17 21:58:25.473 : User is logged out of session	[MsgId: MMSG-17999]
  2023-06-17 22:00:22.220 : IterationNum=225	[MsgId: MMSG-17999]
   USER 225 = user88:pwd88	[MsgId: MMSG-17999]
    2023-06-17 22:00:22.314 : Start page is opened	[MsgId: MMSG-17999]
    2023-06-17 22:00:27.256 : User is logged in with session 136656.235074929HAcQcffpAQVzzzzHtcVHfpfDAff	[MsgId: MMSG-17999]
    2023-06-17 22:00:31.204 : User is logged out of session	[MsgId: MMSG-17999]
  2023-06-17 22:02:28.226 : IterationNum=226	[MsgId: MMSG-17999]
   USER 226 = user88:pwd88	[MsgId: MMSG-17999]
    2023-06-17 22:02:28.321 : Start page is opened	[MsgId: MMSG-17999]
    2023-06-17 22:02:34.033 : User is logged in with session 136656.24528149HAcQcffpzVzzzzzHtcVHfpfDDH	[MsgId: MMSG-17999]
    2023-06-17 22:02:40.334 : User is logged out of session	[MsgId: MMSG-17999]
  2023-06-17 22:04:34.241 : IterationNum=227	[MsgId: MMSG-17999]
   USER 227 = user88:pwd88	[MsgId: MMSG-17999]
    2023-06-17 22:04:34.335 : Start page is opened	[MsgId: MMSG-17999]
    2023-06-17 22:04:40.365 : User is logged in with session 136656.255488052HAcQcfzpVtVzzzzHtcVHfpfDzif	[MsgId: MMSG-17999]
    2023-06-17 22:04:44.622 : User is logged out of session	[MsgId: MMSG-17999]
  2023-06-17 22:06:40.257 : IterationNum=228	[MsgId: MMSG-17999]
   USER 228 = user88:pwd88	[MsgId: MMSG-17999]
    2023-06-17 22:06:40.351 : Start page is opened	[MsgId: MMSG-17999]
    2023-06-17 22:06:46.096 : User is logged in with session 136656.265694613HAcQcfzpzzzzzzzHtcVHfpft	[MsgId: MMSG-17999]
    2023-06-17 22:06:51.232 : User is logged out of session	[MsgId: MMSG-17999]
  2023-06-17 22:08:46.266 : IterationNum=229	[MsgId: MMSG-17999]
   USER 229 = user88:pwd88	[MsgId: MMSG-17999]
    2023-06-17 22:08:46.360 : Start page is opened	[MsgId: MMSG-17999]
    2023-06-17 22:08:51.674 : User is logged in with session 136656.275901175HAcQcfHpVQVzzzzHtcVHfpftDVf	[MsgId: MMSG-17999]
    2023-06-17 22:08:57.846 : User is logged out of session	[MsgId: MMSG-17999]
  2023-06-17 22:10:52.279 : IterationNum=230	[MsgId: MMSG-17999]
   USER 230 = user88:pwd88	[MsgId: MMSG-17999]
    2023-06-17 22:10:52.375 : Start page is opened	[MsgId: MMSG-17999]
    2023-06-17 22:10:57.419 : User is logged in with session 136656.286107736HAcQcfHpHVzzzzzHtcVHfpftzD	[MsgId: MMSG-17999]
    2023-06-17 22:11:03.562 : User is logged out of session	[MsgId: MMSG-17999]
  2023-06-17 22:12:58.280 : IterationNum=231	[MsgId: MMSG-17999]
   USER 231 = user88:pwd88	[MsgId: MMSG-17999]
    2023-06-17 22:12:58.376 : Start page is opened	[MsgId: MMSG-17999]
    2023-06-17 22:13:03.713 : User is logged in with session 136656.296314297HAcQcfipctVzzzzHtcVHfpftQtf	[MsgId: MMSG-17999]
    2023-06-17 22:13:09.135 : User is logged out of session	[MsgId: MMSG-17999]
  2023-06-17 22:15:04.286 : IterationNum=232	[MsgId: MMSG-17999]
   USER 232 = user88:pwd88	[MsgId: MMSG-17999]
    2023-06-17 22:15:04.381 : Start page is opened	[MsgId: MMSG-17999]
    2023-06-17 22:15:10.272 : User is logged in with session 136656.306520859HAcQcfipHzzzzzzHtcVHfpffcz	[MsgId: MMSG-17999]
    2023-06-17 22:15:15.375 : User is logged out of session	[MsgId: MMSG-17999]
  2023-06-17 22:17:10.293 : IterationNum=233	[MsgId: MMSG-17999]
   USER 233 = user88:pwd88	[MsgId: MMSG-17999]
    2023-06-17 22:17:10.387 : Start page is opened	[MsgId: MMSG-17999]
    2023-06-17 22:17:16.515 : User is logged in with session 136656.31672742HAcQcfQpcQVzzzzHtcVHfpfffHf	[MsgId: MMSG-17999]
    2023-06-17 22:17:22.076 : User is logged out of session	[MsgId: MMSG-17999]
  2023-06-17 22:19:16.298 : IterationNum=234	[MsgId: MMSG-17999]
   USER 234 = user88:pwd88	[MsgId: MMSG-17999]
    2023-06-17 22:19:16.393 : Start page is opened	[MsgId: MMSG-17999]
    2023-06-17 22:19:21.143 : User is logged in with session 136656.326933981HAcQcfQpiVzzzzzHtcVHfpffiQ	[MsgId: MMSG-17999]
    2023-06-17 22:19:25.395 : User is logged out of session	[MsgId: MMSG-17999]
  2023-06-17 22:21:22.308 : IterationNum=235	[MsgId: MMSG-17999]
   USER 235 = user88:pwd88	[MsgId: MMSG-17999]
    2023-06-17 22:21:22.402 : Start page is opened	[MsgId: MMSG-17999]
    2023-06-17 22:21:27.378 : User is logged in with session 136656.337140543HAcQczApDtVzzzzHtcVHfpfzcAf	[MsgId: MMSG-17999]
    2023-06-17 22:21:32.604 : User is logged out of session	[MsgId: MMSG-17999]
