  2023-06-17 14:08:06.253 : IterationNum=1	[MsgId: MMSG-17999]
   USER 1 = user77:pwd77	[MsgId: MMSG-17999]
    2023-06-17 14:08:06.338 : Start page is opened	[MsgId: MMSG-17999]
    2023-06-17 14:08:10.695 : User is logged in with session 136653.939732685HAcQVDHpAcftcVHtpiccVf	[MsgId: MMSG-17999]
    2023-06-17 14:08:15.044 : User is logged out of session	[MsgId: MMSG-17999]
  2023-06-17 14:10:12.256 : IterationNum=2	[MsgId: MMSG-17999]
   USER 2 = user77:pwd77	[MsgId: MMSG-17999]
    2023-06-17 14:10:12.348 : Start page is opened	[MsgId: MMSG-17999]
    2023-06-17 14:10:18.268 : User is logged in with session 136653.949939247HAcQVDHpfftcVHtpicfD	[MsgId: MMSG-17999]
    2023-06-17 14:10:23.326 : User is logged out of session	[MsgId: MMSG-17999]
  2023-06-17 14:12:18.263 : IterationNum=3	[MsgId: MMSG-17999]
   USER 3 = user77:pwd77	[MsgId: MMSG-17999]
    2023-06-17 14:12:18.357 : Start page is opened	[MsgId: MMSG-17999]
    2023-06-17 14:12:22.324 : User is logged in with session 136653.960145808HAcQVDipAHftcVHtpicitf	[MsgId: MMSG-17999]
    2023-06-17 14:12:26.471 : User is logged out of session	[MsgId: MMSG-17999]
  2023-06-17 14:14:24.279 : IterationNum=4	[MsgId: MMSG-17999]
   USER 4 = user77:pwd77	[MsgId: MMSG-17999]
    2023-06-17 14:14:24.372 : Start page is opened	[MsgId: MMSG-17999]
    2023-06-17 14:14:30.188 : User is logged in with session 136653.970352369HAcQVDipztcVHtpiDVz	[MsgId: MMSG-17999]
    2023-06-17 14:14:34.969 : User is logged out of session	[MsgId: MMSG-17999]
  2023-06-17 14:16:30.282 : IterationNum=5	[MsgId: MMSG-17999]
   USER 5 = user77:pwd77	[MsgId: MMSG-17999]
    2023-06-17 14:16:30.375 : Start page is opened	[MsgId: MMSG-17999]
    2023-06-17 14:16:35.504 : User is logged in with session 136653.980558931HAcQVDQpVcftcVHtpiDtHf	[MsgId: MMSG-17999]
    2023-06-17 14:16:39.833 : User is logged out of session	[MsgId: MMSG-17999]
  2023-06-17 14:18:36.292 : IterationNum=6	[MsgId: MMSG-17999]
   USER 6 = user77:pwd77	[MsgId: MMSG-17999]
    2023-06-17 14:18:36.385 : Start page is opened	[MsgId: MMSG-17999]
    2023-06-17 14:18:41.636 : User is logged in with session 136653.990765492HAcQVDQpzftcVHtpiDHQ	[MsgId: MMSG-17999]
    2023-06-17 14:18:47.561 : User is logged out of session	[MsgId: MMSG-17999]
  2023-06-17 14:20:42.300 : IterationNum=7	[MsgId: MMSG-17999]
   USER 7 = user77:pwd77	[MsgId: MMSG-17999]
    2023-06-17 14:20:42.394 : Start page is opened	[MsgId: MMSG-17999]
    2023-06-17 14:20:48.516 : User is logged in with session 136654.000972053HAcQVtApVHftcVHtpitVAf	[MsgId: MMSG-17999]
    2023-06-17 14:20:54.693 : User is logged out of session	[MsgId: MMSG-17999]
  2023-06-17 14:22:48.300 : IterationNum=8	[MsgId: MMSG-17999]
   USER 8 = user77:pwd77	[MsgId: MMSG-17999]
    2023-06-17 14:22:48.394 : Start page is opened	[MsgId: MMSG-17999]
    2023-06-17 14:22:53.972 : User is logged in with session 136654.011178615HAcQVtApHtcVHtpittc	[MsgId: MMSG-17999]
    2023-06-17 14:23:00.185 : User is logged out of session	[MsgId: MMSG-17999]
  2023-06-17 14:24:54.312 : IterationNum=9	[MsgId: MMSG-17999]
   USER 9 = user77:pwd77	[MsgId: MMSG-17999]
    2023-06-17 14:24:54.407 : Start page is opened	[MsgId: MMSG-17999]
    2023-06-17 14:24:59.691 : User is logged in with session 136654.021385176HAcQVtVpccftcVHtpitHDf	[MsgId: MMSG-17999]
    2023-06-17 14:25:05.897 : User is logged out of session	[MsgId: MMSG-17999]
  2023-06-17 14:27:00.316 : IterationNum=10	[MsgId: MMSG-17999]
   USER 10 = user77:pwd77	[MsgId: MMSG-17999]
    2023-06-17 14:27:00.410 : Start page is opened	[MsgId: MMSG-17999]
    2023-06-17 14:27:05.347 : User is logged in with session 136654.031591738HAcQVtVpHftcVHtpifAf	[MsgId: MMSG-17999]
    2023-06-17 14:27:09.296 : User is logged out of session	[MsgId: MMSG-17999]
  2023-06-17 14:29:06.324 : IterationNum=11	[MsgId: MMSG-17999]
   USER 11 = user77:pwd77	[MsgId: MMSG-17999]
    2023-06-17 14:29:06.419 : Start page is opened	[MsgId: MMSG-17999]
    2023-06-17 14:29:10.775 : User is logged in with session 136654.041798299HAcQVtcpcHftcVHtpifDzf	[MsgId: MMSG-17999]
    2023-06-17 14:29:15.363 : User is logged out of session	[MsgId: MMSG-17999]
  2023-06-17 14:31:12.336 : IterationNum=12	[MsgId: MMSG-17999]
   USER 12 = user77:pwd77	[MsgId: MMSG-17999]
    2023-06-17 14:31:12.429 : Start page is opened	[MsgId: MMSG-17999]
    2023-06-17 14:31:18.156 : User is logged in with session 136654.05200486HAcQVtcpitcVHtpifzi	[MsgId: MMSG-17999]
    2023-06-17 14:31:22.733 : User is logged out of session	[MsgId: MMSG-17999]
  2023-06-17 14:33:18.345 : IterationNum=13	[MsgId: MMSG-17999]
   USER 13 = user77:pwd77	[MsgId: MMSG-17999]
    2023-06-17 14:33:18.439 : Start page is opened	[MsgId: MMSG-17999]
    2023-06-17 14:33:23.170 : User is logged in with session 136654.062211422HAcQVtDpDcftcVHtpifQQf	[MsgId: MMSG-17999]
    2023-06-17 14:33:29.127 : User is logged out of session	[MsgId: MMSG-17999]
  2023-06-17 14:35:24.357 : IterationNum=14	[MsgId: MMSG-17999]
   USER 14 = user77:pwd77	[MsgId: MMSG-17999]
    2023-06-17 14:35:24.452 : Start page is opened	[MsgId: MMSG-17999]
    2023-06-17 14:35:30.185 : User is logged in with session 136654.072417983HAcQVtDpiftcVHtpizDV	[MsgId: MMSG-17999]
    2023-06-17 14:35:34.783 : User is logged out of session	[MsgId: MMSG-17999]
  2023-06-17 14:37:30.358 : IterationNum=15	[MsgId: MMSG-17999]
   USER 15 = user77:pwd77	[MsgId: MMSG-17999]
    2023-06-17 14:37:30.451 : Start page is opened	[MsgId: MMSG-17999]
    2023-06-17 14:37:36.578 : User is logged in with session 136654.082624544HAcQVttpDHftcVHtpizzcf	[MsgId: MMSG-17999]
    2023-06-17 14:37:40.673 : User is logged out of session	[MsgId: MMSG-17999]
  2023-06-17 14:39:36.373 : IterationNum=16	[MsgId: MMSG-17999]
   USER 16 = user77:pwd77	[MsgId: MMSG-17999]
    2023-06-17 14:39:36.468 : Start page is opened	[MsgId: MMSG-17999]
    2023-06-17 14:39:42.696 : User is logged in with session 136654.092831106HAcQVttpQtcVHtpizQt	[MsgId: MMSG-17999]
    2023-06-17 14:39:48.630 : User is logged out of session	[MsgId: MMSG-17999]
  2023-06-17 14:41:42.375 : IterationNum=17	[MsgId: MMSG-17999]
   USER 17 = user77:pwd77	[MsgId: MMSG-17999]
    2023-06-17 14:41:42.470 : Start page is opened	[MsgId: MMSG-17999]
    2023-06-17 14:41:48.212 : User is logged in with session 136654.103037667HAcQVtfptcftcVHtpiHcff	[MsgId: MMSG-17999]
    2023-06-17 14:41:53.442 : User is logged out of session	[MsgId: MMSG-17999]
  2023-06-17 14:43:48.375 : IterationNum=18	[MsgId: MMSG-17999]
   USER 18 = user77:pwd77	[MsgId: MMSG-17999]
    2023-06-17 14:43:48.469 : Start page is opened	[MsgId: MMSG-17999]
    2023-06-17 14:43:54.498 : User is logged in with session 136654.113244228HAcQVtfpQftcVHtpiHfH	[MsgId: MMSG-17999]
    2023-06-17 14:43:58.887 : User is logged out of session	[MsgId: MMSG-17999]
  2023-06-17 14:45:54.379 : IterationNum=19	[MsgId: MMSG-17999]
   USER 19 = user77:pwd77	[MsgId: MMSG-17999]
    2023-06-17 14:45:54.473 : Start page is opened	[MsgId: MMSG-17999]
    2023-06-17 14:45:58.433 : User is logged in with session 136654.12345079HAcQVtzptHftcVHtpiHiif	[MsgId: MMSG-17999]
    2023-06-17 14:46:03.538 : User is logged out of session	[MsgId: MMSG-17999]
  2023-06-17 14:48:00.388 : IterationNum=20	[MsgId: MMSG-17999]
   USER 20 = user77:pwd77	[MsgId: MMSG-17999]
    2023-06-17 14:48:00.482 : Start page is opened	[MsgId: MMSG-17999]
    2023-06-17 14:48:06.520 : User is logged in with session 136654.133657351HAcQVtHtcVHtpiic	[MsgId: MMSG-17999]
    2023-06-17 14:48:12.858 : User is logged out of session	[MsgId: MMSG-17999]
  2023-06-17 14:50:06.397 : IterationNum=21	[MsgId: MMSG-17999]
   USER 21 = user77:pwd77	[MsgId: MMSG-17999]
    2023-06-17 14:50:06.491 : Start page is opened	[MsgId: MMSG-17999]
    2023-06-17 14:50:12.387 : User is logged in with session 136654.143863913HAcQVtHpfcftcVHtpiifVf	[MsgId: MMSG-17999]
    2023-06-17 14:50:16.918 : User is logged out of session	[MsgId: MMSG-17999]
  2023-06-17 14:52:12.412 : IterationNum=22	[MsgId: MMSG-17999]
   USER 22 = user77:pwd77	[MsgId: MMSG-17999]
    2023-06-17 14:52:12.507 : Start page is opened	[MsgId: MMSG-17999]
    2023-06-17 14:52:17.389 : User is logged in with session 136654.154070474HAcQVtipAftcVHtpiiiD	[MsgId: MMSG-17999]
    2023-06-17 14:52:23.655 : User is logged out of session	[MsgId: MMSG-17999]
  2023-06-17 14:54:18.414 : IterationNum=23	[MsgId: MMSG-17999]
   USER 23 = user77:pwd77	[MsgId: MMSG-17999]
    2023-06-17 14:54:18.509 : Start page is opened	[MsgId: MMSG-17999]
    2023-06-17 14:54:22.686 : User is logged in with session 136654.164277035HAcQVtipfHftcVHtpiQVtf	[MsgId: MMSG-17999]
    2023-06-17 14:54:27.332 : User is logged out of session	[MsgId: MMSG-17999]
  2023-06-17 14:56:24.421 : IterationNum=24	[MsgId: MMSG-17999]
   USER 24 = user77:pwd77	[MsgId: MMSG-17999]
    2023-06-17 14:56:24.516 : Start page is opened	[MsgId: MMSG-17999]
    2023-06-17 14:56:28.475 : User is logged in with session 136654.174483597HAcQVtQpVtcVHtpiQtz	[MsgId: MMSG-17999]
    2023-06-17 14:56:33.804 : User is logged out of session	[MsgId: MMSG-17999]
  2023-06-17 14:58:30.430 : IterationNum=25	[MsgId: MMSG-17999]
   USER 25 = user77:pwd77	[MsgId: MMSG-17999]
    2023-06-17 14:58:30.524 : Start page is opened	[MsgId: MMSG-17999]
    2023-06-17 14:58:36.264 : User is logged in with session 136654.184690158HAcQVtQpzcftcVHtpiQHHf	[MsgId: MMSG-17999]
    2023-06-17 14:58:41.804 : User is logged out of session	[MsgId: MMSG-17999]
  2023-06-17 15:00:36.445 : IterationNum=26	[MsgId: MMSG-17999]
   USER 26 = user77:pwd77	[MsgId: MMSG-17999]
    2023-06-17 15:00:36.539 : Start page is opened	[MsgId: MMSG-17999]
    2023-06-17 15:00:42.030 : User is logged in with session 136654.194896719HAcQVfApVftcVHtpQAAQ	[MsgId: MMSG-17999]
    2023-06-17 15:00:46.362 : User is logged out of session	[MsgId: MMSG-17999]
  2023-06-17 15:02:42.451 : IterationNum=27	[MsgId: MMSG-17999]
   USER 27 = user77:pwd77	[MsgId: MMSG-17999]
    2023-06-17 15:02:42.544 : Start page is opened	[MsgId: MMSG-17999]
    2023-06-17 15:02:47.796 : User is logged in with session 136654.205103281HAcQVfApzHftcVHtpQAtAf	[MsgId: MMSG-17999]
    2023-06-17 15:02:52.076 : User is logged out of session	[MsgId: MMSG-17999]
  2023-06-17 15:04:48.453 : IterationNum=28	[MsgId: MMSG-17999]
   USER 28 = user77:pwd77	[MsgId: MMSG-17999]
    2023-06-17 15:04:48.547 : Start page is opened	[MsgId: MMSG-17999]
    2023-06-17 15:04:53.177 : User is logged in with session 136654.215309842HAcQVfVpctcVHtpQAHc	[MsgId: MMSG-17999]
    2023-06-17 15:04:57.498 : User is logged out of session	[MsgId: MMSG-17999]
  2023-06-17 15:06:54.466 : IterationNum=29	[MsgId: MMSG-17999]
   USER 29 = user77:pwd77	[MsgId: MMSG-17999]
    2023-06-17 15:06:54.559 : Start page is opened	[MsgId: MMSG-17999]
    2023-06-17 15:06:59.135 : User is logged in with session 136654.225516403HAcQVfVpHcftcVHtpQVADf	[MsgId: MMSG-17999]
    2023-06-17 15:07:03.126 : User is logged out of session	[MsgId: MMSG-17999]
  2023-06-17 15:09:00.469 : IterationNum=30	[MsgId: MMSG-17999]
   USER 30 = user77:pwd77	[MsgId: MMSG-17999]
    2023-06-17 15:09:00.562 : Start page is opened	[MsgId: MMSG-17999]
    2023-06-17 15:09:06.294 : User is logged in with session 136654.235722965HAcQVfcpcftcVHtpQVDf	[MsgId: MMSG-17999]
    2023-06-17 15:09:11.249 : User is logged out of session	[MsgId: MMSG-17999]
  2023-06-17 15:11:06.480 : IterationNum=31	[MsgId: MMSG-17999]
   USER 31 = user77:pwd77	[MsgId: MMSG-17999]
    2023-06-17 15:11:06.574 : Start page is opened	[MsgId: MMSG-17999]
    2023-06-17 15:11:11.833 : User is logged in with session 136654.245929526HAcQVfcpHHftcVHtpQVzzf	[MsgId: MMSG-17999]
    2023-06-17 15:11:16.823 : User is logged out of session	[MsgId: MMSG-17999]
  2023-06-17 15:13:12.482 : IterationNum=32	[MsgId: MMSG-17999]
   USER 32 = user77:pwd77	[MsgId: MMSG-17999]
    2023-06-17 15:13:12.577 : Start page is opened	[MsgId: MMSG-17999]
    2023-06-17 15:13:17.337 : User is logged in with session 136654.256136088HAcQVfDpDtcVHtpQVQi	[MsgId: MMSG-17999]
    2023-06-17 15:13:21.375 : User is logged out of session	[MsgId: MMSG-17999]
  2023-06-17 15:15:18.483 : IterationNum=33	[MsgId: MMSG-17999]
   USER 33 = user77:pwd77	[MsgId: MMSG-17999]
    2023-06-17 15:15:18.577 : Start page is opened	[MsgId: MMSG-17999]
    2023-06-17 15:15:23.949 : User is logged in with session 136654.266342649HAcQVfDpicftcVHtpQccQf	[MsgId: MMSG-17999]
    2023-06-17 15:15:28.404 : User is logged out of session	[MsgId: MMSG-17999]
  2023-06-17 15:17:24.495 : IterationNum=34	[MsgId: MMSG-17999]
   USER 34 = user77:pwd77	[MsgId: MMSG-17999]
    2023-06-17 15:17:24.589 : Start page is opened	[MsgId: MMSG-17999]
    2023-06-17 15:17:29.505 : User is logged in with session 136654.27654921HAcQVftpDftcVHtpQczV	[MsgId: MMSG-17999]
    2023-06-17 15:17:35.439 : User is logged out of session	[MsgId: MMSG-17999]
  2023-06-17 15:19:30.498 : IterationNum=35	[MsgId: MMSG-17999]
   USER 35 = user77:pwd77	[MsgId: MMSG-17999]
    2023-06-17 15:19:30.593 : Start page is opened	[MsgId: MMSG-17999]
    2023-06-17 15:19:35.138 : User is logged in with session 136654.286755772HAcQVftpiHftcVHtpQcQcf	[MsgId: MMSG-17999]
    2023-06-17 15:19:39.037 : User is logged out of session	[MsgId: MMSG-17999]
  2023-06-17 15:21:36.500 : IterationNum=36	[MsgId: MMSG-17999]
   USER 36 = user77:pwd77	[MsgId: MMSG-17999]
    2023-06-17 15:21:36.593 : Start page is opened	[MsgId: MMSG-17999]
    2023-06-17 15:21:41.526 : User is logged in with session 136654.296962333HAcQVffpttcVHtpQDct	[MsgId: MMSG-17999]
    2023-06-17 15:21:45.643 : User is logged out of session	[MsgId: MMSG-17999]
  2023-06-17 15:23:42.503 : IterationNum=37	[MsgId: MMSG-17999]
   USER 37 = user77:pwd77	[MsgId: MMSG-17999]
    2023-06-17 15:23:42.597 : Start page is opened	[MsgId: MMSG-17999]
    2023-06-17 15:23:47.271 : User is logged in with session 136654.307168894HAcQVffpQcftcVHtpQDfff	[MsgId: MMSG-17999]
    2023-06-17 15:23:51.346 : User is logged out of session	[MsgId: MMSG-17999]
  2023-06-17 15:25:48.512 : IterationNum=38	[MsgId: MMSG-17999]
   USER 38 = user77:pwd77	[MsgId: MMSG-17999]
    2023-06-17 15:25:48.607 : Start page is opened	[MsgId: MMSG-17999]
    2023-06-17 15:25:52.779 : User is logged in with session 136654.317375456HAcQVfzptftcVHtpQDiH	[MsgId: MMSG-17999]
    2023-06-17 15:25:57.616 : User is logged out of session	[MsgId: MMSG-17999]
  2023-06-17 15:27:54.512 : IterationNum=39	[MsgId: MMSG-17999]
   USER 39 = user77:pwd77	[MsgId: MMSG-17999]
    2023-06-17 15:27:54.606 : Start page is opened	[MsgId: MMSG-17999]
    2023-06-17 15:28:00.903 : User is logged in with session 136654.327582017HAcQVfzpQHftcVHtpQtVif	[MsgId: MMSG-17999]
    2023-06-17 15:28:04.834 : User is logged out of session	[MsgId: MMSG-17999]
  2023-06-17 15:30:00.519 : IterationNum=40	[MsgId: MMSG-17999]
   USER 40 = user77:pwd77	[MsgId: MMSG-17999]
    2023-06-17 15:30:00.611 : Start page is opened	[MsgId: MMSG-17999]
    2023-06-17 15:30:04.842 : User is logged in with session 136654.337788578HAcQVfHpftcVHtpQtf	[MsgId: MMSG-17999]
    2023-06-17 15:30:10.737 : User is logged out of session	[MsgId: MMSG-17999]
  2023-06-17 15:32:06.527 : IterationNum=41	[MsgId: MMSG-17999]
   USER 41 = user77:pwd77	[MsgId: MMSG-17999]
    2023-06-17 15:32:06.622 : Start page is opened	[MsgId: MMSG-17999]
    2023-06-17 15:32:11.514 : User is logged in with session 136654.34799514HAcQVfipAcftcVHtpQtiVf	[MsgId: MMSG-17999]
    2023-06-17 15:32:15.719 : User is logged out of session	[MsgId: MMSG-17999]
  2023-06-17 15:34:12.539 : IterationNum=42	[MsgId: MMSG-17999]
   USER 42 = user77:pwd77	[MsgId: MMSG-17999]
    2023-06-17 15:34:12.633 : Start page is opened	[MsgId: MMSG-17999]
    2023-06-17 15:34:17.716 : User is logged in with session 136654.358201701HAcQVfipfftcVHtpQfVD	[MsgId: MMSG-17999]
    2023-06-17 15:34:22.127 : User is logged out of session	[MsgId: MMSG-17999]
  2023-06-17 15:36:18.552 : IterationNum=43	[MsgId: MMSG-17999]
   USER 43 = user77:pwd77	[MsgId: MMSG-17999]
    2023-06-17 15:36:18.646 : Start page is opened	[MsgId: MMSG-17999]
    2023-06-17 15:36:24.255 : User is logged in with session 136654.368408262HAcQVfQpAHftcVHtpQfttf	[MsgId: MMSG-17999]
    2023-06-17 15:36:28.159 : User is logged out of session	[MsgId: MMSG-17999]
  2023-06-17 15:38:24.555 : IterationNum=44	[MsgId: MMSG-17999]
   USER 44 = user77:pwd77	[MsgId: MMSG-17999]
    2023-06-17 15:38:24.650 : Start page is opened	[MsgId: MMSG-17999]
    2023-06-17 15:38:29.331 : User is logged in with session 136654.378614824HAcQVfQpztcVHtpQfHz	[MsgId: MMSG-17999]
    2023-06-17 15:38:35.693 : User is logged out of session	[MsgId: MMSG-17999]
  2023-06-17 15:40:30.560 : IterationNum=45	[MsgId: MMSG-17999]
   USER 45 = user77:pwd77	[MsgId: MMSG-17999]
    2023-06-17 15:40:30.654 : Start page is opened	[MsgId: MMSG-17999]
    2023-06-17 15:40:35.453 : User is logged in with session 136654.388821385HAcQVzApVcftcVHtpQzAHf	[MsgId: MMSG-17999]
    2023-06-17 15:40:39.837 : User is logged out of session	[MsgId: MMSG-17999]
  2023-06-17 15:42:36.571 : IterationNum=46	[MsgId: MMSG-17999]
   USER 46 = user77:pwd77	[MsgId: MMSG-17999]
    2023-06-17 15:42:36.664 : Start page is opened	[MsgId: MMSG-17999]
    2023-06-17 15:42:42.329 : User is logged in with session 136654.399027947HAcQVzApzftcVHtpQzDQ	[MsgId: MMSG-17999]
    2023-06-17 15:42:47.540 : User is logged out of session	[MsgId: MMSG-17999]
  2023-06-17 15:44:42.582 : IterationNum=47	[MsgId: MMSG-17999]
   USER 47 = user77:pwd77	[MsgId: MMSG-17999]
    2023-06-17 15:44:42.675 : Start page is opened	[MsgId: MMSG-17999]
    2023-06-17 15:44:48.498 : User is logged in with session 136654.409234508HAcQVzVpVHftcVHtpQzHAf	[MsgId: MMSG-17999]
    2023-06-17 15:44:54.352 : User is logged out of session	[MsgId: MMSG-17999]
  2023-06-17 15:46:48.586 : IterationNum=48	[MsgId: MMSG-17999]
   USER 48 = user77:pwd77	[MsgId: MMSG-17999]
    2023-06-17 15:46:48.680 : Start page is opened	[MsgId: MMSG-17999]
    2023-06-17 15:46:53.372 : User is logged in with session 136654.419441069HAcQVzVpHtcVHtpQHAc	[MsgId: MMSG-17999]
    2023-06-17 15:46:57.988 : User is logged out of session	[MsgId: MMSG-17999]
  2023-06-17 15:48:54.597 : IterationNum=49	[MsgId: MMSG-17999]
   USER 49 = user77:pwd77	[MsgId: MMSG-17999]
    2023-06-17 15:48:54.692 : Start page is opened	[MsgId: MMSG-17999]
    2023-06-17 15:49:00.060 : User is logged in with session 136654.429647631HAcQVzcpccftcVHtpQHDDf	[MsgId: MMSG-17999]
    2023-06-17 15:49:05.282 : User is logged out of session	[MsgId: MMSG-17999]
  2023-06-17 15:51:00.600 : IterationNum=50	[MsgId: MMSG-17999]
   USER 50 = user77:pwd77	[MsgId: MMSG-17999]
    2023-06-17 15:51:00.695 : Start page is opened	[MsgId: MMSG-17999]
    2023-06-17 15:51:04.973 : User is logged in with session 136654.439854192HAcQVzcpHftcVHtpQHzf	[MsgId: MMSG-17999]
    2023-06-17 15:51:11.314 : User is logged out of session	[MsgId: MMSG-17999]
  2023-06-17 15:53:06.603 : IterationNum=51	[MsgId: MMSG-17999]
   USER 51 = user77:pwd77	[MsgId: MMSG-17999]
    2023-06-17 15:53:06.698 : Start page is opened	[MsgId: MMSG-17999]
    2023-06-17 15:53:12.795 : User is logged in with session 136654.450060753HAcQVzDpcHftcVHtpQHQzf	[MsgId: MMSG-17999]
    2023-06-17 15:53:17.723 : User is logged out of session	[MsgId: MMSG-17999]
  2023-06-17 15:55:12.618 : IterationNum=52	[MsgId: MMSG-17999]
   USER 52 = user77:pwd77	[MsgId: MMSG-17999]
    2023-06-17 15:55:12.711 : Start page is opened	[MsgId: MMSG-17999]
    2023-06-17 15:55:16.637 : User is logged in with session 136654.460267315HAcQVzDpitcVHtpQici	[MsgId: MMSG-17999]
    2023-06-17 15:55:21.772 : User is logged out of session	[MsgId: MMSG-17999]
  2023-06-17 15:57:18.621 : IterationNum=53	[MsgId: MMSG-17999]
   USER 53 = user77:pwd77	[MsgId: MMSG-17999]
    2023-06-17 15:57:18.715 : Start page is opened	[MsgId: MMSG-17999]
    2023-06-17 15:57:24.172 : User is logged in with session 136654.470473876HAcQVztpDcftcVHtpQifQf	[MsgId: MMSG-17999]
    2023-06-17 15:57:29.638 : User is logged out of session	[MsgId: MMSG-17999]
  2023-06-17 15:59:24.624 : IterationNum=54	[MsgId: MMSG-17999]
   USER 54 = user77:pwd77	[MsgId: MMSG-17999]
    2023-06-17 15:59:24.718 : Start page is opened	[MsgId: MMSG-17999]
    2023-06-17 15:59:30.782 : User is logged in with session 136654.480680437HAcQVztpiftcVHtpQiQV	[MsgId: MMSG-17999]
    2023-06-17 15:59:35.437 : User is logged out of session	[MsgId: MMSG-17999]
  2023-06-17 16:01:30.626 : IterationNum=55	[MsgId: MMSG-17999]
   USER 55 = user77:pwd77	[MsgId: MMSG-17999]
    2023-06-17 16:01:30.720 : Start page is opened	[MsgId: MMSG-17999]
    2023-06-17 16:01:35.543 : User is logged in with session 136654.490886999HAcQVzfpDHftcVHtpQQccf	[MsgId: MMSG-17999]
    2023-06-17 16:01:40.201 : User is logged out of session	[MsgId: MMSG-17999]
  2023-06-17 16:03:36.630 : IterationNum=56	[MsgId: MMSG-17999]
   USER 56 = user77:pwd77	[MsgId: MMSG-17999]
    2023-06-17 16:03:36.723 : Start page is opened	[MsgId: MMSG-17999]
    2023-06-17 16:03:41.894 : User is logged in with session 136654.50109356HAcQVzfpQtcVHtpQQft	[MsgId: MMSG-17999]
    2023-06-17 16:03:46.273 : User is logged out of session	[MsgId: MMSG-17999]
  2023-06-17 16:05:42.637 : IterationNum=57	[MsgId: MMSG-17999]
   USER 57 = user77:pwd77	[MsgId: MMSG-17999]
    2023-06-17 16:05:42.732 : Start page is opened	[MsgId: MMSG-17999]
    2023-06-17 16:05:49.088 : User is logged in with session 136654.511300121HAcQVzzptcftcVHtpQQiff	[MsgId: MMSG-17999]
    2023-06-17 16:05:53.458 : User is logged out of session	[MsgId: MMSG-17999]
  2023-06-17 16:07:48.640 : IterationNum=58	[MsgId: MMSG-17999]
   USER 58 = user77:pwd77	[MsgId: MMSG-17999]
    2023-06-17 16:07:48.734 : Start page is opened	[MsgId: MMSG-17999]
    2023-06-17 16:07:53.978 : User is logged in with session 136654.521506683HAcQVzzpQftcVHfpAAVH	[MsgId: MMSG-17999]
    2023-06-17 16:07:58.729 : User is logged out of session	[MsgId: MMSG-17999]
  2023-06-17 16:09:54.653 : IterationNum=59	[MsgId: MMSG-17999]
   USER 59 = user77:pwd77	[MsgId: MMSG-17999]
    2023-06-17 16:09:54.749 : Start page is opened	[MsgId: MMSG-17999]
    2023-06-17 16:10:00.109 : User is logged in with session 136654.531713244HAcQVzHptHftcVHfpAAtif	[MsgId: MMSG-17999]
    2023-06-17 16:10:06.314 : User is logged out of session	[MsgId: MMSG-17999]
  2023-06-17 16:12:00.666 : IterationNum=60	[MsgId: MMSG-17999]
   USER 60 = user77:pwd77	[MsgId: MMSG-17999]
    2023-06-17 16:12:00.760 : Start page is opened	[MsgId: MMSG-17999]
    2023-06-17 16:12:04.872 : User is logged in with session 136654.541919806HAcQVzitcVHfpAAi	[MsgId: MMSG-17999]
    2023-06-17 16:12:10.148 : User is logged out of session	[MsgId: MMSG-17999]
  2023-06-17 16:14:06.677 : IterationNum=61	[MsgId: MMSG-17999]
   USER 61 = user77:pwd77	[MsgId: MMSG-17999]
    2023-06-17 16:14:06.771 : Start page is opened	[MsgId: MMSG-17999]
    2023-06-17 16:14:12.219 : User is logged in with session 136654.552126367HAcQVzipfcftcVHfpAVVVf	[MsgId: MMSG-17999]
    2023-06-17 16:14:18.433 : User is logged out of session	[MsgId: MMSG-17999]
  2023-06-17 16:16:12.686 : IterationNum=62	[MsgId: MMSG-17999]
   USER 62 = user77:pwd77	[MsgId: MMSG-17999]
    2023-06-17 16:16:12.780 : Start page is opened	[MsgId: MMSG-17999]
    2023-06-17 16:16:19.010 : User is logged in with session 136654.562332928HAcQVzQpAftcVHfpAVtD	[MsgId: MMSG-17999]
    2023-06-17 16:16:24.520 : User is logged out of session	[MsgId: MMSG-17999]
  2023-06-17 16:18:18.688 : IterationNum=63	[MsgId: MMSG-17999]
   USER 63 = user77:pwd77	[MsgId: MMSG-17999]
    2023-06-17 16:18:18.782 : Start page is opened	[MsgId: MMSG-17999]
    2023-06-17 16:18:24.368 : User is logged in with session 136654.57253949HAcQVzQpfHftcVHfpAVHtf	[MsgId: MMSG-17999]
    2023-06-17 16:18:29.774 : User is logged out of session	[MsgId: MMSG-17999]
  2023-06-17 16:20:24.689 : IterationNum=64	[MsgId: MMSG-17999]
   USER 64 = user77:pwd77	[MsgId: MMSG-17999]
    2023-06-17 16:20:24.784 : Start page is opened	[MsgId: MMSG-17999]
    2023-06-17 16:20:30.240 : User is logged in with session 136654.582746051HAcQVHApVtcVHfpAcAz	[MsgId: MMSG-17999]
    2023-06-17 16:20:34.922 : User is logged out of session	[MsgId: MMSG-17999]
  2023-06-17 16:22:30.702 : IterationNum=65	[MsgId: MMSG-17999]
   USER 65 = user77:pwd77	[MsgId: MMSG-17999]
    2023-06-17 16:22:30.795 : Start page is opened	[MsgId: MMSG-17999]
    2023-06-17 16:22:36.705 : User is logged in with session 136654.592952612HAcQVHApzcftcVHfpAcDHf	[MsgId: MMSG-17999]
    2023-06-17 16:22:42.264 : User is logged out of session	[MsgId: MMSG-17999]
  2023-06-17 16:24:36.701 : IterationNum=66	[MsgId: MMSG-17999]
   USER 66 = user77:pwd77	[MsgId: MMSG-17999]
    2023-06-17 16:24:36.795 : Start page is opened	[MsgId: MMSG-17999]
    2023-06-17 16:24:41.845 : User is logged in with session 136654.603159174HAcQVHVpVftcVHfpAczQ	[MsgId: MMSG-17999]
    2023-06-17 16:24:47.975 : User is logged out of session	[MsgId: MMSG-17999]
  2023-06-17 16:26:42.708 : IterationNum=67	[MsgId: MMSG-17999]
   USER 67 = user77:pwd77	[MsgId: MMSG-17999]
    2023-06-17 16:26:42.803 : Start page is opened	[MsgId: MMSG-17999]
    2023-06-17 16:26:47.675 : User is logged in with session 136654.613365735HAcQVHVpzHftcVHfpADAAf	[MsgId: MMSG-17999]
    2023-06-17 16:26:53.589 : User is logged out of session	[MsgId: MMSG-17999]
  2023-06-17 16:28:48.719 : IterationNum=68	[MsgId: MMSG-17999]
   USER 68 = user77:pwd77	[MsgId: MMSG-17999]
    2023-06-17 16:28:48.813 : Start page is opened	[MsgId: MMSG-17999]
    2023-06-17 16:28:53.512 : User is logged in with session 136654.623572296HAcQVHcpctcVHfpADDc	[MsgId: MMSG-17999]
    2023-06-17 16:28:58.904 : User is logged out of session	[MsgId: MMSG-17999]
  2023-06-17 16:30:54.721 : IterationNum=69	[MsgId: MMSG-17999]
   USER 69 = user77:pwd77	[MsgId: MMSG-17999]
    2023-06-17 16:30:54.814 : Start page is opened	[MsgId: MMSG-17999]
    2023-06-17 16:31:00.133 : User is logged in with session 136654.633778858HAcQVHcpHcftcVHfpADzDf	[MsgId: MMSG-17999]
    2023-06-17 16:31:04.889 : User is logged out of session	[MsgId: MMSG-17999]
  2023-06-17 16:33:00.735 : IterationNum=70	[MsgId: MMSG-17999]
   USER 70 = user77:pwd77	[MsgId: MMSG-17999]
    2023-06-17 16:33:00.829 : Start page is opened	[MsgId: MMSG-17999]
    2023-06-17 16:33:05.590 : User is logged in with session 136654.643985419HAcQVHDpcftcVHfpADQf	[MsgId: MMSG-17999]
    2023-06-17 16:33:10.014 : User is logged out of session	[MsgId: MMSG-17999]
  2023-06-17 16:35:06.740 : IterationNum=71	[MsgId: MMSG-17999]
   USER 71 = user77:pwd77	[MsgId: MMSG-17999]
    2023-06-17 16:35:06.833 : Start page is opened	[MsgId: MMSG-17999]
    2023-06-17 16:35:12.031 : User is logged in with session 136654.654191981HAcQVHDpHHftcVHfpAtczf	[MsgId: MMSG-17999]
    2023-06-17 16:35:17.227 : User is logged out of session	[MsgId: MMSG-17999]
  2023-06-17 16:37:12.754 : IterationNum=72	[MsgId: MMSG-17999]
   USER 72 = user77:pwd77	[MsgId: MMSG-17999]
    2023-06-17 16:37:12.849 : Start page is opened	[MsgId: MMSG-17999]
    2023-06-17 16:37:17.189 : User is logged in with session 136654.664398542HAcQVHtpDtcVHfpAtfi	[MsgId: MMSG-17999]
    2023-06-17 16:37:23.040 : User is logged out of session	[MsgId: MMSG-17999]
  2023-06-17 16:39:18.758 : IterationNum=73	[MsgId: MMSG-17999]
   USER 73 = user77:pwd77	[MsgId: MMSG-17999]
    2023-06-17 16:39:18.853 : Start page is opened	[MsgId: MMSG-17999]
    2023-06-17 16:39:24.621 : User is logged in with session 136654.674605103HAcQVHtpicftcVHfpAtiQf	[MsgId: MMSG-17999]
    2023-06-17 16:39:30.938 : User is logged out of session	[MsgId: MMSG-17999]
  2023-06-17 16:41:24.762 : IterationNum=74	[MsgId: MMSG-17999]
   USER 74 = user77:pwd77	[MsgId: MMSG-17999]
    2023-06-17 16:41:24.857 : Start page is opened	[MsgId: MMSG-17999]
    2023-06-17 16:41:29.783 : User is logged in with session 136654.684811665HAcQVHfpDftcVHfpAfcV	[MsgId: MMSG-17999]
    2023-06-17 16:41:34.717 : User is logged out of session	[MsgId: MMSG-17999]
  2023-06-17 16:43:30.762 : IterationNum=75	[MsgId: MMSG-17999]
   USER 75 = user77:pwd77	[MsgId: MMSG-17999]
    2023-06-17 16:43:30.857 : Start page is opened	[MsgId: MMSG-17999]
    2023-06-17 16:43:36.686 : User is logged in with session 136654.695018226HAcQVHfpiHftcVHfpAffcf	[MsgId: MMSG-17999]
    2023-06-17 16:43:40.811 : User is logged out of session	[MsgId: MMSG-17999]
  2023-06-17 16:45:36.772 : IterationNum=76	[MsgId: MMSG-17999]
   USER 76 = user77:pwd77	[MsgId: MMSG-17999]
    2023-06-17 16:45:36.867 : Start page is opened	[MsgId: MMSG-17999]
    2023-06-17 16:45:42.726 : User is logged in with session 136654.705224787HAcQVHzpttcVHfpAfit	[MsgId: MMSG-17999]
    2023-06-17 16:45:47.969 : User is logged out of session	[MsgId: MMSG-17999]
  2023-06-17 16:47:42.781 : IterationNum=77	[MsgId: MMSG-17999]
   USER 77 = user77:pwd77	[MsgId: MMSG-17999]
    2023-06-17 16:47:42.875 : Start page is opened	[MsgId: MMSG-17999]
    2023-06-17 16:47:47.887 : User is logged in with session 136654.715431349HAcQVHzpQcftcVHfpAzVff	[MsgId: MMSG-17999]
    2023-06-17 16:47:53.995 : User is logged out of session	[MsgId: MMSG-17999]
  2023-06-17 16:49:48.794 : IterationNum=78	[MsgId: MMSG-17999]
   USER 78 = user77:pwd77	[MsgId: MMSG-17999]
    2023-06-17 16:49:48.888 : Start page is opened	[MsgId: MMSG-17999]
    2023-06-17 16:49:53.372 : User is logged in with session 136654.72563791HAcQVHHptftcVHfpAztH	[MsgId: MMSG-17999]
    2023-06-17 16:49:58.990 : User is logged out of session	[MsgId: MMSG-17999]
  2023-06-17 16:51:54.807 : IterationNum=79	[MsgId: MMSG-17999]
   USER 79 = user77:pwd77	[MsgId: MMSG-17999]
    2023-06-17 16:51:54.901 : Start page is opened	[MsgId: MMSG-17999]
    2023-06-17 16:52:00.760 : User is logged in with session 136654.735844471HAcQVHHpQHftcVHfpAzHif	[MsgId: MMSG-17999]
    2023-06-17 16:52:05.452 : User is logged out of session	[MsgId: MMSG-17999]
  2023-06-17 16:54:00.814 : IterationNum=80	[MsgId: MMSG-17999]
   USER 80 = user77:pwd77	[MsgId: MMSG-17999]
    2023-06-17 16:54:00.908 : Start page is opened	[MsgId: MMSG-17999]
    2023-06-17 16:54:05.905 : User is logged in with session 136654.746051033HAcQVHipftcVHfpAHV	[MsgId: MMSG-17999]
    2023-06-17 16:54:11.554 : User is logged out of session	[MsgId: MMSG-17999]
  2023-06-17 16:56:06.826 : IterationNum=81	[MsgId: MMSG-17999]
   USER 81 = user77:pwd77	[MsgId: MMSG-17999]
    2023-06-17 16:56:06.920 : Start page is opened	[MsgId: MMSG-17999]
    2023-06-17 16:56:13.302 : User is logged in with session 136654.756257594HAcQVHQpAcftcVHfpAHtVf	[MsgId: MMSG-17999]
    2023-06-17 16:56:19.584 : User is logged out of session	[MsgId: MMSG-17999]
  2023-06-17 16:58:12.836 : IterationNum=82	[MsgId: MMSG-17999]
   USER 82 = user77:pwd77	[MsgId: MMSG-17999]
    2023-06-17 16:58:12.931 : Start page is opened	[MsgId: MMSG-17999]
    2023-06-17 16:58:18.047 : User is logged in with session 136654.766464156HAcQVHQpfftcVHfpAHHD	[MsgId: MMSG-17999]
    2023-06-17 16:58:22.960 : User is logged out of session	[MsgId: MMSG-17999]
  2023-06-17 17:00:18.839 : IterationNum=83	[MsgId: MMSG-17999]
   USER 83 = user77:pwd77	[MsgId: MMSG-17999]
    2023-06-17 17:00:18.932 : Start page is opened	[MsgId: MMSG-17999]
    2023-06-17 17:00:23.664 : User is logged in with session 136654.776670717HAcQViApAHftcVHfpAiAtf	[MsgId: MMSG-17999]
    2023-06-17 17:00:27.724 : User is logged out of session	[MsgId: MMSG-17999]
  2023-06-17 17:02:24.840 : IterationNum=84	[MsgId: MMSG-17999]
   USER 84 = user77:pwd77	[MsgId: MMSG-17999]
    2023-06-17 17:02:24.935 : Start page is opened	[MsgId: MMSG-17999]
    2023-06-17 17:02:29.693 : User is logged in with session 136654.786877278HAcQViApztcVHfpAiDz	[MsgId: MMSG-17999]
    2023-06-17 17:02:33.910 : User is logged out of session	[MsgId: MMSG-17999]
  2023-06-17 17:04:30.848 : IterationNum=85	[MsgId: MMSG-17999]
   USER 85 = user77:pwd77	[MsgId: MMSG-17999]
    2023-06-17 17:04:30.941 : Start page is opened	[MsgId: MMSG-17999]
    2023-06-17 17:04:37.093 : User is logged in with session 136654.79708384HAcQViVpVcftcVHfpAizHf	[MsgId: MMSG-17999]
    2023-06-17 17:04:42.043 : User is logged out of session	[MsgId: MMSG-17999]
  2023-06-17 17:06:36.856 : IterationNum=86	[MsgId: MMSG-17999]
   USER 86 = user77:pwd77	[MsgId: MMSG-17999]
    2023-06-17 17:06:36.950 : Start page is opened	[MsgId: MMSG-17999]
    2023-06-17 17:06:43.320 : User is logged in with session 136654.807290401HAcQViVpzftcVHfpAiQQ	[MsgId: MMSG-17999]
    2023-06-17 17:06:48.424 : User is logged out of session	[MsgId: MMSG-17999]
  2023-06-17 17:08:42.867 : IterationNum=87	[MsgId: MMSG-17999]
   USER 87 = user77:pwd77	[MsgId: MMSG-17999]
    2023-06-17 17:08:42.962 : Start page is opened	[MsgId: MMSG-17999]
    2023-06-17 17:08:47.857 : User is logged in with session 136654.817496962HAcQVicpVHftcVHfpAQDAf	[MsgId: MMSG-17999]
    2023-06-17 17:08:52.890 : User is logged out of session	[MsgId: MMSG-17999]
  2023-06-17 17:10:48.872 : IterationNum=88	[MsgId: MMSG-17999]
   USER 88 = user77:pwd77	[MsgId: MMSG-17999]
    2023-06-17 17:10:48.965 : Start page is opened	[MsgId: MMSG-17999]
    2023-06-17 17:10:55.154 : User is logged in with session 136654.827703524HAcQVicpHtcVHfpAQzc	[MsgId: MMSG-17999]
    2023-06-17 17:11:00.407 : User is logged out of session	[MsgId: MMSG-17999]
  2023-06-17 17:12:54.881 : IterationNum=89	[MsgId: MMSG-17999]
   USER 89 = user77:pwd77	[MsgId: MMSG-17999]
    2023-06-17 17:12:54.975 : Start page is opened	[MsgId: MMSG-17999]
    2023-06-17 17:12:58.913 : User is logged in with session 136654.837910085HAcQViDpccftcVHfpAQQDf	[MsgId: MMSG-17999]
    2023-06-17 17:13:04.171 : User is logged out of session	[MsgId: MMSG-17999]
  2023-06-17 17:15:00.886 : IterationNum=90	[MsgId: MMSG-17999]
   USER 90 = user77:pwd77	[MsgId: MMSG-17999]
    2023-06-17 17:15:00.980 : Start page is opened	[MsgId: MMSG-17999]
    2023-06-17 17:15:07.251 : User is logged in with session 136654.848116646HAcQViDpHftcVHfpVAcf	[MsgId: MMSG-17999]
    2023-06-17 17:15:11.272 : User is logged out of session	[MsgId: MMSG-17999]
  2023-06-17 17:17:06.891 : IterationNum=91	[MsgId: MMSG-17999]
   USER 91 = user77:pwd77	[MsgId: MMSG-17999]
    2023-06-17 17:17:06.983 : Start page is opened	[MsgId: MMSG-17999]
    2023-06-17 17:17:13.158 : User is logged in with session 136654.858323208HAcQVitpcHftcVHfpVAfzf	[MsgId: MMSG-17999]
    2023-06-17 17:17:17.148 : User is logged out of session	[MsgId: MMSG-17999]
  2023-06-17 17:19:12.906 : IterationNum=92	[MsgId: MMSG-17999]
   USER 92 = user77:pwd77	[MsgId: MMSG-17999]
    2023-06-17 17:19:12.999 : Start page is opened	[MsgId: MMSG-17999]
    2023-06-17 17:19:19.324 : User is logged in with session 136654.868529769HAcQVitpitcVHfpVAii	[MsgId: MMSG-17999]
    2023-06-17 17:19:24.963 : User is logged out of session	[MsgId: MMSG-17999]
  2023-06-17 17:21:18.920 : IterationNum=93	[MsgId: MMSG-17999]
   USER 93 = user77:pwd77	[MsgId: MMSG-17999]
    2023-06-17 17:21:19.013 : Start page is opened	[MsgId: MMSG-17999]
    2023-06-17 17:21:22.949 : User is logged in with session 136654.87873633HAcQVifpDcftcVHfpVVVQf	[MsgId: MMSG-17999]
    2023-06-17 17:21:28.160 : User is logged out of session	[MsgId: MMSG-17999]
  2023-06-17 17:23:24.934 : IterationNum=94	[MsgId: MMSG-17999]
   USER 94 = user77:pwd77	[MsgId: MMSG-17999]
    2023-06-17 17:23:25.028 : Start page is opened	[MsgId: MMSG-17999]
    2023-06-17 17:23:29.062 : User is logged in with session 136654.888942892HAcQVifpiftcVHfpVVfV	[MsgId: MMSG-17999]
    2023-06-17 17:23:33.973 : User is logged out of session	[MsgId: MMSG-17999]
  2023-06-17 17:25:30.947 : IterationNum=95	[MsgId: MMSG-17999]
   USER 95 = user77:pwd77	[MsgId: MMSG-17999]
    2023-06-17 17:25:31.042 : Start page is opened	[MsgId: MMSG-17999]
    2023-06-17 17:25:35.500 : User is logged in with session 136654.899149453HAcQVizpDHftcVHfpVVicf	[MsgId: MMSG-17999]
    2023-06-17 17:25:40.436 : User is logged out of session	[MsgId: MMSG-17999]
  2023-06-17 17:27:36.951 : IterationNum=96	[MsgId: MMSG-17999]
   USER 96 = user77:pwd77	[MsgId: MMSG-17999]
    2023-06-17 17:27:37.045 : Start page is opened	[MsgId: MMSG-17999]
    2023-06-17 17:27:41.205 : User is logged in with session 136654.909356015HAcQVizpQtcVHfpVcVt	[MsgId: MMSG-17999]
    2023-06-17 17:27:45.617 : User is logged out of session	[MsgId: MMSG-17999]
  2023-06-17 17:29:42.961 : IterationNum=97	[MsgId: MMSG-17999]
   USER 97 = user77:pwd77	[MsgId: MMSG-17999]
    2023-06-17 17:29:43.056 : Start page is opened	[MsgId: MMSG-17999]
    2023-06-17 17:29:47.612 : User is logged in with session 136654.919562576HAcQViHptcftcVHfpVctff	[MsgId: MMSG-17999]
    2023-06-17 17:29:52.340 : User is logged out of session	[MsgId: MMSG-17999]
  2023-06-17 17:31:48.967 : IterationNum=98	[MsgId: MMSG-17999]
   USER 98 = user77:pwd77	[MsgId: MMSG-17999]
    2023-06-17 17:31:49.061 : Start page is opened	[MsgId: MMSG-17999]
    2023-06-17 17:31:53.977 : User is logged in with session 136654.929769137HAcQViHpQftcVHfpVcHH	[MsgId: MMSG-17999]
    2023-06-17 17:31:58.454 : User is logged out of session	[MsgId: MMSG-17999]
  2023-06-17 17:33:54.968 : IterationNum=99	[MsgId: MMSG-17999]
   USER 99 = user77:pwd77	[MsgId: MMSG-17999]
    2023-06-17 17:33:55.061 : Start page is opened	[MsgId: MMSG-17999]
    2023-06-17 17:34:01.008 : User is logged in with session 136654.939975699HAcQViiptHftcVHfpVDAif	[MsgId: MMSG-17999]
    2023-06-17 17:34:06.321 : User is logged out of session	[MsgId: MMSG-17999]
  2023-06-17 17:36:00.975 : IterationNum=100	[MsgId: MMSG-17999]
   USER 100 = user77:pwd77	[MsgId: MMSG-17999]
    2023-06-17 17:36:01.068 : Start page is opened	[MsgId: MMSG-17999]
    2023-06-17 17:36:06.307 : User is logged in with session 136654.950263264HAcQViQpAAtVzzzHtcVHfpVDtAcf	[MsgId: MMSG-17999]
    2023-06-17 17:36:12.382 : User is logged out of session	[MsgId: MMSG-17999]
  2023-06-17 17:38:06.981 : IterationNum=101	[MsgId: MMSG-17999]
   USER 101 = user77:pwd77	[MsgId: MMSG-17999]
    2023-06-17 17:38:07.076 : Start page is opened	[MsgId: MMSG-17999]
    2023-06-17 17:38:11.830 : User is logged in with session 136654.960469826HAcQViQpfcQVzzzHtcVHfpVDHVHf	[MsgId: MMSG-17999]
    2023-06-17 17:38:16.064 : User is logged out of session	[MsgId: MMSG-17999]
  2023-06-17 17:40:12.988 : IterationNum=102	[MsgId: MMSG-17999]
   USER 102 = user77:pwd77	[MsgId: MMSG-17999]
    2023-06-17 17:40:13.082 : Start page is opened	[MsgId: MMSG-17999]
    2023-06-17 17:40:18.474 : User is logged in with session 136654.970676387HAcQVQApAftVzzzHtcVHfpVtADcf	[MsgId: MMSG-17999]
    2023-06-17 17:40:22.519 : User is logged out of session	[MsgId: MMSG-17999]
  2023-06-17 17:42:19.000 : IterationNum=103	[MsgId: MMSG-17999]
   USER 103 = user77:pwd77	[MsgId: MMSG-17999]
    2023-06-17 17:42:19.093 : Start page is opened	[MsgId: MMSG-17999]
    2023-06-17 17:42:24.411 : User is logged in with session 136654.980882949HAcQVQApfHQVzzzHtcVHfpVtDtHf	[MsgId: MMSG-17999]
    2023-06-17 17:42:29.393 : User is logged out of session	[MsgId: MMSG-17999]
  2023-06-17 17:44:25.003 : IterationNum=104	[MsgId: MMSG-17999]
   USER 104 = user77:pwd77	[MsgId: MMSG-17999]
    2023-06-17 17:44:25.097 : Start page is opened	[MsgId: MMSG-17999]
    2023-06-17 17:44:31.208 : User is logged in with session 136654.99108951HAcQVQVpVAtVzzzHtcVHfpVtzzcf	[MsgId: MMSG-17999]
    2023-06-17 17:44:37.091 : User is logged out of session	[MsgId: MMSG-17999]
  2023-06-17 17:46:31.003 : IterationNum=105	[MsgId: MMSG-17999]
   USER 105 = user77:pwd77	[MsgId: MMSG-17999]
    2023-06-17 17:46:31.098 : Start page is opened	[MsgId: MMSG-17999]
    2023-06-17 17:46:36.674 : User is logged in with session 136655.001296071HAcQVQVpzcQVzzzHtcVHfpVtQHHf	[MsgId: MMSG-17999]
    2023-06-17 17:46:41.466 : User is logged out of session	[MsgId: MMSG-17999]
  2023-06-17 17:48:37.012 : IterationNum=106	[MsgId: MMSG-17999]
   USER 106 = user77:pwd77	[MsgId: MMSG-17999]
    2023-06-17 17:48:37.107 : Start page is opened	[MsgId: MMSG-17999]
    2023-06-17 17:48:41.471 : User is logged in with session 136655.011502633HAcQVQcpVftVzzzHtcVHfpVfcQcf	[MsgId: MMSG-17999]
    2023-06-17 17:48:47.224 : User is logged out of session	[MsgId: MMSG-17999]
  2023-06-17 17:50:43.012 : IterationNum=107	[MsgId: MMSG-17999]
   USER 107 = user77:pwd77	[MsgId: MMSG-17999]
    2023-06-17 17:50:43.105 : Start page is opened	[MsgId: MMSG-17999]
    2023-06-17 17:50:47.539 : User is logged in with session 136655.021709194HAcQVQcpzHQVzzzHtcVHfpVfzAHf	[MsgId: MMSG-17999]
    2023-06-17 17:50:52.732 : User is logged out of session	[MsgId: MMSG-17999]
  2023-06-17 17:52:49.018 : IterationNum=108	[MsgId: MMSG-17999]
   USER 108 = user77:pwd77	[MsgId: MMSG-17999]
    2023-06-17 17:52:49.112 : Start page is opened	[MsgId: MMSG-17999]
    2023-06-17 17:52:53.479 : User is logged in with session 136655.031915755HAcQVQDpcAtVzzzHtcVHfpVfQccf	[MsgId: MMSG-17999]
    2023-06-17 17:52:57.985 : User is logged out of session	[MsgId: MMSG-17999]
  2023-06-17 17:54:55.024 : IterationNum=109	[MsgId: MMSG-17999]
   USER 109 = user77:pwd77	[MsgId: MMSG-17999]
    2023-06-17 17:54:55.119 : Start page is opened	[MsgId: MMSG-17999]
    2023-06-17 17:55:00.310 : User is logged in with session 136655.042122317HAcQVQDpHcQVzzzHtcVHfpVzcDHf	[MsgId: MMSG-17999]
    2023-06-17 17:55:04.378 : User is logged out of session	[MsgId: MMSG-17999]
  2023-06-17 17:57:01.039 : IterationNum=110	[MsgId: MMSG-17999]
   USER 110 = user77:pwd77	[MsgId: MMSG-17999]
    2023-06-17 17:57:01.132 : Start page is opened	[MsgId: MMSG-17999]
    2023-06-17 17:57:05.196 : User is logged in with session 136655.052328878HAcQVQtpcftVzzzHtcVHfpVzffcf	[MsgId: MMSG-17999]
    2023-06-17 17:57:10.837 : User is logged out of session	[MsgId: MMSG-17999]
  2023-06-17 17:59:07.043 : IterationNum=111	[MsgId: MMSG-17999]
   USER 111 = user77:pwd77	[MsgId: MMSG-17999]
    2023-06-17 17:59:07.136 : Start page is opened	[MsgId: MMSG-17999]
    2023-06-17 17:59:11.019 : User is logged in with session 136655.062535439HAcQVQtpHHQVzzzHtcVHfpVzizHf	[MsgId: MMSG-17999]
    2023-06-17 17:59:17.117 : User is logged out of session	[MsgId: MMSG-17999]
  2023-06-17 18:01:13.043 : IterationNum=112	[MsgId: MMSG-17999]
   USER 112 = user77:pwd77	[MsgId: MMSG-17999]
    2023-06-17 18:01:13.137 : Start page is opened	[MsgId: MMSG-17999]
    2023-06-17 18:01:17.251 : User is logged in with session 136655.072742001HAcQVQfpDAtVzzzHtcVHfpVHVicf	[MsgId: MMSG-17999]
    2023-06-17 18:01:21.771 : User is logged out of session	[MsgId: MMSG-17999]
  2023-06-17 18:03:19.054 : IterationNum=113	[MsgId: MMSG-17999]
   USER 113 = user77:pwd77	[MsgId: MMSG-17999]
    2023-06-17 18:03:19.147 : Start page is opened	[MsgId: MMSG-17999]
    2023-06-17 18:03:23.185 : User is logged in with session 136655.082948562HAcQVQfpicQVzzzHtcVHfpVHtQHf	[MsgId: MMSG-17999]
    2023-06-17 18:03:29.429 : User is logged out of session	[MsgId: MMSG-17999]
  2023-06-17 18:05:25.068 : IterationNum=114	[MsgId: MMSG-17999]
   USER 114 = user77:pwd77	[MsgId: MMSG-17999]
    2023-06-17 18:05:25.163 : Start page is opened	[MsgId: MMSG-17999]
    2023-06-17 18:05:29.087 : User is logged in with session 136655.093155124HAcQVQzpDftVzzzHtcVHfpVHiVcf	[MsgId: MMSG-17999]
    2023-06-17 18:05:34.285 : User is logged out of session	[MsgId: MMSG-17999]
  2023-06-17 18:07:31.079 : IterationNum=115	[MsgId: MMSG-17999]
   USER 115 = user77:pwd77	[MsgId: MMSG-17999]
    2023-06-17 18:07:31.174 : Start page is opened	[MsgId: MMSG-17999]
    2023-06-17 18:07:36.967 : User is logged in with session 136655.103361685HAcQVQzpiHQVzzzHtcVHfpViVcHf	[MsgId: MMSG-17999]
    2023-06-17 18:07:41.514 : User is logged out of session	[MsgId: MMSG-17999]
  2023-06-17 18:09:37.081 : IterationNum=116	[MsgId: MMSG-17999]
   USER 116 = user77:pwd77	[MsgId: MMSG-17999]
    2023-06-17 18:09:37.176 : Start page is opened	[MsgId: MMSG-17999]
    2023-06-17 18:09:42.454 : User is logged in with session 136655.113568246HAcQVQHptAtVzzzHtcVHfpVittcf	[MsgId: MMSG-17999]
    2023-06-17 18:09:48.201 : User is logged out of session	[MsgId: MMSG-17999]
  2023-06-17 18:11:43.084 : IterationNum=117	[MsgId: MMSG-17999]
   USER 117 = user77:pwd77	[MsgId: MMSG-17999]
    2023-06-17 18:11:43.178 : Start page is opened	[MsgId: MMSG-17999]
    2023-06-17 18:11:48.009 : User is logged in with session 136655.123774808HAcQVQHpQcQVzzzHtcVHfpViHfHf	[MsgId: MMSG-17999]
    2023-06-17 18:11:53.233 : User is logged out of session	[MsgId: MMSG-17999]
  2023-06-17 18:13:49.094 : IterationNum=118	[MsgId: MMSG-17999]
   USER 118 = user77:pwd77	[MsgId: MMSG-17999]
    2023-06-17 18:13:49.187 : Start page is opened	[MsgId: MMSG-17999]
    2023-06-17 18:13:53.277 : User is logged in with session 136655.133981369HAcQVQiptftVzzzHtcVHfpVQAHcf	[MsgId: MMSG-17999]
    2023-06-17 18:13:57.526 : User is logged out of session	[MsgId: MMSG-17999]
  2023-06-17 18:15:55.102 : IterationNum=119	[MsgId: MMSG-17999]
   USER 119 = user77:pwd77	[MsgId: MMSG-17999]
    2023-06-17 18:15:55.196 : Start page is opened	[MsgId: MMSG-17999]
    2023-06-17 18:16:00.126 : User is logged in with session 136655.14418793HAcQVQipQHQVzzzHtcVHfpVQDiHf	[MsgId: MMSG-17999]
    2023-06-17 18:16:04.793 : User is logged out of session	[MsgId: MMSG-17999]
  2023-06-17 18:18:01.107 : IterationNum=120	[MsgId: MMSG-17999]
   USER 120 = user77:pwd77	[MsgId: MMSG-17999]
    2023-06-17 18:18:01.200 : Start page is opened	[MsgId: MMSG-17999]
    2023-06-17 18:18:07.172 : User is logged in with session 136655.154394492HAcQVQQpfAtVzzzHtcVHfpVQHAcf	[MsgId: MMSG-17999]
    2023-06-17 18:18:12.420 : User is logged out of session	[MsgId: MMSG-17999]
  2023-06-17 18:20:07.117 : IterationNum=121	[MsgId: MMSG-17999]
   USER 121 = user77:pwd77	[MsgId: MMSG-17999]
    2023-06-17 18:20:07.212 : Start page is opened	[MsgId: MMSG-17999]
    2023-06-17 18:20:12.274 : User is logged in with session 136655.164601053HAcQcAApAcQVzzzHtcVHfpcAAVHf	[MsgId: MMSG-17999]
    2023-06-17 18:20:17.031 : User is logged out of session	[MsgId: MMSG-17999]
  2023-06-17 18:22:13.132 : IterationNum=122	[MsgId: MMSG-17999]
   USER 122 = user77:pwd77	[MsgId: MMSG-17999]
    2023-06-17 18:22:13.227 : Start page is opened	[MsgId: MMSG-17999]
    2023-06-17 18:22:19.220 : User is logged in with session 136655.174807614HAcQcAApfftVzzzHtcVHfpcADDcf	[MsgId: MMSG-17999]
    2023-06-17 18:22:25.237 : User is logged out of session	[MsgId: MMSG-17999]
  2023-06-17 18:24:19.135 : IterationNum=123	[MsgId: MMSG-17999]
   USER 123 = user77:pwd77	[MsgId: MMSG-17999]
    2023-06-17 18:24:19.231 : Start page is opened	[MsgId: MMSG-17999]
    2023-06-17 18:24:23.884 : User is logged in with session 136655.185014176HAcQcAVpAHQVzzzHtcVHfpcAztHf	[MsgId: MMSG-17999]
    2023-06-17 18:24:29.768 : User is logged out of session	[MsgId: MMSG-17999]
  2023-06-17 18:26:25.142 : IterationNum=124	[MsgId: MMSG-17999]
   USER 124 = user77:pwd77	[MsgId: MMSG-17999]
    2023-06-17 18:26:25.237 : Start page is opened	[MsgId: MMSG-17999]
    2023-06-17 18:26:29.779 : User is logged in with session 136655.195220737HAcQcAVpzAtVzzzHtcVHfpcAQzcf	[MsgId: MMSG-17999]
    2023-06-17 18:26:35.807 : User is logged out of session	[MsgId: MMSG-17999]
  2023-06-17 18:28:31.150 : IterationNum=125	[MsgId: MMSG-17999]
   USER 125 = user77:pwd77	[MsgId: MMSG-17999]
    2023-06-17 18:28:31.244 : Start page is opened	[MsgId: MMSG-17999]
    2023-06-17 18:28:35.354 : User is logged in with session 136655.205427299HAcQcAcpVcQVzzzHtcVHfpcVcHHf	[MsgId: MMSG-17999]
    2023-06-17 18:28:40.055 : User is logged out of session	[MsgId: MMSG-17999]
  2023-06-17 18:30:37.164 : IterationNum=126	[MsgId: MMSG-17999]
   USER 126 = user77:pwd77	[MsgId: MMSG-17999]
    2023-06-17 18:30:37.258 : Start page is opened	[MsgId: MMSG-17999]
    2023-06-17 18:30:43.099 : User is logged in with session 136655.21563386HAcQcAcpzftVzzzHtcVHfpcVfQcf	[MsgId: MMSG-17999]
    2023-06-17 18:30:48.479 : User is logged out of session	[MsgId: MMSG-17999]
  2023-06-17 18:32:43.173 : IterationNum=127	[MsgId: MMSG-17999]
   USER 127 = user77:pwd77	[MsgId: MMSG-17999]
    2023-06-17 18:32:43.267 : Start page is opened	[MsgId: MMSG-17999]
    2023-06-17 18:32:48.700 : User is logged in with session 136655.225840421HAcQcADpVHQVzzzHtcVHfpcVQAHf	[MsgId: MMSG-17999]
    2023-06-17 18:32:54.820 : User is logged out of session	[MsgId: MMSG-17999]
  2023-06-17 18:34:49.176 : IterationNum=128	[MsgId: MMSG-17999]
   USER 128 = user77:pwd77	[MsgId: MMSG-17999]
    2023-06-17 18:34:49.269 : Start page is opened	[MsgId: MMSG-17999]
    2023-06-17 18:34:53.156 : User is logged in with session 136655.236046983HAcQcADpHAtVzzzHtcVHfpcccccf	[MsgId: MMSG-17999]
    2023-06-17 18:34:57.173 : User is logged out of session	[MsgId: MMSG-17999]
  2023-06-17 18:36:55.176 : IterationNum=129	[MsgId: MMSG-17999]
   USER 129 = user77:pwd77	[MsgId: MMSG-17999]
    2023-06-17 18:36:55.270 : Start page is opened	[MsgId: MMSG-17999]
    2023-06-17 18:37:01.502 : User is logged in with session 136655.246253544HAcQcAtpccQVzzzHtcVHfpccfDHf	[MsgId: MMSG-17999]
    2023-06-17 18:37:06.376 : User is logged out of session	[MsgId: MMSG-17999]
  2023-06-17 18:39:01.187 : IterationNum=130	[MsgId: MMSG-17999]
   USER 130 = user77:pwd77	[MsgId: MMSG-17999]
    2023-06-17 18:39:01.280 : Start page is opened	[MsgId: MMSG-17999]
    2023-06-17 18:39:06.425 : User is logged in with session 136655.256460105HAcQcAtpHftVzzzHtcVHfpccifcf	[MsgId: MMSG-17999]
    2023-06-17 18:39:10.808 : User is logged out of session	[MsgId: MMSG-17999]
  2023-06-17 18:41:07.202 : IterationNum=131	[MsgId: MMSG-17999]
   USER 131 = user77:pwd77	[MsgId: MMSG-17999]
    2023-06-17 18:41:07.296 : Start page is opened	[MsgId: MMSG-17999]
    2023-06-17 18:41:12.293 : User is logged in with session 136655.266666667HAcQcAfpcHQVzzzHtcVHfpcDVzHf	[MsgId: MMSG-17999]
    2023-06-17 18:41:17.075 : User is logged out of session	[MsgId: MMSG-17999]
  2023-06-17 18:43:13.216 : IterationNum=132	[MsgId: MMSG-17999]
   USER 132 = user77:pwd77	[MsgId: MMSG-17999]
    2023-06-17 18:43:13.309 : Start page is opened	[MsgId: MMSG-17999]
    2023-06-17 18:43:17.440 : User is logged in with session 136655.276873228HAcQcAfpiAtVzzzHtcVHfpcDticf	[MsgId: MMSG-17999]
    2023-06-17 18:43:21.757 : User is logged out of session	[MsgId: MMSG-17999]
  2023-06-17 18:45:19.219 : IterationNum=133	[MsgId: MMSG-17999]
   USER 133 = user77:pwd77	[MsgId: MMSG-17999]
    2023-06-17 18:45:19.314 : Start page is opened	[MsgId: MMSG-17999]
    2023-06-17 18:45:25.315 : User is logged in with session 136655.287079789HAcQcAzpDcQVzzzHtcVHfpcDHQHf	[MsgId: MMSG-17999]
    2023-06-17 18:45:30.265 : User is logged out of session	[MsgId: MMSG-17999]
  2023-06-17 18:47:25.231 : IterationNum=134	[MsgId: MMSG-17999]
   USER 134 = user77:pwd77	[MsgId: MMSG-17999]
    2023-06-17 18:47:25.326 : Start page is opened	[MsgId: MMSG-17999]
    2023-06-17 18:47:31.516 : User is logged in with session 136655.297286351HAcQcAzpiftVzzzHtcVHfpctVVcf	[MsgId: MMSG-17999]
    2023-06-17 18:47:35.440 : User is logged out of session	[MsgId: MMSG-17999]
  2023-06-17 18:49:31.245 : IterationNum=135	[MsgId: MMSG-17999]
   USER 135 = user77:pwd77	[MsgId: MMSG-17999]
    2023-06-17 18:49:31.341 : Start page is opened	[MsgId: MMSG-17999]
    2023-06-17 18:49:36.689 : User is logged in with session 136655.307492912HAcQcAHpDHQVzzzHtcVHfpcttcHf	[MsgId: MMSG-17999]
    2023-06-17 18:49:42.763 : User is logged out of session	[MsgId: MMSG-17999]
  2023-06-17 18:51:37.257 : IterationNum=136	[MsgId: MMSG-17999]
   USER 136 = user77:pwd77	[MsgId: MMSG-17999]
    2023-06-17 18:51:37.352 : Start page is opened	[MsgId: MMSG-17999]
    2023-06-17 18:51:42.756 : User is logged in with session 136655.317699473HAcQcAHpQAtVzzzHtcVHfpctHtcf	[MsgId: MMSG-17999]
    2023-06-17 18:51:46.769 : User is logged out of session	[MsgId: MMSG-17999]
  2023-06-17 18:53:43.259 : IterationNum=137	[MsgId: MMSG-17999]
   USER 137 = user77:pwd77	[MsgId: MMSG-17999]
    2023-06-17 18:53:43.353 : Start page is opened	[MsgId: MMSG-17999]
    2023-06-17 18:53:47.482 : User is logged in with session 136655.327906035HAcQcAiptcQVzzzHtcVHfpcfAfHf	[MsgId: MMSG-17999]
    2023-06-17 18:53:51.825 : User is logged out of session	[MsgId: MMSG-17999]
  2023-06-17 18:55:49.263 : IterationNum=138	[MsgId: MMSG-17999]
   USER 138 = user77:pwd77	[MsgId: MMSG-17999]
    2023-06-17 18:55:49.357 : Start page is opened	[MsgId: MMSG-17999]
    2023-06-17 18:55:55.201 : User is logged in with session 136655.338112596HAcQcAipQftVzzzHtcVHfpcfDHcf	[MsgId: MMSG-17999]
    2023-06-17 18:56:01.106 : User is logged out of session	[MsgId: MMSG-17999]
  2023-06-17 18:57:55.276 : IterationNum=139	[MsgId: MMSG-17999]
   USER 139 = user77:pwd77	[MsgId: MMSG-17999]
    2023-06-17 18:57:55.370 : Start page is opened	[MsgId: MMSG-17999]
    2023-06-17 18:57:59.692 : User is logged in with session 136655.348319158HAcQcAQptHQVzzzHtcVHfpcfziHf	[MsgId: MMSG-17999]
    2023-06-17 18:58:03.612 : User is logged out of session	[MsgId: MMSG-17999]
  2023-06-17 19:00:01.280 : IterationNum=140	[MsgId: MMSG-17999]
   USER 140 = user77:pwd77	[MsgId: MMSG-17999]
    2023-06-17 19:00:01.376 : Start page is opened	[MsgId: MMSG-17999]
    2023-06-17 19:00:05.822 : User is logged in with session 136655.358525719HAcQcVApAAtVzzzHtcVHfpczAAcf	[MsgId: MMSG-17999]
    2023-06-17 19:00:10.490 : User is logged out of session	[MsgId: MMSG-17999]
  2023-06-17 19:02:07.281 : IterationNum=141	[MsgId: MMSG-17999]
   USER 141 = user77:pwd77	[MsgId: MMSG-17999]
    2023-06-17 19:02:07.376 : Start page is opened	[MsgId: MMSG-17999]
    2023-06-17 19:02:11.355 : User is logged in with session 136655.36873228HAcQcVApfcQVzzzHtcVHfpczDVHf	[MsgId: MMSG-17999]
    2023-06-17 19:02:16.039 : User is logged out of session	[MsgId: MMSG-17999]
  2023-06-17 19:04:13.282 : IterationNum=142	[MsgId: MMSG-17999]
   USER 142 = user77:pwd77	[MsgId: MMSG-17999]
    2023-06-17 19:04:13.376 : Start page is opened	[MsgId: MMSG-17999]
    2023-06-17 19:04:17.397 : User is logged in with session 136655.378938842HAcQcVVpAftVzzzHtcVHfpczzDcf	[MsgId: MMSG-17999]
    2023-06-17 19:04:21.999 : User is logged out of session	[MsgId: MMSG-17999]
  2023-06-17 19:06:19.289 : IterationNum=143	[MsgId: MMSG-17999]
   USER 143 = user77:pwd77	[MsgId: MMSG-17999]
    2023-06-17 19:06:19.384 : Start page is opened	[MsgId: MMSG-17999]
    2023-06-17 19:06:24.801 : User is logged in with session 136655.389145403HAcQcVVpfHQVzzzHtcVHfpczQtHf	[MsgId: MMSG-17999]
    2023-06-17 19:06:30.435 : User is logged out of session	[MsgId: MMSG-17999]
  2023-06-17 19:08:25.304 : IterationNum=144	[MsgId: MMSG-17999]
   USER 144 = user77:pwd77	[MsgId: MMSG-17999]
    2023-06-17 19:08:25.400 : Start page is opened	[MsgId: MMSG-17999]
    2023-06-17 19:08:31.280 : User is logged in with session 136655.399351964HAcQcVcpVAtVzzzHtcVHfpcHczcf	[MsgId: MMSG-17999]
    2023-06-17 19:08:36.837 : User is logged out of session	[MsgId: MMSG-17999]
  2023-06-17 19:10:31.305 : IterationNum=145	[MsgId: MMSG-17999]
   USER 145 = user77:pwd77	[MsgId: MMSG-17999]
    2023-06-17 19:10:31.400 : Start page is opened	[MsgId: MMSG-17999]
    2023-06-17 19:10:37.752 : User is logged in with session 136655.409558526HAcQcVcpzcQVzzzHtcVHfpcHfHHf	[MsgId: MMSG-17999]
    2023-06-17 19:10:42.550 : User is logged out of session	[MsgId: MMSG-17999]
  2023-06-17 19:12:37.316 : IterationNum=146	[MsgId: MMSG-17999]
   USER 146 = user77:pwd77	[MsgId: MMSG-17999]
    2023-06-17 19:12:37.411 : Start page is opened	[MsgId: MMSG-17999]
    2023-06-17 19:12:42.504 : User is logged in with session 136655.419765087HAcQcVDpVftVzzzHtcVHfpcHiQcf	[MsgId: MMSG-17999]
    2023-06-17 19:12:47.184 : User is logged out of session	[MsgId: MMSG-17999]
  2023-06-17 19:14:43.316 : IterationNum=147	[MsgId: MMSG-17999]
   USER 147 = user77:pwd77	[MsgId: MMSG-17999]
    2023-06-17 19:14:43.410 : Start page is opened	[MsgId: MMSG-17999]
    2023-06-17 19:14:48.073 : User is logged in with session 136655.429971648HAcQcVDpzHQVzzzHtcVHfpcicAHf	[MsgId: MMSG-17999]
    2023-06-17 19:14:53.185 : User is logged out of session	[MsgId: MMSG-17999]
  2023-06-17 19:16:49.322 : IterationNum=148	[MsgId: MMSG-17999]
   USER 148 = user77:pwd77	[MsgId: MMSG-17999]
    2023-06-17 19:16:49.417 : Start page is opened	[MsgId: MMSG-17999]
    2023-06-17 19:16:54.484 : User is logged in with session 136655.44017821HAcQcVtpcAtVzzzHtcVHfpcifccf	[MsgId: MMSG-17999]
    2023-06-17 19:16:59.916 : User is logged out of session	[MsgId: MMSG-17999]
  2023-06-17 19:18:55.327 : IterationNum=149	[MsgId: MMSG-17999]
   USER 149 = user77:pwd77	[MsgId: MMSG-17999]
    2023-06-17 19:18:55.419 : Start page is opened	[MsgId: MMSG-17999]
    2023-06-17 19:19:01.313 : User is logged in with session 136655.450384771HAcQcVtpHcQVzzzHtcVHfpciiDHf	[MsgId: MMSG-17999]
    2023-06-17 19:19:07.612 : User is logged out of session	[MsgId: MMSG-17999]
  2023-06-17 19:21:01.341 : IterationNum=150	[MsgId: MMSG-17999]
   USER 150 = user77:pwd77	[MsgId: MMSG-17999]
    2023-06-17 19:21:01.436 : Start page is opened	[MsgId: MMSG-17999]
    2023-06-17 19:21:07.594 : User is logged in with session 136655.460591333HAcQcVfpcftVzzzHtcVHfpcQVfcf	[MsgId: MMSG-17999]
    2023-06-17 19:21:13.595 : User is logged out of session	[MsgId: MMSG-17999]
  2023-06-17 19:23:07.356 : IterationNum=151	[MsgId: MMSG-17999]
   USER 151 = user77:pwd77	[MsgId: MMSG-17999]
    2023-06-17 19:23:07.451 : Start page is opened	[MsgId: MMSG-17999]
    2023-06-17 19:23:13.546 : User is logged in with session 136655.470797894HAcQcVfpHHQVzzzHtcVHfpcQtzHf	[MsgId: MMSG-17999]
    2023-06-17 19:23:17.478 : User is logged out of session	[MsgId: MMSG-17999]
  2023-06-17 19:25:13.368 : IterationNum=152	[MsgId: MMSG-17999]
   USER 152 = user77:pwd77	[MsgId: MMSG-17999]
    2023-06-17 19:25:13.462 : Start page is opened	[MsgId: MMSG-17999]
    2023-06-17 19:25:19.284 : User is logged in with session 136655.481004455HAcQcVzpDAtVzzzHtcVHfpcQHicf	[MsgId: MMSG-17999]
    2023-06-17 19:25:23.958 : User is logged out of session	[MsgId: MMSG-17999]
  2023-06-17 19:27:19.378 : IterationNum=153	[MsgId: MMSG-17999]
   USER 153 = user77:pwd77	[MsgId: MMSG-17999]
    2023-06-17 19:27:19.473 : Start page is opened	[MsgId: MMSG-17999]
    2023-06-17 19:27:25.659 : User is logged in with session 136655.491211017HAcQcVzpicQVzzzHtcVHfpDAAQHf	[MsgId: MMSG-17999]
    2023-06-17 19:27:30.070 : User is logged out of session	[MsgId: MMSG-17999]
  2023-06-17 19:29:25.382 : IterationNum=154	[MsgId: MMSG-17999]
   USER 154 = user77:pwd77	[MsgId: MMSG-17999]
    2023-06-17 19:29:25.477 : Start page is opened	[MsgId: MMSG-17999]
    2023-06-17 19:29:30.800 : User is logged in with session 136655.501417578HAcQcVHpDftVzzzHtcVHfpDAtVcf	[MsgId: MMSG-17999]
    2023-06-17 19:29:36.216 : User is logged out of session	[MsgId: MMSG-17999]
  2023-06-17 19:31:31.397 : IterationNum=155	[MsgId: MMSG-17999]
   USER 155 = user77:pwd77	[MsgId: MMSG-17999]
    2023-06-17 19:31:31.491 : Start page is opened	[MsgId: MMSG-17999]
    2023-06-17 19:31:37.426 : User is logged in with session 136655.511624139HAcQcVHpiHQVzzzHtcVHfpDAHcHf	[MsgId: MMSG-17999]
    2023-06-17 19:31:43.159 : User is logged out of session	[MsgId: MMSG-17999]
  2023-06-17 19:33:37.405 : IterationNum=156	[MsgId: MMSG-17999]
   USER 156 = user77:pwd77	[MsgId: MMSG-17999]
    2023-06-17 19:33:37.500 : Start page is opened	[MsgId: MMSG-17999]
    2023-06-17 19:33:43.357 : User is logged in with session 136655.521830701HAcQcViptAtVzzzHtcVHfpDVAtcf	[MsgId: MMSG-17999]
    2023-06-17 19:33:48.874 : User is logged out of session	[MsgId: MMSG-17999]
  2023-06-17 19:35:43.419 : IterationNum=157	[MsgId: MMSG-17999]
   USER 157 = user77:pwd77	[MsgId: MMSG-17999]
    2023-06-17 19:35:43.511 : Start page is opened	[MsgId: MMSG-17999]
    2023-06-17 19:35:49.493 : User is logged in with session 136655.532037262HAcQcVipQcQVzzzHtcVHfpDVDfHf	[MsgId: MMSG-17999]
    2023-06-17 19:35:54.403 : User is logged out of session	[MsgId: MMSG-17999]
  2023-06-17 19:37:49.429 : IterationNum=158	[MsgId: MMSG-17999]
   USER 158 = user77:pwd77	[MsgId: MMSG-17999]
    2023-06-17 19:37:49.524 : Start page is opened	[MsgId: MMSG-17999]
    2023-06-17 19:37:54.421 : User is logged in with session 136655.542243823HAcQcVQptftVzzzHtcVHfpDVzHcf	[MsgId: MMSG-17999]
    2023-06-17 19:38:00.099 : User is logged out of session	[MsgId: MMSG-17999]
  2023-06-17 19:39:55.432 : IterationNum=159	[MsgId: MMSG-17999]
   USER 159 = user77:pwd77	[MsgId: MMSG-17999]
    2023-06-17 19:39:55.526 : Start page is opened	[MsgId: MMSG-17999]
    2023-06-17 19:40:01.526 : User is logged in with session 136655.552450385HAcQcVQpQHQVzzzHtcVHfpDVQiHf	[MsgId: MMSG-17999]
    2023-06-17 19:40:06.260 : User is logged out of session	[MsgId: MMSG-17999]
  2023-06-17 19:42:01.433 : IterationNum=160	[MsgId: MMSG-17999]
   USER 160 = user77:pwd77	[MsgId: MMSG-17999]
    2023-06-17 19:42:01.527 : Start page is opened	[MsgId: MMSG-17999]
    2023-06-17 19:42:06.983 : User is logged in with session 136655.562656946HAcQccApfAtVzzzHtcVHfpDcDAcf	[MsgId: MMSG-17999]
    2023-06-17 19:42:12.018 : User is logged out of session	[MsgId: MMSG-17999]
  2023-06-17 19:44:07.435 : IterationNum=161	[MsgId: MMSG-17999]
   USER 161 = user77:pwd77	[MsgId: MMSG-17999]
    2023-06-17 19:44:07.529 : Start page is opened	[MsgId: MMSG-17999]
    2023-06-17 19:44:12.134 : User is logged in with session 136655.572863507HAcQccVpAcQVzzzHtcVHfpDczVHf	[MsgId: MMSG-17999]
    2023-06-17 19:44:16.499 : User is logged out of session	[MsgId: MMSG-17999]
  2023-06-17 19:46:13.443 : IterationNum=162	[MsgId: MMSG-17999]
   USER 162 = user77:pwd77	[MsgId: MMSG-17999]
    2023-06-17 19:46:13.537 : Start page is opened	[MsgId: MMSG-17999]
    2023-06-17 19:46:17.474 : User is logged in with session 136655.583070069HAcQccVpfftVzzzHtcVHfpDcQDcf	[MsgId: MMSG-17999]
    2023-06-17 19:46:22.391 : User is logged out of session	[MsgId: MMSG-17999]
  2023-06-17 19:48:19.447 : IterationNum=163	[MsgId: MMSG-17999]
   USER 163 = user77:pwd77	[MsgId: MMSG-17999]
    2023-06-17 19:48:19.541 : Start page is opened	[MsgId: MMSG-17999]
    2023-06-17 19:48:25.761 : User is logged in with session 136655.59327663HAcQcccpAHQVzzzHtcVHfpDDctHf	[MsgId: MMSG-17999]
    2023-06-17 19:48:31.268 : User is logged out of session	[MsgId: MMSG-17999]
  2023-06-17 19:50:25.459 : IterationNum=164	[MsgId: MMSG-17999]
   USER 164 = user77:pwd77	[MsgId: MMSG-17999]
    2023-06-17 19:50:25.552 : Start page is opened	[MsgId: MMSG-17999]
    2023-06-17 19:50:29.843 : User is logged in with session 136655.603483192HAcQcccpzAtVzzzHtcVHfpDDfzcf	[MsgId: MMSG-17999]
    2023-06-17 19:50:34.126 : User is logged out of session	[MsgId: MMSG-17999]
  2023-06-17 19:52:31.468 : IterationNum=165	[MsgId: MMSG-17999]
   USER 165 = user77:pwd77	[MsgId: MMSG-17999]
    2023-06-17 19:52:31.562 : Start page is opened	[MsgId: MMSG-17999]
    2023-06-17 19:52:36.422 : User is logged in with session 136655.613689753HAcQccDpVcQVzzzHtcVHfpDDiHHf	[MsgId: MMSG-17999]
    2023-06-17 19:52:42.351 : User is logged out of session	[MsgId: MMSG-17999]
  2023-06-17 19:54:37.483 : IterationNum=166	[MsgId: MMSG-17999]
   USER 166 = user77:pwd77	[MsgId: MMSG-17999]
    2023-06-17 19:54:37.578 : Start page is opened	[MsgId: MMSG-17999]
    2023-06-17 19:54:42.218 : User is logged in with session 136655.623896314HAcQccDpzftVzzzHtcVHfpDtVQcf	[MsgId: MMSG-17999]
    2023-06-17 19:54:46.172 : User is logged out of session	[MsgId: MMSG-17999]
  2023-06-17 19:56:43.491 : IterationNum=167	[MsgId: MMSG-17999]
   USER 167 = user77:pwd77	[MsgId: MMSG-17999]
    2023-06-17 19:56:43.583 : Start page is opened	[MsgId: MMSG-17999]
    2023-06-17 19:56:48.929 : User is logged in with session 136655.634102876HAcQcctpVHQVzzzHtcVHfpDtfAHf	[MsgId: MMSG-17999]
    2023-06-17 19:56:54.653 : User is logged out of session	[MsgId: MMSG-17999]
  2023-06-17 19:58:49.499 : IterationNum=168	[MsgId: MMSG-17999]
   USER 168 = user77:pwd77	[MsgId: MMSG-17999]
    2023-06-17 19:58:49.593 : Start page is opened	[MsgId: MMSG-17999]
    2023-06-17 19:58:54.258 : User is logged in with session 136655.644309437HAcQcctpHAtVzzzHtcVHfpDticcf	[MsgId: MMSG-17999]
    2023-06-17 19:58:58.920 : User is logged out of session	[MsgId: MMSG-17999]
  2023-06-17 20:00:55.513 : IterationNum=169	[MsgId: MMSG-17999]
   USER 169 = user77:pwd77	[MsgId: MMSG-17999]
    2023-06-17 20:00:55.606 : Start page is opened	[MsgId: MMSG-17999]
    2023-06-17 20:01:01.540 : User is logged in with session 136655.654515998HAcQccfpccQVzzzHtcVHfpDfVDHf	[MsgId: MMSG-17999]
    2023-06-17 20:01:07.310 : User is logged out of session	[MsgId: MMSG-17999]
  2023-06-17 20:03:01.519 : IterationNum=170	[MsgId: MMSG-17999]
   USER 170 = user77:pwd77	[MsgId: MMSG-17999]
    2023-06-17 20:03:01.612 : Start page is opened	[MsgId: MMSG-17999]
    2023-06-17 20:03:07.346 : User is logged in with session 136655.66472256HAcQccfpHftVzzzHtcVHfpDftfcf	[MsgId: MMSG-17999]
    2023-06-17 20:03:11.424 : User is logged out of session	[MsgId: MMSG-17999]
  2023-06-17 20:05:07.525 : IterationNum=171	[MsgId: MMSG-17999]
   USER 171 = user77:pwd77	[MsgId: MMSG-17999]
    2023-06-17 20:05:07.618 : Start page is opened	[MsgId: MMSG-17999]
    2023-06-17 20:05:11.993 : User is logged in with session 136655.674929121HAcQcczpcHQVzzzHtcVHfpDfHzHf	[MsgId: MMSG-17999]
    2023-06-17 20:05:17.520 : User is logged out of session	[MsgId: MMSG-17999]
  2023-06-17 20:07:13.534 : IterationNum=172	[MsgId: MMSG-17999]
   USER 172 = user77:pwd77	[MsgId: MMSG-17999]
    2023-06-17 20:07:13.630 : Start page is opened	[MsgId: MMSG-17999]
    2023-06-17 20:07:19.394 : User is logged in with session 136655.685135682HAcQcczpiAtVzzzHtcVHfpDzAicf	[MsgId: MMSG-17999]
    2023-06-17 20:07:23.513 : User is logged out of session	[MsgId: MMSG-17999]
  2023-06-17 20:09:19.543 : IterationNum=173	[MsgId: MMSG-17999]
   USER 173 = user77:pwd77	[MsgId: MMSG-17999]
    2023-06-17 20:09:19.637 : Start page is opened	[MsgId: MMSG-17999]
    2023-06-17 20:09:24.493 : User is logged in with session 136655.695342244HAcQccHpDcQVzzzHtcVHfpDzDQHf	[MsgId: MMSG-17999]
    2023-06-17 20:09:28.972 : User is logged out of session	[MsgId: MMSG-17999]
  2023-06-17 20:11:25.554 : IterationNum=174	[MsgId: MMSG-17999]
   USER 174 = user77:pwd77	[MsgId: MMSG-17999]
    2023-06-17 20:11:25.648 : Start page is opened	[MsgId: MMSG-17999]
    2023-06-17 20:11:30.973 : User is logged in with session 136655.705548805HAcQccHpiftVzzzHtcVHfpDzHVcf	[MsgId: MMSG-17999]
    2023-06-17 20:11:36.113 : User is logged out of session	[MsgId: MMSG-17999]
  2023-06-17 20:13:31.558 : IterationNum=175	[MsgId: MMSG-17999]
   USER 175 = user77:pwd77	[MsgId: MMSG-17999]
    2023-06-17 20:13:31.651 : Start page is opened	[MsgId: MMSG-17999]
    2023-06-17 20:13:37.197 : User is logged in with session 136655.715755367HAcQccipDHQVzzzHtcVHfpDHAcHf	[MsgId: MMSG-17999]
    2023-06-17 20:13:42.468 : User is logged out of session	[MsgId: MMSG-17999]
  2023-06-17 20:15:37.564 : IterationNum=176	[MsgId: MMSG-17999]
   USER 176 = user77:pwd77	[MsgId: MMSG-17999]
    2023-06-17 20:15:37.658 : Start page is opened	[MsgId: MMSG-17999]
    2023-06-17 20:15:43.401 : User is logged in with session 136655.725961928HAcQccipQAtVzzzHtcVHfpDHDtcf	[MsgId: MMSG-17999]
    2023-06-17 20:15:48.982 : User is logged out of session	[MsgId: MMSG-17999]
  2023-06-17 20:17:43.572 : IterationNum=177	[MsgId: MMSG-17999]
   USER 177 = user77:pwd77	[MsgId: MMSG-17999]
    2023-06-17 20:17:43.667 : Start page is opened	[MsgId: MMSG-17999]
    2023-06-17 20:17:48.247 : User is logged in with session 136655.736168489HAcQccQptcQVzzzHtcVHfpDHzfHf	[MsgId: MMSG-17999]
    2023-06-17 20:17:53.331 : User is logged out of session	[MsgId: MMSG-17999]
  2023-06-17 20:19:49.575 : IterationNum=178	[MsgId: MMSG-17999]
   USER 178 = user77:pwd77	[MsgId: MMSG-17999]
    2023-06-17 20:19:49.670 : Start page is opened	[MsgId: MMSG-17999]
    2023-06-17 20:19:54.792 : User is logged in with session 136655.746375051HAcQccQpQftVzzzHtcVHfpDHQHcf	[MsgId: MMSG-17999]
    2023-06-17 20:20:00.977 : User is logged out of session	[MsgId: MMSG-17999]
  2023-06-17 20:21:55.586 : IterationNum=179	[MsgId: MMSG-17999]
   USER 179 = user77:pwd77	[MsgId: MMSG-17999]
    2023-06-17 20:21:55.681 : Start page is opened	[MsgId: MMSG-17999]
    2023-06-17 20:21:59.914 : User is logged in with session 136655.756581612HAcQcDAptHQVzzzHtcVHfpDiciHf	[MsgId: MMSG-17999]
    2023-06-17 20:22:05.725 : User is logged out of session	[MsgId: MMSG-17999]
  2023-06-17 20:24:01.593 : IterationNum=180	[MsgId: MMSG-17999]
   USER 180 = user77:pwd77	[MsgId: MMSG-17999]
    2023-06-17 20:24:01.688 : Start page is opened	[MsgId: MMSG-17999]
    2023-06-17 20:24:07.086 : User is logged in with session 136655.766788173HAcQcDVpAAtVzzzHtcVHfpDizAcf	[MsgId: MMSG-17999]
    2023-06-17 20:24:11.012 : User is logged out of session	[MsgId: MMSG-17999]
  2023-06-17 20:26:07.596 : IterationNum=181	[MsgId: MMSG-17999]
   USER 181 = user77:pwd77	[MsgId: MMSG-17999]
    2023-06-17 20:26:07.691 : Start page is opened	[MsgId: MMSG-17999]
    2023-06-17 20:26:13.323 : User is logged in with session 136655.776994735HAcQcDVpfcQVzzzHtcVHfpDiQVHf	[MsgId: MMSG-17999]
    2023-06-17 20:26:17.798 : User is logged out of session	[MsgId: MMSG-17999]
  2023-06-17 20:28:13.608 : IterationNum=182	[MsgId: MMSG-17999]
   USER 182 = user77:pwd77	[MsgId: MMSG-17999]
    2023-06-17 20:28:13.702 : Start page is opened	[MsgId: MMSG-17999]
    2023-06-17 20:28:19.152 : User is logged in with session 136655.787201296HAcQcDcpAftVzzzHtcVHfpDQcDcf	[MsgId: MMSG-17999]
    2023-06-17 20:28:24.867 : User is logged out of session	[MsgId: MMSG-17999]
  2023-06-17 20:30:19.623 : IterationNum=183	[MsgId: MMSG-17999]
   USER 183 = user77:pwd77	[MsgId: MMSG-17999]
    2023-06-17 20:30:19.716 : Start page is opened	[MsgId: MMSG-17999]
    2023-06-17 20:30:24.519 : User is logged in with session 136655.797407857HAcQcDcpfHQVzzzHtcVHfpDQftHf	[MsgId: MMSG-17999]
    2023-06-17 20:30:29.886 : User is logged out of session	[MsgId: MMSG-17999]
  2023-06-17 20:32:25.624 : IterationNum=184	[MsgId: MMSG-17999]
   USER 184 = user77:pwd77	[MsgId: MMSG-17999]
    2023-06-17 20:32:25.718 : Start page is opened	[MsgId: MMSG-17999]
    2023-06-17 20:32:31.879 : User is logged in with session 136655.807614419HAcQcDDpVAtVzzzHtcVHfpDQizcf	[MsgId: MMSG-17999]
    2023-06-17 20:32:37.466 : User is logged out of session	[MsgId: MMSG-17999]
  2023-06-17 20:34:31.639 : IterationNum=185	[MsgId: MMSG-17999]
   USER 185 = user77:pwd77	[MsgId: MMSG-17999]
    2023-06-17 20:34:31.733 : Start page is opened	[MsgId: MMSG-17999]
    2023-06-17 20:34:37.730 : User is logged in with session 136655.81782098HAcQcDDpzcQVzzzHtcVHfptAVHHf	[MsgId: MMSG-17999]
    2023-06-17 20:34:43.638 : User is logged out of session	[MsgId: MMSG-17999]
  2023-06-17 20:36:37.648 : IterationNum=186	[MsgId: MMSG-17999]
   USER 186 = user77:pwd77	[MsgId: MMSG-17999]
    2023-06-17 20:36:37.743 : Start page is opened	[MsgId: MMSG-17999]
    2023-06-17 20:36:42.232 : User is logged in with session 136655.828027542HAcQcDtpVftVzzzHtcVHfptAtQcf	[MsgId: MMSG-17999]
    2023-06-17 20:36:46.570 : User is logged out of session	[MsgId: MMSG-17999]
  2023-06-17 20:38:43.653 : IterationNum=187	[MsgId: MMSG-17999]
   USER 187 = user77:pwd77	[MsgId: MMSG-17999]
    2023-06-17 20:38:43.747 : Start page is opened	[MsgId: MMSG-17999]
    2023-06-17 20:38:48.855 : User is logged in with session 136655.838234103HAcQcDtpzHQVzzzHtcVHfptAiAHf	[MsgId: MMSG-17999]
    2023-06-17 20:38:54.575 : User is logged out of session	[MsgId: MMSG-17999]
  2023-06-17 20:40:49.657 : IterationNum=188	[MsgId: MMSG-17999]
   USER 188 = user77:pwd77	[MsgId: MMSG-17999]
    2023-06-17 20:40:49.751 : Start page is opened	[MsgId: MMSG-17999]
    2023-06-17 20:40:55.982 : User is logged in with session 136655.848440664HAcQcDfpcAtVzzzHtcVHfptVVccf	[MsgId: MMSG-17999]
    2023-06-17 20:41:01.256 : User is logged out of session	[MsgId: MMSG-17999]
  2023-06-17 20:42:55.668 : IterationNum=189	[MsgId: MMSG-17999]
   USER 189 = user77:pwd77	[MsgId: MMSG-17999]
    2023-06-17 20:42:55.761 : Start page is opened	[MsgId: MMSG-17999]
    2023-06-17 20:43:00.158 : User is logged in with session 136655.858647226HAcQcDfpHcQVzzzHtcVHfptVtDHf	[MsgId: MMSG-17999]
    2023-06-17 20:43:06.247 : User is logged out of session	[MsgId: MMSG-17999]
  2023-06-17 20:45:01.674 : IterationNum=190	[MsgId: MMSG-17999]
   USER 190 = user77:pwd77	[MsgId: MMSG-17999]
    2023-06-17 20:45:01.768 : Start page is opened	[MsgId: MMSG-17999]
    2023-06-17 20:45:06.082 : User is logged in with session 136655.868853787HAcQcDzpcftVzzzHtcVHfptVHfcf	[MsgId: MMSG-17999]
    2023-06-17 20:45:11.641 : User is logged out of session	[MsgId: MMSG-17999]
  2023-06-17 20:47:07.689 : IterationNum=191	[MsgId: MMSG-17999]
   USER 191 = user77:pwd77	[MsgId: MMSG-17999]
    2023-06-17 20:47:07.784 : Start page is opened	[MsgId: MMSG-17999]
    2023-06-17 20:47:14.024 : User is logged in with session 136655.879060348HAcQcDzpHHQVzzzHtcVHfptcAzHf	[MsgId: MMSG-17999]
    2023-06-17 20:47:19.842 : User is logged out of session	[MsgId: MMSG-17999]
  2023-06-17 20:49:13.697 : IterationNum=192	[MsgId: MMSG-17999]
   USER 192 = user77:pwd77	[MsgId: MMSG-17999]
    2023-06-17 20:49:13.791 : Start page is opened	[MsgId: MMSG-17999]
    2023-06-17 20:49:19.123 : User is logged in with session 136655.88926691HAcQcDHpDAtVzzzHtcVHfptcDicf	[MsgId: MMSG-17999]
    2023-06-17 20:49:24.646 : User is logged out of session	[MsgId: MMSG-17999]
  2023-06-17 20:51:19.705 : IterationNum=193	[MsgId: MMSG-17999]
   USER 193 = user77:pwd77	[MsgId: MMSG-17999]
    2023-06-17 20:51:19.798 : Start page is opened	[MsgId: MMSG-17999]
    2023-06-17 20:51:25.108 : User is logged in with session 136655.899473471HAcQcDHpicQVzzzHtcVHfptczQHf	[MsgId: MMSG-17999]
    2023-06-17 20:51:31.389 : User is logged out of session	[MsgId: MMSG-17999]
  2023-06-17 20:53:25.718 : IterationNum=194	[MsgId: MMSG-17999]
   USER 194 = user77:pwd77	[MsgId: MMSG-17999]
    2023-06-17 20:53:25.813 : Start page is opened	[MsgId: MMSG-17999]
    2023-06-17 20:53:29.923 : User is logged in with session 136655.909680032HAcQcDipDftVzzzHtcVHfptDAVcf	[MsgId: MMSG-17999]
    2023-06-17 20:53:35.044 : User is logged out of session	[MsgId: MMSG-17999]
  2023-06-17 20:55:31.723 : IterationNum=195	[MsgId: MMSG-17999]
   USER 195 = user77:pwd77	[MsgId: MMSG-17999]
    2023-06-17 20:55:31.818 : Start page is opened	[MsgId: MMSG-17999]
    2023-06-17 20:55:36.501 : User is logged in with session 136655.919886594HAcQcDipiHQVzzzHtcVHfptDDcHf	[MsgId: MMSG-17999]
    2023-06-17 20:55:40.861 : User is logged out of session	[MsgId: MMSG-17999]
  2023-06-17 20:57:37.732 : IterationNum=196	[MsgId: MMSG-17999]
   USER 196 = user77:pwd77	[MsgId: MMSG-17999]
    2023-06-17 20:57:37.828 : Start page is opened	[MsgId: MMSG-17999]
    2023-06-17 20:57:43.638 : User is logged in with session 136655.930093155HAcQcDQptAtVzzzHtcVHfptDztcf	[MsgId: MMSG-17999]
    2023-06-17 20:57:47.631 : User is logged out of session	[MsgId: MMSG-17999]
  2023-06-17 20:59:43.745 : IterationNum=197	[MsgId: MMSG-17999]
   USER 197 = user77:pwd77	[MsgId: MMSG-17999]
    2023-06-17 20:59:43.839 : Start page is opened	[MsgId: MMSG-17999]
    2023-06-17 20:59:48.899 : User is logged in with session 136655.940299716HAcQcDQpQcQVzzzHtcVHfptDQfHf	[MsgId: MMSG-17999]
    2023-06-17 20:59:53.235 : User is logged out of session	[MsgId: MMSG-17999]
  2023-06-17 21:01:49.746 : IterationNum=198	[MsgId: MMSG-17999]
   USER 198 = user77:pwd77	[MsgId: MMSG-17999]
    2023-06-17 21:01:49.842 : Start page is opened	[MsgId: MMSG-17999]
    2023-06-17 21:01:56.094 : User is logged in with session 136655.950506278HAcQctAptftVzzzHtcVHfpttcHcf	[MsgId: MMSG-17999]
    2023-06-17 21:02:01.325 : User is logged out of session	[MsgId: MMSG-17999]
  2023-06-17 21:03:55.750 : IterationNum=199	[MsgId: MMSG-17999]
   USER 199 = user77:pwd77	[MsgId: MMSG-17999]
    2023-06-17 21:03:55.844 : Start page is opened	[MsgId: MMSG-17999]
    2023-06-17 21:03:59.966 : User is logged in with session 136655.960712839HAcQctApQHQVzzzHtcVHfpttfiHf	[MsgId: MMSG-17999]
    2023-06-17 21:04:05.752 : User is logged out of session	[MsgId: MMSG-17999]
  2023-06-17 21:06:01.751 : IterationNum=200	[MsgId: MMSG-17999]
   USER 200 = user77:pwd77	[MsgId: MMSG-17999]
    2023-06-17 21:06:01.846 : Start page is opened	[MsgId: MMSG-17999]
    2023-06-17 21:06:06.974 : User is logged in with session 136655.970919401HAcQctVpfAtVzzzHtcVHfpttQAcf	[MsgId: MMSG-17999]
    2023-06-17 21:06:11.105 : User is logged out of session	[MsgId: MMSG-17999]
  2023-06-17 21:08:07.761 : IterationNum=201	[MsgId: MMSG-17999]
   USER 201 = user77:pwd77	[MsgId: MMSG-17999]
    2023-06-17 21:08:07.856 : Start page is opened	[MsgId: MMSG-17999]
    2023-06-17 21:08:13.373 : User is logged in with session 136655.981125962HAcQctcpAcQVzzzHtcVHfptfcVHf	[MsgId: MMSG-17999]
    2023-06-17 21:08:18.131 : User is logged out of session	[MsgId: MMSG-17999]
  2023-06-17 21:10:13.773 : IterationNum=202	[MsgId: MMSG-17999]
   USER 202 = user77:pwd77	[MsgId: MMSG-17999]
    2023-06-17 21:10:13.866 : Start page is opened	[MsgId: MMSG-17999]
    2023-06-17 21:10:19.657 : User is logged in with session 136655.991332523HAcQctcpfftVzzzHtcVHfptffDcf	[MsgId: MMSG-17999]
    2023-06-17 21:10:25.860 : User is logged out of session	[MsgId: MMSG-17999]
  2023-06-17 21:12:19.774 : IterationNum=203	[MsgId: MMSG-17999]
   USER 203 = user77:pwd77	[MsgId: MMSG-17999]
    2023-06-17 21:12:19.868 : Start page is opened	[MsgId: MMSG-17999]
    2023-06-17 21:12:26.166 : User is logged in with session 136656.001539085HAcQctDpAHQVzzzHtcVHfptfitHf	[MsgId: MMSG-17999]
    2023-06-17 21:12:30.900 : User is logged out of session	[MsgId: MMSG-17999]
  2023-06-17 21:14:25.778 : IterationNum=204	[MsgId: MMSG-17999]
   USER 204 = user77:pwd77	[MsgId: MMSG-17999]
    2023-06-17 21:14:25.872 : Start page is opened	[MsgId: MMSG-17999]
    2023-06-17 21:14:30.185 : User is logged in with session 136656.011745646HAcQctDpzAtVzzzHtcVHfptzVzcf	[MsgId: MMSG-17999]
    2023-06-17 21:14:34.402 : User is logged out of session	[MsgId: MMSG-17999]
  2023-06-17 21:16:31.781 : IterationNum=205	[MsgId: MMSG-17999]
   USER 205 = user77:pwd77	[MsgId: MMSG-17999]
    2023-06-17 21:16:31.875 : Start page is opened	[MsgId: MMSG-17999]
    2023-06-17 21:16:36.081 : User is logged in with session 136656.021952207HAcQcttpVcQVzzzHtcVHfptztHHf	[MsgId: MMSG-17999]
    2023-06-17 21:16:40.394 : User is logged out of session	[MsgId: MMSG-17999]
  2023-06-17 21:18:37.787 : IterationNum=206	[MsgId: MMSG-17999]
   USER 206 = user77:pwd77	[MsgId: MMSG-17999]
    2023-06-17 21:18:37.881 : Start page is opened	[MsgId: MMSG-17999]
    2023-06-17 21:18:43.779 : User is logged in with session 136656.032158769HAcQcttpzftVzzzHtcVHfptzHQcf	[MsgId: MMSG-17999]
    2023-06-17 21:18:47.985 : User is logged out of session	[MsgId: MMSG-17999]
  2023-06-17 21:20:43.797 : IterationNum=207	[MsgId: MMSG-17999]
   USER 207 = user77:pwd77	[MsgId: MMSG-17999]
    2023-06-17 21:20:43.892 : Start page is opened	[MsgId: MMSG-17999]
    2023-06-17 21:20:48.934 : User is logged in with session 136656.04236533HAcQctfpVHQVzzzHtcVHfptHVAHf	[MsgId: MMSG-17999]
    2023-06-17 21:20:54.093 : User is logged out of session	[MsgId: MMSG-17999]
  2023-06-17 21:22:49.805 : IterationNum=208	[MsgId: MMSG-17999]
   USER 208 = user77:pwd77	[MsgId: MMSG-17999]
    2023-06-17 21:22:49.899 : Start page is opened	[MsgId: MMSG-17999]
    2023-06-17 21:22:53.906 : User is logged in with session 136656.052571891HAcQctfpHAtVzzzHtcVHfptHtccf	[MsgId: MMSG-17999]
    2023-06-17 21:22:58.971 : User is logged out of session	[MsgId: MMSG-17999]
  2023-06-17 21:24:55.809 : IterationNum=209	[MsgId: MMSG-17999]
   USER 209 = user77:pwd77	[MsgId: MMSG-17999]
    2023-06-17 21:24:55.904 : Start page is opened	[MsgId: MMSG-17999]
    2023-06-17 21:25:01.851 : User is logged in with session 136656.062778453HAcQctzpccQVzzzHtcVHfptHHDHf	[MsgId: MMSG-17999]
    2023-06-17 21:25:06.271 : User is logged out of session	[MsgId: MMSG-17999]
  2023-06-17 21:27:01.825 : IterationNum=210	[MsgId: MMSG-17999]
   USER 210 = user77:pwd77	[MsgId: MMSG-17999]
    2023-06-17 21:27:01.920 : Start page is opened	[MsgId: MMSG-17999]
    2023-06-17 21:27:06.811 : User is logged in with session 136656.072985014HAcQctzpHftVzzzHtcVHfptiAfcf	[MsgId: MMSG-17999]
    2023-06-17 21:27:11.290 : User is logged out of session	[MsgId: MMSG-17999]
  2023-06-17 21:29:07.837 : IterationNum=211	[MsgId: MMSG-17999]
   USER 211 = user77:pwd77	[MsgId: MMSG-17999]
    2023-06-17 21:29:07.931 : Start page is opened	[MsgId: MMSG-17999]
    2023-06-17 21:29:14.271 : User is logged in with session 136656.083191576HAcQctHpcHQVzzzHtcVHfptiDzHf	[MsgId: MMSG-17999]
    2023-06-17 21:29:18.480 : User is logged out of session	[MsgId: MMSG-17999]
  2023-06-17 21:31:13.842 : IterationNum=212	[MsgId: MMSG-17999]
   USER 212 = user77:pwd77	[MsgId: MMSG-17999]
    2023-06-17 21:31:13.937 : Start page is opened	[MsgId: MMSG-17999]
    2023-06-17 21:31:18.911 : User is logged in with session 136656.093398137HAcQctHpiAtVzzzHtcVHfptizicf	[MsgId: MMSG-17999]
    2023-06-17 21:31:22.915 : User is logged out of session	[MsgId: MMSG-17999]
  2023-06-17 21:33:19.843 : IterationNum=213	[MsgId: MMSG-17999]
   USER 213 = user77:pwd77	[MsgId: MMSG-17999]
    2023-06-17 21:33:19.937 : Start page is opened	[MsgId: MMSG-17999]
    2023-06-17 21:33:25.427 : User is logged in with session 136656.103604698HAcQctipDcQVzzzHtcVHfptiQQHf	[MsgId: MMSG-17999]
    2023-06-17 21:33:30.640 : User is logged out of session	[MsgId: MMSG-17999]
  2023-06-17 21:35:25.857 : IterationNum=214	[MsgId: MMSG-17999]
   USER 214 = user77:pwd77	[MsgId: MMSG-17999]
    2023-06-17 21:35:25.952 : Start page is opened	[MsgId: MMSG-17999]
    2023-06-17 21:35:31.074 : User is logged in with session 136656.11381126HAcQctipiftVzzzHtcVHfptQDVcf	[MsgId: MMSG-17999]
    2023-06-17 21:35:37.025 : User is logged out of session	[MsgId: MMSG-17999]
  2023-06-17 21:37:31.860 : IterationNum=215	[MsgId: MMSG-17999]
   USER 215 = user77:pwd77	[MsgId: MMSG-17999]
    2023-06-17 21:37:31.955 : Start page is opened	[MsgId: MMSG-17999]
    2023-06-17 21:37:37.156 : User is logged in with session 136656.124017821HAcQctQpDHQVzzzHtcVHfptQzcHf	[MsgId: MMSG-17999]
    2023-06-17 21:37:43.177 : User is logged out of session	[MsgId: MMSG-17999]
  2023-06-17 21:39:37.873 : IterationNum=216	[MsgId: MMSG-17999]
   USER 216 = user77:pwd77	[MsgId: MMSG-17999]
    2023-06-17 21:39:37.968 : Start page is opened	[MsgId: MMSG-17999]
    2023-06-17 21:39:42.810 : User is logged in with session 136656.134224382HAcQctQpQAtVzzzHtcVHfptQQtcf	[MsgId: MMSG-17999]
    2023-06-17 21:39:47.080 : User is logged out of session	[MsgId: MMSG-17999]
  2023-06-17 21:41:43.887 : IterationNum=217	[MsgId: MMSG-17999]
   USER 217 = user77:pwd77	[MsgId: MMSG-17999]
    2023-06-17 21:41:43.981 : Start page is opened	[MsgId: MMSG-17999]
    2023-06-17 21:41:47.997 : User is logged in with session 136656.144430944HAcQcfAptcQVzzzHtcVHfpfAcfHf	[MsgId: MMSG-17999]
    2023-06-17 21:41:52.389 : User is logged out of session	[MsgId: MMSG-17999]
  2023-06-17 21:43:49.892 : IterationNum=218	[MsgId: MMSG-17999]
   USER 218 = user77:pwd77	[MsgId: MMSG-17999]
    2023-06-17 21:43:49.987 : Start page is opened	[MsgId: MMSG-17999]
    2023-06-17 21:43:54.048 : User is logged in with session 136656.154637505HAcQcfApQftVzzzHtcVHfpfAfHcf	[MsgId: MMSG-17999]
    2023-06-17 21:43:59.765 : User is logged out of session	[MsgId: MMSG-17999]
  2023-06-17 21:45:55.893 : IterationNum=219	[MsgId: MMSG-17999]
   USER 219 = user77:pwd77	[MsgId: MMSG-17999]
    2023-06-17 21:45:55.987 : Start page is opened	[MsgId: MMSG-17999]
    2023-06-17 21:46:01.056 : User is logged in with session 136656.164844066HAcQcfVptHQVzzzHtcVHfpfAiiHf	[MsgId: MMSG-17999]
    2023-06-17 21:46:06.424 : User is logged out of session	[MsgId: MMSG-17999]
  2023-06-17 21:48:01.897 : IterationNum=220	[MsgId: MMSG-17999]
   USER 220 = user77:pwd77	[MsgId: MMSG-17999]
    2023-06-17 21:48:01.991 : Start page is opened	[MsgId: MMSG-17999]
    2023-06-17 21:48:07.388 : User is logged in with session 136656.175050628HAcQcfcpAAtVzzzHtcVHfpfVcAcf	[MsgId: MMSG-17999]
    2023-06-17 21:48:12.106 : User is logged out of session	[MsgId: MMSG-17999]
  2023-06-17 21:50:07.903 : IterationNum=221	[MsgId: MMSG-17999]
   USER 221 = user77:pwd77	[MsgId: MMSG-17999]
    2023-06-17 21:50:07.997 : Start page is opened	[MsgId: MMSG-17999]
    2023-06-17 21:50:13.177 : User is logged in with session 136656.185257189HAcQcfcpfcQVzzzHtcVHfpfVfVHf	[MsgId: MMSG-17999]
    2023-06-17 21:50:19.301 : User is logged out of session	[MsgId: MMSG-17999]
  2023-06-17 21:52:13.904 : IterationNum=222	[MsgId: MMSG-17999]
   USER 222 = user77:pwd77	[MsgId: MMSG-17999]
    2023-06-17 21:52:13.997 : Start page is opened	[MsgId: MMSG-17999]
    2023-06-17 21:52:20.285 : User is logged in with session 136656.195463751HAcQcfDpAftVzzzHtcVHfpfViDcf	[MsgId: MMSG-17999]
    2023-06-17 21:52:24.648 : User is logged out of session	[MsgId: MMSG-17999]
  2023-06-17 21:54:19.907 : IterationNum=223	[MsgId: MMSG-17999]
   USER 223 = user77:pwd77	[MsgId: MMSG-17999]
    2023-06-17 21:54:20.001 : Start page is opened	[MsgId: MMSG-17999]
    2023-06-17 21:54:25.206 : User is logged in with session 136656.205670312HAcQcfDpfHQVzzzHtcVHfpfcVtHf	[MsgId: MMSG-17999]
    2023-06-17 21:54:30.470 : User is logged out of session	[MsgId: MMSG-17999]
  2023-06-17 21:56:25.919 : IterationNum=224	[MsgId: MMSG-17999]
   USER 224 = user77:pwd77	[MsgId: MMSG-17999]
    2023-06-17 21:56:26.013 : Start page is opened	[MsgId: MMSG-17999]
    2023-06-17 21:56:31.075 : User is logged in with session 136656.215876873HAcQcftpVAtVzzzHtcVHfpfctzcf	[MsgId: MMSG-17999]
    2023-06-17 21:56:37.386 : User is logged out of session	[MsgId: MMSG-17999]
  2023-06-17 21:58:31.926 : IterationNum=225	[MsgId: MMSG-17999]
   USER 225 = user77:pwd77	[MsgId: MMSG-17999]
    2023-06-17 21:58:32.020 : Start page is opened	[MsgId: MMSG-17999]
    2023-06-17 21:58:37.827 : User is logged in with session 136656.226083435HAcQcftpzcQVzzzHtcVHfpfcHHHf	[MsgId: MMSG-17999]
    2023-06-17 21:58:43.300 : User is logged out of session	[MsgId: MMSG-17999]
  2023-06-17 22:00:37.927 : IterationNum=226	[MsgId: MMSG-17999]
   USER 226 = user77:pwd77	[MsgId: MMSG-17999]
    2023-06-17 22:00:38.021 : Start page is opened	[MsgId: MMSG-17999]
    2023-06-17 22:00:42.005 : User is logged in with session 136656.236289996HAcQcffpVftVzzzHtcVHfpfDAQcf	[MsgId: MMSG-17999]
    2023-06-17 22:00:47.073 : User is logged out of session	[MsgId: MMSG-17999]
  2023-06-17 22:02:43.930 : IterationNum=227	[MsgId: MMSG-17999]
   USER 227 = user77:pwd77	[MsgId: MMSG-17999]
    2023-06-17 22:02:44.025 : Start page is opened	[MsgId: MMSG-17999]
    2023-06-17 22:02:48.790 : User is logged in with session 136656.246496557HAcQcffpzHQVzzzHtcVHfpfDtAHf	[MsgId: MMSG-17999]
    2023-06-17 22:02:54.204 : User is logged out of session	[MsgId: MMSG-17999]
  2023-06-17 22:04:49.934 : IterationNum=228	[MsgId: MMSG-17999]
   USER 228 = user77:pwd77	[MsgId: MMSG-17999]
    2023-06-17 22:04:50.029 : Start page is opened	[MsgId: MMSG-17999]
    2023-06-17 22:04:54.135 : User is logged in with session 136656.256703119HAcQcfzpcAtVzzzHtcVHfpfDHccf	[MsgId: MMSG-17999]
    2023-06-17 22:05:00.059 : User is logged out of session	[MsgId: MMSG-17999]
  2023-06-17 22:06:55.939 : IterationNum=229	[MsgId: MMSG-17999]
   USER 229 = user77:pwd77	[MsgId: MMSG-17999]
    2023-06-17 22:06:56.032 : Start page is opened	[MsgId: MMSG-17999]
    2023-06-17 22:07:00.496 : User is logged in with session 136656.26690968HAcQcfzpHcQVzzzHtcVHfpftADHf	[MsgId: MMSG-17999]
    2023-06-17 22:07:06.061 : User is logged out of session	[MsgId: MMSG-17999]
  2023-06-17 22:09:01.943 : IterationNum=230	[MsgId: MMSG-17999]
   USER 230 = user77:pwd77	[MsgId: MMSG-17999]
    2023-06-17 22:09:02.037 : Start page is opened	[MsgId: MMSG-17999]
    2023-06-17 22:09:07.402 : User is logged in with session 136656.277116241HAcQcfHpcftVzzzHtcVHfpftDfcf	[MsgId: MMSG-17999]
    2023-06-17 22:09:11.309 : User is logged out of session	[MsgId: MMSG-17999]
  2023-06-17 22:11:07.956 : IterationNum=231	[MsgId: MMSG-17999]
   USER 231 = user77:pwd77	[MsgId: MMSG-17999]
    2023-06-17 22:11:08.049 : Start page is opened	[MsgId: MMSG-17999]
    2023-06-17 22:11:13.715 : User is logged in with session 136656.287322803HAcQcfHpHHQVzzzHtcVHfpftzzHf	[MsgId: MMSG-17999]
    2023-06-17 22:11:18.573 : User is logged out of session	[MsgId: MMSG-17999]
  2023-06-17 22:13:13.957 : IterationNum=232	[MsgId: MMSG-17999]
   USER 232 = user77:pwd77	[MsgId: MMSG-17999]
    2023-06-17 22:13:14.052 : Start page is opened	[MsgId: MMSG-17999]
    2023-06-17 22:13:18.019 : User is logged in with session 136656.297529364HAcQcfipDAtVzzzHtcVHfpftQicf	[MsgId: MMSG-17999]
    2023-06-17 22:13:22.114 : User is logged out of session	[MsgId: MMSG-17999]
  2023-06-17 22:15:19.960 : IterationNum=233	[MsgId: MMSG-17999]
   USER 233 = user77:pwd77	[MsgId: MMSG-17999]
    2023-06-17 22:15:20.053 : Start page is opened	[MsgId: MMSG-17999]
    2023-06-17 22:15:24.654 : User is logged in with session 136656.307735925HAcQcfipicQVzzzHtcVHfpffcQHf	[MsgId: MMSG-17999]
    2023-06-17 22:15:29.407 : User is logged out of session	[MsgId: MMSG-17999]
  2023-06-17 22:17:25.973 : IterationNum=234	[MsgId: MMSG-17999]
   USER 234 = user77:pwd77	[MsgId: MMSG-17999]
    2023-06-17 22:17:26.068 : Start page is opened	[MsgId: MMSG-17999]
    2023-06-17 22:17:30.361 : User is logged in with session 136656.318023491HAcQcfQpDfiDDDDDtcVHfpffzVf	[MsgId: MMSG-17999]
    2023-06-17 22:17:35.179 : User is logged out of session	[MsgId: MMSG-17999]
  2023-06-17 22:19:31.978 : IterationNum=235	[MsgId: MMSG-17999]
   USER 235 = user77:pwd77	[MsgId: MMSG-17999]
    2023-06-17 22:19:32.074 : Start page is opened	[MsgId: MMSG-17999]
    2023-06-17 22:19:36.015 : User is logged in with session 136656.328230053HAcQcfQpiiDDDDDDtcVHfpffQD	[MsgId: MMSG-17999]
    2023-06-17 22:19:41.371 : User is logged out of session	[MsgId: MMSG-17999]
  2023-06-17 22:21:37.980 : IterationNum=236	[MsgId: MMSG-17999]
   USER 236 = user77:pwd77	[MsgId: MMSG-17999]
    2023-06-17 22:21:38.074 : Start page is opened	[MsgId: MMSG-17999]
    2023-06-17 22:21:43.087 : User is logged in with session 136656.338436614HAcQczAptAiDDDDDtcVHfpfzctf	[MsgId: MMSG-17999]
    2023-06-17 22:21:49.098 : User is logged out of session	[MsgId: MMSG-17999]
