  2023-06-17 14:09:36.472 : IterationNum=1	[MsgId: MMSG-17999]
   USER 1 = user86:pwd86	[MsgId: MMSG-17999]
    2023-06-17 14:09:36.558 : Start page is opened	[MsgId: MMSG-17999]
    2023-06-17 14:09:42.625 : User is logged in with session 136653.947023086HAcQVDHpttcVHtpictt	[MsgId: MMSG-17999]
    2023-06-17 14:09:47.014 : User is logged out of session	[MsgId: MMSG-17999]
  2023-06-17 14:11:42.482 : IterationNum=2	[MsgId: MMSG-17999]
   USER 2 = user86:pwd86	[MsgId: MMSG-17999]
    2023-06-17 14:11:42.577 : Start page is opened	[MsgId: MMSG-17999]
    2023-06-17 14:11:47.042 : User is logged in with session 136653.957229648HAcQVDHpQcftcVHtpicHff	[MsgId: MMSG-17999]
    2023-06-17 14:11:51.855 : User is logged out of session	[MsgId: MMSG-17999]
  2023-06-17 14:13:48.489 : IterationNum=3	[MsgId: MMSG-17999]
   USER 3 = user86:pwd86	[MsgId: MMSG-17999]
    2023-06-17 14:13:48.583 : Start page is opened	[MsgId: MMSG-17999]
    2023-06-17 14:13:52.947 : User is logged in with session 136653.967436209HAcQVDiptftcVHtpiDAH	[MsgId: MMSG-17999]
    2023-06-17 14:13:58.727 : User is logged out of session	[MsgId: MMSG-17999]
  2023-06-17 14:15:54.491 : IterationNum=4	[MsgId: MMSG-17999]
   USER 4 = user86:pwd86	[MsgId: MMSG-17999]
    2023-06-17 14:15:54.585 : Start page is opened	[MsgId: MMSG-17999]
    2023-06-17 14:15:59.364 : User is logged in with session 136653.97764277HAcQVDipQHftcVHtpiDDif	[MsgId: MMSG-17999]
    2023-06-17 14:16:05.725 : User is logged out of session	[MsgId: MMSG-17999]
  2023-06-17 14:18:00.505 : IterationNum=5	[MsgId: MMSG-17999]
   USER 5 = user86:pwd86	[MsgId: MMSG-17999]
    2023-06-17 14:18:00.599 : Start page is opened	[MsgId: MMSG-17999]
    2023-06-17 14:18:06.348 : User is logged in with session 136653.987849332HAcQVDQpftcVHtpiDH	[MsgId: MMSG-17999]
    2023-06-17 14:18:12.222 : User is logged out of session	[MsgId: MMSG-17999]
  2023-06-17 14:20:06.515 : IterationNum=6	[MsgId: MMSG-17999]
   USER 6 = user86:pwd86	[MsgId: MMSG-17999]
    2023-06-17 14:20:06.610 : Start page is opened	[MsgId: MMSG-17999]
    2023-06-17 14:20:11.702 : User is logged in with session 136653.998055893HAcQVtApAcftcVHtpitAVf	[MsgId: MMSG-17999]
    2023-06-17 14:20:16.003 : User is logged out of session	[MsgId: MMSG-17999]
  2023-06-17 14:22:12.528 : IterationNum=7	[MsgId: MMSG-17999]
   USER 7 = user86:pwd86	[MsgId: MMSG-17999]
    2023-06-17 14:22:12.621 : Start page is opened	[MsgId: MMSG-17999]
    2023-06-17 14:22:16.641 : User is logged in with session 136654.008262454HAcQVtApfftcVHtpitDD	[MsgId: MMSG-17999]
    2023-06-17 14:22:22.610 : User is logged out of session	[MsgId: MMSG-17999]
  2023-06-17 14:24:18.536 : IterationNum=8	[MsgId: MMSG-17999]
   USER 8 = user86:pwd86	[MsgId: MMSG-17999]
    2023-06-17 14:24:18.630 : Start page is opened	[MsgId: MMSG-17999]
    2023-06-17 14:24:24.932 : User is logged in with session 136654.018469016HAcQVtVpAHftcVHtpitztf	[MsgId: MMSG-17999]
    2023-06-17 14:24:28.965 : User is logged out of session	[MsgId: MMSG-17999]
  2023-06-17 14:26:24.544 : IterationNum=9	[MsgId: MMSG-17999]
   USER 9 = user86:pwd86	[MsgId: MMSG-17999]
    2023-06-17 14:26:24.638 : Start page is opened	[MsgId: MMSG-17999]
    2023-06-17 14:26:29.621 : User is logged in with session 136654.028675577HAcQVtVpztcVHtpitQz	[MsgId: MMSG-17999]
    2023-06-17 14:26:33.973 : User is logged out of session	[MsgId: MMSG-17999]
  2023-06-17 14:28:30.548 : IterationNum=10	[MsgId: MMSG-17999]
   USER 10 = user86:pwd86	[MsgId: MMSG-17999]
    2023-06-17 14:28:30.644 : Start page is opened	[MsgId: MMSG-17999]
    2023-06-17 14:28:36.323 : User is logged in with session 136654.038882139HAcQVtcpVcftcVHtpifcHf	[MsgId: MMSG-17999]
    2023-06-17 14:28:40.892 : User is logged out of session	[MsgId: MMSG-17999]
  2023-06-17 14:30:36.548 : IterationNum=11	[MsgId: MMSG-17999]
   USER 11 = user86:pwd86	[MsgId: MMSG-17999]
    2023-06-17 14:30:36.643 : Start page is opened	[MsgId: MMSG-17999]
    2023-06-17 14:30:42.293 : User is logged in with session 136654.0490887HAcQVtcpzftcVHtpiffQ	[MsgId: MMSG-17999]
    2023-06-17 14:30:46.218 : User is logged out of session	[MsgId: MMSG-17999]
  2023-06-17 14:32:42.553 : IterationNum=12	[MsgId: MMSG-17999]
   USER 12 = user86:pwd86	[MsgId: MMSG-17999]
    2023-06-17 14:32:42.647 : Start page is opened	[MsgId: MMSG-17999]
    2023-06-17 14:32:48.567 : User is logged in with session 136654.059295261HAcQVtDpVHftcVHtpifQAf	[MsgId: MMSG-17999]
    2023-06-17 14:32:53.701 : User is logged out of session	[MsgId: MMSG-17999]
  2023-06-17 14:34:48.560 : IterationNum=13	[MsgId: MMSG-17999]
   USER 13 = user86:pwd86	[MsgId: MMSG-17999]
    2023-06-17 14:34:48.655 : Start page is opened	[MsgId: MMSG-17999]
    2023-06-17 14:34:54.541 : User is logged in with session 136654.069501823HAcQVtDpHtcVHtpizcc	[MsgId: MMSG-17999]
    2023-06-17 14:34:59.823 : User is logged out of session	[MsgId: MMSG-17999]
  2023-06-17 14:36:54.575 : IterationNum=14	[MsgId: MMSG-17999]
   USER 14 = user86:pwd86	[MsgId: MMSG-17999]
    2023-06-17 14:36:54.669 : Start page is opened	[MsgId: MMSG-17999]
    2023-06-17 14:36:59.921 : User is logged in with session 136654.079708384HAcQVttpccftcVHtpizfDf	[MsgId: MMSG-17999]
    2023-06-17 14:37:03.813 : User is logged out of session	[MsgId: MMSG-17999]
  2023-06-17 14:39:00.587 : IterationNum=15	[MsgId: MMSG-17999]
   USER 15 = user86:pwd86	[MsgId: MMSG-17999]
    2023-06-17 14:39:00.681 : Start page is opened	[MsgId: MMSG-17999]
    2023-06-17 14:39:05.595 : User is logged in with session 136654.089914945HAcQVttpHftcVHtpizif	[MsgId: MMSG-17999]
    2023-06-17 14:39:10.858 : User is logged out of session	[MsgId: MMSG-17999]
  2023-06-17 14:41:06.603 : IterationNum=16	[MsgId: MMSG-17999]
   USER 16 = user86:pwd86	[MsgId: MMSG-17999]
    2023-06-17 14:41:06.696 : Start page is opened	[MsgId: MMSG-17999]
    2023-06-17 14:41:12.368 : User is logged in with session 136654.100121507HAcQVtfpcHftcVHtpiHVzf	[MsgId: MMSG-17999]
    2023-06-17 14:41:18.379 : User is logged out of session	[MsgId: MMSG-17999]
  2023-06-17 14:43:12.613 : IterationNum=17	[MsgId: MMSG-17999]
   USER 17 = user86:pwd86	[MsgId: MMSG-17999]
    2023-06-17 14:43:12.708 : Start page is opened	[MsgId: MMSG-17999]
    2023-06-17 14:43:17.516 : User is logged in with session 136654.110328068HAcQVtfpitcVHtpiHti	[MsgId: MMSG-17999]
    2023-06-17 14:43:22.041 : User is logged out of session	[MsgId: MMSG-17999]
  2023-06-17 14:45:18.623 : IterationNum=18	[MsgId: MMSG-17999]
   USER 18 = user86:pwd86	[MsgId: MMSG-17999]
    2023-06-17 14:45:18.718 : Start page is opened	[MsgId: MMSG-17999]
    2023-06-17 14:45:23.639 : User is logged in with session 136654.120534629HAcQVtzpDcftcVHtpiHHQf	[MsgId: MMSG-17999]
    2023-06-17 14:45:29.973 : User is logged out of session	[MsgId: MMSG-17999]
  2023-06-17 14:47:24.629 : IterationNum=19	[MsgId: MMSG-17999]
   USER 19 = user86:pwd86	[MsgId: MMSG-17999]
    2023-06-17 14:47:24.723 : Start page is opened	[MsgId: MMSG-17999]
    2023-06-17 14:47:30.810 : User is logged in with session 136654.130741191HAcQVtzpiftcVHtpiiVV	[MsgId: MMSG-17999]
    2023-06-17 14:47:36.681 : User is logged out of session	[MsgId: MMSG-17999]
  2023-06-17 14:49:30.637 : IterationNum=20	[MsgId: MMSG-17999]
   USER 20 = user86:pwd86	[MsgId: MMSG-17999]
    2023-06-17 14:49:30.732 : Start page is opened	[MsgId: MMSG-17999]
    2023-06-17 14:49:36.935 : User is logged in with session 136654.140947752HAcQVtHpDHftcVHtpiitcf	[MsgId: MMSG-17999]
    2023-06-17 14:49:42.968 : User is logged out of session	[MsgId: MMSG-17999]
  2023-06-17 14:51:36.649 : IterationNum=21	[MsgId: MMSG-17999]
   USER 21 = user86:pwd86	[MsgId: MMSG-17999]
    2023-06-17 14:51:36.744 : Start page is opened	[MsgId: MMSG-17999]
    2023-06-17 14:51:41.429 : User is logged in with session 136654.151154314HAcQVtHpQtcVHtpiiHt	[MsgId: MMSG-17999]
    2023-06-17 14:51:46.507 : User is logged out of session	[MsgId: MMSG-17999]
  2023-06-17 14:53:42.650 : IterationNum=22	[MsgId: MMSG-17999]
   USER 22 = user86:pwd86	[MsgId: MMSG-17999]
    2023-06-17 14:53:42.745 : Start page is opened	[MsgId: MMSG-17999]
    2023-06-17 14:53:47.679 : User is logged in with session 136654.161360875HAcQVtiptcftcVHtpiQAff	[MsgId: MMSG-17999]
    2023-06-17 14:53:53.075 : User is logged out of session	[MsgId: MMSG-17999]
  2023-06-17 14:55:48.660 : IterationNum=23	[MsgId: MMSG-17999]
   USER 23 = user86:pwd86	[MsgId: MMSG-17999]
    2023-06-17 14:55:48.754 : Start page is opened	[MsgId: MMSG-17999]
    2023-06-17 14:55:52.918 : User is logged in with session 136654.171567436HAcQVtipQftcVHtpiQDH	[MsgId: MMSG-17999]
    2023-06-17 14:55:57.780 : User is logged out of session	[MsgId: MMSG-17999]
  2023-06-17 14:57:54.671 : IterationNum=24	[MsgId: MMSG-17999]
   USER 24 = user86:pwd86	[MsgId: MMSG-17999]
    2023-06-17 14:57:54.764 : Start page is opened	[MsgId: MMSG-17999]
    2023-06-17 14:57:59.163 : User is logged in with session 136654.181773998HAcQVtQptHftcVHtpiQzif	[MsgId: MMSG-17999]
    2023-06-17 14:58:04.722 : User is logged out of session	[MsgId: MMSG-17999]
  2023-06-17 15:00:00.680 : IterationNum=25	[MsgId: MMSG-17999]
   USER 25 = user86:pwd86	[MsgId: MMSG-17999]
    2023-06-17 15:00:00.774 : Start page is opened	[MsgId: MMSG-17999]
    2023-06-17 15:00:05.470 : User is logged in with session 136654.191980559HAcQVfAtcVHtpQ	[MsgId: MMSG-17999]
    2023-06-17 15:00:11.238 : User is logged out of session	[MsgId: MMSG-17999]
  2023-06-17 15:02:06.684 : IterationNum=26	[MsgId: MMSG-17999]
   USER 26 = user86:pwd86	[MsgId: MMSG-17999]
    2023-06-17 15:02:06.778 : Start page is opened	[MsgId: MMSG-17999]
    2023-06-17 15:02:13.079 : User is logged in with session 136654.20218712HAcQVfApfcftcVHtpQADVf	[MsgId: MMSG-17999]
    2023-06-17 15:02:17.901 : User is logged out of session	[MsgId: MMSG-17999]
  2023-06-17 15:04:12.691 : IterationNum=27	[MsgId: MMSG-17999]
   USER 27 = user86:pwd86	[MsgId: MMSG-17999]
    2023-06-17 15:04:12.786 : Start page is opened	[MsgId: MMSG-17999]
    2023-06-17 15:04:18.268 : User is logged in with session 136654.212393682HAcQVfVpAftcVHtpQAzD	[MsgId: MMSG-17999]
    2023-06-17 15:04:24.270 : User is logged out of session	[MsgId: MMSG-17999]
  2023-06-17 15:06:18.704 : IterationNum=28	[MsgId: MMSG-17999]
   USER 28 = user86:pwd86	[MsgId: MMSG-17999]
    2023-06-17 15:06:18.798 : Start page is opened	[MsgId: MMSG-17999]
    2023-06-17 15:06:24.618 : User is logged in with session 136654.222600243HAcQVfVpfHftcVHtpQAQtf	[MsgId: MMSG-17999]
    2023-06-17 15:06:30.504 : User is logged out of session	[MsgId: MMSG-17999]
  2023-06-17 15:08:24.717 : IterationNum=29	[MsgId: MMSG-17999]
   USER 29 = user86:pwd86	[MsgId: MMSG-17999]
    2023-06-17 15:08:24.810 : Start page is opened	[MsgId: MMSG-17999]
    2023-06-17 15:08:28.731 : User is logged in with session 136654.232806804HAcQVfcpVtcVHtpQVcz	[MsgId: MMSG-17999]
    2023-06-17 15:08:33.934 : User is logged out of session	[MsgId: MMSG-17999]
  2023-06-17 15:10:30.720 : IterationNum=30	[MsgId: MMSG-17999]
   USER 30 = user86:pwd86	[MsgId: MMSG-17999]
    2023-06-17 15:10:30.815 : Start page is opened	[MsgId: MMSG-17999]
    2023-06-17 15:10:36.218 : User is logged in with session 136654.243013366HAcQVfcpzcftcVHtpQVfHf	[MsgId: MMSG-17999]
    2023-06-17 15:10:41.874 : User is logged out of session	[MsgId: MMSG-17999]
  2023-06-17 15:12:36.728 : IterationNum=31	[MsgId: MMSG-17999]
   USER 31 = user86:pwd86	[MsgId: MMSG-17999]
    2023-06-17 15:12:36.822 : Start page is opened	[MsgId: MMSG-17999]
    2023-06-17 15:12:40.833 : User is logged in with session 136654.253219927HAcQVfDpVftcVHtpQViQ	[MsgId: MMSG-17999]
    2023-06-17 15:12:45.823 : User is logged out of session	[MsgId: MMSG-17999]
  2023-06-17 15:14:42.734 : IterationNum=32	[MsgId: MMSG-17999]
   USER 32 = user86:pwd86	[MsgId: MMSG-17999]
    2023-06-17 15:14:42.828 : Start page is opened	[MsgId: MMSG-17999]
    2023-06-17 15:14:48.668 : User is logged in with session 136654.263426488HAcQVfDpzHftcVHtpQccAf	[MsgId: MMSG-17999]
    2023-06-17 15:14:54.435 : User is logged out of session	[MsgId: MMSG-17999]
  2023-06-17 15:16:48.736 : IterationNum=33	[MsgId: MMSG-17999]
   USER 33 = user86:pwd86	[MsgId: MMSG-17999]
    2023-06-17 15:16:48.830 : Start page is opened	[MsgId: MMSG-17999]
    2023-06-17 15:16:53.692 : User is logged in with session 136654.27363305HAcQVftpctcVHtpQcfc	[MsgId: MMSG-17999]
    2023-06-17 15:16:59.022 : User is logged out of session	[MsgId: MMSG-17999]
  2023-06-17 15:18:54.751 : IterationNum=34	[MsgId: MMSG-17999]
   USER 34 = user86:pwd86	[MsgId: MMSG-17999]
    2023-06-17 15:18:54.845 : Start page is opened	[MsgId: MMSG-17999]
    2023-06-17 15:18:59.002 : User is logged in with session 136654.283839611HAcQVftpHcftcVHtpQciDf	[MsgId: MMSG-17999]
    2023-06-17 15:19:04.887 : User is logged out of session	[MsgId: MMSG-17999]
  2023-06-17 15:21:00.763 : IterationNum=35	[MsgId: MMSG-17999]
   USER 35 = user86:pwd86	[MsgId: MMSG-17999]
    2023-06-17 15:21:00.858 : Start page is opened	[MsgId: MMSG-17999]
    2023-06-17 15:21:05.945 : User is logged in with session 136654.294046173HAcQVffpcftcVHtpQDVf	[MsgId: MMSG-17999]
    2023-06-17 15:21:10.942 : User is logged out of session	[MsgId: MMSG-17999]
  2023-06-17 15:23:06.770 : IterationNum=36	[MsgId: MMSG-17999]
   USER 36 = user86:pwd86	[MsgId: MMSG-17999]
    2023-06-17 15:23:06.864 : Start page is opened	[MsgId: MMSG-17999]
    2023-06-17 15:23:12.392 : User is logged in with session 136654.304252734HAcQVffpHHftcVHtpQDtzf	[MsgId: MMSG-17999]
    2023-06-17 15:23:18.329 : User is logged out of session	[MsgId: MMSG-17999]
  2023-06-17 15:25:12.772 : IterationNum=37	[MsgId: MMSG-17999]
   USER 37 = user86:pwd86	[MsgId: MMSG-17999]
    2023-06-17 15:25:12.865 : Start page is opened	[MsgId: MMSG-17999]
    2023-06-17 15:25:17.040 : User is logged in with session 136654.314459295HAcQVfzpDtcVHtpQDHi	[MsgId: MMSG-17999]
    2023-06-17 15:25:22.281 : User is logged out of session	[MsgId: MMSG-17999]
  2023-06-17 15:27:18.783 : IterationNum=38	[MsgId: MMSG-17999]
   USER 38 = user86:pwd86	[MsgId: MMSG-17999]
    2023-06-17 15:27:18.877 : Start page is opened	[MsgId: MMSG-17999]
    2023-06-17 15:27:24.875 : User is logged in with session 136654.324665857HAcQVfzpicftcVHtpQtAQf	[MsgId: MMSG-17999]
    2023-06-17 15:27:28.952 : User is logged out of session	[MsgId: MMSG-17999]
  2023-06-17 15:29:24.796 : IterationNum=39	[MsgId: MMSG-17999]
   USER 39 = user86:pwd86	[MsgId: MMSG-17999]
    2023-06-17 15:29:24.891 : Start page is opened	[MsgId: MMSG-17999]
    2023-06-17 15:29:30.667 : User is logged in with session 136654.334872418HAcQVfHpDftcVHtpQttV	[MsgId: MMSG-17999]
    2023-06-17 15:29:35.183 : User is logged out of session	[MsgId: MMSG-17999]
  2023-06-17 15:31:30.811 : IterationNum=40	[MsgId: MMSG-17999]
   USER 40 = user86:pwd86	[MsgId: MMSG-17999]
    2023-06-17 15:31:30.906 : Start page is opened	[MsgId: MMSG-17999]
    2023-06-17 15:31:36.182 : User is logged in with session 136654.345078979HAcQVfHpiHftcVHtpQtHcf	[MsgId: MMSG-17999]
    2023-06-17 15:31:41.093 : User is logged out of session	[MsgId: MMSG-17999]
  2023-06-17 15:33:36.817 : IterationNum=41	[MsgId: MMSG-17999]
   USER 41 = user86:pwd86	[MsgId: MMSG-17999]
    2023-06-17 15:33:36.911 : Start page is opened	[MsgId: MMSG-17999]
    2023-06-17 15:33:42.809 : User is logged in with session 136654.355285541HAcQVfipttcVHtpQfAt	[MsgId: MMSG-17999]
    2023-06-17 15:33:48.650 : User is logged out of session	[MsgId: MMSG-17999]
  2023-06-17 15:35:42.828 : IterationNum=42	[MsgId: MMSG-17999]
   USER 42 = user86:pwd86	[MsgId: MMSG-17999]
    2023-06-17 15:35:42.922 : Start page is opened	[MsgId: MMSG-17999]
    2023-06-17 15:35:47.188 : User is logged in with session 136654.365492102HAcQVfipQcftcVHtpQfDff	[MsgId: MMSG-17999]
    2023-06-17 15:35:51.628 : User is logged out of session	[MsgId: MMSG-17999]
  2023-06-17 15:37:48.835 : IterationNum=43	[MsgId: MMSG-17999]
   USER 43 = user86:pwd86	[MsgId: MMSG-17999]
    2023-06-17 15:37:48.928 : Start page is opened	[MsgId: MMSG-17999]
    2023-06-17 15:37:53.854 : User is logged in with session 136654.375698663HAcQVfQptftcVHtpQfzH	[MsgId: MMSG-17999]
    2023-06-17 15:37:59.819 : User is logged out of session	[MsgId: MMSG-17999]
  2023-06-17 15:39:54.840 : IterationNum=44	[MsgId: MMSG-17999]
   USER 44 = user86:pwd86	[MsgId: MMSG-17999]
    2023-06-17 15:39:54.934 : Start page is opened	[MsgId: MMSG-17999]
    2023-06-17 15:40:01.209 : User is logged in with session 136654.385905225HAcQVfQpQHftcVHtpQfQif	[MsgId: MMSG-17999]
    2023-06-17 15:40:06.404 : User is logged out of session	[MsgId: MMSG-17999]
  2023-06-17 15:42:00.841 : IterationNum=45	[MsgId: MMSG-17999]
   USER 45 = user86:pwd86	[MsgId: MMSG-17999]
    2023-06-17 15:42:00.936 : Start page is opened	[MsgId: MMSG-17999]
    2023-06-17 15:42:05.663 : User is logged in with session 136654.396111786HAcQVzApftcVHtpQzD	[MsgId: MMSG-17999]
    2023-06-17 15:42:10.035 : User is logged out of session	[MsgId: MMSG-17999]
  2023-06-17 15:44:06.845 : IterationNum=46	[MsgId: MMSG-17999]
   USER 46 = user86:pwd86	[MsgId: MMSG-17999]
    2023-06-17 15:44:06.938 : Start page is opened	[MsgId: MMSG-17999]
    2023-06-17 15:44:11.487 : User is logged in with session 136654.406318348HAcQVzVpAcftcVHtpQzzVf	[MsgId: MMSG-17999]
    2023-06-17 15:44:17.660 : User is logged out of session	[MsgId: MMSG-17999]
  2023-06-17 15:46:12.851 : IterationNum=47	[MsgId: MMSG-17999]
   USER 47 = user86:pwd86	[MsgId: MMSG-17999]
    2023-06-17 15:46:12.945 : Start page is opened	[MsgId: MMSG-17999]
    2023-06-17 15:46:18.766 : User is logged in with session 136654.416524909HAcQVzVpfftcVHtpQzQD	[MsgId: MMSG-17999]
    2023-06-17 15:46:24.161 : User is logged out of session	[MsgId: MMSG-17999]
  2023-06-17 15:48:18.862 : IterationNum=48	[MsgId: MMSG-17999]
   USER 48 = user86:pwd86	[MsgId: MMSG-17999]
    2023-06-17 15:48:18.956 : Start page is opened	[MsgId: MMSG-17999]
    2023-06-17 15:48:24.631 : User is logged in with session 136654.42673147HAcQVzcpAHftcVHtpQHctf	[MsgId: MMSG-17999]
    2023-06-17 15:48:30.945 : User is logged out of session	[MsgId: MMSG-17999]
  2023-06-17 15:50:24.876 : IterationNum=49	[MsgId: MMSG-17999]
   USER 49 = user86:pwd86	[MsgId: MMSG-17999]
    2023-06-17 15:50:24.970 : Start page is opened	[MsgId: MMSG-17999]
    2023-06-17 15:50:30.246 : User is logged in with session 136654.436938032HAcQVzcpztcVHtpQHfz	[MsgId: MMSG-17999]
    2023-06-17 15:50:36.240 : User is logged out of session	[MsgId: MMSG-17999]
  2023-06-17 15:52:30.887 : IterationNum=50	[MsgId: MMSG-17999]
   USER 50 = user86:pwd86	[MsgId: MMSG-17999]
    2023-06-17 15:52:30.980 : Start page is opened	[MsgId: MMSG-17999]
    2023-06-17 15:52:37.156 : User is logged in with session 136654.447144593HAcQVzDpVcftcVHtpQHiHf	[MsgId: MMSG-17999]
    2023-06-17 15:52:43.275 : User is logged out of session	[MsgId: MMSG-17999]
  2023-06-17 15:54:36.898 : IterationNum=51	[MsgId: MMSG-17999]
   USER 51 = user86:pwd86	[MsgId: MMSG-17999]
    2023-06-17 15:54:36.991 : Start page is opened	[MsgId: MMSG-17999]
    2023-06-17 15:54:41.576 : User is logged in with session 136654.457351154HAcQVzDpzftcVHtpQiVQ	[MsgId: MMSG-17999]
    2023-06-17 15:54:47.933 : User is logged out of session	[MsgId: MMSG-17999]
  2023-06-17 15:56:42.903 : IterationNum=52	[MsgId: MMSG-17999]
   USER 52 = user86:pwd86	[MsgId: MMSG-17999]
    2023-06-17 15:56:42.997 : Start page is opened	[MsgId: MMSG-17999]
    2023-06-17 15:56:48.467 : User is logged in with session 136654.467557716HAcQVztpVHftcVHtpQifAf	[MsgId: MMSG-17999]
    2023-06-17 15:56:53.334 : User is logged out of session	[MsgId: MMSG-17999]
  2023-06-17 15:58:48.918 : IterationNum=53	[MsgId: MMSG-17999]
   USER 53 = user86:pwd86	[MsgId: MMSG-17999]
    2023-06-17 15:58:49.012 : Start page is opened	[MsgId: MMSG-17999]
    2023-06-17 15:58:54.903 : User is logged in with session 136654.477764277HAcQVztpHtcVHtpQiic	[MsgId: MMSG-17999]
    2023-06-17 15:59:00.877 : User is logged out of session	[MsgId: MMSG-17999]
  2023-06-17 16:00:54.923 : IterationNum=54	[MsgId: MMSG-17999]
   USER 54 = user86:pwd86	[MsgId: MMSG-17999]
    2023-06-17 16:00:55.017 : Start page is opened	[MsgId: MMSG-17999]
    2023-06-17 16:00:59.829 : User is logged in with session 136654.487970838HAcQVzfpccftcVHtpQQVDf	[MsgId: MMSG-17999]
    2023-06-17 16:01:04.381 : User is logged out of session	[MsgId: MMSG-17999]
  2023-06-17 16:03:00.933 : IterationNum=55	[MsgId: MMSG-17999]
   USER 55 = user86:pwd86	[MsgId: MMSG-17999]
    2023-06-17 16:03:01.028 : Start page is opened	[MsgId: MMSG-17999]
    2023-06-17 16:03:05.577 : User is logged in with session 136654.4981774HAcQVzfpHftcVHtpQQtf	[MsgId: MMSG-17999]
    2023-06-17 16:03:09.798 : User is logged out of session	[MsgId: MMSG-17999]
  2023-06-17 16:05:06.944 : IterationNum=56	[MsgId: MMSG-17999]
   USER 56 = user86:pwd86	[MsgId: MMSG-17999]
    2023-06-17 16:05:07.038 : Start page is opened	[MsgId: MMSG-17999]
    2023-06-17 16:05:13.010 : User is logged in with session 136654.508383961HAcQVzzpcHftcVHtpQQHzf	[MsgId: MMSG-17999]
    2023-06-17 16:05:17.777 : User is logged out of session	[MsgId: MMSG-17999]
  2023-06-17 16:07:12.957 : IterationNum=57	[MsgId: MMSG-17999]
   USER 57 = user86:pwd86	[MsgId: MMSG-17999]
    2023-06-17 16:07:13.050 : Start page is opened	[MsgId: MMSG-17999]
    2023-06-17 16:07:17.967 : User is logged in with session 136654.518590522HAcQVzzpitcVHfpAAAi	[MsgId: MMSG-17999]
    2023-06-17 16:07:22.431 : User is logged out of session	[MsgId: MMSG-17999]
  2023-06-17 16:09:18.962 : IterationNum=58	[MsgId: MMSG-17999]
   USER 58 = user86:pwd86	[MsgId: MMSG-17999]
    2023-06-17 16:09:19.057 : Start page is opened	[MsgId: MMSG-17999]
    2023-06-17 16:09:23.704 : User is logged in with session 136654.528797084HAcQVzHpDcftcVHfpAADQf	[MsgId: MMSG-17999]
    2023-06-17 16:09:27.795 : User is logged out of session	[MsgId: MMSG-17999]
  2023-06-17 16:11:24.978 : IterationNum=59	[MsgId: MMSG-17999]
   USER 59 = user86:pwd86	[MsgId: MMSG-17999]
    2023-06-17 16:11:25.072 : Start page is opened	[MsgId: MMSG-17999]
    2023-06-17 16:11:30.820 : User is logged in with session 136654.53908465HAcQVzHpiftVzzzHtcVHfpAAHVcf	[MsgId: MMSG-17999]
    2023-06-17 16:11:36.905 : User is logged out of session	[MsgId: MMSG-17999]
  2023-06-17 16:13:30.981 : IterationNum=60	[MsgId: MMSG-17999]
   USER 60 = user86:pwd86	[MsgId: MMSG-17999]
    2023-06-17 16:13:31.076 : Start page is opened	[MsgId: MMSG-17999]
    2023-06-17 16:13:36.560 : User is logged in with session 136654.549291211HAcQVzipDHQVzzzHtcVHfpAVAcHf	[MsgId: MMSG-17999]
    2023-06-17 16:13:41.008 : User is logged out of session	[MsgId: MMSG-17999]
  2023-06-17 16:15:36.982 : IterationNum=61	[MsgId: MMSG-17999]
   USER 61 = user86:pwd86	[MsgId: MMSG-17999]
    2023-06-17 16:15:37.077 : Start page is opened	[MsgId: MMSG-17999]
    2023-06-17 16:15:43.295 : User is logged in with session 136654.559497772HAcQVzipQAtVzzzHtcVHfpAVDtcf	[MsgId: MMSG-17999]
    2023-06-17 16:15:47.561 : User is logged out of session	[MsgId: MMSG-17999]
  2023-06-17 16:17:42.984 : IterationNum=62	[MsgId: MMSG-17999]
   USER 62 = user86:pwd86	[MsgId: MMSG-17999]
    2023-06-17 16:17:43.079 : Start page is opened	[MsgId: MMSG-17999]
    2023-06-17 16:17:47.360 : User is logged in with session 136654.569704334HAcQVzQptcQVzzzHtcVHfpAVzfHf	[MsgId: MMSG-17999]
    2023-06-17 16:17:52.953 : User is logged out of session	[MsgId: MMSG-17999]
  2023-06-17 16:19:48.989 : IterationNum=63	[MsgId: MMSG-17999]
   USER 63 = user86:pwd86	[MsgId: MMSG-17999]
    2023-06-17 16:19:49.083 : Start page is opened	[MsgId: MMSG-17999]
    2023-06-17 16:19:54.919 : User is logged in with session 136654.579910895HAcQVzQpQftVzzzHtcVHfpAVQHcf	[MsgId: MMSG-17999]
    2023-06-17 16:20:00.897 : User is logged out of session	[MsgId: MMSG-17999]
  2023-06-17 16:21:55.002 : IterationNum=64	[MsgId: MMSG-17999]
   USER 64 = user86:pwd86	[MsgId: MMSG-17999]
    2023-06-17 16:21:55.097 : Start page is opened	[MsgId: MMSG-17999]
    2023-06-17 16:22:01.408 : User is logged in with session 136654.590117456HAcQVHAptHQVzzzHtcVHfpAcciHf	[MsgId: MMSG-17999]
    2023-06-17 16:22:06.212 : User is logged out of session	[MsgId: MMSG-17999]
  2023-06-17 16:24:01.015 : IterationNum=65	[MsgId: MMSG-17999]
   USER 65 = user86:pwd86	[MsgId: MMSG-17999]
    2023-06-17 16:24:01.111 : Start page is opened	[MsgId: MMSG-17999]
    2023-06-17 16:24:05.040 : User is logged in with session 136654.600324018HAcQVHVpAAtVzzzHtcVHfpAczAcf	[MsgId: MMSG-17999]
    2023-06-17 16:24:10.719 : User is logged out of session	[MsgId: MMSG-17999]
  2023-06-17 16:26:07.030 : IterationNum=66	[MsgId: MMSG-17999]
   USER 66 = user86:pwd86	[MsgId: MMSG-17999]
    2023-06-17 16:26:07.124 : Start page is opened	[MsgId: MMSG-17999]
    2023-06-17 16:26:13.101 : User is logged in with session 136654.610530579HAcQVHVpfcQVzzzHtcVHfpAcQVHf	[MsgId: MMSG-17999]
    2023-06-17 16:26:17.452 : User is logged out of session	[MsgId: MMSG-17999]
  2023-06-17 16:28:13.043 : IterationNum=67	[MsgId: MMSG-17999]
   USER 67 = user86:pwd86	[MsgId: MMSG-17999]
    2023-06-17 16:28:13.137 : Start page is opened	[MsgId: MMSG-17999]
    2023-06-17 16:28:19.102 : User is logged in with session 136654.620737141HAcQVHcpAftVzzzHtcVHfpADcDcf	[MsgId: MMSG-17999]
    2023-06-17 16:28:24.105 : User is logged out of session	[MsgId: MMSG-17999]
  2023-06-17 16:30:19.055 : IterationNum=68	[MsgId: MMSG-17999]
   USER 68 = user86:pwd86	[MsgId: MMSG-17999]
    2023-06-17 16:30:19.150 : Start page is opened	[MsgId: MMSG-17999]
    2023-06-17 16:30:25.423 : User is logged in with session 136654.630943702HAcQVHcpfHQVzzzHtcVHfpADftHf	[MsgId: MMSG-17999]
    2023-06-17 16:30:31.562 : User is logged out of session	[MsgId: MMSG-17999]
  2023-06-17 16:32:25.061 : IterationNum=69	[MsgId: MMSG-17999]
   USER 69 = user86:pwd86	[MsgId: MMSG-17999]
    2023-06-17 16:32:25.155 : Start page is opened	[MsgId: MMSG-17999]
    2023-06-17 16:32:30.793 : User is logged in with session 136654.641150263HAcQVHDpVAtVzzzHtcVHfpADizcf	[MsgId: MMSG-17999]
    2023-06-17 16:32:35.003 : User is logged out of session	[MsgId: MMSG-17999]
  2023-06-17 16:34:31.065 : IterationNum=70	[MsgId: MMSG-17999]
   USER 70 = user86:pwd86	[MsgId: MMSG-17999]
    2023-06-17 16:34:31.159 : Start page is opened	[MsgId: MMSG-17999]
    2023-06-17 16:34:37.186 : User is logged in with session 136654.651356825HAcQVHDpzcQVzzzHtcVHfpAtVHHf	[MsgId: MMSG-17999]
    2023-06-17 16:34:43.331 : User is logged out of session	[MsgId: MMSG-17999]
  2023-06-17 16:36:37.069 : IterationNum=71	[MsgId: MMSG-17999]
   USER 71 = user86:pwd86	[MsgId: MMSG-17999]
    2023-06-17 16:36:37.164 : Start page is opened	[MsgId: MMSG-17999]
    2023-06-17 16:36:43.136 : User is logged in with session 136654.661563386HAcQVHtpVftVzzzHtcVHfpAttQcf	[MsgId: MMSG-17999]
    2023-06-17 16:36:49.037 : User is logged out of session	[MsgId: MMSG-17999]
  2023-06-17 16:38:43.073 : IterationNum=72	[MsgId: MMSG-17999]
   USER 72 = user86:pwd86	[MsgId: MMSG-17999]
    2023-06-17 16:38:43.167 : Start page is opened	[MsgId: MMSG-17999]
    2023-06-17 16:38:49.353 : User is logged in with session 136654.671769947HAcQVHtpzHQVzzzHtcVHfpAtiAHf	[MsgId: MMSG-17999]
    2023-06-17 16:38:53.910 : User is logged out of session	[MsgId: MMSG-17999]
  2023-06-17 16:40:49.082 : IterationNum=73	[MsgId: MMSG-17999]
   USER 73 = user86:pwd86	[MsgId: MMSG-17999]
    2023-06-17 16:40:49.176 : Start page is opened	[MsgId: MMSG-17999]
    2023-06-17 16:40:55.218 : User is logged in with session 136654.681976509HAcQVHfpcAtVzzzHtcVHfpAfVccf	[MsgId: MMSG-17999]
    2023-06-17 16:41:01.215 : User is logged out of session	[MsgId: MMSG-17999]
  2023-06-17 16:42:55.091 : IterationNum=74	[MsgId: MMSG-17999]
   USER 74 = user86:pwd86	[MsgId: MMSG-17999]
    2023-06-17 16:42:55.185 : Start page is opened	[MsgId: MMSG-17999]
    2023-06-17 16:43:01.545 : User is logged in with session 136654.69218307HAcQVHfpHcQVzzzHtcVHfpAftDHf	[MsgId: MMSG-17999]
    2023-06-17 16:43:06.463 : User is logged out of session	[MsgId: MMSG-17999]
  2023-06-17 16:45:01.094 : IterationNum=75	[MsgId: MMSG-17999]
   USER 75 = user86:pwd86	[MsgId: MMSG-17999]
    2023-06-17 16:45:01.189 : Start page is opened	[MsgId: MMSG-17999]
    2023-06-17 16:45:06.946 : User is logged in with session 136654.702389631HAcQVHzpcftVzzzHtcVHfpAfHfcf	[MsgId: MMSG-17999]
    2023-06-17 16:45:11.697 : User is logged out of session	[MsgId: MMSG-17999]
  2023-06-17 16:47:07.109 : IterationNum=76	[MsgId: MMSG-17999]
   USER 76 = user86:pwd86	[MsgId: MMSG-17999]
    2023-06-17 16:47:07.204 : Start page is opened	[MsgId: MMSG-17999]
    2023-06-17 16:47:11.505 : User is logged in with session 136654.712596193HAcQVHzpHHQVzzzHtcVHfpAzAzHf	[MsgId: MMSG-17999]
    2023-06-17 16:47:16.955 : User is logged out of session	[MsgId: MMSG-17999]
  2023-06-17 16:49:13.122 : IterationNum=77	[MsgId: MMSG-17999]
   USER 77 = user86:pwd86	[MsgId: MMSG-17999]
    2023-06-17 16:49:13.216 : Start page is opened	[MsgId: MMSG-17999]
    2023-06-17 16:49:18.201 : User is logged in with session 136654.722802754HAcQVHHpDAtVzzzHtcVHfpAzDicf	[MsgId: MMSG-17999]
    2023-06-17 16:49:22.757 : User is logged out of session	[MsgId: MMSG-17999]
  2023-06-17 16:51:19.122 : IterationNum=78	[MsgId: MMSG-17999]
   USER 78 = user86:pwd86	[MsgId: MMSG-17999]
    2023-06-17 16:51:19.216 : Start page is opened	[MsgId: MMSG-17999]
    2023-06-17 16:51:25.561 : User is logged in with session 136654.733009316HAcQVHHpicQVzzzHtcVHfpAzzQHf	[MsgId: MMSG-17999]
    2023-06-17 16:51:31.907 : User is logged out of session	[MsgId: MMSG-17999]
  2023-06-17 16:53:25.126 : IterationNum=79	[MsgId: MMSG-17999]
   USER 79 = user86:pwd86	[MsgId: MMSG-17999]
    2023-06-17 16:53:25.221 : Start page is opened	[MsgId: MMSG-17999]
    2023-06-17 16:53:30.589 : User is logged in with session 136654.743215877HAcQVHipDftVzzzHtcVHfpAHAVcf	[MsgId: MMSG-17999]
    2023-06-17 16:53:34.906 : User is logged out of session	[MsgId: MMSG-17999]
  2023-06-17 16:55:31.131 : IterationNum=80	[MsgId: MMSG-17999]
   USER 80 = user86:pwd86	[MsgId: MMSG-17999]
    2023-06-17 16:55:31.226 : Start page is opened	[MsgId: MMSG-17999]
    2023-06-17 16:55:37.357 : User is logged in with session 136654.753422438HAcQVHipiHQVzzzHtcVHfpAHDcHf	[MsgId: MMSG-17999]
    2023-06-17 16:55:41.983 : User is logged out of session	[MsgId: MMSG-17999]
  2023-06-17 16:57:37.138 : IterationNum=81	[MsgId: MMSG-17999]
   USER 81 = user86:pwd86	[MsgId: MMSG-17999]
    2023-06-17 16:57:37.231 : Start page is opened	[MsgId: MMSG-17999]
    2023-06-17 16:57:43.489 : User is logged in with session 136654.763629HAcQVHQptAtVzzzHtcVHfpAHztcf	[MsgId: MMSG-17999]
    2023-06-17 16:57:48.122 : User is logged out of session	[MsgId: MMSG-17999]
  2023-06-17 16:59:43.141 : IterationNum=82	[MsgId: MMSG-17999]
   USER 82 = user86:pwd86	[MsgId: MMSG-17999]
    2023-06-17 16:59:43.235 : Start page is opened	[MsgId: MMSG-17999]
    2023-06-17 16:59:48.329 : User is logged in with session 136654.773835561HAcQVHQpQcQVzzzHtcVHfpAHQfHf	[MsgId: MMSG-17999]
    2023-06-17 16:59:54.498 : User is logged out of session	[MsgId: MMSG-17999]
  2023-06-17 17:01:49.152 : IterationNum=83	[MsgId: MMSG-17999]
   USER 83 = user86:pwd86	[MsgId: MMSG-17999]
    2023-06-17 17:01:49.247 : Start page is opened	[MsgId: MMSG-17999]
    2023-06-17 17:01:54.491 : User is logged in with session 136654.784042122HAcQViAptftVzzzHtcVHfpAicHcf	[MsgId: MMSG-17999]
    2023-06-17 17:01:59.353 : User is logged out of session	[MsgId: MMSG-17999]
  2023-06-17 17:03:55.162 : IterationNum=84	[MsgId: MMSG-17999]
   USER 84 = user86:pwd86	[MsgId: MMSG-17999]
    2023-06-17 17:03:55.257 : Start page is opened	[MsgId: MMSG-17999]
    2023-06-17 17:04:01.040 : User is logged in with session 136654.794248684HAcQViApQHQVzzzHtcVHfpAifiHf	[MsgId: MMSG-17999]
    2023-06-17 17:04:05.517 : User is logged out of session	[MsgId: MMSG-17999]
  2023-06-17 17:06:01.164 : IterationNum=85	[MsgId: MMSG-17999]
   USER 85 = user86:pwd86	[MsgId: MMSG-17999]
    2023-06-17 17:06:01.258 : Start page is opened	[MsgId: MMSG-17999]
    2023-06-17 17:06:05.747 : User is logged in with session 136654.804455245HAcQViVpfAtVzzzHtcVHfpAiQAcf	[MsgId: MMSG-17999]
    2023-06-17 17:06:10.436 : User is logged out of session	[MsgId: MMSG-17999]
  2023-06-17 17:08:07.174 : IterationNum=86	[MsgId: MMSG-17999]
   USER 86 = user86:pwd86	[MsgId: MMSG-17999]
    2023-06-17 17:08:07.270 : Start page is opened	[MsgId: MMSG-17999]
    2023-06-17 17:08:13.531 : User is logged in with session 136654.814661806HAcQVicpAcQVzzzHtcVHfpAQcVHf	[MsgId: MMSG-17999]
    2023-06-17 17:08:17.487 : User is logged out of session	[MsgId: MMSG-17999]
  2023-06-17 17:10:13.186 : IterationNum=87	[MsgId: MMSG-17999]
   USER 87 = user86:pwd86	[MsgId: MMSG-17999]
    2023-06-17 17:10:13.281 : Start page is opened	[MsgId: MMSG-17999]
    2023-06-17 17:10:19.273 : User is logged in with session 136654.824868368HAcQVicpfftVzzzHtcVHfpAQfDcf	[MsgId: MMSG-17999]
    2023-06-17 17:10:23.583 : User is logged out of session	[MsgId: MMSG-17999]
  2023-06-17 17:12:19.202 : IterationNum=88	[MsgId: MMSG-17999]
   USER 88 = user86:pwd86	[MsgId: MMSG-17999]
    2023-06-17 17:12:19.296 : Start page is opened	[MsgId: MMSG-17999]
    2023-06-17 17:12:24.082 : User is logged in with session 136654.835074929HAcQViDpAHQVzzzHtcVHfpAQitHf	[MsgId: MMSG-17999]
    2023-06-17 17:12:28.424 : User is logged out of session	[MsgId: MMSG-17999]
  2023-06-17 17:14:25.204 : IterationNum=89	[MsgId: MMSG-17999]
   USER 89 = user86:pwd86	[MsgId: MMSG-17999]
    2023-06-17 17:14:25.297 : Start page is opened	[MsgId: MMSG-17999]
    2023-06-17 17:14:30.054 : User is logged in with session 136654.84528149HAcQViDpzAtVzzzHtcVHfpVAVzcf	[MsgId: MMSG-17999]
    2023-06-17 17:14:34.660 : User is logged out of session	[MsgId: MMSG-17999]
  2023-06-17 17:16:31.207 : IterationNum=90	[MsgId: MMSG-17999]
   USER 90 = user86:pwd86	[MsgId: MMSG-17999]
    2023-06-17 17:16:31.301 : Start page is opened	[MsgId: MMSG-17999]
    2023-06-17 17:16:35.777 : User is logged in with session 136654.855488052HAcQVitpVcQVzzzHtcVHfpVAtHHf	[MsgId: MMSG-17999]
    2023-06-17 17:16:40.225 : User is logged out of session	[MsgId: MMSG-17999]
  2023-06-17 17:18:37.207 : IterationNum=91	[MsgId: MMSG-17999]
   USER 91 = user86:pwd86	[MsgId: MMSG-17999]
    2023-06-17 17:18:37.301 : Start page is opened	[MsgId: MMSG-17999]
    2023-06-17 17:18:42.766 : User is logged in with session 136654.865694613HAcQVitpzftVzzzHtcVHfpVAHQcf	[MsgId: MMSG-17999]
    2023-06-17 17:18:47.345 : User is logged out of session	[MsgId: MMSG-17999]
  2023-06-17 17:20:43.213 : IterationNum=92	[MsgId: MMSG-17999]
   USER 92 = user86:pwd86	[MsgId: MMSG-17999]
    2023-06-17 17:20:43.307 : Start page is opened	[MsgId: MMSG-17999]
    2023-06-17 17:20:49.091 : User is logged in with session 136654.875901175HAcQVifpVHQVzzzHtcVHfpVVVAHf	[MsgId: MMSG-17999]
    2023-06-17 17:20:54.678 : User is logged out of session	[MsgId: MMSG-17999]
  2023-06-17 17:22:49.226 : IterationNum=93	[MsgId: MMSG-17999]
   USER 93 = user86:pwd86	[MsgId: MMSG-17999]
    2023-06-17 17:22:49.320 : Start page is opened	[MsgId: MMSG-17999]
    2023-06-17 17:22:53.694 : User is logged in with session 136654.886107736HAcQVifpHAtVzzzHtcVHfpVVtccf	[MsgId: MMSG-17999]
    2023-06-17 17:22:58.762 : User is logged out of session	[MsgId: MMSG-17999]
  2023-06-17 17:24:55.235 : IterationNum=94	[MsgId: MMSG-17999]
   USER 94 = user86:pwd86	[MsgId: MMSG-17999]
    2023-06-17 17:24:55.329 : Start page is opened	[MsgId: MMSG-17999]
    2023-06-17 17:25:00.149 : User is logged in with session 136654.896314297HAcQVizpccQVzzzHtcVHfpVVHDHf	[MsgId: MMSG-17999]
    2023-06-17 17:25:04.294 : User is logged out of session	[MsgId: MMSG-17999]
  2023-06-17 17:27:01.247 : IterationNum=95	[MsgId: MMSG-17999]
   USER 95 = user86:pwd86	[MsgId: MMSG-17999]
    2023-06-17 17:27:01.340 : Start page is opened	[MsgId: MMSG-17999]
    2023-06-17 17:27:05.995 : User is logged in with session 136654.906520859HAcQVizpHftVzzzHtcVHfpVcAfcf	[MsgId: MMSG-17999]
    2023-06-17 17:27:11.248 : User is logged out of session	[MsgId: MMSG-17999]
  2023-06-17 17:29:07.249 : IterationNum=96	[MsgId: MMSG-17999]
   USER 96 = user86:pwd86	[MsgId: MMSG-17999]
    2023-06-17 17:29:07.342 : Start page is opened	[MsgId: MMSG-17999]
    2023-06-17 17:29:11.247 : User is logged in with session 136654.91672742HAcQViHpcHQVzzzHtcVHfpVcDzHf	[MsgId: MMSG-17999]
    2023-06-17 17:29:16.928 : User is logged out of session	[MsgId: MMSG-17999]
  2023-06-17 17:31:13.249 : IterationNum=97	[MsgId: MMSG-17999]
   USER 97 = user86:pwd86	[MsgId: MMSG-17999]
    2023-06-17 17:31:13.342 : Start page is opened	[MsgId: MMSG-17999]
    2023-06-17 17:31:17.826 : User is logged in with session 136654.926933981HAcQViHpiAtVzzzHtcVHfpVczicf	[MsgId: MMSG-17999]
    2023-06-17 17:31:22.897 : User is logged out of session	[MsgId: MMSG-17999]
  2023-06-17 17:33:19.253 : IterationNum=98	[MsgId: MMSG-17999]
   USER 98 = user86:pwd86	[MsgId: MMSG-17999]
    2023-06-17 17:33:19.347 : Start page is opened	[MsgId: MMSG-17999]
    2023-06-17 17:33:23.319 : User is logged in with session 136654.937140543HAcQViipDcQVzzzHtcVHfpVcQQHf	[MsgId: MMSG-17999]
    2023-06-17 17:33:29.139 : User is logged out of session	[MsgId: MMSG-17999]
  2023-06-17 17:35:25.258 : IterationNum=99	[MsgId: MMSG-17999]
   USER 99 = user86:pwd86	[MsgId: MMSG-17999]
    2023-06-17 17:35:25.351 : Start page is opened	[MsgId: MMSG-17999]
    2023-06-17 17:35:31.242 : User is logged in with session 136654.947347104HAcQViipiftVzzzHtcVHfpVDDVcf	[MsgId: MMSG-17999]
    2023-06-17 17:35:36.922 : User is logged out of session	[MsgId: MMSG-17999]
  2023-06-17 17:37:31.262 : IterationNum=100	[MsgId: MMSG-17999]
   USER 100 = user86:pwd86	[MsgId: MMSG-17999]
    2023-06-17 17:37:31.357 : Start page is opened	[MsgId: MMSG-17999]
    2023-06-17 17:37:35.317 : User is logged in with session 136654.957553665HAcQViQpDHQVzzzHtcVHfpVDzcHf	[MsgId: MMSG-17999]
    2023-06-17 17:37:40.347 : User is logged out of session	[MsgId: MMSG-17999]
  2023-06-17 17:39:37.277 : IterationNum=101	[MsgId: MMSG-17999]
   USER 101 = user86:pwd86	[MsgId: MMSG-17999]
    2023-06-17 17:39:37.372 : Start page is opened	[MsgId: MMSG-17999]
    2023-06-17 17:39:43.670 : User is logged in with session 136654.967760227HAcQViQpQAtVzzzHtcVHfpVDQtcf	[MsgId: MMSG-17999]
    2023-06-17 17:39:48.827 : User is logged out of session	[MsgId: MMSG-17999]
  2023-06-17 17:41:43.279 : IterationNum=102	[MsgId: MMSG-17999]
   USER 102 = user86:pwd86	[MsgId: MMSG-17999]
    2023-06-17 17:41:43.373 : Start page is opened	[MsgId: MMSG-17999]
    2023-06-17 17:41:48.584 : User is logged in with session 136654.977966788HAcQVQAptcQVzzzHtcVHfpVtcfHf	[MsgId: MMSG-17999]
    2023-06-17 17:41:54.280 : User is logged out of session	[MsgId: MMSG-17999]
  2023-06-17 17:43:49.293 : IterationNum=103	[MsgId: MMSG-17999]
   USER 103 = user86:pwd86	[MsgId: MMSG-17999]
    2023-06-17 17:43:49.388 : Start page is opened	[MsgId: MMSG-17999]
    2023-06-17 17:43:54.116 : User is logged in with session 136654.98817335HAcQVQApQftVzzzHtcVHfpVtfHcf	[MsgId: MMSG-17999]
    2023-06-17 17:43:58.559 : User is logged out of session	[MsgId: MMSG-17999]
  2023-06-17 17:45:55.305 : IterationNum=104	[MsgId: MMSG-17999]
   USER 104 = user86:pwd86	[MsgId: MMSG-17999]
    2023-06-17 17:45:55.399 : Start page is opened	[MsgId: MMSG-17999]
    2023-06-17 17:46:01.139 : User is logged in with session 136654.998379911HAcQVQVptHQVzzzHtcVHfpVtiiHf	[MsgId: MMSG-17999]
    2023-06-17 17:46:06.476 : User is logged out of session	[MsgId: MMSG-17999]
  2023-06-17 17:48:01.310 : IterationNum=105	[MsgId: MMSG-17999]
   USER 105 = user86:pwd86	[MsgId: MMSG-17999]
    2023-06-17 17:48:01.404 : Start page is opened	[MsgId: MMSG-17999]
    2023-06-17 17:48:07.449 : User is logged in with session 136655.008586472HAcQVQcpAAtVzzzHtcVHfpVfcAcf	[MsgId: MMSG-17999]
    2023-06-17 17:48:11.663 : User is logged out of session	[MsgId: MMSG-17999]
  2023-06-17 17:50:07.320 : IterationNum=106	[MsgId: MMSG-17999]
   USER 106 = user86:pwd86	[MsgId: MMSG-17999]
    2023-06-17 17:50:07.413 : Start page is opened	[MsgId: MMSG-17999]
    2023-06-17 17:50:11.297 : User is logged in with session 136655.018793034HAcQVQcpfcQVzzzHtcVHfpVffVHf	[MsgId: MMSG-17999]
    2023-06-17 17:50:17.677 : User is logged out of session	[MsgId: MMSG-17999]
  2023-06-17 17:52:13.335 : IterationNum=107	[MsgId: MMSG-17999]
   USER 107 = user86:pwd86	[MsgId: MMSG-17999]
    2023-06-17 17:52:13.430 : Start page is opened	[MsgId: MMSG-17999]
    2023-06-17 17:52:19.408 : User is logged in with session 136655.028999595HAcQVQDpAftVzzzHtcVHfpVfiDcf	[MsgId: MMSG-17999]
    2023-06-17 17:52:25.245 : User is logged out of session	[MsgId: MMSG-17999]
  2023-06-17 17:54:19.342 : IterationNum=108	[MsgId: MMSG-17999]
   USER 108 = user86:pwd86	[MsgId: MMSG-17999]
    2023-06-17 17:54:19.437 : Start page is opened	[MsgId: MMSG-17999]
    2023-06-17 17:54:24.024 : User is logged in with session 136655.039206156HAcQVQDpfHQVzzzHtcVHfpVzVtHf	[MsgId: MMSG-17999]
    2023-06-17 17:54:28.689 : User is logged out of session	[MsgId: MMSG-17999]
  2023-06-17 17:56:25.353 : IterationNum=109	[MsgId: MMSG-17999]
   USER 109 = user86:pwd86	[MsgId: MMSG-17999]
    2023-06-17 17:56:25.447 : Start page is opened	[MsgId: MMSG-17999]
    2023-06-17 17:56:30.419 : User is logged in with session 136655.049412718HAcQVQtpVAtVzzzHtcVHfpVztzcf	[MsgId: MMSG-17999]
    2023-06-17 17:56:35.374 : User is logged out of session	[MsgId: MMSG-17999]
  2023-06-17 17:58:31.360 : IterationNum=110	[MsgId: MMSG-17999]
   USER 110 = user86:pwd86	[MsgId: MMSG-17999]
    2023-06-17 17:58:31.455 : Start page is opened	[MsgId: MMSG-17999]
    2023-06-17 17:58:35.592 : User is logged in with session 136655.059619279HAcQVQtpzcQVzzzHtcVHfpVzHHHf	[MsgId: MMSG-17999]
    2023-06-17 17:58:40.684 : User is logged out of session	[MsgId: MMSG-17999]
  2023-06-17 18:00:37.365 : IterationNum=111	[MsgId: MMSG-17999]
   USER 111 = user86:pwd86	[MsgId: MMSG-17999]
    2023-06-17 18:00:37.459 : Start page is opened	[MsgId: MMSG-17999]
    2023-06-17 18:00:42.443 : User is logged in with session 136655.06982584HAcQVQfpVftVzzzHtcVHfpVHAQcf	[MsgId: MMSG-17999]
    2023-06-17 18:00:48.471 : User is logged out of session	[MsgId: MMSG-17999]
  2023-06-17 18:02:43.373 : IterationNum=112	[MsgId: MMSG-17999]
   USER 112 = user86:pwd86	[MsgId: MMSG-17999]
    2023-06-17 18:02:43.466 : Start page is opened	[MsgId: MMSG-17999]
    2023-06-17 18:02:47.948 : User is logged in with session 136655.080032402HAcQVQfpzHQVzzzHtcVHfpVHtAHf	[MsgId: MMSG-17999]
    2023-06-17 18:02:52.437 : User is logged out of session	[MsgId: MMSG-17999]
  2023-06-17 18:04:49.381 : IterationNum=113	[MsgId: MMSG-17999]
   USER 113 = user86:pwd86	[MsgId: MMSG-17999]
    2023-06-17 18:04:49.476 : Start page is opened	[MsgId: MMSG-17999]
    2023-06-17 18:04:54.747 : User is logged in with session 136655.090238963HAcQVQzpcAtVzzzHtcVHfpVHHccf	[MsgId: MMSG-17999]
    2023-06-17 18:04:59.733 : User is logged out of session	[MsgId: MMSG-17999]
  2023-06-17 18:06:55.388 : IterationNum=114	[MsgId: MMSG-17999]
   USER 114 = user86:pwd86	[MsgId: MMSG-17999]
    2023-06-17 18:06:55.482 : Start page is opened	[MsgId: MMSG-17999]
    2023-06-17 18:07:01.586 : User is logged in with session 136655.100445525HAcQVQzpHcQVzzzHtcVHfpViADHf	[MsgId: MMSG-17999]
    2023-06-17 18:07:05.677 : User is logged out of session	[MsgId: MMSG-17999]
  2023-06-17 18:09:01.392 : IterationNum=115	[MsgId: MMSG-17999]
   USER 115 = user86:pwd86	[MsgId: MMSG-17999]
    2023-06-17 18:09:01.487 : Start page is opened	[MsgId: MMSG-17999]
    2023-06-17 18:09:07.717 : User is logged in with session 136655.110652086HAcQVQHpcftVzzzHtcVHfpViDfcf	[MsgId: MMSG-17999]
    2023-06-17 18:09:12.519 : User is logged out of session	[MsgId: MMSG-17999]
  2023-06-17 18:11:07.398 : IterationNum=116	[MsgId: MMSG-17999]
   USER 116 = user86:pwd86	[MsgId: MMSG-17999]
    2023-06-17 18:11:07.493 : Start page is opened	[MsgId: MMSG-17999]
    2023-06-17 18:11:13.228 : User is logged in with session 136655.120858647HAcQVQHpHHQVzzzHtcVHfpVizzHf	[MsgId: MMSG-17999]
    2023-06-17 18:11:17.327 : User is logged out of session	[MsgId: MMSG-17999]
  2023-06-17 18:13:13.404 : IterationNum=117	[MsgId: MMSG-17999]
   USER 117 = user86:pwd86	[MsgId: MMSG-17999]
    2023-06-17 18:13:13.499 : Start page is opened	[MsgId: MMSG-17999]
    2023-06-17 18:13:17.725 : User is logged in with session 136655.131065209HAcQVQipDAtVzzzHtcVHfpViQicf	[MsgId: MMSG-17999]
    2023-06-17 18:13:22.925 : User is logged out of session	[MsgId: MMSG-17999]
  2023-06-17 18:15:19.411 : IterationNum=118	[MsgId: MMSG-17999]
   USER 118 = user86:pwd86	[MsgId: MMSG-17999]
    2023-06-17 18:15:19.506 : Start page is opened	[MsgId: MMSG-17999]
    2023-06-17 18:15:25.279 : User is logged in with session 136655.14127177HAcQVQipicQVzzzHtcVHfpVQcQHf	[MsgId: MMSG-17999]
    2023-06-17 18:15:31.498 : User is logged out of session	[MsgId: MMSG-17999]
  2023-06-17 18:17:25.420 : IterationNum=119	[MsgId: MMSG-17999]
   USER 119 = user86:pwd86	[MsgId: MMSG-17999]
    2023-06-17 18:17:25.515 : Start page is opened	[MsgId: MMSG-17999]
    2023-06-17 18:17:29.818 : User is logged in with session 136655.151478331HAcQVQQpDftVzzzHtcVHfpVQzVcf	[MsgId: MMSG-17999]
    2023-06-17 18:17:34.123 : User is logged out of session	[MsgId: MMSG-17999]
  2023-06-17 18:19:31.428 : IterationNum=120	[MsgId: MMSG-17999]
   USER 120 = user86:pwd86	[MsgId: MMSG-17999]
    2023-06-17 18:19:31.523 : Start page is opened	[MsgId: MMSG-17999]
    2023-06-17 18:19:36.882 : User is logged in with session 136655.161684893HAcQVQQpiHQVzzzHtcVHfpVQQcHf	[MsgId: MMSG-17999]
    2023-06-17 18:19:40.845 : User is logged out of session	[MsgId: MMSG-17999]
  2023-06-17 18:21:37.436 : IterationNum=121	[MsgId: MMSG-17999]
   USER 121 = user86:pwd86	[MsgId: MMSG-17999]
    2023-06-17 18:21:37.530 : Start page is opened	[MsgId: MMSG-17999]
    2023-06-17 18:21:43.094 : User is logged in with session 136655.171891454HAcQcAAptAtVzzzHtcVHfpcActcf	[MsgId: MMSG-17999]
    2023-06-17 18:21:48.294 : User is logged out of session	[MsgId: MMSG-17999]
  2023-06-17 18:23:43.445 : IterationNum=122	[MsgId: MMSG-17999]
   USER 122 = user86:pwd86	[MsgId: MMSG-17999]
    2023-06-17 18:23:43.539 : Start page is opened	[MsgId: MMSG-17999]
    2023-06-17 18:23:49.451 : User is logged in with session 136655.182098015HAcQcAApQcQVzzzHtcVHfpcAffHf	[MsgId: MMSG-17999]
    2023-06-17 18:23:54.018 : User is logged out of session	[MsgId: MMSG-17999]
  2023-06-17 18:25:49.456 : IterationNum=123	[MsgId: MMSG-17999]
   USER 123 = user86:pwd86	[MsgId: MMSG-17999]
    2023-06-17 18:25:49.550 : Start page is opened	[MsgId: MMSG-17999]
    2023-06-17 18:25:53.543 : User is logged in with session 136655.192304577HAcQcAVptftVzzzHtcVHfpcAiHcf	[MsgId: MMSG-17999]
    2023-06-17 18:25:57.815 : User is logged out of session	[MsgId: MMSG-17999]
  2023-06-17 18:27:55.471 : IterationNum=124	[MsgId: MMSG-17999]
   USER 124 = user86:pwd86	[MsgId: MMSG-17999]
    2023-06-17 18:27:55.567 : Start page is opened	[MsgId: MMSG-17999]
    2023-06-17 18:28:01.508 : User is logged in with session 136655.202511138HAcQcAVpQHQVzzzHtcVHfpcVViHf	[MsgId: MMSG-17999]
    2023-06-17 18:28:06.020 : User is logged out of session	[MsgId: MMSG-17999]
  2023-06-17 18:30:01.485 : IterationNum=125	[MsgId: MMSG-17999]
   USER 125 = user86:pwd86	[MsgId: MMSG-17999]
    2023-06-17 18:30:01.579 : Start page is opened	[MsgId: MMSG-17999]
    2023-06-17 18:30:05.832 : User is logged in with session 136655.212717699HAcQcAcpfAtVzzzHtcVHfpcVfAcf	[MsgId: MMSG-17999]
    2023-06-17 18:30:11.113 : User is logged out of session	[MsgId: MMSG-17999]
  2023-06-17 18:32:07.499 : IterationNum=126	[MsgId: MMSG-17999]
   USER 126 = user86:pwd86	[MsgId: MMSG-17999]
    2023-06-17 18:32:07.592 : Start page is opened	[MsgId: MMSG-17999]
    2023-06-17 18:32:12.998 : User is logged in with session 136655.222924261HAcQcADpAcQVzzzHtcVHfpcViVHf	[MsgId: MMSG-17999]
    2023-06-17 18:32:17.052 : User is logged out of session	[MsgId: MMSG-17999]
  2023-06-17 18:34:13.504 : IterationNum=127	[MsgId: MMSG-17999]
   USER 127 = user86:pwd86	[MsgId: MMSG-17999]
    2023-06-17 18:34:13.600 : Start page is opened	[MsgId: MMSG-17999]
    2023-06-17 18:34:18.423 : User is logged in with session 136655.233130822HAcQcADpfftVzzzHtcVHfpccVDcf	[MsgId: MMSG-17999]
    2023-06-17 18:34:23.866 : User is logged out of session	[MsgId: MMSG-17999]
  2023-06-17 18:36:19.515 : IterationNum=128	[MsgId: MMSG-17999]
   USER 128 = user86:pwd86	[MsgId: MMSG-17999]
    2023-06-17 18:36:19.610 : Start page is opened	[MsgId: MMSG-17999]
    2023-06-17 18:36:24.736 : User is logged in with session 136655.243337384HAcQcAtpAHQVzzzHtcVHfpccttHf	[MsgId: MMSG-17999]
    2023-06-17 18:36:30.709 : User is logged out of session	[MsgId: MMSG-17999]
  2023-06-17 18:38:25.524 : IterationNum=129	[MsgId: MMSG-17999]
   USER 129 = user86:pwd86	[MsgId: MMSG-17999]
    2023-06-17 18:38:25.618 : Start page is opened	[MsgId: MMSG-17999]
    2023-06-17 18:38:31.672 : User is logged in with session 136655.253543945HAcQcAtpzAtVzzzHtcVHfpccHzcf	[MsgId: MMSG-17999]
    2023-06-17 18:38:37.910 : User is logged out of session	[MsgId: MMSG-17999]
  2023-06-17 18:40:31.523 : IterationNum=130	[MsgId: MMSG-17999]
   USER 130 = user86:pwd86	[MsgId: MMSG-17999]
    2023-06-17 18:40:31.616 : Start page is opened	[MsgId: MMSG-17999]
    2023-06-17 18:40:37.112 : User is logged in with session 136655.263750506HAcQcAfpVcQVzzzHtcVHfpcDAHHf	[MsgId: MMSG-17999]
    2023-06-17 18:40:43.405 : User is logged out of session	[MsgId: MMSG-17999]
  2023-06-17 18:42:37.538 : IterationNum=131	[MsgId: MMSG-17999]
   USER 131 = user86:pwd86	[MsgId: MMSG-17999]
    2023-06-17 18:42:37.632 : Start page is opened	[MsgId: MMSG-17999]
    2023-06-17 18:42:42.995 : User is logged in with session 136655.273957068HAcQcAfpzftVzzzHtcVHfpcDDQcf	[MsgId: MMSG-17999]
    2023-06-17 18:42:48.529 : User is logged out of session	[MsgId: MMSG-17999]
  2023-06-17 18:44:43.547 : IterationNum=132	[MsgId: MMSG-17999]
   USER 132 = user86:pwd86	[MsgId: MMSG-17999]
    2023-06-17 18:44:43.642 : Start page is opened	[MsgId: MMSG-17999]
    2023-06-17 18:44:49.878 : User is logged in with session 136655.284163629HAcQcAzpVHQVzzzHtcVHfpcDHAHf	[MsgId: MMSG-17999]
    2023-06-17 18:44:55.639 : User is logged out of session	[MsgId: MMSG-17999]
  2023-06-17 18:46:49.559 : IterationNum=133	[MsgId: MMSG-17999]
   USER 133 = user86:pwd86	[MsgId: MMSG-17999]
    2023-06-17 18:46:49.653 : Start page is opened	[MsgId: MMSG-17999]
    2023-06-17 18:46:54.011 : User is logged in with session 136655.29437019HAcQcAzpHAtVzzzHtcVHfpctAccf	[MsgId: MMSG-17999]
    2023-06-17 18:46:59.732 : User is logged out of session	[MsgId: MMSG-17999]
  2023-06-17 18:48:55.567 : IterationNum=134	[MsgId: MMSG-17999]
   USER 134 = user86:pwd86	[MsgId: MMSG-17999]
    2023-06-17 18:48:55.661 : Start page is opened	[MsgId: MMSG-17999]
    2023-06-17 18:48:59.891 : User is logged in with session 136655.304576752HAcQcAHpccQVzzzHtcVHfpctDDHf	[MsgId: MMSG-17999]
    2023-06-17 18:49:04.786 : User is logged out of session	[MsgId: MMSG-17999]
  2023-06-17 18:51:01.575 : IterationNum=135	[MsgId: MMSG-17999]
   USER 135 = user86:pwd86	[MsgId: MMSG-17999]
    2023-06-17 18:51:01.669 : Start page is opened	[MsgId: MMSG-17999]
    2023-06-17 18:51:06.173 : User is logged in with session 136655.314783313HAcQcAHpHftVzzzHtcVHfpctzfcf	[MsgId: MMSG-17999]
    2023-06-17 18:51:11.631 : User is logged out of session	[MsgId: MMSG-17999]
  2023-06-17 18:53:07.579 : IterationNum=136	[MsgId: MMSG-17999]
   USER 136 = user86:pwd86	[MsgId: MMSG-17999]
    2023-06-17 18:53:07.673 : Start page is opened	[MsgId: MMSG-17999]
    2023-06-17 18:53:13.863 : User is logged in with session 136655.324989874HAcQcAipcHQVzzzHtcVHfpctQzHf	[MsgId: MMSG-17999]
    2023-06-17 18:53:19.213 : User is logged out of session	[MsgId: MMSG-17999]
  2023-06-17 18:55:13.589 : IterationNum=137	[MsgId: MMSG-17999]
   USER 137 = user86:pwd86	[MsgId: MMSG-17999]
    2023-06-17 18:55:13.683 : Start page is opened	[MsgId: MMSG-17999]
    2023-06-17 18:55:18.534 : User is logged in with session 136655.335196436HAcQcAipiAtVzzzHtcVHfpcfcicf	[MsgId: MMSG-17999]
    2023-06-17 18:55:23.624 : User is logged out of session	[MsgId: MMSG-17999]
  2023-06-17 18:57:19.601 : IterationNum=138	[MsgId: MMSG-17999]
   USER 138 = user86:pwd86	[MsgId: MMSG-17999]
    2023-06-17 18:57:19.695 : Start page is opened	[MsgId: MMSG-17999]
    2023-06-17 18:57:23.930 : User is logged in with session 136655.345402997HAcQcAQpDcQVzzzHtcVHfpcffQHf	[MsgId: MMSG-17999]
    2023-06-17 18:57:29.967 : User is logged out of session	[MsgId: MMSG-17999]
  2023-06-17 18:59:25.602 : IterationNum=139	[MsgId: MMSG-17999]
   USER 139 = user86:pwd86	[MsgId: MMSG-17999]
    2023-06-17 18:59:25.696 : Start page is opened	[MsgId: MMSG-17999]
    2023-06-17 18:59:31.610 : User is logged in with session 136655.355609559HAcQcAQpiftVzzzHtcVHfpcfQVcf	[MsgId: MMSG-17999]
    2023-06-17 18:59:36.955 : User is logged out of session	[MsgId: MMSG-17999]
  2023-06-17 19:01:31.607 : IterationNum=140	[MsgId: MMSG-17999]
   USER 140 = user86:pwd86	[MsgId: MMSG-17999]
    2023-06-17 19:01:31.702 : Start page is opened	[MsgId: MMSG-17999]
    2023-06-17 19:01:35.629 : User is logged in with session 136655.36581612HAcQcVApDHQVzzzHtcVHfpczccHf	[MsgId: MMSG-17999]
    2023-06-17 19:01:41.703 : User is logged out of session	[MsgId: MMSG-17999]
  2023-06-17 19:03:37.620 : IterationNum=141	[MsgId: MMSG-17999]
   USER 141 = user86:pwd86	[MsgId: MMSG-17999]
    2023-06-17 19:03:37.712 : Start page is opened	[MsgId: MMSG-17999]
    2023-06-17 19:03:44.082 : User is logged in with session 136655.376022681HAcQcVApQAtVzzzHtcVHfpczftcf	[MsgId: MMSG-17999]
    2023-06-17 19:03:49.573 : User is logged out of session	[MsgId: MMSG-17999]
  2023-06-17 19:05:43.625 : IterationNum=142	[MsgId: MMSG-17999]
   USER 142 = user86:pwd86	[MsgId: MMSG-17999]
    2023-06-17 19:05:43.718 : Start page is opened	[MsgId: MMSG-17999]
    2023-06-17 19:05:48.737 : User is logged in with session 136655.386229243HAcQcVVptcQVzzzHtcVHfpczifHf	[MsgId: MMSG-17999]
    2023-06-17 19:05:53.576 : User is logged out of session	[MsgId: MMSG-17999]
  2023-06-17 19:07:49.640 : IterationNum=143	[MsgId: MMSG-17999]
   USER 143 = user86:pwd86	[MsgId: MMSG-17999]
    2023-06-17 19:07:49.734 : Start page is opened	[MsgId: MMSG-17999]
    2023-06-17 19:07:54.909 : User is logged in with session 136655.396435804HAcQcVVpQftVzzzHtcVHfpcHVHcf	[MsgId: MMSG-17999]
    2023-06-17 19:07:59.070 : User is logged out of session	[MsgId: MMSG-17999]
  2023-06-17 19:09:55.640 : IterationNum=144	[MsgId: MMSG-17999]
   USER 144 = user86:pwd86	[MsgId: MMSG-17999]
    2023-06-17 19:09:55.735 : Start page is opened	[MsgId: MMSG-17999]
    2023-06-17 19:10:01.856 : User is logged in with session 136655.406642365HAcQcVcptHQVzzzHtcVHfpcHtiHf	[MsgId: MMSG-17999]
    2023-06-17 19:10:07.411 : User is logged out of session	[MsgId: MMSG-17999]
  2023-06-17 19:12:01.640 : IterationNum=145	[MsgId: MMSG-17999]
   USER 145 = user86:pwd86	[MsgId: MMSG-17999]
    2023-06-17 19:12:01.733 : Start page is opened	[MsgId: MMSG-17999]
    2023-06-17 19:12:07.718 : User is logged in with session 136655.416848927HAcQcVDpAAtVzzzHtcVHfpcHiAcf	[MsgId: MMSG-17999]
    2023-06-17 19:12:11.638 : User is logged out of session	[MsgId: MMSG-17999]
  2023-06-17 19:14:07.655 : IterationNum=146	[MsgId: MMSG-17999]
   USER 146 = user86:pwd86	[MsgId: MMSG-17999]
    2023-06-17 19:14:07.749 : Start page is opened	[MsgId: MMSG-17999]
    2023-06-17 19:14:12.343 : User is logged in with session 136655.427055488HAcQcVDpfcQVzzzHtcVHfpciVVHf	[MsgId: MMSG-17999]
    2023-06-17 19:14:17.781 : User is logged out of session	[MsgId: MMSG-17999]
  2023-06-17 19:16:13.655 : IterationNum=147	[MsgId: MMSG-17999]
   USER 147 = user86:pwd86	[MsgId: MMSG-17999]
    2023-06-17 19:16:13.751 : Start page is opened	[MsgId: MMSG-17999]
    2023-06-17 19:16:18.689 : User is logged in with session 136655.437262049HAcQcVtpAftVzzzHtcVHfpcitDcf	[MsgId: MMSG-17999]
    2023-06-17 19:16:24.020 : User is logged out of session	[MsgId: MMSG-17999]
  2023-06-17 19:18:19.668 : IterationNum=148	[MsgId: MMSG-17999]
   USER 148 = user86:pwd86	[MsgId: MMSG-17999]
    2023-06-17 19:18:19.762 : Start page is opened	[MsgId: MMSG-17999]
    2023-06-17 19:18:23.966 : User is logged in with session 136655.447468611HAcQcVtpfHQVzzzHtcVHfpciHtHf	[MsgId: MMSG-17999]
    2023-06-17 19:18:28.154 : User is logged out of session	[MsgId: MMSG-17999]
  2023-06-17 19:20:25.676 : IterationNum=149	[MsgId: MMSG-17999]
   USER 149 = user86:pwd86	[MsgId: MMSG-17999]
    2023-06-17 19:20:25.770 : Start page is opened	[MsgId: MMSG-17999]
    2023-06-17 19:20:30.890 : User is logged in with session 136655.457675172HAcQcVfpVAtVzzzHtcVHfpcQAzcf	[MsgId: MMSG-17999]
    2023-06-17 19:20:35.594 : User is logged out of session	[MsgId: MMSG-17999]
  2023-06-17 19:22:31.687 : IterationNum=150	[MsgId: MMSG-17999]
   USER 150 = user86:pwd86	[MsgId: MMSG-17999]
    2023-06-17 19:22:31.781 : Start page is opened	[MsgId: MMSG-17999]
    2023-06-17 19:22:38.110 : User is logged in with session 136655.467881733HAcQcVfpzcQVzzzHtcVHfpcQDHHf	[MsgId: MMSG-17999]
    2023-06-17 19:22:43.484 : User is logged out of session	[MsgId: MMSG-17999]
  2023-06-17 19:24:37.700 : IterationNum=151	[MsgId: MMSG-17999]
   USER 151 = user86:pwd86	[MsgId: MMSG-17999]
    2023-06-17 19:24:37.793 : Start page is opened	[MsgId: MMSG-17999]
    2023-06-17 19:24:43.884 : User is logged in with session 136655.478088295HAcQcVzpVftVzzzHtcVHfpcQzQcf	[MsgId: MMSG-17999]
    2023-06-17 19:24:50.163 : User is logged out of session	[MsgId: MMSG-17999]
  2023-06-17 19:26:43.705 : IterationNum=152	[MsgId: MMSG-17999]
   USER 152 = user86:pwd86	[MsgId: MMSG-17999]
    2023-06-17 19:26:43.799 : Start page is opened	[MsgId: MMSG-17999]
    2023-06-17 19:26:48.670 : User is logged in with session 136655.488294856HAcQcVzpzHQVzzzHtcVHfpDAAAHf	[MsgId: MMSG-17999]
    2023-06-17 19:26:54.176 : User is logged out of session	[MsgId: MMSG-17999]
  2023-06-17 19:28:49.710 : IterationNum=153	[MsgId: MMSG-17999]
   USER 153 = user86:pwd86	[MsgId: MMSG-17999]
    2023-06-17 19:28:49.805 : Start page is opened	[MsgId: MMSG-17999]
    2023-06-17 19:28:54.619 : User is logged in with session 136655.498501418HAcQcVHpcAtVzzzHtcVHfpDADccf	[MsgId: MMSG-17999]
    2023-06-17 19:28:59.378 : User is logged out of session	[MsgId: MMSG-17999]
  2023-06-17 19:30:55.718 : IterationNum=154	[MsgId: MMSG-17999]
   USER 154 = user86:pwd86	[MsgId: MMSG-17999]
    2023-06-17 19:30:55.811 : Start page is opened	[MsgId: MMSG-17999]
    2023-06-17 19:31:00.441 : User is logged in with session 136655.508707979HAcQcVHpHcQVzzzHtcVHfpDAzDHf	[MsgId: MMSG-17999]
    2023-06-17 19:31:04.945 : User is logged out of session	[MsgId: MMSG-17999]
  2023-06-17 19:33:01.728 : IterationNum=155	[MsgId: MMSG-17999]
   USER 155 = user86:pwd86	[MsgId: MMSG-17999]
    2023-06-17 19:33:01.823 : Start page is opened	[MsgId: MMSG-17999]
    2023-06-17 19:33:07.153 : User is logged in with session 136655.51891454HAcQcVipcftVzzzHtcVHfpDAQfcf	[MsgId: MMSG-17999]
    2023-06-17 19:33:13.278 : User is logged out of session	[MsgId: MMSG-17999]
  2023-06-17 19:35:07.743 : IterationNum=156	[MsgId: MMSG-17999]
   USER 156 = user86:pwd86	[MsgId: MMSG-17999]
    2023-06-17 19:35:07.838 : Start page is opened	[MsgId: MMSG-17999]
    2023-06-17 19:35:13.484 : User is logged in with session 136655.529121102HAcQcVipHHQVzzzHtcVHfpDVczHf	[MsgId: MMSG-17999]
    2023-06-17 19:35:19.426 : User is logged out of session	[MsgId: MMSG-17999]
  2023-06-17 19:37:13.745 : IterationNum=157	[MsgId: MMSG-17999]
   USER 157 = user86:pwd86	[MsgId: MMSG-17999]
    2023-06-17 19:37:13.840 : Start page is opened	[MsgId: MMSG-17999]
    2023-06-17 19:37:19.328 : User is logged in with session 136655.539327663HAcQcVQpDAtVzzzHtcVHfpDVficf	[MsgId: MMSG-17999]
    2023-06-17 19:37:24.328 : User is logged out of session	[MsgId: MMSG-17999]
  2023-06-17 19:39:19.746 : IterationNum=158	[MsgId: MMSG-17999]
   USER 158 = user86:pwd86	[MsgId: MMSG-17999]
    2023-06-17 19:39:19.841 : Start page is opened	[MsgId: MMSG-17999]
    2023-06-17 19:39:25.171 : User is logged in with session 136655.549534224HAcQcVQpicQVzzzHtcVHfpDViQHf	[MsgId: MMSG-17999]
    2023-06-17 19:39:30.715 : User is logged out of session	[MsgId: MMSG-17999]
  2023-06-17 19:41:25.749 : IterationNum=159	[MsgId: MMSG-17999]
   USER 159 = user86:pwd86	[MsgId: MMSG-17999]
    2023-06-17 19:41:25.843 : Start page is opened	[MsgId: MMSG-17999]
    2023-06-17 19:41:29.788 : User is logged in with session 136655.559740786HAcQccApDftVzzzHtcVHfpDccVcf	[MsgId: MMSG-17999]
    2023-06-17 19:41:34.089 : User is logged out of session	[MsgId: MMSG-17999]
  2023-06-17 19:43:31.758 : IterationNum=160	[MsgId: MMSG-17999]
   USER 160 = user86:pwd86	[MsgId: MMSG-17999]
    2023-06-17 19:43:31.853 : Start page is opened	[MsgId: MMSG-17999]
    2023-06-17 19:43:36.011 : User is logged in with session 136655.569947347HAcQccApiHQVzzzHtcVHfpDcfcHf	[MsgId: MMSG-17999]
    2023-06-17 19:43:40.430 : User is logged out of session	[MsgId: MMSG-17999]
  2023-06-17 19:45:37.764 : IterationNum=161	[MsgId: MMSG-17999]
   USER 161 = user86:pwd86	[MsgId: MMSG-17999]
    2023-06-17 19:45:37.858 : Start page is opened	[MsgId: MMSG-17999]
    2023-06-17 19:45:41.971 : User is logged in with session 136655.580153908HAcQccVptAtVzzzHtcVHfpDcitcf	[MsgId: MMSG-17999]
    2023-06-17 19:45:46.824 : User is logged out of session	[MsgId: MMSG-17999]
  2023-06-17 19:47:43.777 : IterationNum=162	[MsgId: MMSG-17999]
   USER 162 = user86:pwd86	[MsgId: MMSG-17999]
    2023-06-17 19:47:43.870 : Start page is opened	[MsgId: MMSG-17999]
    2023-06-17 19:47:48.088 : User is logged in with session 136655.59036047HAcQccVpQcQVzzzHtcVHfpDDVfHf	[MsgId: MMSG-17999]
    2023-06-17 19:47:53.020 : User is logged out of session	[MsgId: MMSG-17999]
  2023-06-17 19:49:49.780 : IterationNum=163	[MsgId: MMSG-17999]
   USER 163 = user86:pwd86	[MsgId: MMSG-17999]
    2023-06-17 19:49:49.872 : Start page is opened	[MsgId: MMSG-17999]
    2023-06-17 19:49:56.247 : User is logged in with session 136655.600567031HAcQcccptftVzzzHtcVHfpDDtHcf	[MsgId: MMSG-17999]
    2023-06-17 19:50:00.269 : User is logged out of session	[MsgId: MMSG-17999]
  2023-06-17 19:51:55.785 : IterationNum=164	[MsgId: MMSG-17999]
   USER 164 = user86:pwd86	[MsgId: MMSG-17999]
    2023-06-17 19:51:55.879 : Start page is opened	[MsgId: MMSG-17999]
    2023-06-17 19:51:59.904 : User is logged in with session 136655.610773593HAcQcccpQHQVzzzHtcVHfpDDHiHf	[MsgId: MMSG-17999]
    2023-06-17 19:52:05.996 : User is logged out of session	[MsgId: MMSG-17999]
  2023-06-17 19:54:01.786 : IterationNum=165	[MsgId: MMSG-17999]
   USER 165 = user86:pwd86	[MsgId: MMSG-17999]
    2023-06-17 19:54:01.882 : Start page is opened	[MsgId: MMSG-17999]
    2023-06-17 19:54:06.000 : User is logged in with session 136655.620980154HAcQccDpfAtVzzzHtcVHfpDtVAcf	[MsgId: MMSG-17999]
    2023-06-17 19:54:11.930 : User is logged out of session	[MsgId: MMSG-17999]
  2023-06-17 19:56:07.793 : IterationNum=166	[MsgId: MMSG-17999]
   USER 166 = user86:pwd86	[MsgId: MMSG-17999]
    2023-06-17 19:56:07.887 : Start page is opened	[MsgId: MMSG-17999]
    2023-06-17 19:56:12.132 : User is logged in with session 136655.631186715HAcQcctpAcQVzzzHtcVHfpDttVHf	[MsgId: MMSG-17999]
    2023-06-17 19:56:16.796 : User is logged out of session	[MsgId: MMSG-17999]
  2023-06-17 19:58:13.802 : IterationNum=167	[MsgId: MMSG-17999]
   USER 167 = user86:pwd86	[MsgId: MMSG-17999]
    2023-06-17 19:58:13.897 : Start page is opened	[MsgId: MMSG-17999]
    2023-06-17 19:58:18.289 : User is logged in with session 136655.641393277HAcQcctpfftVzzzHtcVHfpDtHDcf	[MsgId: MMSG-17999]
    2023-06-17 19:58:24.087 : User is logged out of session	[MsgId: MMSG-17999]
  2023-06-17 20:00:19.812 : IterationNum=168	[MsgId: MMSG-17999]
   USER 168 = user86:pwd86	[MsgId: MMSG-17999]
    2023-06-17 20:00:19.905 : Start page is opened	[MsgId: MMSG-17999]
    2023-06-17 20:00:26.251 : User is logged in with session 136655.651599838HAcQccfpAHQVzzzHtcVHfpDfAtHf	[MsgId: MMSG-17999]
    2023-06-17 20:00:30.560 : User is logged out of session	[MsgId: MMSG-17999]
  2023-06-17 20:02:25.824 : IterationNum=169	[MsgId: MMSG-17999]
   USER 169 = user86:pwd86	[MsgId: MMSG-17999]
    2023-06-17 20:02:25.919 : Start page is opened	[MsgId: MMSG-17999]
    2023-06-17 20:02:30.581 : User is logged in with session 136655.661806399HAcQccfpzAtVzzzHtcVHfpDfDzcf	[MsgId: MMSG-17999]
    2023-06-17 20:02:36.216 : User is logged out of session	[MsgId: MMSG-17999]
  2023-06-17 20:04:31.824 : IterationNum=170	[MsgId: MMSG-17999]
   USER 170 = user86:pwd86	[MsgId: MMSG-17999]
    2023-06-17 20:04:31.919 : Start page is opened	[MsgId: MMSG-17999]
    2023-06-17 20:04:37.094 : User is logged in with session 136655.672012961HAcQcczpVcQVzzzHtcVHfpDfzHHf	[MsgId: MMSG-17999]
    2023-06-17 20:04:42.484 : User is logged out of session	[MsgId: MMSG-17999]
  2023-06-17 20:06:37.836 : IterationNum=171	[MsgId: MMSG-17999]
   USER 171 = user86:pwd86	[MsgId: MMSG-17999]
    2023-06-17 20:06:37.929 : Start page is opened	[MsgId: MMSG-17999]
    2023-06-17 20:06:41.918 : User is logged in with session 136655.682219522HAcQcczpzftVzzzHtcVHfpDfQQcf	[MsgId: MMSG-17999]
    2023-06-17 20:06:46.832 : User is logged out of session	[MsgId: MMSG-17999]
  2023-06-17 20:08:43.847 : IterationNum=172	[MsgId: MMSG-17999]
   USER 172 = user86:pwd86	[MsgId: MMSG-17999]
    2023-06-17 20:08:43.943 : Start page is opened	[MsgId: MMSG-17999]
    2023-06-17 20:08:49.605 : User is logged in with session 136655.692426083HAcQccHpVHQVzzzHtcVHfpDzDAHf	[MsgId: MMSG-17999]
    2023-06-17 20:08:55.069 : User is logged out of session	[MsgId: MMSG-17999]
  2023-06-17 20:10:49.856 : IterationNum=173	[MsgId: MMSG-17999]
   USER 173 = user86:pwd86	[MsgId: MMSG-17999]
    2023-06-17 20:10:49.950 : Start page is opened	[MsgId: MMSG-17999]
    2023-06-17 20:10:55.201 : User is logged in with session 136655.702632645HAcQccHpHAtVzzzHtcVHfpDzzccf	[MsgId: MMSG-17999]
    2023-06-17 20:11:00.696 : User is logged out of session	[MsgId: MMSG-17999]
  2023-06-17 20:12:55.865 : IterationNum=174	[MsgId: MMSG-17999]
   USER 174 = user86:pwd86	[MsgId: MMSG-17999]
    2023-06-17 20:12:55.959 : Start page is opened	[MsgId: MMSG-17999]
    2023-06-17 20:13:01.188 : User is logged in with session 136655.712839206HAcQccipccQVzzzHtcVHfpDzQDHf	[MsgId: MMSG-17999]
    2023-06-17 20:13:05.546 : User is logged out of session	[MsgId: MMSG-17999]
  2023-06-17 20:15:01.868 : IterationNum=175	[MsgId: MMSG-17999]
   USER 175 = user86:pwd86	[MsgId: MMSG-17999]
    2023-06-17 20:15:01.962 : Start page is opened	[MsgId: MMSG-17999]
    2023-06-17 20:15:07.144 : User is logged in with session 136655.723045768HAcQccipHftVzzzHtcVHfpDHcfcf	[MsgId: MMSG-17999]
    2023-06-17 20:15:11.410 : User is logged out of session	[MsgId: MMSG-17999]
  2023-06-17 20:17:07.872 : IterationNum=176	[MsgId: MMSG-17999]
   USER 176 = user86:pwd86	[MsgId: MMSG-17999]
    2023-06-17 20:17:07.965 : Start page is opened	[MsgId: MMSG-17999]
    2023-06-17 20:17:13.917 : User is logged in with session 136655.733252329HAcQccQpcHQVzzzHtcVHfpDHfzHf	[MsgId: MMSG-17999]
    2023-06-17 20:17:19.562 : User is logged out of session	[MsgId: MMSG-17999]
  2023-06-17 20:19:13.877 : IterationNum=177	[MsgId: MMSG-17999]
   USER 177 = user86:pwd86	[MsgId: MMSG-17999]
    2023-06-17 20:19:13.970 : Start page is opened	[MsgId: MMSG-17999]
    2023-06-17 20:19:18.509 : User is logged in with session 136655.74345889HAcQccQpiAtVzzzHtcVHfpDHiicf	[MsgId: MMSG-17999]
    2023-06-17 20:19:22.732 : User is logged out of session	[MsgId: MMSG-17999]
  2023-06-17 20:21:19.883 : IterationNum=178	[MsgId: MMSG-17999]
   USER 178 = user86:pwd86	[MsgId: MMSG-17999]
    2023-06-17 20:21:19.978 : Start page is opened	[MsgId: MMSG-17999]
    2023-06-17 20:21:25.216 : User is logged in with session 136655.753665452HAcQcDApDcQVzzzHtcVHfpDiVQHf	[MsgId: MMSG-17999]
    2023-06-17 20:21:31.368 : User is logged out of session	[MsgId: MMSG-17999]
  2023-06-17 20:23:25.891 : IterationNum=179	[MsgId: MMSG-17999]
   USER 179 = user86:pwd86	[MsgId: MMSG-17999]
    2023-06-17 20:23:25.985 : Start page is opened	[MsgId: MMSG-17999]
    2023-06-17 20:23:30.121 : User is logged in with session 136655.763872013HAcQcDApiftVzzzHtcVHfpDifVcf	[MsgId: MMSG-17999]
    2023-06-17 20:23:34.540 : User is logged out of session	[MsgId: MMSG-17999]
  2023-06-17 20:25:31.906 : IterationNum=180	[MsgId: MMSG-17999]
   USER 180 = user86:pwd86	[MsgId: MMSG-17999]
    2023-06-17 20:25:31.999 : Start page is opened	[MsgId: MMSG-17999]
    2023-06-17 20:25:37.337 : User is logged in with session 136655.774078574HAcQcDVpDHQVzzzHtcVHfpDiicHf	[MsgId: MMSG-17999]
    2023-06-17 20:25:42.177 : User is logged out of session	[MsgId: MMSG-17999]
  2023-06-17 20:27:37.917 : IterationNum=181	[MsgId: MMSG-17999]
   USER 181 = user86:pwd86	[MsgId: MMSG-17999]
    2023-06-17 20:27:38.011 : Start page is opened	[MsgId: MMSG-17999]
    2023-06-17 20:27:42.918 : User is logged in with session 136655.784285136HAcQcDVpQAtVzzzHtcVHfpDQVtcf	[MsgId: MMSG-17999]
    2023-06-17 20:27:48.541 : User is logged out of session	[MsgId: MMSG-17999]
  2023-06-17 20:29:43.927 : IterationNum=182	[MsgId: MMSG-17999]
   USER 182 = user86:pwd86	[MsgId: MMSG-17999]
    2023-06-17 20:29:44.021 : Start page is opened	[MsgId: MMSG-17999]
    2023-06-17 20:29:49.801 : User is logged in with session 136655.794491697HAcQcDcptcQVzzzHtcVHfpDQtfHf	[MsgId: MMSG-17999]
    2023-06-17 20:29:54.418 : User is logged out of session	[MsgId: MMSG-17999]
  2023-06-17 20:31:49.934 : IterationNum=183	[MsgId: MMSG-17999]
   USER 183 = user86:pwd86	[MsgId: MMSG-17999]
    2023-06-17 20:31:50.028 : Start page is opened	[MsgId: MMSG-17999]
    2023-06-17 20:31:55.460 : User is logged in with session 136655.804698258HAcQcDcpQftVzzzHtcVHfpDQHHcf	[MsgId: MMSG-17999]
    2023-06-17 20:32:01.780 : User is logged out of session	[MsgId: MMSG-17999]
  2023-06-17 20:33:55.938 : IterationNum=184	[MsgId: MMSG-17999]
   USER 184 = user86:pwd86	[MsgId: MMSG-17999]
    2023-06-17 20:33:56.033 : Start page is opened	[MsgId: MMSG-17999]
    2023-06-17 20:34:01.477 : User is logged in with session 136655.81490482HAcQcDDptHQVzzzHtcVHfptAAiHf	[MsgId: MMSG-17999]
    2023-06-17 20:34:07.156 : User is logged out of session	[MsgId: MMSG-17999]
  2023-06-17 20:36:01.942 : IterationNum=185	[MsgId: MMSG-17999]
   USER 185 = user86:pwd86	[MsgId: MMSG-17999]
    2023-06-17 20:36:02.037 : Start page is opened	[MsgId: MMSG-17999]
    2023-06-17 20:36:06.755 : User is logged in with session 136655.825111381HAcQcDtpAAtVzzzHtcVHfptAtAcf	[MsgId: MMSG-17999]
    2023-06-17 20:36:12.387 : User is logged out of session	[MsgId: MMSG-17999]
  2023-06-17 20:38:07.952 : IterationNum=186	[MsgId: MMSG-17999]
   USER 186 = user86:pwd86	[MsgId: MMSG-17999]
    2023-06-17 20:38:08.047 : Start page is opened	[MsgId: MMSG-17999]
    2023-06-17 20:38:12.922 : User is logged in with session 136655.835317942HAcQcDtpfcQVzzzHtcVHfptAHVHf	[MsgId: MMSG-17999]
    2023-06-17 20:38:17.561 : User is logged out of session	[MsgId: MMSG-17999]
  2023-06-17 20:40:13.963 : IterationNum=187	[MsgId: MMSG-17999]
   USER 187 = user86:pwd86	[MsgId: MMSG-17999]
    2023-06-17 20:40:14.057 : Start page is opened	[MsgId: MMSG-17999]
    2023-06-17 20:40:19.806 : User is logged in with session 136655.845524504HAcQcDfpAftVzzzHtcVHfptVADcf	[MsgId: MMSG-17999]
    2023-06-17 20:40:24.126 : User is logged out of session	[MsgId: MMSG-17999]
  2023-06-17 20:42:19.978 : IterationNum=188	[MsgId: MMSG-17999]
   USER 188 = user86:pwd86	[MsgId: MMSG-17999]
    2023-06-17 20:42:20.071 : Start page is opened	[MsgId: MMSG-17999]
    2023-06-17 20:42:26.248 : User is logged in with session 136655.85581207HAcQcDfpfiDDDDDDtcVHfptVDf	[MsgId: MMSG-17999]
    2023-06-17 20:42:30.905 : User is logged out of session	[MsgId: MMSG-17999]
  2023-06-17 20:44:25.982 : IterationNum=189	[MsgId: MMSG-17999]
   USER 189 = user86:pwd86	[MsgId: MMSG-17999]
    2023-06-17 20:44:26.077 : Start page is opened	[MsgId: MMSG-17999]
    2023-06-17 20:44:30.708 : User is logged in with session 136655.866018631HAcQcDzpVAiDDDDDtcVHfptVzzf	[MsgId: MMSG-17999]
    2023-06-17 20:44:36.712 : User is logged out of session	[MsgId: MMSG-17999]
  2023-06-17 20:46:31.997 : IterationNum=190	[MsgId: MMSG-17999]
   USER 190 = user86:pwd86	[MsgId: MMSG-17999]
    2023-06-17 20:46:32.092 : Start page is opened	[MsgId: MMSG-17999]
    2023-06-17 20:46:37.903 : User is logged in with session 136655.876225192HAcQcDzpzDDDDDDDtcVHfptVQi	[MsgId: MMSG-17999]
    2023-06-17 20:46:42.934 : User is logged out of session	[MsgId: MMSG-17999]
  2023-06-17 20:48:38.012 : IterationNum=191	[MsgId: MMSG-17999]
   USER 191 = user86:pwd86	[MsgId: MMSG-17999]
    2023-06-17 20:48:38.106 : Start page is opened	[MsgId: MMSG-17999]
    2023-06-17 20:48:43.099 : User is logged in with session 136655.886431754HAcQcDHpVfiDDDDDtcVHfptccQf	[MsgId: MMSG-17999]
    2023-06-17 20:48:47.617 : User is logged out of session	[MsgId: MMSG-17999]
  2023-06-17 20:50:44.018 : IterationNum=192	[MsgId: MMSG-17999]
   USER 192 = user86:pwd86	[MsgId: MMSG-17999]
    2023-06-17 20:50:44.112 : Start page is opened	[MsgId: MMSG-17999]
    2023-06-17 20:50:49.217 : User is logged in with session 136655.896638315HAcQcDHpziDDDDDDtcVHfptczV	[MsgId: MMSG-17999]
    2023-06-17 20:50:54.779 : User is logged out of session	[MsgId: MMSG-17999]
  2023-06-17 20:52:50.029 : IterationNum=193	[MsgId: MMSG-17999]
   USER 193 = user86:pwd86	[MsgId: MMSG-17999]
    2023-06-17 20:52:50.124 : Start page is opened	[MsgId: MMSG-17999]
    2023-06-17 20:52:54.789 : User is logged in with session 136655.906844876HAcQcDipcAiDDDDDtcVHfptcQcf	[MsgId: MMSG-17999]
    2023-06-17 20:52:59.081 : User is logged out of session	[MsgId: MMSG-17999]
  2023-06-17 20:54:56.030 : IterationNum=194	[MsgId: MMSG-17999]
   USER 194 = user86:pwd86	[MsgId: MMSG-17999]
    2023-06-17 20:54:56.123 : Start page is opened	[MsgId: MMSG-17999]
    2023-06-17 20:55:02.475 : User is logged in with session 136655.917051438HAcQcDipHDDDDDDDtcVHfptDct	[MsgId: MMSG-17999]
    2023-06-17 20:55:07.311 : User is logged out of session	[MsgId: MMSG-17999]
  2023-06-17 20:57:02.044 : IterationNum=195	[MsgId: MMSG-17999]
   USER 195 = user86:pwd86	[MsgId: MMSG-17999]
    2023-06-17 20:57:02.137 : Start page is opened	[MsgId: MMSG-17999]
    2023-06-17 20:57:08.408 : User is logged in with session 136655.927257999HAcQcDQpcfiDDDDDtcVHfptDfff	[MsgId: MMSG-17999]
    2023-06-17 20:57:13.624 : User is logged out of session	[MsgId: MMSG-17999]
  2023-06-17 20:59:08.058 : IterationNum=196	[MsgId: MMSG-17999]
   USER 196 = user86:pwd86	[MsgId: MMSG-17999]
    2023-06-17 20:59:08.152 : Start page is opened	[MsgId: MMSG-17999]
    2023-06-17 20:59:13.934 : User is logged in with session 136655.937464561HAcQcDQpHiDDDDDDtcVHfptDiH	[MsgId: MMSG-17999]
    2023-06-17 20:59:20.122 : User is logged out of session	[MsgId: MMSG-17999]
  2023-06-17 21:01:14.061 : IterationNum=197	[MsgId: MMSG-17999]
   USER 197 = user86:pwd86	[MsgId: MMSG-17999]
    2023-06-17 21:01:14.155 : Start page is opened	[MsgId: MMSG-17999]
    2023-06-17 21:01:18.381 : User is logged in with session 136655.947671122HAcQctApDAiDDDDDtcVHfpttVif	[MsgId: MMSG-17999]
    2023-06-17 21:01:22.880 : User is logged out of session	[MsgId: MMSG-17999]
  2023-06-17 21:03:20.069 : IterationNum=198	[MsgId: MMSG-17999]
   USER 198 = user86:pwd86	[MsgId: MMSG-17999]
    2023-06-17 21:03:20.163 : Start page is opened	[MsgId: MMSG-17999]
    2023-06-17 21:03:25.913 : User is logged in with session 136655.957877683HAcQctApiDDDDDDDtcVHfpttf	[MsgId: MMSG-17999]
    2023-06-17 21:03:31.309 : User is logged out of session	[MsgId: MMSG-17999]
  2023-06-17 21:05:26.079 : IterationNum=199	[MsgId: MMSG-17999]
   USER 199 = user86:pwd86	[MsgId: MMSG-17999]
    2023-06-17 21:05:26.175 : Start page is opened	[MsgId: MMSG-17999]
    2023-06-17 21:05:32.519 : User is logged in with session 136655.968084245HAcQctVpDfiDDDDDtcVHfpttiVf	[MsgId: MMSG-17999]
    2023-06-17 21:05:37.265 : User is logged out of session	[MsgId: MMSG-17999]
  2023-06-17 21:07:32.089 : IterationNum=200	[MsgId: MMSG-17999]
   USER 200 = user86:pwd86	[MsgId: MMSG-17999]
    2023-06-17 21:07:32.181 : Start page is opened	[MsgId: MMSG-17999]
    2023-06-17 21:07:36.724 : User is logged in with session 136655.978290806HAcQctVpiiDDDDDDtcVHfptfVD	[MsgId: MMSG-17999]
    2023-06-17 21:07:42.342 : User is logged out of session	[MsgId: MMSG-17999]
  2023-06-17 21:09:38.104 : IterationNum=201	[MsgId: MMSG-17999]
   USER 201 = user86:pwd86	[MsgId: MMSG-17999]
    2023-06-17 21:09:38.197 : Start page is opened	[MsgId: MMSG-17999]
    2023-06-17 21:09:43.232 : User is logged in with session 136655.988497367HAcQctcptAiDDDDDtcVHfptfttf	[MsgId: MMSG-17999]
    2023-06-17 21:09:47.955 : User is logged out of session	[MsgId: MMSG-17999]
  2023-06-17 21:11:44.115 : IterationNum=202	[MsgId: MMSG-17999]
   USER 202 = user86:pwd86	[MsgId: MMSG-17999]
    2023-06-17 21:11:44.210 : Start page is opened	[MsgId: MMSG-17999]
    2023-06-17 21:11:48.803 : User is logged in with session 136655.998703929HAcQctcpQDDDDDDDtcVHfptfHz	[MsgId: MMSG-17999]
    2023-06-17 21:11:52.864 : User is logged out of session	[MsgId: MMSG-17999]
  2023-06-17 21:13:50.122 : IterationNum=203	[MsgId: MMSG-17999]
   USER 203 = user86:pwd86	[MsgId: MMSG-17999]
    2023-06-17 21:13:50.216 : Start page is opened	[MsgId: MMSG-17999]
    2023-06-17 21:13:56.235 : User is logged in with session 136656.00891049HAcQctDptfiDDDDDtcVHfptzAHf	[MsgId: MMSG-17999]
    2023-06-17 21:14:02.333 : User is logged out of session	[MsgId: MMSG-17999]
  2023-06-17 21:15:56.123 : IterationNum=204	[MsgId: MMSG-17999]
   USER 204 = user86:pwd86	[MsgId: MMSG-17999]
    2023-06-17 21:15:56.218 : Start page is opened	[MsgId: MMSG-17999]
    2023-06-17 21:16:00.110 : User is logged in with session 136656.019117051HAcQctDpQiDDDDDDtcVHfptzDQ	[MsgId: MMSG-17999]
    2023-06-17 21:16:04.892 : User is logged out of session	[MsgId: MMSG-17999]
  2023-06-17 21:18:02.124 : IterationNum=205	[MsgId: MMSG-17999]
   USER 205 = user86:pwd86	[MsgId: MMSG-17999]
    2023-06-17 21:18:02.217 : Start page is opened	[MsgId: MMSG-17999]
    2023-06-17 21:18:07.185 : User is logged in with session 136656.029323613HAcQcttpfAiDDDDDtcVHfptzHAf	[MsgId: MMSG-17999]
    2023-06-17 21:18:11.512 : User is logged out of session	[MsgId: MMSG-17999]
  2023-06-17 21:20:08.138 : IterationNum=206	[MsgId: MMSG-17999]
   USER 206 = user86:pwd86	[MsgId: MMSG-17999]
    2023-06-17 21:20:08.233 : Start page is opened	[MsgId: MMSG-17999]
    2023-06-17 21:20:13.475 : User is logged in with session 136656.039530174HAcQctfpADDDDDDDtcVHfptHAc	[MsgId: MMSG-17999]
    2023-06-17 21:20:18.948 : User is logged out of session	[MsgId: MMSG-17999]
  2023-06-17 21:22:14.139 : IterationNum=207	[MsgId: MMSG-17999]
   USER 207 = user86:pwd86	[MsgId: MMSG-17999]
    2023-06-17 21:22:14.233 : Start page is opened	[MsgId: MMSG-17999]
    2023-06-17 21:22:19.424 : User is logged in with session 136656.049736736HAcQctfpffiDDDDDtcVHfptHDDf	[MsgId: MMSG-17999]
    2023-06-17 21:22:25.661 : User is logged out of session	[MsgId: MMSG-17999]
  2023-06-17 21:24:20.152 : IterationNum=208	[MsgId: MMSG-17999]
   USER 208 = user86:pwd86	[MsgId: MMSG-17999]
    2023-06-17 21:24:20.247 : Start page is opened	[MsgId: MMSG-17999]
    2023-06-17 21:24:25.892 : User is logged in with session 136656.059943297HAcQctzpAiDDDDDDtcVHfptHzf	[MsgId: MMSG-17999]
    2023-06-17 21:24:31.186 : User is logged out of session	[MsgId: MMSG-17999]
  2023-06-17 21:26:26.164 : IterationNum=209	[MsgId: MMSG-17999]
   USER 209 = user86:pwd86	[MsgId: MMSG-17999]
    2023-06-17 21:26:26.259 : Start page is opened	[MsgId: MMSG-17999]
    2023-06-17 21:26:30.684 : User is logged in with session 136656.070149858HAcQctzpzAiDDDDDtcVHfptHQzf	[MsgId: MMSG-17999]
    2023-06-17 21:26:36.373 : User is logged out of session	[MsgId: MMSG-17999]
  2023-06-17 21:28:32.171 : IterationNum=210	[MsgId: MMSG-17999]
   USER 210 = user86:pwd86	[MsgId: MMSG-17999]
    2023-06-17 21:28:32.266 : Start page is opened	[MsgId: MMSG-17999]
    2023-06-17 21:28:37.705 : User is logged in with session 136656.08035642HAcQctHpVDDDDDDDtcVHfptici	[MsgId: MMSG-17999]
    2023-06-17 21:28:42.264 : User is logged out of session	[MsgId: MMSG-17999]
  2023-06-17 21:30:38.173 : IterationNum=211	[MsgId: MMSG-17999]
   USER 211 = user86:pwd86	[MsgId: MMSG-17999]
    2023-06-17 21:30:38.267 : Start page is opened	[MsgId: MMSG-17999]
    2023-06-17 21:30:42.753 : User is logged in with session 136656.090562981HAcQctHpzfiDDDDDtcVHfptifQf	[MsgId: MMSG-17999]
    2023-06-17 21:30:47.828 : User is logged out of session	[MsgId: MMSG-17999]
  2023-06-17 21:32:44.177 : IterationNum=212	[MsgId: MMSG-17999]
   USER 212 = user86:pwd86	[MsgId: MMSG-17999]
    2023-06-17 21:32:44.269 : Start page is opened	[MsgId: MMSG-17999]
    2023-06-17 21:32:49.693 : User is logged in with session 136656.100769542HAcQctipViDDDDDDtcVHfptiQV	[MsgId: MMSG-17999]
    2023-06-17 21:32:54.094 : User is logged out of session	[MsgId: MMSG-17999]
  2023-06-17 21:34:50.177 : IterationNum=213	[MsgId: MMSG-17999]
   USER 213 = user86:pwd86	[MsgId: MMSG-17999]
    2023-06-17 21:34:50.271 : Start page is opened	[MsgId: MMSG-17999]
    2023-06-17 21:34:56.283 : User is logged in with session 136656.110976104HAcQctipHAiDDDDDtcVHfptQccf	[MsgId: MMSG-17999]
    2023-06-17 21:35:01.294 : User is logged out of session	[MsgId: MMSG-17999]
  2023-06-17 21:36:56.187 : IterationNum=214	[MsgId: MMSG-17999]
   USER 214 = user86:pwd86	[MsgId: MMSG-17999]
    2023-06-17 21:36:56.281 : Start page is opened	[MsgId: MMSG-17999]
    2023-06-17 21:37:00.173 : User is logged in with session 136656.121182665HAcQctQpcDDDDDDDtcVHfptQft	[MsgId: MMSG-17999]
    2023-06-17 21:37:05.951 : User is logged out of session	[MsgId: MMSG-17999]
  2023-06-17 21:39:02.188 : IterationNum=215	[MsgId: MMSG-17999]
   USER 215 = user86:pwd86	[MsgId: MMSG-17999]
    2023-06-17 21:39:02.282 : Start page is opened	[MsgId: MMSG-17999]
    2023-06-17 21:39:07.819 : User is logged in with session 136656.131389226HAcQctQpHfiDDDDDtcVHfptQiff	[MsgId: MMSG-17999]
    2023-06-17 21:39:13.916 : User is logged out of session	[MsgId: MMSG-17999]
  2023-06-17 21:41:08.200 : IterationNum=216	[MsgId: MMSG-17999]
   USER 216 = user86:pwd86	[MsgId: MMSG-17999]
    2023-06-17 21:41:08.293 : Start page is opened	[MsgId: MMSG-17999]
    2023-06-17 21:41:12.310 : User is logged in with session 136656.141595788HAcQcfApciDDDDDDtcVHfpfAVH	[MsgId: MMSG-17999]
    2023-06-17 21:41:16.493 : User is logged out of session	[MsgId: MMSG-17999]
  2023-06-17 21:43:14.215 : IterationNum=217	[MsgId: MMSG-17999]
   USER 217 = user86:pwd86	[MsgId: MMSG-17999]
    2023-06-17 21:43:14.309 : Start page is opened	[MsgId: MMSG-17999]
    2023-06-17 21:43:19.497 : User is logged in with session 136656.151802349HAcQcfApiAiDDDDDtcVHfpfAtif	[MsgId: MMSG-17999]
    2023-06-17 21:43:25.347 : User is logged out of session	[MsgId: MMSG-17999]
  2023-06-17 21:45:20.228 : IterationNum=218	[MsgId: MMSG-17999]
   USER 218 = user86:pwd86	[MsgId: MMSG-17999]
    2023-06-17 21:45:20.322 : Start page is opened	[MsgId: MMSG-17999]
    2023-06-17 21:45:24.504 : User is logged in with session 136656.162008911HAcQcfVpDDDDDDDDtcVHfpfAi	[MsgId: MMSG-17999]
    2023-06-17 21:45:28.766 : User is logged out of session	[MsgId: MMSG-17999]
  2023-06-17 21:47:26.235 : IterationNum=219	[MsgId: MMSG-17999]
   USER 219 = user86:pwd86	[MsgId: MMSG-17999]
    2023-06-17 21:47:26.329 : Start page is opened	[MsgId: MMSG-17999]
    2023-06-17 21:47:30.609 : User is logged in with session 136656.172215472HAcQcfVpifiDDDDDtcVHfpfVVVf	[MsgId: MMSG-17999]
    2023-06-17 21:47:34.858 : User is logged out of session	[MsgId: MMSG-17999]
  2023-06-17 21:49:32.244 : IterationNum=220	[MsgId: MMSG-17999]
   USER 220 = user86:pwd86	[MsgId: MMSG-17999]
    2023-06-17 21:49:32.338 : Start page is opened	[MsgId: MMSG-17999]
    2023-06-17 21:49:37.267 : User is logged in with session 136656.182422033HAcQcfcpDiDDDDDDtcVHfpfVtD	[MsgId: MMSG-17999]
    2023-06-17 21:49:41.440 : User is logged out of session	[MsgId: MMSG-17999]
  2023-06-17 21:51:38.245 : IterationNum=221	[MsgId: MMSG-17999]
   USER 221 = user86:pwd86	[MsgId: MMSG-17999]
    2023-06-17 21:51:38.338 : Start page is opened	[MsgId: MMSG-17999]
    2023-06-17 21:51:44.523 : User is logged in with session 136656.192628595HAcQcfcpQAiDDDDDtcVHfpfVHtf	[MsgId: MMSG-17999]
    2023-06-17 21:51:50.860 : User is logged out of session	[MsgId: MMSG-17999]
  2023-06-17 21:53:44.245 : IterationNum=222	[MsgId: MMSG-17999]
   USER 222 = user86:pwd86	[MsgId: MMSG-17999]
    2023-06-17 21:53:44.340 : Start page is opened	[MsgId: MMSG-17999]
    2023-06-17 21:53:49.198 : User is logged in with session 136656.202835156HAcQcfDptDDDDDDDtcVHfpfcAz	[MsgId: MMSG-17999]
    2023-06-17 21:53:54.020 : User is logged out of session	[MsgId: MMSG-17999]
  2023-06-17 21:55:50.254 : IterationNum=223	[MsgId: MMSG-17999]
   USER 223 = user86:pwd86	[MsgId: MMSG-17999]
    2023-06-17 21:55:50.349 : Start page is opened	[MsgId: MMSG-17999]
    2023-06-17 21:55:56.626 : User is logged in with session 136656.213041717HAcQcfDpQfiDDDDDtcVHfpfcDHf	[MsgId: MMSG-17999]
    2023-06-17 21:56:01.239 : User is logged out of session	[MsgId: MMSG-17999]
  2023-06-17 21:57:56.263 : IterationNum=224	[MsgId: MMSG-17999]
   USER 224 = user86:pwd86	[MsgId: MMSG-17999]
    2023-06-17 21:57:56.357 : Start page is opened	[MsgId: MMSG-17999]
    2023-06-17 21:58:02.363 : User is logged in with session 136656.223248279HAcQcftptiDDDDDDtcVHfpfczQ	[MsgId: MMSG-17999]
    2023-06-17 21:58:08.257 : User is logged out of session	[MsgId: MMSG-17999]
  2023-06-17 22:00:02.264 : IterationNum=225	[MsgId: MMSG-17999]
   USER 225 = user86:pwd86	[MsgId: MMSG-17999]
    2023-06-17 22:00:02.357 : Start page is opened	[MsgId: MMSG-17999]
    2023-06-17 22:00:07.478 : User is logged in with session 136656.23345484HAcQcffpAAiDDDDDtcVHfpfDAAf	[MsgId: MMSG-17999]
    2023-06-17 22:00:13.702 : User is logged out of session	[MsgId: MMSG-17999]
  2023-06-17 22:02:08.269 : IterationNum=226	[MsgId: MMSG-17999]
   USER 226 = user86:pwd86	[MsgId: MMSG-17999]
    2023-06-17 22:02:08.363 : Start page is opened	[MsgId: MMSG-17999]
    2023-06-17 22:02:14.064 : User is logged in with session 136656.243661401HAcQcffpfDDDDDDDtcVHfpfDDc	[MsgId: MMSG-17999]
    2023-06-17 22:02:19.579 : User is logged out of session	[MsgId: MMSG-17999]
  2023-06-17 22:04:14.279 : IterationNum=227	[MsgId: MMSG-17999]
   USER 227 = user86:pwd86	[MsgId: MMSG-17999]
    2023-06-17 22:04:14.372 : Start page is opened	[MsgId: MMSG-17999]
    2023-06-17 22:04:19.280 : User is logged in with session 136656.253867963HAcQcfzpAfiDDDDDtcVHfpfDzDf	[MsgId: MMSG-17999]
    2023-06-17 22:04:24.873 : User is logged out of session	[MsgId: MMSG-17999]
  2023-06-17 22:06:20.280 : IterationNum=228	[MsgId: MMSG-17999]
   USER 228 = user86:pwd86	[MsgId: MMSG-17999]
    2023-06-17 22:06:20.374 : Start page is opened	[MsgId: MMSG-17999]
    2023-06-17 22:06:26.069 : User is logged in with session 136656.264074524HAcQcfzpfiDDDDDDtcVHfpfDQf	[MsgId: MMSG-17999]
    2023-06-17 22:06:30.236 : User is logged out of session	[MsgId: MMSG-17999]
  2023-06-17 22:08:26.282 : IterationNum=229	[MsgId: MMSG-17999]
   USER 229 = user86:pwd86	[MsgId: MMSG-17999]
    2023-06-17 22:08:26.377 : Start page is opened	[MsgId: MMSG-17999]
    2023-06-17 22:08:30.436 : User is logged in with session 136656.274281085HAcQcfHpVAiDDDDDtcVHfpftczf	[MsgId: MMSG-17999]
    2023-06-17 22:08:35.543 : User is logged out of session	[MsgId: MMSG-17999]
  2023-06-17 22:10:32.293 : IterationNum=230	[MsgId: MMSG-17999]
   USER 230 = user86:pwd86	[MsgId: MMSG-17999]
    2023-06-17 22:10:32.387 : Start page is opened	[MsgId: MMSG-17999]
    2023-06-17 22:10:38.102 : User is logged in with session 136656.284487647HAcQcfHpzDDDDDDDtcVHfpftfi	[MsgId: MMSG-17999]
    2023-06-17 22:10:43.287 : User is logged out of session	[MsgId: MMSG-17999]
  2023-06-17 22:12:38.308 : IterationNum=231	[MsgId: MMSG-17999]
   USER 231 = user86:pwd86	[MsgId: MMSG-17999]
    2023-06-17 22:12:38.402 : Start page is opened	[MsgId: MMSG-17999]
    2023-06-17 22:12:43.310 : User is logged in with session 136656.294694208HAcQcfipVfiDDDDDtcVHfpftiQf	[MsgId: MMSG-17999]
    2023-06-17 22:12:49.014 : User is logged out of session	[MsgId: MMSG-17999]
  2023-06-17 22:14:44.315 : IterationNum=232	[MsgId: MMSG-17999]
   USER 232 = user86:pwd86	[MsgId: MMSG-17999]
    2023-06-17 22:14:44.409 : Start page is opened	[MsgId: MMSG-17999]
    2023-06-17 22:14:50.683 : User is logged in with session 136656.30490077HAcQcfipziDDDDDDtcVHfpffcV	[MsgId: MMSG-17999]
    2023-06-17 22:14:56.012 : User is logged out of session	[MsgId: MMSG-17999]
  2023-06-17 22:16:50.324 : IterationNum=233	[MsgId: MMSG-17999]
   USER 233 = user86:pwd86	[MsgId: MMSG-17999]
    2023-06-17 22:16:50.419 : Start page is opened	[MsgId: MMSG-17999]
    2023-06-17 22:16:54.890 : User is logged in with session 136656.315107331HAcQcfQpcAiDDDDDtcVHfpfffcf	[MsgId: MMSG-17999]
    2023-06-17 22:16:59.563 : User is logged out of session	[MsgId: MMSG-17999]
  2023-06-17 22:18:56.328 : IterationNum=234	[MsgId: MMSG-17999]
   USER 234 = user86:pwd86	[MsgId: MMSG-17999]
    2023-06-17 22:18:56.423 : Start page is opened	[MsgId: MMSG-17999]
    2023-06-17 22:19:00.327 : User is logged in with session 136656.325313892HAcQcfQpHDDDDDDDtcVHfpffit	[MsgId: MMSG-17999]
    2023-06-17 22:19:05.185 : User is logged out of session	[MsgId: MMSG-17999]
  2023-06-17 22:21:02.338 : IterationNum=235	[MsgId: MMSG-17999]
   USER 235 = user86:pwd86	[MsgId: MMSG-17999]
    2023-06-17 22:21:02.433 : Start page is opened	[MsgId: MMSG-17999]
    2023-06-17 22:21:08.300 : User is logged in with session 136656.335520454HAcQczApcfiDDDDDtcVHfpfzVff	[MsgId: MMSG-17999]
    2023-06-17 22:21:13.017 : User is logged out of session	[MsgId: MMSG-17999]
