  2023-06-12 19:56:16.130 : IterationNum=1	[MsgId: MMSG-17999]
   USER 1 = jojo:bean	[MsgId: MMSG-17999]
    2023-06-12 19:56:16.230 : Start page is opened	[MsgId: MMSG-17999]
    2023-06-12 19:56:21.780 : User is logged in with session 136620.63799109HAcHtctpAzzzzzzHtcVztpfttt	[MsgId: MMSG-17999]
    2023-06-12 19:56:25.981 : Search page opened	[MsgId: MMSG-17999]
    2023-06-12 19:56:38.452 : Flights found : 500;275;06/15/2023 and 052;260;06/12/2023	[MsgId: MMSG-17999]
    2023-06-12 19:56:38.452 : Sity depart : Portland, Sity arrive : Denver	[MsgId: MMSG-17999]
    2023-06-12 19:56:47.650 : Found Seat Type : Coach, Seat Pref : Aisle	[MsgId: MMSG-17999]
    2023-06-12 19:57:06.012 : Booking is complect	[MsgId: MMSG-17999]
    2023-06-12 19:57:10.468 : Go to Home Page is complete	[MsgId: MMSG-17999]
    2023-06-12 19:57:14.529 : Booking is created : 308907417-80964-jb	[MsgId: MMSG-17999]
    2023-06-12 19:57:23.443 : Booking (308907417-80964-jb) is deleted	[MsgId: MMSG-17999]
    2023-06-12 19:57:29.309 : User is logged out of session	[MsgId: MMSG-17999]
  2023-06-12 19:58:56.143 : IterationNum=2	[MsgId: MMSG-17999]
   USER 2 = user1:pwd1	[MsgId: MMSG-17999]
    2023-06-12 19:58:56.252 : Start page is opened	[MsgId: MMSG-17999]
    2023-06-12 19:59:00.142 : User is logged in with session 136620.650951802HAcHtctpHDDDDDDDtcVztpftit	[MsgId: MMSG-17999]
    2023-06-12 19:59:06.251 : Search page opened	[MsgId: MMSG-17999]
    2023-06-12 19:59:20.962 : Flights found : 293;153;06/15/2023 and 921;166;06/12/2023	[MsgId: MMSG-17999]
    2023-06-12 19:59:20.962 : Sity depart : London, Sity arrive : Zurich	[MsgId: MMSG-17999]
    2023-06-12 19:59:33.092 : Found Seat Type : Coach, Seat Pref : Aisle	[MsgId: MMSG-17999]
    2023-06-12 19:59:44.864 : Booking is complect	[MsgId: MMSG-17999]
    2023-06-12 19:59:50.371 : Go to Home Page is complete	[MsgId: MMSG-17999]
    2023-06-12 19:59:55.086 : Booking is created : 306307153-147793-up	[MsgId: MMSG-17999]
    2023-06-12 20:00:06.921 : Booking (306307153-147793-up) is deleted	[MsgId: MMSG-17999]
    2023-06-12 20:00:11.913 : User is logged out of session	[MsgId: MMSG-17999]
  2023-06-12 20:01:36.155 : IterationNum=3	[MsgId: MMSG-17999]
   USER 3 = user2:pwd2	[MsgId: MMSG-17999]
    2023-06-12 20:01:36.247 : Start page is opened	[MsgId: MMSG-17999]
    2023-06-12 20:01:40.173 : User is logged in with session 136620.663912515HAcHtcfpttcVztpffct	[MsgId: MMSG-17999]
    2023-06-12 20:01:46.435 : Search page opened	[MsgId: MMSG-17999]
    2023-06-12 20:02:02.309 : Flights found : 893;1647;06/15/2023 and 980;2013;06/12/2023	[MsgId: MMSG-17999]
    2023-06-12 20:02:02.309 : Sity depart : Sydney, Sity arrive : Zurich	[MsgId: MMSG-17999]
    2023-06-12 20:02:12.418 : Found Seat Type : First, Seat Pref : Aisle	[MsgId: MMSG-17999]
    2023-06-12 20:02:27.959 : Booking is complect	[MsgId: MMSG-17999]
    2023-06-12 20:02:33.324 : Go to Home Page is complete	[MsgId: MMSG-17999]
    2023-06-12 20:02:38.880 : Booking is created : 3404034505-1523358-up	[MsgId: MMSG-17999]
    2023-06-12 20:02:49.303 : Booking (3404034505-1523358-up) is deleted	[MsgId: MMSG-17999]
    2023-06-12 20:02:55.236 : User is logged out of session	[MsgId: MMSG-17999]
  2023-06-12 20:04:16.156 : IterationNum=4	[MsgId: MMSG-17999]
   USER 4 = user3:pwd3	[MsgId: MMSG-17999]
    2023-06-12 20:04:16.248 : Start page is opened	[MsgId: MMSG-17999]
    2023-06-12 20:04:20.783 : User is logged in with session 136620.676873228HAcHtczpAzzzzzzHtcVztpffzt	[MsgId: MMSG-17999]
    2023-06-12 20:04:26.499 : Search page opened	[MsgId: MMSG-17999]
    2023-06-12 20:04:44.741 : Flights found : 863;602;06/15/2023 and 680;735;06/12/2023	[MsgId: MMSG-17999]
    2023-06-12 20:04:44.742 : Sity depart : Sydney, Sity arrive : San Francisco	[MsgId: MMSG-17999]
    2023-06-12 20:04:56.651 : Found Seat Type : Coach, Seat Pref : None	[MsgId: MMSG-17999]
    2023-06-12 20:05:08.798 : Booking is complect	[MsgId: MMSG-17999]
    2023-06-12 20:05:12.770 : Go to Home Page is complete	[MsgId: MMSG-17999]
    2023-06-12 20:05:18.596 : Booking is created : 154106059-1292410-up	[MsgId: MMSG-17999]
    2023-06-12 20:05:29.948 : Booking (154106059-1292410-up) is deleted	[MsgId: MMSG-17999]
    2023-06-12 20:05:34.986 : User is logged out of session	[MsgId: MMSG-17999]
  2023-06-12 20:06:56.168 : IterationNum=5	[MsgId: MMSG-17999]
   USER 5 = user4:pwd4	[MsgId: MMSG-17999]
    2023-06-12 20:06:56.261 : Start page is opened	[MsgId: MMSG-17999]
    2023-06-12 20:07:00.430 : User is logged in with session 136620.689833941HAcHtczpHDDDDDDDtcVztpfzAt	[MsgId: MMSG-17999]
    2023-06-12 20:07:04.811 : Search page opened	[MsgId: MMSG-17999]
    2023-06-12 20:07:17.316 : Flights found : 082;1404;06/15/2023 and 800;1485;06/12/2023	[MsgId: MMSG-17999]
    2023-06-12 20:07:17.316 : Sity depart : Denver, Sity arrive : Sydney	[MsgId: MMSG-17999]
    2023-06-12 20:07:27.970 : Found Seat Type : First, Seat Pref : None	[MsgId: MMSG-17999]
    2023-06-12 20:07:46.379 : Booking is complect	[MsgId: MMSG-17999]
    2023-06-12 20:07:52.555 : Go to Home Page is complete	[MsgId: MMSG-17999]
    2023-06-12 20:07:56.538 : Booking is created : 3655585977-1384837-up	[MsgId: MMSG-17999]
    2023-06-12 20:08:04.732 : Booking (3655585977-1384837-up) is deleted	[MsgId: MMSG-17999]
    2023-06-12 20:08:08.846 : User is logged out of session	[MsgId: MMSG-17999]
  2023-06-12 20:08:15.939 : IterationNum=1	[MsgId: MMSG-17999]
   USER 1 = user7:pwd7	[MsgId: MMSG-17999]
    2023-06-12 20:08:16.050 : Start page is opened	[MsgId: MMSG-17999]
    2023-06-12 20:08:21.530 : User is logged in with session 136620.696233293HAcHtcHpAzcftcVztpfzcDHf	[MsgId: MMSG-17999]
    2023-06-12 20:08:27.638 : Search page opened	[MsgId: MMSG-17999]
    2023-06-12 20:08:44.487 : Flights found : 373;268;06/15/2023 and 731;292;06/12/2023	[MsgId: MMSG-17999]
    2023-06-12 20:08:44.487 : Sity depart : Los Angeles, Sity arrive : Seattle	[MsgId: MMSG-17999]
    2023-06-12 20:08:56.779 : Found Seat Type : First, Seat Pref : Window	[MsgId: MMSG-17999]
    2023-06-12 20:09:10.548 : Booking is complect	[MsgId: MMSG-17999]
    2023-06-12 20:09:15.397 : Go to Home Page is complete	[MsgId: MMSG-17999]
    2023-06-12 20:09:21.092 : Booking is created : 76680491-133196-up	[MsgId: MMSG-17999]
    2023-06-12 20:09:32.302 : Booking (76680491-133196-up) is deleted	[MsgId: MMSG-17999]
  2023-06-12 20:09:36.171 : IterationNum=6	[MsgId: MMSG-17999]
   USER 6 = user5:pwd5	[MsgId: MMSG-17999]
    2023-06-12 20:09:36.266 : Start page is opened	[MsgId: MMSG-17999]
    2023-06-12 20:09:36.910 : User is logged out of session	[MsgId: MMSG-17999]
    2023-06-12 20:09:41.777 : User is logged in with session 136620.702794654HAcHtcHpttcVztpfztt	[MsgId: MMSG-17999]
    2023-06-12 20:09:47.946 : Search page opened	[MsgId: MMSG-17999]
    2023-06-12 20:10:05.896 : Flights found : 462;588;06/15/2023 and 640;622;06/12/2023	[MsgId: MMSG-17999]
    2023-06-12 20:10:05.896 : Sity depart : Paris, Sity arrive : San Francisco	[MsgId: MMSG-17999]
    2023-06-12 20:10:17.014 : Found Seat Type : Coach, Seat Pref : Aisle	[MsgId: MMSG-17999]
    2023-06-12 20:10:34.292 : Booking is complect	[MsgId: MMSG-17999]
    2023-06-12 20:10:40.648 : Go to Home Page is complete	[MsgId: MMSG-17999]
    2023-06-12 20:10:45.193 : Booking is created : 350387503-1261631-up	[MsgId: MMSG-17999]
    2023-06-12 20:10:54.976 : Booking (350387503-1261631-up) is deleted	[MsgId: MMSG-17999]
  2023-06-12 20:10:55.949 : IterationNum=2	[MsgId: MMSG-17999]
   USER 2 = user8:pwd8	[MsgId: MMSG-17999]
    2023-06-12 20:10:56.042 : Start page is opened	[MsgId: MMSG-17999]
    2023-06-12 20:11:00.662 : User is logged out of session	[MsgId: MMSG-17999]
    2023-06-12 20:11:02.003 : User is logged in with session 136620.709194006HAcHtcHpHcQVzzzHtcVztpfzzDHf	[MsgId: MMSG-17999]
    2023-06-12 20:11:06.943 : Search page opened	[MsgId: MMSG-17999]
    2023-06-12 20:11:20.813 : Flights found : 212;251;06/15/2023 and 123;217;06/12/2023	[MsgId: MMSG-17999]
    2023-06-12 20:11:20.813 : Sity depart : London, Sity arrive : Frankfurt	[MsgId: MMSG-17999]
    2023-06-12 20:11:33.246 : Found Seat Type : Coach, Seat Pref : None	[MsgId: MMSG-17999]
    2023-06-12 20:11:45.144 : Booking is complect	[MsgId: MMSG-17999]
    2023-06-12 20:11:51.299 : Go to Home Page is complete	[MsgId: MMSG-17999]
    2023-06-12 20:11:55.792 : Booking is created : 150007861-86420-up	[MsgId: MMSG-17999]
    2023-06-12 20:12:04.224 : Booking (150007861-86420-up) is deleted	[MsgId: MMSG-17999]
    2023-06-12 20:12:09.034 : User is logged out of session	[MsgId: MMSG-17999]
  2023-06-12 20:12:16.184 : IterationNum=7	[MsgId: MMSG-17999]
   USER 7 = user6:pwd6	[MsgId: MMSG-17999]
    2023-06-12 20:12:16.279 : Start page is opened	[MsgId: MMSG-17999]
    2023-06-12 20:12:20.960 : User is logged in with session 136620.715755367HAcHtcipAzzzzzzHtcVztpfzit	[MsgId: MMSG-17999]
    2023-06-12 20:12:27.181 : Search page opened	[MsgId: MMSG-17999]
    2023-06-12 20:12:43.353 : Flights found : 352;187;06/15/2023 and 531;176;06/12/2023	[MsgId: MMSG-17999]
    2023-06-12 20:12:43.353 : Sity depart : Los Angeles, Sity arrive : Portland	[MsgId: MMSG-17999]
    2023-06-12 20:12:52.277 : Found Seat Type : Coach, Seat Pref : None	[MsgId: MMSG-17999]
    2023-06-12 20:13:09.837 : Booking is complect	[MsgId: MMSG-17999]
    2023-06-12 20:13:13.783 : Go to Home Page is complete	[MsgId: MMSG-17999]
    2023-06-12 20:13:18.182 : Booking is created : 332976006-117797-up	[MsgId: MMSG-17999]
    2023-06-12 20:13:29.671 : Booking (332976006-117797-up) is deleted	[MsgId: MMSG-17999]
    2023-06-12 20:13:34.597 : User is logged out of session	[MsgId: MMSG-17999]
  2023-06-12 20:13:35.955 : IterationNum=3	[MsgId: MMSG-17999]
   USER 3 = user9:pwd9	[MsgId: MMSG-17999]
    2023-06-12 20:13:36.049 : Start page is opened	[MsgId: MMSG-17999]
    2023-06-12 20:13:42.425 : User is logged in with session 136620.722154719HAcHtcipDQfiDDDDtcVztpfHADHf	[MsgId: MMSG-17999]
    2023-06-12 20:13:48.250 : Search page opened	[MsgId: MMSG-17999]
    2023-06-12 20:14:03.558 : Flights found : 230;1121;06/15/2023 and 320;1121;06/12/2023	[MsgId: MMSG-17999]
    2023-06-12 20:14:03.558 : Sity depart : London, Sity arrive : Los Angeles	[MsgId: MMSG-17999]
    2023-06-12 20:14:15.687 : Found Seat Type : Business, Seat Pref : Aisle	[MsgId: MMSG-17999]
    2023-06-12 20:14:28.793 : Booking is complect	[MsgId: MMSG-17999]
    2023-06-12 20:14:34.978 : Go to Home Page is complete	[MsgId: MMSG-17999]
    2023-06-12 20:14:39.061 : Booking is created : 855640782-1015557-up	[MsgId: MMSG-17999]
    2023-06-12 20:14:47.464 : Booking (855640782-1015557-up) is deleted	[MsgId: MMSG-17999]
    2023-06-12 20:14:51.631 : User is logged out of session	[MsgId: MMSG-17999]
  2023-06-12 20:14:56.192 : IterationNum=8	[MsgId: MMSG-17999]
   USER 8 = user6:pwd6	[MsgId: MMSG-17999]
    2023-06-12 20:14:56.286 : Start page is opened	[MsgId: MMSG-17999]
    2023-06-12 20:15:02.622 : User is logged in with session 136620.728716079HAcHtcipHDDDDDDDtcVztpfHct	[MsgId: MMSG-17999]
    2023-06-12 20:15:07.945 : Search page opened	[MsgId: MMSG-17999]
    2023-06-12 20:15:20.826 : Flights found : 431;733;06/15/2023 and 340;822;06/12/2023	[MsgId: MMSG-17999]
    2023-06-12 20:15:20.826 : Sity depart : Paris, Sity arrive : Los Angeles	[MsgId: MMSG-17999]
    2023-06-12 20:15:31.046 : Found Seat Type : First, Seat Pref : Aisle	[MsgId: MMSG-17999]
    2023-06-12 20:15:45.191 : Booking is complect	[MsgId: MMSG-17999]
    2023-06-12 20:15:49.761 : Go to Home Page is complete	[MsgId: MMSG-17999]
    2023-06-12 20:15:55.134 : Booking is created : 332978953-1030888-up	[MsgId: MMSG-17999]
    2023-06-12 20:16:06.965 : Booking (332978953-1030888-up) is deleted	[MsgId: MMSG-17999]
    2023-06-12 20:16:11.455 : User is logged out of session	[MsgId: MMSG-17999]
  2023-06-12 20:16:15.962 : IterationNum=4	[MsgId: MMSG-17999]
   USER 4 = user10:pwd10	[MsgId: MMSG-17999]
    2023-06-12 20:16:16.057 : Start page is opened	[MsgId: MMSG-17999]
    2023-06-12 20:16:20.489 : User is logged in with session 136620.735115431HAcHtcQpAzcftcVztpfHtDHf	[MsgId: MMSG-17999]
    2023-06-12 20:16:25.270 : Search page opened	[MsgId: MMSG-17999]
    2023-06-12 20:16:43.835 : Flights found : 681;655;06/15/2023 and 862;695;06/12/2023	[MsgId: MMSG-17999]
    2023-06-12 20:16:43.836 : Sity depart : San Francisco, Sity arrive : Sydney	[MsgId: MMSG-17999]
    2023-06-12 20:16:55.151 : Found Seat Type : Coach, Seat Pref : None	[MsgId: MMSG-17999]
    2023-06-12 20:17:07.337 : Booking is complect	[MsgId: MMSG-17999]
    2023-06-12 20:17:13.579 : Go to Home Page is complete	[MsgId: MMSG-17999]
    2023-06-12 20:17:18.820 : Booking is created : 82988209-1432411-up	[MsgId: MMSG-17999]
    2023-06-12 20:17:27.994 : Booking (82988209-1432411-up) is deleted	[MsgId: MMSG-17999]
    2023-06-12 20:17:32.037 : User is logged out of session	[MsgId: MMSG-17999]
  2023-06-12 20:17:36.196 : IterationNum=9	[MsgId: MMSG-17999]
   USER 9 = user6:pwd6	[MsgId: MMSG-17999]
    2023-06-12 20:17:36.290 : Start page is opened	[MsgId: MMSG-17999]
    2023-06-12 20:17:42.122 : User is logged in with session 136620.741676792HAcHtcQpttcVztpfHzt	[MsgId: MMSG-17999]
    2023-06-12 20:17:47.619 : Search page opened	[MsgId: MMSG-17999]
    2023-06-12 20:18:05.126 : Flights found : 583;955;06/15/2023 and 852;1103;06/12/2023	[MsgId: MMSG-17999]
    2023-06-12 20:18:05.126 : Sity depart : Portland, Sity arrive : Sydney	[MsgId: MMSG-17999]
    2023-06-12 20:18:12.852 : Found Seat Type : Business, Seat Pref : Aisle	[MsgId: MMSG-17999]
    2023-06-12 20:18:28.890 : Booking is complect	[MsgId: MMSG-17999]
    2023-06-12 20:18:33.108 : Go to Home Page is complete	[MsgId: MMSG-17999]
    2023-06-12 20:18:38.652 : Booking is created : 332984590-1424773-up	[MsgId: MMSG-17999]
    2023-06-12 20:18:47.213 : Booking (332984590-1424773-up) is deleted	[MsgId: MMSG-17999]
    2023-06-12 20:18:51.145 : User is logged out of session	[MsgId: MMSG-17999]
  2023-06-12 20:18:55.965 : IterationNum=5	[MsgId: MMSG-17999]
   USER 5 = user11:pwd11	[MsgId: MMSG-17999]
    2023-06-12 20:18:56.060 : Start page is opened	[MsgId: MMSG-17999]
    2023-06-12 20:19:02.327 : User is logged in with session 136620.748076144HAcHtcQpHcQVzzzHtcVztpfHiDHf	[MsgId: MMSG-17999]
    2023-06-12 20:19:08.447 : Search page opened	[MsgId: MMSG-17999]
    2023-06-12 20:19:24.284 : Flights found : 371;155;06/15/2023 and 730;174;06/12/2023	[MsgId: MMSG-17999]
    2023-06-12 20:19:24.284 : Sity depart : Los Angeles, Sity arrive : Seattle	[MsgId: MMSG-17999]
    2023-06-12 20:19:35.466 : Found Seat Type : Coach, Seat Pref : None	[MsgId: MMSG-17999]
    2023-06-12 20:19:49.319 : Booking is complect	[MsgId: MMSG-17999]
    2023-06-12 20:19:55.008 : Go to Home Page is complete	[MsgId: MMSG-17999]
    2023-06-12 20:20:01.271 : Booking is created : 164458190-133102-up	[MsgId: MMSG-17999]
    2023-06-12 20:20:10.756 : Booking (164458190-133102-up) is deleted	[MsgId: MMSG-17999]
  2023-06-12 20:20:15.953 : IterationNum=1	[MsgId: MMSG-17999]
   USER 1 = user14:pwd14	[MsgId: MMSG-17999]
    2023-06-12 20:20:16.045 : Start page is opened	[MsgId: MMSG-17999]
  2023-06-12 20:20:16.200 : IterationNum=10	[MsgId: MMSG-17999]
   USER 10 = user6:pwd6	[MsgId: MMSG-17999]
    2023-06-12 20:20:16.293 : Start page is opened	[MsgId: MMSG-17999]
    2023-06-12 20:20:16.928 : User is logged out of session	[MsgId: MMSG-17999]
    2023-06-12 20:20:20.195 : User is logged in with session 136620.754637505HAcHtDApAzzzzzzHtcVztpfiAt	[MsgId: MMSG-17999]
    2023-06-12 20:20:21.553 : User is logged in with session 136620.754556501HAcHtDApAzcftcVztpfiADHf	[MsgId: MMSG-17999]
    2023-06-12 20:20:24.859 : Search page opened	[MsgId: MMSG-17999]
    2023-06-12 20:20:26.388 : Search page opened	[MsgId: MMSG-17999]
    2023-06-12 20:20:41.556 : Flights found : 842;2533;06/15/2023 and 481;2386;06/12/2023	[MsgId: MMSG-17999]
    2023-06-12 20:20:41.556 : Sity depart : Sydney, Sity arrive : Paris	[MsgId: MMSG-17999]
    2023-06-12 20:20:43.617 : Flights found : 410;128;06/15/2023 and 142;121;06/12/2023	[MsgId: MMSG-17999]
    2023-06-12 20:20:43.617 : Sity depart : Paris, Sity arrive : Frankfurt	[MsgId: MMSG-17999]
    2023-06-12 20:20:51.080 : Found Seat Type : First, Seat Pref : Window	[MsgId: MMSG-17999]
    2023-06-12 20:20:54.943 : Found Seat Type : Coach, Seat Pref : Window	[MsgId: MMSG-17999]
    2023-06-12 20:21:03.550 : Booking is complect	[MsgId: MMSG-17999]
    2023-06-12 20:21:07.708 : Go to Home Page is complete	[MsgId: MMSG-17999]
    2023-06-12 20:21:10.286 : Booking is complect	[MsgId: MMSG-17999]
    2023-06-12 20:21:12.608 : Booking is created : 3329941575-1139609-up	[MsgId: MMSG-17999]
    2023-06-12 20:21:15.674 : Go to Home Page is complete	[MsgId: MMSG-17999]
    2023-06-12 20:21:20.463 : Booking is created : 320015189-87865-up	[MsgId: MMSG-17999]
    2023-06-12 20:21:24.874 : Booking (3329941575-1139609-up) is deleted	[MsgId: MMSG-17999]
    2023-06-12 20:21:28.116 : Booking (320015189-87865-up) is deleted	[MsgId: MMSG-17999]
    2023-06-12 20:21:30.848 : User is logged out of session	[MsgId: MMSG-17999]
    2023-06-12 20:21:33.891 : User is logged out of session	[MsgId: MMSG-17999]
  2023-06-12 20:21:35.971 : IterationNum=6	[MsgId: MMSG-17999]
   USER 6 = user12:pwd12	[MsgId: MMSG-17999]
    2023-06-12 20:21:36.064 : Start page is opened	[MsgId: MMSG-17999]
    2023-06-12 20:21:40.554 : User is logged in with session 136620.761117861HAcHtDApttcVztpfict	[MsgId: MMSG-17999]
    2023-06-12 20:21:45.030 : Search page opened	[MsgId: MMSG-17999]
    2023-06-12 20:21:59.097 : Flights found : 912;351;06/15/2023 and 192;351;06/12/2023	[MsgId: MMSG-17999]
    2023-06-12 20:21:59.097 : Sity depart : Zurich, Sity arrive : Frankfurt	[MsgId: MMSG-17999]
    2023-06-12 20:22:08.877 : Found Seat Type : First, Seat Pref : Aisle	[MsgId: MMSG-17999]
    2023-06-12 20:22:23.181 : Booking is complect	[MsgId: MMSG-17999]
    2023-06-12 20:22:29.254 : Go to Home Page is complete	[MsgId: MMSG-17999]
    2023-06-12 20:22:34.669 : Booking is created : 242256013-91746-up	[MsgId: MMSG-17999]
    2023-06-12 20:22:44.286 : Booking (242256013-91746-up) is deleted	[MsgId: MMSG-17999]
    2023-06-12 20:22:50.316 : User is logged out of session	[MsgId: MMSG-17999]
  2023-06-12 20:22:55.957 : IterationNum=2	[MsgId: MMSG-17999]
   USER 2 = user15:pwd15	[MsgId: MMSG-17999]
    2023-06-12 20:22:56.050 : Start page is opened	[MsgId: MMSG-17999]
  2023-06-12 20:22:56.204 : IterationNum=11	[MsgId: MMSG-17999]
   USER 11 = user6:pwd6	[MsgId: MMSG-17999]
    2023-06-12 20:22:56.298 : Start page is opened	[MsgId: MMSG-17999]
    2023-06-12 20:23:00.644 : User is logged in with session 136620.767598218HAcHtDApHDDDDDDDtcVztpfitt	[MsgId: MMSG-17999]
    2023-06-12 20:23:01.935 : User is logged in with session 136620.767517213HAcHtDApHcQVzzzHtcVztpfitDHf	[MsgId: MMSG-17999]
    2023-06-12 20:23:05.723 : Search page opened	[MsgId: MMSG-17999]
    2023-06-12 20:23:08.079 : Search page opened	[MsgId: MMSG-17999]
    2023-06-12 20:23:22.450 : Flights found : 293;153;06/15/2023 and 921;166;06/12/2023	[MsgId: MMSG-17999]
    2023-06-12 20:23:22.450 : Sity depart : London, Sity arrive : Zurich	[MsgId: MMSG-17999]
    2023-06-12 20:23:24.064 : Flights found : 352;271;06/15/2023 and 530;287;06/12/2023	[MsgId: MMSG-17999]
    2023-06-12 20:23:24.065 : Sity depart : Los Angeles, Sity arrive : Portland	[MsgId: MMSG-17999]
    2023-06-12 20:23:30.960 : Found Seat Type : Coach, Seat Pref : None	[MsgId: MMSG-17999]
    2023-06-12 20:23:33.484 : Found Seat Type : Business, Seat Pref : Window	[MsgId: MMSG-17999]
    2023-06-12 20:23:46.505 : Booking is complect	[MsgId: MMSG-17999]
    2023-06-12 20:23:47.188 : Booking is complect	[MsgId: MMSG-17999]
    2023-06-12 20:23:51.159 : Go to Home Page is complete	[MsgId: MMSG-17999]
    2023-06-12 20:23:52.298 : Go to Home Page is complete	[MsgId: MMSG-17999]
    2023-06-12 20:23:56.690 : Booking is created : 332973820-147793-up	[MsgId: MMSG-17999]
    2023-06-12 20:23:58.078 : Booking is created : 35938973-117735-up	[MsgId: MMSG-17999]
    2023-06-12 20:24:06.927 : Booking (35938973-117735-up) is deleted	[MsgId: MMSG-17999]
    2023-06-12 20:24:07.382 : Booking (332973820-147793-up) is deleted	[MsgId: MMSG-17999]
    2023-06-12 20:24:11.605 : User is logged out of session	[MsgId: MMSG-17999]
    2023-06-12 20:24:12.151 : User is logged out of session	[MsgId: MMSG-17999]
  2023-06-12 20:24:15.985 : IterationNum=7	[MsgId: MMSG-17999]
   USER 7 = user13:pwd13	[MsgId: MMSG-17999]
    2023-06-12 20:24:16.094 : Start page is opened	[MsgId: MMSG-17999]
    2023-06-12 20:24:22.270 : User is logged in with session 136620.774078574HAcHtDVpAzzzzzzHtcVztpfizt	[MsgId: MMSG-17999]
    2023-06-12 20:24:28.595 : Search page opened	[MsgId: MMSG-17999]
    2023-06-12 20:24:42.283 : Flights found : 323;632;06/15/2023 and 230;773;06/12/2023	[MsgId: MMSG-17999]
    2023-06-12 20:24:42.283 : Sity depart : Los Angeles, Sity arrive : London	[MsgId: MMSG-17999]
    2023-06-12 20:24:54.494 : Found Seat Type : Coach, Seat Pref : None	[MsgId: MMSG-17999]
    2023-06-12 20:25:06.201 : Booking is complect	[MsgId: MMSG-17999]
    2023-06-12 20:25:10.087 : Go to Home Page is complete	[MsgId: MMSG-17999]
    2023-06-12 20:25:15.880 : Booking is created : 211863838-946261-up	[MsgId: MMSG-17999]
    2023-06-12 20:25:24.524 : Booking (211863838-946261-up) is deleted	[MsgId: MMSG-17999]
    2023-06-12 20:25:29.067 : User is logged out of session	[MsgId: MMSG-17999]
  2023-06-12 20:25:35.965 : IterationNum=3	[MsgId: MMSG-17999]
   USER 3 = user16:pwd16	[MsgId: MMSG-17999]
    2023-06-12 20:25:36.059 : Start page is opened	[MsgId: MMSG-17999]
  2023-06-12 20:25:36.215 : IterationNum=12	[MsgId: MMSG-17999]
   USER 12 = user6:pwd6	[MsgId: MMSG-17999]
    2023-06-12 20:25:36.308 : Start page is opened	[MsgId: MMSG-17999]
    2023-06-12 20:25:40.724 : User is logged in with session 136620.780558931HAcHtDVpttcVztpfiit	[MsgId: MMSG-17999]
    2023-06-12 20:25:41.547 : User is logged in with session 136620.780558931HAcHtDVpttcVztpfiit	[MsgId: MMSG-17999]
    2023-06-12 20:25:45.548 : Search page opened	[MsgId: MMSG-17999]
    2023-06-12 20:25:47.144 : Search page opened	[MsgId: MMSG-17999]
    2023-06-12 20:25:57.061 : Flights found : 861;655;06/15/2023 and 683;602;06/12/2023	[MsgId: MMSG-17999]
    2023-06-12 20:25:57.062 : Sity depart : Sydney, Sity arrive : San Francisco	[MsgId: MMSG-17999]
    2023-06-12 20:25:59.400 : Flights found : 481;1273;06/15/2023 and 843;1169;06/12/2023	[MsgId: MMSG-17999]
    2023-06-12 20:25:59.400 : Sity depart : Paris, Sity arrive : Sydney	[MsgId: MMSG-17999]
    2023-06-12 20:26:06.355 : Found Seat Type : Coach, Seat Pref : Aisle	[MsgId: MMSG-17999]
    2023-06-12 20:26:07.900 : Found Seat Type : Coach, Seat Pref : Window	[MsgId: MMSG-17999]
    2023-06-12 20:26:17.806 : Booking is complect	[MsgId: MMSG-17999]
    2023-06-12 20:26:23.315 : Go to Home Page is complete	[MsgId: MMSG-17999]
    2023-06-12 20:26:25.916 : Booking is complect	[MsgId: MMSG-17999]
    2023-06-12 20:26:29.311 : Booking is created : 332994876-1294712-up	[MsgId: MMSG-17999]
    2023-06-12 20:26:31.569 : Go to Home Page is complete	[MsgId: MMSG-17999]
    2023-06-12 20:26:37.737 : Booking is created : 3381659676-1417880-up	[MsgId: MMSG-17999]
    2023-06-12 20:26:38.402 : Booking (332994876-1294712-up) is deleted	[MsgId: MMSG-17999]
    2023-06-12 20:26:44.676 : User is logged out of session	[MsgId: MMSG-17999]
    2023-06-12 20:26:48.995 : Booking (3381659676-1417880-up) is deleted	[MsgId: MMSG-17999]
    2023-06-12 20:26:53.958 : User is logged out of session	[MsgId: MMSG-17999]
  2023-06-12 20:26:55.986 : IterationNum=8	[MsgId: MMSG-17999]
   USER 8 = user13:pwd13	[MsgId: MMSG-17999]
    2023-06-12 20:26:56.079 : Start page is opened	[MsgId: MMSG-17999]
    2023-06-12 20:27:02.377 : User is logged in with session 136620.787039287HAcHtDVpHDDDDDDDtcVztpfQAt	[MsgId: MMSG-17999]
    2023-06-12 20:27:07.196 : Search page opened	[MsgId: MMSG-17999]
    2023-06-12 20:27:24.856 : Flights found : 702;401;06/15/2023 and 070;424;06/12/2023	[MsgId: MMSG-17999]
    2023-06-12 20:27:24.856 : Sity depart : Seattle, Sity arrive : Denver	[MsgId: MMSG-17999]
    2023-06-12 20:27:33.911 : Found Seat Type : Business, Seat Pref : Window	[MsgId: MMSG-17999]
    2023-06-12 20:27:50.414 : Booking is complect	[MsgId: MMSG-17999]
    2023-06-12 20:27:54.537 : Go to Home Page is complete	[MsgId: MMSG-17999]
    2023-06-12 20:28:00.278 : Booking is created : 211877866-82371-up	[MsgId: MMSG-17999]
    2023-06-12 20:28:11.038 : Booking (211877866-82371-up) is deleted	[MsgId: MMSG-17999]
    2023-06-12 20:28:15.457 : User is logged out of session	[MsgId: MMSG-17999]
  2023-06-12 20:28:15.978 : IterationNum=4	[MsgId: MMSG-17999]
   USER 4 = user17:pwd17	[MsgId: MMSG-17999]
    2023-06-12 20:28:16.071 : Start page is opened	[MsgId: MMSG-17999]
  2023-06-12 20:28:16.228 : IterationNum=13	[MsgId: MMSG-17999]
   USER 13 = user6:pwd6	[MsgId: MMSG-17999]
    2023-06-12 20:28:16.322 : Start page is opened	[MsgId: MMSG-17999]
    2023-06-12 20:28:21.391 : User is logged in with session 136620.793519644HAcHtDcpAzzzzzzHtcVztpfQct	[MsgId: MMSG-17999]
    2023-06-12 20:28:21.736 : User is logged in with session 136620.793519644HAcHtDcpAzzzzzzHtcVztpfQct	[MsgId: MMSG-17999]
    2023-06-12 20:28:27.273 : Search page opened	[MsgId: MMSG-17999]
    2023-06-12 20:28:28.080 : Search page opened	[MsgId: MMSG-17999]
    2023-06-12 20:28:38.798 : Flights found : 420;108;06/15/2023 and 240;108;06/12/2023	[MsgId: MMSG-17999]
    2023-06-12 20:28:38.798 : Sity depart : Paris, Sity arrive : London	[MsgId: MMSG-17999]
    2023-06-12 20:28:40.272 : Flights found : 360;60;06/15/2023 and 632;57;06/12/2023	[MsgId: MMSG-17999]
    2023-06-12 20:28:40.272 : Sity depart : Los Angeles, Sity arrive : San Francisco	[MsgId: MMSG-17999]
    2023-06-12 20:28:46.788 : Found Seat Type : Coach, Seat Pref : Aisle	[MsgId: MMSG-17999]
    2023-06-12 20:28:50.321 : Found Seat Type : Coach, Seat Pref : Window	[MsgId: MMSG-17999]
    2023-06-12 20:28:59.589 : Booking is complect	[MsgId: MMSG-17999]
    2023-06-12 20:29:03.059 : Booking is complect	[MsgId: MMSG-17999]
    2023-06-12 20:29:05.020 : Go to Home Page is complete	[MsgId: MMSG-17999]
    2023-06-12 20:29:07.301 : Go to Home Page is complete	[MsgId: MMSG-17999]
    2023-06-12 20:29:09.264 : Booking is created : 302978522-95401-up	[MsgId: MMSG-17999]
    2023-06-12 20:29:12.736 : Booking is created : 33297631-125547-up	[MsgId: MMSG-17999]
    2023-06-12 20:29:17.502 : Booking (302978522-95401-up) is deleted	[MsgId: MMSG-17999]
    2023-06-12 20:29:21.326 : Booking (33297631-125547-up) is deleted	[MsgId: MMSG-17999]
    2023-06-12 20:29:21.879 : User is logged out of session	[MsgId: MMSG-17999]
    2023-06-12 20:29:27.049 : User is logged out of session	[MsgId: MMSG-17999]
  2023-06-12 20:29:35.988 : IterationNum=9	[MsgId: MMSG-17999]
   USER 9 = user13:pwd13	[MsgId: MMSG-17999]
    2023-06-12 20:29:36.080 : Start page is opened	[MsgId: MMSG-17999]
    2023-06-12 20:29:41.291 : User is logged in with session 136620.8HAcHtDcpttcVztpfQtt	[MsgId: MMSG-17999]
    2023-06-12 20:29:45.701 : Search page opened	[MsgId: MMSG-17999]
    2023-06-12 20:29:57.489 : Flights found : 680;735;06/15/2023 and 861;655;06/12/2023	[MsgId: MMSG-17999]
    2023-06-12 20:29:57.489 : Sity depart : San Francisco, Sity arrive : Sydney	[MsgId: MMSG-17999]
    2023-06-12 20:30:09.832 : Found Seat Type : Coach, Seat Pref : Window	[MsgId: MMSG-17999]
    2023-06-12 20:30:25.148 : Booking is complect	[MsgId: MMSG-17999]
    2023-06-12 20:30:30.221 : Go to Home Page is complete	[MsgId: MMSG-17999]
    2023-06-12 20:30:35.208 : Booking is created : 211877064-1431645-up	[MsgId: MMSG-17999]
    2023-06-12 20:30:45.280 : Booking (211877064-1431645-up) is deleted	[MsgId: MMSG-17999]
    2023-06-12 20:30:50.665 : User is logged out of session	[MsgId: MMSG-17999]
  2023-06-12 20:30:55.990 : IterationNum=5	[MsgId: MMSG-17999]
   USER 5 = user18:pwd18	[MsgId: MMSG-17999]
    2023-06-12 20:30:56.083 : Start page is opened	[MsgId: MMSG-17999]
  2023-06-12 20:30:56.238 : IterationNum=14	[MsgId: MMSG-17999]
   USER 14 = user6:pwd6	[MsgId: MMSG-17999]
    2023-06-12 20:30:56.332 : Start page is opened	[MsgId: MMSG-17999]
    2023-06-12 20:31:01.899 : User is logged in with session 136620.806480356HAcHtDcpHDDDDDDDtcVztpfQzt	[MsgId: MMSG-17999]
    2023-06-12 20:31:02.240 : User is logged in with session 136620.806480356HAcHtDcpHDDDDDDDtcVztpfQzt	[MsgId: MMSG-17999]
    2023-06-12 20:31:07.206 : Search page opened	[MsgId: MMSG-17999]
    2023-06-12 20:31:07.706 : Search page opened	[MsgId: MMSG-17999]
    2023-06-12 20:31:20.547 : Flights found : 613;511;06/15/2023 and 163;511;06/12/2023	[MsgId: MMSG-17999]
    2023-06-12 20:31:20.547 : Sity depart : San Francisco, Sity arrive : Frankfurt	[MsgId: MMSG-17999]
    2023-06-12 20:31:24.753 : Flights found : 383;794;06/15/2023 and 833;794;06/12/2023	[MsgId: MMSG-17999]
    2023-06-12 20:31:24.753 : Sity depart : Los Angeles, Sity arrive : Sydney	[MsgId: MMSG-17999]
    2023-06-12 20:31:28.235 : Found Seat Type : Business, Seat Pref : None	[MsgId: MMSG-17999]
    2023-06-12 20:31:36.509 : Found Seat Type : Business, Seat Pref : None	[MsgId: MMSG-17999]
    2023-06-12 20:31:42.890 : Booking is complect	[MsgId: MMSG-17999]
    2023-06-12 20:31:48.495 : Go to Home Page is complete	[MsgId: MMSG-17999]
    2023-06-12 20:31:52.964 : Booking is complect	[MsgId: MMSG-17999]
    2023-06-12 20:31:53.145 : Booking is created : 106689389-894694-up	[MsgId: MMSG-17999]
    2023-06-12 20:31:59.000 : Go to Home Page is complete	[MsgId: MMSG-17999]
    2023-06-12 20:32:01.791 : Booking (106689389-894694-up) is deleted	[MsgId: MMSG-17999]
    2023-06-12 20:32:04.884 : Booking is created : 332977177-1410122-up	[MsgId: MMSG-17999]
    2023-06-12 20:32:06.188 : User is logged out of session	[MsgId: MMSG-17999]
    2023-06-12 20:32:12.885 : Booking (332977177-1410122-up) is deleted	[MsgId: MMSG-17999]
  2023-06-12 20:32:15.977 : IterationNum=1	[MsgId: MMSG-17999]
   USER 1 = user21:pwd21	[MsgId: MMSG-17999]
  2023-06-12 20:32:15.992 : IterationNum=10	[MsgId: MMSG-17999]
   USER 10 = user13:pwd13	[MsgId: MMSG-17999]
    2023-06-12 20:32:16.070 : Start page is opened	[MsgId: MMSG-17999]
    2023-06-12 20:32:16.085 : Start page is opened	[MsgId: MMSG-17999]
    2023-06-12 20:32:20.144 : User is logged in with session 136620.812960713HAcHtDDpAzzzzzzHtcVztpfQit	[MsgId: MMSG-17999]
    2023-06-12 20:32:21.771 : User is logged out of session	[MsgId: MMSG-17999]
    2023-06-12 20:32:26.274 : User is logged in with session 136620.812960713HAcHtDDpAzzzzzzHtcVztpfQit	[MsgId: MMSG-17999]
    2023-06-12 20:32:27.169 : Search page opened	[MsgId: MMSG-17999]
    2023-06-12 20:32:31.895 : Search page opened	[MsgId: MMSG-17999]
    2023-06-12 20:32:39.085 : Flights found : 582;1103;06/15/2023 and 850;1167;06/12/2023	[MsgId: MMSG-17999]
    2023-06-12 20:32:39.085 : Sity depart : Portland, Sity arrive : Sydney	[MsgId: MMSG-17999]
    2023-06-12 20:32:45.307 : Flights found : 900;610;06/15/2023 and 092;577;06/12/2023	[MsgId: MMSG-17999]
    2023-06-12 20:32:45.307 : Sity depart : Zurich, Sity arrive : Denver	[MsgId: MMSG-17999]
    2023-06-12 20:32:47.877 : Found Seat Type : Business, Seat Pref : Window	[MsgId: MMSG-17999]
    2023-06-12 20:32:52.910 : Found Seat Type : Business, Seat Pref : None	[MsgId: MMSG-17999]
    2023-06-12 20:33:04.897 : Booking is complect	[MsgId: MMSG-17999]
    2023-06-12 20:33:10.953 : Booking is complect	[MsgId: MMSG-17999]
    2023-06-12 20:33:11.271 : Go to Home Page is complete	[MsgId: MMSG-17999]
    2023-06-12 20:33:15.981 : Go to Home Page is complete	[MsgId: MMSG-17999]
    2023-06-12 20:33:17.456 : Booking is created : 1007623003-1423251-up	[MsgId: MMSG-17999]
    2023-06-12 20:33:21.499 : Booking is created : 211885207-840091-up	[MsgId: MMSG-17999]
    2023-06-12 20:33:28.877 : Booking (1007623003-1423251-up) is deleted	[MsgId: MMSG-17999]
    2023-06-12 20:33:30.587 : Booking (211885207-840091-up) is deleted	[MsgId: MMSG-17999]
    2023-06-12 20:33:34.582 : User is logged out of session	[MsgId: MMSG-17999]
  2023-06-12 20:33:35.990 : IterationNum=6	[MsgId: MMSG-17999]
   USER 6 = user19:pwd19	[MsgId: MMSG-17999]
    2023-06-12 20:33:36.083 : Start page is opened	[MsgId: MMSG-17999]
  2023-06-12 20:33:36.253 : IterationNum=15	[MsgId: MMSG-17999]
   USER 15 = user6:pwd6	[MsgId: MMSG-17999]
    2023-06-12 20:33:36.348 : Start page is opened	[MsgId: MMSG-17999]
    2023-06-12 20:33:36.434 : User is logged out of session	[MsgId: MMSG-17999]
    2023-06-12 20:33:40.948 : User is logged in with session 136620.819441069HAcHtDDpttcVztpzAAt	[MsgId: MMSG-17999]
    2023-06-12 20:33:42.343 : User is logged in with session 136620.819441069HAcHtDDpttcVztpzAAt	[MsgId: MMSG-17999]
    2023-06-12 20:33:47.098 : Search page opened	[MsgId: MMSG-17999]
    2023-06-12 20:33:47.931 : Search page opened	[MsgId: MMSG-17999]
    2023-06-12 20:34:01.626 : Flights found : 640;902;06/15/2023 and 463;738;06/12/2023	[MsgId: MMSG-17999]
    2023-06-12 20:34:01.626 : Sity depart : San Francisco, Sity arrive : Paris	[MsgId: MMSG-17999]
    2023-06-12 20:34:03.362 : Flights found : 573;76;06/15/2023 and 752;88;06/12/2023	[MsgId: MMSG-17999]
    2023-06-12 20:34:03.362 : Sity depart : Portland, Sity arrive : Seattle	[MsgId: MMSG-17999]
    2023-06-12 20:34:09.825 : Found Seat Type : Business, Seat Pref : Window	[MsgId: MMSG-17999]
    2023-06-12 20:34:15.357 : Found Seat Type : Business, Seat Pref : None	[MsgId: MMSG-17999]
    2023-06-12 20:34:23.911 : Booking is complect	[MsgId: MMSG-17999]
    2023-06-12 20:34:28.546 : Go to Home Page is complete	[MsgId: MMSG-17999]
    2023-06-12 20:34:31.938 : Booking is complect	[MsgId: MMSG-17999]
    2023-06-12 20:34:34.766 : Booking is created : 332986700-1125510-up	[MsgId: MMSG-17999]
    2023-06-12 20:34:37.156 : Go to Home Page is complete	[MsgId: MMSG-17999]
    2023-06-12 20:34:41.537 : Booking is created : 31742865-134781-up	[MsgId: MMSG-17999]
    2023-06-12 20:34:46.561 : Booking (332986700-1125510-up) is deleted	[MsgId: MMSG-17999]
    2023-06-12 20:34:50.790 : User is logged out of session	[MsgId: MMSG-17999]
    2023-06-12 20:34:51.644 : Booking (31742865-134781-up) is deleted	[MsgId: MMSG-17999]
  2023-06-12 20:34:55.981 : IterationNum=2	[MsgId: MMSG-17999]
   USER 2 = user22:pwd22	[MsgId: MMSG-17999]
  2023-06-12 20:34:55.996 : IterationNum=11	[MsgId: MMSG-17999]
   USER 11 = user13:pwd13	[MsgId: MMSG-17999]
    2023-06-12 20:34:56.074 : Start page is opened	[MsgId: MMSG-17999]
    2023-06-12 20:34:56.090 : Start page is opened	[MsgId: MMSG-17999]
    2023-06-12 20:34:56.471 : User is logged out of session	[MsgId: MMSG-17999]
    2023-06-12 20:35:00.699 : User is logged in with session 136620.825921426HAcHtDDpHDDDDDDDtcVztpzAct	[MsgId: MMSG-17999]
    2023-06-12 20:35:01.710 : User is logged in with session 136620.825921426HAcHtDDpHDDDDDDDtcVztpzAct	[MsgId: MMSG-17999]
    2023-06-12 20:35:05.349 : Search page opened	[MsgId: MMSG-17999]
    2023-06-12 20:35:06.156 : Search page opened	[MsgId: MMSG-17999]
    2023-06-12 20:35:20.645 : Flights found : 471;773;06/15/2023 and 742;820;06/12/2023	[MsgId: MMSG-17999]
    2023-06-12 20:35:20.645 : Sity depart : Paris, Sity arrive : Seattle	[MsgId: MMSG-17999]
    2023-06-12 20:35:21.748 : Flights found : 121;237;06/15/2023 and 212;251;06/12/2023	[MsgId: MMSG-17999]
    2023-06-12 20:35:21.748 : Sity depart : Frankfurt, Sity arrive : London	[MsgId: MMSG-17999]
    2023-06-12 20:35:32.062 : Found Seat Type : Coach, Seat Pref : None	[MsgId: MMSG-17999]
    2023-06-12 20:35:32.872 : Found Seat Type : Business, Seat Pref : Aisle	[MsgId: MMSG-17999]
    2023-06-12 20:35:44.809 : Booking is complect	[MsgId: MMSG-17999]
    2023-06-12 20:35:46.384 : Booking is complect	[MsgId: MMSG-17999]
    2023-06-12 20:35:48.717 : Go to Home Page is complete	[MsgId: MMSG-17999]
    2023-06-12 20:35:50.406 : Go to Home Page is complete	[MsgId: MMSG-17999]
    2023-06-12 20:35:52.672 : Booking is created : 211856342-93268-up	[MsgId: MMSG-17999]
    2023-06-12 20:35:56.212 : Booking is created : 214091547-1340122-up	[MsgId: MMSG-17999]
    2023-06-12 20:36:04.656 : Booking (211856342-93268-up) is deleted	[MsgId: MMSG-17999]
    2023-06-12 20:36:07.889 : Booking (214091547-1340122-up) is deleted	[MsgId: MMSG-17999]
    2023-06-12 20:36:09.664 : User is logged out of session	[MsgId: MMSG-17999]
    2023-06-12 20:36:13.902 : User is logged out of session	[MsgId: MMSG-17999]
  2023-06-12 20:36:15.994 : IterationNum=7	[MsgId: MMSG-17999]
   USER 7 = user20:pwd20	[MsgId: MMSG-17999]
    2023-06-12 20:36:16.088 : Start page is opened	[MsgId: MMSG-17999]
  2023-06-12 20:36:16.259 : IterationNum=16	[MsgId: MMSG-17999]
   USER 16 = user6:pwd6	[MsgId: MMSG-17999]
    2023-06-12 20:36:16.353 : Start page is opened	[MsgId: MMSG-17999]
    2023-06-12 20:36:21.716 : User is logged in with session 136620.832401782HAcHtDtpAzzzzzzHtcVztpzAtt	[MsgId: MMSG-17999]
    2023-06-12 20:36:22.215 : User is logged in with session 136620.832401782HAcHtDtpAzzzzzzHtcVztpzAtt	[MsgId: MMSG-17999]
    2023-06-12 20:36:25.663 : Search page opened	[MsgId: MMSG-17999]
    2023-06-12 20:36:27.324 : Search page opened	[MsgId: MMSG-17999]
    2023-06-12 20:36:37.167 : Flights found : 202;320;06/15/2023 and 022;320;06/12/2023	[MsgId: MMSG-17999]
    2023-06-12 20:36:37.167 : Sity depart : London, Sity arrive : Denver	[MsgId: MMSG-17999]
    2023-06-12 20:36:39.341 : Flights found : 373;268;06/15/2023 and 732;310;06/12/2023	[MsgId: MMSG-17999]
    2023-06-12 20:36:39.341 : Sity depart : Los Angeles, Sity arrive : Seattle	[MsgId: MMSG-17999]
    2023-06-12 20:36:51.092 : Found Seat Type : Coach, Seat Pref : Window	[MsgId: MMSG-17999]
    2023-06-12 20:36:51.323 : Found Seat Type : First, Seat Pref : Aisle	[MsgId: MMSG-17999]
    2023-06-12 20:37:02.401 : Booking is complect	[MsgId: MMSG-17999]
    2023-06-12 20:37:04.494 : Booking is complect	[MsgId: MMSG-17999]
    2023-06-12 20:37:07.709 : Go to Home Page is complete	[MsgId: MMSG-17999]
    2023-06-12 20:37:08.519 : Go to Home Page is complete	[MsgId: MMSG-17999]
    2023-06-12 20:37:12.176 : Booking is created : 57414900-78664-up	[MsgId: MMSG-17999]
    2023-06-12 20:37:13.745 : Booking is created : 332976787-133275-up	[MsgId: MMSG-17999]
    2023-06-12 20:37:20.457 : Booking (57414900-78664-up) is deleted	[MsgId: MMSG-17999]
    2023-06-12 20:37:22.567 : Booking (332976787-133275-up) is deleted	[MsgId: MMSG-17999]
    2023-06-12 20:37:24.767 : User is logged out of session	[MsgId: MMSG-17999]
    2023-06-12 20:37:27.290 : User is logged out of session	[MsgId: MMSG-17999]
  2023-06-12 20:37:35.984 : IterationNum=3	[MsgId: MMSG-17999]
   USER 3 = user23:pwd23	[MsgId: MMSG-17999]
  2023-06-12 20:37:36.000 : IterationNum=12	[MsgId: MMSG-17999]
   USER 12 = user13:pwd13	[MsgId: MMSG-17999]
    2023-06-12 20:37:36.094 : Start page is opened	[MsgId: MMSG-17999]
    2023-06-12 20:37:36.094 : Start page is opened	[MsgId: MMSG-17999]
    2023-06-12 20:37:40.077 : User is logged in with session 136620.838882139HAcHtDtpttcVztpzAzt	[MsgId: MMSG-17999]
    2023-06-12 20:37:40.403 : User is logged in with session 136620.838882139HAcHtDtpttcVztpzAzt	[MsgId: MMSG-17999]
    2023-06-12 20:37:45.440 : Search page opened	[MsgId: MMSG-17999]
    2023-06-12 20:37:45.951 : Search page opened	[MsgId: MMSG-17999]
    2023-06-12 20:37:57.537 : Flights found : 973;686;06/15/2023 and 792;793;06/12/2023	[MsgId: MMSG-17999]
    2023-06-12 20:37:57.537 : Sity depart : Zurich, Sity arrive : Seattle	[MsgId: MMSG-17999]
    2023-06-12 20:38:03.004 : Flights found : 751;83;06/15/2023 and 571;83;06/12/2023	[MsgId: MMSG-17999]
    2023-06-12 20:38:03.005 : Sity depart : Seattle, Sity arrive : Portland	[MsgId: MMSG-17999]
    2023-06-12 20:38:09.556 : Found Seat Type : First, Seat Pref : Aisle	[MsgId: MMSG-17999]
    2023-06-12 20:38:12.201 : Found Seat Type : Business, Seat Pref : None	[MsgId: MMSG-17999]
    2023-06-12 20:38:27.239 : Booking is complect	[MsgId: MMSG-17999]
    2023-06-12 20:38:28.615 : Booking is complect	[MsgId: MMSG-17999]
    2023-06-12 20:38:33.106 : Go to Home Page is complete	[MsgId: MMSG-17999]
    2023-06-12 20:38:33.589 : Go to Home Page is complete	[MsgId: MMSG-17999]
    2023-06-12 20:38:37.241 : Booking is created : 21187969-120858-up	[MsgId: MMSG-17999]
    2023-06-12 20:38:38.074 : Booking is created : 251147173-1378575-up	[MsgId: MMSG-17999]
    2023-06-12 20:38:45.350 : Booking (21187969-120858-up) is deleted	[MsgId: MMSG-17999]
    2023-06-12 20:38:47.723 : Booking (251147173-1378575-up) is deleted	[MsgId: MMSG-17999]
    2023-06-12 20:38:51.130 : User is logged out of session	[MsgId: MMSG-17999]
    2023-06-12 20:38:51.598 : User is logged out of session	[MsgId: MMSG-17999]
  2023-06-12 20:38:56.003 : IterationNum=8	[MsgId: MMSG-17999]
   USER 8 = user20:pwd20	[MsgId: MMSG-17999]
    2023-06-12 20:38:56.096 : Start page is opened	[MsgId: MMSG-17999]
  2023-06-12 20:38:56.266 : IterationNum=17	[MsgId: MMSG-17999]
   USER 17 = user6:pwd6	[MsgId: MMSG-17999]
    2023-06-12 20:38:56.360 : Start page is opened	[MsgId: MMSG-17999]
    2023-06-12 20:39:01.016 : User is logged in with session 136620.845362495HAcHtDtpHDDDDDDDtcVztpzAit	[MsgId: MMSG-17999]
    2023-06-12 20:39:01.576 : User is logged in with session 136620.845362495HAcHtDtpHDDDDDDDtcVztpzAit	[MsgId: MMSG-17999]
    2023-06-12 20:39:06.117 : Search page opened	[MsgId: MMSG-17999]
    2023-06-12 20:39:07.928 : Search page opened	[MsgId: MMSG-17999]
    2023-06-12 20:39:19.523 : Flights found : 363;49;06/15/2023 and 633;49;06/12/2023	[MsgId: MMSG-17999]
    2023-06-12 20:39:19.524 : Sity depart : Los Angeles, Sity arrive : San Francisco	[MsgId: MMSG-17999]
    2023-06-12 20:39:25.289 : Flights found : 543;953;06/15/2023 and 451;1038;06/12/2023	[MsgId: MMSG-17999]
    2023-06-12 20:39:25.289 : Sity depart : Portland, Sity arrive : Paris	[MsgId: MMSG-17999]
    2023-06-12 20:39:29.664 : Found Seat Type : Coach, Seat Pref : Window	[MsgId: MMSG-17999]
    2023-06-12 20:39:36.112 : Found Seat Type : First, Seat Pref : None	[MsgId: MMSG-17999]
    2023-06-12 20:39:46.106 : Booking is complect	[MsgId: MMSG-17999]
    2023-06-12 20:39:49.925 : Booking is complect	[MsgId: MMSG-17999]
    2023-06-12 20:39:50.408 : Go to Home Page is complete	[MsgId: MMSG-17999]
    2023-06-12 20:39:57.101 : Go to Home Page is complete	[MsgId: MMSG-17999]
    2023-06-12 20:39:58.203 : Booking is created : 33297642-12569-up	[MsgId: MMSG-17999]
    2023-06-12 20:40:03.111 : Booking is created : 57427553-1116307-up	[MsgId: MMSG-17999]
    2023-06-12 20:40:08.914 : Booking (33297642-12569-up) is deleted	[MsgId: MMSG-17999]
    2023-06-12 20:40:10.941 : Booking (57427553-1116307-up) is deleted	[MsgId: MMSG-17999]
    2023-06-12 20:40:14.873 : User is logged out of session	[MsgId: MMSG-17999]
    2023-06-12 20:40:15.172 : User is logged out of session	[MsgId: MMSG-17999]
  2023-06-12 20:40:15.987 : IterationNum=4	[MsgId: MMSG-17999]
   USER 4 = user24:pwd24	[MsgId: MMSG-17999]
  2023-06-12 20:40:16.002 : IterationNum=13	[MsgId: MMSG-17999]
   USER 13 = user13:pwd13	[MsgId: MMSG-17999]
    2023-06-12 20:40:16.080 : Start page is opened	[MsgId: MMSG-17999]
    2023-06-12 20:40:16.096 : Start page is opened	[MsgId: MMSG-17999]
    2023-06-12 20:40:20.617 : User is logged in with session 136620.851842851HAcHtDfpAzzzzzzHtcVztpzVAt	[MsgId: MMSG-17999]
    2023-06-12 20:40:22.006 : User is logged in with session 136620.851842851HAcHtDfpAzzzzzzHtcVztpzVAt	[MsgId: MMSG-17999]
    2023-06-12 20:40:26.330 : Search page opened	[MsgId: MMSG-17999]
    2023-06-12 20:40:26.779 : Search page opened	[MsgId: MMSG-17999]
    2023-06-12 20:48:06.765 : Flights found : 172;904;06/15/2023 and 711;852;06/12/2023	[MsgId: MMSG-17999]
    2023-06-12 20:48:06.765 : Sity depart : Frankfurt, Sity arrive : Seattle	[MsgId: MMSG-17999]
    2023-06-12 20:48:07.515 : Flights found : 362;107;06/15/2023 and 631;101;06/12/2023	[MsgId: MMSG-17999]
    2023-06-12 20:48:07.515 : Sity depart : Los Angeles, Sity arrive : San Francisco	[MsgId: MMSG-17999]
    2023-06-12 20:48:16.628 : Found Seat Type : First, Seat Pref : None	[MsgId: MMSG-17999]
    2023-06-12 20:48:17.380 : Found Seat Type : First, Seat Pref : None	[MsgId: MMSG-17999]
    2023-06-12 20:48:28.946 : Booking is complect	[MsgId: MMSG-17999]
    2023-06-12 20:48:34.435 : Go to Home Page is complete	[MsgId: MMSG-17999]
    2023-06-12 20:48:35.093 : Booking is complect	[MsgId: MMSG-17999]
    2023-06-12 20:48:38.446 : Booking is created : 247784181-1316288-up	[MsgId: MMSG-17999]
    2023-06-12 20:48:40.077 : Go to Home Page is complete	[MsgId: MMSG-17999]
    2023-06-12 20:48:45.805 : Booking is created : 211865263-125477-up	[MsgId: MMSG-17999]
    2023-06-12 20:48:46.908 : Booking (247784181-1316288-up) is deleted	[MsgId: MMSG-17999]
    2023-06-12 20:48:53.092 : User is logged out of session	[MsgId: MMSG-17999]
Warning: Iteration pacing cannot be reached (pace time = 160,00, actual time = 517,11).	[MsgId: MWAR-15995]
  2023-06-12 20:48:53.092 : IterationNum=5	[MsgId: MMSG-17999]
   USER 5 = user25:pwd25	[MsgId: MMSG-17999]
    2023-06-12 20:48:53.181 : Start page is opened	[MsgId: MMSG-17999]
    2023-06-12 20:48:54.351 : Booking (211865263-125477-up) is deleted	[MsgId: MMSG-17999]
    2023-06-12 20:48:57.298 : User is logged in with session 136620.893722155HAcHtDHpccAiDDDDtcVztpzcDDcf	[MsgId: MMSG-17999]
    2023-06-12 20:48:59.112 : User is logged out of session	[MsgId: MMSG-17999]
Warning: Iteration pacing cannot be reached (pace time = 160,00, actual time = 523,11).	[MsgId: MWAR-15995]
  2023-06-12 20:48:59.113 : IterationNum=14	[MsgId: MMSG-17999]
   USER 14 = user13:pwd13	[MsgId: MMSG-17999]
    2023-06-12 20:48:59.252 : Start page is opened	[MsgId: MMSG-17999]
    2023-06-12 20:49:01.765 : Search page opened	[MsgId: MMSG-17999]
    2023-06-12 20:49:03.826 : User is logged in with session 136620.894208181HAcHtDHpctfiDDDDtcVztpzcDtHf	[MsgId: MMSG-17999]
  2023-06-12 20:49:03.883 : IterationNum=9	[MsgId: MMSG-17999]
   USER 9 = user20:pwd20	[MsgId: MMSG-17999]
    2023-06-12 20:49:03.974 : Start page is opened	[MsgId: MMSG-17999]
  2023-06-12 20:49:04.143 : IterationNum=18	[MsgId: MMSG-17999]
   USER 18 = user6:pwd6	[MsgId: MMSG-17999]
    2023-06-12 20:49:04.234 : Start page is opened	[MsgId: MMSG-17999]
    2023-06-12 20:49:08.247 : Search page opened	[MsgId: MMSG-17999]
    2023-06-12 20:49:08.649 : User is logged in with session 136620.894532199HAcHtDHpczcftcVztpzcDfHf	[MsgId: MMSG-17999]
    2023-06-12 20:49:08.760 : User is logged in with session 136620.894613204HAcHtDHpczzzzzzHtcVztpzcDz	[MsgId: MMSG-17999]
    2023-06-12 20:49:12.757 : Search page opened	[MsgId: MMSG-17999]
    2023-06-12 20:49:13.646 : Search page opened	[MsgId: MMSG-17999]
    2023-06-12 20:49:19.552 : Flights found : 412;121;06/15/2023 and 143;105;06/12/2023	[MsgId: MMSG-17999]
    2023-06-12 20:49:19.552 : Sity depart : Paris, Sity arrive : Frankfurt	[MsgId: MMSG-17999]
    2023-06-12 20:49:27.002 : Flights found : 211;343;06/15/2023 and 120;385;06/12/2023	[MsgId: MMSG-17999]
    2023-06-12 20:49:27.003 : Sity depart : London, Sity arrive : Frankfurt	[MsgId: MMSG-17999]
    2023-06-12 20:49:27.686 : Flights found : 283;1179;06/15/2023 and 822;1362;06/12/2023	[MsgId: MMSG-17999]
    2023-06-12 20:49:27.687 : Sity depart : London, Sity arrive : Sydney	[MsgId: MMSG-17999]
    2023-06-12 20:49:30.632 : Found Seat Type : Coach, Seat Pref : Window	[MsgId: MMSG-17999]
    2023-06-12 20:49:31.645 : Flights found : 383;794;06/15/2023 and 831;865;06/12/2023	[MsgId: MMSG-17999]
    2023-06-12 20:49:31.645 : Sity depart : Los Angeles, Sity arrive : Sydney	[MsgId: MMSG-17999]
    2023-06-12 20:49:38.396 : Found Seat Type : Business, Seat Pref : None	[MsgId: MMSG-17999]
    2023-06-12 20:49:38.417 : Found Seat Type : Coach, Seat Pref : Window	[MsgId: MMSG-17999]
    2023-06-12 20:49:40.949 : Found Seat Type : Business, Seat Pref : None	[MsgId: MMSG-17999]
    2023-06-12 20:49:42.032 : Booking is complect	[MsgId: MMSG-17999]
    2023-06-12 20:49:47.646 : Go to Home Page is complete	[MsgId: MMSG-17999]
    2023-06-12 20:49:52.408 : Booking is created : 206311560-87940-up	[MsgId: MMSG-17999]
    2023-06-12 20:49:53.038 : Booking is complect	[MsgId: MMSG-17999]
    2023-06-12 20:49:53.849 : Booking is complect	[MsgId: MMSG-17999]
    2023-06-12 20:49:55.014 : Booking is complect	[MsgId: MMSG-17999]
    2023-06-12 20:49:58.019 : Go to Home Page is complete	[MsgId: MMSG-17999]
    2023-06-12 20:49:59.220 : Go to Home Page is complete	[MsgId: MMSG-17999]
    2023-06-12 20:50:00.171 : Booking (206311560-87940-up) is deleted	[MsgId: MMSG-17999]
    2023-06-12 20:50:00.385 : Go to Home Page is complete	[MsgId: MMSG-17999]
    2023-06-12 20:50:03.764 : Booking is created : 57421622-1408589-up	[MsgId: MMSG-17999]
    2023-06-12 20:50:04.106 : Booking is created : 211859679-86209-up	[MsgId: MMSG-17999]
    2023-06-12 20:50:05.275 : Booking is created : 3329734488-1401733-up	[MsgId: MMSG-17999]
    2023-06-12 20:50:06.007 : User is logged out of session	[MsgId: MMSG-17999]
    2023-06-12 20:50:12.137 : Booking (57421622-1408589-up) is deleted	[MsgId: MMSG-17999]
    2023-06-12 20:50:14.622 : Booking (211859679-86209-up) is deleted	[MsgId: MMSG-17999]
    2023-06-12 20:50:16.181 : Booking (3329734488-1401733-up) is deleted	[MsgId: MMSG-17999]
    2023-06-12 20:50:16.616 : User is logged out of session	[MsgId: MMSG-17999]
    2023-06-12 20:50:18.601 : User is logged out of session	[MsgId: MMSG-17999]
    2023-06-12 20:50:20.334 : User is logged out of session	[MsgId: MMSG-17999]
  2023-06-12 20:51:33.098 : IterationNum=6	[MsgId: MMSG-17999]
   USER 6 = user26:pwd26	[MsgId: MMSG-17999]
    2023-06-12 20:51:33.192 : Start page is opened	[MsgId: MMSG-17999]
    2023-06-12 20:51:39.016 : User is logged in with session 136620.906682868HAcHtDHpiiHftcVztpzcHDcf	[MsgId: MMSG-17999]
  2023-06-12 20:51:39.123 : IterationNum=15	[MsgId: MMSG-17999]
   USER 15 = user13:pwd13	[MsgId: MMSG-17999]
    2023-06-12 20:51:39.218 : Start page is opened	[MsgId: MMSG-17999]
    2023-06-12 20:51:43.576 : User is logged in with session 136620.907168894HAcHtDHpQVcftcVztpzcHtHf	[MsgId: MMSG-17999]
  2023-06-12 20:51:43.885 : IterationNum=10	[MsgId: MMSG-17999]
   USER 10 = user20:pwd20	[MsgId: MMSG-17999]
    2023-06-12 20:51:43.980 : Start page is opened	[MsgId: MMSG-17999]
  2023-06-12 20:51:44.152 : IterationNum=19	[MsgId: MMSG-17999]
   USER 19 = user6:pwd6	[MsgId: MMSG-17999]
    2023-06-12 20:51:44.246 : Start page is opened	[MsgId: MMSG-17999]
    2023-06-12 20:51:44.312 : Search page opened	[MsgId: MMSG-17999]
    2023-06-12 20:51:48.814 : User is logged in with session 136620.907492912HAcHtDHpQcQVzzzHtcVztpzcHfHf	[MsgId: MMSG-17999]
    2023-06-12 20:51:48.924 : User is logged in with session 136620.907573917HAcHtDHpQDDDDDDDtcVztpzcHz	[MsgId: MMSG-17999]
    2023-06-12 20:51:50.493 : Search page opened	[MsgId: MMSG-17999]
    2023-06-12 20:51:54.028 : Search page opened	[MsgId: MMSG-17999]
    2023-06-12 20:51:54.044 : Search page opened	[MsgId: MMSG-17999]
    2023-06-12 20:52:00.264 : Flights found : 033;298;06/15/2023 and 300;365;06/12/2023	[MsgId: MMSG-17999]
    2023-06-12 20:52:00.264 : Sity depart : Denver, Sity arrive : Los Angeles	[MsgId: MMSG-17999]
    2023-06-12 20:52:04.658 : Flights found : 503;421;06/15/2023 and 050;515;06/12/2023	[MsgId: MMSG-17999]
    2023-06-12 20:52:04.658 : Sity depart : Portland, Sity arrive : Denver	[MsgId: MMSG-17999]
    2023-06-12 20:52:07.292 : Flights found : 590;462;06/15/2023 and 952;436;06/12/2023	[MsgId: MMSG-17999]
    2023-06-12 20:52:07.292 : Sity depart : Portland, Sity arrive : Zurich	[MsgId: MMSG-17999]
    2023-06-12 20:52:08.525 : Found Seat Type : Business, Seat Pref : None	[MsgId: MMSG-17999]
    2023-06-12 20:52:08.805 : Flights found : 971;398;06/15/2023 and 791;398;06/12/2023	[MsgId: MMSG-17999]
    2023-06-12 20:52:08.805 : Sity depart : Zurich, Sity arrive : Seattle	[MsgId: MMSG-17999]
    2023-06-12 20:52:16.944 : Found Seat Type : First, Seat Pref : None	[MsgId: MMSG-17999]
    2023-06-12 20:52:17.104 : Found Seat Type : Coach, Seat Pref : Window	[MsgId: MMSG-17999]
    2023-06-12 20:52:17.585 : Found Seat Type : Coach, Seat Pref : Window	[MsgId: MMSG-17999]
    2023-06-12 20:52:21.889 : Booking is complect	[MsgId: MMSG-17999]
    2023-06-12 20:52:27.101 : Go to Home Page is complete	[MsgId: MMSG-17999]
    2023-06-12 20:52:30.266 : Booking is complect	[MsgId: MMSG-17999]
    2023-06-12 20:52:32.414 : Booking is created : 365927159-100051-up	[MsgId: MMSG-17999]
    2023-06-12 20:52:36.130 : Booking is complect	[MsgId: MMSG-17999]
    2023-06-12 20:52:36.703 : Go to Home Page is complete	[MsgId: MMSG-17999]
    2023-06-12 20:52:36.708 : Booking is complect	[MsgId: MMSG-17999]
    2023-06-12 20:52:41.604 : Booking (365927159-100051-up) is deleted	[MsgId: MMSG-17999]
    2023-06-12 20:52:41.709 : Booking is created : 332998940-137830-up	[MsgId: MMSG-17999]
    2023-06-12 20:52:41.788 : Go to Home Page is complete	[MsgId: MMSG-17999]
    2023-06-12 20:52:43.011 : Go to Home Page is complete	[MsgId: MMSG-17999]
    2023-06-12 20:52:45.656 : User is logged out of session	[MsgId: MMSG-17999]
    2023-06-12 20:52:47.623 : Booking is created : 211870497-80841-up	[MsgId: MMSG-17999]
    2023-06-12 20:52:48.077 : Booking is created : 57429276-150222-up	[MsgId: MMSG-17999]
    2023-06-12 20:52:49.883 : Booking (332998940-137830-up) is deleted	[MsgId: MMSG-17999]
    2023-06-12 20:52:54.171 : User is logged out of session	[MsgId: MMSG-17999]
    2023-06-12 20:52:55.997 : Booking (211870497-80841-up) is deleted	[MsgId: MMSG-17999]
    2023-06-12 20:52:59.245 : Booking (57429276-150222-up) is deleted	[MsgId: MMSG-17999]
    2023-06-12 20:53:00.327 : User is logged out of session	[MsgId: MMSG-17999]
    2023-06-12 20:53:04.459 : User is logged out of session	[MsgId: MMSG-17999]
  2023-06-12 20:54:13.098 : IterationNum=7	[MsgId: MMSG-17999]
   USER 7 = user27:pwd27	[MsgId: MMSG-17999]
    2023-06-12 20:54:15.372 : Start page is opened	[MsgId: MMSG-17999]
  2023-06-12 20:54:19.135 : IterationNum=16	[MsgId: MMSG-17999]
   USER 16 = user13:pwd13	[MsgId: MMSG-17999]
    2023-06-12 20:54:19.228 : Start page is opened	[MsgId: MMSG-17999]
    2023-06-12 20:54:20.104 : User is logged in with session 136620.919805589HAcHtDipfzcftcVztpzDVDHf	[MsgId: MMSG-17999]
  2023-06-12 20:54:23.898 : IterationNum=11	[MsgId: MMSG-17999]
   USER 11 = user20:pwd20	[MsgId: MMSG-17999]
    2023-06-12 20:54:23.992 : Start page is opened	[MsgId: MMSG-17999]
  2023-06-12 20:54:24.164 : IterationNum=20	[MsgId: MMSG-17999]
   USER 20 = user6:pwd6	[MsgId: MMSG-17999]
    2023-06-12 20:54:24.258 : Start page is opened	[MsgId: MMSG-17999]
    2023-06-12 20:54:25.101 : Search page opened	[MsgId: MMSG-17999]
    2023-06-12 20:54:25.240 : User is logged in with session 136620.920129607HAcHtDipfHQVzzzHtcVztpzDVtHf	[MsgId: MMSG-17999]
    2023-06-12 20:54:28.457 : User is logged in with session 136620.920534629HAcHtDipztcVztpzDVz	[MsgId: MMSG-17999]
    2023-06-12 20:54:28.912 : User is logged in with session 136620.920453625HAcHtDipfQfiDDDDtcVztpzDVfHf	[MsgId: MMSG-17999]
    2023-06-12 20:54:29.593 : Search page opened	[MsgId: MMSG-17999]
    2023-06-12 20:54:33.336 : Search page opened	[MsgId: MMSG-17999]
    2023-06-12 20:54:36.097 : Search page opened	[MsgId: MMSG-17999]
    2023-06-12 20:54:36.998 : Flights found : 431;566;06/15/2023 and 340;636;06/12/2023	[MsgId: MMSG-17999]
    2023-06-12 20:54:36.998 : Sity depart : Paris, Sity arrive : Los Angeles	[MsgId: MMSG-17999]
    2023-06-12 20:54:43.970 : Flights found : 713;783;06/15/2023 and 171;852;06/12/2023	[MsgId: MMSG-17999]
    2023-06-12 20:54:43.970 : Sity depart : Seattle, Sity arrive : Frankfurt	[MsgId: MMSG-17999]
    2023-06-12 20:54:46.255 : Flights found : 041;453;06/15/2023 and 400;508;06/12/2023	[MsgId: MMSG-17999]
    2023-06-12 20:54:46.255 : Sity depart : Denver, Sity arrive : Paris	[MsgId: MMSG-17999]
    2023-06-12 20:54:48.359 : Found Seat Type : Business, Seat Pref : Aisle	[MsgId: MMSG-17999]
    2023-06-12 20:54:51.676 : Found Seat Type : First, Seat Pref : Aisle	[MsgId: MMSG-17999]
    2023-06-12 20:54:53.400 : Flights found : 242;102;06/15/2023 and 420;108;06/12/2023	[MsgId: MMSG-17999]
    2023-06-12 20:54:53.400 : Sity depart : London, Sity arrive : Paris	[MsgId: MMSG-17999]
    2023-06-12 20:54:59.825 : Found Seat Type : Business, Seat Pref : None	[MsgId: MMSG-17999]
    2023-06-12 20:55:03.365 : Booking is complect	[MsgId: MMSG-17999]
    2023-06-12 20:55:05.222 : Found Seat Type : Coach, Seat Pref : Aisle	[MsgId: MMSG-17999]
    2023-06-12 20:55:06.833 : Booking is complect	[MsgId: MMSG-17999]
    2023-06-12 20:55:07.294 : Go to Home Page is complete	[MsgId: MMSG-17999]
    2023-06-12 20:55:11.339 : Booking is created : 131127095-1030861-up	[MsgId: MMSG-17999]
    2023-06-12 20:55:12.614 : Go to Home Page is complete	[MsgId: MMSG-17999]
    2023-06-12 20:55:13.385 : Booking is complect	[MsgId: MMSG-17999]
    2023-06-12 20:55:16.879 : Booking is created : 211878288-900895-up	[MsgId: MMSG-17999]
    2023-06-12 20:55:18.942 : Go to Home Page is complete	[MsgId: MMSG-17999]
    2023-06-12 20:55:23.481 : Booking is complect	[MsgId: MMSG-17999]
    2023-06-12 20:55:23.725 : Booking (131127095-1030861-up) is deleted	[MsgId: MMSG-17999]
    2023-06-12 20:55:24.690 : Booking (211878288-900895-up) is deleted	[MsgId: MMSG-17999]
    2023-06-12 20:55:24.828 : Booking is created : 332964498-107766-up	[MsgId: MMSG-17999]
    2023-06-12 20:55:28.297 : User is logged out of session	[MsgId: MMSG-17999]
    2023-06-12 20:55:28.840 : Go to Home Page is complete	[MsgId: MMSG-17999]
    2023-06-12 20:55:30.891 : User is logged out of session	[MsgId: MMSG-17999]
    2023-06-12 20:55:33.256 : Booking is created : 57416374-109246-up	[MsgId: MMSG-17999]
    2023-06-12 20:55:34.313 : Booking (332964498-107766-up) is deleted	[MsgId: MMSG-17999]
    2023-06-12 20:55:40.107 : User is logged out of session	[MsgId: MMSG-17999]
    2023-06-12 20:55:47.664 : Booking (57416374-109246-up) is deleted	[MsgId: MMSG-17999]
    2023-06-12 20:55:52.987 : User is logged out of session	[MsgId: MMSG-17999]
  2023-06-12 20:56:53.109 : IterationNum=8	[MsgId: MMSG-17999]
   USER 8 = user27:pwd27	[MsgId: MMSG-17999]
    2023-06-12 20:56:53.202 : Start page is opened	[MsgId: MMSG-17999]
    2023-06-12 20:56:57.269 : User is logged in with session 136620.932604293HAcHtDQpccAiDDDDtcVztpzDfDcf	[MsgId: MMSG-17999]
  2023-06-12 20:56:59.138 : IterationNum=17	[MsgId: MMSG-17999]
   USER 17 = user13:pwd13	[MsgId: MMSG-17999]
    2023-06-12 20:56:59.356 : Start page is opened	[MsgId: MMSG-17999]
    2023-06-12 20:57:02.601 : Search page opened	[MsgId: MMSG-17999]
  2023-06-12 20:57:03.905 : IterationNum=12	[MsgId: MMSG-17999]
   USER 12 = user20:pwd20	[MsgId: MMSG-17999]
  2023-06-12 20:57:04.169 : IterationNum=21	[MsgId: MMSG-17999]
   USER 21 = user6:pwd6	[MsgId: MMSG-17999]
    2023-06-12 20:57:04.374 : User is logged in with session 136620.93309032HAcHtDQpctfiDDDDtcVztpzDftHf	[MsgId: MMSG-17999]
    2023-06-12 20:57:06.243 : Start page is opened	[MsgId: MMSG-17999]
    2023-06-12 20:57:06.383 : Start page is opened	[MsgId: MMSG-17999]
    2023-06-12 20:57:10.446 : Search page opened	[MsgId: MMSG-17999]
    2023-06-12 20:57:12.063 : User is logged in with session 136620.933657351HAcHtDQpcHftcVztpzDfzf	[MsgId: MMSG-17999]
    2023-06-12 20:57:12.079 : User is logged in with session 136620.933657351HAcHtDQpcHftcVztpzDfzf	[MsgId: MMSG-17999]
    2023-06-12 20:57:13.974 : Flights found : 733;268;06/15/2023 and 373;268;06/12/2023	[MsgId: MMSG-17999]
    2023-06-12 20:57:13.974 : Sity depart : Seattle, Sity arrive : Los Angeles	[MsgId: MMSG-17999]
    2023-06-12 20:57:16.814 : Search page opened	[MsgId: MMSG-17999]
    2023-06-12 20:57:17.909 : Search page opened	[MsgId: MMSG-17999]
    2023-06-12 20:57:23.354 : Found Seat Type : First, Seat Pref : Window	[MsgId: MMSG-17999]
    2023-06-12 20:57:28.487 : Flights found : 362;107;06/15/2023 and 633;92;06/12/2023	[MsgId: MMSG-17999]
    2023-06-12 20:57:28.487 : Sity depart : Los Angeles, Sity arrive : San Francisco	[MsgId: MMSG-17999]
    2023-06-12 20:57:30.217 : Flights found : 581;1040;06/15/2023 and 851;1040;06/12/2023	[MsgId: MMSG-17999]
    2023-06-12 20:57:30.217 : Sity depart : Portland, Sity arrive : Sydney	[MsgId: MMSG-17999]
    2023-06-12 20:57:34.673 : Flights found : 833;548;06/15/2023 and 383;548;06/12/2023	[MsgId: MMSG-17999]
    2023-06-12 20:57:34.673 : Sity depart : Sydney, Sity arrive : Los Angeles	[MsgId: MMSG-17999]
    2023-06-12 20:57:38.402 : Found Seat Type : Business, Seat Pref : None	[MsgId: MMSG-17999]
    2023-06-12 20:57:38.979 : Found Seat Type : First, Seat Pref : Aisle	[MsgId: MMSG-17999]
    2023-06-12 20:57:40.919 : Booking is complect	[MsgId: MMSG-17999]
    2023-06-12 20:57:47.091 : Found Seat Type : Coach, Seat Pref : None	[MsgId: MMSG-17999]
    2023-06-12 20:57:48.782 : Go to Home Page is complete	[MsgId: MMSG-17999]
    2023-06-12 20:57:51.526 : Booking is complect	[MsgId: MMSG-17999]
    2023-06-12 20:57:54.642 : Booking is created : 131138269-105656-up	[MsgId: MMSG-17999]
    2023-06-12 20:57:55.413 : Booking is complect	[MsgId: MMSG-17999]
    2023-06-12 20:57:57.832 : Go to Home Page is complete	[MsgId: MMSG-17999]
    2023-06-12 20:57:59.838 : Go to Home Page is complete	[MsgId: MMSG-17999]
    2023-06-12 20:58:02.082 : Booking is created : 574289297-1424006-up	[MsgId: MMSG-17999]
    2023-06-12 20:58:04.627 : Booking (131138269-105656-up) is deleted	[MsgId: MMSG-17999]
    2023-06-12 20:58:04.987 : Booking is complect	[MsgId: MMSG-17999]
    2023-06-12 20:58:06.138 : Booking is created : 211865263-125630-up	[MsgId: MMSG-17999]
    2023-06-12 20:58:09.788 : User is logged out of session	[MsgId: MMSG-17999]
    2023-06-12 20:58:11.640 : Go to Home Page is complete	[MsgId: MMSG-17999]
    2023-06-12 20:58:12.217 : Booking (574289297-1424006-up) is deleted	[MsgId: MMSG-17999]
    2023-06-12 20:58:16.364 : Booking is created : 332993835-1063930-up	[MsgId: MMSG-17999]
    2023-06-12 20:58:16.854 : Booking (211865263-125630-up) is deleted	[MsgId: MMSG-17999]
    2023-06-12 20:58:17.458 : User is logged out of session	[MsgId: MMSG-17999]
    2023-06-12 20:58:20.745 : User is logged out of session	[MsgId: MMSG-17999]
    2023-06-12 20:58:25.493 : Booking (332993835-1063930-up) is deleted	[MsgId: MMSG-17999]
    2023-06-12 20:58:31.384 : User is logged out of session	[MsgId: MMSG-17999]
  2023-06-12 20:59:33.120 : IterationNum=9	[MsgId: MMSG-17999]
   USER 9 = user27:pwd27	[MsgId: MMSG-17999]
    2023-06-12 20:59:33.229 : Start page is opened	[MsgId: MMSG-17999]
    2023-06-12 20:59:39.553 : User is logged in with session 136620.945565006HAcHtDQpiiHftcVztpzDQDcf	[MsgId: MMSG-17999]
    2023-06-12 20:59:43.644 : Search page opened	[MsgId: MMSG-17999]
    2023-06-12 20:59:55.389 : Flights found : 961;335;06/15/2023 and 690;376;06/12/2023	[MsgId: MMSG-17999]
    2023-06-12 20:59:55.389 : Sity depart : Zurich, Sity arrive : San Francisco	[MsgId: MMSG-17999]
    2023-06-12 21:00:03.377 : Found Seat Type : Coach, Seat Pref : None	[MsgId: MMSG-17999]
    2023-06-12 21:00:20.648 : Booking is complect	[MsgId: MMSG-17999]
    2023-06-12 21:00:26.708 : Go to Home Page is complete	[MsgId: MMSG-17999]
    2023-06-12 21:00:31.240 : Booking is created : 131146716-130054-up	[MsgId: MMSG-17999]
    2023-06-12 21:00:42.525 : Booking (131146716-130054-up) is deleted	[MsgId: MMSG-17999]
    2023-06-12 21:00:47.650 : User is logged out of session	[MsgId: MMSG-17999]
