  2023-06-15 03:48:10.798 : IterationNum=1	[MsgId: MMSG-17999]
   USER 1 = jojo:bean	[MsgId: MMSG-17999]
    2023-06-15 03:48:10.883 : Start page is opened	[MsgId: MMSG-17999]
    2023-06-15 03:48:15.584 : User is logged in with session 136636.929121102HAciczcpAtVzzzzHtcVzQpfHccf	[MsgId: MMSG-17999]
    2023-06-15 03:48:20.603 : Search page opened	[MsgId: MMSG-17999]
    2023-06-15 03:48:39.127 : Flights found : 803;648;06/18/2023 and 082;748;06/15/2023	[MsgId: MMSG-17999]
    2023-06-15 03:48:39.128 : Sity depart : Sydney, Sity arrive : Denver	[MsgId: MMSG-17999]
    2023-06-15 03:48:47.321 : Found Seat Type : Coach, Seat Pref : Aisle	[MsgId: MMSG-17999]
    2023-06-15 03:48:59.364 : Booking is complect	[MsgId: MMSG-17999]
    2023-06-15 03:49:03.932 : Go to Home Page is complete	[MsgId: MMSG-17999]
    2023-06-15 03:49:09.207 : Booking is created : 308918653-832415-jb	[MsgId: MMSG-17999]
    2023-06-15 03:49:21.046 : Booking (308918653-832415-jb) is deleted	[MsgId: MMSG-17999]
    2023-06-15 03:49:25.613 : User is logged out of session	[MsgId: MMSG-17999]
  2023-06-15 04:00:10.813 : IterationNum=2	[MsgId: MMSG-17999]
   USER 2 = user1:pwd1	[MsgId: MMSG-17999]
    2023-06-15 04:00:10.905 : Start page is opened	[MsgId: MMSG-17999]
    2023-06-15 04:00:15.782 : User is logged in with session 136636.987444309HAciczfpAtVzzzzHtcVzQpfQAcf	[MsgId: MMSG-17999]
    2023-06-15 04:00:21.923 : Search page opened	[MsgId: MMSG-17999]
    2023-06-15 04:00:38.161 : Flights found : 960;705;06/18/2023 and 692;666;06/15/2023	[MsgId: MMSG-17999]
    2023-06-15 04:00:38.161 : Sity depart : Zurich, Sity arrive : San Francisco	[MsgId: MMSG-17999]
    2023-06-15 04:00:48.322 : Found Seat Type : First, Seat Pref : None	[MsgId: MMSG-17999]
    2023-06-15 04:01:05.173 : Booking is complect	[MsgId: MMSG-17999]
    2023-06-15 04:01:11.013 : Go to Home Page is complete	[MsgId: MMSG-17999]
    2023-06-15 04:01:17.260 : Booking is created : 306331877-1301643-up	[MsgId: MMSG-17999]
    2023-06-15 04:01:29.575 : Booking (306331877-1301643-up) is deleted	[MsgId: MMSG-17999]
    2023-06-15 04:01:34.905 : User is logged out of session	[MsgId: MMSG-17999]
  2023-06-15 04:12:10.824 : IterationNum=3	[MsgId: MMSG-17999]
   USER 3 = user2:pwd2	[MsgId: MMSG-17999]
    2023-06-15 04:12:10.917 : Start page is opened	[MsgId: MMSG-17999]
    2023-06-15 04:12:15.512 : User is logged in with session 136637.045767517HAciczipAtVzzzzHtcVzQpzAicf	[MsgId: MMSG-17999]
    2023-06-15 04:12:21.473 : Search page opened	[MsgId: MMSG-17999]
    2023-06-15 04:12:36.285 : Flights found : 953;548;06/18/2023 and 591;596;06/15/2023	[MsgId: MMSG-17999]
    2023-06-15 04:12:36.285 : Sity depart : Zurich, Sity arrive : Portland	[MsgId: MMSG-17999]
    2023-06-15 04:12:47.839 : Found Seat Type : Business, Seat Pref : None	[MsgId: MMSG-17999]
    2023-06-15 04:13:02.333 : Booking is complect	[MsgId: MMSG-17999]
    2023-06-15 04:13:07.751 : Go to Home Page is complete	[MsgId: MMSG-17999]
    2023-06-15 04:13:13.010 : Booking is created : 340405686-1223934-up	[MsgId: MMSG-17999]
    2023-06-15 04:13:21.137 : Booking (340405686-1223934-up) is deleted	[MsgId: MMSG-17999]
    2023-06-15 04:13:27.176 : User is logged out of session	[MsgId: MMSG-17999]
  2023-06-15 04:24:10.610 : IterationNum=1	[MsgId: MMSG-17999]
   USER 1 = user6:pwd6	[MsgId: MMSG-17999]
    2023-06-15 04:24:10.705 : Start page is opened	[MsgId: MMSG-17999]
  2023-06-15 04:24:10.829 : IterationNum=4	[MsgId: MMSG-17999]
   USER 4 = user3:pwd3	[MsgId: MMSG-17999]
    2023-06-15 04:24:10.923 : Start page is opened	[MsgId: MMSG-17999]
    2023-06-15 04:24:16.028 : User is logged in with session 136637.104090725HAcicHVpAtVzzzzHtcVzQpzczcf	[MsgId: MMSG-17999]
    2023-06-15 04:24:16.400 : User is logged in with session 136637.104090725HAcicHVpAtVzzzzHtcVzQpzczcf	[MsgId: MMSG-17999]
    2023-06-15 04:24:21.433 : Search page opened	[MsgId: MMSG-17999]
    2023-06-15 04:24:21.512 : Search page opened	[MsgId: MMSG-17999]
    2023-06-15 04:24:37.204 : Flights found : 240;157;06/18/2023 and 422;149;06/15/2023	[MsgId: MMSG-17999]
    2023-06-15 04:24:37.204 : Sity depart : London, Sity arrive : Paris	[MsgId: MMSG-17999]
    2023-06-15 04:24:37.993 : Flights found : 532;187;06/18/2023 and 351;176;06/15/2023	[MsgId: MMSG-17999]
    2023-06-15 04:24:37.993 : Sity depart : Portland, Sity arrive : Los Angeles	[MsgId: MMSG-17999]
    2023-06-15 04:24:48.355 : Found Seat Type : Coach, Seat Pref : Aisle	[MsgId: MMSG-17999]
    2023-06-15 04:24:48.774 : Found Seat Type : Business, Seat Pref : None	[MsgId: MMSG-17999]
    2023-06-15 04:25:01.489 : Booking is complect	[MsgId: MMSG-17999]
    2023-06-15 04:25:05.005 : Booking is complect	[MsgId: MMSG-17999]
    2023-06-15 04:25:07.710 : Go to Home Page is complete	[MsgId: MMSG-17999]
    2023-06-15 04:25:10.319 : Go to Home Page is complete	[MsgId: MMSG-17999]
    2023-06-15 04:25:13.841 : Booking is created : 332971857-109408-up	[MsgId: MMSG-17999]
    2023-06-15 04:25:15.563 : Booking is created : 154093784-103951-up	[MsgId: MMSG-17999]
    2023-06-15 04:25:23.497 : Booking (332971857-109408-up) is deleted	[MsgId: MMSG-17999]
    2023-06-15 04:25:27.915 : Booking (154093784-103951-up) is deleted	[MsgId: MMSG-17999]
    2023-06-15 04:25:28.853 : User is logged out of session	[MsgId: MMSG-17999]
    2023-06-15 04:25:33.351 : User is logged out of session	[MsgId: MMSG-17999]
  2023-06-15 04:36:10.614 : IterationNum=2	[MsgId: MMSG-17999]
   USER 2 = user7:pwd7	[MsgId: MMSG-17999]
    2023-06-15 04:36:10.707 : Start page is opened	[MsgId: MMSG-17999]
  2023-06-15 04:36:10.831 : IterationNum=5	[MsgId: MMSG-17999]
   USER 5 = user4:pwd4	[MsgId: MMSG-17999]
    2023-06-15 04:36:10.925 : Start page is opened	[MsgId: MMSG-17999]
    2023-06-15 04:36:14.837 : User is logged in with session 136637.162413933HAcicHtpAtVzzzzHtcVzQpzttcf	[MsgId: MMSG-17999]
    2023-06-15 04:36:15.878 : User is logged in with session 136637.162413933HAcicHtpAtVzzzzHtcVzQpzttcf	[MsgId: MMSG-17999]
    2023-06-15 04:36:20.575 : Search page opened	[MsgId: MMSG-17999]
    2023-06-15 04:36:21.537 : Search page opened	[MsgId: MMSG-17999]
    2023-06-15 04:36:36.735 : Flights found : 281;1861;06/18/2023 and 822;1975;06/15/2023	[MsgId: MMSG-17999]
    2023-06-15 04:36:36.735 : Sity depart : London, Sity arrive : Sydney	[MsgId: MMSG-17999]
    2023-06-15 04:36:37.220 : Flights found : 463;509;06/18/2023 and 643;509;06/15/2023	[MsgId: MMSG-17999]
    2023-06-15 04:36:37.221 : Sity depart : Paris, Sity arrive : San Francisco	[MsgId: MMSG-17999]
    2023-06-15 04:36:46.544 : Found Seat Type : Business, Seat Pref : Aisle	[MsgId: MMSG-17999]
    2023-06-15 04:36:49.522 : Found Seat Type : Coach, Seat Pref : Window	[MsgId: MMSG-17999]
    2023-06-15 04:37:03.029 : Booking is complect	[MsgId: MMSG-17999]
    2023-06-15 04:37:07.530 : Booking is complect	[MsgId: MMSG-17999]
    2023-06-15 04:37:08.181 : Go to Home Page is complete	[MsgId: MMSG-17999]
    2023-06-15 04:37:11.718 : Go to Home Page is complete	[MsgId: MMSG-17999]
    2023-06-15 04:37:14.420 : Booking is created : 3655659698-1401833-up	[MsgId: MMSG-17999]
    2023-06-15 04:37:15.661 : Booking is created : 76683833-1263924-up	[MsgId: MMSG-17999]
    2023-06-15 04:37:26.331 : Booking (3655659698-1401833-up) is deleted	[MsgId: MMSG-17999]
    2023-06-15 04:37:26.799 : Booking (76683833-1263924-up) is deleted	[MsgId: MMSG-17999]
    2023-06-15 04:37:30.713 : User is logged out of session	[MsgId: MMSG-17999]
    2023-06-15 04:37:31.262 : User is logged out of session	[MsgId: MMSG-17999]
  2023-06-15 04:48:10.628 : IterationNum=3	[MsgId: MMSG-17999]
   USER 3 = user8:pwd8	[MsgId: MMSG-17999]
  2023-06-15 04:48:10.660 : IterationNum=1	[MsgId: MMSG-17999]
   USER 1 = user12:pwd12	[MsgId: MMSG-17999]
    2023-06-15 04:48:10.722 : Start page is opened	[MsgId: MMSG-17999]
    2023-06-15 04:48:10.753 : Start page is opened	[MsgId: MMSG-17999]
  2023-06-15 04:48:10.832 : IterationNum=6	[MsgId: MMSG-17999]
   USER 6 = user5:pwd5	[MsgId: MMSG-17999]
    2023-06-15 04:48:10.925 : Start page is opened	[MsgId: MMSG-17999]
    2023-06-15 04:48:15.194 : User is logged in with session 136637.220737141HAcicHHpAtVzzzzHtcVzQpzzccf	[MsgId: MMSG-17999]
    2023-06-15 04:48:15.831 : User is logged in with session 136637.220737141HAcicHHpAtVzzzzHtcVzQpzzccf	[MsgId: MMSG-17999]
    2023-06-15 04:48:16.686 : User is logged in with session 136637.220737141HAcicHHpAtVzzzzHtcVzQpzzccf	[MsgId: MMSG-17999]
    2023-06-15 04:48:20.647 : Search page opened	[MsgId: MMSG-17999]
    2023-06-15 04:48:20.959 : Search page opened	[MsgId: MMSG-17999]
    2023-06-15 04:48:20.993 : Search page opened	[MsgId: MMSG-17999]
    2023-06-15 04:48:36.070 : Flights found : 721;503;06/18/2023 and 271;503;06/15/2023	[MsgId: MMSG-17999]
    2023-06-15 04:48:36.070 : Sity depart : Seattle, Sity arrive : London	[MsgId: MMSG-17999]
    2023-06-15 04:48:36.218 : Flights found : 811;1086;06/18/2023 and 180;1219;06/15/2023	[MsgId: MMSG-17999]
    2023-06-15 04:48:36.218 : Sity depart : Sydney, Sity arrive : Frankfurt	[MsgId: MMSG-17999]
    2023-06-15 04:48:38.832 : Flights found : 753;53;06/18/2023 and 571;57;06/15/2023	[MsgId: MMSG-17999]
    2023-06-15 04:48:38.832 : Sity depart : Seattle, Sity arrive : Portland	[MsgId: MMSG-17999]
    2023-06-15 04:48:44.134 : Found Seat Type : Coach, Seat Pref : None	[MsgId: MMSG-17999]
    2023-06-15 04:48:44.406 : Found Seat Type : Coach, Seat Pref : Window	[MsgId: MMSG-17999]
    2023-06-15 04:48:50.141 : Found Seat Type : Coach, Seat Pref : None	[MsgId: MMSG-17999]
    2023-06-15 04:48:55.645 : Booking is complect	[MsgId: MMSG-17999]
    2023-06-15 04:49:01.953 : Go to Home Page is complete	[MsgId: MMSG-17999]
    2023-06-15 04:49:02.541 : Booking is complect	[MsgId: MMSG-17999]
    2023-06-15 04:49:03.632 : Booking is complect	[MsgId: MMSG-17999]
    2023-06-15 04:49:07.339 : Booking is created : 350397092-977769-up	[MsgId: MMSG-17999]
    2023-06-15 04:49:08.287 : Go to Home Page is complete	[MsgId: MMSG-17999]
    2023-06-15 04:49:08.302 : Go to Home Page is complete	[MsgId: MMSG-17999]
    2023-06-15 04:49:13.274 : Booking is created : 24225013-120854-up	[MsgId: MMSG-17999]
    2023-06-15 04:49:13.367 : Booking is created : 1500300410-907869-up	[MsgId: MMSG-17999]
    2023-06-15 04:49:15.457 : Booking (350397092-977769-up) is deleted	[MsgId: MMSG-17999]
    2023-06-15 04:49:20.191 : User is logged out of session	[MsgId: MMSG-17999]
    2023-06-15 04:49:23.101 : Booking (24225013-120854-up) is deleted	[MsgId: MMSG-17999]
    2023-06-15 04:49:23.565 : Booking (1500300410-907869-up) is deleted	[MsgId: MMSG-17999]
    2023-06-15 04:49:28.568 : User is logged out of session	[MsgId: MMSG-17999]
    2023-06-15 04:49:28.863 : User is logged out of session	[MsgId: MMSG-17999]
  2023-06-15 05:00:10.629 : IterationNum=4	[MsgId: MMSG-17999]
   USER 4 = user9:pwd9	[MsgId: MMSG-17999]
  2023-06-15 05:00:10.661 : IterationNum=2	[MsgId: MMSG-17999]
   USER 2 = user13:pwd13	[MsgId: MMSG-17999]
  2023-06-15 05:00:10.692 : IterationNum=1	[MsgId: MMSG-17999]
   USER 1 = user18:pwd18	[MsgId: MMSG-17999]
    2023-06-15 05:00:10.724 : Start page is opened	[MsgId: MMSG-17999]
    2023-06-15 05:00:10.755 : Start page is opened	[MsgId: MMSG-17999]
    2023-06-15 05:00:10.786 : Start page is opened	[MsgId: MMSG-17999]
  2023-06-15 05:00:10.832 : IterationNum=7	[MsgId: MMSG-17999]
   USER 7 = user5:pwd5	[MsgId: MMSG-17999]
    2023-06-15 05:00:10.926 : Start page is opened	[MsgId: MMSG-17999]
    2023-06-15 05:00:15.151 : User is logged in with session 136637.279060348HAciciApAtVzzzzHtcVzQpziAcf	[MsgId: MMSG-17999]
    2023-06-15 05:00:16.226 : User is logged in with session 136637.279060348HAciciApAtVzzzzHtcVzQpziAcf	[MsgId: MMSG-17999]
    2023-06-15 05:00:16.742 : User is logged in with session 136637.279060348HAciciApAtVzzzzHtcVzQpziAcf	[MsgId: MMSG-17999]
    2023-06-15 05:00:16.757 : User is logged in with session 136637.279060348HAciciApAtVzzzzHtcVzQpziAcf	[MsgId: MMSG-17999]
    2023-06-15 05:00:21.062 : Search page opened	[MsgId: MMSG-17999]
    2023-06-15 05:00:21.108 : Search page opened	[MsgId: MMSG-17999]
    2023-06-15 05:00:21.154 : Search page opened	[MsgId: MMSG-17999]
    2023-06-15 05:00:21.882 : Search page opened	[MsgId: MMSG-17999]
    2023-06-15 05:00:35.194 : Flights found : 722;775;06/18/2023 and 272;775;06/15/2023	[MsgId: MMSG-17999]
    2023-06-15 05:00:35.194 : Sity depart : Seattle, Sity arrive : London	[MsgId: MMSG-17999]
    2023-06-15 05:00:35.395 : Flights found : 800;1485;06/18/2023 and 083;1215;06/15/2023	[MsgId: MMSG-17999]
    2023-06-15 05:00:35.395 : Sity depart : Sydney, Sity arrive : Denver	[MsgId: MMSG-17999]
    2023-06-15 05:00:37.197 : Flights found : 733;207;06/18/2023 and 370;253;06/15/2023	[MsgId: MMSG-17999]
    2023-06-15 05:00:37.197 : Sity depart : Seattle, Sity arrive : Los Angeles	[MsgId: MMSG-17999]
    2023-06-15 05:00:40.540 : Flights found : 820;2089;06/18/2023 and 282;1975;06/15/2023	[MsgId: MMSG-17999]
    2023-06-15 05:00:40.540 : Sity depart : Sydney, Sity arrive : London	[MsgId: MMSG-17999]
    2023-06-15 05:00:45.100 : Found Seat Type : Business, Seat Pref : Aisle	[MsgId: MMSG-17999]
    2023-06-15 05:00:46.681 : Found Seat Type : First, Seat Pref : Aisle	[MsgId: MMSG-17999]
    2023-06-15 05:00:47.140 : Found Seat Type : Business, Seat Pref : None	[MsgId: MMSG-17999]
    2023-06-15 05:00:51.836 : Found Seat Type : Business, Seat Pref : None	[MsgId: MMSG-17999]
    2023-06-15 05:00:58.745 : Booking is complect	[MsgId: MMSG-17999]
    2023-06-15 05:00:59.205 : Booking is complect	[MsgId: MMSG-17999]
    2023-06-15 05:01:03.328 : Booking is complect	[MsgId: MMSG-17999]
    2023-06-15 05:01:04.962 : Go to Home Page is complete	[MsgId: MMSG-17999]
    2023-06-15 05:01:05.382 : Go to Home Page is complete	[MsgId: MMSG-17999]
    2023-06-15 05:01:07.384 : Booking is complect	[MsgId: MMSG-17999]
    2023-06-15 05:01:07.559 : Go to Home Page is complete	[MsgId: MMSG-17999]
    2023-06-15 05:01:10.476 : Booking is created : 350397526-105420-up	[MsgId: MMSG-17999]
    2023-06-15 05:01:10.880 : Booking is created : 211878621-978580-up	[MsgId: MMSG-17999]
    2023-06-15 05:01:12.370 : Go to Home Page is complete	[MsgId: MMSG-17999]
    2023-06-15 05:01:12.680 : Booking is created : 1066963017-833284-up	[MsgId: MMSG-17999]
    2023-06-15 05:01:17.216 : Booking is created : 855859336-986466-up	[MsgId: MMSG-17999]
    2023-06-15 05:01:20.440 : Booking (211878621-978580-up) is deleted	[MsgId: MMSG-17999]
    2023-06-15 05:01:22.626 : Booking (1066963017-833284-up) is deleted	[MsgId: MMSG-17999]
    2023-06-15 05:01:22.684 : Booking (350397526-105420-up) is deleted	[MsgId: MMSG-17999]
    2023-06-15 05:01:25.074 : User is logged out of session	[MsgId: MMSG-17999]
    2023-06-15 05:01:27.322 : Booking (855859336-986466-up) is deleted	[MsgId: MMSG-17999]
    2023-06-15 05:01:27.450 : User is logged out of session	[MsgId: MMSG-17999]
    2023-06-15 05:01:28.455 : User is logged out of session	[MsgId: MMSG-17999]
    2023-06-15 05:01:31.497 : User is logged out of session	[MsgId: MMSG-17999]
  2023-06-15 05:12:10.641 : IterationNum=5	[MsgId: MMSG-17999]
   USER 5 = user10:pwd10	[MsgId: MMSG-17999]
  2023-06-15 05:12:10.672 : IterationNum=3	[MsgId: MMSG-17999]
   USER 3 = user14:pwd14	[MsgId: MMSG-17999]
  2023-06-15 05:12:10.702 : IterationNum=2	[MsgId: MMSG-17999]
   USER 2 = user19:pwd19	[MsgId: MMSG-17999]
  2023-06-15 05:12:10.720 : IterationNum=1	[MsgId: MMSG-17999]
   USER 1 = user24:pwd24	[MsgId: MMSG-17999]
    2023-06-15 05:12:10.734 : Start page is opened	[MsgId: MMSG-17999]
    2023-06-15 05:12:10.765 : Start page is opened	[MsgId: MMSG-17999]
    2023-06-15 05:12:10.796 : Start page is opened	[MsgId: MMSG-17999]
    2023-06-15 05:12:10.812 : Start page is opened	[MsgId: MMSG-17999]
  2023-06-15 05:12:10.842 : IterationNum=8	[MsgId: MMSG-17999]
   USER 8 = user5:pwd5	[MsgId: MMSG-17999]
    2023-06-15 05:12:10.937 : Start page is opened	[MsgId: MMSG-17999]
    2023-06-15 05:12:14.931 : User is logged in with session 136637.337383556HAciciDpAtVzzzzHtcVzQpzQicf	[MsgId: MMSG-17999]
    2023-06-15 05:12:15.196 : User is logged in with session 136637.337383556HAciciDpAtVzzzzHtcVzQpzQicf	[MsgId: MMSG-17999]
    2023-06-15 05:12:15.759 : User is logged in with session 136637.337383556HAciciDpAtVzzzzHtcVzQpzQicf	[MsgId: MMSG-17999]
    2023-06-15 05:12:16.673 : User is logged in with session 136637.337383556HAciciDpAtVzzzzHtcVzQpzQicf	[MsgId: MMSG-17999]
    2023-06-15 05:12:16.703 : User is logged in with session 136637.337383556HAciciDpAtVzzzzHtcVzQpzQicf	[MsgId: MMSG-17999]
    2023-06-15 05:12:19.638 : Search page opened	[MsgId: MMSG-17999]
    2023-06-15 05:12:20.652 : Search page opened	[MsgId: MMSG-17999]
    2023-06-15 05:12:21.694 : Search page opened	[MsgId: MMSG-17999]
    2023-06-15 05:12:21.785 : Search page opened	[MsgId: MMSG-17999]
    2023-06-15 05:12:21.818 : Search page opened	[MsgId: MMSG-17999]
    2023-06-15 05:12:35.030 : Flights found : 290;187;06/18/2023 and 921;166;06/15/2023	[MsgId: MMSG-17999]
    2023-06-15 05:12:35.030 : Sity depart : London, Sity arrive : Zurich	[MsgId: MMSG-17999]
    2023-06-15 05:12:35.554 : Flights found : 513;491;06/18/2023 and 150;600;06/15/2023	[MsgId: MMSG-17999]
    2023-06-15 05:12:35.554 : Sity depart : Portland, Sity arrive : Frankfurt	[MsgId: MMSG-17999]
    2023-06-15 05:12:38.036 : Flights found : 952;633;06/18/2023 and 590;669;06/15/2023	[MsgId: MMSG-17999]
    2023-06-15 05:12:38.036 : Sity depart : Zurich, Sity arrive : Portland	[MsgId: MMSG-17999]
    2023-06-15 05:12:39.563 : Flights found : 862;1304;06/18/2023 and 680;1379;06/15/2023	[MsgId: MMSG-17999]
    2023-06-15 05:12:39.564 : Sity depart : Sydney, Sity arrive : San Francisco	[MsgId: MMSG-17999]
    2023-06-15 05:12:39.696 : Flights found : 463;738;06/18/2023 and 640;902;06/15/2023	[MsgId: MMSG-17999]
    2023-06-15 05:12:39.696 : Sity depart : Paris, Sity arrive : San Francisco	[MsgId: MMSG-17999]
    2023-06-15 05:12:45.642 : Found Seat Type : Business, Seat Pref : None	[MsgId: MMSG-17999]
    2023-06-15 05:12:47.128 : Found Seat Type : Coach, Seat Pref : Window	[MsgId: MMSG-17999]
    2023-06-15 05:12:47.938 : Found Seat Type : First, Seat Pref : Window	[MsgId: MMSG-17999]
    2023-06-15 05:12:49.209 : Found Seat Type : Business, Seat Pref : Window	[MsgId: MMSG-17999]
    2023-06-15 05:12:51.820 : Found Seat Type : First, Seat Pref : Window	[MsgId: MMSG-17999]
    2023-06-15 05:13:00.623 : Booking is complect	[MsgId: MMSG-17999]
    2023-06-15 05:13:02.464 : Booking is complect	[MsgId: MMSG-17999]
    2023-06-15 05:13:04.673 : Booking is complect	[MsgId: MMSG-17999]
    2023-06-15 05:13:05.189 : Booking is complect	[MsgId: MMSG-17999]
    2023-06-15 05:13:05.825 : Go to Home Page is complete	[MsgId: MMSG-17999]
    2023-06-15 05:13:06.761 : Go to Home Page is complete	[MsgId: MMSG-17999]
    2023-06-15 05:13:09.433 : Booking is complect	[MsgId: MMSG-17999]
    2023-06-15 05:13:10.508 : Go to Home Page is complete	[MsgId: MMSG-17999]
    2023-06-15 05:13:10.805 : Go to Home Page is complete	[MsgId: MMSG-17999]
    2023-06-15 05:13:11.506 : Booking is created : 320019018-884699-up	[MsgId: MMSG-17999]
    2023-06-15 05:13:12.750 : Booking is created : 247813060-1223177-up	[MsgId: MMSG-17999]
    2023-06-15 05:13:13.724 : Go to Home Page is complete	[MsgId: MMSG-17999]
    2023-06-15 05:13:15.995 : Booking is created : 350387545-1261664-up	[MsgId: MMSG-17999]
    2023-06-15 05:13:16.591 : Booking is created : 82973710-147796-up	[MsgId: MMSG-17999]
    2023-06-15 05:13:19.184 : Booking is created : 3174393381-1292514-up	[MsgId: MMSG-17999]
    2023-06-15 05:13:20.460 : Booking (320019018-884699-up) is deleted	[MsgId: MMSG-17999]
    2023-06-15 05:13:24.051 : Booking (247813060-1223177-up) is deleted	[MsgId: MMSG-17999]
    2023-06-15 05:13:24.803 : Booking (82973710-147796-up) is deleted	[MsgId: MMSG-17999]
    2023-06-15 05:13:26.645 : User is logged out of session	[MsgId: MMSG-17999]
    2023-06-15 05:13:26.742 : Booking (350387545-1261664-up) is deleted	[MsgId: MMSG-17999]
    2023-06-15 05:13:29.684 : User is logged out of session	[MsgId: MMSG-17999]
    2023-06-15 05:13:29.714 : User is logged out of session	[MsgId: MMSG-17999]
    2023-06-15 05:13:30.779 : Booking (3174393381-1292514-up) is deleted	[MsgId: MMSG-17999]
    2023-06-15 05:13:30.929 : User is logged out of session	[MsgId: MMSG-17999]
    2023-06-15 05:13:34.708 : User is logged out of session	[MsgId: MMSG-17999]
  2023-06-15 05:24:10.649 : IterationNum=6	[MsgId: MMSG-17999]
   USER 6 = user11:pwd11	[MsgId: MMSG-17999]
  2023-06-15 05:24:10.680 : IterationNum=4	[MsgId: MMSG-17999]
   USER 4 = user15:pwd15	[MsgId: MMSG-17999]
  2023-06-15 05:24:10.710 : IterationNum=3	[MsgId: MMSG-17999]
   USER 3 = user20:pwd20	[MsgId: MMSG-17999]
  2023-06-15 05:24:10.726 : IterationNum=2	[MsgId: MMSG-17999]
   USER 2 = user25:pwd25	[MsgId: MMSG-17999]
    2023-06-15 05:24:10.742 : Start page is opened	[MsgId: MMSG-17999]
    2023-06-15 05:24:10.773 : Start page is opened	[MsgId: MMSG-17999]
    2023-06-15 05:24:10.804 : Start page is opened	[MsgId: MMSG-17999]
    2023-06-15 05:24:10.820 : Start page is opened	[MsgId: MMSG-17999]
  2023-06-15 05:24:10.851 : IterationNum=9	[MsgId: MMSG-17999]
   USER 9 = user5:pwd5	[MsgId: MMSG-17999]
    2023-06-15 05:24:10.945 : Start page is opened	[MsgId: MMSG-17999]
    2023-06-15 05:24:14.882 : User is logged in with session 136637.395706764HAcicizpAtVzzzzHtcVzQpHVzcf	[MsgId: MMSG-17999]
    2023-06-15 05:24:15.228 : User is logged in with session 136637.395706764HAcicizpAtVzzzzHtcVzQpHVzcf	[MsgId: MMSG-17999]
    2023-06-15 05:24:15.850 : User is logged in with session 136637.395706764HAcicizpAtVzzzzHtcVzQpHVzcf	[MsgId: MMSG-17999]
    2023-06-15 05:24:16.345 : User is logged in with session 136637.395706764HAcicizpAtVzzzzHtcVzQpHVzcf	[MsgId: MMSG-17999]
    2023-06-15 05:24:16.750 : User is logged in with session 136637.395706764HAcicizpAtVzzzzHtcVzQpHVzcf	[MsgId: MMSG-17999]
    2023-06-15 05:24:20.829 : Search page opened	[MsgId: MMSG-17999]
    2023-06-15 05:24:20.876 : Search page opened	[MsgId: MMSG-17999]
    2023-06-15 05:24:20.984 : Search page opened	[MsgId: MMSG-17999]
    2023-06-15 05:24:21.234 : Search page opened	[MsgId: MMSG-17999]
    2023-06-15 05:24:22.479 : Search page opened	[MsgId: MMSG-17999]
    2023-06-15 05:24:35.136 : Flights found : 862;1008;06/18/2023 and 680;1067;06/15/2023	[MsgId: MMSG-17999]
    2023-06-15 05:24:35.136 : Sity depart : Sydney, Sity arrive : San Francisco	[MsgId: MMSG-17999]
    2023-06-15 05:24:37.894 : Flights found : 082;1085;06/18/2023 and 802;1085;06/15/2023	[MsgId: MMSG-17999]
    2023-06-15 05:24:37.894 : Sity depart : Denver, Sity arrive : Sydney	[MsgId: MMSG-17999]
    2023-06-15 05:24:38.454 : Flights found : 923;153;06/18/2023 and 293;153;06/15/2023	[MsgId: MMSG-17999]
    2023-06-15 05:24:38.454 : Sity depart : Zurich, Sity arrive : London	[MsgId: MMSG-17999]
    2023-06-15 05:24:39.472 : Flights found : 021;301;06/18/2023 and 201;301;06/15/2023	[MsgId: MMSG-17999]
    2023-06-15 05:24:39.472 : Sity depart : Denver, Sity arrive : London	[MsgId: MMSG-17999]
    2023-06-15 05:24:40.937 : Flights found : 372;310;06/18/2023 and 733;268;06/15/2023	[MsgId: MMSG-17999]
    2023-06-15 05:24:40.937 : Sity depart : Los Angeles, Sity arrive : Seattle	[MsgId: MMSG-17999]
    2023-06-15 05:24:44.666 : Found Seat Type : Business, Seat Pref : Window	[MsgId: MMSG-17999]
    2023-06-15 05:24:47.731 : Found Seat Type : Business, Seat Pref : None	[MsgId: MMSG-17999]
    2023-06-15 05:24:48.846 : Found Seat Type : Coach, Seat Pref : Window	[MsgId: MMSG-17999]
    2023-06-15 05:24:49.480 : Found Seat Type : First, Seat Pref : Aisle	[MsgId: MMSG-17999]
    2023-06-15 05:24:50.814 : Found Seat Type : Coach, Seat Pref : Aisle	[MsgId: MMSG-17999]
    2023-06-15 05:24:58.234 : Booking is complect	[MsgId: MMSG-17999]
    2023-06-15 05:24:59.613 : Booking is complect	[MsgId: MMSG-17999]
    2023-06-15 05:25:01.642 : Booking is complect	[MsgId: MMSG-17999]
    2023-06-15 05:25:04.063 : Go to Home Page is complete	[MsgId: MMSG-17999]
    2023-06-15 05:25:04.497 : Go to Home Page is complete	[MsgId: MMSG-17999]
    2023-06-15 05:25:04.854 : Booking is complect	[MsgId: MMSG-17999]
    2023-06-15 05:25:06.592 : Booking is complect	[MsgId: MMSG-17999]
    2023-06-15 05:25:07.177 : Go to Home Page is complete	[MsgId: MMSG-17999]
    2023-06-15 05:25:08.330 : Booking is created : 2062993373-1386320-up	[MsgId: MMSG-17999]
    2023-06-15 05:25:08.713 : Booking is created : 574393370-1292467-up	[MsgId: MMSG-17999]
    2023-06-15 05:25:11.188 : Go to Home Page is complete	[MsgId: MMSG-17999]
    2023-06-15 05:25:11.388 : Go to Home Page is complete	[MsgId: MMSG-17999]
    2023-06-15 05:25:13.472 : Booking is created : 350404561-99485-up	[MsgId: MMSG-17999]
    2023-06-15 05:25:16.196 : Booking is created : 164445233-92430-up	[MsgId: MMSG-17999]
    2023-06-15 05:25:16.634 : Booking is created : 35939715-133352-up	[MsgId: MMSG-17999]
    2023-06-15 05:25:18.103 : Booking (574393370-1292467-up) is deleted	[MsgId: MMSG-17999]
    2023-06-15 05:25:19.460 : Booking (2062993373-1386320-up) is deleted	[MsgId: MMSG-17999]
    2023-06-15 05:25:21.112 : Booking (350404561-99485-up) is deleted	[MsgId: MMSG-17999]
    2023-06-15 05:25:23.523 : User is logged out of session	[MsgId: MMSG-17999]
    2023-06-15 05:25:24.444 : Booking (164445233-92430-up) is deleted	[MsgId: MMSG-17999]
    2023-06-15 05:25:25.002 : User is logged out of session	[MsgId: MMSG-17999]
    2023-06-15 05:25:26.570 : User is logged out of session	[MsgId: MMSG-17999]
    2023-06-15 05:25:27.791 : Booking (35939715-133352-up) is deleted	[MsgId: MMSG-17999]
    2023-06-15 05:25:28.721 : User is logged out of session	[MsgId: MMSG-17999]
    2023-06-15 05:25:32.424 : User is logged out of session	[MsgId: MMSG-17999]
