  2023-06-13 16:30:49.537 : IterationNum=1	[MsgId: MMSG-17999]
   USER 1 = jojo:bean	[MsgId: MMSG-17999]
    2023-06-13 16:30:49.662 : Start page is opened	[MsgId: MMSG-17999]
    2023-06-13 16:30:54.301 : User is logged in with session 136626.638234103HAcHHDcpHAtVzzzHtcVzzpDQzccf	[MsgId: MMSG-17999]
    2023-06-13 16:30:59.110 : Search page opened	[MsgId: MMSG-17999]
    2023-06-13 16:31:12.263 : Flights found : 212;364;06/16/2023 and 120;385;06/13/2023	[MsgId: MMSG-17999]
    2023-06-13 16:31:12.263 : Sity depart : London, Sity arrive : Frankfurt	[MsgId: MMSG-17999]
    2023-06-13 16:31:24.448 : Found Seat Type : Business, Seat Pref : None	[MsgId: MMSG-17999]
    2023-06-13 16:31:37.828 : Booking is complect	[MsgId: MMSG-17999]
    2023-06-13 16:31:43.830 : Go to Home Page is complete	[MsgId: MMSG-17999]
    2023-06-13 16:31:47.822 : Booking is created : 308896754-86211-jb	[MsgId: MMSG-17999]
    2023-06-13 16:31:59.684 : Booking (308896754-86211-jb) is deleted	[MsgId: MMSG-17999]
    2023-06-13 16:32:04.035 : User is logged out of session	[MsgId: MMSG-17999]
  2023-06-13 16:42:49.551 : IterationNum=2	[MsgId: MMSG-17999]
   USER 2 = user1:pwd1	[MsgId: MMSG-17999]
    2023-06-13 16:42:49.644 : Start page is opened	[MsgId: MMSG-17999]
    2023-06-13 16:42:54.129 : User is logged in with session 136626.696557311HAcHHDfpHAtVzzzHtcVzzptVtccf	[MsgId: MMSG-17999]
    2023-06-13 16:43:00.413 : Search page opened	[MsgId: MMSG-17999]
    2023-06-13 16:43:18.349 : Flights found : 731;155;06/16/2023 and 371;155;06/13/2023	[MsgId: MMSG-17999]
    2023-06-13 16:43:18.349 : Sity depart : Seattle, Sity arrive : Los Angeles	[MsgId: MMSG-17999]
    2023-06-13 16:43:29.931 : Found Seat Type : Coach, Seat Pref : Window	[MsgId: MMSG-17999]
    2023-06-13 16:43:45.493 : Booking is complect	[MsgId: MMSG-17999]
    2023-06-13 16:43:50.396 : Go to Home Page is complete	[MsgId: MMSG-17999]
    2023-06-13 16:43:56.312 : Booking is created : 306323376-105485-up	[MsgId: MMSG-17999]
    2023-06-13 16:44:08.319 : Booking (306323376-105485-up) is deleted	[MsgId: MMSG-17999]
    2023-06-13 16:44:12.277 : User is logged out of session	[MsgId: MMSG-17999]
  2023-06-13 16:44:49.257 : IterationNum=1	[MsgId: MMSG-17999]
   USER 1 = user7:pwd7	[MsgId: MMSG-17999]
    2023-06-13 16:44:49.351 : Start page is opened	[MsgId: MMSG-17999]
    2023-06-13 16:44:55.231 : User is logged in with session 136626.706277845HAcHHDzpcAtVzzzHtcVzzptVHccf	[MsgId: MMSG-17999]
    2023-06-13 16:45:00.655 : Search page opened	[MsgId: MMSG-17999]
    2023-06-13 16:45:16.575 : Flights found : 541;553;06/16/2023 and 451;553;06/13/2023	[MsgId: MMSG-17999]
    2023-06-13 16:45:16.575 : Sity depart : Portland, Sity arrive : Paris	[MsgId: MMSG-17999]
    2023-06-13 16:45:28.037 : Found Seat Type : Coach, Seat Pref : Window	[MsgId: MMSG-17999]
    2023-06-13 16:45:39.417 : Booking is complect	[MsgId: MMSG-17999]
    2023-06-13 16:45:44.662 : Go to Home Page is complete	[MsgId: MMSG-17999]
    2023-06-13 16:45:49.333 : Booking is created : 76686724-1116238-up	[MsgId: MMSG-17999]
    2023-06-13 16:46:01.652 : Booking (76686724-1116238-up) is deleted	[MsgId: MMSG-17999]
    2023-06-13 16:46:07.273 : User is logged out of session	[MsgId: MMSG-17999]
  2023-06-13 16:54:49.552 : IterationNum=3	[MsgId: MMSG-17999]
   USER 3 = user2:pwd2	[MsgId: MMSG-17999]
    2023-06-13 16:54:49.647 : Start page is opened	[MsgId: MMSG-17999]
    2023-06-13 16:54:54.794 : User is logged in with session 136626.754880518HAcHHDipHAtVzzzHtcVzzptDcccf	[MsgId: MMSG-17999]
    2023-06-13 16:54:59.405 : Search page opened	[MsgId: MMSG-17999]
    2023-06-13 16:55:11.841 : Flights found : 750;94;06/16/2023 and 570;94;06/13/2023	[MsgId: MMSG-17999]
    2023-06-13 16:55:11.841 : Sity depart : Seattle, Sity arrive : Portland	[MsgId: MMSG-17999]
    2023-06-13 16:55:23.014 : Found Seat Type : Business, Seat Pref : Window	[MsgId: MMSG-17999]
    2023-06-13 16:55:40.131 : Booking is complect	[MsgId: MMSG-17999]
    2023-06-13 16:55:45.464 : Go to Home Page is complete	[MsgId: MMSG-17999]
    2023-06-13 16:55:51.511 : Booking is created : 34039818-120783-up	[MsgId: MMSG-17999]
    2023-06-13 16:56:00.938 : Booking (34039818-120783-up) is deleted	[MsgId: MMSG-17999]
    2023-06-13 16:56:06.166 : User is logged out of session	[MsgId: MMSG-17999]
  2023-06-13 16:56:49.274 : IterationNum=2	[MsgId: MMSG-17999]
   USER 2 = user8:pwd8	[MsgId: MMSG-17999]
    2023-06-13 16:56:49.369 : Start page is opened	[MsgId: MMSG-17999]
    2023-06-13 16:56:55.075 : User is logged in with session 136626.764601053HAcHHDQpcAtVzzzHtcVzzptDfccf	[MsgId: MMSG-17999]
    2023-06-13 16:56:59.811 : Search page opened	[MsgId: MMSG-17999]
    2023-06-13 16:57:13.878 : Flights found : 623;899;06/16/2023 and 260;1099;06/13/2023	[MsgId: MMSG-17999]
    2023-06-13 16:57:13.878 : Sity depart : San Francisco, Sity arrive : London	[MsgId: MMSG-17999]
    2023-06-13 16:57:23.448 : Found Seat Type : First, Seat Pref : None	[MsgId: MMSG-17999]
    2023-06-13 16:57:40.065 : Booking is complect	[MsgId: MMSG-17999]
    2023-06-13 16:57:46.225 : Go to Home Page is complete	[MsgId: MMSG-17999]
    2023-06-13 16:57:51.074 : Booking is created : 150023107-969384-up	[MsgId: MMSG-17999]
    2023-06-13 16:58:03.094 : Booking (150023107-969384-up) is deleted	[MsgId: MMSG-17999]
    2023-06-13 16:58:08.707 : User is logged out of session	[MsgId: MMSG-17999]
  2023-06-13 16:58:49.285 : IterationNum=1	[MsgId: MMSG-17999]
   USER 1 = user14:pwd14	[MsgId: MMSG-17999]
    2023-06-13 16:58:49.376 : Start page is opened	[MsgId: MMSG-17999]
    2023-06-13 16:58:55.731 : User is logged in with session 136626.774321588HAcHHDQpHAtVzzzHtcVzzptDiccf	[MsgId: MMSG-17999]
    2023-06-13 16:59:00.063 : Search page opened	[MsgId: MMSG-17999]
    2023-06-13 16:59:16.528 : Flights found : 853;955;06/16/2023 and 582;1103;06/13/2023	[MsgId: MMSG-17999]
    2023-06-13 16:59:16.528 : Sity depart : Sydney, Sity arrive : Portland	[MsgId: MMSG-17999]
    2023-06-13 16:59:27.913 : Found Seat Type : Business, Seat Pref : Aisle	[MsgId: MMSG-17999]
    2023-06-13 16:59:46.100 : Booking is complect	[MsgId: MMSG-17999]
    2023-06-13 16:59:50.707 : Go to Home Page is complete	[MsgId: MMSG-17999]
    2023-06-13 16:59:55.216 : Booking is created : 320031627-1217081-up	[MsgId: MMSG-17999]
    2023-06-13 17:00:05.549 : Booking (320031627-1217081-up) is deleted	[MsgId: MMSG-17999]
    2023-06-13 17:00:10.240 : User is logged out of session	[MsgId: MMSG-17999]
  2023-06-13 17:06:49.556 : IterationNum=4	[MsgId: MMSG-17999]
   USER 4 = user3:pwd3	[MsgId: MMSG-17999]
    2023-06-13 17:06:49.650 : Start page is opened	[MsgId: MMSG-17999]
    2023-06-13 17:06:54.197 : User is logged in with session 136626.813203726HAcHHtVpHAtVzzzHtcVzzptfAccf	[MsgId: MMSG-17999]
    2023-06-13 17:06:58.150 : Search page opened	[MsgId: MMSG-17999]
    2023-06-13 17:07:11.894 : Flights found : 680;735;06/16/2023 and 860;735;06/13/2023	[MsgId: MMSG-17999]
    2023-06-13 17:07:11.894 : Sity depart : San Francisco, Sity arrive : Sydney	[MsgId: MMSG-17999]
    2023-06-13 17:07:24.198 : Found Seat Type : Coach, Seat Pref : None	[MsgId: MMSG-17999]
    2023-06-13 17:07:37.877 : Booking is complect	[MsgId: MMSG-17999]
    2023-06-13 17:07:43.440 : Go to Home Page is complete	[MsgId: MMSG-17999]
    2023-06-13 17:07:49.513 : Booking is created : 154099286-1430882-up	[MsgId: MMSG-17999]
    2023-06-13 17:07:58.299 : Booking (154099286-1430882-up) is deleted	[MsgId: MMSG-17999]
    2023-06-13 17:08:02.617 : User is logged out of session	[MsgId: MMSG-17999]
  2023-06-13 17:08:49.282 : IterationNum=3	[MsgId: MMSG-17999]
   USER 3 = user9:pwd9	[MsgId: MMSG-17999]
    2023-06-13 17:08:49.374 : Start page is opened	[MsgId: MMSG-17999]
    2023-06-13 17:08:55.009 : User is logged in with session 136626.822924261HAcHHtcpcAtVzzzHtcVzzptfDccf	[MsgId: MMSG-17999]
    2023-06-13 17:08:59.917 : Search page opened	[MsgId: MMSG-17999]
    2023-06-13 17:09:12.437 : Flights found : 872;1421;06/16/2023 and 780;1503;06/13/2023	[MsgId: MMSG-17999]
    2023-06-13 17:09:12.437 : Sity depart : Sydney, Sity arrive : Seattle	[MsgId: MMSG-17999]
    2023-06-13 17:09:21.695 : Found Seat Type : First, Seat Pref : None	[MsgId: MMSG-17999]
    2023-06-13 17:09:35.204 : Booking is complect	[MsgId: MMSG-17999]
    2023-06-13 17:09:40.800 : Go to Home Page is complete	[MsgId: MMSG-17999]
    2023-06-13 17:09:45.294 : Booking is created : 855878571-1369455-up	[MsgId: MMSG-17999]
    2023-06-13 17:09:54.226 : Booking (855878571-1369455-up) is deleted	[MsgId: MMSG-17999]
    2023-06-13 17:09:58.615 : User is logged out of session	[MsgId: MMSG-17999]
  2023-06-13 17:10:49.294 : IterationNum=2	[MsgId: MMSG-17999]
   USER 2 = user15:pwd15	[MsgId: MMSG-17999]
    2023-06-13 17:10:49.389 : Start page is opened	[MsgId: MMSG-17999]
    2023-06-13 17:10:53.431 : User is logged in with session 136626.832644795HAcHHtcpHAtVzzzHtcVzzptfzccf	[MsgId: MMSG-17999]
    2023-06-13 17:10:57.648 : Search page opened	[MsgId: MMSG-17999]
    2023-06-13 17:11:11.606 : Flights found : 512;438;06/16/2023 and 153;379;06/13/2023	[MsgId: MMSG-17999]
    2023-06-13 17:11:11.606 : Sity depart : Portland, Sity arrive : Frankfurt	[MsgId: MMSG-17999]
    2023-06-13 17:11:22.769 : Found Seat Type : Business, Seat Pref : Aisle	[MsgId: MMSG-17999]
    2023-06-13 17:11:39.488 : Booking is complect	[MsgId: MMSG-17999]
    2023-06-13 17:11:45.689 : Go to Home Page is complete	[MsgId: MMSG-17999]
    2023-06-13 17:11:50.991 : Booking is created : 35944905-88755-up	[MsgId: MMSG-17999]
    2023-06-13 17:11:59.196 : Booking (35944905-88755-up) is deleted	[MsgId: MMSG-17999]
    2023-06-13 17:12:03.356 : User is logged out of session	[MsgId: MMSG-17999]
  2023-06-13 17:12:49.303 : IterationNum=1	[MsgId: MMSG-17999]
   USER 1 = user21:pwd21	[MsgId: MMSG-17999]
    2023-06-13 17:12:49.408 : Start page is opened	[MsgId: MMSG-17999]
    2023-06-13 17:12:53.344 : User is logged in with session 136626.84236533HAcHHtDpcAtVzzzHtcVzzptfQccf	[MsgId: MMSG-17999]
    2023-06-13 17:12:58.353 : Search page opened	[MsgId: MMSG-17999]
    2023-06-13 17:13:15.960 : Flights found : 192;271;06/16/2023 and 913;234;06/13/2023	[MsgId: MMSG-17999]
    2023-06-13 17:13:15.960 : Sity depart : Frankfurt, Sity arrive : Zurich	[MsgId: MMSG-17999]
    2023-06-13 17:13:28.425 : Found Seat Type : Business, Seat Pref : None	[MsgId: MMSG-17999]
    2023-06-13 17:13:42.095 : Booking is complect	[MsgId: MMSG-17999]
    2023-06-13 17:13:47.617 : Go to Home Page is complete	[MsgId: MMSG-17999]
    2023-06-13 17:13:52.202 : Booking is created : 100747861-147192-up	[MsgId: MMSG-17999]
    2023-06-13 17:14:03.295 : Booking (100747861-147192-up) is deleted	[MsgId: MMSG-17999]
    2023-06-13 17:14:09.080 : User is logged out of session	[MsgId: MMSG-17999]
  2023-06-13 17:18:49.570 : IterationNum=5	[MsgId: MMSG-17999]
   USER 5 = user4:pwd4	[MsgId: MMSG-17999]
    2023-06-13 17:18:49.665 : Start page is opened	[MsgId: MMSG-17999]
    2023-06-13 17:18:55.256 : User is logged in with session 136626.871526934HAcHHttpHAtVzzzHtcVzzptziccf	[MsgId: MMSG-17999]
    2023-06-13 17:18:59.935 : Search page opened	[MsgId: MMSG-17999]
    2023-06-13 17:19:16.413 : Flights found : 372;239;06/16/2023 and 731;225;06/13/2023	[MsgId: MMSG-17999]
    2023-06-13 17:19:16.413 : Sity depart : Los Angeles, Sity arrive : Seattle	[MsgId: MMSG-17999]
    2023-06-13 17:19:25.981 : Found Seat Type : Business, Seat Pref : Window	[MsgId: MMSG-17999]
    2023-06-13 17:19:40.288 : Booking is complect	[MsgId: MMSG-17999]
    2023-06-13 17:19:46.544 : Go to Home Page is complete	[MsgId: MMSG-17999]
    2023-06-13 17:19:52.125 : Booking is created : 365569342-133189-up	[MsgId: MMSG-17999]
    2023-06-13 17:20:02.846 : Booking (365569342-133189-up) is deleted	[MsgId: MMSG-17999]
    2023-06-13 17:20:07.285 : User is logged out of session	[MsgId: MMSG-17999]
  2023-06-13 17:20:49.285 : IterationNum=4	[MsgId: MMSG-17999]
   USER 4 = user10:pwd10	[MsgId: MMSG-17999]
    2023-06-13 17:20:49.379 : Start page is opened	[MsgId: MMSG-17999]
    2023-06-13 17:20:54.968 : User is logged in with session 136626.881247469HAcHHtfpcAtVzzzHtcVzzptHVccf	[MsgId: MMSG-17999]
    2023-06-13 17:20:59.546 : Search page opened	[MsgId: MMSG-17999]
    2023-06-13 17:21:15.179 : Flights found : 472;565;06/16/2023 and 741;533;06/13/2023	[MsgId: MMSG-17999]
    2023-06-13 17:21:15.179 : Sity depart : Paris, Sity arrive : Seattle	[MsgId: MMSG-17999]
    2023-06-13 17:21:24.733 : Found Seat Type : Coach, Seat Pref : None	[MsgId: MMSG-17999]
    2023-06-13 17:21:37.212 : Booking is complect	[MsgId: MMSG-17999]
    2023-06-13 17:21:41.304 : Go to Home Page is complete	[MsgId: MMSG-17999]
    2023-06-13 17:21:45.627 : Booking is created : 82980465-1339315-up	[MsgId: MMSG-17999]
    2023-06-13 17:21:55.840 : Booking (82980465-1339315-up) is deleted	[MsgId: MMSG-17999]
    2023-06-13 17:22:01.889 : User is logged out of session	[MsgId: MMSG-17999]
  2023-06-13 17:22:49.305 : IterationNum=3	[MsgId: MMSG-17999]
   USER 3 = user16:pwd16	[MsgId: MMSG-17999]
    2023-06-13 17:22:49.398 : Start page is opened	[MsgId: MMSG-17999]
    2023-06-13 17:22:54.512 : User is logged in with session 136626.890968003HAcHHtfpHAtVzzzHtcVzzptHtccf	[MsgId: MMSG-17999]
    2023-06-13 17:22:59.540 : Search page opened	[MsgId: MMSG-17999]
    2023-06-13 17:23:13.010 : Flights found : 090;421;06/16/2023 and 900;421;06/13/2023	[MsgId: MMSG-17999]
    2023-06-13 17:23:13.010 : Sity depart : Denver, Sity arrive : Zurich	[MsgId: MMSG-17999]
    2023-06-13 17:23:25.314 : Found Seat Type : Coach, Seat Pref : None	[MsgId: MMSG-17999]
    2023-06-13 17:23:41.190 : Booking is complect	[MsgId: MMSG-17999]
    2023-06-13 17:23:46.806 : Go to Home Page is complete	[MsgId: MMSG-17999]
    2023-06-13 17:23:50.940 : Booking is created : 338151497-146218-up	[MsgId: MMSG-17999]
    2023-06-13 17:23:59.293 : Booking (338151497-146218-up) is deleted	[MsgId: MMSG-17999]
    2023-06-13 17:24:03.481 : User is logged out of session	[MsgId: MMSG-17999]
  2023-06-13 17:24:49.306 : IterationNum=2	[MsgId: MMSG-17999]
   USER 2 = user22:pwd22	[MsgId: MMSG-17999]
    2023-06-13 17:24:49.416 : Start page is opened	[MsgId: MMSG-17999]
    2023-06-13 17:24:54.462 : User is logged in with session 136626.900688538HAcHHtzpcAtVzzzHtcVzzptHHccf	[MsgId: MMSG-17999]
    2023-06-13 17:25:00.576 : Search page opened	[MsgId: MMSG-17999]
    2023-06-13 17:25:17.270 : Flights found : 201;565;06/16/2023 and 022;600;06/13/2023	[MsgId: MMSG-17999]
    2023-06-13 17:25:17.270 : Sity depart : London, Sity arrive : Denver	[MsgId: MMSG-17999]
    2023-06-13 17:25:25.603 : Found Seat Type : First, Seat Pref : Window	[MsgId: MMSG-17999]
    2023-06-13 17:25:43.418 : Booking is complect	[MsgId: MMSG-17999]
    2023-06-13 17:25:47.803 : Go to Home Page is complete	[MsgId: MMSG-17999]
    2023-06-13 17:25:52.187 : Booking is created : 214081539-786243-up	[MsgId: MMSG-17999]
    2023-06-13 17:26:03.354 : Booking (214081539-786243-up) is deleted	[MsgId: MMSG-17999]
    2023-06-13 17:26:08.622 : User is logged out of session	[MsgId: MMSG-17999]
  2023-06-13 17:30:49.570 : IterationNum=6	[MsgId: MMSG-17999]
   USER 6 = user5:pwd5	[MsgId: MMSG-17999]
    2023-06-13 17:30:49.663 : Start page is opened	[MsgId: MMSG-17999]
    2023-06-13 17:30:55.842 : User is logged in with session 136626.929850142HAcHHtHpHAtVzzzHtcVzzptizccf	[MsgId: MMSG-17999]
    2023-06-13 17:31:01.335 : Search page opened	[MsgId: MMSG-17999]
    2023-06-13 17:31:16.080 : Flights found : 473;709;06/16/2023 and 740;867;06/13/2023	[MsgId: MMSG-17999]
    2023-06-13 17:31:16.080 : Sity depart : Paris, Sity arrive : Seattle	[MsgId: MMSG-17999]
    2023-06-13 17:31:27.926 : Found Seat Type : Business, Seat Pref : Aisle	[MsgId: MMSG-17999]
    2023-06-13 17:31:45.535 : Booking is complect	[MsgId: MMSG-17999]
    2023-06-13 17:31:51.880 : Go to Home Page is complete	[MsgId: MMSG-17999]
    2023-06-13 17:31:57.856 : Booking is created : 350387915-1338582-up	[MsgId: MMSG-17999]
    2023-06-13 17:32:05.748 : Booking (350387915-1338582-up) is deleted	[MsgId: MMSG-17999]
    2023-06-13 17:32:10.144 : User is logged out of session	[MsgId: MMSG-17999]
  2023-06-13 17:32:49.288 : IterationNum=5	[MsgId: MMSG-17999]
   USER 5 = user11:pwd11	[MsgId: MMSG-17999]
    2023-06-13 17:32:49.398 : Start page is opened	[MsgId: MMSG-17999]
    2023-06-13 17:32:54.253 : User is logged in with session 136626.939570676HAcHHtipcAtVzzzHtcVzzptiQccf	[MsgId: MMSG-17999]
    2023-06-13 17:33:00.415 : Search page opened	[MsgId: MMSG-17999]
    2023-06-13 17:33:12.436 : Flights found : 970;839;06/16/2023 and 791;747;06/13/2023	[MsgId: MMSG-17999]
    2023-06-13 17:33:12.436 : Sity depart : Zurich, Sity arrive : Seattle	[MsgId: MMSG-17999]
    2023-06-13 17:33:22.992 : Found Seat Type : First, Seat Pref : None	[MsgId: MMSG-17999]
    2023-06-13 17:33:35.845 : Booking is complect	[MsgId: MMSG-17999]
    2023-06-13 17:33:40.062 : Go to Home Page is complete	[MsgId: MMSG-17999]
    2023-06-13 17:33:45.667 : Booking is created : 164480401-1377814-up	[MsgId: MMSG-17999]
    2023-06-13 17:33:55.861 : Booking (164480401-1377814-up) is deleted	[MsgId: MMSG-17999]
    2023-06-13 17:34:01.255 : User is logged out of session	[MsgId: MMSG-17999]
  2023-06-13 17:34:49.321 : IterationNum=4	[MsgId: MMSG-17999]
   USER 4 = user17:pwd17	[MsgId: MMSG-17999]
    2023-06-13 17:34:49.429 : Start page is opened	[MsgId: MMSG-17999]
    2023-06-13 17:34:53.851 : User is logged in with session 136626.949291211HAcHHtipHAtVzzzHtcVzzptQcccf	[MsgId: MMSG-17999]
    2023-06-13 17:34:58.355 : Search page opened	[MsgId: MMSG-17999]
    2023-06-13 17:35:09.880 : Flights found : 361;53;06/16/2023 and 633;49;06/13/2023	[MsgId: MMSG-17999]
    2023-06-13 17:35:09.880 : Sity depart : Los Angeles, Sity arrive : San Francisco	[MsgId: MMSG-17999]
    2023-06-13 17:35:21.274 : Found Seat Type : Coach, Seat Pref : None	[MsgId: MMSG-17999]
    2023-06-13 17:35:35.680 : Booking is complect	[MsgId: MMSG-17999]
    2023-06-13 17:35:41.340 : Go to Home Page is complete	[MsgId: MMSG-17999]
    2023-06-13 17:35:46.810 : Booking is created : 30297635-125623-up	[MsgId: MMSG-17999]
    2023-06-13 17:35:57.034 : Booking (30297635-125623-up) is deleted	[MsgId: MMSG-17999]
    2023-06-13 17:36:02.180 : User is logged out of session	[MsgId: MMSG-17999]
  2023-06-13 17:36:49.315 : IterationNum=3	[MsgId: MMSG-17999]
   USER 3 = user23:pwd23	[MsgId: MMSG-17999]
    2023-06-13 17:36:49.410 : Start page is opened	[MsgId: MMSG-17999]
    2023-06-13 17:36:53.514 : User is logged in with session 136626.959011746HAcHHtQpcAtVzzzHtcVzzptQfccf	[MsgId: MMSG-17999]
    2023-06-13 17:36:59.435 : Search page opened	[MsgId: MMSG-17999]
    2023-06-13 17:37:16.333 : Flights found : 012;684;06/16/2023 and 100;723;06/13/2023	[MsgId: MMSG-17999]
    2023-06-13 17:37:16.333 : Sity depart : Denver, Sity arrive : Frankfurt	[MsgId: MMSG-17999]
    2023-06-13 17:37:25.454 : Found Seat Type : First, Seat Pref : Aisle	[MsgId: MMSG-17999]
    2023-06-13 17:37:38.746 : Booking is complect	[MsgId: MMSG-17999]
    2023-06-13 17:37:44.114 : Go to Home Page is complete	[MsgId: MMSG-17999]
    2023-06-13 17:37:49.894 : Booking is created : 251111580-846262-up	[MsgId: MMSG-17999]
    2023-06-13 17:37:59.096 : Booking (251111580-846262-up) is deleted	[MsgId: MMSG-17999]
    2023-06-13 17:38:04.896 : User is logged out of session	[MsgId: MMSG-17999]
