  2023-06-17 00:19:19.130 : IterationNum=1	[MsgId: MMSG-17999]
   USER 1 = jojo:bean	[MsgId: MMSG-17999]
    2023-06-17 00:19:19.224 : Start page is opened	[MsgId: MMSG-17999]
    2023-06-17 00:19:24.854 : User is logged in with session 136649.911624139HAciQcQpicQVzzzHtcVHDpfHiQHf	[MsgId: MMSG-17999]
    2023-06-17 00:19:30.785 : Search page opened	[MsgId: MMSG-17999]
    2023-06-17 00:19:45.367 : Flights found : 262;554;06/20/2023 and 620;586;06/17/2023	[MsgId: MMSG-17999]
    2023-06-17 00:19:45.368 : Sity depart : London, Sity arrive : San Francisco	[MsgId: MMSG-17999]
    2023-06-17 00:19:54.561 : Found Seat Type : Coach, Seat Pref : None	[MsgId: MMSG-17999]
    2023-06-17 00:20:12.322 : Booking is complect	[MsgId: MMSG-17999]
    2023-06-17 00:20:17.368 : Go to Home Page is complete	[MsgId: MMSG-17999]
    2023-06-17 00:20:21.357 : Booking is created : 308898613-1246241-jb	[MsgId: MMSG-17999]
  2023-06-17 00:20:29.023 : IterationNum=1	[MsgId: MMSG-17999]
   USER 1 = user7:pwd7	[MsgId: MMSG-17999]
    2023-06-17 00:20:29.119 : Start page is opened	[MsgId: MMSG-17999]
    2023-06-17 00:20:31.164 : Booking (308898613-1246241-jb) is deleted	[MsgId: MMSG-17999]
    2023-06-17 00:20:33.930 : User is logged in with session 136649.917294451HAciQDApVcAiDDDDtcVHDpfiAHcf	[MsgId: MMSG-17999]
    2023-06-17 00:20:36.473 : User is logged out of session	[MsgId: MMSG-17999]
    2023-06-17 00:20:40.009 : Search page opened	[MsgId: MMSG-17999]
    2023-06-17 00:20:53.067 : Flights found : 082;1085;06/20/2023 and 803;939;06/17/2023	[MsgId: MMSG-17999]
    2023-06-17 00:20:53.067 : Sity depart : Denver, Sity arrive : Sydney	[MsgId: MMSG-17999]
    2023-06-17 00:21:03.271 : Found Seat Type : Business, Seat Pref : Aisle	[MsgId: MMSG-17999]
    2023-06-17 00:21:16.279 : Booking is complect	[MsgId: MMSG-17999]
    2023-06-17 00:21:21.393 : Go to Home Page is complete	[MsgId: MMSG-17999]
    2023-06-17 00:21:25.621 : Booking is created : 766697077-1387078-up	[MsgId: MMSG-17999]
    2023-06-17 00:21:33.182 : Booking (766697077-1387078-up) is deleted	[MsgId: MMSG-17999]
    2023-06-17 00:21:38.651 : User is logged out of session	[MsgId: MMSG-17999]
  2023-06-17 00:21:39.038 : IterationNum=1	[MsgId: MMSG-17999]
   USER 1 = user14:pwd14	[MsgId: MMSG-17999]
    2023-06-17 00:21:39.139 : Start page is opened	[MsgId: MMSG-17999]
    2023-06-17 00:21:44.274 : User is logged in with session 136649.922964763HAciQDAptVcftcVHDpfictHf	[MsgId: MMSG-17999]
    2023-06-17 00:21:50.542 : Search page opened	[MsgId: MMSG-17999]
    2023-06-17 00:22:08.894 : Flights found : 933;283;06/20/2023 and 392;379;06/17/2023	[MsgId: MMSG-17999]
    2023-06-17 00:22:08.894 : Sity depart : Zurich, Sity arrive : Los Angeles	[MsgId: MMSG-17999]
    2023-06-17 00:22:18.066 : Found Seat Type : Coach, Seat Pref : Window	[MsgId: MMSG-17999]
    2023-06-17 00:22:33.660 : Booking is complect	[MsgId: MMSG-17999]
    2023-06-17 00:22:38.385 : Go to Home Page is complete	[MsgId: MMSG-17999]
    2023-06-17 00:22:43.493 : Booking is created : 320022271-81819-up	[MsgId: MMSG-17999]
  2023-06-17 00:22:49.097 : IterationNum=1	[MsgId: MMSG-17999]
   USER 1 = user21:pwd21	[MsgId: MMSG-17999]
    2023-06-17 00:22:49.193 : Start page is opened	[MsgId: MMSG-17999]
    2023-06-17 00:22:53.231 : User is logged in with session 136649.928635075HAciQDApHAtVzzzHtcVHDpfitccf	[MsgId: MMSG-17999]
Action.c(316): Error -26366: "Text=No flights have been reserved" not found for web_reg_find  	[MsgId: MERR-26366]
    2023-06-17 00:22:57.501 : Search page opened	[MsgId: MMSG-17999]
    2023-06-17 00:23:11.937 : Flights found : 701;488;06/20/2023 and 070;548;06/17/2023	[MsgId: MMSG-17999]
    2023-06-17 00:23:11.937 : Sity depart : Seattle, Sity arrive : Denver	[MsgId: MMSG-17999]
    2023-06-17 00:23:24.264 : Found Seat Type : First, Seat Pref : Aisle	[MsgId: MMSG-17999]
