  2023-06-17 00:45:13.601 : IterationNum=1	[MsgId: MMSG-17999]
   USER 1 = jojo:bean	[MsgId: MMSG-17999]
    2023-06-17 00:45:13.693 : Start page is opened	[MsgId: MMSG-17999]
    2023-06-17 00:45:18.143 : User is logged in with session 136650.037505063HAciQDzpDAtVzzzHtcVHDpzVHicf	[MsgId: MMSG-17999]
    2023-06-17 00:45:24.379 : Search page opened	[MsgId: MMSG-17999]
    2023-06-17 00:45:42.006 : Flights found : 673;71;06/20/2023 and 762;82;06/17/2023	[MsgId: MMSG-17999]
    2023-06-17 00:45:42.006 : Sity depart : San Francisco, Sity arrive : Seattle	[MsgId: MMSG-17999]
    2023-06-17 00:45:50.296 : Found Seat Type : Coach, Seat Pref : Aisle	[MsgId: MMSG-17999]
    2023-06-17 00:46:05.864 : Booking is complect	[MsgId: MMSG-17999]
    2023-06-17 00:46:11.242 : Go to Home Page is complete	[MsgId: MMSG-17999]
    2023-06-17 00:46:16.654 : Booking is created : 30891384-135550-jb	[MsgId: MMSG-17999]
    2023-06-17 00:46:27.638 : Booking (30891384-135550-jb) is deleted	[MsgId: MMSG-17999]
    2023-06-17 00:46:32.637 : User is logged out of session	[MsgId: MMSG-17999]
  2023-06-17 00:47:33.340 : IterationNum=1	[MsgId: MMSG-17999]
   USER 1 = user7:pwd7	[MsgId: MMSG-17999]
    2023-06-17 00:47:33.437 : Start page is opened	[MsgId: MMSG-17999]
    2023-06-17 00:47:39.549 : User is logged in with session 136650.048845687HAciQDzpiiHftcVHDpzcVDcf	[MsgId: MMSG-17999]
    2023-06-17 00:47:44.182 : Search page opened	[MsgId: MMSG-17999]
    2023-06-17 00:47:59.493 : Flights found : 363;49;06/20/2023 and 630;60;06/17/2023	[MsgId: MMSG-17999]
    2023-06-17 00:47:59.494 : Sity depart : Los Angeles, Sity arrive : San Francisco	[MsgId: MMSG-17999]
    2023-06-17 00:48:07.230 : Found Seat Type : Coach, Seat Pref : None	[MsgId: MMSG-17999]
    2023-06-17 00:48:23.248 : Booking is complect	[MsgId: MMSG-17999]
    2023-06-17 00:48:29.106 : Go to Home Page is complete	[MsgId: MMSG-17999]
    2023-06-17 00:48:33.213 : Booking is created : 7668012-125393-up	[MsgId: MMSG-17999]
    2023-06-17 00:48:44.769 : Booking (7668012-125393-up) is deleted	[MsgId: MMSG-17999]
    2023-06-17 00:48:50.359 : User is logged out of session	[MsgId: MMSG-17999]
  2023-06-17 00:49:53.353 : IterationNum=1	[MsgId: MMSG-17999]
   USER 1 = user14:pwd14	[MsgId: MMSG-17999]
    2023-06-17 00:49:53.452 : Start page is opened	[MsgId: MMSG-17999]
    2023-06-17 00:49:57.835 : User is logged in with session 136650.06018631HAciQDHptHAiDDDDtcVHDpzcticf	[MsgId: MMSG-17999]
    2023-06-17 00:50:01.772 : Search page opened	[MsgId: MMSG-17999]
    2023-06-17 00:50:17.431 : Flights found : 150;320;06/20/2023 and 512;302;06/17/2023	[MsgId: MMSG-17999]
    2023-06-17 00:50:17.431 : Sity depart : Frankfurt, Sity arrive : Portland	[MsgId: MMSG-17999]
    2023-06-17 00:50:27.021 : Found Seat Type : Coach, Seat Pref : None	[MsgId: MMSG-17999]
    2023-06-17 00:50:45.299 : Booking is complect	[MsgId: MMSG-17999]
    2023-06-17 00:50:50.774 : Go to Home Page is complete	[MsgId: MMSG-17999]
    2023-06-17 00:50:55.305 : Booking is created : 320005567-116355-up	[MsgId: MMSG-17999]
    2023-06-17 00:51:02.870 : Booking (320005567-116355-up) is deleted	[MsgId: MMSG-17999]
    2023-06-17 00:51:08.796 : User is logged out of session	[MsgId: MMSG-17999]
  2023-06-17 00:52:13.369 : IterationNum=1	[MsgId: MMSG-17999]
   USER 1 = user21:pwd21	[MsgId: MMSG-17999]
    2023-06-17 00:52:13.468 : Start page is opened	[MsgId: MMSG-17999]
    2023-06-17 00:52:18.990 : User is logged in with session 136650.071526934HAciQDipAftVzzzHtcVHDpzciDcf	[MsgId: MMSG-17999]
    2023-06-17 00:52:24.767 : Search page opened	[MsgId: MMSG-17999]
    2023-06-17 00:52:42.299 : Flights found : 840;1428;06/20/2023 and 481;1273;06/17/2023	[MsgId: MMSG-17999]
    2023-06-17 00:52:42.299 : Sity depart : Sydney, Sity arrive : Paris	[MsgId: MMSG-17999]
    2023-06-17 00:52:51.210 : Found Seat Type : Coach, Seat Pref : Window	[MsgId: MMSG-17999]
    2023-06-17 00:53:04.329 : Booking is complect	[MsgId: MMSG-17999]
    2023-06-17 00:53:09.354 : Go to Home Page is complete	[MsgId: MMSG-17999]
    2023-06-17 00:53:14.289 : Booking is created : 1007718571-1139438-up	[MsgId: MMSG-17999]
    2023-06-17 00:53:26.465 : Booking (1007718571-1139438-up) is deleted	[MsgId: MMSG-17999]
    2023-06-17 00:53:31.252 : User is logged out of session	[MsgId: MMSG-17999]
  2023-06-17 00:57:13.606 : IterationNum=2	[MsgId: MMSG-17999]
   USER 2 = user1:pwd1	[MsgId: MMSG-17999]
    2023-06-17 00:57:13.701 : Start page is opened	[MsgId: MMSG-17999]
    2023-06-17 00:57:18.439 : User is logged in with session 136650.095828271HAciQDQpDAtVzzzHtcVHDpzDficf	[MsgId: MMSG-17999]
    2023-06-17 00:57:22.585 : Search page opened	[MsgId: MMSG-17999]
    2023-06-17 00:57:35.801 : Flights found : 023;519;06/20/2023 and 201;565;06/17/2023	[MsgId: MMSG-17999]
    2023-06-17 00:57:35.801 : Sity depart : Denver, Sity arrive : London	[MsgId: MMSG-17999]
    2023-06-17 00:57:45.398 : Found Seat Type : First, Seat Pref : None	[MsgId: MMSG-17999]
    2023-06-17 00:57:56.716 : Booking is complect	[MsgId: MMSG-17999]
    2023-06-17 00:58:02.612 : Go to Home Page is complete	[MsgId: MMSG-17999]
    2023-06-17 00:58:08.098 : Booking is created : 306297167-923929-up	[MsgId: MMSG-17999]
    2023-06-17 00:58:17.383 : Booking (306297167-923929-up) is deleted	[MsgId: MMSG-17999]
    2023-06-17 00:58:22.222 : User is logged out of session	[MsgId: MMSG-17999]
  2023-06-17 00:59:33.349 : IterationNum=2	[MsgId: MMSG-17999]
   USER 2 = user8:pwd8	[MsgId: MMSG-17999]
    2023-06-17 00:59:33.443 : Start page is opened	[MsgId: MMSG-17999]
    2023-06-17 00:59:39.160 : User is logged in with session 136650.107168894HAciQDQpiiHftcVHDpzDQDcf	[MsgId: MMSG-17999]
    2023-06-17 00:59:45.502 : Search page opened	[MsgId: MMSG-17999]
    2023-06-17 01:00:03.030 : Flights found : 951;771;06/20/2023 and 591;771;06/17/2023	[MsgId: MMSG-17999]
    2023-06-17 01:00:03.030 : Sity depart : Zurich, Sity arrive : Portland	[MsgId: MMSG-17999]
    2023-06-17 01:00:13.730 : Found Seat Type : First, Seat Pref : Aisle	[MsgId: MMSG-17999]
    2023-06-17 01:00:27.791 : Booking is complect	[MsgId: MMSG-17999]
    2023-06-17 01:00:33.814 : Go to Home Page is complete	[MsgId: MMSG-17999]
    2023-06-17 01:00:37.881 : Booking is created : 150035250-1223964-up	[MsgId: MMSG-17999]
    2023-06-17 01:00:45.721 : Booking (150035250-1223964-up) is deleted	[MsgId: MMSG-17999]
    2023-06-17 01:00:50.390 : User is logged out of session	[MsgId: MMSG-17999]
  2023-06-17 01:01:53.363 : IterationNum=2	[MsgId: MMSG-17999]
   USER 2 = user15:pwd15	[MsgId: MMSG-17999]
    2023-06-17 01:01:53.457 : Start page is opened	[MsgId: MMSG-17999]
    2023-06-17 01:01:58.801 : User is logged in with session 136650.118509518HAciQtAptHAiDDDDtcVHDpztcicf	[MsgId: MMSG-17999]
    2023-06-17 01:02:02.715 : Search page opened	[MsgId: MMSG-17999]
    2023-06-17 01:02:19.942 : Flights found : 832;918;06/20/2023 and 380;971;06/17/2023	[MsgId: MMSG-17999]
    2023-06-17 01:02:19.942 : Sity depart : Sydney, Sity arrive : Los Angeles	[MsgId: MMSG-17999]
    2023-06-17 01:02:31.736 : Found Seat Type : Business, Seat Pref : None	[MsgId: MMSG-17999]
    2023-06-17 01:02:46.897 : Booking is complect	[MsgId: MMSG-17999]
    2023-06-17 01:02:51.298 : Go to Home Page is complete	[MsgId: MMSG-17999]
    2023-06-17 01:02:57.635 : Booking is created : 35956774-1061683-up	[MsgId: MMSG-17999]
    2023-06-17 01:03:10.012 : Booking (35956774-1061683-up) is deleted	[MsgId: MMSG-17999]
    2023-06-17 01:03:14.750 : User is logged out of session	[MsgId: MMSG-17999]
  2023-06-17 01:04:13.371 : IterationNum=2	[MsgId: MMSG-17999]
   USER 2 = user22:pwd22	[MsgId: MMSG-17999]
    2023-06-17 01:04:13.465 : Start page is opened	[MsgId: MMSG-17999]
    2023-06-17 01:04:18.268 : User is logged in with session 136650.129850142HAciQtVpAftVzzzHtcVHDpztzDcf	[MsgId: MMSG-17999]
    2023-06-17 01:04:22.523 : Search page opened	[MsgId: MMSG-17999]
    2023-06-17 01:04:39.567 : Flights found : 083;648;06/20/2023 and 803;648;06/17/2023	[MsgId: MMSG-17999]
    2023-06-17 01:04:39.567 : Sity depart : Denver, Sity arrive : Sydney	[MsgId: MMSG-17999]
    2023-06-17 01:04:50.449 : Found Seat Type : Coach, Seat Pref : Aisle	[MsgId: MMSG-17999]
    2023-06-17 01:05:08.289 : Booking is complect	[MsgId: MMSG-17999]
    2023-06-17 01:05:12.603 : Go to Home Page is complete	[MsgId: MMSG-17999]
    2023-06-17 01:05:17.668 : Booking is created : 214077172-1387022-up	[MsgId: MMSG-17999]
    2023-06-17 01:05:29.142 : Booking (214077172-1387022-up) is deleted	[MsgId: MMSG-17999]
    2023-06-17 01:05:33.888 : User is logged out of session	[MsgId: MMSG-17999]
  2023-06-17 01:09:13.607 : IterationNum=3	[MsgId: MMSG-17999]
   USER 3 = user2:pwd2	[MsgId: MMSG-17999]
    2023-06-17 01:09:13.701 : Start page is opened	[MsgId: MMSG-17999]
    2023-06-17 01:09:20.076 : User is logged in with session 136650.154151478HAciQtcpDAtVzzzHtcVHDpzfDicf	[MsgId: MMSG-17999]
    2023-06-17 01:09:25.161 : Search page opened	[MsgId: MMSG-17999]
    2023-06-17 01:09:43.133 : Flights found : 423;167;06/20/2023 and 242;193;06/17/2023	[MsgId: MMSG-17999]
    2023-06-17 01:09:43.133 : Sity depart : Paris, Sity arrive : London	[MsgId: MMSG-17999]
    2023-06-17 01:09:55.285 : Found Seat Type : First, Seat Pref : Aisle	[MsgId: MMSG-17999]
    2023-06-17 01:10:08.349 : Booking is complect	[MsgId: MMSG-17999]
    2023-06-17 01:10:12.723 : Go to Home Page is complete	[MsgId: MMSG-17999]
    2023-06-17 01:10:16.986 : Booking is created : 340386043-95566-up	[MsgId: MMSG-17999]
    2023-06-17 01:10:26.280 : Booking (340386043-95566-up) is deleted	[MsgId: MMSG-17999]
    2023-06-17 01:10:30.984 : User is logged out of session	[MsgId: MMSG-17999]
  2023-06-17 01:11:33.364 : IterationNum=3	[MsgId: MMSG-17999]
   USER 3 = user9:pwd9	[MsgId: MMSG-17999]
    2023-06-17 01:11:33.459 : Start page is opened	[MsgId: MMSG-17999]
    2023-06-17 01:11:39.534 : User is logged in with session 136650.165492102HAciQtcpiiHftcVHDpzfHDcf	[MsgId: MMSG-17999]
    2023-06-17 01:11:44.152 : Search page opened	[MsgId: MMSG-17999]
    2023-06-17 01:11:55.485 : Flights found : 413;105;06/20/2023 and 143;105;06/17/2023	[MsgId: MMSG-17999]
    2023-06-17 01:11:55.485 : Sity depart : Paris, Sity arrive : Frankfurt	[MsgId: MMSG-17999]
    2023-06-17 01:12:03.445 : Found Seat Type : Coach, Seat Pref : Window	[MsgId: MMSG-17999]
    2023-06-17 01:12:20.976 : Booking is complect	[MsgId: MMSG-17999]
    2023-06-17 01:12:27.243 : Go to Home Page is complete	[MsgId: MMSG-17999]
    2023-06-17 01:12:33.205 : Booking is created : 85570855-87939-up	[MsgId: MMSG-17999]
    2023-06-17 01:12:45.159 : Booking (85570855-87939-up) is deleted	[MsgId: MMSG-17999]
    2023-06-17 01:12:49.584 : User is logged out of session	[MsgId: MMSG-17999]
  2023-06-17 01:13:53.364 : IterationNum=3	[MsgId: MMSG-17999]
   USER 3 = user16:pwd16	[MsgId: MMSG-17999]
    2023-06-17 01:13:53.459 : Start page is opened	[MsgId: MMSG-17999]
    2023-06-17 01:13:58.705 : User is logged in with session 136650.176832726HAciQtDptHAiDDDDtcVHDpzzAicf	[MsgId: MMSG-17999]
    2023-06-17 01:14:04.912 : Search page opened	[MsgId: MMSG-17999]
    2023-06-17 01:14:23.365 : Flights found : 472;565;06/20/2023 and 742;565;06/17/2023	[MsgId: MMSG-17999]
    2023-06-17 01:14:23.365 : Sity depart : Paris, Sity arrive : Seattle	[MsgId: MMSG-17999]
    2023-06-17 01:14:31.466 : Found Seat Type : Coach, Seat Pref : Window	[MsgId: MMSG-17999]
    2023-06-17 01:14:47.995 : Booking is complect	[MsgId: MMSG-17999]
    2023-06-17 01:14:52.266 : Go to Home Page is complete	[MsgId: MMSG-17999]
    2023-06-17 01:14:58.582 : Booking is created : 338165650-1340086-up	[MsgId: MMSG-17999]
    2023-06-17 01:15:10.622 : Booking (338165650-1340086-up) is deleted	[MsgId: MMSG-17999]
    2023-06-17 01:15:15.231 : User is logged out of session	[MsgId: MMSG-17999]
  2023-06-17 01:16:13.380 : IterationNum=3	[MsgId: MMSG-17999]
   USER 3 = user23:pwd23	[MsgId: MMSG-17999]
    2023-06-17 01:16:13.475 : Start page is opened	[MsgId: MMSG-17999]
    2023-06-17 01:16:18.711 : User is logged in with session 136650.18817335HAciQttpAftVzzzHtcVHDpzztDcf	[MsgId: MMSG-17999]
    2023-06-17 01:16:24.791 : Search page opened	[MsgId: MMSG-17999]
    2023-06-17 01:16:37.859 : Flights found : 751;83;06/20/2023 and 571;83;06/17/2023	[MsgId: MMSG-17999]
    2023-06-17 01:16:37.859 : Sity depart : Seattle, Sity arrive : Portland	[MsgId: MMSG-17999]
    2023-06-17 01:16:47.203 : Found Seat Type : Business, Seat Pref : Window	[MsgId: MMSG-17999]
    2023-06-17 01:17:03.141 : Booking is complect	[MsgId: MMSG-17999]
    2023-06-17 01:17:08.010 : Go to Home Page is complete	[MsgId: MMSG-17999]
    2023-06-17 01:17:13.537 : Booking is created : 25113895-120858-up	[MsgId: MMSG-17999]
    2023-06-17 01:17:25.447 : Booking (25113895-120858-up) is deleted	[MsgId: MMSG-17999]
    2023-06-17 01:17:30.485 : User is logged out of session	[MsgId: MMSG-17999]
  2023-06-17 01:21:13.608 : IterationNum=4	[MsgId: MMSG-17999]
   USER 4 = user3:pwd3	[MsgId: MMSG-17999]
    2023-06-17 01:21:13.702 : Start page is opened	[MsgId: MMSG-17999]
    2023-06-17 01:21:18.879 : User is logged in with session 136650.212474686HAciQtfpDAtVzzzHtcVHDpzHVicf	[MsgId: MMSG-17999]
    2023-06-17 01:21:22.838 : Search page opened	[MsgId: MMSG-17999]
    2023-06-17 01:21:35.725 : Flights found : 501;245;06/20/2023 and 052;260;06/17/2023	[MsgId: MMSG-17999]
    2023-06-17 01:21:35.726 : Sity depart : Portland, Sity arrive : Denver	[MsgId: MMSG-17999]
    2023-06-17 01:21:46.459 : Found Seat Type : Coach, Seat Pref : Aisle	[MsgId: MMSG-17999]
    2023-06-17 01:21:59.138 : Booking is complect	[MsgId: MMSG-17999]
    2023-06-17 01:22:03.019 : Go to Home Page is complete	[MsgId: MMSG-17999]
    2023-06-17 01:22:07.949 : Booking is created : 154092638-80961-up	[MsgId: MMSG-17999]
    2023-06-17 01:22:17.527 : Booking (154092638-80961-up) is deleted	[MsgId: MMSG-17999]
    2023-06-17 01:22:22.139 : User is logged out of session	[MsgId: MMSG-17999]
  2023-06-17 01:23:33.369 : IterationNum=4	[MsgId: MMSG-17999]
   USER 4 = user10:pwd10	[MsgId: MMSG-17999]
    2023-06-17 01:23:33.463 : Start page is opened	[MsgId: MMSG-17999]
    2023-06-17 01:23:38.197 : User is logged in with session 136650.22381531HAciQtfpiiHftcVHDpzHfDcf	[MsgId: MMSG-17999]
    2023-06-17 01:23:42.266 : Search page opened	[MsgId: MMSG-17999]
    2023-06-17 01:24:01.006 : Flights found : 510;320;06/20/2023 and 150;320;06/17/2023	[MsgId: MMSG-17999]
    2023-06-17 01:24:01.006 : Sity depart : Portland, Sity arrive : Frankfurt	[MsgId: MMSG-17999]
    2023-06-17 01:24:10.209 : Found Seat Type : Coach, Seat Pref : Aisle	[MsgId: MMSG-17999]
    2023-06-17 01:24:21.712 : Booking is complect	[MsgId: MMSG-17999]
    2023-06-17 01:24:26.229 : Go to Home Page is complete	[MsgId: MMSG-17999]
    2023-06-17 01:24:30.669 : Booking is created : 82981863-88510-up	[MsgId: MMSG-17999]
    2023-06-17 01:24:41.396 : Booking (82981863-88510-up) is deleted	[MsgId: MMSG-17999]
    2023-06-17 01:24:46.824 : User is logged out of session	[MsgId: MMSG-17999]
  2023-06-17 01:25:53.369 : IterationNum=4	[MsgId: MMSG-17999]
   USER 4 = user17:pwd17	[MsgId: MMSG-17999]
    2023-06-17 01:25:53.463 : Start page is opened	[MsgId: MMSG-17999]
    2023-06-17 01:25:59.818 : User is logged in with session 136650.235155934HAciQtzptHAiDDDDtcVHDpzHiicf	[MsgId: MMSG-17999]
    2023-06-17 01:26:04.344 : Search page opened	[MsgId: MMSG-17999]
    2023-06-17 01:26:17.859 : Flights found : 050;275;06/20/2023 and 500;275;06/17/2023	[MsgId: MMSG-17999]
    2023-06-17 01:26:17.860 : Sity depart : Denver, Sity arrive : Portland	[MsgId: MMSG-17999]
    2023-06-17 01:26:28.448 : Found Seat Type : Coach, Seat Pref : Aisle	[MsgId: MMSG-17999]
    2023-06-17 01:26:43.899 : Booking is complect	[MsgId: MMSG-17999]
    2023-06-17 01:26:48.934 : Go to Home Page is complete	[MsgId: MMSG-17999]
    2023-06-17 01:26:54.167 : Booking is created : 302964825-115426-up	[MsgId: MMSG-17999]
    2023-06-17 01:27:03.278 : Booking (302964825-115426-up) is deleted	[MsgId: MMSG-17999]
    2023-06-17 01:27:08.137 : User is logged out of session	[MsgId: MMSG-17999]
  2023-06-17 01:28:13.389 : IterationNum=4	[MsgId: MMSG-17999]
   USER 4 = user24:pwd24	[MsgId: MMSG-17999]
    2023-06-17 01:28:13.484 : Start page is opened	[MsgId: MMSG-17999]
    2023-06-17 01:28:18.716 : User is logged in with session 136650.246496557HAciQtHpAftVzzzHtcVHDpzicDcf	[MsgId: MMSG-17999]
    2023-06-17 01:28:24.747 : Search page opened	[MsgId: MMSG-17999]
    2023-06-17 01:28:39.358 : Flights found : 610;431;06/20/2023 and 163;352;06/17/2023	[MsgId: MMSG-17999]
    2023-06-17 01:28:39.358 : Sity depart : San Francisco, Sity arrive : Frankfurt	[MsgId: MMSG-17999]
    2023-06-17 01:28:46.913 : Found Seat Type : Coach, Seat Pref : None	[MsgId: MMSG-17999]
    2023-06-17 01:28:58.913 : Booking is complect	[MsgId: MMSG-17999]
    2023-06-17 01:29:03.260 : Go to Home Page is complete	[MsgId: MMSG-17999]
    2023-06-17 01:29:09.020 : Booking is created : 247800386-89521-up	[MsgId: MMSG-17999]
    2023-06-17 01:29:21.171 : Booking (247800386-89521-up) is deleted	[MsgId: MMSG-17999]
    2023-06-17 01:29:26.543 : User is logged out of session	[MsgId: MMSG-17999]
  2023-06-17 01:33:13.621 : IterationNum=5	[MsgId: MMSG-17999]
   USER 5 = user4:pwd4	[MsgId: MMSG-17999]
    2023-06-17 01:33:13.715 : Start page is opened	[MsgId: MMSG-17999]
    2023-06-17 01:33:19.481 : User is logged in with session 136650.270797894HAciQtipDAtVzzzHtcVHDpziQicf	[MsgId: MMSG-17999]
    2023-06-17 01:33:25.795 : Search page opened	[MsgId: MMSG-17999]
    2023-06-17 01:33:38.702 : Flights found : 533;234;06/20/2023 and 352;271;06/17/2023	[MsgId: MMSG-17999]
    2023-06-17 01:33:38.702 : Sity depart : Portland, Sity arrive : Los Angeles	[MsgId: MMSG-17999]
    2023-06-17 01:33:47.651 : Found Seat Type : Business, Seat Pref : None	[MsgId: MMSG-17999]
    2023-06-17 01:34:05.737 : Booking is complect	[MsgId: MMSG-17999]
    2023-06-17 01:34:12.100 : Go to Home Page is complete	[MsgId: MMSG-17999]
    2023-06-17 01:34:17.450 : Booking is created : 365575304-104038-up	[MsgId: MMSG-17999]
    2023-06-17 01:34:26.853 : Booking (365575304-104038-up) is deleted	[MsgId: MMSG-17999]
    2023-06-17 01:34:33.206 : User is logged out of session	[MsgId: MMSG-17999]
  2023-06-17 01:35:33.376 : IterationNum=5	[MsgId: MMSG-17999]
   USER 5 = user11:pwd11	[MsgId: MMSG-17999]
    2023-06-17 01:35:33.470 : Start page is opened	[MsgId: MMSG-17999]
    2023-06-17 01:35:39.681 : User is logged in with session 136650.282138518HAciQtipiiHftcVHDpzQDDcf	[MsgId: MMSG-17999]
    2023-06-17 01:35:45.138 : Search page opened	[MsgId: MMSG-17999]
    2023-06-17 01:36:03.478 : Flights found : 983;1273;06/20/2023 and 890;1556;06/17/2023	[MsgId: MMSG-17999]
    2023-06-17 01:36:03.478 : Sity depart : Zurich, Sity arrive : Sydney	[MsgId: MMSG-17999]
    2023-06-17 01:36:13.805 : Found Seat Type : Business, Seat Pref : Aisle	[MsgId: MMSG-17999]
    2023-06-17 01:36:32.154 : Booking is complect	[MsgId: MMSG-17999]
    2023-06-17 01:36:37.737 : Go to Home Page is complete	[MsgId: MMSG-17999]
    2023-06-17 01:36:42.906 : Booking is created : 1644808565-1454063-up	[MsgId: MMSG-17999]
    2023-06-17 01:36:54.947 : Booking (1644808565-1454063-up) is deleted	[MsgId: MMSG-17999]
    2023-06-17 01:37:01.161 : User is logged out of session	[MsgId: MMSG-17999]
  2023-06-17 01:37:53.377 : IterationNum=5	[MsgId: MMSG-17999]
   USER 5 = user18:pwd18	[MsgId: MMSG-17999]
    2023-06-17 01:37:53.472 : Start page is opened	[MsgId: MMSG-17999]
    2023-06-17 01:37:59.564 : User is logged in with session 136650.293479141HAciQtQptHAiDDDDtcVHDpzQzicf	[MsgId: MMSG-17999]
    2023-06-17 01:38:03.649 : Search page opened	[MsgId: MMSG-17999]
    2023-06-17 01:38:16.202 : Flights found : 142;228;06/20/2023 and 412;228;06/17/2023	[MsgId: MMSG-17999]
    2023-06-17 01:38:16.202 : Sity depart : Frankfurt, Sity arrive : Paris	[MsgId: MMSG-17999]
    2023-06-17 01:38:24.544 : Found Seat Type : First, Seat Pref : Window	[MsgId: MMSG-17999]
    2023-06-17 01:38:41.344 : Booking is complect	[MsgId: MMSG-17999]
    2023-06-17 01:38:46.513 : Go to Home Page is complete	[MsgId: MMSG-17999]
    2023-06-17 01:38:50.846 : Booking is created : 106671934-108650-up	[MsgId: MMSG-17999]
    2023-06-17 01:38:58.425 : Booking (106671934-108650-up) is deleted	[MsgId: MMSG-17999]
    2023-06-17 01:39:02.918 : User is logged out of session	[MsgId: MMSG-17999]
  2023-06-17 01:40:13.397 : IterationNum=5	[MsgId: MMSG-17999]
   USER 5 = user25:pwd25	[MsgId: MMSG-17999]
    2023-06-17 01:40:13.489 : Start page is opened	[MsgId: MMSG-17999]
    2023-06-17 01:40:19.509 : User is logged in with session 136650.304819765HAciQfApAftVzzzHtcVHDpHAADcf	[MsgId: MMSG-17999]
    2023-06-17 01:40:25.712 : Search page opened	[MsgId: MMSG-17999]
    2023-06-17 01:40:44.437 : Flights found : 170;957;06/20/2023 and 713;783;06/17/2023	[MsgId: MMSG-17999]
    2023-06-17 01:40:44.437 : Sity depart : Frankfurt, Sity arrive : Seattle	[MsgId: MMSG-17999]
    2023-06-17 01:40:56.261 : Found Seat Type : First, Seat Pref : None	[MsgId: MMSG-17999]
    2023-06-17 01:41:09.241 : Booking is complect	[MsgId: MMSG-17999]
    2023-06-17 01:41:13.982 : Go to Home Page is complete	[MsgId: MMSG-17999]
    2023-06-17 01:41:17.970 : Booking is created : 206302628-1317826-up	[MsgId: MMSG-17999]
    2023-06-17 01:41:26.410 : Booking (206302628-1317826-up) is deleted	[MsgId: MMSG-17999]
    2023-06-17 01:41:30.703 : User is logged out of session	[MsgId: MMSG-17999]
  2023-06-17 01:45:13.635 : IterationNum=6	[MsgId: MMSG-17999]
   USER 6 = user5:pwd5	[MsgId: MMSG-17999]
    2023-06-17 01:45:13.729 : Start page is opened	[MsgId: MMSG-17999]
    2023-06-17 01:45:18.075 : User is logged in with session 136650.329121102HAciQfVpDAtVzzzHtcVHDpHAHicf	[MsgId: MMSG-17999]
    2023-06-17 01:45:22.952 : Search page opened	[MsgId: MMSG-17999]
    2023-06-17 01:45:37.282 : Flights found : 751;57;06/20/2023 and 571;57;06/17/2023	[MsgId: MMSG-17999]
    2023-06-17 01:45:37.282 : Sity depart : Seattle, Sity arrive : Portland	[MsgId: MMSG-17999]
    2023-06-17 01:45:47.514 : Found Seat Type : Coach, Seat Pref : None	[MsgId: MMSG-17999]
    2023-06-17 01:46:01.835 : Booking is complect	[MsgId: MMSG-17999]
    2023-06-17 01:46:07.618 : Go to Home Page is complete	[MsgId: MMSG-17999]
    2023-06-17 01:46:13.036 : Booking is created : 35039820-120854-up	[MsgId: MMSG-17999]
    2023-06-17 01:46:22.155 : Booking (35039820-120854-up) is deleted	[MsgId: MMSG-17999]
    2023-06-17 01:46:28.379 : User is logged out of session	[MsgId: MMSG-17999]
  2023-06-17 01:47:33.378 : IterationNum=6	[MsgId: MMSG-17999]
   USER 6 = user12:pwd12	[MsgId: MMSG-17999]
    2023-06-17 01:47:33.473 : Start page is opened	[MsgId: MMSG-17999]
    2023-06-17 01:47:38.223 : User is logged in with session 136650.340461725HAciQfVpiiHftcVHDpHVVDcf	[MsgId: MMSG-17999]
    2023-06-17 01:47:44.128 : Search page opened	[MsgId: MMSG-17999]
    2023-06-17 01:47:58.150 : Flights found : 322;1370;06/20/2023 and 233;1186;06/17/2023	[MsgId: MMSG-17999]
    2023-06-17 01:47:58.150 : Sity depart : Los Angeles, Sity arrive : London	[MsgId: MMSG-17999]
    2023-06-17 01:48:05.786 : Found Seat Type : First, Seat Pref : Window	[MsgId: MMSG-17999]
    2023-06-17 01:48:19.681 : Booking is complect	[MsgId: MMSG-17999]
    2023-06-17 01:48:25.955 : Go to Home Page is complete	[MsgId: MMSG-17999]
    2023-06-17 01:48:32.089 : Booking is created : 2422341532-948658-up	[MsgId: MMSG-17999]
    2023-06-17 01:48:41.967 : Booking (2422341532-948658-up) is deleted	[MsgId: MMSG-17999]
    2023-06-17 01:48:47.046 : User is logged out of session	[MsgId: MMSG-17999]
  2023-06-17 01:49:53.379 : IterationNum=6	[MsgId: MMSG-17999]
   USER 6 = user19:pwd19	[MsgId: MMSG-17999]
    2023-06-17 01:49:53.471 : Start page is opened	[MsgId: MMSG-17999]
    2023-06-17 01:49:57.910 : User is logged in with session 136650.351802349HAciQfcptHAiDDDDtcVHDpHVticf	[MsgId: MMSG-17999]
    2023-06-17 01:50:03.409 : Search page opened	[MsgId: MMSG-17999]
    2023-06-17 01:50:15.004 : Flights found : 161;384;06/20/2023 and 612;407;06/17/2023	[MsgId: MMSG-17999]
    2023-06-17 01:50:15.004 : Sity depart : Frankfurt, Sity arrive : San Francisco	[MsgId: MMSG-17999]
    2023-06-17 01:50:23.752 : Found Seat Type : Coach, Seat Pref : Aisle	[MsgId: MMSG-17999]
    2023-06-17 01:50:42.018 : Booking is complect	[MsgId: MMSG-17999]
    2023-06-17 01:50:47.814 : Go to Home Page is complete	[MsgId: MMSG-17999]
    2023-06-17 01:50:52.848 : Booking is created : 317413384-124060-up	[MsgId: MMSG-17999]
    2023-06-17 01:51:01.693 : Booking (317413384-124060-up) is deleted	[MsgId: MMSG-17999]
    2023-06-17 01:51:06.088 : User is logged out of session	[MsgId: MMSG-17999]
  2023-06-17 01:52:13.399 : IterationNum=6	[MsgId: MMSG-17999]
   USER 6 = user26:pwd26	[MsgId: MMSG-17999]
    2023-06-17 01:52:13.493 : Start page is opened	[MsgId: MMSG-17999]
    2023-06-17 01:52:19.839 : User is logged in with session 136650.363142973HAciQfDpAftVzzzHtcVHDpHViDcf	[MsgId: MMSG-17999]
    2023-06-17 01:52:25.955 : Search page opened	[MsgId: MMSG-17999]
    2023-06-17 01:52:37.271 : Flights found : 920;350;06/20/2023 and 290;350;06/17/2023	[MsgId: MMSG-17999]
    2023-06-17 01:52:37.271 : Sity depart : Zurich, Sity arrive : London	[MsgId: MMSG-17999]
    2023-06-17 01:52:45.232 : Found Seat Type : First, Seat Pref : None	[MsgId: MMSG-17999]
    2023-06-17 01:52:57.990 : Booking is complect	[MsgId: MMSG-17999]
    2023-06-17 01:53:04.133 : Go to Home Page is complete	[MsgId: MMSG-17999]
    2023-06-17 01:53:09.855 : Booking is created : 365960012-99284-up	[MsgId: MMSG-17999]
    2023-06-17 01:53:20.512 : Booking (365960012-99284-up) is deleted	[MsgId: MMSG-17999]
    2023-06-17 01:53:25.620 : User is logged out of session	[MsgId: MMSG-17999]
  2023-06-17 01:57:13.647 : IterationNum=7	[MsgId: MMSG-17999]
   USER 7 = user6:pwd6	[MsgId: MMSG-17999]
    2023-06-17 01:57:13.742 : Start page is opened	[MsgId: MMSG-17999]
    2023-06-17 01:57:19.545 : User is logged in with session 136650.387444309HAciQftpDAtVzzzHtcVHDpHcficf	[MsgId: MMSG-17999]
    2023-06-17 01:57:23.489 : Search page opened	[MsgId: MMSG-17999]
    2023-06-17 01:57:36.932 : Flights found : 622;554;06/20/2023 and 262;554;06/17/2023	[MsgId: MMSG-17999]
    2023-06-17 01:57:36.933 : Sity depart : San Francisco, Sity arrive : London	[MsgId: MMSG-17999]
    2023-06-17 01:57:48.914 : Found Seat Type : Coach, Seat Pref : Window	[MsgId: MMSG-17999]
    2023-06-17 01:58:03.693 : Booking is complect	[MsgId: MMSG-17999]
    2023-06-17 01:58:08.342 : Go to Home Page is complete	[MsgId: MMSG-17999]
    2023-06-17 01:58:12.627 : Booking is created : 332986020-970854-up	[MsgId: MMSG-17999]
    2023-06-17 01:58:25.038 : Booking (332986020-970854-up) is deleted	[MsgId: MMSG-17999]
    2023-06-17 01:58:31.260 : User is logged out of session	[MsgId: MMSG-17999]
  2023-06-17 01:59:33.391 : IterationNum=7	[MsgId: MMSG-17999]
   USER 7 = user13:pwd13	[MsgId: MMSG-17999]
    2023-06-17 01:59:33.485 : Start page is opened	[MsgId: MMSG-17999]
    2023-06-17 01:59:37.493 : User is logged in with session 136650.398784933HAciQftpiiHftcVHDpHcQDcf	[MsgId: MMSG-17999]
    2023-06-17 01:59:41.665 : Search page opened	[MsgId: MMSG-17999]
    2023-06-17 01:59:53.864 : Flights found : 233;917;06/20/2023 and 323;917;06/17/2023	[MsgId: MMSG-17999]
    2023-06-17 01:59:53.864 : Sity depart : London, Sity arrive : Los Angeles	[MsgId: MMSG-17999]
    2023-06-17 02:00:03.035 : Found Seat Type : Business, Seat Pref : Window	[MsgId: MMSG-17999]
    2023-06-17 02:00:21.544 : Booking is complect	[MsgId: MMSG-17999]
    2023-06-17 02:00:26.300 : Go to Home Page is complete	[MsgId: MMSG-17999]
    2023-06-17 02:00:31.455 : Booking is created : 211860515-1017833-up	[MsgId: MMSG-17999]
    2023-06-17 02:00:43.517 : Booking (211860515-1017833-up) is deleted	[MsgId: MMSG-17999]
    2023-06-17 02:00:49.335 : User is logged out of session	[MsgId: MMSG-17999]
  2023-06-17 02:01:53.391 : IterationNum=7	[MsgId: MMSG-17999]
   USER 7 = user20:pwd20	[MsgId: MMSG-17999]
    2023-06-17 02:01:53.486 : Start page is opened	[MsgId: MMSG-17999]
    2023-06-17 02:01:59.774 : User is logged in with session 136650.410125557HAciQffptHAiDDDDtcVHDpHDcicf	[MsgId: MMSG-17999]
    2023-06-17 02:02:05.225 : Search page opened	[MsgId: MMSG-17999]
    2023-06-17 02:02:22.558 : Flights found : 291;312;06/20/2023 and 920;350;06/17/2023	[MsgId: MMSG-17999]
    2023-06-17 02:02:22.558 : Sity depart : London, Sity arrive : Zurich	[MsgId: MMSG-17999]
    2023-06-17 02:02:32.368 : Found Seat Type : First, Seat Pref : Aisle	[MsgId: MMSG-17999]
    2023-06-17 02:02:43.793 : Booking is complect	[MsgId: MMSG-17999]
    2023-06-17 02:02:49.694 : Go to Home Page is complete	[MsgId: MMSG-17999]
    2023-06-17 02:02:54.354 : Booking is created : 57418196-147743-up	[MsgId: MMSG-17999]
    2023-06-17 02:03:06.295 : Booking (57418196-147743-up) is deleted	[MsgId: MMSG-17999]
    2023-06-17 02:03:12.477 : User is logged out of session	[MsgId: MMSG-17999]
  2023-06-17 02:04:13.414 : IterationNum=7	[MsgId: MMSG-17999]
   USER 7 = user27:pwd27	[MsgId: MMSG-17999]
    2023-06-17 02:04:13.508 : Start page is opened	[MsgId: MMSG-17999]
    2023-06-17 02:04:18.823 : User is logged in with session 136650.421466181HAciQfzpAftVzzzHtcVHDpHDzDcf	[MsgId: MMSG-17999]
    2023-06-17 02:04:23.946 : Search page opened	[MsgId: MMSG-17999]
    2023-06-17 02:04:36.829 : Flights found : 543;953;06/20/2023 and 451;1038;06/17/2023	[MsgId: MMSG-17999]
    2023-06-17 02:04:36.829 : Sity depart : Portland, Sity arrive : Paris	[MsgId: MMSG-17999]
    2023-06-17 02:04:44.810 : Found Seat Type : First, Seat Pref : Window	[MsgId: MMSG-17999]
    2023-06-17 02:04:57.959 : Booking is complect	[MsgId: MMSG-17999]
    2023-06-17 02:05:03.027 : Go to Home Page is complete	[MsgId: MMSG-17999]
    2023-06-17 02:05:08.955 : Booking is created : 131131257-1116307-up	[MsgId: MMSG-17999]
    2023-06-17 02:05:21.388 : Booking (131131257-1116307-up) is deleted	[MsgId: MMSG-17999]
    2023-06-17 02:05:25.792 : User is logged out of session	[MsgId: MMSG-17999]
  2023-06-17 02:09:13.656 : IterationNum=8	[MsgId: MMSG-17999]
   USER 8 = user6:pwd6	[MsgId: MMSG-17999]
    2023-06-17 02:09:13.750 : Start page is opened	[MsgId: MMSG-17999]
    2023-06-17 02:09:18.426 : User is logged in with session 136650.445767517HAciQfHpDAtVzzzHtcVHDpHtDicf	[MsgId: MMSG-17999]
    2023-06-17 02:09:24.126 : Search page opened	[MsgId: MMSG-17999]
    2023-06-17 02:09:35.880 : Flights found : 983;878;06/20/2023 and 892;1015;06/17/2023	[MsgId: MMSG-17999]
    2023-06-17 02:09:35.880 : Sity depart : Zurich, Sity arrive : Sydney	[MsgId: MMSG-17999]
    2023-06-17 02:09:46.851 : Found Seat Type : Coach, Seat Pref : Window	[MsgId: MMSG-17999]
    2023-06-17 02:10:04.536 : Booking is complect	[MsgId: MMSG-17999]
    2023-06-17 02:10:09.299 : Go to Home Page is complete	[MsgId: MMSG-17999]
    2023-06-17 02:10:14.827 : Booking is created : 332999402-1455530-up	[MsgId: MMSG-17999]
    2023-06-17 02:10:27.110 : Booking (332999402-1455530-up) is deleted	[MsgId: MMSG-17999]
    2023-06-17 02:10:32.283 : User is logged out of session	[MsgId: MMSG-17999]
  2023-06-17 02:11:33.405 : IterationNum=8	[MsgId: MMSG-17999]
   USER 8 = user13:pwd13	[MsgId: MMSG-17999]
    2023-06-17 02:11:33.499 : Start page is opened	[MsgId: MMSG-17999]
    2023-06-17 02:11:38.286 : User is logged in with session 136650.457108141HAciQfHpiiHftcVHDpHtHDcf	[MsgId: MMSG-17999]
    2023-06-17 02:11:42.428 : Search page opened	[MsgId: MMSG-17999]
    2023-06-17 02:11:57.169 : Flights found : 712;699;06/20/2023 and 171;659;06/17/2023	[MsgId: MMSG-17999]
    2023-06-17 02:11:57.169 : Sity depart : Seattle, Sity arrive : Frankfurt	[MsgId: MMSG-17999]
    2023-06-17 02:12:05.669 : Found Seat Type : Business, Seat Pref : Aisle	[MsgId: MMSG-17999]
    2023-06-17 02:12:20.510 : Booking is complect	[MsgId: MMSG-17999]
    2023-06-17 02:12:25.987 : Go to Home Page is complete	[MsgId: MMSG-17999]
    2023-06-17 02:12:30.725 : Booking is created : 211878248-900873-up	[MsgId: MMSG-17999]
    2023-06-17 02:12:38.738 : Booking (211878248-900873-up) is deleted	[MsgId: MMSG-17999]
    2023-06-17 02:12:43.289 : User is logged out of session	[MsgId: MMSG-17999]
  2023-06-17 02:13:53.399 : IterationNum=8	[MsgId: MMSG-17999]
   USER 8 = user20:pwd20	[MsgId: MMSG-17999]
    2023-06-17 02:13:53.493 : Start page is opened	[MsgId: MMSG-17999]
    2023-06-17 02:13:59.522 : User is logged in with session 136650.468448765HAciQfiptHAiDDDDtcVHDpHfAicf	[MsgId: MMSG-17999]
    2023-06-17 02:14:03.690 : Search page opened	[MsgId: MMSG-17999]
    2023-06-17 02:14:19.068 : Flights found : 712;904;06/20/2023 and 170;957;06/17/2023	[MsgId: MMSG-17999]
    2023-06-17 02:14:19.068 : Sity depart : Seattle, Sity arrive : Frankfurt	[MsgId: MMSG-17999]
    2023-06-17 02:14:29.949 : Found Seat Type : First, Seat Pref : Aisle	[MsgId: MMSG-17999]
    2023-06-17 02:14:45.691 : Booking is complect	[MsgId: MMSG-17999]
    2023-06-17 02:14:51.658 : Go to Home Page is complete	[MsgId: MMSG-17999]
    2023-06-17 02:14:56.278 : Booking is created : 57433811-900143-up	[MsgId: MMSG-17999]
    2023-06-17 02:15:04.938 : Booking (57433811-900143-up) is deleted	[MsgId: MMSG-17999]
    2023-06-17 02:15:08.846 : User is logged out of session	[MsgId: MMSG-17999]
  2023-06-17 02:16:13.421 : IterationNum=8	[MsgId: MMSG-17999]
   USER 8 = user27:pwd27	[MsgId: MMSG-17999]
    2023-06-17 02:16:13.515 : Start page is opened	[MsgId: MMSG-17999]
    2023-06-17 02:16:19.089 : User is logged in with session 136650.479789388HAciQfQpAftVzzzHtcVHDpHftDcf	[MsgId: MMSG-17999]
    2023-06-17 02:16:25.252 : Search page opened	[MsgId: MMSG-17999]
    2023-06-17 02:16:44.023 : Flights found : 901;375;06/20/2023 and 092;398;06/17/2023	[MsgId: MMSG-17999]
    2023-06-17 02:16:44.023 : Sity depart : Zurich, Sity arrive : Denver	[MsgId: MMSG-17999]
    2023-06-17 02:16:53.593 : Found Seat Type : Coach, Seat Pref : None	[MsgId: MMSG-17999]
    2023-06-17 02:17:07.791 : Booking is complect	[MsgId: MMSG-17999]
    2023-06-17 02:17:11.683 : Go to Home Page is complete	[MsgId: MMSG-17999]
    2023-06-17 02:17:17.134 : Booking is created : 131144495-84059-up	[MsgId: MMSG-17999]
    2023-06-17 02:17:28.449 : Booking (131144495-84059-up) is deleted	[MsgId: MMSG-17999]
    2023-06-17 02:17:33.705 : User is logged out of session	[MsgId: MMSG-17999]
  2023-06-17 02:21:13.662 : IterationNum=9	[MsgId: MMSG-17999]
   USER 9 = user6:pwd6	[MsgId: MMSG-17999]
    2023-06-17 02:21:13.756 : Start page is opened	[MsgId: MMSG-17999]
    2023-06-17 02:21:18.341 : User is logged in with session 136650.504090725HAciQzApDAtVzzzHtcVHDpHzVicf	[MsgId: MMSG-17999]
    2023-06-17 02:21:23.347 : Search page opened	[MsgId: MMSG-17999]
    2023-06-17 02:21:39.744 : Flights found : 373;268;06/20/2023 and 733;268;06/17/2023	[MsgId: MMSG-17999]
    2023-06-17 02:21:39.744 : Sity depart : Los Angeles, Sity arrive : Seattle	[MsgId: MMSG-17999]
    2023-06-17 02:21:48.132 : Found Seat Type : First, Seat Pref : Aisle	[MsgId: MMSG-17999]
    2023-06-17 02:22:00.728 : Booking is complect	[MsgId: MMSG-17999]
    2023-06-17 02:22:04.839 : Go to Home Page is complete	[MsgId: MMSG-17999]
    2023-06-17 02:22:09.745 : Booking is created : 332976787-133348-up	[MsgId: MMSG-17999]
    2023-06-17 02:22:19.653 : Booking (332976787-133348-up) is deleted	[MsgId: MMSG-17999]
    2023-06-17 02:22:23.613 : User is logged out of session	[MsgId: MMSG-17999]
  2023-06-17 02:23:33.406 : IterationNum=9	[MsgId: MMSG-17999]
   USER 9 = user13:pwd13	[MsgId: MMSG-17999]
    2023-06-17 02:23:33.501 : Start page is opened	[MsgId: MMSG-17999]
    2023-06-17 02:23:37.756 : User is logged in with session 136650.515431349HAciQzApiiHftcVHDpHzfDcf	[MsgId: MMSG-17999]
    2023-06-17 02:23:42.776 : Search page opened	[MsgId: MMSG-17999]
    2023-06-17 02:23:57.583 : Flights found : 622;554;06/20/2023 and 263;479;06/17/2023	[MsgId: MMSG-17999]
    2023-06-17 02:23:57.583 : Sity depart : San Francisco, Sity arrive : London	[MsgId: MMSG-17999]
    2023-06-17 02:24:09.388 : Found Seat Type : Coach, Seat Pref : Window	[MsgId: MMSG-17999]
    2023-06-17 02:24:24.909 : Booking is complect	[MsgId: MMSG-17999]
    2023-06-17 02:24:30.729 : Go to Home Page is complete	[MsgId: MMSG-17999]
    2023-06-17 02:24:36.691 : Booking is created : 211874909-971617-up	[MsgId: MMSG-17999]
    2023-06-17 02:24:45.970 : Booking (211874909-971617-up) is deleted	[MsgId: MMSG-17999]
    2023-06-17 02:24:52.188 : User is logged out of session	[MsgId: MMSG-17999]
  2023-06-17 02:25:53.401 : IterationNum=9	[MsgId: MMSG-17999]
   USER 9 = user20:pwd20	[MsgId: MMSG-17999]
    2023-06-17 02:25:53.496 : Start page is opened	[MsgId: MMSG-17999]
