  2023-06-17 00:13:53.332 : IterationNum=1	[MsgId: MMSG-17999]
   USER 1 = jojo:bean	[MsgId: MMSG-17999]
    2023-06-17 00:13:53.426 : Start page is opened	[MsgId: MMSG-17999]
    2023-06-17 00:13:59.306 : User is logged in with session 136649.885216687HAciQciptHAiDDDDtcVHDpfHAicf	[MsgId: MMSG-17999]
    2023-06-17 00:14:04.045 : Search page opened	[MsgId: MMSG-17999]
    2023-06-17 00:14:17.723 : Flights found : 713;783;06/20/2023 and 172;904;06/17/2023	[MsgId: MMSG-17999]
    2023-06-17 00:14:17.723 : Sity depart : Seattle, Sity arrive : Frankfurt	[MsgId: MMSG-17999]
    2023-06-17 00:14:27.649 : Found Seat Type : First, Seat Pref : Window	[MsgId: MMSG-17999]
    2023-06-17 00:14:43.259 : Booking is complect	[MsgId: MMSG-17999]
    2023-06-17 00:14:47.795 : Go to Home Page is complete	[MsgId: MMSG-17999]
    2023-06-17 00:14:52.525 : Booking is created : 308915325-901668-jb	[MsgId: MMSG-17999]
    2023-06-17 00:15:02.219 : Booking (308915325-901668-jb) is deleted	[MsgId: MMSG-17999]
  2023-06-17 00:15:03.101 : IterationNum=1	[MsgId: MMSG-17999]
   USER 1 = user7:pwd7	[MsgId: MMSG-17999]
    2023-06-17 00:15:03.189 : Start page is opened	[MsgId: MMSG-17999]
    2023-06-17 00:15:07.370 : User is logged out of session	[MsgId: MMSG-17999]
    2023-06-17 00:15:09.035 : User is logged in with session 136649.890886999HAciQcipHzcftcVHDpfHcfHf	[MsgId: MMSG-17999]
    2023-06-17 00:15:13.966 : Search page opened	[MsgId: MMSG-17999]
    2023-06-17 00:15:29.826 : Flights found : 681;655;06/20/2023 and 862;695;06/17/2023	[MsgId: MMSG-17999]
    2023-06-17 00:15:29.826 : Sity depart : San Francisco, Sity arrive : Sydney	[MsgId: MMSG-17999]
    2023-06-17 00:15:41.399 : Found Seat Type : Coach, Seat Pref : Window	[MsgId: MMSG-17999]
    2023-06-17 00:15:53.584 : Booking is complect	[MsgId: MMSG-17999]
    2023-06-17 00:15:59.335 : Go to Home Page is complete	[MsgId: MMSG-17999]
    2023-06-17 00:16:05.673 : Booking is created : 76691913-1432411-up	[MsgId: MMSG-17999]
  2023-06-17 00:16:13.100 : IterationNum=1	[MsgId: MMSG-17999]
   USER 1 = user14:pwd14	[MsgId: MMSG-17999]
    2023-06-17 00:16:13.188 : Start page is opened	[MsgId: MMSG-17999]
    2023-06-17 00:16:17.210 : Booking (76691913-1432411-up) is deleted	[MsgId: MMSG-17999]
    2023-06-17 00:16:19.076 : User is logged in with session 136649.896557311HAciQcQpAftVzzzHtcVHDpfHtDcf	[MsgId: MMSG-17999]
    2023-06-17 00:16:22.500 : User is logged out of session	[MsgId: MMSG-17999]
    2023-06-17 00:16:24.595 : Search page opened	[MsgId: MMSG-17999]
    2023-06-17 00:16:39.753 : Flights found : 483;2192;06/20/2023 and 840;2679;06/17/2023	[MsgId: MMSG-17999]
    2023-06-17 00:16:39.753 : Sity depart : Paris, Sity arrive : Sydney	[MsgId: MMSG-17999]
    2023-06-17 00:16:47.766 : Found Seat Type : First, Seat Pref : Aisle	[MsgId: MMSG-17999]
    2023-06-17 00:17:04.021 : Booking is complect	[MsgId: MMSG-17999]
    2023-06-17 00:17:09.541 : Go to Home Page is complete	[MsgId: MMSG-17999]
    2023-06-17 00:17:14.850 : Booking is created : 320022271-81819-up	[MsgId: MMSG-17999]
  2023-06-17 00:17:23.130 : IterationNum=1	[MsgId: MMSG-17999]
   USER 1 = user21:pwd21	[MsgId: MMSG-17999]
    2023-06-17 00:17:23.214 : Start page is opened	[MsgId: MMSG-17999]
Action.c(316): Error -26366: "Text=No flights have been reserved" not found for web_reg_find  	[MsgId: MERR-26366]
    2023-06-17 00:17:27.186 : User is logged in with session 136649.902227623HAciQcQpDtfiDDDDtcVHDpfHzAHf	[MsgId: MMSG-17999]
    2023-06-17 00:17:32.657 : Search page opened	[MsgId: MMSG-17999]
    2023-06-17 00:17:46.769 : Flights found : 363;92;06/20/2023 and 631;101;06/17/2023	[MsgId: MMSG-17999]
    2023-06-17 00:17:46.770 : Sity depart : Los Angeles, Sity arrive : San Francisco	[MsgId: MMSG-17999]
    2023-06-17 00:17:54.320 : Found Seat Type : First, Seat Pref : Window	[MsgId: MMSG-17999]
    2023-06-17 00:18:13.034 : Booking is complect	[MsgId: MMSG-17999]
    2023-06-17 00:18:18.805 : Go to Home Page is complete	[MsgId: MMSG-17999]
    2023-06-17 00:18:22.926 : Booking is created : 10075421-125476-up	[MsgId: MMSG-17999]
    2023-06-17 00:18:32.984 : Booking (10075421-125476-up) is deleted	[MsgId: MMSG-17999]
    2023-06-17 00:18:36.934 : User is logged out of session	[MsgId: MMSG-17999]
