  2023-06-17 00:31:21.177 : IterationNum=1	[MsgId: MMSG-17999]
   USER 1 = jojo:bean	[MsgId: MMSG-17999]
    2023-06-17 00:31:21.275 : Start page is opened	[MsgId: MMSG-17999]
    2023-06-17 00:31:27.031 : User is logged in with session 136649.970109356HAciQDcpiDHftcVHDpfQHAcf	[MsgId: MMSG-17999]
    2023-06-17 00:31:32.206 : Search page opened	[MsgId: MMSG-17999]
    2023-06-17 00:31:47.099 : Flights found : 971;747;06/20/2023 and 793;686;06/17/2023	[MsgId: MMSG-17999]
    2023-06-17 00:31:47.099 : Sity depart : Zurich, Sity arrive : Seattle	[MsgId: MMSG-17999]
    2023-06-17 00:31:57.317 : Found Seat Type : First, Seat Pref : Window	[MsgId: MMSG-17999]
    2023-06-17 00:32:14.065 : Booking is complect	[MsgId: MMSG-17999]
    2023-06-17 00:32:18.624 : Go to Home Page is complete	[MsgId: MMSG-17999]
    2023-06-17 00:32:23.252 : Booking is created : 308924879-1379341-jb	[MsgId: MMSG-17999]
    2023-06-17 00:32:34.996 : Booking (308924879-1379341-jb) is deleted	[MsgId: MMSG-17999]
    2023-06-17 00:32:39.090 : User is logged out of session	[MsgId: MMSG-17999]
  2023-06-17 00:33:41.084 : IterationNum=1	[MsgId: MMSG-17999]
   USER 1 = user7:pwd7	[MsgId: MMSG-17999]
    2023-06-17 00:33:41.178 : Start page is opened	[MsgId: MMSG-17999]
    2023-06-17 00:33:46.377 : User is logged in with session 136649.98144998HAciQDDptcAiDDDDtcVHDpzAAfcf	[MsgId: MMSG-17999]
    2023-06-17 00:33:52.561 : Search page opened	[MsgId: MMSG-17999]
    2023-06-17 00:34:08.145 : Flights found : 761;145;06/20/2023 and 671;145;06/17/2023	[MsgId: MMSG-17999]
    2023-06-17 00:34:08.145 : Sity depart : Seattle, Sity arrive : San Francisco	[MsgId: MMSG-17999]
    2023-06-17 00:34:18.247 : Found Seat Type : First, Seat Pref : Window	[MsgId: MMSG-17999]
    2023-06-17 00:34:30.203 : Booking is complect	[MsgId: MMSG-17999]
    2023-06-17 00:34:35.042 : Go to Home Page is complete	[MsgId: MMSG-17999]
    2023-06-17 00:34:40.180 : Booking is created : 76694857-128560-up	[MsgId: MMSG-17999]
    2023-06-17 00:34:51.183 : Booking (76694857-128560-up) is deleted	[MsgId: MMSG-17999]
    2023-06-17 00:34:56.911 : User is logged out of session	[MsgId: MMSG-17999]
  2023-06-17 00:36:01.115 : IterationNum=1	[MsgId: MMSG-17999]
   USER 1 = user14:pwd14	[MsgId: MMSG-17999]
    2023-06-17 00:36:01.201 : Start page is opened	[MsgId: MMSG-17999]
    2023-06-17 00:36:07.234 : User is logged in with session 136649.992790603HAciQDtpAAtVzzzHtcVHDpzAtAcf	[MsgId: MMSG-17999]
    2023-06-17 00:36:12.911 : Search page opened	[MsgId: MMSG-17999]
    2023-06-17 00:36:24.884 : Flights found : 452;1101;06/20/2023 and 543;953;06/17/2023	[MsgId: MMSG-17999]
    2023-06-17 00:36:24.884 : Sity depart : Paris, Sity arrive : Portland	[MsgId: MMSG-17999]
    2023-06-17 00:36:34.128 : Found Seat Type : First, Seat Pref : Aisle	[MsgId: MMSG-17999]
    2023-06-17 00:36:46.781 : Booking is complect	[MsgId: MMSG-17999]
    2023-06-17 00:36:52.180 : Go to Home Page is complete	[MsgId: MMSG-17999]
    2023-06-17 00:36:56.742 : Booking is created : 320022271-81819-up	[MsgId: MMSG-17999]
Action.c(316): Error -26366: "Text=No flights have been reserved" not found for web_reg_find  	[MsgId: MERR-26366]
  2023-06-17 00:38:21.163 : IterationNum=1	[MsgId: MMSG-17999]
   USER 1 = user21:pwd21	[MsgId: MMSG-17999]
    2023-06-17 00:38:21.261 : Start page is opened	[MsgId: MMSG-17999]
    2023-06-17 00:38:27.412 : User is logged in with session 136650.004131227HAciQDtpfiHftcVHDpzAHfcf	[MsgId: MMSG-17999]
    2023-06-17 00:38:32.925 : Search page opened	[MsgId: MMSG-17999]
    2023-06-17 00:38:46.973 : Flights found : 142;228;06/20/2023 and 411;214;06/17/2023	[MsgId: MMSG-17999]
    2023-06-17 00:38:46.973 : Sity depart : Frankfurt, Sity arrive : Paris	[MsgId: MMSG-17999]
    2023-06-17 00:38:58.509 : Found Seat Type : First, Seat Pref : None	[MsgId: MMSG-17999]
