  2023-06-18 16:10:56.050 : IterationNum=1	[MsgId: MMSG-17999]
   USER 1 = jojo:bean	[MsgId: MMSG-17999]
    2023-06-18 16:10:56.153 : Start page is opened	[MsgId: MMSG-17999]
    2023-06-18 16:11:00.637 : User is logged in with session 136661.535520454HAcQfcHpHDDDDDDDtcVHHpVzzt	[MsgId: MMSG-17999]
    2023-06-18 16:11:04.626 : Search page opened	[MsgId: MMSG-17999]
    2023-06-18 16:11:19.021 : Flights found : 053;326;06/21/2023 and 501;355;06/18/2023	[MsgId: MMSG-17999]
    2023-06-18 16:11:19.021 : Sity depart : Denver, Sity arrive : Portland	[MsgId: MMSG-17999]
    2023-06-18 16:11:29.207 : Found Seat Type : Business, Seat Pref : None	[MsgId: MMSG-17999]
    2023-06-18 16:11:43.632 : Booking is complect	[MsgId: MMSG-17999]
    2023-06-18 16:11:47.994 : Go to Home Page is complete	[MsgId: MMSG-17999]
    2023-06-18 16:11:53.838 : Booking is created : 308890863-115513-jb	[MsgId: MMSG-17999]
    2023-06-18 16:12:04.910 : Booking (308890863-115513-jb) is deleted	[MsgId: MMSG-17999]
  2023-06-18 16:12:05.770 : IterationNum=1	[MsgId: MMSG-17999]
   USER 1 = user6:pwd6	[MsgId: MMSG-17999]
    2023-06-18 16:12:05.858 : Start page is opened	[MsgId: MMSG-17999]
    2023-06-18 16:12:10.809 : User is logged in with session 136661.541109761HAcQfcipAcAiDDDDtcVHHpVziVcf	[MsgId: MMSG-17999]
    2023-06-18 16:12:11.202 : User is logged out of session	[MsgId: MMSG-17999]
    2023-06-18 16:12:15.572 : Search page opened	[MsgId: MMSG-17999]
    2023-06-18 16:12:29.006 : Flights found : 691;485;06/21/2023 and 961;485;06/18/2023	[MsgId: MMSG-17999]
    2023-06-18 16:12:29.006 : Sity depart : San Francisco, Sity arrive : Zurich	[MsgId: MMSG-17999]
    2023-06-18 16:12:39.133 : Found Seat Type : Business, Seat Pref : Aisle	[MsgId: MMSG-17999]
    2023-06-18 16:12:57.849 : Booking is complect	[MsgId: MMSG-17999]
    2023-06-18 16:13:03.279 : Go to Home Page is complete	[MsgId: MMSG-17999]
    2023-06-18 16:13:07.355 : Booking is created : 332988573-150920-up	[MsgId: MMSG-17999]
  2023-06-18 16:13:15.793 : IterationNum=1	[MsgId: MMSG-17999]
   USER 1 = user12:pwd12	[MsgId: MMSG-17999]
    2023-06-18 16:13:15.888 : Start page is opened	[MsgId: MMSG-17999]
    2023-06-18 16:13:17.224 : Booking (332988573-150920-up) is deleted	[MsgId: MMSG-17999]
    2023-06-18 16:13:20.887 : User is logged in with session 136661.546780073HAcQfcipDVcftcVHHpVzQiHf	[MsgId: MMSG-17999]
    2023-06-18 16:13:22.981 : User is logged out of session	[MsgId: MMSG-17999]
    2023-06-18 16:13:26.109 : Search page opened	[MsgId: MMSG-17999]
    2023-06-18 16:13:43.425 : Flights found : 400;657;06/21/2023 and 042;622;06/18/2023	[MsgId: MMSG-17999]
    2023-06-18 16:13:43.425 : Sity depart : Paris, Sity arrive : Denver	[MsgId: MMSG-17999]
    2023-06-18 16:13:55.573 : Found Seat Type : First, Seat Pref : Aisle	[MsgId: MMSG-17999]
    2023-06-18 16:14:09.216 : Booking is complect	[MsgId: MMSG-17999]
    2023-06-18 16:14:13.291 : Go to Home Page is complete	[MsgId: MMSG-17999]
    2023-06-18 16:14:19.551 : Booking is created : 242237061-801636-up	[MsgId: MMSG-17999]
  2023-06-18 16:14:25.802 : IterationNum=1	[MsgId: MMSG-17999]
   USER 1 = user18:pwd18	[MsgId: MMSG-17999]
    2023-06-18 16:14:25.892 : Start page is opened	[MsgId: MMSG-17999]
    2023-06-18 16:14:31.124 : User is logged in with session 136661.552450385HAcQfcipzAtVzzzHtcVHHpVHVzcf	[MsgId: MMSG-17999]
    2023-06-18 16:14:31.580 : Booking (242237061-801636-up) is deleted	[MsgId: MMSG-17999]
    2023-06-18 16:14:35.685 : Search page opened	[MsgId: MMSG-17999]
    2023-06-18 16:14:36.655 : User is logged out of session	[MsgId: MMSG-17999]
    2023-06-18 16:14:50.891 : Flights found : 381;865;06/21/2023 and 833;794;06/18/2023	[MsgId: MMSG-17999]
    2023-06-18 16:14:50.891 : Sity depart : Los Angeles, Sity arrive : Sydney	[MsgId: MMSG-17999]
    2023-06-18 16:15:00.547 : Found Seat Type : Business, Seat Pref : None	[MsgId: MMSG-17999]
    2023-06-18 16:15:16.545 : Booking is complect	[MsgId: MMSG-17999]
    2023-06-18 16:15:21.758 : Go to Home Page is complete	[MsgId: MMSG-17999]
    2023-06-18 16:15:25.751 : Booking is created : 106680809-1410127-up	[MsgId: MMSG-17999]
  2023-06-18 16:15:35.818 : IterationNum=1	[MsgId: MMSG-17999]
   USER 1 = user24:pwd24	[MsgId: MMSG-17999]
    2023-06-18 16:15:35.905 : Start page is opened	[MsgId: MMSG-17999]
    2023-06-18 16:15:37.502 : Booking (106680809-1410127-up) is deleted	[MsgId: MMSG-17999]
    2023-06-18 16:15:41.450 : User is logged in with session 136661.558120697HAcQfcipiQfiDDDDtcVHHpVHDDHf	[MsgId: MMSG-17999]
    2023-06-18 16:15:42.824 : User is logged out of session	[MsgId: MMSG-17999]
    2023-06-18 16:15:47.498 : Search page opened	[MsgId: MMSG-17999]
    2023-06-18 16:16:05.485 : Flights found : 232;1370;06/21/2023 and 322;1370;06/18/2023	[MsgId: MMSG-17999]
    2023-06-18 16:16:05.485 : Sity depart : London, Sity arrive : Los Angeles	[MsgId: MMSG-17999]
    2023-06-18 16:16:14.174 : Found Seat Type : First, Seat Pref : Aisle	[MsgId: MMSG-17999]
    2023-06-18 16:16:26.770 : Booking is complect	[MsgId: MMSG-17999]
    2023-06-18 16:16:31.137 : Go to Home Page is complete	[MsgId: MMSG-17999]
    2023-06-18 16:16:36.672 : Booking is created : 2477863754-1017133-up	[MsgId: MMSG-17999]
    2023-06-18 16:16:47.294 : Booking (2477863754-1017133-up) is deleted	[MsgId: MMSG-17999]
    2023-06-18 16:16:51.217 : User is logged out of session	[MsgId: MMSG-17999]
  2023-06-18 16:22:56.057 : IterationNum=2	[MsgId: MMSG-17999]
   USER 2 = user1:pwd1	[MsgId: MMSG-17999]
    2023-06-18 16:22:56.151 : Start page is opened	[MsgId: MMSG-17999]
    2023-06-18 16:23:01.886 : User is logged in with session 136661.593843661HAcQfDApHDDDDDDDtcVHHpVitt	[MsgId: MMSG-17999]
    2023-06-18 16:23:08.061 : Search page opened	[MsgId: MMSG-17999]
    2023-06-18 16:23:20.744 : Flights found : 702;401;06/21/2023 and 070;424;06/18/2023	[MsgId: MMSG-17999]
    2023-06-18 16:23:20.744 : Sity depart : Seattle, Sity arrive : Denver	[MsgId: MMSG-17999]
    2023-06-18 16:23:30.437 : Found Seat Type : Business, Seat Pref : Aisle	[MsgId: MMSG-17999]
    2023-06-18 16:23:46.265 : Booking is complect	[MsgId: MMSG-17999]
    2023-06-18 16:23:50.745 : Go to Home Page is complete	[MsgId: MMSG-17999]
    2023-06-18 16:23:55.939 : Booking is created : 306322311-82371-up	[MsgId: MMSG-17999]
    2023-06-18 16:24:05.603 : Booking (306322311-82371-up) is deleted	[MsgId: MMSG-17999]
  2023-06-18 16:24:05.779 : IterationNum=2	[MsgId: MMSG-17999]
   USER 2 = user7:pwd7	[MsgId: MMSG-17999]
    2023-06-18 16:24:05.873 : Start page is opened	[MsgId: MMSG-17999]
    2023-06-18 16:24:11.618 : User is logged out of session	[MsgId: MMSG-17999]
    2023-06-18 16:24:12.196 : User is logged in with session 136661.599432969HAcQfDVpAcAiDDDDtcVHHpVizVcf	[MsgId: MMSG-17999]
    2023-06-18 16:24:16.338 : Search page opened	[MsgId: MMSG-17999]
    2023-06-18 16:24:28.599 : Flights found : 040;508;06/21/2023 and 403;416;06/18/2023	[MsgId: MMSG-17999]
    2023-06-18 16:24:28.599 : Sity depart : Denver, Sity arrive : Paris	[MsgId: MMSG-17999]
    2023-06-18 16:24:37.586 : Found Seat Type : Business, Seat Pref : Aisle	[MsgId: MMSG-17999]
    2023-06-18 16:24:51.979 : Booking is complect	[MsgId: MMSG-17999]
    2023-06-18 16:24:56.191 : Go to Home Page is complete	[MsgId: MMSG-17999]
    2023-06-18 16:25:00.677 : Booking is created : 76668166-107994-up	[MsgId: MMSG-17999]
    2023-06-18 16:25:12.156 : Booking (76668166-107994-up) is deleted	[MsgId: MMSG-17999]
  2023-06-18 16:25:15.804 : IterationNum=2	[MsgId: MMSG-17999]
   USER 2 = user13:pwd13	[MsgId: MMSG-17999]
    2023-06-18 16:25:15.898 : Start page is opened	[MsgId: MMSG-17999]
    2023-06-18 16:25:18.540 : User is logged out of session	[MsgId: MMSG-17999]
    2023-06-18 16:25:20.682 : User is logged in with session 136661.605103281HAcQfDVpDVcftcVHHpViHiHf	[MsgId: MMSG-17999]
    2023-06-18 16:25:25.507 : Search page opened	[MsgId: MMSG-17999]
    2023-06-18 16:25:42.794 : Flights found : 341;733;06/21/2023 and 432;778;06/18/2023	[MsgId: MMSG-17999]
    2023-06-18 16:25:42.794 : Sity depart : Los Angeles, Sity arrive : Paris	[MsgId: MMSG-17999]
    2023-06-18 16:25:53.054 : Found Seat Type : First, Seat Pref : Window	[MsgId: MMSG-17999]
    2023-06-18 16:26:06.012 : Booking is complect	[MsgId: MMSG-17999]
    2023-06-18 16:26:10.509 : Go to Home Page is complete	[MsgId: MMSG-17999]
    2023-06-18 16:26:15.263 : Booking is created : 211864508-1101654-up	[MsgId: MMSG-17999]
  2023-06-18 16:26:25.811 : IterationNum=2	[MsgId: MMSG-17999]
   USER 2 = user19:pwd19	[MsgId: MMSG-17999]
    2023-06-18 16:26:25.905 : Start page is opened	[MsgId: MMSG-17999]
    2023-06-18 16:26:27.693 : Booking (211864508-1101654-up) is deleted	[MsgId: MMSG-17999]
    2023-06-18 16:26:31.187 : User is logged in with session 136661.610773593HAcQfDVpzAtVzzzHtcVHHpViQzcf	[MsgId: MMSG-17999]
    2023-06-18 16:26:33.505 : User is logged out of session	[MsgId: MMSG-17999]
    2023-06-18 16:26:36.883 : Search page opened	[MsgId: MMSG-17999]
    2023-06-18 16:26:54.471 : Flights found : 921;166;06/21/2023 and 292;176;06/18/2023	[MsgId: MMSG-17999]
    2023-06-18 16:26:54.472 : Sity depart : Zurich, Sity arrive : London	[MsgId: MMSG-17999]
    2023-06-18 16:27:04.164 : Found Seat Type : Coach, Seat Pref : Window	[MsgId: MMSG-17999]
    2023-06-18 16:27:16.889 : Booking is complect	[MsgId: MMSG-17999]
    2023-06-18 16:27:20.785 : Go to Home Page is complete	[MsgId: MMSG-17999]
    2023-06-18 16:27:25.381 : Booking is created : 317441524-99410-up	[MsgId: MMSG-17999]
  2023-06-18 16:27:35.820 : IterationNum=2	[MsgId: MMSG-17999]
   USER 2 = user25:pwd25	[MsgId: MMSG-17999]
    2023-06-18 16:27:35.914 : Start page is opened	[MsgId: MMSG-17999]
    2023-06-18 16:27:37.293 : Booking (317441524-99410-up) is deleted	[MsgId: MMSG-17999]
    2023-06-18 16:27:40.306 : User is logged in with session 136661.616443904HAcQfDVpiQfiDDDDtcVHHpVQVDHf	[MsgId: MMSG-17999]
    2023-06-18 16:27:42.102 : User is logged out of session	[MsgId: MMSG-17999]
    2023-06-18 16:27:45.495 : Search page opened	[MsgId: MMSG-17999]
    2023-06-18 16:28:03.995 : Flights found : 510;320;06/21/2023 and 151;285;06/18/2023	[MsgId: MMSG-17999]
    2023-06-18 16:28:03.995 : Sity depart : Portland, Sity arrive : Frankfurt	[MsgId: MMSG-17999]
    2023-06-18 16:28:14.216 : Found Seat Type : Coach, Seat Pref : None	[MsgId: MMSG-17999]
    2023-06-18 16:28:29.081 : Booking is complect	[MsgId: MMSG-17999]
    2023-06-18 16:28:32.994 : Go to Home Page is complete	[MsgId: MMSG-17999]
    2023-06-18 16:28:39.327 : Booking is created : 206315197-88585-up	[MsgId: MMSG-17999]
    2023-06-18 16:28:47.731 : Booking (206315197-88585-up) is deleted	[MsgId: MMSG-17999]
    2023-06-18 16:28:52.579 : User is logged out of session	[MsgId: MMSG-17999]
  2023-06-18 16:34:56.066 : IterationNum=3	[MsgId: MMSG-17999]
   USER 3 = user2:pwd2	[MsgId: MMSG-17999]
    2023-06-18 16:34:56.160 : Start page is opened	[MsgId: MMSG-17999]
    2023-06-18 16:35:01.005 : User is logged in with session 136661.652166869HAcQfDDpHDDDDDDDtcVHHpcAct	[MsgId: MMSG-17999]
    2023-06-18 16:35:06.600 : Search page opened	[MsgId: MMSG-17999]
    2023-06-18 16:35:21.921 : Flights found : 341;566;06/21/2023 and 431;566;06/18/2023	[MsgId: MMSG-17999]
    2023-06-18 16:35:21.921 : Sity depart : Los Angeles, Sity arrive : Paris	[MsgId: MMSG-17999]
    2023-06-18 16:35:33.125 : Found Seat Type : Business, Seat Pref : Aisle	[MsgId: MMSG-17999]
    2023-06-18 16:35:46.647 : Booking is complect	[MsgId: MMSG-17999]
    2023-06-18 16:35:51.828 : Go to Home Page is complete	[MsgId: MMSG-17999]
    2023-06-18 16:35:58.190 : Booking is created : 340383020-1100856-up	[MsgId: MMSG-17999]
  2023-06-18 16:36:05.784 : IterationNum=3	[MsgId: MMSG-17999]
   USER 3 = user8:pwd8	[MsgId: MMSG-17999]
    2023-06-18 16:36:05.878 : Start page is opened	[MsgId: MMSG-17999]
    2023-06-18 16:36:10.038 : Booking (340383020-1100856-up) is deleted	[MsgId: MMSG-17999]
    2023-06-18 16:36:11.400 : User is logged in with session 136661.657756177HAcQfDtpAcAiDDDDtcVHHpcAtVcf	[MsgId: MMSG-17999]
    2023-06-18 16:36:14.958 : User is logged out of session	[MsgId: MMSG-17999]
    2023-06-18 16:36:16.241 : Search page opened	[MsgId: MMSG-17999]
    2023-06-18 16:36:30.120 : Flights found : 971;578;06/21/2023 and 791;578;06/18/2023	[MsgId: MMSG-17999]
    2023-06-18 16:36:30.120 : Sity depart : Zurich, Sity arrive : Seattle	[MsgId: MMSG-17999]
    2023-06-18 16:36:37.920 : Found Seat Type : Business, Seat Pref : Window	[MsgId: MMSG-17999]
    2023-06-18 16:36:51.828 : Booking is complect	[MsgId: MMSG-17999]
    2023-06-18 16:36:57.539 : Go to Home Page is complete	[MsgId: MMSG-17999]
    2023-06-18 16:37:02.149 : Booking is created : 150035984-1377781-up	[MsgId: MMSG-17999]
    2023-06-18 16:37:12.482 : Booking (150035984-1377781-up) is deleted	[MsgId: MMSG-17999]
  2023-06-18 16:37:15.814 : IterationNum=3	[MsgId: MMSG-17999]
   USER 3 = user14:pwd14	[MsgId: MMSG-17999]
    2023-06-18 16:37:15.908 : Start page is opened	[MsgId: MMSG-17999]
    2023-06-18 16:37:18.490 : User is logged out of session	[MsgId: MMSG-17999]
    2023-06-18 16:37:21.004 : User is logged in with session 136661.663426488HAcQfDtpDVcftcVHHpcAfiHf	[MsgId: MMSG-17999]
    2023-06-18 16:37:25.123 : Search page opened	[MsgId: MMSG-17999]
    2023-06-18 16:37:42.446 : Flights found : 402;481;06/21/2023 and 041;453;06/18/2023	[MsgId: MMSG-17999]
    2023-06-18 16:37:42.446 : Sity depart : Paris, Sity arrive : Denver	[MsgId: MMSG-17999]
    2023-06-18 16:37:53.340 : Found Seat Type : Business, Seat Pref : Window	[MsgId: MMSG-17999]
    2023-06-18 16:38:10.411 : Booking is complect	[MsgId: MMSG-17999]
    2023-06-18 16:38:15.984 : Go to Home Page is complete	[MsgId: MMSG-17999]
    2023-06-18 16:38:21.597 : Booking is created : 320014906-80148-up	[MsgId: MMSG-17999]
  2023-06-18 16:38:25.814 : IterationNum=3	[MsgId: MMSG-17999]
   USER 3 = user20:pwd20	[MsgId: MMSG-17999]
    2023-06-18 16:38:25.908 : Start page is opened	[MsgId: MMSG-17999]
    2023-06-18 16:38:30.662 : User is logged in with session 136661.6690968HAcQfDtpzAtVzzzHtcVHHpcAHzcf	[MsgId: MMSG-17999]
    2023-06-18 16:38:32.181 : Booking (320014906-80148-up) is deleted	[MsgId: MMSG-17999]
    2023-06-18 16:38:35.328 : Search page opened	[MsgId: MMSG-17999]
    2023-06-18 16:38:37.704 : User is logged out of session	[MsgId: MMSG-17999]
    2023-06-18 16:38:46.964 : Flights found : 272;1002;06/21/2023 and 721;944;06/18/2023	[MsgId: MMSG-17999]
    2023-06-18 16:38:46.964 : Sity depart : London, Sity arrive : Seattle	[MsgId: MMSG-17999]
    2023-06-18 16:38:55.014 : Found Seat Type : First, Seat Pref : Aisle	[MsgId: MMSG-17999]
    2023-06-18 16:39:13.255 : Booking is complect	[MsgId: MMSG-17999]
    2023-06-18 16:39:19.408 : Go to Home Page is complete	[MsgId: MMSG-17999]
    2023-06-18 16:39:24.254 : Booking is created : 574174851-1323995-up	[MsgId: MMSG-17999]
    2023-06-18 16:39:34.746 : Booking (574174851-1323995-up) is deleted	[MsgId: MMSG-17999]
  2023-06-18 16:39:35.835 : IterationNum=3	[MsgId: MMSG-17999]
   USER 3 = user26:pwd26	[MsgId: MMSG-17999]
    2023-06-18 16:39:35.929 : Start page is opened	[MsgId: MMSG-17999]
    2023-06-18 16:39:39.586 : User is logged out of session	[MsgId: MMSG-17999]
    2023-06-18 16:39:40.149 : User is logged in with session 136661.674767112HAcQfDtpiQfiDDDDtcVHHpcAQDHf	[MsgId: MMSG-17999]
    2023-06-18 16:39:44.463 : Search page opened	[MsgId: MMSG-17999]
    2023-06-18 16:40:01.055 : Flights found : 711;454;06/21/2023 and 172;482;06/18/2023	[MsgId: MMSG-17999]
    2023-06-18 16:40:01.055 : Sity depart : Seattle, Sity arrive : Frankfurt	[MsgId: MMSG-17999]
    2023-06-18 16:40:09.527 : Found Seat Type : Coach, Seat Pref : Window	[MsgId: MMSG-17999]
    2023-06-18 16:40:23.094 : Booking is complect	[MsgId: MMSG-17999]
    2023-06-18 16:40:28.513 : Go to Home Page is complete	[MsgId: MMSG-17999]
    2023-06-18 16:40:34.699 : Booking is created : 365952276-90225-up	[MsgId: MMSG-17999]
    2023-06-18 16:40:44.933 : Booking (365952276-90225-up) is deleted	[MsgId: MMSG-17999]
    2023-06-18 16:40:50.115 : User is logged out of session	[MsgId: MMSG-17999]
  2023-06-18 16:46:56.073 : IterationNum=4	[MsgId: MMSG-17999]
   USER 4 = user3:pwd3	[MsgId: MMSG-17999]
    2023-06-18 16:46:56.167 : Start page is opened	[MsgId: MMSG-17999]
    2023-06-18 16:47:00.387 : User is logged in with session 136661.710490077HAcQfDzpHDDDDDDDtcVHHpccAt	[MsgId: MMSG-17999]
    2023-06-18 16:47:06.514 : Search page opened	[MsgId: MMSG-17999]
    2023-06-18 16:47:21.415 : Flights found : 013;458;06/21/2023 and 101;498;06/18/2023	[MsgId: MMSG-17999]
    2023-06-18 16:47:21.415 : Sity depart : Denver, Sity arrive : Frankfurt	[MsgId: MMSG-17999]
    2023-06-18 16:47:30.091 : Found Seat Type : Business, Seat Pref : None	[MsgId: MMSG-17999]
    2023-06-18 16:47:47.894 : Booking is complect	[MsgId: MMSG-17999]
    2023-06-18 16:47:53.447 : Go to Home Page is complete	[MsgId: MMSG-17999]
    2023-06-18 16:47:57.892 : Booking is created : 154074572-84765-up	[MsgId: MMSG-17999]
  2023-06-18 16:48:05.796 : IterationNum=4	[MsgId: MMSG-17999]
   USER 4 = user9:pwd9	[MsgId: MMSG-17999]
    2023-06-18 16:48:05.890 : Start page is opened	[MsgId: MMSG-17999]
    2023-06-18 16:48:09.144 : Booking (154074572-84765-up) is deleted	[MsgId: MMSG-17999]
    2023-06-18 16:48:11.438 : User is logged in with session 136661.716079384HAcQfDHpAcAiDDDDtcVHHpcccVcf	[MsgId: MMSG-17999]
    2023-06-18 16:48:13.346 : User is logged out of session	[MsgId: MMSG-17999]
    2023-06-18 16:48:16.392 : Search page opened	[MsgId: MMSG-17999]
    2023-06-18 16:48:31.147 : Flights found : 321;998;06/21/2023 and 232;1060;06/18/2023	[MsgId: MMSG-17999]
    2023-06-18 16:48:31.147 : Sity depart : Los Angeles, Sity arrive : London	[MsgId: MMSG-17999]
    2023-06-18 16:48:40.694 : Found Seat Type : Business, Seat Pref : Aisle	[MsgId: MMSG-17999]
    2023-06-18 16:48:54.549 : Booking is complect	[MsgId: MMSG-17999]
    2023-06-18 16:49:00.809 : Go to Home Page is complete	[MsgId: MMSG-17999]
    2023-06-18 16:49:06.608 : Booking is created : 85567481-947850-up	[MsgId: MMSG-17999]
  2023-06-18 16:49:15.824 : IterationNum=4	[MsgId: MMSG-17999]
   USER 4 = user15:pwd15	[MsgId: MMSG-17999]
    2023-06-18 16:49:15.919 : Start page is opened	[MsgId: MMSG-17999]
    2023-06-18 16:49:18.081 : Booking (85567481-947850-up) is deleted	[MsgId: MMSG-17999]
    2023-06-18 16:49:19.924 : User is logged in with session 136661.721749696HAcQfDHpDVcftcVHHpccDiHf	[MsgId: MMSG-17999]
    2023-06-18 16:49:23.860 : Search page opened	[MsgId: MMSG-17999]
    2023-06-18 16:49:24.408 : User is logged out of session	[MsgId: MMSG-17999]
    2023-06-18 16:49:40.553 : Flights found : 401;586;06/21/2023 and 040;657;06/18/2023	[MsgId: MMSG-17999]
    2023-06-18 16:49:40.553 : Sity depart : Paris, Sity arrive : Denver	[MsgId: MMSG-17999]
    2023-06-18 16:49:51.047 : Found Seat Type : First, Seat Pref : Window	[MsgId: MMSG-17999]
    2023-06-18 16:50:05.671 : Booking is complect	[MsgId: MMSG-17999]
    2023-06-18 16:50:11.525 : Go to Home Page is complete	[MsgId: MMSG-17999]
    2023-06-18 16:50:16.529 : Booking is created : 35940799-800095-up	[MsgId: MMSG-17999]
  2023-06-18 16:50:25.825 : IterationNum=4	[MsgId: MMSG-17999]
   USER 4 = user21:pwd21	[MsgId: MMSG-17999]
    2023-06-18 16:50:25.920 : Start page is opened	[MsgId: MMSG-17999]
    2023-06-18 16:50:28.441 : Booking (35940799-800095-up) is deleted	[MsgId: MMSG-17999]
    2023-06-18 16:50:31.859 : User is logged in with session 136661.727420008HAcQfDHpzAtVzzzHtcVHHpccfzcf	[MsgId: MMSG-17999]
    2023-06-18 16:50:33.903 : User is logged out of session	[MsgId: MMSG-17999]
    2023-06-18 16:50:38.014 : Search page opened	[MsgId: MMSG-17999]
    2023-06-18 16:50:51.888 : Flights found : 472;565;06/21/2023 and 743;489;06/18/2023	[MsgId: MMSG-17999]
    2023-06-18 16:50:51.888 : Sity depart : Paris, Sity arrive : Seattle	[MsgId: MMSG-17999]
    2023-06-18 16:50:59.451 : Found Seat Type : Coach, Seat Pref : Window	[MsgId: MMSG-17999]
    2023-06-18 16:51:12.107 : Booking is complect	[MsgId: MMSG-17999]
    2023-06-18 16:51:17.041 : Go to Home Page is complete	[MsgId: MMSG-17999]
    2023-06-18 16:51:21.044 : Booking is created : 100758243-1340850-up	[MsgId: MMSG-17999]
    2023-06-18 16:51:32.002 : Booking (100758243-1340850-up) is deleted	[MsgId: MMSG-17999]
  2023-06-18 16:51:35.840 : IterationNum=4	[MsgId: MMSG-17999]
   USER 4 = user27:pwd27	[MsgId: MMSG-17999]
    2023-06-18 16:51:35.935 : Start page is opened	[MsgId: MMSG-17999]
    2023-06-18 16:51:36.875 : User is logged out of session	[MsgId: MMSG-17999]
    2023-06-18 16:51:40.217 : User is logged in with session 136661.73309032HAcQfDHpiQfiDDDDtcVHHpccHDHf	[MsgId: MMSG-17999]
    2023-06-18 16:51:46.202 : Search page opened	[MsgId: MMSG-17999]
    2023-06-18 16:51:57.790 : Flights found : 363;49;06/21/2023 and 631;53;06/18/2023	[MsgId: MMSG-17999]
    2023-06-18 16:51:57.790 : Sity depart : Los Angeles, Sity arrive : San Francisco	[MsgId: MMSG-17999]
    2023-06-18 16:52:06.858 : Found Seat Type : Coach, Seat Pref : Aisle	[MsgId: MMSG-17999]
    2023-06-18 16:52:24.486 : Booking is complect	[MsgId: MMSG-17999]
    2023-06-18 16:52:28.467 : Go to Home Page is complete	[MsgId: MMSG-17999]
    2023-06-18 16:52:33.647 : Booking is created : 13112457-125469-up	[MsgId: MMSG-17999]
    2023-06-18 16:52:45.307 : Booking (13112457-125469-up) is deleted	[MsgId: MMSG-17999]
    2023-06-18 16:52:51.123 : User is logged out of session	[MsgId: MMSG-17999]
  2023-06-18 16:58:56.074 : IterationNum=5	[MsgId: MMSG-17999]
   USER 5 = user4:pwd4	[MsgId: MMSG-17999]
    2023-06-18 16:58:56.168 : Start page is opened	[MsgId: MMSG-17999]
    2023-06-18 16:59:01.921 : User is logged in with session 136661.768813285HAcQfDQpHDDDDDDDtcVHHpcDit	[MsgId: MMSG-17999]
    2023-06-18 16:59:07.032 : Search page opened	[MsgId: MMSG-17999]
    2023-06-18 16:59:24.465 : Flights found : 103;592;06/21/2023 and 012;684;06/18/2023	[MsgId: MMSG-17999]
    2023-06-18 16:59:24.465 : Sity depart : Frankfurt, Sity arrive : Denver	[MsgId: MMSG-17999]
    2023-06-18 16:59:33.219 : Found Seat Type : First, Seat Pref : Aisle	[MsgId: MMSG-17999]
    2023-06-18 16:59:51.933 : Booking is complect	[MsgId: MMSG-17999]
    2023-06-18 16:59:56.768 : Go to Home Page is complete	[MsgId: MMSG-17999]
    2023-06-18 17:00:01.973 : Booking is created : 365559392-778559-up	[MsgId: MMSG-17999]
  2023-06-18 17:00:05.798 : IterationNum=5	[MsgId: MMSG-17999]
   USER 5 = user10:pwd10	[MsgId: MMSG-17999]
    2023-06-18 17:00:05.893 : Start page is opened	[MsgId: MMSG-17999]
    2023-06-18 17:00:11.973 : User is logged in with session 136661.774402592HAcQftApAcAiDDDDtcVHHpctAVcf	[MsgId: MMSG-17999]
    2023-06-18 17:00:14.477 : Booking (365559392-778559-up) is deleted	[MsgId: MMSG-17999]
    2023-06-18 17:00:16.115 : Search page opened	[MsgId: MMSG-17999]
    2023-06-18 17:00:20.453 : User is logged out of session	[MsgId: MMSG-17999]
    2023-06-18 17:00:30.776 : Flights found : 863;1128;06/21/2023 and 682;1304;06/18/2023	[MsgId: MMSG-17999]
    2023-06-18 17:00:30.776 : Sity depart : Sydney, Sity arrive : San Francisco	[MsgId: MMSG-17999]
    2023-06-18 17:00:42.473 : Found Seat Type : First, Seat Pref : Aisle	[MsgId: MMSG-17999]
    2023-06-18 17:00:55.379 : Booking is complect	[MsgId: MMSG-17999]
    2023-06-18 17:01:00.826 : Go to Home Page is complete	[MsgId: MMSG-17999]
    2023-06-18 17:01:05.313 : Booking is created : 829949301-1294033-up	[MsgId: MMSG-17999]
  2023-06-18 17:01:15.828 : IterationNum=5	[MsgId: MMSG-17999]
   USER 5 = user16:pwd16	[MsgId: MMSG-17999]
    2023-06-18 17:01:15.923 : Start page is opened	[MsgId: MMSG-17999]
    2023-06-18 17:01:16.786 : Booking (829949301-1294033-up) is deleted	[MsgId: MMSG-17999]
    2023-06-18 17:01:21.862 : User is logged in with session 136661.780072904HAcQftApDVcftcVHHpctViHf	[MsgId: MMSG-17999]
    2023-06-18 17:01:22.408 : User is logged out of session	[MsgId: MMSG-17999]
    2023-06-18 17:01:27.301 : Search page opened	[MsgId: MMSG-17999]
    2023-06-18 17:01:45.040 : Flights found : 463;738;06/21/2023 and 642;853;06/18/2023	[MsgId: MMSG-17999]
    2023-06-18 17:01:45.040 : Sity depart : Paris, Sity arrive : San Francisco	[MsgId: MMSG-17999]
    2023-06-18 17:01:53.746 : Found Seat Type : Business, Seat Pref : None	[MsgId: MMSG-17999]
    2023-06-18 17:02:09.236 : Booking is complect	[MsgId: MMSG-17999]
    2023-06-18 17:02:15.100 : Go to Home Page is complete	[MsgId: MMSG-17999]
    2023-06-18 17:02:21.317 : Booking is created : 338165323-1263199-up	[MsgId: MMSG-17999]
  2023-06-18 17:02:25.831 : IterationNum=5	[MsgId: MMSG-17999]
   USER 5 = user22:pwd22	[MsgId: MMSG-17999]
    2023-06-18 17:02:25.925 : Start page is opened	[MsgId: MMSG-17999]
    2023-06-18 17:02:29.492 : Booking (338165323-1263199-up) is deleted	[MsgId: MMSG-17999]
    2023-06-18 17:02:32.005 : User is logged in with session 136661.785743216HAcQftApzAtVzzzHtcVHHpctDzcf	[MsgId: MMSG-17999]
    2023-06-18 17:02:33.962 : User is logged out of session	[MsgId: MMSG-17999]
    2023-06-18 17:02:36.712 : Search page opened	[MsgId: MMSG-17999]
    2023-06-18 17:02:48.957 : Flights found : 970;839;06/21/2023 and 791;747;06/18/2023	[MsgId: MMSG-17999]
    2023-06-18 17:02:48.957 : Sity depart : Zurich, Sity arrive : Seattle	[MsgId: MMSG-17999]
    2023-06-18 17:03:00.401 : Found Seat Type : First, Seat Pref : None	[MsgId: MMSG-17999]
    2023-06-18 17:03:17.127 : Booking is complect	[MsgId: MMSG-17999]
    2023-06-18 17:03:21.272 : Go to Home Page is complete	[MsgId: MMSG-17999]
    2023-06-18 17:03:26.542 : Booking is created : 214110031-1377814-up	[MsgId: MMSG-17999]
  2023-06-18 17:03:35.846 : IterationNum=5	[MsgId: MMSG-17999]
   USER 5 = user28:pwd28	[MsgId: MMSG-17999]
    2023-06-18 17:03:35.940 : Start page is opened	[MsgId: MMSG-17999]
    2023-06-18 17:03:38.117 : Booking (214110031-1377814-up) is deleted	[MsgId: MMSG-17999]
    2023-06-18 17:03:41.692 : User is logged in with session 136661.791413528HAcQftApiQfiDDDDtcVHHpctfDHf	[MsgId: MMSG-17999]
    2023-06-18 17:03:42.411 : User is logged out of session	[MsgId: MMSG-17999]
    2023-06-18 17:03:45.699 : Search page opened	[MsgId: MMSG-17999]
    2023-06-18 17:03:57.947 : Flights found : 983;1273;06/21/2023 and 890;1556;06/18/2023	[MsgId: MMSG-17999]
    2023-06-18 17:03:57.947 : Sity depart : Zurich, Sity arrive : Sydney	[MsgId: MMSG-17999]
    2023-06-18 17:04:06.165 : Found Seat Type : Business, Seat Pref : None	[MsgId: MMSG-17999]
    2023-06-18 17:04:18.910 : Booking is complect	[MsgId: MMSG-17999]
    2023-06-18 17:04:22.963 : Go to Home Page is complete	[MsgId: MMSG-17999]
    2023-06-18 17:04:29.245 : Booking is created : 1037401158-1454063-up	[MsgId: MMSG-17999]
    2023-06-18 17:04:39.751 : Booking (1037401158-1454063-up) is deleted	[MsgId: MMSG-17999]
    2023-06-18 17:04:45.405 : User is logged out of session	[MsgId: MMSG-17999]
  2023-06-18 17:10:56.082 : IterationNum=6	[MsgId: MMSG-17999]
   USER 6 = user5:pwd5	[MsgId: MMSG-17999]
    2023-06-18 17:10:56.176 : Start page is opened	[MsgId: MMSG-17999]
    2023-06-18 17:11:00.349 : User is logged in with session 136661.827136493HAcQftcpHDDDDDDDtcVHHpcfzt	[MsgId: MMSG-17999]
    2023-06-18 17:11:05.585 : Search page opened	[MsgId: MMSG-17999]
    2023-06-18 17:11:22.691 : Flights found : 011;498;06/21/2023 and 100;559;06/18/2023	[MsgId: MMSG-17999]
    2023-06-18 17:11:22.691 : Sity depart : Denver, Sity arrive : Frankfurt	[MsgId: MMSG-17999]
    2023-06-18 17:11:30.616 : Found Seat Type : Business, Seat Pref : Window	[MsgId: MMSG-17999]
    2023-06-18 17:11:47.309 : Booking is complect	[MsgId: MMSG-17999]
    2023-06-18 17:11:51.631 : Go to Home Page is complete	[MsgId: MMSG-17999]
    2023-06-18 17:11:57.494 : Booking is created : 350370796-846235-up	[MsgId: MMSG-17999]
  2023-06-18 17:12:05.806 : IterationNum=6	[MsgId: MMSG-17999]
   USER 6 = user11:pwd11	[MsgId: MMSG-17999]
    2023-06-18 17:12:05.900 : Start page is opened	[MsgId: MMSG-17999]
    2023-06-18 17:12:09.286 : Booking (350370796-846235-up) is deleted	[MsgId: MMSG-17999]
    2023-06-18 17:12:11.731 : User is logged in with session 136661.8327258HAcQftDpAcAiDDDDtcVHHpcfiVcf	[MsgId: MMSG-17999]
    2023-06-18 17:12:13.199 : User is logged out of session	[MsgId: MMSG-17999]
    2023-06-18 17:12:17.265 : Search page opened	[MsgId: MMSG-17999]
    2023-06-18 17:12:32.398 : Flights found : 671;112;06/21/2023 and 762;119;06/18/2023	[MsgId: MMSG-17999]
    2023-06-18 17:12:32.398 : Sity depart : San Francisco, Sity arrive : Seattle	[MsgId: MMSG-17999]
    2023-06-18 17:12:43.790 : Found Seat Type : Business, Seat Pref : Aisle	[MsgId: MMSG-17999]
    2023-06-18 17:12:57.955 : Booking is complect	[MsgId: MMSG-17999]
    2023-06-18 17:13:02.572 : Go to Home Page is complete	[MsgId: MMSG-17999]
    2023-06-18 17:13:08.750 : Booking is created : 164469300-135556-up	[MsgId: MMSG-17999]
  2023-06-18 17:13:15.842 : IterationNum=6	[MsgId: MMSG-17999]
   USER 6 = user17:pwd17	[MsgId: MMSG-17999]
    2023-06-18 17:13:15.937 : Start page is opened	[MsgId: MMSG-17999]
    2023-06-18 17:13:17.816 : Booking (164469300-135556-up) is deleted	[MsgId: MMSG-17999]
    2023-06-18 17:13:21.500 : User is logged in with session 136661.838396112HAcQftDpDVcftcVHHpcfQiHf	[MsgId: MMSG-17999]
    2023-06-18 17:13:22.109 : User is logged out of session	[MsgId: MMSG-17999]
    2023-06-18 17:13:26.813 : Search page opened	[MsgId: MMSG-17999]
    2023-06-18 17:13:38.848 : Flights found : 463;509;06/21/2023 and 640;622;06/18/2023	[MsgId: MMSG-17999]
    2023-06-18 17:13:38.848 : Sity depart : Paris, Sity arrive : San Francisco	[MsgId: MMSG-17999]
    2023-06-18 17:13:47.553 : Found Seat Type : Coach, Seat Pref : Window	[MsgId: MMSG-17999]
    2023-06-18 17:14:06.207 : Booking is complect	[MsgId: MMSG-17999]
    2023-06-18 17:14:12.469 : Go to Home Page is complete	[MsgId: MMSG-17999]
    2023-06-18 17:14:17.127 : Booking is created : 302980129-1261625-up	[MsgId: MMSG-17999]
    2023-06-18 17:14:25.723 : Booking (302980129-1261625-up) is deleted	[MsgId: MMSG-17999]
  2023-06-18 17:14:25.843 : IterationNum=6	[MsgId: MMSG-17999]
   USER 6 = user23:pwd23	[MsgId: MMSG-17999]
    2023-06-18 17:14:25.937 : Start page is opened	[MsgId: MMSG-17999]
    2023-06-18 17:14:30.626 : User is logged out of session	[MsgId: MMSG-17999]
    2023-06-18 17:14:32.205 : User is logged in with session 136661.844066424HAcQftDpzAtVzzzHtcVHHpczVzcf	[MsgId: MMSG-17999]
    2023-06-18 17:14:36.297 : Search page opened	[MsgId: MMSG-17999]
    2023-06-18 17:14:48.388 : Flights found : 713;783;06/21/2023 and 172;904;06/18/2023	[MsgId: MMSG-17999]
    2023-06-18 17:14:48.388 : Sity depart : Seattle, Sity arrive : Frankfurt	[MsgId: MMSG-17999]
    2023-06-18 17:14:57.943 : Found Seat Type : First, Seat Pref : None	[MsgId: MMSG-17999]
    2023-06-18 17:15:14.796 : Booking is complect	[MsgId: MMSG-17999]
    2023-06-18 17:15:20.854 : Go to Home Page is complete	[MsgId: MMSG-17999]
    2023-06-18 17:15:24.903 : Booking is created : 251137547-901668-up	[MsgId: MMSG-17999]
    2023-06-18 17:15:32.836 : Booking (251137547-901668-up) is deleted	[MsgId: MMSG-17999]
  2023-06-18 17:15:35.849 : IterationNum=6	[MsgId: MMSG-17999]
   USER 6 = user29:pwd29	[MsgId: MMSG-17999]
    2023-06-18 17:15:35.943 : Start page is opened	[MsgId: MMSG-17999]
    2023-06-18 17:15:36.834 : User is logged out of session	[MsgId: MMSG-17999]
    2023-06-18 17:15:40.570 : User is logged in with session 136661.849736736HAcQftDpiQfiDDDDtcVHHpczDDHf	[MsgId: MMSG-17999]
    2023-06-18 17:15:45.228 : Search page opened	[MsgId: MMSG-17999]
    2023-06-18 17:16:00.269 : Flights found : 531;330;06/21/2023 and 351;330;06/18/2023	[MsgId: MMSG-17999]
    2023-06-18 17:16:00.269 : Sity depart : Portland, Sity arrive : Los Angeles	[MsgId: MMSG-17999]
    2023-06-18 17:16:08.132 : Found Seat Type : First, Seat Pref : Aisle	[MsgId: MMSG-17999]
    2023-06-18 17:16:20.560 : Booking is complect	[MsgId: MMSG-17999]
    2023-06-18 17:16:26.693 : Go to Home Page is complete	[MsgId: MMSG-17999]
    2023-06-18 17:16:31.023 : Booking is created : 123723382-103973-up	[MsgId: MMSG-17999]
    2023-06-18 17:16:40.584 : Booking (123723382-103973-up) is deleted	[MsgId: MMSG-17999]
    2023-06-18 17:16:46.772 : User is logged out of session	[MsgId: MMSG-17999]
  2023-06-18 17:22:56.083 : IterationNum=7	[MsgId: MMSG-17999]
   USER 7 = user5:pwd5	[MsgId: MMSG-17999]
    2023-06-18 17:22:56.177 : Start page is opened	[MsgId: MMSG-17999]
    2023-06-18 17:23:02.132 : User is logged in with session 136661.8854597HAcQftfpHDDDDDDDtcVHHpcHtt	[MsgId: MMSG-17999]
    2023-06-18 17:23:07.049 : Search page opened	[MsgId: MMSG-17999]
    2023-06-18 17:23:18.479 : Flights found : 271;503;06/21/2023 and 723;462;06/18/2023	[MsgId: MMSG-17999]
    2023-06-18 17:23:18.479 : Sity depart : London, Sity arrive : Seattle	[MsgId: MMSG-17999]
    2023-06-18 17:23:28.501 : Found Seat Type : Coach, Seat Pref : Aisle	[MsgId: MMSG-17999]
    2023-06-18 17:23:43.600 : Booking is complect	[MsgId: MMSG-17999]
    2023-06-18 17:23:47.767 : Go to Home Page is complete	[MsgId: MMSG-17999]
    2023-06-18 17:23:53.537 : Booking is created : 350380426-132612-up	[MsgId: MMSG-17999]
    2023-06-18 17:24:04.568 : Booking (350380426-132612-up) is deleted	[MsgId: MMSG-17999]
  2023-06-18 17:24:05.810 : IterationNum=7	[MsgId: MMSG-17999]
   USER 7 = user11:pwd11	[MsgId: MMSG-17999]
    2023-06-18 17:24:05.904 : Start page is opened	[MsgId: MMSG-17999]
    2023-06-18 17:24:09.327 : User is logged out of session	[MsgId: MMSG-17999]
    2023-06-18 17:24:10.437 : User is logged in with session 136661.891049008HAcQftzpAcAiDDDDtcVHHpcHzVcf	[MsgId: MMSG-17999]
    2023-06-18 17:24:16.079 : Search page opened	[MsgId: MMSG-17999]
    2023-06-18 17:24:31.190 : Flights found : 563;116;06/21/2023 and 652;134;06/18/2023	[MsgId: MMSG-17999]
    2023-06-18 17:24:31.190 : Sity depart : Portland, Sity arrive : San Francisco	[MsgId: MMSG-17999]
    2023-06-18 17:24:39.742 : Found Seat Type : First, Seat Pref : Window	[MsgId: MMSG-17999]
    2023-06-18 17:24:51.416 : Booking is complect	[MsgId: MMSG-17999]
    2023-06-18 17:24:55.996 : Go to Home Page is complete	[MsgId: MMSG-17999]
    2023-06-18 17:25:01.231 : Booking is created : 164465300-127096-up	[MsgId: MMSG-17999]
    2023-06-18 17:25:10.414 : Booking (164465300-127096-up) is deleted	[MsgId: MMSG-17999]
    2023-06-18 17:25:15.411 : User is logged out of session	[MsgId: MMSG-17999]
  2023-06-18 17:25:15.848 : IterationNum=7	[MsgId: MMSG-17999]
   USER 7 = user17:pwd17	[MsgId: MMSG-17999]
    2023-06-18 17:25:15.942 : Start page is opened	[MsgId: MMSG-17999]
    2023-06-18 17:25:20.287 : User is logged in with session 136661.89671932HAcQftzpDVcftcVHHpcHHiHf	[MsgId: MMSG-17999]
    2023-06-18 17:25:25.272 : Search page opened	[MsgId: MMSG-17999]
    2023-06-18 17:25:38.959 : Flights found : 820;2701;06/21/2023 and 280;2701;06/18/2023	[MsgId: MMSG-17999]
    2023-06-18 17:25:38.959 : Sity depart : Sydney, Sity arrive : London	[MsgId: MMSG-17999]
    2023-06-18 17:25:48.709 : Found Seat Type : First, Seat Pref : Window	[MsgId: MMSG-17999]
    2023-06-18 17:26:01.478 : Booking is complect	[MsgId: MMSG-17999]
    2023-06-18 17:26:06.925 : Go to Home Page is complete	[MsgId: MMSG-17999]
    2023-06-18 17:26:11.975 : Booking is created : 3029933433-985030-up	[MsgId: MMSG-17999]
    2023-06-18 17:26:20.693 : Booking (3029933433-985030-up) is deleted	[MsgId: MMSG-17999]
    2023-06-18 17:26:25.611 : User is logged out of session	[MsgId: MMSG-17999]
  2023-06-18 17:26:25.846 : IterationNum=7	[MsgId: MMSG-17999]
   USER 7 = user23:pwd23	[MsgId: MMSG-17999]
    2023-06-18 17:26:25.940 : Start page is opened	[MsgId: MMSG-17999]
    2023-06-18 17:26:31.365 : User is logged in with session 136661.902389631HAcQftzpzAtVzzzHtcVHHpcHQzcf	[MsgId: MMSG-17999]
    2023-06-18 17:26:37.491 : Search page opened	[MsgId: MMSG-17999]
    2023-06-18 17:26:52.047 : Flights found : 933;531;06/21/2023 and 390;752;06/18/2023	[MsgId: MMSG-17999]
    2023-06-18 17:26:52.047 : Sity depart : Zurich, Sity arrive : Los Angeles	[MsgId: MMSG-17999]
    2023-06-18 17:26:59.909 : Found Seat Type : First, Seat Pref : Window	[MsgId: MMSG-17999]
    2023-06-18 17:27:13.865 : Booking is complect	[MsgId: MMSG-17999]
    2023-06-18 17:27:19.877 : Go to Home Page is complete	[MsgId: MMSG-17999]
    2023-06-18 17:27:25.425 : Booking is created : 251145686-1069329-up	[MsgId: MMSG-17999]
    2023-06-18 17:27:34.797 : Booking (251145686-1069329-up) is deleted	[MsgId: MMSG-17999]
    2023-06-18 17:27:39.655 : User is logged out of session	[MsgId: MMSG-17999]
