  2023-06-12 18:10:42.268 : IterationNum=1	[MsgId: MMSG-17999]
   USER 1 = jojo:bean	[MsgId: MMSG-17999]
    2023-06-12 18:10:42.388 : Start page is opened	[MsgId: MMSG-17999]
    2023-06-12 18:10:48.159 : User is logged in with session 136620.12490887HAcHDQHpzHftcVztpDizAf	[MsgId: MMSG-17999]
    2023-06-12 18:10:53.519 : Search page opened	[MsgId: MMSG-17999]
    2023-06-12 18:11:07.062 : Flights found : 101;644;06/15/2023 and 013;592;06/12/2023	[MsgId: MMSG-17999]
    2023-06-12 18:11:07.062 : Sity depart : Frankfurt, Sity arrive : Denver	[MsgId: MMSG-17999]
    2023-06-12 18:11:15.373 : Found Seat Type : First, Seat Pref : Window	[MsgId: MMSG-17999]
    2023-06-12 18:11:31.736 : Booking is complect	[MsgId: MMSG-17999]
    2023-06-12 18:11:35.701 : Go to Home Page is complete	[MsgId: MMSG-17999]
    2023-06-12 18:11:39.667 : Booking is created : 308892653-779325-jb	[MsgId: MMSG-17999]
    2023-06-12 18:11:51.262 : Booking (308892653-779325-jb) is deleted	[MsgId: MMSG-17999]
    2023-06-12 18:11:56.572 : User is logged out of session	[MsgId: MMSG-17999]
  2023-06-12 18:13:22.275 : IterationNum=2	[MsgId: MMSG-17999]
   USER 2 = user1:pwd1	[MsgId: MMSG-17999]
    2023-06-12 18:13:22.367 : Start page is opened	[MsgId: MMSG-17999]
    2023-06-12 18:13:27.382 : User is logged in with session 136620.137869583HAcHDQipDtVzzzzHtcVztpDQAAf	[MsgId: MMSG-17999]
    2023-06-12 18:13:33.395 : Search page opened	[MsgId: MMSG-17999]
    2023-06-12 18:13:44.833 : Flights found : 500;515;06/15/2023 and 052;487;06/12/2023	[MsgId: MMSG-17999]
    2023-06-12 18:13:44.833 : Sity depart : Portland, Sity arrive : Denver	[MsgId: MMSG-17999]
    2023-06-12 18:13:53.297 : Found Seat Type : First, Seat Pref : Aisle	[MsgId: MMSG-17999]
    2023-06-12 18:14:10.732 : Booking is complect	[MsgId: MMSG-17999]
    2023-06-12 18:14:16.356 : Go to Home Page is complete	[MsgId: MMSG-17999]
    2023-06-12 18:14:21.966 : Booking is created : 306314833-809307-up	[MsgId: MMSG-17999]
    2023-06-12 18:14:29.617 : Booking (306314833-809307-up) is deleted	[MsgId: MMSG-17999]
    2023-06-12 18:14:33.788 : User is logged out of session	[MsgId: MMSG-17999]
  2023-06-12 18:16:02.275 : IterationNum=3	[MsgId: MMSG-17999]
   USER 3 = user2:pwd2	[MsgId: MMSG-17999]
    2023-06-12 18:16:02.383 : Start page is opened	[MsgId: MMSG-17999]
    2023-06-12 18:16:07.740 : User is logged in with session 136620.150830296HAcHDQQpAAiDDDDDtcVztpDQtAf	[MsgId: MMSG-17999]
    2023-06-12 18:16:13.415 : Search page opened	[MsgId: MMSG-17999]
    2023-06-12 18:16:27.435 : Flights found : 213;408;06/15/2023 and 120;499;06/12/2023	[MsgId: MMSG-17999]
    2023-06-12 18:16:27.435 : Sity depart : London, Sity arrive : Frankfurt	[MsgId: MMSG-17999]
    2023-06-12 18:16:38.113 : Found Seat Type : First, Seat Pref : None	[MsgId: MMSG-17999]
    2023-06-12 18:16:52.224 : Booking is complect	[MsgId: MMSG-17999]
    2023-06-12 18:16:56.344 : Go to Home Page is complete	[MsgId: MMSG-17999]
    2023-06-12 18:17:01.469 : Booking is created : 340378274-86223-up	[MsgId: MMSG-17999]
    2023-06-12 18:17:13.237 : Booking (340378274-86223-up) is deleted	[MsgId: MMSG-17999]
    2023-06-12 18:17:18.113 : User is logged out of session	[MsgId: MMSG-17999]
  2023-06-12 18:18:42.030 : IterationNum=1	[MsgId: MMSG-17999]
   USER 1 = user7:pwd7	[MsgId: MMSG-17999]
    2023-06-12 18:18:42.127 : Start page is opened	[MsgId: MMSG-17999]
  2023-06-12 18:18:42.280 : IterationNum=4	[MsgId: MMSG-17999]
   USER 4 = user3:pwd3	[MsgId: MMSG-17999]
    2023-06-12 18:18:42.389 : Start page is opened	[MsgId: MMSG-17999]
    2023-06-12 18:18:46.302 : User is logged in with session 136620.163791009HAcHDQQpzHftcVztpDQiAf	[MsgId: MMSG-17999]
    2023-06-12 18:18:48.387 : User is logged in with session 136620.163791009HAcHDQQpzHftcVztpDQiAf	[MsgId: MMSG-17999]
    2023-06-12 18:18:50.835 : Search page opened	[MsgId: MMSG-17999]
    2023-06-12 18:18:53.799 : Search page opened	[MsgId: MMSG-17999]
    2023-06-12 18:19:06.624 : Flights found : 891;956;06/15/2023 and 981;956;06/12/2023	[MsgId: MMSG-17999]
    2023-06-12 18:19:06.624 : Sity depart : Sydney, Sity arrive : Zurich	[MsgId: MMSG-17999]
    2023-06-12 18:19:09.696 : Flights found : 433;673;06/15/2023 and 340;822;06/12/2023	[MsgId: MMSG-17999]
    2023-06-12 18:19:09.697 : Sity depart : Paris, Sity arrive : Los Angeles	[MsgId: MMSG-17999]
    2023-06-12 18:19:14.774 : Found Seat Type : Coach, Seat Pref : Window	[MsgId: MMSG-17999]
    2023-06-12 18:19:17.736 : Found Seat Type : First, Seat Pref : Window	[MsgId: MMSG-17999]
    2023-06-12 18:19:32.506 : Booking is complect	[MsgId: MMSG-17999]
    2023-06-12 18:19:32.778 : Booking is complect	[MsgId: MMSG-17999]
    2023-06-12 18:19:36.807 : Go to Home Page is complete	[MsgId: MMSG-17999]
    2023-06-12 18:19:38.513 : Go to Home Page is complete	[MsgId: MMSG-17999]
    2023-06-12 18:19:41.635 : Booking is created : 154090136-1030884-up	[MsgId: MMSG-17999]
    2023-06-12 18:19:44.834 : Booking is created : 76699702-1523993-up	[MsgId: MMSG-17999]
    2023-06-12 18:19:51.718 : Booking (154090136-1030884-up) is deleted	[MsgId: MMSG-17999]
    2023-06-12 18:19:54.605 : Booking (76699702-1523993-up) is deleted	[MsgId: MMSG-17999]
    2023-06-12 18:19:58.069 : User is logged out of session	[MsgId: MMSG-17999]
    2023-06-12 18:19:58.538 : User is logged out of session	[MsgId: MMSG-17999]
  2023-06-12 18:21:22.035 : IterationNum=2	[MsgId: MMSG-17999]
   USER 2 = user8:pwd8	[MsgId: MMSG-17999]
    2023-06-12 18:21:22.129 : Start page is opened	[MsgId: MMSG-17999]
  2023-06-12 18:21:22.284 : IterationNum=5	[MsgId: MMSG-17999]
   USER 5 = user4:pwd4	[MsgId: MMSG-17999]
    2023-06-12 18:21:22.377 : Start page is opened	[MsgId: MMSG-17999]
    2023-06-12 18:21:26.436 : User is logged in with session 136620.176751721HAcHtAApDtVzzzzHtcVztptAcAf	[MsgId: MMSG-17999]
    2023-06-12 18:21:27.046 : User is logged in with session 136620.176751721HAcHtAApDtVzzzzHtcVztptAcAf	[MsgId: MMSG-17999]
    2023-06-12 18:21:31.067 : Search page opened	[MsgId: MMSG-17999]
    2023-06-12 18:21:32.867 : Search page opened	[MsgId: MMSG-17999]
    2023-06-12 18:21:44.214 : Flights found : 270;565;06/15/2023 and 722;534;06/12/2023	[MsgId: MMSG-17999]
    2023-06-12 18:21:44.214 : Sity depart : London, Sity arrive : Seattle	[MsgId: MMSG-17999]
    2023-06-12 18:21:48.138 : Flights found : 860;735;06/15/2023 and 682;695;06/12/2023	[MsgId: MMSG-17999]
    2023-06-12 18:21:48.138 : Sity depart : Sydney, Sity arrive : San Francisco	[MsgId: MMSG-17999]
    2023-06-12 18:21:55.012 : Found Seat Type : Coach, Seat Pref : Aisle	[MsgId: MMSG-17999]
    2023-06-12 18:21:58.049 : Found Seat Type : Coach, Seat Pref : None	[MsgId: MMSG-17999]
    2023-06-12 18:22:11.925 : Booking is complect	[MsgId: MMSG-17999]
    2023-06-12 18:22:15.838 : Booking is complect	[MsgId: MMSG-17999]
    2023-06-12 18:22:17.764 : Go to Home Page is complete	[MsgId: MMSG-17999]
    2023-06-12 18:22:19.989 : Go to Home Page is complete	[MsgId: MMSG-17999]
    2023-06-12 18:22:22.719 : Booking is created : 150010020-1324699-up	[MsgId: MMSG-17999]
    2023-06-12 18:22:24.372 : Booking is created : 365587434-1293956-up	[MsgId: MMSG-17999]
    2023-06-12 18:22:33.100 : Booking (365587434-1293956-up) is deleted	[MsgId: MMSG-17999]
    2023-06-12 18:22:34.937 : Booking (150010020-1324699-up) is deleted	[MsgId: MMSG-17999]
    2023-06-12 18:22:37.897 : User is logged out of session	[MsgId: MMSG-17999]
    2023-06-12 18:22:40.047 : User is logged out of session	[MsgId: MMSG-17999]
  2023-06-12 18:24:02.040 : IterationNum=3	[MsgId: MMSG-17999]
   USER 3 = user9:pwd9	[MsgId: MMSG-17999]
    2023-06-12 18:24:02.132 : Start page is opened	[MsgId: MMSG-17999]
  2023-06-12 18:24:02.288 : IterationNum=6	[MsgId: MMSG-17999]
   USER 6 = user5:pwd5	[MsgId: MMSG-17999]
    2023-06-12 18:24:02.381 : Start page is opened	[MsgId: MMSG-17999]
    2023-06-12 18:24:07.861 : User is logged in with session 136620.189712434HAcHtAVpAAiDDDDDtcVztptAzAf	[MsgId: MMSG-17999]
    2023-06-12 18:24:07.953 : User is logged in with session 136620.189712434HAcHtAVpAAiDDDDDtcVztptAzAf	[MsgId: MMSG-17999]
    2023-06-12 18:24:12.398 : Search page opened	[MsgId: MMSG-17999]
    2023-06-12 18:24:13.564 : Search page opened	[MsgId: MMSG-17999]
    2023-06-12 18:24:23.731 : Flights found : 460;1167;06/15/2023 and 643;955;06/12/2023	[MsgId: MMSG-17999]
    2023-06-12 18:24:23.731 : Sity depart : Paris, Sity arrive : San Francisco	[MsgId: MMSG-17999]
    2023-06-12 18:24:27.112 : Flights found : 470;1122;06/15/2023 and 743;918;06/12/2023	[MsgId: MMSG-17999]
    2023-06-12 18:24:27.112 : Sity depart : Paris, Sity arrive : Seattle	[MsgId: MMSG-17999]
    2023-06-12 18:24:33.958 : Found Seat Type : First, Seat Pref : Window	[MsgId: MMSG-17999]
    2023-06-12 18:24:38.573 : Found Seat Type : First, Seat Pref : Aisle	[MsgId: MMSG-17999]
    2023-06-12 18:24:49.116 : Booking is complect	[MsgId: MMSG-17999]
    2023-06-12 18:24:50.939 : Booking is complect	[MsgId: MMSG-17999]
    2023-06-12 18:24:54.322 : Go to Home Page is complete	[MsgId: MMSG-17999]
    2023-06-12 18:24:56.276 : Go to Home Page is complete	[MsgId: MMSG-17999]
    2023-06-12 18:24:59.747 : Booking is created : 3503874117-1264009-up	[MsgId: MMSG-17999]
    2023-06-12 18:25:00.583 : Booking is created : 855729671-1340926-up	[MsgId: MMSG-17999]
    2023-06-12 18:25:08.552 : Booking (3503874117-1264009-up) is deleted	[MsgId: MMSG-17999]
    2023-06-12 18:25:12.901 : Booking (855729671-1340926-up) is deleted	[MsgId: MMSG-17999]
    2023-06-12 18:25:13.130 : User is logged out of session	[MsgId: MMSG-17999]
    2023-06-12 18:25:17.397 : User is logged out of session	[MsgId: MMSG-17999]
  2023-06-12 18:26:42.053 : IterationNum=1	[MsgId: MMSG-17999]
   USER 1 = user14:pwd14	[MsgId: MMSG-17999]
  2023-06-12 18:26:42.054 : IterationNum=4	[MsgId: MMSG-17999]
   USER 4 = user10:pwd10	[MsgId: MMSG-17999]
    2023-06-12 18:26:42.147 : Start page is opened	[MsgId: MMSG-17999]
    2023-06-12 18:26:42.147 : Start page is opened	[MsgId: MMSG-17999]
  2023-06-12 18:26:42.328 : IterationNum=7	[MsgId: MMSG-17999]
   USER 7 = user6:pwd6	[MsgId: MMSG-17999]
    2023-06-12 18:26:42.428 : Start page is opened	[MsgId: MMSG-17999]
    2023-06-12 18:26:46.227 : User is logged in with session 136620.202673147HAcHtAVpzHftcVztptVAAf	[MsgId: MMSG-17999]
    2023-06-12 18:26:46.666 : User is logged in with session 136620.202673147HAcHtAVpzHftcVztptVAAf	[MsgId: MMSG-17999]
    2023-06-12 18:26:46.991 : User is logged in with session 136620.202673147HAcHtAVpzHftcVztptVAAf	[MsgId: MMSG-17999]
    2023-06-12 18:26:51.049 : Search page opened	[MsgId: MMSG-17999]
    2023-06-12 18:26:51.752 : Search page opened	[MsgId: MMSG-17999]
    2023-06-12 18:26:52.161 : Search page opened	[MsgId: MMSG-17999]
    2023-06-12 18:27:03.751 : Flights found : 213;315;06/15/2023 and 122;364;06/12/2023	[MsgId: MMSG-17999]
    2023-06-12 18:27:03.751 : Sity depart : London, Sity arrive : Frankfurt	[MsgId: MMSG-17999]
    2023-06-12 18:27:04.107 : Flights found : 601;261;06/15/2023 and 060;293;06/12/2023	[MsgId: MMSG-17999]
    2023-06-12 18:27:04.107 : Sity depart : San Francisco, Sity arrive : Denver	[MsgId: MMSG-17999]
    2023-06-12 18:27:05.010 : Flights found : 913;234;06/15/2023 and 193;234;06/12/2023	[MsgId: MMSG-17999]
    2023-06-12 18:27:05.010 : Sity depart : Zurich, Sity arrive : Frankfurt	[MsgId: MMSG-17999]
    2023-06-12 18:27:13.922 : Found Seat Type : Business, Seat Pref : Window	[MsgId: MMSG-17999]
    2023-06-12 18:27:15.447 : Found Seat Type : Business, Seat Pref : Window	[MsgId: MMSG-17999]
    2023-06-12 18:27:15.878 : Found Seat Type : Business, Seat Pref : Aisle	[MsgId: MMSG-17999]
    2023-06-12 18:27:30.384 : Booking is complect	[MsgId: MMSG-17999]
    2023-06-12 18:27:32.945 : Booking is complect	[MsgId: MMSG-17999]
    2023-06-12 18:27:34.308 : Booking is complect	[MsgId: MMSG-17999]
    2023-06-12 18:27:34.775 : Go to Home Page is complete	[MsgId: MMSG-17999]
    2023-06-12 18:27:37.718 : Go to Home Page is complete	[MsgId: MMSG-17999]
    2023-06-12 18:27:38.917 : Go to Home Page is complete	[MsgId: MMSG-17999]
    2023-06-12 18:27:39.246 : Booking is created : 82970863-86359-up	[MsgId: MMSG-17999]
    2023-06-12 18:27:44.084 : Booking is created : 332996786-91805-up	[MsgId: MMSG-17999]
    2023-06-12 18:27:44.363 : Booking is created : 320022268-81581-up	[MsgId: MMSG-17999]
    2023-06-12 18:27:50.445 : Booking (82970863-86359-up) is deleted	[MsgId: MMSG-17999]
    2023-06-12 18:27:52.633 : Booking (320022268-81581-up) is deleted	[MsgId: MMSG-17999]
    2023-06-12 18:27:55.013 : Booking (332996786-91805-up) is deleted	[MsgId: MMSG-17999]
    2023-06-12 18:27:56.191 : User is logged out of session	[MsgId: MMSG-17999]
    2023-06-12 18:27:57.742 : User is logged out of session	[MsgId: MMSG-17999]
    2023-06-12 18:28:01.364 : User is logged out of session	[MsgId: MMSG-17999]
  2023-06-12 18:29:22.062 : IterationNum=5	[MsgId: MMSG-17999]
  2023-06-12 18:29:22.062 : IterationNum=2	[MsgId: MMSG-17999]
   USER 5 = user11:pwd11	[MsgId: MMSG-17999]
   USER 2 = user15:pwd15	[MsgId: MMSG-17999]
    2023-06-12 18:29:22.155 : Start page is opened	[MsgId: MMSG-17999]
    2023-06-12 18:29:22.155 : Start page is opened	[MsgId: MMSG-17999]
  2023-06-12 18:29:22.341 : IterationNum=8	[MsgId: MMSG-17999]
   USER 8 = user6:pwd6	[MsgId: MMSG-17999]
    2023-06-12 18:29:22.434 : Start page is opened	[MsgId: MMSG-17999]
    2023-06-12 18:29:26.939 : User is logged in with session 136620.21563386HAcHtAcpDtVzzzzHtcVztptVtAf	[MsgId: MMSG-17999]
    2023-06-12 18:29:27.392 : User is logged in with session 136620.21563386HAcHtAcpDtVzzzzHtcVztptVtAf	[MsgId: MMSG-17999]
    2023-06-12 18:29:28.787 : User is logged in with session 136620.21563386HAcHtAcpDtVzzzzHtcVztptVtAf	[MsgId: MMSG-17999]
    2023-06-12 18:29:31.443 : Search page opened	[MsgId: MMSG-17999]
    2023-06-12 18:29:31.785 : Search page opened	[MsgId: MMSG-17999]
    2023-06-12 18:29:34.051 : Search page opened	[MsgId: MMSG-17999]
    2023-06-12 18:29:44.440 : Flights found : 052;377;06/15/2023 and 503;326;06/12/2023	[MsgId: MMSG-17999]
    2023-06-12 18:29:44.440 : Sity depart : Denver, Sity arrive : Portland	[MsgId: MMSG-17999]
    2023-06-12 18:29:47.739 : Flights found : 583;658;06/15/2023 and 851;717;06/12/2023	[MsgId: MMSG-17999]
    2023-06-12 18:29:47.739 : Sity depart : Portland, Sity arrive : Sydney	[MsgId: MMSG-17999]
    2023-06-12 18:29:48.423 : Flights found : 472;1060;06/15/2023 and 742;1060;06/12/2023	[MsgId: MMSG-17999]
    2023-06-12 18:29:48.423 : Sity depart : Paris, Sity arrive : Seattle	[MsgId: MMSG-17999]
    2023-06-12 18:29:54.713 : Found Seat Type : Business, Seat Pref : Window	[MsgId: MMSG-17999]
    2023-06-12 18:29:56.863 : Found Seat Type : First, Seat Pref : None	[MsgId: MMSG-17999]
    2023-06-12 18:29:59.681 : Found Seat Type : Coach, Seat Pref : Window	[MsgId: MMSG-17999]
    2023-06-12 18:30:09.421 : Booking is complect	[MsgId: MMSG-17999]
    2023-06-12 18:30:12.242 : Booking is complect	[MsgId: MMSG-17999]
    2023-06-12 18:30:15.127 : Booking is complect	[MsgId: MMSG-17999]
    2023-06-12 18:30:15.443 : Go to Home Page is complete	[MsgId: MMSG-17999]
    2023-06-12 18:30:17.023 : Go to Home Page is complete	[MsgId: MMSG-17999]
    2023-06-12 18:30:20.504 : Go to Home Page is complete	[MsgId: MMSG-17999]
    2023-06-12 18:30:21.575 : Booking is created : 35927865-115669-up	[MsgId: MMSG-17999]
    2023-06-12 18:30:21.621 : Booking is created : 1644619298-1340163-up	[MsgId: MMSG-17999]
    2023-06-12 18:30:25.995 : Booking is created : 332984579-1423951-up	[MsgId: MMSG-17999]
    2023-06-12 18:30:30.180 : Booking (35927865-115669-up) is deleted	[MsgId: MMSG-17999]
    2023-06-12 18:30:32.975 : Booking (1644619298-1340163-up) is deleted	[MsgId: MMSG-17999]
    2023-06-12 18:30:34.432 : Booking (332984579-1423951-up) is deleted	[MsgId: MMSG-17999]
    2023-06-12 18:30:35.836 : User is logged out of session	[MsgId: MMSG-17999]
    2023-06-12 18:30:38.774 : User is logged out of session	[MsgId: MMSG-17999]
    2023-06-12 18:30:38.923 : User is logged out of session	[MsgId: MMSG-17999]
  2023-06-12 18:32:02.074 : IterationNum=3	[MsgId: MMSG-17999]
  2023-06-12 18:32:02.074 : IterationNum=6	[MsgId: MMSG-17999]
   USER 3 = user16:pwd16	[MsgId: MMSG-17999]
   USER 6 = user12:pwd12	[MsgId: MMSG-17999]
    2023-06-12 18:32:02.168 : Start page is opened	[MsgId: MMSG-17999]
    2023-06-12 18:32:02.168 : Start page is opened	[MsgId: MMSG-17999]
  2023-06-12 18:32:02.355 : IterationNum=9	[MsgId: MMSG-17999]
   USER 9 = user6:pwd6	[MsgId: MMSG-17999]
    2023-06-12 18:32:02.446 : Start page is opened	[MsgId: MMSG-17999]
    2023-06-12 18:32:07.612 : User is logged in with session 136620.228594573HAcHtADpAAiDDDDDtcVztptViAf	[MsgId: MMSG-17999]
    2023-06-12 18:32:08.142 : User is logged in with session 136620.228594573HAcHtADpAAiDDDDDtcVztptViAf	[MsgId: MMSG-17999]
    2023-06-12 18:32:08.608 : User is logged in with session 136620.228594573HAcHtADpAAiDDDDDtcVztptViAf	[MsgId: MMSG-17999]
    2023-06-12 18:32:11.892 : Search page opened	[MsgId: MMSG-17999]
    2023-06-12 18:32:13.416 : Search page opened	[MsgId: MMSG-17999]
    2023-06-12 18:32:13.774 : Search page opened	[MsgId: MMSG-17999]
    2023-06-12 18:32:29.134 : Flights found : 840;2071;06/15/2023 and 483;1695;06/12/2023	[MsgId: MMSG-17999]
    2023-06-12 18:32:29.134 : Sity depart : Sydney, Sity arrive : Paris	[MsgId: MMSG-17999]
    2023-06-12 18:32:30.853 : Flights found : 103;592;06/15/2023 and 012;684;06/12/2023	[MsgId: MMSG-17999]
    2023-06-12 18:32:30.853 : Sity depart : Frankfurt, Sity arrive : Denver	[MsgId: MMSG-17999]
    2023-06-12 18:32:31.703 : Flights found : 890;2013;06/15/2023 and 980;2013;06/12/2023	[MsgId: MMSG-17999]
    2023-06-12 18:32:31.703 : Sity depart : Sydney, Sity arrive : Zurich	[MsgId: MMSG-17999]
    2023-06-12 18:32:39.117 : Found Seat Type : First, Seat Pref : Window	[MsgId: MMSG-17999]
    2023-06-12 18:32:39.460 : Found Seat Type : First, Seat Pref : Window	[MsgId: MMSG-17999]
    2023-06-12 18:32:41.378 : Found Seat Type : Business, Seat Pref : Window	[MsgId: MMSG-17999]
    2023-06-12 18:32:50.904 : Booking is complect	[MsgId: MMSG-17999]
    2023-06-12 18:32:55.987 : Go to Home Page is complete	[MsgId: MMSG-17999]
    2023-06-12 18:32:56.470 : Booking is complect	[MsgId: MMSG-17999]
    2023-06-12 18:32:57.245 : Booking is complect	[MsgId: MMSG-17999]
    2023-06-12 18:33:01.641 : Go to Home Page is complete	[MsgId: MMSG-17999]
    2023-06-12 18:33:02.248 : Booking is created : 242226058-778559-up	[MsgId: MMSG-17999]
    2023-06-12 18:33:03.271 : Go to Home Page is complete	[MsgId: MMSG-17999]
    2023-06-12 18:33:06.682 : Booking is created : 3381792669-1141058-up	[MsgId: MMSG-17999]
    2023-06-12 18:33:07.677 : Booking is created : 3329959333-1523386-up	[MsgId: MMSG-17999]
    2023-06-12 18:33:14.520 : Booking (242226058-778559-up) is deleted	[MsgId: MMSG-17999]
    2023-06-12 18:33:18.643 : Booking (3381792669-1141058-up) is deleted	[MsgId: MMSG-17999]
    2023-06-12 18:33:19.078 : Booking (3329959333-1523386-up) is deleted	[MsgId: MMSG-17999]
    2023-06-12 18:33:19.784 : User is logged out of session	[MsgId: MMSG-17999]
    2023-06-12 18:33:23.874 : User is logged out of session	[MsgId: MMSG-17999]
    2023-06-12 18:33:24.088 : User is logged out of session	[MsgId: MMSG-17999]
  2023-06-12 18:34:42.069 : IterationNum=1	[MsgId: MMSG-17999]
   USER 1 = user21:pwd21	[MsgId: MMSG-17999]
  2023-06-12 18:34:42.087 : IterationNum=7	[MsgId: MMSG-17999]
  2023-06-12 18:34:42.087 : IterationNum=4	[MsgId: MMSG-17999]
   USER 4 = user17:pwd17	[MsgId: MMSG-17999]
   USER 7 = user13:pwd13	[MsgId: MMSG-17999]
    2023-06-12 18:34:42.166 : Start page is opened	[MsgId: MMSG-17999]
    2023-06-12 18:34:42.181 : Start page is opened	[MsgId: MMSG-17999]
    2023-06-12 18:34:42.197 : Start page is opened	[MsgId: MMSG-17999]
  2023-06-12 18:34:42.370 : IterationNum=10	[MsgId: MMSG-17999]
   USER 10 = user6:pwd6	[MsgId: MMSG-17999]
    2023-06-12 18:34:42.515 : Start page is opened	[MsgId: MMSG-17999]
    2023-06-12 18:34:46.323 : User is logged in with session 136620.241555286HAcHtADpzHftcVztptccAf	[MsgId: MMSG-17999]
    2023-06-12 18:34:46.811 : User is logged in with session 136620.241555286HAcHtADpzHftcVztptccAf	[MsgId: MMSG-17999]
    2023-06-12 18:34:47.048 : User is logged in with session 136620.241555286HAcHtADpzHftcVztptccAf	[MsgId: MMSG-17999]
    2023-06-12 18:34:47.807 : User is logged in with session 136620.241555286HAcHtADpzHftcVztptccAf	[MsgId: MMSG-17999]
    2023-06-12 18:34:50.899 : Search page opened	[MsgId: MMSG-17999]
    2023-06-12 18:34:51.693 : Search page opened	[MsgId: MMSG-17999]
    2023-06-12 18:34:52.614 : Search page opened	[MsgId: MMSG-17999]
    2023-06-12 18:34:53.145 : Search page opened	[MsgId: MMSG-17999]
    2023-06-12 18:35:05.542 : Flights found : 390;752;06/15/2023 and 932;614;06/12/2023	[MsgId: MMSG-17999]
    2023-06-12 18:35:05.542 : Sity depart : Los Angeles, Sity arrive : Zurich	[MsgId: MMSG-17999]
    2023-06-12 18:35:05.931 : Flights found : 700;292;06/15/2023 and 073;239;06/12/2023	[MsgId: MMSG-17999]
    2023-06-12 18:35:05.931 : Sity depart : Seattle, Sity arrive : Denver	[MsgId: MMSG-17999]
    2023-06-12 18:35:06.834 : Flights found : 141;166;06/15/2023 and 411;166;06/12/2023	[MsgId: MMSG-17999]
    2023-06-12 18:35:06.834 : Sity depart : Frankfurt, Sity arrive : Paris	[MsgId: MMSG-17999]
    2023-06-12 18:35:09.039 : Flights found : 933;283;06/15/2023 and 392;379;06/12/2023	[MsgId: MMSG-17999]
    2023-06-12 18:35:09.039 : Sity depart : Zurich, Sity arrive : Los Angeles	[MsgId: MMSG-17999]
    2023-06-12 18:35:13.808 : Found Seat Type : First, Seat Pref : Window	[MsgId: MMSG-17999]
    2023-06-12 18:35:14.621 : Found Seat Type : Business, Seat Pref : Window	[MsgId: MMSG-17999]
    2023-06-12 18:35:16.324 : Found Seat Type : Coach, Seat Pref : Window	[MsgId: MMSG-17999]
    2023-06-12 18:35:20.334 : Found Seat Type : Coach, Seat Pref : Window	[MsgId: MMSG-17999]
    2023-06-12 18:35:26.251 : Booking is complect	[MsgId: MMSG-17999]
    2023-06-12 18:35:29.249 : Booking is complect	[MsgId: MMSG-17999]
    2023-06-12 18:35:31.791 : Booking is complect	[MsgId: MMSG-17999]
    2023-06-12 18:35:32.148 : Go to Home Page is complete	[MsgId: MMSG-17999]
    2023-06-12 18:35:34.951 : Booking is complect	[MsgId: MMSG-17999]
    2023-06-12 18:35:35.314 : Go to Home Page is complete	[MsgId: MMSG-17999]
    2023-06-12 18:35:36.345 : Booking is created : 302968191-108564-up	[MsgId: MMSG-17999]
    2023-06-12 18:35:37.893 : Go to Home Page is complete	[MsgId: MMSG-17999]
    2023-06-12 18:35:40.090 : Booking is created : 100755213-1486258-up	[MsgId: MMSG-17999]
    2023-06-12 18:35:40.851 : Go to Home Page is complete	[MsgId: MMSG-17999]
    2023-06-12 18:35:43.087 : Booking is created : 332988899-82579-up	[MsgId: MMSG-17999]
    2023-06-12 18:35:46.869 : Booking is created : 211886417-107127-up	[MsgId: MMSG-17999]
    2023-06-12 18:35:48.410 : Booking (302968191-108564-up) is deleted	[MsgId: MMSG-17999]
    2023-06-12 18:35:51.874 : Booking (100755213-1486258-up) is deleted	[MsgId: MMSG-17999]
    2023-06-12 18:35:54.339 : Booking (332988899-82579-up) is deleted	[MsgId: MMSG-17999]
    2023-06-12 18:35:54.723 : User is logged out of session	[MsgId: MMSG-17999]
    2023-06-12 18:35:56.659 : Booking (211886417-107127-up) is deleted	[MsgId: MMSG-17999]
    2023-06-12 18:35:58.116 : User is logged out of session	[MsgId: MMSG-17999]
    2023-06-12 18:35:59.416 : User is logged out of session	[MsgId: MMSG-17999]
    2023-06-12 18:36:00.762 : User is logged out of session	[MsgId: MMSG-17999]
  2023-06-12 18:37:22.080 : IterationNum=2	[MsgId: MMSG-17999]
   USER 2 = user22:pwd22	[MsgId: MMSG-17999]
  2023-06-12 18:37:22.096 : IterationNum=5	[MsgId: MMSG-17999]
  2023-06-12 18:37:22.096 : IterationNum=8	[MsgId: MMSG-17999]
   USER 5 = user18:pwd18	[MsgId: MMSG-17999]
   USER 8 = user13:pwd13	[MsgId: MMSG-17999]
    2023-06-12 18:37:22.175 : Start page is opened	[MsgId: MMSG-17999]
    2023-06-12 18:37:22.191 : Start page is opened	[MsgId: MMSG-17999]
    2023-06-12 18:37:22.191 : Start page is opened	[MsgId: MMSG-17999]
  2023-06-12 18:37:22.379 : IterationNum=11	[MsgId: MMSG-17999]
   USER 11 = user6:pwd6	[MsgId: MMSG-17999]
    2023-06-12 18:37:22.473 : Start page is opened	[MsgId: MMSG-17999]
    2023-06-12 18:37:26.340 : User is logged in with session 136620.254515998HAcHtAtpDtVzzzzHtcVztptczAf	[MsgId: MMSG-17999]
    2023-06-12 18:37:27.524 : User is logged in with session 136620.254515998HAcHtAtpDtVzzzzHtcVztptczAf	[MsgId: MMSG-17999]
    2023-06-12 18:37:28.407 : User is logged in with session 136620.254515998HAcHtAtpDtVzzzzHtcVztptczAf	[MsgId: MMSG-17999]
    2023-06-12 18:37:28.439 : User is logged in with session 136620.254515998HAcHtAtpDtVzzzzHtcVztptczAf	[MsgId: MMSG-17999]
    2023-06-12 18:37:30.842 : Search page opened	[MsgId: MMSG-17999]
    2023-06-12 18:37:32.021 : Search page opened	[MsgId: MMSG-17999]
    2023-06-12 18:37:32.825 : Search page opened	[MsgId: MMSG-17999]
    2023-06-12 18:37:32.980 : Search page opened	[MsgId: MMSG-17999]
    2023-06-12 18:37:44.876 : Flights found : 643;738;06/15/2023 and 463;738;06/12/2023	[MsgId: MMSG-17999]
    2023-06-12 18:37:44.877 : Sity depart : San Francisco, Sity arrive : Paris	[MsgId: MMSG-17999]
    2023-06-12 18:37:45.090 : Flights found : 030;365;06/15/2023 and 301;325;06/12/2023	[MsgId: MMSG-17999]
    2023-06-12 18:37:45.090 : Sity depart : Denver, Sity arrive : Los Angeles	[MsgId: MMSG-17999]
    2023-06-12 18:37:45.760 : Flights found : 011;644;06/15/2023 and 100;723;06/12/2023	[MsgId: MMSG-17999]
    2023-06-12 18:37:45.760 : Sity depart : Denver, Sity arrive : Frankfurt	[MsgId: MMSG-17999]
    2023-06-12 18:37:46.099 : Flights found : 711;659;06/15/2023 and 173;605;06/12/2023	[MsgId: MMSG-17999]
    2023-06-12 18:37:46.099 : Sity depart : Seattle, Sity arrive : Frankfurt	[MsgId: MMSG-17999]
    2023-06-12 18:37:53.994 : Found Seat Type : Business, Seat Pref : Window	[MsgId: MMSG-17999]
    2023-06-12 18:37:54.610 : Found Seat Type : Business, Seat Pref : Aisle	[MsgId: MMSG-17999]
    2023-06-12 18:37:54.816 : Found Seat Type : Business, Seat Pref : Window	[MsgId: MMSG-17999]
    2023-06-12 18:37:55.419 : Found Seat Type : First, Seat Pref : Aisle	[MsgId: MMSG-17999]
    2023-06-12 18:38:05.343 : Booking is complect	[MsgId: MMSG-17999]
    2023-06-12 18:38:07.143 : Booking is complect	[MsgId: MMSG-17999]
    2023-06-12 18:38:08.603 : Booking is complect	[MsgId: MMSG-17999]
    2023-06-12 18:38:09.814 : Booking is complect	[MsgId: MMSG-17999]
    2023-06-12 18:38:10.108 : Go to Home Page is complete	[MsgId: MMSG-17999]
    2023-06-12 18:38:12.530 : Go to Home Page is complete	[MsgId: MMSG-17999]
    2023-06-12 18:38:12.822 : Go to Home Page is complete	[MsgId: MMSG-17999]
    2023-06-12 18:38:14.002 : Go to Home Page is complete	[MsgId: MMSG-17999]
    2023-06-12 18:38:15.341 : Booking is created : 214100431-902404-up	[MsgId: MMSG-17999]
    2023-06-12 18:38:17.733 : Booking is created : 106667791-100130-up	[MsgId: MMSG-17999]
    2023-06-12 18:38:18.046 : Booking is created : 211875694-1125498-up	[MsgId: MMSG-17999]
    2023-06-12 18:38:18.715 : Booking is created : 332963394-846259-up	[MsgId: MMSG-17999]
    2023-06-12 18:38:24.133 : Booking (214100431-902404-up) is deleted	[MsgId: MMSG-17999]
    2023-06-12 18:38:25.643 : Booking (106667791-100130-up) is deleted	[MsgId: MMSG-17999]
    2023-06-12 18:38:27.054 : Booking (211875694-1125498-up) is deleted	[MsgId: MMSG-17999]
    2023-06-12 18:38:27.152 : Booking (332963394-846259-up) is deleted	[MsgId: MMSG-17999]
    2023-06-12 18:38:29.388 : User is logged out of session	[MsgId: MMSG-17999]
    2023-06-12 18:38:30.289 : User is logged out of session	[MsgId: MMSG-17999]
    2023-06-12 18:38:33.037 : User is logged out of session	[MsgId: MMSG-17999]
    2023-06-12 18:38:33.407 : User is logged out of session	[MsgId: MMSG-17999]
  2023-06-12 18:40:02.083 : IterationNum=3	[MsgId: MMSG-17999]
   USER 3 = user23:pwd23	[MsgId: MMSG-17999]
  2023-06-12 18:40:02.098 : IterationNum=9	[MsgId: MMSG-17999]
  2023-06-12 18:40:02.098 : IterationNum=6	[MsgId: MMSG-17999]
   USER 9 = user13:pwd13	[MsgId: MMSG-17999]
   USER 6 = user19:pwd19	[MsgId: MMSG-17999]
    2023-06-12 18:40:02.177 : Start page is opened	[MsgId: MMSG-17999]
    2023-06-12 18:40:02.193 : Start page is opened	[MsgId: MMSG-17999]
    2023-06-12 18:40:02.193 : Start page is opened	[MsgId: MMSG-17999]
  2023-06-12 18:40:02.378 : IterationNum=12	[MsgId: MMSG-17999]
   USER 12 = user6:pwd6	[MsgId: MMSG-17999]
    2023-06-12 18:40:02.472 : Start page is opened	[MsgId: MMSG-17999]
    2023-06-12 18:40:06.851 : User is logged in with session 136620.267476711HAcHtAfpAAiDDDDDtcVztptDAAf	[MsgId: MMSG-17999]
    2023-06-12 18:40:07.118 : User is logged in with session 136620.267476711HAcHtAfpAAiDDDDDtcVztptDAAf	[MsgId: MMSG-17999]
    2023-06-12 18:40:07.304 : User is logged in with session 136620.267476711HAcHtAfpAAiDDDDDtcVztptDAAf	[MsgId: MMSG-17999]
    2023-06-12 18:40:08.221 : User is logged in with session 136620.267476711HAcHtAfpAAiDDDDDtcVztptDAAf	[MsgId: MMSG-17999]
    2023-06-12 18:40:11.799 : Search page opened	[MsgId: MMSG-17999]
    2023-06-12 18:40:11.831 : Search page opened	[MsgId: MMSG-17999]
    2023-06-12 18:40:12.495 : Search page opened	[MsgId: MMSG-17999]
    2023-06-12 18:40:13.772 : Search page opened	[MsgId: MMSG-17999]
    2023-06-12 18:40:25.390 : Flights found : 590;669;06/15/2023 and 952;633;06/12/2023	[MsgId: MMSG-17999]
    2023-06-12 18:40:25.390 : Sity depart : Portland, Sity arrive : Zurich	[MsgId: MMSG-17999]
    2023-06-12 18:40:26.969 : Flights found : 260;850;06/15/2023 and 620;850;06/12/2023	[MsgId: MMSG-17999]
    2023-06-12 18:40:26.969 : Sity depart : London, Sity arrive : San Francisco	[MsgId: MMSG-17999]
    2023-06-12 18:40:27.270 : Flights found : 793;531;06/15/2023 and 972;613;06/12/2023	[MsgId: MMSG-17999]
    2023-06-12 18:40:27.270 : Sity depart : Seattle, Sity arrive : Zurich	[MsgId: MMSG-17999]
    2023-06-12 18:40:28.969 : Flights found : 162;591;06/15/2023 and 612;591;06/12/2023	[MsgId: MMSG-17999]
    2023-06-12 18:40:28.969 : Sity depart : Frankfurt, Sity arrive : San Francisco	[MsgId: MMSG-17999]
    2023-06-12 18:40:35.152 : Found Seat Type : Business, Seat Pref : Window	[MsgId: MMSG-17999]
    2023-06-12 18:40:38.865 : Found Seat Type : Business, Seat Pref : Aisle	[MsgId: MMSG-17999]
    2023-06-12 18:40:39.007 : Found Seat Type : Business, Seat Pref : Window	[MsgId: MMSG-17999]
    2023-06-12 18:40:39.538 : Found Seat Type : Business, Seat Pref : Window	[MsgId: MMSG-17999]
    2023-06-12 18:40:51.224 : Booking is complect	[MsgId: MMSG-17999]
    2023-06-12 18:40:52.850 : Booking is complect	[MsgId: MMSG-17999]
    2023-06-12 18:40:53.493 : Booking is complect	[MsgId: MMSG-17999]
    2023-06-12 18:40:55.515 : Go to Home Page is complete	[MsgId: MMSG-17999]
    2023-06-12 18:40:55.883 : Booking is complect	[MsgId: MMSG-17999]
    2023-06-12 18:40:58.664 : Go to Home Page is complete	[MsgId: MMSG-17999]
    2023-06-12 18:40:58.755 : Go to Home Page is complete	[MsgId: MMSG-17999]
    2023-06-12 18:41:01.434 : Go to Home Page is complete	[MsgId: MMSG-17999]
    2023-06-12 18:41:01.621 : Booking is created : 317436797-1517011-up	[MsgId: MMSG-17999]
    2023-06-12 18:41:03.054 : Booking is created : 211861512-1246284-up	[MsgId: MMSG-17999]
    2023-06-12 18:41:03.987 : Booking is created : 251132987-1501638-up	[MsgId: MMSG-17999]
    2023-06-12 18:41:07.062 : Booking is created : 332968984-1240090-up	[MsgId: MMSG-17999]
    2023-06-12 18:41:11.213 : Booking (317436797-1517011-up) is deleted	[MsgId: MMSG-17999]
    2023-06-12 18:41:13.219 : Booking (211861512-1246284-up) is deleted	[MsgId: MMSG-17999]
    2023-06-12 18:41:14.869 : Booking (251132987-1501638-up) is deleted	[MsgId: MMSG-17999]
    2023-06-12 18:41:15.052 : Booking (332968984-1240090-up) is deleted	[MsgId: MMSG-17999]
    2023-06-12 18:41:16.589 : User is logged out of session	[MsgId: MMSG-17999]
    2023-06-12 18:41:18.225 : User is logged out of session	[MsgId: MMSG-17999]
    2023-06-12 18:41:19.910 : User is logged out of session	[MsgId: MMSG-17999]
    2023-06-12 18:41:20.545 : User is logged out of session	[MsgId: MMSG-17999]
  2023-06-12 18:42:42.092 : IterationNum=4	[MsgId: MMSG-17999]
   USER 4 = user24:pwd24	[MsgId: MMSG-17999]
  2023-06-12 18:42:42.107 : IterationNum=7	[MsgId: MMSG-17999]
  2023-06-12 18:42:42.107 : IterationNum=10	[MsgId: MMSG-17999]
   USER 7 = user20:pwd20	[MsgId: MMSG-17999]
   USER 10 = user13:pwd13	[MsgId: MMSG-17999]
    2023-06-12 18:42:42.202 : Start page is opened	[MsgId: MMSG-17999]
    2023-06-12 18:42:42.202 : Start page is opened	[MsgId: MMSG-17999]
    2023-06-12 18:42:42.202 : Start page is opened	[MsgId: MMSG-17999]
  2023-06-12 18:42:42.387 : IterationNum=13	[MsgId: MMSG-17999]
   USER 13 = user6:pwd6	[MsgId: MMSG-17999]
    2023-06-12 18:42:42.480 : Start page is opened	[MsgId: MMSG-17999]
    2023-06-12 18:42:46.811 : User is logged in with session 136620.280437424HAcHtAfpzHftcVztptDtAf	[MsgId: MMSG-17999]
    2023-06-12 18:42:47.407 : User is logged in with session 136620.280437424HAcHtAfpzHftcVztptDtAf	[MsgId: MMSG-17999]
    2023-06-12 18:42:47.688 : User is logged in with session 136620.280437424HAcHtAfpzHftcVztptDtAf	[MsgId: MMSG-17999]
    2023-06-12 18:42:48.010 : User is logged in with session 136620.280437424HAcHtAfpzHftcVztptDtAf	[MsgId: MMSG-17999]
    2023-06-12 18:42:51.053 : Search page opened	[MsgId: MMSG-17999]
    2023-06-12 18:42:52.577 : Search page opened	[MsgId: MMSG-17999]
    2023-06-12 18:42:53.197 : Search page opened	[MsgId: MMSG-17999]
    2023-06-12 18:42:53.243 : Search page opened	[MsgId: MMSG-17999]
    2023-06-12 18:43:04.722 : Flights found : 120;385;06/15/2023 and 213;315;06/12/2023	[MsgId: MMSG-17999]
    2023-06-12 18:43:04.722 : Sity depart : Frankfurt, Sity arrive : London	[MsgId: MMSG-17999]
    2023-06-12 18:43:06.332 : Flights found : 311;292;06/15/2023 and 133;386;06/12/2023	[MsgId: MMSG-17999]
    2023-06-12 18:43:06.332 : Sity depart : Los Angeles, Sity arrive : Frankfurt	[MsgId: MMSG-17999]
    2023-06-12 18:43:06.827 : Flights found : 703;239;06/15/2023 and 072;276;06/12/2023	[MsgId: MMSG-17999]
    2023-06-12 18:43:06.827 : Sity depart : Seattle, Sity arrive : Denver	[MsgId: MMSG-17999]
    2023-06-12 18:43:09.825 : Flights found : 800;1485;06/15/2023 and 081;1323;06/12/2023	[MsgId: MMSG-17999]
    2023-06-12 18:43:09.825 : Sity depart : Sydney, Sity arrive : Denver	[MsgId: MMSG-17999]
    2023-06-12 18:43:15.474 : Found Seat Type : Business, Seat Pref : None	[MsgId: MMSG-17999]
    2023-06-12 18:43:15.683 : Found Seat Type : Coach, Seat Pref : None	[MsgId: MMSG-17999]
    2023-06-12 18:43:16.137 : Found Seat Type : Business, Seat Pref : Window	[MsgId: MMSG-17999]
    2023-06-12 18:43:19.371 : Found Seat Type : First, Seat Pref : Aisle	[MsgId: MMSG-17999]
    2023-06-12 18:43:28.603 : Booking is complect	[MsgId: MMSG-17999]
    2023-06-12 18:43:31.697 : Booking is complect	[MsgId: MMSG-17999]
    2023-06-12 18:43:34.014 : Booking is complect	[MsgId: MMSG-17999]
    2023-06-12 18:43:34.563 : Go to Home Page is complete	[MsgId: MMSG-17999]
    2023-06-12 18:43:36.738 : Go to Home Page is complete	[MsgId: MMSG-17999]
    2023-06-12 18:43:38.132 : Booking is complect	[MsgId: MMSG-17999]
    2023-06-12 18:43:39.196 : Booking is created : 57418936-87206-up	[MsgId: MMSG-17999]
    2023-06-12 18:43:39.382 : Go to Home Page is complete	[MsgId: MMSG-17999]
    2023-06-12 18:43:41.241 : Booking is created : 332967421-93361-up	[MsgId: MMSG-17999]
    2023-06-12 18:43:43.137 : Go to Home Page is complete	[MsgId: MMSG-17999]
    2023-06-12 18:43:45.532 : Booking is created : 211877897-82501-up	[MsgId: MMSG-17999]
    2023-06-12 18:43:49.135 : Booking (332967421-93361-up) is deleted	[MsgId: MMSG-17999]
    2023-06-12 18:43:49.349 : Booking is created : 2478074129-831754-up	[MsgId: MMSG-17999]
    2023-06-12 18:43:51.619 : Booking (57418936-87206-up) is deleted	[MsgId: MMSG-17999]
    2023-06-12 18:43:53.311 : Booking (211877897-82501-up) is deleted	[MsgId: MMSG-17999]
    2023-06-12 18:43:53.385 : User is logged out of session	[MsgId: MMSG-17999]
    2023-06-12 18:43:55.608 : User is logged out of session	[MsgId: MMSG-17999]
    2023-06-12 18:43:58.084 : Booking (2478074129-831754-up) is deleted	[MsgId: MMSG-17999]
    2023-06-12 18:43:59.457 : User is logged out of session	[MsgId: MMSG-17999]
    2023-06-12 18:44:02.850 : User is logged out of session	[MsgId: MMSG-17999]
  2023-06-12 18:45:22.092 : IterationNum=5	[MsgId: MMSG-17999]
   USER 5 = user25:pwd25	[MsgId: MMSG-17999]
  2023-06-12 18:45:22.108 : IterationNum=11	[MsgId: MMSG-17999]
  2023-06-12 18:45:22.108 : IterationNum=8	[MsgId: MMSG-17999]
   USER 11 = user13:pwd13	[MsgId: MMSG-17999]
   USER 8 = user20:pwd20	[MsgId: MMSG-17999]
    2023-06-12 18:45:22.188 : Start page is opened	[MsgId: MMSG-17999]
    2023-06-12 18:45:22.204 : Start page is opened	[MsgId: MMSG-17999]
    2023-06-12 18:45:22.204 : Start page is opened	[MsgId: MMSG-17999]
  2023-06-12 18:45:22.389 : IterationNum=14	[MsgId: MMSG-17999]
   USER 14 = user6:pwd6	[MsgId: MMSG-17999]
    2023-06-12 18:45:22.483 : Start page is opened	[MsgId: MMSG-17999]
    2023-06-12 18:45:26.483 : User is logged in with session 136620.293398137HAcHtAzpDtVzzzzHtcVztptDiAf	[MsgId: MMSG-17999]
    2023-06-12 18:45:27.121 : User is logged in with session 136620.293398137HAcHtAzpDtVzzzzHtcVztptDiAf	[MsgId: MMSG-17999]
    2023-06-12 18:45:27.511 : User is logged in with session 136620.293398137HAcHtAzpDtVzzzzHtcVztptDiAf	[MsgId: MMSG-17999]
    2023-06-12 18:45:28.040 : User is logged in with session 136620.293398137HAcHtAzpDtVzzzzHtcVztptDiAf	[MsgId: MMSG-17999]
    2023-06-12 18:45:32.025 : Search page opened	[MsgId: MMSG-17999]
    2023-06-12 18:45:32.723 : Search page opened	[MsgId: MMSG-17999]
    2023-06-12 18:45:33.206 : Search page opened	[MsgId: MMSG-17999]
    2023-06-12 18:45:33.394 : Search page opened	[MsgId: MMSG-17999]
    2023-06-12 18:45:47.910 : Flights found : 920;350;06/15/2023 and 290;350;06/12/2023	[MsgId: MMSG-17999]
    2023-06-12 18:45:47.910 : Sity depart : Zurich, Sity arrive : London	[MsgId: MMSG-17999]
    2023-06-12 18:45:48.222 : Flights found : 343;673;06/15/2023 and 430;822;06/12/2023	[MsgId: MMSG-17999]
    2023-06-12 18:45:48.222 : Sity depart : Los Angeles, Sity arrive : Paris	[MsgId: MMSG-17999]
    2023-06-12 18:45:50.013 : Flights found : 301;420;06/15/2023 and 030;472;06/12/2023	[MsgId: MMSG-17999]
    2023-06-12 18:45:50.013 : Sity depart : Los Angeles, Sity arrive : Denver	[MsgId: MMSG-17999]
    2023-06-12 18:45:50.525 : Flights found : 571;108;06/15/2023 and 752;115;06/12/2023	[MsgId: MMSG-17999]
    2023-06-12 18:45:50.525 : Sity depart : Portland, Sity arrive : Seattle	[MsgId: MMSG-17999]
    2023-06-12 18:45:58.412 : Found Seat Type : First, Seat Pref : Aisle	[MsgId: MMSG-17999]
    2023-06-12 18:46:00.119 : Found Seat Type : First, Seat Pref : Window	[MsgId: MMSG-17999]
    2023-06-12 18:46:01.155 : Found Seat Type : First, Seat Pref : None	[MsgId: MMSG-17999]
    2023-06-12 18:46:01.669 : Found Seat Type : First, Seat Pref : None	[MsgId: MMSG-17999]
    2023-06-12 18:46:11.159 : Booking is complect	[MsgId: MMSG-17999]
    2023-06-12 18:46:14.373 : Booking is complect	[MsgId: MMSG-17999]
    2023-06-12 18:46:15.247 : Go to Home Page is complete	[MsgId: MMSG-17999]
    2023-06-12 18:46:15.693 : Booking is complect	[MsgId: MMSG-17999]
    2023-06-12 18:46:18.340 : Go to Home Page is complete	[MsgId: MMSG-17999]
    2023-06-12 18:46:19.658 : Go to Home Page is complete	[MsgId: MMSG-17999]
    2023-06-12 18:46:20.241 : Booking is complect	[MsgId: MMSG-17999]
    2023-06-12 18:46:20.376 : Booking is created : 57420136-1100115-up	[MsgId: MMSG-17999]
    2023-06-12 18:46:24.375 : Booking is created : 206330383-99284-up	[MsgId: MMSG-17999]
    2023-06-12 18:46:24.577 : Booking is created : 332974126-79299-up	[MsgId: MMSG-17999]
    2023-06-12 18:46:25.222 : Go to Home Page is complete	[MsgId: MMSG-17999]
    2023-06-12 18:46:30.614 : Booking is created : 211873004-134786-up	[MsgId: MMSG-17999]
    2023-06-12 18:46:32.865 : Booking (57420136-1100115-up) is deleted	[MsgId: MMSG-17999]
    2023-06-12 18:46:35.735 : Booking (206330383-99284-up) is deleted	[MsgId: MMSG-17999]
    2023-06-12 18:46:36.413 : Booking (332974126-79299-up) is deleted	[MsgId: MMSG-17999]
    2023-06-12 18:46:39.126 : User is logged out of session	[MsgId: MMSG-17999]
    2023-06-12 18:46:40.218 : User is logged out of session	[MsgId: MMSG-17999]
    2023-06-12 18:46:40.357 : User is logged out of session	[MsgId: MMSG-17999]
    2023-06-12 18:46:42.745 : Booking (211873004-134786-up) is deleted	[MsgId: MMSG-17999]
    2023-06-12 18:46:47.608 : User is logged out of session	[MsgId: MMSG-17999]
  2023-06-12 18:48:02.102 : IterationNum=6	[MsgId: MMSG-17999]
   USER 6 = user26:pwd26	[MsgId: MMSG-17999]
  2023-06-12 18:48:02.117 : IterationNum=12	[MsgId: MMSG-17999]
  2023-06-12 18:48:02.117 : IterationNum=9	[MsgId: MMSG-17999]
   USER 12 = user13:pwd13	[MsgId: MMSG-17999]
   USER 9 = user20:pwd20	[MsgId: MMSG-17999]
    2023-06-12 18:48:02.195 : Start page is opened	[MsgId: MMSG-17999]
    2023-06-12 18:48:02.210 : Start page is opened	[MsgId: MMSG-17999]
    2023-06-12 18:48:02.210 : Start page is opened	[MsgId: MMSG-17999]
  2023-06-12 18:48:02.396 : IterationNum=15	[MsgId: MMSG-17999]
   USER 15 = user6:pwd6	[MsgId: MMSG-17999]
    2023-06-12 18:48:02.489 : Start page is opened	[MsgId: MMSG-17999]
    2023-06-12 18:48:06.638 : User is logged in with session 136620.30635885HAcHtAHpAAiDDDDDtcVztpttcAf	[MsgId: MMSG-17999]
    2023-06-12 18:48:07.582 : User is logged in with session 136620.30635885HAcHtAHpAAiDDDDDtcVztpttcAf	[MsgId: MMSG-17999]
    2023-06-12 18:48:07.969 : User is logged in with session 136620.30635885HAcHtAHpAAiDDDDDtcVztpttcAf	[MsgId: MMSG-17999]
    2023-06-12 18:48:08.126 : User is logged in with session 136620.30635885HAcHtAHpAAiDDDDDtcVztpttcAf	[MsgId: MMSG-17999]
    2023-06-12 18:48:10.636 : Search page opened	[MsgId: MMSG-17999]
    2023-06-12 18:48:13.277 : Search page opened	[MsgId: MMSG-17999]
    2023-06-12 18:48:13.512 : Search page opened	[MsgId: MMSG-17999]
    2023-06-12 18:48:13.965 : Search page opened	[MsgId: MMSG-17999]
    2023-06-12 18:48:23.223 : Flights found : 210;385;06/15/2023 and 121;343;06/12/2023	[MsgId: MMSG-17999]
    2023-06-12 18:48:23.223 : Sity depart : London, Sity arrive : Frankfurt	[MsgId: MMSG-17999]
    2023-06-12 18:48:31.425 : Flights found : 233;917;06/15/2023 and 323;917;06/12/2023	[MsgId: MMSG-17999]
    2023-06-12 18:48:31.425 : Sity depart : London, Sity arrive : Los Angeles	[MsgId: MMSG-17999]
    2023-06-12 18:48:32.066 : Flights found : 641;804;06/15/2023 and 463;738;06/12/2023	[MsgId: MMSG-17999]
    2023-06-12 18:48:32.066 : Sity depart : San Francisco, Sity arrive : Paris	[MsgId: MMSG-17999]
    2023-06-12 18:48:32.255 : Found Seat Type : Business, Seat Pref : None	[MsgId: MMSG-17999]
    2023-06-12 18:48:32.404 : Flights found : 733;143;06/15/2023 and 370;174;06/12/2023	[MsgId: MMSG-17999]
    2023-06-12 18:48:32.404 : Sity depart : Seattle, Sity arrive : Los Angeles	[MsgId: MMSG-17999]
    2023-06-12 18:48:43.156 : Found Seat Type : Business, Seat Pref : Window	[MsgId: MMSG-17999]
    2023-06-12 18:48:44.129 : Found Seat Type : Coach, Seat Pref : Aisle	[MsgId: MMSG-17999]
    2023-06-12 18:48:44.428 : Found Seat Type : Business, Seat Pref : None	[MsgId: MMSG-17999]
    2023-06-12 18:48:49.686 : Booking is complect	[MsgId: MMSG-17999]
    2023-06-12 18:48:54.286 : Go to Home Page is complete	[MsgId: MMSG-17999]
    2023-06-12 18:48:57.321 : Booking is complect	[MsgId: MMSG-17999]
    2023-06-12 18:48:58.515 : Booking is complect	[MsgId: MMSG-17999]
    2023-06-12 18:48:58.557 : Booking is created : 332970755-86286-up	[MsgId: MMSG-17999]
    2023-06-12 18:49:01.641 : Go to Home Page is complete	[MsgId: MMSG-17999]
    2023-06-12 18:49:01.859 : Booking is complect	[MsgId: MMSG-17999]
    2023-06-12 18:49:03.287 : Go to Home Page is complete	[MsgId: MMSG-17999]
    2023-06-12 18:49:06.895 : Booking (332970755-86286-up) is deleted	[MsgId: MMSG-17999]
    2023-06-12 18:49:07.964 : Booking is created : 211860515-1017833-up	[MsgId: MMSG-17999]
    2023-06-12 18:49:08.088 : Go to Home Page is complete	[MsgId: MMSG-17999]
    2023-06-12 18:49:09.240 : Booking is created : 57431177-1125503-up	[MsgId: MMSG-17999]
    2023-06-12 18:49:12.506 : User is logged out of session	[MsgId: MMSG-17999]
    2023-06-12 18:49:13.440 : Booking is created : 365953079-105409-up	[MsgId: MMSG-17999]
    2023-06-12 18:49:17.576 : Booking (211860515-1017833-up) is deleted	[MsgId: MMSG-17999]
    2023-06-12 18:49:20.883 : Booking (57431177-1125503-up) is deleted	[MsgId: MMSG-17999]
    2023-06-12 18:49:22.757 : User is logged out of session	[MsgId: MMSG-17999]
    2023-06-12 18:49:24.381 : Booking (365953079-105409-up) is deleted	[MsgId: MMSG-17999]
    2023-06-12 18:49:25.045 : User is logged out of session	[MsgId: MMSG-17999]
    2023-06-12 18:49:30.765 : User is logged out of session	[MsgId: MMSG-17999]
  2023-06-12 18:50:42.114 : IterationNum=7	[MsgId: MMSG-17999]
   USER 7 = user27:pwd27	[MsgId: MMSG-17999]
  2023-06-12 18:50:42.129 : IterationNum=13	[MsgId: MMSG-17999]
   USER 13 = user13:pwd13	[MsgId: MMSG-17999]
  2023-06-12 18:50:42.129 : IterationNum=10	[MsgId: MMSG-17999]
   USER 10 = user20:pwd20	[MsgId: MMSG-17999]
    2023-06-12 18:50:42.207 : Start page is opened	[MsgId: MMSG-17999]
    2023-06-12 18:50:42.223 : Start page is opened	[MsgId: MMSG-17999]
    2023-06-12 18:50:42.223 : Start page is opened	[MsgId: MMSG-17999]
  2023-06-12 18:50:42.411 : IterationNum=16	[MsgId: MMSG-17999]
   USER 16 = user6:pwd6	[MsgId: MMSG-17999]
    2023-06-12 18:50:42.503 : Start page is opened	[MsgId: MMSG-17999]
    2023-06-12 18:50:46.246 : User is logged in with session 136620.319319563HAcHtAHpzHftcVztpttzAf	[MsgId: MMSG-17999]
    2023-06-12 18:50:46.592 : User is logged in with session 136620.319319563HAcHtAHpzHftcVztpttzAf	[MsgId: MMSG-17999]
    2023-06-12 18:50:46.745 : User is logged in with session 136620.319319563HAcHtAHpzHftcVztpttzAf	[MsgId: MMSG-17999]
    2023-06-12 18:50:47.277 : User is logged in with session 136620.319319563HAcHtAHpzHftcVztpttzAf	[MsgId: MMSG-17999]
    2023-06-12 18:50:50.785 : Search page opened	[MsgId: MMSG-17999]
    2023-06-12 18:50:51.984 : Search page opened	[MsgId: MMSG-17999]
    2023-06-12 18:50:52.125 : Search page opened	[MsgId: MMSG-17999]
    2023-06-12 18:50:52.770 : Search page opened	[MsgId: MMSG-17999]
    2023-06-12 18:51:06.520 : Flights found : 053;326;06/15/2023 and 502;377;06/12/2023	[MsgId: MMSG-17999]
    2023-06-12 18:51:06.520 : Sity depart : Denver, Sity arrive : Portland	[MsgId: MMSG-17999]
    2023-06-12 18:51:09.225 : Flights found : 640;1167;06/15/2023 and 462;1103;06/12/2023	[MsgId: MMSG-17999]
    2023-06-12 18:51:09.225 : Sity depart : San Francisco, Sity arrive : Paris	[MsgId: MMSG-17999]
    2023-06-12 18:51:09.678 : Flights found : 852;1103;06/15/2023 and 580;1167;06/12/2023	[MsgId: MMSG-17999]
    2023-06-12 18:51:09.678 : Sity depart : Sydney, Sity arrive : Portland	[MsgId: MMSG-17999]
    2023-06-12 18:51:09.883 : Flights found : 892;1015;06/15/2023 and 983;878;06/12/2023	[MsgId: MMSG-17999]
    2023-06-12 18:51:09.883 : Sity depart : Sydney, Sity arrive : Zurich	[MsgId: MMSG-17999]
    2023-06-12 18:51:16.887 : Found Seat Type : Business, Seat Pref : None	[MsgId: MMSG-17999]
    2023-06-12 18:51:18.843 : Found Seat Type : Coach, Seat Pref : None	[MsgId: MMSG-17999]
    2023-06-12 18:51:19.820 : Found Seat Type : Business, Seat Pref : Aisle	[MsgId: MMSG-17999]
    2023-06-12 18:51:21.380 : Found Seat Type : First, Seat Pref : None	[MsgId: MMSG-17999]
    2023-06-12 18:51:29.849 : Booking is complect	[MsgId: MMSG-17999]
    2023-06-12 18:51:32.106 : Booking is complect	[MsgId: MMSG-17999]
    2023-06-12 18:51:34.226 : Go to Home Page is complete	[MsgId: MMSG-17999]
    2023-06-12 18:51:37.019 : Booking is complect	[MsgId: MMSG-17999]
    2023-06-12 18:51:37.086 : Go to Home Page is complete	[MsgId: MMSG-17999]
    2023-06-12 18:51:37.185 : Booking is complect	[MsgId: MMSG-17999]
    2023-06-12 18:51:39.334 : Booking is created : 57409382-115592-up	[MsgId: MMSG-17999]
    2023-06-12 18:51:41.293 : Go to Home Page is complete	[MsgId: MMSG-17999]
    2023-06-12 18:51:42.201 : Go to Home Page is complete	[MsgId: MMSG-17999]
    2023-06-12 18:51:43.160 : Booking is created : 3329960037-1525530-up	[MsgId: MMSG-17999]
    2023-06-12 18:51:46.986 : Booking is created : 2118834114-1215559-up	[MsgId: MMSG-17999]
    2023-06-12 18:51:48.070 : Booking is created : 1311348191-1124790-up	[MsgId: MMSG-17999]
    2023-06-12 18:51:51.569 : Booking (57409382-115592-up) is deleted	[MsgId: MMSG-17999]
    2023-06-12 18:51:54.943 : Booking (3329960037-1525530-up) is deleted	[MsgId: MMSG-17999]
    2023-06-12 18:51:55.867 : User is logged out of session	[MsgId: MMSG-17999]
    2023-06-12 18:51:57.042 : Booking (2118834114-1215559-up) is deleted	[MsgId: MMSG-17999]
    2023-06-12 18:51:58.071 : Booking (1311348191-1124790-up) is deleted	[MsgId: MMSG-17999]
    2023-06-12 18:52:00.885 : User is logged out of session	[MsgId: MMSG-17999]
    2023-06-12 18:52:02.653 : User is logged out of session	[MsgId: MMSG-17999]
    2023-06-12 18:52:03.975 : User is logged out of session	[MsgId: MMSG-17999]
  2023-06-12 18:53:22.115 : IterationNum=8	[MsgId: MMSG-17999]
   USER 8 = user27:pwd27	[MsgId: MMSG-17999]
  2023-06-12 18:53:22.130 : IterationNum=14	[MsgId: MMSG-17999]
   USER 14 = user13:pwd13	[MsgId: MMSG-17999]
  2023-06-12 18:53:22.130 : IterationNum=11	[MsgId: MMSG-17999]
   USER 11 = user20:pwd20	[MsgId: MMSG-17999]
    2023-06-12 18:53:22.208 : Start page is opened	[MsgId: MMSG-17999]
    2023-06-12 18:53:22.223 : Start page is opened	[MsgId: MMSG-17999]
    2023-06-12 18:53:22.223 : Start page is opened	[MsgId: MMSG-17999]
  2023-06-12 18:53:22.410 : IterationNum=17	[MsgId: MMSG-17999]
   USER 17 = user6:pwd6	[MsgId: MMSG-17999]
    2023-06-12 18:53:22.503 : Start page is opened	[MsgId: MMSG-17999]
    2023-06-12 18:53:26.890 : User is logged in with session 136620.332280275HAcHtAipDtVzzzzHtcVztptfAAf	[MsgId: MMSG-17999]
    2023-06-12 18:53:27.848 : User is logged in with session 136620.332280275HAcHtAipDtVzzzzHtcVztptfAAf	[MsgId: MMSG-17999]
    2023-06-12 18:53:28.393 : User is logged in with session 136620.332280275HAcHtAipDtVzzzzHtcVztptfAAf	[MsgId: MMSG-17999]
    2023-06-12 18:53:28.485 : User is logged in with session 136620.332280275HAcHtAipDtVzzzzHtcVztptfAAf	[MsgId: MMSG-17999]
    2023-06-12 18:53:32.408 : Search page opened	[MsgId: MMSG-17999]
    2023-06-12 18:53:32.642 : Search page opened	[MsgId: MMSG-17999]
    2023-06-12 18:53:34.560 : Search page opened	[MsgId: MMSG-17999]
    2023-06-12 18:53:34.856 : Search page opened	[MsgId: MMSG-17999]
    2023-06-12 18:53:46.614 : Flights found : 250;805;06/15/2023 and 523;659;06/12/2023	[MsgId: MMSG-17999]
    2023-06-12 18:53:46.614 : Sity depart : London, Sity arrive : Portland	[MsgId: MMSG-17999]
    2023-06-12 18:53:48.902 : Flights found : 851;1040;06/15/2023 and 582;1103;06/12/2023	[MsgId: MMSG-17999]
    2023-06-12 18:53:48.902 : Sity depart : Sydney, Sity arrive : Portland	[MsgId: MMSG-17999]
    2023-06-12 18:53:49.746 : Flights found : 200;635;06/15/2023 and 020;635;06/12/2023	[MsgId: MMSG-17999]
    2023-06-12 18:53:49.746 : Sity depart : London, Sity arrive : Denver	[MsgId: MMSG-17999]
    2023-06-12 18:53:50.567 : Flights found : 931;578;06/15/2023 and 392;711;06/12/2023	[MsgId: MMSG-17999]
    2023-06-12 18:53:50.567 : Sity depart : Zurich, Sity arrive : Los Angeles	[MsgId: MMSG-17999]
    2023-06-12 18:53:54.995 : Found Seat Type : Business, Seat Pref : Aisle	[MsgId: MMSG-17999]
    2023-06-12 18:53:57.228 : Found Seat Type : Business, Seat Pref : Window	[MsgId: MMSG-17999]
    2023-06-12 18:54:00.099 : Found Seat Type : First, Seat Pref : Aisle	[MsgId: MMSG-17999]
    2023-06-12 18:54:01.875 : Found Seat Type : First, Seat Pref : Window	[MsgId: MMSG-17999]
    2023-06-12 18:54:10.109 : Booking is complect	[MsgId: MMSG-17999]
    2023-06-12 18:54:13.741 : Booking is complect	[MsgId: MMSG-17999]
    2023-06-12 18:54:14.155 : Go to Home Page is complete	[MsgId: MMSG-17999]
    2023-06-12 18:54:17.521 : Booking is complect	[MsgId: MMSG-17999]
    2023-06-12 18:54:17.743 : Booking is complect	[MsgId: MMSG-17999]
    2023-06-12 18:54:19.995 : Go to Home Page is complete	[MsgId: MMSG-17999]
    2023-06-12 18:54:20.198 : Booking is created : 1311426334-1217087-up	[MsgId: MMSG-17999]
    2023-06-12 18:54:21.656 : Go to Home Page is complete	[MsgId: MMSG-17999]
    2023-06-12 18:54:23.133 : Go to Home Page is complete	[MsgId: MMSG-17999]
    2023-06-12 18:54:25.707 : Booking is created : 57416696-1171651-up	[MsgId: MMSG-17999]
    2023-06-12 18:54:27.117 : Booking is created : 332970393-784713-up	[MsgId: MMSG-17999]
    2023-06-12 18:54:29.202 : Booking is created : 211886354-1070868-up	[MsgId: MMSG-17999]
    2023-06-12 18:54:30.213 : Booking (1311426334-1217087-up) is deleted	[MsgId: MMSG-17999]
    2023-06-12 18:54:33.599 : Booking (57416696-1171651-up) is deleted	[MsgId: MMSG-17999]
    2023-06-12 18:54:34.793 : Booking (332970393-784713-up) is deleted	[MsgId: MMSG-17999]
    2023-06-12 18:54:36.413 : User is logged out of session	[MsgId: MMSG-17999]
    2023-06-12 18:54:37.480 : Booking (211886354-1070868-up) is deleted	[MsgId: MMSG-17999]
    2023-06-12 18:54:39.783 : User is logged out of session	[MsgId: MMSG-17999]
    2023-06-12 18:54:39.792 : User is logged out of session	[MsgId: MMSG-17999]
    2023-06-12 18:54:43.342 : User is logged out of session	[MsgId: MMSG-17999]
  2023-06-12 18:56:02.117 : IterationNum=9	[MsgId: MMSG-17999]
   USER 9 = user27:pwd27	[MsgId: MMSG-17999]
  2023-06-12 18:56:02.132 : IterationNum=15	[MsgId: MMSG-17999]
   USER 15 = user13:pwd13	[MsgId: MMSG-17999]
  2023-06-12 18:56:02.132 : IterationNum=12	[MsgId: MMSG-17999]
   USER 12 = user20:pwd20	[MsgId: MMSG-17999]
    2023-06-12 18:56:02.210 : Start page is opened	[MsgId: MMSG-17999]
    2023-06-12 18:56:02.226 : Start page is opened	[MsgId: MMSG-17999]
    2023-06-12 18:56:02.226 : Start page is opened	[MsgId: MMSG-17999]
  2023-06-12 18:56:02.413 : IterationNum=18	[MsgId: MMSG-17999]
   USER 18 = user6:pwd6	[MsgId: MMSG-17999]
    2023-06-12 18:56:02.506 : Start page is opened	[MsgId: MMSG-17999]
    2023-06-12 18:56:06.472 : User is logged in with session 136620.345240988HAcHtAQpAAiDDDDDtcVztptftAf	[MsgId: MMSG-17999]
    2023-06-12 18:56:06.550 : User is logged in with session 136620.345240988HAcHtAQpAAiDDDDDtcVztptftAf	[MsgId: MMSG-17999]
    2023-06-12 18:56:07.850 : User is logged in with session 136620.345240988HAcHtAQpAAiDDDDDtcVztptftAf	[MsgId: MMSG-17999]
    2023-06-12 18:56:08.281 : User is logged in with session 136620.345240988HAcHtAQpAAiDDDDDtcVztptftAf	[MsgId: MMSG-17999]
    2023-06-12 18:56:11.461 : Search page opened	[MsgId: MMSG-17999]
    2023-06-12 18:56:12.008 : Search page opened	[MsgId: MMSG-17999]
    2023-06-12 18:56:13.255 : Search page opened	[MsgId: MMSG-17999]
    2023-06-12 18:56:14.249 : Search page opened	[MsgId: MMSG-17999]
    2023-06-12 18:56:26.494 : Flights found : 253;454;06/15/2023 and 523;454;06/12/2023	[MsgId: MMSG-17999]
    2023-06-12 18:56:26.494 : Sity depart : London, Sity arrive : Portland	[MsgId: MMSG-17999]
    2023-06-12 18:56:28.003 : Flights found : 730;253;06/15/2023 and 373;207;06/12/2023	[MsgId: MMSG-17999]
    2023-06-12 18:56:28.003 : Sity depart : Seattle, Sity arrive : Los Angeles	[MsgId: MMSG-17999]
    2023-06-12 18:56:29.304 : Flights found : 710;510;06/15/2023 and 172;482;06/12/2023	[MsgId: MMSG-17999]
    2023-06-12 18:56:29.304 : Sity depart : Seattle, Sity arrive : Frankfurt	[MsgId: MMSG-17999]
    2023-06-12 18:56:30.004 : Flights found : 693;577;06/15/2023 and 963;577;06/12/2023	[MsgId: MMSG-17999]
    2023-06-12 18:56:30.004 : Sity depart : San Francisco, Sity arrive : Zurich	[MsgId: MMSG-17999]
    2023-06-12 18:56:36.947 : Found Seat Type : Business, Seat Pref : Window	[MsgId: MMSG-17999]
    2023-06-12 18:56:37.884 : Found Seat Type : Coach, Seat Pref : None	[MsgId: MMSG-17999]
    2023-06-12 18:56:38.728 : Found Seat Type : Coach, Seat Pref : Aisle	[MsgId: MMSG-17999]
    2023-06-12 18:56:38.995 : Found Seat Type : First, Seat Pref : Window	[MsgId: MMSG-17999]
    2023-06-12 18:56:51.284 : Booking is complect	[MsgId: MMSG-17999]
    2023-06-12 18:56:51.680 : Booking is complect	[MsgId: MMSG-17999]
    2023-06-12 18:56:55.768 : Booking is complect	[MsgId: MMSG-17999]
    2023-06-12 18:56:56.817 : Booking is complect	[MsgId: MMSG-17999]
    2023-06-12 18:56:57.539 : Go to Home Page is complete	[MsgId: MMSG-17999]
    2023-06-12 18:56:57.585 : Go to Home Page is complete	[MsgId: MMSG-17999]
    2023-06-12 18:57:00.738 : Go to Home Page is complete	[MsgId: MMSG-17999]
    2023-06-12 18:57:01.591 : Go to Home Page is complete	[MsgId: MMSG-17999]
    2023-06-12 18:57:01.951 : Booking is created : 332990009-105650-up	[MsgId: MMSG-17999]
    2023-06-12 18:57:02.985 : Booking is created : 131137426-90230-up	[MsgId: MMSG-17999]
    2023-06-12 18:57:05.687 : Booking is created : 211861239-117223-up	[MsgId: MMSG-17999]
    2023-06-12 18:57:06.687 : Booking is created : 57433095-1510088-up	[MsgId: MMSG-17999]
    2023-06-12 18:57:09.812 : Booking (332990009-105650-up) is deleted	[MsgId: MMSG-17999]
    2023-06-12 18:57:13.375 : Booking (211861239-117223-up) is deleted	[MsgId: MMSG-17999]
    2023-06-12 18:57:14.462 : Booking (57433095-1510088-up) is deleted	[MsgId: MMSG-17999]
    2023-06-12 18:57:14.490 : User is logged out of session	[MsgId: MMSG-17999]
    2023-06-12 18:57:14.796 : Booking (131137426-90230-up) is deleted	[MsgId: MMSG-17999]
    2023-06-12 18:57:17.786 : User is logged out of session	[MsgId: MMSG-17999]
    2023-06-12 18:57:18.796 : User is logged out of session	[MsgId: MMSG-17999]
    2023-06-12 18:57:19.663 : User is logged out of session	[MsgId: MMSG-17999]
