  2023-06-15 02:07:18.548 : IterationNum=1	[MsgId: MMSG-17999]
   USER 1 = jojo:bean	[MsgId: MMSG-17999]
    2023-06-15 02:07:18.641 : Start page is opened	[MsgId: MMSG-17999]
    2023-06-15 02:07:23.518 : User is logged in with session 136636.438882139HAcicDzpicftcVzQptcAQf	[MsgId: MMSG-17999]
    2023-06-15 02:07:28.121 : Search page opened	[MsgId: MMSG-17999]
    2023-06-15 02:07:40.561 : Flights found : 561;98;06/18/2023 and 652;104;06/15/2023	[MsgId: MMSG-17999]
    2023-06-15 02:07:40.561 : Sity depart : Portland, Sity arrive : San Francisco	[MsgId: MMSG-17999]
    2023-06-15 02:07:51.553 : Found Seat Type : Business, Seat Pref : Window	[MsgId: MMSG-17999]
    2023-06-15 02:08:09.148 : Booking is complect	[MsgId: MMSG-17999]
    2023-06-15 02:08:15.425 : Go to Home Page is complete	[MsgId: MMSG-17999]
    2023-06-15 02:08:21.203 : Booking is created : 30890970-127092-jb	[MsgId: MMSG-17999]
    2023-06-15 02:08:30.075 : Booking (30890970-127092-jb) is deleted	[MsgId: MMSG-17999]
    2023-06-15 02:08:34.177 : User is logged out of session	[MsgId: MMSG-17999]
  2023-06-15 02:19:18.558 : IterationNum=2	[MsgId: MMSG-17999]
   USER 2 = user1:pwd1	[MsgId: MMSG-17999]
    2023-06-15 02:19:18.652 : Start page is opened	[MsgId: MMSG-17999]
    2023-06-15 02:19:24.527 : User is logged in with session 136636.497205346HAcicDQpicftcVzQptDiQf	[MsgId: MMSG-17999]
    2023-06-15 02:19:28.806 : Search page opened	[MsgId: MMSG-17999]
    2023-06-15 02:19:40.275 : Flights found : 510;320;06/18/2023 and 151;285;06/15/2023	[MsgId: MMSG-17999]
    2023-06-15 02:19:40.275 : Sity depart : Portland, Sity arrive : Frankfurt	[MsgId: MMSG-17999]
    2023-06-15 02:19:51.576 : Found Seat Type : Coach, Seat Pref : Window	[MsgId: MMSG-17999]
    2023-06-15 02:20:04.439 : Booking is complect	[MsgId: MMSG-17999]
    2023-06-15 02:20:10.282 : Go to Home Page is complete	[MsgId: MMSG-17999]
    2023-06-15 02:20:15.430 : Booking is created : 306315197-88585-up	[MsgId: MMSG-17999]
    2023-06-15 02:20:24.036 : Booking (306315197-88585-up) is deleted	[MsgId: MMSG-17999]
    2023-06-15 02:20:30.307 : User is logged out of session	[MsgId: MMSG-17999]
  2023-06-15 02:31:18.568 : IterationNum=3	[MsgId: MMSG-17999]
   USER 3 = user2:pwd2	[MsgId: MMSG-17999]
    2023-06-15 02:31:18.661 : Start page is opened	[MsgId: MMSG-17999]
    2023-06-15 02:31:23.504 : User is logged in with session 136636.555528554HAcictcpicftcVzQptfzQf	[MsgId: MMSG-17999]
    2023-06-15 02:31:28.960 : Search page opened	[MsgId: MMSG-17999]
    2023-06-15 02:31:41.660 : Flights found : 863;873;06/18/2023 and 681;950;06/15/2023	[MsgId: MMSG-17999]
    2023-06-15 02:31:41.660 : Sity depart : Sydney, Sity arrive : San Francisco	[MsgId: MMSG-17999]
    2023-06-15 02:31:50.126 : Found Seat Type : Business, Seat Pref : Window	[MsgId: MMSG-17999]
    2023-06-15 02:32:08.286 : Booking is complect	[MsgId: MMSG-17999]
    2023-06-15 02:32:12.753 : Go to Home Page is complete	[MsgId: MMSG-17999]
    2023-06-15 02:32:17.356 : Booking is created : 340402365-1293217-up	[MsgId: MMSG-17999]
    2023-06-15 02:32:26.000 : Booking (340402365-1293217-up) is deleted	[MsgId: MMSG-17999]
    2023-06-15 02:32:31.067 : User is logged out of session	[MsgId: MMSG-17999]
  2023-06-15 02:43:18.453 : IterationNum=1	[MsgId: MMSG-17999]
   USER 1 = user6:pwd6	[MsgId: MMSG-17999]
    2023-06-15 02:43:18.544 : Start page is opened	[MsgId: MMSG-17999]
  2023-06-15 02:43:18.575 : IterationNum=4	[MsgId: MMSG-17999]
   USER 4 = user3:pwd3	[MsgId: MMSG-17999]
    2023-06-15 02:43:18.669 : Start page is opened	[MsgId: MMSG-17999]
    2023-06-15 02:43:23.457 : User is logged in with session 136636.613851762HAcictfpicftcVzQptHtQf	[MsgId: MMSG-17999]
    2023-06-15 02:43:24.451 : User is logged in with session 136636.613851762HAcictfpicftcVzQptHtQf	[MsgId: MMSG-17999]
    2023-06-15 02:43:29.391 : Search page opened	[MsgId: MMSG-17999]
    2023-06-15 02:43:29.439 : Search page opened	[MsgId: MMSG-17999]
    2023-06-15 02:43:43.368 : Flights found : 931;308;06/18/2023 and 390;401;06/15/2023	[MsgId: MMSG-17999]
    2023-06-15 02:43:43.368 : Sity depart : Zurich, Sity arrive : Los Angeles	[MsgId: MMSG-17999]
    2023-06-15 02:43:44.790 : Flights found : 982;1471;06/18/2023 and 891;1386;06/15/2023	[MsgId: MMSG-17999]
    2023-06-15 02:43:44.790 : Sity depart : Zurich, Sity arrive : Sydney	[MsgId: MMSG-17999]
    2023-06-15 02:43:54.646 : Found Seat Type : Coach, Seat Pref : Aisle	[MsgId: MMSG-17999]
    2023-06-15 02:43:56.193 : Found Seat Type : Business, Seat Pref : None	[MsgId: MMSG-17999]
    2023-06-15 02:44:10.282 : Booking is complect	[MsgId: MMSG-17999]
    2023-06-15 02:44:10.596 : Booking is complect	[MsgId: MMSG-17999]
    2023-06-15 02:44:14.588 : Go to Home Page is complete	[MsgId: MMSG-17999]
    2023-06-15 02:44:14.897 : Go to Home Page is complete	[MsgId: MMSG-17999]
    2023-06-15 02:44:19.538 : Booking is created : 332997455-106977-up	[MsgId: MMSG-17999]
    2023-06-15 02:44:20.500 : Booking is created : 1541104498-1454835-up	[MsgId: MMSG-17999]
    2023-06-15 02:44:28.582 : Booking (1541104498-1454835-up) is deleted	[MsgId: MMSG-17999]
    2023-06-15 02:44:29.700 : Booking (332997455-106977-up) is deleted	[MsgId: MMSG-17999]
    2023-06-15 02:44:33.251 : User is logged out of session	[MsgId: MMSG-17999]
    2023-06-15 02:44:33.669 : User is logged out of session	[MsgId: MMSG-17999]
  2023-06-15 02:55:18.466 : IterationNum=2	[MsgId: MMSG-17999]
   USER 2 = user7:pwd7	[MsgId: MMSG-17999]
    2023-06-15 02:55:18.560 : Start page is opened	[MsgId: MMSG-17999]
  2023-06-15 02:55:18.575 : IterationNum=5	[MsgId: MMSG-17999]
   USER 5 = user4:pwd4	[MsgId: MMSG-17999]
    2023-06-15 02:55:18.671 : Start page is opened	[MsgId: MMSG-17999]
    2023-06-15 02:55:23.074 : User is logged in with session 136636.67217497HAcictipicftcVzQptQcQf	[MsgId: MMSG-17999]
    2023-06-15 02:55:24.149 : User is logged in with session 136636.67217497HAcictipicftcVzQptQcQf	[MsgId: MMSG-17999]
    2023-06-15 02:55:28.046 : Search page opened	[MsgId: MMSG-17999]
    2023-06-15 02:55:29.042 : Search page opened	[MsgId: MMSG-17999]
    2023-06-15 02:55:42.845 : Flights found : 641;554;06/18/2023 and 461;554;06/15/2023	[MsgId: MMSG-17999]
    2023-06-15 02:55:42.845 : Sity depart : San Francisco, Sity arrive : Paris	[MsgId: MMSG-17999]
    2023-06-15 02:55:47.710 : Flights found : 262;803;06/18/2023 and 622;803;06/15/2023	[MsgId: MMSG-17999]
    2023-06-15 02:55:47.710 : Sity depart : London, Sity arrive : San Francisco	[MsgId: MMSG-17999]
    2023-06-15 02:55:52.653 : Found Seat Type : Coach, Seat Pref : Window	[MsgId: MMSG-17999]
    2023-06-15 02:55:58.481 : Found Seat Type : Business, Seat Pref : None	[MsgId: MMSG-17999]
    2023-06-15 02:56:09.451 : Booking is complect	[MsgId: MMSG-17999]
    2023-06-15 02:56:15.434 : Go to Home Page is complete	[MsgId: MMSG-17999]
    2023-06-15 02:56:16.125 : Booking is complect	[MsgId: MMSG-17999]
    2023-06-15 02:56:19.831 : Booking is created : 76690427-1123931-up	[MsgId: MMSG-17999]
    2023-06-15 02:56:21.542 : Go to Home Page is complete	[MsgId: MMSG-17999]
    2023-06-15 02:56:27.027 : Booking is created : 365565289-1247815-up	[MsgId: MMSG-17999]
    2023-06-15 02:56:31.374 : Booking (76690427-1123931-up) is deleted	[MsgId: MMSG-17999]
    2023-06-15 02:56:35.733 : User is logged out of session	[MsgId: MMSG-17999]
    2023-06-15 02:56:37.063 : Booking (365565289-1247815-up) is deleted	[MsgId: MMSG-17999]
    2023-06-15 02:56:41.451 : User is logged out of session	[MsgId: MMSG-17999]
  2023-06-15 03:07:18.476 : IterationNum=3	[MsgId: MMSG-17999]
   USER 3 = user8:pwd8	[MsgId: MMSG-17999]
  2023-06-15 03:07:18.506 : IterationNum=1	[MsgId: MMSG-17999]
   USER 1 = user12:pwd12	[MsgId: MMSG-17999]
    2023-06-15 03:07:18.570 : Start page is opened	[MsgId: MMSG-17999]
  2023-06-15 03:07:18.585 : IterationNum=6	[MsgId: MMSG-17999]
   USER 6 = user5:pwd5	[MsgId: MMSG-17999]
    2023-06-15 03:07:18.601 : Start page is opened	[MsgId: MMSG-17999]
    2023-06-15 03:07:18.678 : Start page is opened	[MsgId: MMSG-17999]
    2023-06-15 03:07:22.506 : User is logged in with session 136636.730498177HAcicfVpicftcVzQpfVAQf	[MsgId: MMSG-17999]
    2023-06-15 03:07:24.446 : User is logged in with session 136636.730498177HAcicfVpicftcVzQpfVAQf	[MsgId: MMSG-17999]
    2023-06-15 03:07:24.848 : User is logged in with session 136636.730498177HAcicfVpicftcVzQpfVAQf	[MsgId: MMSG-17999]
    2023-06-15 03:07:27.910 : Search page opened	[MsgId: MMSG-17999]
    2023-06-15 03:07:28.800 : Search page opened	[MsgId: MMSG-17999]
    2023-06-15 03:07:29.017 : Search page opened	[MsgId: MMSG-17999]
    2023-06-15 03:07:43.169 : Flights found : 840;2679;06/18/2023 and 480;2679;06/15/2023	[MsgId: MMSG-17999]
    2023-06-15 03:07:43.169 : Sity depart : Sydney, Sity arrive : Paris	[MsgId: MMSG-17999]
    2023-06-15 03:07:45.709 : Flights found : 102;684;06/18/2023 and 010;723;06/15/2023	[MsgId: MMSG-17999]
    2023-06-15 03:07:45.709 : Sity depart : Frankfurt, Sity arrive : Denver	[MsgId: MMSG-17999]
    2023-06-15 03:07:45.904 : Flights found : 432;414;06/18/2023 and 343;359;06/15/2023	[MsgId: MMSG-17999]
    2023-06-15 03:07:45.904 : Sity depart : Paris, Sity arrive : Los Angeles	[MsgId: MMSG-17999]
    2023-06-15 03:07:52.340 : Found Seat Type : First, Seat Pref : Window	[MsgId: MMSG-17999]
    2023-06-15 03:07:54.285 : Found Seat Type : Coach, Seat Pref : Aisle	[MsgId: MMSG-17999]
    2023-06-15 03:07:56.422 : Found Seat Type : First, Seat Pref : None	[MsgId: MMSG-17999]
    2023-06-15 03:08:04.019 : Booking is complect	[MsgId: MMSG-17999]
    2023-06-15 03:08:05.922 : Booking is complect	[MsgId: MMSG-17999]
    2023-06-15 03:08:07.959 : Go to Home Page is complete	[MsgId: MMSG-17999]
    2023-06-15 03:08:09.828 : Go to Home Page is complete	[MsgId: MMSG-17999]
    2023-06-15 03:08:11.138 : Booking is complect	[MsgId: MMSG-17999]
    2023-06-15 03:08:12.856 : Booking is created : 3504014914-1138873-up	[MsgId: MMSG-17999]
    2023-06-15 03:08:15.142 : Booking is created : 150016015-103367-up	[MsgId: MMSG-17999]
    2023-06-15 03:08:17.131 : Go to Home Page is complete	[MsgId: MMSG-17999]
    2023-06-15 03:08:22.477 : Booking is created : 242226025-777031-up	[MsgId: MMSG-17999]
    2023-06-15 03:08:22.572 : Booking (3504014914-1138873-up) is deleted	[MsgId: MMSG-17999]
    2023-06-15 03:08:25.707 : Booking (150016015-103367-up) is deleted	[MsgId: MMSG-17999]
    2023-06-15 03:08:27.790 : User is logged out of session	[MsgId: MMSG-17999]
    2023-06-15 03:08:31.514 : User is logged out of session	[MsgId: MMSG-17999]
    2023-06-15 03:08:32.329 : Booking (242226025-777031-up) is deleted	[MsgId: MMSG-17999]
    2023-06-15 03:08:37.229 : User is logged out of session	[MsgId: MMSG-17999]
  2023-06-15 03:19:18.485 : IterationNum=4	[MsgId: MMSG-17999]
   USER 4 = user9:pwd9	[MsgId: MMSG-17999]
  2023-06-15 03:19:18.517 : IterationNum=2	[MsgId: MMSG-17999]
   USER 2 = user13:pwd13	[MsgId: MMSG-17999]
  2023-06-15 03:19:18.564 : IterationNum=1	[MsgId: MMSG-17999]
   USER 1 = user18:pwd18	[MsgId: MMSG-17999]
    2023-06-15 03:19:18.580 : Start page is opened	[MsgId: MMSG-17999]
  2023-06-15 03:19:18.595 : IterationNum=7	[MsgId: MMSG-17999]
   USER 7 = user5:pwd5	[MsgId: MMSG-17999]
    2023-06-15 03:19:18.612 : Start page is opened	[MsgId: MMSG-17999]
    2023-06-15 03:19:18.658 : Start page is opened	[MsgId: MMSG-17999]
    2023-06-15 03:19:18.690 : Start page is opened	[MsgId: MMSG-17999]
    2023-06-15 03:19:22.790 : User is logged in with session 136636.788821385HAcicftpicftcVzQpfciQf	[MsgId: MMSG-17999]
    2023-06-15 03:19:23.492 : User is logged in with session 136636.788821385HAcicftpicftcVzQpfciQf	[MsgId: MMSG-17999]
    2023-06-15 03:19:23.647 : User is logged in with session 136636.788821385HAcicftpicftcVzQpfciQf	[MsgId: MMSG-17999]
    2023-06-15 03:19:23.663 : User is logged in with session 136636.788821385HAcicftpicftcVzQpfciQf	[MsgId: MMSG-17999]
    2023-06-15 03:19:26.954 : Search page opened	[MsgId: MMSG-17999]
    2023-06-15 03:19:28.042 : Search page opened	[MsgId: MMSG-17999]
    2023-06-15 03:19:28.527 : Search page opened	[MsgId: MMSG-17999]
    2023-06-15 03:19:29.662 : Search page opened	[MsgId: MMSG-17999]
    2023-06-15 03:19:38.623 : Flights found : 422;193;06/18/2023 and 240;204;06/15/2023	[MsgId: MMSG-17999]
    2023-06-15 03:19:38.623 : Sity depart : Paris, Sity arrive : London	[MsgId: MMSG-17999]
    2023-06-15 03:19:43.750 : Flights found : 640;902;06/18/2023 and 462;853;06/15/2023	[MsgId: MMSG-17999]
    2023-06-15 03:19:43.750 : Sity depart : San Francisco, Sity arrive : Paris	[MsgId: MMSG-17999]
    2023-06-15 03:19:44.622 : Flights found : 350;198;06/18/2023 and 532;187;06/15/2023	[MsgId: MMSG-17999]
    2023-06-15 03:19:44.622 : Sity depart : Los Angeles, Sity arrive : Portland	[MsgId: MMSG-17999]
    2023-06-15 03:19:47.672 : Flights found : 830;1256;06/18/2023 and 381;1119;06/15/2023	[MsgId: MMSG-17999]
    2023-06-15 03:19:47.672 : Sity depart : Sydney, Sity arrive : Los Angeles	[MsgId: MMSG-17999]
    2023-06-15 03:19:50.901 : Found Seat Type : First, Seat Pref : None	[MsgId: MMSG-17999]
    2023-06-15 03:19:55.413 : Found Seat Type : Coach, Seat Pref : None	[MsgId: MMSG-17999]
    2023-06-15 03:19:56.054 : Found Seat Type : Business, Seat Pref : None	[MsgId: MMSG-17999]
    2023-06-15 03:19:56.875 : Found Seat Type : First, Seat Pref : Window	[MsgId: MMSG-17999]
    2023-06-15 03:20:03.430 : Booking is complect	[MsgId: MMSG-17999]
    2023-06-15 03:20:07.649 : Go to Home Page is complete	[MsgId: MMSG-17999]
    2023-06-15 03:20:10.351 : Booking is complect	[MsgId: MMSG-17999]
    2023-06-15 03:20:12.536 : Booking is created : 211867488-95415-up	[MsgId: MMSG-17999]
    2023-06-15 03:20:12.949 : Booking is complect	[MsgId: MMSG-17999]
    2023-06-15 03:20:14.820 : Booking is complect	[MsgId: MMSG-17999]
    2023-06-15 03:20:15.476 : Go to Home Page is complete	[MsgId: MMSG-17999]
    2023-06-15 03:20:17.630 : Go to Home Page is complete	[MsgId: MMSG-17999]
    2023-06-15 03:20:19.294 : Go to Home Page is complete	[MsgId: MMSG-17999]
    2023-06-15 03:20:20.058 : Booking is created : 106679636-117875-up	[MsgId: MMSG-17999]
    2023-06-15 03:20:22.587 : Booking is created : 855863009-1062490-up	[MsgId: MMSG-17999]
    2023-06-15 03:20:23.926 : Booking (211867488-95415-up) is deleted	[MsgId: MMSG-17999]
    2023-06-15 03:20:24.018 : Booking is created : 350394107-1124750-up	[MsgId: MMSG-17999]
    2023-06-15 03:20:28.211 : User is logged out of session	[MsgId: MMSG-17999]
    2023-06-15 03:20:30.143 : Booking (106679636-117875-up) is deleted	[MsgId: MMSG-17999]
    2023-06-15 03:20:34.295 : Booking (855863009-1062490-up) is deleted	[MsgId: MMSG-17999]
    2023-06-15 03:20:36.127 : User is logged out of session	[MsgId: MMSG-17999]
    2023-06-15 03:20:36.147 : Booking (350394107-1124750-up) is deleted	[MsgId: MMSG-17999]
    2023-06-15 03:20:40.250 : User is logged out of session	[MsgId: MMSG-17999]
    2023-06-15 03:20:40.621 : User is logged out of session	[MsgId: MMSG-17999]
  2023-06-15 03:31:18.498 : IterationNum=5	[MsgId: MMSG-17999]
   USER 5 = user10:pwd10	[MsgId: MMSG-17999]
  2023-06-15 03:31:18.528 : IterationNum=3	[MsgId: MMSG-17999]
   USER 3 = user14:pwd14	[MsgId: MMSG-17999]
  2023-06-15 03:31:18.576 : IterationNum=2	[MsgId: MMSG-17999]
   USER 2 = user19:pwd19	[MsgId: MMSG-17999]
    2023-06-15 03:31:18.592 : Start page is opened	[MsgId: MMSG-17999]
  2023-06-15 03:31:18.595 : IterationNum=1	[MsgId: MMSG-17999]
   USER 1 = user24:pwd24	[MsgId: MMSG-17999]
  2023-06-15 03:31:18.607 : IterationNum=8	[MsgId: MMSG-17999]
   USER 8 = user5:pwd5	[MsgId: MMSG-17999]
    2023-06-15 03:31:18.622 : Start page is opened	[MsgId: MMSG-17999]
    2023-06-15 03:31:18.670 : Start page is opened	[MsgId: MMSG-17999]
    2023-06-15 03:31:18.700 : Start page is opened	[MsgId: MMSG-17999]
    2023-06-15 03:31:18.700 : Start page is opened	[MsgId: MMSG-17999]
    2023-06-15 03:31:22.494 : User is logged in with session 136636.847144593HAcicfHpicftcVzQpftzQf	[MsgId: MMSG-17999]
    2023-06-15 03:31:23.354 : User is logged in with session 136636.847144593HAcicfHpicftcVzQpftzQf	[MsgId: MMSG-17999]
    2023-06-15 03:31:23.634 : User is logged in with session 136636.847144593HAcicfHpicftcVzQpftzQf	[MsgId: MMSG-17999]
    2023-06-15 03:31:24.741 : User is logged in with session 136636.847144593HAcicfHpicftcVzQpftzQf	[MsgId: MMSG-17999]
    2023-06-15 03:31:24.803 : User is logged in with session 136636.847144593HAcicfHpicftcVzQpftzQf	[MsgId: MMSG-17999]
    2023-06-15 03:31:27.408 : Search page opened	[MsgId: MMSG-17999]
    2023-06-15 03:31:28.153 : Search page opened	[MsgId: MMSG-17999]
    2023-06-15 03:31:28.660 : Search page opened	[MsgId: MMSG-17999]
    2023-06-15 03:31:28.810 : Search page opened	[MsgId: MMSG-17999]
    2023-06-15 03:31:30.056 : Search page opened	[MsgId: MMSG-17999]
    2023-06-15 03:31:41.283 : Flights found : 312;214;06/18/2023 and 133;266;06/15/2023	[MsgId: MMSG-17999]
    2023-06-15 03:31:41.283 : Sity depart : Los Angeles, Sity arrive : Frankfurt	[MsgId: MMSG-17999]
    2023-06-15 03:31:43.629 : Flights found : 492;196;06/18/2023 and 943;169;06/15/2023	[MsgId: MMSG-17999]
    2023-06-15 03:31:43.629 : Sity depart : Paris, Sity arrive : Zurich	[MsgId: MMSG-17999]
    2023-06-15 03:31:46.172 : Flights found : 603;165;06/18/2023 and 063;165;06/15/2023	[MsgId: MMSG-17999]
    2023-06-15 03:31:46.172 : Sity depart : San Francisco, Sity arrive : Denver	[MsgId: MMSG-17999]
    2023-06-15 03:31:46.497 : Flights found : 462;588;06/18/2023 and 642;588;06/15/2023	[MsgId: MMSG-17999]
    2023-06-15 03:31:46.497 : Sity depart : Paris, Sity arrive : San Francisco	[MsgId: MMSG-17999]
    2023-06-15 03:31:48.329 : Flights found : 270;819;06/18/2023 and 720;819;06/15/2023	[MsgId: MMSG-17999]
    2023-06-15 03:31:48.329 : Sity depart : London, Sity arrive : Seattle	[MsgId: MMSG-17999]
    2023-06-15 03:31:51.235 : Found Seat Type : Coach, Seat Pref : Window	[MsgId: MMSG-17999]
    2023-06-15 03:31:51.604 : Found Seat Type : Business, Seat Pref : Window	[MsgId: MMSG-17999]
    2023-06-15 03:31:53.994 : Found Seat Type : Coach, Seat Pref : Window	[MsgId: MMSG-17999]
    2023-06-15 03:31:55.491 : Found Seat Type : Coach, Seat Pref : Window	[MsgId: MMSG-17999]
    2023-06-15 03:31:59.815 : Found Seat Type : Business, Seat Pref : None	[MsgId: MMSG-17999]
    2023-06-15 03:32:05.694 : Booking is complect	[MsgId: MMSG-17999]
    2023-06-15 03:32:08.348 : Booking is complect	[MsgId: MMSG-17999]
    2023-06-15 03:32:08.503 : Booking is complect	[MsgId: MMSG-17999]
    2023-06-15 03:32:11.245 : Go to Home Page is complete	[MsgId: MMSG-17999]
    2023-06-15 03:32:12.235 : Booking is complect	[MsgId: MMSG-17999]
    2023-06-15 03:32:12.311 : Booking is complect	[MsgId: MMSG-17999]
    2023-06-15 03:32:14.136 : Go to Home Page is complete	[MsgId: MMSG-17999]
    2023-06-15 03:32:14.386 : Go to Home Page is complete	[MsgId: MMSG-17999]
    2023-06-15 03:32:16.639 : Booking is created : 247796007-149489-up	[MsgId: MMSG-17999]
    2023-06-15 03:32:17.865 : Go to Home Page is complete	[MsgId: MMSG-17999]
    2023-06-15 03:32:18.224 : Go to Home Page is complete	[MsgId: MMSG-17999]
    2023-06-15 03:32:18.505 : Booking is created : 317424540-1263167-up	[MsgId: MMSG-17999]
    2023-06-15 03:32:19.983 : Booking is created : 350381933-87190-up	[MsgId: MMSG-17999]
    2023-06-15 03:32:22.434 : Booking is created : 320010030-1323202-up	[MsgId: MMSG-17999]
    2023-06-15 03:32:23.527 : Booking is created : 82985302-81794-up	[MsgId: MMSG-17999]
    2023-06-15 03:32:24.288 : Booking (247796007-149489-up) is deleted	[MsgId: MMSG-17999]
    2023-06-15 03:32:26.184 : Booking (317424540-1263167-up) is deleted	[MsgId: MMSG-17999]
    2023-06-15 03:32:29.847 : Booking (350381933-87190-up) is deleted	[MsgId: MMSG-17999]
    2023-06-15 03:32:30.153 : User is logged out of session	[MsgId: MMSG-17999]
    2023-06-15 03:32:32.095 : Booking (320010030-1323202-up) is deleted	[MsgId: MMSG-17999]
    2023-06-15 03:32:32.265 : Booking (82985302-81794-up) is deleted	[MsgId: MMSG-17999]
    2023-06-15 03:32:32.292 : User is logged out of session	[MsgId: MMSG-17999]
    2023-06-15 03:32:35.251 : User is logged out of session	[MsgId: MMSG-17999]
    2023-06-15 03:32:37.439 : User is logged out of session	[MsgId: MMSG-17999]
    2023-06-15 03:32:38.351 : User is logged out of session	[MsgId: MMSG-17999]
  2023-06-15 03:43:18.505 : IterationNum=6	[MsgId: MMSG-17999]
   USER 6 = user11:pwd11	[MsgId: MMSG-17999]
  2023-06-15 03:43:18.536 : IterationNum=4	[MsgId: MMSG-17999]
   USER 4 = user15:pwd15	[MsgId: MMSG-17999]
  2023-06-15 03:43:18.583 : IterationNum=3	[MsgId: MMSG-17999]
   USER 3 = user20:pwd20	[MsgId: MMSG-17999]
  2023-06-15 03:43:18.599 : IterationNum=2	[MsgId: MMSG-17999]
   USER 2 = user25:pwd25	[MsgId: MMSG-17999]
    2023-06-15 03:43:18.600 : Start page is opened	[MsgId: MMSG-17999]
  2023-06-15 03:43:18.613 : IterationNum=9	[MsgId: MMSG-17999]
   USER 9 = user5:pwd5	[MsgId: MMSG-17999]
    2023-06-15 03:43:18.631 : Start page is opened	[MsgId: MMSG-17999]
    2023-06-15 03:43:18.677 : Start page is opened	[MsgId: MMSG-17999]
    2023-06-15 03:43:18.693 : Start page is opened	[MsgId: MMSG-17999]
    2023-06-15 03:43:18.708 : Start page is opened	[MsgId: MMSG-17999]
    2023-06-15 03:43:23.939 : User is logged in with session 136636.905467801HAciczApicftcVzQpfztQf	[MsgId: MMSG-17999]
    2023-06-15 03:43:24.029 : User is logged in with session 136636.905467801HAciczApicftcVzQpfztQf	[MsgId: MMSG-17999]
    2023-06-15 03:43:24.338 : User is logged in with session 136636.905467801HAciczApicftcVzQpfztQf	[MsgId: MMSG-17999]
    2023-06-15 03:43:24.622 : User is logged in with session 136636.905467801HAciczApicftcVzQpfztQf	[MsgId: MMSG-17999]
    2023-06-15 03:43:24.857 : User is logged in with session 136636.905467801HAciczApicftcVzQpfztQf	[MsgId: MMSG-17999]
    2023-06-15 03:43:29.037 : Search page opened	[MsgId: MMSG-17999]
    2023-06-15 03:43:29.254 : Search page opened	[MsgId: MMSG-17999]
    2023-06-15 03:43:29.270 : Search page opened	[MsgId: MMSG-17999]
    2023-06-15 03:43:30.129 : Search page opened	[MsgId: MMSG-17999]
    2023-06-15 03:43:30.740 : Search page opened	[MsgId: MMSG-17999]
    2023-06-15 03:43:41.826 : Flights found : 421;181;06/18/2023 and 240;204;06/15/2023	[MsgId: MMSG-17999]
    2023-06-15 03:43:41.826 : Sity depart : Paris, Sity arrive : London	[MsgId: MMSG-17999]
    2023-06-15 03:43:44.209 : Flights found : 593;378;06/18/2023 and 952;436;06/15/2023	[MsgId: MMSG-17999]
    2023-06-15 03:43:44.209 : Sity depart : Portland, Sity arrive : Zurich	[MsgId: MMSG-17999]
    2023-06-15 03:43:45.635 : Flights found : 712;904;06/18/2023 and 170;957;06/15/2023	[MsgId: MMSG-17999]
    2023-06-15 03:43:45.635 : Sity depart : Seattle, Sity arrive : Frankfurt	[MsgId: MMSG-17999]
    2023-06-15 03:43:46.952 : Flights found : 483;1695;06/18/2023 and 841;1845;06/15/2023	[MsgId: MMSG-17999]
    2023-06-15 03:43:46.953 : Sity depart : Paris, Sity arrive : Sydney	[MsgId: MMSG-17999]
    2023-06-15 03:43:48.651 : Flights found : 781;1035;06/18/2023 and 873;951;06/15/2023	[MsgId: MMSG-17999]
    2023-06-15 03:43:48.652 : Sity depart : Seattle, Sity arrive : Sydney	[MsgId: MMSG-17999]
    2023-06-15 03:43:52.019 : Found Seat Type : Coach, Seat Pref : Window	[MsgId: MMSG-17999]
    2023-06-15 03:43:54.345 : Found Seat Type : First, Seat Pref : Window	[MsgId: MMSG-17999]
    2023-06-15 03:43:54.346 : Found Seat Type : First, Seat Pref : Window	[MsgId: MMSG-17999]
    2023-06-15 03:43:58.522 : Found Seat Type : Business, Seat Pref : Window	[MsgId: MMSG-17999]
    2023-06-15 03:43:59.553 : Found Seat Type : Business, Seat Pref : Aisle	[MsgId: MMSG-17999]
    2023-06-15 03:44:09.392 : Booking is complect	[MsgId: MMSG-17999]
    2023-06-15 03:44:09.870 : Booking is complect	[MsgId: MMSG-17999]
    2023-06-15 03:44:11.334 : Booking is complect	[MsgId: MMSG-17999]
    2023-06-15 03:44:13.842 : Go to Home Page is complete	[MsgId: MMSG-17999]
    2023-06-15 03:44:13.911 : Booking is complect	[MsgId: MMSG-17999]
    2023-06-15 03:44:14.152 : Go to Home Page is complete	[MsgId: MMSG-17999]
    2023-06-15 03:44:15.625 : Go to Home Page is complete	[MsgId: MMSG-17999]
    2023-06-15 03:44:15.794 : Booking is complect	[MsgId: MMSG-17999]
    2023-06-15 03:44:18.070 : Booking is created : 350392347-150216-up	[MsgId: MMSG-17999]
    2023-06-15 03:44:18.893 : Booking is created : 164460043-95414-up	[MsgId: MMSG-17999]
    2023-06-15 03:44:19.000 : Go to Home Page is complete	[MsgId: MMSG-17999]
    2023-06-15 03:44:20.698 : Go to Home Page is complete	[MsgId: MMSG-17999]
    2023-06-15 03:44:21.678 : Booking is created : 35952329-900143-up	[MsgId: MMSG-17999]
    2023-06-15 03:44:23.082 : Booking is created : 574253025-1416426-up	[MsgId: MMSG-17999]
    2023-06-15 03:44:25.237 : Booking is created : 2063252260-1440922-up	[MsgId: MMSG-17999]
    2023-06-15 03:44:25.972 : Booking (350392347-150216-up) is deleted	[MsgId: MMSG-17999]
    2023-06-15 03:44:27.493 : Booking (164460043-95414-up) is deleted	[MsgId: MMSG-17999]
    2023-06-15 03:44:31.594 : User is logged out of session	[MsgId: MMSG-17999]
    2023-06-15 03:44:32.514 : Booking (35952329-900143-up) is deleted	[MsgId: MMSG-17999]
    2023-06-15 03:44:33.458 : User is logged out of session	[MsgId: MMSG-17999]
    2023-06-15 03:44:34.305 : Booking (574253025-1416426-up) is deleted	[MsgId: MMSG-17999]
    2023-06-15 03:44:37.036 : Booking (2063252260-1440922-up) is deleted	[MsgId: MMSG-17999]
    2023-06-15 03:44:38.261 : User is logged out of session	[MsgId: MMSG-17999]
    2023-06-15 03:44:39.612 : User is logged out of session	[MsgId: MMSG-17999]
    2023-06-15 03:44:41.660 : User is logged out of session	[MsgId: MMSG-17999]
