  2023-06-11 01:16:31.362 : IterationNum=1	[MsgId: MMSG-17999]
   USER 1 = jojo:bean	[MsgId: MMSG-17999]
    2023-06-11 01:16:31.458 : Start page is opened	[MsgId: MMSG-17999]
    2023-06-11 01:16:36.585 : User is logged in with session 136608.196921831HAczHitpVcQVzzzHtcVzApHAtHHf	[MsgId: MMSG-17999]
    2023-06-11 01:16:41.716 : Search page opened	[MsgId: MMSG-17999]
  2023-06-11 01:16:46.083 : IterationNum=1	[MsgId: MMSG-17999]
   USER 1 = user20:pwd20	[MsgId: MMSG-17999]
    2023-06-11 01:16:46.169 : Start page is opened	[MsgId: MMSG-17999]
    2023-06-11 01:16:51.299 : User is logged in with session 136608.198136898HAczHitpVQVzzzzHtcVzApHAfVf	[MsgId: MMSG-17999]
    2023-06-11 01:16:56.434 : Search page opened	[MsgId: MMSG-17999]
    2023-06-11 01:16:56.777 : Flights found : 190;198;06/14/2023 and 912;187;06/11/2023	[MsgId: MMSG-17999]
    2023-06-11 01:16:56.778 : Sity depart : Frankfurt, Sity arrive : Zurich	[MsgId: MMSG-17999]
  2023-06-11 01:17:01.114 : IterationNum=1	[MsgId: MMSG-17999]
   USER 1 = user40:pwd40	[MsgId: MMSG-17999]
    2023-06-11 01:17:01.207 : Start page is opened	[MsgId: MMSG-17999]
    2023-06-11 01:17:06.339 : User is logged in with session 136608.199351964HAczHitpcftVzzzHtcVzApHAffcf	[MsgId: MMSG-17999]
    2023-06-11 01:17:06.830 : Found Seat Type : Coach, Seat Pref : Aisle	[MsgId: MMSG-17999]
    2023-06-11 01:17:11.481 : Search page opened	[MsgId: MMSG-17999]
    2023-06-11 01:17:11.488 : Flights found : 052;487;06/14/2023 and 503;421;06/11/2023	[MsgId: MMSG-17999]
    2023-06-11 01:17:11.488 : Sity depart : Denver, Sity arrive : Portland	[MsgId: MMSG-17999]
  2023-06-11 01:17:16.145 : IterationNum=1	[MsgId: MMSG-17999]
   USER 1 = user60:pwd60	[MsgId: MMSG-17999]
    2023-06-11 01:17:16.234 : Start page is opened	[MsgId: MMSG-17999]
    2023-06-11 01:17:21.369 : User is logged in with session 136608.200567031HAczHitpDVzzzzzHtcVzApHAfQ	[MsgId: MMSG-17999]
    2023-06-11 01:17:21.532 : Found Seat Type : First, Seat Pref : None	[MsgId: MMSG-17999]
    2023-06-11 01:17:21.877 : Booking is complect	[MsgId: MMSG-17999]
    2023-06-11 01:17:26.496 : Search page opened	[MsgId: MMSG-17999]
           ERROR : Sity depart : Sydney Sity arrive : Sydney	[MsgId: MMSG-17999]
           ERROR FIXED : Sity depart : Sydney Sity arrive : London	[MsgId: MMSG-17999]
    2023-06-11 01:17:26.535 : Flights found : 921;241;06/14/2023 and 290;271;06/11/2023	[MsgId: MMSG-17999]
    2023-06-11 01:17:26.535 : Sity depart : Zurich, Sity arrive : London	[MsgId: MMSG-17999]
    2023-06-11 01:17:27.010 : Go to Home Page is complete	[MsgId: MMSG-17999]
  2023-06-11 01:17:31.162 : IterationNum=1	[MsgId: MMSG-17999]
   USER 1 = user80:pwd80	[MsgId: MMSG-17999]
    2023-06-11 01:17:31.250 : Start page is opened	[MsgId: MMSG-17999]
    2023-06-11 01:17:32.153 : Booking is created : 308895933-147106-jb	[MsgId: MMSG-17999]
    2023-06-11 01:17:36.380 : User is logged in with session 136608.201782098HAczHitpDHQVzzzHtcVzApHAzcHf	[MsgId: MMSG-17999]
    2023-06-11 01:17:36.585 : Found Seat Type : Business, Seat Pref : Aisle	[MsgId: MMSG-17999]
    2023-06-11 01:17:36.587 : Booking is complect	[MsgId: MMSG-17999]
    2023-06-11 01:17:41.507 : Search page opened	[MsgId: MMSG-17999]
    2023-06-11 01:17:41.545 : Flights found : 821;2407;06/14/2023 and 281;2407;06/11/2023	[MsgId: MMSG-17999]
    2023-06-11 01:17:41.545 : Sity depart : Sydney, Sity arrive : London	[MsgId: MMSG-17999]
    2023-06-11 01:17:41.725 : Go to Home Page is complete	[MsgId: MMSG-17999]
    2023-06-11 01:17:42.193 : Booking (308895933-147106-jb) is deleted	[MsgId: MMSG-17999]
    2023-06-11 01:17:46.868 : Booking is created : 57409351-115685-up	[MsgId: MMSG-17999]
    2023-06-11 01:17:47.340 : User is logged out of session	[MsgId: MMSG-17999]
  2023-06-11 01:17:47.340 : IterationNum=2	[MsgId: MMSG-17999]
   USER 2 = user1:pwd1	[MsgId: MMSG-17999]
    2023-06-11 01:17:47.427 : Start page is opened	[MsgId: MMSG-17999]
    2023-06-11 01:17:51.606 : Found Seat Type : First, Seat Pref : Window	[MsgId: MMSG-17999]
    2023-06-11 01:17:51.631 : Booking is complect	[MsgId: MMSG-17999]
    2023-06-11 01:17:52.555 : User is logged in with session 136608.203078169HAczHitpttfiDDDDtcVzApHAzzHf	[MsgId: MMSG-17999]
    2023-06-11 01:17:56.557 : Flights found : 742;565;06/14/2023 and 472;565;06/11/2023	[MsgId: MMSG-17999]
    2023-06-11 01:17:56.558 : Sity depart : Seattle, Sity arrive : Paris	[MsgId: MMSG-17999]
    2023-06-11 01:17:56.764 : Go to Home Page is complete	[MsgId: MMSG-17999]
    2023-06-11 01:17:56.925 : Booking (57409351-115685-up) is deleted	[MsgId: MMSG-17999]
    2023-06-11 01:17:57.678 : Search page opened	[MsgId: MMSG-17999]
    2023-06-11 01:18:01.890 : Booking is created : 258923008-99270-up	[MsgId: MMSG-17999]
    2023-06-11 01:18:02.062 : User is logged out of session	[MsgId: MMSG-17999]
  2023-06-11 01:18:02.062 : IterationNum=2	[MsgId: MMSG-17999]
   USER 2 = user21:pwd21	[MsgId: MMSG-17999]
    2023-06-11 01:18:02.151 : Start page is opened	[MsgId: MMSG-17999]
    2023-06-11 01:18:06.622 : Found Seat Type : Coach, Seat Pref : Window	[MsgId: MMSG-17999]
    2023-06-11 01:18:06.660 : Booking is complect	[MsgId: MMSG-17999]
    2023-06-11 01:18:07.287 : User is logged in with session 136608.204293236HAczHitpfAiDDDDDtcVzApHAHAf	[MsgId: MMSG-17999]
    2023-06-11 01:18:11.801 : Go to Home Page is complete	[MsgId: MMSG-17999]
    2023-06-11 01:18:11.930 : Booking (258923008-99270-up) is deleted	[MsgId: MMSG-17999]
    2023-06-11 01:18:12.419 : Search page opened	[MsgId: MMSG-17999]
    2023-06-11 01:18:12.732 : Flights found : 930;346;06/14/2023 and 391;357;06/11/2023	[MsgId: MMSG-17999]
    2023-06-11 01:18:12.732 : Sity depart : Zurich, Sity arrive : Los Angeles	[MsgId: MMSG-17999]
    2023-06-11 01:18:16.938 : Booking is created : 570674533-985754-up	[MsgId: MMSG-17999]
    2023-06-11 01:18:17.062 : User is logged out of session	[MsgId: MMSG-17999]
  2023-06-11 01:18:17.062 : IterationNum=2	[MsgId: MMSG-17999]
   USER 2 = user41:pwd41	[MsgId: MMSG-17999]
    2023-06-11 01:18:17.151 : Start page is opened	[MsgId: MMSG-17999]
    2023-06-11 01:18:21.672 : Booking is complect	[MsgId: MMSG-17999]
    2023-06-11 01:18:22.286 : User is logged in with session 136608.205508303HAczHitpfHAiDDDDtcVzApHAHtcf	[MsgId: MMSG-17999]
    2023-06-11 01:18:22.787 : Found Seat Type : Coach, Seat Pref : Window	[MsgId: MMSG-17999]
    2023-06-11 01:18:26.799 : Go to Home Page is complete	[MsgId: MMSG-17999]
    2023-06-11 01:18:26.995 : Booking (570674533-985754-up) is deleted	[MsgId: MMSG-17999]
    2023-06-11 01:18:27.420 : Search page opened	[MsgId: MMSG-17999]
    2023-06-11 01:18:27.473 : Flights found : 722;775;06/14/2023 and 272;775;06/11/2023	[MsgId: MMSG-17999]
    2023-06-11 01:18:27.473 : Sity depart : Seattle, Sity arrive : London	[MsgId: MMSG-17999]
    2023-06-11 01:18:31.919 : Booking is created : 339286761-1132394-up	[MsgId: MMSG-17999]
    2023-06-11 01:18:32.139 : User is logged out of session	[MsgId: MMSG-17999]
  2023-06-11 01:18:32.139 : IterationNum=2	[MsgId: MMSG-17999]
   USER 2 = user61:pwd61	[MsgId: MMSG-17999]
    2023-06-11 01:18:32.228 : Start page is opened	[MsgId: MMSG-17999]
    2023-06-11 01:18:37.366 : User is logged in with session 136608.20672337HAczHitpzDDDDDDDtcVzApHAHi	[MsgId: MMSG-17999]
    2023-06-11 01:18:37.523 : Found Seat Type : Business, Seat Pref : Aisle	[MsgId: MMSG-17999]
    2023-06-11 01:18:37.849 : Booking is complect	[MsgId: MMSG-17999]
    2023-06-11 01:18:41.969 : Booking (339286761-1132394-up) is deleted	[MsgId: MMSG-17999]
    2023-06-11 01:18:42.462 : Flights found : 813;1871;06/14/2023 and 183;1871;06/11/2023	[MsgId: MMSG-17999]
    2023-06-11 01:18:42.462 : Sity depart : Sydney, Sity arrive : Frankfurt	[MsgId: MMSG-17999]
    2023-06-11 01:18:42.502 : Search page opened	[MsgId: MMSG-17999]
    2023-06-11 01:18:42.983 : Go to Home Page is complete	[MsgId: MMSG-17999]
    2023-06-11 01:18:47.116 : User is logged out of session	[MsgId: MMSG-17999]
  2023-06-11 01:18:47.116 : IterationNum=2	[MsgId: MMSG-17999]
   USER 2 = user81:pwd81	[MsgId: MMSG-17999]
    2023-06-11 01:18:47.200 : Start page is opened	[MsgId: MMSG-17999]
    2023-06-11 01:18:48.118 : Booking is created : 306330753-107054-up	[MsgId: MMSG-17999]
    2023-06-11 01:18:52.331 : User is logged in with session 136608.207938437HAczHitpzQfiDDDDtcVzApHAiVHf	[MsgId: MMSG-17999]
    2023-06-11 01:18:52.516 : Found Seat Type : First, Seat Pref : Window	[MsgId: MMSG-17999]
    2023-06-11 01:18:52.571 : Booking is complect	[MsgId: MMSG-17999]
    2023-06-11 01:18:57.465 : Search page opened	[MsgId: MMSG-17999]
    2023-06-11 01:18:57.551 : Flights found : 783;656;06/14/2023 and 873;656;06/11/2023	[MsgId: MMSG-17999]
    2023-06-11 01:18:57.551 : Sity depart : Seattle, Sity arrive : Sydney	[MsgId: MMSG-17999]
    2023-06-11 01:18:57.684 : Go to Home Page is complete	[MsgId: MMSG-17999]
    2023-06-11 01:18:58.173 : Booking (306330753-107054-up) is deleted	[MsgId: MMSG-17999]
    2023-06-11 01:19:02.815 : Booking is created : 100767510-978580-up	[MsgId: MMSG-17999]
    2023-06-11 01:19:03.316 : User is logged out of session	[MsgId: MMSG-17999]
  2023-06-11 01:19:03.317 : IterationNum=3	[MsgId: MMSG-17999]
   USER 3 = user2:pwd2	[MsgId: MMSG-17999]
    2023-06-11 01:19:03.404 : Start page is opened	[MsgId: MMSG-17999]
    2023-06-11 01:19:07.575 : Booking is complect	[MsgId: MMSG-17999]
    2023-06-11 01:19:07.598 : Found Seat Type : Coach, Seat Pref : None	[MsgId: MMSG-17999]
    2023-06-11 01:19:08.533 : User is logged in with session 136608.209234508HAczHitpHzcftcVzApHAifHf	[MsgId: MMSG-17999]
    2023-06-11 01:19:12.516 : Flights found : 862;695;06/14/2023 and 680;735;06/11/2023	[MsgId: MMSG-17999]
    2023-06-11 01:19:12.516 : Sity depart : Sydney, Sity arrive : San Francisco	[MsgId: MMSG-17999]
    2023-06-11 01:19:12.709 : Go to Home Page is complete	[MsgId: MMSG-17999]
    2023-06-11 01:19:12.857 : Booking (100767510-978580-up) is deleted	[MsgId: MMSG-17999]
    2023-06-11 01:19:13.671 : Search page opened	[MsgId: MMSG-17999]
    2023-06-11 01:19:17.838 : Booking is created : 1178078958-910287-up	[MsgId: MMSG-17999]
    2023-06-11 01:19:17.993 : User is logged out of session	[MsgId: MMSG-17999]
  2023-06-11 01:19:17.993 : IterationNum=3	[MsgId: MMSG-17999]
   USER 3 = user22:pwd22	[MsgId: MMSG-17999]
    2023-06-11 01:19:18.083 : Start page is opened	[MsgId: MMSG-17999]
    2023-06-11 01:19:22.568 : Found Seat Type : Coach, Seat Pref : Aisle	[MsgId: MMSG-17999]
    2023-06-11 01:19:22.657 : Booking is complect	[MsgId: MMSG-17999]
    2023-06-11 01:19:23.223 : User is logged in with session 136608.210449575HAczHitpicftcVzApHAiQf	[MsgId: MMSG-17999]
    2023-06-11 01:19:27.791 : Go to Home Page is complete	[MsgId: MMSG-17999]
    2023-06-11 01:19:27.892 : Booking (1178078958-910287-up) is deleted	[MsgId: MMSG-17999]
    2023-06-11 01:19:28.366 : Search page opened	[MsgId: MMSG-17999]
    2023-06-11 01:19:28.717 : Flights found : 422;102;06/14/2023 and 243;89;06/11/2023	[MsgId: MMSG-17999]
    2023-06-11 01:19:28.717 : Sity depart : Paris, Sity arrive : London	[MsgId: MMSG-17999]
    2023-06-11 01:19:32.920 : Booking is created : 262621616-1440870-up	[MsgId: MMSG-17999]
    2023-06-11 01:19:33.033 : User is logged out of session	[MsgId: MMSG-17999]
    2023-06-11 01:19:37.626 : Booking is complect	[MsgId: MMSG-17999]
    2023-06-11 01:19:38.777 : Found Seat Type : Coach, Seat Pref : Window	[MsgId: MMSG-17999]
    2023-06-11 01:19:42.766 : Go to Home Page is complete	[MsgId: MMSG-17999]
    2023-06-11 01:19:42.979 : Booking (262621616-1440870-up) is deleted	[MsgId: MMSG-17999]
    2023-06-11 01:19:43.412 : Flights found : 730;174;06/14/2023 and 371;155;06/11/2023	[MsgId: MMSG-17999]
    2023-06-11 01:19:43.412 : Sity depart : Seattle, Sity arrive : Los Angeles	[MsgId: MMSG-17999]
    2023-06-11 01:19:47.898 : Booking is created : 194846766-1292417-up	[MsgId: MMSG-17999]
    2023-06-11 01:19:48.115 : User is logged out of session	[MsgId: MMSG-17999]
    2023-06-11 01:19:53.469 : Found Seat Type : Coach, Seat Pref : None	[MsgId: MMSG-17999]
    2023-06-11 01:19:53.829 : Booking is complect	[MsgId: MMSG-17999]
    2023-06-11 01:19:57.949 : Booking (194846766-1292417-up) is deleted	[MsgId: MMSG-17999]
    2023-06-11 01:19:58.965 : Go to Home Page is complete	[MsgId: MMSG-17999]
    2023-06-11 01:20:03.080 : User is logged out of session	[MsgId: MMSG-17999]
    2023-06-11 01:20:04.103 : Booking is created : 340386003-95630-up	[MsgId: MMSG-17999]
    2023-06-11 01:20:08.530 : Booking is complect	[MsgId: MMSG-17999]
    2023-06-11 01:20:13.667 : Go to Home Page is complete	[MsgId: MMSG-17999]
    2023-06-11 01:20:14.159 : Booking (340386003-95630-up) is deleted	[MsgId: MMSG-17999]
    2023-06-11 01:20:18.807 : Booking is created : 214101117-105486-up	[MsgId: MMSG-17999]
    2023-06-11 01:20:19.290 : User is logged out of session	[MsgId: MMSG-17999]
    2023-06-11 01:20:28.857 : Booking (214101117-105486-up) is deleted	[MsgId: MMSG-17999]
    2023-06-11 01:20:33.996 : User is logged out of session	[MsgId: MMSG-17999]
