  2023-06-15 07:10:54.050 : IterationNum=1	[MsgId: MMSG-17999]
   USER 1 = jojo:bean	[MsgId: MMSG-17999]
    2023-06-15 07:10:54.137 : Start page is opened	[MsgId: MMSG-17999]
    2023-06-15 07:10:58.941 : User is logged in with session 136637.914459295HAciDVcpHcftcVzQpiHzDf	[MsgId: MMSG-17999]
    2023-06-15 07:11:02.877 : Search page opened	[MsgId: MMSG-17999]
    2023-06-15 07:11:16.590 : Flights found : 362;82;06/18/2023 and 630;87;06/15/2023	[MsgId: MMSG-17999]
    2023-06-15 07:11:16.590 : Sity depart : Los Angeles, Sity arrive : San Francisco	[MsgId: MMSG-17999]
    2023-06-15 07:11:28.113 : Found Seat Type : Business, Seat Pref : Aisle	[MsgId: MMSG-17999]
    2023-06-15 07:11:46.549 : Booking is complect	[MsgId: MMSG-17999]
    2023-06-15 07:11:52.006 : Go to Home Page is complete	[MsgId: MMSG-17999]
    2023-06-15 07:11:56.256 : Booking is created : 30890232-125397-jb	[MsgId: MMSG-17999]
    2023-06-15 07:12:08.357 : Booking (30890232-125397-jb) is deleted	[MsgId: MMSG-17999]
    2023-06-15 07:12:14.196 : User is logged out of session	[MsgId: MMSG-17999]
  2023-06-15 07:22:54.057 : IterationNum=2	[MsgId: MMSG-17999]
   USER 2 = user1:pwd1	[MsgId: MMSG-17999]
    2023-06-15 07:22:54.149 : Start page is opened	[MsgId: MMSG-17999]
    2023-06-15 07:22:59.658 : User is logged in with session 136637.972782503HAciDVfpHcftcVzQpiQtDf	[MsgId: MMSG-17999]
    2023-06-15 07:23:04.046 : Search page opened	[MsgId: MMSG-17999]
    2023-06-15 07:23:17.431 : Flights found : 302;238;06/18/2023 and 032;238;06/15/2023	[MsgId: MMSG-17999]
    2023-06-15 07:23:17.431 : Sity depart : Los Angeles, Sity arrive : Denver	[MsgId: MMSG-17999]
    2023-06-15 07:23:28.103 : Found Seat Type : Coach, Seat Pref : Window	[MsgId: MMSG-17999]
    2023-06-15 07:23:43.110 : Booking is complect	[MsgId: MMSG-17999]
    2023-06-15 07:23:47.812 : Go to Home Page is complete	[MsgId: MMSG-17999]
    2023-06-15 07:23:53.504 : Booking is created : 306307490-79421-up	[MsgId: MMSG-17999]
    2023-06-15 07:24:02.784 : Booking (306307490-79421-up) is deleted	[MsgId: MMSG-17999]
    2023-06-15 07:24:08.097 : User is logged out of session	[MsgId: MMSG-17999]
  2023-06-15 07:34:54.067 : IterationNum=3	[MsgId: MMSG-17999]
   USER 3 = user2:pwd2	[MsgId: MMSG-17999]
    2023-06-15 07:34:54.160 : Start page is opened	[MsgId: MMSG-17999]
    2023-06-15 07:34:59.535 : User is logged in with session 136638.031105711HAciDVipHcftcVzQpQVcDf	[MsgId: MMSG-17999]
    2023-06-15 07:35:03.943 : Search page opened	[MsgId: MMSG-17999]
    2023-06-15 07:35:17.147 : Flights found : 913;303;06/18/2023 and 190;371;06/15/2023	[MsgId: MMSG-17999]
    2023-06-15 07:35:17.147 : Sity depart : Zurich, Sity arrive : Frankfurt	[MsgId: MMSG-17999]
    2023-06-15 07:35:27.049 : Found Seat Type : First, Seat Pref : None	[MsgId: MMSG-17999]
    2023-06-15 07:35:44.109 : Booking is complect	[MsgId: MMSG-17999]
    2023-06-15 07:35:50.348 : Go to Home Page is complete	[MsgId: MMSG-17999]
    2023-06-15 07:35:55.240 : Booking is created : 340404196-91590-up	[MsgId: MMSG-17999]
    2023-06-15 07:36:06.731 : Booking (340404196-91590-up) is deleted	[MsgId: MMSG-17999]
    2023-06-15 07:36:11.379 : User is logged out of session	[MsgId: MMSG-17999]
  2023-06-15 07:46:53.821 : IterationNum=1	[MsgId: MMSG-17999]
   USER 1 = user6:pwd6	[MsgId: MMSG-17999]
    2023-06-15 07:46:53.914 : Start page is opened	[MsgId: MMSG-17999]
  2023-06-15 07:46:54.068 : IterationNum=4	[MsgId: MMSG-17999]
   USER 4 = user3:pwd3	[MsgId: MMSG-17999]
    2023-06-15 07:46:54.161 : Start page is opened	[MsgId: MMSG-17999]
    2023-06-15 07:46:59.117 : User is logged in with session 136638.089347914HAciDcVpHcAiDDDDtcVzQpQDADcf	[MsgId: MMSG-17999]
    2023-06-15 07:46:59.176 : User is logged in with session 136638.089428919HAciDcVpHcftcVzQpQDADf	[MsgId: MMSG-17999]
    2023-06-15 07:47:04.469 : Search page opened	[MsgId: MMSG-17999]
    2023-06-15 07:47:04.626 : Search page opened	[MsgId: MMSG-17999]
    2023-06-15 07:47:16.300 : Flights found : 711;659;06/18/2023 and 171;659;06/15/2023	[MsgId: MMSG-17999]
    2023-06-15 07:47:16.300 : Sity depart : Seattle, Sity arrive : Frankfurt	[MsgId: MMSG-17999]
    2023-06-15 07:47:18.176 : Flights found : 510;320;06/18/2023 and 152;302;06/15/2023	[MsgId: MMSG-17999]
    2023-06-15 07:47:18.176 : Sity depart : Portland, Sity arrive : Frankfurt	[MsgId: MMSG-17999]
    2023-06-15 07:47:26.672 : Found Seat Type : Business, Seat Pref : Aisle	[MsgId: MMSG-17999]
    2023-06-15 07:47:28.473 : Found Seat Type : Coach, Seat Pref : Aisle	[MsgId: MMSG-17999]
    2023-06-15 07:47:39.474 : Booking is complect	[MsgId: MMSG-17999]
    2023-06-15 07:47:45.020 : Go to Home Page is complete	[MsgId: MMSG-17999]
    2023-06-15 07:47:46.920 : Booking is complect	[MsgId: MMSG-17999]
    2023-06-15 07:47:51.340 : Booking is created : 154100431-900870-up	[MsgId: MMSG-17999]
    2023-06-15 07:47:52.685 : Go to Home Page is complete	[MsgId: MMSG-17999]
    2023-06-15 07:47:58.691 : Booking is created : 332981863-88663-up	[MsgId: MMSG-17999]
    2023-06-15 07:48:01.014 : Booking (154100431-900870-up) is deleted	[MsgId: MMSG-17999]
    2023-06-15 07:48:06.003 : User is logged out of session	[MsgId: MMSG-17999]
    2023-06-15 07:48:08.628 : Booking (332981863-88663-up) is deleted	[MsgId: MMSG-17999]
    2023-06-15 07:48:13.900 : User is logged out of session	[MsgId: MMSG-17999]
  2023-06-15 07:58:53.825 : IterationNum=2	[MsgId: MMSG-17999]
   USER 2 = user7:pwd7	[MsgId: MMSG-17999]
    2023-06-15 07:58:53.919 : Start page is opened	[MsgId: MMSG-17999]
  2023-06-15 07:58:54.072 : IterationNum=5	[MsgId: MMSG-17999]
   USER 5 = user4:pwd4	[MsgId: MMSG-17999]
    2023-06-15 07:58:54.166 : Start page is opened	[MsgId: MMSG-17999]
    2023-06-15 07:58:59.803 : User is logged in with session 136638.147752126HAciDctpHcftcVzQpQtiDf	[MsgId: MMSG-17999]
    2023-06-15 07:58:59.894 : User is logged in with session 136638.147671122HAciDctpHcAiDDDDtcVzQpQtiDcf	[MsgId: MMSG-17999]
    2023-06-15 07:59:05.552 : Search page opened	[MsgId: MMSG-17999]
    2023-06-15 07:59:05.725 : Search page opened	[MsgId: MMSG-17999]
    2023-06-15 07:59:21.089 : Flights found : 570;94;06/18/2023 and 753;76;06/15/2023	[MsgId: MMSG-17999]
    2023-06-15 07:59:21.089 : Sity depart : Portland, Sity arrive : Seattle	[MsgId: MMSG-17999]
    2023-06-15 07:59:23.124 : Flights found : 870;801;06/18/2023 and 782;758;06/15/2023	[MsgId: MMSG-17999]
    2023-06-15 07:59:23.124 : Sity depart : Sydney, Sity arrive : Seattle	[MsgId: MMSG-17999]
    2023-06-15 07:59:31.367 : Found Seat Type : Business, Seat Pref : Window	[MsgId: MMSG-17999]
    2023-06-15 07:59:35.613 : Found Seat Type : Coach, Seat Pref : Aisle	[MsgId: MMSG-17999]
    2023-06-15 07:59:45.225 : Booking is complect	[MsgId: MMSG-17999]
    2023-06-15 07:59:50.870 : Go to Home Page is complete	[MsgId: MMSG-17999]
    2023-06-15 07:59:53.146 : Booking is complect	[MsgId: MMSG-17999]
    2023-06-15 07:59:56.831 : Booking is created : 7668781-134859-up	[MsgId: MMSG-17999]
    2023-06-15 07:59:59.217 : Go to Home Page is complete	[MsgId: MMSG-17999]
    2023-06-15 08:00:03.586 : Booking is created : 365587807-1370889-up	[MsgId: MMSG-17999]
    2023-06-15 08:00:07.340 : Booking (7668781-134859-up) is deleted	[MsgId: MMSG-17999]
    2023-06-15 08:00:11.908 : Booking (365587807-1370889-up) is deleted	[MsgId: MMSG-17999]
    2023-06-15 08:00:12.717 : User is logged out of session	[MsgId: MMSG-17999]
    2023-06-15 08:00:15.887 : User is logged out of session	[MsgId: MMSG-17999]
  2023-06-15 08:10:53.830 : IterationNum=3	[MsgId: MMSG-17999]
   USER 3 = user8:pwd8	[MsgId: MMSG-17999]
  2023-06-15 08:10:53.851 : IterationNum=1	[MsgId: MMSG-17999]
   USER 1 = user12:pwd12	[MsgId: MMSG-17999]
    2023-06-15 08:10:53.924 : Start page is opened	[MsgId: MMSG-17999]
    2023-06-15 08:10:53.940 : Start page is opened	[MsgId: MMSG-17999]
  2023-06-15 08:10:54.078 : IterationNum=6	[MsgId: MMSG-17999]
   USER 6 = user5:pwd5	[MsgId: MMSG-17999]
    2023-06-15 08:10:54.186 : Start page is opened	[MsgId: MMSG-17999]
    2023-06-15 08:10:58.295 : User is logged in with session 136638.20599433HAciDcHpHcAiDDDDtcVzQpQzzDcf	[MsgId: MMSG-17999]
    2023-06-15 08:10:59.895 : User is logged in with session 136638.206075334HAciDcHpHcftcVzQpQzzDf	[MsgId: MMSG-17999]
    2023-06-15 08:11:00.065 : User is logged in with session 136638.20599433HAciDcHpHcAiDDDDtcVzQpQzzDcf	[MsgId: MMSG-17999]
    2023-06-15 08:11:03.846 : Search page opened	[MsgId: MMSG-17999]
    2023-06-15 08:11:05.600 : Search page opened	[MsgId: MMSG-17999]
    2023-06-15 08:11:05.602 : Search page opened	[MsgId: MMSG-17999]
    2023-06-15 08:11:18.831 : Flights found : 803;1215;06/18/2023 and 081;1323;06/15/2023	[MsgId: MMSG-17999]
    2023-06-15 08:11:18.831 : Sity depart : Sydney, Sity arrive : Denver	[MsgId: MMSG-17999]
    2023-06-15 08:11:20.838 : Flights found : 973;366;06/18/2023 and 791;398;06/15/2023	[MsgId: MMSG-17999]
    2023-06-15 08:11:20.838 : Sity depart : Zurich, Sity arrive : Seattle	[MsgId: MMSG-17999]
    2023-06-15 08:11:23.593 : Flights found : 020;635;06/18/2023 and 202;600;06/15/2023	[MsgId: MMSG-17999]
    2023-06-15 08:11:23.594 : Sity depart : Denver, Sity arrive : London	[MsgId: MMSG-17999]
    2023-06-15 08:11:27.547 : Found Seat Type : First, Seat Pref : Aisle	[MsgId: MMSG-17999]
    2023-06-15 08:11:28.752 : Found Seat Type : Coach, Seat Pref : None	[MsgId: MMSG-17999]
    2023-06-15 08:11:33.096 : Found Seat Type : First, Seat Pref : None	[MsgId: MMSG-17999]
    2023-06-15 08:11:41.163 : Booking is complect	[MsgId: MMSG-17999]
    2023-06-15 08:11:45.251 : Booking is complect	[MsgId: MMSG-17999]
    2023-06-15 08:11:46.773 : Go to Home Page is complete	[MsgId: MMSG-17999]
    2023-06-15 08:11:47.470 : Booking is complect	[MsgId: MMSG-17999]
    2023-06-15 08:11:50.459 : Go to Home Page is complete	[MsgId: MMSG-17999]
    2023-06-15 08:11:51.454 : Booking is created : 150036050-137828-up	[MsgId: MMSG-17999]
    2023-06-15 08:11:53.397 : Go to Home Page is complete	[MsgId: MMSG-17999]
    2023-06-15 08:11:55.306 : Booking is created : 2422519674-831733-up	[MsgId: MMSG-17999]
    2023-06-15 08:11:59.009 : Booking is created : 350371134-924710-up	[MsgId: MMSG-17999]
    2023-06-15 08:12:02.281 : Booking (150036050-137828-up) is deleted	[MsgId: MMSG-17999]
    2023-06-15 08:12:04.263 : Booking (2422519674-831733-up) is deleted	[MsgId: MMSG-17999]
    2023-06-15 08:12:07.363 : User is logged out of session	[MsgId: MMSG-17999]
    2023-06-15 08:12:08.917 : Booking (350371134-924710-up) is deleted	[MsgId: MMSG-17999]
    2023-06-15 08:12:10.124 : User is logged out of session	[MsgId: MMSG-17999]
    2023-06-15 08:12:13.683 : User is logged out of session	[MsgId: MMSG-17999]
  2023-06-15 08:22:53.843 : IterationNum=4	[MsgId: MMSG-17999]
   USER 4 = user9:pwd9	[MsgId: MMSG-17999]
  2023-06-15 08:22:53.859 : IterationNum=2	[MsgId: MMSG-17999]
   USER 2 = user13:pwd13	[MsgId: MMSG-17999]
  2023-06-15 08:22:53.882 : IterationNum=1	[MsgId: MMSG-17999]
   USER 1 = user18:pwd18	[MsgId: MMSG-17999]
    2023-06-15 08:22:53.937 : Start page is opened	[MsgId: MMSG-17999]
    2023-06-15 08:22:53.952 : Start page is opened	[MsgId: MMSG-17999]
    2023-06-15 08:22:53.967 : Start page is opened	[MsgId: MMSG-17999]
  2023-06-15 08:22:54.090 : IterationNum=7	[MsgId: MMSG-17999]
   USER 7 = user5:pwd5	[MsgId: MMSG-17999]
    2023-06-15 08:22:54.183 : Start page is opened	[MsgId: MMSG-17999]
    2023-06-15 08:22:58.140 : User is logged in with session 136638.264398542HAciDDApHcftcVzQpQitDf	[MsgId: MMSG-17999]
    2023-06-15 08:22:58.468 : User is logged in with session 136638.264317537HAciDDApHcAiDDDDtcVzQpQitDcf	[MsgId: MMSG-17999]
    2023-06-15 08:22:59.151 : User is logged in with session 136638.264317537HAciDDApHcAiDDDDtcVzQpQitDcf	[MsgId: MMSG-17999]
    2023-06-15 08:22:59.212 : User is logged in with session 136638.264317537HAciDDApHcAiDDDDtcVzQpQitDcf	[MsgId: MMSG-17999]
    2023-06-15 08:23:02.902 : Search page opened	[MsgId: MMSG-17999]
    2023-06-15 08:23:03.569 : Search page opened	[MsgId: MMSG-17999]
    2023-06-15 08:23:03.821 : Search page opened	[MsgId: MMSG-17999]
    2023-06-15 08:23:04.671 : Search page opened	[MsgId: MMSG-17999]
    2023-06-15 08:23:15.336 : Flights found : 701;488;06/18/2023 and 070;548;06/15/2023	[MsgId: MMSG-17999]
    2023-06-15 08:23:15.336 : Sity depart : Seattle, Sity arrive : Denver	[MsgId: MMSG-17999]
    2023-06-15 08:23:17.870 : Flights found : 022;600;06/18/2023 and 200;635;06/15/2023	[MsgId: MMSG-17999]
    2023-06-15 08:23:17.870 : Sity depart : Denver, Sity arrive : London	[MsgId: MMSG-17999]
    2023-06-15 08:23:19.250 : Flights found : 963;307;06/18/2023 and 692;355;06/15/2023	[MsgId: MMSG-17999]
    2023-06-15 08:23:19.250 : Sity depart : Zurich, Sity arrive : San Francisco	[MsgId: MMSG-17999]
    2023-06-15 08:23:19.933 : Flights found : 951;771;06/18/2023 and 592;819;06/15/2023	[MsgId: MMSG-17999]
    2023-06-15 08:23:19.934 : Sity depart : Zurich, Sity arrive : Portland	[MsgId: MMSG-17999]
    2023-06-15 08:23:26.289 : Found Seat Type : First, Seat Pref : None	[MsgId: MMSG-17999]
    2023-06-15 08:23:27.293 : Found Seat Type : First, Seat Pref : Aisle	[MsgId: MMSG-17999]
    2023-06-15 08:23:29.476 : Found Seat Type : First, Seat Pref : Aisle	[MsgId: MMSG-17999]
    2023-06-15 08:23:30.336 : Found Seat Type : Coach, Seat Pref : None	[MsgId: MMSG-17999]
    2023-06-15 08:23:39.511 : Booking is complect	[MsgId: MMSG-17999]
    2023-06-15 08:23:42.637 : Booking is complect	[MsgId: MMSG-17999]
    2023-06-15 08:23:43.393 : Booking is complect	[MsgId: MMSG-17999]
    2023-06-15 08:23:43.656 : Go to Home Page is complete	[MsgId: MMSG-17999]
    2023-06-15 08:23:48.206 : Go to Home Page is complete	[MsgId: MMSG-17999]
    2023-06-15 08:23:48.596 : Booking is created : 350371207-923171-up	[MsgId: MMSG-17999]
    2023-06-15 08:23:48.795 : Go to Home Page is complete	[MsgId: MMSG-17999]
    2023-06-15 08:23:48.964 : Booking is complect	[MsgId: MMSG-17999]
    2023-06-15 08:23:53.191 : Booking is created : 106701917-1224737-up	[MsgId: MMSG-17999]
    2023-06-15 08:23:53.734 : Go to Home Page is complete	[MsgId: MMSG-17999]
    2023-06-15 08:23:54.788 : Booking is created : 85581536-823156-up	[MsgId: MMSG-17999]
    2023-06-15 08:23:58.607 : Booking is created : 211887529-130204-up	[MsgId: MMSG-17999]
    2023-06-15 08:24:00.559 : Booking (350371207-923171-up) is deleted	[MsgId: MMSG-17999]
    2023-06-15 08:24:02.341 : Booking (106701917-1224737-up) is deleted	[MsgId: MMSG-17999]
    2023-06-15 08:24:04.874 : User is logged out of session	[MsgId: MMSG-17999]
    2023-06-15 08:24:06.108 : Booking (85581536-823156-up) is deleted	[MsgId: MMSG-17999]
    2023-06-15 08:24:07.435 : Booking (211887529-130204-up) is deleted	[MsgId: MMSG-17999]
    2023-06-15 08:24:07.624 : User is logged out of session	[MsgId: MMSG-17999]
    2023-06-15 08:24:10.352 : User is logged out of session	[MsgId: MMSG-17999]
    2023-06-15 08:24:13.398 : User is logged out of session	[MsgId: MMSG-17999]
  2023-06-15 08:34:53.849 : IterationNum=5	[MsgId: MMSG-17999]
   USER 5 = user10:pwd10	[MsgId: MMSG-17999]
  2023-06-15 08:34:53.864 : IterationNum=3	[MsgId: MMSG-17999]
   USER 3 = user14:pwd14	[MsgId: MMSG-17999]
  2023-06-15 08:34:53.894 : IterationNum=2	[MsgId: MMSG-17999]
   USER 2 = user19:pwd19	[MsgId: MMSG-17999]
  2023-06-15 08:34:53.928 : IterationNum=1	[MsgId: MMSG-17999]
   USER 1 = user24:pwd24	[MsgId: MMSG-17999]
    2023-06-15 08:34:53.942 : Start page is opened	[MsgId: MMSG-17999]
    2023-06-15 08:34:53.957 : Start page is opened	[MsgId: MMSG-17999]
    2023-06-15 08:34:53.988 : Start page is opened	[MsgId: MMSG-17999]
    2023-06-15 08:34:54.020 : Start page is opened	[MsgId: MMSG-17999]
  2023-06-15 08:34:54.098 : IterationNum=8	[MsgId: MMSG-17999]
   USER 8 = user5:pwd5	[MsgId: MMSG-17999]
    2023-06-15 08:34:54.193 : Start page is opened	[MsgId: MMSG-17999]
    2023-06-15 08:34:58.444 : User is logged in with session 136638.32272175HAciDDDpHcftcVHApAAcDf	[MsgId: MMSG-17999]
    2023-06-15 08:34:59.327 : User is logged in with session 136638.322640745HAciDDDpHcAiDDDDtcVHApAAcDcf	[MsgId: MMSG-17999]
    2023-06-15 08:34:59.372 : User is logged in with session 136638.322640745HAciDDDpHcAiDDDDtcVHApAAcDcf	[MsgId: MMSG-17999]
    2023-06-15 08:34:59.418 : User is logged in with session 136638.322640745HAciDDDpHcAiDDDDtcVHApAAcDcf	[MsgId: MMSG-17999]
    2023-06-15 08:35:00.181 : User is logged in with session 136638.322640745HAciDDDpHcAiDDDDtcVHApAAcDcf	[MsgId: MMSG-17999]
    2023-06-15 08:35:02.903 : Search page opened	[MsgId: MMSG-17999]
    2023-06-15 08:35:03.664 : Search page opened	[MsgId: MMSG-17999]
    2023-06-15 08:35:04.759 : Search page opened	[MsgId: MMSG-17999]
    2023-06-15 08:35:05.211 : Search page opened	[MsgId: MMSG-17999]
    2023-06-15 08:35:06.001 : Search page opened	[MsgId: MMSG-17999]
    2023-06-15 08:35:15.750 : Flights found : 411;166;06/18/2023 and 143;152;06/15/2023	[MsgId: MMSG-17999]
    2023-06-15 08:35:15.750 : Sity depart : Paris, Sity arrive : Frankfurt	[MsgId: MMSG-17999]
    2023-06-15 08:35:16.791 : Flights found : 291;241;06/18/2023 and 921;241;06/15/2023	[MsgId: MMSG-17999]
    2023-06-15 08:35:16.791 : Sity depart : London, Sity arrive : Zurich	[MsgId: MMSG-17999]
    2023-06-15 08:35:19.979 : Flights found : 183;1447;06/18/2023 and 813;1447;06/15/2023	[MsgId: MMSG-17999]
    2023-06-15 08:35:19.980 : Sity depart : Frankfurt, Sity arrive : Sydney	[MsgId: MMSG-17999]
    2023-06-15 08:35:21.953 : Flights found : 023;277;06/18/2023 and 200;338;06/15/2023	[MsgId: MMSG-17999]
    2023-06-15 08:35:21.953 : Sity depart : Denver, Sity arrive : London	[MsgId: MMSG-17999]
    2023-06-15 08:35:22.927 : Flights found : 641;554;06/18/2023 and 460;622;06/15/2023	[MsgId: MMSG-17999]
    2023-06-15 08:35:22.927 : Sity depart : San Francisco, Sity arrive : Paris	[MsgId: MMSG-17999]
    2023-06-15 08:35:26.966 : Found Seat Type : Business, Seat Pref : Aisle	[MsgId: MMSG-17999]
    2023-06-15 08:35:27.569 : Found Seat Type : Business, Seat Pref : Window	[MsgId: MMSG-17999]
    2023-06-15 08:35:27.848 : Found Seat Type : Business, Seat Pref : None	[MsgId: MMSG-17999]
    2023-06-15 08:35:31.126 : Found Seat Type : Coach, Seat Pref : Aisle	[MsgId: MMSG-17999]
    2023-06-15 08:35:32.803 : Found Seat Type : Coach, Seat Pref : Window	[MsgId: MMSG-17999]
    2023-06-15 08:35:41.901 : Booking is complect	[MsgId: MMSG-17999]
    2023-06-15 08:35:42.396 : Booking is complect	[MsgId: MMSG-17999]
    2023-06-15 08:35:46.159 : Booking is complect	[MsgId: MMSG-17999]
    2023-06-15 08:35:46.820 : Go to Home Page is complete	[MsgId: MMSG-17999]
    2023-06-15 08:35:47.097 : Go to Home Page is complete	[MsgId: MMSG-17999]
    2023-06-15 08:35:47.618 : Booking is complect	[MsgId: MMSG-17999]
    2023-06-15 08:35:48.413 : Booking is complect	[MsgId: MMSG-17999]
    2023-06-15 08:35:51.238 : Go to Home Page is complete	[MsgId: MMSG-17999]
    2023-06-15 08:35:52.282 : Go to Home Page is complete	[MsgId: MMSG-17999]
    2023-06-15 08:35:52.422 : Booking is created : 320015228-87947-up	[MsgId: MMSG-17999]
    2023-06-15 08:35:53.026 : Go to Home Page is complete	[MsgId: MMSG-17999]
    2023-06-15 08:35:53.139 : Booking is created : 350381157-147806-up	[MsgId: MMSG-17999]
    2023-06-15 08:35:56.982 : Booking is created : 82986724-1123167-up	[MsgId: MMSG-17999]
    2023-06-15 08:35:57.265 : Booking is created : 3174141905-1394838-up	[MsgId: MMSG-17999]
    2023-06-15 08:35:58.006 : Booking is created : 247778639-92355-up	[MsgId: MMSG-17999]
    2023-06-15 08:36:03.268 : Booking (320015228-87947-up) is deleted	[MsgId: MMSG-17999]
    2023-06-15 08:36:05.377 : Booking (350381157-147806-up) is deleted	[MsgId: MMSG-17999]
    2023-06-15 08:36:06.495 : Booking (3174141905-1394838-up) is deleted	[MsgId: MMSG-17999]
    2023-06-15 08:36:07.198 : Booking (247778639-92355-up) is deleted	[MsgId: MMSG-17999]
    2023-06-15 08:36:07.468 : User is logged out of session	[MsgId: MMSG-17999]
    2023-06-15 08:36:09.167 : Booking (82986724-1123167-up) is deleted	[MsgId: MMSG-17999]
    2023-06-15 08:36:10.091 : User is logged out of session	[MsgId: MMSG-17999]
    2023-06-15 08:36:10.537 : User is logged out of session	[MsgId: MMSG-17999]
    2023-06-15 08:36:12.867 : User is logged out of session	[MsgId: MMSG-17999]
    2023-06-15 08:36:13.691 : User is logged out of session	[MsgId: MMSG-17999]
  2023-06-15 08:46:53.854 : IterationNum=6	[MsgId: MMSG-17999]
   USER 6 = user11:pwd11	[MsgId: MMSG-17999]
  2023-06-15 08:46:53.869 : IterationNum=4	[MsgId: MMSG-17999]
   USER 4 = user15:pwd15	[MsgId: MMSG-17999]
  2023-06-15 08:46:53.901 : IterationNum=3	[MsgId: MMSG-17999]
   USER 3 = user20:pwd20	[MsgId: MMSG-17999]
  2023-06-15 08:46:53.932 : IterationNum=2	[MsgId: MMSG-17999]
   USER 2 = user25:pwd25	[MsgId: MMSG-17999]
    2023-06-15 08:46:53.948 : Start page is opened	[MsgId: MMSG-17999]
    2023-06-15 08:46:53.964 : Start page is opened	[MsgId: MMSG-17999]
    2023-06-15 08:46:53.995 : Start page is opened	[MsgId: MMSG-17999]
    2023-06-15 08:46:54.025 : Start page is opened	[MsgId: MMSG-17999]
  2023-06-15 08:46:54.102 : IterationNum=9	[MsgId: MMSG-17999]
   USER 9 = user5:pwd5	[MsgId: MMSG-17999]
    2023-06-15 08:46:54.195 : Start page is opened	[MsgId: MMSG-17999]
    2023-06-15 08:46:58.229 : User is logged in with session 136638.380963953HAciDDzpHcAiDDDDtcVHApAcADcf	[MsgId: MMSG-17999]
    2023-06-15 08:46:58.449 : User is logged in with session 136638.380963953HAciDDzpHcAiDDDDtcVHApAcADcf	[MsgId: MMSG-17999]
    2023-06-15 08:46:58.557 : User is logged in with session 136638.380963953HAciDDzpHcAiDDDDtcVHApAcADcf	[MsgId: MMSG-17999]
    2023-06-15 08:46:58.929 : User is logged in with session 136638.381044957HAciDDzpHcftcVHApAcADf	[MsgId: MMSG-17999]
    2023-06-15 08:46:59.335 : User is logged in with session 136638.380963953HAciDDzpHcAiDDDDtcVHApAcADcf	[MsgId: MMSG-17999]
    2023-06-15 08:47:02.874 : Search page opened	[MsgId: MMSG-17999]
    2023-06-15 08:47:02.888 : Search page opened	[MsgId: MMSG-17999]
    2023-06-15 08:47:03.368 : Search page opened	[MsgId: MMSG-17999]
    2023-06-15 08:47:04.253 : Search page opened	[MsgId: MMSG-17999]
    2023-06-15 08:47:04.314 : Search page opened	[MsgId: MMSG-17999]
    2023-06-15 08:47:18.184 : Flights found : 891;1386;06/18/2023 and 981;1386;06/15/2023	[MsgId: MMSG-17999]
    2023-06-15 08:47:18.184 : Sity depart : Sydney, Sity arrive : Zurich	[MsgId: MMSG-17999]
    2023-06-15 08:47:19.146 : Flights found : 310;328;06/18/2023 and 130;472;06/15/2023	[MsgId: MMSG-17999]
    2023-06-15 08:47:19.146 : Sity depart : Los Angeles, Sity arrive : Frankfurt	[MsgId: MMSG-17999]
    2023-06-15 08:47:19.565 : Flights found : 260;1099;06/18/2023 and 620;1099;06/15/2023	[MsgId: MMSG-17999]
    2023-06-15 08:47:19.565 : Sity depart : London, Sity arrive : San Francisco	[MsgId: MMSG-17999]
    2023-06-15 08:47:20.040 : Flights found : 930;649;06/18/2023 and 390;752;06/15/2023	[MsgId: MMSG-17999]
    2023-06-15 08:47:20.040 : Sity depart : Zurich, Sity arrive : Los Angeles	[MsgId: MMSG-17999]
    2023-06-15 08:47:20.402 : Flights found : 291;312;06/18/2023 and 923;286;06/15/2023	[MsgId: MMSG-17999]
    2023-06-15 08:47:20.402 : Sity depart : London, Sity arrive : Zurich	[MsgId: MMSG-17999]
    2023-06-15 08:47:29.517 : Found Seat Type : First, Seat Pref : Window	[MsgId: MMSG-17999]
    2023-06-15 08:47:29.646 : Found Seat Type : First, Seat Pref : Window	[MsgId: MMSG-17999]
    2023-06-15 08:47:29.978 : Found Seat Type : First, Seat Pref : Window	[MsgId: MMSG-17999]
    2023-06-15 08:47:30.087 : Found Seat Type : Business, Seat Pref : Window	[MsgId: MMSG-17999]
    2023-06-15 08:47:30.287 : Found Seat Type : Business, Seat Pref : Window	[MsgId: MMSG-17999]
    2023-06-15 08:47:41.605 : Booking is complect	[MsgId: MMSG-17999]
    2023-06-15 08:47:41.744 : Booking is complect	[MsgId: MMSG-17999]
    2023-06-15 08:47:42.575 : Booking is complect	[MsgId: MMSG-17999]
    2023-06-15 08:47:43.645 : Booking is complect	[MsgId: MMSG-17999]
    2023-06-15 08:47:46.690 : Go to Home Page is complete	[MsgId: MMSG-17999]
    2023-06-15 08:47:46.698 : Booking is complect	[MsgId: MMSG-17999]
    2023-06-15 08:47:46.732 : Go to Home Page is complete	[MsgId: MMSG-17999]
    2023-06-15 08:47:48.545 : Go to Home Page is complete	[MsgId: MMSG-17999]
    2023-06-15 08:47:49.400 : Go to Home Page is complete	[MsgId: MMSG-17999]
    2023-06-15 08:47:51.249 : Booking is created : 35937419-86984-up	[MsgId: MMSG-17999]
    2023-06-15 08:47:51.578 : Go to Home Page is complete	[MsgId: MMSG-17999]
    2023-06-15 08:47:51.716 : Booking is created : 57441875-1069338-up	[MsgId: MMSG-17999]
    2023-06-15 08:47:53.355 : Booking is created : 1644540781-1246322-up	[MsgId: MMSG-17999]
    2023-06-15 08:47:54.642 : Booking is created : 206307085-147969-up	[MsgId: MMSG-17999]
    2023-06-15 08:47:57.185 : Booking is created : 3504033755-1524059-up	[MsgId: MMSG-17999]
    2023-06-15 08:47:59.196 : Booking (35937419-86984-up) is deleted	[MsgId: MMSG-17999]
    2023-06-15 08:48:02.927 : Booking (1644540781-1246322-up) is deleted	[MsgId: MMSG-17999]
    2023-06-15 08:48:03.265 : Booking (57441875-1069338-up) is deleted	[MsgId: MMSG-17999]
    2023-06-15 08:48:04.288 : User is logged out of session	[MsgId: MMSG-17999]
    2023-06-15 08:48:06.774 : Booking (206307085-147969-up) is deleted	[MsgId: MMSG-17999]
    2023-06-15 08:48:08.395 : User is logged out of session	[MsgId: MMSG-17999]
    2023-06-15 08:48:08.787 : User is logged out of session	[MsgId: MMSG-17999]
    2023-06-15 08:48:09.493 : Booking (3504033755-1524059-up) is deleted	[MsgId: MMSG-17999]
    2023-06-15 08:48:12.900 : User is logged out of session	[MsgId: MMSG-17999]
    2023-06-15 08:48:13.393 : User is logged out of session	[MsgId: MMSG-17999]
