  2023-06-15 00:21:33.334 : IterationNum=1	[MsgId: MMSG-17999]
   USER 1 = jojo:bean	[MsgId: MMSG-17999]
    2023-06-15 00:21:33.442 : Start page is opened	[MsgId: MMSG-17999]
    2023-06-15 00:21:39.779 : User is logged in with session 136635.92490887HAcicVApDiHftcVzQpczcDcf	[MsgId: MMSG-17999]
    2023-06-15 00:21:44.698 : Search page opened	[MsgId: MMSG-17999]
    2023-06-15 00:21:58.226 : Flights found : 303;386;06/18/2023 and 030;472;06/15/2023	[MsgId: MMSG-17999]
    2023-06-15 00:21:58.226 : Sity depart : Los Angeles, Sity arrive : Denver	[MsgId: MMSG-17999]
    2023-06-15 00:22:10.357 : Found Seat Type : First, Seat Pref : None	[MsgId: MMSG-17999]
    2023-06-15 00:22:27.225 : Booking is complect	[MsgId: MMSG-17999]
    2023-06-15 00:22:33.224 : Go to Home Page is complete	[MsgId: MMSG-17999]
    2023-06-15 00:22:39.293 : Booking is created : 308900125-79296-jb	[MsgId: MMSG-17999]
    2023-06-15 00:22:47.992 : Booking (308900125-79296-jb) is deleted	[MsgId: MMSG-17999]
    2023-06-15 00:22:52.397 : User is logged out of session	[MsgId: MMSG-17999]
  2023-06-15 00:33:33.342 : IterationNum=2	[MsgId: MMSG-17999]
   USER 2 = user1:pwd1	[MsgId: MMSG-17999]
    2023-06-15 00:33:33.434 : Start page is opened	[MsgId: MMSG-17999]
    2023-06-15 00:33:38.168 : User is logged in with session 136635.983232078HAcicVDpDiHftcVzQpciADcf	[MsgId: MMSG-17999]
    2023-06-15 00:33:42.760 : Search page opened	[MsgId: MMSG-17999]
    2023-06-15 00:33:58.768 : Flights found : 613;511;06/18/2023 and 163;511;06/15/2023	[MsgId: MMSG-17999]
    2023-06-15 00:33:58.768 : Sity depart : San Francisco, Sity arrive : Frankfurt	[MsgId: MMSG-17999]
    2023-06-15 00:34:08.533 : Found Seat Type : Business, Seat Pref : Window	[MsgId: MMSG-17999]
    2023-06-15 00:34:23.522 : Booking is complect	[MsgId: MMSG-17999]
    2023-06-15 00:34:28.974 : Go to Home Page is complete	[MsgId: MMSG-17999]
    2023-06-15 00:34:34.541 : Booking is created : 306319018-894694-up	[MsgId: MMSG-17999]
    2023-06-15 00:34:43.565 : Booking (306319018-894694-up) is deleted	[MsgId: MMSG-17999]
    2023-06-15 00:34:48.678 : User is logged out of session	[MsgId: MMSG-17999]
  2023-06-15 00:45:33.353 : IterationNum=3	[MsgId: MMSG-17999]
   USER 3 = user2:pwd2	[MsgId: MMSG-17999]
    2023-06-15 00:45:33.446 : Start page is opened	[MsgId: MMSG-17999]
    2023-06-15 00:45:37.766 : User is logged in with session 136636.041555286HAcicVzpDiHftcVzQpcQiDcf	[MsgId: MMSG-17999]
    2023-06-15 00:45:42.685 : Search page opened	[MsgId: MMSG-17999]
    2023-06-15 00:45:57.917 : Flights found : 652;104;06/18/2023 and 560;110;06/15/2023	[MsgId: MMSG-17999]
    2023-06-15 00:45:57.917 : Sity depart : San Francisco, Sity arrive : Portland	[MsgId: MMSG-17999]
    2023-06-15 00:46:07.482 : Found Seat Type : Business, Seat Pref : Window	[MsgId: MMSG-17999]
    2023-06-15 00:46:21.435 : Booking is complect	[MsgId: MMSG-17999]
    2023-06-15 00:46:27.728 : Go to Home Page is complete	[MsgId: MMSG-17999]
    2023-06-15 00:46:32.676 : Booking is created : 340394522-120016-up	[MsgId: MMSG-17999]
    2023-06-15 00:46:40.455 : Booking (340394522-120016-up) is deleted	[MsgId: MMSG-17999]
    2023-06-15 00:46:45.992 : User is logged out of session	[MsgId: MMSG-17999]
  2023-06-15 00:57:33.222 : IterationNum=1	[MsgId: MMSG-17999]
   USER 1 = user6:pwd6	[MsgId: MMSG-17999]
    2023-06-15 00:57:33.315 : Start page is opened	[MsgId: MMSG-17999]
  2023-06-15 00:57:33.363 : IterationNum=4	[MsgId: MMSG-17999]
   USER 4 = user3:pwd3	[MsgId: MMSG-17999]
    2023-06-15 00:57:33.456 : Start page is opened	[MsgId: MMSG-17999]
    2023-06-15 00:57:37.782 : User is logged in with session 136636.099878493HAcicVQpDiHftcVzQpDVzDcf	[MsgId: MMSG-17999]
    2023-06-15 00:57:39.562 : User is logged in with session 136636.099878493HAcicVQpDiHftcVzQpDVzDcf	[MsgId: MMSG-17999]
    2023-06-15 00:57:42.606 : Search page opened	[MsgId: MMSG-17999]
    2023-06-15 00:57:44.782 : Search page opened	[MsgId: MMSG-17999]
    2023-06-15 00:58:00.090 : Flights found : 781;1339;06/18/2023 and 870;1503;06/15/2023	[MsgId: MMSG-17999]
    2023-06-15 00:58:00.090 : Sity depart : Seattle, Sity arrive : Sydney	[MsgId: MMSG-17999]
    2023-06-15 00:58:02.605 : Flights found : 281;1283;06/18/2023 and 821;1283;06/15/2023	[MsgId: MMSG-17999]
    2023-06-15 00:58:02.605 : Sity depart : London, Sity arrive : Sydney	[MsgId: MMSG-17999]
    2023-06-15 00:58:08.414 : Found Seat Type : First, Seat Pref : Aisle	[MsgId: MMSG-17999]
    2023-06-15 00:58:12.633 : Found Seat Type : Coach, Seat Pref : None	[MsgId: MMSG-17999]
    2023-06-15 00:58:25.945 : Booking is complect	[MsgId: MMSG-17999]
    2023-06-15 00:58:30.623 : Booking is complect	[MsgId: MMSG-17999]
    2023-06-15 00:58:31.145 : Go to Home Page is complete	[MsgId: MMSG-17999]
    2023-06-15 00:58:34.693 : Go to Home Page is complete	[MsgId: MMSG-17999]
    2023-06-15 00:58:35.302 : Booking is created : 3329918938-1438680-up	[MsgId: MMSG-17999]
    2023-06-15 00:58:38.718 : Booking is created : 1540844862-1400966-up	[MsgId: MMSG-17999]
    2023-06-15 00:58:43.448 : Booking (3329918938-1438680-up) is deleted	[MsgId: MMSG-17999]
    2023-06-15 00:58:48.557 : User is logged out of session	[MsgId: MMSG-17999]
    2023-06-15 00:58:48.936 : Booking (1540844862-1400966-up) is deleted	[MsgId: MMSG-17999]
    2023-06-15 00:58:55.091 : User is logged out of session	[MsgId: MMSG-17999]
  2023-06-15 01:09:33.234 : IterationNum=2	[MsgId: MMSG-17999]
   USER 2 = user7:pwd7	[MsgId: MMSG-17999]
    2023-06-15 01:09:33.327 : Start page is opened	[MsgId: MMSG-17999]
  2023-06-15 01:09:33.374 : IterationNum=5	[MsgId: MMSG-17999]
   USER 5 = user4:pwd4	[MsgId: MMSG-17999]
    2023-06-15 01:09:33.468 : Start page is opened	[MsgId: MMSG-17999]
    2023-06-15 01:09:37.711 : User is logged in with session 136636.158201701HAcicccpDiHftcVzQpDDtDcf	[MsgId: MMSG-17999]
    2023-06-15 01:09:39.190 : User is logged in with session 136636.158201701HAcicccpDiHftcVzQpDDtDcf	[MsgId: MMSG-17999]
    2023-06-15 01:09:44.044 : Search page opened	[MsgId: MMSG-17999]
    2023-06-15 01:09:44.187 : Search page opened	[MsgId: MMSG-17999]
    2023-06-15 01:09:57.102 : Flights found : 470;867;06/18/2023 and 741;773;06/15/2023	[MsgId: MMSG-17999]
    2023-06-15 01:09:57.102 : Sity depart : Paris, Sity arrive : Seattle	[MsgId: MMSG-17999]
    2023-06-15 01:10:00.026 : Flights found : 421;97;06/18/2023 and 241;97;06/15/2023	[MsgId: MMSG-17999]
    2023-06-15 01:10:00.026 : Sity depart : Paris, Sity arrive : London	[MsgId: MMSG-17999]
    2023-06-15 01:10:08.653 : Found Seat Type : Coach, Seat Pref : Aisle	[MsgId: MMSG-17999]
    2023-06-15 01:10:09.134 : Found Seat Type : Business, Seat Pref : Aisle	[MsgId: MMSG-17999]
    2023-06-15 01:10:25.530 : Booking is complect	[MsgId: MMSG-17999]
    2023-06-15 01:10:25.810 : Booking is complect	[MsgId: MMSG-17999]
    2023-06-15 01:10:30.982 : Go to Home Page is complete	[MsgId: MMSG-17999]
    2023-06-15 01:10:32.065 : Go to Home Page is complete	[MsgId: MMSG-17999]
    2023-06-15 01:10:35.824 : Booking is created : 76684106-1339356-up	[MsgId: MMSG-17999]
    2023-06-15 01:10:36.154 : Booking is created : 36557118-95476-up	[MsgId: MMSG-17999]
    2023-06-15 01:10:44.828 : Booking (76684106-1339356-up) is deleted	[MsgId: MMSG-17999]
    2023-06-15 01:10:48.659 : Booking (36557118-95476-up) is deleted	[MsgId: MMSG-17999]
    2023-06-15 01:10:48.928 : User is logged out of session	[MsgId: MMSG-17999]
    2023-06-15 01:10:53.179 : User is logged out of session	[MsgId: MMSG-17999]
  2023-06-15 01:21:33.235 : IterationNum=3	[MsgId: MMSG-17999]
   USER 3 = user8:pwd8	[MsgId: MMSG-17999]
  2023-06-15 01:21:33.268 : IterationNum=1	[MsgId: MMSG-17999]
   USER 1 = user12:pwd12	[MsgId: MMSG-17999]
    2023-06-15 01:21:33.329 : Start page is opened	[MsgId: MMSG-17999]
  2023-06-15 01:21:33.376 : IterationNum=6	[MsgId: MMSG-17999]
   USER 6 = user5:pwd5	[MsgId: MMSG-17999]
    2023-06-15 01:21:33.377 : Start page is opened	[MsgId: MMSG-17999]
    2023-06-15 01:21:33.469 : Start page is opened	[MsgId: MMSG-17999]
    2023-06-15 01:21:37.259 : User is logged in with session 136636.216524909HAciccfpDiHftcVzQpDfcDcf	[MsgId: MMSG-17999]
    2023-06-15 01:21:38.350 : User is logged in with session 136636.216524909HAciccfpDiHftcVzQpDfcDcf	[MsgId: MMSG-17999]
    2023-06-15 01:21:38.516 : User is logged in with session 136636.216524909HAciccfpDiHftcVzQpDfcDcf	[MsgId: MMSG-17999]
    2023-06-15 01:21:42.389 : Search page opened	[MsgId: MMSG-17999]
    2023-06-15 01:21:42.638 : Search page opened	[MsgId: MMSG-17999]
    2023-06-15 01:21:42.933 : Search page opened	[MsgId: MMSG-17999]
    2023-06-15 01:21:55.009 : Flights found : 570;64;06/18/2023 and 751;57;06/15/2023	[MsgId: MMSG-17999]
    2023-06-15 01:21:55.010 : Sity depart : Portland, Sity arrive : Seattle	[MsgId: MMSG-17999]
    2023-06-15 01:21:56.265 : Flights found : 980;1556;06/18/2023 and 893;1273;06/15/2023	[MsgId: MMSG-17999]
    2023-06-15 01:21:56.265 : Sity depart : Zurich, Sity arrive : Sydney	[MsgId: MMSG-17999]
    2023-06-15 01:21:58.587 : Flights found : 893;878;06/18/2023 and 981;956;06/15/2023	[MsgId: MMSG-17999]
    2023-06-15 01:21:58.588 : Sity depart : Sydney, Sity arrive : Zurich	[MsgId: MMSG-17999]
    2023-06-15 01:22:04.066 : Found Seat Type : Coach, Seat Pref : Aisle	[MsgId: MMSG-17999]
    2023-06-15 01:22:06.778 : Found Seat Type : Business, Seat Pref : Aisle	[MsgId: MMSG-17999]
    2023-06-15 01:22:09.297 : Found Seat Type : Coach, Seat Pref : None	[MsgId: MMSG-17999]
    2023-06-15 01:22:17.351 : Booking is complect	[MsgId: MMSG-17999]
    2023-06-15 01:22:19.619 : Booking is complect	[MsgId: MMSG-17999]
    2023-06-15 01:22:21.682 : Go to Home Page is complete	[MsgId: MMSG-17999]
    2023-06-15 01:22:25.887 : Go to Home Page is complete	[MsgId: MMSG-17999]
    2023-06-15 01:22:26.956 : Booking is complect	[MsgId: MMSG-17999]
    2023-06-15 01:22:27.678 : Booking is created : 15002113-134701-up	[MsgId: MMSG-17999]
    2023-06-15 01:22:29.916 : Booking is created : 2422585242-1456371-up	[MsgId: MMSG-17999]
    2023-06-15 01:22:31.766 : Go to Home Page is complete	[MsgId: MMSG-17999]
    2023-06-15 01:22:36.035 : Booking is created : 350403476-1523987-up	[MsgId: MMSG-17999]
    2023-06-15 01:22:37.616 : Booking (2422585242-1456371-up) is deleted	[MsgId: MMSG-17999]
    2023-06-15 01:22:39.279 : Booking (15002113-134701-up) is deleted	[MsgId: MMSG-17999]
    2023-06-15 01:22:43.538 : User is logged out of session	[MsgId: MMSG-17999]
    2023-06-15 01:22:43.678 : Booking (350403476-1523987-up) is deleted	[MsgId: MMSG-17999]
    2023-06-15 01:22:44.944 : User is logged out of session	[MsgId: MMSG-17999]
    2023-06-15 01:22:48.596 : User is logged out of session	[MsgId: MMSG-17999]
  2023-06-15 01:33:33.244 : IterationNum=4	[MsgId: MMSG-17999]
   USER 4 = user9:pwd9	[MsgId: MMSG-17999]
  2023-06-15 01:33:33.275 : IterationNum=2	[MsgId: MMSG-17999]
   USER 2 = user13:pwd13	[MsgId: MMSG-17999]
  2023-06-15 01:33:33.301 : IterationNum=1	[MsgId: MMSG-17999]
   USER 1 = user18:pwd18	[MsgId: MMSG-17999]
    2023-06-15 01:33:33.337 : Start page is opened	[MsgId: MMSG-17999]
    2023-06-15 01:33:33.368 : Start page is opened	[MsgId: MMSG-17999]
  2023-06-15 01:33:33.384 : IterationNum=7	[MsgId: MMSG-17999]
   USER 7 = user5:pwd5	[MsgId: MMSG-17999]
    2023-06-15 01:33:33.400 : Start page is opened	[MsgId: MMSG-17999]
    2023-06-15 01:33:33.477 : Start page is opened	[MsgId: MMSG-17999]
    2023-06-15 01:33:37.423 : User is logged in with session 136636.274848117HAciccipDiHftcVzQpDHADcf	[MsgId: MMSG-17999]
    2023-06-15 01:33:38.049 : User is logged in with session 136636.274848117HAciccipDiHftcVzQpDHADcf	[MsgId: MMSG-17999]
    2023-06-15 01:33:38.422 : User is logged in with session 136636.274848117HAciccipDiHftcVzQpDHADcf	[MsgId: MMSG-17999]
    2023-06-15 01:33:39.047 : User is logged in with session 136636.274848117HAciccipDiHftcVzQpDHADcf	[MsgId: MMSG-17999]
    2023-06-15 01:33:41.613 : Search page opened	[MsgId: MMSG-17999]
    2023-06-15 01:33:42.599 : Search page opened	[MsgId: MMSG-17999]
    2023-06-15 01:33:42.817 : Search page opened	[MsgId: MMSG-17999]
    2023-06-15 01:33:44.204 : Search page opened	[MsgId: MMSG-17999]
    2023-06-15 01:33:53.800 : Flights found : 762;119;06/18/2023 and 671;112;06/15/2023	[MsgId: MMSG-17999]
    2023-06-15 01:33:53.800 : Sity depart : Seattle, Sity arrive : San Francisco	[MsgId: MMSG-17999]
    2023-06-15 01:33:57.243 : Flights found : 943;219;06/18/2023 and 492;253;06/15/2023	[MsgId: MMSG-17999]
    2023-06-15 01:33:57.243 : Sity depart : Zurich, Sity arrive : Paris	[MsgId: MMSG-17999]
    2023-06-15 01:33:58.806 : Flights found : 653;116;06/18/2023 and 560;142;06/15/2023	[MsgId: MMSG-17999]
    2023-06-15 01:33:58.806 : Sity depart : San Francisco, Sity arrive : Portland	[MsgId: MMSG-17999]
    2023-06-15 01:34:01.141 : Flights found : 021;565;06/18/2023 and 201;565;06/15/2023	[MsgId: MMSG-17999]
    2023-06-15 01:34:01.141 : Sity depart : Denver, Sity arrive : London	[MsgId: MMSG-17999]
    2023-06-15 01:34:01.524 : Found Seat Type : Business, Seat Pref : None	[MsgId: MMSG-17999]
    2023-06-15 01:34:06.382 : Found Seat Type : First, Seat Pref : Window	[MsgId: MMSG-17999]
    2023-06-15 01:34:07.019 : Found Seat Type : First, Seat Pref : Window	[MsgId: MMSG-17999]
    2023-06-15 01:34:13.038 : Found Seat Type : First, Seat Pref : None	[MsgId: MMSG-17999]
    2023-06-15 01:34:15.151 : Booking is complect	[MsgId: MMSG-17999]
    2023-06-15 01:34:19.281 : Booking is complect	[MsgId: MMSG-17999]
    2023-06-15 01:34:19.880 : Go to Home Page is complete	[MsgId: MMSG-17999]
    2023-06-15 01:34:23.842 : Go to Home Page is complete	[MsgId: MMSG-17999]
    2023-06-15 01:34:25.060 : Booking is complect	[MsgId: MMSG-17999]
    2023-06-15 01:34:25.134 : Booking is created : 85583782-128556-up	[MsgId: MMSG-17999]
    2023-06-15 01:34:26.799 : Booking is complect	[MsgId: MMSG-17999]
    2023-06-15 01:34:28.951 : Booking is created : 211876041-120019-up	[MsgId: MMSG-17999]
    2023-06-15 01:34:31.308 : Go to Home Page is complete	[MsgId: MMSG-17999]
    2023-06-15 01:34:32.516 : Go to Home Page is complete	[MsgId: MMSG-17999]
    2023-06-15 01:34:35.120 : Booking (85583782-128556-up) is deleted	[MsgId: MMSG-17999]
    2023-06-15 01:34:36.091 : Booking is created : 350405304-114805-up	[MsgId: MMSG-17999]
    2023-06-15 01:34:38.247 : Booking is created : 106667465-923933-up	[MsgId: MMSG-17999]
    2023-06-15 01:34:39.119 : User is logged out of session	[MsgId: MMSG-17999]
    2023-06-15 01:34:40.047 : Booking (211876041-120019-up) is deleted	[MsgId: MMSG-17999]
    2023-06-15 01:34:46.346 : User is logged out of session	[MsgId: MMSG-17999]
    2023-06-15 01:34:47.284 : Booking (350405304-114805-up) is deleted	[MsgId: MMSG-17999]
    2023-06-15 01:34:47.536 : Booking (106667465-923933-up) is deleted	[MsgId: MMSG-17999]
    2023-06-15 01:34:52.519 : User is logged out of session	[MsgId: MMSG-17999]
    2023-06-15 01:34:53.467 : User is logged out of session	[MsgId: MMSG-17999]
  2023-06-15 01:42:33.363 : IterationNum=1	[MsgId: MMSG-17999]
   USER 1 = user24:pwd24	[MsgId: MMSG-17999]
    2023-06-15 01:42:33.457 : Start page is opened	[MsgId: MMSG-17999]
    2023-06-15 01:42:37.987 : User is logged in with session 136636.318590522HAcicDApzDHftcVzQpDiDicf	[MsgId: MMSG-17999]
    2023-06-15 01:42:44.343 : Search page opened	[MsgId: MMSG-17999]
    2023-06-15 01:42:59.057 : Flights found : 483;1169;06/18/2023 and 843;1169;06/15/2023	[MsgId: MMSG-17999]
    2023-06-15 01:42:59.057 : Sity depart : Paris, Sity arrive : Sydney	[MsgId: MMSG-17999]
    2023-06-15 01:43:09.903 : Found Seat Type : Coach, Seat Pref : Aisle	[MsgId: MMSG-17999]
    2023-06-15 01:43:21.329 : Booking is complect	[MsgId: MMSG-17999]
    2023-06-15 01:43:25.245 : Go to Home Page is complete	[MsgId: MMSG-17999]
    2023-06-15 01:43:30.418 : Booking is created : 2477956709-1417872-up	[MsgId: MMSG-17999]
    2023-06-15 01:43:41.769 : Booking (2477956709-1417872-up) is deleted	[MsgId: MMSG-17999]
    2023-06-15 01:43:46.347 : User is logged out of session	[MsgId: MMSG-17999]
  2023-06-15 01:45:33.255 : IterationNum=5	[MsgId: MMSG-17999]
   USER 5 = user10:pwd10	[MsgId: MMSG-17999]
  2023-06-15 01:45:33.285 : IterationNum=3	[MsgId: MMSG-17999]
   USER 3 = user14:pwd14	[MsgId: MMSG-17999]
  2023-06-15 01:45:33.316 : IterationNum=2	[MsgId: MMSG-17999]
   USER 2 = user19:pwd19	[MsgId: MMSG-17999]
    2023-06-15 01:45:33.348 : Start page is opened	[MsgId: MMSG-17999]
    2023-06-15 01:45:33.379 : Start page is opened	[MsgId: MMSG-17999]
  2023-06-15 01:45:33.395 : IterationNum=8	[MsgId: MMSG-17999]
   USER 8 = user5:pwd5	[MsgId: MMSG-17999]
    2023-06-15 01:45:33.411 : Start page is opened	[MsgId: MMSG-17999]
    2023-06-15 01:45:33.489 : Start page is opened	[MsgId: MMSG-17999]
    2023-06-15 01:45:37.425 : User is logged in with session 136636.333171324HAcicDVpDiHftcVzQpDiiDcf	[MsgId: MMSG-17999]
    2023-06-15 01:45:37.694 : User is logged in with session 136636.333171324HAcicDVpDiHftcVzQpDiiDcf	[MsgId: MMSG-17999]
    2023-06-15 01:45:38.207 : User is logged in with session 136636.333171324HAcicDVpDiHftcVzQpDiiDcf	[MsgId: MMSG-17999]
    2023-06-15 01:45:39.447 : User is logged in with session 136636.333171324HAcicDVpDiHftcVzQpDiiDcf	[MsgId: MMSG-17999]
    2023-06-15 01:45:41.699 : Search page opened	[MsgId: MMSG-17999]
    2023-06-15 01:45:43.177 : Search page opened	[MsgId: MMSG-17999]
    2023-06-15 01:45:43.537 : Search page opened	[MsgId: MMSG-17999]
    2023-06-15 01:45:45.744 : Search page opened	[MsgId: MMSG-17999]
    2023-06-15 01:45:57.305 : Flights found : 383;548;06/18/2023 and 830;669;06/15/2023	[MsgId: MMSG-17999]
    2023-06-15 01:45:57.305 : Sity depart : Los Angeles, Sity arrive : Sydney	[MsgId: MMSG-17999]
    2023-06-15 01:45:58.543 : Flights found : 212;364;06/18/2023 and 120;385;06/15/2023	[MsgId: MMSG-17999]
    2023-06-15 01:45:58.543 : Sity depart : London, Sity arrive : Frankfurt	[MsgId: MMSG-17999]
    2023-06-15 01:45:59.353 : Flights found : 151;413;06/18/2023 and 511;413;06/15/2023	[MsgId: MMSG-17999]
    2023-06-15 01:45:59.353 : Sity depart : Frankfurt, Sity arrive : Portland	[MsgId: MMSG-17999]
    2023-06-15 01:46:00.054 : Flights found : 902;577;06/18/2023 and 092;577;06/15/2023	[MsgId: MMSG-17999]
    2023-06-15 01:46:00.054 : Sity depart : Zurich, Sity arrive : Denver	[MsgId: MMSG-17999]
    2023-06-15 01:46:05.573 : Found Seat Type : Coach, Seat Pref : None	[MsgId: MMSG-17999]
    2023-06-15 01:46:07.645 : Found Seat Type : Business, Seat Pref : Window	[MsgId: MMSG-17999]
    2023-06-15 01:46:09.447 : Found Seat Type : Business, Seat Pref : None	[MsgId: MMSG-17999]
    2023-06-15 01:46:09.944 : Found Seat Type : Business, Seat Pref : Aisle	[MsgId: MMSG-17999]
    2023-06-15 01:46:19.037 : Booking is complect	[MsgId: MMSG-17999]
    2023-06-15 01:46:22.142 : Booking is complect	[MsgId: MMSG-17999]
    2023-06-15 01:46:23.045 : Booking is complect	[MsgId: MMSG-17999]
    2023-06-15 01:46:23.899 : Go to Home Page is complete	[MsgId: MMSG-17999]
    2023-06-15 01:46:25.067 : Booking is complect	[MsgId: MMSG-17999]
    2023-06-15 01:46:28.321 : Go to Home Page is complete	[MsgId: MMSG-17999]
    2023-06-15 01:46:28.555 : Booking is created : 82977168-1407785-up	[MsgId: MMSG-17999]
    2023-06-15 01:46:28.679 : Go to Home Page is complete	[MsgId: MMSG-17999]
    2023-06-15 01:46:28.960 : Go to Home Page is complete	[MsgId: MMSG-17999]
    2023-06-15 01:46:32.859 : Booking is created : 317440836-840088-up	[MsgId: MMSG-17999]
    2023-06-15 01:46:33.141 : Booking is created : 350375978-116294-up	[MsgId: MMSG-17999]
    2023-06-15 01:46:33.932 : Booking is created : 320007865-86211-up	[MsgId: MMSG-17999]
    2023-06-15 01:46:36.172 : Booking (82977168-1407785-up) is deleted	[MsgId: MMSG-17999]
    2023-06-15 01:46:41.736 : User is logged out of session	[MsgId: MMSG-17999]
    2023-06-15 01:46:41.839 : Booking (320007865-86211-up) is deleted	[MsgId: MMSG-17999]
    2023-06-15 01:46:42.145 : Booking (350375978-116294-up) is deleted	[MsgId: MMSG-17999]
    2023-06-15 01:46:45.355 : Booking (317440836-840088-up) is deleted	[MsgId: MMSG-17999]
    2023-06-15 01:46:46.407 : User is logged out of session	[MsgId: MMSG-17999]
    2023-06-15 01:46:47.734 : User is logged out of session	[MsgId: MMSG-17999]
    2023-06-15 01:46:50.748 : User is logged out of session	[MsgId: MMSG-17999]
  2023-06-15 01:54:33.368 : IterationNum=2	[MsgId: MMSG-17999]
   USER 2 = user25:pwd25	[MsgId: MMSG-17999]
    2023-06-15 01:54:33.461 : Start page is opened	[MsgId: MMSG-17999]
    2023-06-15 01:54:37.699 : User is logged in with session 136636.37691373HAcicDDpzDHftcVzQptAVicf	[MsgId: MMSG-17999]
    2023-06-15 01:54:43.309 : Search page opened	[MsgId: MMSG-17999]
    2023-06-15 01:54:59.043 : Flights found : 421;97;06/18/2023 and 243;89;06/15/2023	[MsgId: MMSG-17999]
    2023-06-15 01:54:59.043 : Sity depart : Paris, Sity arrive : London	[MsgId: MMSG-17999]
    2023-06-15 01:55:07.135 : Found Seat Type : Coach, Seat Pref : Aisle	[MsgId: MMSG-17999]
    2023-06-15 01:55:24.602 : Booking is complect	[MsgId: MMSG-17999]
    2023-06-15 01:55:29.848 : Go to Home Page is complete	[MsgId: MMSG-17999]
    2023-06-15 01:55:33.781 : Booking is created : 20631192-95629-up	[MsgId: MMSG-17999]
    2023-06-15 01:55:41.851 : Booking (20631192-95629-up) is deleted	[MsgId: MMSG-17999]
    2023-06-15 01:55:46.737 : User is logged out of session	[MsgId: MMSG-17999]
  2023-06-15 01:57:33.256 : IterationNum=6	[MsgId: MMSG-17999]
   USER 6 = user11:pwd11	[MsgId: MMSG-17999]
  2023-06-15 01:57:33.286 : IterationNum=4	[MsgId: MMSG-17999]
   USER 4 = user15:pwd15	[MsgId: MMSG-17999]
  2023-06-15 01:57:33.318 : IterationNum=3	[MsgId: MMSG-17999]
   USER 3 = user20:pwd20	[MsgId: MMSG-17999]
    2023-06-15 01:57:33.350 : Start page is opened	[MsgId: MMSG-17999]
    2023-06-15 01:57:33.381 : Start page is opened	[MsgId: MMSG-17999]
  2023-06-15 01:57:33.396 : IterationNum=9	[MsgId: MMSG-17999]
   USER 9 = user5:pwd5	[MsgId: MMSG-17999]
    2023-06-15 01:57:33.412 : Start page is opened	[MsgId: MMSG-17999]
    2023-06-15 01:57:33.490 : Start page is opened	[MsgId: MMSG-17999]
    2023-06-15 01:57:37.549 : User is logged in with session 136636.391494532HAcicDtpDiHftcVzQptAzDcf	[MsgId: MMSG-17999]
    2023-06-15 01:57:38.677 : User is logged in with session 136636.391494532HAcicDtpDiHftcVzQptAzDcf	[MsgId: MMSG-17999]
    2023-06-15 01:57:39.072 : User is logged in with session 136636.391494532HAcicDtpDiHftcVzQptAzDcf	[MsgId: MMSG-17999]
    2023-06-15 01:57:39.706 : User is logged in with session 136636.391494532HAcicDtpDiHftcVzQptAzDcf	[MsgId: MMSG-17999]
    2023-06-15 01:57:42.727 : Search page opened	[MsgId: MMSG-17999]
    2023-06-15 01:57:44.050 : Search page opened	[MsgId: MMSG-17999]
    2023-06-15 01:57:44.609 : Search page opened	[MsgId: MMSG-17999]
    2023-06-15 01:57:45.467 : Search page opened	[MsgId: MMSG-17999]
    2023-06-15 01:57:54.804 : Flights found : 363;92;06/18/2023 and 630;113;06/15/2023	[MsgId: MMSG-17999]
    2023-06-15 01:57:54.804 : Sity depart : Los Angeles, Sity arrive : San Francisco	[MsgId: MMSG-17999]
    2023-06-15 01:57:58.053 : Flights found : 023;277;06/18/2023 and 202;320;06/15/2023	[MsgId: MMSG-17999]
    2023-06-15 01:57:58.053 : Sity depart : Denver, Sity arrive : London	[MsgId: MMSG-17999]
    2023-06-15 01:58:00.321 : Flights found : 371;292;06/18/2023 and 731;292;06/15/2023	[MsgId: MMSG-17999]
    2023-06-15 01:58:00.321 : Sity depart : Los Angeles, Sity arrive : Seattle	[MsgId: MMSG-17999]
    2023-06-15 01:58:03.389 : Flights found : 151;285;06/18/2023 and 513;261;06/15/2023	[MsgId: MMSG-17999]
    2023-06-15 01:58:03.389 : Sity depart : Frankfurt, Sity arrive : Portland	[MsgId: MMSG-17999]
    2023-06-15 01:58:05.098 : Found Seat Type : First, Seat Pref : None	[MsgId: MMSG-17999]
    2023-06-15 01:58:10.160 : Found Seat Type : Coach, Seat Pref : None	[MsgId: MMSG-17999]
    2023-06-15 01:58:11.225 : Found Seat Type : First, Seat Pref : None	[MsgId: MMSG-17999]
    2023-06-15 01:58:13.109 : Found Seat Type : Coach, Seat Pref : Window	[MsgId: MMSG-17999]
    2023-06-15 01:58:21.611 : Booking is complect	[MsgId: MMSG-17999]
    2023-06-15 01:58:23.855 : Booking is complect	[MsgId: MMSG-17999]
    2023-06-15 01:58:26.697 : Go to Home Page is complete	[MsgId: MMSG-17999]
    2023-06-15 01:58:28.821 : Booking is complect	[MsgId: MMSG-17999]
    2023-06-15 01:58:29.030 : Go to Home Page is complete	[MsgId: MMSG-17999]
    2023-06-15 01:58:29.431 : Booking is complect	[MsgId: MMSG-17999]
    2023-06-15 01:58:31.972 : Booking is created : 350371232-92507-up	[MsgId: MMSG-17999]
    2023-06-15 01:58:33.429 : Booking is created : 16445792-125400-up	[MsgId: MMSG-17999]
    2023-06-15 01:58:34.644 : Go to Home Page is complete	[MsgId: MMSG-17999]
    2023-06-15 01:58:34.987 : Go to Home Page is complete	[MsgId: MMSG-17999]
    2023-06-15 01:58:39.741 : Booking is created : 57413010-116426-up	[MsgId: MMSG-17999]
    2023-06-15 01:58:40.318 : Booking is created : 35939677-133198-up	[MsgId: MMSG-17999]
    2023-06-15 01:58:42.472 : Booking (16445792-125400-up) is deleted	[MsgId: MMSG-17999]
    2023-06-15 01:58:42.581 : Booking (350371232-92507-up) is deleted	[MsgId: MMSG-17999]
    2023-06-15 01:58:48.379 : Booking (35939677-133198-up) is deleted	[MsgId: MMSG-17999]
    2023-06-15 01:58:48.423 : User is logged out of session	[MsgId: MMSG-17999]
    2023-06-15 01:58:48.566 : User is logged out of session	[MsgId: MMSG-17999]
    2023-06-15 01:58:49.619 : Booking (57413010-116426-up) is deleted	[MsgId: MMSG-17999]
    2023-06-15 01:58:53.784 : User is logged out of session	[MsgId: MMSG-17999]
    2023-06-15 01:58:55.787 : User is logged out of session	[MsgId: MMSG-17999]
