  2023-06-12 23:13:45.817 : IterationNum=1	[MsgId: MMSG-17999]
   USER 1 = jojo:bean	[MsgId: MMSG-17999]
    2023-06-12 23:13:45.914 : Start page is opened	[MsgId: MMSG-17999]
    2023-06-12 23:13:49.864 : User is logged in with session 136621.59781288HAcHtHDptDHftcVztpitAzcf	[MsgId: MMSG-17999]
    2023-06-12 23:13:56.177 : Search page opened	[MsgId: MMSG-17999]
    2023-06-12 23:14:12.432 : Flights found : 120;385;06/15/2023 and 210;385;06/12/2023	[MsgId: MMSG-17999]
    2023-06-12 23:14:12.432 : Sity depart : Frankfurt, Sity arrive : London	[MsgId: MMSG-17999]
    2023-06-12 23:14:24.202 : Found Seat Type : Business, Seat Pref : Aisle	[MsgId: MMSG-17999]
    2023-06-12 23:14:36.012 : Booking is complect	[MsgId: MMSG-17999]
    2023-06-12 23:14:41.675 : Go to Home Page is complete	[MsgId: MMSG-17999]
    2023-06-12 23:14:47.702 : Booking is created : 308893347-93136-jb	[MsgId: MMSG-17999]
    2023-06-12 23:14:56.158 : Booking (308893347-93136-jb) is deleted	[MsgId: MMSG-17999]
    2023-06-12 23:15:01.020 : User is logged out of session	[MsgId: MMSG-17999]
  2023-06-12 23:16:25.832 : IterationNum=2	[MsgId: MMSG-17999]
   USER 2 = user1:pwd1	[MsgId: MMSG-17999]
    2023-06-12 23:16:25.925 : Start page is opened	[MsgId: MMSG-17999]
    2023-06-12 23:16:31.809 : User is logged in with session 136621.610773593HAcHtHtpVAtVzzzHtcVztpittzcf	[MsgId: MMSG-17999]
    2023-06-12 23:16:35.950 : Search page opened	[MsgId: MMSG-17999]
    2023-06-12 23:16:54.129 : Flights found : 632;107;06/15/2023 and 362;107;06/12/2023	[MsgId: MMSG-17999]
    2023-06-12 23:16:54.129 : Sity depart : San Francisco, Sity arrive : Los Angeles	[MsgId: MMSG-17999]
    2023-06-12 23:17:03.623 : Found Seat Type : First, Seat Pref : None	[MsgId: MMSG-17999]
    2023-06-12 23:17:18.467 : Booking is complect	[MsgId: MMSG-17999]
    2023-06-12 23:17:23.744 : Go to Home Page is complete	[MsgId: MMSG-17999]
    2023-06-12 23:17:28.228 : Booking is created : 306319707-104785-up	[MsgId: MMSG-17999]
    2023-06-12 23:17:38.983 : Booking (306319707-104785-up) is deleted	[MsgId: MMSG-17999]
    2023-06-12 23:17:44.923 : User is logged out of session	[MsgId: MMSG-17999]
  2023-06-12 23:19:05.836 : IterationNum=3	[MsgId: MMSG-17999]
   USER 3 = user2:pwd2	[MsgId: MMSG-17999]
    2023-06-12 23:19:05.928 : Start page is opened	[MsgId: MMSG-17999]
    2023-06-12 23:19:10.222 : User is logged in with session 136621.623734305HAcHtHtpHHAiDDDDtcVztpitizcf	[MsgId: MMSG-17999]
    2023-06-12 23:19:16.169 : Search page opened	[MsgId: MMSG-17999]
    2023-06-12 23:19:34.916 : Flights found : 620;850;06/15/2023 and 260;850;06/12/2023	[MsgId: MMSG-17999]
    2023-06-12 23:19:34.916 : Sity depart : San Francisco, Sity arrive : London	[MsgId: MMSG-17999]
    2023-06-12 23:19:47.177 : Found Seat Type : Business, Seat Pref : Aisle	[MsgId: MMSG-17999]
    2023-06-12 23:20:02.538 : Booking is complect	[MsgId: MMSG-17999]
    2023-06-12 23:20:07.261 : Go to Home Page is complete	[MsgId: MMSG-17999]
    2023-06-12 23:20:12.388 : Booking is created : 340393364-969361-up	[MsgId: MMSG-17999]
    2023-06-12 23:20:23.329 : Booking (340393364-969361-up) is deleted	[MsgId: MMSG-17999]
    2023-06-12 23:20:27.662 : User is logged out of session	[MsgId: MMSG-17999]
  2023-06-12 23:21:45.846 : IterationNum=4	[MsgId: MMSG-17999]
   USER 4 = user3:pwd3	[MsgId: MMSG-17999]
    2023-06-12 23:21:45.940 : Start page is opened	[MsgId: MMSG-17999]
    2023-06-12 23:21:52.304 : User is logged in with session 136621.636695018HAcHtHfptDHftcVztpifczcf	[MsgId: MMSG-17999]
    2023-06-12 23:21:56.757 : Search page opened	[MsgId: MMSG-17999]
    2023-06-12 23:22:15.230 : Flights found : 592;819;06/15/2023 and 951;771;06/12/2023	[MsgId: MMSG-17999]
    2023-06-12 23:22:15.230 : Sity depart : Portland, Sity arrive : Zurich	[MsgId: MMSG-17999]
    2023-06-12 23:22:26.593 : Found Seat Type : First, Seat Pref : Aisle	[MsgId: MMSG-17999]
    2023-06-12 23:22:43.138 : Booking is complect	[MsgId: MMSG-17999]
    2023-06-12 23:22:49.365 : Go to Home Page is complete	[MsgId: MMSG-17999]
    2023-06-12 23:22:53.776 : Booking is created : 154096030-1500891-up	[MsgId: MMSG-17999]
    2023-06-12 23:23:02.159 : Booking (154096030-1500891-up) is deleted	[MsgId: MMSG-17999]
    2023-06-12 23:23:06.543 : User is logged out of session	[MsgId: MMSG-17999]
  2023-06-12 23:24:25.860 : IterationNum=5	[MsgId: MMSG-17999]
   USER 5 = user4:pwd4	[MsgId: MMSG-17999]
    2023-06-12 23:24:25.954 : Start page is opened	[MsgId: MMSG-17999]
    2023-06-12 23:24:31.926 : User is logged in with session 136621.649655731HAcHtHzpVAtVzzzHtcVztpifzzcf	[MsgId: MMSG-17999]
    2023-06-12 23:24:37.578 : Search page opened	[MsgId: MMSG-17999]
    2023-06-12 23:24:49.290 : Flights found : 433;673;06/15/2023 and 341;733;06/12/2023	[MsgId: MMSG-17999]
    2023-06-12 23:24:49.290 : Sity depart : Paris, Sity arrive : Los Angeles	[MsgId: MMSG-17999]
    2023-06-12 23:24:58.820 : Found Seat Type : First, Seat Pref : Window	[MsgId: MMSG-17999]
    2023-06-12 23:25:14.405 : Booking is complect	[MsgId: MMSG-17999]
    2023-06-12 23:25:18.826 : Go to Home Page is complete	[MsgId: MMSG-17999]
    2023-06-12 23:25:22.995 : Booking is created : 365571617-1031646-up	[MsgId: MMSG-17999]
    2023-06-12 23:25:31.346 : Booking (365571617-1031646-up) is deleted	[MsgId: MMSG-17999]
    2023-06-12 23:25:36.501 : User is logged out of session	[MsgId: MMSG-17999]
  2023-06-12 23:25:45.660 : IterationNum=1	[MsgId: MMSG-17999]
   USER 1 = user7:pwd7	[MsgId: MMSG-17999]
    2023-06-12 23:25:45.744 : Start page is opened	[MsgId: MMSG-17999]
    2023-06-12 23:25:50.792 : User is logged in with session 136621.656136087HAcHtHzptDHftcVztpifizcf	[MsgId: MMSG-17999]
    2023-06-12 23:25:55.529 : Search page opened	[MsgId: MMSG-17999]
    2023-06-12 23:26:11.475 : Flights found : 261;979;06/15/2023 and 622;1039;06/12/2023	[MsgId: MMSG-17999]
    2023-06-12 23:26:11.475 : Sity depart : London, Sity arrive : San Francisco	[MsgId: MMSG-17999]
    2023-06-12 23:26:21.348 : Found Seat Type : First, Seat Pref : Aisle	[MsgId: MMSG-17999]
    2023-06-12 23:26:40.010 : Booking is complect	[MsgId: MMSG-17999]
    2023-06-12 23:26:45.420 : Go to Home Page is complete	[MsgId: MMSG-17999]
    2023-06-12 23:26:50.341 : Booking is created : 76676369-1247847-up	[MsgId: MMSG-17999]
    2023-06-12 23:27:02.306 : Booking (76676369-1247847-up) is deleted	[MsgId: MMSG-17999]
  2023-06-12 23:27:05.872 : IterationNum=6	[MsgId: MMSG-17999]
   USER 6 = user5:pwd5	[MsgId: MMSG-17999]
    2023-06-12 23:27:05.966 : Start page is opened	[MsgId: MMSG-17999]
    2023-06-12 23:27:06.923 : User is logged out of session	[MsgId: MMSG-17999]
    2023-06-12 23:27:11.574 : User is logged in with session 136621.662616444HAcHtHzpHHAiDDDDtcVztpizAzcf	[MsgId: MMSG-17999]
    2023-06-12 23:27:17.793 : Search page opened	[MsgId: MMSG-17999]
    2023-06-12 23:27:30.643 : Flights found : 121;343;06/15/2023 and 211;343;06/12/2023	[MsgId: MMSG-17999]
    2023-06-12 23:27:30.643 : Sity depart : Frankfurt, Sity arrive : London	[MsgId: MMSG-17999]
    2023-06-12 23:27:41.601 : Found Seat Type : Business, Seat Pref : None	[MsgId: MMSG-17999]
    2023-06-12 23:27:56.057 : Booking is complect	[MsgId: MMSG-17999]
    2023-06-12 23:28:00.740 : Go to Home Page is complete	[MsgId: MMSG-17999]
    2023-06-12 23:28:06.112 : Booking is created : 350374864-93206-up	[MsgId: MMSG-17999]
    2023-06-12 23:28:13.844 : Booking (350374864-93206-up) is deleted	[MsgId: MMSG-17999]
    2023-06-12 23:28:18.601 : User is logged out of session	[MsgId: MMSG-17999]
  2023-06-12 23:28:25.670 : IterationNum=2	[MsgId: MMSG-17999]
   USER 2 = user8:pwd8	[MsgId: MMSG-17999]
    2023-06-12 23:28:25.762 : Start page is opened	[MsgId: MMSG-17999]
    2023-06-12 23:28:31.104 : User is logged in with session 136621.6690968HAcHtHHpVAtVzzzHtcVztpizczcf	[MsgId: MMSG-17999]
    2023-06-12 23:28:36.459 : Search page opened	[MsgId: MMSG-17999]
    2023-06-12 23:28:47.788 : Flights found : 752;115;06/15/2023 and 570;121;06/12/2023	[MsgId: MMSG-17999]
    2023-06-12 23:28:47.788 : Sity depart : Seattle, Sity arrive : Portland	[MsgId: MMSG-17999]
    2023-06-12 23:28:57.381 : Found Seat Type : First, Seat Pref : Window	[MsgId: MMSG-17999]
    2023-06-12 23:29:11.070 : Booking is complect	[MsgId: MMSG-17999]
    2023-06-12 23:29:16.130 : Go to Home Page is complete	[MsgId: MMSG-17999]
    2023-06-12 23:29:20.799 : Booking is created : 150027856-120787-up	[MsgId: MMSG-17999]
    2023-06-12 23:29:29.351 : Booking (150027856-120787-up) is deleted	[MsgId: MMSG-17999]
    2023-06-12 23:29:33.768 : User is logged out of session	[MsgId: MMSG-17999]
  2023-06-12 23:29:45.878 : IterationNum=7	[MsgId: MMSG-17999]
   USER 7 = user6:pwd6	[MsgId: MMSG-17999]
    2023-06-12 23:29:45.971 : Start page is opened	[MsgId: MMSG-17999]
    2023-06-12 23:29:50.664 : User is logged in with session 136621.675577157HAcHtHHptDHftcVztpiztzcf	[MsgId: MMSG-17999]
    2023-06-12 23:29:56.522 : Search page opened	[MsgId: MMSG-17999]
    2023-06-12 23:30:09.748 : Flights found : 512;567;06/15/2023 and 153;491;06/12/2023	[MsgId: MMSG-17999]
    2023-06-12 23:30:09.748 : Sity depart : Portland, Sity arrive : Frankfurt	[MsgId: MMSG-17999]
    2023-06-12 23:30:20.534 : Found Seat Type : First, Seat Pref : Window	[MsgId: MMSG-17999]
    2023-06-12 23:30:34.654 : Booking is complect	[MsgId: MMSG-17999]
    2023-06-12 23:30:40.993 : Go to Home Page is complete	[MsgId: MMSG-17999]
    2023-06-12 23:30:47.320 : Booking is created : 332981946-887004-up	[MsgId: MMSG-17999]
    2023-06-12 23:30:56.577 : Booking (332981946-887004-up) is deleted	[MsgId: MMSG-17999]
    2023-06-12 23:31:02.008 : User is logged out of session	[MsgId: MMSG-17999]
  2023-06-12 23:31:05.670 : IterationNum=3	[MsgId: MMSG-17999]
   USER 3 = user9:pwd9	[MsgId: MMSG-17999]
    2023-06-12 23:31:05.761 : Start page is opened	[MsgId: MMSG-17999]
    2023-06-12 23:31:11.290 : User is logged in with session 136621.682057513HAcHtHHpHHAiDDDDtcVztpizzzcf	[MsgId: MMSG-17999]
    2023-06-12 23:31:15.757 : Search page opened	[MsgId: MMSG-17999]
    2023-06-12 23:31:31.829 : Flights found : 133;386;06/15/2023 and 311;292;06/12/2023	[MsgId: MMSG-17999]
    2023-06-12 23:31:31.829 : Sity depart : Frankfurt, Sity arrive : Los Angeles	[MsgId: MMSG-17999]
    2023-06-12 23:31:39.402 : Found Seat Type : Business, Seat Pref : Window	[MsgId: MMSG-17999]
    2023-06-12 23:31:51.003 : Booking is complect	[MsgId: MMSG-17999]
    2023-06-12 23:31:56.809 : Go to Home Page is complete	[MsgId: MMSG-17999]
    2023-06-12 23:32:01.966 : Booking is created : 85560495-100898-up	[MsgId: MMSG-17999]
    2023-06-12 23:32:12.943 : Booking (85560495-100898-up) is deleted	[MsgId: MMSG-17999]
    2023-06-12 23:32:19.205 : User is logged out of session	[MsgId: MMSG-17999]
  2023-06-12 23:32:25.886 : IterationNum=8	[MsgId: MMSG-17999]
   USER 8 = user6:pwd6	[MsgId: MMSG-17999]
    2023-06-12 23:32:25.978 : Start page is opened	[MsgId: MMSG-17999]
    2023-06-12 23:32:31.606 : User is logged in with session 136621.68853787HAcHtHipVAtVzzzHtcVztpizizcf	[MsgId: MMSG-17999]
    2023-06-12 23:32:37.016 : Search page opened	[MsgId: MMSG-17999]
    2023-06-12 23:32:54.236 : Flights found : 173;783;06/15/2023 and 711;852;06/12/2023	[MsgId: MMSG-17999]
    2023-06-12 23:32:54.236 : Sity depart : Frankfurt, Sity arrive : Seattle	[MsgId: MMSG-17999]
    2023-06-12 23:33:05.863 : Found Seat Type : First, Seat Pref : None	[MsgId: MMSG-17999]
    2023-06-12 23:33:17.509 : Booking is complect	[MsgId: MMSG-17999]
    2023-06-12 23:33:22.842 : Go to Home Page is complete	[MsgId: MMSG-17999]
    2023-06-12 23:33:28.353 : Booking is created : 332969399-1316279-up	[MsgId: MMSG-17999]
    2023-06-12 23:33:40.671 : Booking (332969399-1316279-up) is deleted	[MsgId: MMSG-17999]
    2023-06-12 23:33:45.488 : User is logged out of session	[MsgId: MMSG-17999]
  2023-06-12 23:33:45.670 : IterationNum=4	[MsgId: MMSG-17999]
   USER 4 = user10:pwd10	[MsgId: MMSG-17999]
    2023-06-12 23:33:45.764 : Start page is opened	[MsgId: MMSG-17999]
    2023-06-12 23:33:51.655 : User is logged in with session 136621.695018226HAcHtHiptDHftcVztpiHAzcf	[MsgId: MMSG-17999]
    2023-06-12 23:33:56.612 : Search page opened	[MsgId: MMSG-17999]
    2023-06-12 23:34:08.005 : Flights found : 373;143;06/15/2023 and 731;155;06/12/2023	[MsgId: MMSG-17999]
    2023-06-12 23:34:08.005 : Sity depart : Los Angeles, Sity arrive : Seattle	[MsgId: MMSG-17999]
    2023-06-12 23:34:16.553 : Found Seat Type : Coach, Seat Pref : Window	[MsgId: MMSG-17999]
    2023-06-12 23:34:31.730 : Booking is complect	[MsgId: MMSG-17999]
    2023-06-12 23:34:36.863 : Go to Home Page is complete	[MsgId: MMSG-17999]
    2023-06-12 23:34:41.667 : Booking is created : 82976783-133176-up	[MsgId: MMSG-17999]
    2023-06-12 23:34:51.074 : Booking (82976783-133176-up) is deleted	[MsgId: MMSG-17999]
    2023-06-12 23:34:56.227 : User is logged out of session	[MsgId: MMSG-17999]
  2023-06-12 23:35:05.892 : IterationNum=9	[MsgId: MMSG-17999]
   USER 9 = user6:pwd6	[MsgId: MMSG-17999]
    2023-06-12 23:35:05.985 : Start page is opened	[MsgId: MMSG-17999]
    2023-06-12 23:35:10.857 : User is logged in with session 136621.701498582HAcHtHipHHAiDDDDtcVztpiHczcf	[MsgId: MMSG-17999]
    2023-06-12 23:35:15.687 : Search page opened	[MsgId: MMSG-17999]
    2023-06-12 23:35:33.668 : Flights found : 311;292;06/15/2023 and 132;446;06/12/2023	[MsgId: MMSG-17999]
    2023-06-12 23:35:33.668 : Sity depart : Los Angeles, Sity arrive : Frankfurt	[MsgId: MMSG-17999]
    2023-06-12 23:35:41.577 : Found Seat Type : Business, Seat Pref : Window	[MsgId: MMSG-17999]
    2023-06-12 23:35:58.608 : Booking is complect	[MsgId: MMSG-17999]
    2023-06-12 23:36:03.078 : Go to Home Page is complete	[MsgId: MMSG-17999]
    2023-06-12 23:36:09.398 : Booking is created : 332974492-87133-up	[MsgId: MMSG-17999]
    2023-06-12 23:36:18.648 : Booking (332974492-87133-up) is deleted	[MsgId: MMSG-17999]
    2023-06-12 23:36:23.849 : User is logged out of session	[MsgId: MMSG-17999]
  2023-06-12 23:36:25.673 : IterationNum=5	[MsgId: MMSG-17999]
   USER 5 = user11:pwd11	[MsgId: MMSG-17999]
    2023-06-12 23:36:25.767 : Start page is opened	[MsgId: MMSG-17999]
    2023-06-12 23:36:31.373 : User is logged in with session 136621.707978939HAcHtHQpVAtVzzzHtcVztpiHtzcf	[MsgId: MMSG-17999]
    2023-06-12 23:36:37.498 : Search page opened	[MsgId: MMSG-17999]
    2023-06-12 23:36:49.598 : Flights found : 150;600;06/15/2023 and 511;534;06/12/2023	[MsgId: MMSG-17999]
    2023-06-12 23:36:49.598 : Sity depart : Frankfurt, Sity arrive : Portland	[MsgId: MMSG-17999]
    2023-06-12 23:36:59.439 : Found Seat Type : First, Seat Pref : None	[MsgId: MMSG-17999]
    2023-06-12 23:37:17.459 : Booking is complect	[MsgId: MMSG-17999]
    2023-06-12 23:37:21.745 : Go to Home Page is complete	[MsgId: MMSG-17999]
    2023-06-12 23:37:26.614 : Booking is created : 164450022-1162394-up	[MsgId: MMSG-17999]
    2023-06-12 23:37:36.145 : Booking (164450022-1162394-up) is deleted	[MsgId: MMSG-17999]
    2023-06-12 23:37:40.974 : User is logged out of session	[MsgId: MMSG-17999]
  2023-06-12 23:37:45.692 : IterationNum=1	[MsgId: MMSG-17999]
   USER 1 = user14:pwd14	[MsgId: MMSG-17999]
    2023-06-12 23:37:45.791 : Start page is opened	[MsgId: MMSG-17999]
  2023-06-12 23:37:45.900 : IterationNum=10	[MsgId: MMSG-17999]
   USER 10 = user6:pwd6	[MsgId: MMSG-17999]
    2023-06-12 23:37:45.993 : Start page is opened	[MsgId: MMSG-17999]
    2023-06-12 23:37:49.795 : User is logged in with session 136621.714459295HAcHtHQptDHftcVztpiHzzcf	[MsgId: MMSG-17999]
    2023-06-12 23:37:50.716 : User is logged in with session 136621.714459295HAcHtHQptDHftcVztpiHzzcf	[MsgId: MMSG-17999]
    2023-06-12 23:37:55.333 : Search page opened	[MsgId: MMSG-17999]
    2023-06-12 23:37:56.936 : Search page opened	[MsgId: MMSG-17999]
    2023-06-12 23:38:07.247 : Flights found : 313;185;06/15/2023 and 133;266;06/12/2023	[MsgId: MMSG-17999]
    2023-06-12 23:38:07.247 : Sity depart : Los Angeles, Sity arrive : Frankfurt	[MsgId: MMSG-17999]
    2023-06-12 23:38:09.790 : Flights found : 390;752;06/15/2023 and 932;614;06/12/2023	[MsgId: MMSG-17999]
    2023-06-12 23:38:09.790 : Sity depart : Los Angeles, Sity arrive : Zurich	[MsgId: MMSG-17999]
    2023-06-12 23:38:18.300 : Found Seat Type : Coach, Seat Pref : Aisle	[MsgId: MMSG-17999]
    2023-06-12 23:38:19.575 : Found Seat Type : First, Seat Pref : None	[MsgId: MMSG-17999]
    2023-06-12 23:38:36.639 : Booking is complect	[MsgId: MMSG-17999]
    2023-06-12 23:38:37.668 : Booking is complect	[MsgId: MMSG-17999]
    2023-06-12 23:38:41.522 : Go to Home Page is complete	[MsgId: MMSG-17999]
    2023-06-12 23:38:42.993 : Go to Home Page is complete	[MsgId: MMSG-17999]
    2023-06-12 23:38:46.264 : Booking is created : 320011599-87188-up	[MsgId: MMSG-17999]
    2023-06-12 23:38:49.027 : Booking is created : 332977435-1486258-up	[MsgId: MMSG-17999]
    2023-06-12 23:38:57.028 : Booking (332977435-1486258-up) is deleted	[MsgId: MMSG-17999]
    2023-06-12 23:38:58.629 : Booking (320011599-87188-up) is deleted	[MsgId: MMSG-17999]
    2023-06-12 23:39:03.118 : User is logged out of session	[MsgId: MMSG-17999]
    2023-06-12 23:39:04.256 : User is logged out of session	[MsgId: MMSG-17999]
  2023-06-12 23:39:05.675 : IterationNum=6	[MsgId: MMSG-17999]
   USER 6 = user12:pwd12	[MsgId: MMSG-17999]
    2023-06-12 23:39:05.768 : Start page is opened	[MsgId: MMSG-17999]
    2023-06-12 23:39:09.748 : User is logged in with session 136621.720939652HAcHtHQpHHAiDDDDtcVztpiHizcf	[MsgId: MMSG-17999]
    2023-06-12 23:39:15.866 : Search page opened	[MsgId: MMSG-17999]
    2023-06-12 23:39:31.437 : Flights found : 782;1099;06/15/2023 and 870;1162;06/12/2023	[MsgId: MMSG-17999]
    2023-06-12 23:39:31.437 : Sity depart : Seattle, Sity arrive : Sydney	[MsgId: MMSG-17999]
    2023-06-12 23:39:39.183 : Found Seat Type : Business, Seat Pref : None	[MsgId: MMSG-17999]
    2023-06-12 23:39:52.962 : Booking is complect	[MsgId: MMSG-17999]
    2023-06-12 23:39:59.072 : Go to Home Page is complete	[MsgId: MMSG-17999]
    2023-06-12 23:40:04.457 : Booking is created : 2422511892-1438635-up	[MsgId: MMSG-17999]
    2023-06-12 23:40:14.229 : Booking (2422511892-1438635-up) is deleted	[MsgId: MMSG-17999]
    2023-06-12 23:40:18.883 : User is logged out of session	[MsgId: MMSG-17999]
  2023-06-12 23:40:25.707 : IterationNum=2	[MsgId: MMSG-17999]
   USER 2 = user15:pwd15	[MsgId: MMSG-17999]
    2023-06-12 23:40:25.801 : Start page is opened	[MsgId: MMSG-17999]
  2023-06-12 23:40:25.909 : IterationNum=11	[MsgId: MMSG-17999]
   USER 11 = user6:pwd6	[MsgId: MMSG-17999]
    2023-06-12 23:40:26.003 : Start page is opened	[MsgId: MMSG-17999]
    2023-06-12 23:40:30.329 : User is logged in with session 136621.727420008HAcHtiApVAtVzzzHtcVztpiiAzcf	[MsgId: MMSG-17999]
    2023-06-12 23:40:31.277 : User is logged in with session 136621.727420008HAcHtiApVAtVzzzHtcVztpiiAzcf	[MsgId: MMSG-17999]
    2023-06-12 23:40:35.371 : Search page opened	[MsgId: MMSG-17999]
    2023-06-12 23:40:36.105 : Search page opened	[MsgId: MMSG-17999]
    2023-06-12 23:40:53.136 : Flights found : 281;1861;06/15/2023 and 822;1975;06/12/2023	[MsgId: MMSG-17999]
    2023-06-12 23:40:53.136 : Sity depart : London, Sity arrive : Sydney	[MsgId: MMSG-17999]
    2023-06-12 23:40:53.193 : Flights found : 091;375;06/15/2023 and 901;375;06/12/2023	[MsgId: MMSG-17999]
    2023-06-12 23:40:53.193 : Sity depart : Denver, Sity arrive : Zurich	[MsgId: MMSG-17999]
    2023-06-12 23:41:02.930 : Found Seat Type : Business, Seat Pref : Window	[MsgId: MMSG-17999]
    2023-06-12 23:41:04.901 : Found Seat Type : Coach, Seat Pref : Aisle	[MsgId: MMSG-17999]
    2023-06-12 23:41:21.015 : Booking is complect	[MsgId: MMSG-17999]
    2023-06-12 23:41:23.626 : Booking is complect	[MsgId: MMSG-17999]
    2023-06-12 23:41:26.012 : Go to Home Page is complete	[MsgId: MMSG-17999]
    2023-06-12 23:41:27.642 : Go to Home Page is complete	[MsgId: MMSG-17999]
    2023-06-12 23:41:31.229 : Booking is created : 3329733772-1401833-up	[MsgId: MMSG-17999]
    2023-06-12 23:41:31.711 : Booking is created : 35929310-146288-up	[MsgId: MMSG-17999]
    2023-06-12 23:41:40.837 : Booking (35929310-146288-up) is deleted	[MsgId: MMSG-17999]
    2023-06-12 23:41:41.621 : Booking (3329733772-1401833-up) is deleted	[MsgId: MMSG-17999]
  2023-06-12 23:41:45.679 : IterationNum=7	[MsgId: MMSG-17999]
   USER 7 = user13:pwd13	[MsgId: MMSG-17999]
    2023-06-12 23:41:45.773 : Start page is opened	[MsgId: MMSG-17999]
    2023-06-12 23:41:46.334 : User is logged out of session	[MsgId: MMSG-17999]
    2023-06-12 23:41:46.540 : User is logged out of session	[MsgId: MMSG-17999]
    2023-06-12 23:41:49.789 : User is logged in with session 136621.733900365HAcHtiAptDHftcVztpiiczcf	[MsgId: MMSG-17999]
    2023-06-12 23:41:56.121 : Search page opened	[MsgId: MMSG-17999]
    2023-06-12 23:42:13.197 : Flights found : 541;1038;06/15/2023 and 451;1038;06/12/2023	[MsgId: MMSG-17999]
    2023-06-12 23:42:13.198 : Sity depart : Portland, Sity arrive : Paris	[MsgId: MMSG-17999]
    2023-06-12 23:42:25.014 : Found Seat Type : First, Seat Pref : Aisle	[MsgId: MMSG-17999]
    2023-06-12 23:42:39.737 : Booking is complect	[MsgId: MMSG-17999]
    2023-06-12 23:42:44.071 : Go to Home Page is complete	[MsgId: MMSG-17999]
    2023-06-12 23:42:48.581 : Booking is created : 2118718927-1116313-up	[MsgId: MMSG-17999]
    2023-06-12 23:43:01.028 : Booking (2118718927-1116313-up) is deleted	[MsgId: MMSG-17999]
  2023-06-12 23:43:05.717 : IterationNum=3	[MsgId: MMSG-17999]
   USER 3 = user16:pwd16	[MsgId: MMSG-17999]
    2023-06-12 23:43:05.810 : Start page is opened	[MsgId: MMSG-17999]
  2023-06-12 23:43:05.918 : IterationNum=12	[MsgId: MMSG-17999]
   USER 12 = user6:pwd6	[MsgId: MMSG-17999]
    2023-06-12 23:43:05.982 : User is logged out of session	[MsgId: MMSG-17999]
    2023-06-12 23:43:06.011 : Start page is opened	[MsgId: MMSG-17999]
    2023-06-12 23:43:10.571 : User is logged in with session 136621.740380721HAcHtiApHHAiDDDDtcVztpiitzcf	[MsgId: MMSG-17999]
    2023-06-12 23:43:10.959 : User is logged in with session 136621.740380721HAcHtiApHHAiDDDDtcVztpiitzcf	[MsgId: MMSG-17999]
    2023-06-12 23:43:15.684 : Search page opened	[MsgId: MMSG-17999]
    2023-06-12 23:43:16.931 : Search page opened	[MsgId: MMSG-17999]
    2023-06-12 23:43:27.171 : Flights found : 362;107;06/15/2023 and 632;107;06/12/2023	[MsgId: MMSG-17999]
    2023-06-12 23:43:27.171 : Sity depart : Los Angeles, Sity arrive : San Francisco	[MsgId: MMSG-17999]
    2023-06-12 23:43:33.316 : Flights found : 130;472;06/15/2023 and 313;268;06/12/2023	[MsgId: MMSG-17999]
    2023-06-12 23:43:33.316 : Sity depart : Frankfurt, Sity arrive : Los Angeles	[MsgId: MMSG-17999]
    2023-06-12 23:43:36.175 : Found Seat Type : First, Seat Pref : Aisle	[MsgId: MMSG-17999]
    2023-06-12 23:43:44.993 : Found Seat Type : Business, Seat Pref : Aisle	[MsgId: MMSG-17999]
    2023-06-12 23:43:48.497 : Booking is complect	[MsgId: MMSG-17999]
    2023-06-12 23:43:53.829 : Go to Home Page is complete	[MsgId: MMSG-17999]
    2023-06-12 23:43:56.750 : Booking is complect	[MsgId: MMSG-17999]
    2023-06-12 23:43:58.529 : Booking is created : 338161559-125554-up	[MsgId: MMSG-17999]
    2023-06-12 23:44:01.000 : Go to Home Page is complete	[MsgId: MMSG-17999]
    2023-06-12 23:44:06.586 : Booking is created : 332967795-101056-up	[MsgId: MMSG-17999]
    2023-06-12 23:44:06.900 : Booking (338161559-125554-up) is deleted	[MsgId: MMSG-17999]
    2023-06-12 23:44:12.444 : User is logged out of session	[MsgId: MMSG-17999]
    2023-06-12 23:44:16.677 : Booking (332967795-101056-up) is deleted	[MsgId: MMSG-17999]
    2023-06-12 23:44:22.794 : User is logged out of session	[MsgId: MMSG-17999]
  2023-06-12 23:44:25.689 : IterationNum=8	[MsgId: MMSG-17999]
   USER 8 = user13:pwd13	[MsgId: MMSG-17999]
    2023-06-12 23:44:25.781 : Start page is opened	[MsgId: MMSG-17999]
    2023-06-12 23:44:32.122 : User is logged in with session 136621.746861077HAcHtiVpVAtVzzzHtcVztpiizzcf	[MsgId: MMSG-17999]
    2023-06-12 23:44:36.742 : Search page opened	[MsgId: MMSG-17999]
    2023-06-12 23:44:54.250 : Flights found : 572;88;06/15/2023 and 750;94;06/12/2023	[MsgId: MMSG-17999]
    2023-06-12 23:44:54.250 : Sity depart : Portland, Sity arrive : Seattle	[MsgId: MMSG-17999]
    2023-06-12 23:45:05.844 : Found Seat Type : Business, Seat Pref : None	[MsgId: MMSG-17999]
    2023-06-12 23:45:21.487 : Booking is complect	[MsgId: MMSG-17999]
    2023-06-12 23:45:26.731 : Go to Home Page is complete	[MsgId: MMSG-17999]
    2023-06-12 23:45:31.046 : Booking is created : 21187306-134629-up	[MsgId: MMSG-17999]
    2023-06-12 23:45:41.551 : Booking (21187306-134629-up) is deleted	[MsgId: MMSG-17999]
  2023-06-12 23:45:45.718 : IterationNum=4	[MsgId: MMSG-17999]
   USER 4 = user17:pwd17	[MsgId: MMSG-17999]
    2023-06-12 23:45:45.812 : Start page is opened	[MsgId: MMSG-17999]
  2023-06-12 23:45:45.920 : IterationNum=13	[MsgId: MMSG-17999]
   USER 13 = user6:pwd6	[MsgId: MMSG-17999]
    2023-06-12 23:45:46.014 : Start page is opened	[MsgId: MMSG-17999]
    2023-06-12 23:45:46.732 : User is logged out of session	[MsgId: MMSG-17999]
    2023-06-12 23:45:50.512 : User is logged in with session 136621.753341434HAcHtiVptDHftcVztpiiizcf	[MsgId: MMSG-17999]
    2023-06-12 23:45:50.668 : User is logged in with session 136621.753341434HAcHtiVptDHftcVztpiiizcf	[MsgId: MMSG-17999]
    2023-06-12 23:45:56.483 : Search page opened	[MsgId: MMSG-17999]
    2023-06-12 23:45:56.827 : Search page opened	[MsgId: MMSG-17999]
    2023-06-12 23:46:14.223 : Flights found : 101;343;06/15/2023 and 011;343;06/12/2023	[MsgId: MMSG-17999]
    2023-06-12 23:46:14.223 : Sity depart : Frankfurt, Sity arrive : Denver	[MsgId: MMSG-17999]
    2023-06-12 23:46:15.251 : Flights found : 103;458;06/15/2023 and 013;458;06/12/2023	[MsgId: MMSG-17999]
    2023-06-12 23:46:15.251 : Sity depart : Frankfurt, Sity arrive : Denver	[MsgId: MMSG-17999]
    2023-06-12 23:46:24.138 : Found Seat Type : Business, Seat Pref : None	[MsgId: MMSG-17999]
    2023-06-12 23:46:25.558 : Found Seat Type : Coach, Seat Pref : None	[MsgId: MMSG-17999]
    2023-06-12 23:46:41.758 : Booking is complect	[MsgId: MMSG-17999]
    2023-06-12 23:46:42.314 : Booking is complect	[MsgId: MMSG-17999]
    2023-06-12 23:46:47.680 : Go to Home Page is complete	[MsgId: MMSG-17999]
    2023-06-12 23:46:48.123 : Go to Home Page is complete	[MsgId: MMSG-17999]
    2023-06-12 23:46:52.564 : Booking is created : 302966716-77822-up	[MsgId: MMSG-17999]
    2023-06-12 23:46:53.935 : Booking is created : 332966794-77993-up	[MsgId: MMSG-17999]
    2023-06-12 23:47:04.652 : Booking (302966716-77822-up) is deleted	[MsgId: MMSG-17999]
    2023-06-12 23:47:05.296 : Booking (332966794-77993-up) is deleted	[MsgId: MMSG-17999]
  2023-06-12 23:47:05.700 : IterationNum=9	[MsgId: MMSG-17999]
   USER 9 = user13:pwd13	[MsgId: MMSG-17999]
    2023-06-12 23:47:05.794 : Start page is opened	[MsgId: MMSG-17999]
    2023-06-12 23:47:09.028 : User is logged out of session	[MsgId: MMSG-17999]
    2023-06-12 23:47:10.382 : User is logged in with session 136621.75982179HAcHtiVpHHAiDDDDtcVztpiQAzcf	[MsgId: MMSG-17999]
    2023-06-12 23:47:10.560 : User is logged out of session	[MsgId: MMSG-17999]
    2023-06-12 23:47:14.641 : Search page opened	[MsgId: MMSG-17999]
    2023-06-12 23:47:30.304 : Flights found : 092;746;06/15/2023 and 902;746;06/12/2023	[MsgId: MMSG-17999]
    2023-06-12 23:47:30.304 : Sity depart : Denver, Sity arrive : Zurich	[MsgId: MMSG-17999]
    2023-06-12 23:47:39.984 : Found Seat Type : First, Seat Pref : None	[MsgId: MMSG-17999]
    2023-06-12 23:47:53.438 : Booking is complect	[MsgId: MMSG-17999]
    2023-06-12 23:47:58.287 : Go to Home Page is complete	[MsgId: MMSG-17999]
    2023-06-12 23:48:02.524 : Booking is created : 211855286-1463191-up	[MsgId: MMSG-17999]
    2023-06-12 23:48:13.336 : Booking (211855286-1463191-up) is deleted	[MsgId: MMSG-17999]
    2023-06-12 23:48:18.082 : User is logged out of session	[MsgId: MMSG-17999]
  2023-06-12 23:48:25.719 : IterationNum=5	[MsgId: MMSG-17999]
   USER 5 = user18:pwd18	[MsgId: MMSG-17999]
    2023-06-12 23:48:25.815 : Start page is opened	[MsgId: MMSG-17999]
  2023-06-12 23:48:25.924 : IterationNum=14	[MsgId: MMSG-17999]
   USER 14 = user6:pwd6	[MsgId: MMSG-17999]
    2023-06-12 23:48:26.017 : Start page is opened	[MsgId: MMSG-17999]
    2023-06-12 23:48:30.547 : User is logged in with session 136621.766302147HAcHticpVAtVzzzHtcVztpiQczcf	[MsgId: MMSG-17999]
    2023-06-12 23:48:30.934 : User is logged in with session 136621.766302147HAcHticpVAtVzzzHtcVztpiQczcf	[MsgId: MMSG-17999]
    2023-06-12 23:48:35.324 : Search page opened	[MsgId: MMSG-17999]
    2023-06-12 23:48:35.540 : Search page opened	[MsgId: MMSG-17999]
    2023-06-12 23:48:47.255 : Flights found : 263;479;06/15/2023 and 623;479;06/12/2023	[MsgId: MMSG-17999]
    2023-06-12 23:48:47.255 : Sity depart : London, Sity arrive : San Francisco	[MsgId: MMSG-17999]
    2023-06-12 23:48:48.880 : Flights found : 963;446;06/15/2023 and 691;485;06/12/2023	[MsgId: MMSG-17999]
    2023-06-12 23:48:48.880 : Sity depart : Zurich, Sity arrive : San Francisco	[MsgId: MMSG-17999]
    2023-06-12 23:48:55.526 : Found Seat Type : Coach, Seat Pref : None	[MsgId: MMSG-17999]
    2023-06-12 23:48:57.398 : Found Seat Type : Business, Seat Pref : None	[MsgId: MMSG-17999]
    2023-06-12 23:49:07.974 : Booking is complect	[MsgId: MMSG-17999]
    2023-06-12 23:49:09.177 : Booking is complect	[MsgId: MMSG-17999]
    2023-06-12 23:49:12.387 : Go to Home Page is complete	[MsgId: MMSG-17999]
    2023-06-12 23:49:15.525 : Go to Home Page is complete	[MsgId: MMSG-17999]
    2023-06-12 23:49:18.128 : Booking is created : 332972721-124919-up	[MsgId: MMSG-17999]
    2023-06-12 23:49:20.453 : Booking is created : 106702349-130148-up	[MsgId: MMSG-17999]
    2023-06-12 23:49:26.077 : Booking (332972721-124919-up) is deleted	[MsgId: MMSG-17999]
    2023-06-12 23:49:31.427 : User is logged out of session	[MsgId: MMSG-17999]
    2023-06-12 23:49:31.990 : Booking (106702349-130148-up) is deleted	[MsgId: MMSG-17999]
    2023-06-12 23:49:37.029 : User is logged out of session	[MsgId: MMSG-17999]
  2023-06-12 23:49:45.715 : IterationNum=10	[MsgId: MMSG-17999]
   USER 10 = user13:pwd13	[MsgId: MMSG-17999]
  2023-06-12 23:49:45.723 : IterationNum=1	[MsgId: MMSG-17999]
   USER 1 = user21:pwd21	[MsgId: MMSG-17999]
    2023-06-12 23:49:45.809 : Start page is opened	[MsgId: MMSG-17999]
    2023-06-12 23:49:45.809 : Start page is opened	[MsgId: MMSG-17999]
    2023-06-12 23:49:50.419 : User is logged in with session 136621.772782503HAcHticptDHftcVztpiQtzcf	[MsgId: MMSG-17999]
    2023-06-12 23:49:50.464 : User is logged in with session 136621.772782503HAcHticptDHftcVztpiQtzcf	[MsgId: MMSG-17999]
    2023-06-12 23:49:55.245 : Search page opened	[MsgId: MMSG-17999]
    2023-06-12 23:49:55.530 : Search page opened	[MsgId: MMSG-17999]
    2023-06-12 23:50:10.205 : Flights found : 671;112;06/15/2023 and 761;112;06/12/2023	[MsgId: MMSG-17999]
    2023-06-12 23:50:10.205 : Sity depart : San Francisco, Sity arrive : Seattle	[MsgId: MMSG-17999]
    2023-06-12 23:50:13.021 : Flights found : 013;592;06/15/2023 and 102;684;06/12/2023	[MsgId: MMSG-17999]
    2023-06-12 23:50:13.021 : Sity depart : Denver, Sity arrive : Frankfurt	[MsgId: MMSG-17999]
    2023-06-12 23:50:21.252 : Found Seat Type : Business, Seat Pref : Aisle	[MsgId: MMSG-17999]
    2023-06-12 23:50:23.046 : Found Seat Type : First, Seat Pref : None	[MsgId: MMSG-17999]
    2023-06-12 23:50:35.655 : Booking is complect	[MsgId: MMSG-17999]
    2023-06-12 23:50:38.185 : Booking is complect	[MsgId: MMSG-17999]
    2023-06-12 23:50:41.896 : Go to Home Page is complete	[MsgId: MMSG-17999]
    2023-06-12 23:50:42.345 : Go to Home Page is complete	[MsgId: MMSG-17999]
    2023-06-12 23:50:46.351 : Booking is created : 100765596-135478-up	[MsgId: MMSG-17999]
    2023-06-12 23:50:47.851 : Booking is created : 211852355-847790-up	[MsgId: MMSG-17999]
    2023-06-12 23:50:56.403 : Booking (100765596-135478-up) is deleted	[MsgId: MMSG-17999]
    2023-06-12 23:50:58.200 : Booking (211852355-847790-up) is deleted	[MsgId: MMSG-17999]
    2023-06-12 23:51:00.852 : User is logged out of session	[MsgId: MMSG-17999]
    2023-06-12 23:51:04.273 : User is logged out of session	[MsgId: MMSG-17999]
  2023-06-12 23:51:05.730 : IterationNum=6	[MsgId: MMSG-17999]
   USER 6 = user19:pwd19	[MsgId: MMSG-17999]
    2023-06-12 23:51:05.824 : Start page is opened	[MsgId: MMSG-17999]
  2023-06-12 23:51:05.935 : IterationNum=15	[MsgId: MMSG-17999]
   USER 15 = user6:pwd6	[MsgId: MMSG-17999]
    2023-06-12 23:51:06.029 : Start page is opened	[MsgId: MMSG-17999]
    2023-06-12 23:51:09.918 : User is logged in with session 136621.779262859HAcHticpHHAiDDDDtcVztpiQzzcf	[MsgId: MMSG-17999]
    2023-06-12 23:51:11.397 : User is logged in with session 136621.779262859HAcHticpHHAiDDDDtcVztpiQzzcf	[MsgId: MMSG-17999]
    2023-06-12 23:51:14.443 : Search page opened	[MsgId: MMSG-17999]
    2023-06-12 23:51:15.842 : Search page opened	[MsgId: MMSG-17999]
    2023-06-12 23:51:28.596 : Flights found : 142;228;06/15/2023 and 412;228;06/12/2023	[MsgId: MMSG-17999]
    2023-06-12 23:51:28.596 : Sity depart : Frankfurt, Sity arrive : Paris	[MsgId: MMSG-17999]
    2023-06-12 23:51:29.904 : Flights found : 571;83;06/15/2023 and 753;76;06/12/2023	[MsgId: MMSG-17999]
    2023-06-12 23:51:29.904 : Sity depart : Portland, Sity arrive : Seattle	[MsgId: MMSG-17999]
    2023-06-12 23:51:36.387 : Found Seat Type : First, Seat Pref : Window	[MsgId: MMSG-17999]
    2023-06-12 23:51:38.672 : Found Seat Type : Business, Seat Pref : None	[MsgId: MMSG-17999]
    2023-06-12 23:51:48.494 : Booking is complect	[MsgId: MMSG-17999]
    2023-06-12 23:51:52.099 : Booking is complect	[MsgId: MMSG-17999]
    2023-06-12 23:51:53.522 : Go to Home Page is complete	[MsgId: MMSG-17999]
    2023-06-12 23:51:57.112 : Go to Home Page is complete	[MsgId: MMSG-17999]
    2023-06-12 23:51:59.896 : Booking is created : 317412675-108650-up	[MsgId: MMSG-17999]
    2023-06-12 23:52:01.573 : Booking is created : 33298414-134858-up	[MsgId: MMSG-17999]
    2023-06-12 23:52:09.809 : Booking (317412675-108650-up) is deleted	[MsgId: MMSG-17999]
    2023-06-12 23:52:14.074 : Booking (33298414-134858-up) is deleted	[MsgId: MMSG-17999]
    2023-06-12 23:52:14.152 : User is logged out of session	[MsgId: MMSG-17999]
    2023-06-12 23:52:19.114 : User is logged out of session	[MsgId: MMSG-17999]
  2023-06-12 23:52:25.718 : IterationNum=11	[MsgId: MMSG-17999]
   USER 11 = user13:pwd13	[MsgId: MMSG-17999]
  2023-06-12 23:52:25.733 : IterationNum=2	[MsgId: MMSG-17999]
   USER 2 = user22:pwd22	[MsgId: MMSG-17999]
    2023-06-12 23:52:25.811 : Start page is opened	[MsgId: MMSG-17999]
    2023-06-12 23:52:25.827 : Start page is opened	[MsgId: MMSG-17999]
    2023-06-12 23:52:30.728 : User is logged in with session 136621.785743216HAcHtiDpVAtVzzzHtcVztpiQizcf	[MsgId: MMSG-17999]
    2023-06-12 23:52:31.863 : User is logged in with session 136621.785743216HAcHtiDpVAtVzzzHtcVztpiQizcf	[MsgId: MMSG-17999]
    2023-06-12 23:52:35.523 : Search page opened	[MsgId: MMSG-17999]
    2023-06-12 23:52:35.835 : Search page opened	[MsgId: MMSG-17999]
    2023-06-12 23:52:51.140 : Flights found : 031;325;06/15/2023 and 303;298;06/12/2023	[MsgId: MMSG-17999]
    2023-06-12 23:52:51.140 : Sity depart : Denver, Sity arrive : Los Angeles	[MsgId: MMSG-17999]
    2023-06-12 23:52:54.579 : Flights found : 201;565;06/15/2023 and 020;635;06/12/2023	[MsgId: MMSG-17999]
    2023-06-12 23:52:54.579 : Sity depart : London, Sity arrive : Denver	[MsgId: MMSG-17999]
    2023-06-12 23:53:03.618 : Found Seat Type : Business, Seat Pref : None	[MsgId: MMSG-17999]
    2023-06-12 23:53:06.963 : Found Seat Type : First, Seat Pref : Aisle	[MsgId: MMSG-17999]
    2023-06-12 23:53:19.858 : Booking is complect	[MsgId: MMSG-17999]
    2023-06-12 23:53:20.304 : Booking is complect	[MsgId: MMSG-17999]
    2023-06-12 23:53:24.349 : Go to Home Page is complete	[MsgId: MMSG-17999]
    2023-06-12 23:53:24.799 : Go to Home Page is complete	[MsgId: MMSG-17999]
    2023-06-12 23:53:29.360 : Booking is created : 211859317-784707-up	[MsgId: MMSG-17999]
    2023-06-12 23:53:30.542 : Booking is created : 214075234-100278-up	[MsgId: MMSG-17999]
    2023-06-12 23:53:37.846 : Booking (211859317-784707-up) is deleted	[MsgId: MMSG-17999]
    2023-06-12 23:53:42.506 : User is logged out of session	[MsgId: MMSG-17999]
    2023-06-12 23:53:42.663 : Booking (214075234-100278-up) is deleted	[MsgId: MMSG-17999]
  2023-06-12 23:53:45.742 : IterationNum=7	[MsgId: MMSG-17999]
   USER 7 = user20:pwd20	[MsgId: MMSG-17999]
    2023-06-12 23:53:45.835 : Start page is opened	[MsgId: MMSG-17999]
  2023-06-12 23:53:45.945 : IterationNum=16	[MsgId: MMSG-17999]
   USER 16 = user6:pwd6	[MsgId: MMSG-17999]
    2023-06-12 23:53:46.039 : Start page is opened	[MsgId: MMSG-17999]
    2023-06-12 23:53:48.250 : User is logged out of session	[MsgId: MMSG-17999]
    2023-06-12 23:53:51.014 : User is logged in with session 136621.792223572HAcHtiDptDHftcVztpQAAzcf	[MsgId: MMSG-17999]
    2023-06-12 23:53:51.465 : User is logged in with session 136621.792223572HAcHtiDptDHftcVztpQAAzcf	[MsgId: MMSG-17999]
    2023-06-12 23:53:54.980 : Search page opened	[MsgId: MMSG-17999]
    2023-06-12 23:53:57.296 : Search page opened	[MsgId: MMSG-17999]
    2023-06-12 23:54:13.552 : Flights found : 830;1256;06/15/2023 and 380;1256;06/12/2023	[MsgId: MMSG-17999]
    2023-06-12 23:54:13.552 : Sity depart : Sydney, Sity arrive : Los Angeles	[MsgId: MMSG-17999]
    2023-06-12 23:54:15.398 : Flights found : 753;53;06/15/2023 and 570;64;06/12/2023	[MsgId: MMSG-17999]
    2023-06-12 23:54:15.399 : Sity depart : Seattle, Sity arrive : Portland	[MsgId: MMSG-17999]
    2023-06-12 23:54:26.090 : Found Seat Type : First, Seat Pref : Window	[MsgId: MMSG-17999]
    2023-06-12 23:54:26.096 : Found Seat Type : Coach, Seat Pref : None	[MsgId: MMSG-17999]
    2023-06-12 23:54:40.036 : Booking is complect	[MsgId: MMSG-17999]
    2023-06-12 23:54:43.188 : Booking is complect	[MsgId: MMSG-17999]
    2023-06-12 23:54:45.584 : Go to Home Page is complete	[MsgId: MMSG-17999]
    2023-06-12 23:54:49.153 : Go to Home Page is complete	[MsgId: MMSG-17999]
    2023-06-12 23:54:49.979 : Booking is created : 5743531-120778-up	[MsgId: MMSG-17999]
    2023-06-12 23:54:55.530 : Booking is created : 3329937083-1061731-up	[MsgId: MMSG-17999]
    2023-06-12 23:55:00.361 : Booking (5743531-120778-up) is deleted	[MsgId: MMSG-17999]
    2023-06-12 23:55:04.872 : User is logged out of session	[MsgId: MMSG-17999]
    2023-06-12 23:55:05.200 : Booking (3329937083-1061731-up) is deleted	[MsgId: MMSG-17999]
  2023-06-12 23:55:05.732 : IterationNum=12	[MsgId: MMSG-17999]
   USER 12 = user13:pwd13	[MsgId: MMSG-17999]
  2023-06-12 23:55:05.748 : IterationNum=3	[MsgId: MMSG-17999]
   USER 3 = user23:pwd23	[MsgId: MMSG-17999]
    2023-06-12 23:55:05.825 : Start page is opened	[MsgId: MMSG-17999]
    2023-06-12 23:55:05.840 : Start page is opened	[MsgId: MMSG-17999]
    2023-06-12 23:55:10.772 : User is logged out of session	[MsgId: MMSG-17999]
    2023-06-12 23:55:11.518 : User is logged in with session 136621.798703929HAcHtiDpHHAiDDDDtcVztpQAczcf	[MsgId: MMSG-17999]
    2023-06-12 23:55:11.922 : User is logged in with session 136621.798703929HAcHtiDpHHAiDDDDtcVztpQAczcf	[MsgId: MMSG-17999]
    2023-06-12 23:55:16.338 : Search page opened	[MsgId: MMSG-17999]
    2023-06-12 23:55:17.429 : Search page opened	[MsgId: MMSG-17999]
    2023-06-12 23:55:31.808 : Flights found : 871;714;06/15/2023 and 780;801;06/12/2023	[MsgId: MMSG-17999]
    2023-06-12 23:55:31.808 : Sity depart : Sydney, Sity arrive : Seattle	[MsgId: MMSG-17999]
    2023-06-12 23:55:35.936 : Flights found : 790;447;06/15/2023 and 973;366;06/12/2023	[MsgId: MMSG-17999]
    2023-06-12 23:55:35.936 : Sity depart : Seattle, Sity arrive : Zurich	[MsgId: MMSG-17999]
    2023-06-12 23:55:44.181 : Found Seat Type : Coach, Seat Pref : None	[MsgId: MMSG-17999]
    2023-06-12 23:55:44.382 : Found Seat Type : Coach, Seat Pref : None	[MsgId: MMSG-17999]
    2023-06-12 23:56:02.176 : Booking is complect	[MsgId: MMSG-17999]
    2023-06-12 23:56:02.202 : Booking is complect	[MsgId: MMSG-17999]
    2023-06-12 23:56:06.935 : Go to Home Page is complete	[MsgId: MMSG-17999]
    2023-06-12 23:56:08.183 : Go to Home Page is complete	[MsgId: MMSG-17999]
    2023-06-12 23:56:10.917 : Booking is created : 251143396-1369347-up	[MsgId: MMSG-17999]
    2023-06-12 23:56:14.257 : Booking is created : 211881127-151831-up	[MsgId: MMSG-17999]
    2023-06-12 23:56:19.839 : Booking (251143396-1369347-up) is deleted	[MsgId: MMSG-17999]
    2023-06-12 23:56:22.466 : Booking (211881127-151831-up) is deleted	[MsgId: MMSG-17999]
    2023-06-12 23:56:25.419 : User is logged out of session	[MsgId: MMSG-17999]
  2023-06-12 23:56:25.744 : IterationNum=8	[MsgId: MMSG-17999]
   USER 8 = user20:pwd20	[MsgId: MMSG-17999]
    2023-06-12 23:56:25.836 : Start page is opened	[MsgId: MMSG-17999]
  2023-06-12 23:56:25.946 : IterationNum=17	[MsgId: MMSG-17999]
   USER 17 = user6:pwd6	[MsgId: MMSG-17999]
    2023-06-12 23:56:26.040 : Start page is opened	[MsgId: MMSG-17999]
    2023-06-12 23:56:28.736 : User is logged out of session	[MsgId: MMSG-17999]
    2023-06-12 23:56:30.207 : User is logged in with session 136621.805184285HAcHtitpVAtVzzzHtcVztpQAtzcf	[MsgId: MMSG-17999]
    2023-06-12 23:56:30.332 : User is logged in with session 136621.805184285HAcHtitpVAtVzzzHtcVztpQAtzcf	[MsgId: MMSG-17999]
    2023-06-12 23:56:34.324 : Search page opened	[MsgId: MMSG-17999]
    2023-06-12 23:56:34.509 : Search page opened	[MsgId: MMSG-17999]
    2023-06-12 23:56:46.968 : Flights found : 841;1273;06/15/2023 and 480;1428;06/12/2023	[MsgId: MMSG-17999]
    2023-06-12 23:56:46.968 : Sity depart : Sydney, Sity arrive : Paris	[MsgId: MMSG-17999]
    2023-06-12 23:56:52.050 : Flights found : 360;87;06/15/2023 and 631;78;06/12/2023	[MsgId: MMSG-17999]
    2023-06-12 23:56:52.050 : Sity depart : Los Angeles, Sity arrive : San Francisco	[MsgId: MMSG-17999]
    2023-06-12 23:56:58.899 : Found Seat Type : Coach, Seat Pref : None	[MsgId: MMSG-17999]
    2023-06-12 23:57:01.600 : Found Seat Type : Business, Seat Pref : Aisle	[MsgId: MMSG-17999]
    2023-06-12 23:57:15.321 : Booking is complect	[MsgId: MMSG-17999]
    2023-06-12 23:57:18.068 : Booking is complect	[MsgId: MMSG-17999]
    2023-06-12 23:57:19.991 : Go to Home Page is complete	[MsgId: MMSG-17999]
    2023-06-12 23:57:22.004 : Go to Home Page is complete	[MsgId: MMSG-17999]
    2023-06-12 23:57:26.993 : Booking is created : 33297632-125474-up	[MsgId: MMSG-17999]
    2023-06-12 23:57:27.366 : Booking is created : 574385602-1138669-up	[MsgId: MMSG-17999]
    2023-06-12 23:57:35.935 : Booking (574385602-1138669-up) is deleted	[MsgId: MMSG-17999]
    2023-06-12 23:57:37.696 : Booking (33297632-125474-up) is deleted	[MsgId: MMSG-17999]
    2023-06-12 23:57:41.586 : User is logged out of session	[MsgId: MMSG-17999]
    2023-06-12 23:57:44.000 : User is logged out of session	[MsgId: MMSG-17999]
  2023-06-12 23:57:45.744 : IterationNum=13	[MsgId: MMSG-17999]
   USER 13 = user13:pwd13	[MsgId: MMSG-17999]
  2023-06-12 23:57:45.758 : IterationNum=4	[MsgId: MMSG-17999]
   USER 4 = user24:pwd24	[MsgId: MMSG-17999]
    2023-06-12 23:57:45.835 : Start page is opened	[MsgId: MMSG-17999]
    2023-06-12 23:57:45.851 : Start page is opened	[MsgId: MMSG-17999]
    2023-06-12 23:57:50.067 : User is logged in with session 136621.811664642HAcHtitptDHftcVztpQAzzcf	[MsgId: MMSG-17999]
    2023-06-12 23:57:52.191 : User is logged in with session 136621.811664642HAcHtitptDHftcVztpQAzzcf	[MsgId: MMSG-17999]
    2023-06-12 23:57:54.363 : Search page opened	[MsgId: MMSG-17999]
    2023-06-12 23:57:58.154 : Search page opened	[MsgId: MMSG-17999]
    2023-06-12 23:58:06.090 : Flights found : 960;545;06/15/2023 and 693;446;06/12/2023	[MsgId: MMSG-17999]
    2023-06-12 23:58:06.090 : Sity depart : Zurich, Sity arrive : San Francisco	[MsgId: MMSG-17999]
    2023-06-12 23:58:12.390 : Flights found : 613;511;06/15/2023 and 163;511;06/12/2023	[MsgId: MMSG-17999]
    2023-06-12 23:58:12.390 : Sity depart : San Francisco, Sity arrive : Frankfurt	[MsgId: MMSG-17999]
    2023-06-12 23:58:17.769 : Found Seat Type : Business, Seat Pref : None	[MsgId: MMSG-17999]
    2023-06-12 23:58:23.174 : Found Seat Type : Business, Seat Pref : None	[MsgId: MMSG-17999]
    2023-06-12 23:58:32.296 : Booking is complect	[MsgId: MMSG-17999]
    2023-06-12 23:58:37.217 : Booking is complect	[MsgId: MMSG-17999]
    2023-06-12 23:58:38.466 : Go to Home Page is complete	[MsgId: MMSG-17999]
    2023-06-12 23:58:42.404 : Go to Home Page is complete	[MsgId: MMSG-17999]
    2023-06-12 23:58:44.587 : Booking is created : 247813353-130307-up	[MsgId: MMSG-17999]
    2023-06-12 23:58:51.657 : Booking is created : 211874574-894694-up	[MsgId: MMSG-17999]
    2023-06-12 23:58:55.965 : Booking (247813353-130307-up) is deleted	[MsgId: MMSG-17999]
    2023-06-12 23:59:03.121 : Booking (211874574-894694-up) is deleted	[MsgId: MMSG-17999]
    2023-06-12 23:59:03.244 : User is logged out of session	[MsgId: MMSG-17999]
  2023-06-12 23:59:05.750 : IterationNum=9	[MsgId: MMSG-17999]
   USER 9 = user20:pwd20	[MsgId: MMSG-17999]
    2023-06-12 23:59:05.844 : Start page is opened	[MsgId: MMSG-17999]
  2023-06-12 23:59:05.952 : IterationNum=18	[MsgId: MMSG-17999]
   USER 18 = user6:pwd6	[MsgId: MMSG-17999]
    2023-06-12 23:59:06.045 : Start page is opened	[MsgId: MMSG-17999]
    2023-06-12 23:59:09.258 : User is logged out of session	[MsgId: MMSG-17999]
    2023-06-12 23:59:10.476 : User is logged in with session 136621.818144998HAcHtitpHHAiDDDDtcVztpQAizcf	[MsgId: MMSG-17999]
    2023-06-12 23:59:13.134 : User is logged in with session 136621.818144998HAcHtitpHHAiDDDDtcVztpQAizcf	[MsgId: MMSG-17999]
    2023-06-12 23:59:14.599 : Search page opened	[MsgId: MMSG-17999]
    2023-06-12 23:59:17.269 : Search page opened	[MsgId: MMSG-17999]
    2023-06-12 23:59:29.746 : Flights found : 301;420;06/15/2023 and 031;420;06/12/2023	[MsgId: MMSG-17999]
    2023-06-12 23:59:29.746 : Sity depart : Los Angeles, Sity arrive : Denver	[MsgId: MMSG-17999]
    2023-06-12 23:59:33.244 : Flights found : 673;71;06/15/2023 and 760;86;06/12/2023	[MsgId: MMSG-17999]
    2023-06-12 23:59:33.244 : Sity depart : San Francisco, Sity arrive : Seattle	[MsgId: MMSG-17999]
    2023-06-12 23:59:37.854 : Found Seat Type : First, Seat Pref : None	[MsgId: MMSG-17999]
    2023-06-12 23:59:43.782 : Found Seat Type : Coach, Seat Pref : None	[MsgId: MMSG-17999]
    2023-06-12 23:59:50.691 : Booking is complect	[MsgId: MMSG-17999]
    2023-06-12 23:59:56.080 : Go to Home Page is complete	[MsgId: MMSG-17999]
    2023-06-13 00:00:01.308 : Booking is created : 57418571-79372-up	[MsgId: MMSG-17999]
    2023-06-13 00:00:01.997 : Booking is complect	[MsgId: MMSG-17999]
    2023-06-13 00:00:08.185 : Go to Home Page is complete	[MsgId: MMSG-17999]
    2023-06-13 00:00:10.114 : Booking (57418571-79372-up) is deleted	[MsgId: MMSG-17999]
    2023-06-13 00:00:14.292 : Booking is created : 33298791-135396-up	[MsgId: MMSG-17999]
    2023-06-13 00:00:15.774 : User is logged out of session	[MsgId: MMSG-17999]
    2023-06-13 00:00:22.222 : Booking (33298791-135396-up) is deleted	[MsgId: MMSG-17999]
  2023-06-13 00:00:25.758 : IterationNum=14	[MsgId: MMSG-17999]
   USER 14 = user13:pwd13	[MsgId: MMSG-17999]
  2023-06-13 00:00:25.773 : IterationNum=5	[MsgId: MMSG-17999]
   USER 5 = user25:pwd25	[MsgId: MMSG-17999]
    2023-06-13 00:00:27.069 : User is logged out of session	[MsgId: MMSG-17999]
    2023-06-13 00:00:28.079 : Start page is opened	[MsgId: MMSG-17999]
    2023-06-13 00:00:28.079 : Start page is opened	[MsgId: MMSG-17999]
    2023-06-13 00:00:33.622 : User is logged in with session 136621.824868368HAcHtifpVVzzzzzHtcVztpQVAH	[MsgId: MMSG-17999]
    2023-06-13 00:00:33.809 : User is logged in with session 136621.824868368HAcHtifpVVzzzzzHtcVztpQVAH	[MsgId: MMSG-17999]
    2023-06-13 00:00:37.913 : Search page opened	[MsgId: MMSG-17999]
    2023-06-13 00:00:37.991 : Search page opened	[MsgId: MMSG-17999]
    2023-06-13 00:00:49.826 : Flights found : 671;112;06/16/2023 and 763;103;06/13/2023	[MsgId: MMSG-17999]
    2023-06-13 00:00:49.826 : Sity depart : San Francisco, Sity arrive : Seattle	[MsgId: MMSG-17999]
    2023-06-13 00:00:51.363 : Flights found : 272;534;06/16/2023 and 722;534;06/13/2023	[MsgId: MMSG-17999]
    2023-06-13 00:00:51.363 : Sity depart : London, Sity arrive : Seattle	[MsgId: MMSG-17999]
    2023-06-13 00:00:58.495 : Found Seat Type : Business, Seat Pref : Aisle	[MsgId: MMSG-17999]
    2023-06-13 00:01:00.547 : Found Seat Type : Coach, Seat Pref : None	[MsgId: MMSG-17999]
    2023-06-13 00:01:10.152 : Booking is complect	[MsgId: MMSG-17999]
    2023-06-13 00:01:14.105 : Go to Home Page is complete	[MsgId: MMSG-17999]
    2023-06-13 00:01:14.865 : Booking is complect	[MsgId: MMSG-17999]
    2023-06-13 00:01:18.112 : Booking is created : 211876707-135631-up	[MsgId: MMSG-17999]
    2023-06-13 00:01:20.500 : Go to Home Page is complete	[MsgId: MMSG-17999]
    2023-06-13 00:01:26.781 : Booking is created : 206306390-1324697-up	[MsgId: MMSG-17999]
    2023-06-13 00:01:27.195 : Booking (211876707-135631-up) is deleted	[MsgId: MMSG-17999]
    2023-06-13 00:01:33.451 : User is logged out of session	[MsgId: MMSG-17999]
    2023-06-13 00:01:34.818 : Booking (206306390-1324697-up) is deleted	[MsgId: MMSG-17999]
    2023-06-13 00:01:38.852 : User is logged out of session	[MsgId: MMSG-17999]
  2023-06-13 00:01:45.758 : IterationNum=10	[MsgId: MMSG-17999]
   USER 10 = user20:pwd20	[MsgId: MMSG-17999]
    2023-06-13 00:01:45.851 : Start page is opened	[MsgId: MMSG-17999]
  2023-06-13 00:01:46.014 : IterationNum=19	[MsgId: MMSG-17999]
   USER 19 = user6:pwd6	[MsgId: MMSG-17999]
    2023-06-13 00:01:46.116 : Start page is opened	[MsgId: MMSG-17999]
    2023-06-13 00:01:50.658 : User is logged in with session 136621.831105711HAcHtifptDHftcVztpQVczcf	[MsgId: MMSG-17999]
    2023-06-13 00:01:55.269 : Search page opened	[MsgId: MMSG-17999]
    2023-06-13 00:01:56.239 : User is logged in with session 136621.831186715HAcHtifpttVzzzzHtcVztpQVczf	[MsgId: MMSG-17999]
    2023-06-13 00:02:03.320 : Search page opened	[MsgId: MMSG-17999]
    2023-06-13 00:02:13.407 : Flights found : 130;610;06/16/2023 and 311;378;06/13/2023	[MsgId: MMSG-17999]
    2023-06-13 00:02:13.407 : Sity depart : Frankfurt, Sity arrive : Los Angeles	[MsgId: MMSG-17999]
    2023-06-13 00:02:19.889 : Flights found : 041;453;06/16/2023 and 401;453;06/13/2023	[MsgId: MMSG-17999]
    2023-06-13 00:02:19.889 : Sity depart : Denver, Sity arrive : Paris	[MsgId: MMSG-17999]
    2023-06-13 00:02:24.884 : Found Seat Type : First, Seat Pref : None	[MsgId: MMSG-17999]
    2023-06-13 00:02:31.420 : Found Seat Type : Business, Seat Pref : Window	[MsgId: MMSG-17999]
    2023-06-13 00:02:43.024 : Booking is complect	[MsgId: MMSG-17999]
    2023-06-13 00:02:43.770 : Booking is complect	[MsgId: MMSG-17999]
    2023-06-13 00:02:49.103 : Go to Home Page is complete	[MsgId: MMSG-17999]
    2023-06-13 00:02:49.292 : Go to Home Page is complete	[MsgId: MMSG-17999]
    2023-06-13 00:02:54.275 : Booking is created : 57412244-100922-up	[MsgId: MMSG-17999]
    2023-06-13 00:02:55.254 : Booking is created : 332964498-107838-up	[MsgId: MMSG-17999]
    2023-06-13 00:03:04.465 : Booking (57412244-100922-up) is deleted	[MsgId: MMSG-17999]
    2023-06-13 00:03:05.408 : Booking (332964498-107838-up) is deleted	[MsgId: MMSG-17999]
  2023-06-13 00:03:05.764 : IterationNum=15	[MsgId: MMSG-17999]
   USER 15 = user13:pwd13	[MsgId: MMSG-17999]
  2023-06-13 00:03:05.780 : IterationNum=6	[MsgId: MMSG-17999]
   USER 6 = user26:pwd26	[MsgId: MMSG-17999]
    2023-06-13 00:03:05.858 : Start page is opened	[MsgId: MMSG-17999]
    2023-06-13 00:03:05.873 : Start page is opened	[MsgId: MMSG-17999]
    2023-06-13 00:03:08.855 : User is logged out of session	[MsgId: MMSG-17999]
    2023-06-13 00:03:10.161 : User is logged in with session 136621.837586067HAcHtifpHHAiDDDDtcVztpQVtzcf	[MsgId: MMSG-17999]
    2023-06-13 00:03:11.112 : User is logged in with session 136621.837586067HAcHtifpHHAiDDDDtcVztpQVtzcf	[MsgId: MMSG-17999]
    2023-06-13 00:03:11.738 : User is logged out of session	[MsgId: MMSG-17999]
    2023-06-13 00:03:14.974 : Search page opened	[MsgId: MMSG-17999]
    2023-06-13 00:03:20.582 : Search page opened	[MsgId: MMSG-17999]
    2023-06-13 00:03:29.736 : Flights found : 751;83;06/16/2023 and 572;88;06/13/2023	[MsgId: MMSG-17999]
    2023-06-13 00:03:29.736 : Sity depart : Seattle, Sity arrive : Portland	[MsgId: MMSG-17999]
    2023-06-13 00:03:38.379 : Flights found : 020;635;06/16/2023 and 203;519;06/13/2023	[MsgId: MMSG-17999]
    2023-06-13 00:03:38.380 : Sity depart : Denver, Sity arrive : London	[MsgId: MMSG-17999]
    2023-06-13 00:03:41.861 : Found Seat Type : Business, Seat Pref : None	[MsgId: MMSG-17999]
    2023-06-13 00:03:48.859 : Found Seat Type : First, Seat Pref : None	[MsgId: MMSG-17999]
    2023-06-13 00:04:00.020 : Booking is complect	[MsgId: MMSG-17999]
    2023-06-13 00:04:03.107 : Booking is complect	[MsgId: MMSG-17999]
    2023-06-13 00:04:05.343 : Go to Home Page is complete	[MsgId: MMSG-17999]
    2023-06-13 00:04:09.435 : Go to Home Page is complete	[MsgId: MMSG-17999]
    2023-06-13 00:04:09.640 : Booking is created : 36595377-120936-up	[MsgId: MMSG-17999]
    2023-06-13 00:04:15.508 : Booking is created : 211852616-925473-up	[MsgId: MMSG-17999]
    2023-06-13 00:04:18.993 : Booking (36595377-120936-up) is deleted	[MsgId: MMSG-17999]
    2023-06-13 00:04:24.588 : User is logged out of session	[MsgId: MMSG-17999]
  2023-06-13 00:04:25.759 : IterationNum=11	[MsgId: MMSG-17999]
   USER 11 = user20:pwd20	[MsgId: MMSG-17999]
    2023-06-13 00:04:25.853 : Start page is opened	[MsgId: MMSG-17999]
  2023-06-13 00:04:26.025 : IterationNum=20	[MsgId: MMSG-17999]
   USER 20 = user6:pwd6	[MsgId: MMSG-17999]
    2023-06-13 00:04:26.117 : Start page is opened	[MsgId: MMSG-17999]
    2023-06-13 00:04:27.744 : Booking (211852616-925473-up) is deleted	[MsgId: MMSG-17999]
    2023-06-13 00:04:30.154 : User is logged in with session 136621.844066424HAcHtizpVAtVzzzHtcVztpQVzzcf	[MsgId: MMSG-17999]
    2023-06-13 00:04:31.229 : User is logged in with session 136621.844147428HAcHtizpVAiDDDDDtcVztpQVzzf	[MsgId: MMSG-17999]
    2023-06-13 00:04:33.653 : User is logged out of session	[MsgId: MMSG-17999]
    2023-06-13 00:04:35.179 : Search page opened	[MsgId: MMSG-17999]
    2023-06-13 00:04:37.516 : Search page opened	[MsgId: MMSG-17999]
    2023-06-13 00:04:51.394 : Flights found : 531;255;06/16/2023 and 352;271;06/13/2023	[MsgId: MMSG-17999]
    2023-06-13 00:04:51.394 : Sity depart : Portland, Sity arrive : Los Angeles	[MsgId: MMSG-17999]
    2023-06-13 00:04:51.702 : Flights found : 720;819;06/16/2023 and 272;775;06/13/2023	[MsgId: MMSG-17999]
    2023-06-13 00:04:51.702 : Sity depart : Seattle, Sity arrive : London	[MsgId: MMSG-17999]
    2023-06-13 00:05:03.163 : Found Seat Type : Business, Seat Pref : Aisle	[MsgId: MMSG-17999]
    2023-06-13 00:05:03.294 : Found Seat Type : Business, Seat Pref : None	[MsgId: MMSG-17999]
    2023-06-13 00:05:15.280 : Booking is complect	[MsgId: MMSG-17999]
    2023-06-13 00:05:19.416 : Go to Home Page is complete	[MsgId: MMSG-17999]
    2023-06-13 00:05:21.228 : Booking is complect	[MsgId: MMSG-17999]
    2023-06-13 00:05:25.271 : Go to Home Page is complete	[MsgId: MMSG-17999]
    2023-06-13 00:05:25.430 : Booking is created : 57427083-104040-up	[MsgId: MMSG-17999]
    2023-06-13 00:05:30.434 : Booking is created : 332989659-978584-up	[MsgId: MMSG-17999]
    2023-06-13 00:05:33.669 : Booking (57427083-104040-up) is deleted	[MsgId: MMSG-17999]
    2023-06-13 00:05:39.546 : User is logged out of session	[MsgId: MMSG-17999]
    2023-06-13 00:05:41.665 : Booking (332989659-978584-up) is deleted	[MsgId: MMSG-17999]
  2023-06-13 00:05:45.766 : IterationNum=16	[MsgId: MMSG-17999]
   USER 16 = user13:pwd13	[MsgId: MMSG-17999]
  2023-06-13 00:05:45.781 : IterationNum=7	[MsgId: MMSG-17999]
   USER 7 = user27:pwd27	[MsgId: MMSG-17999]
    2023-06-13 00:05:45.860 : Start page is opened	[MsgId: MMSG-17999]
    2023-06-13 00:05:45.875 : Start page is opened	[MsgId: MMSG-17999]
    2023-06-13 00:05:46.602 : User is logged out of session	[MsgId: MMSG-17999]
    2023-06-13 00:05:50.257 : User is logged in with session 136621.85054678HAcHtizptDHftcVztpQVizcf	[MsgId: MMSG-17999]
    2023-06-13 00:05:50.537 : User is logged in with session 136621.85054678HAcHtizptDHftcVztpQVizcf	[MsgId: MMSG-17999]
    2023-06-13 00:05:55.870 : Search page opened	[MsgId: MMSG-17999]
    2023-06-13 00:05:56.601 : Search page opened	[MsgId: MMSG-17999]
    2023-06-13 00:06:11.080 : Flights found : 401;586;06/16/2023 and 041;586;06/13/2023	[MsgId: MMSG-17999]
    2023-06-13 00:06:11.080 : Sity depart : Paris, Sity arrive : Denver	[MsgId: MMSG-17999]
    2023-06-13 00:06:14.497 : Flights found : 390;401;06/16/2023 and 931;308;06/13/2023	[MsgId: MMSG-17999]
    2023-06-13 00:06:14.497 : Sity depart : Los Angeles, Sity arrive : Zurich	[MsgId: MMSG-17999]
    2023-06-13 00:06:21.009 : Found Seat Type : First, Seat Pref : Aisle	[MsgId: MMSG-17999]
    2023-06-13 00:06:27.604 : Found Seat Type : Coach, Seat Pref : Window	[MsgId: MMSG-17999]
    2023-06-13 00:06:38.413 : Booking is complect	[MsgId: MMSG-17999]
    2023-06-13 00:06:39.594 : Booking is complect	[MsgId: MMSG-17999]
    2023-06-13 00:06:42.591 : Go to Home Page is complete	[MsgId: MMSG-17999]
    2023-06-13 00:06:43.696 : Go to Home Page is complete	[MsgId: MMSG-17999]
    2023-06-13 00:06:47.970 : Booking is created : 211866725-800859-up	[MsgId: MMSG-17999]
    2023-06-13 00:06:49.594 : Booking is created : 131125570-148593-up	[MsgId: MMSG-17999]
    2023-06-13 00:06:55.721 : Booking (211866725-800859-up) is deleted	[MsgId: MMSG-17999]
    2023-06-13 00:06:58.210 : Booking (131125570-148593-up) is deleted	[MsgId: MMSG-17999]
    2023-06-13 00:07:00.737 : User is logged out of session	[MsgId: MMSG-17999]
    2023-06-13 00:07:04.548 : User is logged out of session	[MsgId: MMSG-17999]
  2023-06-13 00:07:05.774 : IterationNum=12	[MsgId: MMSG-17999]
   USER 12 = user20:pwd20	[MsgId: MMSG-17999]
    2023-06-13 00:07:05.869 : Start page is opened	[MsgId: MMSG-17999]
  2023-06-13 00:07:06.024 : IterationNum=21	[MsgId: MMSG-17999]
   USER 21 = user6:pwd6	[MsgId: MMSG-17999]
    2023-06-13 00:07:06.117 : Start page is opened	[MsgId: MMSG-17999]
    2023-06-13 00:07:11.423 : User is logged in with session 136621.857027136HAcHtizpHHAiDDDDtcVztpQcAzcf	[MsgId: MMSG-17999]
    2023-06-13 00:07:11.655 : User is logged in with session 136621.857108141HAcHtizpHHftcVztpQcAzf	[MsgId: MMSG-17999]
    2023-06-13 00:07:15.569 : Search page opened	[MsgId: MMSG-17999]
    2023-06-13 00:07:17.484 : Search page opened	[MsgId: MMSG-17999]
    2023-06-13 00:07:29.762 : Flights found : 320;1449;06/16/2023 and 230;1449;06/13/2023	[MsgId: MMSG-17999]
    2023-06-13 00:07:29.762 : Sity depart : Los Angeles, Sity arrive : London	[MsgId: MMSG-17999]
    2023-06-13 00:07:36.014 : Flights found : 433;520;06/16/2023 and 340;636;06/13/2023	[MsgId: MMSG-17999]
    2023-06-13 00:07:36.014 : Sity depart : Paris, Sity arrive : Los Angeles	[MsgId: MMSG-17999]
    2023-06-13 00:07:39.786 : Found Seat Type : First, Seat Pref : Window	[MsgId: MMSG-17999]
    2023-06-13 00:07:51.360 : Found Seat Type : Business, Seat Pref : None	[MsgId: MMSG-17999]
    2023-06-13 00:07:56.742 : Booking is complect	[MsgId: MMSG-17999]
    2023-06-13 00:08:01.954 : Go to Home Page is complete	[MsgId: MMSG-17999]
    2023-06-13 00:08:05.115 : Booking is complect	[MsgId: MMSG-17999]
    2023-06-13 00:08:07.966 : Booking is created : 574192646-946376-up	[MsgId: MMSG-17999]
    2023-06-13 00:08:11.116 : Go to Home Page is complete	[MsgId: MMSG-17999]
    2023-06-13 00:08:16.900 : Booking is created : 332979019-1030858-up	[MsgId: MMSG-17999]
    2023-06-13 00:08:17.509 : Booking (574192646-946376-up) is deleted	[MsgId: MMSG-17999]
    2023-06-13 00:08:23.517 : User is logged out of session	[MsgId: MMSG-17999]
  2023-06-13 00:08:25.775 : IterationNum=17	[MsgId: MMSG-17999]
   USER 17 = user13:pwd13	[MsgId: MMSG-17999]
  2023-06-13 00:08:25.791 : IterationNum=8	[MsgId: MMSG-17999]
   USER 8 = user27:pwd27	[MsgId: MMSG-17999]
    2023-06-13 00:08:25.869 : Start page is opened	[MsgId: MMSG-17999]
    2023-06-13 00:08:25.885 : Start page is opened	[MsgId: MMSG-17999]
    2023-06-13 00:08:27.705 : Booking (332979019-1030858-up) is deleted	[MsgId: MMSG-17999]
    2023-06-13 00:08:30.520 : User is logged in with session 136621.863507493HAcHtiHpVAtVzzzHtcVztpQcczcf	[MsgId: MMSG-17999]
    2023-06-13 00:08:31.647 : User is logged out of session	[MsgId: MMSG-17999]
    2023-06-13 00:08:32.074 : User is logged in with session 136621.863507493HAcHtiHpVAtVzzzHtcVztpQcczcf	[MsgId: MMSG-17999]
    2023-06-13 00:08:34.839 : Search page opened	[MsgId: MMSG-17999]
    2023-06-13 00:08:36.407 : Search page opened	[MsgId: MMSG-17999]
    2023-06-13 00:08:49.454 : Flights found : 631;78;06/16/2023 and 360;87;06/13/2023	[MsgId: MMSG-17999]
    2023-06-13 00:08:49.454 : Sity depart : San Francisco, Sity arrive : Los Angeles	[MsgId: MMSG-17999]
    2023-06-13 00:08:51.896 : Flights found : 821;1861;06/16/2023 and 281;1861;06/13/2023	[MsgId: MMSG-17999]
    2023-06-13 00:08:51.896 : Sity depart : Sydney, Sity arrive : London	[MsgId: MMSG-17999]
    2023-06-13 00:09:00.802 : Found Seat Type : Business, Seat Pref : None	[MsgId: MMSG-17999]
    2023-06-13 00:09:01.535 : Found Seat Type : Business, Seat Pref : None	[MsgId: MMSG-17999]
    2023-06-13 00:09:14.758 : Booking is complect	[MsgId: MMSG-17999]
    2023-06-13 00:09:18.728 : Go to Home Page is complete	[MsgId: MMSG-17999]
    2023-06-13 00:09:20.274 : Booking is complect	[MsgId: MMSG-17999]
    2023-06-13 00:09:22.733 : Booking is created : 13113451-104628-up	[MsgId: MMSG-17999]
    2023-06-13 00:09:25.463 : Go to Home Page is complete	[MsgId: MMSG-17999]
    2023-06-13 00:09:31.024 : Booking (13113451-104628-up) is deleted	[MsgId: MMSG-17999]
    2023-06-13 00:09:31.421 : Booking is created : 2118822661-985670-up	[MsgId: MMSG-17999]
    2023-06-13 00:09:34.913 : User is logged out of session	[MsgId: MMSG-17999]
    2023-06-13 00:09:43.102 : Booking (2118822661-985670-up) is deleted	[MsgId: MMSG-17999]
    2023-06-13 00:09:48.973 : User is logged out of session	[MsgId: MMSG-17999]
