  2023-06-12 21:51:02.491 : IterationNum=1	[MsgId: MMSG-17999]
   USER 1 = jojo:bean	[MsgId: MMSG-17999]
    2023-06-12 21:51:02.589 : Start page is opened	[MsgId: MMSG-17999]
    2023-06-12 21:51:07.720 : User is logged in with session 136621.195787768HAcHtfcpHfiDDDDDtcVztpHVzff	[MsgId: MMSG-17999]
    2023-06-12 21:51:11.916 : Search page opened	[MsgId: MMSG-17999]
    2023-06-12 21:51:28.654 : Flights found : 453;508;06/15/2023 and 540;621;06/12/2023	[MsgId: MMSG-17999]
    2023-06-12 21:51:28.654 : Sity depart : Paris, Sity arrive : Portland	[MsgId: MMSG-17999]
    2023-06-12 21:51:36.746 : Found Seat Type : Coach, Seat Pref : None	[MsgId: MMSG-17999]
    2023-06-12 21:51:53.279 : Booking is complect	[MsgId: MMSG-17999]
    2023-06-12 21:51:58.771 : Go to Home Page is complete	[MsgId: MMSG-17999]
    2023-06-12 21:52:05.029 : Booking is created : 308905685-1184702-jb	[MsgId: MMSG-17999]
    2023-06-12 21:52:13.461 : Booking (308905685-1184702-jb) is deleted	[MsgId: MMSG-17999]
    2023-06-12 21:52:17.687 : User is logged out of session	[MsgId: MMSG-17999]
  2023-06-12 21:53:42.492 : IterationNum=2	[MsgId: MMSG-17999]
   USER 2 = user1:pwd1	[MsgId: MMSG-17999]
    2023-06-12 21:53:42.584 : Start page is opened	[MsgId: MMSG-17999]
    2023-06-12 21:53:47.983 : User is logged in with session 136621.208748481HAcHtfDptcftcVztpHcAff	[MsgId: MMSG-17999]
    2023-06-12 21:53:53.634 : Search page opened	[MsgId: MMSG-17999]
    2023-06-12 21:54:09.649 : Flights found : 841;1845;06/15/2023 and 483;1695;06/12/2023	[MsgId: MMSG-17999]
    2023-06-12 21:54:09.649 : Sity depart : Sydney, Sity arrive : Paris	[MsgId: MMSG-17999]
    2023-06-12 21:54:20.289 : Found Seat Type : Business, Seat Pref : Window	[MsgId: MMSG-17999]
    2023-06-12 21:54:38.549 : Booking is complect	[MsgId: MMSG-17999]
    2023-06-12 21:54:44.207 : Go to Home Page is complete	[MsgId: MMSG-17999]
    2023-06-12 21:54:48.182 : Booking is created : 3063274512-1141041-up	[MsgId: MMSG-17999]
    2023-06-12 21:54:56.892 : Booking (3063274512-1141041-up) is deleted	[MsgId: MMSG-17999]
    2023-06-12 21:55:02.872 : User is logged out of session	[MsgId: MMSG-17999]
  2023-06-12 21:56:22.504 : IterationNum=3	[MsgId: MMSG-17999]
   USER 3 = user2:pwd2	[MsgId: MMSG-17999]
    2023-06-12 21:56:22.597 : Start page is opened	[MsgId: MMSG-17999]
    2023-06-12 21:56:27.531 : User is logged in with session 136621.221709194HAcHtftpAQVzzzzHtcVztpHctff	[MsgId: MMSG-17999]
    2023-06-12 21:56:31.452 : Search page opened	[MsgId: MMSG-17999]
    2023-06-12 21:56:43.714 : Flights found : 040;508;06/15/2023 and 403;416;06/12/2023	[MsgId: MMSG-17999]
    2023-06-12 21:56:43.714 : Sity depart : Denver, Sity arrive : Paris	[MsgId: MMSG-17999]
    2023-06-12 21:56:51.846 : Found Seat Type : Business, Seat Pref : None	[MsgId: MMSG-17999]
    2023-06-12 21:57:03.502 : Booking is complect	[MsgId: MMSG-17999]
    2023-06-12 21:57:08.826 : Go to Home Page is complete	[MsgId: MMSG-17999]
    2023-06-12 21:57:13.808 : Booking is created : 340371870-107994-up	[MsgId: MMSG-17999]
    2023-06-12 21:57:24.545 : Booking (340371870-107994-up) is deleted	[MsgId: MMSG-17999]
    2023-06-12 21:57:30.268 : User is logged out of session	[MsgId: MMSG-17999]
  2023-06-12 21:59:02.503 : IterationNum=4	[MsgId: MMSG-17999]
   USER 4 = user3:pwd3	[MsgId: MMSG-17999]
    2023-06-12 21:59:02.596 : Start page is opened	[MsgId: MMSG-17999]
    2023-06-12 21:59:07.772 : User is logged in with session 136621.234669907HAcHtftpHfiDDDDDtcVztpHciff	[MsgId: MMSG-17999]
    2023-06-12 21:59:14.110 : Search page opened	[MsgId: MMSG-17999]
    2023-06-12 21:59:28.961 : Flights found : 053;225;06/15/2023 and 503;225;06/12/2023	[MsgId: MMSG-17999]
    2023-06-12 21:59:28.962 : Sity depart : Denver, Sity arrive : Portland	[MsgId: MMSG-17999]
    2023-06-12 21:59:36.737 : Found Seat Type : Coach, Seat Pref : Aisle	[MsgId: MMSG-17999]
    2023-06-12 21:59:53.688 : Booking is complect	[MsgId: MMSG-17999]
    2023-06-12 21:59:58.294 : Go to Home Page is complete	[MsgId: MMSG-17999]
  2023-06-12 22:00:02.420 : IterationNum=1	[MsgId: MMSG-17999]
   USER 1 = user6:pwd6	[MsgId: MMSG-17999]
    2023-06-12 22:00:02.514 : Start page is opened	[MsgId: MMSG-17999]
    2023-06-12 22:00:03.732 : Booking is created : 154076045-115650-up	[MsgId: MMSG-17999]
    2023-06-12 22:00:08.645 : User is logged in with session 136621.239530174HAcHtffpAAiDDDDDtcVztpHDAAf	[MsgId: MMSG-17999]
    2023-06-12 22:00:13.243 : Search page opened	[MsgId: MMSG-17999]
    2023-06-12 22:00:13.884 : Booking (154076045-115650-up) is deleted	[MsgId: MMSG-17999]
    2023-06-12 22:00:19.941 : User is logged out of session	[MsgId: MMSG-17999]
    2023-06-12 22:00:30.803 : Flights found : 781;1339;06/15/2023 and 872;1421;06/12/2023	[MsgId: MMSG-17999]
    2023-06-12 22:00:30.803 : Sity depart : Seattle, Sity arrive : Sydney	[MsgId: MMSG-17999]
    2023-06-12 22:00:39.932 : Found Seat Type : First, Seat Pref : Aisle	[MsgId: MMSG-17999]
    2023-06-12 22:00:53.517 : Booking is complect	[MsgId: MMSG-17999]
    2023-06-12 22:00:59.846 : Go to Home Page is complete	[MsgId: MMSG-17999]
    2023-06-12 22:01:05.952 : Booking is created : 3329918938-1440212-up	[MsgId: MMSG-17999]
    2023-06-12 22:01:18.429 : Booking (3329918938-1440212-up) is deleted	[MsgId: MMSG-17999]
    2023-06-12 22:01:22.486 : User is logged out of session	[MsgId: MMSG-17999]
  2023-06-12 22:01:42.511 : IterationNum=5	[MsgId: MMSG-17999]
   USER 5 = user4:pwd4	[MsgId: MMSG-17999]
    2023-06-12 22:01:42.604 : Start page is opened	[MsgId: MMSG-17999]
    2023-06-12 22:01:46.735 : User is logged in with session 136621.24763062HAcHtffptcftcVztpHDcff	[MsgId: MMSG-17999]
    2023-06-12 22:01:51.457 : Search page opened	[MsgId: MMSG-17999]
    2023-06-12 22:02:08.803 : Flights found : 031;325;06/15/2023 and 302;345;06/12/2023	[MsgId: MMSG-17999]
    2023-06-12 22:02:08.803 : Sity depart : Denver, Sity arrive : Los Angeles	[MsgId: MMSG-17999]
    2023-06-12 22:02:17.071 : Found Seat Type : Business, Seat Pref : Aisle	[MsgId: MMSG-17999]
    2023-06-12 22:02:34.359 : Booking is complect	[MsgId: MMSG-17999]
    2023-06-12 22:02:39.959 : Go to Home Page is complete	[MsgId: MMSG-17999]
  2023-06-12 22:02:42.428 : IterationNum=2	[MsgId: MMSG-17999]
   USER 2 = user7:pwd7	[MsgId: MMSG-17999]
    2023-06-12 22:02:42.521 : Start page is opened	[MsgId: MMSG-17999]
    2023-06-12 22:02:44.836 : Booking is created : 365556715-100205-up	[MsgId: MMSG-17999]
    2023-06-12 22:02:47.863 : User is logged in with session 136621.252490887HAcHtffpzHftcVztpHDtAf	[MsgId: MMSG-17999]
    2023-06-12 22:02:52.900 : Booking (365556715-100205-up) is deleted	[MsgId: MMSG-17999]
    2023-06-12 22:02:53.889 : Search page opened	[MsgId: MMSG-17999]
    2023-06-12 22:02:57.040 : User is logged out of session	[MsgId: MMSG-17999]
    2023-06-12 22:03:08.647 : Flights found : 503;421;06/15/2023 and 050;515;06/12/2023	[MsgId: MMSG-17999]
    2023-06-12 22:03:08.647 : Sity depart : Portland, Sity arrive : Denver	[MsgId: MMSG-17999]
    2023-06-12 22:03:18.105 : Found Seat Type : First, Seat Pref : Window	[MsgId: MMSG-17999]
    2023-06-12 22:03:33.558 : Booking is complect	[MsgId: MMSG-17999]
    2023-06-12 22:03:39.172 : Go to Home Page is complete	[MsgId: MMSG-17999]
    2023-06-12 22:03:44.304 : Booking is created : 76685311-80841-up	[MsgId: MMSG-17999]
    2023-06-12 22:03:53.479 : Booking (76685311-80841-up) is deleted	[MsgId: MMSG-17999]
    2023-06-12 22:03:58.886 : User is logged out of session	[MsgId: MMSG-17999]
  2023-06-12 22:04:22.512 : IterationNum=6	[MsgId: MMSG-17999]
   USER 6 = user5:pwd5	[MsgId: MMSG-17999]
    2023-06-12 22:04:22.606 : Start page is opened	[MsgId: MMSG-17999]
    2023-06-12 22:04:28.215 : User is logged in with session 136621.260591333HAcHtfzpAQVzzzzHtcVztpHDzff	[MsgId: MMSG-17999]
    2023-06-12 22:04:34.453 : Search page opened	[MsgId: MMSG-17999]
    2023-06-12 22:04:50.611 : Flights found : 383;548;06/15/2023 and 831;596;06/12/2023	[MsgId: MMSG-17999]
    2023-06-12 22:04:50.611 : Sity depart : Los Angeles, Sity arrive : Sydney	[MsgId: MMSG-17999]
    2023-06-12 22:05:01.670 : Found Seat Type : Coach, Seat Pref : None	[MsgId: MMSG-17999]
    2023-06-12 22:05:17.783 : Booking is complect	[MsgId: MMSG-17999]
  2023-06-12 22:05:22.434 : IterationNum=3	[MsgId: MMSG-17999]
   USER 3 = user8:pwd8	[MsgId: MMSG-17999]
    2023-06-12 22:05:22.526 : Start page is opened	[MsgId: MMSG-17999]
    2023-06-12 22:05:22.978 : Go to Home Page is complete	[MsgId: MMSG-17999]
    2023-06-12 22:05:27.259 : Booking is created : 350384575-1408549-up	[MsgId: MMSG-17999]
    2023-06-12 22:05:27.768 : User is logged in with session 136621.2654516HAcHtfzpDtVzzzzHtcVztpHDiAf	[MsgId: MMSG-17999]
    2023-06-12 22:05:31.878 : Search page opened	[MsgId: MMSG-17999]
    2023-06-12 22:05:35.865 : Booking (350384575-1408549-up) is deleted	[MsgId: MMSG-17999]
    2023-06-12 22:05:41.076 : User is logged out of session	[MsgId: MMSG-17999]
    2023-06-12 22:05:44.830 : Flights found : 340;822;06/15/2023 and 433;673;06/12/2023	[MsgId: MMSG-17999]
    2023-06-12 22:05:44.830 : Sity depart : Los Angeles, Sity arrive : Paris	[MsgId: MMSG-17999]
    2023-06-12 22:05:54.526 : Found Seat Type : First, Seat Pref : None	[MsgId: MMSG-17999]
    2023-06-12 22:06:10.840 : Booking is complect	[MsgId: MMSG-17999]
    2023-06-12 22:06:15.348 : Go to Home Page is complete	[MsgId: MMSG-17999]
    2023-06-12 22:06:20.182 : Booking is created : 150012623-1102422-up	[MsgId: MMSG-17999]
    2023-06-12 22:06:28.721 : Booking (150012623-1102422-up) is deleted	[MsgId: MMSG-17999]
    2023-06-12 22:06:32.796 : User is logged out of session	[MsgId: MMSG-17999]
  2023-06-12 22:07:02.522 : IterationNum=7	[MsgId: MMSG-17999]
   USER 7 = user5:pwd5	[MsgId: MMSG-17999]
    2023-06-12 22:07:02.669 : Start page is opened	[MsgId: MMSG-17999]
    2023-06-12 22:07:07.168 : User is logged in with session 136621.273552045HAcHtfzpHfiDDDDDtcVztpHtAff	[MsgId: MMSG-17999]
    2023-06-12 22:07:13.172 : Search page opened	[MsgId: MMSG-17999]
    2023-06-12 22:07:27.217 : Flights found : 410;186;06/15/2023 and 143;152;06/12/2023	[MsgId: MMSG-17999]
    2023-06-12 22:07:27.218 : Sity depart : Paris, Sity arrive : Frankfurt	[MsgId: MMSG-17999]
    2023-06-12 22:07:35.054 : Found Seat Type : Business, Seat Pref : Aisle	[MsgId: MMSG-17999]
    2023-06-12 22:07:49.131 : Booking is complect	[MsgId: MMSG-17999]
    2023-06-12 22:07:53.670 : Go to Home Page is complete	[MsgId: MMSG-17999]
    2023-06-12 22:08:00.056 : Booking is created : 350385562-87949-up	[MsgId: MMSG-17999]
  2023-06-12 22:08:02.435 : IterationNum=4	[MsgId: MMSG-17999]
   USER 4 = user9:pwd9	[MsgId: MMSG-17999]
    2023-06-12 22:08:02.528 : Start page is opened	[MsgId: MMSG-17999]
    2023-06-12 22:08:06.688 : User is logged in with session 136621.278412313HAcHtfHpAAiDDDDDtcVztpHtcAf	[MsgId: MMSG-17999]
    2023-06-12 22:08:08.859 : Booking (350385562-87949-up) is deleted	[MsgId: MMSG-17999]
    2023-06-12 22:08:10.773 : Search page opened	[MsgId: MMSG-17999]
    2023-06-12 22:08:13.476 : User is logged out of session	[MsgId: MMSG-17999]
    2023-06-12 22:08:22.796 : Flights found : 011;343;06/15/2023 and 102;365;06/12/2023	[MsgId: MMSG-17999]
    2023-06-12 22:08:22.796 : Sity depart : Denver, Sity arrive : Frankfurt	[MsgId: MMSG-17999]
    2023-06-12 22:08:33.219 : Found Seat Type : Coach, Seat Pref : Window	[MsgId: MMSG-17999]
    2023-06-12 22:08:51.179 : Booking is complect	[MsgId: MMSG-17999]
    2023-06-12 22:08:56.117 : Go to Home Page is complete	[MsgId: MMSG-17999]
    2023-06-12 22:09:00.036 : Booking is created : 85555975-84823-up	[MsgId: MMSG-17999]
  2023-06-12 22:09:02.417 : IterationNum=1	[MsgId: MMSG-17999]
   USER 1 = user12:pwd12	[MsgId: MMSG-17999]
    2023-06-12 22:09:02.509 : Start page is opened	[MsgId: MMSG-17999]
    2023-06-12 22:09:08.746 : User is logged in with session 136621.28327258HAcHtfHpcfiDDDDDtcVztpHtDff	[MsgId: MMSG-17999]
    2023-06-12 22:09:11.539 : Booking (85555975-84823-up) is deleted	[MsgId: MMSG-17999]
    2023-06-12 22:09:13.675 : Search page opened	[MsgId: MMSG-17999]
    2023-06-12 22:09:17.757 : User is logged out of session	[MsgId: MMSG-17999]
    2023-06-12 22:09:26.999 : Flights found : 023;519;06/15/2023 and 200;635;06/12/2023	[MsgId: MMSG-17999]
    2023-06-12 22:09:26.999 : Sity depart : Denver, Sity arrive : London	[MsgId: MMSG-17999]
    2023-06-12 22:09:38.135 : Found Seat Type : First, Seat Pref : None	[MsgId: MMSG-17999]
  2023-06-12 22:09:42.532 : IterationNum=8	[MsgId: MMSG-17999]
   USER 8 = user5:pwd5	[MsgId: MMSG-17999]
    2023-06-12 22:09:42.625 : Start page is opened	[MsgId: MMSG-17999]
    2023-06-12 22:09:48.347 : User is logged in with session 136621.286512758HAcHtfHptcftcVztpHttff	[MsgId: MMSG-17999]
    2023-06-12 22:09:52.357 : Search page opened	[MsgId: MMSG-17999]
    2023-06-12 22:09:55.992 : Booking is complect	[MsgId: MMSG-17999]
    2023-06-12 22:10:00.852 : Go to Home Page is complete	[MsgId: MMSG-17999]
    2023-06-12 22:10:04.675 : Flights found : 301;325;06/15/2023 and 030;365;06/12/2023	[MsgId: MMSG-17999]
    2023-06-12 22:10:04.675 : Sity depart : Los Angeles, Sity arrive : Denver	[MsgId: MMSG-17999]
    2023-06-12 22:10:06.941 : Booking is created : 242223093-923165-up	[MsgId: MMSG-17999]
    2023-06-12 22:10:13.411 : Found Seat Type : Business, Seat Pref : Aisle	[MsgId: MMSG-17999]
    2023-06-12 22:10:18.759 : Booking (242223093-923165-up) is deleted	[MsgId: MMSG-17999]
    2023-06-12 22:10:24.342 : User is logged out of session	[MsgId: MMSG-17999]
    2023-06-12 22:10:25.475 : Booking is complect	[MsgId: MMSG-17999]
    2023-06-12 22:10:30.452 : Go to Home Page is complete	[MsgId: MMSG-17999]
    2023-06-12 22:10:34.580 : Booking is created : 350381530-79283-up	[MsgId: MMSG-17999]
    2023-06-12 22:10:42.327 : Booking (350381530-79283-up) is deleted	[MsgId: MMSG-17999]
  2023-06-12 22:10:42.443 : IterationNum=5	[MsgId: MMSG-17999]
   USER 5 = user10:pwd10	[MsgId: MMSG-17999]
    2023-06-12 22:10:42.537 : Start page is opened	[MsgId: MMSG-17999]
    2023-06-12 22:10:47.036 : User is logged in with session 136621.291373026HAcHtfHpzHftcVztpHtzAf	[MsgId: MMSG-17999]
    2023-06-12 22:10:47.595 : User is logged out of session	[MsgId: MMSG-17999]
    2023-06-12 22:10:53.279 : Search page opened	[MsgId: MMSG-17999]
    2023-06-12 22:11:05.639 : Flights found : 931;447;06/15/2023 and 393;476;06/12/2023	[MsgId: MMSG-17999]
    2023-06-12 22:11:05.639 : Sity depart : Zurich, Sity arrive : Los Angeles	[MsgId: MMSG-17999]
    2023-06-12 22:11:17.590 : Found Seat Type : Business, Seat Pref : Aisle	[MsgId: MMSG-17999]
    2023-06-12 22:11:35.099 : Booking is complect	[MsgId: MMSG-17999]
    2023-06-12 22:11:40.245 : Go to Home Page is complete	[MsgId: MMSG-17999]
  2023-06-12 22:11:42.424 : IterationNum=2	[MsgId: MMSG-17999]
   USER 2 = user13:pwd13	[MsgId: MMSG-17999]
    2023-06-12 22:11:42.517 : Start page is opened	[MsgId: MMSG-17999]
    2023-06-12 22:11:45.892 : Booking is created : 82997461-107224-up	[MsgId: MMSG-17999]
    2023-06-12 22:11:47.355 : User is logged in with session 136621.296233293HAcHtfHpQcftcVztpHtHff	[MsgId: MMSG-17999]
    2023-06-12 22:11:52.972 : Search page opened	[MsgId: MMSG-17999]
    2023-06-12 22:11:54.269 : Booking (82997461-107224-up) is deleted	[MsgId: MMSG-17999]
    2023-06-12 22:11:59.751 : User is logged out of session	[MsgId: MMSG-17999]
    2023-06-12 22:12:10.707 : Flights found : 162;764;06/15/2023 and 611;720;06/12/2023	[MsgId: MMSG-17999]
    2023-06-12 22:12:10.707 : Sity depart : Frankfurt, Sity arrive : San Francisco	[MsgId: MMSG-17999]
    2023-06-12 22:12:20.254 : Found Seat Type : First, Seat Pref : Aisle	[MsgId: MMSG-17999]
  2023-06-12 22:12:22.543 : IterationNum=9	[MsgId: MMSG-17999]
   USER 9 = user5:pwd5	[MsgId: MMSG-17999]
    2023-06-12 22:12:22.638 : Start page is opened	[MsgId: MMSG-17999]
    2023-06-12 22:12:28.694 : User is logged in with session 136621.299473471HAcHtfipAQVzzzzHtcVztpHtiff	[MsgId: MMSG-17999]
    2023-06-12 22:12:33.505 : Search page opened	[MsgId: MMSG-17999]
    2023-06-12 22:12:36.421 : Booking is complect	[MsgId: MMSG-17999]
    2023-06-12 22:12:41.644 : Go to Home Page is complete	[MsgId: MMSG-17999]
    2023-06-12 22:12:46.412 : Booking is created : 211857880-1239344-up	[MsgId: MMSG-17999]
    2023-06-12 22:12:51.416 : Flights found : 851;1040;06/15/2023 and 581;1040;06/12/2023	[MsgId: MMSG-17999]
    2023-06-12 22:12:51.416 : Sity depart : Sydney, Sity arrive : Portland	[MsgId: MMSG-17999]
    2023-06-12 22:12:54.153 : Booking (211857880-1239344-up) is deleted	[MsgId: MMSG-17999]
    2023-06-12 22:12:59.357 : User is logged out of session	[MsgId: MMSG-17999]
    2023-06-12 22:13:01.592 : Found Seat Type : Business, Seat Pref : Window	[MsgId: MMSG-17999]
    2023-06-12 22:13:19.053 : Booking is complect	[MsgId: MMSG-17999]
  2023-06-12 22:13:22.450 : IterationNum=6	[MsgId: MMSG-17999]
   USER 6 = user11:pwd11	[MsgId: MMSG-17999]
    2023-06-12 22:13:22.544 : Start page is opened	[MsgId: MMSG-17999]
    2023-06-12 22:13:23.928 : Go to Home Page is complete	[MsgId: MMSG-17999]
    2023-06-12 22:13:26.759 : User is logged in with session 136621.304333738HAcHtfipDtVzzzzHtcVztpHfAAf	[MsgId: MMSG-17999]
    2023-06-12 22:13:29.749 : Booking is created : 3504018927-1216313-up	[MsgId: MMSG-17999]
    2023-06-12 22:13:31.357 : Search page opened	[MsgId: MMSG-17999]
    2023-06-12 22:13:38.848 : Booking (3504018927-1216313-up) is deleted	[MsgId: MMSG-17999]
    2023-06-12 22:13:43.946 : Flights found : 623;899;06/15/2023 and 262;1039;06/12/2023	[MsgId: MMSG-17999]
    2023-06-12 22:13:43.946 : Sity depart : San Francisco, Sity arrive : London	[MsgId: MMSG-17999]
    2023-06-12 22:13:44.765 : User is logged out of session	[MsgId: MMSG-17999]
    2023-06-12 22:13:52.328 : Found Seat Type : First, Seat Pref : None	[MsgId: MMSG-17999]
    2023-06-12 22:14:05.853 : Booking is complect	[MsgId: MMSG-17999]
    2023-06-12 22:14:11.447 : Go to Home Page is complete	[MsgId: MMSG-17999]
    2023-06-12 22:14:17.484 : Booking is created : 164467551-970918-up	[MsgId: MMSG-17999]
  2023-06-12 22:14:22.425 : IterationNum=3	[MsgId: MMSG-17999]
   USER 3 = user14:pwd14	[MsgId: MMSG-17999]
    2023-06-12 22:14:22.518 : Start page is opened	[MsgId: MMSG-17999]
    2023-06-12 22:14:26.804 : User is logged in with session 136621.309194006HAcHtfipfQVzzzzHtcVztpHfVff	[MsgId: MMSG-17999]
    2023-06-12 22:14:27.311 : Booking (164467551-970918-up) is deleted	[MsgId: MMSG-17999]
    2023-06-12 22:14:31.127 : Search page opened	[MsgId: MMSG-17999]
    2023-06-12 22:14:33.311 : User is logged out of session	[MsgId: MMSG-17999]
    2023-06-12 22:14:46.087 : Flights found : 620;850;06/15/2023 and 260;850;06/12/2023	[MsgId: MMSG-17999]
    2023-06-12 22:14:46.087 : Sity depart : San Francisco, Sity arrive : London	[MsgId: MMSG-17999]
    2023-06-12 22:14:58.577 : Found Seat Type : Business, Seat Pref : None	[MsgId: MMSG-17999]
  2023-06-12 22:15:02.550 : IterationNum=10	[MsgId: MMSG-17999]
   USER 10 = user5:pwd5	[MsgId: MMSG-17999]
    2023-06-12 22:15:02.645 : Start page is opened	[MsgId: MMSG-17999]
    2023-06-12 22:15:06.607 : User is logged in with session 136621.312434184HAcHtfipHfiDDDDDtcVztpHfcff	[MsgId: MMSG-17999]
    2023-06-12 22:15:12.518 : Search page opened	[MsgId: MMSG-17999]
    2023-06-12 22:15:17.034 : Booking is complect	[MsgId: MMSG-17999]
    2023-06-12 22:15:22.920 : Go to Home Page is complete	[MsgId: MMSG-17999]
    2023-06-12 22:15:25.073 : Flights found : 481;2386;06/15/2023 and 840;2679;06/12/2023	[MsgId: MMSG-17999]
    2023-06-12 22:15:25.073 : Sity depart : Paris, Sity arrive : Sydney	[MsgId: MMSG-17999]
    2023-06-12 22:15:29.292 : Booking is created : 320022994-969361-up	[MsgId: MMSG-17999]
    2023-06-12 22:15:33.635 : Found Seat Type : First, Seat Pref : None	[MsgId: MMSG-17999]
    2023-06-12 22:15:37.978 : Booking (320022994-969361-up) is deleted	[MsgId: MMSG-17999]
    2023-06-12 22:15:43.596 : User is logged out of session	[MsgId: MMSG-17999]
    2023-06-12 22:15:45.418 : Booking is complect	[MsgId: MMSG-17999]
    2023-06-12 22:15:51.051 : Go to Home Page is complete	[MsgId: MMSG-17999]
    2023-06-12 22:15:57.281 : Booking is created : 3503881940-1415774-up	[MsgId: MMSG-17999]
  2023-06-12 22:16:02.459 : IterationNum=7	[MsgId: MMSG-17999]
   USER 7 = user11:pwd11	[MsgId: MMSG-17999]
    2023-06-12 22:16:02.551 : Start page is opened	[MsgId: MMSG-17999]
    2023-06-12 22:16:07.292 : User is logged in with session 136621.317294451HAcHtfQpAAiDDDDDtcVztpHftAf	[MsgId: MMSG-17999]
    2023-06-12 22:16:08.045 : Booking (3503881940-1415774-up) is deleted	[MsgId: MMSG-17999]
    2023-06-12 22:16:11.501 : Search page opened	[MsgId: MMSG-17999]
    2023-06-12 22:16:12.311 : User is logged out of session	[MsgId: MMSG-17999]
    2023-06-12 22:16:25.866 : Flights found : 701;260;06/15/2023 and 073;239;06/12/2023	[MsgId: MMSG-17999]
    2023-06-12 22:16:25.866 : Sity depart : Seattle, Sity arrive : Denver	[MsgId: MMSG-17999]
    2023-06-12 22:16:34.680 : Found Seat Type : Coach, Seat Pref : Window	[MsgId: MMSG-17999]
    2023-06-12 22:16:48.143 : Booking is complect	[MsgId: MMSG-17999]
    2023-06-12 22:16:52.845 : Go to Home Page is complete	[MsgId: MMSG-17999]
    2023-06-12 22:16:57.785 : Booking is created : 164470417-82576-up	[MsgId: MMSG-17999]
  2023-06-12 22:17:02.440 : IterationNum=4	[MsgId: MMSG-17999]
   USER 4 = user15:pwd15	[MsgId: MMSG-17999]
    2023-06-12 22:17:02.533 : Start page is opened	[MsgId: MMSG-17999]
    2023-06-12 22:17:07.419 : User is logged in with session 136621.322154719HAcHtfQpcfiDDDDDtcVztpHffff	[MsgId: MMSG-17999]
    2023-06-12 22:17:09.045 : Booking (164470417-82576-up) is deleted	[MsgId: MMSG-17999]
    2023-06-12 22:17:12.992 : Search page opened	[MsgId: MMSG-17999]
    2023-06-12 22:17:14.425 : User is logged out of session	[MsgId: MMSG-17999]
    2023-06-12 22:17:29.003 : Flights found : 810;1768;06/15/2023 and 180;1768;06/12/2023	[MsgId: MMSG-17999]
    2023-06-12 22:17:29.004 : Sity depart : Sydney, Sity arrive : Frankfurt	[MsgId: MMSG-17999]
    2023-06-12 22:17:38.464 : Found Seat Type : Business, Seat Pref : Window	[MsgId: MMSG-17999]
  2023-06-12 22:17:42.562 : IterationNum=11	[MsgId: MMSG-17999]
   USER 11 = user5:pwd5	[MsgId: MMSG-17999]
    2023-06-12 22:17:42.656 : Start page is opened	[MsgId: MMSG-17999]
    2023-06-12 22:17:47.133 : User is logged in with session 136621.325394897HAcHtfQptcftcVztpHfzff	[MsgId: MMSG-17999]
    2023-06-12 22:17:52.460 : Search page opened	[MsgId: MMSG-17999]
    2023-06-12 22:17:52.658 : Booking is complect	[MsgId: MMSG-17999]
    2023-06-12 22:17:58.748 : Go to Home Page is complete	[MsgId: MMSG-17999]
  2023-06-12 22:18:02.473 : IterationNum=1	[MsgId: MMSG-17999]
   USER 1 = user18:pwd18	[MsgId: MMSG-17999]
    2023-06-12 22:18:02.584 : Start page is opened	[MsgId: MMSG-17999]
    2023-06-12 22:18:04.389 : Booking is created : 359559324-907964-up	[MsgId: MMSG-17999]
    2023-06-12 22:18:07.055 : User is logged in with session 136621.327014986HAcHtfQpfAiDDDDDtcVztpHfHAf	[MsgId: MMSG-17999]
    2023-06-12 22:18:08.540 : Flights found : 032;446;06/15/2023 and 301;420;06/12/2023	[MsgId: MMSG-17999]
    2023-06-12 22:18:08.540 : Sity depart : Denver, Sity arrive : Los Angeles	[MsgId: MMSG-17999]
    2023-06-12 22:18:11.033 : Search page opened	[MsgId: MMSG-17999]
    2023-06-12 22:18:19.528 : Booking (359559324-907964-up) is deleted	[MsgId: MMSG-17999]
    2023-06-12 22:18:20.144 : Found Seat Type : First, Seat Pref : Window	[MsgId: MMSG-17999]
    2023-06-12 22:18:23.504 : Flights found : 452;852;06/15/2023 and 542;852;06/12/2023	[MsgId: MMSG-17999]
    2023-06-12 22:18:23.504 : Sity depart : Paris, Sity arrive : Portland	[MsgId: MMSG-17999]
    2023-06-12 22:18:24.894 : User is logged out of session	[MsgId: MMSG-17999]
    2023-06-12 22:18:32.480 : Booking is complect	[MsgId: MMSG-17999]
    2023-06-12 22:18:33.400 : Found Seat Type : Business, Seat Pref : None	[MsgId: MMSG-17999]
    2023-06-12 22:18:37.085 : Go to Home Page is complete	[MsgId: MMSG-17999]
    2023-06-12 22:18:41.459 : Booking is created : 350371572-100143-up	[MsgId: MMSG-17999]
  2023-06-12 22:18:42.465 : IterationNum=8	[MsgId: MMSG-17999]
   USER 8 = user11:pwd11	[MsgId: MMSG-17999]
    2023-06-12 22:18:44.258 : Start page is opened	[MsgId: MMSG-17999]
    2023-06-12 22:18:48.500 : Booking is complect	[MsgId: MMSG-17999]
    2023-06-12 22:18:49.269 : Booking (350371572-100143-up) is deleted	[MsgId: MMSG-17999]
    2023-06-12 22:18:50.381 : User is logged in with session 136621.330417173HAcHtfQpziDDDDDDtcVztpHfiV	[MsgId: MMSG-17999]
    2023-06-12 22:18:53.437 : Go to Home Page is complete	[MsgId: MMSG-17999]
    2023-06-12 22:18:54.141 : User is logged out of session	[MsgId: MMSG-17999]
    2023-06-12 22:18:56.194 : Search page opened	[MsgId: MMSG-17999]
    2023-06-12 22:18:58.633 : Booking is created : 106683438-1186284-up	[MsgId: MMSG-17999]
    2023-06-12 22:19:09.603 : Flights found : 060;202;06/15/2023 and 601;180;06/12/2023	[MsgId: MMSG-17999]
    2023-06-12 22:19:09.603 : Sity depart : Denver, Sity arrive : San Francisco	[MsgId: MMSG-17999]
    2023-06-12 22:19:10.785 : Booking (106683438-1186284-up) is deleted	[MsgId: MMSG-17999]
    2023-06-12 22:19:16.028 : User is logged out of session	[MsgId: MMSG-17999]
    2023-06-12 22:19:17.794 : Found Seat Type : Coach, Seat Pref : None	[MsgId: MMSG-17999]
    2023-06-12 22:19:30.613 : Booking is complect	[MsgId: MMSG-17999]
    2023-06-12 22:19:37.755 : Go to Home Page is complete	[MsgId: MMSG-17999]
    2023-06-12 22:19:42.381 : Booking is created : 164446674-123183-up	[MsgId: MMSG-17999]
  2023-06-12 22:19:42.454 : IterationNum=5	[MsgId: MMSG-17999]
   USER 5 = user16:pwd16	[MsgId: MMSG-17999]
    2023-06-12 22:19:42.548 : Start page is opened	[MsgId: MMSG-17999]
    2023-06-12 22:19:47.490 : User is logged in with session 136621.335115431HAcHtfQpQcftcVztpHfQff	[MsgId: MMSG-17999]
    2023-06-12 22:19:51.968 : Search page opened	[MsgId: MMSG-17999]
    2023-06-12 22:19:56.041 : Booking (164446674-123183-up) is deleted	[MsgId: MMSG-17999]
    2023-06-12 22:20:01.001 : User is logged out of session	[MsgId: MMSG-17999]
    2023-06-12 22:20:05.584 : Flights found : 411;114;06/15/2023 and 141;114;06/12/2023	[MsgId: MMSG-17999]
    2023-06-12 22:20:05.584 : Sity depart : Paris, Sity arrive : Frankfurt	[MsgId: MMSG-17999]
    2023-06-12 22:20:14.738 : Found Seat Type : Coach, Seat Pref : None	[MsgId: MMSG-17999]
  2023-06-12 22:20:22.570 : IterationNum=12	[MsgId: MMSG-17999]
   USER 12 = user5:pwd5	[MsgId: MMSG-17999]
    2023-06-12 22:20:22.665 : Start page is opened	[MsgId: MMSG-17999]
    2023-06-12 22:20:27.743 : Booking is complect	[MsgId: MMSG-17999]
    2023-06-12 22:20:28.938 : User is logged in with session 136621.33835561HAcHtzApAQVzzzzHtcVztpHzAff	[MsgId: MMSG-17999]
    2023-06-12 22:20:33.706 : Go to Home Page is complete	[MsgId: MMSG-17999]
    2023-06-12 22:20:34.702 : Search page opened	[MsgId: MMSG-17999]
    2023-06-12 22:20:38.912 : Booking is created : 338163374-87786-up	[MsgId: MMSG-17999]
  2023-06-12 22:20:42.475 : IterationNum=2	[MsgId: MMSG-17999]
   USER 2 = user19:pwd19	[MsgId: MMSG-17999]
    2023-06-12 22:20:42.569 : Start page is opened	[MsgId: MMSG-17999]
    2023-06-12 22:20:48.703 : User is logged in with session 136621.339975699HAcHtzApVHftcVztpHzVAf	[MsgId: MMSG-17999]
    2023-06-12 22:20:50.803 : Flights found : 313;347;06/15/2023 and 130;610;06/12/2023	[MsgId: MMSG-17999]
    2023-06-12 22:20:50.803 : Sity depart : Los Angeles, Sity arrive : Frankfurt	[MsgId: MMSG-17999]
    2023-06-12 22:20:51.236 : Booking (338163374-87786-up) is deleted	[MsgId: MMSG-17999]
    2023-06-12 22:20:53.618 : Search page opened	[MsgId: MMSG-17999]
    2023-06-12 22:20:56.278 : User is logged out of session	[MsgId: MMSG-17999]
    2023-06-12 22:21:01.654 : Found Seat Type : First, Seat Pref : None	[MsgId: MMSG-17999]
    2023-06-12 22:21:08.277 : Flights found : 691;485;06/15/2023 and 962;515;06/12/2023	[MsgId: MMSG-17999]
    2023-06-12 22:21:08.277 : Sity depart : San Francisco, Sity arrive : Zurich	[MsgId: MMSG-17999]
    2023-06-12 22:21:18.881 : Found Seat Type : Business, Seat Pref : Aisle	[MsgId: MMSG-17999]
    2023-06-12 22:21:19.083 : Booking is complect	[MsgId: MMSG-17999]
  2023-06-12 22:21:22.476 : IterationNum=9	[MsgId: MMSG-17999]
   USER 9 = user11:pwd11	[MsgId: MMSG-17999]
    2023-06-12 22:21:22.571 : Start page is opened	[MsgId: MMSG-17999]
    2023-06-12 22:21:25.068 : Go to Home Page is complete	[MsgId: MMSG-17999]
    2023-06-12 22:21:29.988 : Booking is created : 350381975-86996-up	[MsgId: MMSG-17999]
    2023-06-12 22:21:32.548 : User is logged in with session 136621.343215877HAcHtzApDtVzzzzHtcVztpHzcAf	[MsgId: MMSG-17999]
    2023-06-12 22:21:37.103 : Booking is complect	[MsgId: MMSG-17999]
    2023-06-12 22:21:37.914 : Search page opened	[MsgId: MMSG-17999]
    2023-06-12 22:21:39.490 : Booking (350381975-86996-up) is deleted	[MsgId: MMSG-17999]
    2023-06-12 22:21:43.121 : Go to Home Page is complete	[MsgId: MMSG-17999]
    2023-06-12 22:21:45.426 : User is logged out of session	[MsgId: MMSG-17999]
    2023-06-12 22:21:49.455 : Booking is created : 317433017-1509307-up	[MsgId: MMSG-17999]
    2023-06-12 22:21:56.161 : Flights found : 741;999;06/15/2023 and 472;1060;06/12/2023	[MsgId: MMSG-17999]
    2023-06-12 22:21:56.161 : Sity depart : Seattle, Sity arrive : Paris	[MsgId: MMSG-17999]
    2023-06-12 22:22:00.795 : Booking (317433017-1509307-up) is deleted	[MsgId: MMSG-17999]
    2023-06-12 22:22:04.214 : Found Seat Type : First, Seat Pref : Window	[MsgId: MMSG-17999]
    2023-06-12 22:22:05.290 : User is logged out of session	[MsgId: MMSG-17999]
    2023-06-12 22:22:20.271 : Booking is complect	[MsgId: MMSG-17999]
  2023-06-12 22:22:22.455 : IterationNum=6	[MsgId: MMSG-17999]
   USER 6 = user17:pwd17	[MsgId: MMSG-17999]
    2023-06-12 22:22:24.514 : Go to Home Page is complete	[MsgId: MMSG-17999]
    2023-06-12 22:22:24.685 : Start page is opened	[MsgId: MMSG-17999]
    2023-06-12 22:22:30.146 : Booking is created : 164471925-1132466-up	[MsgId: MMSG-17999]
    2023-06-12 22:22:30.238 : User is logged in with session 136621.348238153HAcHtzApztcVztpHzDz	[MsgId: MMSG-17999]
    2023-06-12 22:22:34.808 : Search page opened	[MsgId: MMSG-17999]
    2023-06-12 22:22:38.261 : Booking (164471925-1132466-up) is deleted	[MsgId: MMSG-17999]
    2023-06-12 22:22:43.094 : User is logged out of session	[MsgId: MMSG-17999]
    2023-06-12 22:22:49.554 : Flights found : 481;1273;06/15/2023 and 842;1350;06/12/2023	[MsgId: MMSG-17999]
    2023-06-12 22:22:49.554 : Sity depart : Paris, Sity arrive : Sydney	[MsgId: MMSG-17999]
    2023-06-12 22:22:57.192 : Found Seat Type : Coach, Seat Pref : None	[MsgId: MMSG-17999]
  2023-06-12 22:23:02.585 : IterationNum=13	[MsgId: MMSG-17999]
   USER 13 = user5:pwd5	[MsgId: MMSG-17999]
    2023-06-12 22:23:02.680 : Start page is opened	[MsgId: MMSG-17999]
    2023-06-12 22:23:07.407 : User is logged in with session 136621.351316322HAcHtzApHfiDDDDDtcVztpHztff	[MsgId: MMSG-17999]
    2023-06-12 22:23:13.479 : Booking is complect	[MsgId: MMSG-17999]
    2023-06-12 22:23:13.813 : Search page opened	[MsgId: MMSG-17999]
    2023-06-12 22:23:18.807 : Go to Home Page is complete	[MsgId: MMSG-17999]
  2023-06-12 22:23:22.488 : IterationNum=3	[MsgId: MMSG-17999]
   USER 3 = user20:pwd20	[MsgId: MMSG-17999]
    2023-06-12 22:23:22.581 : Start page is opened	[MsgId: MMSG-17999]
    2023-06-12 22:23:23.035 : Booking is created : 3029807824-1417124-up	[MsgId: MMSG-17999]
    2023-06-12 22:23:27.529 : User is logged in with session 136621.352936412HAcHtzApitVzzzzHtcVztpHzfAf	[MsgId: MMSG-17999]
    2023-06-12 22:23:31.960 : Search page opened	[MsgId: MMSG-17999]
    2023-06-12 22:23:32.507 : Flights found : 303;206;06/15/2023 and 031;224;06/12/2023	[MsgId: MMSG-17999]
    2023-06-12 22:23:32.508 : Sity depart : Los Angeles, Sity arrive : Denver	[MsgId: MMSG-17999]
    2023-06-12 22:23:32.989 : Booking (3029807824-1417124-up) is deleted	[MsgId: MMSG-17999]
    2023-06-12 22:23:38.941 : User is logged out of session	[MsgId: MMSG-17999]
    2023-06-12 22:23:43.358 : Found Seat Type : Coach, Seat Pref : Window	[MsgId: MMSG-17999]
    2023-06-12 22:23:49.674 : Flights found : 981;1386;06/15/2023 and 891;1386;06/12/2023	[MsgId: MMSG-17999]
    2023-06-12 22:23:49.675 : Sity depart : Zurich, Sity arrive : Sydney	[MsgId: MMSG-17999]
    2023-06-12 22:23:56.173 : Booking is complect	[MsgId: MMSG-17999]
    2023-06-12 22:24:01.002 : Go to Home Page is complete	[MsgId: MMSG-17999]
    2023-06-12 22:24:01.009 : Found Seat Type : Business, Seat Pref : Aisle	[MsgId: MMSG-17999]
  2023-06-12 22:24:02.487 : IterationNum=10	[MsgId: MMSG-17999]
   USER 10 = user11:pwd11	[MsgId: MMSG-17999]
    2023-06-12 22:24:02.580 : Start page is opened	[MsgId: MMSG-17999]
    2023-06-12 22:24:07.206 : Booking is created : 350381600-79340-up	[MsgId: MMSG-17999]
    2023-06-12 22:24:07.233 : User is logged in with session 136621.35617659HAcHtzVpAAiDDDDDtcVztpHzzAf	[MsgId: MMSG-17999]
    2023-06-12 22:24:12.883 : Search page opened	[MsgId: MMSG-17999]
    2023-06-12 22:24:20.211 : Booking is complect	[MsgId: MMSG-17999]
    2023-06-12 22:24:20.438 : Booking (350381600-79340-up) is deleted	[MsgId: MMSG-17999]
    2023-06-12 22:24:24.352 : User is logged out of session	[MsgId: MMSG-17999]
    2023-06-12 22:24:25.752 : Go to Home Page is complete	[MsgId: MMSG-17999]
    2023-06-12 22:24:26.657 : Flights found : 072;401;06/15/2023 and 700;424;06/12/2023	[MsgId: MMSG-17999]
    2023-06-12 22:24:26.657 : Sity depart : Denver, Sity arrive : Seattle	[MsgId: MMSG-17999]
    2023-06-12 22:24:30.494 : Booking is created : 574437458-1454828-up	[MsgId: MMSG-17999]
    2023-06-12 22:24:35.846 : Found Seat Type : Business, Seat Pref : None	[MsgId: MMSG-17999]
    2023-06-12 22:24:39.099 : Booking (574437458-1454828-up) is deleted	[MsgId: MMSG-17999]
    2023-06-12 22:24:45.356 : User is logged out of session	[MsgId: MMSG-17999]
    2023-06-12 22:24:49.640 : Booking is complect	[MsgId: MMSG-17999]
    2023-06-12 22:24:53.724 : Go to Home Page is complete	[MsgId: MMSG-17999]
    2023-06-12 22:24:59.041 : Booking is created : 164447125-130832-up	[MsgId: MMSG-17999]
  2023-06-12 22:25:02.463 : IterationNum=7	[MsgId: MMSG-17999]
   USER 7 = user17:pwd17	[MsgId: MMSG-17999]
    2023-06-12 22:25:02.554 : Start page is opened	[MsgId: MMSG-17999]
    2023-06-12 22:25:07.500 : User is logged in with session 136621.361036857HAcHtzVpcfiDDDDDtcVztpHzHff	[MsgId: MMSG-17999]
    2023-06-12 22:25:08.353 : Booking (164447125-130832-up) is deleted	[MsgId: MMSG-17999]
    2023-06-12 22:25:14.349 : Search page opened	[MsgId: MMSG-17999]
    2023-06-12 22:25:14.386 : User is logged out of session	[MsgId: MMSG-17999]
    2023-06-12 22:25:32.193 : Flights found : 103;315;06/15/2023 and 013;315;06/12/2023	[MsgId: MMSG-17999]
    2023-06-12 22:25:32.193 : Sity depart : Frankfurt, Sity arrive : Denver	[MsgId: MMSG-17999]
  2023-06-12 22:25:42.598 : IterationNum=14	[MsgId: MMSG-17999]
   USER 14 = user5:pwd5	[MsgId: MMSG-17999]
    2023-06-12 22:25:42.693 : Start page is opened	[MsgId: MMSG-17999]
    2023-06-12 22:25:44.498 : Found Seat Type : Coach, Seat Pref : None	[MsgId: MMSG-17999]
    2023-06-12 22:25:48.084 : User is logged in with session 136621.364277035HAcHtzVptcftcVztpHziff	[MsgId: MMSG-17999]
    2023-06-12 22:25:52.534 : Search page opened	[MsgId: MMSG-17999]
    2023-06-12 22:26:02.006 : Booking is complect	[MsgId: MMSG-17999]
  2023-06-12 22:26:02.497 : IterationNum=4	[MsgId: MMSG-17999]
   USER 4 = user21:pwd21	[MsgId: MMSG-17999]
    2023-06-12 22:26:02.889 : Start page is opened	[MsgId: MMSG-17999]
    2023-06-12 22:26:04.572 : Flights found : 360;60;06/15/2023 and 631;53;06/12/2023	[MsgId: MMSG-17999]
    2023-06-12 22:26:04.572 : Sity depart : Los Angeles, Sity arrive : San Francisco	[MsgId: MMSG-17999]
    2023-06-12 22:26:07.252 : User is logged in with session 136621.365897124HAcHtzVpfAiDDDDDtcVztpHzQAf	[MsgId: MMSG-17999]
    2023-06-12 22:26:07.655 : Go to Home Page is complete	[MsgId: MMSG-17999]
    2023-06-12 22:26:11.874 : Search page opened	[MsgId: MMSG-17999]
    2023-06-12 22:26:13.648 : Booking is created : 302966789-77971-up	[MsgId: MMSG-17999]
    2023-06-12 22:26:20.653 : Found Seat Type : Coach, Seat Pref : Aisle	[MsgId: MMSG-17999]
    2023-06-12 22:26:25.728 : Flights found : 763;103;06/15/2023 and 672;119;06/12/2023	[MsgId: MMSG-17999]
    2023-06-12 22:26:25.728 : Sity depart : Seattle, Sity arrive : San Francisco	[MsgId: MMSG-17999]
    2023-06-12 22:26:25.923 : Booking (302966789-77971-up) is deleted	[MsgId: MMSG-17999]
    2023-06-12 22:26:30.720 : User is logged out of session	[MsgId: MMSG-17999]
    2023-06-12 22:26:37.629 : Found Seat Type : Business, Seat Pref : Aisle	[MsgId: MMSG-17999]
    2023-06-12 22:26:38.968 : Booking is complect	[MsgId: MMSG-17999]
  2023-06-12 22:26:42.503 : IterationNum=11	[MsgId: MMSG-17999]
   USER 11 = user11:pwd11	[MsgId: MMSG-17999]
    2023-06-12 22:26:44.354 : Go to Home Page is complete	[MsgId: MMSG-17999]
    2023-06-12 22:26:44.802 : Start page is opened	[MsgId: MMSG-17999]
    2023-06-12 22:26:49.346 : Booking is created : 35038372-125470-up	[MsgId: MMSG-17999]
    2023-06-12 22:26:50.184 : User is logged in with session 136621.369299311HAcHtzVpziDDDDDDtcVztpHHAV	[MsgId: MMSG-17999]
    2023-06-12 22:26:56.327 : Booking is complect	[MsgId: MMSG-17999]
    2023-06-12 22:26:56.365 : Search page opened	[MsgId: MMSG-17999]
    2023-06-12 22:26:57.153 : Booking (35038372-125470-up) is deleted	[MsgId: MMSG-17999]
    2023-06-12 22:27:00.340 : Go to Home Page is complete	[MsgId: MMSG-17999]
  2023-06-12 22:27:02.507 : IterationNum=1	[MsgId: MMSG-17999]
   USER 1 = user24:pwd24	[MsgId: MMSG-17999]
    2023-06-12 22:27:02.537 : User is logged out of session	[MsgId: MMSG-17999]
    2023-06-12 22:27:02.606 : Start page is opened	[MsgId: MMSG-17999]
    2023-06-12 22:27:07.730 : User is logged in with session 136621.370757392HAcHtzVpHfiDDDDDtcVztpHHAff	[MsgId: MMSG-17999]
    2023-06-12 22:27:08.648 : Booking is created : 100769003-128632-up	[MsgId: MMSG-17999]
    2023-06-12 22:27:12.445 : Search page opened	[MsgId: MMSG-17999]
    2023-06-12 22:27:16.051 : Flights found : 961;628;06/15/2023 and 691;628;06/12/2023	[MsgId: MMSG-17999]
    2023-06-12 22:27:16.051 : Sity depart : Zurich, Sity arrive : San Francisco	[MsgId: MMSG-17999]
    2023-06-12 22:27:18.582 : Booking (100769003-128632-up) is deleted	[MsgId: MMSG-17999]
    2023-06-12 22:27:23.144 : User is logged out of session	[MsgId: MMSG-17999]
    2023-06-12 22:27:32.278 : Flights found : 700;424;06/15/2023 and 070;424;06/12/2023	[MsgId: MMSG-17999]
    2023-06-12 22:27:32.278 : Sity depart : Seattle, Sity arrive : Denver	[MsgId: MMSG-17999]
    2023-06-12 22:27:32.572 : Found Seat Type : First, Seat Pref : None	[MsgId: MMSG-17999]
  2023-06-12 22:27:42.467 : IterationNum=8	[MsgId: MMSG-17999]
   USER 8 = user17:pwd17	[MsgId: MMSG-17999]
    2023-06-12 22:27:42.559 : Start page is opened	[MsgId: MMSG-17999]
    2023-06-12 22:27:44.272 : Found Seat Type : Business, Seat Pref : None	[MsgId: MMSG-17999]
    2023-06-12 22:27:45.660 : Booking is complect	[MsgId: MMSG-17999]
    2023-06-12 22:27:48.776 : User is logged in with session 136621.37399757HAcHtzVpQcftcVztpHHVff	[MsgId: MMSG-17999]
    2023-06-12 22:27:51.209 : Go to Home Page is complete	[MsgId: MMSG-17999]
    2023-06-12 22:27:55.093 : Booking is created : 164480060-1300865-up	[MsgId: MMSG-17999]
    2023-06-12 22:27:56.862 : Booking is complect	[MsgId: MMSG-17999]
    2023-06-12 22:27:56.929 : Search page opened	[MsgId: MMSG-17999]
    2023-06-12 22:28:02.928 : Go to Home Page is complete	[MsgId: MMSG-17999]
    2023-06-12 22:28:03.697 : Booking (164480060-1300865-up) is deleted	[MsgId: MMSG-17999]
    2023-06-12 22:28:07.575 : Booking is created : 247803719-82372-up	[MsgId: MMSG-17999]
    2023-06-12 22:28:07.776 : User is logged out of session	[MsgId: MMSG-17999]
    2023-06-12 22:28:10.723 : Flights found : 832;633;06/15/2023 and 381;596;06/12/2023	[MsgId: MMSG-17999]
    2023-06-12 22:28:10.723 : Sity depart : Sydney, Sity arrive : Los Angeles	[MsgId: MMSG-17999]
    2023-06-12 22:28:20.467 : Booking (247803719-82372-up) is deleted	[MsgId: MMSG-17999]
    2023-06-12 22:28:20.473 : Found Seat Type : Coach, Seat Pref : Window	[MsgId: MMSG-17999]
  2023-06-12 22:28:22.614 : IterationNum=15	[MsgId: MMSG-17999]
   USER 15 = user5:pwd5	[MsgId: MMSG-17999]
    2023-06-12 22:28:25.400 : User is logged out of session	[MsgId: MMSG-17999]
    2023-06-12 22:28:25.586 : Start page is opened	[MsgId: MMSG-17999]
    2023-06-12 22:28:30.117 : User is logged in with session 136621.377480761HAcHtzcpVAtVzzzHtcVztpHHczcf	[MsgId: MMSG-17999]
    2023-06-12 22:28:35.292 : Search page opened	[MsgId: MMSG-17999]
    2023-06-12 22:28:36.592 : Booking is complect	[MsgId: MMSG-17999]
  2023-06-12 22:28:42.503 : IterationNum=5	[MsgId: MMSG-17999]
   USER 5 = user22:pwd22	[MsgId: MMSG-17999]
    2023-06-12 22:28:45.167 : Go to Home Page is complete	[MsgId: MMSG-17999]
    2023-06-12 22:28:45.217 : Start page is opened	[MsgId: MMSG-17999]
    2023-06-12 22:28:50.051 : Flights found : 371;225;06/15/2023 and 730;253;06/12/2023	[MsgId: MMSG-17999]
    2023-06-12 22:28:50.051 : Sity depart : Los Angeles, Sity arrive : Seattle	[MsgId: MMSG-17999]
    2023-06-12 22:28:51.013 : Booking is created : 302993801-1062402-up	[MsgId: MMSG-17999]
    2023-06-12 22:28:52.180 : User is logged in with session 136621.379100851HAcHtzcpViHftcVztpHHDVcf	[MsgId: MMSG-17999]
    2023-06-12 22:28:56.389 : Search page opened	[MsgId: MMSG-17999]
    2023-06-12 22:28:58.828 : Found Seat Type : Business, Seat Pref : Aisle	[MsgId: MMSG-17999]
    2023-06-12 22:28:59.331 : Booking (302993801-1062402-up) is deleted	[MsgId: MMSG-17999]
    2023-06-12 22:29:04.095 : User is logged out of session	[MsgId: MMSG-17999]
    2023-06-12 22:29:13.756 : Booking is complect	[MsgId: MMSG-17999]
    2023-06-12 22:29:13.758 : Flights found : 201;437;06/15/2023 and 020;491;06/12/2023	[MsgId: MMSG-17999]
    2023-06-12 22:29:13.758 : Sity depart : London, Sity arrive : Denver	[MsgId: MMSG-17999]
    2023-06-12 22:29:18.559 : Go to Home Page is complete	[MsgId: MMSG-17999]
    2023-06-12 22:29:21.670 : Found Seat Type : Business, Seat Pref : Window	[MsgId: MMSG-17999]
  2023-06-12 22:29:22.513 : IterationNum=12	[MsgId: MMSG-17999]
   USER 12 = user11:pwd11	[MsgId: MMSG-17999]
    2023-06-12 22:29:22.607 : Start page is opened	[MsgId: MMSG-17999]
    2023-06-12 22:29:24.542 : Booking is created : 350384119-133113-up	[MsgId: MMSG-17999]
    2023-06-12 22:29:32.455 : User is logged in with session 136621.382098015HAcHtzcpDtVzzzzHtcVztpHHtAf	[MsgId: MMSG-17999]
    2023-06-12 22:29:37.020 : Booking is complect	[MsgId: MMSG-17999]
    2023-06-12 22:29:37.582 : Booking (350384119-133113-up) is deleted	[MsgId: MMSG-17999]
    2023-06-12 22:29:38.711 : Search page opened	[MsgId: MMSG-17999]
    2023-06-12 22:29:41.151 : Go to Home Page is complete	[MsgId: MMSG-17999]
  2023-06-12 22:29:42.519 : IterationNum=2	[MsgId: MMSG-17999]
   USER 2 = user25:pwd25	[MsgId: MMSG-17999]
    2023-06-12 22:29:42.613 : Start page is opened	[MsgId: MMSG-17999]
    2023-06-12 22:29:43.876 : User is logged out of session	[MsgId: MMSG-17999]
    2023-06-12 22:29:45.511 : Booking is created : 214081534-78532-up	[MsgId: MMSG-17999]
    2023-06-12 22:29:48.366 : User is logged in with session 136621.383718105HAcHtzcptcftcVztpHHtff	[MsgId: MMSG-17999]
    2023-06-12 22:29:56.291 : Flights found : 341;391;06/15/2023 and 430;438;06/12/2023	[MsgId: MMSG-17999]
    2023-06-12 22:29:56.291 : Sity depart : Los Angeles, Sity arrive : Paris	[MsgId: MMSG-17999]
    2023-06-12 22:29:56.368 : Booking (214081534-78532-up) is deleted	[MsgId: MMSG-17999]
    2023-06-12 22:29:56.511 : Search page opened	[MsgId: MMSG-17999]
    2023-06-12 22:30:01.855 : User is logged out of session	[MsgId: MMSG-17999]
    2023-06-12 22:30:04.435 : Found Seat Type : Coach, Seat Pref : None	[MsgId: MMSG-17999]
    2023-06-12 22:30:14.767 : Flights found : 253;852;06/15/2023 and 523;852;06/12/2023	[MsgId: MMSG-17999]
    2023-06-12 22:30:14.767 : Sity depart : London, Sity arrive : Portland	[MsgId: MMSG-17999]
    2023-06-12 22:30:20.731 : Booking is complect	[MsgId: MMSG-17999]
  2023-06-12 22:30:22.474 : IterationNum=9	[MsgId: MMSG-17999]
   USER 9 = user17:pwd17	[MsgId: MMSG-17999]
    2023-06-12 22:30:26.130 : Found Seat Type : First, Seat Pref : Aisle	[MsgId: MMSG-17999]
    2023-06-12 22:30:26.471 : Start page is opened	[MsgId: MMSG-17999]
    2023-06-12 22:30:27.723 : Go to Home Page is complete	[MsgId: MMSG-17999]
    2023-06-12 22:30:30.568 : User is logged in with session 136621.387282301HAcHtzcpzAiDDDDDtcVztpHHfzf	[MsgId: MMSG-17999]
    2023-06-12 22:30:32.451 : Booking is created : 164457088-110063-up	[MsgId: MMSG-17999]
    2023-06-12 22:30:34.779 : Search page opened	[MsgId: MMSG-17999]
    2023-06-12 22:30:44.768 : Booking (164457088-110063-up) is deleted	[MsgId: MMSG-17999]
    2023-06-12 22:30:44.777 : Booking is complect	[MsgId: MMSG-17999]
    2023-06-12 22:30:50.412 : Go to Home Page is complete	[MsgId: MMSG-17999]
    2023-06-12 22:30:51.070 : User is logged out of session	[MsgId: MMSG-17999]
    2023-06-12 22:30:53.400 : Flights found : 602;191;06/15/2023 and 063;165;06/12/2023	[MsgId: MMSG-17999]
    2023-06-12 22:30:53.400 : Sity depart : San Francisco, Sity arrive : Denver	[MsgId: MMSG-17999]
    2023-06-12 22:30:55.463 : Booking is created : 206305698-1171669-up	[MsgId: MMSG-17999]
  2023-06-12 22:31:02.620 : IterationNum=16	[MsgId: MMSG-17999]
   USER 16 = user5:pwd5	[MsgId: MMSG-17999]
    2023-06-12 22:31:02.714 : Start page is opened	[MsgId: MMSG-17999]
    2023-06-12 22:31:08.371 : Booking (206305698-1171669-up) is deleted	[MsgId: MMSG-17999]
    2023-06-12 22:31:08.736 : Found Seat Type : Coach, Seat Pref : Window	[MsgId: MMSG-17999]
    2023-06-12 22:31:09.181 : User is logged in with session 136621.390198461HAcHtzcpHfiDDDDDtcVztpHHzff	[MsgId: MMSG-17999]
    2023-06-12 22:31:13.586 : Search page opened	[MsgId: MMSG-17999]
    2023-06-12 22:31:14.332 : User is logged out of session	[MsgId: MMSG-17999]
  2023-06-12 22:31:22.505 : IterationNum=6	[MsgId: MMSG-17999]
   USER 6 = user23:pwd23	[MsgId: MMSG-17999]
    2023-06-12 22:31:22.597 : Start page is opened	[MsgId: MMSG-17999]
    2023-06-12 22:31:26.174 : Booking is complect	[MsgId: MMSG-17999]
    2023-06-12 22:31:26.562 : User is logged in with session 136621.39181855HAcHtzcpitVzzzzHtcVztpHHHAf	[MsgId: MMSG-17999]
    2023-06-12 22:31:31.464 : Search page opened	[MsgId: MMSG-17999]
    2023-06-12 22:31:32.676 : Flights found : 652;71;06/15/2023 and 560;75;06/12/2023	[MsgId: MMSG-17999]
    2023-06-12 22:31:32.676 : Sity depart : San Francisco, Sity arrive : Portland	[MsgId: MMSG-17999]
    2023-06-12 22:31:33.031 : Go to Home Page is complete	[MsgId: MMSG-17999]
    2023-06-12 22:31:37.649 : Booking is created : 302985266-81796-up	[MsgId: MMSG-17999]
    2023-06-12 22:31:42.276 : Found Seat Type : Coach, Seat Pref : Window	[MsgId: MMSG-17999]
    2023-06-12 22:31:46.121 : Flights found : 130;472;06/15/2023 and 313;268;06/12/2023	[MsgId: MMSG-17999]
    2023-06-12 22:31:46.121 : Sity depart : Frankfurt, Sity arrive : Los Angeles	[MsgId: MMSG-17999]
    2023-06-12 22:31:49.896 : Booking (302985266-81796-up) is deleted	[MsgId: MMSG-17999]
    2023-06-12 22:31:53.848 : User is logged out of session	[MsgId: MMSG-17999]
    2023-06-12 22:31:56.728 : Found Seat Type : Business, Seat Pref : Aisle	[MsgId: MMSG-17999]
    2023-06-12 22:32:01.648 : Booking is complect	[MsgId: MMSG-17999]
  2023-06-12 22:32:02.522 : IterationNum=13	[MsgId: MMSG-17999]
   USER 13 = user11:pwd11	[MsgId: MMSG-17999]
    2023-06-12 22:32:03.301 : Start page is opened	[MsgId: MMSG-17999]
    2023-06-12 22:32:07.670 : Go to Home Page is complete	[MsgId: MMSG-17999]
    2023-06-12 22:32:08.613 : User is logged in with session 136621.395139733HAcHtzDpAVcftcVztpHHiAHf	[MsgId: MMSG-17999]
    2023-06-12 22:32:08.654 : Booking is complect	[MsgId: MMSG-17999]
    2023-06-12 22:32:13.326 : Booking is created : 35039454-120011-up	[MsgId: MMSG-17999]
    2023-06-12 22:32:13.698 : Search page opened	[MsgId: MMSG-17999]
    2023-06-12 22:32:13.917 : Go to Home Page is complete	[MsgId: MMSG-17999]
    2023-06-12 22:32:21.438 : Booking is created : 251115943-101056-up	[MsgId: MMSG-17999]
  2023-06-12 22:32:22.522 : IterationNum=3	[MsgId: MMSG-17999]
   USER 3 = user26:pwd26	[MsgId: MMSG-17999]
    2023-06-12 22:32:25.492 : Booking (35039454-120011-up) is deleted	[MsgId: MMSG-17999]
    2023-06-12 22:32:26.358 : Start page is opened	[MsgId: MMSG-17999]
    2023-06-12 22:32:30.458 : User is logged out of session	[MsgId: MMSG-17999]
    2023-06-12 22:32:31.026 : Flights found : 471;773;06/15/2023 and 741;773;06/12/2023	[MsgId: MMSG-17999]
    2023-06-12 22:32:31.026 : Sity depart : Paris, Sity arrive : Seattle	[MsgId: MMSG-17999]
    2023-06-12 22:32:31.451 : User is logged in with session 136621.397002835HAcHtzDpVAiDDDDDtcVztpHHizf	[MsgId: MMSG-17999]
    2023-06-12 22:32:33.566 : Booking (251115943-101056-up) is deleted	[MsgId: MMSG-17999]
    2023-06-12 22:32:37.703 : Search page opened	[MsgId: MMSG-17999]
    2023-06-12 22:32:39.397 : User is logged out of session	[MsgId: MMSG-17999]
    2023-06-12 22:32:44.419 : Found Seat Type : Business, Seat Pref : Window	[MsgId: MMSG-17999]
    2023-06-12 22:32:53.729 : Flights found : 281;2407;06/15/2023 and 822;2554;06/12/2023	[MsgId: MMSG-17999]
    2023-06-12 22:32:53.730 : Sity depart : London, Sity arrive : Sydney	[MsgId: MMSG-17999]
    2023-06-12 22:32:58.253 : Booking is complect	[MsgId: MMSG-17999]
    2023-06-12 22:33:02.340 : Found Seat Type : First, Seat Pref : Aisle	[MsgId: MMSG-17999]
  2023-06-12 22:33:02.479 : IterationNum=10	[MsgId: MMSG-17999]
   USER 10 = user17:pwd17	[MsgId: MMSG-17999]
    2023-06-12 22:33:02.573 : Start page is opened	[MsgId: MMSG-17999]
    2023-06-12 22:33:06.519 : User is logged in with session 136621.399918996HAcHtzDpcfiDDDDDtcVztpHHQff	[MsgId: MMSG-17999]
    2023-06-12 22:33:11.765 : Go to Home Page is complete	[MsgId: MMSG-17999]
    2023-06-12 22:33:17.800 : Search page opened	[MsgId: MMSG-17999]
    2023-06-12 22:33:19.128 : Booking is created : 164461917-1339349-up	[MsgId: MMSG-17999]
    2023-06-12 22:33:20.180 : Booking is complect	[MsgId: MMSG-17999]
    2023-06-12 22:33:24.694 : Go to Home Page is complete	[MsgId: MMSG-17999]
    2023-06-12 22:33:29.720 : Booking is created : 3659363422-1401920-up	[MsgId: MMSG-17999]
    2023-06-12 22:33:32.738 : Flights found : 540;1165;06/15/2023 and 450;1165;06/12/2023	[MsgId: MMSG-17999]
    2023-06-12 22:33:32.738 : Sity depart : Portland, Sity arrive : Paris	[MsgId: MMSG-17999]
    2023-06-12 22:33:32.744 : Booking (164461917-1339349-up) is deleted	[MsgId: MMSG-17999]
    2023-06-12 22:33:39.009 : User is logged out of session	[MsgId: MMSG-17999]
    2023-06-12 22:33:39.514 : Booking (3659363422-1401920-up) is deleted	[MsgId: MMSG-17999]
    2023-06-12 22:33:41.620 : Found Seat Type : First, Seat Pref : None	[MsgId: MMSG-17999]
  2023-06-12 22:33:42.626 : IterationNum=17	[MsgId: MMSG-17999]
   USER 17 = user5:pwd5	[MsgId: MMSG-17999]
    2023-06-12 22:33:42.719 : Start page is opened	[MsgId: MMSG-17999]
    2023-06-12 22:33:45.504 : User is logged out of session	[MsgId: MMSG-17999]
    2023-06-12 22:33:48.908 : User is logged in with session 136621.403159174HAcHtzDptcftcVztpHiAff	[MsgId: MMSG-17999]
    2023-06-12 22:33:57.069 : Search page opened	[MsgId: MMSG-17999]
    2023-06-12 22:34:01.869 : Booking is complect	[MsgId: MMSG-17999]
  2023-06-12 22:34:02.508 : IterationNum=7	[MsgId: MMSG-17999]
   USER 7 = user23:pwd23	[MsgId: MMSG-17999]
    2023-06-12 22:34:02.602 : Start page is opened	[MsgId: MMSG-17999]
    2023-06-12 22:34:06.084 : Go to Home Page is complete	[MsgId: MMSG-17999]
    2023-06-12 22:34:08.742 : User is logged in with session 136621.404779263HAcHtzDpfAiDDDDDtcVztpHiVAf	[MsgId: MMSG-17999]
    2023-06-12 22:34:10.252 : Flights found : 983;1273;06/15/2023 and 892;1471;06/12/2023	[MsgId: MMSG-17999]
    2023-06-12 22:34:10.252 : Sity depart : Zurich, Sity arrive : Sydney	[MsgId: MMSG-17999]
    2023-06-12 22:34:12.464 : Booking is created : 3029829672-1115563-up	[MsgId: MMSG-17999]
    2023-06-12 22:34:15.203 : Search page opened	[MsgId: MMSG-17999]
    2023-06-12 22:34:22.239 : Booking (3029829672-1115563-up) is deleted	[MsgId: MMSG-17999]
    2023-06-12 22:34:24.570 : Found Seat Type : Business, Seat Pref : Aisle	[MsgId: MMSG-17999]
    2023-06-12 22:34:27.426 : User is logged out of session	[MsgId: MMSG-17999]
    2023-06-12 22:34:29.817 : Flights found : 141;214;06/15/2023 and 411;214;06/12/2023	[MsgId: MMSG-17999]
    2023-06-12 22:34:29.817 : Sity depart : Frankfurt, Sity arrive : Paris	[MsgId: MMSG-17999]
    2023-06-12 22:34:38.276 : Found Seat Type : First, Seat Pref : Window	[MsgId: MMSG-17999]
    2023-06-12 22:34:38.318 : Booking is complect	[MsgId: MMSG-17999]
  2023-06-12 22:34:42.528 : IterationNum=14	[MsgId: MMSG-17999]
   USER 14 = user11:pwd11	[MsgId: MMSG-17999]
    2023-06-12 22:34:48.903 : Start page is opened	[MsgId: MMSG-17999]
    2023-06-12 22:34:49.753 : Go to Home Page is complete	[MsgId: MMSG-17999]
    2023-06-12 22:34:53.409 : User is logged in with session 136621.408505468HAcHtzDpHtcVztpHicc	[MsgId: MMSG-17999]
    2023-06-12 22:34:53.949 : Booking is complect	[MsgId: MMSG-17999]
    2023-06-12 22:34:54.507 : Booking is created : 3504067824-1455595-up	[MsgId: MMSG-17999]
    2023-06-12 22:34:59.649 : Search page opened	[MsgId: MMSG-17999]
    2023-06-12 22:34:59.993 : Go to Home Page is complete	[MsgId: MMSG-17999]
  2023-06-12 22:35:02.525 : IterationNum=4	[MsgId: MMSG-17999]
   USER 4 = user27:pwd27	[MsgId: MMSG-17999]
    2023-06-12 22:35:02.619 : Start page is opened	[MsgId: MMSG-17999]
    2023-06-12 22:35:05.079 : Booking is created : 251116341-108571-up	[MsgId: MMSG-17999]
    2023-06-12 22:35:08.539 : Booking (3504067824-1455595-up) is deleted	[MsgId: MMSG-17999]
    2023-06-12 22:35:12.549 : User is logged in with session 136621.40963953HAcHtzDpHfiDDDDDtcVztpHicff	[MsgId: MMSG-17999]
    2023-06-12 22:35:14.454 : User is logged out of session	[MsgId: MMSG-17999]
    2023-06-12 22:35:16.149 : Booking (251116341-108571-up) is deleted	[MsgId: MMSG-17999]
    2023-06-12 22:35:16.765 : Search page opened	[MsgId: MMSG-17999]
    2023-06-12 22:35:17.243 : Flights found : 243;89;06/15/2023 and 422;102;06/12/2023	[MsgId: MMSG-17999]
    2023-06-12 22:35:17.243 : Sity depart : London, Sity arrive : Paris	[MsgId: MMSG-17999]
    2023-06-12 22:35:20.912 : User is logged out of session	[MsgId: MMSG-17999]
    2023-06-12 22:35:25.617 : Found Seat Type : Coach, Seat Pref : Aisle	[MsgId: MMSG-17999]
    2023-06-12 22:35:33.503 : Flights found : 522;761;06/15/2023 and 251;717;06/12/2023	[MsgId: MMSG-17999]
    2023-06-12 22:35:33.503 : Sity depart : Portland, Sity arrive : London	[MsgId: MMSG-17999]
  2023-06-12 22:35:42.491 : IterationNum=11	[MsgId: MMSG-17999]
   USER 11 = user17:pwd17	[MsgId: MMSG-17999]
    2023-06-12 22:35:42.585 : Start page is opened	[MsgId: MMSG-17999]
    2023-06-12 22:35:43.981 : Booking is complect	[MsgId: MMSG-17999]
    2023-06-12 22:35:45.319 : Found Seat Type : Business, Seat Pref : None	[MsgId: MMSG-17999]
    2023-06-12 22:35:48.836 : User is logged in with session 136621.412879708HAcHtzDpQcftcVztpHiDff	[MsgId: MMSG-17999]
    2023-06-12 22:35:49.119 : Go to Home Page is complete	[MsgId: MMSG-17999]
    2023-06-12 22:35:53.329 : Search page opened	[MsgId: MMSG-17999]
    2023-06-12 22:35:56.586 : Booking is created : 16445347-109399-up	[MsgId: MMSG-17999]
    2023-06-12 22:36:00.450 : Booking is complect	[MsgId: MMSG-17999]
    2023-06-12 22:36:05.402 : Go to Home Page is complete	[MsgId: MMSG-17999]
    2023-06-12 22:36:07.032 : Booking (16445347-109399-up) is deleted	[MsgId: MMSG-17999]
    2023-06-12 22:36:08.632 : Flights found : 811;1086;06/15/2023 and 182;1153;06/12/2023	[MsgId: MMSG-17999]
    2023-06-12 22:36:08.632 : Sity depart : Sydney, Sity arrive : Frankfurt	[MsgId: MMSG-17999]
    2023-06-12 22:36:10.119 : Booking is created : 131130472-962421-up	[MsgId: MMSG-17999]
    2023-06-12 22:36:11.978 : User is logged out of session	[MsgId: MMSG-17999]
    2023-06-12 22:36:20.696 : Found Seat Type : Coach, Seat Pref : Window	[MsgId: MMSG-17999]
  2023-06-12 22:36:22.633 : IterationNum=18	[MsgId: MMSG-17999]
   USER 18 = user5:pwd5	[MsgId: MMSG-17999]
    2023-06-12 22:36:25.482 : Booking (131130472-962421-up) is deleted	[MsgId: MMSG-17999]
    2023-06-12 22:36:26.165 : Start page is opened	[MsgId: MMSG-17999]
    2023-06-12 22:36:30.522 : User is logged in with session 136621.416443904HAcHtztpVAiDDDDDtcVztpHitzf	[MsgId: MMSG-17999]
    2023-06-12 22:36:30.960 : User is logged out of session	[MsgId: MMSG-17999]
    2023-06-12 22:36:34.758 : Booking is complect	[MsgId: MMSG-17999]
    2023-06-12 22:36:34.968 : Search page opened	[MsgId: MMSG-17999]
    2023-06-12 22:36:39.165 : Go to Home Page is complete	[MsgId: MMSG-17999]
  2023-06-12 22:36:42.515 : IterationNum=8	[MsgId: MMSG-17999]
   USER 8 = user23:pwd23	[MsgId: MMSG-17999]
    2023-06-12 22:36:43.865 : Booking is created : 3029930040-909403-up	[MsgId: MMSG-17999]
    2023-06-12 22:36:45.264 : Start page is opened	[MsgId: MMSG-17999]
    2023-06-12 22:36:49.220 : User is logged in with session 136621.417982989HAcHtztpViHftcVztpHifVcf	[MsgId: MMSG-17999]
    2023-06-12 22:36:49.958 : Flights found : 893;1647;06/15/2023 and 981;1793;06/12/2023	[MsgId: MMSG-17999]
    2023-06-12 22:36:49.958 : Sity depart : Sydney, Sity arrive : Zurich	[MsgId: MMSG-17999]
    2023-06-12 22:36:54.539 : Search page opened	[MsgId: MMSG-17999]
    2023-06-12 22:36:55.372 : Booking (3029930040-909403-up) is deleted	[MsgId: MMSG-17999]
    2023-06-12 22:36:58.779 : Found Seat Type : First, Seat Pref : Window	[MsgId: MMSG-17999]
    2023-06-12 22:37:00.479 : User is logged out of session	[MsgId: MMSG-17999]
    2023-06-12 22:37:13.226 : Booking is complect	[MsgId: MMSG-17999]
    2023-06-12 22:37:13.226 : Flights found : 562;134;06/15/2023 and 651;126;06/12/2023	[MsgId: MMSG-17999]
    2023-06-12 22:37:13.226 : Sity depart : Portland, Sity arrive : San Francisco	[MsgId: MMSG-17999]
    2023-06-12 22:37:18.255 : Go to Home Page is complete	[MsgId: MMSG-17999]
    2023-06-12 22:37:21.526 : Found Seat Type : First, Seat Pref : Window	[MsgId: MMSG-17999]
  2023-06-12 22:37:22.533 : IterationNum=15	[MsgId: MMSG-17999]
   USER 15 = user11:pwd11	[MsgId: MMSG-17999]
    2023-06-12 22:37:22.627 : Start page is opened	[MsgId: MMSG-17999]
    2023-06-12 22:37:23.409 : Booking is created : 3504034505-1524110-up	[MsgId: MMSG-17999]
    2023-06-12 22:37:32.720 : User is logged in with session 136621.420980154HAcHtztpDtVzzzzHtcVztpHizAf	[MsgId: MMSG-17999]
    2023-06-12 22:37:38.558 : Booking is complect	[MsgId: MMSG-17999]
    2023-06-12 22:37:38.590 : Booking (3504034505-1524110-up) is deleted	[MsgId: MMSG-17999]
    2023-06-12 22:37:42.480 : Search page opened	[MsgId: MMSG-17999]
  2023-06-12 22:37:42.528 : IterationNum=5	[MsgId: MMSG-17999]
   USER 5 = user28:pwd28	[MsgId: MMSG-17999]
    2023-06-12 22:37:43.214 : Start page is opened	[MsgId: MMSG-17999]
    2023-06-12 22:37:44.449 : Go to Home Page is complete	[MsgId: MMSG-17999]
    2023-06-12 22:37:44.902 : User is logged out of session	[MsgId: MMSG-17999]
    2023-06-12 22:37:48.546 : Booking is created : 251131930-127020-up	[MsgId: MMSG-17999]
    2023-06-12 22:37:49.354 : User is logged in with session 136621.422681247HAcHtztptcQVzzzHtcVztpHizfHf	[MsgId: MMSG-17999]
    2023-06-12 22:37:56.561 : Flights found : 010;723;06/15/2023 and 101;644;06/12/2023	[MsgId: MMSG-17999]
    2023-06-12 22:37:56.562 : Sity depart : Denver, Sity arrive : Frankfurt	[MsgId: MMSG-17999]
    2023-06-12 22:37:56.673 : Search page opened	[MsgId: MMSG-17999]
    2023-06-12 22:38:01.578 : Booking (251131930-127020-up) is deleted	[MsgId: MMSG-17999]
    2023-06-12 22:38:06.958 : User is logged out of session	[MsgId: MMSG-17999]
    2023-06-12 22:38:07.554 : Found Seat Type : First, Seat Pref : Window	[MsgId: MMSG-17999]
    2023-06-12 22:38:10.187 : Flights found : 893;878;06/15/2023 and 981;956;06/12/2023	[MsgId: MMSG-17999]
    2023-06-12 22:38:10.187 : Sity depart : Sydney, Sity arrive : Zurich	[MsgId: MMSG-17999]
    2023-06-12 22:38:21.215 : Booking is complect	[MsgId: MMSG-17999]
    2023-06-12 22:38:22.232 : Found Seat Type : Coach, Seat Pref : Aisle	[MsgId: MMSG-17999]
  2023-06-12 22:38:22.498 : IterationNum=12	[MsgId: MMSG-17999]
   USER 12 = user17:pwd17	[MsgId: MMSG-17999]
    2023-06-12 22:38:22.590 : Start page is opened	[MsgId: MMSG-17999]
    2023-06-12 22:38:25.518 : Go to Home Page is complete	[MsgId: MMSG-17999]
    2023-06-12 22:38:26.914 : User is logged in with session 136621.425840421HAcHtztpfQVzzzzHtcVztpHiHff	[MsgId: MMSG-17999]
    2023-06-12 22:38:31.159 : Search page opened	[MsgId: MMSG-17999]
    2023-06-12 22:38:31.770 : Booking is created : 164444841-847028-up	[MsgId: MMSG-17999]
    2023-06-12 22:38:38.030 : Booking is complect	[MsgId: MMSG-17999]
    2023-06-12 22:38:42.757 : Flights found : 192;187;06/15/2023 and 911;176;06/12/2023	[MsgId: MMSG-17999]
    2023-06-12 22:38:42.757 : Sity depart : Frankfurt, Sity arrive : Zurich	[MsgId: MMSG-17999]
    2023-06-12 22:38:42.797 : Booking (164444841-847028-up) is deleted	[MsgId: MMSG-17999]
    2023-06-12 22:38:42.872 : Go to Home Page is complete	[MsgId: MMSG-17999]
    2023-06-12 22:38:46.814 : Booking is created : 103736810-1523987-up	[MsgId: MMSG-17999]
    2023-06-12 22:38:48.839 : User is logged out of session	[MsgId: MMSG-17999]
    2023-06-12 22:38:50.532 : Found Seat Type : Coach, Seat Pref : Window	[MsgId: MMSG-17999]
    2023-06-12 22:38:54.579 : Booking (103736810-1523987-up) is deleted	[MsgId: MMSG-17999]
    2023-06-12 22:38:58.751 : User is logged out of session	[MsgId: MMSG-17999]
  2023-06-12 22:39:02.638 : IterationNum=19	[MsgId: MMSG-17999]
   USER 19 = user5:pwd5	[MsgId: MMSG-17999]
    2023-06-12 22:39:02.746 : Start page is opened	[MsgId: MMSG-17999]
    2023-06-12 22:39:03.644 : Booking is complect	[MsgId: MMSG-17999]
    2023-06-12 22:39:08.400 : Go to Home Page is complete	[MsgId: MMSG-17999]
    2023-06-12 22:39:08.758 : User is logged in with session 136621.429080599HAcHtztpHfiDDDDDtcVztpHiiff	[MsgId: MMSG-17999]
    2023-06-12 22:39:12.723 : Search page opened	[MsgId: MMSG-17999]
    2023-06-12 22:39:12.724 : Booking is created : 302970081-147027-up	[MsgId: MMSG-17999]
    2023-06-12 22:39:21.638 : Booking (302970081-147027-up) is deleted	[MsgId: MMSG-17999]
    2023-06-12 22:39:26.644 : User is logged out of session	[MsgId: MMSG-17999]
    2023-06-12 22:39:29.294 : Flights found : 372;310;06/15/2023 and 732;310;06/12/2023	[MsgId: MMSG-17999]
    2023-06-12 22:39:29.294 : Sity depart : Los Angeles, Sity arrive : Seattle	[MsgId: MMSG-17999]
    2023-06-12 22:39:38.819 : Found Seat Type : First, Seat Pref : None	[MsgId: MMSG-17999]
    2023-06-12 22:39:54.061 : Booking is complect	[MsgId: MMSG-17999]
    2023-06-12 22:39:58.996 : Go to Home Page is complete	[MsgId: MMSG-17999]
    2023-06-12 22:40:05.193 : Booking is created : 350384159-133278-up	[MsgId: MMSG-17999]
    2023-06-12 22:40:14.946 : Booking (350384159-133278-up) is deleted	[MsgId: MMSG-17999]
    2023-06-12 22:40:19.876 : User is logged out of session	[MsgId: MMSG-17999]
