  2023-06-17 00:10:08.036 : IterationNum=1	[MsgId: MMSG-17999]
   USER 1 = jojo:bean	[MsgId: MMSG-17999]
    2023-06-17 00:10:08.285 : Start page is opened	[MsgId: MMSG-17999]
    2023-06-17 00:10:13.944 : User is logged in with session 136649.866990684HAciQcHpfDDDDDDDtcVHDpfzfc	[MsgId: MMSG-17999]
    2023-06-17 00:10:19.265 : Search page opened	[MsgId: MMSG-17999]
    2023-06-17 00:10:34.745 : Flights found : 260;850;06/20/2023 and 621;757;06/17/2023	[MsgId: MMSG-17999]
    2023-06-17 00:10:34.745 : Sity depart : London, Sity arrive : San Francisco	[MsgId: MMSG-17999]
    2023-06-17 00:10:43.708 : Found Seat Type : Business, Seat Pref : Aisle	[MsgId: MMSG-17999]
    2023-06-17 00:10:57.302 : Booking is complect	[MsgId: MMSG-17999]
    2023-06-17 00:11:01.200 : Go to Home Page is complete	[MsgId: MMSG-17999]
    2023-06-17 00:11:05.874 : Booking is created : 308898550-1247046-jb	[MsgId: MMSG-17999]
    2023-06-17 00:11:14.257 : Booking (308898550-1247046-jb) is deleted	[MsgId: MMSG-17999]
  2023-06-17 00:11:17.737 : IterationNum=1	[MsgId: MMSG-17999]
   USER 1 = user7:pwd7	[MsgId: MMSG-17999]
    2023-06-17 00:11:17.822 : Start page is opened	[MsgId: MMSG-17999]
    2023-06-17 00:11:19.671 : User is logged out of session	[MsgId: MMSG-17999]
    2023-06-17 00:11:23.081 : User is logged in with session 136649.872579992HAciQcHpicAiDDDDtcVHDpfzzQcf	[MsgId: MMSG-17999]
    2023-06-17 00:11:28.287 : Search page opened	[MsgId: MMSG-17999]
    2023-06-17 00:11:44.473 : Flights found : 861;950;06/20/2023 and 680;1067;06/17/2023	[MsgId: MMSG-17999]
    2023-06-17 00:11:44.473 : Sity depart : Sydney, Sity arrive : San Francisco	[MsgId: MMSG-17999]
    2023-06-17 00:11:56.840 : Found Seat Type : Business, Seat Pref : Aisle	[MsgId: MMSG-17999]
    2023-06-17 00:12:08.284 : Booking is complect	[MsgId: MMSG-17999]
    2023-06-17 00:12:13.326 : Go to Home Page is complete	[MsgId: MMSG-17999]
    2023-06-17 00:12:19.127 : Booking is created : 76698590-1292462-up	[MsgId: MMSG-17999]
  2023-06-17 00:12:27.737 : IterationNum=1	[MsgId: MMSG-17999]
   USER 1 = user14:pwd14	[MsgId: MMSG-17999]
    2023-06-17 00:12:27.827 : Start page is opened	[MsgId: MMSG-17999]
    2023-06-17 00:12:28.785 : Booking (76698590-1292462-up) is deleted	[MsgId: MMSG-17999]
    2023-06-17 00:12:33.532 : User is logged in with session 136649.878250304HAciQcipVVcftcVHDpfzizHf	[MsgId: MMSG-17999]
    2023-06-17 00:12:33.719 : User is logged out of session	[MsgId: MMSG-17999]
    2023-06-17 00:12:38.511 : Search page opened	[MsgId: MMSG-17999]
    2023-06-17 00:12:52.445 : Flights found : 601;338;06/20/2023 and 063;310;06/17/2023	[MsgId: MMSG-17999]
    2023-06-17 00:12:52.445 : Sity depart : San Francisco, Sity arrive : Denver	[MsgId: MMSG-17999]
    2023-06-17 00:13:04.270 : Found Seat Type : First, Seat Pref : None	[MsgId: MMSG-17999]
    2023-06-17 00:13:19.014 : Booking is complect	[MsgId: MMSG-17999]
    2023-06-17 00:13:24.638 : Go to Home Page is complete	[MsgId: MMSG-17999]
    2023-06-17 00:13:29.209 : Booking is created : 320022271-81819-up	[MsgId: MMSG-17999]
