  2023-06-11 01:17:16.145 : IterationNum=1	[MsgId: MMSG-17999]
   USER 1 = user60:pwd60	[MsgId: MMSG-17999]
    2023-06-11 01:17:16.234 : Start page is opened	[MsgId: MMSG-17999]
    2023-06-11 01:17:21.369 : User is logged in with session 136608.200567031HAczHitpDVzzzzzHtcVzApHAfQ	[MsgId: MMSG-17999]
    2023-06-11 01:17:26.496 : Search page opened	[MsgId: MMSG-17999]
           ERROR : Sity depart : Sydney Sity arrive : Sydney	[MsgId: MMSG-17999]
           ERROR FIXED : Sity depart : Sydney Sity arrive : London	[MsgId: MMSG-17999]
    2023-06-11 01:17:41.545 : Flights found : 821;2407;06/14/2023 and 281;2407;06/11/2023	[MsgId: MMSG-17999]
    2023-06-11 01:17:41.545 : Sity depart : Sydney, Sity arrive : London	[MsgId: MMSG-17999]
    2023-06-11 01:17:51.606 : Found Seat Type : First, Seat Pref : Window	[MsgId: MMSG-17999]
    2023-06-11 01:18:06.660 : Booking is complect	[MsgId: MMSG-17999]
    2023-06-11 01:18:11.801 : Go to Home Page is complete	[MsgId: MMSG-17999]
    2023-06-11 01:18:16.938 : Booking is created : 570674533-985754-up	[MsgId: MMSG-17999]
    2023-06-11 01:18:26.995 : Booking (570674533-985754-up) is deleted	[MsgId: MMSG-17999]
    2023-06-11 01:18:32.139 : User is logged out of session	[MsgId: MMSG-17999]
  2023-06-11 01:18:32.139 : IterationNum=2	[MsgId: MMSG-17999]
   USER 2 = user61:pwd61	[MsgId: MMSG-17999]
    2023-06-11 01:18:32.228 : Start page is opened	[MsgId: MMSG-17999]
    2023-06-11 01:18:37.366 : User is logged in with session 136608.20672337HAczHitpzDDDDDDDtcVzApHAHi	[MsgId: MMSG-17999]
    2023-06-11 01:18:42.502 : Search page opened	[MsgId: MMSG-17999]
    2023-06-11 01:18:57.551 : Flights found : 783;656;06/14/2023 and 873;656;06/11/2023	[MsgId: MMSG-17999]
    2023-06-11 01:18:57.551 : Sity depart : Seattle, Sity arrive : Sydney	[MsgId: MMSG-17999]
    2023-06-11 01:19:07.598 : Found Seat Type : Coach, Seat Pref : None	[MsgId: MMSG-17999]
    2023-06-11 01:19:22.657 : Booking is complect	[MsgId: MMSG-17999]
    2023-06-11 01:19:27.791 : Go to Home Page is complete	[MsgId: MMSG-17999]
    2023-06-11 01:19:32.920 : Booking is created : 262621616-1440870-up	[MsgId: MMSG-17999]
    2023-06-11 01:19:42.979 : Booking (262621616-1440870-up) is deleted	[MsgId: MMSG-17999]
    2023-06-11 01:19:48.115 : User is logged out of session	[MsgId: MMSG-17999]
