  2023-06-15 00:21:33.335 : IterationNum=1	[MsgId: MMSG-17999]
   USER 1 = user31:pwd31	[MsgId: MMSG-17999]
    2023-06-15 00:21:33.443 : Start page is opened	[MsgId: MMSG-17999]
    2023-06-15 00:21:39.608 : User is logged in with session 136635.92490887HAcicVApDiHftcVzQpczcDcf	[MsgId: MMSG-17999]
  2023-06-15 00:21:43.128 : IterationNum=1	[MsgId: MMSG-17999]
   USER 1 = user34:pwd34	[MsgId: MMSG-17999]
    2023-06-15 00:21:43.221 : Start page is opened	[MsgId: MMSG-17999]
    2023-06-15 00:21:44.918 : Search page opened	[MsgId: MMSG-17999]
           ERROR : Sity depart : Los Angeles Sity arrive : Los Angeles	[MsgId: MMSG-17999]
           ERROR FIXED : Sity depart : Los Angeles Sity arrive : Denver	[MsgId: MMSG-17999]
    2023-06-15 00:21:47.732 : User is logged in with session 136635.925718915HAcicVAptcQVzzzHtcVzQpczcfHf	[MsgId: MMSG-17999]
    2023-06-15 00:21:52.096 : Search page opened	[MsgId: MMSG-17999]
    2023-06-15 00:21:59.530 : Flights found : 303;386;06/18/2023 and 030;472;06/15/2023	[MsgId: MMSG-17999]
    2023-06-15 00:21:59.531 : Sity depart : Los Angeles, Sity arrive : Denver	[MsgId: MMSG-17999]
    2023-06-15 00:22:05.925 : Flights found : 652;134;06/18/2023 and 563;116;06/15/2023	[MsgId: MMSG-17999]
    2023-06-15 00:22:05.926 : Sity depart : San Francisco, Sity arrive : Portland	[MsgId: MMSG-17999]
    2023-06-15 00:22:08.365 : Found Seat Type : First, Seat Pref : None	[MsgId: MMSG-17999]
    2023-06-15 00:22:14.743 : User is logged out of session	[MsgId: MMSG-17999]
    2023-06-15 00:22:17.206 : Found Seat Type : First, Seat Pref : Aisle	[MsgId: MMSG-17999]
    2023-06-15 00:22:22.954 : User is logged out of session	[MsgId: MMSG-17999]
  2023-06-15 00:27:33.350 : IterationNum=2	[MsgId: MMSG-17999]
   USER 2 = user32:pwd32	[MsgId: MMSG-17999]
    2023-06-15 00:27:33.443 : Start page is opened	[MsgId: MMSG-17999]
    2023-06-15 00:27:38.268 : User is logged in with session 136635.954070474HAcicVVpiiHftcVzQpcHVDcf	[MsgId: MMSG-17999]
    2023-06-15 00:27:42.681 : Search page opened	[MsgId: MMSG-17999]
           ERROR : Sity depart : San Francisco Sity arrive : San Francisco	[MsgId: MMSG-17999]
           ERROR FIXED : Sity depart : San Francisco Sity arrive : San Francisco	[MsgId: MMSG-17999]
           ERROR FIXED : Sity depart : San Francisco Sity arrive : Frankfurt	[MsgId: MMSG-17999]
  2023-06-15 00:27:43.132 : IterationNum=2	[MsgId: MMSG-17999]
   USER 2 = user35:pwd35	[MsgId: MMSG-17999]
    2023-06-15 00:27:43.225 : Start page is opened	[MsgId: MMSG-17999]
    2023-06-15 00:27:49.172 : User is logged in with session 136635.954880518HAcicVVpQcQVzzzHtcVzQpcHVfHf	[MsgId: MMSG-17999]
    2023-06-15 00:27:54.007 : Flights found : 613;511;06/18/2023 and 163;511;06/15/2023	[MsgId: MMSG-17999]
    2023-06-15 00:27:54.007 : Sity depart : San Francisco, Sity arrive : Frankfurt	[MsgId: MMSG-17999]
    2023-06-15 00:27:54.624 : Search page opened	[MsgId: MMSG-17999]
    2023-06-15 00:28:02.192 : Found Seat Type : Business, Seat Pref : Window	[MsgId: MMSG-17999]
    2023-06-15 00:28:07.294 : Flights found : 542;852;06/18/2023 and 451;802;06/15/2023	[MsgId: MMSG-17999]
    2023-06-15 00:28:07.294 : Sity depart : Portland, Sity arrive : Paris	[MsgId: MMSG-17999]
    2023-06-15 00:28:08.582 : User is logged out of session	[MsgId: MMSG-17999]
    2023-06-15 00:28:17.259 : Found Seat Type : Business, Seat Pref : None	[MsgId: MMSG-17999]
    2023-06-15 00:28:22.073 : User is logged out of session	[MsgId: MMSG-17999]
  2023-06-15 00:33:33.356 : IterationNum=3	[MsgId: MMSG-17999]
   USER 3 = user33:pwd33	[MsgId: MMSG-17999]
    2023-06-15 00:33:33.450 : Start page is opened	[MsgId: MMSG-17999]
    2023-06-15 00:33:39.218 : User is logged in with session 136635.983232078HAcicVDpDiHftcVzQpciADcf	[MsgId: MMSG-17999]
  2023-06-15 00:33:43.146 : IterationNum=3	[MsgId: MMSG-17999]
   USER 3 = user36:pwd36	[MsgId: MMSG-17999]
    2023-06-15 00:33:43.239 : Start page is opened	[MsgId: MMSG-17999]
    2023-06-15 00:33:44.839 : Search page opened	[MsgId: MMSG-17999]
    2023-06-15 00:33:49.264 : User is logged in with session 136635.984042122HAcicVDptcQVzzzHtcVzQpciAfHf	[MsgId: MMSG-17999]
    2023-06-15 00:33:55.488 : Search page opened	[MsgId: MMSG-17999]
    2023-06-15 00:34:03.551 : Flights found : 652;104;06/18/2023 and 560;110;06/15/2023	[MsgId: MMSG-17999]
    2023-06-15 00:34:03.551 : Sity depart : San Francisco, Sity arrive : Portland	[MsgId: MMSG-17999]
    2023-06-15 00:34:11.343 : Flights found : 843;1169;06/18/2023 and 482;1350;06/15/2023	[MsgId: MMSG-17999]
    2023-06-15 00:34:11.343 : Sity depart : Sydney, Sity arrive : Paris	[MsgId: MMSG-17999]
    2023-06-15 00:34:13.487 : Found Seat Type : Business, Seat Pref : Window	[MsgId: MMSG-17999]
    2023-06-15 00:34:18.956 : User is logged out of session	[MsgId: MMSG-17999]
    2023-06-15 00:34:22.481 : Found Seat Type : Coach, Seat Pref : None	[MsgId: MMSG-17999]
    2023-06-15 00:34:28.620 : User is logged out of session	[MsgId: MMSG-17999]
  2023-06-15 00:39:33.357 : IterationNum=4	[MsgId: MMSG-17999]
   USER 4 = user33:pwd33	[MsgId: MMSG-17999]
    2023-06-15 00:39:33.450 : Start page is opened	[MsgId: MMSG-17999]
    2023-06-15 00:39:39.277 : User is logged in with session 136636.012393682HAcicVtpiiHftcVzQpciQDcf	[MsgId: MMSG-17999]
  2023-06-15 00:39:43.150 : IterationNum=4	[MsgId: MMSG-17999]
   USER 4 = user36:pwd36	[MsgId: MMSG-17999]
    2023-06-15 00:39:43.245 : Start page is opened	[MsgId: MMSG-17999]
    2023-06-15 00:39:43.980 : Search page opened	[MsgId: MMSG-17999]
    2023-06-15 00:39:48.990 : User is logged in with session 136636.013203726HAcicVtpQcQVzzzHtcVzQpciQfHf	[MsgId: MMSG-17999]
    2023-06-15 00:39:54.173 : Search page opened	[MsgId: MMSG-17999]
    2023-06-15 00:40:00.131 : Flights found : 281;1283;06/18/2023 and 821;1283;06/15/2023	[MsgId: MMSG-17999]
    2023-06-15 00:40:00.131 : Sity depart : London, Sity arrive : Sydney	[MsgId: MMSG-17999]
    2023-06-15 00:40:07.290 : Flights found : 070;424;06/18/2023 and 701;377;06/15/2023	[MsgId: MMSG-17999]
    2023-06-15 00:40:07.290 : Sity depart : Denver, Sity arrive : Seattle	[MsgId: MMSG-17999]
    2023-06-15 00:40:09.843 : Found Seat Type : Coach, Seat Pref : None	[MsgId: MMSG-17999]
    2023-06-15 00:40:14.232 : User is logged out of session	[MsgId: MMSG-17999]
    2023-06-15 00:40:18.161 : Found Seat Type : Business, Seat Pref : Aisle	[MsgId: MMSG-17999]
    2023-06-15 00:40:23.377 : User is logged out of session	[MsgId: MMSG-17999]
  2023-06-15 00:45:33.368 : IterationNum=5	[MsgId: MMSG-17999]
   USER 5 = user33:pwd33	[MsgId: MMSG-17999]
    2023-06-15 00:45:33.461 : Start page is opened	[MsgId: MMSG-17999]
    2023-06-15 00:45:39.169 : User is logged in with session 136636.041555286HAcicVzpDiHftcVzQpcQiDcf	[MsgId: MMSG-17999]
  2023-06-15 00:45:43.163 : IterationNum=5	[MsgId: MMSG-17999]
   USER 5 = user36:pwd36	[MsgId: MMSG-17999]
    2023-06-15 00:45:43.256 : Start page is opened	[MsgId: MMSG-17999]
    2023-06-15 00:45:44.304 : Search page opened	[MsgId: MMSG-17999]
    2023-06-15 00:45:48.812 : User is logged in with session 136636.04236533HAcicVzptcQVzzzHtcVzQpcQifHf	[MsgId: MMSG-17999]
    2023-06-15 00:45:54.999 : Search page opened	[MsgId: MMSG-17999]
    2023-06-15 00:45:56.600 : Flights found : 421;97;06/18/2023 and 241;97;06/15/2023	[MsgId: MMSG-17999]
    2023-06-15 00:45:56.600 : Sity depart : Paris, Sity arrive : London	[MsgId: MMSG-17999]
    2023-06-15 00:46:05.934 : Found Seat Type : Coach, Seat Pref : Aisle	[MsgId: MMSG-17999]
    2023-06-15 00:46:10.502 : Flights found : 391;357;06/18/2023 and 931;308;06/15/2023	[MsgId: MMSG-17999]
    2023-06-15 00:46:10.502 : Sity depart : Los Angeles, Sity arrive : Zurich	[MsgId: MMSG-17999]
    2023-06-15 00:46:11.473 : User is logged out of session	[MsgId: MMSG-17999]
    2023-06-15 00:46:18.800 : Found Seat Type : Coach, Seat Pref : None	[MsgId: MMSG-17999]
    2023-06-15 00:46:25.061 : User is logged out of session	[MsgId: MMSG-17999]
  2023-06-15 00:51:33.383 : IterationNum=6	[MsgId: MMSG-17999]
   USER 6 = user33:pwd33	[MsgId: MMSG-17999]
    2023-06-15 00:51:33.477 : Start page is opened	[MsgId: MMSG-17999]
    2023-06-15 00:51:38.298 : User is logged in with session 136636.070716889HAcicVHpiiHftcVzQpDAHDcf	[MsgId: MMSG-17999]
  2023-06-15 00:51:43.171 : IterationNum=6	[MsgId: MMSG-17999]
   USER 6 = user36:pwd36	[MsgId: MMSG-17999]
    2023-06-15 00:51:43.264 : Start page is opened	[MsgId: MMSG-17999]
    2023-06-15 00:51:44.303 : Search page opened	[MsgId: MMSG-17999]
    2023-06-15 00:51:48.625 : User is logged in with session 136636.071526934HAcicVHpQcQVzzzHtcVzQpDAHfHf	[MsgId: MMSG-17999]
    2023-06-15 00:51:54.548 : Search page opened	[MsgId: MMSG-17999]
    2023-06-15 00:51:57.801 : Flights found : 893;878;06/18/2023 and 981;956;06/15/2023	[MsgId: MMSG-17999]
    2023-06-15 00:51:57.801 : Sity depart : Sydney, Sity arrive : Zurich	[MsgId: MMSG-17999]
    2023-06-15 00:52:06.239 : Found Seat Type : Coach, Seat Pref : None	[MsgId: MMSG-17999]
    2023-06-15 00:52:10.307 : User is logged out of session	[MsgId: MMSG-17999]
    2023-06-15 00:52:12.361 : Flights found : 820;2701;06/18/2023 and 283;2210;06/15/2023	[MsgId: MMSG-17999]
    2023-06-15 00:52:12.361 : Sity depart : Sydney, Sity arrive : London	[MsgId: MMSG-17999]
    2023-06-15 00:52:20.281 : Found Seat Type : First, Seat Pref : Aisle	[MsgId: MMSG-17999]
    2023-06-15 00:52:26.421 : User is logged out of session	[MsgId: MMSG-17999]
  2023-06-15 00:57:33.191 : IterationNum=1	[MsgId: MMSG-17999]
   USER 1 = user37:pwd37	[MsgId: MMSG-17999]
    2023-06-15 00:57:33.285 : Start page is opened	[MsgId: MMSG-17999]
  2023-06-15 00:57:33.394 : IterationNum=7	[MsgId: MMSG-17999]
   USER 7 = user33:pwd33	[MsgId: MMSG-17999]
    2023-06-15 00:57:33.487 : Start page is opened	[MsgId: MMSG-17999]
    2023-06-15 00:57:38.110 : User is logged in with session 136636.099878493HAcicVQpDiHftcVzQpDVzDcf	[MsgId: MMSG-17999]
    2023-06-15 00:57:38.896 : User is logged in with session 136636.099878493HAcicVQpDiHftcVzQpDVzDcf	[MsgId: MMSG-17999]
    2023-06-15 00:57:42.962 : Search page opened	[MsgId: MMSG-17999]
  2023-06-15 00:57:43.176 : IterationNum=7	[MsgId: MMSG-17999]
   USER 7 = user36:pwd36	[MsgId: MMSG-17999]
  2023-06-15 00:57:43.208 : IterationNum=1	[MsgId: MMSG-17999]
   USER 1 = user40:pwd40	[MsgId: MMSG-17999]
    2023-06-15 00:57:43.269 : Start page is opened	[MsgId: MMSG-17999]
    2023-06-15 00:57:43.301 : Start page is opened	[MsgId: MMSG-17999]
    2023-06-15 00:57:44.938 : Search page opened	[MsgId: MMSG-17999]
    2023-06-15 00:57:48.721 : User is logged in with session 136636.100688538HAcicVQptcQVzzzHtcVzQpDVzfHf	[MsgId: MMSG-17999]
    2023-06-15 00:57:48.910 : User is logged in with session 136636.100688538HAcicVQptcQVzzzHtcVzQpDVzfHf	[MsgId: MMSG-17999]
    2023-06-15 00:57:53.264 : Search page opened	[MsgId: MMSG-17999]
    2023-06-15 00:57:53.668 : Search page opened	[MsgId: MMSG-17999]
    2023-06-15 00:57:55.334 : Flights found : 781;1339;06/18/2023 and 870;1503;06/15/2023	[MsgId: MMSG-17999]
    2023-06-15 00:57:55.334 : Sity depart : Seattle, Sity arrive : Sydney	[MsgId: MMSG-17999]
    2023-06-15 00:58:02.030 : Flights found : 943;219;06/18/2023 and 492;253;06/15/2023	[MsgId: MMSG-17999]
    2023-06-15 00:58:02.030 : Sity depart : Zurich, Sity arrive : Paris	[MsgId: MMSG-17999]
    2023-06-15 00:58:05.018 : Found Seat Type : First, Seat Pref : Aisle	[MsgId: MMSG-17999]
    2023-06-15 00:58:10.371 : Flights found : 982;1903;06/18/2023 and 893;1647;06/15/2023	[MsgId: MMSG-17999]
    2023-06-15 00:58:10.371 : Sity depart : Zurich, Sity arrive : Sydney	[MsgId: MMSG-17999]
    2023-06-15 00:58:10.394 : User is logged out of session	[MsgId: MMSG-17999]
    2023-06-15 00:58:10.733 : Flights found : 711;852;06/18/2023 and 170;957;06/15/2023	[MsgId: MMSG-17999]
    2023-06-15 00:58:10.733 : Sity depart : Seattle, Sity arrive : Frankfurt	[MsgId: MMSG-17999]
    2023-06-15 00:58:14.248 : Found Seat Type : First, Seat Pref : Window	[MsgId: MMSG-17999]
    2023-06-15 00:58:18.354 : User is logged out of session	[MsgId: MMSG-17999]
    2023-06-15 00:58:18.837 : Found Seat Type : First, Seat Pref : None	[MsgId: MMSG-17999]
    2023-06-15 00:58:20.138 : Found Seat Type : First, Seat Pref : Aisle	[MsgId: MMSG-17999]
    2023-06-15 00:58:23.969 : User is logged out of session	[MsgId: MMSG-17999]
    2023-06-15 00:58:24.843 : User is logged out of session	[MsgId: MMSG-17999]
  2023-06-15 01:03:33.204 : IterationNum=2	[MsgId: MMSG-17999]
   USER 2 = user38:pwd38	[MsgId: MMSG-17999]
    2023-06-15 01:03:33.297 : Start page is opened	[MsgId: MMSG-17999]
  2023-06-15 01:03:33.405 : IterationNum=8	[MsgId: MMSG-17999]
   USER 8 = user33:pwd33	[MsgId: MMSG-17999]
    2023-06-15 01:03:33.500 : Start page is opened	[MsgId: MMSG-17999]
    2023-06-15 01:03:38.098 : User is logged in with session 136636.129040097HAciccApiiHftcVzQpDcfDcf	[MsgId: MMSG-17999]
    2023-06-15 01:03:38.502 : User is logged in with session 136636.129040097HAciccApiiHftcVzQpDcfDcf	[MsgId: MMSG-17999]
  2023-06-15 01:03:43.188 : IterationNum=8	[MsgId: MMSG-17999]
   USER 8 = user36:pwd36	[MsgId: MMSG-17999]
  2023-06-15 01:03:43.219 : IterationNum=2	[MsgId: MMSG-17999]
   USER 2 = user41:pwd41	[MsgId: MMSG-17999]
    2023-06-15 01:03:43.282 : Start page is opened	[MsgId: MMSG-17999]
    2023-06-15 01:03:43.313 : Start page is opened	[MsgId: MMSG-17999]
    2023-06-15 01:03:43.859 : Search page opened	[MsgId: MMSG-17999]
    2023-06-15 01:03:44.608 : Search page opened	[MsgId: MMSG-17999]
    2023-06-15 01:03:47.598 : User is logged in with session 136636.129850142HAciccApQcQVzzzHtcVzQpDcffHf	[MsgId: MMSG-17999]
    2023-06-15 01:03:48.398 : User is logged in with session 136636.129850142HAciccApQcQVzzzHtcVzQpDcffHf	[MsgId: MMSG-17999]
    2023-06-15 01:03:51.767 : Search page opened	[MsgId: MMSG-17999]
    2023-06-15 01:03:53.624 : Search page opened	[MsgId: MMSG-17999]
    2023-06-15 01:03:57.939 : Flights found : 151;413;06/18/2023 and 511;413;06/15/2023	[MsgId: MMSG-17999]
    2023-06-15 01:03:57.939 : Sity depart : Frankfurt, Sity arrive : Portland	[MsgId: MMSG-17999]
    2023-06-15 01:04:01.669 : Flights found : 470;867;06/18/2023 and 741;773;06/15/2023	[MsgId: MMSG-17999]
    2023-06-15 01:04:01.669 : Sity depart : Paris, Sity arrive : Seattle	[MsgId: MMSG-17999]
    2023-06-15 01:04:04.995 : Flights found : 141;166;06/18/2023 and 411;166;06/15/2023	[MsgId: MMSG-17999]
    2023-06-15 01:04:04.995 : Sity depart : Frankfurt, Sity arrive : Paris	[MsgId: MMSG-17999]
    2023-06-15 01:04:08.877 : Found Seat Type : Business, Seat Pref : Window	[MsgId: MMSG-17999]
    2023-06-15 01:04:10.560 : Flights found : 783;1230;06/18/2023 and 873;1230;06/15/2023	[MsgId: MMSG-17999]
    2023-06-15 01:04:10.560 : Sity depart : Seattle, Sity arrive : Sydney	[MsgId: MMSG-17999]
    2023-06-15 01:04:13.859 : Found Seat Type : Business, Seat Pref : Aisle	[MsgId: MMSG-17999]
    2023-06-15 01:04:13.946 : Found Seat Type : Business, Seat Pref : None	[MsgId: MMSG-17999]
    2023-06-15 01:04:14.750 : User is logged out of session	[MsgId: MMSG-17999]
    2023-06-15 01:04:18.099 : User is logged out of session	[MsgId: MMSG-17999]
    2023-06-15 01:04:18.476 : User is logged out of session	[MsgId: MMSG-17999]
    2023-06-15 01:04:19.848 : Found Seat Type : First, Seat Pref : Aisle	[MsgId: MMSG-17999]
    2023-06-15 01:04:24.049 : User is logged out of session	[MsgId: MMSG-17999]
  2023-06-15 01:09:33.219 : IterationNum=3	[MsgId: MMSG-17999]
   USER 3 = user39:pwd39	[MsgId: MMSG-17999]
    2023-06-15 01:09:33.312 : Start page is opened	[MsgId: MMSG-17999]
  2023-06-15 01:09:33.405 : IterationNum=9	[MsgId: MMSG-17999]
   USER 9 = user33:pwd33	[MsgId: MMSG-17999]
    2023-06-15 01:09:33.499 : Start page is opened	[MsgId: MMSG-17999]
    2023-06-15 01:09:38.194 : User is logged in with session 136636.158201701HAcicccpDiHftcVzQpDDtDcf	[MsgId: MMSG-17999]
    2023-06-15 01:09:39.065 : User is logged in with session 136636.158201701HAcicccpDiHftcVzQpDDtDcf	[MsgId: MMSG-17999]
  2023-06-15 01:09:43.200 : IterationNum=9	[MsgId: MMSG-17999]
   USER 9 = user36:pwd36	[MsgId: MMSG-17999]
  2023-06-15 01:09:43.232 : IterationNum=3	[MsgId: MMSG-17999]
   USER 3 = user42:pwd42	[MsgId: MMSG-17999]
    2023-06-15 01:09:43.296 : Start page is opened	[MsgId: MMSG-17999]
    2023-06-15 01:09:43.326 : Start page is opened	[MsgId: MMSG-17999]
    2023-06-15 01:09:43.842 : Search page opened	[MsgId: MMSG-17999]
    2023-06-15 01:09:44.373 : Search page opened	[MsgId: MMSG-17999]
    2023-06-15 01:09:48.874 : User is logged in with session 136636.159011746HAcicccptcQVzzzHtcVzQpDDtfHf	[MsgId: MMSG-17999]
    2023-06-15 01:09:48.953 : User is logged in with session 136636.159011746HAcicccptcQVzzzHtcVzQpDDtfHf	[MsgId: MMSG-17999]
    2023-06-15 01:09:53.740 : Search page opened	[MsgId: MMSG-17999]
    2023-06-15 01:09:54.874 : Search page opened	[MsgId: MMSG-17999]
    2023-06-15 01:09:57.251 : Flights found : 023;277;06/18/2023 and 202;320;06/15/2023	[MsgId: MMSG-17999]
    2023-06-15 01:09:57.251 : Sity depart : Denver, Sity arrive : London	[MsgId: MMSG-17999]
    2023-06-15 01:09:57.973 : Flights found : 570;64;06/18/2023 and 751;57;06/15/2023	[MsgId: MMSG-17999]
    2023-06-15 01:09:57.973 : Sity depart : Portland, Sity arrive : Seattle	[MsgId: MMSG-17999]
    2023-06-15 01:10:09.010 : Found Seat Type : Coach, Seat Pref : None	[MsgId: MMSG-17999]
    2023-06-15 01:10:09.641 : Found Seat Type : Coach, Seat Pref : Aisle	[MsgId: MMSG-17999]
    2023-06-15 01:10:10.752 : Flights found : 700;548;06/18/2023 and 072;518;06/15/2023	[MsgId: MMSG-17999]
    2023-06-15 01:10:10.752 : Sity depart : Seattle, Sity arrive : Denver	[MsgId: MMSG-17999]
    2023-06-15 01:10:12.680 : Flights found : 271;944;06/18/2023 and 720;1060;06/15/2023	[MsgId: MMSG-17999]
    2023-06-15 01:10:12.680 : Sity depart : London, Sity arrive : Seattle	[MsgId: MMSG-17999]
    2023-06-15 01:10:14.003 : User is logged out of session	[MsgId: MMSG-17999]
    2023-06-15 01:10:14.861 : User is logged out of session	[MsgId: MMSG-17999]
    2023-06-15 01:10:18.988 : Found Seat Type : First, Seat Pref : Aisle	[MsgId: MMSG-17999]
    2023-06-15 01:10:21.799 : Found Seat Type : First, Seat Pref : Aisle	[MsgId: MMSG-17999]
    2023-06-15 01:10:24.781 : User is logged out of session	[MsgId: MMSG-17999]
    2023-06-15 01:10:27.882 : User is logged out of session	[MsgId: MMSG-17999]
  2023-06-15 01:15:33.226 : IterationNum=4	[MsgId: MMSG-17999]
   USER 4 = user39:pwd39	[MsgId: MMSG-17999]
    2023-06-15 01:15:33.319 : Start page is opened	[MsgId: MMSG-17999]
  2023-06-15 01:15:33.413 : IterationNum=10	[MsgId: MMSG-17999]
   USER 10 = user33:pwd33	[MsgId: MMSG-17999]
    2023-06-15 01:15:33.506 : Start page is opened	[MsgId: MMSG-17999]
    2023-06-15 01:15:38.881 : User is logged in with session 136636.187363305HAciccDpiiHftcVzQpDtDDcf	[MsgId: MMSG-17999]
    2023-06-15 01:15:39.192 : User is logged in with session 136636.187363305HAciccDpiiHftcVzQpDtDDcf	[MsgId: MMSG-17999]
  2023-06-15 01:15:43.212 : IterationNum=10	[MsgId: MMSG-17999]
   USER 10 = user36:pwd36	[MsgId: MMSG-17999]
  2023-06-15 01:15:43.244 : IterationNum=4	[MsgId: MMSG-17999]
   USER 4 = user42:pwd42	[MsgId: MMSG-17999]
    2023-06-15 01:15:43.307 : Start page is opened	[MsgId: MMSG-17999]
    2023-06-15 01:15:43.338 : Start page is opened	[MsgId: MMSG-17999]
    2023-06-15 01:15:43.959 : Search page opened	[MsgId: MMSG-17999]
           ERROR : Sity depart : Frankfurt Sity arrive : Frankfurt	[MsgId: MMSG-17999]
           ERROR FIXED : Sity depart : Frankfurt Sity arrive : Frankfurt	[MsgId: MMSG-17999]
           ERROR FIXED : Sity depart : Frankfurt Sity arrive : Denver	[MsgId: MMSG-17999]
    2023-06-15 01:15:44.628 : Search page opened	[MsgId: MMSG-17999]
    2023-06-15 01:15:48.683 : User is logged in with session 136636.18817335HAciccDpQcQVzzzHtcVzQpDtDfHf	[MsgId: MMSG-17999]
    2023-06-15 01:15:49.443 : User is logged in with session 136636.18817335HAciccDpQcQVzzzHtcVzQpDtDfHf	[MsgId: MMSG-17999]
    2023-06-15 01:15:54.486 : Search page opened	[MsgId: MMSG-17999]
    2023-06-15 01:15:54.690 : Search page opened	[MsgId: MMSG-17999]
    2023-06-15 01:15:59.433 : Flights found : 103;592;06/18/2023 and 013;592;06/15/2023	[MsgId: MMSG-17999]
    2023-06-15 01:15:59.433 : Sity depart : Frankfurt, Sity arrive : Denver	[MsgId: MMSG-17999]
    2023-06-15 01:16:01.405 : Flights found : 762;119;06/18/2023 and 671;112;06/15/2023	[MsgId: MMSG-17999]
    2023-06-15 01:16:01.405 : Sity depart : Seattle, Sity arrive : San Francisco	[MsgId: MMSG-17999]
    2023-06-15 01:16:06.300 : Flights found : 252;761;06/18/2023 and 523;659;06/15/2023	[MsgId: MMSG-17999]
    2023-06-15 01:16:06.300 : Sity depart : London, Sity arrive : Portland	[MsgId: MMSG-17999]
    2023-06-15 01:16:10.542 : Found Seat Type : First, Seat Pref : Window	[MsgId: MMSG-17999]
    2023-06-15 01:16:11.567 : Flights found : 473;918;06/18/2023 and 743;918;06/15/2023	[MsgId: MMSG-17999]
    2023-06-15 01:16:11.567 : Sity depart : Paris, Sity arrive : Seattle	[MsgId: MMSG-17999]
    2023-06-15 01:16:12.167 : Found Seat Type : Business, Seat Pref : None	[MsgId: MMSG-17999]
    2023-06-15 01:16:15.886 : User is logged out of session	[MsgId: MMSG-17999]
    2023-06-15 01:16:16.135 : User is logged out of session	[MsgId: MMSG-17999]
    2023-06-15 01:16:18.345 : Found Seat Type : Business, Seat Pref : Window	[MsgId: MMSG-17999]
    2023-06-15 01:16:22.746 : Found Seat Type : First, Seat Pref : Window	[MsgId: MMSG-17999]
    2023-06-15 01:16:23.094 : User is logged out of session	[MsgId: MMSG-17999]
    2023-06-15 01:16:27.987 : User is logged out of session	[MsgId: MMSG-17999]
  2023-06-15 01:21:33.235 : IterationNum=5	[MsgId: MMSG-17999]
   USER 5 = user39:pwd39	[MsgId: MMSG-17999]
  2023-06-15 01:21:33.268 : IterationNum=1	[MsgId: MMSG-17999]
   USER 1 = user43:pwd43	[MsgId: MMSG-17999]
    2023-06-15 01:21:33.330 : Start page is opened	[MsgId: MMSG-17999]
    2023-06-15 01:21:33.362 : Start page is opened	[MsgId: MMSG-17999]
  2023-06-15 01:21:33.423 : IterationNum=11	[MsgId: MMSG-17999]
   USER 11 = user33:pwd33	[MsgId: MMSG-17999]
    2023-06-15 01:21:33.517 : Start page is opened	[MsgId: MMSG-17999]
    2023-06-15 01:21:38.333 : User is logged in with session 136636.216524909HAciccfpDiHftcVzQpDfcDcf	[MsgId: MMSG-17999]
    2023-06-15 01:21:38.425 : User is logged in with session 136636.216524909HAciccfpDiHftcVzQpDfcDcf	[MsgId: MMSG-17999]
    2023-06-15 01:21:38.970 : User is logged in with session 136636.216524909HAciccfpDiHftcVzQpDfcDcf	[MsgId: MMSG-17999]
  2023-06-15 01:21:43.226 : IterationNum=11	[MsgId: MMSG-17999]
   USER 11 = user36:pwd36	[MsgId: MMSG-17999]
  2023-06-15 01:21:43.257 : IterationNum=5	[MsgId: MMSG-17999]
   USER 5 = user42:pwd42	[MsgId: MMSG-17999]
  2023-06-15 01:21:43.289 : IterationNum=1	[MsgId: MMSG-17999]
   USER 1 = user46:pwd46	[MsgId: MMSG-17999]
    2023-06-15 01:21:43.320 : Start page is opened	[MsgId: MMSG-17999]
    2023-06-15 01:21:43.352 : Start page is opened	[MsgId: MMSG-17999]
    2023-06-15 01:21:43.382 : Start page is opened	[MsgId: MMSG-17999]
    2023-06-15 01:21:43.447 : Search page opened	[MsgId: MMSG-17999]
    2023-06-15 01:21:43.835 : Search page opened	[MsgId: MMSG-17999]
    2023-06-15 01:21:44.161 : Search page opened	[MsgId: MMSG-17999]
    2023-06-15 01:21:47.335 : User is logged in with session 136636.217334953HAciccfptcQVzzzHtcVzQpDfcfHf	[MsgId: MMSG-17999]
    2023-06-15 01:21:48.159 : User is logged in with session 136636.217334953HAciccfptcQVzzzHtcVzQpDfcfHf	[MsgId: MMSG-17999]
    2023-06-15 01:21:48.704 : User is logged in with session 136636.217334953HAciccfptcQVzzzHtcVzQpDfcfHf	[MsgId: MMSG-17999]
    2023-06-15 01:21:53.405 : Search page opened	[MsgId: MMSG-17999]
    2023-06-15 01:21:53.486 : Search page opened	[MsgId: MMSG-17999]
    2023-06-15 01:21:54.464 : Search page opened	[MsgId: MMSG-17999]
    2023-06-15 01:21:56.467 : Flights found : 683;873;06/18/2023 and 863;873;06/15/2023	[MsgId: MMSG-17999]
    2023-06-15 01:21:56.467 : Sity depart : San Francisco, Sity arrive : Sydney	[MsgId: MMSG-17999]
    2023-06-15 01:21:58.076 : Flights found : 383;548;06/18/2023 and 830;669;06/15/2023	[MsgId: MMSG-17999]
    2023-06-15 01:21:58.076 : Sity depart : Los Angeles, Sity arrive : Sydney	[MsgId: MMSG-17999]
    2023-06-15 01:22:02.851 : Flights found : 980;1556;06/18/2023 and 893;1273;06/15/2023	[MsgId: MMSG-17999]
    2023-06-15 01:22:02.851 : Sity depart : Zurich, Sity arrive : Sydney	[MsgId: MMSG-17999]
    2023-06-15 01:22:04.830 : Flights found : 450;901;06/18/2023 and 543;737;06/15/2023	[MsgId: MMSG-17999]
    2023-06-15 01:22:04.831 : Sity depart : Paris, Sity arrive : Portland	[MsgId: MMSG-17999]
    2023-06-15 01:22:06.150 : Flights found : 131;420;06/18/2023 and 312;310;06/15/2023	[MsgId: MMSG-17999]
    2023-06-15 01:22:06.150 : Sity depart : Frankfurt, Sity arrive : Los Angeles	[MsgId: MMSG-17999]
    2023-06-15 01:22:06.438 : Found Seat Type : Business, Seat Pref : Aisle	[MsgId: MMSG-17999]
    2023-06-15 01:22:06.463 : Flights found : 201;301;06/18/2023 and 022;320;06/15/2023	[MsgId: MMSG-17999]
    2023-06-15 01:22:06.463 : Sity depart : London, Sity arrive : Denver	[MsgId: MMSG-17999]
    2023-06-15 01:22:10.360 : User is logged out of session	[MsgId: MMSG-17999]
    2023-06-15 01:22:10.585 : Found Seat Type : Coach, Seat Pref : None	[MsgId: MMSG-17999]
    2023-06-15 01:22:13.191 : Found Seat Type : Business, Seat Pref : Aisle	[MsgId: MMSG-17999]
    2023-06-15 01:22:13.665 : Found Seat Type : Business, Seat Pref : None	[MsgId: MMSG-17999]
    2023-06-15 01:22:14.601 : Found Seat Type : Business, Seat Pref : Aisle	[MsgId: MMSG-17999]
    2023-06-15 01:22:15.484 : Found Seat Type : Coach, Seat Pref : None	[MsgId: MMSG-17999]
    2023-06-15 01:22:16.501 : User is logged out of session	[MsgId: MMSG-17999]
    2023-06-15 01:22:18.724 : User is logged out of session	[MsgId: MMSG-17999]
    2023-06-15 01:22:19.460 : User is logged out of session	[MsgId: MMSG-17999]
    2023-06-15 01:22:19.569 : User is logged out of session	[MsgId: MMSG-17999]
    2023-06-15 01:22:21.152 : User is logged out of session	[MsgId: MMSG-17999]
  2023-06-15 01:27:33.245 : IterationNum=6	[MsgId: MMSG-17999]
   USER 6 = user39:pwd39	[MsgId: MMSG-17999]
  2023-06-15 01:27:33.275 : IterationNum=2	[MsgId: MMSG-17999]
   USER 2 = user44:pwd44	[MsgId: MMSG-17999]
    2023-06-15 01:27:33.338 : Start page is opened	[MsgId: MMSG-17999]
    2023-06-15 01:27:33.369 : Start page is opened	[MsgId: MMSG-17999]
  2023-06-15 01:27:33.432 : IterationNum=12	[MsgId: MMSG-17999]
   USER 12 = user33:pwd33	[MsgId: MMSG-17999]
    2023-06-15 01:27:33.526 : Start page is opened	[MsgId: MMSG-17999]
    2023-06-15 01:27:37.646 : User is logged in with session 136636.245686513HAcicczpiiHftcVzQpDzVDcf	[MsgId: MMSG-17999]
    2023-06-15 01:27:38.084 : User is logged in with session 136636.245686513HAcicczpiiHftcVzQpDzVDcf	[MsgId: MMSG-17999]
    2023-06-15 01:27:38.693 : User is logged in with session 136636.245686513HAcicczpiiHftcVzQpDzVDcf	[MsgId: MMSG-17999]
    2023-06-15 01:27:42.633 : Search page opened	[MsgId: MMSG-17999]
    2023-06-15 01:27:42.804 : Search page opened	[MsgId: MMSG-17999]
  2023-06-15 01:27:43.236 : IterationNum=12	[MsgId: MMSG-17999]
   USER 12 = user36:pwd36	[MsgId: MMSG-17999]
  2023-06-15 01:27:43.267 : IterationNum=6	[MsgId: MMSG-17999]
   USER 6 = user42:pwd42	[MsgId: MMSG-17999]
  2023-06-15 01:27:43.299 : IterationNum=2	[MsgId: MMSG-17999]
   USER 2 = user47:pwd47	[MsgId: MMSG-17999]
    2023-06-15 01:27:43.330 : Start page is opened	[MsgId: MMSG-17999]
    2023-06-15 01:27:43.362 : Start page is opened	[MsgId: MMSG-17999]
    2023-06-15 01:27:43.394 : Start page is opened	[MsgId: MMSG-17999]
    2023-06-15 01:27:44.115 : Search page opened	[MsgId: MMSG-17999]
    2023-06-15 01:27:48.180 : User is logged in with session 136636.246496557HAcicczpQcQVzzzHtcVzQpDzVfHf	[MsgId: MMSG-17999]
    2023-06-15 01:27:48.304 : User is logged in with session 136636.246496557HAcicczpQcQVzzzHtcVzQpDzVfHf	[MsgId: MMSG-17999]
    2023-06-15 01:27:48.568 : User is logged in with session 136636.246496557HAcicczpQcQVzzzHtcVzQpDzVfHf	[MsgId: MMSG-17999]
    2023-06-15 01:27:53.381 : Search page opened	[MsgId: MMSG-17999]
    2023-06-15 01:27:53.567 : Search page opened	[MsgId: MMSG-17999]
    2023-06-15 01:27:54.048 : Search page opened	[MsgId: MMSG-17999]
    2023-06-15 01:27:55.988 : Flights found : 363;92;06/18/2023 and 630;113;06/15/2023	[MsgId: MMSG-17999]
    2023-06-15 01:27:55.989 : Sity depart : Los Angeles, Sity arrive : San Francisco	[MsgId: MMSG-17999]
    2023-06-15 01:27:56.599 : Flights found : 460;622;06/18/2023 and 641;554;06/15/2023	[MsgId: MMSG-17999]
    2023-06-15 01:27:56.599 : Sity depart : Paris, Sity arrive : San Francisco	[MsgId: MMSG-17999]
    2023-06-15 01:28:01.542 : Flights found : 653;116;06/18/2023 and 560;142;06/15/2023	[MsgId: MMSG-17999]
    2023-06-15 01:28:01.542 : Sity depart : San Francisco, Sity arrive : Portland	[MsgId: MMSG-17999]
    2023-06-15 01:28:04.366 : Found Seat Type : First, Seat Pref : None	[MsgId: MMSG-17999]
    2023-06-15 01:28:06.028 : Flights found : 200;338;06/18/2023 and 021;301;06/15/2023	[MsgId: MMSG-17999]
    2023-06-15 01:28:06.028 : Sity depart : London, Sity arrive : Denver	[MsgId: MMSG-17999]
    2023-06-15 01:28:06.911 : Found Seat Type : Coach, Seat Pref : Window	[MsgId: MMSG-17999]
    2023-06-15 01:28:08.437 : Flights found : 053;225;06/18/2023 and 500;275;06/15/2023	[MsgId: MMSG-17999]
    2023-06-15 01:28:08.438 : Sity depart : Denver, Sity arrive : Portland	[MsgId: MMSG-17999]
    2023-06-15 01:28:09.390 : User is logged out of session	[MsgId: MMSG-17999]
    2023-06-15 01:28:10.020 : Flights found : 250;555;06/18/2023 and 523;454;06/15/2023	[MsgId: MMSG-17999]
    2023-06-15 01:28:10.020 : Sity depart : London, Sity arrive : Portland	[MsgId: MMSG-17999]
    2023-06-15 01:28:12.570 : User is logged out of session	[MsgId: MMSG-17999]
    2023-06-15 01:28:13.170 : Found Seat Type : First, Seat Pref : Window	[MsgId: MMSG-17999]
    2023-06-15 01:28:15.788 : Found Seat Type : Coach, Seat Pref : None	[MsgId: MMSG-17999]
    2023-06-15 01:28:17.828 : Found Seat Type : Coach, Seat Pref : Window	[MsgId: MMSG-17999]
    2023-06-15 01:28:18.812 : Found Seat Type : Coach, Seat Pref : None	[MsgId: MMSG-17999]
    2023-06-15 01:28:19.044 : User is logged out of session	[MsgId: MMSG-17999]
    2023-06-15 01:28:20.573 : User is logged out of session	[MsgId: MMSG-17999]
    2023-06-15 01:28:23.823 : User is logged out of session	[MsgId: MMSG-17999]
    2023-06-15 01:28:24.163 : User is logged out of session	[MsgId: MMSG-17999]
  2023-06-15 01:33:33.259 : IterationNum=7	[MsgId: MMSG-17999]
   USER 7 = user39:pwd39	[MsgId: MMSG-17999]
  2023-06-15 01:33:33.290 : IterationNum=3	[MsgId: MMSG-17999]
   USER 3 = user45:pwd45	[MsgId: MMSG-17999]
  2023-06-15 01:33:33.347 : IterationNum=1	[MsgId: MMSG-17999]
   USER 1 = user49:pwd49	[MsgId: MMSG-17999]
    2023-06-15 01:33:33.353 : Start page is opened	[MsgId: MMSG-17999]
    2023-06-15 01:33:33.384 : Start page is opened	[MsgId: MMSG-17999]
  2023-06-15 01:33:33.446 : IterationNum=13	[MsgId: MMSG-17999]
   USER 13 = user33:pwd33	[MsgId: MMSG-17999]
    2023-06-15 01:33:33.446 : Start page is opened	[MsgId: MMSG-17999]
    2023-06-15 01:33:33.540 : Start page is opened	[MsgId: MMSG-17999]
    2023-06-15 01:33:38.703 : User is logged in with session 136636.274848117HAciccipDiHftcVzQpDHADcf	[MsgId: MMSG-17999]
    2023-06-15 01:33:39.204 : User is logged in with session 136636.274848117HAciccipDiHftcVzQpDHADcf	[MsgId: MMSG-17999]
    2023-06-15 01:33:39.374 : User is logged in with session 136636.274848117HAciccipDiHftcVzQpDHADcf	[MsgId: MMSG-17999]
    2023-06-15 01:33:39.454 : User is logged in with session 136636.274848117HAciccipDiHftcVzQpDHADcf	[MsgId: MMSG-17999]
  2023-06-15 01:33:43.250 : IterationNum=13	[MsgId: MMSG-17999]
   USER 13 = user36:pwd36	[MsgId: MMSG-17999]
  2023-06-15 01:33:43.280 : IterationNum=7	[MsgId: MMSG-17999]
   USER 7 = user42:pwd42	[MsgId: MMSG-17999]
  2023-06-15 01:33:43.311 : IterationNum=3	[MsgId: MMSG-17999]
   USER 3 = user48:pwd48	[MsgId: MMSG-17999]
    2023-06-15 01:33:43.343 : Start page is opened	[MsgId: MMSG-17999]
    2023-06-15 01:33:43.375 : Start page is opened	[MsgId: MMSG-17999]
    2023-06-15 01:33:43.406 : Start page is opened	[MsgId: MMSG-17999]
  2023-06-15 01:33:43.408 : IterationNum=1	[MsgId: MMSG-17999]
   USER 1 = user52:pwd52	[MsgId: MMSG-17999]
    2023-06-15 01:33:43.500 : Start page is opened	[MsgId: MMSG-17999]
    2023-06-15 01:33:43.968 : Search page opened	[MsgId: MMSG-17999]
    2023-06-15 01:33:45.101 : Search page opened	[MsgId: MMSG-17999]
    2023-06-15 01:33:45.336 : Search page opened	[MsgId: MMSG-17999]
    2023-06-15 01:33:45.619 : Search page opened	[MsgId: MMSG-17999]
    2023-06-15 01:33:47.402 : User is logged in with session 136636.275658161HAcicciptcQVzzzHtcVzQpDHAfHf	[MsgId: MMSG-17999]
    2023-06-15 01:33:47.557 : User is logged in with session 136636.275658161HAcicciptcQVzzzHtcVzQpDHAfHf	[MsgId: MMSG-17999]
    2023-06-15 01:33:49.690 : User is logged in with session 136636.275658161HAcicciptcQVzzzHtcVzQpDHAfHf	[MsgId: MMSG-17999]
    2023-06-15 01:33:49.724 : User is logged in with session 136636.275658161HAcicciptcQVzzzHtcVzQpDHAfHf	[MsgId: MMSG-17999]
    2023-06-15 01:33:51.511 : Search page opened	[MsgId: MMSG-17999]
    2023-06-15 01:33:53.542 : Search page opened	[MsgId: MMSG-17999]
           ERROR : Sity depart : Portland Sity arrive : Portland	[MsgId: MMSG-17999]
           ERROR FIXED : Sity depart : Portland Sity arrive : Zurich	[MsgId: MMSG-17999]
    2023-06-15 01:33:53.807 : Search page opened	[MsgId: MMSG-17999]
           ERROR : Sity depart : Paris Sity arrive : Paris	[MsgId: MMSG-17999]
           ERROR FIXED : Sity depart : Paris Sity arrive : Seattle	[MsgId: MMSG-17999]
    2023-06-15 01:33:55.996 : Search page opened	[MsgId: MMSG-17999]
    2023-06-15 01:33:58.415 : Flights found : 212;364;06/18/2023 and 120;385;06/15/2023	[MsgId: MMSG-17999]
    2023-06-15 01:33:58.415 : Sity depart : London, Sity arrive : Frankfurt	[MsgId: MMSG-17999]
    2023-06-15 01:34:00.967 : Flights found : 652;134;06/18/2023 and 563;116;06/15/2023	[MsgId: MMSG-17999]
    2023-06-15 01:34:00.967 : Sity depart : San Francisco, Sity arrive : Portland	[MsgId: MMSG-17999]
    2023-06-15 01:34:01.142 : Flights found : 021;565;06/18/2023 and 201;565;06/15/2023	[MsgId: MMSG-17999]
    2023-06-15 01:34:01.142 : Sity depart : Denver, Sity arrive : London	[MsgId: MMSG-17999]
    2023-06-15 01:34:03.827 : Flights found : 580;805;06/18/2023 and 852;761;06/15/2023	[MsgId: MMSG-17999]
    2023-06-15 01:34:03.827 : Sity depart : Portland, Sity arrive : Sydney	[MsgId: MMSG-17999]
    2023-06-15 01:34:07.085 : Flights found : 470;1122;06/18/2023 and 740;1122;06/15/2023	[MsgId: MMSG-17999]
    2023-06-15 01:34:07.085 : Sity depart : Paris, Sity arrive : Seattle	[MsgId: MMSG-17999]
    2023-06-15 01:34:07.931 : Found Seat Type : Business, Seat Pref : Aisle	[MsgId: MMSG-17999]
    2023-06-15 01:34:08.302 : Flights found : 343;520;06/18/2023 and 430;636;06/15/2023	[MsgId: MMSG-17999]
    2023-06-15 01:34:08.302 : Sity depart : Los Angeles, Sity arrive : Paris	[MsgId: MMSG-17999]
    2023-06-15 01:34:09.467 : Found Seat Type : First, Seat Pref : Aisle	[MsgId: MMSG-17999]
    2023-06-15 01:34:11.003 : Found Seat Type : First, Seat Pref : None	[MsgId: MMSG-17999]
    2023-06-15 01:34:12.201 : Flights found : 592;819;06/18/2023 and 951;771;06/15/2023	[MsgId: MMSG-17999]
    2023-06-15 01:34:12.201 : Sity depart : Portland, Sity arrive : Zurich	[MsgId: MMSG-17999]
    2023-06-15 01:34:12.595 : User is logged out of session	[MsgId: MMSG-17999]
    2023-06-15 01:34:13.203 : Found Seat Type : Coach, Seat Pref : Window	[MsgId: MMSG-17999]
    2023-06-15 01:34:13.469 : Flights found : 240;157;06/18/2023 and 420;157;06/15/2023	[MsgId: MMSG-17999]
    2023-06-15 01:34:13.469 : Sity depart : London, Sity arrive : Paris	[MsgId: MMSG-17999]
    2023-06-15 01:34:14.360 : User is logged out of session	[MsgId: MMSG-17999]
    2023-06-15 01:34:15.548 : User is logged out of session	[MsgId: MMSG-17999]
    2023-06-15 01:34:17.266 : Found Seat Type : Business, Seat Pref : Aisle	[MsgId: MMSG-17999]
    2023-06-15 01:34:17.770 : User is logged out of session	[MsgId: MMSG-17999]
    2023-06-15 01:34:19.271 : Found Seat Type : First, Seat Pref : None	[MsgId: MMSG-17999]
    2023-06-15 01:34:19.902 : Found Seat Type : First, Seat Pref : Aisle	[MsgId: MMSG-17999]
    2023-06-15 01:34:21.227 : User is logged out of session	[MsgId: MMSG-17999]
    2023-06-15 01:34:23.986 : User is logged out of session	[MsgId: MMSG-17999]
    2023-06-15 01:34:24.781 : Found Seat Type : Business, Seat Pref : Aisle	[MsgId: MMSG-17999]
    2023-06-15 01:34:25.287 : User is logged out of session	[MsgId: MMSG-17999]
    2023-06-15 01:34:31.060 : User is logged out of session	[MsgId: MMSG-17999]
  2023-06-15 01:39:33.271 : IterationNum=8	[MsgId: MMSG-17999]
   USER 8 = user39:pwd39	[MsgId: MMSG-17999]
  2023-06-15 01:39:33.301 : IterationNum=4	[MsgId: MMSG-17999]
   USER 4 = user45:pwd45	[MsgId: MMSG-17999]
  2023-06-15 01:39:33.348 : IterationNum=2	[MsgId: MMSG-17999]
   USER 2 = user50:pwd50	[MsgId: MMSG-17999]
    2023-06-15 01:39:33.365 : Start page is opened	[MsgId: MMSG-17999]
    2023-06-15 01:39:33.395 : Start page is opened	[MsgId: MMSG-17999]
    2023-06-15 01:39:33.441 : Start page is opened	[MsgId: MMSG-17999]
  2023-06-15 01:39:33.456 : IterationNum=14	[MsgId: MMSG-17999]
   USER 14 = user33:pwd33	[MsgId: MMSG-17999]
    2023-06-15 01:39:33.549 : Start page is opened	[MsgId: MMSG-17999]
    2023-06-15 01:39:38.018 : User is logged in with session 136636.304009721HAciccQpiiHftcVzQpDHQDcf	[MsgId: MMSG-17999]
    2023-06-15 01:39:38.155 : User is logged in with session 136636.304009721HAciccQpiiHftcVzQpDHQDcf	[MsgId: MMSG-17999]
    2023-06-15 01:39:38.499 : User is logged in with session 136636.304009721HAciccQpiiHftcVzQpDHQDcf	[MsgId: MMSG-17999]
    2023-06-15 01:39:39.318 : User is logged in with session 136636.304009721HAciccQpiiHftcVzQpDHQDcf	[MsgId: MMSG-17999]
  2023-06-15 01:39:43.253 : IterationNum=14	[MsgId: MMSG-17999]
   USER 14 = user36:pwd36	[MsgId: MMSG-17999]
  2023-06-15 01:39:43.284 : IterationNum=8	[MsgId: MMSG-17999]
   USER 8 = user42:pwd42	[MsgId: MMSG-17999]
  2023-06-15 01:39:43.316 : IterationNum=4	[MsgId: MMSG-17999]
   USER 4 = user48:pwd48	[MsgId: MMSG-17999]
    2023-06-15 01:39:43.347 : Start page is opened	[MsgId: MMSG-17999]
    2023-06-15 01:39:43.378 : Start page is opened	[MsgId: MMSG-17999]
  2023-06-15 01:39:43.408 : IterationNum=2	[MsgId: MMSG-17999]
   USER 2 = user53:pwd53	[MsgId: MMSG-17999]
    2023-06-15 01:39:43.408 : Start page is opened	[MsgId: MMSG-17999]
    2023-06-15 01:39:43.503 : Start page is opened	[MsgId: MMSG-17999]
    2023-06-15 01:39:43.940 : Search page opened	[MsgId: MMSG-17999]
    2023-06-15 01:39:43.987 : Search page opened	[MsgId: MMSG-17999]
    2023-06-15 01:39:44.457 : Search page opened	[MsgId: MMSG-17999]
    2023-06-15 01:39:44.844 : Search page opened	[MsgId: MMSG-17999]
           ERROR : Sity depart : Zurich Sity arrive : Zurich	[MsgId: MMSG-17999]
           ERROR FIXED : Sity depart : Zurich Sity arrive : Denver	[MsgId: MMSG-17999]
    2023-06-15 01:39:47.365 : User is logged in with session 136636.304819765HAciccQpQcQVzzzHtcVzQpDHQfHf	[MsgId: MMSG-17999]
    2023-06-15 01:39:47.457 : User is logged in with session 136636.304819765HAciccQpQcQVzzzHtcVzQpDHQfHf	[MsgId: MMSG-17999]
    2023-06-15 01:39:47.614 : User is logged in with session 136636.304819765HAciccQpQcQVzzzHtcVzQpDHQfHf	[MsgId: MMSG-17999]
    2023-06-15 01:39:49.044 : User is logged in with session 136636.304819765HAciccQpQcQVzzzHtcVzQpDHQfHf	[MsgId: MMSG-17999]
    2023-06-15 01:39:53.198 : Search page opened	[MsgId: MMSG-17999]
    2023-06-15 01:39:53.569 : Search page opened	[MsgId: MMSG-17999]
           ERROR : Sity depart : San Francisco Sity arrive : San Francisco	[MsgId: MMSG-17999]
           ERROR FIXED : Sity depart : San Francisco Sity arrive : Zurich	[MsgId: MMSG-17999]
    2023-06-15 01:39:53.726 : Search page opened	[MsgId: MMSG-17999]
    2023-06-15 01:39:55.357 : Search page opened	[MsgId: MMSG-17999]
    2023-06-15 01:39:59.913 : Flights found : 031;420;06/18/2023 and 300;472;06/15/2023	[MsgId: MMSG-17999]
    2023-06-15 01:39:59.913 : Sity depart : Denver, Sity arrive : Los Angeles	[MsgId: MMSG-17999]
    2023-06-15 01:40:01.590 : Flights found : 371;292;06/18/2023 and 731;292;06/15/2023	[MsgId: MMSG-17999]
    2023-06-15 01:40:01.590 : Sity depart : Los Angeles, Sity arrive : Seattle	[MsgId: MMSG-17999]
    2023-06-15 01:40:01.600 : Flights found : 530;287;06/18/2023 and 351;255;06/15/2023	[MsgId: MMSG-17999]
    2023-06-15 01:40:01.600 : Sity depart : Portland, Sity arrive : Los Angeles	[MsgId: MMSG-17999]
    2023-06-15 01:40:02.220 : Flights found : 902;577;06/18/2023 and 092;577;06/15/2023	[MsgId: MMSG-17999]
    2023-06-15 01:40:02.220 : Sity depart : Zurich, Sity arrive : Denver	[MsgId: MMSG-17999]
    2023-06-15 01:40:06.583 : Flights found : 693;307;06/18/2023 and 962;355;06/15/2023	[MsgId: MMSG-17999]
    2023-06-15 01:40:06.583 : Sity depart : San Francisco, Sity arrive : Zurich	[MsgId: MMSG-17999]
    2023-06-15 01:40:06.737 : Flights found : 543;737;06/18/2023 and 452;852;06/15/2023	[MsgId: MMSG-17999]
    2023-06-15 01:40:06.737 : Sity depart : Portland, Sity arrive : Paris	[MsgId: MMSG-17999]
    2023-06-15 01:40:08.504 : Found Seat Type : First, Seat Pref : Aisle	[MsgId: MMSG-17999]
    2023-06-15 01:40:08.889 : Flights found : 871;714;06/18/2023 and 783;656;06/15/2023	[MsgId: MMSG-17999]
    2023-06-15 01:40:08.889 : Sity depart : Sydney, Sity arrive : Seattle	[MsgId: MMSG-17999]
    2023-06-15 01:40:09.165 : Flights found : 063;240;06/18/2023 and 603;240;06/15/2023	[MsgId: MMSG-17999]
    2023-06-15 01:40:09.165 : Sity depart : Denver, Sity arrive : San Francisco	[MsgId: MMSG-17999]
    2023-06-15 01:40:10.661 : Found Seat Type : Business, Seat Pref : None	[MsgId: MMSG-17999]
    2023-06-15 01:40:10.781 : Found Seat Type : Business, Seat Pref : Window	[MsgId: MMSG-17999]
    2023-06-15 01:40:12.986 : User is logged out of session	[MsgId: MMSG-17999]
    2023-06-15 01:40:13.991 : Found Seat Type : First, Seat Pref : None	[MsgId: MMSG-17999]
    2023-06-15 01:40:14.629 : Found Seat Type : Coach, Seat Pref : Aisle	[MsgId: MMSG-17999]
    2023-06-15 01:40:16.277 : User is logged out of session	[MsgId: MMSG-17999]
    2023-06-15 01:40:16.649 : User is logged out of session	[MsgId: MMSG-17999]
    2023-06-15 01:40:17.646 : Found Seat Type : Business, Seat Pref : Aisle	[MsgId: MMSG-17999]
    2023-06-15 01:40:18.778 : Found Seat Type : Business, Seat Pref : Window	[MsgId: MMSG-17999]
    2023-06-15 01:40:18.994 : Found Seat Type : Coach, Seat Pref : None	[MsgId: MMSG-17999]
    2023-06-15 01:40:19.858 : User is logged out of session	[MsgId: MMSG-17999]
    2023-06-15 01:40:20.606 : User is logged out of session	[MsgId: MMSG-17999]
    2023-06-15 01:40:23.393 : User is logged out of session	[MsgId: MMSG-17999]
    2023-06-15 01:40:23.393 : User is logged out of session	[MsgId: MMSG-17999]
    2023-06-15 01:40:23.421 : User is logged out of session	[MsgId: MMSG-17999]
  2023-06-15 01:42:33.426 : IterationNum=1	[MsgId: MMSG-17999]
   USER 1 = user55:pwd55	[MsgId: MMSG-17999]
    2023-06-15 01:42:33.520 : Start page is opened	[MsgId: MMSG-17999]
    2023-06-15 01:42:38.191 : User is logged in with session 136636.318590522HAcicDApzDHftcVzQpDiDicf	[MsgId: MMSG-17999]
  2023-06-15 01:42:43.456 : IterationNum=1	[MsgId: MMSG-17999]
   USER 1 = user58:pwd58	[MsgId: MMSG-17999]
    2023-06-15 01:42:43.549 : Start page is opened	[MsgId: MMSG-17999]
    2023-06-15 01:42:44.499 : Search page opened	[MsgId: MMSG-17999]
    2023-06-15 01:42:47.626 : User is logged in with session 136636.319400567HAcicDApzHQVzzzHtcVzQpDitAHf	[MsgId: MMSG-17999]
    2023-06-15 01:42:53.989 : Search page opened	[MsgId: MMSG-17999]
    2023-06-15 01:43:00.132 : Flights found : 483;1169;06/18/2023 and 843;1169;06/15/2023	[MsgId: MMSG-17999]
    2023-06-15 01:43:00.132 : Sity depart : Paris, Sity arrive : Sydney	[MsgId: MMSG-17999]
    2023-06-15 01:43:09.250 : Flights found : 681;1229;06/18/2023 and 862;1304;06/15/2023	[MsgId: MMSG-17999]
    2023-06-15 01:43:09.250 : Sity depart : San Francisco, Sity arrive : Sydney	[MsgId: MMSG-17999]
    2023-06-15 01:43:12.380 : Found Seat Type : Coach, Seat Pref : Aisle	[MsgId: MMSG-17999]
    2023-06-15 01:43:16.483 : User is logged out of session	[MsgId: MMSG-17999]
    2023-06-15 01:43:19.992 : Found Seat Type : First, Seat Pref : None	[MsgId: MMSG-17999]
    2023-06-15 01:43:24.748 : User is logged out of session	[MsgId: MMSG-17999]
  2023-06-15 01:45:33.270 : IterationNum=9	[MsgId: MMSG-17999]
   USER 9 = user39:pwd39	[MsgId: MMSG-17999]
  2023-06-15 01:45:33.301 : IterationNum=5	[MsgId: MMSG-17999]
   USER 5 = user45:pwd45	[MsgId: MMSG-17999]
  2023-06-15 01:45:33.363 : IterationNum=3	[MsgId: MMSG-17999]
   USER 3 = user51:pwd51	[MsgId: MMSG-17999]
    2023-06-15 01:45:33.364 : Start page is opened	[MsgId: MMSG-17999]
    2023-06-15 01:45:33.396 : Start page is opened	[MsgId: MMSG-17999]
  2023-06-15 01:45:33.457 : IterationNum=15	[MsgId: MMSG-17999]
   USER 15 = user33:pwd33	[MsgId: MMSG-17999]
    2023-06-15 01:45:33.458 : Start page is opened	[MsgId: MMSG-17999]
    2023-06-15 01:45:33.551 : Start page is opened	[MsgId: MMSG-17999]
    2023-06-15 01:45:37.566 : User is logged in with session 136636.333171324HAcicDVpDiHftcVzQpDiiDcf	[MsgId: MMSG-17999]
    2023-06-15 01:45:37.929 : User is logged in with session 136636.333171324HAcicDVpDiHftcVzQpDiiDcf	[MsgId: MMSG-17999]
    2023-06-15 01:45:37.989 : User is logged in with session 136636.333171324HAcicDVpDiHftcVzQpDiiDcf	[MsgId: MMSG-17999]
    2023-06-15 01:45:38.145 : User is logged in with session 136636.333171324HAcicDVpDiHftcVzQpDiiDcf	[MsgId: MMSG-17999]
    2023-06-15 01:45:41.998 : Search page opened	[MsgId: MMSG-17999]
    2023-06-15 01:45:42.679 : Search page opened	[MsgId: MMSG-17999]
  2023-06-15 01:45:43.267 : IterationNum=15	[MsgId: MMSG-17999]
   USER 15 = user36:pwd36	[MsgId: MMSG-17999]
  2023-06-15 01:45:43.300 : IterationNum=9	[MsgId: MMSG-17999]
   USER 9 = user42:pwd42	[MsgId: MMSG-17999]
  2023-06-15 01:45:43.331 : IterationNum=5	[MsgId: MMSG-17999]
   USER 5 = user48:pwd48	[MsgId: MMSG-17999]
    2023-06-15 01:45:43.362 : Start page is opened	[MsgId: MMSG-17999]
    2023-06-15 01:45:43.394 : Start page is opened	[MsgId: MMSG-17999]
  2023-06-15 01:45:43.408 : IterationNum=3	[MsgId: MMSG-17999]
   USER 3 = user54:pwd54	[MsgId: MMSG-17999]
    2023-06-15 01:45:43.424 : Start page is opened	[MsgId: MMSG-17999]
    2023-06-15 01:45:43.503 : Start page is opened	[MsgId: MMSG-17999]
    2023-06-15 01:45:43.783 : Search page opened	[MsgId: MMSG-17999]
    2023-06-15 01:45:44.219 : Search page opened	[MsgId: MMSG-17999]
    2023-06-15 01:45:47.903 : User is logged in with session 136636.333981369HAcicDVptcQVzzzHtcVzQpDiifHf	[MsgId: MMSG-17999]
    2023-06-15 01:45:48.184 : User is logged in with session 136636.333981369HAcicDVptcQVzzzHtcVzQpDiifHf	[MsgId: MMSG-17999]
    2023-06-15 01:45:48.246 : User is logged in with session 136636.333981369HAcicDVptcQVzzzHtcVzQpDiifHf	[MsgId: MMSG-17999]
    2023-06-15 01:45:49.598 : User is logged in with session 136636.333981369HAcicDVptcQVzzzHtcVzQpDiifHf	[MsgId: MMSG-17999]
    2023-06-15 01:45:53.269 : Search page opened	[MsgId: MMSG-17999]
           ERROR : Sity depart : Paris Sity arrive : Paris	[MsgId: MMSG-17999]
           ERROR FIXED : Sity depart : Paris Sity arrive : San Francisco	[MsgId: MMSG-17999]
    2023-06-15 01:45:53.861 : Search page opened	[MsgId: MMSG-17999]
    2023-06-15 01:45:54.155 : Search page opened	[MsgId: MMSG-17999]
    2023-06-15 01:45:55.494 : Search page opened	[MsgId: MMSG-17999]
    2023-06-15 01:45:59.745 : Flights found : 941;184;06/18/2023 and 492;196;06/15/2023	[MsgId: MMSG-17999]
    2023-06-15 01:45:59.745 : Sity depart : Zurich, Sity arrive : Paris	[MsgId: MMSG-17999]
    2023-06-15 01:45:59.975 : Flights found : 581;717;06/18/2023 and 852;761;06/15/2023	[MsgId: MMSG-17999]
    2023-06-15 01:45:59.976 : Sity depart : Portland, Sity arrive : Sydney	[MsgId: MMSG-17999]
    2023-06-15 01:46:00.725 : Flights found : 950;866;06/18/2023 and 590;866;06/15/2023	[MsgId: MMSG-17999]
    2023-06-15 01:46:00.725 : Sity depart : Zurich, Sity arrive : Portland	[MsgId: MMSG-17999]
    2023-06-15 01:46:02.997 : Flights found : 151;285;06/18/2023 and 513;261;06/15/2023	[MsgId: MMSG-17999]
    2023-06-15 01:46:02.998 : Sity depart : Frankfurt, Sity arrive : Portland	[MsgId: MMSG-17999]
    2023-06-15 01:46:08.721 : Found Seat Type : Coach, Seat Pref : Window	[MsgId: MMSG-17999]
    2023-06-15 01:46:08.845 : Flights found : 460;902;06/18/2023 and 643;738;06/15/2023	[MsgId: MMSG-17999]
    2023-06-15 01:46:08.846 : Sity depart : Paris, Sity arrive : San Francisco	[MsgId: MMSG-17999]
    2023-06-15 01:46:09.391 : Flights found : 751;83;06/18/2023 and 571;83;06/15/2023	[MsgId: MMSG-17999]
    2023-06-15 01:46:09.391 : Sity depart : Seattle, Sity arrive : Portland	[MsgId: MMSG-17999]
    2023-06-15 01:46:10.644 : Flights found : 392;550;06/18/2023 and 932;475;06/15/2023	[MsgId: MMSG-17999]
    2023-06-15 01:46:10.645 : Sity depart : Los Angeles, Sity arrive : Zurich	[MsgId: MMSG-17999]
    2023-06-15 01:46:10.930 : Found Seat Type : First, Seat Pref : Aisle	[MsgId: MMSG-17999]
    2023-06-15 01:46:11.948 : Found Seat Type : Business, Seat Pref : None	[MsgId: MMSG-17999]
    2023-06-15 01:46:13.352 : Found Seat Type : Coach, Seat Pref : Window	[MsgId: MMSG-17999]
    2023-06-15 01:46:14.059 : Flights found : 011;644;06/18/2023 and 103;592;06/15/2023	[MsgId: MMSG-17999]
    2023-06-15 01:46:14.059 : Sity depart : Denver, Sity arrive : Frankfurt	[MsgId: MMSG-17999]
    2023-06-15 01:46:14.687 : User is logged out of session	[MsgId: MMSG-17999]
    2023-06-15 01:46:16.593 : User is logged out of session	[MsgId: MMSG-17999]
    2023-06-15 01:46:17.349 : User is logged out of session	[MsgId: MMSG-17999]
    2023-06-15 01:46:17.880 : User is logged out of session	[MsgId: MMSG-17999]
    2023-06-15 01:46:19.751 : Found Seat Type : Business, Seat Pref : Window	[MsgId: MMSG-17999]
    2023-06-15 01:46:20.309 : Found Seat Type : Business, Seat Pref : Aisle	[MsgId: MMSG-17999]
    2023-06-15 01:46:21.799 : Found Seat Type : Business, Seat Pref : Aisle	[MsgId: MMSG-17999]
    2023-06-15 01:46:23.912 : User is logged out of session	[MsgId: MMSG-17999]
    2023-06-15 01:46:26.358 : Found Seat Type : First, Seat Pref : Aisle	[MsgId: MMSG-17999]
    2023-06-15 01:46:26.537 : User is logged out of session	[MsgId: MMSG-17999]
    2023-06-15 01:46:27.309 : User is logged out of session	[MsgId: MMSG-17999]
    2023-06-15 01:46:32.516 : User is logged out of session	[MsgId: MMSG-17999]
  2023-06-15 01:48:33.433 : IterationNum=2	[MsgId: MMSG-17999]
   USER 2 = user56:pwd56	[MsgId: MMSG-17999]
    2023-06-15 01:48:33.526 : Start page is opened	[MsgId: MMSG-17999]
    2023-06-15 01:48:38.864 : User is logged in with session 136636.347752126HAcicDcpVDHftcVzQpDQcicf	[MsgId: MMSG-17999]
  2023-06-15 01:48:43.471 : IterationNum=2	[MsgId: MMSG-17999]
   USER 2 = user59:pwd59	[MsgId: MMSG-17999]
    2023-06-15 01:48:43.564 : Start page is opened	[MsgId: MMSG-17999]
    2023-06-15 01:48:44.887 : Search page opened	[MsgId: MMSG-17999]
    2023-06-15 01:48:49.600 : User is logged in with session 136636.348562171HAcicDcpVHQVzzzHtcVzQpDQDAHf	[MsgId: MMSG-17999]
    2023-06-15 01:48:54.884 : Search page opened	[MsgId: MMSG-17999]
    2023-06-15 01:49:02.101 : Flights found : 421;97;06/18/2023 and 243;89;06/15/2023	[MsgId: MMSG-17999]
    2023-06-15 01:49:02.101 : Sity depart : Paris, Sity arrive : London	[MsgId: MMSG-17999]
    2023-06-15 01:49:13.429 : Flights found : 182;1153;06/18/2023 and 813;998;06/15/2023	[MsgId: MMSG-17999]
    2023-06-15 01:49:13.429 : Found Seat Type : Coach, Seat Pref : Aisle	[MsgId: MMSG-17999]
    2023-06-15 01:49:13.429 : Sity depart : Frankfurt, Sity arrive : Sydney	[MsgId: MMSG-17999]
    2023-06-15 01:49:17.615 : User is logged out of session	[MsgId: MMSG-17999]
    2023-06-15 01:49:22.917 : Found Seat Type : Coach, Seat Pref : Window	[MsgId: MMSG-17999]
    2023-06-15 01:49:29.300 : User is logged out of session	[MsgId: MMSG-17999]
  2023-06-15 01:51:33.286 : IterationNum=10	[MsgId: MMSG-17999]
   USER 10 = user39:pwd39	[MsgId: MMSG-17999]
  2023-06-15 01:51:33.301 : IterationNum=6	[MsgId: MMSG-17999]
   USER 6 = user45:pwd45	[MsgId: MMSG-17999]
  2023-06-15 01:51:33.378 : IterationNum=4	[MsgId: MMSG-17999]
   USER 4 = user51:pwd51	[MsgId: MMSG-17999]
    2023-06-15 01:51:33.378 : Start page is opened	[MsgId: MMSG-17999]
    2023-06-15 01:51:33.395 : Start page is opened	[MsgId: MMSG-17999]
  2023-06-15 01:51:33.472 : IterationNum=16	[MsgId: MMSG-17999]
   USER 16 = user33:pwd33	[MsgId: MMSG-17999]
    2023-06-15 01:51:33.472 : Start page is opened	[MsgId: MMSG-17999]
    2023-06-15 01:51:33.566 : Start page is opened	[MsgId: MMSG-17999]
    2023-06-15 01:51:38.384 : User is logged in with session 136636.362332928HAcicDcpiiHftcVzQpDQHDcf	[MsgId: MMSG-17999]
    2023-06-15 01:51:38.510 : User is logged in with session 136636.362332928HAcicDcpiiHftcVzQpDQHDcf	[MsgId: MMSG-17999]
    2023-06-15 01:51:38.682 : User is logged in with session 136636.362332928HAcicDcpiiHftcVzQpDQHDcf	[MsgId: MMSG-17999]
    2023-06-15 01:51:39.736 : User is logged in with session 136636.362332928HAcicDcpiiHftcVzQpDQHDcf	[MsgId: MMSG-17999]
    2023-06-15 01:51:43.247 : Search page opened	[MsgId: MMSG-17999]
  2023-06-15 01:51:43.274 : IterationNum=16	[MsgId: MMSG-17999]
   USER 16 = user36:pwd36	[MsgId: MMSG-17999]
  2023-06-15 01:51:43.305 : IterationNum=10	[MsgId: MMSG-17999]
   USER 10 = user42:pwd42	[MsgId: MMSG-17999]
  2023-06-15 01:51:43.336 : IterationNum=6	[MsgId: MMSG-17999]
   USER 6 = user48:pwd48	[MsgId: MMSG-17999]
    2023-06-15 01:51:43.368 : Start page is opened	[MsgId: MMSG-17999]
    2023-06-15 01:51:43.398 : Start page is opened	[MsgId: MMSG-17999]
  2023-06-15 01:51:43.413 : IterationNum=4	[MsgId: MMSG-17999]
   USER 4 = user54:pwd54	[MsgId: MMSG-17999]
    2023-06-15 01:51:43.430 : Start page is opened	[MsgId: MMSG-17999]
    2023-06-15 01:51:43.509 : Start page is opened	[MsgId: MMSG-17999]
    2023-06-15 01:51:43.852 : Search page opened	[MsgId: MMSG-17999]
    2023-06-15 01:51:43.943 : Search page opened	[MsgId: MMSG-17999]
    2023-06-15 01:51:44.472 : Search page opened	[MsgId: MMSG-17999]
    2023-06-15 01:51:48.250 : User is logged in with session 136636.363142973HAcicDcpQcQVzzzHtcVzQpDQHfHf	[MsgId: MMSG-17999]
    2023-06-15 01:51:48.593 : User is logged in with session 136636.363142973HAcicDcpQcQVzzzHtcVzQpDQHfHf	[MsgId: MMSG-17999]
    2023-06-15 01:51:49.001 : User is logged in with session 136636.363142973HAcicDcpQcQVzzzHtcVzQpDQHfHf	[MsgId: MMSG-17999]
    2023-06-15 01:51:49.063 : User is logged in with session 136636.363142973HAcicDcpQcQVzzzHtcVzQpDQHfHf	[MsgId: MMSG-17999]
    2023-06-15 01:51:53.061 : Search page opened	[MsgId: MMSG-17999]
    2023-06-15 01:51:53.982 : Search page opened	[MsgId: MMSG-17999]
    2023-06-15 01:51:54.500 : Search page opened	[MsgId: MMSG-17999]
    2023-06-15 01:51:54.605 : Search page opened	[MsgId: MMSG-17999]
    2023-06-15 01:51:59.409 : Flights found : 562;71;06/18/2023 and 650;75;06/15/2023	[MsgId: MMSG-17999]
    2023-06-15 01:51:59.409 : Sity depart : Portland, Sity arrive : San Francisco	[MsgId: MMSG-17999]
    2023-06-15 01:52:02.305 : Flights found : 181;1575;06/18/2023 and 810;1768;06/15/2023	[MsgId: MMSG-17999]
    2023-06-15 01:52:02.305 : Sity depart : Frankfurt, Sity arrive : Sydney	[MsgId: MMSG-17999]
    2023-06-15 01:52:02.456 : Flights found : 483;2192;06/18/2023 and 843;2192;06/15/2023	[MsgId: MMSG-17999]
    2023-06-15 01:52:02.457 : Sity depart : Paris, Sity arrive : Sydney	[MsgId: MMSG-17999]
    2023-06-15 01:52:03.041 : Flights found : 652;104;06/18/2023 and 561;98;06/15/2023	[MsgId: MMSG-17999]
    2023-06-15 01:52:03.041 : Sity depart : San Francisco, Sity arrive : Portland	[MsgId: MMSG-17999]
    2023-06-15 01:52:06.513 : Flights found : 520;1041;06/18/2023 and 251;927;06/15/2023	[MsgId: MMSG-17999]
    2023-06-15 01:52:06.513 : Sity depart : Portland, Sity arrive : London	[MsgId: MMSG-17999]
    2023-06-15 01:52:07.177 : Found Seat Type : Coach, Seat Pref : Aisle	[MsgId: MMSG-17999]
    2023-06-15 01:52:07.644 : Flights found : 093;646;06/18/2023 and 903;646;06/15/2023	[MsgId: MMSG-17999]
    2023-06-15 01:52:07.644 : Sity depart : Denver, Sity arrive : Zurich	[MsgId: MMSG-17999]
    2023-06-15 01:52:09.141 : Flights found : 871;1339;06/18/2023 and 780;1503;06/15/2023	[MsgId: MMSG-17999]
    2023-06-15 01:52:09.141 : Sity depart : Sydney, Sity arrive : Seattle	[MsgId: MMSG-17999]
    2023-06-15 01:52:11.575 : User is logged out of session	[MsgId: MMSG-17999]
    2023-06-15 01:52:11.641 : Flights found : 061;261;06/18/2023 and 601;261;06/15/2023	[MsgId: MMSG-17999]
    2023-06-15 01:52:11.641 : Sity depart : Denver, Sity arrive : San Francisco	[MsgId: MMSG-17999]
    2023-06-15 01:52:12.143 : Found Seat Type : Business, Seat Pref : None	[MsgId: MMSG-17999]
    2023-06-15 01:52:12.791 : Found Seat Type : First, Seat Pref : Aisle	[MsgId: MMSG-17999]
    2023-06-15 01:52:13.726 : Found Seat Type : Business, Seat Pref : Window	[MsgId: MMSG-17999]
    2023-06-15 01:52:17.611 : User is logged out of session	[MsgId: MMSG-17999]
    2023-06-15 01:52:17.970 : Found Seat Type : First, Seat Pref : None	[MsgId: MMSG-17999]
    2023-06-15 01:52:18.658 : Found Seat Type : First, Seat Pref : None	[MsgId: MMSG-17999]
    2023-06-15 01:52:19.119 : User is logged out of session	[MsgId: MMSG-17999]
    2023-06-15 01:52:19.307 : User is logged out of session	[MsgId: MMSG-17999]
    2023-06-15 01:52:19.812 : Found Seat Type : First, Seat Pref : None	[MsgId: MMSG-17999]
    2023-06-15 01:52:20.698 : Found Seat Type : Business, Seat Pref : Aisle	[MsgId: MMSG-17999]
    2023-06-15 01:52:23.735 : User is logged out of session	[MsgId: MMSG-17999]
    2023-06-15 01:52:24.421 : User is logged out of session	[MsgId: MMSG-17999]
    2023-06-15 01:52:25.326 : User is logged out of session	[MsgId: MMSG-17999]
    2023-06-15 01:52:25.914 : User is logged out of session	[MsgId: MMSG-17999]
  2023-06-15 01:54:33.445 : IterationNum=3	[MsgId: MMSG-17999]
   USER 3 = user57:pwd57	[MsgId: MMSG-17999]
    2023-06-15 01:54:33.538 : Start page is opened	[MsgId: MMSG-17999]
    2023-06-15 01:54:37.778 : User is logged in with session 136636.37691373HAcicDDpzDHftcVzQptAVicf	[MsgId: MMSG-17999]
    2023-06-15 01:54:42.173 : Search page opened	[MsgId: MMSG-17999]
  2023-06-15 01:54:43.480 : IterationNum=3	[MsgId: MMSG-17999]
   USER 3 = user60:pwd60	[MsgId: MMSG-17999]
    2023-06-15 01:54:43.574 : Start page is opened	[MsgId: MMSG-17999]
    2023-06-15 01:54:47.822 : User is logged in with session 136636.377723775HAcicDDpzHQVzzzHtcVzQptAcAHf	[MsgId: MMSG-17999]
    2023-06-15 01:54:53.868 : Search page opened	[MsgId: MMSG-17999]
    2023-06-15 01:54:56.207 : Flights found : 731;155;06/18/2023 and 371;155;06/15/2023	[MsgId: MMSG-17999]
    2023-06-15 01:54:56.207 : Sity depart : Seattle, Sity arrive : Los Angeles	[MsgId: MMSG-17999]
    2023-06-15 01:55:06.369 : Found Seat Type : Coach, Seat Pref : None	[MsgId: MMSG-17999]
    2023-06-15 01:55:07.363 : Flights found : 071;488;06/18/2023 and 702;518;06/15/2023	[MsgId: MMSG-17999]
    2023-06-15 01:55:07.363 : Sity depart : Denver, Sity arrive : Seattle	[MsgId: MMSG-17999]
    2023-06-15 01:55:12.121 : User is logged out of session	[MsgId: MMSG-17999]
    2023-06-15 01:55:16.762 : Found Seat Type : First, Seat Pref : None	[MsgId: MMSG-17999]
    2023-06-15 01:55:21.419 : User is logged out of session	[MsgId: MMSG-17999]
