  2023-06-17 00:19:19.145 : IterationNum=1	[MsgId: MMSG-17999]
   USER 1 = user31:pwd31	[MsgId: MMSG-17999]
    2023-06-17 00:19:19.240 : Start page is opened	[MsgId: MMSG-17999]
    2023-06-17 00:19:25.262 : User is logged in with session 136649.911624139HAciQcQpicQVzzzHtcVHDpfHiQHf	[MsgId: MMSG-17999]
    2023-06-17 00:19:31.005 : Search page opened	[MsgId: MMSG-17999]
    2023-06-17 00:19:46.986 : Flights found : 262;554;06/20/2023 and 620;586;06/17/2023	[MsgId: MMSG-17999]
    2023-06-17 00:19:46.986 : Sity depart : London, Sity arrive : San Francisco	[MsgId: MMSG-17999]
  2023-06-17 00:19:53.962 : IterationNum=1	[MsgId: MMSG-17999]
   USER 1 = user34:pwd34	[MsgId: MMSG-17999]
    2023-06-17 00:19:54.050 : Start page is opened	[MsgId: MMSG-17999]
    2023-06-17 00:19:55.287 : Found Seat Type : Coach, Seat Pref : None	[MsgId: MMSG-17999]
    2023-06-17 00:19:59.464 : User is logged in with session 136649.914378291HAciQcQpQHAiDDDDtcVHDpfHQicf	[MsgId: MMSG-17999]
    2023-06-17 00:20:01.408 : User is logged out of session	[MsgId: MMSG-17999]
    2023-06-17 00:20:05.616 : Search page opened	[MsgId: MMSG-17999]
    2023-06-17 00:20:23.721 : Flights found : 342;414;06/20/2023 and 431;391;06/17/2023	[MsgId: MMSG-17999]
    2023-06-17 00:20:23.722 : Sity depart : Los Angeles, Sity arrive : Paris	[MsgId: MMSG-17999]
  2023-06-17 00:20:28.988 : IterationNum=1	[MsgId: MMSG-17999]
   USER 1 = user37:pwd37	[MsgId: MMSG-17999]
    2023-06-17 00:20:29.089 : Start page is opened	[MsgId: MMSG-17999]
    2023-06-17 00:20:34.714 : Found Seat Type : Coach, Seat Pref : Window	[MsgId: MMSG-17999]
    2023-06-17 00:20:35.327 : User is logged in with session 136649.917294451HAciQDApVcAiDDDDtcVHDpfiAHcf	[MsgId: MMSG-17999]
    2023-06-17 00:20:38.892 : User is logged out of session	[MsgId: MMSG-17999]
    2023-06-17 00:20:40.103 : Search page opened	[MsgId: MMSG-17999]
    2023-06-17 00:20:51.647 : Flights found : 700;548;06/20/2023 and 070;548;06/17/2023	[MsgId: MMSG-17999]
    2023-06-17 00:20:51.647 : Sity depart : Seattle, Sity arrive : Denver	[MsgId: MMSG-17999]
    2023-06-17 00:21:02.032 : Found Seat Type : First, Seat Pref : Window	[MsgId: MMSG-17999]
  2023-06-17 00:21:04.007 : IterationNum=1	[MsgId: MMSG-17999]
   USER 1 = user40:pwd40	[MsgId: MMSG-17999]
    2023-06-17 00:21:04.097 : Start page is opened	[MsgId: MMSG-17999]
    2023-06-17 00:21:07.358 : User is logged out of session	[MsgId: MMSG-17999]
    2023-06-17 00:21:09.421 : User is logged in with session 136649.920129607HAciQDApczzzzzzHtcVHDpfiVz	[MsgId: MMSG-17999]
    2023-06-17 00:21:15.484 : Search page opened	[MsgId: MMSG-17999]
    2023-06-17 00:21:33.560 : Flights found : 182;2162;06/20/2023 and 810;2287;06/17/2023	[MsgId: MMSG-17999]
    2023-06-17 00:21:33.561 : Sity depart : Frankfurt, Sity arrive : Sydney	[MsgId: MMSG-17999]
  2023-06-17 00:21:39.038 : IterationNum=1	[MsgId: MMSG-17999]
   USER 1 = user43:pwd43	[MsgId: MMSG-17999]
    2023-06-17 00:21:39.123 : Start page is opened	[MsgId: MMSG-17999]
    2023-06-17 00:21:44.477 : User is logged in with session 136649.922964763HAciQDAptVcftcVHDpfictHf	[MsgId: MMSG-17999]
    2023-06-17 00:21:45.887 : Found Seat Type : First, Seat Pref : Aisle	[MsgId: MMSG-17999]
    2023-06-17 00:21:48.786 : Search page opened	[MsgId: MMSG-17999]
    2023-06-17 00:21:49.947 : User is logged out of session	[MsgId: MMSG-17999]
  2023-06-17 00:21:59.152 : IterationNum=2	[MsgId: MMSG-17999]
   USER 2 = user32:pwd32	[MsgId: MMSG-17999]
    2023-06-17 00:21:59.247 : Start page is opened	[MsgId: MMSG-17999]
    2023-06-17 00:22:04.293 : User is logged in with session 136649.924584852HAciQDAptQfiDDDDtcVHDpficQHf	[MsgId: MMSG-17999]
    2023-06-17 00:22:04.395 : Flights found : 933;283;06/20/2023 and 392;379;06/17/2023	[MsgId: MMSG-17999]
    2023-06-17 00:22:04.395 : Sity depart : Zurich, Sity arrive : Los Angeles	[MsgId: MMSG-17999]
    2023-06-17 00:22:08.886 : Search page opened	[MsgId: MMSG-17999]
  2023-06-17 00:22:14.069 : IterationNum=1	[MsgId: MMSG-17999]
   USER 1 = user46:pwd46	[MsgId: MMSG-17999]
    2023-06-17 00:22:14.164 : Start page is opened	[MsgId: MMSG-17999]
    2023-06-17 00:22:14.298 : Found Seat Type : Coach, Seat Pref : Window	[MsgId: MMSG-17999]
    2023-06-17 00:22:18.231 : User is logged in with session 136649.925799919HAciQDApffiDDDDDtcVHDpfiDDf	[MsgId: MMSG-17999]
    2023-06-17 00:22:19.344 : User is logged out of session	[MsgId: MMSG-17999]
    2023-06-17 00:22:21.336 : Flights found : 532;187;06/20/2023 and 352;187;06/17/2023	[MsgId: MMSG-17999]
    2023-06-17 00:22:21.336 : Sity depart : Portland, Sity arrive : Los Angeles	[MsgId: MMSG-17999]
    2023-06-17 00:22:22.961 : Search page opened	[MsgId: MMSG-17999]
    2023-06-17 00:22:29.158 : Found Seat Type : Coach, Seat Pref : Aisle	[MsgId: MMSG-17999]
  2023-06-17 00:22:33.965 : IterationNum=2	[MsgId: MMSG-17999]
   USER 2 = user35:pwd35	[MsgId: MMSG-17999]
    2023-06-17 00:22:34.059 : Start page is opened	[MsgId: MMSG-17999]
    2023-06-17 00:22:35.081 : User is logged out of session	[MsgId: MMSG-17999]
    2023-06-17 00:22:39.687 : User is logged in with session 136649.927339004HAciQDApzDHftcVHDpfiDicf	[MsgId: MMSG-17999]
    2023-06-17 00:22:41.343 : Flights found : 311;378;06/20/2023 and 132;577;06/17/2023	[MsgId: MMSG-17999]
    2023-06-17 00:22:41.343 : Sity depart : Los Angeles, Sity arrive : Frankfurt	[MsgId: MMSG-17999]
    2023-06-17 00:22:46.016 : Search page opened	[MsgId: MMSG-17999]
  2023-06-17 00:22:49.098 : IterationNum=1	[MsgId: MMSG-17999]
   USER 1 = user49:pwd49	[MsgId: MMSG-17999]
    2023-06-17 00:22:49.194 : Start page is opened	[MsgId: MMSG-17999]
    2023-06-17 00:22:53.602 : Found Seat Type : First, Seat Pref : Aisle	[MsgId: MMSG-17999]
    2023-06-17 00:22:55.118 : User is logged in with session 136649.928635075HAciQDApHAtVzzzHtcVHDpfitccf	[MsgId: MMSG-17999]
    2023-06-17 00:22:58.637 : User is logged out of session	[MsgId: MMSG-17999]
    2023-06-17 00:22:59.457 : Flights found : 591;411;06/20/2023 and 950;462;06/17/2023	[MsgId: MMSG-17999]
    2023-06-17 00:22:59.457 : Sity depart : Portland, Sity arrive : Zurich	[MsgId: MMSG-17999]
    2023-06-17 00:23:01.437 : Search page opened	[MsgId: MMSG-17999]
           ERROR : Sity depart : Seattle Sity arrive : Seattle	[MsgId: MMSG-17999]
           ERROR FIXED : Sity depart : Seattle Sity arrive : Denver	[MsgId: MMSG-17999]
    2023-06-17 00:23:08.100 : Found Seat Type : Coach, Seat Pref : Window	[MsgId: MMSG-17999]
  2023-06-17 00:23:09.003 : IterationNum=2	[MsgId: MMSG-17999]
   USER 2 = user38:pwd38	[MsgId: MMSG-17999]
    2023-06-17 00:23:09.097 : Start page is opened	[MsgId: MMSG-17999]
    2023-06-17 00:23:13.249 : Flights found : 701;488;06/20/2023 and 070;548;06/17/2023	[MsgId: MMSG-17999]
    2023-06-17 00:23:13.250 : Sity depart : Seattle, Sity arrive : Denver	[MsgId: MMSG-17999]
    2023-06-17 00:23:13.543 : User is logged in with session 136649.930255164HAciQDApHiHftcVHDpfitHcf	[MsgId: MMSG-17999]
    2023-06-17 00:23:13.826 : User is logged out of session	[MsgId: MMSG-17999]
    2023-06-17 00:23:19.352 : Search page opened	[MsgId: MMSG-17999]
    2023-06-17 00:23:21.135 : Found Seat Type : First, Seat Pref : Aisle	[MsgId: MMSG-17999]
  2023-06-17 00:23:24.130 : IterationNum=1	[MsgId: MMSG-17999]
   USER 1 = user52:pwd52	[MsgId: MMSG-17999]
    2023-06-17 00:23:24.224 : Start page is opened	[MsgId: MMSG-17999]
    2023-06-17 00:23:26.362 : User is logged out of session	[MsgId: MMSG-17999]
