  2023-06-15 02:07:18.548 : IterationNum=1	[MsgId: MMSG-17999]
   USER 1 = user31:pwd31	[MsgId: MMSG-17999]
    2023-06-15 02:07:18.656 : Start page is opened	[MsgId: MMSG-17999]
    2023-06-15 02:07:24.633 : User is logged in with session 136636.438882139HAcicDzpicftcVzQptcAQf	[MsgId: MMSG-17999]
  2023-06-15 02:07:28.394 : IterationNum=1	[MsgId: MMSG-17999]
   USER 1 = user34:pwd34	[MsgId: MMSG-17999]
    2023-06-15 02:07:28.479 : Start page is opened	[MsgId: MMSG-17999]
    2023-06-15 02:07:29.603 : Search page opened	[MsgId: MMSG-17999]
           ERROR : Sity depart : Portland Sity arrive : Portland	[MsgId: MMSG-17999]
           ERROR FIXED : Sity depart : Portland Sity arrive : San Francisco	[MsgId: MMSG-17999]
    2023-06-15 02:07:34.170 : User is logged in with session 136636.439692183HAcicDzpizzzzzzHtcVzQptcVc	[MsgId: MMSG-17999]
    2023-06-15 02:07:39.274 : Search page opened	[MsgId: MMSG-17999]
    2023-06-15 02:07:46.743 : Flights found : 561;98;06/18/2023 and 652;104;06/15/2023	[MsgId: MMSG-17999]
    2023-06-15 02:07:46.744 : Sity depart : Portland, Sity arrive : San Francisco	[MsgId: MMSG-17999]
    2023-06-15 02:07:52.111 : Flights found : 850;1509;06/18/2023 and 580;1509;06/15/2023	[MsgId: MMSG-17999]
    2023-06-15 02:07:52.111 : Sity depart : Sydney, Sity arrive : Portland	[MsgId: MMSG-17999]
    2023-06-15 02:07:58.654 : Found Seat Type : Business, Seat Pref : Window	[MsgId: MMSG-17999]
    2023-06-15 02:08:01.996 : Found Seat Type : First, Seat Pref : None	[MsgId: MMSG-17999]
    2023-06-15 02:08:03.425 : User is logged out of session	[MsgId: MMSG-17999]
    2023-06-15 02:08:07.870 : User is logged out of session	[MsgId: MMSG-17999]
  2023-06-15 02:13:18.556 : IterationNum=2	[MsgId: MMSG-17999]
   USER 2 = user32:pwd32	[MsgId: MMSG-17999]
    2023-06-15 02:13:18.650 : Start page is opened	[MsgId: MMSG-17999]
    2023-06-15 02:13:24.042 : User is logged in with session 136636.468043742HAcicDipDcftcVzQptcQQf	[MsgId: MMSG-17999]
  2023-06-15 02:13:28.408 : IterationNum=2	[MsgId: MMSG-17999]
   USER 2 = user35:pwd35	[MsgId: MMSG-17999]
    2023-06-15 02:13:28.502 : Start page is opened	[MsgId: MMSG-17999]
    2023-06-15 02:13:29.685 : Search page opened	[MsgId: MMSG-17999]
    2023-06-15 02:13:34.045 : User is logged in with session 136636.468853787HAcicDipDzzzzzzHtcVzQptDAc	[MsgId: MMSG-17999]
    2023-06-15 02:13:40.204 : Search page opened	[MsgId: MMSG-17999]
    2023-06-15 02:13:45.032 : Flights found : 510;320;06/18/2023 and 151;285;06/15/2023	[MsgId: MMSG-17999]
    2023-06-15 02:13:45.032 : Sity depart : Portland, Sity arrive : Frankfurt	[MsgId: MMSG-17999]
    2023-06-15 02:13:55.098 : Found Seat Type : Coach, Seat Pref : Window	[MsgId: MMSG-17999]
    2023-06-15 02:13:56.710 : Flights found : 211;444;06/18/2023 and 121;444;06/15/2023	[MsgId: MMSG-17999]
    2023-06-15 02:13:56.710 : Sity depart : London, Sity arrive : Frankfurt	[MsgId: MMSG-17999]
    2023-06-15 02:13:59.618 : User is logged out of session	[MsgId: MMSG-17999]
    2023-06-15 02:14:06.292 : Found Seat Type : First, Seat Pref : None	[MsgId: MMSG-17999]
    2023-06-15 02:14:12.131 : User is logged out of session	[MsgId: MMSG-17999]
  2023-06-15 02:19:18.558 : IterationNum=3	[MsgId: MMSG-17999]
   USER 3 = user33:pwd33	[MsgId: MMSG-17999]
    2023-06-15 02:19:18.652 : Start page is opened	[MsgId: MMSG-17999]
    2023-06-15 02:19:23.732 : User is logged in with session 136636.497205346HAcicDQpicftcVzQptDiQf	[MsgId: MMSG-17999]
  2023-06-15 02:19:28.415 : IterationNum=3	[MsgId: MMSG-17999]
   USER 3 = user36:pwd36	[MsgId: MMSG-17999]
    2023-06-15 02:19:28.510 : Start page is opened	[MsgId: MMSG-17999]
    2023-06-15 02:19:28.775 : Search page opened	[MsgId: MMSG-17999]
    2023-06-15 02:19:34.221 : User is logged in with session 136636.498015391HAcicDQpizzzzzzHtcVzQptDQc	[MsgId: MMSG-17999]
    2023-06-15 02:19:39.506 : Search page opened	[MsgId: MMSG-17999]
    2023-06-15 02:19:42.204 : Flights found : 863;873;06/18/2023 and 681;950;06/15/2023	[MsgId: MMSG-17999]
    2023-06-15 02:19:42.204 : Sity depart : Sydney, Sity arrive : San Francisco	[MsgId: MMSG-17999]
    2023-06-15 02:19:50.284 : Found Seat Type : Business, Seat Pref : Window	[MsgId: MMSG-17999]
    2023-06-15 02:19:51.683 : Flights found : 611;384;06/18/2023 and 163;352;06/15/2023	[MsgId: MMSG-17999]
    2023-06-15 02:19:51.684 : Sity depart : San Francisco, Sity arrive : Frankfurt	[MsgId: MMSG-17999]
    2023-06-15 02:19:55.210 : User is logged out of session	[MsgId: MMSG-17999]
    2023-06-15 02:19:59.713 : Found Seat Type : Coach, Seat Pref : Window	[MsgId: MMSG-17999]
    2023-06-15 02:20:03.884 : User is logged out of session	[MsgId: MMSG-17999]
  2023-06-15 02:25:18.574 : IterationNum=4	[MsgId: MMSG-17999]
   USER 4 = user33:pwd33	[MsgId: MMSG-17999]
    2023-06-15 02:25:18.666 : Start page is opened	[MsgId: MMSG-17999]
    2023-06-15 02:25:23.599 : User is logged in with session 136636.52636695HAcictVpDcftcVzQpttHQf	[MsgId: MMSG-17999]
  2023-06-15 02:25:28.430 : IterationNum=4	[MsgId: MMSG-17999]
   USER 4 = user36:pwd36	[MsgId: MMSG-17999]
    2023-06-15 02:25:28.524 : Start page is opened	[MsgId: MMSG-17999]
    2023-06-15 02:25:29.160 : Search page opened	[MsgId: MMSG-17999]
    2023-06-15 02:25:32.764 : User is logged in with session 136636.527176995HAcictVpDzzzzzzHtcVzQpttic	[MsgId: MMSG-17999]
    2023-06-15 02:25:39.098 : Search page opened	[MsgId: MMSG-17999]
    2023-06-15 02:25:43.300 : Flights found : 982;1471;06/18/2023 and 891;1386;06/15/2023	[MsgId: MMSG-17999]
    2023-06-15 02:25:43.300 : Sity depart : Zurich, Sity arrive : Sydney	[MsgId: MMSG-17999]
    2023-06-15 02:25:52.836 : Flights found : 292;256;06/18/2023 and 920;271;06/15/2023	[MsgId: MMSG-17999]
    2023-06-15 02:25:52.836 : Sity depart : London, Sity arrive : Zurich	[MsgId: MMSG-17999]
    2023-06-15 02:25:55.324 : Found Seat Type : Business, Seat Pref : None	[MsgId: MMSG-17999]
    2023-06-15 02:26:01.049 : User is logged out of session	[MsgId: MMSG-17999]
    2023-06-15 02:26:04.527 : Found Seat Type : Business, Seat Pref : Aisle	[MsgId: MMSG-17999]
    2023-06-15 02:26:08.712 : User is logged out of session	[MsgId: MMSG-17999]
  2023-06-15 02:31:18.583 : IterationNum=5	[MsgId: MMSG-17999]
   USER 5 = user33:pwd33	[MsgId: MMSG-17999]
    2023-06-15 02:31:18.676 : Start page is opened	[MsgId: MMSG-17999]
    2023-06-15 02:31:23.891 : User is logged in with session 136636.555528554HAcictcpicftcVzQptfzQf	[MsgId: MMSG-17999]
  2023-06-15 02:31:28.444 : IterationNum=5	[MsgId: MMSG-17999]
   USER 5 = user36:pwd36	[MsgId: MMSG-17999]
    2023-06-15 02:31:28.538 : Start page is opened	[MsgId: MMSG-17999]
    2023-06-15 02:31:28.805 : Search page opened	[MsgId: MMSG-17999]
    2023-06-15 02:31:33.808 : User is logged in with session 136636.556338599HAcictcpizzzzzzHtcVzQptfHc	[MsgId: MMSG-17999]
    2023-06-15 02:31:39.044 : Search page opened	[MsgId: MMSG-17999]
    2023-06-15 02:31:40.362 : Flights found : 262;803;06/18/2023 and 622;803;06/15/2023	[MsgId: MMSG-17999]
    2023-06-15 02:31:40.362 : Sity depart : London, Sity arrive : San Francisco	[MsgId: MMSG-17999]
    2023-06-15 02:31:51.174 : Flights found : 751;83;06/18/2023 and 571;83;06/15/2023	[MsgId: MMSG-17999]
    2023-06-15 02:31:51.174 : Sity depart : Seattle, Sity arrive : Portland	[MsgId: MMSG-17999]
    2023-06-15 02:31:51.561 : Found Seat Type : Business, Seat Pref : None	[MsgId: MMSG-17999]
    2023-06-15 02:31:57.103 : User is logged out of session	[MsgId: MMSG-17999]
    2023-06-15 02:31:59.400 : Found Seat Type : Business, Seat Pref : Aisle	[MsgId: MMSG-17999]
    2023-06-15 02:32:05.322 : User is logged out of session	[MsgId: MMSG-17999]
  2023-06-15 02:37:18.595 : IterationNum=6	[MsgId: MMSG-17999]
   USER 6 = user33:pwd33	[MsgId: MMSG-17999]
    2023-06-15 02:37:18.703 : Start page is opened	[MsgId: MMSG-17999]
    2023-06-15 02:37:24.263 : User is logged in with session 136636.584690158HAcicttpDcftcVzQptzfQf	[MsgId: MMSG-17999]
  2023-06-15 02:37:28.451 : IterationNum=6	[MsgId: MMSG-17999]
   USER 6 = user36:pwd36	[MsgId: MMSG-17999]
    2023-06-15 02:37:28.544 : Start page is opened	[MsgId: MMSG-17999]
    2023-06-15 02:37:30.038 : Search page opened	[MsgId: MMSG-17999]
    2023-06-15 02:37:32.804 : User is logged in with session 136636.585500203HAcicttpDzzzzzzHtcVzQptzzc	[MsgId: MMSG-17999]
    2023-06-15 02:37:38.185 : Search page opened	[MsgId: MMSG-17999]
    2023-06-15 02:37:43.655 : Flights found : 840;2679;06/18/2023 and 480;2679;06/15/2023	[MsgId: MMSG-17999]
    2023-06-15 02:37:43.655 : Sity depart : Sydney, Sity arrive : Paris	[MsgId: MMSG-17999]
    2023-06-15 02:37:51.929 : Found Seat Type : First, Seat Pref : Window	[MsgId: MMSG-17999]
    2023-06-15 02:37:56.174 : Flights found : 403;416;06/18/2023 and 040;508;06/15/2023	[MsgId: MMSG-17999]
    2023-06-15 02:37:56.174 : Sity depart : Paris, Sity arrive : Denver	[MsgId: MMSG-17999]
    2023-06-15 02:37:56.566 : User is logged out of session	[MsgId: MMSG-17999]
    2023-06-15 02:38:06.116 : Found Seat Type : Business, Seat Pref : Window	[MsgId: MMSG-17999]
    2023-06-15 02:38:10.092 : User is logged out of session	[MsgId: MMSG-17999]
  2023-06-15 02:43:18.431 : IterationNum=1	[MsgId: MMSG-17999]
   USER 1 = user37:pwd37	[MsgId: MMSG-17999]
    2023-06-15 02:43:18.528 : Start page is opened	[MsgId: MMSG-17999]
  2023-06-15 02:43:18.606 : IterationNum=7	[MsgId: MMSG-17999]
   USER 7 = user33:pwd33	[MsgId: MMSG-17999]
    2023-06-15 02:43:18.701 : Start page is opened	[MsgId: MMSG-17999]
    2023-06-15 02:43:23.052 : User is logged in with session 136636.613851762HAcictfpicftcVzQptHtQf	[MsgId: MMSG-17999]
    2023-06-15 02:43:23.471 : User is logged in with session 136636.613851762HAcictfpicftcVzQptHtQf	[MsgId: MMSG-17999]
  2023-06-15 02:43:28.453 : IterationNum=7	[MsgId: MMSG-17999]
   USER 7 = user36:pwd36	[MsgId: MMSG-17999]
  2023-06-15 02:43:28.456 : IterationNum=1	[MsgId: MMSG-17999]
   USER 1 = user40:pwd40	[MsgId: MMSG-17999]
    2023-06-15 02:43:28.547 : Start page is opened	[MsgId: MMSG-17999]
    2023-06-15 02:43:28.547 : Start page is opened	[MsgId: MMSG-17999]
    2023-06-15 02:43:29.345 : Search page opened	[MsgId: MMSG-17999]
           ERROR : Sity depart : Zurich Sity arrive : Zurich	[MsgId: MMSG-17999]
           ERROR FIXED : Sity depart : Zurich Sity arrive : Los Angeles	[MsgId: MMSG-17999]
    2023-06-15 02:43:29.441 : Search page opened	[MsgId: MMSG-17999]
    2023-06-15 02:43:32.963 : User is logged in with session 136636.614661806HAcictfpizzzzzzHtcVzQptHfc	[MsgId: MMSG-17999]
    2023-06-15 02:43:34.862 : User is logged in with session 136636.614661806HAcictfpizzzzzzHtcVzQptHfc	[MsgId: MMSG-17999]
    2023-06-15 02:43:37.763 : Search page opened	[MsgId: MMSG-17999]
    2023-06-15 02:43:40.315 : Search page opened	[MsgId: MMSG-17999]
           ERROR : Sity depart : Sydney Sity arrive : Sydney	[MsgId: MMSG-17999]
           ERROR FIXED : Sity depart : Sydney Sity arrive : Sydney	[MsgId: MMSG-17999]
           ERROR FIXED : Sity depart : Sydney Sity arrive : Seattle	[MsgId: MMSG-17999]
    2023-06-15 02:43:42.329 : Flights found : 640;902;06/18/2023 and 462;853;06/15/2023	[MsgId: MMSG-17999]
    2023-06-15 02:43:42.329 : Sity depart : San Francisco, Sity arrive : Paris	[MsgId: MMSG-17999]
    2023-06-15 02:43:47.612 : Flights found : 931;308;06/18/2023 and 390;401;06/15/2023	[MsgId: MMSG-17999]
    2023-06-15 02:43:47.613 : Sity depart : Zurich, Sity arrive : Los Angeles	[MsgId: MMSG-17999]
    2023-06-15 02:43:49.347 : Flights found : 291;241;06/18/2023 and 920;271;06/15/2023	[MsgId: MMSG-17999]
    2023-06-15 02:43:49.347 : Sity depart : London, Sity arrive : Zurich	[MsgId: MMSG-17999]
    2023-06-15 02:43:51.628 : Flights found : 870;801;06/18/2023 and 782;758;06/15/2023	[MsgId: MMSG-17999]
    2023-06-15 02:43:51.629 : Sity depart : Sydney, Sity arrive : Seattle	[MsgId: MMSG-17999]
    2023-06-15 02:43:53.445 : Found Seat Type : Business, Seat Pref : None	[MsgId: MMSG-17999]
    2023-06-15 02:43:57.167 : Found Seat Type : Business, Seat Pref : Window	[MsgId: MMSG-17999]
    2023-06-15 02:43:58.303 : User is logged out of session	[MsgId: MMSG-17999]
    2023-06-15 02:43:58.682 : Found Seat Type : Coach, Seat Pref : Aisle	[MsgId: MMSG-17999]
    2023-06-15 02:44:00.059 : Found Seat Type : Coach, Seat Pref : None	[MsgId: MMSG-17999]
    2023-06-15 02:44:02.476 : User is logged out of session	[MsgId: MMSG-17999]
    2023-06-15 02:44:04.435 : User is logged out of session	[MsgId: MMSG-17999]
    2023-06-15 02:44:05.458 : User is logged out of session	[MsgId: MMSG-17999]
  2023-06-15 02:49:18.436 : IterationNum=2	[MsgId: MMSG-17999]
   USER 2 = user38:pwd38	[MsgId: MMSG-17999]
    2023-06-15 02:49:18.529 : Start page is opened	[MsgId: MMSG-17999]
  2023-06-15 02:49:18.607 : IterationNum=8	[MsgId: MMSG-17999]
   USER 8 = user33:pwd33	[MsgId: MMSG-17999]
    2023-06-15 02:49:18.701 : Start page is opened	[MsgId: MMSG-17999]
    2023-06-15 02:49:23.802 : User is logged in with session 136636.643013366HAcictHpDcftcVzQptiDQf	[MsgId: MMSG-17999]
    2023-06-15 02:49:24.786 : User is logged in with session 136636.643013366HAcictHpDcftcVzQptiDQf	[MsgId: MMSG-17999]
  2023-06-15 02:49:28.455 : IterationNum=8	[MsgId: MMSG-17999]
   USER 8 = user36:pwd36	[MsgId: MMSG-17999]
  2023-06-15 02:49:28.470 : IterationNum=2	[MsgId: MMSG-17999]
   USER 2 = user41:pwd41	[MsgId: MMSG-17999]
    2023-06-15 02:49:28.549 : Start page is opened	[MsgId: MMSG-17999]
    2023-06-15 02:49:28.565 : Start page is opened	[MsgId: MMSG-17999]
    2023-06-15 02:49:29.466 : Search page opened	[MsgId: MMSG-17999]
    2023-06-15 02:49:30.800 : Search page opened	[MsgId: MMSG-17999]
    2023-06-15 02:49:32.526 : User is logged in with session 136636.64382341HAcictHpDzzzzzzHtcVzQptitc	[MsgId: MMSG-17999]
    2023-06-15 02:49:32.621 : User is logged in with session 136636.64382341HAcictHpDzzzzzzHtcVzQptitc	[MsgId: MMSG-17999]
    2023-06-15 02:49:37.535 : Search page opened	[MsgId: MMSG-17999]
    2023-06-15 02:49:37.813 : Search page opened	[MsgId: MMSG-17999]
    2023-06-15 02:49:42.699 : Flights found : 641;554;06/18/2023 and 461;554;06/15/2023	[MsgId: MMSG-17999]
    2023-06-15 02:49:42.699 : Sity depart : San Francisco, Sity arrive : Paris	[MsgId: MMSG-17999]
    2023-06-15 02:49:47.931 : Flights found : 312;214;06/18/2023 and 133;266;06/15/2023	[MsgId: MMSG-17999]
    2023-06-15 02:49:47.931 : Sity depart : Los Angeles, Sity arrive : Frankfurt	[MsgId: MMSG-17999]
    2023-06-15 02:49:50.170 : Flights found : 710;740;06/18/2023 and 171;659;06/15/2023	[MsgId: MMSG-17999]
    2023-06-15 02:49:50.170 : Sity depart : Seattle, Sity arrive : Frankfurt	[MsgId: MMSG-17999]
    2023-06-15 02:49:52.250 : Found Seat Type : Coach, Seat Pref : Window	[MsgId: MMSG-17999]
    2023-06-15 02:49:55.155 : Flights found : 433;673;06/18/2023 and 343;673;06/15/2023	[MsgId: MMSG-17999]
    2023-06-15 02:49:55.155 : Sity depart : Paris, Sity arrive : Los Angeles	[MsgId: MMSG-17999]
    2023-06-15 02:49:55.850 : Found Seat Type : Coach, Seat Pref : Window	[MsgId: MMSG-17999]
    2023-06-15 02:49:56.414 : User is logged out of session	[MsgId: MMSG-17999]
    2023-06-15 02:49:58.375 : Found Seat Type : Business, Seat Pref : None	[MsgId: MMSG-17999]
    2023-06-15 02:50:01.638 : User is logged out of session	[MsgId: MMSG-17999]
    2023-06-15 02:50:02.991 : User is logged out of session	[MsgId: MMSG-17999]
    2023-06-15 02:50:06.231 : Found Seat Type : First, Seat Pref : Aisle	[MsgId: MMSG-17999]
    2023-06-15 02:50:12.522 : User is logged out of session	[MsgId: MMSG-17999]
  2023-06-15 02:55:18.451 : IterationNum=3	[MsgId: MMSG-17999]
   USER 3 = user39:pwd39	[MsgId: MMSG-17999]
    2023-06-15 02:55:18.545 : Start page is opened	[MsgId: MMSG-17999]
  2023-06-15 02:55:18.623 : IterationNum=9	[MsgId: MMSG-17999]
   USER 9 = user33:pwd33	[MsgId: MMSG-17999]
    2023-06-15 02:55:18.718 : Start page is opened	[MsgId: MMSG-17999]
    2023-06-15 02:55:23.668 : User is logged in with session 136636.67217497HAcictipicftcVzQptQcQf	[MsgId: MMSG-17999]
    2023-06-15 02:55:23.726 : User is logged in with session 136636.67217497HAcictipicftcVzQptQcQf	[MsgId: MMSG-17999]
    2023-06-15 02:55:28.247 : Search page opened	[MsgId: MMSG-17999]
  2023-06-15 02:55:28.465 : IterationNum=9	[MsgId: MMSG-17999]
   USER 9 = user36:pwd36	[MsgId: MMSG-17999]
  2023-06-15 02:55:28.481 : IterationNum=3	[MsgId: MMSG-17999]
   USER 3 = user42:pwd42	[MsgId: MMSG-17999]
    2023-06-15 02:55:28.559 : Start page is opened	[MsgId: MMSG-17999]
    2023-06-15 02:55:28.575 : Start page is opened	[MsgId: MMSG-17999]
    2023-06-15 02:55:28.640 : Search page opened	[MsgId: MMSG-17999]
    2023-06-15 02:55:33.152 : User is logged in with session 136636.672985014HAcictipizzzzzzHtcVzQptQDc	[MsgId: MMSG-17999]
    2023-06-15 02:55:34.007 : User is logged in with session 136636.672985014HAcictipizzzzzzHtcVzQptQDc	[MsgId: MMSG-17999]
    2023-06-15 02:55:38.346 : Search page opened	[MsgId: MMSG-17999]
    2023-06-15 02:55:38.378 : Search page opened	[MsgId: MMSG-17999]
    2023-06-15 02:55:40.939 : Flights found : 593;378;06/18/2023 and 952;436;06/15/2023	[MsgId: MMSG-17999]
    2023-06-15 02:55:40.939 : Sity depart : Portland, Sity arrive : Zurich	[MsgId: MMSG-17999]
    2023-06-15 02:55:42.432 : Flights found : 432;414;06/18/2023 and 343;359;06/15/2023	[MsgId: MMSG-17999]
    2023-06-15 02:55:42.432 : Sity depart : Paris, Sity arrive : Los Angeles	[MsgId: MMSG-17999]
    2023-06-15 02:55:48.675 : Found Seat Type : Coach, Seat Pref : Window	[MsgId: MMSG-17999]
    2023-06-15 02:55:50.070 : Found Seat Type : Coach, Seat Pref : Aisle	[MsgId: MMSG-17999]
    2023-06-15 02:55:52.786 : Flights found : 872;1099;06/18/2023 and 782;1099;06/15/2023	[MsgId: MMSG-17999]
    2023-06-15 02:55:52.786 : Sity depart : Sydney, Sity arrive : Seattle	[MsgId: MMSG-17999]
    2023-06-15 02:55:52.827 : User is logged out of session	[MsgId: MMSG-17999]
    2023-06-15 02:55:55.686 : Flights found : 240;204;06/18/2023 and 420;204;06/15/2023	[MsgId: MMSG-17999]
    2023-06-15 02:55:55.686 : Sity depart : London, Sity arrive : Paris	[MsgId: MMSG-17999]
    2023-06-15 02:55:55.989 : User is logged out of session	[MsgId: MMSG-17999]
    2023-06-15 02:56:01.998 : Found Seat Type : Business, Seat Pref : Aisle	[MsgId: MMSG-17999]
    2023-06-15 02:56:04.820 : Found Seat Type : First, Seat Pref : Window	[MsgId: MMSG-17999]
    2023-06-15 02:56:08.064 : User is logged out of session	[MsgId: MMSG-17999]
    2023-06-15 02:56:10.252 : User is logged out of session	[MsgId: MMSG-17999]
  2023-06-15 03:01:18.456 : IterationNum=4	[MsgId: MMSG-17999]
   USER 4 = user39:pwd39	[MsgId: MMSG-17999]
    2023-06-15 03:01:18.550 : Start page is opened	[MsgId: MMSG-17999]
  2023-06-15 03:01:18.628 : IterationNum=10	[MsgId: MMSG-17999]
   USER 10 = user33:pwd33	[MsgId: MMSG-17999]
    2023-06-15 03:01:18.721 : Start page is opened	[MsgId: MMSG-17999]
    2023-06-15 03:01:23.258 : User is logged in with session 136636.701336574HAcicfApDcftcVzQpfAVQf	[MsgId: MMSG-17999]
    2023-06-15 03:01:24.578 : User is logged in with session 136636.701336574HAcicfApDcftcVzQpfAVQf	[MsgId: MMSG-17999]
    2023-06-15 03:01:27.417 : Search page opened	[MsgId: MMSG-17999]
  2023-06-15 03:01:28.472 : IterationNum=10	[MsgId: MMSG-17999]
   USER 10 = user36:pwd36	[MsgId: MMSG-17999]
  2023-06-15 03:01:28.488 : IterationNum=4	[MsgId: MMSG-17999]
   USER 4 = user42:pwd42	[MsgId: MMSG-17999]
    2023-06-15 03:01:28.565 : Start page is opened	[MsgId: MMSG-17999]
    2023-06-15 03:01:28.581 : Start page is opened	[MsgId: MMSG-17999]
    2023-06-15 03:01:30.333 : Search page opened	[MsgId: MMSG-17999]
    2023-06-15 03:01:33.049 : User is logged in with session 136636.702146618HAcicfApDzzzzzzHtcVzQpfAcc	[MsgId: MMSG-17999]
    2023-06-15 03:01:33.295 : User is logged in with session 136636.702146618HAcicfApDzzzzzzHtcVzQpfAcc	[MsgId: MMSG-17999]
    2023-06-15 03:01:38.589 : Search page opened	[MsgId: MMSG-17999]
    2023-06-15 03:01:38.590 : Search page opened	[MsgId: MMSG-17999]
    2023-06-15 03:01:39.636 : Flights found : 830;1256;06/18/2023 and 381;1119;06/15/2023	[MsgId: MMSG-17999]
    2023-06-15 03:01:39.636 : Sity depart : Sydney, Sity arrive : Los Angeles	[MsgId: MMSG-17999]
    2023-06-15 03:01:41.878 : Flights found : 652;134;06/18/2023 and 560;142;06/15/2023	[MsgId: MMSG-17999]
    2023-06-15 03:01:41.878 : Sity depart : San Francisco, Sity arrive : Portland	[MsgId: MMSG-17999]
    2023-06-15 03:01:47.517 : Found Seat Type : First, Seat Pref : Window	[MsgId: MMSG-17999]
    2023-06-15 03:01:50.586 : Found Seat Type : First, Seat Pref : Window	[MsgId: MMSG-17999]
    2023-06-15 03:01:51.571 : Flights found : 022;464;06/18/2023 and 200;491;06/15/2023	[MsgId: MMSG-17999]
    2023-06-15 03:01:51.571 : Sity depart : Denver, Sity arrive : London	[MsgId: MMSG-17999]
    2023-06-15 03:01:53.560 : User is logged out of session	[MsgId: MMSG-17999]
    2023-06-15 03:01:54.031 : Flights found : 890;1073;06/18/2023 and 982;1015;06/15/2023	[MsgId: MMSG-17999]
    2023-06-15 03:01:54.031 : Sity depart : Sydney, Sity arrive : Zurich	[MsgId: MMSG-17999]
    2023-06-15 03:01:55.877 : User is logged out of session	[MsgId: MMSG-17999]
    2023-06-15 03:02:00.047 : Found Seat Type : Business, Seat Pref : Window	[MsgId: MMSG-17999]
    2023-06-15 03:02:02.396 : Found Seat Type : Coach, Seat Pref : None	[MsgId: MMSG-17999]
    2023-06-15 03:02:04.641 : User is logged out of session	[MsgId: MMSG-17999]
    2023-06-15 03:02:07.036 : User is logged out of session	[MsgId: MMSG-17999]
  2023-06-15 03:07:18.460 : IterationNum=5	[MsgId: MMSG-17999]
   USER 5 = user39:pwd39	[MsgId: MMSG-17999]
  2023-06-15 03:07:18.505 : IterationNum=1	[MsgId: MMSG-17999]
   USER 1 = user43:pwd43	[MsgId: MMSG-17999]
    2023-06-15 03:07:18.555 : Start page is opened	[MsgId: MMSG-17999]
    2023-06-15 03:07:18.601 : Start page is opened	[MsgId: MMSG-17999]
  2023-06-15 03:07:18.632 : IterationNum=11	[MsgId: MMSG-17999]
   USER 11 = user33:pwd33	[MsgId: MMSG-17999]
    2023-06-15 03:07:18.726 : Start page is opened	[MsgId: MMSG-17999]
    2023-06-15 03:07:23.140 : User is logged in with session 136636.730498177HAcicfVpicftcVzQpfVAQf	[MsgId: MMSG-17999]
    2023-06-15 03:07:24.319 : User is logged in with session 136636.730498177HAcicfVpicftcVzQpfVAQf	[MsgId: MMSG-17999]
    2023-06-15 03:07:24.617 : User is logged in with session 136636.730498177HAcicfVpicftcVzQpfVAQf	[MsgId: MMSG-17999]
  2023-06-15 03:07:28.485 : IterationNum=11	[MsgId: MMSG-17999]
   USER 11 = user36:pwd36	[MsgId: MMSG-17999]
  2023-06-15 03:07:28.500 : IterationNum=5	[MsgId: MMSG-17999]
   USER 5 = user42:pwd42	[MsgId: MMSG-17999]
  2023-06-15 03:07:28.517 : IterationNum=1	[MsgId: MMSG-17999]
   USER 1 = user46:pwd46	[MsgId: MMSG-17999]
    2023-06-15 03:07:28.578 : Start page is opened	[MsgId: MMSG-17999]
    2023-06-15 03:07:28.595 : Start page is opened	[MsgId: MMSG-17999]
    2023-06-15 03:07:28.598 : Search page opened	[MsgId: MMSG-17999]
    2023-06-15 03:07:28.610 : Start page is opened	[MsgId: MMSG-17999]
    2023-06-15 03:07:29.499 : Search page opened	[MsgId: MMSG-17999]
    2023-06-15 03:07:30.398 : Search page opened	[MsgId: MMSG-17999]
    2023-06-15 03:07:32.896 : User is logged in with session 136636.731308222HAcicfVpizzzzzzHtcVzQpfVVc	[MsgId: MMSG-17999]
    2023-06-15 03:07:33.177 : User is logged in with session 136636.731308222HAcicfVpizzzzzzHtcVzQpfVVc	[MsgId: MMSG-17999]
    2023-06-15 03:07:34.560 : User is logged in with session 136636.731308222HAcicfVpizzzzzzHtcVzQpfVVc	[MsgId: MMSG-17999]
    2023-06-15 03:07:37.639 : Search page opened	[MsgId: MMSG-17999]
    2023-06-15 03:07:39.165 : Search page opened	[MsgId: MMSG-17999]
    2023-06-15 03:07:39.492 : Search page opened	[MsgId: MMSG-17999]
    2023-06-15 03:07:42.433 : Flights found : 683;602;06/18/2023 and 862;695;06/15/2023	[MsgId: MMSG-17999]
    2023-06-15 03:07:42.433 : Sity depart : San Francisco, Sity arrive : Sydney	[MsgId: MMSG-17999]
    2023-06-15 03:07:43.380 : Flights found : 603;165;06/18/2023 and 063;165;06/15/2023	[MsgId: MMSG-17999]
    2023-06-15 03:07:43.380 : Sity depart : San Francisco, Sity arrive : Denver	[MsgId: MMSG-17999]
    2023-06-15 03:07:48.941 : Flights found : 102;684;06/18/2023 and 010;723;06/15/2023	[MsgId: MMSG-17999]
    2023-06-15 03:07:48.941 : Sity depart : Frankfurt, Sity arrive : Denver	[MsgId: MMSG-17999]
    2023-06-15 03:07:51.946 : Found Seat Type : Coach, Seat Pref : Aisle	[MsgId: MMSG-17999]
    2023-06-15 03:07:52.916 : Found Seat Type : Coach, Seat Pref : Window	[MsgId: MMSG-17999]
    2023-06-15 03:07:53.458 : Flights found : 682;1304;06/18/2023 and 862;1304;06/15/2023	[MsgId: MMSG-17999]
    2023-06-15 03:07:53.458 : Sity depart : San Francisco, Sity arrive : Sydney	[MsgId: MMSG-17999]
    2023-06-15 03:07:55.157 : Flights found : 400;350;06/18/2023 and 043;287;06/15/2023	[MsgId: MMSG-17999]
    2023-06-15 03:07:55.157 : Sity depart : Paris, Sity arrive : Denver	[MsgId: MMSG-17999]
    2023-06-15 03:07:55.811 : Flights found : 700;548;06/18/2023 and 072;518;06/15/2023	[MsgId: MMSG-17999]
    2023-06-15 03:07:55.811 : Sity depart : Seattle, Sity arrive : Denver	[MsgId: MMSG-17999]
    2023-06-15 03:07:56.704 : User is logged out of session	[MsgId: MMSG-17999]
    2023-06-15 03:07:58.434 : User is logged out of session	[MsgId: MMSG-17999]
    2023-06-15 03:08:00.465 : Found Seat Type : First, Seat Pref : None	[MsgId: MMSG-17999]
    2023-06-15 03:08:04.515 : Found Seat Type : First, Seat Pref : None	[MsgId: MMSG-17999]
    2023-06-15 03:08:04.947 : User is logged out of session	[MsgId: MMSG-17999]
    2023-06-15 03:08:05.668 : Found Seat Type : First, Seat Pref : Window	[MsgId: MMSG-17999]
    2023-06-15 03:08:07.271 : Found Seat Type : Coach, Seat Pref : None	[MsgId: MMSG-17999]
    2023-06-15 03:08:09.052 : User is logged out of session	[MsgId: MMSG-17999]
    2023-06-15 03:08:11.291 : User is logged out of session	[MsgId: MMSG-17999]
    2023-06-15 03:08:11.720 : User is logged out of session	[MsgId: MMSG-17999]
  2023-06-15 03:13:18.462 : IterationNum=6	[MsgId: MMSG-17999]
   USER 6 = user39:pwd39	[MsgId: MMSG-17999]
  2023-06-15 03:13:18.509 : IterationNum=2	[MsgId: MMSG-17999]
   USER 2 = user44:pwd44	[MsgId: MMSG-17999]
    2023-06-15 03:13:18.556 : Start page is opened	[MsgId: MMSG-17999]
    2023-06-15 03:13:18.603 : Start page is opened	[MsgId: MMSG-17999]
  2023-06-15 03:13:18.634 : IterationNum=12	[MsgId: MMSG-17999]
   USER 12 = user33:pwd33	[MsgId: MMSG-17999]
    2023-06-15 03:13:18.727 : Start page is opened	[MsgId: MMSG-17999]
    2023-06-15 03:13:22.927 : User is logged in with session 136636.759659781HAcicfDpDcftcVzQpfVQQf	[MsgId: MMSG-17999]
    2023-06-15 03:13:23.330 : User is logged in with session 136636.759659781HAcicfDpDcftcVzQpfVQQf	[MsgId: MMSG-17999]
    2023-06-15 03:13:23.782 : User is logged in with session 136636.759659781HAcicfDpDcftcVzQpfVQQf	[MsgId: MMSG-17999]
    2023-06-15 03:13:28.124 : Search page opened	[MsgId: MMSG-17999]
  2023-06-15 03:13:28.494 : IterationNum=12	[MsgId: MMSG-17999]
   USER 12 = user36:pwd36	[MsgId: MMSG-17999]
  2023-06-15 03:13:28.509 : IterationNum=6	[MsgId: MMSG-17999]
   USER 6 = user42:pwd42	[MsgId: MMSG-17999]
  2023-06-15 03:13:28.524 : IterationNum=2	[MsgId: MMSG-17999]
   USER 2 = user47:pwd47	[MsgId: MMSG-17999]
    2023-06-15 03:13:28.586 : Start page is opened	[MsgId: MMSG-17999]
    2023-06-15 03:13:28.602 : Start page is opened	[MsgId: MMSG-17999]
    2023-06-15 03:13:28.618 : Start page is opened	[MsgId: MMSG-17999]
    2023-06-15 03:13:29.118 : Search page opened	[MsgId: MMSG-17999]
    2023-06-15 03:13:29.618 : Search page opened	[MsgId: MMSG-17999]
    2023-06-15 03:13:33.208 : User is logged in with session 136636.760469826HAcicfDpDzzzzzzHtcVzQpfcAc	[MsgId: MMSG-17999]
    2023-06-15 03:13:33.659 : User is logged in with session 136636.760469826HAcicfDpDzzzzzzHtcVzQpfcAc	[MsgId: MMSG-17999]
    2023-06-15 03:13:34.018 : User is logged in with session 136636.760469826HAcicfDpDzzzzzzHtcVzQpfcAc	[MsgId: MMSG-17999]
    2023-06-15 03:13:38.019 : Search page opened	[MsgId: MMSG-17999]
    2023-06-15 03:13:38.825 : Search page opened	[MsgId: MMSG-17999]
    2023-06-15 03:13:39.213 : Search page opened	[MsgId: MMSG-17999]
    2023-06-15 03:13:41.336 : Flights found : 422;193;06/18/2023 and 240;204;06/15/2023	[MsgId: MMSG-17999]
    2023-06-15 03:13:41.336 : Sity depart : Paris, Sity arrive : London	[MsgId: MMSG-17999]
    2023-06-15 03:13:41.488 : Flights found : 421;181;06/18/2023 and 240;204;06/15/2023	[MsgId: MMSG-17999]
    2023-06-15 03:13:41.488 : Sity depart : Paris, Sity arrive : London	[MsgId: MMSG-17999]
    2023-06-15 03:13:43.182 : Flights found : 691;485;06/18/2023 and 960;545;06/15/2023	[MsgId: MMSG-17999]
    2023-06-15 03:13:43.182 : Sity depart : San Francisco, Sity arrive : Zurich	[MsgId: MMSG-17999]
    2023-06-15 03:13:49.625 : Found Seat Type : First, Seat Pref : None	[MsgId: MMSG-17999]
    2023-06-15 03:13:51.824 : Found Seat Type : First, Seat Pref : Window	[MsgId: MMSG-17999]
    2023-06-15 03:13:53.389 : Found Seat Type : Business, Seat Pref : Aisle	[MsgId: MMSG-17999]
    2023-06-15 03:13:53.726 : Flights found : 922;176;06/18/2023 and 292;176;06/15/2023	[MsgId: MMSG-17999]
    2023-06-15 03:13:53.727 : Sity depart : Zurich, Sity arrive : London	[MsgId: MMSG-17999]
    2023-06-15 03:13:53.765 : User is logged out of session	[MsgId: MMSG-17999]
    2023-06-15 03:13:55.359 : Flights found : 073;239;06/18/2023 and 701;260;06/15/2023	[MsgId: MMSG-17999]
    2023-06-15 03:13:55.359 : Sity depart : Denver, Sity arrive : Seattle	[MsgId: MMSG-17999]
    2023-06-15 03:13:55.944 : Flights found : 033;298;06/18/2023 and 300;365;06/15/2023	[MsgId: MMSG-17999]
    2023-06-15 03:13:55.944 : Sity depart : Denver, Sity arrive : Los Angeles	[MsgId: MMSG-17999]
    2023-06-15 03:13:57.846 : User is logged out of session	[MsgId: MMSG-17999]
    2023-06-15 03:13:59.760 : User is logged out of session	[MsgId: MMSG-17999]
    2023-06-15 03:14:03.105 : Found Seat Type : Coach, Seat Pref : Window	[MsgId: MMSG-17999]
    2023-06-15 03:14:03.452 : Found Seat Type : Coach, Seat Pref : None	[MsgId: MMSG-17999]
    2023-06-15 03:14:05.109 : Found Seat Type : Business, Seat Pref : Window	[MsgId: MMSG-17999]
    2023-06-15 03:14:08.815 : User is logged out of session	[MsgId: MMSG-17999]
    2023-06-15 03:14:09.593 : User is logged out of session	[MsgId: MMSG-17999]
    2023-06-15 03:14:10.365 : User is logged out of session	[MsgId: MMSG-17999]
  2023-06-15 03:19:18.470 : IterationNum=7	[MsgId: MMSG-17999]
   USER 7 = user39:pwd39	[MsgId: MMSG-17999]
  2023-06-15 03:19:18.517 : IterationNum=3	[MsgId: MMSG-17999]
   USER 3 = user45:pwd45	[MsgId: MMSG-17999]
  2023-06-15 03:19:18.564 : IterationNum=1	[MsgId: MMSG-17999]
    2023-06-15 03:19:18.564 : Start page is opened	[MsgId: MMSG-17999]
   USER 1 = user49:pwd49	[MsgId: MMSG-17999]
    2023-06-15 03:19:18.612 : Start page is opened	[MsgId: MMSG-17999]
  2023-06-15 03:19:18.642 : IterationNum=13	[MsgId: MMSG-17999]
   USER 13 = user33:pwd33	[MsgId: MMSG-17999]
    2023-06-15 03:19:18.658 : Start page is opened	[MsgId: MMSG-17999]
    2023-06-15 03:19:18.736 : Start page is opened	[MsgId: MMSG-17999]
    2023-06-15 03:19:22.884 : User is logged in with session 136636.788821385HAcicftpicftcVzQpfciQf	[MsgId: MMSG-17999]
    2023-06-15 03:19:23.602 : User is logged in with session 136636.788821385HAcicftpicftcVzQpfciQf	[MsgId: MMSG-17999]
    2023-06-15 03:19:23.607 : User is logged in with session 136636.788821385HAcicftpicftcVzQpfciQf	[MsgId: MMSG-17999]
    2023-06-15 03:19:24.347 : User is logged in with session 136636.788821385HAcicftpicftcVzQpfciQf	[MsgId: MMSG-17999]
    2023-06-15 03:19:27.497 : Search page opened	[MsgId: MMSG-17999]
  2023-06-15 03:19:28.508 : IterationNum=13	[MsgId: MMSG-17999]
   USER 13 = user36:pwd36	[MsgId: MMSG-17999]
  2023-06-15 03:19:28.524 : IterationNum=7	[MsgId: MMSG-17999]
  2023-06-15 03:19:28.524 : IterationNum=3	[MsgId: MMSG-17999]
   USER 7 = user42:pwd42	[MsgId: MMSG-17999]
   USER 3 = user48:pwd48	[MsgId: MMSG-17999]
  2023-06-15 03:19:28.578 : IterationNum=1	[MsgId: MMSG-17999]
   USER 1 = user52:pwd52	[MsgId: MMSG-17999]
    2023-06-15 03:19:28.603 : Start page is opened	[MsgId: MMSG-17999]
    2023-06-15 03:19:28.618 : Start page is opened	[MsgId: MMSG-17999]
    2023-06-15 03:19:28.618 : Start page is opened	[MsgId: MMSG-17999]
    2023-06-15 03:19:28.665 : Start page is opened	[MsgId: MMSG-17999]
    2023-06-15 03:19:29.073 : Search page opened	[MsgId: MMSG-17999]
    2023-06-15 03:19:29.696 : Search page opened	[MsgId: MMSG-17999]
    2023-06-15 03:19:29.787 : Search page opened	[MsgId: MMSG-17999]
    2023-06-15 03:19:33.283 : User is logged in with session 136636.78963143HAcicftpizzzzzzHtcVzQpfcQc	[MsgId: MMSG-17999]
    2023-06-15 03:19:33.846 : User is logged in with session 136636.78963143HAcicftpizzzzzzHtcVzQpfcQc	[MsgId: MMSG-17999]
    2023-06-15 03:19:34.015 : User is logged in with session 136636.78963143HAcicftpizzzzzzHtcVzQpfcQc	[MsgId: MMSG-17999]
    2023-06-15 03:19:34.388 : User is logged in with session 136636.78963143HAcicftpizzzzzzHtcVzQpfcQc	[MsgId: MMSG-17999]
    2023-06-15 03:19:37.263 : Search page opened	[MsgId: MMSG-17999]
           ERROR : Sity depart : Zurich Sity arrive : Zurich	[MsgId: MMSG-17999]
           ERROR FIXED : Sity depart : Zurich Sity arrive : Frankfurt	[MsgId: MMSG-17999]
    2023-06-15 03:19:38.290 : Search page opened	[MsgId: MMSG-17999]
    2023-06-15 03:19:39.515 : Search page opened	[MsgId: MMSG-17999]
    2023-06-15 03:19:39.999 : Search page opened	[MsgId: MMSG-17999]
           ERROR : Sity depart : Portland Sity arrive : Portland	[MsgId: MMSG-17999]
           ERROR FIXED : Sity depart : Portland Sity arrive : Frankfurt	[MsgId: MMSG-17999]
    2023-06-15 03:19:41.467 : Flights found : 270;819;06/18/2023 and 720;819;06/15/2023	[MsgId: MMSG-17999]
    2023-06-15 03:19:41.467 : Sity depart : London, Sity arrive : Seattle	[MsgId: MMSG-17999]
    2023-06-15 03:19:45.418 : Flights found : 022;320;06/18/2023 and 202;320;06/15/2023	[MsgId: MMSG-17999]
    2023-06-15 03:19:45.418 : Sity depart : Denver, Sity arrive : London	[MsgId: MMSG-17999]
    2023-06-15 03:19:45.987 : Flights found : 750;121;06/18/2023 and 570;121;06/15/2023	[MsgId: MMSG-17999]
    2023-06-15 03:19:45.987 : Sity depart : Seattle, Sity arrive : Portland	[MsgId: MMSG-17999]
    2023-06-15 03:19:47.347 : Flights found : 350;198;06/18/2023 and 532;187;06/15/2023	[MsgId: MMSG-17999]
    2023-06-15 03:19:47.347 : Sity depart : Los Angeles, Sity arrive : Portland	[MsgId: MMSG-17999]
    2023-06-15 03:19:49.746 : Found Seat Type : Business, Seat Pref : None	[MsgId: MMSG-17999]
    2023-06-15 03:19:53.049 : Flights found : 510;320;06/18/2023 and 151;285;06/15/2023	[MsgId: MMSG-17999]
    2023-06-15 03:19:53.049 : Sity depart : Portland, Sity arrive : Frankfurt	[MsgId: MMSG-17999]
    2023-06-15 03:19:53.373 : Flights found : 400;657;06/18/2023 and 041;586;06/15/2023	[MsgId: MMSG-17999]
    2023-06-15 03:19:53.373 : Sity depart : Paris, Sity arrive : Denver	[MsgId: MMSG-17999]
    2023-06-15 03:19:55.499 : User is logged out of session	[MsgId: MMSG-17999]
    2023-06-15 03:19:55.595 : Flights found : 912;351;06/18/2023 and 192;351;06/15/2023	[MsgId: MMSG-17999]
    2023-06-15 03:19:55.595 : Sity depart : Zurich, Sity arrive : Frankfurt	[MsgId: MMSG-17999]
    2023-06-15 03:19:55.830 : Found Seat Type : Coach, Seat Pref : Aisle	[MsgId: MMSG-17999]
    2023-06-15 03:19:56.121 : Found Seat Type : First, Seat Pref : Window	[MsgId: MMSG-17999]
    2023-06-15 03:19:56.661 : Found Seat Type : Coach, Seat Pref : None	[MsgId: MMSG-17999]
    2023-06-15 03:19:58.344 : Flights found : 511;534;06/18/2023 and 153;491;06/15/2023	[MsgId: MMSG-17999]
    2023-06-15 03:19:58.344 : Sity depart : Portland, Sity arrive : Frankfurt	[MsgId: MMSG-17999]
    2023-06-15 03:20:00.758 : Found Seat Type : Coach, Seat Pref : Aisle	[MsgId: MMSG-17999]
    2023-06-15 03:20:01.160 : Found Seat Type : First, Seat Pref : Window	[MsgId: MMSG-17999]
    2023-06-15 03:20:01.296 : User is logged out of session	[MsgId: MMSG-17999]
    2023-06-15 03:20:02.241 : User is logged out of session	[MsgId: MMSG-17999]
    2023-06-15 03:20:02.909 : User is logged out of session	[MsgId: MMSG-17999]
    2023-06-15 03:20:04.698 : User is logged out of session	[MsgId: MMSG-17999]
    2023-06-15 03:20:06.876 : Found Seat Type : First, Seat Pref : None	[MsgId: MMSG-17999]
    2023-06-15 03:20:07.052 : User is logged out of session	[MsgId: MMSG-17999]
    2023-06-15 03:20:08.058 : Found Seat Type : First, Seat Pref : Aisle	[MsgId: MMSG-17999]
    2023-06-15 03:20:11.432 : User is logged out of session	[MsgId: MMSG-17999]
    2023-06-15 03:20:13.818 : User is logged out of session	[MsgId: MMSG-17999]
  2023-06-15 03:25:18.485 : IterationNum=8	[MsgId: MMSG-17999]
   USER 8 = user39:pwd39	[MsgId: MMSG-17999]
  2023-06-15 03:25:18.531 : IterationNum=4	[MsgId: MMSG-17999]
   USER 4 = user45:pwd45	[MsgId: MMSG-17999]
  2023-06-15 03:25:18.578 : IterationNum=2	[MsgId: MMSG-17999]
   USER 2 = user50:pwd50	[MsgId: MMSG-17999]
    2023-06-15 03:25:18.579 : Start page is opened	[MsgId: MMSG-17999]
    2023-06-15 03:25:18.626 : Start page is opened	[MsgId: MMSG-17999]
  2023-06-15 03:25:18.657 : IterationNum=14	[MsgId: MMSG-17999]
   USER 14 = user33:pwd33	[MsgId: MMSG-17999]
    2023-06-15 03:25:18.674 : Start page is opened	[MsgId: MMSG-17999]
    2023-06-15 03:25:18.752 : Start page is opened	[MsgId: MMSG-17999]
    2023-06-15 03:25:22.979 : User is logged in with session 136636.817982989HAcicfzpDcftcVzQpfDHQf	[MsgId: MMSG-17999]
    2023-06-15 03:25:23.369 : User is logged in with session 136636.817982989HAcicfzpDcftcVzQpfDHQf	[MsgId: MMSG-17999]
    2023-06-15 03:25:23.960 : User is logged in with session 136636.817982989HAcicfzpDcftcVzQpfDHQf	[MsgId: MMSG-17999]
    2023-06-15 03:25:24.273 : User is logged in with session 136636.817982989HAcicfzpDcftcVzQpfDHQf	[MsgId: MMSG-17999]
  2023-06-15 03:25:28.523 : IterationNum=14	[MsgId: MMSG-17999]
   USER 14 = user36:pwd36	[MsgId: MMSG-17999]
  2023-06-15 03:25:28.538 : IterationNum=4	[MsgId: MMSG-17999]
  2023-06-15 03:25:28.538 : IterationNum=8	[MsgId: MMSG-17999]
   USER 8 = user42:pwd42	[MsgId: MMSG-17999]
   USER 4 = user48:pwd48	[MsgId: MMSG-17999]
  2023-06-15 03:25:28.586 : IterationNum=2	[MsgId: MMSG-17999]
   USER 2 = user53:pwd53	[MsgId: MMSG-17999]
    2023-06-15 03:25:28.618 : Start page is opened	[MsgId: MMSG-17999]
    2023-06-15 03:25:28.633 : Start page is opened	[MsgId: MMSG-17999]
    2023-06-15 03:25:28.633 : Start page is opened	[MsgId: MMSG-17999]
    2023-06-15 03:25:28.667 : Search page opened	[MsgId: MMSG-17999]
    2023-06-15 03:25:28.679 : Start page is opened	[MsgId: MMSG-17999]
    2023-06-15 03:25:28.821 : Search page opened	[MsgId: MMSG-17999]
    2023-06-15 03:25:28.946 : Search page opened	[MsgId: MMSG-17999]
    2023-06-15 03:25:30.439 : Search page opened	[MsgId: MMSG-17999]
    2023-06-15 03:25:32.819 : User is logged in with session 136636.818793034HAcicfzpDzzzzzzHtcVzQpfDic	[MsgId: MMSG-17999]
    2023-06-15 03:25:34.235 : User is logged in with session 136636.818793034HAcicfzpDzzzzzzHtcVzQpfDic	[MsgId: MMSG-17999]
    2023-06-15 03:25:34.468 : User is logged in with session 136636.818793034HAcicfzpDzzzzzzHtcVzQpfDic	[MsgId: MMSG-17999]
    2023-06-15 03:25:34.871 : User is logged in with session 136636.818793034HAcicfzpDzzzzzzHtcVzQpfDic	[MsgId: MMSG-17999]
    2023-06-15 03:25:38.273 : Search page opened	[MsgId: MMSG-17999]
    2023-06-15 03:25:39.192 : Search page opened	[MsgId: MMSG-17999]
    2023-06-15 03:25:39.582 : Search page opened	[MsgId: MMSG-17999]
    2023-06-15 03:25:40.159 : Search page opened	[MsgId: MMSG-17999]
    2023-06-15 03:25:40.745 : Flights found : 462;588;06/18/2023 and 642;588;06/15/2023	[MsgId: MMSG-17999]
    2023-06-15 03:25:40.745 : Sity depart : Paris, Sity arrive : San Francisco	[MsgId: MMSG-17999]
    2023-06-15 03:25:42.900 : Flights found : 673;103;06/18/2023 and 760;126;06/15/2023	[MsgId: MMSG-17999]
    2023-06-15 03:25:42.900 : Sity depart : San Francisco, Sity arrive : Seattle	[MsgId: MMSG-17999]
    2023-06-15 03:25:45.377 : Flights found : 712;904;06/18/2023 and 170;957;06/15/2023	[MsgId: MMSG-17999]
    2023-06-15 03:25:45.377 : Sity depart : Seattle, Sity arrive : Frankfurt	[MsgId: MMSG-17999]
    2023-06-15 03:25:45.990 : Flights found : 701;488;06/18/2023 and 071;488;06/15/2023	[MsgId: MMSG-17999]
    2023-06-15 03:25:45.990 : Sity depart : Seattle, Sity arrive : Denver	[MsgId: MMSG-17999]
    2023-06-15 03:25:49.097 : Found Seat Type : Coach, Seat Pref : Window	[MsgId: MMSG-17999]
    2023-06-15 03:25:51.518 : Flights found : 122;251;06/18/2023 and 210;266;06/15/2023	[MsgId: MMSG-17999]
    2023-06-15 03:25:51.518 : Sity depart : Frankfurt, Sity arrive : London	[MsgId: MMSG-17999]
    2023-06-15 03:25:51.994 : Flights found : 423;167;06/18/2023 and 242;193;06/15/2023	[MsgId: MMSG-17999]
    2023-06-15 03:25:51.994 : Sity depart : Paris, Sity arrive : London	[MsgId: MMSG-17999]
    2023-06-15 03:25:52.894 : Flights found : 102;684;06/18/2023 and 011;644;06/15/2023	[MsgId: MMSG-17999]
    2023-06-15 03:25:52.894 : Sity depart : Frankfurt, Sity arrive : Denver	[MsgId: MMSG-17999]
    2023-06-15 03:25:53.584 : Found Seat Type : First, Seat Pref : Window	[MsgId: MMSG-17999]
    2023-06-15 03:25:54.432 : Found Seat Type : Business, Seat Pref : None	[MsgId: MMSG-17999]
    2023-06-15 03:25:54.846 : User is logged out of session	[MsgId: MMSG-17999]
    2023-06-15 03:25:57.426 : Flights found : 833;1027;06/18/2023 and 383;1027;06/15/2023	[MsgId: MMSG-17999]
    2023-06-15 03:25:57.426 : Sity depart : Sydney, Sity arrive : Los Angeles	[MsgId: MMSG-17999]
    2023-06-15 03:25:58.532 : Found Seat Type : First, Seat Pref : Window	[MsgId: MMSG-17999]
    2023-06-15 03:25:58.905 : User is logged out of session	[MsgId: MMSG-17999]
    2023-06-15 03:25:59.341 : User is logged out of session	[MsgId: MMSG-17999]
    2023-06-15 03:26:00.819 : Found Seat Type : First, Seat Pref : Window	[MsgId: MMSG-17999]
    2023-06-15 03:26:02.485 : Found Seat Type : Coach, Seat Pref : None	[MsgId: MMSG-17999]
    2023-06-15 03:26:02.614 : User is logged out of session	[MsgId: MMSG-17999]
    2023-06-15 03:26:02.726 : Found Seat Type : First, Seat Pref : Aisle	[MsgId: MMSG-17999]
    2023-06-15 03:26:05.550 : User is logged out of session	[MsgId: MMSG-17999]
    2023-06-15 03:26:06.820 : User is logged out of session	[MsgId: MMSG-17999]
    2023-06-15 03:26:08.533 : User is logged out of session	[MsgId: MMSG-17999]
    2023-06-15 03:26:09.181 : Found Seat Type : First, Seat Pref : None	[MsgId: MMSG-17999]
    2023-06-15 03:26:14.924 : User is logged out of session	[MsgId: MMSG-17999]
  2023-06-15 03:31:18.498 : IterationNum=9	[MsgId: MMSG-17999]
   USER 9 = user39:pwd39	[MsgId: MMSG-17999]
  2023-06-15 03:31:18.545 : IterationNum=5	[MsgId: MMSG-17999]
   USER 5 = user45:pwd45	[MsgId: MMSG-17999]
  2023-06-15 03:31:18.592 : IterationNum=3	[MsgId: MMSG-17999]
   USER 3 = user51:pwd51	[MsgId: MMSG-17999]
    2023-06-15 03:31:18.592 : Start page is opened	[MsgId: MMSG-17999]
  2023-06-15 03:31:18.628 : IterationNum=1	[MsgId: MMSG-17999]
   USER 1 = user55:pwd55	[MsgId: MMSG-17999]
    2023-06-15 03:31:18.639 : Start page is opened	[MsgId: MMSG-17999]
  2023-06-15 03:31:18.669 : IterationNum=15	[MsgId: MMSG-17999]
   USER 15 = user33:pwd33	[MsgId: MMSG-17999]
    2023-06-15 03:31:18.685 : Start page is opened	[MsgId: MMSG-17999]
    2023-06-15 03:31:18.716 : Start page is opened	[MsgId: MMSG-17999]
    2023-06-15 03:31:18.764 : Start page is opened	[MsgId: MMSG-17999]
    2023-06-15 03:31:22.603 : User is logged in with session 136636.847144593HAcicfHpicftcVzQpftzQf	[MsgId: MMSG-17999]
    2023-06-15 03:31:22.758 : User is logged in with session 136636.847144593HAcicfHpicftcVzQpftzQf	[MsgId: MMSG-17999]
    2023-06-15 03:31:22.902 : User is logged in with session 136636.847144593HAcicfHpicftcVzQpftzQf	[MsgId: MMSG-17999]
    2023-06-15 03:31:23.993 : User is logged in with session 136636.847144593HAcicfHpicftcVzQpftzQf	[MsgId: MMSG-17999]
    2023-06-15 03:31:24.913 : User is logged in with session 136636.847144593HAcicfHpicftcVzQpftzQf	[MsgId: MMSG-17999]
    2023-06-15 03:31:28.279 : Search page opened	[MsgId: MMSG-17999]
    2023-06-15 03:31:28.403 : Search page opened	[MsgId: MMSG-17999]
  2023-06-15 03:31:28.527 : IterationNum=15	[MsgId: MMSG-17999]
   USER 15 = user36:pwd36	[MsgId: MMSG-17999]
  2023-06-15 03:31:28.542 : IterationNum=5	[MsgId: MMSG-17999]
  2023-06-15 03:31:28.542 : IterationNum=9	[MsgId: MMSG-17999]
   USER 5 = user48:pwd48	[MsgId: MMSG-17999]
   USER 9 = user42:pwd42	[MsgId: MMSG-17999]
  2023-06-15 03:31:28.591 : IterationNum=3	[MsgId: MMSG-17999]
   USER 3 = user54:pwd54	[MsgId: MMSG-17999]
    2023-06-15 03:31:28.622 : Start page is opened	[MsgId: MMSG-17999]
    2023-06-15 03:31:28.638 : Start page is opened	[MsgId: MMSG-17999]
    2023-06-15 03:31:28.638 : Start page is opened	[MsgId: MMSG-17999]
  2023-06-15 03:31:28.643 : IterationNum=1	[MsgId: MMSG-17999]
   USER 1 = user58:pwd58	[MsgId: MMSG-17999]
    2023-06-15 03:31:28.698 : Start page is opened	[MsgId: MMSG-17999]
    2023-06-15 03:31:28.730 : Start page is opened	[MsgId: MMSG-17999]
    2023-06-15 03:31:28.922 : Search page opened	[MsgId: MMSG-17999]
    2023-06-15 03:31:29.231 : Search page opened	[MsgId: MMSG-17999]
    2023-06-15 03:31:30.602 : Search page opened	[MsgId: MMSG-17999]
    2023-06-15 03:31:33.366 : User is logged in with session 136636.847954638HAcicfHpizzzzzzHtcVzQpftHc	[MsgId: MMSG-17999]
    2023-06-15 03:31:33.587 : User is logged in with session 136636.847954638HAcicfHpizzzzzzHtcVzQpftHc	[MsgId: MMSG-17999]
    2023-06-15 03:31:34.207 : User is logged in with session 136636.847954638HAcicfHpizzzzzzHtcVzQpftHc	[MsgId: MMSG-17999]
    2023-06-15 03:31:34.363 : User is logged in with session 136636.847954638HAcicfHpizzzzzzHtcVzQpftHc	[MsgId: MMSG-17999]
    2023-06-15 03:31:34.581 : User is logged in with session 136636.847954638HAcicfHpizzzzzzHtcVzQpftHc	[MsgId: MMSG-17999]
    2023-06-15 03:31:38.038 : Search page opened	[MsgId: MMSG-17999]
    2023-06-15 03:31:38.600 : Search page opened	[MsgId: MMSG-17999]
    2023-06-15 03:31:38.927 : Search page opened	[MsgId: MMSG-17999]
    2023-06-15 03:31:39.765 : Search page opened	[MsgId: MMSG-17999]
    2023-06-15 03:31:40.012 : Search page opened	[MsgId: MMSG-17999]
    2023-06-15 03:31:41.020 : Flights found : 602;191;06/18/2023 and 062;191;06/15/2023	[MsgId: MMSG-17999]
    2023-06-15 03:31:41.020 : Sity depart : San Francisco, Sity arrive : Denver	[MsgId: MMSG-17999]
    2023-06-15 03:31:42.079 : Flights found : 483;1695;06/18/2023 and 841;1845;06/15/2023	[MsgId: MMSG-17999]
    2023-06-15 03:31:42.079 : Sity depart : Paris, Sity arrive : Sydney	[MsgId: MMSG-17999]
    2023-06-15 03:31:42.291 : Flights found : 431;733;06/18/2023 and 341;733;06/15/2023	[MsgId: MMSG-17999]
    2023-06-15 03:31:42.291 : Sity depart : Paris, Sity arrive : Los Angeles	[MsgId: MMSG-17999]
    2023-06-15 03:31:43.931 : Flights found : 070;424;06/18/2023 and 701;377;06/15/2023	[MsgId: MMSG-17999]
    2023-06-15 03:31:43.931 : Sity depart : Denver, Sity arrive : Seattle	[MsgId: MMSG-17999]
    2023-06-15 03:31:45.743 : Flights found : 492;196;06/18/2023 and 943;169;06/15/2023	[MsgId: MMSG-17999]
    2023-06-15 03:31:45.743 : Sity depart : Paris, Sity arrive : Zurich	[MsgId: MMSG-17999]
    2023-06-15 03:31:52.012 : Found Seat Type : Business, Seat Pref : Window	[MsgId: MMSG-17999]
    2023-06-15 03:31:52.789 : Flights found : 693;307;06/18/2023 and 962;355;06/15/2023	[MsgId: MMSG-17999]
    2023-06-15 03:31:52.789 : Sity depart : San Francisco, Sity arrive : Zurich	[MsgId: MMSG-17999]
    2023-06-15 03:31:53.144 : Found Seat Type : Coach, Seat Pref : Aisle	[MsgId: MMSG-17999]
    2023-06-15 03:31:54.158 : Flights found : 132;577;06/18/2023 and 310;424;06/15/2023	[MsgId: MMSG-17999]
    2023-06-15 03:31:54.158 : Sity depart : Frankfurt, Sity arrive : Los Angeles	[MsgId: MMSG-17999]
    2023-06-15 03:31:54.664 : Found Seat Type : First, Seat Pref : Aisle	[MsgId: MMSG-17999]
    2023-06-15 03:31:55.304 : Found Seat Type : Business, Seat Pref : Window	[MsgId: MMSG-17999]
    2023-06-15 03:31:55.979 : Flights found : 911;255;06/18/2023 and 190;287;06/15/2023	[MsgId: MMSG-17999]
    2023-06-15 03:31:55.979 : Sity depart : Zurich, Sity arrive : Frankfurt	[MsgId: MMSG-17999]
    2023-06-15 03:31:56.362 : Found Seat Type : Business, Seat Pref : Window	[MsgId: MMSG-17999]
    2023-06-15 03:31:56.659 : Flights found : 651;67;06/18/2023 and 560;75;06/15/2023	[MsgId: MMSG-17999]
    2023-06-15 03:31:56.659 : Sity depart : San Francisco, Sity arrive : Portland	[MsgId: MMSG-17999]
    2023-06-15 03:31:56.865 : Flights found : 473;489;06/18/2023 and 740;598;06/15/2023	[MsgId: MMSG-17999]
    2023-06-15 03:31:56.865 : Sity depart : Paris, Sity arrive : Seattle	[MsgId: MMSG-17999]
    2023-06-15 03:31:58.205 : User is logged out of session	[MsgId: MMSG-17999]
    2023-06-15 03:31:58.981 : User is logged out of session	[MsgId: MMSG-17999]
    2023-06-15 03:31:59.999 : User is logged out of session	[MsgId: MMSG-17999]
    2023-06-15 03:32:00.469 : User is logged out of session	[MsgId: MMSG-17999]
    2023-06-15 03:32:01.640 : User is logged out of session	[MsgId: MMSG-17999]
    2023-06-15 03:32:03.543 : Found Seat Type : Coach, Seat Pref : None	[MsgId: MMSG-17999]
    2023-06-15 03:32:05.208 : Found Seat Type : Coach, Seat Pref : Window	[MsgId: MMSG-17999]
    2023-06-15 03:32:05.756 : Found Seat Type : Business, Seat Pref : Window	[MsgId: MMSG-17999]
    2023-06-15 03:32:06.222 : Found Seat Type : First, Seat Pref : None	[MsgId: MMSG-17999]
    2023-06-15 03:32:07.716 : Found Seat Type : Coach, Seat Pref : None	[MsgId: MMSG-17999]
    2023-06-15 03:32:09.229 : User is logged out of session	[MsgId: MMSG-17999]
    2023-06-15 03:32:10.756 : User is logged out of session	[MsgId: MMSG-17999]
    2023-06-15 03:32:11.713 : User is logged out of session	[MsgId: MMSG-17999]
    2023-06-15 03:32:11.836 : User is logged out of session	[MsgId: MMSG-17999]
    2023-06-15 03:32:13.527 : User is logged out of session	[MsgId: MMSG-17999]
  2023-06-15 03:37:18.505 : IterationNum=10	[MsgId: MMSG-17999]
   USER 10 = user39:pwd39	[MsgId: MMSG-17999]
  2023-06-15 03:37:18.552 : IterationNum=6	[MsgId: MMSG-17999]
   USER 6 = user45:pwd45	[MsgId: MMSG-17999]
  2023-06-15 03:37:18.599 : IterationNum=4	[MsgId: MMSG-17999]
   USER 4 = user51:pwd51	[MsgId: MMSG-17999]
    2023-06-15 03:37:18.599 : Start page is opened	[MsgId: MMSG-17999]
  2023-06-15 03:37:18.629 : IterationNum=2	[MsgId: MMSG-17999]
   USER 2 = user56:pwd56	[MsgId: MMSG-17999]
    2023-06-15 03:37:18.646 : Start page is opened	[MsgId: MMSG-17999]
  2023-06-15 03:37:18.677 : IterationNum=16	[MsgId: MMSG-17999]
   USER 16 = user33:pwd33	[MsgId: MMSG-17999]
    2023-06-15 03:37:18.693 : Start page is opened	[MsgId: MMSG-17999]
    2023-06-15 03:37:18.723 : Start page is opened	[MsgId: MMSG-17999]
    2023-06-15 03:37:18.769 : Start page is opened	[MsgId: MMSG-17999]
    2023-06-15 03:37:22.725 : User is logged in with session 136636.876306197HAcicfQpDcftcVzQpfffQf	[MsgId: MMSG-17999]
    2023-06-15 03:37:24.125 : User is logged in with session 136636.876306197HAcicfQpDcftcVzQpfffQf	[MsgId: MMSG-17999]
    2023-06-15 03:37:24.391 : User is logged in with session 136636.876306197HAcicfQpDcftcVzQpfffQf	[MsgId: MMSG-17999]
    2023-06-15 03:37:24.485 : User is logged in with session 136636.876306197HAcicfQpDcftcVzQpfffQf	[MsgId: MMSG-17999]
    2023-06-15 03:37:25.047 : User is logged in with session 136636.876306197HAcicfQpDcftcVzQpfffQf	[MsgId: MMSG-17999]
    2023-06-15 03:37:26.631 : Search page opened	[MsgId: MMSG-17999]
  2023-06-15 03:37:28.529 : IterationNum=16	[MsgId: MMSG-17999]
   USER 16 = user36:pwd36	[MsgId: MMSG-17999]
  2023-06-15 03:37:28.544 : IterationNum=10	[MsgId: MMSG-17999]
  2023-06-15 03:37:28.544 : IterationNum=6	[MsgId: MMSG-17999]
   USER 10 = user42:pwd42	[MsgId: MMSG-17999]
   USER 6 = user48:pwd48	[MsgId: MMSG-17999]
  2023-06-15 03:37:28.591 : IterationNum=4	[MsgId: MMSG-17999]
   USER 4 = user54:pwd54	[MsgId: MMSG-17999]
    2023-06-15 03:37:28.622 : Start page is opened	[MsgId: MMSG-17999]
    2023-06-15 03:37:28.638 : Start page is opened	[MsgId: MMSG-17999]
    2023-06-15 03:37:28.638 : Start page is opened	[MsgId: MMSG-17999]
  2023-06-15 03:37:28.653 : IterationNum=2	[MsgId: MMSG-17999]
   USER 2 = user59:pwd59	[MsgId: MMSG-17999]
    2023-06-15 03:37:28.685 : Start page is opened	[MsgId: MMSG-17999]
    2023-06-15 03:37:28.747 : Start page is opened	[MsgId: MMSG-17999]
    2023-06-15 03:37:29.340 : Search page opened	[MsgId: MMSG-17999]
    2023-06-15 03:37:29.354 : Search page opened	[MsgId: MMSG-17999]
    2023-06-15 03:37:29.478 : Search page opened	[MsgId: MMSG-17999]
    2023-06-15 03:37:31.412 : Search page opened	[MsgId: MMSG-17999]
    2023-06-15 03:37:33.402 : User is logged in with session 136636.877116241HAcicfQpDzzzzzzHtcVzQpffzc	[MsgId: MMSG-17999]
    2023-06-15 03:37:34.042 : User is logged in with session 136636.877116241HAcicfQpDzzzzzzHtcVzQpffzc	[MsgId: MMSG-17999]
    2023-06-15 03:37:34.150 : User is logged in with session 136636.877116241HAcicfQpDzzzzzzHtcVzQpffzc	[MsgId: MMSG-17999]
    2023-06-15 03:37:34.197 : User is logged in with session 136636.877116241HAcicfQpDzzzzzzHtcVzQpffzc	[MsgId: MMSG-17999]
    2023-06-15 03:37:34.385 : User is logged in with session 136636.877116241HAcicfQpDzzzzzzHtcVzQpffzc	[MsgId: MMSG-17999]
    2023-06-15 03:37:37.483 : Search page opened	[MsgId: MMSG-17999]
    2023-06-15 03:37:38.182 : Search page opened	[MsgId: MMSG-17999]
    2023-06-15 03:37:40.451 : Search page opened	[MsgId: MMSG-17999]
    2023-06-15 03:37:40.465 : Search page opened	[MsgId: MMSG-17999]
           ERROR : Sity depart : Zurich Sity arrive : Zurich	[MsgId: MMSG-17999]
           ERROR FIXED : Sity depart : Zurich Sity arrive : Frankfurt	[MsgId: MMSG-17999]
    2023-06-15 03:37:40.512 : Search page opened	[MsgId: MMSG-17999]
           ERROR : Sity depart : Los Angeles Sity arrive : Los Angeles	[MsgId: MMSG-17999]
           ERROR FIXED : Sity depart : Los Angeles Sity arrive : Frankfurt	[MsgId: MMSG-17999]
    2023-06-15 03:37:41.205 : Flights found : 860;1067;06/18/2023 and 683;873;06/15/2023	[MsgId: MMSG-17999]
    2023-06-15 03:37:41.205 : Sity depart : Sydney, Sity arrive : San Francisco	[MsgId: MMSG-17999]
    2023-06-15 03:37:42.914 : Flights found : 953;708;06/18/2023 and 591;771;06/15/2023	[MsgId: MMSG-17999]
    2023-06-15 03:37:42.914 : Sity depart : Zurich, Sity arrive : Portland	[MsgId: MMSG-17999]
    2023-06-15 03:37:44.279 : Flights found : 781;1035;06/18/2023 and 873;951;06/15/2023	[MsgId: MMSG-17999]
    2023-06-15 03:37:44.279 : Sity depart : Seattle, Sity arrive : Sydney	[MsgId: MMSG-17999]
    2023-06-15 03:37:44.871 : Flights found : 311;201;06/18/2023 and 131;290;06/15/2023	[MsgId: MMSG-17999]
    2023-06-15 03:37:44.871 : Sity depart : Los Angeles, Sity arrive : Frankfurt	[MsgId: MMSG-17999]
    2023-06-15 03:37:46.533 : Flights found : 582;1103;06/18/2023 and 852;1103;06/15/2023	[MsgId: MMSG-17999]
    2023-06-15 03:37:46.533 : Sity depart : Portland, Sity arrive : Sydney	[MsgId: MMSG-17999]
    2023-06-15 03:37:52.067 : Found Seat Type : First, Seat Pref : None	[MsgId: MMSG-17999]
    2023-06-15 03:37:52.729 : Flights found : 310;328;06/18/2023 and 130;472;06/15/2023	[MsgId: MMSG-17999]
    2023-06-15 03:37:52.729 : Sity depart : Los Angeles, Sity arrive : Frankfurt	[MsgId: MMSG-17999]
    2023-06-15 03:37:52.914 : Found Seat Type : Business, Seat Pref : Aisle	[MsgId: MMSG-17999]
    2023-06-15 03:37:53.148 : Found Seat Type : Business, Seat Pref : None	[MsgId: MMSG-17999]
    2023-06-15 03:37:54.005 : Flights found : 910;371;06/18/2023 and 193;303;06/15/2023	[MsgId: MMSG-17999]
    2023-06-15 03:37:54.005 : Sity depart : Zurich, Sity arrive : Frankfurt	[MsgId: MMSG-17999]
    2023-06-15 03:37:54.223 : Found Seat Type : Business, Seat Pref : Window	[MsgId: MMSG-17999]
    2023-06-15 03:37:54.335 : Flights found : 232;731;06/18/2023 and 321;688;06/15/2023	[MsgId: MMSG-17999]
    2023-06-15 03:37:54.335 : Sity depart : London, Sity arrive : Los Angeles	[MsgId: MMSG-17999]
    2023-06-15 03:37:54.361 : Flights found : 023;401;06/18/2023 and 203;401;06/15/2023	[MsgId: MMSG-17999]
    2023-06-15 03:37:54.361 : Sity depart : Denver, Sity arrive : London	[MsgId: MMSG-17999]
    2023-06-15 03:37:55.578 : Flights found : 911;176;06/18/2023 and 192;187;06/15/2023	[MsgId: MMSG-17999]
    2023-06-15 03:37:55.578 : Sity depart : Zurich, Sity arrive : Frankfurt	[MsgId: MMSG-17999]
    2023-06-15 03:37:55.719 : Found Seat Type : Coach, Seat Pref : Aisle	[MsgId: MMSG-17999]
    2023-06-15 03:37:57.856 : User is logged out of session	[MsgId: MMSG-17999]
    2023-06-15 03:37:57.981 : User is logged out of session	[MsgId: MMSG-17999]
    2023-06-15 03:37:58.434 : User is logged out of session	[MsgId: MMSG-17999]
    2023-06-15 03:37:59.958 : User is logged out of session	[MsgId: MMSG-17999]
    2023-06-15 03:38:01.451 : User is logged out of session	[MsgId: MMSG-17999]
    2023-06-15 03:38:01.728 : Found Seat Type : First, Seat Pref : Window	[MsgId: MMSG-17999]
    2023-06-15 03:38:02.521 : Found Seat Type : Coach, Seat Pref : Window	[MsgId: MMSG-17999]
    2023-06-15 03:38:05.206 : Found Seat Type : Business, Seat Pref : Window	[MsgId: MMSG-17999]
    2023-06-15 03:38:05.565 : Found Seat Type : Business, Seat Pref : Aisle	[MsgId: MMSG-17999]
    2023-06-15 03:38:06.651 : Found Seat Type : Coach, Seat Pref : Window	[MsgId: MMSG-17999]
    2023-06-15 03:38:06.877 : User is logged out of session	[MsgId: MMSG-17999]
    2023-06-15 03:38:07.520 : User is logged out of session	[MsgId: MMSG-17999]
    2023-06-15 03:38:09.635 : User is logged out of session	[MsgId: MMSG-17999]
    2023-06-15 03:38:11.232 : User is logged out of session	[MsgId: MMSG-17999]
    2023-06-15 03:38:11.556 : User is logged out of session	[MsgId: MMSG-17999]
  2023-06-15 03:43:18.505 : IterationNum=11	[MsgId: MMSG-17999]
   USER 11 = user39:pwd39	[MsgId: MMSG-17999]
  2023-06-15 03:43:18.552 : IterationNum=7	[MsgId: MMSG-17999]
   USER 7 = user45:pwd45	[MsgId: MMSG-17999]
  2023-06-15 03:43:18.599 : IterationNum=5	[MsgId: MMSG-17999]
   USER 5 = user51:pwd51	[MsgId: MMSG-17999]
    2023-06-15 03:43:18.600 : Start page is opened	[MsgId: MMSG-17999]
  2023-06-15 03:43:18.630 : IterationNum=3	[MsgId: MMSG-17999]
   USER 3 = user57:pwd57	[MsgId: MMSG-17999]
    2023-06-15 03:43:18.646 : Start page is opened	[MsgId: MMSG-17999]
  2023-06-15 03:43:18.677 : IterationNum=17	[MsgId: MMSG-17999]
   USER 17 = user33:pwd33	[MsgId: MMSG-17999]
    2023-06-15 03:43:18.708 : Start page is opened	[MsgId: MMSG-17999]
    2023-06-15 03:43:18.724 : Start page is opened	[MsgId: MMSG-17999]
    2023-06-15 03:43:18.771 : Start page is opened	[MsgId: MMSG-17999]
    2023-06-15 03:43:22.802 : User is logged in with session 136636.905467801HAciczApicftcVzQpfztQf	[MsgId: MMSG-17999]
    2023-06-15 03:43:23.796 : User is logged in with session 136636.905467801HAciczApicftcVzQpfztQf	[MsgId: MMSG-17999]
    2023-06-15 03:43:24.032 : User is logged in with session 136636.905467801HAciczApicftcVzQpfztQf	[MsgId: MMSG-17999]
    2023-06-15 03:43:24.466 : User is logged in with session 136636.905467801HAciczApicftcVzQpfztQf	[MsgId: MMSG-17999]
    2023-06-15 03:43:24.872 : User is logged in with session 136636.905467801HAciczApicftcVzQpfztQf	[MsgId: MMSG-17999]
    2023-06-15 03:43:28.395 : Search page opened	[MsgId: MMSG-17999]
  2023-06-15 03:43:28.533 : IterationNum=17	[MsgId: MMSG-17999]
   USER 17 = user36:pwd36	[MsgId: MMSG-17999]
  2023-06-15 03:43:28.549 : IterationNum=11	[MsgId: MMSG-17999]
  2023-06-15 03:43:28.549 : IterationNum=7	[MsgId: MMSG-17999]
   USER 7 = user48:pwd48	[MsgId: MMSG-17999]
   USER 11 = user42:pwd42	[MsgId: MMSG-17999]
  2023-06-15 03:43:28.596 : IterationNum=5	[MsgId: MMSG-17999]
   USER 5 = user54:pwd54	[MsgId: MMSG-17999]
    2023-06-15 03:43:28.607 : Search page opened	[MsgId: MMSG-17999]
    2023-06-15 03:43:28.629 : Start page is opened	[MsgId: MMSG-17999]
    2023-06-15 03:43:28.644 : Start page is opened	[MsgId: MMSG-17999]
    2023-06-15 03:43:28.644 : Start page is opened	[MsgId: MMSG-17999]
  2023-06-15 03:43:28.660 : IterationNum=3	[MsgId: MMSG-17999]
   USER 3 = user60:pwd60	[MsgId: MMSG-17999]
    2023-06-15 03:43:28.692 : Start page is opened	[MsgId: MMSG-17999]
    2023-06-15 03:43:28.755 : Start page is opened	[MsgId: MMSG-17999]
    2023-06-15 03:43:28.822 : Search page opened	[MsgId: MMSG-17999]
    2023-06-15 03:43:29.456 : Search page opened	[MsgId: MMSG-17999]
    2023-06-15 03:43:30.958 : Search page opened	[MsgId: MMSG-17999]
    2023-06-15 03:43:32.753 : User is logged in with session 136636.906277845HAciczApizzzzzzHtcVzQpfzfc	[MsgId: MMSG-17999]
    2023-06-15 03:43:33.704 : User is logged in with session 136636.906277845HAciczApizzzzzzHtcVzQpfzfc	[MsgId: MMSG-17999]
    2023-06-15 03:43:33.971 : User is logged in with session 136636.906277845HAciczApizzzzzzHtcVzQpfzfc	[MsgId: MMSG-17999]
    2023-06-15 03:43:34.481 : User is logged in with session 136636.906277845HAciczApizzzzzzHtcVzQpfzfc	[MsgId: MMSG-17999]
    2023-06-15 03:43:35.072 : User is logged in with session 136636.906277845HAciczApizzzzzzHtcVzQpfzfc	[MsgId: MMSG-17999]
    2023-06-15 03:43:37.469 : Search page opened	[MsgId: MMSG-17999]
    2023-06-15 03:43:38.773 : Search page opened	[MsgId: MMSG-17999]
    2023-06-15 03:43:38.834 : Search page opened	[MsgId: MMSG-17999]
    2023-06-15 03:43:39.906 : Search page opened	[MsgId: MMSG-17999]
    2023-06-15 03:43:41.092 : Search page opened	[MsgId: MMSG-17999]
    2023-06-15 03:43:43.087 : Flights found : 623;695;06/18/2023 and 261;757;06/15/2023	[MsgId: MMSG-17999]
    2023-06-15 03:43:43.087 : Sity depart : San Francisco, Sity arrive : London	[MsgId: MMSG-17999]
    2023-06-15 03:43:43.409 : Flights found : 423;129;06/18/2023 and 243;129;06/15/2023	[MsgId: MMSG-17999]
    2023-06-15 03:43:43.409 : Sity depart : Paris, Sity arrive : London	[MsgId: MMSG-17999]
    2023-06-15 03:43:43.489 : Flights found : 712;904;06/18/2023 and 170;957;06/15/2023	[MsgId: MMSG-17999]
    2023-06-15 03:43:43.489 : Sity depart : Seattle, Sity arrive : Frankfurt	[MsgId: MMSG-17999]
    2023-06-15 03:43:43.925 : Flights found : 912;351;06/18/2023 and 193;303;06/15/2023	[MsgId: MMSG-17999]
    2023-06-15 03:43:43.925 : Sity depart : Zurich, Sity arrive : Frankfurt	[MsgId: MMSG-17999]
    2023-06-15 03:43:48.219 : Flights found : 291;312;06/18/2023 and 920;350;06/15/2023	[MsgId: MMSG-17999]
    2023-06-15 03:43:48.219 : Sity depart : London, Sity arrive : Zurich	[MsgId: MMSG-17999]
    2023-06-15 03:43:51.859 : Found Seat Type : First, Seat Pref : Window	[MsgId: MMSG-17999]
    2023-06-15 03:43:53.393 : Found Seat Type : First, Seat Pref : None	[MsgId: MMSG-17999]
    2023-06-15 03:43:53.844 : Found Seat Type : Business, Seat Pref : None	[MsgId: MMSG-17999]
    2023-06-15 03:43:54.852 : Found Seat Type : Business, Seat Pref : None	[MsgId: MMSG-17999]
    2023-06-15 03:43:54.853 : Flights found : 513;379;06/18/2023 and 151;413;06/15/2023	[MsgId: MMSG-17999]
    2023-06-15 03:43:54.853 : Sity depart : Portland, Sity arrive : Frankfurt	[MsgId: MMSG-17999]
    2023-06-15 03:43:55.595 : Flights found : 912;187;06/18/2023 and 192;187;06/15/2023	[MsgId: MMSG-17999]
    2023-06-15 03:43:55.595 : Sity depart : Zurich, Sity arrive : Frankfurt	[MsgId: MMSG-17999]
    2023-06-15 03:43:55.596 : Flights found : 142;176;06/18/2023 and 412;176;06/15/2023	[MsgId: MMSG-17999]
    2023-06-15 03:43:55.596 : Sity depart : Frankfurt, Sity arrive : Paris	[MsgId: MMSG-17999]
    2023-06-15 03:43:56.530 : User is logged out of session	[MsgId: MMSG-17999]
    2023-06-15 03:43:57.020 : Found Seat Type : First, Seat Pref : Window	[MsgId: MMSG-17999]
    2023-06-15 03:43:57.301 : Flights found : 362;82;06/18/2023 and 630;87;06/15/2023	[MsgId: MMSG-17999]
    2023-06-15 03:43:57.301 : Sity depart : Los Angeles, Sity arrive : San Francisco	[MsgId: MMSG-17999]
    2023-06-15 03:43:57.512 : User is logged out of session	[MsgId: MMSG-17999]
    2023-06-15 03:43:58.196 : Flights found : 463;509;06/18/2023 and 642;588;06/15/2023	[MsgId: MMSG-17999]
    2023-06-15 03:43:58.196 : Sity depart : Paris, Sity arrive : San Francisco	[MsgId: MMSG-17999]
    2023-06-15 03:43:59.396 : User is logged out of session	[MsgId: MMSG-17999]
    2023-06-15 03:44:00.049 : User is logged out of session	[MsgId: MMSG-17999]
    2023-06-15 03:44:01.849 : User is logged out of session	[MsgId: MMSG-17999]
    2023-06-15 03:44:04.243 : Found Seat Type : Business, Seat Pref : None	[MsgId: MMSG-17999]
    2023-06-15 03:44:04.273 : Found Seat Type : Coach, Seat Pref : Aisle	[MsgId: MMSG-17999]
    2023-06-15 03:44:06.286 : Found Seat Type : Business, Seat Pref : None	[MsgId: MMSG-17999]
    2023-06-15 03:44:09.325 : Found Seat Type : Business, Seat Pref : Window	[MsgId: MMSG-17999]
    2023-06-15 03:44:09.642 : User is logged out of session	[MsgId: MMSG-17999]
    2023-06-15 03:44:09.949 : User is logged out of session	[MsgId: MMSG-17999]
    2023-06-15 03:44:10.568 : Found Seat Type : Coach, Seat Pref : Window	[MsgId: MMSG-17999]
    2023-06-15 03:44:12.296 : User is logged out of session	[MsgId: MMSG-17999]
    2023-06-15 03:44:15.656 : User is logged out of session	[MsgId: MMSG-17999]
    2023-06-15 03:44:15.980 : User is logged out of session	[MsgId: MMSG-17999]
