  2023-06-17 00:10:08.225 : IterationNum=1	[MsgId: MMSG-17999]
   USER 1 = user31:pwd31	[MsgId: MMSG-17999]
    2023-06-17 00:10:08.317 : Start page is opened	[MsgId: MMSG-17999]
    2023-06-17 00:10:13.444 : User is logged in with session 136649.866990684HAciQcHpfDDDDDDDtcVHDpfzfc	[MsgId: MMSG-17999]
    2023-06-17 00:10:19.564 : Search page opened	[MsgId: MMSG-17999]
           ERROR : Sity depart : London Sity arrive : London	[MsgId: MMSG-17999]
           ERROR FIXED : Sity depart : London Sity arrive : San Francisco	[MsgId: MMSG-17999]
    2023-06-17 00:10:35.734 : Flights found : 260;850;06/20/2023 and 621;757;06/17/2023	[MsgId: MMSG-17999]
    2023-06-17 00:10:35.734 : Sity depart : London, Sity arrive : San Francisco	[MsgId: MMSG-17999]
  2023-06-17 00:10:42.707 : IterationNum=1	[MsgId: MMSG-17999]
   USER 1 = user34:pwd34	[MsgId: MMSG-17999]
    2023-06-17 00:10:42.803 : Start page is opened	[MsgId: MMSG-17999]
    2023-06-17 00:10:47.365 : Found Seat Type : Business, Seat Pref : Aisle	[MsgId: MMSG-17999]
    2023-06-17 00:10:48.754 : User is logged in with session 136649.869744836HAciQcHpzHftcVHDpfzzAf	[MsgId: MMSG-17999]
    2023-06-17 00:10:53.294 : User is logged out of session	[MsgId: MMSG-17999]
    2023-06-17 00:10:54.250 : Search page opened	[MsgId: MMSG-17999]
    2023-06-17 00:11:08.421 : Flights found : 303;386;06/20/2023 and 030;472;06/17/2023	[MsgId: MMSG-17999]
    2023-06-17 00:11:08.421 : Sity depart : Los Angeles, Sity arrive : Denver	[MsgId: MMSG-17999]
  2023-06-17 00:11:17.737 : IterationNum=1	[MsgId: MMSG-17999]
   USER 1 = user37:pwd37	[MsgId: MMSG-17999]
    2023-06-17 00:11:17.838 : Start page is opened	[MsgId: MMSG-17999]
    2023-06-17 00:11:20.639 : Found Seat Type : First, Seat Pref : Window	[MsgId: MMSG-17999]
    2023-06-17 00:11:21.920 : User is logged in with session 136649.872579992HAciQcHpicAiDDDDtcVHDpfzzQcf	[MsgId: MMSG-17999]
    2023-06-17 00:11:25.467 : User is logged out of session	[MsgId: MMSG-17999]
    2023-06-17 00:11:26.613 : Search page opened	[MsgId: MMSG-17999]
    2023-06-17 00:11:44.554 : Flights found : 861;950;06/20/2023 and 680;1067;06/17/2023	[MsgId: MMSG-17999]
    2023-06-17 00:11:44.554 : Sity depart : Sydney, Sity arrive : San Francisco	[MsgId: MMSG-17999]
  2023-06-17 00:11:52.770 : IterationNum=1	[MsgId: MMSG-17999]
   USER 1 = user40:pwd40	[MsgId: MMSG-17999]
    2023-06-17 00:11:52.865 : Start page is opened	[MsgId: MMSG-17999]
    2023-06-17 00:11:55.701 : Found Seat Type : Business, Seat Pref : Aisle	[MsgId: MMSG-17999]
    2023-06-17 00:11:59.235 : User is logged in with session 136649.875415148HAciQcHpQzzzzzzHtcVHDpfzHi	[MsgId: MMSG-17999]
    2023-06-17 00:12:00.211 : User is logged out of session	[MsgId: MMSG-17999]
    2023-06-17 00:12:05.271 : Search page opened	[MsgId: MMSG-17999]
    2023-06-17 00:12:20.292 : Flights found : 243;89;06/20/2023 and 420;108;06/17/2023	[MsgId: MMSG-17999]
    2023-06-17 00:12:20.292 : Sity depart : London, Sity arrive : Paris	[MsgId: MMSG-17999]
  2023-06-17 00:12:27.785 : IterationNum=1	[MsgId: MMSG-17999]
   USER 1 = user43:pwd43	[MsgId: MMSG-17999]
    2023-06-17 00:12:27.875 : Start page is opened	[MsgId: MMSG-17999]
    2023-06-17 00:12:29.735 : Found Seat Type : Coach, Seat Pref : Aisle	[MsgId: MMSG-17999]
    2023-06-17 00:12:33.299 : User is logged in with session 136649.878250304HAciQcipVVcftcVHDpfzizHf	[MsgId: MMSG-17999]
    2023-06-17 00:12:34.766 : User is logged out of session	[MsgId: MMSG-17999]
    2023-06-17 00:12:38.419 : Search page opened	[MsgId: MMSG-17999]
  2023-06-17 00:12:48.239 : IterationNum=2	[MsgId: MMSG-17999]
   USER 2 = user32:pwd32	[MsgId: MMSG-17999]
    2023-06-17 00:12:48.334 : Start page is opened	[MsgId: MMSG-17999]
    2023-06-17 00:12:52.249 : User is logged in with session 136649.879951397HAciQcipctcVHDpfzQc	[MsgId: MMSG-17999]
    2023-06-17 00:12:54.833 : Flights found : 601;338;06/20/2023 and 063;310;06/17/2023	[MsgId: MMSG-17999]
    2023-06-17 00:12:54.833 : Sity depart : San Francisco, Sity arrive : Denver	[MsgId: MMSG-17999]
    2023-06-17 00:12:57.264 : Search page opened	[MsgId: MMSG-17999]
  2023-06-17 00:13:02.818 : IterationNum=1	[MsgId: MMSG-17999]
   USER 1 = user46:pwd46	[MsgId: MMSG-17999]
    2023-06-17 00:13:02.904 : Start page is opened	[MsgId: MMSG-17999]
    2023-06-17 00:13:05.075 : Found Seat Type : First, Seat Pref : None	[MsgId: MMSG-17999]
    2023-06-17 00:13:07.660 : User is logged in with session 136649.88108546HAciQcipcfiDDDDDtcVHDpfzQff	[MsgId: MMSG-17999]
    2023-06-17 00:13:10.727 : Flights found : 941;127;06/20/2023 and 490;143;06/17/2023	[MsgId: MMSG-17999]
    2023-06-17 00:13:10.727 : Sity depart : Zurich, Sity arrive : Paris	[MsgId: MMSG-17999]
    2023-06-17 00:13:11.094 : User is logged out of session	[MsgId: MMSG-17999]
    2023-06-17 00:13:12.085 : Search page opened	[MsgId: MMSG-17999]
    2023-06-17 00:13:21.879 : Found Seat Type : Coach, Seat Pref : Window	[MsgId: MMSG-17999]
  2023-06-17 00:13:22.719 : IterationNum=2	[MsgId: MMSG-17999]
   USER 2 = user35:pwd35	[MsgId: MMSG-17999]
    2023-06-17 00:13:22.813 : Start page is opened	[MsgId: MMSG-17999]
    2023-06-17 00:13:26.948 : Flights found : 090;789;06/20/2023 and 903;646;06/17/2023	[MsgId: MMSG-17999]
    2023-06-17 00:13:26.948 : Sity depart : Denver, Sity arrive : Zurich	[MsgId: MMSG-17999]
    2023-06-17 00:13:27.066 : User is logged out of session	[MsgId: MMSG-17999]
    2023-06-17 00:13:27.789 : User is logged in with session 136649.882705549HAciQcipDtVzzzzHtcVHDpfHAAf	[MsgId: MMSG-17999]
    2023-06-17 00:13:31.907 : Search page opened	[MsgId: MMSG-17999]
