  2023-06-17 00:31:21.178 : IterationNum=1	[MsgId: MMSG-17999]
   USER 1 = user31:pwd31	[MsgId: MMSG-17999]
    2023-06-17 00:31:21.275 : Start page is opened	[MsgId: MMSG-17999]
    2023-06-17 00:31:26.249 : User is logged in with session 136649.970109356HAciQDcpiDHftcVHDpfQHAcf	[MsgId: MMSG-17999]
    2023-06-17 00:31:31.000 : Search page opened	[MsgId: MMSG-17999]
    2023-06-17 00:31:43.347 : Flights found : 971;747;06/20/2023 and 793;686;06/17/2023	[MsgId: MMSG-17999]
    2023-06-17 00:31:43.347 : Sity depart : Zurich, Sity arrive : Seattle	[MsgId: MMSG-17999]
    2023-06-17 00:31:53.330 : Found Seat Type : First, Seat Pref : Window	[MsgId: MMSG-17999]
    2023-06-17 00:31:57.498 : User is logged out of session	[MsgId: MMSG-17999]
  2023-06-17 00:32:31.021 : IterationNum=1	[MsgId: MMSG-17999]
   USER 1 = user34:pwd34	[MsgId: MMSG-17999]
    2023-06-17 00:32:31.107 : Start page is opened	[MsgId: MMSG-17999]
    2023-06-17 00:32:36.310 : User is logged in with session 136649.975779668HAciQDDpVcQVzzzHtcVHDpfQiHHf	[MsgId: MMSG-17999]
    2023-06-17 00:32:42.171 : Search page opened	[MsgId: MMSG-17999]
    2023-06-17 00:32:58.774 : Flights found : 821;1283;06/20/2023 and 282;1362;06/17/2023	[MsgId: MMSG-17999]
    2023-06-17 00:32:58.775 : Sity depart : Sydney, Sity arrive : London	[MsgId: MMSG-17999]
    2023-06-17 00:33:08.099 : Found Seat Type : Coach, Seat Pref : Aisle	[MsgId: MMSG-17999]
    2023-06-17 00:33:12.861 : User is logged out of session	[MsgId: MMSG-17999]
  2023-06-17 00:33:41.053 : IterationNum=1	[MsgId: MMSG-17999]
   USER 1 = user37:pwd37	[MsgId: MMSG-17999]
    2023-06-17 00:33:41.147 : Start page is opened	[MsgId: MMSG-17999]
    2023-06-17 00:33:46.252 : User is logged in with session 136649.98144998HAciQDDptcAiDDDDtcVHDpzAAfcf	[MsgId: MMSG-17999]
    2023-06-17 00:33:52.486 : Search page opened	[MsgId: MMSG-17999]
  2023-06-17 00:34:01.180 : IterationNum=2	[MsgId: MMSG-17999]
   USER 2 = user32:pwd32	[MsgId: MMSG-17999]
    2023-06-17 00:34:01.274 : Start page is opened	[MsgId: MMSG-17999]
    2023-06-17 00:34:05.594 : User is logged in with session 136649.983070069HAciQDDpfAtVzzzHtcVHDpzAVAcf	[MsgId: MMSG-17999]
    2023-06-17 00:34:09.210 : Flights found : 761;145;06/20/2023 and 671;145;06/17/2023	[MsgId: MMSG-17999]
    2023-06-17 00:34:09.210 : Sity depart : Seattle, Sity arrive : San Francisco	[MsgId: MMSG-17999]
    2023-06-17 00:34:11.956 : Search page opened	[MsgId: MMSG-17999]
    2023-06-17 00:34:18.961 : Found Seat Type : First, Seat Pref : Window	[MsgId: MMSG-17999]
    2023-06-17 00:34:24.043 : User is logged out of session	[MsgId: MMSG-17999]
    2023-06-17 00:34:30.108 : Flights found : 302;238;06/20/2023 and 030;251;06/17/2023	[MsgId: MMSG-17999]
    2023-06-17 00:34:30.108 : Sity depart : Los Angeles, Sity arrive : Denver	[MsgId: MMSG-17999]
    2023-06-17 00:34:38.787 : Found Seat Type : Coach, Seat Pref : None	[MsgId: MMSG-17999]
    2023-06-17 00:34:44.499 : User is logged out of session	[MsgId: MMSG-17999]
  2023-06-17 00:34:51.084 : IterationNum=1	[MsgId: MMSG-17999]
   USER 1 = user40:pwd40	[MsgId: MMSG-17999]
    2023-06-17 00:34:51.178 : Start page is opened	[MsgId: MMSG-17999]
    2023-06-17 00:34:57.039 : User is logged in with session 136649.987120292HAciQDDpHVcftcVHDpzAccHf	[MsgId: MMSG-17999]
    2023-06-17 00:35:02.225 : Search page opened	[MsgId: MMSG-17999]
  2023-06-17 00:35:11.028 : IterationNum=2	[MsgId: MMSG-17999]
   USER 2 = user35:pwd35	[MsgId: MMSG-17999]
    2023-06-17 00:35:11.121 : Start page is opened	[MsgId: MMSG-17999]
    2023-06-17 00:35:14.431 : Flights found : 511;285;06/20/2023 and 150;320;06/17/2023	[MsgId: MMSG-17999]
    2023-06-17 00:35:14.431 : Sity depart : Portland, Sity arrive : Frankfurt	[MsgId: MMSG-17999]
    2023-06-17 00:35:17.403 : User is logged in with session 136649.988740381HAciQDDpHQfiDDDDtcVHDpzAcHHf	[MsgId: MMSG-17999]
    2023-06-17 00:35:23.742 : Search page opened	[MsgId: MMSG-17999]
    2023-06-17 00:35:24.725 : Found Seat Type : Coach, Seat Pref : None	[MsgId: MMSG-17999]
    2023-06-17 00:35:28.844 : User is logged out of session	[MsgId: MMSG-17999]
    2023-06-17 00:35:42.240 : Flights found : 790;649;06/20/2023 and 973;531;06/17/2023	[MsgId: MMSG-17999]
    2023-06-17 00:35:42.240 : Sity depart : Seattle, Sity arrive : Zurich	[MsgId: MMSG-17999]
    2023-06-17 00:35:53.324 : Found Seat Type : Business, Seat Pref : None	[MsgId: MMSG-17999]
    2023-06-17 00:35:57.685 : User is logged out of session	[MsgId: MMSG-17999]
  2023-06-17 00:36:01.130 : IterationNum=1	[MsgId: MMSG-17999]
   USER 1 = user43:pwd43	[MsgId: MMSG-17999]
    2023-06-17 00:36:01.217 : Start page is opened	[MsgId: MMSG-17999]
    2023-06-17 00:36:05.915 : User is logged in with session 136649.992790603HAciQDtpAAtVzzzHtcVHDpzAtAcf	[MsgId: MMSG-17999]
    2023-06-17 00:36:12.217 : Search page opened	[MsgId: MMSG-17999]
  2023-06-17 00:36:21.060 : IterationNum=2	[MsgId: MMSG-17999]
   USER 2 = user38:pwd38	[MsgId: MMSG-17999]
    2023-06-17 00:36:21.155 : Start page is opened	[MsgId: MMSG-17999]
    2023-06-17 00:36:24.099 : Flights found : 452;1101;06/20/2023 and 543;953;06/17/2023	[MsgId: MMSG-17999]
    2023-06-17 00:36:24.099 : Sity depart : Paris, Sity arrive : Portland	[MsgId: MMSG-17999]
    2023-06-17 00:36:27.288 : User is logged in with session 136649.994410693HAciQDtpAiHftcVHDpzAtfcf	[MsgId: MMSG-17999]
    2023-06-17 00:36:32.362 : Search page opened	[MsgId: MMSG-17999]
    2023-06-17 00:36:34.550 : Found Seat Type : First, Seat Pref : Aisle	[MsgId: MMSG-17999]
    2023-06-17 00:36:38.673 : User is logged out of session	[MsgId: MMSG-17999]
  2023-06-17 00:36:41.185 : IterationNum=3	[MsgId: MMSG-17999]
   USER 3 = user33:pwd33	[MsgId: MMSG-17999]
    2023-06-17 00:36:41.278 : Start page is opened	[MsgId: MMSG-17999]
    2023-06-17 00:36:44.137 : Flights found : 283;1709;06/20/2023 and 823;1709;06/17/2023	[MsgId: MMSG-17999]
    2023-06-17 00:36:44.138 : Sity depart : London, Sity arrive : Sydney	[MsgId: MMSG-17999]
    2023-06-17 00:36:47.636 : User is logged in with session 136649.996030782HAciQDtpVHAiDDDDtcVHDpzAfAcf	[MsgId: MMSG-17999]
    2023-06-17 00:36:52.140 : Found Seat Type : Business, Seat Pref : Aisle	[MsgId: MMSG-17999]
    2023-06-17 00:36:53.123 : Search page opened	[MsgId: MMSG-17999]
    2023-06-17 00:36:58.166 : User is logged out of session	[MsgId: MMSG-17999]
    2023-06-17 00:37:07.967 : Flights found : 311;378;06/20/2023 and 131;543;06/17/2023	[MsgId: MMSG-17999]
    2023-06-17 00:37:07.967 : Sity depart : Los Angeles, Sity arrive : Frankfurt	[MsgId: MMSG-17999]
  2023-06-17 00:37:11.130 : IterationNum=1	[MsgId: MMSG-17999]
   USER 1 = user46:pwd46	[MsgId: MMSG-17999]
    2023-06-17 00:37:11.220 : Start page is opened	[MsgId: MMSG-17999]
    2023-06-17 00:37:15.991 : Found Seat Type : First, Seat Pref : Window	[MsgId: MMSG-17999]
    2023-06-17 00:37:16.485 : User is logged in with session 136649.998460915HAciQDtpcQfiDDDDtcVHDpzAfHHf	[MsgId: MMSG-17999]
    2023-06-17 00:37:20.914 : User is logged out of session	[MsgId: MMSG-17999]
    2023-06-17 00:37:21.385 : Search page opened	[MsgId: MMSG-17999]
  2023-06-17 00:37:31.097 : IterationNum=2	[MsgId: MMSG-17999]
   USER 2 = user41:pwd41	[MsgId: MMSG-17999]
    2023-06-17 00:37:31.190 : Start page is opened	[MsgId: MMSG-17999]
    2023-06-17 00:37:35.433 : User is logged in with session 136650.000081004HAciQDtpDHQVzzzHtcVHDpzAzcHf	[MsgId: MMSG-17999]
    2023-06-17 00:37:37.810 : Flights found : 292;256;06/20/2023 and 922;256;06/17/2023	[MsgId: MMSG-17999]
    2023-06-17 00:37:37.810 : Sity depart : London, Sity arrive : Zurich	[MsgId: MMSG-17999]
    2023-06-17 00:37:41.064 : Search page opened	[MsgId: MMSG-17999]
    2023-06-17 00:37:47.265 : Found Seat Type : Business, Seat Pref : Window	[MsgId: MMSG-17999]
  2023-06-17 00:37:51.042 : IterationNum=3	[MsgId: MMSG-17999]
   USER 3 = user36:pwd36	[MsgId: MMSG-17999]
    2023-06-17 00:37:51.138 : Start page is opened	[MsgId: MMSG-17999]
    2023-06-17 00:37:53.368 : User is logged out of session	[MsgId: MMSG-17999]
    2023-06-17 00:37:56.558 : User is logged in with session 136650.001701094HAciQDtptzcftcVHDpzAzHHf	[MsgId: MMSG-17999]
    2023-06-17 00:37:57.332 : Flights found : 851;1345;06/20/2023 and 582;1427;06/17/2023	[MsgId: MMSG-17999]
    2023-06-17 00:37:57.332 : Sity depart : Sydney, Sity arrive : Portland	[MsgId: MMSG-17999]
    2023-06-17 00:38:01.225 : Search page opened	[MsgId: MMSG-17999]
    2023-06-17 00:38:09.667 : Found Seat Type : First, Seat Pref : Window	[MsgId: MMSG-17999]
    2023-06-17 00:38:15.691 : User is logged out of session	[MsgId: MMSG-17999]
    2023-06-17 00:38:18.207 : Flights found : 831;596;06/20/2023 and 383;548;06/17/2023	[MsgId: MMSG-17999]
    2023-06-17 00:38:18.207 : Sity depart : Sydney, Sity arrive : Los Angeles	[MsgId: MMSG-17999]
  2023-06-17 00:38:21.164 : IterationNum=1	[MsgId: MMSG-17999]
   USER 1 = user49:pwd49	[MsgId: MMSG-17999]
    2023-06-17 00:38:21.262 : Start page is opened	[MsgId: MMSG-17999]
    2023-06-17 00:38:26.582 : User is logged in with session 136650.004131227HAciQDtpfiHftcVHDpzAHfcf	[MsgId: MMSG-17999]
    2023-06-17 00:38:29.179 : Found Seat Type : Coach, Seat Pref : Window	[MsgId: MMSG-17999]
    2023-06-17 00:38:32.278 : Search page opened	[MsgId: MMSG-17999]
    2023-06-17 00:38:33.109 : User is logged out of session	[MsgId: MMSG-17999]
  2023-06-17 00:38:41.144 : IterationNum=2	[MsgId: MMSG-17999]
   USER 2 = user44:pwd44	[MsgId: MMSG-17999]
    2023-06-17 00:38:41.237 : Start page is opened	[MsgId: MMSG-17999]
    2023-06-17 00:38:47.407 : User is logged in with session 136650.005751316HAciQDtpzHAiDDDDtcVHDpzAiAcf	[MsgId: MMSG-17999]
    2023-06-17 00:38:49.871 : Flights found : 142;228;06/20/2023 and 411;214;06/17/2023	[MsgId: MMSG-17999]
    2023-06-17 00:38:49.871 : Sity depart : Frankfurt, Sity arrive : Paris	[MsgId: MMSG-17999]
    2023-06-17 00:38:53.674 : Search page opened	[MsgId: MMSG-17999]
    2023-06-17 00:39:00.271 : Found Seat Type : First, Seat Pref : None	[MsgId: MMSG-17999]
