  2023-06-18 16:15:00.895 : IterationNum=1	[MsgId: MMSG-17999]
   USER 1 = user52:pwd52	[MsgId: MMSG-17999]
    2023-06-18 16:15:00.992 : Start page is opened	[MsgId: MMSG-17999]
    2023-06-18 16:15:07.267 : User is logged in with session 136661.555285541HAcQfcipHftcVHHpVHcf	[MsgId: MMSG-17999]
    2023-06-18 16:15:12.091 : Search page opened	[MsgId: MMSG-17999]
    2023-06-18 16:15:26.039 : Flights found : 763;71;06/21/2023 and 673;71;06/18/2023	[MsgId: MMSG-17999]
    2023-06-18 16:15:26.039 : Sity depart : Seattle, Sity arrive : San Francisco	[MsgId: MMSG-17999]
    2023-06-18 16:15:36.727 : Found Seat Type : Coach, Seat Pref : Window	[MsgId: MMSG-17999]
    2023-06-18 16:15:41.294 : User is logged out of session	[MsgId: MMSG-17999]
  2023-06-18 16:17:40.905 : IterationNum=2	[MsgId: MMSG-17999]
   USER 2 = user53:pwd53	[MsgId: MMSG-17999]
    2023-06-18 16:17:40.998 : Start page is opened	[MsgId: MMSG-17999]
    2023-06-18 16:17:47.220 : User is logged in with session 136661.568246254HAcQfcQptVzzzzzHtcVHHpVHzf	[MsgId: MMSG-17999]
    2023-06-18 16:17:53.045 : Search page opened	[MsgId: MMSG-17999]
           ERROR : Sity depart : Frankfurt Sity arrive : Frankfurt	[MsgId: MMSG-17999]
           ERROR FIXED : Sity depart : Frankfurt Sity arrive : San Francisco	[MsgId: MMSG-17999]
    2023-06-18 16:18:07.387 : Flights found : 163;511;06/21/2023 and 612;591;06/18/2023	[MsgId: MMSG-17999]
    2023-06-18 16:18:07.387 : Sity depart : Frankfurt, Sity arrive : San Francisco	[MsgId: MMSG-17999]
    2023-06-18 16:18:17.872 : Found Seat Type : Business, Seat Pref : Aisle	[MsgId: MMSG-17999]
    2023-06-18 16:18:22.710 : User is logged out of session	[MsgId: MMSG-17999]
  2023-06-18 16:20:20.920 : IterationNum=3	[MsgId: MMSG-17999]
   USER 3 = user54:pwd54	[MsgId: MMSG-17999]
    2023-06-18 16:20:21.014 : Start page is opened	[MsgId: MMSG-17999]
    2023-06-18 16:20:25.077 : User is logged in with session 136661.581206966HAcQfDApAiDDDDDDtcVHHpViAf	[MsgId: MMSG-17999]
    2023-06-18 16:20:30.033 : Search page opened	[MsgId: MMSG-17999]
    2023-06-18 16:20:47.182 : Flights found : 433;673;06/21/2023 and 341;733;06/18/2023	[MsgId: MMSG-17999]
    2023-06-18 16:20:47.182 : Sity depart : Paris, Sity arrive : Los Angeles	[MsgId: MMSG-17999]
    2023-06-18 16:20:56.354 : Found Seat Type : First, Seat Pref : Aisle	[MsgId: MMSG-17999]
    2023-06-18 16:21:02.567 : User is logged out of session	[MsgId: MMSG-17999]
  2023-06-18 16:23:00.933 : IterationNum=4	[MsgId: MMSG-17999]
   USER 4 = user54:pwd54	[MsgId: MMSG-17999]
    2023-06-18 16:23:01.026 : Start page is opened	[MsgId: MMSG-17999]
    2023-06-18 16:23:05.513 : User is logged in with session 136661.594167679HAcQfDApHftcVHHpVitf	[MsgId: MMSG-17999]
    2023-06-18 16:23:11.702 : Search page opened	[MsgId: MMSG-17999]
    2023-06-18 16:23:27.906 : Flights found : 292;176;06/21/2023 and 921;166;06/18/2023	[MsgId: MMSG-17999]
    2023-06-18 16:23:27.906 : Sity depart : London, Sity arrive : Zurich	[MsgId: MMSG-17999]
    2023-06-18 16:23:35.959 : Found Seat Type : Coach, Seat Pref : Aisle	[MsgId: MMSG-17999]
    2023-06-18 16:23:42.001 : User is logged out of session	[MsgId: MMSG-17999]
  2023-06-18 16:25:40.942 : IterationNum=5	[MsgId: MMSG-17999]
   USER 5 = user54:pwd54	[MsgId: MMSG-17999]
    2023-06-18 16:25:41.036 : Start page is opened	[MsgId: MMSG-17999]
    2023-06-18 16:25:45.014 : User is logged in with session 136661.607128392HAcQfDVptVzzzzzHtcVHHpViif	[MsgId: MMSG-17999]
    2023-06-18 16:25:49.795 : Search page opened	[MsgId: MMSG-17999]
    2023-06-18 16:26:07.464 : Flights found : 922;256;06/21/2023 and 290;271;06/18/2023	[MsgId: MMSG-17999]
    2023-06-18 16:26:07.464 : Sity depart : Zurich, Sity arrive : London	[MsgId: MMSG-17999]
    2023-06-18 16:26:18.863 : Found Seat Type : Business, Seat Pref : Window	[MsgId: MMSG-17999]
    2023-06-18 16:26:25.201 : User is logged out of session	[MsgId: MMSG-17999]
  2023-06-18 16:28:20.945 : IterationNum=6	[MsgId: MMSG-17999]
   USER 6 = user54:pwd54	[MsgId: MMSG-17999]
    2023-06-18 16:28:21.039 : Start page is opened	[MsgId: MMSG-17999]
    2023-06-18 16:28:26.947 : User is logged in with session 136661.620089105HAcQfDcpAiDDDDDDtcVHHpVQcf	[MsgId: MMSG-17999]
    2023-06-18 16:28:31.479 : Search page opened	[MsgId: MMSG-17999]
    2023-06-18 16:28:45.145 : Flights found : 170;740;06/21/2023 and 711;659;06/18/2023	[MsgId: MMSG-17999]
    2023-06-18 16:28:45.145 : Sity depart : Frankfurt, Sity arrive : Seattle	[MsgId: MMSG-17999]
    2023-06-18 16:28:54.900 : Found Seat Type : Business, Seat Pref : Window	[MsgId: MMSG-17999]
    2023-06-18 16:28:59.379 : User is logged out of session	[MsgId: MMSG-17999]
  2023-06-18 16:31:00.946 : IterationNum=7	[MsgId: MMSG-17999]
   USER 7 = user54:pwd54	[MsgId: MMSG-17999]
    2023-06-18 16:31:01.040 : Start page is opened	[MsgId: MMSG-17999]
    2023-06-18 16:31:07.323 : User is logged in with session 136661.633049818HAcQfDcpHftcVHHpVQzf	[MsgId: MMSG-17999]
    2023-06-18 16:31:11.285 : Search page opened	[MsgId: MMSG-17999]
    2023-06-18 16:31:25.347 : Flights found : 630;113;06/21/2023 and 363;92;06/18/2023	[MsgId: MMSG-17999]
    2023-06-18 16:31:25.347 : Sity depart : San Francisco, Sity arrive : Los Angeles	[MsgId: MMSG-17999]
    2023-06-18 16:31:34.103 : Found Seat Type : First, Seat Pref : Aisle	[MsgId: MMSG-17999]
    2023-06-18 16:31:39.236 : User is logged out of session	[MsgId: MMSG-17999]
  2023-06-18 16:33:40.960 : IterationNum=8	[MsgId: MMSG-17999]
   USER 8 = user54:pwd54	[MsgId: MMSG-17999]
    2023-06-18 16:33:41.054 : Start page is opened	[MsgId: MMSG-17999]
    2023-06-18 16:33:45.524 : User is logged in with session 136661.646010531HAcQfDDptVzzzzzHtcVHHpcAAf	[MsgId: MMSG-17999]
    2023-06-18 16:33:51.588 : Search page opened	[MsgId: MMSG-17999]
           ERROR : Sity depart : Denver Sity arrive : Denver	[MsgId: MMSG-17999]
           ERROR FIXED : Sity depart : Denver Sity arrive : Seattle	[MsgId: MMSG-17999]
    2023-06-18 16:34:09.880 : Flights found : 071;377;06/21/2023 and 701;377;06/18/2023	[MsgId: MMSG-17999]
    2023-06-18 16:34:09.880 : Sity depart : Denver, Sity arrive : Seattle	[MsgId: MMSG-17999]
    2023-06-18 16:34:18.556 : Found Seat Type : Business, Seat Pref : Aisle	[MsgId: MMSG-17999]
    2023-06-18 16:34:23.329 : User is logged out of session	[MsgId: MMSG-17999]
  2023-06-18 16:36:20.975 : IterationNum=9	[MsgId: MMSG-17999]
   USER 9 = user54:pwd54	[MsgId: MMSG-17999]
    2023-06-18 16:36:21.069 : Start page is opened	[MsgId: MMSG-17999]
    2023-06-18 16:36:25.429 : User is logged in with session 136661.658971243HAcQfDtpAiDDDDDDtcVHHpcAtf	[MsgId: MMSG-17999]
    2023-06-18 16:36:29.977 : Search page opened	[MsgId: MMSG-17999]
    2023-06-18 16:36:44.902 : Flights found : 913;162;06/21/2023 and 191;176;06/18/2023	[MsgId: MMSG-17999]
    2023-06-18 16:36:44.902 : Sity depart : Zurich, Sity arrive : Frankfurt	[MsgId: MMSG-17999]
    2023-06-18 16:36:57.421 : Found Seat Type : Coach, Seat Pref : Aisle	[MsgId: MMSG-17999]
    2023-06-18 16:37:02.227 : User is logged out of session	[MsgId: MMSG-17999]
  2023-06-18 16:39:00.975 : IterationNum=10	[MsgId: MMSG-17999]
   USER 10 = user54:pwd54	[MsgId: MMSG-17999]
    2023-06-18 16:39:01.069 : Start page is opened	[MsgId: MMSG-17999]
    2023-06-18 16:39:05.402 : User is logged in with session 136661.672012961HAcQfDtpHftVzzzHtcVHHpcAifcf	[MsgId: MMSG-17999]
    2023-06-18 16:39:09.325 : Search page opened	[MsgId: MMSG-17999]
    2023-06-18 16:39:27.806 : Flights found : 250;805;06/21/2023 and 521;717;06/18/2023	[MsgId: MMSG-17999]
    2023-06-18 16:39:27.807 : Sity depart : London, Sity arrive : Portland	[MsgId: MMSG-17999]
    2023-06-18 16:39:40.142 : Found Seat Type : Business, Seat Pref : Window	[MsgId: MMSG-17999]
    2023-06-18 16:39:45.353 : User is logged out of session	[MsgId: MMSG-17999]
  2023-06-18 16:41:40.975 : IterationNum=11	[MsgId: MMSG-17999]
   USER 11 = user54:pwd54	[MsgId: MMSG-17999]
    2023-06-18 16:41:41.069 : Start page is opened	[MsgId: MMSG-17999]
    2023-06-18 16:41:46.570 : User is logged in with session 136661.684892669HAcQfDfptVzzzzzHtcVHHpcVcf	[MsgId: MMSG-17999]
    2023-06-18 16:41:52.684 : Search page opened	[MsgId: MMSG-17999]
    2023-06-18 16:42:07.054 : Flights found : 242;102;06/21/2023 and 420;108;06/18/2023	[MsgId: MMSG-17999]
    2023-06-18 16:42:07.054 : Sity depart : London, Sity arrive : Paris	[MsgId: MMSG-17999]
    2023-06-18 16:42:14.859 : Found Seat Type : Coach, Seat Pref : Window	[MsgId: MMSG-17999]
    2023-06-18 16:42:19.071 : User is logged out of session	[MsgId: MMSG-17999]
  2023-06-18 16:44:20.977 : IterationNum=12	[MsgId: MMSG-17999]
   USER 12 = user54:pwd54	[MsgId: MMSG-17999]
    2023-06-18 16:44:21.071 : Start page is opened	[MsgId: MMSG-17999]
    2023-06-18 16:44:26.761 : User is logged in with session 136661.697934386HAcQfDzpAiHftcVHHpcVzfcf	[MsgId: MMSG-17999]
    2023-06-18 16:44:32.312 : Search page opened	[MsgId: MMSG-17999]
    2023-06-18 16:44:46.790 : Flights found : 353;234;06/21/2023 and 533;234;06/18/2023	[MsgId: MMSG-17999]
    2023-06-18 16:44:46.790 : Sity depart : Los Angeles, Sity arrive : Portland	[MsgId: MMSG-17999]
    2023-06-18 16:44:57.610 : Found Seat Type : Business, Seat Pref : Aisle	[MsgId: MMSG-17999]
    2023-06-18 16:45:01.838 : User is logged out of session	[MsgId: MMSG-17999]
  2023-06-18 16:47:00.980 : IterationNum=13	[MsgId: MMSG-17999]
   USER 13 = user54:pwd54	[MsgId: MMSG-17999]
    2023-06-18 16:47:01.074 : Start page is opened	[MsgId: MMSG-17999]
    2023-06-18 16:47:06.982 : User is logged in with session 136661.710814095HAcQfDzpHftcVHHpccAf	[MsgId: MMSG-17999]
    2023-06-18 16:47:13.124 : Search page opened	[MsgId: MMSG-17999]
    2023-06-18 16:47:28.620 : Flights found : 422;149;06/21/2023 and 240;157;06/18/2023	[MsgId: MMSG-17999]
    2023-06-18 16:47:28.621 : Sity depart : Paris, Sity arrive : London	[MsgId: MMSG-17999]
    2023-06-18 16:47:38.239 : Found Seat Type : Business, Seat Pref : None	[MsgId: MMSG-17999]
    2023-06-18 16:47:43.678 : User is logged out of session	[MsgId: MMSG-17999]
  2023-06-18 16:49:40.982 : IterationNum=14	[MsgId: MMSG-17999]
   USER 14 = user54:pwd54	[MsgId: MMSG-17999]
    2023-06-18 16:49:41.077 : Start page is opened	[MsgId: MMSG-17999]
    2023-06-18 16:49:45.798 : User is logged in with session 136661.723774808HAcQfDHptVzzzzzHtcVHHpcctf	[MsgId: MMSG-17999]
    2023-06-18 16:49:50.643 : Search page opened	[MsgId: MMSG-17999]
    2023-06-18 16:50:06.092 : Flights found : 143;105;06/21/2023 and 412;121;06/18/2023	[MsgId: MMSG-17999]
    2023-06-18 16:50:06.092 : Sity depart : Frankfurt, Sity arrive : Paris	[MsgId: MMSG-17999]
    2023-06-18 16:50:15.987 : Found Seat Type : Coach, Seat Pref : Window	[MsgId: MMSG-17999]
    2023-06-18 16:50:22.136 : User is logged out of session	[MsgId: MMSG-17999]
  2023-06-18 16:52:20.997 : IterationNum=15	[MsgId: MMSG-17999]
   USER 15 = user54:pwd54	[MsgId: MMSG-17999]
    2023-06-18 16:52:21.091 : Start page is opened	[MsgId: MMSG-17999]
    2023-06-18 16:52:25.087 : User is logged in with session 136661.736816525HAcQfDipAiHftcVHHpccifcf	[MsgId: MMSG-17999]
    2023-06-18 16:52:29.496 : Search page opened	[MsgId: MMSG-17999]
    2023-06-18 16:52:46.378 : Flights found : 902;398;06/21/2023 and 090;421;06/18/2023	[MsgId: MMSG-17999]
    2023-06-18 16:52:46.378 : Sity depart : Zurich, Sity arrive : Denver	[MsgId: MMSG-17999]
    2023-06-18 16:52:56.782 : Found Seat Type : Coach, Seat Pref : Aisle	[MsgId: MMSG-17999]
    2023-06-18 16:53:02.920 : User is logged out of session	[MsgId: MMSG-17999]
  2023-06-18 16:55:00.999 : IterationNum=16	[MsgId: MMSG-17999]
   USER 16 = user54:pwd54	[MsgId: MMSG-17999]
    2023-06-18 16:55:01.093 : Start page is opened	[MsgId: MMSG-17999]
    2023-06-18 16:55:05.426 : User is logged in with session 136661.749777238HAcQfDipHftVzzzHtcVHHpcDcfcf	[MsgId: MMSG-17999]
    2023-06-18 16:55:09.726 : Search page opened	[MsgId: MMSG-17999]
    2023-06-18 16:55:23.155 : Flights found : 822;2554;06/21/2023 and 281;2407;06/18/2023	[MsgId: MMSG-17999]
    2023-06-18 16:55:23.155 : Sity depart : Sydney, Sity arrive : London	[MsgId: MMSG-17999]
    2023-06-18 16:55:34.401 : Found Seat Type : First, Seat Pref : None	[MsgId: MMSG-17999]
    2023-06-18 16:55:39.660 : User is logged out of session	[MsgId: MMSG-17999]
  2023-06-18 16:57:41.004 : IterationNum=17	[MsgId: MMSG-17999]
   USER 17 = user54:pwd54	[MsgId: MMSG-17999]
    2023-06-18 16:57:41.098 : Start page is opened	[MsgId: MMSG-17999]
    2023-06-18 16:57:45.067 : User is logged in with session 136661.762737951HAcQfDQptcAiDDDDtcVHHpcDzfcf	[MsgId: MMSG-17999]
    2023-06-18 16:57:49.694 : Search page opened	[MsgId: MMSG-17999]
    2023-06-18 16:58:07.580 : Flights found : 523;852;06/21/2023 and 253;852;06/18/2023	[MsgId: MMSG-17999]
    2023-06-18 16:58:07.580 : Sity depart : Portland, Sity arrive : London	[MsgId: MMSG-17999]
    2023-06-18 16:58:17.317 : Found Seat Type : First, Seat Pref : None	[MsgId: MMSG-17999]
    2023-06-18 16:58:22.730 : User is logged out of session	[MsgId: MMSG-17999]
  2023-06-18 17:00:21.016 : IterationNum=18	[MsgId: MMSG-17999]
   USER 18 = user54:pwd54	[MsgId: MMSG-17999]
    2023-06-18 17:00:21.110 : Start page is opened	[MsgId: MMSG-17999]
    2023-06-18 17:00:25.158 : User is logged in with session 136661.775698663HAcQftApAiHftcVHHpctAfcf	[MsgId: MMSG-17999]
    2023-06-18 17:00:30.643 : Search page opened	[MsgId: MMSG-17999]
    2023-06-18 17:00:45.470 : Flights found : 943;169;06/21/2023 and 493;169;06/18/2023	[MsgId: MMSG-17999]
    2023-06-18 17:00:45.470 : Sity depart : Zurich, Sity arrive : Paris	[MsgId: MMSG-17999]
    2023-06-18 17:00:56.472 : Found Seat Type : Business, Seat Pref : Window	[MsgId: MMSG-17999]
    2023-06-18 17:01:02.825 : User is logged out of session	[MsgId: MMSG-17999]
  2023-06-18 17:03:01.016 : IterationNum=19	[MsgId: MMSG-17999]
   USER 19 = user54:pwd54	[MsgId: MMSG-17999]
    2023-06-18 17:03:01.111 : Start page is opened	[MsgId: MMSG-17999]
    2023-06-18 17:03:06.080 : User is logged in with session 136661.788659376HAcQftApHftVzzzHtcVHHpcttfcf	[MsgId: MMSG-17999]
    2023-06-18 17:03:11.285 : Search page opened	[MsgId: MMSG-17999]
    2023-06-18 17:03:26.702 : Flights found : 761;145;06/21/2023 and 672;154;06/18/2023	[MsgId: MMSG-17999]
    2023-06-18 17:03:26.702 : Sity depart : Seattle, Sity arrive : San Francisco	[MsgId: MMSG-17999]
    2023-06-18 17:03:37.981 : Found Seat Type : First, Seat Pref : None	[MsgId: MMSG-17999]
    2023-06-18 17:03:43.427 : User is logged out of session	[MsgId: MMSG-17999]
  2023-06-18 17:05:41.028 : IterationNum=20	[MsgId: MMSG-17999]
   USER 20 = user54:pwd54	[MsgId: MMSG-17999]
    2023-06-18 17:05:41.122 : Start page is opened	[MsgId: MMSG-17999]
    2023-06-18 17:05:45.890 : User is logged in with session 136661.801620089HAcQftVptcAiDDDDtcVHHpctifcf	[MsgId: MMSG-17999]
    2023-06-18 17:05:50.581 : Search page opened	[MsgId: MMSG-17999]
    2023-06-18 17:06:03.684 : Flights found : 193;162;06/21/2023 and 911;176;06/18/2023	[MsgId: MMSG-17999]
    2023-06-18 17:06:03.684 : Sity depart : Frankfurt, Sity arrive : Zurich	[MsgId: MMSG-17999]
    2023-06-18 17:06:11.711 : Found Seat Type : Coach, Seat Pref : Window	[MsgId: MMSG-17999]
    2023-06-18 17:06:17.062 : User is logged out of session	[MsgId: MMSG-17999]
  2023-06-18 17:08:21.041 : IterationNum=21	[MsgId: MMSG-17999]
   USER 21 = user54:pwd54	[MsgId: MMSG-17999]
    2023-06-18 17:08:21.135 : Start page is opened	[MsgId: MMSG-17999]
    2023-06-18 17:08:27.247 : User is logged in with session 136661.814580802HAcQftcpAiHftcVHHpcfcfcf	[MsgId: MMSG-17999]
    2023-06-18 17:08:32.364 : Search page opened	[MsgId: MMSG-17999]
    2023-06-18 17:08:44.728 : Flights found : 902;577;06/21/2023 and 093;499;06/18/2023	[MsgId: MMSG-17999]
    2023-06-18 17:08:44.728 : Sity depart : Zurich, Sity arrive : Denver	[MsgId: MMSG-17999]
    2023-06-18 17:08:55.887 : Found Seat Type : Business, Seat Pref : Window	[MsgId: MMSG-17999]
    2023-06-18 17:09:00.364 : User is logged out of session	[MsgId: MMSG-17999]
  2023-06-18 17:11:01.052 : IterationNum=22	[MsgId: MMSG-17999]
   USER 22 = user54:pwd54	[MsgId: MMSG-17999]
    2023-06-18 17:11:01.146 : Start page is opened	[MsgId: MMSG-17999]
    2023-06-18 17:11:07.194 : User is logged in with session 136661.827541515HAcQftcpHftVzzzHtcVHHpcfzfcf	[MsgId: MMSG-17999]
    2023-06-18 17:11:13.557 : Search page opened	[MsgId: MMSG-17999]
    2023-06-18 17:11:27.051 : Flights found : 243;89;06/21/2023 and 423;89;06/18/2023	[MsgId: MMSG-17999]
    2023-06-18 17:11:27.051 : Sity depart : London, Sity arrive : Paris	[MsgId: MMSG-17999]
    2023-06-18 17:11:37.743 : Found Seat Type : Coach, Seat Pref : Window	[MsgId: MMSG-17999]
    2023-06-18 17:11:43.721 : User is logged out of session	[MsgId: MMSG-17999]
  2023-06-18 17:13:41.054 : IterationNum=23	[MsgId: MMSG-17999]
   USER 23 = user54:pwd54	[MsgId: MMSG-17999]
    2023-06-18 17:13:41.148 : Start page is opened	[MsgId: MMSG-17999]
    2023-06-18 17:13:46.040 : User is logged in with session 136661.840502228HAcQftDptcAiDDDDtcVHHpczAfcf	[MsgId: MMSG-17999]
    2023-06-18 17:13:51.979 : Search page opened	[MsgId: MMSG-17999]
           ERROR : Sity depart : Los Angeles Sity arrive : Los Angeles	[MsgId: MMSG-17999]
           ERROR FIXED : Sity depart : Los Angeles Sity arrive : Sydney	[MsgId: MMSG-17999]
    2023-06-18 17:14:09.458 : Flights found : 382;918;06/21/2023 and 832;918;06/18/2023	[MsgId: MMSG-17999]
    2023-06-18 17:14:09.458 : Sity depart : Los Angeles, Sity arrive : Sydney	[MsgId: MMSG-17999]
    2023-06-18 17:14:19.634 : Found Seat Type : Business, Seat Pref : None	[MsgId: MMSG-17999]
    2023-06-18 17:14:24.718 : User is logged out of session	[MsgId: MMSG-17999]
  2023-06-18 17:16:21.065 : IterationNum=24	[MsgId: MMSG-17999]
   USER 24 = user54:pwd54	[MsgId: MMSG-17999]
    2023-06-18 17:16:21.159 : Start page is opened	[MsgId: MMSG-17999]
    2023-06-18 17:16:25.615 : User is logged in with session 136661.85346294HAcQfttpAiHftcVHHpcztfcf	[MsgId: MMSG-17999]
    2023-06-18 17:16:30.098 : Search page opened	[MsgId: MMSG-17999]
    2023-06-18 17:16:47.482 : Flights found : 020;338;06/21/2023 and 200;338;06/18/2023	[MsgId: MMSG-17999]
    2023-06-18 17:16:47.482 : Sity depart : Denver, Sity arrive : London	[MsgId: MMSG-17999]
    2023-06-18 17:16:58.173 : Found Seat Type : Coach, Seat Pref : None	[MsgId: MMSG-17999]
    2023-06-18 17:17:03.056 : User is logged out of session	[MsgId: MMSG-17999]
