  2023-06-18 16:16:16.397 : IterationNum=1	[MsgId: MMSG-17999]
   USER 1 = user93:pwd93	[MsgId: MMSG-17999]
    2023-06-18 16:16:16.482 : Start page is opened	[MsgId: MMSG-17999]
    2023-06-18 16:16:21.844 : User is logged in with session 136661.561441879HAcQfcQpAzzzzzzHtcVHHpVHtt	[MsgId: MMSG-17999]
    2023-06-18 16:16:27.106 : User is logged out of session	[MsgId: MMSG-17999]
  2023-06-18 16:18:22.411 : IterationNum=2	[MsgId: MMSG-17999]
   USER 2 = user93:pwd93	[MsgId: MMSG-17999]
    2023-06-18 16:18:22.505 : Start page is opened	[MsgId: MMSG-17999]
    2023-06-18 16:18:28.306 : User is logged in with session 136661.571648441HAcQfcQpfQVzzzzHtcVHHpVHHff	[MsgId: MMSG-17999]
    2023-06-18 16:18:33.634 : User is logged out of session	[MsgId: MMSG-17999]
  2023-06-18 16:20:28.422 : IterationNum=3	[MsgId: MMSG-17999]
   USER 3 = user93:pwd93	[MsgId: MMSG-17999]
    2023-06-18 16:20:28.516 : Start page is opened	[MsgId: MMSG-17999]
    2023-06-18 16:20:33.168 : User is logged in with session 136661.581855002HAcQfDApVVzzzzzHtcVHHpViAH	[MsgId: MMSG-17999]
    2023-06-18 16:20:38.624 : User is logged out of session	[MsgId: MMSG-17999]
  2023-06-18 16:22:34.427 : IterationNum=4	[MsgId: MMSG-17999]
   USER 4 = user93:pwd93	[MsgId: MMSG-17999]
    2023-06-18 16:22:34.521 : Start page is opened	[MsgId: MMSG-17999]
    2023-06-18 16:22:40.568 : User is logged in with session 136661.592061563HAcQfDApztVzzzzHtcVHHpViDif	[MsgId: MMSG-17999]
    2023-06-18 16:22:46.414 : User is logged out of session	[MsgId: MMSG-17999]
  2023-06-18 16:24:40.434 : IterationNum=5	[MsgId: MMSG-17999]
   USER 5 = user93:pwd93	[MsgId: MMSG-17999]
    2023-06-18 16:24:40.528 : Start page is opened	[MsgId: MMSG-17999]
    2023-06-18 16:24:45.061 : User is logged in with session 136661.602268125HAcQfDVpVzzzzzzHtcVHHpViH	[MsgId: MMSG-17999]
    2023-06-18 16:24:49.358 : User is logged out of session	[MsgId: MMSG-17999]
  2023-06-18 16:26:46.446 : IterationNum=6	[MsgId: MMSG-17999]
   USER 6 = user93:pwd93	[MsgId: MMSG-17999]
    2023-06-18 16:26:46.540 : Start page is opened	[MsgId: MMSG-17999]
    2023-06-18 16:26:52.028 : User is logged in with session 136661.612474686HAcQfDVpzQVzzzzHtcVHHpVQAVf	[MsgId: MMSG-17999]
    2023-06-18 16:26:57.091 : User is logged out of session	[MsgId: MMSG-17999]
  2023-06-18 16:28:52.453 : IterationNum=7	[MsgId: MMSG-17999]
   USER 7 = user93:pwd93	[MsgId: MMSG-17999]
    2023-06-18 16:28:52.547 : Start page is opened	[MsgId: MMSG-17999]
    2023-06-18 16:28:57.002 : User is logged in with session 136661.622681247HAcQfDcpcVzzzzzHtcVHHpVQDD	[MsgId: MMSG-17999]
    2023-06-18 16:29:03.052 : User is logged out of session	[MsgId: MMSG-17999]
  2023-06-18 16:30:58.461 : IterationNum=8	[MsgId: MMSG-17999]
   USER 8 = user93:pwd93	[MsgId: MMSG-17999]
    2023-06-18 16:30:58.555 : Start page is opened	[MsgId: MMSG-17999]
    2023-06-18 16:31:02.903 : User is logged in with session 136661.632887809HAcQfDcpHtVzzzzHtcVHHpVQztf	[MsgId: MMSG-17999]
    2023-06-18 16:31:07.573 : User is logged out of session	[MsgId: MMSG-17999]
  2023-06-18 16:33:04.476 : IterationNum=9	[MsgId: MMSG-17999]
   USER 9 = user93:pwd93	[MsgId: MMSG-17999]
    2023-06-18 16:33:04.569 : Start page is opened	[MsgId: MMSG-17999]
    2023-06-18 16:33:08.651 : User is logged in with session 136661.64309437HAcQfDDpczzzzzzHtcVHHpVQQz	[MsgId: MMSG-17999]
    2023-06-18 16:33:13.137 : User is logged out of session	[MsgId: MMSG-17999]
  2023-06-18 16:35:10.477 : IterationNum=10	[MsgId: MMSG-17999]
   USER 10 = user93:pwd93	[MsgId: MMSG-17999]
    2023-06-18 16:35:10.571 : Start page is opened	[MsgId: MMSG-17999]
    2023-06-18 16:35:15.879 : User is logged in with session 136661.653300932HAcQfDDpHQVzzzzHtcVHHpcAcHf	[MsgId: MMSG-17999]
    2023-06-18 16:35:21.865 : User is logged out of session	[MsgId: MMSG-17999]
  2023-06-18 16:37:16.486 : IterationNum=11	[MsgId: MMSG-17999]
   USER 11 = user93:pwd93	[MsgId: MMSG-17999]
    2023-06-18 16:37:16.581 : Start page is opened	[MsgId: MMSG-17999]
    2023-06-18 16:37:21.161 : User is logged in with session 136661.663507493HAcQfDtpDVzzzzzHtcVHHpcAfQ	[MsgId: MMSG-17999]
    2023-06-18 16:37:25.608 : User is logged out of session	[MsgId: MMSG-17999]
  2023-06-18 16:39:22.502 : IterationNum=12	[MsgId: MMSG-17999]
   USER 12 = user93:pwd93	[MsgId: MMSG-17999]
    2023-06-18 16:39:22.596 : Start page is opened	[MsgId: MMSG-17999]
    2023-06-18 16:39:28.367 : User is logged in with session 136661.673714054HAcQfDtpitVzzzzHtcVHHpcAQAf	[MsgId: MMSG-17999]
    2023-06-18 16:39:33.210 : User is logged out of session	[MsgId: MMSG-17999]
  2023-06-18 16:41:28.503 : IterationNum=13	[MsgId: MMSG-17999]
   USER 13 = user93:pwd93	[MsgId: MMSG-17999]
    2023-06-18 16:41:28.596 : Start page is opened	[MsgId: MMSG-17999]
    2023-06-18 16:41:34.958 : User is logged in with session 136661.683920616HAcQfDfpDzzzzzzHtcVHHpcVcc	[MsgId: MMSG-17999]
    2023-06-18 16:41:40.569 : User is logged out of session	[MsgId: MMSG-17999]
  2023-06-18 16:43:34.504 : IterationNum=14	[MsgId: MMSG-17999]
   USER 14 = user93:pwd93	[MsgId: MMSG-17999]
    2023-06-18 16:43:34.598 : Start page is opened	[MsgId: MMSG-17999]
    2023-06-18 16:43:40.193 : User is logged in with session 136661.694127177HAcQfDfpiQVzzzzHtcVHHpcVfDf	[MsgId: MMSG-17999]
    2023-06-18 16:43:44.475 : User is logged out of session	[MsgId: MMSG-17999]
  2023-06-18 16:45:40.515 : IterationNum=15	[MsgId: MMSG-17999]
   USER 15 = user93:pwd93	[MsgId: MMSG-17999]
    2023-06-18 16:45:40.609 : Start page is opened	[MsgId: MMSG-17999]
    2023-06-18 16:45:44.735 : User is logged in with session 136661.704333738HAcQfDzptVzzzzzHtcVHHpcVif	[MsgId: MMSG-17999]
    2023-06-18 16:45:51.067 : User is logged out of session	[MsgId: MMSG-17999]
  2023-06-18 16:47:46.523 : IterationNum=16	[MsgId: MMSG-17999]
   USER 16 = user93:pwd93	[MsgId: MMSG-17999]
    2023-06-18 16:47:46.617 : Start page is opened	[MsgId: MMSG-17999]
    2023-06-18 16:47:51.150 : User is logged in with session 136661.7145403HAcQfDzpQtVzzzzHtcVHHpccVzf	[MsgId: MMSG-17999]
    2023-06-18 16:47:56.248 : User is logged out of session	[MsgId: MMSG-17999]
  2023-06-18 16:49:52.534 : IterationNum=17	[MsgId: MMSG-17999]
   USER 17 = user93:pwd93	[MsgId: MMSG-17999]
    2023-06-18 16:49:52.628 : Start page is opened	[MsgId: MMSG-17999]
    2023-06-18 16:49:58.864 : User is logged in with session 136661.724746861HAcQfDHptzzzzzzHtcVHHpccti	[MsgId: MMSG-17999]
    2023-06-18 16:50:04.992 : User is logged out of session	[MsgId: MMSG-17999]
  2023-06-18 16:51:58.547 : IterationNum=18	[MsgId: MMSG-17999]
   USER 18 = user93:pwd93	[MsgId: MMSG-17999]
    2023-06-18 16:51:58.642 : Start page is opened	[MsgId: MMSG-17999]
    2023-06-18 16:52:03.877 : User is logged in with session 136661.734953422HAcQfDHpQQVzzzzHtcVHHpccHQf	[MsgId: MMSG-17999]
    2023-06-18 16:52:09.333 : User is logged out of session	[MsgId: MMSG-17999]
  2023-06-18 16:54:04.558 : IterationNum=19	[MsgId: MMSG-17999]
   USER 19 = user93:pwd93	[MsgId: MMSG-17999]
    2023-06-18 16:54:04.652 : Start page is opened	[MsgId: MMSG-17999]
    2023-06-18 16:54:11.020 : User is logged in with session 136661.745159984HAcQfDipfVzzzzzHtcVHHpcDVV	[MsgId: MMSG-17999]
    2023-06-18 16:54:15.693 : User is logged out of session	[MsgId: MMSG-17999]
  2023-06-18 16:56:10.570 : IterationNum=20	[MsgId: MMSG-17999]
   USER 20 = user93:pwd93	[MsgId: MMSG-17999]
    2023-06-18 16:56:10.665 : Start page is opened	[MsgId: MMSG-17999]
    2023-06-18 16:56:16.482 : User is logged in with session 136661.755366545HAcQfDQpAtVzzzzHtcVHHpcDtcf	[MsgId: MMSG-17999]
    2023-06-18 16:56:20.560 : User is logged out of session	[MsgId: MMSG-17999]
  2023-06-18 16:58:16.572 : IterationNum=21	[MsgId: MMSG-17999]
   USER 21 = user93:pwd93	[MsgId: MMSG-17999]
    2023-06-18 16:58:16.666 : Start page is opened	[MsgId: MMSG-17999]
    2023-06-18 16:58:22.373 : User is logged in with session 136661.765573107HAcQfDQpfzzzzzzHtcVHHpcDHt	[MsgId: MMSG-17999]
    2023-06-18 16:58:26.449 : User is logged out of session	[MsgId: MMSG-17999]
  2023-06-18 17:00:22.579 : IterationNum=22	[MsgId: MMSG-17999]
   USER 22 = user93:pwd93	[MsgId: MMSG-17999]
    2023-06-18 17:00:22.673 : Start page is opened	[MsgId: MMSG-17999]
    2023-06-18 17:00:27.411 : User is logged in with session 136661.775779668HAcQftApAQVzzzzHtcVHHpctAff	[MsgId: MMSG-17999]
    2023-06-18 17:00:33.648 : User is logged out of session	[MsgId: MMSG-17999]
  2023-06-18 17:02:28.582 : IterationNum=23	[MsgId: MMSG-17999]
   USER 23 = user93:pwd93	[MsgId: MMSG-17999]
    2023-06-18 17:02:28.676 : Start page is opened	[MsgId: MMSG-17999]
    2023-06-18 17:02:34.805 : User is logged in with session 136661.785986229HAcQftApzVzzzzzHtcVHHpctDH	[MsgId: MMSG-17999]
    2023-06-18 17:02:41.120 : User is logged out of session	[MsgId: MMSG-17999]
  2023-06-18 17:04:34.588 : IterationNum=24	[MsgId: MMSG-17999]
   USER 24 = user93:pwd93	[MsgId: MMSG-17999]
    2023-06-18 17:04:34.682 : Start page is opened	[MsgId: MMSG-17999]
    2023-06-18 17:04:40.700 : User is logged in with session 136661.796192791HAcQftVpVtVzzzzHtcVHHpctzif	[MsgId: MMSG-17999]
    2023-06-18 17:04:46.233 : User is logged out of session	[MsgId: MMSG-17999]
  2023-06-18 17:06:40.592 : IterationNum=25	[MsgId: MMSG-17999]
   USER 25 = user93:pwd93	[MsgId: MMSG-17999]
    2023-06-18 17:06:40.686 : Start page is opened	[MsgId: MMSG-17999]
    2023-06-18 17:06:46.610 : User is logged in with session 136661.806399352HAcQftVpzzzzzzzHtcVHHpcf	[MsgId: MMSG-17999]
    2023-06-18 17:06:51.128 : User is logged out of session	[MsgId: MMSG-17999]
  2023-06-18 17:08:46.595 : IterationNum=26	[MsgId: MMSG-17999]
   USER 26 = user93:pwd93	[MsgId: MMSG-17999]
    2023-06-18 17:08:46.689 : Start page is opened	[MsgId: MMSG-17999]
    2023-06-18 17:08:51.692 : User is logged in with session 136661.816605913HAcQftcpVQVzzzzHtcVHHpcfDVf	[MsgId: MMSG-17999]
    2023-06-18 17:08:56.101 : User is logged out of session	[MsgId: MMSG-17999]
  2023-06-18 17:10:52.598 : IterationNum=27	[MsgId: MMSG-17999]
   USER 27 = user93:pwd93	[MsgId: MMSG-17999]
    2023-06-18 17:10:52.691 : Start page is opened	[MsgId: MMSG-17999]
    2023-06-18 17:10:58.491 : User is logged in with session 136661.826812475HAcQftcpHVzzzzzHtcVHHpcfzD	[MsgId: MMSG-17999]
    2023-06-18 17:11:03.725 : User is logged out of session	[MsgId: MMSG-17999]
  2023-06-18 17:12:58.602 : IterationNum=28	[MsgId: MMSG-17999]
   USER 28 = user93:pwd93	[MsgId: MMSG-17999]
    2023-06-18 17:12:58.696 : Start page is opened	[MsgId: MMSG-17999]
    2023-06-18 17:13:02.994 : User is logged in with session 136661.837019036HAcQftDpctVzzzzHtcVHHpcfQtf	[MsgId: MMSG-17999]
    2023-06-18 17:13:07.605 : User is logged out of session	[MsgId: MMSG-17999]
  2023-06-18 17:15:04.618 : IterationNum=29	[MsgId: MMSG-17999]
   USER 29 = user93:pwd93	[MsgId: MMSG-17999]
    2023-06-18 17:15:04.712 : Start page is opened	[MsgId: MMSG-17999]
    2023-06-18 17:15:09.369 : User is logged in with session 136661.847225597HAcQftDpHzzzzzzHtcVHHpczcz	[MsgId: MMSG-17999]
    2023-06-18 17:15:14.101 : User is logged out of session	[MsgId: MMSG-17999]
  2023-06-18 17:17:10.622 : IterationNum=30	[MsgId: MMSG-17999]
   USER 30 = user93:pwd93	[MsgId: MMSG-17999]
    2023-06-18 17:17:10.716 : Start page is opened	[MsgId: MMSG-17999]
    2023-06-18 17:17:16.484 : User is logged in with session 136661.857432159HAcQfttpcQVzzzzHtcVHHpczfHf	[MsgId: MMSG-17999]
    2023-06-18 17:17:21.235 : User is logged out of session	[MsgId: MMSG-17999]
