  2023-06-18 16:15:26.320 : IterationNum=1	[MsgId: MMSG-17999]
   USER 1 = user88:pwd88	[MsgId: MMSG-17999]
    2023-06-18 16:15:26.407 : Start page is opened	[MsgId: MMSG-17999]
    2023-06-18 16:15:30.792 : User is logged in with session 136661.557391657HAcQfcipifiDDDDDtcVHHpVHDVf	[MsgId: MMSG-17999]
    2023-06-18 16:15:35.265 : User is logged out of session	[MsgId: MMSG-17999]
  2023-06-18 16:17:32.329 : IterationNum=2	[MsgId: MMSG-17999]
   USER 2 = user88:pwd88	[MsgId: MMSG-17999]
    2023-06-18 16:17:32.423 : Start page is opened	[MsgId: MMSG-17999]
    2023-06-18 16:17:37.157 : User is logged in with session 136661.567598218HAcQfcQpDiDDDDDDtcVHHpVHzD	[MsgId: MMSG-17999]
    2023-06-18 16:17:41.827 : User is logged out of session	[MsgId: MMSG-17999]
  2023-06-18 16:19:38.336 : IterationNum=3	[MsgId: MMSG-17999]
   USER 3 = user88:pwd88	[MsgId: MMSG-17999]
    2023-06-18 16:19:38.430 : Start page is opened	[MsgId: MMSG-17999]
    2023-06-18 16:19:42.901 : User is logged in with session 136661.577804779HAcQfcQpQAiDDDDDtcVHHpVHQtf	[MsgId: MMSG-17999]
    2023-06-18 16:19:47.213 : User is logged out of session	[MsgId: MMSG-17999]
  2023-06-18 16:21:44.338 : IterationNum=4	[MsgId: MMSG-17999]
   USER 4 = user88:pwd88	[MsgId: MMSG-17999]
    2023-06-18 16:21:44.432 : Start page is opened	[MsgId: MMSG-17999]
    2023-06-18 16:21:48.807 : User is logged in with session 136661.588011341HAcQfDAptDDDDDDDtcVHHpVicz	[MsgId: MMSG-17999]
    2023-06-18 16:21:53.856 : User is logged out of session	[MsgId: MMSG-17999]
  2023-06-18 16:23:50.352 : IterationNum=5	[MsgId: MMSG-17999]
   USER 5 = user88:pwd88	[MsgId: MMSG-17999]
    2023-06-18 16:23:50.446 : Start page is opened	[MsgId: MMSG-17999]
    2023-06-18 16:23:56.028 : User is logged in with session 136661.598217902HAcQfDApQfiDDDDDtcVHHpVifHf	[MsgId: MMSG-17999]
    2023-06-18 16:24:01.638 : User is logged out of session	[MsgId: MMSG-17999]
  2023-06-18 16:25:56.360 : IterationNum=6	[MsgId: MMSG-17999]
   USER 6 = user88:pwd88	[MsgId: MMSG-17999]
    2023-06-18 16:25:56.454 : Start page is opened	[MsgId: MMSG-17999]
    2023-06-18 16:26:01.159 : User is logged in with session 136661.608424463HAcQfDVptiDDDDDDtcVHHpViiQ	[MsgId: MMSG-17999]
    2023-06-18 16:26:06.364 : User is logged out of session	[MsgId: MMSG-17999]
  2023-06-18 16:28:02.361 : IterationNum=7	[MsgId: MMSG-17999]
   USER 7 = user88:pwd88	[MsgId: MMSG-17999]
    2023-06-18 16:28:02.455 : Start page is opened	[MsgId: MMSG-17999]
    2023-06-18 16:28:08.739 : User is logged in with session 136661.618631025HAcQfDcpAAiDDDDDtcVHHpVQcAf	[MsgId: MMSG-17999]
    2023-06-18 16:28:13.990 : User is logged out of session	[MsgId: MMSG-17999]
  2023-06-18 16:30:08.374 : IterationNum=8	[MsgId: MMSG-17999]
   USER 8 = user88:pwd88	[MsgId: MMSG-17999]
    2023-06-18 16:30:08.468 : Start page is opened	[MsgId: MMSG-17999]
    2023-06-18 16:30:13.517 : User is logged in with session 136661.628837586HAcQfDcpfDDDDDDDtcVHHpVQfc	[MsgId: MMSG-17999]
    2023-06-18 16:30:19.237 : User is logged out of session	[MsgId: MMSG-17999]
  2023-06-18 16:32:14.382 : IterationNum=9	[MsgId: MMSG-17999]
   USER 9 = user88:pwd88	[MsgId: MMSG-17999]
    2023-06-18 16:32:14.476 : Start page is opened	[MsgId: MMSG-17999]
    2023-06-18 16:32:20.477 : User is logged in with session 136661.639044147HAcQfDDpAfiDDDDDtcVHHpVQiDf	[MsgId: MMSG-17999]
    2023-06-18 16:32:26.042 : User is logged out of session	[MsgId: MMSG-17999]
  2023-06-18 16:34:20.391 : IterationNum=10	[MsgId: MMSG-17999]
   USER 10 = user88:pwd88	[MsgId: MMSG-17999]
    2023-06-18 16:34:20.485 : Start page is opened	[MsgId: MMSG-17999]
    2023-06-18 16:34:25.882 : User is logged in with session 136661.649250709HAcQfDDpfiDDDDDDtcVHHpcAVf	[MsgId: MMSG-17999]
    2023-06-18 16:34:31.066 : User is logged out of session	[MsgId: MMSG-17999]
  2023-06-18 16:36:26.398 : IterationNum=11	[MsgId: MMSG-17999]
   USER 11 = user88:pwd88	[MsgId: MMSG-17999]
    2023-06-18 16:36:26.492 : Start page is opened	[MsgId: MMSG-17999]
    2023-06-18 16:36:31.385 : User is logged in with session 136661.65945727HAcQfDtpVAiDDDDDtcVHHpcAtzf	[MsgId: MMSG-17999]
    2023-06-18 16:36:35.845 : User is logged out of session	[MsgId: MMSG-17999]
  2023-06-18 16:38:32.406 : IterationNum=12	[MsgId: MMSG-17999]
   USER 12 = user88:pwd88	[MsgId: MMSG-17999]
    2023-06-18 16:38:32.500 : Start page is opened	[MsgId: MMSG-17999]
    2023-06-18 16:38:38.517 : User is logged in with session 136661.669663832HAcQfDtpzDDDDDDDtcVHHpcAHi	[MsgId: MMSG-17999]
    2023-06-18 16:38:44.348 : User is logged out of session	[MsgId: MMSG-17999]
  2023-06-18 16:40:38.410 : IterationNum=13	[MsgId: MMSG-17999]
   USER 13 = user88:pwd88	[MsgId: MMSG-17999]
    2023-06-18 16:40:38.504 : Start page is opened	[MsgId: MMSG-17999]
    2023-06-18 16:40:43.209 : User is logged in with session 136661.679870393HAcQfDfpVfiDDDDDtcVHHpcVAQf	[MsgId: MMSG-17999]
    2023-06-18 16:40:47.898 : User is logged out of session	[MsgId: MMSG-17999]
  2023-06-18 16:42:44.420 : IterationNum=14	[MsgId: MMSG-17999]
   USER 14 = user88:pwd88	[MsgId: MMSG-17999]
    2023-06-18 16:42:44.514 : Start page is opened	[MsgId: MMSG-17999]
    2023-06-18 16:42:50.329 : User is logged in with session 136661.690076954HAcQfDfpziDDDDDDtcVHHpcVtV	[MsgId: MMSG-17999]
    2023-06-18 16:42:54.890 : User is logged out of session	[MsgId: MMSG-17999]
  2023-06-18 16:44:50.425 : IterationNum=15	[MsgId: MMSG-17999]
   USER 15 = user88:pwd88	[MsgId: MMSG-17999]
    2023-06-18 16:44:50.518 : Start page is opened	[MsgId: MMSG-17999]
    2023-06-18 16:44:56.821 : User is logged in with session 136661.700283516HAcQfDzpcAiDDDDDtcVHHpcVHcf	[MsgId: MMSG-17999]
    2023-06-18 16:45:02.169 : User is logged out of session	[MsgId: MMSG-17999]
  2023-06-18 16:46:56.432 : IterationNum=16	[MsgId: MMSG-17999]
   USER 16 = user88:pwd88	[MsgId: MMSG-17999]
    2023-06-18 16:46:56.527 : Start page is opened	[MsgId: MMSG-17999]
    2023-06-18 16:47:01.543 : User is logged in with session 136661.710490077HAcQfDzpHDDDDDDDtcVHHpccAt	[MsgId: MMSG-17999]
    2023-06-18 16:47:05.622 : User is logged out of session	[MsgId: MMSG-17999]
  2023-06-18 16:49:02.448 : IterationNum=17	[MsgId: MMSG-17999]
   USER 17 = user88:pwd88	[MsgId: MMSG-17999]
    2023-06-18 16:49:02.542 : Start page is opened	[MsgId: MMSG-17999]
    2023-06-18 16:49:08.871 : User is logged in with session 136661.720696638HAcQfDHpcfiDDDDDtcVHHpccDff	[MsgId: MMSG-17999]
    2023-06-18 16:49:13.215 : User is logged out of session	[MsgId: MMSG-17999]
  2023-06-18 16:51:08.457 : IterationNum=18	[MsgId: MMSG-17999]
   USER 18 = user88:pwd88	[MsgId: MMSG-17999]
    2023-06-18 16:51:08.551 : Start page is opened	[MsgId: MMSG-17999]
    2023-06-18 16:51:14.366 : User is logged in with session 136661.7309032HAcQfDHpHiDDDDDDtcVHHpcczH	[MsgId: MMSG-17999]
    2023-06-18 16:51:18.529 : User is logged out of session	[MsgId: MMSG-17999]
  2023-06-18 16:53:14.468 : IterationNum=19	[MsgId: MMSG-17999]
   USER 19 = user88:pwd88	[MsgId: MMSG-17999]
    2023-06-18 16:53:14.562 : Start page is opened	[MsgId: MMSG-17999]
    2023-06-18 16:53:19.188 : User is logged in with session 136661.741109761HAcQfDipDAiDDDDDtcVHHpccQif	[MsgId: MMSG-17999]
    2023-06-18 16:53:24.520 : User is logged out of session	[MsgId: MMSG-17999]
  2023-06-18 16:55:20.480 : IterationNum=20	[MsgId: MMSG-17999]
   USER 20 = user88:pwd88	[MsgId: MMSG-17999]
    2023-06-18 16:55:20.575 : Start page is opened	[MsgId: MMSG-17999]
    2023-06-18 16:55:24.583 : User is logged in with session 136661.751316322HAcQfDipiDDDDDDDtcVHHpcDD	[MsgId: MMSG-17999]
    2023-06-18 16:55:29.131 : User is logged out of session	[MsgId: MMSG-17999]
  2023-06-18 16:57:26.488 : IterationNum=21	[MsgId: MMSG-17999]
   USER 21 = user88:pwd88	[MsgId: MMSG-17999]
    2023-06-18 16:57:26.582 : Start page is opened	[MsgId: MMSG-17999]
    2023-06-18 16:57:30.871 : User is logged in with session 136661.761522884HAcQfDQpDfiDDDDDtcVHHpcDzVf	[MsgId: MMSG-17999]
    2023-06-18 16:57:35.644 : User is logged out of session	[MsgId: MMSG-17999]
  2023-06-18 16:59:32.489 : IterationNum=22	[MsgId: MMSG-17999]
   USER 22 = user88:pwd88	[MsgId: MMSG-17999]
    2023-06-18 16:59:32.583 : Start page is opened	[MsgId: MMSG-17999]
    2023-06-18 16:59:37.022 : User is logged in with session 136661.771729445HAcQfDQpiiDDDDDDtcVHHpcDQD	[MsgId: MMSG-17999]
    2023-06-18 16:59:41.757 : User is logged out of session	[MsgId: MMSG-17999]
  2023-06-18 17:01:38.502 : IterationNum=23	[MsgId: MMSG-17999]
   USER 23 = user88:pwd88	[MsgId: MMSG-17999]
    2023-06-18 17:01:38.596 : Start page is opened	[MsgId: MMSG-17999]
    2023-06-18 17:01:43.127 : User is logged in with session 136661.781936006HAcQftAptAiDDDDDtcVHHpctctf	[MsgId: MMSG-17999]
    2023-06-18 17:01:49.380 : User is logged out of session	[MsgId: MMSG-17999]
  2023-06-18 17:03:44.510 : IterationNum=24	[MsgId: MMSG-17999]
   USER 24 = user88:pwd88	[MsgId: MMSG-17999]
    2023-06-18 17:03:44.604 : Start page is opened	[MsgId: MMSG-17999]
    2023-06-18 17:03:48.527 : User is logged in with session 136661.792142568HAcQftApQDDDDDDDtcVHHpctfz	[MsgId: MMSG-17999]
    2023-06-18 17:03:53.232 : User is logged out of session	[MsgId: MMSG-17999]
  2023-06-18 17:05:50.516 : IterationNum=25	[MsgId: MMSG-17999]
   USER 25 = user88:pwd88	[MsgId: MMSG-17999]
    2023-06-18 17:05:50.610 : Start page is opened	[MsgId: MMSG-17999]
    2023-06-18 17:05:55.223 : User is logged in with session 136661.802349129HAcQftVptfiDDDDDtcVHHpctiHf	[MsgId: MMSG-17999]
    2023-06-18 17:06:01.535 : User is logged out of session	[MsgId: MMSG-17999]
  2023-06-18 17:07:56.518 : IterationNum=26	[MsgId: MMSG-17999]
   USER 26 = user88:pwd88	[MsgId: MMSG-17999]
    2023-06-18 17:07:56.612 : Start page is opened	[MsgId: MMSG-17999]
    2023-06-18 17:08:01.864 : User is logged in with session 136661.812555691HAcQftVpQiDDDDDDtcVHHpcfVQ	[MsgId: MMSG-17999]
    2023-06-18 17:08:07.710 : User is logged out of session	[MsgId: MMSG-17999]
  2023-06-18 17:10:02.528 : IterationNum=27	[MsgId: MMSG-17999]
   USER 27 = user88:pwd88	[MsgId: MMSG-17999]
    2023-06-18 17:10:02.623 : Start page is opened	[MsgId: MMSG-17999]
    2023-06-18 17:10:08.061 : User is logged in with session 136661.822762252HAcQftcpfAiDDDDDtcVHHpcffAf	[MsgId: MMSG-17999]
    2023-06-18 17:10:13.673 : User is logged out of session	[MsgId: MMSG-17999]
  2023-06-18 17:12:08.542 : IterationNum=28	[MsgId: MMSG-17999]
   USER 28 = user88:pwd88	[MsgId: MMSG-17999]
    2023-06-18 17:12:08.636 : Start page is opened	[MsgId: MMSG-17999]
    2023-06-18 17:12:14.217 : User is logged in with session 136661.832968813HAcQftDpADDDDDDDtcVHHpcfic	[MsgId: MMSG-17999]
    2023-06-18 17:12:19.170 : User is logged out of session	[MsgId: MMSG-17999]
  2023-06-18 17:14:14.545 : IterationNum=29	[MsgId: MMSG-17999]
   USER 29 = user88:pwd88	[MsgId: MMSG-17999]
    2023-06-18 17:14:14.639 : Start page is opened	[MsgId: MMSG-17999]
    2023-06-18 17:14:20.765 : User is logged in with session 136661.843175375HAcQftDpffiDDDDDtcVHHpczVDf	[MsgId: MMSG-17999]
    2023-06-18 17:14:25.781 : User is logged out of session	[MsgId: MMSG-17999]
  2023-06-18 17:16:20.550 : IterationNum=30	[MsgId: MMSG-17999]
   USER 30 = user88:pwd88	[MsgId: MMSG-17999]
    2023-06-18 17:16:20.644 : Start page is opened	[MsgId: MMSG-17999]
    2023-06-18 17:16:25.629 : User is logged in with session 136661.853381936HAcQfttpAiDDDDDDtcVHHpcztf	[MsgId: MMSG-17999]
    2023-06-18 17:16:29.566 : User is logged out of session	[MsgId: MMSG-17999]
  2023-06-18 17:18:26.557 : IterationNum=31	[MsgId: MMSG-17999]
   USER 31 = user88:pwd88	[MsgId: MMSG-17999]
    2023-06-18 17:18:26.651 : Start page is opened	[MsgId: MMSG-17999]
    2023-06-18 17:18:31.747 : User is logged in with session 136661.863588497HAcQfttpzAiDDDDDtcVHHpczHzf	[MsgId: MMSG-17999]
    2023-06-18 17:18:37.914 : User is logged out of session	[MsgId: MMSG-17999]
