  2023-06-18 16:14:25.866 : IterationNum=1	[MsgId: MMSG-17999]
   USER 1 = user49:pwd49	[MsgId: MMSG-17999]
    2023-06-18 16:14:25.954 : Start page is opened	[MsgId: MMSG-17999]
    2023-06-18 16:14:30.032 : User is logged in with session 136661.552450385HAcQfcipzAtVzzzHtcVHHpVHVzcf	[MsgId: MMSG-17999]
    2023-06-18 16:14:36.233 : Search page opened	[MsgId: MMSG-17999]
    2023-06-18 16:14:50.923 : Flights found : 381;865;06/21/2023 and 833;794;06/18/2023	[MsgId: MMSG-17999]
    2023-06-18 16:14:50.923 : Sity depart : Los Angeles, Sity arrive : Sydney	[MsgId: MMSG-17999]
    2023-06-18 16:15:00.984 : Found Seat Type : Business, Seat Pref : None	[MsgId: MMSG-17999]
    2023-06-18 16:15:06.535 : User is logged out of session	[MsgId: MMSG-17999]
  2023-06-18 16:17:05.881 : IterationNum=2	[MsgId: MMSG-17999]
   USER 2 = user50:pwd50	[MsgId: MMSG-17999]
    2023-06-18 16:17:05.974 : Start page is opened	[MsgId: MMSG-17999]
    2023-06-18 16:17:10.501 : User is logged in with session 136661.565411098HAcQfcQpcHAiDDDDtcVHHpVHfzcf	[MsgId: MMSG-17999]
    2023-06-18 16:17:14.425 : Search page opened	[MsgId: MMSG-17999]
    2023-06-18 16:17:27.552 : Flights found : 921;166;06/21/2023 and 292;176;06/18/2023	[MsgId: MMSG-17999]
    2023-06-18 16:17:27.552 : Sity depart : Zurich, Sity arrive : London	[MsgId: MMSG-17999]
    2023-06-18 16:17:38.526 : Found Seat Type : Coach, Seat Pref : Window	[MsgId: MMSG-17999]
    2023-06-18 16:17:44.203 : User is logged out of session	[MsgId: MMSG-17999]
  2023-06-18 16:19:45.884 : IterationNum=3	[MsgId: MMSG-17999]
   USER 3 = user51:pwd51	[MsgId: MMSG-17999]
    2023-06-18 16:19:45.978 : Start page is opened	[MsgId: MMSG-17999]
    2023-06-18 16:19:51.244 : User is logged in with session 136661.57837181HAcQfcQpQDHftcVHHpVHQzcf	[MsgId: MMSG-17999]
    2023-06-18 16:19:56.935 : Search page opened	[MsgId: MMSG-17999]
    2023-06-18 16:20:08.538 : Flights found : 272;1002;06/21/2023 and 721;944;06/18/2023	[MsgId: MMSG-17999]
    2023-06-18 16:20:08.538 : Sity depart : London, Sity arrive : Seattle	[MsgId: MMSG-17999]
    2023-06-18 16:20:19.305 : Found Seat Type : First, Seat Pref : Aisle	[MsgId: MMSG-17999]
    2023-06-18 16:20:23.781 : User is logged out of session	[MsgId: MMSG-17999]
  2023-06-18 16:22:25.895 : IterationNum=4	[MsgId: MMSG-17999]
   USER 4 = user51:pwd51	[MsgId: MMSG-17999]
    2023-06-18 16:22:25.990 : Start page is opened	[MsgId: MMSG-17999]
    2023-06-18 16:22:30.963 : User is logged in with session 136661.591332523HAcQfDApzAtVzzzHtcVHHpViDzcf	[MsgId: MMSG-17999]
    2023-06-18 16:22:37.303 : Search page opened	[MsgId: MMSG-17999]
    2023-06-18 16:22:51.094 : Flights found : 472;565;06/21/2023 and 743;489;06/18/2023	[MsgId: MMSG-17999]
    2023-06-18 16:22:51.094 : Sity depart : Paris, Sity arrive : Seattle	[MsgId: MMSG-17999]
    2023-06-18 16:23:01.597 : Found Seat Type : Coach, Seat Pref : Window	[MsgId: MMSG-17999]
    2023-06-18 16:23:06.810 : User is logged out of session	[MsgId: MMSG-17999]
  2023-06-18 16:25:05.908 : IterationNum=5	[MsgId: MMSG-17999]
   USER 5 = user51:pwd51	[MsgId: MMSG-17999]
    2023-06-18 16:25:06.002 : Start page is opened	[MsgId: MMSG-17999]
    2023-06-18 16:25:11.027 : User is logged in with session 136661.604293236HAcQfDVpcHAiDDDDtcVHHpViHzcf	[MsgId: MMSG-17999]
    2023-06-18 16:25:16.024 : Search page opened	[MsgId: MMSG-17999]
    2023-06-18 16:25:28.703 : Flights found : 970;839;06/21/2023 and 791;747;06/18/2023	[MsgId: MMSG-17999]
    2023-06-18 16:25:28.703 : Sity depart : Zurich, Sity arrive : Seattle	[MsgId: MMSG-17999]
    2023-06-18 16:25:40.012 : Found Seat Type : First, Seat Pref : None	[MsgId: MMSG-17999]
    2023-06-18 16:25:44.262 : User is logged out of session	[MsgId: MMSG-17999]
  2023-06-18 16:27:45.916 : IterationNum=6	[MsgId: MMSG-17999]
   USER 6 = user51:pwd51	[MsgId: MMSG-17999]
    2023-06-18 16:27:46.010 : Start page is opened	[MsgId: MMSG-17999]
    2023-06-18 16:27:50.702 : User is logged in with session 136661.617253949HAcQfDVpQDHftcVHHpVQVzcf	[MsgId: MMSG-17999]
    2023-06-18 16:27:55.110 : Search page opened	[MsgId: MMSG-17999]
    2023-06-18 16:28:08.041 : Flights found : 713;783;06/21/2023 and 172;904;06/18/2023	[MsgId: MMSG-17999]
    2023-06-18 16:28:08.041 : Sity depart : Seattle, Sity arrive : Frankfurt	[MsgId: MMSG-17999]
    2023-06-18 16:28:17.468 : Found Seat Type : First, Seat Pref : None	[MsgId: MMSG-17999]
    2023-06-18 16:28:23.008 : User is logged out of session	[MsgId: MMSG-17999]
  2023-06-18 16:30:25.924 : IterationNum=7	[MsgId: MMSG-17999]
   USER 7 = user51:pwd51	[MsgId: MMSG-17999]
    2023-06-18 16:30:26.018 : Start page is opened	[MsgId: MMSG-17999]
    2023-06-18 16:30:32.027 : User is logged in with session 136661.630214662HAcQfDcpzAtVzzzHtcVHHpVQfzcf	[MsgId: MMSG-17999]
    2023-06-18 16:30:38.328 : Search page opened	[MsgId: MMSG-17999]
    2023-06-18 16:30:54.167 : Flights found : 933;531;06/21/2023 and 390;752;06/18/2023	[MsgId: MMSG-17999]
    2023-06-18 16:30:54.167 : Sity depart : Zurich, Sity arrive : Los Angeles	[MsgId: MMSG-17999]
    2023-06-18 16:31:02.705 : Found Seat Type : First, Seat Pref : Window	[MsgId: MMSG-17999]
    2023-06-18 16:31:06.854 : User is logged out of session	[MsgId: MMSG-17999]
  2023-06-18 16:33:05.929 : IterationNum=8	[MsgId: MMSG-17999]
   USER 8 = user51:pwd51	[MsgId: MMSG-17999]
    2023-06-18 16:33:06.023 : Start page is opened	[MsgId: MMSG-17999]
    2023-06-18 16:33:10.355 : User is logged in with session 136661.643175375HAcQfDDpcHAiDDDDtcVHHpVQQzcf	[MsgId: MMSG-17999]
    2023-06-18 16:33:15.450 : Search page opened	[MsgId: MMSG-17999]
    2023-06-18 16:33:33.141 : Flights found : 541;802;06/21/2023 and 451;802;06/18/2023	[MsgId: MMSG-17999]
    2023-06-18 16:33:33.141 : Sity depart : Portland, Sity arrive : Paris	[MsgId: MMSG-17999]
    2023-06-18 16:33:42.328 : Found Seat Type : Business, Seat Pref : None	[MsgId: MMSG-17999]
    2023-06-18 16:33:46.852 : User is logged out of session	[MsgId: MMSG-17999]
  2023-06-18 16:35:45.935 : IterationNum=9	[MsgId: MMSG-17999]
   USER 9 = user51:pwd51	[MsgId: MMSG-17999]
    2023-06-18 16:35:46.029 : Start page is opened	[MsgId: MMSG-17999]
    2023-06-18 16:35:51.609 : User is logged in with session 136661.656136087HAcQfDDpQDHftcVHHpcADzcf	[MsgId: MMSG-17999]
    2023-06-18 16:35:56.470 : Search page opened	[MsgId: MMSG-17999]
    2023-06-18 16:36:10.450 : Flights found : 511;413;06/21/2023 and 150;464;06/18/2023	[MsgId: MMSG-17999]
    2023-06-18 16:36:10.450 : Sity depart : Portland, Sity arrive : Frankfurt	[MsgId: MMSG-17999]
    2023-06-18 16:36:18.811 : Found Seat Type : Business, Seat Pref : Window	[MsgId: MMSG-17999]
    2023-06-18 16:36:24.914 : User is logged out of session	[MsgId: MMSG-17999]
  2023-06-18 16:38:25.939 : IterationNum=10	[MsgId: MMSG-17999]
   USER 10 = user51:pwd51	[MsgId: MMSG-17999]
    2023-06-18 16:38:26.033 : Start page is opened	[MsgId: MMSG-17999]
    2023-06-18 16:38:30.693 : User is logged in with session 136661.6690968HAcQfDtpzAtVzzzHtcVHHpcAHzcf	[MsgId: MMSG-17999]
    2023-06-18 16:38:35.203 : Search page opened	[MsgId: MMSG-17999]
    2023-06-18 16:38:50.229 : Flights found : 583;1235;06/21/2023 and 851;1345;06/18/2023	[MsgId: MMSG-17999]
    2023-06-18 16:38:50.229 : Sity depart : Portland, Sity arrive : Sydney	[MsgId: MMSG-17999]
    2023-06-18 16:38:57.858 : Found Seat Type : First, Seat Pref : Window	[MsgId: MMSG-17999]
    2023-06-18 16:39:03.511 : User is logged out of session	[MsgId: MMSG-17999]
  2023-06-18 16:41:05.949 : IterationNum=11	[MsgId: MMSG-17999]
   USER 11 = user51:pwd51	[MsgId: MMSG-17999]
    2023-06-18 16:41:06.043 : Start page is opened	[MsgId: MMSG-17999]
    2023-06-18 16:41:10.967 : User is logged in with session 136661.682057513HAcQfDfpcHAiDDDDtcVHHpcVVzcf	[MsgId: MMSG-17999]
    2023-06-18 16:41:17.295 : Search page opened	[MsgId: MMSG-17999]
    2023-06-18 16:41:34.662 : Flights found : 533;303;06/21/2023 and 350;371;06/18/2023	[MsgId: MMSG-17999]
    2023-06-18 16:41:34.662 : Sity depart : Portland, Sity arrive : Los Angeles	[MsgId: MMSG-17999]
    2023-06-18 16:41:46.673 : Found Seat Type : First, Seat Pref : None	[MsgId: MMSG-17999]
    2023-06-18 16:41:52.729 : User is logged out of session	[MsgId: MMSG-17999]
  2023-06-18 16:43:45.960 : IterationNum=12	[MsgId: MMSG-17999]
   USER 12 = user51:pwd51	[MsgId: MMSG-17999]
    2023-06-18 16:43:46.053 : Start page is opened	[MsgId: MMSG-17999]
    2023-06-18 16:43:51.852 : User is logged in with session 136661.695018226HAcQfDfpQDHftcVHHpcVfzcf	[MsgId: MMSG-17999]
    2023-06-18 16:43:56.526 : Search page opened	[MsgId: MMSG-17999]
    2023-06-18 16:44:15.123 : Flights found : 143;152;06/21/2023 and 410;186;06/18/2023	[MsgId: MMSG-17999]
    2023-06-18 16:44:15.123 : Sity depart : Frankfurt, Sity arrive : Paris	[MsgId: MMSG-17999]
    2023-06-18 16:44:25.846 : Found Seat Type : Business, Seat Pref : Aisle	[MsgId: MMSG-17999]
    2023-06-18 16:44:29.901 : User is logged out of session	[MsgId: MMSG-17999]
  2023-06-18 16:46:25.972 : IterationNum=13	[MsgId: MMSG-17999]
   USER 13 = user51:pwd51	[MsgId: MMSG-17999]
    2023-06-18 16:46:26.066 : Start page is opened	[MsgId: MMSG-17999]
    2023-06-18 16:46:31.395 : User is logged in with session 136661.708059943HAcQfDzpzAiDDDDDtcVHHpcVQzf	[MsgId: MMSG-17999]
    2023-06-18 16:46:37.742 : Search page opened	[MsgId: MMSG-17999]
    2023-06-18 16:46:51.412 : Flights found : 402;331;06/21/2023 and 043;287;06/18/2023	[MsgId: MMSG-17999]
    2023-06-18 16:46:51.412 : Sity depart : Paris, Sity arrive : Denver	[MsgId: MMSG-17999]
    2023-06-18 16:47:03.316 : Found Seat Type : Coach, Seat Pref : Window	[MsgId: MMSG-17999]
    2023-06-18 16:47:08.200 : User is logged out of session	[MsgId: MMSG-17999]
  2023-06-18 16:49:05.979 : IterationNum=14	[MsgId: MMSG-17999]
   USER 14 = user51:pwd51	[MsgId: MMSG-17999]
    2023-06-18 16:49:06.073 : Start page is opened	[MsgId: MMSG-17999]
    2023-06-18 16:49:11.495 : User is logged in with session 136661.720939652HAcQfDHpcHAiDDDDtcVHHpccDzcf	[MsgId: MMSG-17999]
    2023-06-18 16:49:16.374 : Search page opened	[MsgId: MMSG-17999]
           ERROR : Sity depart : Denver Sity arrive : Denver	[MsgId: MMSG-17999]
           ERROR FIXED : Sity depart : Denver Sity arrive : Paris	[MsgId: MMSG-17999]
    2023-06-18 16:49:30.572 : Flights found : 042;331;06/21/2023 and 403;287;06/18/2023	[MsgId: MMSG-17999]
    2023-06-18 16:49:30.572 : Sity depart : Denver, Sity arrive : Paris	[MsgId: MMSG-17999]
    2023-06-18 16:49:42.303 : Found Seat Type : Coach, Seat Pref : Window	[MsgId: MMSG-17999]
    2023-06-18 16:49:47.891 : User is logged out of session	[MsgId: MMSG-17999]
  2023-06-18 16:51:45.982 : IterationNum=15	[MsgId: MMSG-17999]
   USER 15 = user51:pwd51	[MsgId: MMSG-17999]
    2023-06-18 16:51:46.077 : Start page is opened	[MsgId: MMSG-17999]
    2023-06-18 16:51:50.656 : User is logged in with session 136661.733900365HAcQfDHpQDHftcVHHpccHzcf	[MsgId: MMSG-17999]
    2023-06-18 16:51:56.255 : Search page opened	[MsgId: MMSG-17999]
    2023-06-18 16:52:10.623 : Flights found : 891;1386;06/21/2023 and 983;1273;06/18/2023	[MsgId: MMSG-17999]
    2023-06-18 16:52:10.623 : Sity depart : Sydney, Sity arrive : Zurich	[MsgId: MMSG-17999]
    2023-06-18 16:52:22.865 : Found Seat Type : Business, Seat Pref : Aisle	[MsgId: MMSG-17999]
    2023-06-18 16:52:27.572 : User is logged out of session	[MsgId: MMSG-17999]
  2023-06-18 16:54:25.998 : IterationNum=16	[MsgId: MMSG-17999]
   USER 16 = user51:pwd51	[MsgId: MMSG-17999]
    2023-06-18 16:54:26.092 : Start page is opened	[MsgId: MMSG-17999]
    2023-06-18 16:54:30.109 : User is logged in with session 136661.746942082HAcQfDipzAiDDDDDtcVHHpcDVzf	[MsgId: MMSG-17999]
    2023-06-18 16:54:34.196 : Search page opened	[MsgId: MMSG-17999]
    2023-06-18 16:54:49.946 : Flights found : 151;413;06/21/2023 and 511;413;06/18/2023	[MsgId: MMSG-17999]
    2023-06-18 16:54:49.946 : Sity depart : Frankfurt, Sity arrive : Portland	[MsgId: MMSG-17999]
    2023-06-18 16:55:01.510 : Found Seat Type : Business, Seat Pref : None	[MsgId: MMSG-17999]
    2023-06-18 16:55:06.988 : User is logged out of session	[MsgId: MMSG-17999]
  2023-06-18 16:57:06.005 : IterationNum=17	[MsgId: MMSG-17999]
   USER 17 = user51:pwd51	[MsgId: MMSG-17999]
    2023-06-18 16:57:06.099 : Start page is opened	[MsgId: MMSG-17999]
    2023-06-18 16:57:12.230 : User is logged in with session 136661.759902795HAcQfDQpcHftcVHHpcDfzf	[MsgId: MMSG-17999]
    2023-06-18 16:57:16.557 : Search page opened	[MsgId: MMSG-17999]
    2023-06-18 16:57:29.393 : Flights found : 172;482;06/21/2023 and 711;454;06/18/2023	[MsgId: MMSG-17999]
    2023-06-18 16:57:29.393 : Sity depart : Frankfurt, Sity arrive : Seattle	[MsgId: MMSG-17999]
    2023-06-18 16:57:37.858 : Found Seat Type : Coach, Seat Pref : None	[MsgId: MMSG-17999]
    2023-06-18 16:57:41.879 : User is logged out of session	[MsgId: MMSG-17999]
  2023-06-18 16:59:46.007 : IterationNum=18	[MsgId: MMSG-17999]
   USER 18 = user51:pwd51	[MsgId: MMSG-17999]
    2023-06-18 16:59:46.102 : Start page is opened	[MsgId: MMSG-17999]
    2023-06-18 16:59:51.874 : User is logged in with session 136661.772863508HAcQfDQpQtVzzzzHtcVHHpcDQzf	[MsgId: MMSG-17999]
    2023-06-18 16:59:56.094 : Search page opened	[MsgId: MMSG-17999]
    2023-06-18 17:00:13.372 : Flights found : 750;94;06/21/2023 and 573;76;06/18/2023	[MsgId: MMSG-17999]
    2023-06-18 17:00:13.372 : Sity depart : Seattle, Sity arrive : Portland	[MsgId: MMSG-17999]
    2023-06-18 17:00:22.539 : Found Seat Type : Business, Seat Pref : Aisle	[MsgId: MMSG-17999]
    2023-06-18 17:00:27.127 : User is logged out of session	[MsgId: MMSG-17999]
  2023-06-18 17:02:26.018 : IterationNum=19	[MsgId: MMSG-17999]
   USER 19 = user51:pwd51	[MsgId: MMSG-17999]
    2023-06-18 17:02:26.112 : Start page is opened	[MsgId: MMSG-17999]
    2023-06-18 17:02:31.098 : User is logged in with session 136661.78582422HAcQftApzAiDDDDDtcVHHpctDzf	[MsgId: MMSG-17999]
    2023-06-18 17:02:35.259 : Search page opened	[MsgId: MMSG-17999]
           ERROR : Sity depart : Denver Sity arrive : Denver	[MsgId: MMSG-17999]
           ERROR FIXED : Sity depart : Denver Sity arrive : Paris	[MsgId: MMSG-17999]
    2023-06-18 17:02:48.081 : Flights found : 041;586;06/21/2023 and 401;586;06/18/2023	[MsgId: MMSG-17999]
    2023-06-18 17:02:48.081 : Sity depart : Denver, Sity arrive : Paris	[MsgId: MMSG-17999]
    2023-06-18 17:02:57.148 : Found Seat Type : First, Seat Pref : None	[MsgId: MMSG-17999]
    2023-06-18 17:03:01.081 : User is logged out of session	[MsgId: MMSG-17999]
  2023-06-18 17:05:06.021 : IterationNum=20	[MsgId: MMSG-17999]
   USER 20 = user51:pwd51	[MsgId: MMSG-17999]
    2023-06-18 17:05:06.115 : Start page is opened	[MsgId: MMSG-17999]
    2023-06-18 17:05:11.069 : User is logged in with session 136661.798784933HAcQftVpcHftcVHHpctHzf	[MsgId: MMSG-17999]
    2023-06-18 17:05:16.867 : Search page opened	[MsgId: MMSG-17999]
    2023-06-18 17:05:31.488 : Flights found : 643;509;06/21/2023 and 462;588;06/18/2023	[MsgId: MMSG-17999]
    2023-06-18 17:05:31.488 : Sity depart : San Francisco, Sity arrive : Paris	[MsgId: MMSG-17999]
    2023-06-18 17:05:43.787 : Found Seat Type : Coach, Seat Pref : Aisle	[MsgId: MMSG-17999]
    2023-06-18 17:05:49.859 : User is logged out of session	[MsgId: MMSG-17999]
  2023-06-18 17:07:46.020 : IterationNum=21	[MsgId: MMSG-17999]
   USER 21 = user51:pwd51	[MsgId: MMSG-17999]
    2023-06-18 17:07:46.114 : Start page is opened	[MsgId: MMSG-17999]
    2023-06-18 17:07:51.492 : User is logged in with session 136661.811745646HAcQftVpQtVzzzzHtcVHHpcfVzf	[MsgId: MMSG-17999]
    2023-06-18 17:07:55.645 : Search page opened	[MsgId: MMSG-17999]
    2023-06-18 17:08:14.406 : Flights found : 932;475;06/21/2023 and 393;476;06/18/2023	[MsgId: MMSG-17999]
    2023-06-18 17:08:14.406 : Sity depart : Zurich, Sity arrive : Los Angeles	[MsgId: MMSG-17999]
    2023-06-18 17:08:22.143 : Found Seat Type : Business, Seat Pref : Aisle	[MsgId: MMSG-17999]
    2023-06-18 17:08:27.826 : User is logged out of session	[MsgId: MMSG-17999]
  2023-06-18 17:10:26.030 : IterationNum=22	[MsgId: MMSG-17999]
   USER 22 = user51:pwd51	[MsgId: MMSG-17999]
    2023-06-18 17:10:26.124 : Start page is opened	[MsgId: MMSG-17999]
    2023-06-18 17:10:30.016 : User is logged in with session 136661.824706359HAcQftcpzAiDDDDDtcVHHpcffzf	[MsgId: MMSG-17999]
    2023-06-18 17:10:34.108 : Search page opened	[MsgId: MMSG-17999]
    2023-06-18 17:10:47.246 : Flights found : 052;487;06/21/2023 and 500;515;06/18/2023	[MsgId: MMSG-17999]
    2023-06-18 17:10:47.246 : Sity depart : Denver, Sity arrive : Portland	[MsgId: MMSG-17999]
    2023-06-18 17:10:57.278 : Found Seat Type : First, Seat Pref : None	[MsgId: MMSG-17999]
    2023-06-18 17:11:01.709 : User is logged out of session	[MsgId: MMSG-17999]
  2023-06-18 17:13:06.042 : IterationNum=23	[MsgId: MMSG-17999]
   USER 23 = user51:pwd51	[MsgId: MMSG-17999]
    2023-06-18 17:13:06.136 : Start page is opened	[MsgId: MMSG-17999]
    2023-06-18 17:13:11.889 : User is logged in with session 136661.837667072HAcQftDpcHftcVHHpcfQzf	[MsgId: MMSG-17999]
    2023-06-18 17:13:17.093 : Search page opened	[MsgId: MMSG-17999]
    2023-06-18 17:13:33.076 : Flights found : 843;2192;06/21/2023 and 482;2533;06/18/2023	[MsgId: MMSG-17999]
    2023-06-18 17:13:33.076 : Sity depart : Sydney, Sity arrive : Paris	[MsgId: MMSG-17999]
    2023-06-18 17:13:41.735 : Found Seat Type : First, Seat Pref : Aisle	[MsgId: MMSG-17999]
    2023-06-18 17:13:46.212 : User is logged out of session	[MsgId: MMSG-17999]
  2023-06-18 17:15:46.055 : IterationNum=24	[MsgId: MMSG-17999]
   USER 24 = user51:pwd51	[MsgId: MMSG-17999]
    2023-06-18 17:15:46.149 : Start page is opened	[MsgId: MMSG-17999]
    2023-06-18 17:15:52.447 : User is logged in with session 136661.850627785HAcQftDpQtVzzzzHtcVHHpczDzf	[MsgId: MMSG-17999]
    2023-06-18 17:15:56.324 : Search page opened	[MsgId: MMSG-17999]
    2023-06-18 17:16:10.946 : Flights found : 833;794;06/21/2023 and 382;918;06/18/2023	[MsgId: MMSG-17999]
    2023-06-18 17:16:10.946 : Sity depart : Sydney, Sity arrive : Los Angeles	[MsgId: MMSG-17999]
    2023-06-18 17:16:20.151 : Found Seat Type : Business, Seat Pref : Aisle	[MsgId: MMSG-17999]
    2023-06-18 17:16:25.568 : User is logged out of session	[MsgId: MMSG-17999]
  2023-06-18 17:18:26.055 : IterationNum=25	[MsgId: MMSG-17999]
   USER 25 = user51:pwd51	[MsgId: MMSG-17999]
    2023-06-18 17:18:26.150 : Start page is opened	[MsgId: MMSG-17999]
    2023-06-18 17:18:32.122 : User is logged in with session 136661.863588497HAcQfttpzAiDDDDDtcVHHpczHzf	[MsgId: MMSG-17999]
    2023-06-18 17:18:36.755 : Search page opened	[MsgId: MMSG-17999]
           ERROR : Sity depart : London Sity arrive : London	[MsgId: MMSG-17999]
           ERROR FIXED : Sity depart : London Sity arrive : Seattle	[MsgId: MMSG-17999]
    2023-06-18 17:18:54.961 : Flights found : 272;775;06/21/2023 and 722;775;06/18/2023	[MsgId: MMSG-17999]
    2023-06-18 17:18:54.961 : Sity depart : London, Sity arrive : Seattle	[MsgId: MMSG-17999]
    2023-06-18 17:19:04.604 : Found Seat Type : Business, Seat Pref : None	[MsgId: MMSG-17999]
    2023-06-18 17:19:10.771 : User is logged out of session	[MsgId: MMSG-17999]
