  2023-06-18 16:11:15.755 : IterationNum=1	[MsgId: MMSG-17999]
   USER 1 = user63:pwd63	[MsgId: MMSG-17999]
    2023-06-18 16:11:15.840 : Start page is opened	[MsgId: MMSG-17999]
    2023-06-18 16:11:21.467 : User is logged in with session 136661.537059538HAcQfcHpiVcftcVHHpVzziHf	[MsgId: MMSG-17999]
    2023-06-18 16:11:27.120 : User is logged out of session	[MsgId: MMSG-17999]
  2023-06-18 16:13:21.759 : IterationNum=2	[MsgId: MMSG-17999]
   USER 2 = user63:pwd63	[MsgId: MMSG-17999]
    2023-06-18 16:13:21.854 : Start page is opened	[MsgId: MMSG-17999]
    2023-06-18 16:13:27.219 : User is logged in with session 136661.5472661HAcQfcipDDHftcVHHpVHAAcf	[MsgId: MMSG-17999]
    2023-06-18 16:13:32.106 : User is logged out of session	[MsgId: MMSG-17999]
  2023-06-18 16:15:27.763 : IterationNum=3	[MsgId: MMSG-17999]
   USER 3 = user63:pwd63	[MsgId: MMSG-17999]
    2023-06-18 16:15:27.857 : Start page is opened	[MsgId: MMSG-17999]
    2023-06-18 16:15:31.825 : User is logged in with session 136661.557472661HAcQfcipizcftcVHHpVHDVHf	[MsgId: MMSG-17999]
    2023-06-18 16:15:37.093 : User is logged out of session	[MsgId: MMSG-17999]
  2023-06-18 16:17:33.767 : IterationNum=4	[MsgId: MMSG-17999]
   USER 4 = user63:pwd63	[MsgId: MMSG-17999]
    2023-06-18 16:17:33.861 : Start page is opened	[MsgId: MMSG-17999]
    2023-06-18 16:17:40.170 : User is logged in with session 136661.567679222HAcQfcQpDiHftcVHHpVHzDcf	[MsgId: MMSG-17999]
    2023-06-18 16:17:44.217 : User is logged out of session	[MsgId: MMSG-17999]
  2023-06-18 16:19:39.773 : IterationNum=5	[MsgId: MMSG-17999]
   USER 5 = user63:pwd63	[MsgId: MMSG-17999]
    2023-06-18 16:19:39.867 : Start page is opened	[MsgId: MMSG-17999]
    2023-06-18 16:19:44.872 : User is logged in with session 136661.577885784HAcQfcQpQVcftcVHHpVHQtHf	[MsgId: MMSG-17999]
    2023-06-18 16:19:49.166 : User is logged out of session	[MsgId: MMSG-17999]
  2023-06-18 16:21:45.776 : IterationNum=6	[MsgId: MMSG-17999]
   USER 6 = user63:pwd63	[MsgId: MMSG-17999]
    2023-06-18 16:21:45.870 : Start page is opened	[MsgId: MMSG-17999]
    2023-06-18 16:21:50.888 : User is logged in with session 136661.588092345HAcQfDAptDHftcVHHpViczcf	[MsgId: MMSG-17999]
    2023-06-18 16:21:57.107 : User is logged out of session	[MsgId: MMSG-17999]
  2023-06-18 16:23:51.790 : IterationNum=7	[MsgId: MMSG-17999]
   USER 7 = user63:pwd63	[MsgId: MMSG-17999]
    2023-06-18 16:23:51.884 : Start page is opened	[MsgId: MMSG-17999]
    2023-06-18 16:23:56.808 : User is logged in with session 136661.598298906HAcQfDApQzcftcVHHpVifHHf	[MsgId: MMSG-17999]
    2023-06-18 16:24:02.498 : User is logged out of session	[MsgId: MMSG-17999]
  2023-06-18 16:25:57.798 : IterationNum=8	[MsgId: MMSG-17999]
   USER 8 = user63:pwd63	[MsgId: MMSG-17999]
    2023-06-18 16:25:57.892 : Start page is opened	[MsgId: MMSG-17999]
    2023-06-18 16:26:03.114 : User is logged in with session 136661.608505468HAcQfDVptiHftcVHHpViiQcf	[MsgId: MMSG-17999]
    2023-06-18 16:26:08.301 : User is logged out of session	[MsgId: MMSG-17999]
  2023-06-18 16:28:03.799 : IterationNum=9	[MsgId: MMSG-17999]
   USER 9 = user63:pwd63	[MsgId: MMSG-17999]
    2023-06-18 16:28:03.893 : Start page is opened	[MsgId: MMSG-17999]
    2023-06-18 16:28:09.958 : User is logged in with session 136661.618712029HAcQfDcpAVcftcVHHpVQcAHf	[MsgId: MMSG-17999]
    2023-06-18 16:28:16.146 : User is logged out of session	[MsgId: MMSG-17999]
  2023-06-18 16:30:09.812 : IterationNum=10	[MsgId: MMSG-17999]
   USER 10 = user63:pwd63	[MsgId: MMSG-17999]
    2023-06-18 16:30:09.906 : Start page is opened	[MsgId: MMSG-17999]
    2023-06-18 16:30:15.221 : User is logged in with session 136661.628918591HAcQfDcpfDHftcVHHpVQfccf	[MsgId: MMSG-17999]
    2023-06-18 16:30:20.173 : User is logged out of session	[MsgId: MMSG-17999]
  2023-06-18 16:32:15.820 : IterationNum=11	[MsgId: MMSG-17999]
   USER 11 = user63:pwd63	[MsgId: MMSG-17999]
    2023-06-18 16:32:15.914 : Start page is opened	[MsgId: MMSG-17999]
    2023-06-18 16:32:20.524 : User is logged in with session 136661.639125152HAcQfDDpAzcftcVHHpVQiDHf	[MsgId: MMSG-17999]
    2023-06-18 16:32:24.633 : User is logged out of session	[MsgId: MMSG-17999]
  2023-06-18 16:34:21.830 : IterationNum=12	[MsgId: MMSG-17999]
   USER 12 = user63:pwd63	[MsgId: MMSG-17999]
    2023-06-18 16:34:21.924 : Start page is opened	[MsgId: MMSG-17999]
    2023-06-18 16:34:25.882 : User is logged in with session 136661.649331713HAcQfDDpfiHftcVHHpcAVfcf	[MsgId: MMSG-17999]
    2023-06-18 16:34:30.521 : User is logged out of session	[MsgId: MMSG-17999]
  2023-06-18 16:36:27.836 : IterationNum=13	[MsgId: MMSG-17999]
   USER 13 = user63:pwd63	[MsgId: MMSG-17999]
    2023-06-18 16:36:27.930 : Start page is opened	[MsgId: MMSG-17999]
    2023-06-18 16:36:34.095 : User is logged in with session 136661.659538275HAcQfDtpVVcftcVHHpcAtzHf	[MsgId: MMSG-17999]
    2023-06-18 16:36:38.845 : User is logged out of session	[MsgId: MMSG-17999]
  2023-06-18 16:38:33.843 : IterationNum=14	[MsgId: MMSG-17999]
   USER 14 = user63:pwd63	[MsgId: MMSG-17999]
    2023-06-18 16:38:33.937 : Start page is opened	[MsgId: MMSG-17999]
    2023-06-18 16:38:38.033 : User is logged in with session 136661.669744836HAcQfDtpzDHftcVHHpcAHicf	[MsgId: MMSG-17999]
    2023-06-18 16:38:43.930 : User is logged out of session	[MsgId: MMSG-17999]
  2023-06-18 16:40:39.848 : IterationNum=15	[MsgId: MMSG-17999]
   USER 15 = user63:pwd63	[MsgId: MMSG-17999]
    2023-06-18 16:40:39.942 : Start page is opened	[MsgId: MMSG-17999]
    2023-06-18 16:40:44.357 : User is logged in with session 136661.679951397HAcQfDfpVzcftcVHHpcVAQHf	[MsgId: MMSG-17999]
    2023-06-18 16:40:48.991 : User is logged out of session	[MsgId: MMSG-17999]
  2023-06-18 16:42:45.857 : IterationNum=16	[MsgId: MMSG-17999]
   USER 16 = user63:pwd63	[MsgId: MMSG-17999]
    2023-06-18 16:42:45.952 : Start page is opened	[MsgId: MMSG-17999]
    2023-06-18 16:42:50.360 : User is logged in with session 136661.690157959HAcQfDfpziHftcVHHpcVtVcf	[MsgId: MMSG-17999]
    2023-06-18 16:42:56.203 : User is logged out of session	[MsgId: MMSG-17999]
  2023-06-18 16:44:51.863 : IterationNum=17	[MsgId: MMSG-17999]
   USER 17 = user63:pwd63	[MsgId: MMSG-17999]
    2023-06-18 16:44:51.957 : Start page is opened	[MsgId: MMSG-17999]
    2023-06-18 16:44:56.320 : User is logged in with session 136661.70036452HAcQfDzpcVcftcVHHpcVHcHf	[MsgId: MMSG-17999]
    2023-06-18 16:45:01.619 : User is logged out of session	[MsgId: MMSG-17999]
  2023-06-18 16:46:57.870 : IterationNum=18	[MsgId: MMSG-17999]
   USER 18 = user63:pwd63	[MsgId: MMSG-17999]
    2023-06-18 16:46:57.964 : Start page is opened	[MsgId: MMSG-17999]
    2023-06-18 16:47:03.874 : User is logged in with session 136661.710571081HAcQfDzpHDHftcVHHpccAtcf	[MsgId: MMSG-17999]
    2023-06-18 16:47:09.171 : User is logged out of session	[MsgId: MMSG-17999]
  2023-06-18 16:49:03.885 : IterationNum=19	[MsgId: MMSG-17999]
   USER 19 = user63:pwd63	[MsgId: MMSG-17999]
    2023-06-18 16:49:03.980 : Start page is opened	[MsgId: MMSG-17999]
    2023-06-18 16:49:09.127 : User is logged in with session 136661.720777643HAcQfDHpczcftcVHHpccDfHf	[MsgId: MMSG-17999]
    2023-06-18 16:49:13.732 : User is logged out of session	[MsgId: MMSG-17999]
  2023-06-18 16:51:09.896 : IterationNum=20	[MsgId: MMSG-17999]
   USER 20 = user63:pwd63	[MsgId: MMSG-17999]
    2023-06-18 16:51:09.990 : Start page is opened	[MsgId: MMSG-17999]
    2023-06-18 16:51:14.087 : User is logged in with session 136661.730984204HAcQfDHpHiHftcVHHpcczHcf	[MsgId: MMSG-17999]
    2023-06-18 16:51:19.839 : User is logged out of session	[MsgId: MMSG-17999]
  2023-06-18 16:53:15.906 : IterationNum=21	[MsgId: MMSG-17999]
   USER 21 = user63:pwd63	[MsgId: MMSG-17999]
    2023-06-18 16:53:16.001 : Start page is opened	[MsgId: MMSG-17999]
    2023-06-18 16:53:20.519 : User is logged in with session 136661.741190765HAcQfDipDVcftcVHHpccQiHf	[MsgId: MMSG-17999]
    2023-06-18 16:53:24.988 : User is logged out of session	[MsgId: MMSG-17999]
  2023-06-18 16:55:21.910 : IterationNum=22	[MsgId: MMSG-17999]
   USER 22 = user63:pwd63	[MsgId: MMSG-17999]
    2023-06-18 16:55:22.004 : Start page is opened	[MsgId: MMSG-17999]
    2023-06-18 16:55:27.553 : User is logged in with session 136661.751397327HAcQfDipiDHftcVHHpcDDAcf	[MsgId: MMSG-17999]
    2023-06-18 16:55:32.243 : User is logged out of session	[MsgId: MMSG-17999]
  2023-06-18 16:57:27.916 : IterationNum=23	[MsgId: MMSG-17999]
   USER 23 = user63:pwd63	[MsgId: MMSG-17999]
    2023-06-18 16:57:28.010 : Start page is opened	[MsgId: MMSG-17999]
    2023-06-18 16:57:33.005 : User is logged in with session 136661.761603888HAcQfDQpDzcftcVHHpcDzVHf	[MsgId: MMSG-17999]
    2023-06-18 16:57:37.339 : User is logged out of session	[MsgId: MMSG-17999]
  2023-06-18 16:59:33.927 : IterationNum=24	[MsgId: MMSG-17999]
   USER 24 = user63:pwd63	[MsgId: MMSG-17999]
    2023-06-18 16:59:34.021 : Start page is opened	[MsgId: MMSG-17999]
    2023-06-18 16:59:38.758 : User is logged in with session 136661.77181045HAcQfDQpiiHftcVHHpcDQDcf	[MsgId: MMSG-17999]
    2023-06-18 16:59:44.586 : User is logged out of session	[MsgId: MMSG-17999]
  2023-06-18 17:01:39.940 : IterationNum=25	[MsgId: MMSG-17999]
   USER 25 = user63:pwd63	[MsgId: MMSG-17999]
    2023-06-18 17:01:40.032 : Start page is opened	[MsgId: MMSG-17999]
    2023-06-18 17:01:44.470 : User is logged in with session 136661.782017011HAcQftAptVcftcVHHpctctHf	[MsgId: MMSG-17999]
    2023-06-18 17:01:49.244 : User is logged out of session	[MsgId: MMSG-17999]
  2023-06-18 17:03:45.948 : IterationNum=26	[MsgId: MMSG-17999]
   USER 26 = user63:pwd63	[MsgId: MMSG-17999]
    2023-06-18 17:03:46.042 : Start page is opened	[MsgId: MMSG-17999]
    2023-06-18 17:03:50.361 : User is logged in with session 136661.792223572HAcQftApQDHftcVHHpctfzcf	[MsgId: MMSG-17999]
    2023-06-18 17:03:56.561 : User is logged out of session	[MsgId: MMSG-17999]
  2023-06-18 17:05:51.954 : IterationNum=27	[MsgId: MMSG-17999]
   USER 27 = user63:pwd63	[MsgId: MMSG-17999]
    2023-06-18 17:05:52.048 : Start page is opened	[MsgId: MMSG-17999]
    2023-06-18 17:05:57.581 : User is logged in with session 136661.802430134HAcQftVptzcftcVHHpctiHHf	[MsgId: MMSG-17999]
    2023-06-18 17:06:02.441 : User is logged out of session	[MsgId: MMSG-17999]
  2023-06-18 17:07:57.956 : IterationNum=28	[MsgId: MMSG-17999]
   USER 28 = user63:pwd63	[MsgId: MMSG-17999]
    2023-06-18 17:07:58.050 : Start page is opened	[MsgId: MMSG-17999]
    2023-06-18 17:08:03.193 : User is logged in with session 136661.812636695HAcQftVpQiHftcVHHpcfVQcf	[MsgId: MMSG-17999]
    2023-06-18 17:08:08.553 : User is logged out of session	[MsgId: MMSG-17999]
  2023-06-18 17:10:03.966 : IterationNum=29	[MsgId: MMSG-17999]
   USER 29 = user63:pwd63	[MsgId: MMSG-17999]
    2023-06-18 17:10:04.060 : Start page is opened	[MsgId: MMSG-17999]
    2023-06-18 17:10:08.829 : User is logged in with session 136661.822843256HAcQftcpfVcftcVHHpcffAHf	[MsgId: MMSG-17999]
    2023-06-18 17:10:14.406 : User is logged out of session	[MsgId: MMSG-17999]
  2023-06-18 17:12:09.980 : IterationNum=30	[MsgId: MMSG-17999]
   USER 30 = user63:pwd63	[MsgId: MMSG-17999]
    2023-06-18 17:12:10.074 : Start page is opened	[MsgId: MMSG-17999]
    2023-06-18 17:12:14.302 : User is logged in with session 136661.833049818HAcQftDpADHftcVHHpcficcf	[MsgId: MMSG-17999]
    2023-06-18 17:12:19.671 : User is logged out of session	[MsgId: MMSG-17999]
  2023-06-18 17:14:15.983 : IterationNum=31	[MsgId: MMSG-17999]
   USER 31 = user63:pwd63	[MsgId: MMSG-17999]
    2023-06-18 17:14:16.077 : Start page is opened	[MsgId: MMSG-17999]
    2023-06-18 17:14:20.561 : User is logged in with session 136661.843256379HAcQftDpfzcftcVHHpczVDHf	[MsgId: MMSG-17999]
    2023-06-18 17:14:26.188 : User is logged out of session	[MsgId: MMSG-17999]
  2023-06-18 17:16:21.987 : IterationNum=32	[MsgId: MMSG-17999]
   USER 32 = user63:pwd63	[MsgId: MMSG-17999]
    2023-06-18 17:16:22.081 : Start page is opened	[MsgId: MMSG-17999]
    2023-06-18 17:16:26.019 : User is logged in with session 136661.853543945HAcQfttpAQVzzzzHtcVHHpcztff	[MsgId: MMSG-17999]
    2023-06-18 17:16:29.895 : User is logged out of session	[MsgId: MMSG-17999]
  2023-06-18 17:18:27.994 : IterationNum=33	[MsgId: MMSG-17999]
   USER 33 = user63:pwd63	[MsgId: MMSG-17999]
    2023-06-18 17:18:28.088 : Start page is opened	[MsgId: MMSG-17999]
    2023-06-18 17:18:32.959 : User is logged in with session 136661.863750506HAcQfttpzVzzzzzHtcVHHpczHH	[MsgId: MMSG-17999]
    2023-06-18 17:18:38.662 : User is logged out of session	[MsgId: MMSG-17999]
