  2023-06-18 16:13:26.035 : IterationNum=1	[MsgId: MMSG-17999]
   USER 1 = user76:pwd76	[MsgId: MMSG-17999]
    2023-06-18 16:13:26.122 : Start page is opened	[MsgId: MMSG-17999]
    2023-06-18 16:13:31.110 : User is logged in with session 136661.547671122HAcQfcipDfiDDDDDtcVHHpVHAVf	[MsgId: MMSG-17999]
    2023-06-18 16:13:35.742 : User is logged out of session	[MsgId: MMSG-17999]
  2023-06-18 16:15:32.044 : IterationNum=2	[MsgId: MMSG-17999]
   USER 2 = user76:pwd76	[MsgId: MMSG-17999]
    2023-06-18 16:15:32.138 : Start page is opened	[MsgId: MMSG-17999]
    2023-06-18 16:15:37.280 : User is logged in with session 136661.557877683HAcQfcipiiDDDDDDtcVHHpVHDD	[MsgId: MMSG-17999]
    2023-06-18 16:15:42.608 : User is logged out of session	[MsgId: MMSG-17999]
  2023-06-18 16:17:38.050 : IterationNum=3	[MsgId: MMSG-17999]
   USER 3 = user76:pwd76	[MsgId: MMSG-17999]
    2023-06-18 16:17:38.144 : Start page is opened	[MsgId: MMSG-17999]
    2023-06-18 16:17:43.062 : User is logged in with session 136661.568084245HAcQfcQptAiDDDDDtcVHHpVHztf	[MsgId: MMSG-17999]
    2023-06-18 16:17:48.361 : User is logged out of session	[MsgId: MMSG-17999]
  2023-06-18 16:19:44.056 : IterationNum=4	[MsgId: MMSG-17999]
   USER 4 = user76:pwd76	[MsgId: MMSG-17999]
    2023-06-18 16:19:44.150 : Start page is opened	[MsgId: MMSG-17999]
    2023-06-18 16:19:50.152 : User is logged in with session 136661.578290806HAcQfcQpQDDDDDDDtcVHHpVHQz	[MsgId: MMSG-17999]
    2023-06-18 16:19:54.621 : User is logged out of session	[MsgId: MMSG-17999]
  2023-06-18 16:21:50.058 : IterationNum=5	[MsgId: MMSG-17999]
   USER 5 = user76:pwd76	[MsgId: MMSG-17999]
    2023-06-18 16:21:50.152 : Start page is opened	[MsgId: MMSG-17999]
    2023-06-18 16:21:56.341 : User is logged in with session 136661.588497367HAcQfDAptfiDDDDDtcVHHpVicHf	[MsgId: MMSG-17999]
    2023-06-18 16:22:00.717 : User is logged out of session	[MsgId: MMSG-17999]
  2023-06-18 16:23:56.058 : IterationNum=6	[MsgId: MMSG-17999]
   USER 6 = user76:pwd76	[MsgId: MMSG-17999]
    2023-06-18 16:23:56.151 : Start page is opened	[MsgId: MMSG-17999]
    2023-06-18 16:24:00.732 : User is logged in with session 136661.598703929HAcQfDApQiDDDDDDtcVHHpVifQ	[MsgId: MMSG-17999]
    2023-06-18 16:24:05.326 : User is logged out of session	[MsgId: MMSG-17999]
  2023-06-18 16:26:02.065 : IterationNum=7	[MsgId: MMSG-17999]
   USER 7 = user76:pwd76	[MsgId: MMSG-17999]
    2023-06-18 16:26:02.159 : Start page is opened	[MsgId: MMSG-17999]
    2023-06-18 16:26:07.302 : User is logged in with session 136661.60891049HAcQfDVpfAiDDDDDtcVHHpViQAf	[MsgId: MMSG-17999]
    2023-06-18 16:26:11.570 : User is logged out of session	[MsgId: MMSG-17999]
  2023-06-18 16:28:08.081 : IterationNum=8	[MsgId: MMSG-17999]
   USER 8 = user76:pwd76	[MsgId: MMSG-17999]
    2023-06-18 16:28:08.175 : Start page is opened	[MsgId: MMSG-17999]
    2023-06-18 16:28:13.741 : User is logged in with session 136661.619117051HAcQfDcpADDDDDDDtcVHHpVQcc	[MsgId: MMSG-17999]
    2023-06-18 16:28:19.226 : User is logged out of session	[MsgId: MMSG-17999]
  2023-06-18 16:30:14.094 : IterationNum=9	[MsgId: MMSG-17999]
   USER 9 = user76:pwd76	[MsgId: MMSG-17999]
    2023-06-18 16:30:14.188 : Start page is opened	[MsgId: MMSG-17999]
    2023-06-18 16:30:19.096 : User is logged in with session 136661.629323613HAcQfDcpffiDDDDDtcVHHpVQfDf	[MsgId: MMSG-17999]
    2023-06-18 16:30:24.911 : User is logged out of session	[MsgId: MMSG-17999]
  2023-06-18 16:32:20.102 : IterationNum=10	[MsgId: MMSG-17999]
   USER 10 = user76:pwd76	[MsgId: MMSG-17999]
    2023-06-18 16:32:20.196 : Start page is opened	[MsgId: MMSG-17999]
    2023-06-18 16:32:25.642 : User is logged in with session 136661.639530174HAcQfDDpAiDDDDDDtcVHHpVQif	[MsgId: MMSG-17999]
    2023-06-18 16:32:29.870 : User is logged out of session	[MsgId: MMSG-17999]
  2023-06-18 16:34:26.112 : IterationNum=11	[MsgId: MMSG-17999]
   USER 11 = user76:pwd76	[MsgId: MMSG-17999]
    2023-06-18 16:34:26.206 : Start page is opened	[MsgId: MMSG-17999]
    2023-06-18 16:34:31.944 : User is logged in with session 136661.649736736HAcQfDDpzAiDDDDDtcVHHpcAVzf	[MsgId: MMSG-17999]
    2023-06-18 16:34:37.921 : User is logged out of session	[MsgId: MMSG-17999]
  2023-06-18 16:36:32.118 : IterationNum=12	[MsgId: MMSG-17999]
   USER 12 = user76:pwd76	[MsgId: MMSG-17999]
    2023-06-18 16:36:32.216 : Start page is opened	[MsgId: MMSG-17999]
    2023-06-18 16:36:38.221 : User is logged in with session 136661.659943297HAcQfDtpVDDDDDDDtcVHHpcAti	[MsgId: MMSG-17999]
    2023-06-18 16:36:44.190 : User is logged out of session	[MsgId: MMSG-17999]
  2023-06-18 16:38:38.126 : IterationNum=13	[MsgId: MMSG-17999]
   USER 13 = user76:pwd76	[MsgId: MMSG-17999]
    2023-06-18 16:38:38.220 : Start page is opened	[MsgId: MMSG-17999]
    2023-06-18 16:38:43.973 : User is logged in with session 136661.670149858HAcQfDtpzfiDDDDDtcVHHpcAHQf	[MsgId: MMSG-17999]
    2023-06-18 16:38:47.911 : User is logged out of session	[MsgId: MMSG-17999]
  2023-06-18 16:40:44.130 : IterationNum=14	[MsgId: MMSG-17999]
   USER 14 = user76:pwd76	[MsgId: MMSG-17999]
    2023-06-18 16:40:44.224 : Start page is opened	[MsgId: MMSG-17999]
    2023-06-18 16:40:48.835 : User is logged in with session 136661.68035642HAcQfDfpViDDDDDDtcVHHpcVVV	[MsgId: MMSG-17999]
    2023-06-18 16:40:54.009 : User is logged out of session	[MsgId: MMSG-17999]
  2023-06-18 16:42:50.140 : IterationNum=15	[MsgId: MMSG-17999]
   USER 15 = user76:pwd76	[MsgId: MMSG-17999]
    2023-06-18 16:42:50.234 : Start page is opened	[MsgId: MMSG-17999]
    2023-06-18 16:42:56.610 : User is logged in with session 136661.690562981HAcQfDfpHAiDDDDDtcVHHpcVtcf	[MsgId: MMSG-17999]
    2023-06-18 16:43:00.691 : User is logged out of session	[MsgId: MMSG-17999]
  2023-06-18 16:44:56.148 : IterationNum=16	[MsgId: MMSG-17999]
   USER 16 = user76:pwd76	[MsgId: MMSG-17999]
    2023-06-18 16:44:56.242 : Start page is opened	[MsgId: MMSG-17999]
    2023-06-18 16:45:00.918 : User is logged in with session 136661.700769542HAcQfDzpcDDDDDDDtcVHHpcVHt	[MsgId: MMSG-17999]
    2023-06-18 16:45:05.699 : User is logged out of session	[MsgId: MMSG-17999]
  2023-06-18 16:47:02.152 : IterationNum=17	[MsgId: MMSG-17999]
   USER 17 = user76:pwd76	[MsgId: MMSG-17999]
    2023-06-18 16:47:02.246 : Start page is opened	[MsgId: MMSG-17999]
    2023-06-18 16:47:06.826 : User is logged in with session 136661.710976104HAcQfDzpHfiDDDDDtcVHHpccAff	[MsgId: MMSG-17999]
    2023-06-18 16:47:11.952 : User is logged out of session	[MsgId: MMSG-17999]
  2023-06-18 16:49:08.167 : IterationNum=18	[MsgId: MMSG-17999]
   USER 18 = user76:pwd76	[MsgId: MMSG-17999]
    2023-06-18 16:49:08.261 : Start page is opened	[MsgId: MMSG-17999]
    2023-06-18 16:49:12.606 : User is logged in with session 136661.721182665HAcQfDHpciDDDDDDtcVHHpccDH	[MsgId: MMSG-17999]
    2023-06-18 16:49:18.623 : User is logged out of session	[MsgId: MMSG-17999]
  2023-06-18 16:51:14.178 : IterationNum=19	[MsgId: MMSG-17999]
   USER 19 = user76:pwd76	[MsgId: MMSG-17999]
    2023-06-18 16:51:14.272 : Start page is opened	[MsgId: MMSG-17999]
    2023-06-18 16:51:18.276 : User is logged in with session 136661.731389226HAcQfDHpiAiDDDDDtcVHHpcczif	[MsgId: MMSG-17999]
    2023-06-18 16:51:22.293 : User is logged out of session	[MsgId: MMSG-17999]
  2023-06-18 16:53:20.188 : IterationNum=20	[MsgId: MMSG-17999]
   USER 20 = user76:pwd76	[MsgId: MMSG-17999]
    2023-06-18 16:53:20.282 : Start page is opened	[MsgId: MMSG-17999]
    2023-06-18 16:53:24.817 : User is logged in with session 136661.741595788HAcQfDipDDDDDDDDtcVHHpcD	[MsgId: MMSG-17999]
    2023-06-18 16:53:28.913 : User is logged out of session	[MsgId: MMSG-17999]
  2023-06-18 16:55:26.193 : IterationNum=21	[MsgId: MMSG-17999]
   USER 21 = user76:pwd76	[MsgId: MMSG-17999]
    2023-06-18 16:55:26.287 : Start page is opened	[MsgId: MMSG-17999]
    2023-06-18 16:55:31.710 : User is logged in with session 136661.751802349HAcQfDipifiDDDDDtcVHHpcDDVf	[MsgId: MMSG-17999]
    2023-06-18 16:55:37.598 : User is logged out of session	[MsgId: MMSG-17999]
  2023-06-18 16:57:32.201 : IterationNum=22	[MsgId: MMSG-17999]
   USER 22 = user76:pwd76	[MsgId: MMSG-17999]
    2023-06-18 16:57:32.300 : Start page is opened	[MsgId: MMSG-17999]
    2023-06-18 16:57:37.957 : User is logged in with session 136661.762008911HAcQfDQpDiDDDDDDtcVHHpcDzD	[MsgId: MMSG-17999]
    2023-06-18 16:57:43.473 : User is logged out of session	[MsgId: MMSG-17999]
  2023-06-18 16:59:38.209 : IterationNum=23	[MsgId: MMSG-17999]
   USER 23 = user76:pwd76	[MsgId: MMSG-17999]
    2023-06-18 16:59:38.303 : Start page is opened	[MsgId: MMSG-17999]
    2023-06-18 16:59:42.227 : User is logged in with session 136661.772215472HAcQfDQpQAiDDDDDtcVHHpcDQtf	[MsgId: MMSG-17999]
    2023-06-18 16:59:47.744 : User is logged out of session	[MsgId: MMSG-17999]
  2023-06-18 17:01:44.220 : IterationNum=24	[MsgId: MMSG-17999]
   USER 24 = user76:pwd76	[MsgId: MMSG-17999]
    2023-06-18 17:01:44.314 : Start page is opened	[MsgId: MMSG-17999]
    2023-06-18 17:01:50.442 : User is logged in with session 136661.782422033HAcQftAptDDDDDDDtcVHHpctcz	[MsgId: MMSG-17999]
    2023-06-18 17:01:56.521 : User is logged out of session	[MsgId: MMSG-17999]
  2023-06-18 17:03:50.230 : IterationNum=25	[MsgId: MMSG-17999]
   USER 25 = user76:pwd76	[MsgId: MMSG-17999]
    2023-06-18 17:03:50.325 : Start page is opened	[MsgId: MMSG-17999]
    2023-06-18 17:03:56.296 : User is logged in with session 136661.792628595HAcQftApQfiDDDDDtcVHHpctfHf	[MsgId: MMSG-17999]
    2023-06-18 17:04:02.438 : User is logged out of session	[MsgId: MMSG-17999]
  2023-06-18 17:05:56.236 : IterationNum=26	[MsgId: MMSG-17999]
   USER 26 = user76:pwd76	[MsgId: MMSG-17999]
    2023-06-18 17:05:56.331 : Start page is opened	[MsgId: MMSG-17999]
    2023-06-18 17:06:01.239 : User is logged in with session 136661.802835156HAcQftVptiDDDDDDtcVHHpctiQ	[MsgId: MMSG-17999]
    2023-06-18 17:06:06.965 : User is logged out of session	[MsgId: MMSG-17999]
  2023-06-18 17:08:02.239 : IterationNum=27	[MsgId: MMSG-17999]
   USER 27 = user76:pwd76	[MsgId: MMSG-17999]
    2023-06-18 17:08:02.333 : Start page is opened	[MsgId: MMSG-17999]
    2023-06-18 17:08:06.397 : User is logged in with session 136661.813041717HAcQftcpAAiDDDDDtcVHHpcfcAf	[MsgId: MMSG-17999]
    2023-06-18 17:08:11.916 : User is logged out of session	[MsgId: MMSG-17999]
  2023-06-18 17:10:08.248 : IterationNum=28	[MsgId: MMSG-17999]
   USER 28 = user76:pwd76	[MsgId: MMSG-17999]
    2023-06-18 17:10:08.343 : Start page is opened	[MsgId: MMSG-17999]
    2023-06-18 17:10:13.530 : User is logged in with session 136661.823248279HAcQftcpfDDDDDDDtcVHHpcffc	[MsgId: MMSG-17999]
    2023-06-18 17:10:19.625 : User is logged out of session	[MsgId: MMSG-17999]
  2023-06-18 17:12:14.262 : IterationNum=29	[MsgId: MMSG-17999]
   USER 29 = user76:pwd76	[MsgId: MMSG-17999]
    2023-06-18 17:12:14.356 : Start page is opened	[MsgId: MMSG-17999]
    2023-06-18 17:12:19.703 : User is logged in with session 136661.83345484HAcQftDpAfiDDDDDtcVHHpcfiDf	[MsgId: MMSG-17999]
    2023-06-18 17:12:23.703 : User is logged out of session	[MsgId: MMSG-17999]
  2023-06-18 17:14:20.267 : IterationNum=30	[MsgId: MMSG-17999]
   USER 30 = user76:pwd76	[MsgId: MMSG-17999]
    2023-06-18 17:14:20.361 : Start page is opened	[MsgId: MMSG-17999]
    2023-06-18 17:14:25.562 : User is logged in with session 136661.843661401HAcQftDpfiDDDDDDtcVHHpczVf	[MsgId: MMSG-17999]
    2023-06-18 17:14:30.111 : User is logged out of session	[MsgId: MMSG-17999]
  2023-06-18 17:16:26.270 : IterationNum=31	[MsgId: MMSG-17999]
   USER 31 = user76:pwd76	[MsgId: MMSG-17999]
    2023-06-18 17:16:26.364 : Start page is opened	[MsgId: MMSG-17999]
    2023-06-18 17:16:31.333 : User is logged in with session 136661.853867963HAcQfttpVAiDDDDDtcVHHpcztzf	[MsgId: MMSG-17999]
    2023-06-18 17:16:35.956 : User is logged out of session	[MsgId: MMSG-17999]
  2023-06-18 17:18:32.273 : IterationNum=32	[MsgId: MMSG-17999]
   USER 32 = user76:pwd76	[MsgId: MMSG-17999]
    2023-06-18 17:18:32.364 : Start page is opened	[MsgId: MMSG-17999]
    2023-06-18 17:18:37.865 : User is logged in with session 136661.864074524HAcQfttpzDDDDDDDtcVHHpczHi	[MsgId: MMSG-17999]
    2023-06-18 17:18:43.383 : User is logged out of session	[MsgId: MMSG-17999]
