  2023-06-18 16:13:15.793 : IterationNum=1	[MsgId: MMSG-17999]
   USER 1 = user12:pwd12	[MsgId: MMSG-17999]
    2023-06-18 16:13:15.888 : Start page is opened	[MsgId: MMSG-17999]
    2023-06-18 16:13:20.887 : User is logged in with session 136661.546780073HAcQfcipDVcftcVHHpVzQiHf	[MsgId: MMSG-17999]
    2023-06-18 16:13:26.109 : Search page opened	[MsgId: MMSG-17999]
    2023-06-18 16:13:43.425 : Flights found : 400;657;06/21/2023 and 042;622;06/18/2023	[MsgId: MMSG-17999]
    2023-06-18 16:13:43.425 : Sity depart : Paris, Sity arrive : Denver	[MsgId: MMSG-17999]
    2023-06-18 16:13:55.573 : Found Seat Type : First, Seat Pref : Aisle	[MsgId: MMSG-17999]
    2023-06-18 16:14:09.216 : Booking is complect	[MsgId: MMSG-17999]
    2023-06-18 16:14:13.291 : Go to Home Page is complete	[MsgId: MMSG-17999]
    2023-06-18 16:14:19.551 : Booking is created : 242237061-801636-up	[MsgId: MMSG-17999]
    2023-06-18 16:14:31.580 : Booking (242237061-801636-up) is deleted	[MsgId: MMSG-17999]
    2023-06-18 16:14:36.655 : User is logged out of session	[MsgId: MMSG-17999]
  2023-06-18 16:25:15.804 : IterationNum=2	[MsgId: MMSG-17999]
   USER 2 = user13:pwd13	[MsgId: MMSG-17999]
    2023-06-18 16:25:15.898 : Start page is opened	[MsgId: MMSG-17999]
    2023-06-18 16:25:20.682 : User is logged in with session 136661.605103281HAcQfDVpDVcftcVHHpViHiHf	[MsgId: MMSG-17999]
    2023-06-18 16:25:25.507 : Search page opened	[MsgId: MMSG-17999]
    2023-06-18 16:25:42.794 : Flights found : 341;733;06/21/2023 and 432;778;06/18/2023	[MsgId: MMSG-17999]
    2023-06-18 16:25:42.794 : Sity depart : Los Angeles, Sity arrive : Paris	[MsgId: MMSG-17999]
    2023-06-18 16:25:53.054 : Found Seat Type : First, Seat Pref : Window	[MsgId: MMSG-17999]
    2023-06-18 16:26:06.012 : Booking is complect	[MsgId: MMSG-17999]
    2023-06-18 16:26:10.509 : Go to Home Page is complete	[MsgId: MMSG-17999]
    2023-06-18 16:26:15.263 : Booking is created : 211864508-1101654-up	[MsgId: MMSG-17999]
    2023-06-18 16:26:27.693 : Booking (211864508-1101654-up) is deleted	[MsgId: MMSG-17999]
    2023-06-18 16:26:33.505 : User is logged out of session	[MsgId: MMSG-17999]
  2023-06-18 16:37:15.814 : IterationNum=3	[MsgId: MMSG-17999]
   USER 3 = user14:pwd14	[MsgId: MMSG-17999]
    2023-06-18 16:37:15.908 : Start page is opened	[MsgId: MMSG-17999]
    2023-06-18 16:37:21.004 : User is logged in with session 136661.663426488HAcQfDtpDVcftcVHHpcAfiHf	[MsgId: MMSG-17999]
    2023-06-18 16:37:25.123 : Search page opened	[MsgId: MMSG-17999]
    2023-06-18 16:37:42.446 : Flights found : 402;481;06/21/2023 and 041;453;06/18/2023	[MsgId: MMSG-17999]
    2023-06-18 16:37:42.446 : Sity depart : Paris, Sity arrive : Denver	[MsgId: MMSG-17999]
    2023-06-18 16:37:53.340 : Found Seat Type : Business, Seat Pref : Window	[MsgId: MMSG-17999]
    2023-06-18 16:38:10.411 : Booking is complect	[MsgId: MMSG-17999]
    2023-06-18 16:38:15.984 : Go to Home Page is complete	[MsgId: MMSG-17999]
    2023-06-18 16:38:21.597 : Booking is created : 320014906-80148-up	[MsgId: MMSG-17999]
    2023-06-18 16:38:32.181 : Booking (320014906-80148-up) is deleted	[MsgId: MMSG-17999]
    2023-06-18 16:38:37.704 : User is logged out of session	[MsgId: MMSG-17999]
  2023-06-18 16:49:15.824 : IterationNum=4	[MsgId: MMSG-17999]
   USER 4 = user15:pwd15	[MsgId: MMSG-17999]
    2023-06-18 16:49:15.919 : Start page is opened	[MsgId: MMSG-17999]
    2023-06-18 16:49:19.924 : User is logged in with session 136661.721749696HAcQfDHpDVcftcVHHpccDiHf	[MsgId: MMSG-17999]
    2023-06-18 16:49:23.860 : Search page opened	[MsgId: MMSG-17999]
    2023-06-18 16:49:40.553 : Flights found : 401;586;06/21/2023 and 040;657;06/18/2023	[MsgId: MMSG-17999]
    2023-06-18 16:49:40.553 : Sity depart : Paris, Sity arrive : Denver	[MsgId: MMSG-17999]
    2023-06-18 16:49:51.047 : Found Seat Type : First, Seat Pref : Window	[MsgId: MMSG-17999]
    2023-06-18 16:50:05.671 : Booking is complect	[MsgId: MMSG-17999]
    2023-06-18 16:50:11.525 : Go to Home Page is complete	[MsgId: MMSG-17999]
    2023-06-18 16:50:16.529 : Booking is created : 35940799-800095-up	[MsgId: MMSG-17999]
    2023-06-18 16:50:28.441 : Booking (35940799-800095-up) is deleted	[MsgId: MMSG-17999]
    2023-06-18 16:50:33.903 : User is logged out of session	[MsgId: MMSG-17999]
  2023-06-18 17:01:15.828 : IterationNum=5	[MsgId: MMSG-17999]
   USER 5 = user16:pwd16	[MsgId: MMSG-17999]
    2023-06-18 17:01:15.923 : Start page is opened	[MsgId: MMSG-17999]
    2023-06-18 17:01:21.862 : User is logged in with session 136661.780072904HAcQftApDVcftcVHHpctViHf	[MsgId: MMSG-17999]
    2023-06-18 17:01:27.301 : Search page opened	[MsgId: MMSG-17999]
    2023-06-18 17:01:45.040 : Flights found : 463;738;06/21/2023 and 642;853;06/18/2023	[MsgId: MMSG-17999]
    2023-06-18 17:01:45.040 : Sity depart : Paris, Sity arrive : San Francisco	[MsgId: MMSG-17999]
    2023-06-18 17:01:53.746 : Found Seat Type : Business, Seat Pref : None	[MsgId: MMSG-17999]
    2023-06-18 17:02:09.236 : Booking is complect	[MsgId: MMSG-17999]
    2023-06-18 17:02:15.100 : Go to Home Page is complete	[MsgId: MMSG-17999]
    2023-06-18 17:02:21.317 : Booking is created : 338165323-1263199-up	[MsgId: MMSG-17999]
    2023-06-18 17:02:29.492 : Booking (338165323-1263199-up) is deleted	[MsgId: MMSG-17999]
    2023-06-18 17:02:33.962 : User is logged out of session	[MsgId: MMSG-17999]
  2023-06-18 17:13:15.842 : IterationNum=6	[MsgId: MMSG-17999]
   USER 6 = user17:pwd17	[MsgId: MMSG-17999]
    2023-06-18 17:13:15.937 : Start page is opened	[MsgId: MMSG-17999]
    2023-06-18 17:13:21.500 : User is logged in with session 136661.838396112HAcQftDpDVcftcVHHpcfQiHf	[MsgId: MMSG-17999]
    2023-06-18 17:13:26.813 : Search page opened	[MsgId: MMSG-17999]
    2023-06-18 17:13:38.848 : Flights found : 463;509;06/21/2023 and 640;622;06/18/2023	[MsgId: MMSG-17999]
    2023-06-18 17:13:38.848 : Sity depart : Paris, Sity arrive : San Francisco	[MsgId: MMSG-17999]
    2023-06-18 17:13:47.553 : Found Seat Type : Coach, Seat Pref : Window	[MsgId: MMSG-17999]
    2023-06-18 17:14:06.207 : Booking is complect	[MsgId: MMSG-17999]
    2023-06-18 17:14:12.469 : Go to Home Page is complete	[MsgId: MMSG-17999]
    2023-06-18 17:14:17.127 : Booking is created : 302980129-1261625-up	[MsgId: MMSG-17999]
    2023-06-18 17:14:25.723 : Booking (302980129-1261625-up) is deleted	[MsgId: MMSG-17999]
    2023-06-18 17:14:30.626 : User is logged out of session	[MsgId: MMSG-17999]
  2023-06-18 17:25:15.848 : IterationNum=7	[MsgId: MMSG-17999]
   USER 7 = user17:pwd17	[MsgId: MMSG-17999]
    2023-06-18 17:25:15.942 : Start page is opened	[MsgId: MMSG-17999]
    2023-06-18 17:25:20.287 : User is logged in with session 136661.89671932HAcQftzpDVcftcVHHpcHHiHf	[MsgId: MMSG-17999]
    2023-06-18 17:25:25.272 : Search page opened	[MsgId: MMSG-17999]
    2023-06-18 17:25:38.959 : Flights found : 820;2701;06/21/2023 and 280;2701;06/18/2023	[MsgId: MMSG-17999]
    2023-06-18 17:25:38.959 : Sity depart : Sydney, Sity arrive : London	[MsgId: MMSG-17999]
    2023-06-18 17:25:48.709 : Found Seat Type : First, Seat Pref : Window	[MsgId: MMSG-17999]
    2023-06-18 17:26:01.478 : Booking is complect	[MsgId: MMSG-17999]
    2023-06-18 17:26:06.925 : Go to Home Page is complete	[MsgId: MMSG-17999]
    2023-06-18 17:26:11.975 : Booking is created : 3029933433-985030-up	[MsgId: MMSG-17999]
    2023-06-18 17:26:20.693 : Booking (3029933433-985030-up) is deleted	[MsgId: MMSG-17999]
    2023-06-18 17:26:25.611 : User is logged out of session	[MsgId: MMSG-17999]
