  2023-06-18 16:11:05.725 : IterationNum=1	[MsgId: MMSG-17999]
   USER 1 = user62:pwd62	[MsgId: MMSG-17999]
    2023-06-18 16:11:05.812 : Start page is opened	[MsgId: MMSG-17999]
    2023-06-18 16:11:10.481 : User is logged in with session 136661.536249494HAcQfcHpHHAiDDDDtcVHHpVzzzcf	[MsgId: MMSG-17999]
    2023-06-18 16:11:16.778 : User is logged out of session	[MsgId: MMSG-17999]
  2023-06-18 16:13:11.732 : IterationNum=2	[MsgId: MMSG-17999]
   USER 2 = user62:pwd62	[MsgId: MMSG-17999]
    2023-06-18 16:13:11.825 : Start page is opened	[MsgId: MMSG-17999]
    2023-06-18 16:13:16.048 : User is logged in with session 136661.546456055HAcQfcipcQfiDDDDtcVHHpVzQHHf	[MsgId: MMSG-17999]
    2023-06-18 16:13:20.933 : User is logged out of session	[MsgId: MMSG-17999]
  2023-06-18 16:15:17.741 : IterationNum=3	[MsgId: MMSG-17999]
   USER 3 = user62:pwd62	[MsgId: MMSG-17999]
    2023-06-18 16:15:17.834 : Start page is opened	[MsgId: MMSG-17999]
    2023-06-18 16:15:22.138 : User is logged in with session 136661.556662616HAcQfcipicAiDDDDtcVHHpVHcQcf	[MsgId: MMSG-17999]
    2023-06-18 16:15:26.516 : User is logged out of session	[MsgId: MMSG-17999]
  2023-06-18 16:17:23.744 : IterationNum=4	[MsgId: MMSG-17999]
   USER 4 = user62:pwd62	[MsgId: MMSG-17999]
    2023-06-18 16:17:23.839 : Start page is opened	[MsgId: MMSG-17999]
    2023-06-18 16:17:29.839 : User is logged in with session 136661.566869178HAcQfcQpDtfiDDDDtcVHHpVHzAHf	[MsgId: MMSG-17999]
    2023-06-18 16:17:33.985 : User is logged out of session	[MsgId: MMSG-17999]
  2023-06-18 16:19:29.758 : IterationNum=5	[MsgId: MMSG-17999]
   USER 5 = user62:pwd62	[MsgId: MMSG-17999]
    2023-06-18 16:19:29.852 : Start page is opened	[MsgId: MMSG-17999]
    2023-06-18 16:19:35.836 : User is logged in with session 136661.577075739HAcQfcQpiHAiDDDDtcVHHpVHQccf	[MsgId: MMSG-17999]
    2023-06-18 16:19:40.617 : User is logged out of session	[MsgId: MMSG-17999]
  2023-06-18 16:21:35.759 : IterationNum=6	[MsgId: MMSG-17999]
   USER 6 = user62:pwd62	[MsgId: MMSG-17999]
    2023-06-18 16:21:35.853 : Start page is opened	[MsgId: MMSG-17999]
    2023-06-18 16:21:39.796 : User is logged in with session 136661.587282301HAcQfDApDQfiDDDDtcVHHpVicDHf	[MsgId: MMSG-17999]
    2023-06-18 16:21:44.619 : User is logged out of session	[MsgId: MMSG-17999]
  2023-06-18 16:23:41.765 : IterationNum=7	[MsgId: MMSG-17999]
   USER 7 = user62:pwd62	[MsgId: MMSG-17999]
    2023-06-18 16:23:41.859 : Start page is opened	[MsgId: MMSG-17999]
    2023-06-18 16:23:47.024 : User is logged in with session 136661.597488862HAcQfDApQcAiDDDDtcVHHpViffcf	[MsgId: MMSG-17999]
    2023-06-18 16:23:51.978 : User is logged out of session	[MsgId: MMSG-17999]
  2023-06-18 16:25:47.780 : IterationNum=8	[MsgId: MMSG-17999]
   USER 8 = user62:pwd62	[MsgId: MMSG-17999]
    2023-06-18 16:25:47.874 : Start page is opened	[MsgId: MMSG-17999]
    2023-06-18 16:25:53.265 : User is logged in with session 136661.607695423HAcQfDVpttfiDDDDtcVHHpViizHf	[MsgId: MMSG-17999]
    2023-06-18 16:25:57.283 : User is logged out of session	[MsgId: MMSG-17999]
  2023-06-18 16:27:53.781 : IterationNum=9	[MsgId: MMSG-17999]
   USER 9 = user62:pwd62	[MsgId: MMSG-17999]
    2023-06-18 16:27:53.875 : Start page is opened	[MsgId: MMSG-17999]
    2023-06-18 16:27:59.658 : User is logged in with session 136661.617901985HAcQfDVpQHAiDDDDtcVHHpVQVicf	[MsgId: MMSG-17999]
    2023-06-18 16:28:04.643 : User is logged out of session	[MsgId: MMSG-17999]
  2023-06-18 16:29:59.794 : IterationNum=10	[MsgId: MMSG-17999]
   USER 10 = user62:pwd62	[MsgId: MMSG-17999]
    2023-06-18 16:29:59.889 : Start page is opened	[MsgId: MMSG-17999]
    2023-06-18 16:30:03.929 : User is logged in with session 136661.628108546HAcQfDcptQfiDDDDtcVHHpVQtQHf	[MsgId: MMSG-17999]
    2023-06-18 16:30:09.453 : User is logged out of session	[MsgId: MMSG-17999]
  2023-06-18 16:32:05.801 : IterationNum=11	[MsgId: MMSG-17999]
   USER 11 = user62:pwd62	[MsgId: MMSG-17999]
    2023-06-18 16:32:05.895 : Start page is opened	[MsgId: MMSG-17999]
    2023-06-18 16:32:09.975 : User is logged in with session 136661.638315107HAcQfDDpAcAiDDDDtcVHHpVQiVcf	[MsgId: MMSG-17999]
    2023-06-18 16:32:16.354 : User is logged out of session	[MsgId: MMSG-17999]
  2023-06-18 16:34:11.811 : IterationNum=12	[MsgId: MMSG-17999]
   USER 12 = user62:pwd62	[MsgId: MMSG-17999]
    2023-06-18 16:34:11.905 : Start page is opened	[MsgId: MMSG-17999]
    2023-06-18 16:34:17.782 : User is logged in with session 136661.648521669HAcQfDDpftfiDDDDtcVHHpcAVcHf	[MsgId: MMSG-17999]
    2023-06-18 16:34:23.252 : User is logged out of session	[MsgId: MMSG-17999]
  2023-06-18 16:36:17.818 : IterationNum=13	[MsgId: MMSG-17999]
   USER 13 = user62:pwd62	[MsgId: MMSG-17999]
    2023-06-18 16:36:17.912 : Start page is opened	[MsgId: MMSG-17999]
    2023-06-18 16:36:22.272 : User is logged in with session 136661.65872823HAcQfDtpAHAiDDDDtcVHHpcAttcf	[MsgId: MMSG-17999]
    2023-06-18 16:36:26.304 : User is logged out of session	[MsgId: MMSG-17999]
  2023-06-18 16:38:23.829 : IterationNum=14	[MsgId: MMSG-17999]
   USER 14 = user62:pwd62	[MsgId: MMSG-17999]
    2023-06-18 16:38:23.923 : Start page is opened	[MsgId: MMSG-17999]
    2023-06-18 16:38:28.049 : User is logged in with session 136661.668934791HAcQfDtpfQfiDDDDtcVHHpcAHfHf	[MsgId: MMSG-17999]
    2023-06-18 16:38:34.329 : User is logged out of session	[MsgId: MMSG-17999]
  2023-06-18 16:40:29.838 : IterationNum=15	[MsgId: MMSG-17999]
   USER 15 = user62:pwd62	[MsgId: MMSG-17999]
    2023-06-18 16:40:29.932 : Start page is opened	[MsgId: MMSG-17999]
    2023-06-18 16:40:34.212 : User is logged in with session 136661.679141353HAcQfDfpVcAiDDDDtcVHHpcVAHcf	[MsgId: MMSG-17999]
    2023-06-18 16:40:38.772 : User is logged out of session	[MsgId: MMSG-17999]
  2023-06-18 16:42:35.850 : IterationNum=16	[MsgId: MMSG-17999]
   USER 16 = user62:pwd62	[MsgId: MMSG-17999]
    2023-06-18 16:42:35.944 : Start page is opened	[MsgId: MMSG-17999]
    2023-06-18 16:42:41.655 : User is logged in with session 136661.689347914HAcQfDfpztfiDDDDtcVHHpcVDiHf	[MsgId: MMSG-17999]
    2023-06-18 16:42:47.673 : User is logged out of session	[MsgId: MMSG-17999]
  2023-06-18 16:44:41.860 : IterationNum=17	[MsgId: MMSG-17999]
   USER 17 = user62:pwd62	[MsgId: MMSG-17999]
    2023-06-18 16:44:41.954 : Start page is opened	[MsgId: MMSG-17999]
    2023-06-18 16:44:47.628 : User is logged in with session 136661.699554475HAcQfDzpVHAiDDDDtcVHHpcVHAcf	[MsgId: MMSG-17999]
    2023-06-18 16:44:53.113 : User is logged out of session	[MsgId: MMSG-17999]
  2023-06-18 16:46:47.868 : IterationNum=18	[MsgId: MMSG-17999]
   USER 18 = user62:pwd62	[MsgId: MMSG-17999]
    2023-06-18 16:46:47.962 : Start page is opened	[MsgId: MMSG-17999]
    2023-06-18 16:46:53.370 : User is logged in with session 136661.709761037HAcQfDzpzQfiDDDDtcVHHpccAVHf	[MsgId: MMSG-17999]
    2023-06-18 16:46:58.418 : User is logged out of session	[MsgId: MMSG-17999]
  2023-06-18 16:48:53.868 : IterationNum=19	[MsgId: MMSG-17999]
   USER 19 = user62:pwd62	[MsgId: MMSG-17999]
    2023-06-18 16:48:53.962 : Start page is opened	[MsgId: MMSG-17999]
    2023-06-18 16:49:00.136 : User is logged in with session 136661.719967598HAcQfDHpccAiDDDDtcVHHpccDDcf	[MsgId: MMSG-17999]
    2023-06-18 16:49:05.403 : User is logged out of session	[MsgId: MMSG-17999]
  2023-06-18 16:50:59.878 : IterationNum=20	[MsgId: MMSG-17999]
   USER 20 = user62:pwd62	[MsgId: MMSG-17999]
    2023-06-18 16:50:59.972 : Start page is opened	[MsgId: MMSG-17999]
    2023-06-18 16:51:06.223 : User is logged in with session 136661.73017416HAcQfDHpHtfiDDDDtcVHHpccztHf	[MsgId: MMSG-17999]
    2023-06-18 16:51:11.101 : User is logged out of session	[MsgId: MMSG-17999]
  2023-06-18 16:53:05.888 : IterationNum=21	[MsgId: MMSG-17999]
   USER 21 = user62:pwd62	[MsgId: MMSG-17999]
    2023-06-18 16:53:05.982 : Start page is opened	[MsgId: MMSG-17999]
    2023-06-18 16:53:10.344 : User is logged in with session 136661.740380721HAcQfDipcHAiDDDDtcVHHpccQzcf	[MsgId: MMSG-17999]
    2023-06-18 16:53:15.892 : User is logged out of session	[MsgId: MMSG-17999]
  2023-06-18 16:55:11.900 : IterationNum=22	[MsgId: MMSG-17999]
   USER 22 = user62:pwd62	[MsgId: MMSG-17999]
    2023-06-18 16:55:11.994 : Start page is opened	[MsgId: MMSG-17999]
    2023-06-18 16:55:17.557 : User is logged in with session 136661.750587282HAcQfDipHQfiDDDDtcVHHpcDcHHf	[MsgId: MMSG-17999]
    2023-06-18 16:55:21.598 : User is logged out of session	[MsgId: MMSG-17999]
  2023-06-18 16:57:17.915 : IterationNum=23	[MsgId: MMSG-17999]
   USER 23 = user62:pwd62	[MsgId: MMSG-17999]
    2023-06-18 16:57:18.009 : Start page is opened	[MsgId: MMSG-17999]
    2023-06-18 16:57:22.643 : User is logged in with session 136661.760793844HAcQfDQpDcAiDDDDtcVHHpcDfQcf	[MsgId: MMSG-17999]
    2023-06-18 16:57:28.072 : User is logged out of session	[MsgId: MMSG-17999]
  2023-06-18 16:59:23.925 : IterationNum=24	[MsgId: MMSG-17999]
   USER 24 = user62:pwd62	[MsgId: MMSG-17999]
    2023-06-18 16:59:24.019 : Start page is opened	[MsgId: MMSG-17999]
    2023-06-18 16:59:28.489 : User is logged in with session 136661.771000405HAcQfDQpitfiDDDDtcVHHpcDQAHf	[MsgId: MMSG-17999]
    2023-06-18 16:59:33.771 : User is logged out of session	[MsgId: MMSG-17999]
  2023-06-18 17:01:29.926 : IterationNum=25	[MsgId: MMSG-17999]
   USER 25 = user62:pwd62	[MsgId: MMSG-17999]
    2023-06-18 17:01:30.020 : Start page is opened	[MsgId: MMSG-17999]
    2023-06-18 17:01:35.736 : User is logged in with session 136661.781206966HAcQftApDHAiDDDDtcVHHpctcccf	[MsgId: MMSG-17999]
    2023-06-18 17:01:40.376 : User is logged out of session	[MsgId: MMSG-17999]
  2023-06-18 17:03:35.940 : IterationNum=26	[MsgId: MMSG-17999]
   USER 26 = user62:pwd62	[MsgId: MMSG-17999]
    2023-06-18 17:03:36.034 : Start page is opened	[MsgId: MMSG-17999]
    2023-06-18 17:03:41.333 : User is logged in with session 136661.791413528HAcQftApiQfiDDDDtcVHHpctfDHf	[MsgId: MMSG-17999]
    2023-06-18 17:03:45.354 : User is logged out of session	[MsgId: MMSG-17999]
  2023-06-18 17:05:41.950 : IterationNum=27	[MsgId: MMSG-17999]
   USER 27 = user62:pwd62	[MsgId: MMSG-17999]
    2023-06-18 17:05:42.044 : Start page is opened	[MsgId: MMSG-17999]
    2023-06-18 17:05:46.609 : User is logged in with session 136661.801620089HAcQftVptcAiDDDDtcVHHpctifcf	[MsgId: MMSG-17999]
    2023-06-18 17:05:52.036 : User is logged out of session	[MsgId: MMSG-17999]
  2023-06-18 17:07:47.959 : IterationNum=28	[MsgId: MMSG-17999]
   USER 28 = user62:pwd62	[MsgId: MMSG-17999]
    2023-06-18 17:07:48.053 : Start page is opened	[MsgId: MMSG-17999]
    2023-06-18 17:07:52.457 : User is logged in with session 136661.81182665HAcQftVpQtfiDDDDtcVHHpcfVzHf	[MsgId: MMSG-17999]
    2023-06-18 17:07:58.487 : User is logged out of session	[MsgId: MMSG-17999]
  2023-06-18 17:09:53.964 : IterationNum=29	[MsgId: MMSG-17999]
   USER 29 = user62:pwd62	[MsgId: MMSG-17999]
    2023-06-18 17:09:54.058 : Start page is opened	[MsgId: MMSG-17999]
    2023-06-18 17:09:58.028 : User is logged in with session 136661.822033212HAcQftcptHAiDDDDtcVHHpcfticf	[MsgId: MMSG-17999]
    2023-06-18 17:10:02.374 : User is logged out of session	[MsgId: MMSG-17999]
  2023-06-18 17:11:59.976 : IterationNum=30	[MsgId: MMSG-17999]
   USER 30 = user62:pwd62	[MsgId: MMSG-17999]
    2023-06-18 17:12:00.071 : Start page is opened	[MsgId: MMSG-17999]
    2023-06-18 17:12:04.697 : User is logged in with session 136661.832320778HAcQftDtcVHHpcfi	[MsgId: MMSG-17999]
    2023-06-18 17:12:10.511 : User is logged out of session	[MsgId: MMSG-17999]
  2023-06-18 17:14:05.981 : IterationNum=31	[MsgId: MMSG-17999]
   USER 31 = user62:pwd62	[MsgId: MMSG-17999]
    2023-06-18 17:14:06.075 : Start page is opened	[MsgId: MMSG-17999]
    2023-06-18 17:14:10.138 : User is logged in with session 136661.842446335HAcQftDpfcAiDDDDtcVHHpczVVcf	[MsgId: MMSG-17999]
    2023-06-18 17:14:15.045 : User is logged out of session	[MsgId: MMSG-17999]
  2023-06-18 17:16:11.984 : IterationNum=32	[MsgId: MMSG-17999]
   USER 32 = user62:pwd62	[MsgId: MMSG-17999]
    2023-06-18 17:16:12.079 : Start page is opened	[MsgId: MMSG-17999]
    2023-06-18 17:16:16.930 : User is logged in with session 136661.8527339HAcQfttpAftcVHHpcztD	[MsgId: MMSG-17999]
    2023-06-18 17:16:21.659 : User is logged out of session	[MsgId: MMSG-17999]
  2023-06-18 17:18:17.990 : IterationNum=33	[MsgId: MMSG-17999]
   USER 33 = user62:pwd62	[MsgId: MMSG-17999]
    2023-06-18 17:18:18.084 : Start page is opened	[MsgId: MMSG-17999]
    2023-06-18 17:18:22.899 : User is logged in with session 136661.862940462HAcQfttpfHftcVHHpczHtf	[MsgId: MMSG-17999]
    2023-06-18 17:18:28.166 : User is logged out of session	[MsgId: MMSG-17999]
