  2023-06-18 16:10:56.254 : IterationNum=1	[MsgId: MMSG-17999]
   USER 1 = user61:pwd61	[MsgId: MMSG-17999]
    2023-06-18 16:10:56.355 : Start page is opened	[MsgId: MMSG-17999]
    2023-06-18 16:11:01.089 : User is logged in with session 136661.535520454HAcQfcHpHDDDDDDDtcVHHpVzzt	[MsgId: MMSG-17999]
    2023-06-18 16:11:05.998 : User is logged out of session	[MsgId: MMSG-17999]
  2023-06-18 16:13:02.267 : IterationNum=2	[MsgId: MMSG-17999]
   USER 2 = user61:pwd61	[MsgId: MMSG-17999]
    2023-06-18 16:13:02.361 : Start page is opened	[MsgId: MMSG-17999]
    2023-06-18 16:13:07.093 : User is logged in with session 136661.545727015HAcQfcipcfiDDDDDtcVHHpVzQff	[MsgId: MMSG-17999]
    2023-06-18 16:13:12.388 : User is logged out of session	[MsgId: MMSG-17999]
  2023-06-18 16:15:08.279 : IterationNum=3	[MsgId: MMSG-17999]
   USER 3 = user61:pwd61	[MsgId: MMSG-17999]
    2023-06-18 16:15:08.373 : Start page is opened	[MsgId: MMSG-17999]
    2023-06-18 16:15:13.122 : User is logged in with session 136661.555933576HAcQfcipHiDDDDDDtcVHHpVHcH	[MsgId: MMSG-17999]
    2023-06-18 16:15:17.124 : User is logged out of session	[MsgId: MMSG-17999]
  2023-06-18 16:17:14.284 : IterationNum=4	[MsgId: MMSG-17999]
   USER 4 = user61:pwd61	[MsgId: MMSG-17999]
    2023-06-18 16:17:14.378 : Start page is opened	[MsgId: MMSG-17999]
    2023-06-18 16:17:20.004 : User is logged in with session 136661.566140138HAcQfcQpDAiDDDDDtcVHHpVHfif	[MsgId: MMSG-17999]
    2023-06-18 16:17:24.307 : User is logged out of session	[MsgId: MMSG-17999]
  2023-06-18 16:19:20.286 : IterationNum=5	[MsgId: MMSG-17999]
   USER 5 = user61:pwd61	[MsgId: MMSG-17999]
    2023-06-18 16:19:20.380 : Start page is opened	[MsgId: MMSG-17999]
    2023-06-18 16:19:25.119 : User is logged in with session 136661.576346699HAcQfcQpiDDDDDDDtcVHHpVHQ	[MsgId: MMSG-17999]
    2023-06-18 16:19:30.088 : User is logged out of session	[MsgId: MMSG-17999]
  2023-06-18 16:21:26.292 : IterationNum=6	[MsgId: MMSG-17999]
   USER 6 = user61:pwd61	[MsgId: MMSG-17999]
    2023-06-18 16:21:26.386 : Start page is opened	[MsgId: MMSG-17999]
    2023-06-18 16:21:31.340 : User is logged in with session 136661.58655326HAcQfDApDfiDDDDDtcVHHpVicVf	[MsgId: MMSG-17999]
    2023-06-18 16:21:37.697 : User is logged out of session	[MsgId: MMSG-17999]
  2023-06-18 16:23:32.293 : IterationNum=7	[MsgId: MMSG-17999]
   USER 7 = user61:pwd61	[MsgId: MMSG-17999]
    2023-06-18 16:23:32.387 : Start page is opened	[MsgId: MMSG-17999]
    2023-06-18 16:23:36.594 : User is logged in with session 136661.596759822HAcQfDApiiDDDDDDtcVHHpVifD	[MsgId: MMSG-17999]
    2023-06-18 16:23:42.515 : User is logged out of session	[MsgId: MMSG-17999]
  2023-06-18 16:25:38.301 : IterationNum=8	[MsgId: MMSG-17999]
   USER 8 = user61:pwd61	[MsgId: MMSG-17999]
    2023-06-18 16:25:38.395 : Start page is opened	[MsgId: MMSG-17999]
    2023-06-18 16:25:44.512 : User is logged in with session 136661.606966383HAcQfDVptAiDDDDDtcVHHpViitf	[MsgId: MMSG-17999]
    2023-06-18 16:25:48.796 : User is logged out of session	[MsgId: MMSG-17999]
  2023-06-18 16:27:44.307 : IterationNum=9	[MsgId: MMSG-17999]
   USER 9 = user61:pwd61	[MsgId: MMSG-17999]
    2023-06-18 16:27:44.401 : Start page is opened	[MsgId: MMSG-17999]
    2023-06-18 16:27:49.359 : User is logged in with session 136661.617172945HAcQfDVpQDDDDDDDtcVHHpVQVz	[MsgId: MMSG-17999]
    2023-06-18 16:27:55.204 : User is logged out of session	[MsgId: MMSG-17999]
  2023-06-18 16:29:50.307 : IterationNum=10	[MsgId: MMSG-17999]
   USER 10 = user61:pwd61	[MsgId: MMSG-17999]
    2023-06-18 16:29:50.401 : Start page is opened	[MsgId: MMSG-17999]
    2023-06-18 16:29:54.418 : User is logged in with session 136661.627379506HAcQfDcptfiDDDDDtcVHHpVQtHf	[MsgId: MMSG-17999]
    2023-06-18 16:29:59.108 : User is logged out of session	[MsgId: MMSG-17999]
  2023-06-18 16:31:56.312 : IterationNum=11	[MsgId: MMSG-17999]
   USER 11 = user61:pwd61	[MsgId: MMSG-17999]
    2023-06-18 16:31:56.406 : Start page is opened	[MsgId: MMSG-17999]
    2023-06-18 16:32:01.206 : User is logged in with session 136661.637586067HAcQfDcpQiDDDDDDtcVHHpVQHQ	[MsgId: MMSG-17999]
    2023-06-18 16:32:06.256 : User is logged out of session	[MsgId: MMSG-17999]
  2023-06-18 16:34:02.325 : IterationNum=12	[MsgId: MMSG-17999]
   USER 12 = user61:pwd61	[MsgId: MMSG-17999]
    2023-06-18 16:34:02.419 : Start page is opened	[MsgId: MMSG-17999]
    2023-06-18 16:34:08.076 : User is logged in with session 136661.647792629HAcQfDDpfAiDDDDDtcVHHpcAVAf	[MsgId: MMSG-17999]
    2023-06-18 16:34:13.640 : User is logged out of session	[MsgId: MMSG-17999]
  2023-06-18 16:36:08.331 : IterationNum=13	[MsgId: MMSG-17999]
   USER 13 = user61:pwd61	[MsgId: MMSG-17999]
    2023-06-18 16:36:08.425 : Start page is opened	[MsgId: MMSG-17999]
    2023-06-18 16:36:14.022 : User is logged in with session 136661.65799919HAcQfDtpADDDDDDDtcVHHpcAtc	[MsgId: MMSG-17999]
    2023-06-18 16:36:19.366 : User is logged out of session	[MsgId: MMSG-17999]
  2023-06-18 16:38:14.341 : IterationNum=14	[MsgId: MMSG-17999]
   USER 14 = user61:pwd61	[MsgId: MMSG-17999]
    2023-06-18 16:38:14.435 : Start page is opened	[MsgId: MMSG-17999]
    2023-06-18 16:38:19.032 : User is logged in with session 136661.668205751HAcQfDtpffiDDDDDtcVHHpcAHDf	[MsgId: MMSG-17999]
    2023-06-18 16:38:25.408 : User is logged out of session	[MsgId: MMSG-17999]
  2023-06-18 16:40:20.350 : IterationNum=15	[MsgId: MMSG-17999]
   USER 15 = user61:pwd61	[MsgId: MMSG-17999]
    2023-06-18 16:40:20.444 : Start page is opened	[MsgId: MMSG-17999]
    2023-06-18 16:40:25.071 : User is logged in with session 136661.678412313HAcQfDfpAiDDDDDDtcVHHpcVAf	[MsgId: MMSG-17999]
    2023-06-18 16:40:29.556 : User is logged out of session	[MsgId: MMSG-17999]
  2023-06-18 16:42:26.356 : IterationNum=16	[MsgId: MMSG-17999]
   USER 16 = user61:pwd61	[MsgId: MMSG-17999]
    2023-06-18 16:42:26.450 : Start page is opened	[MsgId: MMSG-17999]
    2023-06-18 16:42:31.374 : User is logged in with session 136661.688618874HAcQfDfpzAiDDDDDtcVHHpcVDzf	[MsgId: MMSG-17999]
    2023-06-18 16:42:36.804 : User is logged out of session	[MsgId: MMSG-17999]
  2023-06-18 16:44:32.357 : IterationNum=17	[MsgId: MMSG-17999]
   USER 17 = user61:pwd61	[MsgId: MMSG-17999]
    2023-06-18 16:44:32.451 : Start page is opened	[MsgId: MMSG-17999]
    2023-06-18 16:44:37.954 : User is logged in with session 136661.698825435HAcQfDzpVDDDDDDDtcVHHpcVzi	[MsgId: MMSG-17999]
    2023-06-18 16:44:42.220 : User is logged out of session	[MsgId: MMSG-17999]
  2023-06-18 16:46:38.368 : IterationNum=18	[MsgId: MMSG-17999]
   USER 18 = user61:pwd61	[MsgId: MMSG-17999]
    2023-06-18 16:46:38.461 : Start page is opened	[MsgId: MMSG-17999]
    2023-06-18 16:46:44.634 : User is logged in with session 136661.709031997HAcQfDzpzfiDDDDDtcVHHpcVQQf	[MsgId: MMSG-17999]
    2023-06-18 16:46:51.009 : User is logged out of session	[MsgId: MMSG-17999]
  2023-06-18 16:48:44.373 : IterationNum=19	[MsgId: MMSG-17999]
   USER 19 = user61:pwd61	[MsgId: MMSG-17999]
    2023-06-18 16:48:44.467 : Start page is opened	[MsgId: MMSG-17999]
    2023-06-18 16:48:49.047 : User is logged in with session 136661.719238558HAcQfDHpViDDDDDDtcVHHpccDV	[MsgId: MMSG-17999]
    2023-06-18 16:48:55.322 : User is logged out of session	[MsgId: MMSG-17999]
  2023-06-18 16:50:50.376 : IterationNum=20	[MsgId: MMSG-17999]
   USER 20 = user61:pwd61	[MsgId: MMSG-17999]
    2023-06-18 16:50:50.470 : Start page is opened	[MsgId: MMSG-17999]
    2023-06-18 16:50:55.409 : User is logged in with session 136661.729445119HAcQfDHpHAiDDDDDtcVHHpcczcf	[MsgId: MMSG-17999]
    2023-06-18 16:50:59.535 : User is logged out of session	[MsgId: MMSG-17999]
  2023-06-18 16:52:56.384 : IterationNum=21	[MsgId: MMSG-17999]
   USER 21 = user61:pwd61	[MsgId: MMSG-17999]
    2023-06-18 16:52:56.478 : Start page is opened	[MsgId: MMSG-17999]
    2023-06-18 16:53:00.671 : User is logged in with session 136661.739651681HAcQfDipcDDDDDDDtcVHHpccQt	[MsgId: MMSG-17999]
    2023-06-18 16:53:05.091 : User is logged out of session	[MsgId: MMSG-17999]
  2023-06-18 16:55:02.394 : IterationNum=22	[MsgId: MMSG-17999]
   USER 22 = user61:pwd61	[MsgId: MMSG-17999]
    2023-06-18 16:55:02.488 : Start page is opened	[MsgId: MMSG-17999]
    2023-06-18 16:55:06.598 : User is logged in with session 136661.749858242HAcQfDipHfiDDDDDtcVHHpcDcff	[MsgId: MMSG-17999]
    2023-06-18 16:55:10.900 : User is logged out of session	[MsgId: MMSG-17999]
  2023-06-18 16:57:08.397 : IterationNum=23	[MsgId: MMSG-17999]
   USER 23 = user61:pwd61	[MsgId: MMSG-17999]
    2023-06-18 16:57:08.491 : Start page is opened	[MsgId: MMSG-17999]
    2023-06-18 16:57:13.399 : User is logged in with session 136661.760064804HAcQfDQpciDDDDDDtcVHHpcDfH	[MsgId: MMSG-17999]
    2023-06-18 16:57:18.478 : User is logged out of session	[MsgId: MMSG-17999]
  2023-06-18 16:59:14.407 : IterationNum=24	[MsgId: MMSG-17999]
   USER 24 = user61:pwd61	[MsgId: MMSG-17999]
    2023-06-18 16:59:14.501 : Start page is opened	[MsgId: MMSG-17999]
    2023-06-18 16:59:18.799 : User is logged in with session 136661.770271365HAcQfDQpiAiDDDDDtcVHHpcDiif	[MsgId: MMSG-17999]
    2023-06-18 16:59:22.928 : User is logged out of session	[MsgId: MMSG-17999]
  2023-06-18 17:01:20.408 : IterationNum=25	[MsgId: MMSG-17999]
   USER 25 = user61:pwd61	[MsgId: MMSG-17999]
    2023-06-18 17:01:20.502 : Start page is opened	[MsgId: MMSG-17999]
    2023-06-18 17:01:26.457 : User is logged in with session 136661.780477926HAcQftApDDDDDDDDtcVHHpctc	[MsgId: MMSG-17999]
    2023-06-18 17:01:32.240 : User is logged out of session	[MsgId: MMSG-17999]
  2023-06-18 17:03:26.413 : IterationNum=26	[MsgId: MMSG-17999]
   USER 26 = user61:pwd61	[MsgId: MMSG-17999]
    2023-06-18 17:03:26.507 : Start page is opened	[MsgId: MMSG-17999]
    2023-06-18 17:03:31.634 : User is logged in with session 136661.790684488HAcQftApifiDDDDDtcVHHpctfVf	[MsgId: MMSG-17999]
    2023-06-18 17:03:37.190 : User is logged out of session	[MsgId: MMSG-17999]
  2023-06-18 17:05:32.418 : IterationNum=27	[MsgId: MMSG-17999]
   USER 27 = user61:pwd61	[MsgId: MMSG-17999]
    2023-06-18 17:05:32.512 : Start page is opened	[MsgId: MMSG-17999]
    2023-06-18 17:05:36.910 : User is logged in with session 136661.800891049HAcQftVpDiDDDDDDtcVHHpctiD	[MsgId: MMSG-17999]
    2023-06-18 17:05:41.575 : User is logged out of session	[MsgId: MMSG-17999]
  2023-06-18 17:07:38.425 : IterationNum=28	[MsgId: MMSG-17999]
   USER 28 = user61:pwd61	[MsgId: MMSG-17999]
    2023-06-18 17:07:38.519 : Start page is opened	[MsgId: MMSG-17999]
    2023-06-18 17:07:44.304 : User is logged in with session 136661.81109761HAcQftVpQAiDDDDDtcVHHpcfVtf	[MsgId: MMSG-17999]
    2023-06-18 17:07:49.152 : User is logged out of session	[MsgId: MMSG-17999]
  2023-06-18 17:09:44.431 : IterationNum=29	[MsgId: MMSG-17999]
   USER 29 = user61:pwd61	[MsgId: MMSG-17999]
    2023-06-18 17:09:44.525 : Start page is opened	[MsgId: MMSG-17999]
    2023-06-18 17:09:48.808 : User is logged in with session 136661.821304172HAcQftcptDDDDDDDtcVHHpcftz	[MsgId: MMSG-17999]
    2023-06-18 17:09:52.839 : User is logged out of session	[MsgId: MMSG-17999]
  2023-06-18 17:11:50.442 : IterationNum=30	[MsgId: MMSG-17999]
   USER 30 = user61:pwd61	[MsgId: MMSG-17999]
    2023-06-18 17:11:50.536 : Start page is opened	[MsgId: MMSG-17999]
    2023-06-18 17:11:56.335 : User is logged in with session 136661.831510733HAcQftcpQfiDDDDDtcVHHpcfHHf	[MsgId: MMSG-17999]
    2023-06-18 17:12:01.952 : User is logged out of session	[MsgId: MMSG-17999]
  2023-06-18 17:13:56.448 : IterationNum=31	[MsgId: MMSG-17999]
   USER 31 = user61:pwd61	[MsgId: MMSG-17999]
    2023-06-18 17:13:56.542 : Start page is opened	[MsgId: MMSG-17999]
    2023-06-18 17:14:01.575 : User is logged in with session 136661.841717294HAcQftDptiDDDDDDtcVHHpczAQ	[MsgId: MMSG-17999]
    2023-06-18 17:14:07.107 : User is logged out of session	[MsgId: MMSG-17999]
  2023-06-18 17:16:02.451 : IterationNum=32	[MsgId: MMSG-17999]
   USER 32 = user61:pwd61	[MsgId: MMSG-17999]
    2023-06-18 17:16:02.545 : Start page is opened	[MsgId: MMSG-17999]
    2023-06-18 17:16:06.577 : User is logged in with session 136661.851923856HAcQfttpAAiDDDDDtcVHHpcztAf	[MsgId: MMSG-17999]
    2023-06-18 17:16:12.941 : User is logged out of session	[MsgId: MMSG-17999]
  2023-06-18 17:18:08.455 : IterationNum=33	[MsgId: MMSG-17999]
   USER 33 = user61:pwd61	[MsgId: MMSG-17999]
    2023-06-18 17:18:08.549 : Start page is opened	[MsgId: MMSG-17999]
    2023-06-18 17:18:13.302 : User is logged in with session 136661.862130417HAcQfttpfDDDDDDDtcVHHpczHc	[MsgId: MMSG-17999]
    2023-06-18 17:18:18.303 : User is logged out of session	[MsgId: MMSG-17999]
