  2023-06-18 16:13:50.849 : IterationNum=1	[MsgId: MMSG-17999]
   USER 1 = user46:pwd46	[MsgId: MMSG-17999]
    2023-06-18 16:13:50.944 : Start page is opened	[MsgId: MMSG-17999]
    2023-06-18 16:13:56.910 : User is logged in with session 136661.549615229HAcQfciptfiDDDDDtcVHHpVHAHf	[MsgId: MMSG-17999]
    2023-06-18 16:14:03.232 : Search page opened	[MsgId: MMSG-17999]
    2023-06-18 16:14:17.722 : Flights found : 923;286;06/21/2023 and 290;350;06/18/2023	[MsgId: MMSG-17999]
    2023-06-18 16:14:17.722 : Sity depart : Zurich, Sity arrive : London	[MsgId: MMSG-17999]
    2023-06-18 16:14:26.104 : Found Seat Type : First, Seat Pref : Aisle	[MsgId: MMSG-17999]
    2023-06-18 16:14:30.795 : User is logged out of session	[MsgId: MMSG-17999]
  2023-06-18 16:16:30.854 : IterationNum=2	[MsgId: MMSG-17999]
   USER 2 = user47:pwd47	[MsgId: MMSG-17999]
    2023-06-18 16:16:30.949 : Start page is opened	[MsgId: MMSG-17999]
    2023-06-18 16:16:36.404 : User is logged in with session 136661.562575942HAcQfcQpVcftcVHHpVHtHf	[MsgId: MMSG-17999]
    2023-06-18 16:16:41.613 : Search page opened	[MsgId: MMSG-17999]
    2023-06-18 16:16:56.946 : Flights found : 822;1975;06/21/2023 and 280;2089;06/18/2023	[MsgId: MMSG-17999]
    2023-06-18 16:16:56.947 : Sity depart : Sydney, Sity arrive : London	[MsgId: MMSG-17999]
    2023-06-18 16:17:06.753 : Found Seat Type : Business, Seat Pref : Window	[MsgId: MMSG-17999]
    2023-06-18 16:17:11.795 : User is logged out of session	[MsgId: MMSG-17999]
  2023-06-18 16:19:10.860 : IterationNum=3	[MsgId: MMSG-17999]
   USER 3 = user48:pwd48	[MsgId: MMSG-17999]
    2023-06-18 16:19:10.954 : Start page is opened	[MsgId: MMSG-17999]
    2023-06-18 16:19:15.535 : User is logged in with session 136661.575536655HAcQfcQpHQVzzzzHtcVHHpVHiHf	[MsgId: MMSG-17999]
    2023-06-18 16:19:20.052 : Search page opened	[MsgId: MMSG-17999]
    2023-06-18 16:19:32.354 : Flights found : 310;328;06/21/2023 and 132;446;06/18/2023	[MsgId: MMSG-17999]
    2023-06-18 16:19:32.355 : Sity depart : Los Angeles, Sity arrive : Frankfurt	[MsgId: MMSG-17999]
    2023-06-18 16:19:40.860 : Found Seat Type : Business, Seat Pref : None	[MsgId: MMSG-17999]
    2023-06-18 16:19:44.978 : User is logged out of session	[MsgId: MMSG-17999]
  2023-06-18 16:21:50.870 : IterationNum=4	[MsgId: MMSG-17999]
   USER 4 = user48:pwd48	[MsgId: MMSG-17999]
    2023-06-18 16:21:50.964 : Start page is opened	[MsgId: MMSG-17999]
    2023-06-18 16:21:55.997 : User is logged in with session 136661.588497367HAcQfDAptfiDDDDDtcVHHpVicHf	[MsgId: MMSG-17999]
    2023-06-18 16:22:00.249 : Search page opened	[MsgId: MMSG-17999]
    2023-06-18 16:22:17.760 : Flights found : 533;234;06/21/2023 and 350;287;06/18/2023	[MsgId: MMSG-17999]
    2023-06-18 16:22:17.760 : Sity depart : Portland, Sity arrive : Los Angeles	[MsgId: MMSG-17999]
    2023-06-18 16:22:27.560 : Found Seat Type : Business, Seat Pref : Window	[MsgId: MMSG-17999]
    2023-06-18 16:22:33.520 : User is logged out of session	[MsgId: MMSG-17999]
  2023-06-18 16:24:30.874 : IterationNum=5	[MsgId: MMSG-17999]
   USER 5 = user48:pwd48	[MsgId: MMSG-17999]
    2023-06-18 16:24:30.968 : Start page is opened	[MsgId: MMSG-17999]
    2023-06-18 16:24:36.402 : User is logged in with session 136661.60145808HAcQfDVpVcftcVHHpVizHf	[MsgId: MMSG-17999]
    2023-06-18 16:24:42.249 : Search page opened	[MsgId: MMSG-17999]
    2023-06-18 16:24:56.054 : Flights found : 362;107;06/21/2023 and 630;113;06/18/2023	[MsgId: MMSG-17999]
    2023-06-18 16:24:56.054 : Sity depart : Los Angeles, Sity arrive : San Francisco	[MsgId: MMSG-17999]
    2023-06-18 16:25:07.808 : Found Seat Type : First, Seat Pref : Window	[MsgId: MMSG-17999]
    2023-06-18 16:25:13.341 : User is logged out of session	[MsgId: MMSG-17999]
  2023-06-18 16:27:10.890 : IterationNum=6	[MsgId: MMSG-17999]
   USER 6 = user48:pwd48	[MsgId: MMSG-17999]
    2023-06-18 16:27:10.984 : Start page is opened	[MsgId: MMSG-17999]
    2023-06-18 16:27:17.300 : User is logged in with session 136661.614418793HAcQfDVpHQVzzzzHtcVHHpVQAHf	[MsgId: MMSG-17999]
    2023-06-18 16:27:22.409 : Search page opened	[MsgId: MMSG-17999]
    2023-06-18 16:27:37.499 : Flights found : 692;355;06/21/2023 and 961;335;06/18/2023	[MsgId: MMSG-17999]
    2023-06-18 16:27:37.499 : Sity depart : San Francisco, Sity arrive : Zurich	[MsgId: MMSG-17999]
    2023-06-18 16:27:46.269 : Found Seat Type : Coach, Seat Pref : Aisle	[MsgId: MMSG-17999]
    2023-06-18 16:27:52.484 : User is logged out of session	[MsgId: MMSG-17999]
  2023-06-18 16:29:50.900 : IterationNum=7	[MsgId: MMSG-17999]
   USER 7 = user48:pwd48	[MsgId: MMSG-17999]
    2023-06-18 16:29:50.994 : Start page is opened	[MsgId: MMSG-17999]
    2023-06-18 16:29:55.715 : User is logged in with session 136661.627379506HAcQfDcptfiDDDDDtcVHHpVQtHf	[MsgId: MMSG-17999]
    2023-06-18 16:30:00.311 : Search page opened	[MsgId: MMSG-17999]
    2023-06-18 16:30:17.742 : Flights found : 411;166;06/21/2023 and 140;186;06/18/2023	[MsgId: MMSG-17999]
    2023-06-18 16:30:17.742 : Sity depart : Paris, Sity arrive : Frankfurt	[MsgId: MMSG-17999]
    2023-06-18 16:30:30.160 : Found Seat Type : Business, Seat Pref : Aisle	[MsgId: MMSG-17999]
    2023-06-18 16:30:34.126 : User is logged out of session	[MsgId: MMSG-17999]
  2023-06-18 16:32:30.901 : IterationNum=8	[MsgId: MMSG-17999]
   USER 8 = user48:pwd48	[MsgId: MMSG-17999]
    2023-06-18 16:32:30.995 : Start page is opened	[MsgId: MMSG-17999]
    2023-06-18 16:32:36.326 : User is logged in with session 136661.640340219HAcQfDDpVcftcVHHpVQiHf	[MsgId: MMSG-17999]
    2023-06-18 16:32:42.514 : Search page opened	[MsgId: MMSG-17999]
    2023-06-18 16:32:58.121 : Flights found : 653;62;06/21/2023 and 563;62;06/18/2023	[MsgId: MMSG-17999]
    2023-06-18 16:32:58.121 : Sity depart : San Francisco, Sity arrive : Portland	[MsgId: MMSG-17999]
    2023-06-18 16:33:10.473 : Found Seat Type : Coach, Seat Pref : Aisle	[MsgId: MMSG-17999]
    2023-06-18 16:33:16.574 : User is logged out of session	[MsgId: MMSG-17999]
  2023-06-18 16:35:10.914 : IterationNum=9	[MsgId: MMSG-17999]
   USER 9 = user48:pwd48	[MsgId: MMSG-17999]
    2023-06-18 16:35:11.002 : Start page is opened	[MsgId: MMSG-17999]
    2023-06-18 16:35:16.066 : User is logged in with session 136661.653300932HAcQfDDpHQVzzzzHtcVHHpcAcHf	[MsgId: MMSG-17999]
    2023-06-18 16:35:22.116 : Search page opened	[MsgId: MMSG-17999]
    2023-06-18 16:35:40.581 : Flights found : 821;1861;06/21/2023 and 280;2089;06/18/2023	[MsgId: MMSG-17999]
    2023-06-18 16:35:40.581 : Sity depart : Sydney, Sity arrive : London	[MsgId: MMSG-17999]
    2023-06-18 16:35:49.537 : Found Seat Type : Business, Seat Pref : Aisle	[MsgId: MMSG-17999]
    2023-06-18 16:35:55.077 : User is logged out of session	[MsgId: MMSG-17999]
  2023-06-18 16:37:50.925 : IterationNum=10	[MsgId: MMSG-17999]
   USER 10 = user48:pwd48	[MsgId: MMSG-17999]
    2023-06-18 16:37:51.019 : Start page is opened	[MsgId: MMSG-17999]
    2023-06-18 16:37:55.036 : User is logged in with session 136661.666261644HAcQfDtptfiDDDDDtcVHHpcAzHf	[MsgId: MMSG-17999]
    2023-06-18 16:37:59.539 : Search page opened	[MsgId: MMSG-17999]
    2023-06-18 16:38:17.163 : Flights found : 051;355;06/21/2023 and 503;326;06/18/2023	[MsgId: MMSG-17999]
    2023-06-18 16:38:17.163 : Sity depart : Denver, Sity arrive : Portland	[MsgId: MMSG-17999]
    2023-06-18 16:38:24.759 : Found Seat Type : Business, Seat Pref : None	[MsgId: MMSG-17999]
    2023-06-18 16:38:28.706 : User is logged out of session	[MsgId: MMSG-17999]
  2023-06-18 16:40:30.940 : IterationNum=11	[MsgId: MMSG-17999]
   USER 11 = user48:pwd48	[MsgId: MMSG-17999]
    2023-06-18 16:40:31.034 : Start page is opened	[MsgId: MMSG-17999]
    2023-06-18 16:40:37.191 : User is logged in with session 136661.679222357HAcQfDfpVcftcVHHpcVAHf	[MsgId: MMSG-17999]
    2023-06-18 16:40:43.239 : Search page opened	[MsgId: MMSG-17999]
    2023-06-18 16:40:54.640 : Flights found : 911;330;06/21/2023 and 190;371;06/18/2023	[MsgId: MMSG-17999]
    2023-06-18 16:40:54.640 : Sity depart : Zurich, Sity arrive : Frankfurt	[MsgId: MMSG-17999]
    2023-06-18 16:41:02.456 : Found Seat Type : First, Seat Pref : None	[MsgId: MMSG-17999]
    2023-06-18 16:41:06.606 : User is logged out of session	[MsgId: MMSG-17999]
  2023-06-18 16:43:10.943 : IterationNum=12	[MsgId: MMSG-17999]
   USER 12 = user48:pwd48	[MsgId: MMSG-17999]
    2023-06-18 16:43:11.037 : Start page is opened	[MsgId: MMSG-17999]
    2023-06-18 16:43:16.180 : User is logged in with session 136661.69218307HAcQfDfpHQVzzzzHtcVHHpcVtHf	[MsgId: MMSG-17999]
    2023-06-18 16:43:22.305 : Search page opened	[MsgId: MMSG-17999]
    2023-06-18 16:43:40.450 : Flights found : 902;577;06/21/2023 and 092;577;06/18/2023	[MsgId: MMSG-17999]
    2023-06-18 16:43:40.450 : Sity depart : Zurich, Sity arrive : Denver	[MsgId: MMSG-17999]
    2023-06-18 16:43:48.407 : Found Seat Type : Business, Seat Pref : Window	[MsgId: MMSG-17999]
    2023-06-18 16:43:52.523 : User is logged out of session	[MsgId: MMSG-17999]
  2023-06-18 16:45:50.956 : IterationNum=13	[MsgId: MMSG-17999]
   USER 13 = user48:pwd48	[MsgId: MMSG-17999]
    2023-06-18 16:45:51.050 : Start page is opened	[MsgId: MMSG-17999]
    2023-06-18 16:45:55.700 : User is logged in with session 136661.705143783HAcQfDzptfiDDDDDtcVHHpcViHf	[MsgId: MMSG-17999]
    2023-06-18 16:45:59.748 : Search page opened	[MsgId: MMSG-17999]
    2023-06-18 16:46:18.195 : Flights found : 501;245;06/21/2023 and 051;245;06/18/2023	[MsgId: MMSG-17999]
    2023-06-18 16:46:18.195 : Sity depart : Portland, Sity arrive : Denver	[MsgId: MMSG-17999]
    2023-06-18 16:46:30.210 : Found Seat Type : Coach, Seat Pref : Window	[MsgId: MMSG-17999]
    2023-06-18 16:46:36.170 : User is logged out of session	[MsgId: MMSG-17999]
  2023-06-18 16:48:30.967 : IterationNum=14	[MsgId: MMSG-17999]
   USER 14 = user48:pwd48	[MsgId: MMSG-17999]
    2023-06-18 16:48:31.061 : Start page is opened	[MsgId: MMSG-17999]
    2023-06-18 16:48:36.576 : User is logged in with session 136661.718104496HAcQfDHpVcftcVHHpcccHf	[MsgId: MMSG-17999]
    2023-06-18 16:48:42.453 : Search page opened	[MsgId: MMSG-17999]
    2023-06-18 16:48:59.362 : Flights found : 393;476;06/21/2023 and 932;475;06/18/2023	[MsgId: MMSG-17999]
    2023-06-18 16:48:59.362 : Sity depart : Los Angeles, Sity arrive : Zurich	[MsgId: MMSG-17999]
    2023-06-18 16:49:07.928 : Found Seat Type : Business, Seat Pref : Window	[MsgId: MMSG-17999]
    2023-06-18 16:49:12.418 : User is logged out of session	[MsgId: MMSG-17999]
  2023-06-18 16:51:10.974 : IterationNum=15	[MsgId: MMSG-17999]
   USER 15 = user48:pwd48	[MsgId: MMSG-17999]
    2023-06-18 16:51:11.068 : Start page is opened	[MsgId: MMSG-17999]
    2023-06-18 16:51:16.744 : User is logged in with session 136661.731065209HAcQfDHpHQVzzzzHtcVHHpcczHf	[MsgId: MMSG-17999]
    2023-06-18 16:51:20.746 : Search page opened	[MsgId: MMSG-17999]
    2023-06-18 16:51:38.302 : Flights found : 682;1008;06/21/2023 and 861;950;06/18/2023	[MsgId: MMSG-17999]
    2023-06-18 16:51:38.302 : Sity depart : San Francisco, Sity arrive : Sydney	[MsgId: MMSG-17999]
    2023-06-18 16:51:48.867 : Found Seat Type : Business, Seat Pref : Window	[MsgId: MMSG-17999]
    2023-06-18 16:51:54.787 : User is logged out of session	[MsgId: MMSG-17999]
  2023-06-18 16:53:50.976 : IterationNum=16	[MsgId: MMSG-17999]
   USER 16 = user48:pwd48	[MsgId: MMSG-17999]
    2023-06-18 16:53:51.070 : Start page is opened	[MsgId: MMSG-17999]
    2023-06-18 16:53:55.338 : User is logged in with session 136661.744025921HAcQfDiptfiDDDDDtcVHHpcDAHf	[MsgId: MMSG-17999]
    2023-06-18 16:54:01.372 : Search page opened	[MsgId: MMSG-17999]
    2023-06-18 16:54:18.702 : Flights found : 323;917;06/21/2023 and 232;1060;06/18/2023	[MsgId: MMSG-17999]
    2023-06-18 16:54:18.702 : Sity depart : Los Angeles, Sity arrive : London	[MsgId: MMSG-17999]
    2023-06-18 16:54:30.432 : Found Seat Type : Business, Seat Pref : Window	[MsgId: MMSG-17999]
    2023-06-18 16:54:36.806 : User is logged out of session	[MsgId: MMSG-17999]
  2023-06-18 16:56:30.984 : IterationNum=17	[MsgId: MMSG-17999]
   USER 17 = user48:pwd48	[MsgId: MMSG-17999]
    2023-06-18 16:56:31.078 : Start page is opened	[MsgId: MMSG-17999]
    2023-06-18 16:56:36.998 : User is logged in with session 136661.756986634HAcQfDQpVcftcVHHpcDtHf	[MsgId: MMSG-17999]
    2023-06-18 16:56:43.220 : Search page opened	[MsgId: MMSG-17999]
    2023-06-18 16:57:00.528 : Flights found : 893;878;06/21/2023 and 980;1073;06/18/2023	[MsgId: MMSG-17999]
    2023-06-18 16:57:00.528 : Sity depart : Sydney, Sity arrive : Zurich	[MsgId: MMSG-17999]
    2023-06-18 16:57:09.139 : Found Seat Type : Coach, Seat Pref : None	[MsgId: MMSG-17999]
    2023-06-18 16:57:14.194 : User is logged out of session	[MsgId: MMSG-17999]
  2023-06-18 16:59:11.000 : IterationNum=18	[MsgId: MMSG-17999]
   USER 18 = user48:pwd48	[MsgId: MMSG-17999]
    2023-06-18 16:59:11.094 : Start page is opened	[MsgId: MMSG-17999]
    2023-06-18 16:59:16.876 : User is logged in with session 136661.770028352HAcQfDQpHQfiDDDDtcVHHpcDiHHf	[MsgId: MMSG-17999]
    2023-06-18 16:59:20.972 : Search page opened	[MsgId: MMSG-17999]
    2023-06-18 16:59:37.952 : Flights found : 603;240;06/21/2023 and 060;293;06/18/2023	[MsgId: MMSG-17999]
    2023-06-18 16:59:37.952 : Sity depart : San Francisco, Sity arrive : Denver	[MsgId: MMSG-17999]
    2023-06-18 16:59:47.047 : Found Seat Type : Business, Seat Pref : None	[MsgId: MMSG-17999]
    2023-06-18 16:59:53.061 : User is logged out of session	[MsgId: MMSG-17999]
  2023-06-18 17:01:51.003 : IterationNum=19	[MsgId: MMSG-17999]
   USER 19 = user48:pwd48	[MsgId: MMSG-17999]
    2023-06-18 17:01:51.097 : Start page is opened	[MsgId: MMSG-17999]
    2023-06-18 17:01:57.302 : User is logged in with session 136661.782989064HAcQftAptzcftcVHHpctcHHf	[MsgId: MMSG-17999]
    2023-06-18 17:02:02.475 : Search page opened	[MsgId: MMSG-17999]
    2023-06-18 17:02:19.634 : Flights found : 322;1370;06/21/2023 and 233;1186;06/18/2023	[MsgId: MMSG-17999]
    2023-06-18 17:02:19.634 : Sity depart : Los Angeles, Sity arrive : London	[MsgId: MMSG-17999]
    2023-06-18 17:02:28.152 : Found Seat Type : First, Seat Pref : Aisle	[MsgId: MMSG-17999]
    2023-06-18 17:02:32.617 : User is logged out of session	[MsgId: MMSG-17999]
  2023-06-18 17:04:31.009 : IterationNum=20	[MsgId: MMSG-17999]
   USER 20 = user48:pwd48	[MsgId: MMSG-17999]
    2023-06-18 17:04:31.103 : Start page is opened	[MsgId: MMSG-17999]
    2023-06-18 17:04:35.494 : User is logged in with session 136661.795949777HAcQftVpVcQVzzzHtcVHHpctzHHf	[MsgId: MMSG-17999]
    2023-06-18 17:04:40.409 : Search page opened	[MsgId: MMSG-17999]
    2023-06-18 17:04:52.852 : Flights found : 673;133;06/21/2023 and 760;162;06/18/2023	[MsgId: MMSG-17999]
    2023-06-18 17:04:52.852 : Sity depart : San Francisco, Sity arrive : Seattle	[MsgId: MMSG-17999]
    2023-06-18 17:05:04.498 : Found Seat Type : First, Seat Pref : Aisle	[MsgId: MMSG-17999]
    2023-06-18 17:05:08.474 : User is logged out of session	[MsgId: MMSG-17999]
  2023-06-18 17:07:11.021 : IterationNum=21	[MsgId: MMSG-17999]
   USER 21 = user48:pwd48	[MsgId: MMSG-17999]
    2023-06-18 17:07:11.115 : Start page is opened	[MsgId: MMSG-17999]
    2023-06-18 17:07:16.679 : User is logged in with session 136661.80891049HAcQftVpHQfiDDDDtcVHHpcfAHHf	[MsgId: MMSG-17999]
    2023-06-18 17:07:22.733 : Search page opened	[MsgId: MMSG-17999]
    2023-06-18 17:07:37.260 : Flights found : 980;2013;06/21/2023 and 893;1647;06/18/2023	[MsgId: MMSG-17999]
    2023-06-18 17:07:37.260 : Sity depart : Zurich, Sity arrive : Sydney	[MsgId: MMSG-17999]
    2023-06-18 17:07:49.658 : Found Seat Type : First, Seat Pref : None	[MsgId: MMSG-17999]
    2023-06-18 17:07:55.646 : User is logged out of session	[MsgId: MMSG-17999]
  2023-06-18 17:09:51.026 : IterationNum=22	[MsgId: MMSG-17999]
   USER 22 = user48:pwd48	[MsgId: MMSG-17999]
    2023-06-18 17:09:51.120 : Start page is opened	[MsgId: MMSG-17999]
    2023-06-18 17:09:55.793 : User is logged in with session 136661.821871203HAcQftcptzcftcVHHpcftHHf	[MsgId: MMSG-17999]
    2023-06-18 17:10:01.326 : Search page opened	[MsgId: MMSG-17999]
    2023-06-18 17:10:18.867 : Flights found : 163;661;06/21/2023 and 613;661;06/18/2023	[MsgId: MMSG-17999]
    2023-06-18 17:10:18.867 : Sity depart : Frankfurt, Sity arrive : San Francisco	[MsgId: MMSG-17999]
    2023-06-18 17:10:27.961 : Found Seat Type : First, Seat Pref : Aisle	[MsgId: MMSG-17999]
    2023-06-18 17:10:33.436 : User is logged out of session	[MsgId: MMSG-17999]
  2023-06-18 17:12:31.032 : IterationNum=23	[MsgId: MMSG-17999]
   USER 23 = user48:pwd48	[MsgId: MMSG-17999]
    2023-06-18 17:12:31.126 : Start page is opened	[MsgId: MMSG-17999]
    2023-06-18 17:12:36.968 : User is logged in with session 136661.834831916HAcQftDpVcQVzzzHtcVHHpcfiHHf	[MsgId: MMSG-17999]
    2023-06-18 17:12:42.610 : Search page opened	[MsgId: MMSG-17999]
           ERROR : Sity depart : Zurich Sity arrive : Zurich	[MsgId: MMSG-17999]
           ERROR FIXED : Sity depart : Zurich Sity arrive : Los Angeles	[MsgId: MMSG-17999]
    2023-06-18 17:12:54.923 : Flights found : 930;649;06/21/2023 and 390;752;06/18/2023	[MsgId: MMSG-17999]
    2023-06-18 17:12:54.923 : Sity depart : Zurich, Sity arrive : Los Angeles	[MsgId: MMSG-17999]
    2023-06-18 17:13:07.050 : Found Seat Type : First, Seat Pref : Window	[MsgId: MMSG-17999]
    2023-06-18 17:13:13.297 : User is logged out of session	[MsgId: MMSG-17999]
  2023-06-18 17:15:11.041 : IterationNum=24	[MsgId: MMSG-17999]
   USER 24 = user48:pwd48	[MsgId: MMSG-17999]
    2023-06-18 17:15:11.135 : Start page is opened	[MsgId: MMSG-17999]
    2023-06-18 17:15:15.523 : User is logged in with session 136661.847792629HAcQftDpHQfiDDDDtcVHHpczcHHf	[MsgId: MMSG-17999]
    2023-06-18 17:15:19.838 : Search page opened	[MsgId: MMSG-17999]
    2023-06-18 17:15:33.262 : Flights found : 930;346;06/21/2023 and 390;401;06/18/2023	[MsgId: MMSG-17999]
    2023-06-18 17:15:33.262 : Sity depart : Zurich, Sity arrive : Los Angeles	[MsgId: MMSG-17999]
    2023-06-18 17:15:43.314 : Found Seat Type : Coach, Seat Pref : Window	[MsgId: MMSG-17999]
    2023-06-18 17:15:48.306 : User is logged out of session	[MsgId: MMSG-17999]
  2023-06-18 17:17:51.043 : IterationNum=25	[MsgId: MMSG-17999]
   USER 25 = user48:pwd48	[MsgId: MMSG-17999]
    2023-06-18 17:17:51.137 : Start page is opened	[MsgId: MMSG-17999]
    2023-06-18 17:17:55.451 : User is logged in with session 136661.860753341HAcQfttptzcftcVHHpczzHHf	[MsgId: MMSG-17999]
    2023-06-18 17:18:01.045 : Search page opened	[MsgId: MMSG-17999]
    2023-06-18 17:18:18.607 : Flights found : 423;129;06/21/2023 and 240;157;06/18/2023	[MsgId: MMSG-17999]
    2023-06-18 17:18:18.607 : Sity depart : Paris, Sity arrive : London	[MsgId: MMSG-17999]
    2023-06-18 17:18:29.502 : Found Seat Type : Business, Seat Pref : Window	[MsgId: MMSG-17999]
    2023-06-18 17:18:35.551 : User is logged out of session	[MsgId: MMSG-17999]
