  2023-06-18 16:12:25.911 : IterationNum=1	[MsgId: MMSG-17999]
   USER 1 = user70:pwd70	[MsgId: MMSG-17999]
    2023-06-18 16:12:25.998 : Start page is opened	[MsgId: MMSG-17999]
    2023-06-18 16:12:31.030 : User is logged in with session 136661.54272985HAcQfcipVAtVzzzHtcVHHpVzizcf	[MsgId: MMSG-17999]
    2023-06-18 16:12:34.924 : User is logged out of session	[MsgId: MMSG-17999]
  2023-06-18 16:14:31.920 : IterationNum=2	[MsgId: MMSG-17999]
   USER 2 = user70:pwd70	[MsgId: MMSG-17999]
    2023-06-18 16:14:32.013 : Start page is opened	[MsgId: MMSG-17999]
    2023-06-18 16:14:37.912 : User is logged in with session 136661.552936411HAcQfcipzcQVzzzHtcVHHpVHVHHf	[MsgId: MMSG-17999]
    2023-06-18 16:14:44.081 : User is logged out of session	[MsgId: MMSG-17999]
  2023-06-18 16:16:37.920 : IterationNum=3	[MsgId: MMSG-17999]
   USER 3 = user70:pwd70	[MsgId: MMSG-17999]
    2023-06-18 16:16:38.015 : Start page is opened	[MsgId: MMSG-17999]
    2023-06-18 16:16:42.877 : User is logged in with session 136661.563142973HAcQfcQpVftVzzzHtcVHHpVHtQcf	[MsgId: MMSG-17999]
    2023-06-18 16:16:47.414 : User is logged out of session	[MsgId: MMSG-17999]
  2023-06-18 16:18:43.933 : IterationNum=4	[MsgId: MMSG-17999]
   USER 4 = user70:pwd70	[MsgId: MMSG-17999]
    2023-06-18 16:18:44.027 : Start page is opened	[MsgId: MMSG-17999]
    2023-06-18 16:18:50.216 : User is logged in with session 136661.573349534HAcQfcQpzHQVzzzHtcVHHpVHiAHf	[MsgId: MMSG-17999]
    2023-06-18 16:18:55.311 : User is logged out of session	[MsgId: MMSG-17999]
  2023-06-18 16:20:49.942 : IterationNum=5	[MsgId: MMSG-17999]
   USER 5 = user70:pwd70	[MsgId: MMSG-17999]
    2023-06-18 16:20:50.036 : Start page is opened	[MsgId: MMSG-17999]
    2023-06-18 16:20:54.768 : User is logged in with session 136661.583556096HAcQfDApcAtVzzzHtcVHHpViVccf	[MsgId: MMSG-17999]
    2023-06-18 16:20:59.567 : User is logged out of session	[MsgId: MMSG-17999]
  2023-06-18 16:22:55.948 : IterationNum=6	[MsgId: MMSG-17999]
   USER 6 = user70:pwd70	[MsgId: MMSG-17999]
    2023-06-18 16:22:56.042 : Start page is opened	[MsgId: MMSG-17999]
    2023-06-18 16:23:00.247 : User is logged in with session 136661.593762657HAcQfDApHcQVzzzHtcVHHpVitDHf	[MsgId: MMSG-17999]
    2023-06-18 16:23:06.093 : User is logged out of session	[MsgId: MMSG-17999]
  2023-06-18 16:25:01.955 : IterationNum=7	[MsgId: MMSG-17999]
   USER 7 = user70:pwd70	[MsgId: MMSG-17999]
    2023-06-18 16:25:02.049 : Start page is opened	[MsgId: MMSG-17999]
    2023-06-18 16:25:07.518 : User is logged in with session 136661.603969218HAcQfDVpcftVzzzHtcVHHpViHfcf	[MsgId: MMSG-17999]
    2023-06-18 16:25:11.621 : User is logged out of session	[MsgId: MMSG-17999]
  2023-06-18 16:27:07.968 : IterationNum=8	[MsgId: MMSG-17999]
   USER 8 = user70:pwd70	[MsgId: MMSG-17999]
    2023-06-18 16:27:08.062 : Start page is opened	[MsgId: MMSG-17999]
    2023-06-18 16:27:13.125 : User is logged in with session 136661.61417578HAcQfDVpHHQVzzzHtcVHHpVQAzHf	[MsgId: MMSG-17999]
    2023-06-18 16:27:18.142 : User is logged out of session	[MsgId: MMSG-17999]
  2023-06-18 16:29:13.976 : IterationNum=9	[MsgId: MMSG-17999]
   USER 9 = user70:pwd70	[MsgId: MMSG-17999]
    2023-06-18 16:29:14.070 : Start page is opened	[MsgId: MMSG-17999]
    2023-06-18 16:29:19.946 : User is logged in with session 136661.624382341HAcQfDcpDAtVzzzHtcVHHpVQDicf	[MsgId: MMSG-17999]
    2023-06-18 16:29:26.228 : User is logged out of session	[MsgId: MMSG-17999]
  2023-06-18 16:31:19.978 : IterationNum=10	[MsgId: MMSG-17999]
   USER 10 = user70:pwd70	[MsgId: MMSG-17999]
    2023-06-18 16:31:20.072 : Start page is opened	[MsgId: MMSG-17999]
    2023-06-18 16:31:24.603 : User is logged in with session 136661.634669907HAcQfDcpiDDDDDDDtcVHHpVQH	[MsgId: MMSG-17999]
    2023-06-18 16:31:29.964 : User is logged out of session	[MsgId: MMSG-17999]
  2023-06-18 16:33:25.980 : IterationNum=11	[MsgId: MMSG-17999]
   USER 11 = user70:pwd70	[MsgId: MMSG-17999]
    2023-06-18 16:33:26.074 : Start page is opened	[MsgId: MMSG-17999]
    2023-06-18 16:33:31.450 : User is logged in with session 136661.644795464HAcQfDDpDftVzzzHtcVHHpcAAVcf	[MsgId: MMSG-17999]
    2023-06-18 16:33:36.462 : User is logged out of session	[MsgId: MMSG-17999]
  2023-06-18 16:35:31.993 : IterationNum=12	[MsgId: MMSG-17999]
   USER 12 = user70:pwd70	[MsgId: MMSG-17999]
    2023-06-18 16:35:32.088 : Start page is opened	[MsgId: MMSG-17999]
    2023-06-18 16:35:36.087 : User is logged in with session 136661.65508303HAcQfDDpiiDDDDDDtcVHHpcADD	[MsgId: MMSG-17999]
    2023-06-18 16:35:41.856 : User is logged out of session	[MsgId: MMSG-17999]
  2023-06-18 16:37:38.001 : IterationNum=13	[MsgId: MMSG-17999]
   USER 13 = user70:pwd70	[MsgId: MMSG-17999]
    2023-06-18 16:37:38.095 : Start page is opened	[MsgId: MMSG-17999]
    2023-06-18 16:37:42.658 : User is logged in with session 136661.665289591HAcQfDtptAiDDDDDtcVHHpcAztf	[MsgId: MMSG-17999]
    2023-06-18 16:37:48.723 : User is logged out of session	[MsgId: MMSG-17999]
  2023-06-18 16:39:44.009 : IterationNum=14	[MsgId: MMSG-17999]
   USER 14 = user70:pwd70	[MsgId: MMSG-17999]
    2023-06-18 16:39:44.103 : Start page is opened	[MsgId: MMSG-17999]
    2023-06-18 16:39:49.745 : User is logged in with session 136661.675496152HAcQfDtpQDDDDDDDtcVHHpcAQz	[MsgId: MMSG-17999]
    2023-06-18 16:39:53.699 : User is logged out of session	[MsgId: MMSG-17999]
  2023-06-18 16:41:50.009 : IterationNum=15	[MsgId: MMSG-17999]
   USER 15 = user70:pwd70	[MsgId: MMSG-17999]
    2023-06-18 16:41:50.103 : Start page is opened	[MsgId: MMSG-17999]
    2023-06-18 16:41:56.042 : User is logged in with session 136661.685702714HAcQfDfptfiDDDDDtcVHHpcVcHf	[MsgId: MMSG-17999]
    2023-06-18 16:42:00.914 : User is logged out of session	[MsgId: MMSG-17999]
  2023-06-18 16:43:56.010 : IterationNum=16	[MsgId: MMSG-17999]
   USER 16 = user70:pwd70	[MsgId: MMSG-17999]
    2023-06-18 16:43:56.104 : Start page is opened	[MsgId: MMSG-17999]
    2023-06-18 16:44:02.451 : User is logged in with session 136661.695909275HAcQfDfpQiDDDDDDtcVHHpcVfQ	[MsgId: MMSG-17999]
    2023-06-18 16:44:08.484 : User is logged out of session	[MsgId: MMSG-17999]
  2023-06-18 16:46:02.013 : IterationNum=17	[MsgId: MMSG-17999]
   USER 17 = user70:pwd70	[MsgId: MMSG-17999]
    2023-06-18 16:46:02.107 : Start page is opened	[MsgId: MMSG-17999]
    2023-06-18 16:46:08.249 : User is logged in with session 136661.706115836HAcQfDzpfAiDDDDDtcVHHpcVQAf	[MsgId: MMSG-17999]
    2023-06-18 16:46:13.516 : User is logged out of session	[MsgId: MMSG-17999]
  2023-06-18 16:48:08.015 : IterationNum=18	[MsgId: MMSG-17999]
   USER 18 = user70:pwd70	[MsgId: MMSG-17999]
    2023-06-18 16:48:08.109 : Start page is opened	[MsgId: MMSG-17999]
    2023-06-18 16:48:13.080 : User is logged in with session 136661.716322398HAcQfDHpADDDDDDDtcVHHpcccc	[MsgId: MMSG-17999]
    2023-06-18 16:48:17.433 : User is logged out of session	[MsgId: MMSG-17999]
  2023-06-18 16:50:14.025 : IterationNum=19	[MsgId: MMSG-17999]
   USER 19 = user70:pwd70	[MsgId: MMSG-17999]
    2023-06-18 16:50:14.119 : Start page is opened	[MsgId: MMSG-17999]
    2023-06-18 16:50:20.418 : User is logged in with session 136661.726528959HAcQfDHpffiDDDDDtcVHHpccfDf	[MsgId: MMSG-17999]
    2023-06-18 16:50:24.326 : User is logged out of session	[MsgId: MMSG-17999]
  2023-06-18 16:52:20.028 : IterationNum=20	[MsgId: MMSG-17999]
   USER 20 = user70:pwd70	[MsgId: MMSG-17999]
    2023-06-18 16:52:20.122 : Start page is opened	[MsgId: MMSG-17999]
    2023-06-18 16:52:25.604 : User is logged in with session 136661.73673552HAcQfDipAiDDDDDDtcVHHpccif	[MsgId: MMSG-17999]
    2023-06-18 16:52:31.042 : User is logged out of session	[MsgId: MMSG-17999]
  2023-06-18 16:54:26.029 : IterationNum=21	[MsgId: MMSG-17999]
   USER 21 = user70:pwd70	[MsgId: MMSG-17999]
    2023-06-18 16:54:26.124 : Start page is opened	[MsgId: MMSG-17999]
    2023-06-18 16:54:32.204 : User is logged in with session 136661.746942082HAcQfDipzAiDDDDDtcVHHpcDVzf	[MsgId: MMSG-17999]
    2023-06-18 16:54:37.541 : User is logged out of session	[MsgId: MMSG-17999]
  2023-06-18 16:56:32.031 : IterationNum=22	[MsgId: MMSG-17999]
   USER 22 = user70:pwd70	[MsgId: MMSG-17999]
    2023-06-18 16:56:32.125 : Start page is opened	[MsgId: MMSG-17999]
    2023-06-18 16:56:36.217 : User is logged in with session 136661.757148643HAcQfDQpVDDDDDDDtcVHHpcDti	[MsgId: MMSG-17999]
    2023-06-18 16:56:41.625 : User is logged out of session	[MsgId: MMSG-17999]
  2023-06-18 16:58:38.036 : IterationNum=23	[MsgId: MMSG-17999]
   USER 23 = user70:pwd70	[MsgId: MMSG-17999]
    2023-06-18 16:58:38.130 : Start page is opened	[MsgId: MMSG-17999]
    2023-06-18 16:58:44.054 : User is logged in with session 136661.767355205HAcQfDQpzfiDDDDDtcVHHpcDHQf	[MsgId: MMSG-17999]
    2023-06-18 16:58:48.884 : User is logged out of session	[MsgId: MMSG-17999]
  2023-06-18 17:00:44.040 : IterationNum=24	[MsgId: MMSG-17999]
   USER 24 = user70:pwd70	[MsgId: MMSG-17999]
    2023-06-18 17:00:44.134 : Start page is opened	[MsgId: MMSG-17999]
    2023-06-18 17:00:50.479 : User is logged in with session 136661.777561766HAcQftApViDDDDDDtcVHHpctVV	[MsgId: MMSG-17999]
    2023-06-18 17:00:56.262 : User is logged out of session	[MsgId: MMSG-17999]
  2023-06-18 17:02:50.044 : IterationNum=25	[MsgId: MMSG-17999]
   USER 25 = user70:pwd70	[MsgId: MMSG-17999]
    2023-06-18 17:02:50.138 : Start page is opened	[MsgId: MMSG-17999]
    2023-06-18 17:02:54.970 : User is logged in with session 136661.787768327HAcQftApHAiDDDDDtcVHHpcttcf	[MsgId: MMSG-17999]
    2023-06-18 17:02:59.829 : User is logged out of session	[MsgId: MMSG-17999]
  2023-06-18 17:04:56.049 : IterationNum=26	[MsgId: MMSG-17999]
   USER 26 = user70:pwd70	[MsgId: MMSG-17999]
    2023-06-18 17:04:56.143 : Start page is opened	[MsgId: MMSG-17999]
    2023-06-18 17:05:00.066 : User is logged in with session 136661.797974889HAcQftVpcDDDDDDDtcVHHpctHt	[MsgId: MMSG-17999]
    2023-06-18 17:05:04.958 : User is logged out of session	[MsgId: MMSG-17999]
  2023-06-18 17:07:02.050 : IterationNum=27	[MsgId: MMSG-17999]
   USER 27 = user70:pwd70	[MsgId: MMSG-17999]
    2023-06-18 17:07:02.145 : Start page is opened	[MsgId: MMSG-17999]
    2023-06-18 17:07:07.613 : User is logged in with session 136661.80818145HAcQftVpHfiDDDDDtcVHHpcfAff	[MsgId: MMSG-17999]
    2023-06-18 17:07:12.068 : User is logged out of session	[MsgId: MMSG-17999]
  2023-06-18 17:09:08.054 : IterationNum=28	[MsgId: MMSG-17999]
   USER 28 = user70:pwd70	[MsgId: MMSG-17999]
    2023-06-18 17:09:08.148 : Start page is opened	[MsgId: MMSG-17999]
    2023-06-18 17:09:13.150 : User is logged in with session 136661.818388011HAcQftcpciDDDDDDtcVHHpcfDH	[MsgId: MMSG-17999]
    2023-06-18 17:09:18.777 : User is logged out of session	[MsgId: MMSG-17999]
  2023-06-18 17:11:14.056 : IterationNum=29	[MsgId: MMSG-17999]
   USER 29 = user70:pwd70	[MsgId: MMSG-17999]
    2023-06-18 17:11:14.150 : Start page is opened	[MsgId: MMSG-17999]
    2023-06-18 17:11:19.841 : User is logged in with session 136661.828594573HAcQftcpiAiDDDDDtcVHHpcfzif	[MsgId: MMSG-17999]
    2023-06-18 17:11:24.121 : User is logged out of session	[MsgId: MMSG-17999]
  2023-06-18 17:13:20.062 : IterationNum=30	[MsgId: MMSG-17999]
   USER 30 = user70:pwd70	[MsgId: MMSG-17999]
    2023-06-18 17:13:20.156 : Start page is opened	[MsgId: MMSG-17999]
    2023-06-18 17:13:24.625 : User is logged in with session 136661.838801134HAcQftDpDDDDDDDDtcVHHpcz	[MsgId: MMSG-17999]
    2023-06-18 17:13:30.204 : User is logged out of session	[MsgId: MMSG-17999]
  2023-06-18 17:15:26.072 : IterationNum=31	[MsgId: MMSG-17999]
   USER 31 = user70:pwd70	[MsgId: MMSG-17999]
    2023-06-18 17:15:26.166 : Start page is opened	[MsgId: MMSG-17999]
    2023-06-18 17:15:31.559 : User is logged in with session 136661.849007695HAcQftDpifiDDDDDtcVHHpczDVf	[MsgId: MMSG-17999]
    2023-06-18 17:15:35.505 : User is logged out of session	[MsgId: MMSG-17999]
  2023-06-18 17:17:32.081 : IterationNum=32	[MsgId: MMSG-17999]
   USER 32 = user70:pwd70	[MsgId: MMSG-17999]
    2023-06-18 17:17:32.175 : Start page is opened	[MsgId: MMSG-17999]
    2023-06-18 17:17:37.922 : User is logged in with session 136661.859214257HAcQfttpDiDDDDDDtcVHHpczzD	[MsgId: MMSG-17999]
    2023-06-18 17:17:42.588 : User is logged out of session	[MsgId: MMSG-17999]
