  2023-06-18 16:16:10.944 : IterationNum=1	[MsgId: MMSG-17999]
   USER 1 = user58:pwd58	[MsgId: MMSG-17999]
    2023-06-18 16:16:11.029 : Start page is opened	[MsgId: MMSG-17999]
    2023-06-18 16:16:16.983 : User is logged in with session 136661.560955853HAcQfcQpAtVzzzzHtcVHHpVHtcf	[MsgId: MMSG-17999]
    2023-06-18 16:16:23.188 : Search page opened	[MsgId: MMSG-17999]
    2023-06-18 16:16:38.632 : Flights found : 610;808;06/21/2023 and 162;764;06/18/2023	[MsgId: MMSG-17999]
    2023-06-18 16:16:38.632 : Sity depart : San Francisco, Sity arrive : Frankfurt	[MsgId: MMSG-17999]
    2023-06-18 16:16:46.300 : Found Seat Type : First, Seat Pref : Aisle	[MsgId: MMSG-17999]
    2023-06-18 16:16:51.637 : User is logged out of session	[MsgId: MMSG-17999]
  2023-06-18 16:18:50.950 : IterationNum=2	[MsgId: MMSG-17999]
   USER 2 = user59:pwd59	[MsgId: MMSG-17999]
    2023-06-18 16:18:51.044 : Start page is opened	[MsgId: MMSG-17999]
    2023-06-18 16:18:57.342 : User is logged in with session 136661.573916565HAcQfcQpHAiDDDDDtcVHHpVHicf	[MsgId: MMSG-17999]
    2023-06-18 16:19:02.877 : Search page opened	[MsgId: MMSG-17999]
    2023-06-18 16:19:16.448 : Flights found : 783;656;06/21/2023 and 873;656;06/18/2023	[MsgId: MMSG-17999]
    2023-06-18 16:19:16.448 : Sity depart : Seattle, Sity arrive : Sydney	[MsgId: MMSG-17999]
    2023-06-18 16:19:24.703 : Found Seat Type : Coach, Seat Pref : None	[MsgId: MMSG-17999]
    2023-06-18 16:19:29.055 : User is logged out of session	[MsgId: MMSG-17999]
  2023-06-18 16:21:30.964 : IterationNum=3	[MsgId: MMSG-17999]
   USER 3 = user60:pwd60	[MsgId: MMSG-17999]
    2023-06-18 16:21:31.058 : Start page is opened	[MsgId: MMSG-17999]
    2023-06-18 16:21:36.119 : User is logged in with session 136661.586877278HAcQfDApDHftcVHHpViccf	[MsgId: MMSG-17999]
    2023-06-18 16:21:40.885 : Search page opened	[MsgId: MMSG-17999]
    2023-06-18 16:21:53.973 : Flights found : 673;71;06/21/2023 and 761;77;06/18/2023	[MsgId: MMSG-17999]
    2023-06-18 16:21:53.973 : Sity depart : San Francisco, Sity arrive : Seattle	[MsgId: MMSG-17999]
    2023-06-18 16:22:04.007 : Found Seat Type : Coach, Seat Pref : Window	[MsgId: MMSG-17999]
    2023-06-18 16:22:08.864 : User is logged out of session	[MsgId: MMSG-17999]
  2023-06-18 16:24:10.977 : IterationNum=4	[MsgId: MMSG-17999]
   USER 4 = user60:pwd60	[MsgId: MMSG-17999]
    2023-06-18 16:24:11.071 : Start page is opened	[MsgId: MMSG-17999]
    2023-06-18 16:24:15.449 : User is logged in with session 136661.599918996HAcQfDVpAtfiDDDDtcVHHpVizcHf	[MsgId: MMSG-17999]
    2023-06-18 16:24:21.076 : Search page opened	[MsgId: MMSG-17999]
    2023-06-18 16:24:39.253 : Flights found : 092;746;06/21/2023 and 900;789;06/18/2023	[MsgId: MMSG-17999]
    2023-06-18 16:24:39.253 : Sity depart : Denver, Sity arrive : Zurich	[MsgId: MMSG-17999]
    2023-06-18 16:24:48.491 : Found Seat Type : First, Seat Pref : Window	[MsgId: MMSG-17999]
    2023-06-18 16:24:53.690 : User is logged out of session	[MsgId: MMSG-17999]
  2023-06-18 16:26:50.979 : IterationNum=5	[MsgId: MMSG-17999]
   USER 5 = user60:pwd60	[MsgId: MMSG-17999]
    2023-06-18 16:26:51.073 : Start page is opened	[MsgId: MMSG-17999]
    2023-06-18 16:26:56.309 : User is logged in with session 136661.612798704HAcQfDVpHAiDDDDDtcVHHpVQAcf	[MsgId: MMSG-17999]
    2023-06-18 16:27:01.906 : Search page opened	[MsgId: MMSG-17999]
    2023-06-18 16:27:19.571 : Flights found : 591;411;06/21/2023 and 951;411;06/18/2023	[MsgId: MMSG-17999]
    2023-06-18 16:27:19.571 : Sity depart : Portland, Sity arrive : Zurich	[MsgId: MMSG-17999]
    2023-06-18 16:27:29.845 : Found Seat Type : Coach, Seat Pref : Aisle	[MsgId: MMSG-17999]
    2023-06-18 16:27:34.055 : User is logged out of session	[MsgId: MMSG-17999]
  2023-06-18 16:29:30.979 : IterationNum=6	[MsgId: MMSG-17999]
   USER 6 = user60:pwd60	[MsgId: MMSG-17999]
    2023-06-18 16:29:31.073 : Start page is opened	[MsgId: MMSG-17999]
    2023-06-18 16:29:36.319 : User is logged in with session 136661.625759417HAcQfDcpDHftcVHHpVQtcf	[MsgId: MMSG-17999]
    2023-06-18 16:29:41.009 : Search page opened	[MsgId: MMSG-17999]
    2023-06-18 16:29:54.161 : Flights found : 452;1101;06/21/2023 and 543;953;06/18/2023	[MsgId: MMSG-17999]
    2023-06-18 16:29:54.161 : Sity depart : Paris, Sity arrive : Portland	[MsgId: MMSG-17999]
    2023-06-18 16:30:01.741 : Found Seat Type : First, Seat Pref : None	[MsgId: MMSG-17999]
    2023-06-18 16:30:06.561 : User is logged out of session	[MsgId: MMSG-17999]
  2023-06-18 16:32:10.991 : IterationNum=7	[MsgId: MMSG-17999]
   USER 7 = user60:pwd60	[MsgId: MMSG-17999]
    2023-06-18 16:32:11.085 : Start page is opened	[MsgId: MMSG-17999]
    2023-06-18 16:32:15.491 : User is logged in with session 136661.638801134HAcQfDDpAtfiDDDDtcVHHpVQicHf	[MsgId: MMSG-17999]
    2023-06-18 16:32:19.601 : Search page opened	[MsgId: MMSG-17999]
    2023-06-18 16:32:31.643 : Flights found : 783;1230;06/21/2023 and 871;1339;06/18/2023	[MsgId: MMSG-17999]
    2023-06-18 16:32:31.643 : Sity depart : Seattle, Sity arrive : Sydney	[MsgId: MMSG-17999]
    2023-06-18 16:32:39.664 : Found Seat Type : First, Seat Pref : None	[MsgId: MMSG-17999]
    2023-06-18 16:32:45.235 : User is logged out of session	[MsgId: MMSG-17999]
  2023-06-18 16:34:51.003 : IterationNum=8	[MsgId: MMSG-17999]
   USER 8 = user60:pwd60	[MsgId: MMSG-17999]
    2023-06-18 16:34:51.097 : Start page is opened	[MsgId: MMSG-17999]
    2023-06-18 16:34:55.848 : User is logged in with session 136661.651761847HAcQfDDpHVcftcVHHpcAccHf	[MsgId: MMSG-17999]
    2023-06-18 16:35:00.053 : Search page opened	[MsgId: MMSG-17999]
           ERROR : Sity depart : San Francisco Sity arrive : San Francisco	[MsgId: MMSG-17999]
           ERROR FIXED : Sity depart : San Francisco Sity arrive : Portland	[MsgId: MMSG-17999]
    2023-06-18 16:35:12.713 : Flights found : 651;126;06/21/2023 and 560;142;06/18/2023	[MsgId: MMSG-17999]
    2023-06-18 16:35:12.713 : Sity depart : San Francisco, Sity arrive : Portland	[MsgId: MMSG-17999]
    2023-06-18 16:35:21.592 : Found Seat Type : First, Seat Pref : None	[MsgId: MMSG-17999]
    2023-06-18 16:35:26.022 : User is logged out of session	[MsgId: MMSG-17999]
  2023-06-18 16:37:31.015 : IterationNum=9	[MsgId: MMSG-17999]
   USER 9 = user60:pwd60	[MsgId: MMSG-17999]
    2023-06-18 16:37:31.109 : Start page is opened	[MsgId: MMSG-17999]
    2023-06-18 16:37:37.332 : User is logged in with session 136661.66472256HAcQfDtpDHQVzzzHtcVHHpcAzcHf	[MsgId: MMSG-17999]
    2023-06-18 16:37:42.191 : Search page opened	[MsgId: MMSG-17999]
    2023-06-18 16:38:00.860 : Flights found : 033;298;06/21/2023 and 302;345;06/18/2023	[MsgId: MMSG-17999]
    2023-06-18 16:38:00.860 : Sity depart : Denver, Sity arrive : Los Angeles	[MsgId: MMSG-17999]
    2023-06-18 16:38:10.114 : Found Seat Type : Business, Seat Pref : None	[MsgId: MMSG-17999]
    2023-06-18 16:38:14.044 : User is logged out of session	[MsgId: MMSG-17999]
  2023-06-18 16:40:11.020 : IterationNum=10	[MsgId: MMSG-17999]
   USER 10 = user60:pwd60	[MsgId: MMSG-17999]
    2023-06-18 16:40:11.114 : Start page is opened	[MsgId: MMSG-17999]
    2023-06-18 16:40:15.645 : User is logged in with session 136661.677683273HAcQfDfpAtfiDDDDtcVHHpcVAcHf	[MsgId: MMSG-17999]
    2023-06-18 16:40:21.899 : Search page opened	[MsgId: MMSG-17999]
    2023-06-18 16:40:35.516 : Flights found : 962;666;06/21/2023 and 693;577;06/18/2023	[MsgId: MMSG-17999]
    2023-06-18 16:40:35.516 : Sity depart : Zurich, Sity arrive : San Francisco	[MsgId: MMSG-17999]
    2023-06-18 16:40:47.060 : Found Seat Type : First, Seat Pref : Window	[MsgId: MMSG-17999]
    2023-06-18 16:40:53.163 : User is logged out of session	[MsgId: MMSG-17999]
  2023-06-18 16:42:51.031 : IterationNum=11	[MsgId: MMSG-17999]
   USER 11 = user60:pwd60	[MsgId: MMSG-17999]
    2023-06-18 16:42:51.125 : Start page is opened	[MsgId: MMSG-17999]
    2023-06-18 16:42:57.032 : User is logged in with session 136661.690643985HAcQfDfpHVcftcVHHpcVtcHf	[MsgId: MMSG-17999]
    2023-06-18 16:43:02.518 : Search page opened	[MsgId: MMSG-17999]
    2023-06-18 16:43:18.108 : Flights found : 083;648;06/21/2023 and 801;705;06/18/2023	[MsgId: MMSG-17999]
    2023-06-18 16:43:18.108 : Sity depart : Denver, Sity arrive : Sydney	[MsgId: MMSG-17999]
    2023-06-18 16:43:30.018 : Found Seat Type : Coach, Seat Pref : Aisle	[MsgId: MMSG-17999]
    2023-06-18 16:43:34.192 : User is logged out of session	[MsgId: MMSG-17999]
  2023-06-18 16:45:31.042 : IterationNum=12	[MsgId: MMSG-17999]
   USER 12 = user60:pwd60	[MsgId: MMSG-17999]
    2023-06-18 16:45:31.136 : Start page is opened	[MsgId: MMSG-17999]
    2023-06-18 16:45:35.407 : User is logged in with session 136661.703604698HAcQfDzpDHQVzzzHtcVHHpcVicHf	[MsgId: MMSG-17999]
    2023-06-18 16:45:41.781 : Search page opened	[MsgId: MMSG-17999]
    2023-06-18 16:45:55.649 : Flights found : 430;822;06/21/2023 and 341;733;06/18/2023	[MsgId: MMSG-17999]
    2023-06-18 16:45:55.649 : Sity depart : Paris, Sity arrive : Los Angeles	[MsgId: MMSG-17999]
    2023-06-18 16:46:06.178 : Found Seat Type : First, Seat Pref : Window	[MsgId: MMSG-17999]
    2023-06-18 16:46:11.659 : User is logged out of session	[MsgId: MMSG-17999]
  2023-06-18 16:48:11.047 : IterationNum=13	[MsgId: MMSG-17999]
   USER 13 = user60:pwd60	[MsgId: MMSG-17999]
    2023-06-18 16:48:11.141 : Start page is opened	[MsgId: MMSG-17999]
    2023-06-18 16:48:15.495 : User is logged in with session 136661.716565411HAcQfDHpAtfiDDDDtcVHHpccccHf	[MsgId: MMSG-17999]
    2023-06-18 16:48:21.855 : Search page opened	[MsgId: MMSG-17999]
    2023-06-18 16:48:36.399 : Flights found : 591;771;06/21/2023 and 952;819;06/18/2023	[MsgId: MMSG-17999]
    2023-06-18 16:48:36.399 : Sity depart : Portland, Sity arrive : Zurich	[MsgId: MMSG-17999]
    2023-06-18 16:48:44.818 : Found Seat Type : First, Seat Pref : Aisle	[MsgId: MMSG-17999]
    2023-06-18 16:48:49.656 : User is logged out of session	[MsgId: MMSG-17999]
  2023-06-18 16:50:51.047 : IterationNum=14	[MsgId: MMSG-17999]
   USER 14 = user60:pwd60	[MsgId: MMSG-17999]
    2023-06-18 16:50:51.141 : Start page is opened	[MsgId: MMSG-17999]
    2023-06-18 16:50:55.301 : User is logged in with session 136661.729526124HAcQfDHpHVcftcVHHpcczcHf	[MsgId: MMSG-17999]
    2023-06-18 16:50:59.300 : Search page opened	[MsgId: MMSG-17999]
    2023-06-18 16:51:16.358 : Flights found : 653;116;06/21/2023 and 560;142;06/18/2023	[MsgId: MMSG-17999]
    2023-06-18 16:51:16.358 : Sity depart : San Francisco, Sity arrive : Portland	[MsgId: MMSG-17999]
    2023-06-18 16:51:24.176 : Found Seat Type : First, Seat Pref : None	[MsgId: MMSG-17999]
    2023-06-18 16:51:29.435 : User is logged out of session	[MsgId: MMSG-17999]
  2023-06-18 16:53:31.051 : IterationNum=15	[MsgId: MMSG-17999]
   USER 15 = user60:pwd60	[MsgId: MMSG-17999]
    2023-06-18 16:53:31.145 : Start page is opened	[MsgId: MMSG-17999]
    2023-06-18 16:53:35.410 : User is logged in with session 136661.742486837HAcQfDipDHQVzzzHtcVHHpcDAcHf	[MsgId: MMSG-17999]
    2023-06-18 16:53:40.411 : Search page opened	[MsgId: MMSG-17999]
    2023-06-18 16:53:53.407 : Flights found : 911;330;06/21/2023 and 190;371;06/18/2023	[MsgId: MMSG-17999]
    2023-06-18 16:53:53.407 : Sity depart : Zurich, Sity arrive : Frankfurt	[MsgId: MMSG-17999]
    2023-06-18 16:54:01.800 : Found Seat Type : First, Seat Pref : None	[MsgId: MMSG-17999]
    2023-06-18 16:54:05.902 : User is logged out of session	[MsgId: MMSG-17999]
  2023-06-18 16:56:11.054 : IterationNum=16	[MsgId: MMSG-17999]
   USER 16 = user60:pwd60	[MsgId: MMSG-17999]
    2023-06-18 16:56:11.149 : Start page is opened	[MsgId: MMSG-17999]
    2023-06-18 16:56:16.558 : User is logged in with session 136661.75544755HAcQfDQpAtfiDDDDtcVHHpcDtcHf	[MsgId: MMSG-17999]
    2023-06-18 16:56:21.795 : Search page opened	[MsgId: MMSG-17999]
           ERROR : Sity depart : San Francisco Sity arrive : San Francisco	[MsgId: MMSG-17999]
           ERROR FIXED : Sity depart : San Francisco Sity arrive : Seattle	[MsgId: MMSG-17999]
    2023-06-18 16:56:37.945 : Flights found : 671;77;06/21/2023 and 760;86;06/18/2023	[MsgId: MMSG-17999]
    2023-06-18 16:56:37.945 : Sity depart : San Francisco, Sity arrive : Seattle	[MsgId: MMSG-17999]
    2023-06-18 16:56:46.885 : Found Seat Type : Coach, Seat Pref : None	[MsgId: MMSG-17999]
    2023-06-18 16:56:51.627 : User is logged out of session	[MsgId: MMSG-17999]
  2023-06-18 16:58:51.056 : IterationNum=17	[MsgId: MMSG-17999]
   USER 17 = user60:pwd60	[MsgId: MMSG-17999]
    2023-06-18 16:58:51.150 : Start page is opened	[MsgId: MMSG-17999]
    2023-06-18 16:58:55.652 : User is logged in with session 136661.768408262HAcQfDQpHVcftcVHHpcDicHf	[MsgId: MMSG-17999]
    2023-06-18 16:58:59.794 : Search page opened	[MsgId: MMSG-17999]
    2023-06-18 16:59:13.696 : Flights found : 010;559;06/21/2023 and 103;458;06/18/2023	[MsgId: MMSG-17999]
    2023-06-18 16:59:13.696 : Sity depart : Denver, Sity arrive : Frankfurt	[MsgId: MMSG-17999]
    2023-06-18 16:59:24.060 : Found Seat Type : Business, Seat Pref : None	[MsgId: MMSG-17999]
    2023-06-18 16:59:29.457 : User is logged out of session	[MsgId: MMSG-17999]
  2023-06-18 17:01:31.066 : IterationNum=18	[MsgId: MMSG-17999]
   USER 18 = user60:pwd60	[MsgId: MMSG-17999]
    2023-06-18 17:01:31.160 : Start page is opened	[MsgId: MMSG-17999]
    2023-06-18 17:01:36.298 : User is logged in with session 136661.781368975HAcQftApDHQVzzzHtcVHHpctccHf	[MsgId: MMSG-17999]
    2023-06-18 17:01:40.984 : Search page opened	[MsgId: MMSG-17999]
    2023-06-18 17:01:59.142 : Flights found : 043;287;06/21/2023 and 402;331;06/18/2023	[MsgId: MMSG-17999]
    2023-06-18 17:01:59.142 : Sity depart : Denver, Sity arrive : Paris	[MsgId: MMSG-17999]
    2023-06-18 17:02:10.392 : Found Seat Type : Coach, Seat Pref : Aisle	[MsgId: MMSG-17999]
    2023-06-18 17:02:16.422 : User is logged out of session	[MsgId: MMSG-17999]
  2023-06-18 17:04:11.081 : IterationNum=19	[MsgId: MMSG-17999]
   USER 19 = user60:pwd60	[MsgId: MMSG-17999]
    2023-06-18 17:04:11.175 : Start page is opened	[MsgId: MMSG-17999]
    2023-06-18 17:04:15.598 : User is logged in with session 136661.794329688HAcQftVpAtfiDDDDtcVHHpctzcHf	[MsgId: MMSG-17999]
    2023-06-18 17:04:20.092 : Search page opened	[MsgId: MMSG-17999]
    2023-06-18 17:04:34.110 : Flights found : 293;286;06/21/2023 and 920;350;06/18/2023	[MsgId: MMSG-17999]
    2023-06-18 17:04:34.111 : Sity depart : London, Sity arrive : Zurich	[MsgId: MMSG-17999]
    2023-06-18 17:04:44.301 : Found Seat Type : First, Seat Pref : Aisle	[MsgId: MMSG-17999]
    2023-06-18 17:04:49.454 : User is logged out of session	[MsgId: MMSG-17999]
  2023-06-18 17:06:51.094 : IterationNum=20	[MsgId: MMSG-17999]
   USER 20 = user60:pwd60	[MsgId: MMSG-17999]
    2023-06-18 17:06:51.188 : Start page is opened	[MsgId: MMSG-17999]
    2023-06-18 17:06:56.611 : User is logged in with session 136661.807290401HAcQftVpHVcftcVHHpcfAcHf	[MsgId: MMSG-17999]
    2023-06-18 17:07:02.223 : Search page opened	[MsgId: MMSG-17999]
    2023-06-18 17:07:19.577 : Flights found : 160;625;06/21/2023 and 612;591;06/18/2023	[MsgId: MMSG-17999]
    2023-06-18 17:07:19.577 : Sity depart : Frankfurt, Sity arrive : San Francisco	[MsgId: MMSG-17999]
    2023-06-18 17:07:31.424 : Found Seat Type : Business, Seat Pref : Aisle	[MsgId: MMSG-17999]
    2023-06-18 17:07:35.549 : User is logged out of session	[MsgId: MMSG-17999]
  2023-06-18 17:09:31.107 : IterationNum=21	[MsgId: MMSG-17999]
   USER 21 = user60:pwd60	[MsgId: MMSG-17999]
    2023-06-18 17:09:31.202 : Start page is opened	[MsgId: MMSG-17999]
    2023-06-18 17:09:36.648 : User is logged in with session 136661.820251114HAcQftcpDHQVzzzHtcVHHpcftcHf	[MsgId: MMSG-17999]
    2023-06-18 17:09:41.526 : Search page opened	[MsgId: MMSG-17999]
    2023-06-18 17:09:59.660 : Flights found : 621;757;06/21/2023 and 261;757;06/18/2023	[MsgId: MMSG-17999]
    2023-06-18 17:09:59.661 : Sity depart : San Francisco, Sity arrive : London	[MsgId: MMSG-17999]
    2023-06-18 17:10:09.101 : Found Seat Type : Business, Seat Pref : Aisle	[MsgId: MMSG-17999]
    2023-06-18 17:10:13.811 : User is logged out of session	[MsgId: MMSG-17999]
  2023-06-18 17:12:11.121 : IterationNum=22	[MsgId: MMSG-17999]
   USER 22 = user60:pwd60	[MsgId: MMSG-17999]
    2023-06-18 17:12:11.215 : Start page is opened	[MsgId: MMSG-17999]
    2023-06-18 17:12:17.279 : User is logged in with session 136661.833211827HAcQftDpAtfiDDDDtcVHHpcficHf	[MsgId: MMSG-17999]
    2023-06-18 17:12:22.030 : Search page opened	[MsgId: MMSG-17999]
    2023-06-18 17:12:33.693 : Flights found : 920;350;06/21/2023 and 291;312;06/18/2023	[MsgId: MMSG-17999]
    2023-06-18 17:12:33.693 : Sity depart : Zurich, Sity arrive : London	[MsgId: MMSG-17999]
    2023-06-18 17:12:42.619 : Found Seat Type : First, Seat Pref : Aisle	[MsgId: MMSG-17999]
    2023-06-18 17:12:47.349 : User is logged out of session	[MsgId: MMSG-17999]
  2023-06-18 17:14:51.131 : IterationNum=23	[MsgId: MMSG-17999]
   USER 23 = user60:pwd60	[MsgId: MMSG-17999]
    2023-06-18 17:14:51.225 : Start page is opened	[MsgId: MMSG-17999]
    2023-06-18 17:14:56.304 : User is logged in with session 136661.846172539HAcQftDpHVcftcVHHpczccHf	[MsgId: MMSG-17999]
    2023-06-18 17:15:01.854 : Search page opened	[MsgId: MMSG-17999]
    2023-06-18 17:15:18.313 : Flights found : 403;538;06/21/2023 and 041;586;06/18/2023	[MsgId: MMSG-17999]
    2023-06-18 17:15:18.314 : Sity depart : Paris, Sity arrive : Denver	[MsgId: MMSG-17999]
    2023-06-18 17:15:29.331 : Found Seat Type : First, Seat Pref : None	[MsgId: MMSG-17999]
    2023-06-18 17:15:33.693 : User is logged out of session	[MsgId: MMSG-17999]
  2023-06-18 17:17:31.142 : IterationNum=24	[MsgId: MMSG-17999]
   USER 24 = user60:pwd60	[MsgId: MMSG-17999]
    2023-06-18 17:17:31.237 : Start page is opened	[MsgId: MMSG-17999]
    2023-06-18 17:17:37.590 : User is logged in with session 136661.859133252HAcQfttpDHQVzzzHtcVHHpczzcHf	[MsgId: MMSG-17999]
    2023-06-18 17:17:43.713 : Search page opened	[MsgId: MMSG-17999]
           ERROR : Sity depart : London Sity arrive : London	[MsgId: MMSG-17999]
           ERROR FIXED : Sity depart : London Sity arrive : London	[MsgId: MMSG-17999]
           ERROR FIXED : Sity depart : London Sity arrive : San Francisco	[MsgId: MMSG-17999]
    2023-06-18 17:18:01.568 : Flights found : 261;522;06/21/2023 and 622;554;06/18/2023	[MsgId: MMSG-17999]
    2023-06-18 17:18:01.568 : Sity depart : London, Sity arrive : San Francisco	[MsgId: MMSG-17999]
    2023-06-18 17:18:10.542 : Found Seat Type : Coach, Seat Pref : Aisle	[MsgId: MMSG-17999]
    2023-06-18 17:18:14.567 : User is logged out of session	[MsgId: MMSG-17999]
