  2023-06-18 16:13:16.008 : IterationNum=1	[MsgId: MMSG-17999]
   USER 1 = user75:pwd75	[MsgId: MMSG-17999]
    2023-06-18 16:13:16.106 : Start page is opened	[MsgId: MMSG-17999]
    2023-06-18 16:13:22.041 : User is logged in with session 136661.546861077HAcQfcipDVzzzzzHtcVHHpVzQQ	[MsgId: MMSG-17999]
    2023-06-18 16:13:27.936 : User is logged out of session	[MsgId: MMSG-17999]
  2023-06-18 16:15:22.022 : IterationNum=2	[MsgId: MMSG-17999]
   USER 2 = user75:pwd75	[MsgId: MMSG-17999]
    2023-06-18 16:15:22.116 : Start page is opened	[MsgId: MMSG-17999]
    2023-06-18 16:15:27.624 : User is logged in with session 136661.557067639HAcQfcipitVzzzzHtcVHHpVHDAf	[MsgId: MMSG-17999]
    2023-06-18 16:15:32.125 : User is logged out of session	[MsgId: MMSG-17999]
  2023-06-18 16:17:28.029 : IterationNum=3	[MsgId: MMSG-17999]
   USER 3 = user75:pwd75	[MsgId: MMSG-17999]
    2023-06-18 16:17:28.124 : Start page is opened	[MsgId: MMSG-17999]
    2023-06-18 16:17:32.330 : User is logged in with session 136661.5672742HAcQfcQpDzzzzzzHtcVHHpVHzc	[MsgId: MMSG-17999]
    2023-06-18 16:17:37.706 : User is logged out of session	[MsgId: MMSG-17999]
  2023-06-18 16:19:34.038 : IterationNum=4	[MsgId: MMSG-17999]
   USER 4 = user75:pwd75	[MsgId: MMSG-17999]
    2023-06-18 16:19:34.132 : Start page is opened	[MsgId: MMSG-17999]
    2023-06-18 16:19:38.477 : User is logged in with session 136661.577480761HAcQfcQpiQVzzzzHtcVHHpVHQDf	[MsgId: MMSG-17999]
    2023-06-18 16:19:44.587 : User is logged out of session	[MsgId: MMSG-17999]
  2023-06-18 16:21:40.041 : IterationNum=5	[MsgId: MMSG-17999]
   USER 5 = user75:pwd75	[MsgId: MMSG-17999]
    2023-06-18 16:21:40.135 : Start page is opened	[MsgId: MMSG-17999]
    2023-06-18 16:21:44.247 : User is logged in with session 136661.587687323HAcQfDAptVzzzzzHtcVHHpVicf	[MsgId: MMSG-17999]
    2023-06-18 16:21:49.792 : User is logged out of session	[MsgId: MMSG-17999]
  2023-06-18 16:23:46.054 : IterationNum=6	[MsgId: MMSG-17999]
   USER 6 = user75:pwd75	[MsgId: MMSG-17999]
    2023-06-18 16:23:46.149 : Start page is opened	[MsgId: MMSG-17999]
    2023-06-18 16:23:50.962 : User is logged in with session 136661.597893884HAcQfDApQtVzzzzHtcVHHpVifzf	[MsgId: MMSG-17999]
    2023-06-18 16:23:56.684 : User is logged out of session	[MsgId: MMSG-17999]
  2023-06-18 16:25:52.062 : IterationNum=7	[MsgId: MMSG-17999]
   USER 7 = user75:pwd75	[MsgId: MMSG-17999]
    2023-06-18 16:25:52.156 : Start page is opened	[MsgId: MMSG-17999]
    2023-06-18 16:25:56.689 : User is logged in with session 136661.608100446HAcQfDVptzzzzzzHtcVHHpViii	[MsgId: MMSG-17999]
    2023-06-18 16:26:01.502 : User is logged out of session	[MsgId: MMSG-17999]
  2023-06-18 16:27:58.063 : IterationNum=8	[MsgId: MMSG-17999]
   USER 8 = user75:pwd75	[MsgId: MMSG-17999]
    2023-06-18 16:27:58.157 : Start page is opened	[MsgId: MMSG-17999]
    2023-06-18 16:28:03.330 : User is logged in with session 136661.618307007HAcQfDVpQQVzzzzHtcVHHpVQVQf	[MsgId: MMSG-17999]
    2023-06-18 16:28:09.645 : User is logged out of session	[MsgId: MMSG-17999]
  2023-06-18 16:30:04.076 : IterationNum=9	[MsgId: MMSG-17999]
   USER 9 = user75:pwd75	[MsgId: MMSG-17999]
    2023-06-18 16:30:04.170 : Start page is opened	[MsgId: MMSG-17999]
    2023-06-18 16:30:09.255 : User is logged in with session 136661.628513568HAcQfDcpfVzzzzzHtcVHHpVQfV	[MsgId: MMSG-17999]
    2023-06-18 16:30:14.969 : User is logged out of session	[MsgId: MMSG-17999]
  2023-06-18 16:32:10.084 : IterationNum=10	[MsgId: MMSG-17999]
   USER 10 = user75:pwd75	[MsgId: MMSG-17999]
    2023-06-18 16:32:10.178 : Start page is opened	[MsgId: MMSG-17999]
    2023-06-18 16:32:16.414 : User is logged in with session 136661.63872013HAcQfDDpAtVzzzzHtcVHHpVQicf	[MsgId: MMSG-17999]
    2023-06-18 16:32:21.087 : User is logged out of session	[MsgId: MMSG-17999]
  2023-06-18 16:34:16.094 : IterationNum=11	[MsgId: MMSG-17999]
   USER 11 = user75:pwd75	[MsgId: MMSG-17999]
    2023-06-18 16:34:16.187 : Start page is opened	[MsgId: MMSG-17999]
    2023-06-18 16:34:21.281 : User is logged in with session 136661.648926691HAcQfDDpfzzzzzzHtcVHHpcAVt	[MsgId: MMSG-17999]
    2023-06-18 16:34:26.676 : User is logged out of session	[MsgId: MMSG-17999]
  2023-06-18 16:36:22.100 : IterationNum=12	[MsgId: MMSG-17999]
   USER 12 = user75:pwd75	[MsgId: MMSG-17999]
    2023-06-18 16:36:22.194 : Start page is opened	[MsgId: MMSG-17999]
    2023-06-18 16:36:26.485 : User is logged in with session 136661.659133252HAcQfDtpAQVzzzzHtcVHHpcAtff	[MsgId: MMSG-17999]
    2023-06-18 16:36:32.168 : User is logged out of session	[MsgId: MMSG-17999]
  2023-06-18 16:38:28.112 : IterationNum=13	[MsgId: MMSG-17999]
   USER 13 = user75:pwd75	[MsgId: MMSG-17999]
    2023-06-18 16:38:28.206 : Start page is opened	[MsgId: MMSG-17999]
    2023-06-18 16:38:33.437 : User is logged in with session 136661.669339814HAcQfDtpzVzzzzzHtcVHHpcAHH	[MsgId: MMSG-17999]
    2023-06-18 16:38:38.720 : User is logged out of session	[MsgId: MMSG-17999]
  2023-06-18 16:40:34.118 : IterationNum=14	[MsgId: MMSG-17999]
   USER 14 = user75:pwd75	[MsgId: MMSG-17999]
    2023-06-18 16:40:34.212 : Start page is opened	[MsgId: MMSG-17999]
    2023-06-18 16:40:38.098 : User is logged in with session 136661.679546375HAcQfDfpVtVzzzzHtcVHHpcVAif	[MsgId: MMSG-17999]
    2023-06-18 16:40:44.427 : User is logged out of session	[MsgId: MMSG-17999]
  2023-06-18 16:42:40.121 : IterationNum=15	[MsgId: MMSG-17999]
   USER 15 = user75:pwd75	[MsgId: MMSG-17999]
    2023-06-18 16:42:40.216 : Start page is opened	[MsgId: MMSG-17999]
    2023-06-18 16:42:44.263 : User is logged in with session 136661.689752936HAcQfDfpzzzzzzzHtcVHHpcVt	[MsgId: MMSG-17999]
    2023-06-18 16:42:50.625 : User is logged out of session	[MsgId: MMSG-17999]
  2023-06-18 16:44:46.127 : IterationNum=16	[MsgId: MMSG-17999]
   USER 16 = user75:pwd75	[MsgId: MMSG-17999]
    2023-06-18 16:44:46.221 : Start page is opened	[MsgId: MMSG-17999]
    2023-06-18 16:44:50.988 : User is logged in with session 136661.699959498HAcQfDzpVQVzzzzHtcVHHpcVHVf	[MsgId: MMSG-17999]
    2023-06-18 16:44:56.446 : User is logged out of session	[MsgId: MMSG-17999]
  2023-06-18 16:46:52.134 : IterationNum=17	[MsgId: MMSG-17999]
   USER 17 = user75:pwd75	[MsgId: MMSG-17999]
    2023-06-18 16:46:52.229 : Start page is opened	[MsgId: MMSG-17999]
    2023-06-18 16:46:56.544 : User is logged in with session 136661.710166059HAcQfDzpHVzzzzzHtcVHHpccAD	[MsgId: MMSG-17999]
    2023-06-18 16:47:00.730 : User is logged out of session	[MsgId: MMSG-17999]
  2023-06-18 16:48:58.150 : IterationNum=18	[MsgId: MMSG-17999]
   USER 18 = user75:pwd75	[MsgId: MMSG-17999]
    2023-06-18 16:48:58.244 : Start page is opened	[MsgId: MMSG-17999]
    2023-06-18 16:49:02.261 : User is logged in with session 136661.720372621HAcQfDHpctVzzzzHtcVHHpccDtf	[MsgId: MMSG-17999]
    2023-06-18 16:49:07.449 : User is logged out of session	[MsgId: MMSG-17999]
  2023-06-18 16:51:04.159 : IterationNum=19	[MsgId: MMSG-17999]
   USER 19 = user75:pwd75	[MsgId: MMSG-17999]
    2023-06-18 16:51:04.253 : Start page is opened	[MsgId: MMSG-17999]
    2023-06-18 16:51:08.786 : User is logged in with session 136661.730579182HAcQfDHpHzzzzzzHtcVHHpcczz	[MsgId: MMSG-17999]
    2023-06-18 16:51:14.024 : User is logged out of session	[MsgId: MMSG-17999]
  2023-06-18 16:53:10.171 : IterationNum=20	[MsgId: MMSG-17999]
   USER 20 = user75:pwd75	[MsgId: MMSG-17999]
    2023-06-18 16:53:10.265 : Start page is opened	[MsgId: MMSG-17999]
    2023-06-18 16:53:14.453 : User is logged in with session 136661.740785743HAcQfDipcQVzzzzHtcVHHpccQHf	[MsgId: MMSG-17999]
    2023-06-18 16:53:18.970 : User is logged out of session	[MsgId: MMSG-17999]
  2023-06-18 16:55:16.182 : IterationNum=21	[MsgId: MMSG-17999]
   USER 21 = user75:pwd75	[MsgId: MMSG-17999]
    2023-06-18 16:55:16.276 : Start page is opened	[MsgId: MMSG-17999]
    2023-06-18 16:55:21.411 : User is logged in with session 136661.750992305HAcQfDipiVzzzzzHtcVHHpcDcQ	[MsgId: MMSG-17999]
    2023-06-18 16:55:26.599 : User is logged out of session	[MsgId: MMSG-17999]
  2023-06-18 16:57:22.190 : IterationNum=22	[MsgId: MMSG-17999]
   USER 22 = user75:pwd75	[MsgId: MMSG-17999]
    2023-06-18 16:57:22.284 : Start page is opened	[MsgId: MMSG-17999]
    2023-06-18 16:57:27.385 : User is logged in with session 136661.761198866HAcQfDQpDtVzzzzHtcVHHpcDzAf	[MsgId: MMSG-17999]
    2023-06-18 16:57:32.333 : User is logged out of session	[MsgId: MMSG-17999]
  2023-06-18 16:59:28.192 : IterationNum=23	[MsgId: MMSG-17999]
   USER 23 = user75:pwd75	[MsgId: MMSG-17999]
    2023-06-18 16:59:28.286 : Start page is opened	[MsgId: MMSG-17999]
    2023-06-18 16:59:33.021 : User is logged in with session 136661.771405427HAcQfDQpizzzzzzHtcVHHpcDQc	[MsgId: MMSG-17999]
    2023-06-18 16:59:39.195 : User is logged out of session	[MsgId: MMSG-17999]
  2023-06-18 17:01:34.204 : IterationNum=24	[MsgId: MMSG-17999]
   USER 24 = user75:pwd75	[MsgId: MMSG-17999]
    2023-06-18 17:01:34.298 : Start page is opened	[MsgId: MMSG-17999]
    2023-06-18 17:01:38.943 : User is logged in with session 136661.781611989HAcQftApDQVzzzzHtcVHHpctcDf	[MsgId: MMSG-17999]
    2023-06-18 17:01:43.330 : User is logged out of session	[MsgId: MMSG-17999]
  2023-06-18 17:03:40.207 : IterationNum=25	[MsgId: MMSG-17999]
   USER 25 = user75:pwd75	[MsgId: MMSG-17999]
    2023-06-18 17:03:40.301 : Start page is opened	[MsgId: MMSG-17999]
    2023-06-18 17:03:44.463 : User is logged in with session 136661.79181855HAcQftApQVzzzzzHtcVHHpctff	[MsgId: MMSG-17999]
    2023-06-18 17:03:49.950 : User is logged out of session	[MsgId: MMSG-17999]
  2023-06-18 17:05:46.217 : IterationNum=26	[MsgId: MMSG-17999]
   USER 26 = user75:pwd75	[MsgId: MMSG-17999]
    2023-06-18 17:05:46.312 : Start page is opened	[MsgId: MMSG-17999]
    2023-06-18 17:05:50.328 : User is logged in with session 136661.802025111HAcQftVpttVzzzzHtcVHHpctizf	[MsgId: MMSG-17999]
    2023-06-18 17:05:55.658 : User is logged out of session	[MsgId: MMSG-17999]
  2023-06-18 17:07:52.220 : IterationNum=27	[MsgId: MMSG-17999]
   USER 27 = user75:pwd75	[MsgId: MMSG-17999]
    2023-06-18 17:07:52.315 : Start page is opened	[MsgId: MMSG-17999]
    2023-06-18 17:07:56.836 : User is logged in with session 136661.812231673HAcQftVpQzzzzzzHtcVHHpcfVi	[MsgId: MMSG-17999]
    2023-06-18 17:08:01.535 : User is logged out of session	[MsgId: MMSG-17999]
  2023-06-18 17:09:58.231 : IterationNum=28	[MsgId: MMSG-17999]
   USER 28 = user75:pwd75	[MsgId: MMSG-17999]
    2023-06-18 17:09:58.325 : Start page is opened	[MsgId: MMSG-17999]
    2023-06-18 17:10:02.592 : User is logged in with session 136661.822438234HAcQftcptQVzzzzHtcVHHpcftQf	[MsgId: MMSG-17999]
    2023-06-18 17:10:08.577 : User is logged out of session	[MsgId: MMSG-17999]
  2023-06-18 17:12:04.243 : IterationNum=29	[MsgId: MMSG-17999]
   USER 29 = user75:pwd75	[MsgId: MMSG-17999]
    2023-06-18 17:12:04.337 : Start page is opened	[MsgId: MMSG-17999]
    2023-06-18 17:12:08.339 : User is logged in with session 136661.832644795HAcQftDpAVzzzzzHtcVHHpcfiV	[MsgId: MMSG-17999]
    2023-06-18 17:12:13.528 : User is logged out of session	[MsgId: MMSG-17999]
  2023-06-18 17:14:10.248 : IterationNum=30	[MsgId: MMSG-17999]
   USER 30 = user75:pwd75	[MsgId: MMSG-17999]
    2023-06-18 17:14:10.342 : Start page is opened	[MsgId: MMSG-17999]
    2023-06-18 17:14:15.468 : User is logged in with session 136661.842851357HAcQftDpftVzzzzHtcVHHpczVcf	[MsgId: MMSG-17999]
    2023-06-18 17:14:19.657 : User is logged out of session	[MsgId: MMSG-17999]
  2023-06-18 17:16:16.251 : IterationNum=31	[MsgId: MMSG-17999]
   USER 31 = user75:pwd75	[MsgId: MMSG-17999]
    2023-06-18 17:16:16.345 : Start page is opened	[MsgId: MMSG-17999]
    2023-06-18 17:16:21.144 : User is logged in with session 136661.853057918HAcQfttpAzzzzzzHtcVHHpcztt	[MsgId: MMSG-17999]
    2023-06-18 17:16:26.601 : User is logged out of session	[MsgId: MMSG-17999]
  2023-06-18 17:18:22.258 : IterationNum=32	[MsgId: MMSG-17999]
   USER 32 = user75:pwd75	[MsgId: MMSG-17999]
    2023-06-18 17:18:22.352 : Start page is opened	[MsgId: MMSG-17999]
    2023-06-18 17:18:28.495 : User is logged in with session 136661.86326448HAcQfttpfQVzzzzHtcVHHpczHff	[MsgId: MMSG-17999]
    2023-06-18 17:18:32.473 : User is logged out of session	[MsgId: MMSG-17999]
