  2023-06-18 16:16:06.381 : IterationNum=1	[MsgId: MMSG-17999]
   USER 1 = user92:pwd92	[MsgId: MMSG-17999]
    2023-06-18 16:16:06.465 : Start page is opened	[MsgId: MMSG-17999]
    2023-06-18 16:16:10.954 : User is logged in with session 136661.560631835HAcQfcQpAcftcVHHpVHtVf	[MsgId: MMSG-17999]
    2023-06-18 16:16:15.028 : User is logged out of session	[MsgId: MMSG-17999]
  2023-06-18 16:18:12.393 : IterationNum=2	[MsgId: MMSG-17999]
   USER 2 = user92:pwd92	[MsgId: MMSG-17999]
    2023-06-18 16:18:12.487 : Start page is opened	[MsgId: MMSG-17999]
    2023-06-18 16:18:16.881 : User is logged in with session 136661.570838396HAcQfcQpfftcVHHpVHHD	[MsgId: MMSG-17999]
    2023-06-18 16:18:22.568 : User is logged out of session	[MsgId: MMSG-17999]
  2023-06-18 16:20:18.403 : IterationNum=3	[MsgId: MMSG-17999]
   USER 3 = user92:pwd92	[MsgId: MMSG-17999]
    2023-06-18 16:20:18.497 : Start page is opened	[MsgId: MMSG-17999]
    2023-06-18 16:20:24.030 : User is logged in with session 136661.581044957HAcQfDApAHftcVHHpViAtf	[MsgId: MMSG-17999]
    2023-06-18 16:20:29.423 : User is logged out of session	[MsgId: MMSG-17999]
  2023-06-18 16:22:24.411 : IterationNum=4	[MsgId: MMSG-17999]
   USER 4 = user92:pwd92	[MsgId: MMSG-17999]
    2023-06-18 16:22:24.505 : Start page is opened	[MsgId: MMSG-17999]
    2023-06-18 16:22:29.632 : User is logged in with session 136661.591251519HAcQfDApztcVHHpViDz	[MsgId: MMSG-17999]
    2023-06-18 16:22:33.914 : User is logged out of session	[MsgId: MMSG-17999]
  2023-06-18 16:24:30.421 : IterationNum=5	[MsgId: MMSG-17999]
   USER 5 = user92:pwd92	[MsgId: MMSG-17999]
    2023-06-18 16:24:30.515 : Start page is opened	[MsgId: MMSG-17999]
    2023-06-18 16:24:36.543 : User is logged in with session 136661.60145808HAcQfDVpVcftcVHHpVizHf	[MsgId: MMSG-17999]
    2023-06-18 16:24:41.731 : User is logged out of session	[MsgId: MMSG-17999]
  2023-06-18 16:26:36.429 : IterationNum=6	[MsgId: MMSG-17999]
   USER 6 = user92:pwd92	[MsgId: MMSG-17999]
    2023-06-18 16:26:36.522 : Start page is opened	[MsgId: MMSG-17999]
    2023-06-18 16:26:40.446 : User is logged in with session 136661.611664642HAcQfDVpzftcVHHpViQQ	[MsgId: MMSG-17999]
    2023-06-18 16:26:44.585 : User is logged out of session	[MsgId: MMSG-17999]
  2023-06-18 16:28:42.434 : IterationNum=7	[MsgId: MMSG-17999]
   USER 7 = user92:pwd92	[MsgId: MMSG-17999]
    2023-06-18 16:28:42.528 : Start page is opened	[MsgId: MMSG-17999]
    2023-06-18 16:28:48.884 : User is logged in with session 136661.621871203HAcQfDcpVHftcVHHpVQDAf	[MsgId: MMSG-17999]
    2023-06-18 16:28:54.972 : User is logged out of session	[MsgId: MMSG-17999]
  2023-06-18 16:30:48.440 : IterationNum=8	[MsgId: MMSG-17999]
   USER 8 = user92:pwd92	[MsgId: MMSG-17999]
    2023-06-18 16:30:48.534 : Start page is opened	[MsgId: MMSG-17999]
    2023-06-18 16:30:53.269 : User is logged in with session 136661.632077764HAcQfDcpHtcVHHpVQzc	[MsgId: MMSG-17999]
    2023-06-18 16:30:59.071 : User is logged out of session	[MsgId: MMSG-17999]
  2023-06-18 16:32:54.441 : IterationNum=9	[MsgId: MMSG-17999]
   USER 9 = user92:pwd92	[MsgId: MMSG-17999]
    2023-06-18 16:32:54.535 : Start page is opened	[MsgId: MMSG-17999]
    2023-06-18 16:32:58.786 : User is logged in with session 136661.642284326HAcQfDDpccftcVHHpVQQDf	[MsgId: MMSG-17999]
    2023-06-18 16:33:04.101 : User is logged out of session	[MsgId: MMSG-17999]
  2023-06-18 16:35:00.442 : IterationNum=10	[MsgId: MMSG-17999]
   USER 10 = user92:pwd92	[MsgId: MMSG-17999]
    2023-06-18 16:35:00.536 : Start page is opened	[MsgId: MMSG-17999]
    2023-06-18 16:35:05.756 : User is logged in with session 136661.652490887HAcQfDDpHftcVHHpcAcf	[MsgId: MMSG-17999]
    2023-06-18 16:35:11.646 : User is logged out of session	[MsgId: MMSG-17999]
  2023-06-18 16:37:06.444 : IterationNum=11	[MsgId: MMSG-17999]
   USER 11 = user92:pwd92	[MsgId: MMSG-17999]
    2023-06-18 16:37:06.538 : Start page is opened	[MsgId: MMSG-17999]
    2023-06-18 16:37:10.570 : User is logged in with session 136661.662697448HAcQfDtpcHftcVHHpcAfzf	[MsgId: MMSG-17999]
    2023-06-18 16:37:15.321 : User is logged out of session	[MsgId: MMSG-17999]
  2023-06-18 16:39:12.451 : IterationNum=12	[MsgId: MMSG-17999]
   USER 12 = user92:pwd92	[MsgId: MMSG-17999]
    2023-06-18 16:39:12.545 : Start page is opened	[MsgId: MMSG-17999]
    2023-06-18 16:39:16.672 : User is logged in with session 136661.67290401HAcQfDtpitcVHHpcAii	[MsgId: MMSG-17999]
    2023-06-18 16:39:22.846 : User is logged out of session	[MsgId: MMSG-17999]
  2023-06-18 16:41:18.452 : IterationNum=13	[MsgId: MMSG-17999]
   USER 13 = user92:pwd92	[MsgId: MMSG-17999]
    2023-06-18 16:41:18.546 : Start page is opened	[MsgId: MMSG-17999]
    2023-06-18 16:41:22.704 : User is logged in with session 136661.683110571HAcQfDfpDcftcVHHpcVVQf	[MsgId: MMSG-17999]
    2023-06-18 16:41:28.066 : User is logged out of session	[MsgId: MMSG-17999]
  2023-06-18 16:43:24.462 : IterationNum=14	[MsgId: MMSG-17999]
   USER 14 = user92:pwd92	[MsgId: MMSG-17999]
    2023-06-18 16:43:24.556 : Start page is opened	[MsgId: MMSG-17999]
    2023-06-18 16:43:28.449 : User is logged in with session 136661.693317132HAcQfDfpiftcVHHpcVfV	[MsgId: MMSG-17999]
    2023-06-18 16:43:34.538 : User is logged out of session	[MsgId: MMSG-17999]
  2023-06-18 16:45:30.464 : IterationNum=15	[MsgId: MMSG-17999]
   USER 15 = user92:pwd92	[MsgId: MMSG-17999]
    2023-06-18 16:45:30.558 : Start page is opened	[MsgId: MMSG-17999]
    2023-06-18 16:45:36.546 : User is logged in with session 136661.703523694HAcQfDzpDHftcVHHpcVicf	[MsgId: MMSG-17999]
    2023-06-18 16:45:42.875 : User is logged out of session	[MsgId: MMSG-17999]
  2023-06-18 16:47:36.474 : IterationNum=16	[MsgId: MMSG-17999]
   USER 16 = user92:pwd92	[MsgId: MMSG-17999]
    2023-06-18 16:47:36.568 : Start page is opened	[MsgId: MMSG-17999]
    2023-06-18 16:47:42.305 : User is logged in with session 136661.713730255HAcQfDzpQtcVHHpccVt	[MsgId: MMSG-17999]
    2023-06-18 16:47:48.620 : User is logged out of session	[MsgId: MMSG-17999]
  2023-06-18 16:49:42.483 : IterationNum=17	[MsgId: MMSG-17999]
   USER 17 = user92:pwd92	[MsgId: MMSG-17999]
    2023-06-18 16:49:42.577 : Start page is opened	[MsgId: MMSG-17999]
    2023-06-18 16:49:46.642 : User is logged in with session 136661.723936817HAcQfDHptcftcVHHpcctff	[MsgId: MMSG-17999]
    2023-06-18 16:49:51.143 : User is logged out of session	[MsgId: MMSG-17999]
  2023-06-18 16:51:48.499 : IterationNum=18	[MsgId: MMSG-17999]
   USER 18 = user92:pwd92	[MsgId: MMSG-17999]
    2023-06-18 16:51:48.593 : Start page is opened	[MsgId: MMSG-17999]
    2023-06-18 16:51:54.784 : User is logged in with session 136661.734143378HAcQfDHpQftcVHHpccHH	[MsgId: MMSG-17999]
    2023-06-18 16:52:01.049 : User is logged out of session	[MsgId: MMSG-17999]
  2023-06-18 16:53:54.509 : IterationNum=19	[MsgId: MMSG-17999]
   USER 19 = user92:pwd92	[MsgId: MMSG-17999]
    2023-06-18 16:53:54.603 : Start page is opened	[MsgId: MMSG-17999]
    2023-06-18 16:54:00.028 : User is logged in with session 136661.744349939HAcQfDiptHftcVHHpcDAif	[MsgId: MMSG-17999]
    2023-06-18 16:54:04.198 : User is logged out of session	[MsgId: MMSG-17999]
  2023-06-18 16:56:00.521 : IterationNum=20	[MsgId: MMSG-17999]
   USER 20 = user92:pwd92	[MsgId: MMSG-17999]
    2023-06-18 16:56:00.615 : Start page is opened	[MsgId: MMSG-17999]
    2023-06-18 16:56:06.976 : User is logged in with session 136661.754556501HAcQfDQtcVHHpcDt	[MsgId: MMSG-17999]
    2023-06-18 16:56:12.963 : User is logged out of session	[MsgId: MMSG-17999]
  2023-06-18 16:58:06.526 : IterationNum=21	[MsgId: MMSG-17999]
   USER 21 = user92:pwd92	[MsgId: MMSG-17999]
    2023-06-18 16:58:06.620 : Start page is opened	[MsgId: MMSG-17999]
    2023-06-18 16:58:11.713 : User is logged in with session 136661.764763062HAcQfDQpfcftcVHHpcDHVf	[MsgId: MMSG-17999]
    2023-06-18 16:58:17.308 : User is logged out of session	[MsgId: MMSG-17999]
  2023-06-18 17:00:12.535 : IterationNum=22	[MsgId: MMSG-17999]
   USER 22 = user92:pwd92	[MsgId: MMSG-17999]
    2023-06-18 17:00:12.629 : Start page is opened	[MsgId: MMSG-17999]
    2023-06-18 17:00:16.852 : User is logged in with session 136661.774969623HAcQftApAftcVHHpctAD	[MsgId: MMSG-17999]
    2023-06-18 17:00:20.940 : User is logged out of session	[MsgId: MMSG-17999]
  2023-06-18 17:02:18.548 : IterationNum=23	[MsgId: MMSG-17999]
   USER 23 = user92:pwd92	[MsgId: MMSG-17999]
    2023-06-18 17:02:18.642 : Start page is opened	[MsgId: MMSG-17999]
    2023-06-18 17:02:23.440 : User is logged in with session 136661.785176185HAcQftApfHftcVHHpctDtf	[MsgId: MMSG-17999]
    2023-06-18 17:02:28.847 : User is logged out of session	[MsgId: MMSG-17999]
  2023-06-18 17:04:24.555 : IterationNum=24	[MsgId: MMSG-17999]
   USER 24 = user92:pwd92	[MsgId: MMSG-17999]
    2023-06-18 17:04:24.649 : Start page is opened	[MsgId: MMSG-17999]
    2023-06-18 17:04:29.698 : User is logged in with session 136661.795382746HAcQftVpVtcVHHpctzz	[MsgId: MMSG-17999]
    2023-06-18 17:04:34.588 : User is logged out of session	[MsgId: MMSG-17999]
  2023-06-18 17:06:30.565 : IterationNum=25	[MsgId: MMSG-17999]
   USER 25 = user92:pwd92	[MsgId: MMSG-17999]
    2023-06-18 17:06:30.659 : Start page is opened	[MsgId: MMSG-17999]
    2023-06-18 17:06:35.029 : User is logged in with session 136661.805589307HAcQftVpzcftcVHHpctQHf	[MsgId: MMSG-17999]
    2023-06-18 17:06:39.436 : User is logged out of session	[MsgId: MMSG-17999]
  2023-06-18 17:08:36.577 : IterationNum=26	[MsgId: MMSG-17999]
   USER 26 = user92:pwd92	[MsgId: MMSG-17999]
    2023-06-18 17:08:36.671 : Start page is opened	[MsgId: MMSG-17999]
    2023-06-18 17:08:41.172 : User is logged in with session 136661.815795869HAcQftcpVftcVHHpcfcQ	[MsgId: MMSG-17999]
    2023-06-18 17:08:46.471 : User is logged out of session	[MsgId: MMSG-17999]
  2023-06-18 17:10:42.579 : IterationNum=27	[MsgId: MMSG-17999]
   USER 27 = user92:pwd92	[MsgId: MMSG-17999]
    2023-06-18 17:10:42.673 : Start page is opened	[MsgId: MMSG-17999]
    2023-06-18 17:10:48.036 : User is logged in with session 136661.82600243HAcQftcpzHftcVHHpcfzAf	[MsgId: MMSG-17999]
    2023-06-18 17:10:52.631 : User is logged out of session	[MsgId: MMSG-17999]
  2023-06-18 17:12:48.583 : IterationNum=28	[MsgId: MMSG-17999]
   USER 28 = user92:pwd92	[MsgId: MMSG-17999]
    2023-06-18 17:12:48.677 : Start page is opened	[MsgId: MMSG-17999]
    2023-06-18 17:12:52.570 : User is logged in with session 136661.836208992HAcQftDpctcVHHpcfQc	[MsgId: MMSG-17999]
    2023-06-18 17:12:58.494 : User is logged out of session	[MsgId: MMSG-17999]
  2023-06-18 17:14:54.584 : IterationNum=29	[MsgId: MMSG-17999]
   USER 29 = user92:pwd92	[MsgId: MMSG-17999]
    2023-06-18 17:14:54.679 : Start page is opened	[MsgId: MMSG-17999]
    2023-06-18 17:15:00.276 : User is logged in with session 136661.846415553HAcQftDpHcftcVHHpczcDf	[MsgId: MMSG-17999]
    2023-06-18 17:15:06.353 : User is logged out of session	[MsgId: MMSG-17999]
  2023-06-18 17:17:00.587 : IterationNum=30	[MsgId: MMSG-17999]
   USER 30 = user92:pwd92	[MsgId: MMSG-17999]
    2023-06-18 17:17:00.681 : Start page is opened	[MsgId: MMSG-17999]
    2023-06-18 17:17:06.723 : User is logged in with session 136661.856622114HAcQfttpcftcVHHpczff	[MsgId: MMSG-17999]
    2023-06-18 17:17:12.984 : User is logged out of session	[MsgId: MMSG-17999]
