  2023-06-18 16:14:36.194 : IterationNum=1	[MsgId: MMSG-17999]
   USER 1 = user83:pwd83	[MsgId: MMSG-17999]
    2023-06-18 16:14:36.280 : Start page is opened	[MsgId: MMSG-17999]
    2023-06-18 16:14:41.069 : User is logged in with session 136661.553341434HAcQfcipzftcVHHpVHVQ	[MsgId: MMSG-17999]
    2023-06-18 16:14:45.078 : User is logged out of session	[MsgId: MMSG-17999]
  2023-06-18 16:16:42.204 : IterationNum=2	[MsgId: MMSG-17999]
   USER 2 = user83:pwd83	[MsgId: MMSG-17999]
    2023-06-18 16:16:42.298 : Start page is opened	[MsgId: MMSG-17999]
    2023-06-18 16:16:46.351 : User is logged in with session 136661.563547995HAcQfcQpVHftcVHHpVHfAf	[MsgId: MMSG-17999]
    2023-06-18 16:16:51.124 : User is logged out of session	[MsgId: MMSG-17999]
  2023-06-18 16:18:48.215 : IterationNum=3	[MsgId: MMSG-17999]
   USER 3 = user83:pwd83	[MsgId: MMSG-17999]
    2023-06-18 16:18:48.309 : Start page is opened	[MsgId: MMSG-17999]
    2023-06-18 16:18:52.232 : User is logged in with session 136661.573754557HAcQfcQpHtcVHHpVHic	[MsgId: MMSG-17999]
    2023-06-18 16:18:56.468 : User is logged out of session	[MsgId: MMSG-17999]
  2023-06-18 16:20:54.221 : IterationNum=4	[MsgId: MMSG-17999]
   USER 4 = user83:pwd83	[MsgId: MMSG-17999]
    2023-06-18 16:20:54.315 : Start page is opened	[MsgId: MMSG-17999]
    2023-06-18 16:21:00.473 : User is logged in with session 136661.583961118HAcQfDApccftcVHHpViVDf	[MsgId: MMSG-17999]
    2023-06-18 16:21:04.677 : User is logged out of session	[MsgId: MMSG-17999]
  2023-06-18 16:23:00.230 : IterationNum=5	[MsgId: MMSG-17999]
   USER 5 = user83:pwd83	[MsgId: MMSG-17999]
    2023-06-18 16:23:00.324 : Start page is opened	[MsgId: MMSG-17999]
    2023-06-18 16:23:05.811 : User is logged in with session 136661.594167679HAcQfDApHftcVHHpVitf	[MsgId: MMSG-17999]
    2023-06-18 16:23:09.795 : User is logged out of session	[MsgId: MMSG-17999]
  2023-06-18 16:25:06.237 : IterationNum=6	[MsgId: MMSG-17999]
   USER 6 = user83:pwd83	[MsgId: MMSG-17999]
    2023-06-18 16:25:06.331 : Start page is opened	[MsgId: MMSG-17999]
    2023-06-18 16:25:11.419 : User is logged in with session 136661.604374241HAcQfDVpcHftcVHHpViHzf	[MsgId: MMSG-17999]
    2023-06-18 16:25:17.149 : User is logged out of session	[MsgId: MMSG-17999]
  2023-06-18 16:27:12.250 : IterationNum=7	[MsgId: MMSG-17999]
   USER 7 = user83:pwd83	[MsgId: MMSG-17999]
    2023-06-18 16:27:12.345 : Start page is opened	[MsgId: MMSG-17999]
    2023-06-18 16:27:17.393 : User is logged in with session 136661.614580802HAcQfDVpitcVHHpVQAi	[MsgId: MMSG-17999]
    2023-06-18 16:27:22.039 : User is logged out of session	[MsgId: MMSG-17999]
  2023-06-18 16:29:18.258 : IterationNum=8	[MsgId: MMSG-17999]
   USER 8 = user83:pwd83	[MsgId: MMSG-17999]
    2023-06-18 16:29:18.352 : Start page is opened	[MsgId: MMSG-17999]
    2023-06-18 16:29:22.353 : User is logged in with session 136661.624787363HAcQfDcpDcftcVHHpVQDQf	[MsgId: MMSG-17999]
    2023-06-18 16:29:26.650 : User is logged out of session	[MsgId: MMSG-17999]
  2023-06-18 16:31:24.260 : IterationNum=9	[MsgId: MMSG-17999]
   USER 9 = user83:pwd83	[MsgId: MMSG-17999]
    2023-06-18 16:31:24.354 : Start page is opened	[MsgId: MMSG-17999]
    2023-06-18 16:31:30.184 : User is logged in with session 136661.634993925HAcQfDcpiftcVHHpVQHV	[MsgId: MMSG-17999]
    2023-06-18 16:31:34.609 : User is logged out of session	[MsgId: MMSG-17999]
  2023-06-18 16:33:30.262 : IterationNum=10	[MsgId: MMSG-17999]
   USER 10 = user83:pwd83	[MsgId: MMSG-17999]
    2023-06-18 16:33:30.356 : Start page is opened	[MsgId: MMSG-17999]
    2023-06-18 16:33:36.509 : User is logged in with session 136661.645200486HAcQfDDpDHftcVHHpcAAcf	[MsgId: MMSG-17999]
    2023-06-18 16:33:40.695 : User is logged out of session	[MsgId: MMSG-17999]
  2023-06-18 16:35:36.273 : IterationNum=11	[MsgId: MMSG-17999]
   USER 11 = user83:pwd83	[MsgId: MMSG-17999]
    2023-06-18 16:35:36.367 : Start page is opened	[MsgId: MMSG-17999]
    2023-06-18 16:35:41.106 : User is logged in with session 136661.655407047HAcQfDDpQtcVHHpcADt	[MsgId: MMSG-17999]
    2023-06-18 16:35:47.342 : User is logged out of session	[MsgId: MMSG-17999]
  2023-06-18 16:37:42.283 : IterationNum=12	[MsgId: MMSG-17999]
   USER 12 = user83:pwd83	[MsgId: MMSG-17999]
    2023-06-18 16:37:42.377 : Start page is opened	[MsgId: MMSG-17999]
    2023-06-18 16:37:46.393 : User is logged in with session 136661.665613609HAcQfDtptcftcVHHpcAzff	[MsgId: MMSG-17999]
    2023-06-18 16:37:51.348 : User is logged out of session	[MsgId: MMSG-17999]
  2023-06-18 16:39:48.291 : IterationNum=13	[MsgId: MMSG-17999]
   USER 13 = user83:pwd83	[MsgId: MMSG-17999]
    2023-06-18 16:39:48.385 : Start page is opened	[MsgId: MMSG-17999]
    2023-06-18 16:39:54.016 : User is logged in with session 136661.67582017HAcQfDtpQftcVHHpcAQH	[MsgId: MMSG-17999]
    2023-06-18 16:40:00.158 : User is logged out of session	[MsgId: MMSG-17999]
  2023-06-18 16:41:54.307 : IterationNum=14	[MsgId: MMSG-17999]
   USER 14 = user83:pwd83	[MsgId: MMSG-17999]
    2023-06-18 16:41:54.401 : Start page is opened	[MsgId: MMSG-17999]
    2023-06-18 16:41:59.098 : User is logged in with session 136661.686026731HAcQfDfptHftcVHHpcVcif	[MsgId: MMSG-17999]
    2023-06-18 16:42:03.613 : User is logged out of session	[MsgId: MMSG-17999]
  2023-06-18 16:44:00.310 : IterationNum=15	[MsgId: MMSG-17999]
   USER 15 = user83:pwd83	[MsgId: MMSG-17999]
    2023-06-18 16:44:00.404 : Start page is opened	[MsgId: MMSG-17999]
    2023-06-18 16:44:06.500 : User is logged in with session 136661.696233293HAcQfDztcVHHpcVz	[MsgId: MMSG-17999]
    2023-06-18 16:44:12.752 : User is logged out of session	[MsgId: MMSG-17999]
  2023-06-18 16:46:06.311 : IterationNum=16	[MsgId: MMSG-17999]
   USER 16 = user83:pwd83	[MsgId: MMSG-17999]
    2023-06-18 16:46:06.405 : Start page is opened	[MsgId: MMSG-17999]
    2023-06-18 16:46:11.661 : User is logged in with session 136661.706439854HAcQfDzpfcftcVHHpcVQVf	[MsgId: MMSG-17999]
    2023-06-18 16:46:17.078 : User is logged out of session	[MsgId: MMSG-17999]
  2023-06-18 16:48:12.313 : IterationNum=17	[MsgId: MMSG-17999]
   USER 17 = user83:pwd83	[MsgId: MMSG-17999]
    2023-06-18 16:48:12.407 : Start page is opened	[MsgId: MMSG-17999]
    2023-06-18 16:48:17.746 : User is logged in with session 136661.716646416HAcQfDHpAftcVHHpcccD	[MsgId: MMSG-17999]
    2023-06-18 16:48:21.669 : User is logged out of session	[MsgId: MMSG-17999]
  2023-06-18 16:50:18.324 : IterationNum=18	[MsgId: MMSG-17999]
   USER 18 = user83:pwd83	[MsgId: MMSG-17999]
    2023-06-18 16:50:18.418 : Start page is opened	[MsgId: MMSG-17999]
    2023-06-18 16:50:23.435 : User is logged in with session 136661.726852977HAcQfDHpfHftcVHHpccftf	[MsgId: MMSG-17999]
    2023-06-18 16:50:29.264 : User is logged out of session	[MsgId: MMSG-17999]
  2023-06-18 16:52:24.337 : IterationNum=19	[MsgId: MMSG-17999]
   USER 19 = user83:pwd83	[MsgId: MMSG-17999]
    2023-06-18 16:52:24.431 : Start page is opened	[MsgId: MMSG-17999]
    2023-06-18 16:52:29.965 : User is logged in with session 136661.737059538HAcQfDipVtcVHHpcciz	[MsgId: MMSG-17999]
    2023-06-18 16:52:33.942 : User is logged out of session	[MsgId: MMSG-17999]
  2023-06-18 16:54:30.344 : IterationNum=20	[MsgId: MMSG-17999]
   USER 20 = user83:pwd83	[MsgId: MMSG-17999]
    2023-06-18 16:54:30.438 : Start page is opened	[MsgId: MMSG-17999]
    2023-06-18 16:54:35.619 : User is logged in with session 136661.7472661HAcQfDipzcftcVHHpcDVHf	[MsgId: MMSG-17999]
    2023-06-18 16:54:41.246 : User is logged out of session	[MsgId: MMSG-17999]
  2023-06-18 16:56:36.357 : IterationNum=21	[MsgId: MMSG-17999]
   USER 21 = user83:pwd83	[MsgId: MMSG-17999]
    2023-06-18 16:56:36.452 : Start page is opened	[MsgId: MMSG-17999]
    2023-06-18 16:56:40.985 : User is logged in with session 136661.757472661HAcQfDQpVftcVHHpcDtQ	[MsgId: MMSG-17999]
    2023-06-18 16:56:45.159 : User is logged out of session	[MsgId: MMSG-17999]
  2023-06-18 16:58:42.365 : IterationNum=22	[MsgId: MMSG-17999]
   USER 22 = user83:pwd83	[MsgId: MMSG-17999]
    2023-06-18 16:58:42.459 : Start page is opened	[MsgId: MMSG-17999]
    2023-06-18 16:58:46.591 : User is logged in with session 136661.767679222HAcQfDQpzHftcVHHpcDiAf	[MsgId: MMSG-17999]
    2023-06-18 16:58:50.806 : User is logged out of session	[MsgId: MMSG-17999]
  2023-06-18 17:00:48.369 : IterationNum=23	[MsgId: MMSG-17999]
   USER 23 = user83:pwd83	[MsgId: MMSG-17999]
    2023-06-18 17:00:48.463 : Start page is opened	[MsgId: MMSG-17999]
    2023-06-18 17:00:53.308 : User is logged in with session 136661.777885784HAcQftApctcVHHpctVc	[MsgId: MMSG-17999]
    2023-06-18 17:00:58.421 : User is logged out of session	[MsgId: MMSG-17999]
  2023-06-18 17:02:54.374 : IterationNum=24	[MsgId: MMSG-17999]
   USER 24 = user83:pwd83	[MsgId: MMSG-17999]
    2023-06-18 17:02:54.468 : Start page is opened	[MsgId: MMSG-17999]
    2023-06-18 17:02:59.297 : User is logged in with session 136661.788092345HAcQftApHcftcVHHpcttDf	[MsgId: MMSG-17999]
    2023-06-18 17:03:04.723 : User is logged out of session	[MsgId: MMSG-17999]
  2023-06-18 17:05:00.378 : IterationNum=25	[MsgId: MMSG-17999]
   USER 25 = user83:pwd83	[MsgId: MMSG-17999]
    2023-06-18 17:05:00.472 : Start page is opened	[MsgId: MMSG-17999]
    2023-06-18 17:05:04.694 : User is logged in with session 136661.798298906HAcQftVpcftcVHHpctHf	[MsgId: MMSG-17999]
    2023-06-18 17:05:10.931 : User is logged out of session	[MsgId: MMSG-17999]
  2023-06-18 17:07:06.379 : IterationNum=26	[MsgId: MMSG-17999]
   USER 26 = user83:pwd83	[MsgId: MMSG-17999]
    2023-06-18 17:07:06.473 : Start page is opened	[MsgId: MMSG-17999]
    2023-06-18 17:07:11.537 : User is logged in with session 136661.808505468HAcQftVpHHftcVHHpcfAzf	[MsgId: MMSG-17999]
    2023-06-18 17:07:15.507 : User is logged out of session	[MsgId: MMSG-17999]
  2023-06-18 17:09:12.383 : IterationNum=27	[MsgId: MMSG-17999]
   USER 27 = user83:pwd83	[MsgId: MMSG-17999]
    2023-06-18 17:09:12.477 : Start page is opened	[MsgId: MMSG-17999]
    2023-06-18 17:09:16.746 : User is logged in with session 136661.818712029HAcQftcpDtcVHHpcfDi	[MsgId: MMSG-17999]
    2023-06-18 17:09:22.747 : User is logged out of session	[MsgId: MMSG-17999]
  2023-06-18 17:11:18.385 : IterationNum=28	[MsgId: MMSG-17999]
   USER 28 = user83:pwd83	[MsgId: MMSG-17999]
    2023-06-18 17:11:18.479 : Start page is opened	[MsgId: MMSG-17999]
    2023-06-18 17:11:22.371 : User is logged in with session 136661.828918591HAcQftcpicftcVHHpcfzQf	[MsgId: MMSG-17999]
    2023-06-18 17:11:27.266 : User is logged out of session	[MsgId: MMSG-17999]
  2023-06-18 17:13:24.391 : IterationNum=29	[MsgId: MMSG-17999]
   USER 29 = user83:pwd83	[MsgId: MMSG-17999]
    2023-06-18 17:13:24.485 : Start page is opened	[MsgId: MMSG-17999]
    2023-06-18 17:13:29.033 : User is logged in with session 136661.839125152HAcQftDpDftcVHHpczAV	[MsgId: MMSG-17999]
    2023-06-18 17:13:33.398 : User is logged out of session	[MsgId: MMSG-17999]
  2023-06-18 17:15:30.401 : IterationNum=30	[MsgId: MMSG-17999]
   USER 30 = user83:pwd83	[MsgId: MMSG-17999]
    2023-06-18 17:15:30.495 : Start page is opened	[MsgId: MMSG-17999]
    2023-06-18 17:15:36.539 : User is logged in with session 136661.849331713HAcQftDpiHftcVHHpczDcf	[MsgId: MMSG-17999]
    2023-06-18 17:15:42.664 : User is logged out of session	[MsgId: MMSG-17999]
  2023-06-18 17:17:36.402 : IterationNum=31	[MsgId: MMSG-17999]
   USER 31 = user83:pwd83	[MsgId: MMSG-17999]
    2023-06-18 17:17:36.496 : Start page is opened	[MsgId: MMSG-17999]
    2023-06-18 17:17:40.497 : User is logged in with session 136661.859538275HAcQfttpttcVHHpczzt	[MsgId: MMSG-17999]
    2023-06-18 17:17:46.635 : User is logged out of session	[MsgId: MMSG-17999]
