  2023-06-18 16:15:06.270 : IterationNum=1	[MsgId: MMSG-17999]
   USER 1 = user86:pwd86	[MsgId: MMSG-17999]
    2023-06-18 16:15:06.363 : Start page is opened	[MsgId: MMSG-17999]
    2023-06-18 16:15:10.731 : User is logged in with session 136661.555771567HAcQfcipHHftcVHHpVHczf	[MsgId: MMSG-17999]
    2023-06-18 16:15:16.901 : User is logged out of session	[MsgId: MMSG-17999]
  2023-06-18 16:17:12.280 : IterationNum=2	[MsgId: MMSG-17999]
   USER 2 = user86:pwd86	[MsgId: MMSG-17999]
    2023-06-18 16:17:12.374 : Start page is opened	[MsgId: MMSG-17999]
    2023-06-18 16:17:16.801 : User is logged in with session 136661.565978129HAcQfcQpDtcVHHpVHfi	[MsgId: MMSG-17999]
    2023-06-18 16:17:23.072 : User is logged out of session	[MsgId: MMSG-17999]
  2023-06-18 16:19:18.286 : IterationNum=3	[MsgId: MMSG-17999]
   USER 3 = user86:pwd86	[MsgId: MMSG-17999]
    2023-06-18 16:19:18.380 : Start page is opened	[MsgId: MMSG-17999]
    2023-06-18 16:19:22.600 : User is logged in with session 136661.57618469HAcQfcQpicftcVHHpVHiQf	[MsgId: MMSG-17999]
    2023-06-18 16:19:27.444 : User is logged out of session	[MsgId: MMSG-17999]
  2023-06-18 16:21:24.292 : IterationNum=4	[MsgId: MMSG-17999]
   USER 4 = user86:pwd86	[MsgId: MMSG-17999]
    2023-06-18 16:21:24.385 : Start page is opened	[MsgId: MMSG-17999]
    2023-06-18 16:21:29.292 : User is logged in with session 136661.586391252HAcQfDApDftcVHHpVicV	[MsgId: MMSG-17999]
    2023-06-18 16:21:34.196 : User is logged out of session	[MsgId: MMSG-17999]
  2023-06-18 16:23:30.304 : IterationNum=5	[MsgId: MMSG-17999]
   USER 5 = user86:pwd86	[MsgId: MMSG-17999]
    2023-06-18 16:23:30.398 : Start page is opened	[MsgId: MMSG-17999]
    2023-06-18 16:23:35.076 : User is logged in with session 136661.596597813HAcQfDApiHftcVHHpVifcf	[MsgId: MMSG-17999]
    2023-06-18 16:23:41.406 : User is logged out of session	[MsgId: MMSG-17999]
  2023-06-18 16:25:36.316 : IterationNum=6	[MsgId: MMSG-17999]
   USER 6 = user86:pwd86	[MsgId: MMSG-17999]
    2023-06-18 16:25:36.410 : Start page is opened	[MsgId: MMSG-17999]
    2023-06-18 16:25:42.335 : User is logged in with session 136661.606804374HAcQfDVpttcVHHpViit	[MsgId: MMSG-17999]
    2023-06-18 16:25:48.202 : User is logged out of session	[MsgId: MMSG-17999]
  2023-06-18 16:27:42.321 : IterationNum=7	[MsgId: MMSG-17999]
   USER 7 = user86:pwd86	[MsgId: MMSG-17999]
    2023-06-18 16:27:42.415 : Start page is opened	[MsgId: MMSG-17999]
    2023-06-18 16:27:47.340 : User is logged in with session 136661.617010936HAcQfDVpQcftcVHHpVQVff	[MsgId: MMSG-17999]
    2023-06-18 16:27:53.094 : User is logged out of session	[MsgId: MMSG-17999]
  2023-06-18 16:29:48.322 : IterationNum=8	[MsgId: MMSG-17999]
   USER 8 = user86:pwd86	[MsgId: MMSG-17999]
    2023-06-18 16:29:48.416 : Start page is opened	[MsgId: MMSG-17999]
    2023-06-18 16:29:53.135 : User is logged in with session 136661.627217497HAcQfDcptftcVHHpVQtH	[MsgId: MMSG-17999]
    2023-06-18 16:29:57.138 : User is logged out of session	[MsgId: MMSG-17999]
  2023-06-18 16:31:54.327 : IterationNum=9	[MsgId: MMSG-17999]
   USER 9 = user86:pwd86	[MsgId: MMSG-17999]
    2023-06-18 16:31:54.421 : Start page is opened	[MsgId: MMSG-17999]
    2023-06-18 16:31:59.610 : User is logged in with session 136661.637424058HAcQfDcpQHftcVHHpVQHif	[MsgId: MMSG-17999]
    2023-06-18 16:32:03.832 : User is logged out of session	[MsgId: MMSG-17999]
  2023-06-18 16:34:00.340 : IterationNum=10	[MsgId: MMSG-17999]
   USER 10 = user86:pwd86	[MsgId: MMSG-17999]
    2023-06-18 16:34:00.434 : Start page is opened	[MsgId: MMSG-17999]
    2023-06-18 16:34:04.970 : User is logged in with session 136661.64763062HAcQfDDpftcVHHpcAV	[MsgId: MMSG-17999]
    2023-06-18 16:34:10.515 : User is logged out of session	[MsgId: MMSG-17999]
  2023-06-18 16:36:06.347 : IterationNum=11	[MsgId: MMSG-17999]
   USER 11 = user86:pwd86	[MsgId: MMSG-17999]
    2023-06-18 16:36:06.440 : Start page is opened	[MsgId: MMSG-17999]
    2023-06-18 16:36:12.458 : User is logged in with session 136661.657837181HAcQfDtpAcftcVHHpcAtVf	[MsgId: MMSG-17999]
    2023-06-18 16:36:17.974 : User is logged out of session	[MsgId: MMSG-17999]
  2023-06-18 16:38:12.356 : IterationNum=12	[MsgId: MMSG-17999]
   USER 12 = user86:pwd86	[MsgId: MMSG-17999]
    2023-06-18 16:38:12.450 : Start page is opened	[MsgId: MMSG-17999]
    2023-06-18 16:38:17.939 : User is logged in with session 136661.668043742HAcQfDtpfftcVHHpcAHD	[MsgId: MMSG-17999]
    2023-06-18 16:38:22.282 : User is logged out of session	[MsgId: MMSG-17999]
  2023-06-18 16:40:18.366 : IterationNum=13	[MsgId: MMSG-17999]
   USER 13 = user86:pwd86	[MsgId: MMSG-17999]
    2023-06-18 16:40:18.460 : Start page is opened	[MsgId: MMSG-17999]
    2023-06-18 16:40:24.493 : User is logged in with session 136661.678250304HAcQfDfpAHftcVHHpcVAtf	[MsgId: MMSG-17999]
    2023-06-18 16:40:30.612 : User is logged out of session	[MsgId: MMSG-17999]
  2023-06-18 16:42:24.369 : IterationNum=14	[MsgId: MMSG-17999]
   USER 14 = user86:pwd86	[MsgId: MMSG-17999]
    2023-06-18 16:42:24.463 : Start page is opened	[MsgId: MMSG-17999]
    2023-06-18 16:42:29.561 : User is logged in with session 136661.688456865HAcQfDfpztcVHHpcVDz	[MsgId: MMSG-17999]
    2023-06-18 16:42:35.115 : User is logged out of session	[MsgId: MMSG-17999]
  2023-06-18 16:44:30.370 : IterationNum=15	[MsgId: MMSG-17999]
   USER 15 = user86:pwd86	[MsgId: MMSG-17999]
    2023-06-18 16:44:30.464 : Start page is opened	[MsgId: MMSG-17999]
    2023-06-18 16:44:35.811 : User is logged in with session 136661.698663426HAcQfDzpVcftcVHHpcVzHf	[MsgId: MMSG-17999]
    2023-06-18 16:44:41.894 : User is logged out of session	[MsgId: MMSG-17999]
  2023-06-18 16:46:36.382 : IterationNum=16	[MsgId: MMSG-17999]
   USER 16 = user86:pwd86	[MsgId: MMSG-17999]
    2023-06-18 16:46:36.476 : Start page is opened	[MsgId: MMSG-17999]
    2023-06-18 16:46:42.415 : User is logged in with session 136661.708869988HAcQfDzpzftcVHHpcVQQ	[MsgId: MMSG-17999]
    2023-06-18 16:46:47.790 : User is logged out of session	[MsgId: MMSG-17999]
  2023-06-18 16:48:42.388 : IterationNum=17	[MsgId: MMSG-17999]
   USER 17 = user86:pwd86	[MsgId: MMSG-17999]
    2023-06-18 16:48:42.482 : Start page is opened	[MsgId: MMSG-17999]
    2023-06-18 16:48:47.077 : User is logged in with session 136661.719076549HAcQfDHpVHftcVHHpccDAf	[MsgId: MMSG-17999]
    2023-06-18 16:48:51.385 : User is logged out of session	[MsgId: MMSG-17999]
  2023-06-18 16:50:48.391 : IterationNum=18	[MsgId: MMSG-17999]
   USER 18 = user86:pwd86	[MsgId: MMSG-17999]
    2023-06-18 16:50:48.485 : Start page is opened	[MsgId: MMSG-17999]
    2023-06-18 16:50:53.064 : User is logged in with session 136661.729283111HAcQfDHpHtcVHHpcczc	[MsgId: MMSG-17999]
    2023-06-18 16:50:58.458 : User is logged out of session	[MsgId: MMSG-17999]
  2023-06-18 16:52:54.399 : IterationNum=19	[MsgId: MMSG-17999]
   USER 19 = user86:pwd86	[MsgId: MMSG-17999]
    2023-06-18 16:52:54.493 : Start page is opened	[MsgId: MMSG-17999]
    2023-06-18 16:52:59.464 : User is logged in with session 136661.739489672HAcQfDipccftcVHHpccQDf	[MsgId: MMSG-17999]
    2023-06-18 16:53:04.763 : User is logged out of session	[MsgId: MMSG-17999]
  2023-06-18 16:55:00.406 : IterationNum=20	[MsgId: MMSG-17999]
   USER 20 = user86:pwd86	[MsgId: MMSG-17999]
    2023-06-18 16:55:00.500 : Start page is opened	[MsgId: MMSG-17999]
    2023-06-18 16:55:05.912 : User is logged in with session 136661.749696233HAcQfDipHftcVHHpcDcf	[MsgId: MMSG-17999]
    2023-06-18 16:55:10.589 : User is logged out of session	[MsgId: MMSG-17999]
  2023-06-18 16:57:06.412 : IterationNum=21	[MsgId: MMSG-17999]
   USER 21 = user86:pwd86	[MsgId: MMSG-17999]
    2023-06-18 16:57:06.506 : Start page is opened	[MsgId: MMSG-17999]
    2023-06-18 16:57:12.335 : User is logged in with session 136661.759902795HAcQfDQpcHftcVHHpcDfzf	[MsgId: MMSG-17999]
    2023-06-18 16:57:18.244 : User is logged out of session	[MsgId: MMSG-17999]
  2023-06-18 16:59:12.422 : IterationNum=22	[MsgId: MMSG-17999]
   USER 22 = user86:pwd86	[MsgId: MMSG-17999]
    2023-06-18 16:59:12.516 : Start page is opened	[MsgId: MMSG-17999]
    2023-06-18 16:59:17.050 : User is logged in with session 136661.770109356HAcQfDQpitcVHHpcDii	[MsgId: MMSG-17999]
    2023-06-18 16:59:22.348 : User is logged out of session	[MsgId: MMSG-17999]
  2023-06-18 17:01:18.423 : IterationNum=23	[MsgId: MMSG-17999]
   USER 23 = user86:pwd86	[MsgId: MMSG-17999]
    2023-06-18 17:01:18.517 : Start page is opened	[MsgId: MMSG-17999]
    2023-06-18 17:01:23.112 : User is logged in with session 136661.780315917HAcQftApDcftcVHHpctVQf	[MsgId: MMSG-17999]
    2023-06-18 17:01:27.270 : User is logged out of session	[MsgId: MMSG-17999]
  2023-06-18 17:03:24.428 : IterationNum=24	[MsgId: MMSG-17999]
   USER 24 = user86:pwd86	[MsgId: MMSG-17999]
    2023-06-18 17:03:24.522 : Start page is opened	[MsgId: MMSG-17999]
    2023-06-18 17:03:30.214 : User is logged in with session 136661.790522479HAcQftApiftcVHHpctfV	[MsgId: MMSG-17999]
    2023-06-18 17:03:36.519 : User is logged out of session	[MsgId: MMSG-17999]
  2023-06-18 17:05:30.434 : IterationNum=25	[MsgId: MMSG-17999]
   USER 25 = user86:pwd86	[MsgId: MMSG-17999]
    2023-06-18 17:05:30.528 : Start page is opened	[MsgId: MMSG-17999]
    2023-06-18 17:05:36.387 : User is logged in with session 136661.80072904HAcQftVpDHftcVHHpcticf	[MsgId: MMSG-17999]
    2023-06-18 17:05:42.047 : User is logged out of session	[MsgId: MMSG-17999]
  2023-06-18 17:07:36.440 : IterationNum=26	[MsgId: MMSG-17999]
   USER 26 = user86:pwd86	[MsgId: MMSG-17999]
    2023-06-18 17:07:36.534 : Start page is opened	[MsgId: MMSG-17999]
    2023-06-18 17:07:42.318 : User is logged in with session 136661.810935601HAcQftVpQtcVHHpcfVt	[MsgId: MMSG-17999]
    2023-06-18 17:07:48.037 : User is logged out of session	[MsgId: MMSG-17999]
  2023-06-18 17:09:42.446 : IterationNum=27	[MsgId: MMSG-17999]
   USER 27 = user86:pwd86	[MsgId: MMSG-17999]
    2023-06-18 17:09:42.540 : Start page is opened	[MsgId: MMSG-17999]
    2023-06-18 17:09:47.839 : User is logged in with session 136661.821142163HAcQftcptcftcVHHpcftff	[MsgId: MMSG-17999]
    2023-06-18 17:09:51.920 : User is logged out of session	[MsgId: MMSG-17999]
  2023-06-18 17:11:48.457 : IterationNum=28	[MsgId: MMSG-17999]
   USER 28 = user86:pwd86	[MsgId: MMSG-17999]
    2023-06-18 17:11:48.551 : Start page is opened	[MsgId: MMSG-17999]
    2023-06-18 17:11:54.227 : User is logged in with session 136661.831348724HAcQftcpQftcVHHpcfHH	[MsgId: MMSG-17999]
    2023-06-18 17:12:00.165 : User is logged out of session	[MsgId: MMSG-17999]
  2023-06-18 17:13:54.463 : IterationNum=29	[MsgId: MMSG-17999]
   USER 29 = user86:pwd86	[MsgId: MMSG-17999]
    2023-06-18 17:13:54.557 : Start page is opened	[MsgId: MMSG-17999]
    2023-06-18 17:13:59.122 : User is logged in with session 136661.841555286HAcQftDptHftcVHHpczAif	[MsgId: MMSG-17999]
    2023-06-18 17:14:04.746 : User is logged out of session	[MsgId: MMSG-17999]
  2023-06-18 17:16:00.465 : IterationNum=30	[MsgId: MMSG-17999]
   USER 30 = user86:pwd86	[MsgId: MMSG-17999]
    2023-06-18 17:16:00.559 : Start page is opened	[MsgId: MMSG-17999]
    2023-06-18 17:16:06.502 : User is logged in with session 136661.851761847HAcQftttcVHHpczt	[MsgId: MMSG-17999]
    2023-06-18 17:16:12.595 : User is logged out of session	[MsgId: MMSG-17999]
  2023-06-18 17:18:06.470 : IterationNum=31	[MsgId: MMSG-17999]
   USER 31 = user86:pwd86	[MsgId: MMSG-17999]
    2023-06-18 17:18:06.564 : Start page is opened	[MsgId: MMSG-17999]
    2023-06-18 17:18:10.456 : User is logged in with session 136661.861968408HAcQfttpfcftcVHHpczHVf	[MsgId: MMSG-17999]
    2023-06-18 17:18:15.693 : User is logged out of session	[MsgId: MMSG-17999]
