  2023-06-18 16:13:36.070 : IterationNum=1	[MsgId: MMSG-17999]
   USER 1 = user77:pwd77	[MsgId: MMSG-17999]
    2023-06-18 16:13:36.163 : Start page is opened	[MsgId: MMSG-17999]
    2023-06-18 16:13:40.684 : User is logged in with session 136661.548481166HAcQfcipttcVHHpVHAt	[MsgId: MMSG-17999]
    2023-06-18 16:13:46.380 : User is logged out of session	[MsgId: MMSG-17999]
  2023-06-18 16:15:42.075 : IterationNum=2	[MsgId: MMSG-17999]
   USER 2 = user77:pwd77	[MsgId: MMSG-17999]
    2023-06-18 16:15:42.168 : Start page is opened	[MsgId: MMSG-17999]
    2023-06-18 16:15:48.123 : User is logged in with session 136661.558687728HAcQfcipQcftcVHHpVHDff	[MsgId: MMSG-17999]
    2023-06-18 16:15:53.749 : User is logged out of session	[MsgId: MMSG-17999]
  2023-06-18 16:17:48.079 : IterationNum=3	[MsgId: MMSG-17999]
   USER 3 = user77:pwd77	[MsgId: MMSG-17999]
    2023-06-18 16:17:48.171 : Start page is opened	[MsgId: MMSG-17999]
    2023-06-18 16:17:53.688 : User is logged in with session 136661.568894289HAcQfcQptftcVHHpVHzH	[MsgId: MMSG-17999]
    2023-06-18 16:17:59.469 : User is logged out of session	[MsgId: MMSG-17999]
  2023-06-18 16:19:54.089 : IterationNum=4	[MsgId: MMSG-17999]
   USER 4 = user77:pwd77	[MsgId: MMSG-17999]
    2023-06-18 16:19:54.183 : Start page is opened	[MsgId: MMSG-17999]
    2023-06-18 16:19:58.685 : User is logged in with session 136661.579100851HAcQfcQpQHftcVHHpVHQif	[MsgId: MMSG-17999]
    2023-06-18 16:20:03.543 : User is logged out of session	[MsgId: MMSG-17999]
  2023-06-18 16:22:00.092 : IterationNum=5	[MsgId: MMSG-17999]
   USER 5 = user77:pwd77	[MsgId: MMSG-17999]
    2023-06-18 16:22:00.186 : Start page is opened	[MsgId: MMSG-17999]
    2023-06-18 16:22:05.656 : User is logged in with session 136661.589307412HAcQfDApftcVHHpViD	[MsgId: MMSG-17999]
    2023-06-18 16:22:12.021 : User is logged out of session	[MsgId: MMSG-17999]
  2023-06-18 16:24:06.106 : IterationNum=6	[MsgId: MMSG-17999]
   USER 6 = user77:pwd77	[MsgId: MMSG-17999]
    2023-06-18 16:24:06.199 : Start page is opened	[MsgId: MMSG-17999]
    2023-06-18 16:24:10.337 : User is logged in with session 136661.599513973HAcQfDVpAcftcVHHpVizVf	[MsgId: MMSG-17999]
    2023-06-18 16:24:15.874 : User is logged out of session	[MsgId: MMSG-17999]
  2023-06-18 16:26:12.118 : IterationNum=7	[MsgId: MMSG-17999]
   USER 7 = user77:pwd77	[MsgId: MMSG-17999]
    2023-06-18 16:26:12.212 : Start page is opened	[MsgId: MMSG-17999]
    2023-06-18 16:26:18.216 : User is logged in with session 136661.609720535HAcQfDVpfftcVHHpViQD	[MsgId: MMSG-17999]
    2023-06-18 16:26:22.702 : User is logged out of session	[MsgId: MMSG-17999]
  2023-06-18 16:28:18.131 : IterationNum=8	[MsgId: MMSG-17999]
   USER 8 = user77:pwd77	[MsgId: MMSG-17999]
    2023-06-18 16:28:18.225 : Start page is opened	[MsgId: MMSG-17999]
    2023-06-18 16:28:23.539 : User is logged in with session 136661.619927096HAcQfDcpAHftcVHHpVQctf	[MsgId: MMSG-17999]
    2023-06-18 16:28:29.307 : User is logged out of session	[MsgId: MMSG-17999]
  2023-06-18 16:30:24.143 : IterationNum=9	[MsgId: MMSG-17999]
   USER 9 = user77:pwd77	[MsgId: MMSG-17999]
    2023-06-18 16:30:24.237 : Start page is opened	[MsgId: MMSG-17999]
    2023-06-18 16:30:28.779 : User is logged in with session 136661.630133657HAcQfDcpztcVHHpVQfz	[MsgId: MMSG-17999]
    2023-06-18 16:30:33.391 : User is logged out of session	[MsgId: MMSG-17999]
  2023-06-18 16:32:30.152 : IterationNum=10	[MsgId: MMSG-17999]
   USER 10 = user77:pwd77	[MsgId: MMSG-17999]
    2023-06-18 16:32:30.245 : Start page is opened	[MsgId: MMSG-17999]
    2023-06-18 16:32:35.857 : User is logged in with session 136661.640340219HAcQfDDpVcftcVHHpVQiHf	[MsgId: MMSG-17999]
    2023-06-18 16:32:40.842 : User is logged out of session	[MsgId: MMSG-17999]
  2023-06-18 16:34:36.165 : IterationNum=11	[MsgId: MMSG-17999]
   USER 11 = user77:pwd77	[MsgId: MMSG-17999]
    2023-06-18 16:34:36.259 : Start page is opened	[MsgId: MMSG-17999]
    2023-06-18 16:34:41.346 : User is logged in with session 136661.65054678HAcQfDDpzftcVHHpcAVQ	[MsgId: MMSG-17999]
    2023-06-18 16:34:46.674 : User is logged out of session	[MsgId: MMSG-17999]
  2023-06-18 16:36:42.174 : IterationNum=12	[MsgId: MMSG-17999]
   USER 12 = user77:pwd77	[MsgId: MMSG-17999]
    2023-06-18 16:36:42.268 : Start page is opened	[MsgId: MMSG-17999]
    2023-06-18 16:36:48.270 : User is logged in with session 136661.660753341HAcQfDtpVHftcVHHpcAfAf	[MsgId: MMSG-17999]
    2023-06-18 16:36:52.458 : User is logged out of session	[MsgId: MMSG-17999]
  2023-06-18 16:38:48.175 : IterationNum=13	[MsgId: MMSG-17999]
   USER 13 = user77:pwd77	[MsgId: MMSG-17999]
    2023-06-18 16:38:48.269 : Start page is opened	[MsgId: MMSG-17999]
    2023-06-18 16:38:53.380 : User is logged in with session 136661.670959903HAcQfDtpHtcVHHpcAic	[MsgId: MMSG-17999]
    2023-06-18 16:38:58.601 : User is logged out of session	[MsgId: MMSG-17999]
  2023-06-18 16:40:54.180 : IterationNum=14	[MsgId: MMSG-17999]
   USER 14 = user77:pwd77	[MsgId: MMSG-17999]
    2023-06-18 16:40:54.274 : Start page is opened	[MsgId: MMSG-17999]
    2023-06-18 16:41:00.462 : User is logged in with session 136661.681166464HAcQfDfpccftcVHHpcVVDf	[MsgId: MMSG-17999]
    2023-06-18 16:41:06.215 : User is logged out of session	[MsgId: MMSG-17999]
  2023-06-18 16:43:00.190 : IterationNum=15	[MsgId: MMSG-17999]
   USER 15 = user77:pwd77	[MsgId: MMSG-17999]
    2023-06-18 16:43:00.284 : Start page is opened	[MsgId: MMSG-17999]
    2023-06-18 16:43:04.394 : User is logged in with session 136661.691373026HAcQfDfpHftcVHHpcVtf	[MsgId: MMSG-17999]
    2023-06-18 16:43:10.428 : User is logged out of session	[MsgId: MMSG-17999]
  2023-06-18 16:45:06.199 : IterationNum=16	[MsgId: MMSG-17999]
   USER 16 = user77:pwd77	[MsgId: MMSG-17999]
    2023-06-18 16:45:06.293 : Start page is opened	[MsgId: MMSG-17999]
    2023-06-18 16:45:11.757 : User is logged in with session 136661.701579587HAcQfDzpcHftcVHHpcVHzf	[MsgId: MMSG-17999]
    2023-06-18 16:45:17.430 : User is logged out of session	[MsgId: MMSG-17999]
  2023-06-18 16:47:12.201 : IterationNum=17	[MsgId: MMSG-17999]
   USER 17 = user77:pwd77	[MsgId: MMSG-17999]
    2023-06-18 16:47:12.295 : Start page is opened	[MsgId: MMSG-17999]
    2023-06-18 16:47:16.394 : User is logged in with session 136661.711786148HAcQfDzpitcVHHpccAi	[MsgId: MMSG-17999]
    2023-06-18 16:47:20.829 : User is logged out of session	[MsgId: MMSG-17999]
  2023-06-18 16:49:18.217 : IterationNum=18	[MsgId: MMSG-17999]
   USER 18 = user77:pwd77	[MsgId: MMSG-17999]
    2023-06-18 16:49:18.311 : Start page is opened	[MsgId: MMSG-17999]
    2023-06-18 16:49:24.033 : User is logged in with session 136661.72199271HAcQfDHpDcftcVHHpccDQf	[MsgId: MMSG-17999]
    2023-06-18 16:49:30.394 : User is logged out of session	[MsgId: MMSG-17999]
  2023-06-18 16:51:24.230 : IterationNum=19	[MsgId: MMSG-17999]
   USER 19 = user77:pwd77	[MsgId: MMSG-17999]
    2023-06-18 16:51:24.324 : Start page is opened	[MsgId: MMSG-17999]
    2023-06-18 16:51:28.216 : User is logged in with session 136661.732199271HAcQfDHpiftcVHHpccHV	[MsgId: MMSG-17999]
    2023-06-18 16:51:33.075 : User is logged out of session	[MsgId: MMSG-17999]
  2023-06-18 16:53:30.239 : IterationNum=20	[MsgId: MMSG-17999]
   USER 20 = user77:pwd77	[MsgId: MMSG-17999]
    2023-06-18 16:53:30.333 : Start page is opened	[MsgId: MMSG-17999]
    2023-06-18 16:53:35.831 : User is logged in with session 136661.742405832HAcQfDipDHftcVHHpcDAcf	[MsgId: MMSG-17999]
    2023-06-18 16:53:41.208 : User is logged out of session	[MsgId: MMSG-17999]
  2023-06-18 16:55:36.253 : IterationNum=21	[MsgId: MMSG-17999]
   USER 21 = user77:pwd77	[MsgId: MMSG-17999]
    2023-06-18 16:55:36.347 : Start page is opened	[MsgId: MMSG-17999]
    2023-06-18 16:55:40.535 : User is logged in with session 136661.752612394HAcQfDipQtcVHHpcDDt	[MsgId: MMSG-17999]
    2023-06-18 16:55:46.319 : User is logged out of session	[MsgId: MMSG-17999]
  2023-06-18 16:57:42.254 : IterationNum=22	[MsgId: MMSG-17999]
   USER 22 = user77:pwd77	[MsgId: MMSG-17999]
    2023-06-18 16:57:42.349 : Start page is opened	[MsgId: MMSG-17999]
    2023-06-18 16:57:47.052 : User is logged in with session 136661.762818955HAcQfDQptcftcVHHpcDzff	[MsgId: MMSG-17999]
    2023-06-18 16:57:52.539 : User is logged out of session	[MsgId: MMSG-17999]
  2023-06-18 16:59:48.259 : IterationNum=23	[MsgId: MMSG-17999]
   USER 23 = user77:pwd77	[MsgId: MMSG-17999]
    2023-06-18 16:59:48.353 : Start page is opened	[MsgId: MMSG-17999]
    2023-06-18 16:59:54.111 : User is logged in with session 136661.773025516HAcQfDQpQftcVHHpcDQH	[MsgId: MMSG-17999]
    2023-06-18 16:59:59.548 : User is logged out of session	[MsgId: MMSG-17999]
  2023-06-18 17:01:54.270 : IterationNum=24	[MsgId: MMSG-17999]
   USER 24 = user77:pwd77	[MsgId: MMSG-17999]
    2023-06-18 17:01:54.364 : Start page is opened	[MsgId: MMSG-17999]
    2023-06-18 17:02:00.616 : User is logged in with session 136661.783232078HAcQftAptHftcVHHpctcif	[MsgId: MMSG-17999]
    2023-06-18 17:02:05.540 : User is logged out of session	[MsgId: MMSG-17999]
  2023-06-18 17:04:00.281 : IterationNum=25	[MsgId: MMSG-17999]
   USER 25 = user77:pwd77	[MsgId: MMSG-17999]
    2023-06-18 17:04:00.375 : Start page is opened	[MsgId: MMSG-17999]
    2023-06-18 17:04:05.783 : User is logged in with session 136661.793438639HAcQftVtcVHHpctz	[MsgId: MMSG-17999]
    2023-06-18 17:04:10.034 : User is logged out of session	[MsgId: MMSG-17999]
  2023-06-18 17:06:06.293 : IterationNum=26	[MsgId: MMSG-17999]
   USER 26 = user77:pwd77	[MsgId: MMSG-17999]
    2023-06-18 17:06:06.387 : Start page is opened	[MsgId: MMSG-17999]
    2023-06-18 17:06:11.343 : User is logged in with session 136661.8036452HAcQftVpfcftcVHHpctQVf	[MsgId: MMSG-17999]
    2023-06-18 17:06:16.580 : User is logged out of session	[MsgId: MMSG-17999]
  2023-06-18 17:08:12.305 : IterationNum=27	[MsgId: MMSG-17999]
   USER 27 = user77:pwd77	[MsgId: MMSG-17999]
    2023-06-18 17:08:12.399 : Start page is opened	[MsgId: MMSG-17999]
    2023-06-18 17:08:18.328 : User is logged in with session 136661.813851762HAcQftcpAftcVHHpcfcD	[MsgId: MMSG-17999]
    2023-06-18 17:08:24.107 : User is logged out of session	[MsgId: MMSG-17999]
  2023-06-18 17:10:18.313 : IterationNum=28	[MsgId: MMSG-17999]
   USER 28 = user77:pwd77	[MsgId: MMSG-17999]
    2023-06-18 17:10:18.406 : Start page is opened	[MsgId: MMSG-17999]
    2023-06-18 17:10:22.373 : User is logged in with session 136661.824058323HAcQftcpfHftcVHHpcfftf	[MsgId: MMSG-17999]
    2023-06-18 17:10:27.047 : User is logged out of session	[MsgId: MMSG-17999]
  2023-06-18 17:12:24.328 : IterationNum=29	[MsgId: MMSG-17999]
   USER 29 = user77:pwd77	[MsgId: MMSG-17999]
    2023-06-18 17:12:24.422 : Start page is opened	[MsgId: MMSG-17999]
    2023-06-18 17:12:30.519 : User is logged in with session 136661.834264885HAcQftDpVtcVHHpcfiz	[MsgId: MMSG-17999]
    2023-06-18 17:12:34.857 : User is logged out of session	[MsgId: MMSG-17999]
  2023-06-18 17:14:30.329 : IterationNum=30	[MsgId: MMSG-17999]
   USER 30 = user77:pwd77	[MsgId: MMSG-17999]
    2023-06-18 17:14:30.423 : Start page is opened	[MsgId: MMSG-17999]
    2023-06-18 17:14:34.735 : User is logged in with session 136661.844471446HAcQftDpzcftcVHHpczVHf	[MsgId: MMSG-17999]
    2023-06-18 17:14:40.317 : User is logged out of session	[MsgId: MMSG-17999]
  2023-06-18 17:16:36.344 : IterationNum=31	[MsgId: MMSG-17999]
   USER 31 = user77:pwd77	[MsgId: MMSG-17999]
    2023-06-18 17:16:36.438 : Start page is opened	[MsgId: MMSG-17999]
    2023-06-18 17:16:41.657 : User is logged in with session 136661.854678007HAcQfttpVftcVHHpcztQ	[MsgId: MMSG-17999]
    2023-06-18 17:16:45.922 : User is logged out of session	[MsgId: MMSG-17999]
  2023-06-18 17:18:42.351 : IterationNum=32	[MsgId: MMSG-17999]
   USER 32 = user77:pwd77	[MsgId: MMSG-17999]
    2023-06-18 17:18:42.445 : Start page is opened	[MsgId: MMSG-17999]
    2023-06-18 17:18:46.493 : User is logged in with session 136661.864884569HAcQfttpzHftcVHHpcziAf	[MsgId: MMSG-17999]
    2023-06-18 17:18:52.541 : User is logged out of session	[MsgId: MMSG-17999]
