  2023-06-18 16:15:35.930 : IterationNum=1	[MsgId: MMSG-17999]
   USER 1 = user55:pwd55	[MsgId: MMSG-17999]
    2023-06-18 16:15:36.014 : Start page is opened	[MsgId: MMSG-17999]
    2023-06-18 16:15:41.606 : User is logged in with session 136661.558120697HAcQfcipiQfiDDDDtcVHHpVHDDHf	[MsgId: MMSG-17999]
    2023-06-18 16:15:47.515 : Search page opened	[MsgId: MMSG-17999]
    2023-06-18 16:16:05.314 : Flights found : 232;1370;06/21/2023 and 322;1370;06/18/2023	[MsgId: MMSG-17999]
    2023-06-18 16:16:05.314 : Sity depart : London, Sity arrive : Los Angeles	[MsgId: MMSG-17999]
    2023-06-18 16:16:13.019 : Found Seat Type : First, Seat Pref : Aisle	[MsgId: MMSG-17999]
    2023-06-18 16:16:17.779 : User is logged out of session	[MsgId: MMSG-17999]
  2023-06-18 16:18:15.941 : IterationNum=2	[MsgId: MMSG-17999]
   USER 2 = user56:pwd56	[MsgId: MMSG-17999]
    2023-06-18 16:18:16.035 : Start page is opened	[MsgId: MMSG-17999]
    2023-06-18 16:18:22.161 : User is logged in with session 136661.571081409HAcQfcQpfzcftcVHHpVHHDHf	[MsgId: MMSG-17999]
    2023-06-18 16:18:26.053 : Search page opened	[MsgId: MMSG-17999]
    2023-06-18 16:18:38.095 : Flights found : 510;320;06/21/2023 and 151;285;06/18/2023	[MsgId: MMSG-17999]
    2023-06-18 16:18:38.095 : Sity depart : Portland, Sity arrive : Frankfurt	[MsgId: MMSG-17999]
    2023-06-18 16:18:49.929 : Found Seat Type : Coach, Seat Pref : None	[MsgId: MMSG-17999]
    2023-06-18 16:18:54.328 : User is logged out of session	[MsgId: MMSG-17999]
  2023-06-18 16:20:55.955 : IterationNum=3	[MsgId: MMSG-17999]
   USER 3 = user57:pwd57	[MsgId: MMSG-17999]
    2023-06-18 16:20:56.049 : Start page is opened	[MsgId: MMSG-17999]
    2023-06-18 16:21:02.317 : User is logged in with session 136661.584042122HAcQfDApccQVzzzHtcVHHpViVDHf	[MsgId: MMSG-17999]
    2023-06-18 16:21:07.850 : Search page opened	[MsgId: MMSG-17999]
    2023-06-18 16:21:19.475 : Flights found : 711;454;06/21/2023 and 172;482;06/18/2023	[MsgId: MMSG-17999]
    2023-06-18 16:21:19.476 : Sity depart : Seattle, Sity arrive : Frankfurt	[MsgId: MMSG-17999]
    2023-06-18 16:21:30.348 : Found Seat Type : Coach, Seat Pref : Window	[MsgId: MMSG-17999]
    2023-06-18 16:21:36.478 : User is logged out of session	[MsgId: MMSG-17999]
  2023-06-18 16:23:35.966 : IterationNum=4	[MsgId: MMSG-17999]
   USER 4 = user57:pwd57	[MsgId: MMSG-17999]
    2023-06-18 16:23:36.061 : Start page is opened	[MsgId: MMSG-17999]
    2023-06-18 16:23:41.875 : User is logged in with session 136661.597002835HAcQfDApiQfiDDDDtcVHHpVifDHf	[MsgId: MMSG-17999]
    2023-06-18 16:23:45.870 : Search page opened	[MsgId: MMSG-17999]
    2023-06-18 16:23:58.755 : Flights found : 363;49;06/21/2023 and 631;53;06/18/2023	[MsgId: MMSG-17999]
    2023-06-18 16:23:58.755 : Sity depart : Los Angeles, Sity arrive : San Francisco	[MsgId: MMSG-17999]
    2023-06-18 16:24:09.298 : Found Seat Type : Coach, Seat Pref : Aisle	[MsgId: MMSG-17999]
    2023-06-18 16:24:15.134 : User is logged out of session	[MsgId: MMSG-17999]
  2023-06-18 16:26:15.978 : IterationNum=5	[MsgId: MMSG-17999]
   USER 5 = user57:pwd57	[MsgId: MMSG-17999]
    2023-06-18 16:26:16.072 : Start page is opened	[MsgId: MMSG-17999]
    2023-06-18 16:26:21.810 : User is logged in with session 136661.609963548HAcQfDVpfzcftcVHHpViQDHf	[MsgId: MMSG-17999]
    2023-06-18 16:26:26.343 : Search page opened	[MsgId: MMSG-17999]
    2023-06-18 16:26:44.954 : Flights found : 983;1273;06/21/2023 and 890;1556;06/18/2023	[MsgId: MMSG-17999]
    2023-06-18 16:26:44.954 : Sity depart : Zurich, Sity arrive : Sydney	[MsgId: MMSG-17999]
    2023-06-18 16:26:52.566 : Found Seat Type : Business, Seat Pref : None	[MsgId: MMSG-17999]
    2023-06-18 16:26:57.653 : User is logged out of session	[MsgId: MMSG-17999]
  2023-06-18 16:28:55.986 : IterationNum=6	[MsgId: MMSG-17999]
   USER 6 = user57:pwd57	[MsgId: MMSG-17999]
    2023-06-18 16:28:56.080 : Start page is opened	[MsgId: MMSG-17999]
    2023-06-18 16:29:00.550 : User is logged in with session 136661.623005265HAcQfDcpcDDDDDDDtcVHHpVQDt	[MsgId: MMSG-17999]
    2023-06-18 16:29:05.130 : Search page opened	[MsgId: MMSG-17999]
    2023-06-18 16:29:22.221 : Flights found : 531;330;06/21/2023 and 351;330;06/18/2023	[MsgId: MMSG-17999]
    2023-06-18 16:29:22.221 : Sity depart : Portland, Sity arrive : Los Angeles	[MsgId: MMSG-17999]
    2023-06-18 16:29:32.249 : Found Seat Type : First, Seat Pref : Aisle	[MsgId: MMSG-17999]
    2023-06-18 16:29:38.101 : User is logged out of session	[MsgId: MMSG-17999]
  2023-06-18 16:31:35.999 : IterationNum=7	[MsgId: MMSG-17999]
   USER 7 = user57:pwd57	[MsgId: MMSG-17999]
    2023-06-18 16:31:36.093 : Start page is opened	[MsgId: MMSG-17999]
    2023-06-18 16:31:41.126 : User is logged in with session 136661.635965978HAcQfDcpQtcVHHpVQHt	[MsgId: MMSG-17999]
    2023-06-18 16:31:45.361 : Search page opened	[MsgId: MMSG-17999]
    2023-06-18 16:32:03.167 : Flights found : 062;277;06/21/2023 and 601;261;06/18/2023	[MsgId: MMSG-17999]
    2023-06-18 16:32:03.167 : Sity depart : Denver, Sity arrive : San Francisco	[MsgId: MMSG-17999]
    2023-06-18 16:32:15.311 : Found Seat Type : Business, Seat Pref : Window	[MsgId: MMSG-17999]
    2023-06-18 16:32:20.869 : User is logged out of session	[MsgId: MMSG-17999]
  2023-06-18 16:34:15.999 : IterationNum=8	[MsgId: MMSG-17999]
   USER 8 = user57:pwd57	[MsgId: MMSG-17999]
    2023-06-18 16:34:16.093 : Start page is opened	[MsgId: MMSG-17999]
    2023-06-18 16:34:22.440 : User is logged in with session 136661.648926691HAcQfDDpfzzzzzzHtcVHHpcAVt	[MsgId: MMSG-17999]
    2023-06-18 16:34:27.301 : Search page opened	[MsgId: MMSG-17999]
    2023-06-18 16:34:45.524 : Flights found : 671;145;06/21/2023 and 763;133;06/18/2023	[MsgId: MMSG-17999]
    2023-06-18 16:34:45.524 : Sity depart : San Francisco, Sity arrive : Seattle	[MsgId: MMSG-17999]
    2023-06-18 16:34:53.183 : Found Seat Type : First, Seat Pref : Aisle	[MsgId: MMSG-17999]
    2023-06-18 16:34:57.194 : User is logged out of session	[MsgId: MMSG-17999]
  2023-06-18 16:36:56.005 : IterationNum=9	[MsgId: MMSG-17999]
   USER 9 = user57:pwd57	[MsgId: MMSG-17999]
    2023-06-18 16:36:56.099 : Start page is opened	[MsgId: MMSG-17999]
    2023-06-18 16:37:02.199 : User is logged in with session 136661.661887404HAcQfDtpcDDDDDDDtcVHHpcAft	[MsgId: MMSG-17999]
    2023-06-18 16:37:07.273 : Search page opened	[MsgId: MMSG-17999]
    2023-06-18 16:37:19.276 : Flights found : 210;499;06/21/2023 and 123;408;06/18/2023	[MsgId: MMSG-17999]
    2023-06-18 16:37:19.276 : Sity depart : London, Sity arrive : Frankfurt	[MsgId: MMSG-17999]
    2023-06-18 16:37:30.585 : Found Seat Type : First, Seat Pref : Aisle	[MsgId: MMSG-17999]
    2023-06-18 16:37:35.923 : User is logged out of session	[MsgId: MMSG-17999]
  2023-06-18 16:39:36.007 : IterationNum=10	[MsgId: MMSG-17999]
   USER 10 = user57:pwd57	[MsgId: MMSG-17999]
    2023-06-18 16:39:36.101 : Start page is opened	[MsgId: MMSG-17999]
    2023-06-18 16:39:42.399 : User is logged in with session 136661.674848117HAcQfDtpQtcVHHpcAQt	[MsgId: MMSG-17999]
    2023-06-18 16:39:47.807 : Search page opened	[MsgId: MMSG-17999]
    2023-06-18 16:40:03.586 : Flights found : 960;545;06/21/2023 and 690;545;06/18/2023	[MsgId: MMSG-17999]
    2023-06-18 16:40:03.587 : Sity depart : Zurich, Sity arrive : San Francisco	[MsgId: MMSG-17999]
    2023-06-18 16:40:14.094 : Found Seat Type : Business, Seat Pref : Window	[MsgId: MMSG-17999]
    2023-06-18 16:40:19.162 : User is logged out of session	[MsgId: MMSG-17999]
  2023-06-18 16:42:16.007 : IterationNum=11	[MsgId: MMSG-17999]
   USER 11 = user57:pwd57	[MsgId: MMSG-17999]
    2023-06-18 16:42:16.101 : Start page is opened	[MsgId: MMSG-17999]
    2023-06-18 16:42:22.306 : User is logged in with session 136661.687808829HAcQfDfpfzzzzzzHtcVHHpcVDt	[MsgId: MMSG-17999]
    2023-06-18 16:42:26.942 : Search page opened	[MsgId: MMSG-17999]
    2023-06-18 16:42:39.973 : Flights found : 862;1008;06/21/2023 and 683;873;06/18/2023	[MsgId: MMSG-17999]
    2023-06-18 16:42:39.973 : Sity depart : Sydney, Sity arrive : San Francisco	[MsgId: MMSG-17999]
    2023-06-18 16:42:47.788 : Found Seat Type : Business, Seat Pref : None	[MsgId: MMSG-17999]
    2023-06-18 16:42:53.266 : User is logged out of session	[MsgId: MMSG-17999]
  2023-06-18 16:44:56.007 : IterationNum=12	[MsgId: MMSG-17999]
   USER 12 = user57:pwd57	[MsgId: MMSG-17999]
    2023-06-18 16:44:56.101 : Start page is opened	[MsgId: MMSG-17999]
    2023-06-18 16:45:02.261 : User is logged in with session 136661.700769542HAcQfDzpcDDDDDDDtcVHHpcVHt	[MsgId: MMSG-17999]
    2023-06-18 16:45:06.326 : Search page opened	[MsgId: MMSG-17999]
    2023-06-18 16:45:23.298 : Flights found : 101;343;06/21/2023 and 013;315;06/18/2023	[MsgId: MMSG-17999]
    2023-06-18 16:45:23.298 : Sity depart : Frankfurt, Sity arrive : Denver	[MsgId: MMSG-17999]
    2023-06-18 16:45:31.349 : Found Seat Type : Coach, Seat Pref : Aisle	[MsgId: MMSG-17999]
    2023-06-18 16:45:36.906 : User is logged out of session	[MsgId: MMSG-17999]
  2023-06-18 16:47:36.020 : IterationNum=13	[MsgId: MMSG-17999]
   USER 13 = user57:pwd57	[MsgId: MMSG-17999]
    2023-06-18 16:47:36.114 : Start page is opened	[MsgId: MMSG-17999]
    2023-06-18 16:47:42.443 : User is logged in with session 136661.713730255HAcQfDzpQtcVHHpccVt	[MsgId: MMSG-17999]
    2023-06-18 16:47:48.011 : Search page opened	[MsgId: MMSG-17999]
    2023-06-18 16:48:01.068 : Flights found : 252;984;06/21/2023 and 523;852;06/18/2023	[MsgId: MMSG-17999]
    2023-06-18 16:48:01.068 : Sity depart : London, Sity arrive : Portland	[MsgId: MMSG-17999]
    2023-06-18 16:48:11.682 : Found Seat Type : First, Seat Pref : Window	[MsgId: MMSG-17999]
    2023-06-18 16:48:16.374 : User is logged out of session	[MsgId: MMSG-17999]
  2023-06-18 16:50:16.026 : IterationNum=14	[MsgId: MMSG-17999]
   USER 14 = user57:pwd57	[MsgId: MMSG-17999]
    2023-06-18 16:50:16.120 : Start page is opened	[MsgId: MMSG-17999]
    2023-06-18 16:50:21.120 : User is logged in with session 136661.726690968HAcQfDHpfzzzzzzHtcVHHpccft	[MsgId: MMSG-17999]
    2023-06-18 16:50:27.420 : Search page opened	[MsgId: MMSG-17999]
    2023-06-18 16:50:44.194 : Flights found : 230;773;06/21/2023 and 323;632;06/18/2023	[MsgId: MMSG-17999]
    2023-06-18 16:50:44.194 : Sity depart : London, Sity arrive : Los Angeles	[MsgId: MMSG-17999]
    2023-06-18 16:50:55.231 : Found Seat Type : Coach, Seat Pref : Window	[MsgId: MMSG-17999]
    2023-06-18 16:51:00.237 : User is logged out of session	[MsgId: MMSG-17999]
  2023-06-18 16:52:56.040 : IterationNum=15	[MsgId: MMSG-17999]
   USER 15 = user57:pwd57	[MsgId: MMSG-17999]
    2023-06-18 16:52:56.134 : Start page is opened	[MsgId: MMSG-17999]
    2023-06-18 16:53:00.731 : User is logged in with session 136661.739651681HAcQfDipcDDDDDDDtcVHHpccQt	[MsgId: MMSG-17999]
    2023-06-18 16:53:05.841 : Search page opened	[MsgId: MMSG-17999]
    2023-06-18 16:53:24.637 : Flights found : 183;1871;06/21/2023 and 811;2037;06/18/2023	[MsgId: MMSG-17999]
    2023-06-18 16:53:24.637 : Sity depart : Frankfurt, Sity arrive : Sydney	[MsgId: MMSG-17999]
    2023-06-18 16:53:34.000 : Found Seat Type : First, Seat Pref : None	[MsgId: MMSG-17999]
    2023-06-18 16:53:39.427 : User is logged out of session	[MsgId: MMSG-17999]
  2023-06-18 16:55:36.049 : IterationNum=16	[MsgId: MMSG-17999]
   USER 16 = user57:pwd57	[MsgId: MMSG-17999]
    2023-06-18 16:55:36.143 : Start page is opened	[MsgId: MMSG-17999]
    2023-06-18 16:55:41.064 : User is logged in with session 136661.752612394HAcQfDipQtcVHHpcDDt	[MsgId: MMSG-17999]
    2023-06-18 16:55:47.268 : Search page opened	[MsgId: MMSG-17999]
    2023-06-18 16:56:04.421 : Flights found : 372;165;06/21/2023 and 732;165;06/18/2023	[MsgId: MMSG-17999]
    2023-06-18 16:56:04.421 : Sity depart : Los Angeles, Sity arrive : Seattle	[MsgId: MMSG-17999]
    2023-06-18 16:56:15.927 : Found Seat Type : Coach, Seat Pref : None	[MsgId: MMSG-17999]
    2023-06-18 16:56:22.045 : User is logged out of session	[MsgId: MMSG-17999]
  2023-06-18 16:58:16.056 : IterationNum=17	[MsgId: MMSG-17999]
   USER 17 = user57:pwd57	[MsgId: MMSG-17999]
    2023-06-18 16:58:16.150 : Start page is opened	[MsgId: MMSG-17999]
    2023-06-18 16:58:20.057 : User is logged in with session 136661.765573107HAcQfDQpfzzzzzzHtcVHHpcDHt	[MsgId: MMSG-17999]
    2023-06-18 16:58:25.090 : Search page opened	[MsgId: MMSG-17999]
    2023-06-18 16:58:37.715 : Flights found : 181;1086;06/21/2023 and 812;1153;06/18/2023	[MsgId: MMSG-17999]
    2023-06-18 16:58:37.715 : Sity depart : Frankfurt, Sity arrive : Sydney	[MsgId: MMSG-17999]
    2023-06-18 16:58:48.252 : Found Seat Type : Coach, Seat Pref : Aisle	[MsgId: MMSG-17999]
    2023-06-18 16:58:52.634 : User is logged out of session	[MsgId: MMSG-17999]
  2023-06-18 17:00:56.058 : IterationNum=18	[MsgId: MMSG-17999]
   USER 18 = user57:pwd57	[MsgId: MMSG-17999]
    2023-06-18 17:00:56.152 : Start page is opened	[MsgId: MMSG-17999]
    2023-06-18 17:01:00.059 : User is logged in with session 136661.778533819HAcQftApcDDDDDDDtcVHHpctVt	[MsgId: MMSG-17999]
    2023-06-18 17:01:05.794 : Search page opened	[MsgId: MMSG-17999]
    2023-06-18 17:01:23.978 : Flights found : 311;292;06/21/2023 and 133;386;06/18/2023	[MsgId: MMSG-17999]
    2023-06-18 17:01:23.978 : Sity depart : Los Angeles, Sity arrive : Frankfurt	[MsgId: MMSG-17999]
    2023-06-18 17:01:31.732 : Found Seat Type : Business, Seat Pref : None	[MsgId: MMSG-17999]
    2023-06-18 17:01:37.019 : User is logged out of session	[MsgId: MMSG-17999]
  2023-06-18 17:03:36.064 : IterationNum=19	[MsgId: MMSG-17999]
   USER 19 = user57:pwd57	[MsgId: MMSG-17999]
    2023-06-18 17:03:36.158 : Start page is opened	[MsgId: MMSG-17999]
    2023-06-18 17:03:42.208 : User is logged in with session 136661.791494532HAcQftApQtcVHHpctft	[MsgId: MMSG-17999]
    2023-06-18 17:03:47.199 : Search page opened	[MsgId: MMSG-17999]
    2023-06-18 17:04:05.571 : Flights found : 571;57;06/21/2023 and 751;57;06/18/2023	[MsgId: MMSG-17999]
    2023-06-18 17:04:05.571 : Sity depart : Portland, Sity arrive : Seattle	[MsgId: MMSG-17999]
    2023-06-18 17:04:13.183 : Found Seat Type : Coach, Seat Pref : None	[MsgId: MMSG-17999]
    2023-06-18 17:04:18.834 : User is logged out of session	[MsgId: MMSG-17999]
  2023-06-18 17:06:16.077 : IterationNum=20	[MsgId: MMSG-17999]
   USER 20 = user57:pwd57	[MsgId: MMSG-17999]
    2023-06-18 17:06:16.171 : Start page is opened	[MsgId: MMSG-17999]
    2023-06-18 17:06:21.424 : User is logged in with session 136661.804455245HAcQftVpfzzzzzzHtcVHHpctQt	[MsgId: MMSG-17999]
    2023-06-18 17:06:26.033 : Search page opened	[MsgId: MMSG-17999]
    2023-06-18 17:06:39.647 : Flights found : 851;1345;06/21/2023 and 583;1235;06/18/2023	[MsgId: MMSG-17999]
    2023-06-18 17:06:39.647 : Sity depart : Sydney, Sity arrive : Portland	[MsgId: MMSG-17999]
    2023-06-18 17:06:48.759 : Found Seat Type : First, Seat Pref : Aisle	[MsgId: MMSG-17999]
    2023-06-18 17:06:54.564 : User is logged out of session	[MsgId: MMSG-17999]
  2023-06-18 17:08:56.081 : IterationNum=21	[MsgId: MMSG-17999]
   USER 21 = user57:pwd57	[MsgId: MMSG-17999]
    2023-06-18 17:08:56.175 : Start page is opened	[MsgId: MMSG-17999]
    2023-06-18 17:09:02.005 : User is logged in with session 136661.817415958HAcQftcpcDDDDDDDtcVHHpcfDt	[MsgId: MMSG-17999]
    2023-06-18 17:09:07.947 : Search page opened	[MsgId: MMSG-17999]
    2023-06-18 17:09:20.409 : Flights found : 491;127;06/21/2023 and 942;135;06/18/2023	[MsgId: MMSG-17999]
    2023-06-18 17:09:20.409 : Sity depart : Paris, Sity arrive : Zurich	[MsgId: MMSG-17999]
    2023-06-18 17:09:29.166 : Found Seat Type : Coach, Seat Pref : Window	[MsgId: MMSG-17999]
    2023-06-18 17:09:34.492 : User is logged out of session	[MsgId: MMSG-17999]
  2023-06-18 17:11:36.094 : IterationNum=22	[MsgId: MMSG-17999]
   USER 22 = user57:pwd57	[MsgId: MMSG-17999]
    2023-06-18 17:11:36.188 : Start page is opened	[MsgId: MMSG-17999]
    2023-06-18 17:11:40.783 : User is logged in with session 136661.830376671HAcQftcpQtcVHHpcfHt	[MsgId: MMSG-17999]
    2023-06-18 17:11:46.066 : Search page opened	[MsgId: MMSG-17999]
    2023-06-18 17:12:03.297 : Flights found : 102;365;06/21/2023 and 010;386;06/18/2023	[MsgId: MMSG-17999]
    2023-06-18 17:12:03.297 : Sity depart : Frankfurt, Sity arrive : Denver	[MsgId: MMSG-17999]
    2023-06-18 17:12:12.504 : Found Seat Type : Coach, Seat Pref : None	[MsgId: MMSG-17999]
    2023-06-18 17:12:17.920 : User is logged out of session	[MsgId: MMSG-17999]
  2023-06-18 17:14:16.108 : IterationNum=23	[MsgId: MMSG-17999]
   USER 23 = user57:pwd57	[MsgId: MMSG-17999]
    2023-06-18 17:14:16.202 : Start page is opened	[MsgId: MMSG-17999]
    2023-06-18 17:14:21.546 : User is logged in with session 136661.843337384HAcQftDpfzzzzzzHtcVHHpczVt	[MsgId: MMSG-17999]
    2023-06-18 17:14:27.563 : Search page opened	[MsgId: MMSG-17999]
    2023-06-18 17:14:42.698 : Flights found : 723;867;06/21/2023 and 272;1002;06/18/2023	[MsgId: MMSG-17999]
    2023-06-18 17:14:42.698 : Sity depart : Seattle, Sity arrive : London	[MsgId: MMSG-17999]
    2023-06-18 17:14:54.295 : Found Seat Type : First, Seat Pref : Window	[MsgId: MMSG-17999]
    2023-06-18 17:15:00.468 : User is logged out of session	[MsgId: MMSG-17999]
  2023-06-18 17:16:56.117 : IterationNum=24	[MsgId: MMSG-17999]
   USER 24 = user57:pwd57	[MsgId: MMSG-17999]
    2023-06-18 17:16:56.211 : Start page is opened	[MsgId: MMSG-17999]
    2023-06-18 17:17:01.369 : User is logged in with session 136661.856298096HAcQfttpcDDDDDDDtcVHHpczft	[MsgId: MMSG-17999]
    2023-06-18 17:17:07.075 : Search page opened	[MsgId: MMSG-17999]
    2023-06-18 17:17:21.429 : Flights found : 873;951;06/21/2023 and 782;1099;06/18/2023	[MsgId: MMSG-17999]
    2023-06-18 17:17:21.429 : Sity depart : Sydney, Sity arrive : Seattle	[MsgId: MMSG-17999]
    2023-06-18 17:17:30.527 : Found Seat Type : Business, Seat Pref : None	[MsgId: MMSG-17999]
    2023-06-18 17:17:35.480 : User is logged out of session	[MsgId: MMSG-17999]
