  2023-06-18 16:12:05.869 : IterationNum=1	[MsgId: MMSG-17999]
   USER 1 = user68:pwd68	[MsgId: MMSG-17999]
    2023-06-18 16:12:05.968 : Start page is opened	[MsgId: MMSG-17999]
    2023-06-18 16:12:11.827 : User is logged in with session 136661.541109761HAcQfcipAcAiDDDDtcVHHpVziVcf	[MsgId: MMSG-17999]
    2023-06-18 16:12:16.247 : User is logged out of session	[MsgId: MMSG-17999]
  2023-06-18 16:14:11.882 : IterationNum=2	[MsgId: MMSG-17999]
   USER 2 = user68:pwd68	[MsgId: MMSG-17999]
    2023-06-18 16:14:11.976 : Start page is opened	[MsgId: MMSG-17999]
    2023-06-18 16:14:17.136 : User is logged in with session 136661.551316322HAcQfcipftfiDDDDtcVHHpVHVcHf	[MsgId: MMSG-17999]
    2023-06-18 16:14:21.332 : User is logged out of session	[MsgId: MMSG-17999]
  2023-06-18 16:16:17.888 : IterationNum=3	[MsgId: MMSG-17999]
   USER 3 = user68:pwd68	[MsgId: MMSG-17999]
    2023-06-18 16:16:17.981 : Start page is opened	[MsgId: MMSG-17999]
    2023-06-18 16:16:24.308 : User is logged in with session 136661.561522884HAcQfcQpAHAiDDDDtcVHHpVHttcf	[MsgId: MMSG-17999]
    2023-06-18 16:16:30.397 : User is logged out of session	[MsgId: MMSG-17999]
  2023-06-18 16:18:23.896 : IterationNum=4	[MsgId: MMSG-17999]
   USER 4 = user68:pwd68	[MsgId: MMSG-17999]
    2023-06-18 16:18:23.990 : Start page is opened	[MsgId: MMSG-17999]
    2023-06-18 16:18:29.368 : User is logged in with session 136661.571729445HAcQfcQpfQfiDDDDtcVHHpVHHfHf	[MsgId: MMSG-17999]
    2023-06-18 16:18:34.164 : User is logged out of session	[MsgId: MMSG-17999]
  2023-06-18 16:20:29.907 : IterationNum=5	[MsgId: MMSG-17999]
   USER 5 = user68:pwd68	[MsgId: MMSG-17999]
    2023-06-18 16:20:30.001 : Start page is opened	[MsgId: MMSG-17999]
    2023-06-18 16:20:36.264 : User is logged in with session 136661.581936006HAcQfDApVcAiDDDDtcVHHpViAHcf	[MsgId: MMSG-17999]
    2023-06-18 16:20:42.266 : User is logged out of session	[MsgId: MMSG-17999]
  2023-06-18 16:22:35.912 : IterationNum=6	[MsgId: MMSG-17999]
   USER 6 = user68:pwd68	[MsgId: MMSG-17999]
    2023-06-18 16:22:36.005 : Start page is opened	[MsgId: MMSG-17999]
    2023-06-18 16:22:40.258 : User is logged in with session 136661.592142568HAcQfDApztfiDDDDtcVHHpViDiHf	[MsgId: MMSG-17999]
    2023-06-18 16:22:45.461 : User is logged out of session	[MsgId: MMSG-17999]
  2023-06-18 16:24:41.919 : IterationNum=7	[MsgId: MMSG-17999]
   USER 7 = user68:pwd68	[MsgId: MMSG-17999]
    2023-06-18 16:24:42.013 : Start page is opened	[MsgId: MMSG-17999]
    2023-06-18 16:24:48.095 : User is logged in with session 136661.602349129HAcQfDVpVHAiDDDDtcVHHpViHAcf	[MsgId: MMSG-17999]
    2023-06-18 16:24:52.500 : User is logged out of session	[MsgId: MMSG-17999]
  2023-06-18 16:26:47.931 : IterationNum=8	[MsgId: MMSG-17999]
   USER 8 = user68:pwd68	[MsgId: MMSG-17999]
    2023-06-18 16:26:48.025 : Start page is opened	[MsgId: MMSG-17999]
    2023-06-18 16:26:53.232 : User is logged in with session 136661.612555691HAcQfDVpzQfiDDDDtcVHHpVQAVHf	[MsgId: MMSG-17999]
    2023-06-18 16:26:59.341 : User is logged out of session	[MsgId: MMSG-17999]
  2023-06-18 16:28:53.938 : IterationNum=9	[MsgId: MMSG-17999]
   USER 9 = user68:pwd68	[MsgId: MMSG-17999]
    2023-06-18 16:28:54.032 : Start page is opened	[MsgId: MMSG-17999]
    2023-06-18 16:28:58.846 : User is logged in with session 136661.622762252HAcQfDcpccAiDDDDtcVHHpVQDDcf	[MsgId: MMSG-17999]
    2023-06-18 16:29:03.207 : User is logged out of session	[MsgId: MMSG-17999]
  2023-06-18 16:30:59.946 : IterationNum=10	[MsgId: MMSG-17999]
   USER 10 = user68:pwd68	[MsgId: MMSG-17999]
    2023-06-18 16:31:00.040 : Start page is opened	[MsgId: MMSG-17999]
    2023-06-18 16:31:05.199 : User is logged in with session 136661.632968813HAcQfDcpHtfiDDDDtcVHHpVQztHf	[MsgId: MMSG-17999]
    2023-06-18 16:31:10.597 : User is logged out of session	[MsgId: MMSG-17999]
  2023-06-18 16:33:05.960 : IterationNum=11	[MsgId: MMSG-17999]
   USER 11 = user68:pwd68	[MsgId: MMSG-17999]
    2023-06-18 16:33:06.055 : Start page is opened	[MsgId: MMSG-17999]
    2023-06-18 16:33:10.605 : User is logged in with session 136661.643175375HAcQfDDpcHAiDDDDtcVHHpVQQzcf	[MsgId: MMSG-17999]
    2023-06-18 16:33:14.871 : User is logged out of session	[MsgId: MMSG-17999]
  2023-06-18 16:35:11.971 : IterationNum=12	[MsgId: MMSG-17999]
   USER 12 = user68:pwd68	[MsgId: MMSG-17999]
    2023-06-18 16:35:12.065 : Start page is opened	[MsgId: MMSG-17999]
    2023-06-18 16:35:18.035 : User is logged in with session 136661.653381936HAcQfDDpHQfiDDDDtcVHHpcAcHHf	[MsgId: MMSG-17999]
    2023-06-18 16:35:23.225 : User is logged out of session	[MsgId: MMSG-17999]
  2023-06-18 16:37:17.971 : IterationNum=13	[MsgId: MMSG-17999]
   USER 13 = user68:pwd68	[MsgId: MMSG-17999]
    2023-06-18 16:37:18.065 : Start page is opened	[MsgId: MMSG-17999]
    2023-06-18 16:37:24.248 : User is logged in with session 136661.663588497HAcQfDtpDcAiDDDDtcVHHpcAfQcf	[MsgId: MMSG-17999]
    2023-06-18 16:37:30.140 : User is logged out of session	[MsgId: MMSG-17999]
  2023-06-18 16:39:23.986 : IterationNum=14	[MsgId: MMSG-17999]
   USER 14 = user68:pwd68	[MsgId: MMSG-17999]
    2023-06-18 16:39:24.080 : Start page is opened	[MsgId: MMSG-17999]
    2023-06-18 16:39:28.410 : User is logged in with session 136661.673876063HAcQfDtpiftcVHHpcAQV	[MsgId: MMSG-17999]
    2023-06-18 16:39:33.741 : User is logged out of session	[MsgId: MMSG-17999]
  2023-06-18 16:41:29.988 : IterationNum=15	[MsgId: MMSG-17999]
   USER 15 = user68:pwd68	[MsgId: MMSG-17999]
    2023-06-18 16:41:30.082 : Start page is opened	[MsgId: MMSG-17999]
    2023-06-18 16:41:35.944 : User is logged in with session 136661.684082625HAcQfDfpDHftcVHHpcVccf	[MsgId: MMSG-17999]
    2023-06-18 16:41:42.100 : User is logged out of session	[MsgId: MMSG-17999]
  2023-06-18 16:43:35.989 : IterationNum=16	[MsgId: MMSG-17999]
   USER 16 = user68:pwd68	[MsgId: MMSG-17999]
    2023-06-18 16:43:36.083 : Start page is opened	[MsgId: MMSG-17999]
    2023-06-18 16:43:42.069 : User is logged in with session 136661.694289186HAcQfDfpQtcVHHpcVft	[MsgId: MMSG-17999]
    2023-06-18 16:43:47.054 : User is logged out of session	[MsgId: MMSG-17999]
  2023-06-18 16:45:42.000 : IterationNum=17	[MsgId: MMSG-17999]
   USER 17 = user68:pwd68	[MsgId: MMSG-17999]
    2023-06-18 16:45:42.094 : Start page is opened	[MsgId: MMSG-17999]
    2023-06-18 16:45:48.174 : User is logged in with session 136661.704495747HAcQfDzptcftcVHHpcViff	[MsgId: MMSG-17999]
    2023-06-18 16:45:53.240 : User is logged out of session	[MsgId: MMSG-17999]
  2023-06-18 16:47:48.009 : IterationNum=18	[MsgId: MMSG-17999]
   USER 18 = user68:pwd68	[MsgId: MMSG-17999]
    2023-06-18 16:47:48.103 : Start page is opened	[MsgId: MMSG-17999]
    2023-06-18 16:47:54.195 : User is logged in with session 136661.714702309HAcQfDzpQftcVHHpccVH	[MsgId: MMSG-17999]
    2023-06-18 16:47:58.530 : User is logged out of session	[MsgId: MMSG-17999]
  2023-06-18 16:49:54.020 : IterationNum=19	[MsgId: MMSG-17999]
   USER 19 = user68:pwd68	[MsgId: MMSG-17999]
    2023-06-18 16:49:54.113 : Start page is opened	[MsgId: MMSG-17999]
    2023-06-18 16:49:58.567 : User is logged in with session 136661.72490887HAcQfDHptHftcVHHpcctif	[MsgId: MMSG-17999]
    2023-06-18 16:50:04.616 : User is logged out of session	[MsgId: MMSG-17999]
  2023-06-18 16:52:00.032 : IterationNum=20	[MsgId: MMSG-17999]
   USER 20 = user68:pwd68	[MsgId: MMSG-17999]
    2023-06-18 16:52:00.126 : Start page is opened	[MsgId: MMSG-17999]
    2023-06-18 16:52:04.502 : User is logged in with session 136661.735115431HAcQfDitcVHHpcci	[MsgId: MMSG-17999]
    2023-06-18 16:52:09.319 : User is logged out of session	[MsgId: MMSG-17999]
  2023-06-18 16:54:06.042 : IterationNum=21	[MsgId: MMSG-17999]
   USER 21 = user68:pwd68	[MsgId: MMSG-17999]
    2023-06-18 16:54:06.136 : Start page is opened	[MsgId: MMSG-17999]
    2023-06-18 16:54:11.161 : User is logged in with session 136661.745321993HAcQfDipfcftcVHHpcDVVf	[MsgId: MMSG-17999]
    2023-06-18 16:54:16.693 : User is logged out of session	[MsgId: MMSG-17999]
  2023-06-18 16:56:12.055 : IterationNum=22	[MsgId: MMSG-17999]
   USER 22 = user68:pwd68	[MsgId: MMSG-17999]
    2023-06-18 16:56:12.149 : Start page is opened	[MsgId: MMSG-17999]
    2023-06-18 16:56:17.981 : User is logged in with session 136661.755528554HAcQfDQpAftcVHHpcDtD	[MsgId: MMSG-17999]
    2023-06-18 16:56:23.670 : User is logged out of session	[MsgId: MMSG-17999]
  2023-06-18 16:58:18.057 : IterationNum=23	[MsgId: MMSG-17999]
   USER 23 = user68:pwd68	[MsgId: MMSG-17999]
    2023-06-18 16:58:18.151 : Start page is opened	[MsgId: MMSG-17999]
    2023-06-18 16:58:22.325 : User is logged in with session 136661.765735115HAcQfDQpfHftcVHHpcDHtf	[MsgId: MMSG-17999]
    2023-06-18 16:58:27.059 : User is logged out of session	[MsgId: MMSG-17999]
  2023-06-18 17:00:24.064 : IterationNum=24	[MsgId: MMSG-17999]
   USER 24 = user68:pwd68	[MsgId: MMSG-17999]
    2023-06-18 17:00:24.158 : Start page is opened	[MsgId: MMSG-17999]
    2023-06-18 17:00:28.627 : User is logged in with session 136661.775941677HAcQftApVtcVHHpctAz	[MsgId: MMSG-17999]
    2023-06-18 17:00:34.265 : User is logged out of session	[MsgId: MMSG-17999]
  2023-06-18 17:02:30.067 : IterationNum=25	[MsgId: MMSG-17999]
   USER 25 = user68:pwd68	[MsgId: MMSG-17999]
    2023-06-18 17:02:30.161 : Start page is opened	[MsgId: MMSG-17999]
    2023-06-18 17:02:34.572 : User is logged in with session 136661.786148238HAcQftApzcftcVHHpctDHf	[MsgId: MMSG-17999]
    2023-06-18 17:02:39.619 : User is logged out of session	[MsgId: MMSG-17999]
  2023-06-18 17:04:36.072 : IterationNum=26	[MsgId: MMSG-17999]
   USER 26 = user68:pwd68	[MsgId: MMSG-17999]
    2023-06-18 17:04:36.167 : Start page is opened	[MsgId: MMSG-17999]
    2023-06-18 17:04:41.950 : User is logged in with session 136661.7963548HAcQftVpVftcVHHpctzQ	[MsgId: MMSG-17999]
    2023-06-18 17:04:48.233 : User is logged out of session	[MsgId: MMSG-17999]
  2023-06-18 17:06:42.077 : IterationNum=27	[MsgId: MMSG-17999]
   USER 27 = user68:pwd68	[MsgId: MMSG-17999]
    2023-06-18 17:06:42.171 : Start page is opened	[MsgId: MMSG-17999]
    2023-06-18 17:06:47.501 : User is logged in with session 136661.806561361HAcQftVpzHftcVHHpcfAAf	[MsgId: MMSG-17999]
    2023-06-18 17:06:52.769 : User is logged out of session	[MsgId: MMSG-17999]
  2023-06-18 17:08:48.080 : IterationNum=28	[MsgId: MMSG-17999]
   USER 28 = user68:pwd68	[MsgId: MMSG-17999]
    2023-06-18 17:08:48.174 : Start page is opened	[MsgId: MMSG-17999]
    2023-06-18 17:08:53.457 : User is logged in with session 136661.816767922HAcQftcpctcVHHpcfDc	[MsgId: MMSG-17999]
    2023-06-18 17:08:59.082 : User is logged out of session	[MsgId: MMSG-17999]
  2023-06-18 17:10:54.082 : IterationNum=29	[MsgId: MMSG-17999]
   USER 29 = user68:pwd68	[MsgId: MMSG-17999]
    2023-06-18 17:10:54.176 : Start page is opened	[MsgId: MMSG-17999]
    2023-06-18 17:10:59.694 : User is logged in with session 136661.826974484HAcQftcpHcftcVHHpcfzDf	[MsgId: MMSG-17999]
    2023-06-18 17:11:05.256 : User is logged out of session	[MsgId: MMSG-17999]
  2023-06-18 17:13:00.087 : IterationNum=30	[MsgId: MMSG-17999]
   USER 30 = user68:pwd68	[MsgId: MMSG-17999]
    2023-06-18 17:13:00.181 : Start page is opened	[MsgId: MMSG-17999]
    2023-06-18 17:13:04.745 : User is logged in with session 136661.837181045HAcQftDpcftcVHHpcfQf	[MsgId: MMSG-17999]
    2023-06-18 17:13:10.544 : User is logged out of session	[MsgId: MMSG-17999]
  2023-06-18 17:15:06.087 : IterationNum=31	[MsgId: MMSG-17999]
   USER 31 = user68:pwd68	[MsgId: MMSG-17999]
    2023-06-18 17:15:06.181 : Start page is opened	[MsgId: MMSG-17999]
    2023-06-18 17:15:10.700 : User is logged in with session 136661.847387606HAcQftDpHHftcVHHpczczf	[MsgId: MMSG-17999]
    2023-06-18 17:15:16.305 : User is logged out of session	[MsgId: MMSG-17999]
  2023-06-18 17:17:12.091 : IterationNum=32	[MsgId: MMSG-17999]
   USER 32 = user68:pwd68	[MsgId: MMSG-17999]
    2023-06-18 17:17:12.185 : Start page is opened	[MsgId: MMSG-17999]
    2023-06-18 17:17:16.968 : User is logged in with session 136661.857594168HAcQfttpDtcVHHpczfi	[MsgId: MMSG-17999]
    2023-06-18 17:17:22.828 : User is logged out of session	[MsgId: MMSG-17999]
