  2023-06-18 16:14:46.212 : IterationNum=1	[MsgId: MMSG-17999]
   USER 1 = user84:pwd84	[MsgId: MMSG-17999]
    2023-06-18 16:14:46.299 : Start page is opened	[MsgId: MMSG-17999]
    2023-06-18 16:14:50.441 : User is logged in with session 136661.554151478HAcQfcipzQVzzzzHtcVHHpVHcVf	[MsgId: MMSG-17999]
    2023-06-18 16:14:55.934 : User is logged out of session	[MsgId: MMSG-17999]
  2023-06-18 16:16:52.217 : IterationNum=2	[MsgId: MMSG-17999]
   USER 2 = user84:pwd84	[MsgId: MMSG-17999]
    2023-06-18 16:16:52.312 : Start page is opened	[MsgId: MMSG-17999]
    2023-06-18 16:16:58.390 : User is logged in with session 136661.56435804HAcQfcQpcVzzzzzHtcVHHpVHfD	[MsgId: MMSG-17999]
    2023-06-18 16:17:02.374 : User is logged out of session	[MsgId: MMSG-17999]
  2023-06-18 16:18:58.217 : IterationNum=3	[MsgId: MMSG-17999]
   USER 3 = user84:pwd84	[MsgId: MMSG-17999]
    2023-06-18 16:18:58.311 : Start page is opened	[MsgId: MMSG-17999]
    2023-06-18 16:19:02.969 : User is logged in with session 136661.574564601HAcQfcQpHtVzzzzHtcVHHpVHitf	[MsgId: MMSG-17999]
    2023-06-18 16:19:08.362 : User is logged out of session	[MsgId: MMSG-17999]
  2023-06-18 16:21:04.223 : IterationNum=4	[MsgId: MMSG-17999]
   USER 4 = user84:pwd84	[MsgId: MMSG-17999]
    2023-06-18 16:21:04.317 : Start page is opened	[MsgId: MMSG-17999]
    2023-06-18 16:21:09.555 : User is logged in with session 136661.584771162HAcQfDApczzzzzzHtcVHHpViVz	[MsgId: MMSG-17999]
    2023-06-18 16:21:15.821 : User is logged out of session	[MsgId: MMSG-17999]
  2023-06-18 16:23:10.233 : IterationNum=5	[MsgId: MMSG-17999]
   USER 5 = user84:pwd84	[MsgId: MMSG-17999]
    2023-06-18 16:23:10.327 : Start page is opened	[MsgId: MMSG-17999]
    2023-06-18 16:23:16.051 : User is logged in with session 136661.594977724HAcQfDApHQVzzzzHtcVHHpVitHf	[MsgId: MMSG-17999]
    2023-06-18 16:23:21.940 : User is logged out of session	[MsgId: MMSG-17999]
  2023-06-18 16:25:16.242 : IterationNum=6	[MsgId: MMSG-17999]
   USER 6 = user84:pwd84	[MsgId: MMSG-17999]
    2023-06-18 16:25:16.336 : Start page is opened	[MsgId: MMSG-17999]
    2023-06-18 16:25:21.225 : User is logged in with session 136661.605184285HAcQfDVpDVzzzzzHtcVHHpViHQ	[MsgId: MMSG-17999]
    2023-06-18 16:25:25.571 : User is logged out of session	[MsgId: MMSG-17999]
  2023-06-18 16:27:22.252 : IterationNum=7	[MsgId: MMSG-17999]
   USER 7 = user84:pwd84	[MsgId: MMSG-17999]
    2023-06-18 16:27:22.346 : Start page is opened	[MsgId: MMSG-17999]
    2023-06-18 16:27:28.472 : User is logged in with session 136661.615390847HAcQfDVpitVzzzzHtcVHHpVQVAf	[MsgId: MMSG-17999]
    2023-06-18 16:27:33.257 : User is logged out of session	[MsgId: MMSG-17999]
  2023-06-18 16:29:28.260 : IterationNum=8	[MsgId: MMSG-17999]
   USER 8 = user84:pwd84	[MsgId: MMSG-17999]
    2023-06-18 16:29:28.354 : Start page is opened	[MsgId: MMSG-17999]
    2023-06-18 16:29:33.428 : User is logged in with session 136661.625597408HAcQfDcpDzzzzzzHtcVHHpVQtc	[MsgId: MMSG-17999]
    2023-06-18 16:29:38.804 : User is logged out of session	[MsgId: MMSG-17999]
  2023-06-18 16:31:34.265 : IterationNum=9	[MsgId: MMSG-17999]
   USER 9 = user84:pwd84	[MsgId: MMSG-17999]
    2023-06-18 16:31:34.359 : Start page is opened	[MsgId: MMSG-17999]
    2023-06-18 16:31:39.564 : User is logged in with session 136661.635803969HAcQfDcpiQVzzzzHtcVHHpVQHDf	[MsgId: MMSG-17999]
    2023-06-18 16:31:45.550 : User is logged out of session	[MsgId: MMSG-17999]
  2023-06-18 16:33:40.272 : IterationNum=10	[MsgId: MMSG-17999]
   USER 10 = user84:pwd84	[MsgId: MMSG-17999]
    2023-06-18 16:33:40.366 : Start page is opened	[MsgId: MMSG-17999]
    2023-06-18 16:33:45.321 : User is logged in with session 136661.646010531HAcQfDDptVzzzzzHtcVHHpcAAf	[MsgId: MMSG-17999]
    2023-06-18 16:33:50.432 : User is logged out of session	[MsgId: MMSG-17999]
  2023-06-18 16:35:46.279 : IterationNum=11	[MsgId: MMSG-17999]
   USER 11 = user84:pwd84	[MsgId: MMSG-17999]
    2023-06-18 16:35:46.373 : Start page is opened	[MsgId: MMSG-17999]
    2023-06-18 16:35:51.236 : User is logged in with session 136661.656217092HAcQfDDpQtVzzzzHtcVHHpcADzf	[MsgId: MMSG-17999]
    2023-06-18 16:35:55.688 : User is logged out of session	[MsgId: MMSG-17999]
  2023-06-18 16:37:52.285 : IterationNum=12	[MsgId: MMSG-17999]
   USER 12 = user84:pwd84	[MsgId: MMSG-17999]
    2023-06-18 16:37:52.379 : Start page is opened	[MsgId: MMSG-17999]
    2023-06-18 16:37:57.287 : User is logged in with session 136661.666423653HAcQfDtptzzzzzzHtcVHHpcAzi	[MsgId: MMSG-17999]
    2023-06-18 16:38:03.572 : User is logged out of session	[MsgId: MMSG-17999]
  2023-06-18 16:39:58.297 : IterationNum=13	[MsgId: MMSG-17999]
   USER 13 = user84:pwd84	[MsgId: MMSG-17999]
    2023-06-18 16:39:58.392 : Start page is opened	[MsgId: MMSG-17999]
    2023-06-18 16:40:02.643 : User is logged in with session 136661.676630215HAcQfDtpQQVzzzzHtcVHHpcAQQf	[MsgId: MMSG-17999]
    2023-06-18 16:40:07.770 : User is logged out of session	[MsgId: MMSG-17999]
  2023-06-18 16:42:04.301 : IterationNum=14	[MsgId: MMSG-17999]
   USER 14 = user84:pwd84	[MsgId: MMSG-17999]
    2023-06-18 16:42:04.395 : Start page is opened	[MsgId: MMSG-17999]
    2023-06-18 16:42:09.896 : User is logged in with session 136661.686836776HAcQfDfpfVzzzzzHtcVHHpcVDV	[MsgId: MMSG-17999]
    2023-06-18 16:42:15.852 : User is logged out of session	[MsgId: MMSG-17999]
  2023-06-18 16:44:10.314 : IterationNum=15	[MsgId: MMSG-17999]
   USER 15 = user84:pwd84	[MsgId: MMSG-17999]
    2023-06-18 16:44:10.408 : Start page is opened	[MsgId: MMSG-17999]
    2023-06-18 16:44:16.099 : User is logged in with session 136661.697043337HAcQfDzpAtVzzzzHtcVHHpcVzcf	[MsgId: MMSG-17999]
    2023-06-18 16:44:21.650 : User is logged out of session	[MsgId: MMSG-17999]
  2023-06-18 16:46:16.328 : IterationNum=16	[MsgId: MMSG-17999]
   USER 16 = user84:pwd84	[MsgId: MMSG-17999]
    2023-06-18 16:46:16.422 : Start page is opened	[MsgId: MMSG-17999]
    2023-06-18 16:46:22.582 : User is logged in with session 136661.707249899HAcQfDzpfzzzzzzHtcVHHpcVQt	[MsgId: MMSG-17999]
    2023-06-18 16:46:28.802 : User is logged out of session	[MsgId: MMSG-17999]
  2023-06-18 16:48:22.340 : IterationNum=17	[MsgId: MMSG-17999]
   USER 17 = user84:pwd84	[MsgId: MMSG-17999]
    2023-06-18 16:48:22.434 : Start page is opened	[MsgId: MMSG-17999]
    2023-06-18 16:48:28.389 : User is logged in with session 136661.71745646HAcQfDHpAQVzzzzHtcVHHpcccff	[MsgId: MMSG-17999]
    2023-06-18 16:48:34.229 : User is logged out of session	[MsgId: MMSG-17999]
  2023-06-18 16:50:28.342 : IterationNum=18	[MsgId: MMSG-17999]
   USER 18 = user84:pwd84	[MsgId: MMSG-17999]
    2023-06-18 16:50:28.436 : Start page is opened	[MsgId: MMSG-17999]
    2023-06-18 16:50:32.732 : User is logged in with session 136661.727663021HAcQfDHpzVzzzzzHtcVHHpccfH	[MsgId: MMSG-17999]
    2023-06-18 16:50:38.889 : User is logged out of session	[MsgId: MMSG-17999]
  2023-06-18 16:52:34.347 : IterationNum=19	[MsgId: MMSG-17999]
   USER 19 = user84:pwd84	[MsgId: MMSG-17999]
    2023-06-18 16:52:34.441 : Start page is opened	[MsgId: MMSG-17999]
    2023-06-18 16:52:40.630 : User is logged in with session 136661.737869583HAcQfDipVtVzzzzHtcVHHpcciif	[MsgId: MMSG-17999]
    2023-06-18 16:52:44.803 : User is logged out of session	[MsgId: MMSG-17999]
  2023-06-18 16:54:40.354 : IterationNum=20	[MsgId: MMSG-17999]
   USER 20 = user84:pwd84	[MsgId: MMSG-17999]
    2023-06-18 16:54:40.448 : Start page is opened	[MsgId: MMSG-17999]
    2023-06-18 16:54:44.921 : User is logged in with session 136661.748076144HAcQfDipzzzzzzzHtcVHHpcDc	[MsgId: MMSG-17999]
    2023-06-18 16:54:50.061 : User is logged out of session	[MsgId: MMSG-17999]
  2023-06-18 16:56:46.361 : IterationNum=21	[MsgId: MMSG-17999]
   USER 21 = user84:pwd84	[MsgId: MMSG-17999]
    2023-06-18 16:56:46.455 : Start page is opened	[MsgId: MMSG-17999]
    2023-06-18 16:56:50.518 : User is logged in with session 136661.758282706HAcQfDQpVQVzzzzHtcVHHpcDfVf	[MsgId: MMSG-17999]
    2023-06-18 16:56:55.901 : User is logged out of session	[MsgId: MMSG-17999]
  2023-06-18 16:58:52.369 : IterationNum=22	[MsgId: MMSG-17999]
   USER 22 = user84:pwd84	[MsgId: MMSG-17999]
    2023-06-18 16:58:52.463 : Start page is opened	[MsgId: MMSG-17999]
    2023-06-18 16:58:56.777 : User is logged in with session 136661.768489267HAcQfDQpHVzzzzzHtcVHHpcDiD	[MsgId: MMSG-17999]
    2023-06-18 16:59:01.764 : User is logged out of session	[MsgId: MMSG-17999]
  2023-06-18 17:00:58.371 : IterationNum=23	[MsgId: MMSG-17999]
   USER 23 = user84:pwd84	[MsgId: MMSG-17999]
    2023-06-18 17:00:58.465 : Start page is opened	[MsgId: MMSG-17999]
    2023-06-18 17:01:02.372 : User is logged in with session 136661.778695828HAcQftApctVzzzzHtcVHHpctVtf	[MsgId: MMSG-17999]
    2023-06-18 17:01:08.374 : User is logged out of session	[MsgId: MMSG-17999]
  2023-06-18 17:03:04.378 : IterationNum=24	[MsgId: MMSG-17999]
   USER 24 = user84:pwd84	[MsgId: MMSG-17999]
    2023-06-18 17:03:04.472 : Start page is opened	[MsgId: MMSG-17999]
    2023-06-18 17:03:10.255 : User is logged in with session 136661.78890239HAcQftApHzzzzzzHtcVHHpcttz	[MsgId: MMSG-17999]
    2023-06-18 17:03:15.365 : User is logged out of session	[MsgId: MMSG-17999]
  2023-06-18 17:05:10.381 : IterationNum=25	[MsgId: MMSG-17999]
   USER 25 = user84:pwd84	[MsgId: MMSG-17999]
    2023-06-18 17:05:10.475 : Start page is opened	[MsgId: MMSG-17999]
    2023-06-18 17:05:16.461 : User is logged in with session 136661.799108951HAcQftVpcQVzzzzHtcVHHpctHHf	[MsgId: MMSG-17999]
    2023-06-18 17:05:20.839 : User is logged out of session	[MsgId: MMSG-17999]
  2023-06-18 17:07:16.397 : IterationNum=26	[MsgId: MMSG-17999]
   USER 26 = user84:pwd84	[MsgId: MMSG-17999]
    2023-06-18 17:07:16.491 : Start page is opened	[MsgId: MMSG-17999]
    2023-06-18 17:07:22.477 : User is logged in with session 136661.809315512HAcQftVpiVzzzzzHtcVHHpcfAQ	[MsgId: MMSG-17999]
    2023-06-18 17:07:26.352 : User is logged out of session	[MsgId: MMSG-17999]
  2023-06-18 17:09:22.403 : IterationNum=27	[MsgId: MMSG-17999]
   USER 27 = user84:pwd84	[MsgId: MMSG-17999]
    2023-06-18 17:09:22.497 : Start page is opened	[MsgId: MMSG-17999]
    2023-06-18 17:09:28.329 : User is logged in with session 136661.819522074HAcQftcpDtVzzzzHtcVHHpcftAf	[MsgId: MMSG-17999]
    2023-06-18 17:09:32.895 : User is logged out of session	[MsgId: MMSG-17999]
  2023-06-18 17:11:28.404 : IterationNum=28	[MsgId: MMSG-17999]
   USER 28 = user84:pwd84	[MsgId: MMSG-17999]
    2023-06-18 17:11:28.498 : Start page is opened	[MsgId: MMSG-17999]
    2023-06-18 17:11:33.985 : User is logged in with session 136661.829728635HAcQftcpizzzzzzHtcVHHpcfHc	[MsgId: MMSG-17999]
    2023-06-18 17:11:40.346 : User is logged out of session	[MsgId: MMSG-17999]
  2023-06-18 17:13:34.413 : IterationNum=29	[MsgId: MMSG-17999]
   USER 29 = user84:pwd84	[MsgId: MMSG-17999]
    2023-06-18 17:13:34.507 : Start page is opened	[MsgId: MMSG-17999]
    2023-06-18 17:13:39.836 : User is logged in with session 136661.839935196HAcQftDpDQVzzzzHtcVHHpczADf	[MsgId: MMSG-17999]
    2023-06-18 17:13:45.899 : User is logged out of session	[MsgId: MMSG-17999]
  2023-06-18 17:15:40.413 : IterationNum=30	[MsgId: MMSG-17999]
   USER 30 = user84:pwd84	[MsgId: MMSG-17999]
    2023-06-18 17:15:40.507 : Start page is opened	[MsgId: MMSG-17999]
    2023-06-18 17:15:44.529 : User is logged in with session 136661.850141758HAcQftDpQVzzzzzHtcVHHpczDf	[MsgId: MMSG-17999]
    2023-06-18 17:15:49.729 : User is logged out of session	[MsgId: MMSG-17999]
  2023-06-18 17:17:46.417 : IterationNum=31	[MsgId: MMSG-17999]
   USER 31 = user84:pwd84	[MsgId: MMSG-17999]
    2023-06-18 17:17:46.511 : Start page is opened	[MsgId: MMSG-17999]
    2023-06-18 17:17:52.686 : User is logged in with session 136661.860348319HAcQfttpttVzzzzHtcVHHpczzzf	[MsgId: MMSG-17999]
    2023-06-18 17:17:58.045 : User is logged out of session	[MsgId: MMSG-17999]
