  2023-06-18 16:15:16.301 : IterationNum=1	[MsgId: MMSG-17999]
   USER 1 = user87:pwd87	[MsgId: MMSG-17999]
    2023-06-18 16:15:16.395 : Start page is opened	[MsgId: MMSG-17999]
    2023-06-18 16:15:22.165 : User is logged in with session 136661.556581612HAcQfcipiVzzzzzHtcVHHpVHcQ	[MsgId: MMSG-17999]
    2023-06-18 16:15:26.702 : User is logged out of session	[MsgId: MMSG-17999]
  2023-06-18 16:17:22.304 : IterationNum=2	[MsgId: MMSG-17999]
   USER 2 = user87:pwd87	[MsgId: MMSG-17999]
    2023-06-18 16:17:22.398 : Start page is opened	[MsgId: MMSG-17999]
    2023-06-18 16:17:27.842 : User is logged in with session 136661.566788173HAcQfcQpDtVzzzzHtcVHHpVHzAf	[MsgId: MMSG-17999]
    2023-06-18 16:17:33.800 : User is logged out of session	[MsgId: MMSG-17999]
  2023-06-18 16:19:28.304 : IterationNum=3	[MsgId: MMSG-17999]
   USER 3 = user87:pwd87	[MsgId: MMSG-17999]
    2023-06-18 16:19:28.398 : Start page is opened	[MsgId: MMSG-17999]
    2023-06-18 16:19:32.945 : User is logged in with session 136661.576994735HAcQfcQpizzzzzzHtcVHHpVHQc	[MsgId: MMSG-17999]
    2023-06-18 16:19:39.009 : User is logged out of session	[MsgId: MMSG-17999]
  2023-06-18 16:21:34.305 : IterationNum=4	[MsgId: MMSG-17999]
   USER 4 = user87:pwd87	[MsgId: MMSG-17999]
    2023-06-18 16:21:34.399 : Start page is opened	[MsgId: MMSG-17999]
    2023-06-18 16:21:39.666 : User is logged in with session 136661.587201296HAcQfDApDQVzzzzHtcVHHpVicDf	[MsgId: MMSG-17999]
    2023-06-18 16:21:44.184 : User is logged out of session	[MsgId: MMSG-17999]
  2023-06-18 16:23:40.312 : IterationNum=5	[MsgId: MMSG-17999]
   USER 5 = user87:pwd87	[MsgId: MMSG-17999]
    2023-06-18 16:23:40.406 : Start page is opened	[MsgId: MMSG-17999]
    2023-06-18 16:23:46.054 : User is logged in with session 136661.597407857HAcQfDApQVzzzzzHtcVHHpViff	[MsgId: MMSG-17999]
    2023-06-18 16:23:52.293 : User is logged out of session	[MsgId: MMSG-17999]
  2023-06-18 16:25:46.326 : IterationNum=6	[MsgId: MMSG-17999]
   USER 6 = user87:pwd87	[MsgId: MMSG-17999]
    2023-06-18 16:25:46.420 : Start page is opened	[MsgId: MMSG-17999]
    2023-06-18 16:25:52.377 : User is logged in with session 136661.607614419HAcQfDVpttVzzzzHtcVHHpViizf	[MsgId: MMSG-17999]
    2023-06-18 16:25:56.344 : User is logged out of session	[MsgId: MMSG-17999]
  2023-06-18 16:27:52.328 : IterationNum=7	[MsgId: MMSG-17999]
   USER 7 = user87:pwd87	[MsgId: MMSG-17999]
    2023-06-18 16:27:52.422 : Start page is opened	[MsgId: MMSG-17999]
    2023-06-18 16:27:58.032 : User is logged in with session 136661.61782098HAcQfDVpQzzzzzzHtcVHHpVQVi	[MsgId: MMSG-17999]
    2023-06-18 16:28:01.925 : User is logged out of session	[MsgId: MMSG-17999]
  2023-06-18 16:29:58.341 : IterationNum=8	[MsgId: MMSG-17999]
   USER 8 = user87:pwd87	[MsgId: MMSG-17999]
    2023-06-18 16:29:58.435 : Start page is opened	[MsgId: MMSG-17999]
    2023-06-18 16:30:03.075 : User is logged in with session 136661.628027542HAcQfDcptQVzzzzHtcVHHpVQtQf	[MsgId: MMSG-17999]
    2023-06-18 16:30:07.874 : User is logged out of session	[MsgId: MMSG-17999]
  2023-06-18 16:32:04.347 : IterationNum=9	[MsgId: MMSG-17999]
   USER 9 = user87:pwd87	[MsgId: MMSG-17999]
    2023-06-18 16:32:04.442 : Start page is opened	[MsgId: MMSG-17999]
    2023-06-18 16:32:10.680 : User is logged in with session 136661.638234103HAcQfDDpAVzzzzzHtcVHHpVQiV	[MsgId: MMSG-17999]
    2023-06-18 16:32:16.868 : User is logged out of session	[MsgId: MMSG-17999]
  2023-06-18 16:34:10.358 : IterationNum=10	[MsgId: MMSG-17999]
   USER 10 = user87:pwd87	[MsgId: MMSG-17999]
    2023-06-18 16:34:10.452 : Start page is opened	[MsgId: MMSG-17999]
    2023-06-18 16:34:14.343 : User is logged in with session 136661.648440664HAcQfDDpftVzzzzHtcVHHpcAVcf	[MsgId: MMSG-17999]
    2023-06-18 16:34:20.532 : User is logged out of session	[MsgId: MMSG-17999]
  2023-06-18 16:36:16.364 : IterationNum=11	[MsgId: MMSG-17999]
   USER 11 = user87:pwd87	[MsgId: MMSG-17999]
    2023-06-18 16:36:16.458 : Start page is opened	[MsgId: MMSG-17999]
    2023-06-18 16:36:22.710 : User is logged in with session 136661.658647226HAcQfDtpAzzzzzzHtcVHHpcAtt	[MsgId: MMSG-17999]
    2023-06-18 16:36:28.477 : User is logged out of session	[MsgId: MMSG-17999]
  2023-06-18 16:38:22.376 : IterationNum=12	[MsgId: MMSG-17999]
   USER 12 = user87:pwd87	[MsgId: MMSG-17999]
    2023-06-18 16:38:22.470 : Start page is opened	[MsgId: MMSG-17999]
    2023-06-18 16:38:26.549 : User is logged in with session 136661.668853787HAcQfDtpfQVzzzzHtcVHHpcAHff	[MsgId: MMSG-17999]
    2023-06-18 16:38:31.817 : User is logged out of session	[MsgId: MMSG-17999]
  2023-06-18 16:40:28.385 : IterationNum=13	[MsgId: MMSG-17999]
   USER 13 = user87:pwd87	[MsgId: MMSG-17999]
    2023-06-18 16:40:28.479 : Start page is opened	[MsgId: MMSG-17999]
    2023-06-18 16:40:33.587 : User is logged in with session 136661.679060348HAcQfDfpVVzzzzzHtcVHHpcVAH	[MsgId: MMSG-17999]
    2023-06-18 16:40:39.645 : User is logged out of session	[MsgId: MMSG-17999]
  2023-06-18 16:42:34.397 : IterationNum=14	[MsgId: MMSG-17999]
   USER 14 = user87:pwd87	[MsgId: MMSG-17999]
    2023-06-18 16:42:34.491 : Start page is opened	[MsgId: MMSG-17999]
    2023-06-18 16:42:40.247 : User is logged in with session 136661.68926691HAcQfDfpztVzzzzHtcVHHpcVDif	[MsgId: MMSG-17999]
    2023-06-18 16:42:46.232 : User is logged out of session	[MsgId: MMSG-17999]
  2023-06-18 16:44:40.407 : IterationNum=15	[MsgId: MMSG-17999]
   USER 15 = user87:pwd87	[MsgId: MMSG-17999]
    2023-06-18 16:44:40.501 : Start page is opened	[MsgId: MMSG-17999]
    2023-06-18 16:44:46.659 : User is logged in with session 136661.699473471HAcQfDzpVzzzzzzHtcVHHpcVH	[MsgId: MMSG-17999]
    2023-06-18 16:44:52.847 : User is logged out of session	[MsgId: MMSG-17999]
  2023-06-18 16:46:46.415 : IterationNum=16	[MsgId: MMSG-17999]
   USER 16 = user87:pwd87	[MsgId: MMSG-17999]
    2023-06-18 16:46:46.509 : Start page is opened	[MsgId: MMSG-17999]
    2023-06-18 16:46:51.856 : User is logged in with session 136661.709680032HAcQfDzpzQVzzzzHtcVHHpccAVf	[MsgId: MMSG-17999]
    2023-06-18 16:46:58.229 : User is logged out of session	[MsgId: MMSG-17999]
  2023-06-18 16:48:52.430 : IterationNum=17	[MsgId: MMSG-17999]
   USER 17 = user87:pwd87	[MsgId: MMSG-17999]
    2023-06-18 16:48:52.524 : Start page is opened	[MsgId: MMSG-17999]
    2023-06-18 16:48:58.260 : User is logged in with session 136661.719886594HAcQfDHpcVzzzzzHtcVHHpccDD	[MsgId: MMSG-17999]
    2023-06-18 16:49:02.764 : User is logged out of session	[MsgId: MMSG-17999]
  2023-06-18 16:50:58.440 : IterationNum=18	[MsgId: MMSG-17999]
   USER 18 = user87:pwd87	[MsgId: MMSG-17999]
    2023-06-18 16:50:58.534 : Start page is opened	[MsgId: MMSG-17999]
    2023-06-18 16:51:02.534 : User is logged in with session 136661.730093155HAcQfDHpHtVzzzzHtcVHHpccztf	[MsgId: MMSG-17999]
    2023-06-18 16:51:07.005 : User is logged out of session	[MsgId: MMSG-17999]
  2023-06-18 16:53:04.450 : IterationNum=19	[MsgId: MMSG-17999]
   USER 19 = user87:pwd87	[MsgId: MMSG-17999]
    2023-06-18 16:53:04.545 : Start page is opened	[MsgId: MMSG-17999]
    2023-06-18 16:53:09.592 : User is logged in with session 136661.740299716HAcQfDipczzzzzzHtcVHHpccQz	[MsgId: MMSG-17999]
    2023-06-18 16:53:15.783 : User is logged out of session	[MsgId: MMSG-17999]
  2023-06-18 16:55:10.462 : IterationNum=20	[MsgId: MMSG-17999]
   USER 20 = user87:pwd87	[MsgId: MMSG-17999]
    2023-06-18 16:55:10.557 : Start page is opened	[MsgId: MMSG-17999]
    2023-06-18 16:55:14.776 : User is logged in with session 136661.750506278HAcQfDipHQVzzzzHtcVHHpcDcHf	[MsgId: MMSG-17999]
    2023-06-18 16:55:19.246 : User is logged out of session	[MsgId: MMSG-17999]
  2023-06-18 16:57:16.477 : IterationNum=21	[MsgId: MMSG-17999]
   USER 21 = user87:pwd87	[MsgId: MMSG-17999]
    2023-06-18 16:57:16.571 : Start page is opened	[MsgId: MMSG-17999]
    2023-06-18 16:57:21.893 : User is logged in with session 136661.760712839HAcQfDQpDVzzzzzHtcVHHpcDfQ	[MsgId: MMSG-17999]
    2023-06-18 16:57:27.604 : User is logged out of session	[MsgId: MMSG-17999]
  2023-06-18 16:59:22.487 : IterationNum=22	[MsgId: MMSG-17999]
   USER 22 = user87:pwd87	[MsgId: MMSG-17999]
    2023-06-18 16:59:22.581 : Start page is opened	[MsgId: MMSG-17999]
    2023-06-18 16:59:27.223 : User is logged in with session 136661.770919401HAcQfDQpitVzzzzHtcVHHpcDQAf	[MsgId: MMSG-17999]
    2023-06-18 16:59:31.145 : User is logged out of session	[MsgId: MMSG-17999]
  2023-06-18 17:01:28.488 : IterationNum=23	[MsgId: MMSG-17999]
   USER 23 = user87:pwd87	[MsgId: MMSG-17999]
    2023-06-18 17:01:28.582 : Start page is opened	[MsgId: MMSG-17999]
    2023-06-18 17:01:33.548 : User is logged in with session 136661.781125962HAcQftApDzzzzzzHtcVHHpctcc	[MsgId: MMSG-17999]
    2023-06-18 17:01:39.863 : User is logged out of session	[MsgId: MMSG-17999]
  2023-06-18 17:03:34.490 : IterationNum=24	[MsgId: MMSG-17999]
   USER 24 = user87:pwd87	[MsgId: MMSG-17999]
    2023-06-18 17:03:34.584 : Start page is opened	[MsgId: MMSG-17999]
    2023-06-18 17:03:38.880 : User is logged in with session 136661.791332523HAcQftApiQVzzzzHtcVHHpctfDf	[MsgId: MMSG-17999]
    2023-06-18 17:03:43.885 : User is logged out of session	[MsgId: MMSG-17999]
  2023-06-18 17:05:40.496 : IterationNum=25	[MsgId: MMSG-17999]
   USER 25 = user87:pwd87	[MsgId: MMSG-17999]
    2023-06-18 17:05:40.590 : Start page is opened	[MsgId: MMSG-17999]
    2023-06-18 17:05:46.640 : User is logged in with session 136661.801539085HAcQftVptVzzzzzHtcVHHpctif	[MsgId: MMSG-17999]
    2023-06-18 17:05:51.188 : User is logged out of session	[MsgId: MMSG-17999]
  2023-06-18 17:07:46.505 : IterationNum=26	[MsgId: MMSG-17999]
   USER 26 = user87:pwd87	[MsgId: MMSG-17999]
    2023-06-18 17:07:46.599 : Start page is opened	[MsgId: MMSG-17999]
    2023-06-18 17:07:51.211 : User is logged in with session 136661.811745646HAcQftVpQtVzzzzHtcVHHpcfVzf	[MsgId: MMSG-17999]
    2023-06-18 17:07:55.440 : User is logged out of session	[MsgId: MMSG-17999]
  2023-06-18 17:09:52.511 : IterationNum=27	[MsgId: MMSG-17999]
   USER 27 = user87:pwd87	[MsgId: MMSG-17999]
    2023-06-18 17:09:52.605 : Start page is opened	[MsgId: MMSG-17999]
    2023-06-18 17:09:57.183 : User is logged in with session 136661.821952207HAcQftcptzzzzzzHtcVHHpcfti	[MsgId: MMSG-17999]
    2023-06-18 17:10:01.777 : User is logged out of session	[MsgId: MMSG-17999]
  2023-06-18 17:11:58.523 : IterationNum=28	[MsgId: MMSG-17999]
   USER 28 = user87:pwd87	[MsgId: MMSG-17999]
    2023-06-18 17:11:58.617 : Start page is opened	[MsgId: MMSG-17999]
    2023-06-18 17:12:03.618 : User is logged in with session 136661.832158769HAcQftcpQQVzzzzHtcVHHpcfHQf	[MsgId: MMSG-17999]
    2023-06-18 17:12:09.198 : User is logged out of session	[MsgId: MMSG-17999]
  2023-06-18 17:14:04.527 : IterationNum=29	[MsgId: MMSG-17999]
   USER 29 = user87:pwd87	[MsgId: MMSG-17999]
    2023-06-18 17:14:04.622 : Start page is opened	[MsgId: MMSG-17999]
    2023-06-18 17:14:09.388 : User is logged in with session 136661.84236533HAcQftDpfVzzzzzHtcVHHpczVV	[MsgId: MMSG-17999]
    2023-06-18 17:14:14.656 : User is logged out of session	[MsgId: MMSG-17999]
  2023-06-18 17:16:10.531 : IterationNum=30	[MsgId: MMSG-17999]
   USER 30 = user87:pwd87	[MsgId: MMSG-17999]
    2023-06-18 17:16:10.625 : Start page is opened	[MsgId: MMSG-17999]
    2023-06-18 17:16:16.706 : User is logged in with session 136661.852571891HAcQfttpAtVzzzzHtcVHHpcztcf	[MsgId: MMSG-17999]
    2023-06-18 17:16:20.972 : User is logged out of session	[MsgId: MMSG-17999]
  2023-06-18 17:18:16.537 : IterationNum=31	[MsgId: MMSG-17999]
   USER 31 = user87:pwd87	[MsgId: MMSG-17999]
    2023-06-18 17:18:16.631 : Start page is opened	[MsgId: MMSG-17999]
    2023-06-18 17:18:22.039 : User is logged in with session 136661.862778453HAcQfttpfzzzzzzHtcVHHpczHt	[MsgId: MMSG-17999]
    2023-06-18 17:18:27.918 : User is logged out of session	[MsgId: MMSG-17999]
