  2023-06-18 16:15:36.333 : IterationNum=1	[MsgId: MMSG-17999]
   USER 1 = user89:pwd89	[MsgId: MMSG-17999]
    2023-06-18 16:15:36.420 : Start page is opened	[MsgId: MMSG-17999]
    2023-06-18 16:15:40.998 : User is logged in with session 136661.558201701HAcQfcipQtcVHHpVHDt	[MsgId: MMSG-17999]
    2023-06-18 16:15:45.172 : User is logged out of session	[MsgId: MMSG-17999]
  2023-06-18 16:17:42.341 : IterationNum=2	[MsgId: MMSG-17999]
   USER 2 = user89:pwd89	[MsgId: MMSG-17999]
    2023-06-18 16:17:42.435 : Start page is opened	[MsgId: MMSG-17999]
    2023-06-18 16:17:47.720 : User is logged in with session 136661.568408262HAcQfcQptcftcVHHpVHzff	[MsgId: MMSG-17999]
    2023-06-18 16:17:52.077 : User is logged out of session	[MsgId: MMSG-17999]
  2023-06-18 16:19:48.354 : IterationNum=3	[MsgId: MMSG-17999]
   USER 3 = user89:pwd89	[MsgId: MMSG-17999]
    2023-06-18 16:19:48.448 : Start page is opened	[MsgId: MMSG-17999]
    2023-06-18 16:19:52.417 : User is logged in with session 136661.578614824HAcQfcQpQftcVHHpVHQH	[MsgId: MMSG-17999]
    2023-06-18 16:19:56.620 : User is logged out of session	[MsgId: MMSG-17999]
  2023-06-18 16:21:54.356 : IterationNum=4	[MsgId: MMSG-17999]
   USER 4 = user89:pwd89	[MsgId: MMSG-17999]
    2023-06-18 16:21:54.450 : Start page is opened	[MsgId: MMSG-17999]
    2023-06-18 16:22:00.235 : User is logged in with session 136661.588821385HAcQfDAptHftcVHHpVicif	[MsgId: MMSG-17999]
    2023-06-18 16:22:05.359 : User is logged out of session	[MsgId: MMSG-17999]
  2023-06-18 16:24:00.356 : IterationNum=5	[MsgId: MMSG-17999]
   USER 5 = user89:pwd89	[MsgId: MMSG-17999]
    2023-06-18 16:24:00.450 : Start page is opened	[MsgId: MMSG-17999]
    2023-06-18 16:24:06.355 : User is logged in with session 136661.599027947HAcQfDVtcVHHpViz	[MsgId: MMSG-17999]
    2023-06-18 16:24:12.666 : User is logged out of session	[MsgId: MMSG-17999]
  2023-06-18 16:26:06.363 : IterationNum=6	[MsgId: MMSG-17999]
   USER 6 = user89:pwd89	[MsgId: MMSG-17999]
    2023-06-18 16:26:06.457 : Start page is opened	[MsgId: MMSG-17999]
    2023-06-18 16:26:12.183 : User is logged in with session 136661.609234508HAcQfDVpfcftcVHHpViQVf	[MsgId: MMSG-17999]
    2023-06-18 16:26:18.308 : User is logged out of session	[MsgId: MMSG-17999]
  2023-06-18 16:28:12.364 : IterationNum=7	[MsgId: MMSG-17999]
   USER 7 = user89:pwd89	[MsgId: MMSG-17999]
    2023-06-18 16:28:12.459 : Start page is opened	[MsgId: MMSG-17999]
    2023-06-18 16:28:16.740 : User is logged in with session 136661.619441069HAcQfDcpAftcVHHpVQcD	[MsgId: MMSG-17999]
    2023-06-18 16:28:22.320 : User is logged out of session	[MsgId: MMSG-17999]
  2023-06-18 16:30:18.376 : IterationNum=8	[MsgId: MMSG-17999]
   USER 8 = user89:pwd89	[MsgId: MMSG-17999]
    2023-06-18 16:30:18.470 : Start page is opened	[MsgId: MMSG-17999]
    2023-06-18 16:30:23.507 : User is logged in with session 136661.629647631HAcQfDcpfHftcVHHpVQftf	[MsgId: MMSG-17999]
    2023-06-18 16:30:28.403 : User is logged out of session	[MsgId: MMSG-17999]
  2023-06-18 16:32:24.384 : IterationNum=9	[MsgId: MMSG-17999]
   USER 9 = user89:pwd89	[MsgId: MMSG-17999]
    2023-06-18 16:32:24.478 : Start page is opened	[MsgId: MMSG-17999]
    2023-06-18 16:32:30.637 : User is logged in with session 136661.639854192HAcQfDDpVtcVHHpVQiz	[MsgId: MMSG-17999]
    2023-06-18 16:32:34.874 : User is logged out of session	[MsgId: MMSG-17999]
  2023-06-18 16:34:30.395 : IterationNum=10	[MsgId: MMSG-17999]
   USER 10 = user89:pwd89	[MsgId: MMSG-17999]
    2023-06-18 16:34:30.489 : Start page is opened	[MsgId: MMSG-17999]
    2023-06-18 16:34:34.729 : User is logged in with session 136661.650060753HAcQfDDpzcftcVHHpcAVHf	[MsgId: MMSG-17999]
    2023-06-18 16:34:39.781 : User is logged out of session	[MsgId: MMSG-17999]
  2023-06-18 16:36:36.407 : IterationNum=11	[MsgId: MMSG-17999]
   USER 11 = user89:pwd89	[MsgId: MMSG-17999]
    2023-06-18 16:36:36.502 : Start page is opened	[MsgId: MMSG-17999]
    2023-06-18 16:36:42.489 : User is logged in with session 136661.660267315HAcQfDtpVftcVHHpcAtQ	[MsgId: MMSG-17999]
    2023-06-18 16:36:47.227 : User is logged out of session	[MsgId: MMSG-17999]
  2023-06-18 16:38:42.409 : IterationNum=12	[MsgId: MMSG-17999]
   USER 12 = user89:pwd89	[MsgId: MMSG-17999]
    2023-06-18 16:38:42.503 : Start page is opened	[MsgId: MMSG-17999]
    2023-06-18 16:38:47.190 : User is logged in with session 136661.670473876HAcQfDtpzHftcVHHpcAiAf	[MsgId: MMSG-17999]
    2023-06-18 16:38:51.129 : User is logged out of session	[MsgId: MMSG-17999]
  2023-06-18 16:40:48.412 : IterationNum=13	[MsgId: MMSG-17999]
   USER 13 = user89:pwd89	[MsgId: MMSG-17999]
    2023-06-18 16:40:48.507 : Start page is opened	[MsgId: MMSG-17999]
    2023-06-18 16:40:54.619 : User is logged in with session 136661.680680437HAcQfDfpctcVHHpcVVc	[MsgId: MMSG-17999]
    2023-06-18 16:40:58.933 : User is logged out of session	[MsgId: MMSG-17999]
  2023-06-18 16:42:54.422 : IterationNum=14	[MsgId: MMSG-17999]
   USER 14 = user89:pwd89	[MsgId: MMSG-17999]
    2023-06-18 16:42:54.516 : Start page is opened	[MsgId: MMSG-17999]
    2023-06-18 16:42:59.019 : User is logged in with session 136661.690886999HAcQfDfpHcftcVHHpcVtDf	[MsgId: MMSG-17999]
    2023-06-18 16:43:03.973 : User is logged out of session	[MsgId: MMSG-17999]
  2023-06-18 16:45:00.431 : IterationNum=15	[MsgId: MMSG-17999]
   USER 15 = user89:pwd89	[MsgId: MMSG-17999]
    2023-06-18 16:45:00.525 : Start page is opened	[MsgId: MMSG-17999]
    2023-06-18 16:45:06.435 : User is logged in with session 136661.70109356HAcQfDzpcftcVHHpcVHf	[MsgId: MMSG-17999]
    2023-06-18 16:45:10.724 : User is logged out of session	[MsgId: MMSG-17999]
  2023-06-18 16:47:06.435 : IterationNum=16	[MsgId: MMSG-17999]
   USER 16 = user89:pwd89	[MsgId: MMSG-17999]
    2023-06-18 16:47:06.529 : Start page is opened	[MsgId: MMSG-17999]
    2023-06-18 16:47:10.654 : User is logged in with session 136661.711300122HAcQfDzpHHftcVHHpccAzf	[MsgId: MMSG-17999]
    2023-06-18 16:47:16.487 : User is logged out of session	[MsgId: MMSG-17999]
  2023-06-18 16:49:12.449 : IterationNum=17	[MsgId: MMSG-17999]
   USER 17 = user89:pwd89	[MsgId: MMSG-17999]
    2023-06-18 16:49:12.543 : Start page is opened	[MsgId: MMSG-17999]
    2023-06-18 16:49:17.201 : User is logged in with session 136661.721506683HAcQfDHpDtcVHHpccDi	[MsgId: MMSG-17999]
    2023-06-18 16:49:22.564 : User is logged out of session	[MsgId: MMSG-17999]
  2023-06-18 16:51:18.463 : IterationNum=18	[MsgId: MMSG-17999]
   USER 18 = user89:pwd89	[MsgId: MMSG-17999]
    2023-06-18 16:51:18.557 : Start page is opened	[MsgId: MMSG-17999]
    2023-06-18 16:51:24.436 : User is logged in with session 136661.731713244HAcQfDHpicftcVHHpcczQf	[MsgId: MMSG-17999]
    2023-06-18 16:51:28.936 : User is logged out of session	[MsgId: MMSG-17999]
  2023-06-18 16:53:24.471 : IterationNum=19	[MsgId: MMSG-17999]
   USER 19 = user89:pwd89	[MsgId: MMSG-17999]
    2023-06-18 16:53:24.565 : Start page is opened	[MsgId: MMSG-17999]
    2023-06-18 16:53:29.160 : User is logged in with session 136661.741919806HAcQfDipDftcVHHpcDAV	[MsgId: MMSG-17999]
    2023-06-18 16:53:34.129 : User is logged out of session	[MsgId: MMSG-17999]
  2023-06-18 16:55:30.475 : IterationNum=20	[MsgId: MMSG-17999]
   USER 20 = user89:pwd89	[MsgId: MMSG-17999]
    2023-06-18 16:55:30.569 : Start page is opened	[MsgId: MMSG-17999]
    2023-06-18 16:55:34.988 : User is logged in with session 136661.752126367HAcQfDipiHftcVHHpcDDcf	[MsgId: MMSG-17999]
    2023-06-18 16:55:39.925 : User is logged out of session	[MsgId: MMSG-17999]
  2023-06-18 16:57:36.488 : IterationNum=21	[MsgId: MMSG-17999]
   USER 21 = user89:pwd89	[MsgId: MMSG-17999]
    2023-06-18 16:57:36.582 : Start page is opened	[MsgId: MMSG-17999]
    2023-06-18 16:57:42.944 : User is logged in with session 136661.762332928HAcQfDQpttcVHHpcDzt	[MsgId: MMSG-17999]
    2023-06-18 16:57:48.537 : User is logged out of session	[MsgId: MMSG-17999]
  2023-06-18 16:59:42.492 : IterationNum=22	[MsgId: MMSG-17999]
   USER 22 = user89:pwd89	[MsgId: MMSG-17999]
    2023-06-18 16:59:42.586 : Start page is opened	[MsgId: MMSG-17999]
    2023-06-18 16:59:48.713 : User is logged in with session 136661.77253949HAcQfDQpQcftcVHHpcDQff	[MsgId: MMSG-17999]
    2023-06-18 16:59:54.096 : User is logged out of session	[MsgId: MMSG-17999]
  2023-06-18 17:01:48.502 : IterationNum=23	[MsgId: MMSG-17999]
   USER 23 = user89:pwd89	[MsgId: MMSG-17999]
    2023-06-18 17:01:48.596 : Start page is opened	[MsgId: MMSG-17999]
    2023-06-18 17:01:53.144 : User is logged in with session 136661.782746051HAcQftAptftcVHHpctcH	[MsgId: MMSG-17999]
    2023-06-18 17:01:58.350 : User is logged out of session	[MsgId: MMSG-17999]
  2023-06-18 17:03:54.513 : IterationNum=24	[MsgId: MMSG-17999]
   USER 24 = user89:pwd89	[MsgId: MMSG-17999]
    2023-06-18 17:03:54.607 : Start page is opened	[MsgId: MMSG-17999]
    2023-06-18 17:03:58.953 : User is logged in with session 136661.792952612HAcQftApQHftcVHHpctfif	[MsgId: MMSG-17999]
    2023-06-18 17:04:04.424 : User is logged out of session	[MsgId: MMSG-17999]
  2023-06-18 17:06:00.519 : IterationNum=25	[MsgId: MMSG-17999]
   USER 25 = user89:pwd89	[MsgId: MMSG-17999]
    2023-06-18 17:06:00.613 : Start page is opened	[MsgId: MMSG-17999]
    2023-06-18 17:06:05.684 : User is logged in with session 136661.803159174HAcQftVpftcVHHpctQ	[MsgId: MMSG-17999]
    2023-06-18 17:06:10.623 : User is logged out of session	[MsgId: MMSG-17999]
  2023-06-18 17:08:06.522 : IterationNum=26	[MsgId: MMSG-17999]
   USER 26 = user89:pwd89	[MsgId: MMSG-17999]
    2023-06-18 17:08:06.616 : Start page is opened	[MsgId: MMSG-17999]
    2023-06-18 17:08:11.948 : User is logged in with session 136661.813365735HAcQftcpAcftcVHHpcfcVf	[MsgId: MMSG-17999]
    2023-06-18 17:08:16.591 : User is logged out of session	[MsgId: MMSG-17999]
  2023-06-18 17:10:12.531 : IterationNum=27	[MsgId: MMSG-17999]
   USER 27 = user89:pwd89	[MsgId: MMSG-17999]
    2023-06-18 17:10:12.625 : Start page is opened	[MsgId: MMSG-17999]
    2023-06-18 17:10:16.781 : User is logged in with session 136661.823572296HAcQftcpfftcVHHpcffD	[MsgId: MMSG-17999]
    2023-06-18 17:10:23.044 : User is logged out of session	[MsgId: MMSG-17999]
  2023-06-18 17:12:18.545 : IterationNum=28	[MsgId: MMSG-17999]
   USER 28 = user89:pwd89	[MsgId: MMSG-17999]
    2023-06-18 17:12:18.639 : Start page is opened	[MsgId: MMSG-17999]
    2023-06-18 17:12:24.486 : User is logged in with session 136661.833778858HAcQftDpAHftcVHHpcfitf	[MsgId: MMSG-17999]
    2023-06-18 17:12:30.191 : User is logged out of session	[MsgId: MMSG-17999]
  2023-06-18 17:14:24.546 : IterationNum=29	[MsgId: MMSG-17999]
   USER 29 = user89:pwd89	[MsgId: MMSG-17999]
    2023-06-18 17:14:24.640 : Start page is opened	[MsgId: MMSG-17999]
    2023-06-18 17:14:29.924 : User is logged in with session 136661.843985419HAcQftDpztcVHHpczVz	[MsgId: MMSG-17999]
    2023-06-18 17:14:34.812 : User is logged out of session	[MsgId: MMSG-17999]
  2023-06-18 17:16:30.551 : IterationNum=30	[MsgId: MMSG-17999]
   USER 30 = user89:pwd89	[MsgId: MMSG-17999]
    2023-06-18 17:16:30.645 : Start page is opened	[MsgId: MMSG-17999]
    2023-06-18 17:16:35.942 : User is logged in with session 136661.854191981HAcQfttpVcftcVHHpcztHf	[MsgId: MMSG-17999]
    2023-06-18 17:16:41.892 : User is logged out of session	[MsgId: MMSG-17999]
  2023-06-18 17:18:36.552 : IterationNum=31	[MsgId: MMSG-17999]
   USER 31 = user89:pwd89	[MsgId: MMSG-17999]
    2023-06-18 17:18:36.646 : Start page is opened	[MsgId: MMSG-17999]
    2023-06-18 17:18:41.850 : User is logged in with session 136661.864398542HAcQfttpzftcVHHpczHQ	[MsgId: MMSG-17999]
    2023-06-18 17:18:47.947 : User is logged out of session	[MsgId: MMSG-17999]
