  2023-06-18 16:13:15.819 : IterationNum=1	[MsgId: MMSG-17999]
   USER 1 = user43:pwd43	[MsgId: MMSG-17999]
    2023-06-18 16:13:15.904 : Start page is opened	[MsgId: MMSG-17999]
    2023-06-18 16:13:20.965 : User is logged in with session 136661.546780073HAcQfcipDVcftcVHHpVzQiHf	[MsgId: MMSG-17999]
    2023-06-18 16:13:25.388 : Search page opened	[MsgId: MMSG-17999]
           ERROR : Sity depart : Paris Sity arrive : Paris	[MsgId: MMSG-17999]
           ERROR FIXED : Sity depart : Paris Sity arrive : Denver	[MsgId: MMSG-17999]
    2023-06-18 16:13:37.562 : Flights found : 400;657;06/21/2023 and 042;622;06/18/2023	[MsgId: MMSG-17999]
    2023-06-18 16:13:37.562 : Sity depart : Paris, Sity arrive : Denver	[MsgId: MMSG-17999]
    2023-06-18 16:13:46.171 : Found Seat Type : First, Seat Pref : Aisle	[MsgId: MMSG-17999]
    2023-06-18 16:13:51.741 : User is logged out of session	[MsgId: MMSG-17999]
  2023-06-18 16:15:55.824 : IterationNum=2	[MsgId: MMSG-17999]
   USER 2 = user44:pwd44	[MsgId: MMSG-17999]
    2023-06-18 16:15:55.918 : Start page is opened	[MsgId: MMSG-17999]
    2023-06-18 16:16:01.421 : User is logged in with session 136661.559740786HAcQfcipQHQVzzzHtcVHHpVHDiHf	[MsgId: MMSG-17999]
    2023-06-18 16:16:06.715 : Search page opened	[MsgId: MMSG-17999]
           ERROR : Sity depart : Los Angeles Sity arrive : Los Angeles	[MsgId: MMSG-17999]
           ERROR FIXED : Sity depart : Los Angeles Sity arrive : Paris	[MsgId: MMSG-17999]
    2023-06-18 16:16:21.458 : Flights found : 341;733;06/21/2023 and 432;778;06/18/2023	[MsgId: MMSG-17999]
    2023-06-18 16:16:21.458 : Sity depart : Los Angeles, Sity arrive : Paris	[MsgId: MMSG-17999]
    2023-06-18 16:16:29.331 : Found Seat Type : First, Seat Pref : Window	[MsgId: MMSG-17999]
    2023-06-18 16:16:35.328 : User is logged out of session	[MsgId: MMSG-17999]
  2023-06-18 16:18:35.837 : IterationNum=3	[MsgId: MMSG-17999]
   USER 3 = user45:pwd45	[MsgId: MMSG-17999]
    2023-06-18 16:18:35.931 : Start page is opened	[MsgId: MMSG-17999]
    2023-06-18 16:18:41.182 : User is logged in with session 136661.572701499HAcQfcQpztfiDDDDtcVHHpVHHiHf	[MsgId: MMSG-17999]
    2023-06-18 16:18:47.374 : Search page opened	[MsgId: MMSG-17999]
           ERROR : Sity depart : Paris Sity arrive : Paris	[MsgId: MMSG-17999]
           ERROR FIXED : Sity depart : Paris Sity arrive : Denver	[MsgId: MMSG-17999]
    2023-06-18 16:19:03.538 : Flights found : 402;481;06/21/2023 and 041;453;06/18/2023	[MsgId: MMSG-17999]
    2023-06-18 16:19:03.538 : Sity depart : Paris, Sity arrive : Denver	[MsgId: MMSG-17999]
    2023-06-18 16:19:13.292 : Found Seat Type : Business, Seat Pref : Window	[MsgId: MMSG-17999]
    2023-06-18 16:19:17.848 : User is logged out of session	[MsgId: MMSG-17999]
  2023-06-18 16:21:15.852 : IterationNum=4	[MsgId: MMSG-17999]
   USER 4 = user45:pwd45	[MsgId: MMSG-17999]
    2023-06-18 16:21:15.946 : Start page is opened	[MsgId: MMSG-17999]
    2023-06-18 16:21:20.431 : User is logged in with session 136661.585662211HAcQfDApDVcftcVHHpViViHf	[MsgId: MMSG-17999]
    2023-06-18 16:21:26.776 : Search page opened	[MsgId: MMSG-17999]
    2023-06-18 16:21:43.189 : Flights found : 401;586;06/21/2023 and 040;657;06/18/2023	[MsgId: MMSG-17999]
    2023-06-18 16:21:43.189 : Sity depart : Paris, Sity arrive : Denver	[MsgId: MMSG-17999]
    2023-06-18 16:21:55.006 : Found Seat Type : First, Seat Pref : Window	[MsgId: MMSG-17999]
    2023-06-18 16:21:59.639 : User is logged out of session	[MsgId: MMSG-17999]
  2023-06-18 16:23:55.854 : IterationNum=5	[MsgId: MMSG-17999]
   USER 5 = user45:pwd45	[MsgId: MMSG-17999]
    2023-06-18 16:23:55.948 : Start page is opened	[MsgId: MMSG-17999]
    2023-06-18 16:24:01.890 : User is logged in with session 136661.598622924HAcQfDApQHQVzzzHtcVHHpVifiHf	[MsgId: MMSG-17999]
    2023-06-18 16:24:07.992 : Search page opened	[MsgId: MMSG-17999]
    2023-06-18 16:24:21.831 : Flights found : 463;738;06/21/2023 and 642;853;06/18/2023	[MsgId: MMSG-17999]
    2023-06-18 16:24:21.832 : Sity depart : Paris, Sity arrive : San Francisco	[MsgId: MMSG-17999]
    2023-06-18 16:24:32.631 : Found Seat Type : Business, Seat Pref : None	[MsgId: MMSG-17999]
    2023-06-18 16:24:38.213 : User is logged out of session	[MsgId: MMSG-17999]
  2023-06-18 16:26:35.865 : IterationNum=6	[MsgId: MMSG-17999]
   USER 6 = user45:pwd45	[MsgId: MMSG-17999]
    2023-06-18 16:26:35.960 : Start page is opened	[MsgId: MMSG-17999]
    2023-06-18 16:26:41.289 : User is logged in with session 136661.611583637HAcQfDVpztfiDDDDtcVHHpViQiHf	[MsgId: MMSG-17999]
    2023-06-18 16:26:47.166 : Search page opened	[MsgId: MMSG-17999]
    2023-06-18 16:27:03.725 : Flights found : 463;509;06/21/2023 and 640;622;06/18/2023	[MsgId: MMSG-17999]
    2023-06-18 16:27:03.725 : Sity depart : Paris, Sity arrive : San Francisco	[MsgId: MMSG-17999]
    2023-06-18 16:27:13.305 : Found Seat Type : Coach, Seat Pref : Window	[MsgId: MMSG-17999]
    2023-06-18 16:27:18.860 : User is logged out of session	[MsgId: MMSG-17999]
  2023-06-18 16:29:15.867 : IterationNum=7	[MsgId: MMSG-17999]
   USER 7 = user45:pwd45	[MsgId: MMSG-17999]
    2023-06-18 16:29:15.961 : Start page is opened	[MsgId: MMSG-17999]
    2023-06-18 16:29:22.228 : User is logged in with session 136661.62454435HAcQfDcpDVcftcVHHpVQDiHf	[MsgId: MMSG-17999]
    2023-06-18 16:29:27.228 : Search page opened	[MsgId: MMSG-17999]
    2023-06-18 16:29:38.545 : Flights found : 820;2701;06/21/2023 and 280;2701;06/18/2023	[MsgId: MMSG-17999]
    2023-06-18 16:29:38.545 : Sity depart : Sydney, Sity arrive : London	[MsgId: MMSG-17999]
    2023-06-18 16:29:49.675 : Found Seat Type : First, Seat Pref : Window	[MsgId: MMSG-17999]
    2023-06-18 16:29:54.342 : User is logged out of session	[MsgId: MMSG-17999]
  2023-06-18 16:31:55.874 : IterationNum=8	[MsgId: MMSG-17999]
   USER 8 = user45:pwd45	[MsgId: MMSG-17999]
    2023-06-18 16:31:55.968 : Start page is opened	[MsgId: MMSG-17999]
    2023-06-18 16:32:00.455 : User is logged in with session 136661.637505063HAcQfDcpQHQVzzzHtcVHHpVQHiHf	[MsgId: MMSG-17999]
    2023-06-18 16:32:06.317 : Search page opened	[MsgId: MMSG-17999]
    2023-06-18 16:32:21.827 : Flights found : 392;550;06/21/2023 and 931;447;06/18/2023	[MsgId: MMSG-17999]
    2023-06-18 16:32:21.827 : Sity depart : Los Angeles, Sity arrive : Zurich	[MsgId: MMSG-17999]
    2023-06-18 16:32:29.426 : Found Seat Type : Business, Seat Pref : None	[MsgId: MMSG-17999]
    2023-06-18 16:32:33.341 : User is logged out of session	[MsgId: MMSG-17999]
  2023-06-18 16:34:35.883 : IterationNum=9	[MsgId: MMSG-17999]
   USER 9 = user45:pwd45	[MsgId: MMSG-17999]
    2023-06-18 16:34:35.978 : Start page is opened	[MsgId: MMSG-17999]
    2023-06-18 16:34:41.437 : User is logged in with session 136661.650465776HAcQfDDpztfiDDDDtcVHHpcAViHf	[MsgId: MMSG-17999]
    2023-06-18 16:34:46.596 : Search page opened	[MsgId: MMSG-17999]
    2023-06-18 16:35:02.623 : Flights found : 450;621;06/21/2023 and 543;508;06/18/2023	[MsgId: MMSG-17999]
    2023-06-18 16:35:02.623 : Sity depart : Paris, Sity arrive : Portland	[MsgId: MMSG-17999]
    2023-06-18 16:35:13.345 : Found Seat Type : Coach, Seat Pref : Aisle	[MsgId: MMSG-17999]
    2023-06-18 16:35:18.760 : User is logged out of session	[MsgId: MMSG-17999]
  2023-06-18 16:37:15.892 : IterationNum=10	[MsgId: MMSG-17999]
   USER 10 = user45:pwd45	[MsgId: MMSG-17999]
    2023-06-18 16:37:15.986 : Start page is opened	[MsgId: MMSG-17999]
    2023-06-18 16:37:20.753 : User is logged in with session 136661.663426488HAcQfDtpDVcftcVHHpcAfiHf	[MsgId: MMSG-17999]
    2023-06-18 16:37:24.622 : Search page opened	[MsgId: MMSG-17999]
    2023-06-18 16:37:42.697 : Flights found : 432;601;06/21/2023 and 341;566;06/18/2023	[MsgId: MMSG-17999]
    2023-06-18 16:37:42.698 : Sity depart : Paris, Sity arrive : Los Angeles	[MsgId: MMSG-17999]
    2023-06-18 16:37:54.717 : Found Seat Type : Business, Seat Pref : Window	[MsgId: MMSG-17999]
    2023-06-18 16:37:59.539 : User is logged out of session	[MsgId: MMSG-17999]
  2023-06-18 16:39:55.906 : IterationNum=11	[MsgId: MMSG-17999]
   USER 11 = user45:pwd45	[MsgId: MMSG-17999]
    2023-06-18 16:39:56.000 : Start page is opened	[MsgId: MMSG-17999]
    2023-06-18 16:40:01.657 : User is logged in with session 136661.676387201HAcQfDtpQHQVzzzHtcVHHpcAQiHf	[MsgId: MMSG-17999]
    2023-06-18 16:40:07.912 : Search page opened	[MsgId: MMSG-17999]
    2023-06-18 16:40:24.016 : Flights found : 812;1672;06/21/2023 and 181;1575;06/18/2023	[MsgId: MMSG-17999]
    2023-06-18 16:40:24.016 : Sity depart : Sydney, Sity arrive : Frankfurt	[MsgId: MMSG-17999]
    2023-06-18 16:40:33.031 : Found Seat Type : Business, Seat Pref : Aisle	[MsgId: MMSG-17999]
    2023-06-18 16:40:37.473 : User is logged out of session	[MsgId: MMSG-17999]
  2023-06-18 16:42:35.912 : IterationNum=12	[MsgId: MMSG-17999]
   USER 12 = user45:pwd45	[MsgId: MMSG-17999]
    2023-06-18 16:42:36.006 : Start page is opened	[MsgId: MMSG-17999]
    2023-06-18 16:42:42.294 : User is logged in with session 136661.689347914HAcQfDfpztfiDDDDtcVHHpcVDiHf	[MsgId: MMSG-17999]
    2023-06-18 16:42:48.139 : Search page opened	[MsgId: MMSG-17999]
    2023-06-18 16:43:05.807 : Flights found : 651;67;06/21/2023 and 562;71;06/18/2023	[MsgId: MMSG-17999]
    2023-06-18 16:43:05.807 : Sity depart : San Francisco, Sity arrive : Portland	[MsgId: MMSG-17999]
    2023-06-18 16:43:13.498 : Found Seat Type : Coach, Seat Pref : None	[MsgId: MMSG-17999]
    2023-06-18 16:43:18.335 : User is logged out of session	[MsgId: MMSG-17999]
  2023-06-18 16:45:15.928 : IterationNum=13	[MsgId: MMSG-17999]
   USER 13 = user45:pwd45	[MsgId: MMSG-17999]
    2023-06-18 16:45:16.022 : Start page is opened	[MsgId: MMSG-17999]
    2023-06-18 16:45:20.495 : User is logged in with session 136661.702308627HAcQfDzpDVcftcVHHpcVHiHf	[MsgId: MMSG-17999]
    2023-06-18 16:45:25.948 : Search page opened	[MsgId: MMSG-17999]
           ERROR : Sity depart : Zurich Sity arrive : Zurich	[MsgId: MMSG-17999]
           ERROR FIXED : Sity depart : Zurich Sity arrive : Sydney	[MsgId: MMSG-17999]
    2023-06-18 16:45:38.163 : Flights found : 982;1015;06/21/2023 and 891;956;06/18/2023	[MsgId: MMSG-17999]
    2023-06-18 16:45:38.163 : Sity depart : Zurich, Sity arrive : Sydney	[MsgId: MMSG-17999]
    2023-06-18 16:45:49.355 : Found Seat Type : Coach, Seat Pref : None	[MsgId: MMSG-17999]
    2023-06-18 16:45:53.348 : User is logged out of session	[MsgId: MMSG-17999]
  2023-06-18 16:47:55.934 : IterationNum=14	[MsgId: MMSG-17999]
   USER 14 = user45:pwd45	[MsgId: MMSG-17999]
    2023-06-18 16:47:56.028 : Start page is opened	[MsgId: MMSG-17999]
    2023-06-18 16:47:59.938 : User is logged in with session 136661.71526934HAcQfDzpQHQVzzzHtcVHHpccViHf	[MsgId: MMSG-17999]
    2023-06-18 16:48:05.295 : Search page opened	[MsgId: MMSG-17999]
    2023-06-18 16:48:24.057 : Flights found : 503;225;06/21/2023 and 050;275;06/18/2023	[MsgId: MMSG-17999]
    2023-06-18 16:48:24.057 : Sity depart : Portland, Sity arrive : Denver	[MsgId: MMSG-17999]
    2023-06-18 16:48:36.584 : Found Seat Type : Coach, Seat Pref : Aisle	[MsgId: MMSG-17999]
    2023-06-18 16:48:42.234 : User is logged out of session	[MsgId: MMSG-17999]
  2023-06-18 16:50:35.949 : IterationNum=15	[MsgId: MMSG-17999]
   USER 15 = user45:pwd45	[MsgId: MMSG-17999]
    2023-06-18 16:50:36.043 : Start page is opened	[MsgId: MMSG-17999]
    2023-06-18 16:50:41.483 : User is logged in with session 136661.728230053HAcQfDHpztfiDDDDtcVHHpccfiHf	[MsgId: MMSG-17999]
    2023-06-18 16:50:46.484 : Search page opened	[MsgId: MMSG-17999]
    2023-06-18 16:51:03.855 : Flights found : 650;110;06/21/2023 and 560;110;06/18/2023	[MsgId: MMSG-17999]
    2023-06-18 16:51:03.855 : Sity depart : San Francisco, Sity arrive : Portland	[MsgId: MMSG-17999]
    2023-06-18 16:51:14.687 : Found Seat Type : Business, Seat Pref : Window	[MsgId: MMSG-17999]
    2023-06-18 16:51:18.839 : User is logged out of session	[MsgId: MMSG-17999]
  2023-06-18 16:53:15.953 : IterationNum=16	[MsgId: MMSG-17999]
   USER 16 = user45:pwd45	[MsgId: MMSG-17999]
    2023-06-18 16:53:16.047 : Start page is opened	[MsgId: MMSG-17999]
    2023-06-18 16:53:20.520 : User is logged in with session 136661.741190765HAcQfDipDVcftcVHHpccQiHf	[MsgId: MMSG-17999]
    2023-06-18 16:53:24.915 : Search page opened	[MsgId: MMSG-17999]
           ERROR : Sity depart : Sydney Sity arrive : Sydney	[MsgId: MMSG-17999]
           ERROR FIXED : Sity depart : Sydney Sity arrive : Portland	[MsgId: MMSG-17999]
    2023-06-18 16:53:36.496 : Flights found : 851;717;06/21/2023 and 582;761;06/18/2023	[MsgId: MMSG-17999]
    2023-06-18 16:53:36.496 : Sity depart : Sydney, Sity arrive : Portland	[MsgId: MMSG-17999]
    2023-06-18 16:53:48.044 : Found Seat Type : Coach, Seat Pref : None	[MsgId: MMSG-17999]
    2023-06-18 16:53:53.962 : User is logged out of session	[MsgId: MMSG-17999]
  2023-06-18 16:55:55.958 : IterationNum=17	[MsgId: MMSG-17999]
   USER 17 = user45:pwd45	[MsgId: MMSG-17999]
    2023-06-18 16:55:56.052 : Start page is opened	[MsgId: MMSG-17999]
    2023-06-18 16:56:01.976 : User is logged in with session 136661.754151478HAcQfDipQHQVzzzHtcVHHpcDDiHf	[MsgId: MMSG-17999]
    2023-06-18 16:56:06.554 : Search page opened	[MsgId: MMSG-17999]
    2023-06-18 16:56:22.895 : Flights found : 063;240;06/21/2023 and 600;293;06/18/2023	[MsgId: MMSG-17999]
    2023-06-18 16:56:22.895 : Sity depart : Denver, Sity arrive : San Francisco	[MsgId: MMSG-17999]
    2023-06-18 16:56:34.051 : Found Seat Type : Business, Seat Pref : Window	[MsgId: MMSG-17999]
    2023-06-18 16:56:39.608 : User is logged out of session	[MsgId: MMSG-17999]
  2023-06-18 16:58:35.973 : IterationNum=18	[MsgId: MMSG-17999]
   USER 18 = user45:pwd45	[MsgId: MMSG-17999]
    2023-06-18 16:58:36.067 : Start page is opened	[MsgId: MMSG-17999]
    2023-06-18 16:58:40.694 : User is logged in with session 136661.767112191HAcQfDQpztfiDDDDtcVHHpcDHiHf	[MsgId: MMSG-17999]
    2023-06-18 16:58:44.757 : Search page opened	[MsgId: MMSG-17999]
    2023-06-18 16:58:58.239 : Flights found : 813;998;06/21/2023 and 180;1219;06/18/2023	[MsgId: MMSG-17999]
    2023-06-18 16:58:58.239 : Sity depart : Sydney, Sity arrive : Frankfurt	[MsgId: MMSG-17999]
    2023-06-18 16:59:07.741 : Found Seat Type : Coach, Seat Pref : Window	[MsgId: MMSG-17999]
    2023-06-18 16:59:11.940 : User is logged out of session	[MsgId: MMSG-17999]
  2023-06-18 17:01:15.985 : IterationNum=19	[MsgId: MMSG-17999]
   USER 19 = user45:pwd45	[MsgId: MMSG-17999]
    2023-06-18 17:01:16.078 : Start page is opened	[MsgId: MMSG-17999]
    2023-06-18 17:01:21.769 : User is logged in with session 136661.780153908HAcQftApDVzzzzzHtcVHHpctVQ	[MsgId: MMSG-17999]
    2023-06-18 17:01:27.894 : Search page opened	[MsgId: MMSG-17999]
    2023-06-18 17:01:41.399 : Flights found : 361;53;06/21/2023 and 630;60;06/18/2023	[MsgId: MMSG-17999]
    2023-06-18 17:01:41.399 : Sity depart : Los Angeles, Sity arrive : San Francisco	[MsgId: MMSG-17999]
    2023-06-18 17:01:49.155 : Found Seat Type : Coach, Seat Pref : Window	[MsgId: MMSG-17999]
    2023-06-18 17:01:54.443 : User is logged out of session	[MsgId: MMSG-17999]
  2023-06-18 17:03:55.998 : IterationNum=20	[MsgId: MMSG-17999]
   USER 20 = user45:pwd45	[MsgId: MMSG-17999]
    2023-06-18 17:03:56.092 : Start page is opened	[MsgId: MMSG-17999]
    2023-06-18 17:04:01.485 : User is logged in with session 136661.793114621HAcQftApQiDDDDDDtcVHHpctfQ	[MsgId: MMSG-17999]
    2023-06-18 17:04:06.972 : Search page opened	[MsgId: MMSG-17999]
    2023-06-18 17:04:24.156 : Flights found : 502;487;06/21/2023 and 053;421;06/18/2023	[MsgId: MMSG-17999]
    2023-06-18 17:04:24.156 : Sity depart : Portland, Sity arrive : Denver	[MsgId: MMSG-17999]
    2023-06-18 17:04:33.300 : Found Seat Type : First, Seat Pref : None	[MsgId: MMSG-17999]
    2023-06-18 17:04:38.323 : User is logged out of session	[MsgId: MMSG-17999]
  2023-06-18 17:06:36.013 : IterationNum=21	[MsgId: MMSG-17999]
   USER 21 = user45:pwd45	[MsgId: MMSG-17999]
    2023-06-18 17:06:36.107 : Start page is opened	[MsgId: MMSG-17999]
    2023-06-18 17:06:41.687 : User is logged in with session 136661.806075334HAcQftVpzftcVHHpctQQ	[MsgId: MMSG-17999]
    2023-06-18 17:06:46.956 : Search page opened	[MsgId: MMSG-17999]
    2023-06-18 17:07:00.136 : Flights found : 673;103;06/21/2023 and 763;103;06/18/2023	[MsgId: MMSG-17999]
    2023-06-18 17:07:00.136 : Sity depart : San Francisco, Sity arrive : Seattle	[MsgId: MMSG-17999]
    2023-06-18 17:07:11.326 : Found Seat Type : Business, Seat Pref : Window	[MsgId: MMSG-17999]
    2023-06-18 17:07:16.256 : User is logged out of session	[MsgId: MMSG-17999]
  2023-06-18 17:09:16.025 : IterationNum=22	[MsgId: MMSG-17999]
   USER 22 = user45:pwd45	[MsgId: MMSG-17999]
    2023-06-18 17:09:16.119 : Start page is opened	[MsgId: MMSG-17999]
    2023-06-18 17:09:22.310 : User is logged in with session 136661.819036047HAcQftcpDVzzzzzHtcVHHpcfDQ	[MsgId: MMSG-17999]
    2023-06-18 17:09:28.344 : Search page opened	[MsgId: MMSG-17999]
           ERROR : Sity depart : Paris Sity arrive : Paris	[MsgId: MMSG-17999]
           ERROR FIXED : Sity depart : Paris Sity arrive : Sydney	[MsgId: MMSG-17999]
    2023-06-18 17:09:46.205 : Flights found : 482;1958;06/21/2023 and 840;2071;06/18/2023	[MsgId: MMSG-17999]
    2023-06-18 17:09:46.205 : Sity depart : Paris, Sity arrive : Sydney	[MsgId: MMSG-17999]
    2023-06-18 17:09:53.990 : Found Seat Type : Business, Seat Pref : None	[MsgId: MMSG-17999]
    2023-06-18 17:09:58.496 : User is logged out of session	[MsgId: MMSG-17999]
  2023-06-18 17:11:56.038 : IterationNum=23	[MsgId: MMSG-17999]
   USER 23 = user45:pwd45	[MsgId: MMSG-17999]
    2023-06-18 17:11:56.132 : Start page is opened	[MsgId: MMSG-17999]
    2023-06-18 17:12:00.788 : User is logged in with session 136661.83199676HAcQftcpQiDDDDDDtcVHHpcfHQ	[MsgId: MMSG-17999]
    2023-06-18 17:12:06.010 : Search page opened	[MsgId: MMSG-17999]
    2023-06-18 17:12:21.552 : Flights found : 433;673;06/21/2023 and 341;733;06/18/2023	[MsgId: MMSG-17999]
    2023-06-18 17:12:21.552 : Sity depart : Paris, Sity arrive : Los Angeles	[MsgId: MMSG-17999]
    2023-06-18 17:12:32.428 : Found Seat Type : First, Seat Pref : Window	[MsgId: MMSG-17999]
    2023-06-18 17:12:36.701 : User is logged out of session	[MsgId: MMSG-17999]
  2023-06-18 17:14:36.047 : IterationNum=24	[MsgId: MMSG-17999]
   USER 24 = user45:pwd45	[MsgId: MMSG-17999]
    2023-06-18 17:14:36.141 : Start page is opened	[MsgId: MMSG-17999]
    2023-06-18 17:14:41.345 : User is logged in with session 136661.844957473HAcQftDpzftcVHHpczVQ	[MsgId: MMSG-17999]
    2023-06-18 17:14:45.955 : Search page opened	[MsgId: MMSG-17999]
    2023-06-18 17:15:00.640 : Flights found : 353;162;06/21/2023 and 531;176;06/18/2023	[MsgId: MMSG-17999]
    2023-06-18 17:15:00.640 : Sity depart : Los Angeles, Sity arrive : Portland	[MsgId: MMSG-17999]
    2023-06-18 17:15:13.031 : Found Seat Type : Coach, Seat Pref : Window	[MsgId: MMSG-17999]
    2023-06-18 17:15:18.727 : User is logged out of session	[MsgId: MMSG-17999]
  2023-06-18 17:17:16.061 : IterationNum=25	[MsgId: MMSG-17999]
   USER 25 = user45:pwd45	[MsgId: MMSG-17999]
    2023-06-18 17:17:16.154 : Start page is opened	[MsgId: MMSG-17999]
    2023-06-18 17:17:21.890 : User is logged in with session 136661.857918186HAcQfttpDVzzzzzHtcVHHpczfQ	[MsgId: MMSG-17999]
    2023-06-18 17:17:26.157 : Search page opened	[MsgId: MMSG-17999]
    2023-06-18 17:17:44.768 : Flights found : 012;365;06/21/2023 and 101;343;06/18/2023	[MsgId: MMSG-17999]
    2023-06-18 17:17:44.768 : Sity depart : Denver, Sity arrive : Frankfurt	[MsgId: MMSG-17999]
    2023-06-18 17:17:55.041 : Found Seat Type : Coach, Seat Pref : Aisle	[MsgId: MMSG-17999]
    2023-06-18 17:18:00.955 : User is logged out of session	[MsgId: MMSG-17999]
