  2023-06-18 16:16:36.427 : IterationNum=1	[MsgId: MMSG-17999]
   USER 1 = user95:pwd95	[MsgId: MMSG-17999]
    2023-06-18 16:16:36.512 : Start page is opened	[MsgId: MMSG-17999]
    2023-06-18 16:16:41.628 : User is logged in with session 136661.563061968HAcQfcQpVftcVHHpVHtQ	[MsgId: MMSG-17999]
    2023-06-18 16:16:47.837 : User is logged out of session	[MsgId: MMSG-17999]
  2023-06-18 16:18:42.433 : IterationNum=2	[MsgId: MMSG-17999]
   USER 2 = user95:pwd95	[MsgId: MMSG-17999]
    2023-06-18 16:18:42.527 : Start page is opened	[MsgId: MMSG-17999]
    2023-06-18 16:18:47.622 : User is logged in with session 136661.57326853HAcQfcQpzHftcVHHpVHiAf	[MsgId: MMSG-17999]
    2023-06-18 16:18:52.172 : User is logged out of session	[MsgId: MMSG-17999]
  2023-06-18 16:20:48.441 : IterationNum=3	[MsgId: MMSG-17999]
   USER 3 = user95:pwd95	[MsgId: MMSG-17999]
    2023-06-18 16:20:48.535 : Start page is opened	[MsgId: MMSG-17999]
    2023-06-18 16:20:52.738 : User is logged in with session 136661.583475091HAcQfDApctcVHHpViVc	[MsgId: MMSG-17999]
    2023-06-18 16:20:57.691 : User is logged out of session	[MsgId: MMSG-17999]
  2023-06-18 16:22:54.447 : IterationNum=4	[MsgId: MMSG-17999]
   USER 4 = user95:pwd95	[MsgId: MMSG-17999]
    2023-06-18 16:22:54.541 : Start page is opened	[MsgId: MMSG-17999]
    2023-06-18 16:22:59.089 : User is logged in with session 136661.593681652HAcQfDApHcftcVHHpVitDf	[MsgId: MMSG-17999]
    2023-06-18 16:23:04.905 : User is logged out of session	[MsgId: MMSG-17999]
  2023-06-18 16:25:00.454 : IterationNum=5	[MsgId: MMSG-17999]
   USER 5 = user95:pwd95	[MsgId: MMSG-17999]
    2023-06-18 16:25:00.548 : Start page is opened	[MsgId: MMSG-17999]
    2023-06-18 16:25:05.175 : User is logged in with session 136661.603888214HAcQfDVpcftcVHHpViHf	[MsgId: MMSG-17999]
    2023-06-18 16:25:11.498 : User is logged out of session	[MsgId: MMSG-17999]
  2023-06-18 16:27:06.468 : IterationNum=6	[MsgId: MMSG-17999]
   USER 6 = user95:pwd95	[MsgId: MMSG-17999]
    2023-06-18 16:27:06.562 : Start page is opened	[MsgId: MMSG-17999]
    2023-06-18 16:27:12.001 : User is logged in with session 136661.614094775HAcQfDVpHHftcVHHpVQAzf	[MsgId: MMSG-17999]
    2023-06-18 16:27:16.078 : User is logged out of session	[MsgId: MMSG-17999]
  2023-06-18 16:29:12.476 : IterationNum=7	[MsgId: MMSG-17999]
   USER 7 = user95:pwd95	[MsgId: MMSG-17999]
    2023-06-18 16:29:12.570 : Start page is opened	[MsgId: MMSG-17999]
    2023-06-18 16:29:17.681 : User is logged in with session 136661.624301337HAcQfDcpDtcVHHpVQDi	[MsgId: MMSG-17999]
    2023-06-18 16:29:21.967 : User is logged out of session	[MsgId: MMSG-17999]
  2023-06-18 16:31:18.477 : IterationNum=8	[MsgId: MMSG-17999]
   USER 8 = user95:pwd95	[MsgId: MMSG-17999]
    2023-06-18 16:31:18.571 : Start page is opened	[MsgId: MMSG-17999]
    2023-06-18 16:31:24.903 : User is logged in with session 136661.634507898HAcQfDcpicftcVHHpVQzQf	[MsgId: MMSG-17999]
    2023-06-18 16:31:29.029 : User is logged out of session	[MsgId: MMSG-17999]
  2023-06-18 16:33:24.480 : IterationNum=9	[MsgId: MMSG-17999]
   USER 9 = user95:pwd95	[MsgId: MMSG-17999]
    2023-06-18 16:33:24.574 : Start page is opened	[MsgId: MMSG-17999]
    2023-06-18 16:33:29.107 : User is logged in with session 136661.644714459HAcQfDDpDftcVHHpcAAV	[MsgId: MMSG-17999]
    2023-06-18 16:33:33.383 : User is logged out of session	[MsgId: MMSG-17999]
  2023-06-18 16:35:30.493 : IterationNum=10	[MsgId: MMSG-17999]
   USER 10 = user95:pwd95	[MsgId: MMSG-17999]
    2023-06-18 16:35:30.587 : Start page is opened	[MsgId: MMSG-17999]
    2023-06-18 16:35:36.370 : User is logged in with session 136661.654921021HAcQfDDpiHftcVHHpcADcf	[MsgId: MMSG-17999]
    2023-06-18 16:35:42.108 : User is logged out of session	[MsgId: MMSG-17999]
  2023-06-18 16:37:36.500 : IterationNum=11	[MsgId: MMSG-17999]
   USER 11 = user95:pwd95	[MsgId: MMSG-17999]
    2023-06-18 16:37:36.594 : Start page is opened	[MsgId: MMSG-17999]
    2023-06-18 16:37:40.579 : User is logged in with session 136661.665127582HAcQfDtpttcVHHpcAzt	[MsgId: MMSG-17999]
    2023-06-18 16:37:45.674 : User is logged out of session	[MsgId: MMSG-17999]
  2023-06-18 16:39:42.509 : IterationNum=12	[MsgId: MMSG-17999]
   USER 12 = user95:pwd95	[MsgId: MMSG-17999]
    2023-06-18 16:39:42.603 : Start page is opened	[MsgId: MMSG-17999]
    2023-06-18 16:39:47.135 : User is logged in with session 136661.675334143HAcQfDtpQcftcVHHpcAQff	[MsgId: MMSG-17999]
    2023-06-18 16:39:52.074 : User is logged out of session	[MsgId: MMSG-17999]
  2023-06-18 16:41:48.509 : IterationNum=13	[MsgId: MMSG-17999]
   USER 13 = user95:pwd95	[MsgId: MMSG-17999]
    2023-06-18 16:41:48.603 : Start page is opened	[MsgId: MMSG-17999]
    2023-06-18 16:41:53.057 : User is logged in with session 136661.685540705HAcQfDfptftcVHHpcVcH	[MsgId: MMSG-17999]
    2023-06-18 16:41:57.824 : User is logged out of session	[MsgId: MMSG-17999]
  2023-06-18 16:43:54.509 : IterationNum=14	[MsgId: MMSG-17999]
   USER 14 = user95:pwd95	[MsgId: MMSG-17999]
    2023-06-18 16:43:54.603 : Start page is opened	[MsgId: MMSG-17999]
    2023-06-18 16:43:59.230 : User is logged in with session 136661.695747266HAcQfDfpQHftcVHHpcVfif	[MsgId: MMSG-17999]
    2023-06-18 16:44:04.421 : User is logged out of session	[MsgId: MMSG-17999]
  2023-06-18 16:46:00.513 : IterationNum=15	[MsgId: MMSG-17999]
   USER 15 = user95:pwd95	[MsgId: MMSG-17999]
    2023-06-18 16:46:00.607 : Start page is opened	[MsgId: MMSG-17999]
    2023-06-18 16:46:05.593 : User is logged in with session 136661.705953827HAcQfDzpftcVHHpcVQ	[MsgId: MMSG-17999]
    2023-06-18 16:46:10.828 : User is logged out of session	[MsgId: MMSG-17999]
  2023-06-18 16:48:06.515 : IterationNum=16	[MsgId: MMSG-17999]
   USER 16 = user95:pwd95	[MsgId: MMSG-17999]
    2023-06-18 16:48:06.609 : Start page is opened	[MsgId: MMSG-17999]
    2023-06-18 16:48:10.860 : User is logged in with session 136661.716160389HAcQfDHpAcftcVHHpcccVf	[MsgId: MMSG-17999]
    2023-06-18 16:48:16.089 : User is logged out of session	[MsgId: MMSG-17999]
  2023-06-18 16:50:12.525 : IterationNum=17	[MsgId: MMSG-17999]
   USER 17 = user95:pwd95	[MsgId: MMSG-17999]
    2023-06-18 16:50:12.619 : Start page is opened	[MsgId: MMSG-17999]
    2023-06-18 16:50:18.222 : User is logged in with session 136661.72636695HAcQfDHpfftcVHHpccfD	[MsgId: MMSG-17999]
    2023-06-18 16:50:24.300 : User is logged out of session	[MsgId: MMSG-17999]
  2023-06-18 16:52:18.538 : IterationNum=18	[MsgId: MMSG-17999]
   USER 18 = user95:pwd95	[MsgId: MMSG-17999]
    2023-06-18 16:52:18.632 : Start page is opened	[MsgId: MMSG-17999]
    2023-06-18 16:52:23.228 : User is logged in with session 136661.736573512HAcQfDipAHftcVHHpccitf	[MsgId: MMSG-17999]
    2023-06-18 16:52:28.467 : User is logged out of session	[MsgId: MMSG-17999]
  2023-06-18 16:54:24.545 : IterationNum=19	[MsgId: MMSG-17999]
   USER 19 = user95:pwd95	[MsgId: MMSG-17999]
    2023-06-18 16:54:24.639 : Start page is opened	[MsgId: MMSG-17999]
    2023-06-18 16:54:30.425 : User is logged in with session 136661.746780073HAcQfDipztcVHHpcDVz	[MsgId: MMSG-17999]
    2023-06-18 16:54:36.746 : User is logged out of session	[MsgId: MMSG-17999]
  2023-06-18 16:56:30.546 : IterationNum=20	[MsgId: MMSG-17999]
   USER 20 = user95:pwd95	[MsgId: MMSG-17999]
    2023-06-18 16:56:30.640 : Start page is opened	[MsgId: MMSG-17999]
    2023-06-18 16:56:35.483 : User is logged in with session 136661.756986634HAcQfDQpVcftcVHHpcDtHf	[MsgId: MMSG-17999]
    2023-06-18 16:56:40.280 : User is logged out of session	[MsgId: MMSG-17999]
  2023-06-18 16:58:36.552 : IterationNum=21	[MsgId: MMSG-17999]
   USER 21 = user95:pwd95	[MsgId: MMSG-17999]
    2023-06-18 16:58:36.646 : Start page is opened	[MsgId: MMSG-17999]
    2023-06-18 16:58:41.866 : User is logged in with session 136661.767193196HAcQfDQpzftcVHHpcDHQ	[MsgId: MMSG-17999]
    2023-06-18 16:58:46.539 : User is logged out of session	[MsgId: MMSG-17999]
  2023-06-18 17:00:42.555 : IterationNum=22	[MsgId: MMSG-17999]
   USER 22 = user95:pwd95	[MsgId: MMSG-17999]
    2023-06-18 17:00:42.649 : Start page is opened	[MsgId: MMSG-17999]
    2023-06-18 17:00:47.511 : User is logged in with session 136661.777399757HAcQftApVHftcVHHpctVAf	[MsgId: MMSG-17999]
    2023-06-18 17:00:53.246 : User is logged out of session	[MsgId: MMSG-17999]
  2023-06-18 17:02:48.559 : IterationNum=23	[MsgId: MMSG-17999]
   USER 23 = user95:pwd95	[MsgId: MMSG-17999]
    2023-06-18 17:02:48.653 : Start page is opened	[MsgId: MMSG-17999]
    2023-06-18 17:02:53.702 : User is logged in with session 136661.787606318HAcQftApHtcVHHpcttc	[MsgId: MMSG-17999]
    2023-06-18 17:02:57.673 : User is logged out of session	[MsgId: MMSG-17999]
  2023-06-18 17:04:54.564 : IterationNum=24	[MsgId: MMSG-17999]
   USER 24 = user95:pwd95	[MsgId: MMSG-17999]
    2023-06-18 17:04:54.658 : Start page is opened	[MsgId: MMSG-17999]
    2023-06-18 17:04:59.284 : User is logged in with session 136661.79781288HAcQftVpccftcVHHpctHDf	[MsgId: MMSG-17999]
    2023-06-18 17:05:04.381 : User is logged out of session	[MsgId: MMSG-17999]
  2023-06-18 17:07:00.566 : IterationNum=25	[MsgId: MMSG-17999]
   USER 25 = user95:pwd95	[MsgId: MMSG-17999]
    2023-06-18 17:07:00.660 : Start page is opened	[MsgId: MMSG-17999]
    2023-06-18 17:07:06.741 : User is logged in with session 136661.808019441HAcQftVpHftcVHHpcfAf	[MsgId: MMSG-17999]
    2023-06-18 17:07:11.368 : User is logged out of session	[MsgId: MMSG-17999]
  2023-06-18 17:09:06.569 : IterationNum=26	[MsgId: MMSG-17999]
   USER 26 = user95:pwd95	[MsgId: MMSG-17999]
    2023-06-18 17:09:06.663 : Start page is opened	[MsgId: MMSG-17999]
    2023-06-18 17:09:12.994 : User is logged in with session 136661.818226002HAcQftcpcHftcVHHpcfDzf	[MsgId: MMSG-17999]
    2023-06-18 17:09:18.356 : User is logged out of session	[MsgId: MMSG-17999]
  2023-06-18 17:11:12.571 : IterationNum=27	[MsgId: MMSG-17999]
   USER 27 = user95:pwd95	[MsgId: MMSG-17999]
    2023-06-18 17:11:12.666 : Start page is opened	[MsgId: MMSG-17999]
    2023-06-18 17:11:16.651 : User is logged in with session 136661.828432564HAcQftcpitcVHHpcfzi	[MsgId: MMSG-17999]
    2023-06-18 17:11:21.017 : User is logged out of session	[MsgId: MMSG-17999]
  2023-06-18 17:13:18.578 : IterationNum=28	[MsgId: MMSG-17999]
   USER 28 = user95:pwd95	[MsgId: MMSG-17999]
    2023-06-18 17:13:18.672 : Start page is opened	[MsgId: MMSG-17999]
    2023-06-18 17:13:24.376 : User is logged in with session 136661.838639125HAcQftDpDcftcVHHpcfQQf	[MsgId: MMSG-17999]
    2023-06-18 17:13:28.579 : User is logged out of session	[MsgId: MMSG-17999]
  2023-06-18 17:15:24.588 : IterationNum=29	[MsgId: MMSG-17999]
   USER 29 = user95:pwd95	[MsgId: MMSG-17999]
    2023-06-18 17:15:24.682 : Start page is opened	[MsgId: MMSG-17999]
    2023-06-18 17:15:29.610 : User is logged in with session 136661.848845687HAcQftDpiftcVHHpczDV	[MsgId: MMSG-17999]
    2023-06-18 17:15:34.043 : User is logged out of session	[MsgId: MMSG-17999]
  2023-06-18 17:17:30.596 : IterationNum=30	[MsgId: MMSG-17999]
   USER 30 = user95:pwd95	[MsgId: MMSG-17999]
    2023-06-18 17:17:30.690 : Start page is opened	[MsgId: MMSG-17999]
    2023-06-18 17:17:36.888 : User is logged in with session 136661.859052248HAcQfttpDHftcVHHpczzcf	[MsgId: MMSG-17999]
    2023-06-18 17:17:42.109 : User is logged out of session	[MsgId: MMSG-17999]
