  2023-06-18 16:12:05.786 : IterationNum=1	[MsgId: MMSG-17999]
   USER 1 = user37:pwd37	[MsgId: MMSG-17999]
    2023-06-18 16:12:05.874 : Start page is opened	[MsgId: MMSG-17999]
    2023-06-18 16:12:11.311 : User is logged in with session 136661.541109761HAcQfcipAcAiDDDDtcVHHpVziVcf	[MsgId: MMSG-17999]
    2023-06-18 16:12:17.621 : Search page opened	[MsgId: MMSG-17999]
    2023-06-18 16:12:32.286 : Flights found : 691;485;06/21/2023 and 961;485;06/18/2023	[MsgId: MMSG-17999]
    2023-06-18 16:12:32.287 : Sity depart : San Francisco, Sity arrive : Zurich	[MsgId: MMSG-17999]
    2023-06-18 16:12:41.996 : Found Seat Type : Business, Seat Pref : Aisle	[MsgId: MMSG-17999]
    2023-06-18 16:12:46.136 : User is logged out of session	[MsgId: MMSG-17999]
  2023-06-18 16:14:45.797 : IterationNum=2	[MsgId: MMSG-17999]
   USER 2 = user38:pwd38	[MsgId: MMSG-17999]
    2023-06-18 16:14:45.890 : Start page is opened	[MsgId: MMSG-17999]
    2023-06-18 16:14:51.674 : User is logged in with session 136661.554070474HAcQfcipziHftcVHHpVHcVcf	[MsgId: MMSG-17999]
    2023-06-18 16:14:55.962 : Search page opened	[MsgId: MMSG-17999]
    2023-06-18 16:15:07.790 : Flights found : 040;508;06/21/2023 and 403;416;06/18/2023	[MsgId: MMSG-17999]
    2023-06-18 16:15:07.790 : Sity depart : Denver, Sity arrive : Paris	[MsgId: MMSG-17999]
    2023-06-18 16:15:17.082 : Found Seat Type : Business, Seat Pref : Aisle	[MsgId: MMSG-17999]
    2023-06-18 16:15:22.419 : User is logged out of session	[MsgId: MMSG-17999]
  2023-06-18 16:17:25.807 : IterationNum=3	[MsgId: MMSG-17999]
   USER 3 = user39:pwd39	[MsgId: MMSG-17999]
    2023-06-18 16:17:25.902 : Start page is opened	[MsgId: MMSG-17999]
    2023-06-18 16:17:31.877 : User is logged in with session 136661.567031187HAcQfcQpDftVzzzHtcVHHpVHzVcf	[MsgId: MMSG-17999]
    2023-06-18 16:17:35.935 : Search page opened	[MsgId: MMSG-17999]
           ERROR : Sity depart : Zurich Sity arrive : Zurich	[MsgId: MMSG-17999]
           ERROR FIXED : Sity depart : Zurich Sity arrive : Seattle	[MsgId: MMSG-17999]
    2023-06-18 16:17:52.224 : Flights found : 971;578;06/21/2023 and 791;578;06/18/2023	[MsgId: MMSG-17999]
    2023-06-18 16:17:52.224 : Sity depart : Zurich, Sity arrive : Seattle	[MsgId: MMSG-17999]
    2023-06-18 16:18:02.680 : Found Seat Type : Business, Seat Pref : Window	[MsgId: MMSG-17999]
    2023-06-18 16:18:09.019 : User is logged out of session	[MsgId: MMSG-17999]
  2023-06-18 16:20:05.809 : IterationNum=4	[MsgId: MMSG-17999]
   USER 4 = user39:pwd39	[MsgId: MMSG-17999]
    2023-06-18 16:20:05.903 : Start page is opened	[MsgId: MMSG-17999]
    2023-06-18 16:20:10.557 : User is logged in with session 136661.5799919HAcQfDApAcAiDDDDtcVHHpViAVcf	[MsgId: MMSG-17999]
    2023-06-18 16:20:16.715 : Search page opened	[MsgId: MMSG-17999]
           ERROR : Sity depart : Los Angeles Sity arrive : Los Angeles	[MsgId: MMSG-17999]
           ERROR FIXED : Sity depart : Los Angeles Sity arrive : London	[MsgId: MMSG-17999]
    2023-06-18 16:20:35.145 : Flights found : 321;998;06/21/2023 and 232;1060;06/18/2023	[MsgId: MMSG-17999]
    2023-06-18 16:20:35.145 : Sity depart : Los Angeles, Sity arrive : London	[MsgId: MMSG-17999]
    2023-06-18 16:20:44.260 : Found Seat Type : Business, Seat Pref : Aisle	[MsgId: MMSG-17999]
    2023-06-18 16:20:49.754 : User is logged out of session	[MsgId: MMSG-17999]
  2023-06-18 16:22:45.820 : IterationNum=5	[MsgId: MMSG-17999]
   USER 5 = user39:pwd39	[MsgId: MMSG-17999]
    2023-06-18 16:22:45.914 : Start page is opened	[MsgId: MMSG-17999]
    2023-06-18 16:22:51.947 : User is logged in with session 136661.592952612HAcQfDApziHftcVHHpVitVcf	[MsgId: MMSG-17999]
    2023-06-18 16:22:57.088 : Search page opened	[MsgId: MMSG-17999]
    2023-06-18 16:23:11.532 : Flights found : 863;1128;06/21/2023 and 682;1304;06/18/2023	[MsgId: MMSG-17999]
    2023-06-18 16:23:11.532 : Sity depart : Sydney, Sity arrive : San Francisco	[MsgId: MMSG-17999]
    2023-06-18 16:23:23.965 : Found Seat Type : First, Seat Pref : Aisle	[MsgId: MMSG-17999]
    2023-06-18 16:23:28.945 : User is logged out of session	[MsgId: MMSG-17999]
  2023-06-18 16:25:25.820 : IterationNum=6	[MsgId: MMSG-17999]
   USER 6 = user39:pwd39	[MsgId: MMSG-17999]
    2023-06-18 16:25:25.914 : Start page is opened	[MsgId: MMSG-17999]
    2023-06-18 16:25:32.244 : User is logged in with session 136661.605913325HAcQfDVpDftVzzzHtcVHHpViiVcf	[MsgId: MMSG-17999]
    2023-06-18 16:25:36.820 : Search page opened	[MsgId: MMSG-17999]
    2023-06-18 16:25:55.601 : Flights found : 671;112;06/21/2023 and 762;119;06/18/2023	[MsgId: MMSG-17999]
    2023-06-18 16:25:55.601 : Sity depart : San Francisco, Sity arrive : Seattle	[MsgId: MMSG-17999]
    2023-06-18 16:26:07.553 : Found Seat Type : Business, Seat Pref : Aisle	[MsgId: MMSG-17999]
    2023-06-18 16:26:12.649 : User is logged out of session	[MsgId: MMSG-17999]
  2023-06-18 16:28:05.830 : IterationNum=7	[MsgId: MMSG-17999]
   USER 7 = user39:pwd39	[MsgId: MMSG-17999]
    2023-06-18 16:28:05.925 : Start page is opened	[MsgId: MMSG-17999]
    2023-06-18 16:28:11.974 : User is logged in with session 136661.618874038HAcQfDcpAcAiDDDDtcVHHpVQcVcf	[MsgId: MMSG-17999]
    2023-06-18 16:28:16.256 : Search page opened	[MsgId: MMSG-17999]
    2023-06-18 16:28:33.108 : Flights found : 563;116;06/21/2023 and 652;134;06/18/2023	[MsgId: MMSG-17999]
    2023-06-18 16:28:33.109 : Sity depart : Portland, Sity arrive : San Francisco	[MsgId: MMSG-17999]
    2023-06-18 16:28:40.832 : Found Seat Type : First, Seat Pref : Window	[MsgId: MMSG-17999]
    2023-06-18 16:28:46.991 : User is logged out of session	[MsgId: MMSG-17999]
  2023-06-18 16:30:45.845 : IterationNum=8	[MsgId: MMSG-17999]
   USER 8 = user39:pwd39	[MsgId: MMSG-17999]
    2023-06-18 16:30:45.939 : Start page is opened	[MsgId: MMSG-17999]
    2023-06-18 16:30:50.706 : User is logged in with session 136661.631834751HAcQfDcpziHftcVHHpVQzVcf	[MsgId: MMSG-17999]
    2023-06-18 16:30:56.945 : Search page opened	[MsgId: MMSG-17999]
    2023-06-18 16:31:08.614 : Flights found : 403;416;06/21/2023 and 043;416;06/18/2023	[MsgId: MMSG-17999]
    2023-06-18 16:31:08.614 : Sity depart : Paris, Sity arrive : Denver	[MsgId: MMSG-17999]
    2023-06-18 16:31:19.143 : Found Seat Type : Business, Seat Pref : None	[MsgId: MMSG-17999]
    2023-06-18 16:31:23.494 : User is logged out of session	[MsgId: MMSG-17999]
  2023-06-18 16:33:25.855 : IterationNum=9	[MsgId: MMSG-17999]
   USER 9 = user39:pwd39	[MsgId: MMSG-17999]
    2023-06-18 16:33:25.949 : Start page is opened	[MsgId: MMSG-17999]
    2023-06-18 16:33:31.293 : User is logged in with session 136661.644795464HAcQfDDpDftVzzzHtcVHHpcAAVcf	[MsgId: MMSG-17999]
    2023-06-18 16:33:37.072 : Search page opened	[MsgId: MMSG-17999]
    2023-06-18 16:33:51.424 : Flights found : 371;155;06/21/2023 and 732;165;06/18/2023	[MsgId: MMSG-17999]
    2023-06-18 16:33:51.424 : Sity depart : Los Angeles, Sity arrive : Seattle	[MsgId: MMSG-17999]
    2023-06-18 16:34:02.351 : Found Seat Type : Coach, Seat Pref : None	[MsgId: MMSG-17999]
    2023-06-18 16:34:06.574 : User is logged out of session	[MsgId: MMSG-17999]
  2023-06-18 16:36:05.862 : IterationNum=10	[MsgId: MMSG-17999]
   USER 10 = user39:pwd39	[MsgId: MMSG-17999]
    2023-06-18 16:36:05.956 : Start page is opened	[MsgId: MMSG-17999]
    2023-06-18 16:36:11.740 : User is logged in with session 136661.657756177HAcQfDtpAcAiDDDDtcVHHpcAtVcf	[MsgId: MMSG-17999]
    2023-06-18 16:36:16.444 : Search page opened	[MsgId: MMSG-17999]
    2023-06-18 16:36:28.516 : Flights found : 250;555;06/21/2023 and 523;454;06/18/2023	[MsgId: MMSG-17999]
    2023-06-18 16:36:28.516 : Sity depart : London, Sity arrive : Portland	[MsgId: MMSG-17999]
    2023-06-18 16:36:40.463 : Found Seat Type : Coach, Seat Pref : Window	[MsgId: MMSG-17999]
    2023-06-18 16:36:44.456 : User is logged out of session	[MsgId: MMSG-17999]
  2023-06-18 16:38:45.877 : IterationNum=11	[MsgId: MMSG-17999]
   USER 11 = user39:pwd39	[MsgId: MMSG-17999]
    2023-06-18 16:38:45.971 : Start page is opened	[MsgId: MMSG-17999]
    2023-06-18 16:38:50.644 : User is logged in with session 136661.670716889HAcQfDtpziHftcVHHpcAiVcf	[MsgId: MMSG-17999]
    2023-06-18 16:38:56.647 : Search page opened	[MsgId: MMSG-17999]
    2023-06-18 16:39:12.646 : Flights found : 323;1186;06/21/2023 and 232;1370;06/18/2023	[MsgId: MMSG-17999]
    2023-06-18 16:39:12.646 : Sity depart : Los Angeles, Sity arrive : London	[MsgId: MMSG-17999]
    2023-06-18 16:39:23.480 : Found Seat Type : First, Seat Pref : None	[MsgId: MMSG-17999]
    2023-06-18 16:39:29.237 : User is logged out of session	[MsgId: MMSG-17999]
  2023-06-18 16:41:25.892 : IterationNum=12	[MsgId: MMSG-17999]
   USER 12 = user39:pwd39	[MsgId: MMSG-17999]
    2023-06-18 16:41:25.986 : Start page is opened	[MsgId: MMSG-17999]
    2023-06-18 16:41:30.081 : User is logged in with session 136661.683677602HAcQfDfpDftVzzzHtcVHHpcVcVcf	[MsgId: MMSG-17999]
    2023-06-18 16:41:35.615 : Search page opened	[MsgId: MMSG-17999]
    2023-06-18 16:41:47.546 : Flights found : 702;518;06/21/2023 and 072;518;06/18/2023	[MsgId: MMSG-17999]
    2023-06-18 16:41:47.546 : Sity depart : Seattle, Sity arrive : Denver	[MsgId: MMSG-17999]
    2023-06-18 16:41:58.566 : Found Seat Type : First, Seat Pref : Window	[MsgId: MMSG-17999]
    2023-06-18 16:42:03.035 : User is logged out of session	[MsgId: MMSG-17999]
  2023-06-18 16:44:05.905 : IterationNum=13	[MsgId: MMSG-17999]
   USER 13 = user39:pwd39	[MsgId: MMSG-17999]
    2023-06-18 16:44:05.999 : Start page is opened	[MsgId: MMSG-17999]
    2023-06-18 16:44:11.064 : User is logged in with session 136661.696638315HAcQfDzpAcAiDDDDtcVHHpcVzVcf	[MsgId: MMSG-17999]
    2023-06-18 16:44:16.488 : Search page opened	[MsgId: MMSG-17999]
    2023-06-18 16:44:32.335 : Flights found : 133;386;06/21/2023 and 313;268;06/18/2023	[MsgId: MMSG-17999]
    2023-06-18 16:44:32.335 : Sity depart : Frankfurt, Sity arrive : Los Angeles	[MsgId: MMSG-17999]
    2023-06-18 16:44:40.480 : Found Seat Type : Business, Seat Pref : None	[MsgId: MMSG-17999]
    2023-06-18 16:44:45.865 : User is logged out of session	[MsgId: MMSG-17999]
  2023-06-18 16:46:45.914 : IterationNum=14	[MsgId: MMSG-17999]
   USER 14 = user39:pwd39	[MsgId: MMSG-17999]
    2023-06-18 16:46:46.008 : Start page is opened	[MsgId: MMSG-17999]
    2023-06-18 16:46:51.855 : User is logged in with session 136661.709599028HAcQfDzpziHftcVHHpccAVcf	[MsgId: MMSG-17999]
    2023-06-18 16:46:56.215 : Search page opened	[MsgId: MMSG-17999]
    2023-06-18 16:47:13.632 : Flights found : 471;773;06/21/2023 and 743;709;06/18/2023	[MsgId: MMSG-17999]
    2023-06-18 16:47:13.632 : Sity depart : Paris, Sity arrive : Seattle	[MsgId: MMSG-17999]
    2023-06-18 16:47:22.213 : Found Seat Type : Business, Seat Pref : None	[MsgId: MMSG-17999]
    2023-06-18 16:47:27.799 : User is logged out of session	[MsgId: MMSG-17999]
  2023-06-18 16:49:25.922 : IterationNum=15	[MsgId: MMSG-17999]
   USER 15 = user39:pwd39	[MsgId: MMSG-17999]
    2023-06-18 16:49:26.016 : Start page is opened	[MsgId: MMSG-17999]
    2023-06-18 16:49:30.798 : User is logged in with session 136661.722559741HAcQfDHpDftVzzzHtcVHHpcctVcf	[MsgId: MMSG-17999]
    2023-06-18 16:49:35.793 : Search page opened	[MsgId: MMSG-17999]
    2023-06-18 16:49:52.511 : Flights found : 702;276;06/21/2023 and 072;276;06/18/2023	[MsgId: MMSG-17999]
    2023-06-18 16:49:52.511 : Sity depart : Seattle, Sity arrive : Denver	[MsgId: MMSG-17999]
    2023-06-18 16:50:04.327 : Found Seat Type : Coach, Seat Pref : None	[MsgId: MMSG-17999]
    2023-06-18 16:50:08.492 : User is logged out of session	[MsgId: MMSG-17999]
  2023-06-18 16:52:05.924 : IterationNum=16	[MsgId: MMSG-17999]
   USER 16 = user39:pwd39	[MsgId: MMSG-17999]
    2023-06-18 16:52:06.018 : Start page is opened	[MsgId: MMSG-17999]
    2023-06-18 16:52:12.004 : User is logged in with session 136661.735520454HAcQfDipAcAiDDDDtcVHHpcciVcf	[MsgId: MMSG-17999]
    2023-06-18 16:52:16.732 : Search page opened	[MsgId: MMSG-17999]
    2023-06-18 16:52:33.980 : Flights found : 021;301;06/21/2023 and 202;320;06/18/2023	[MsgId: MMSG-17999]
    2023-06-18 16:52:33.980 : Sity depart : Denver, Sity arrive : London	[MsgId: MMSG-17999]
    2023-06-18 16:52:45.076 : Found Seat Type : Coach, Seat Pref : Aisle	[MsgId: MMSG-17999]
    2023-06-18 16:52:49.101 : User is logged out of session	[MsgId: MMSG-17999]
  2023-06-18 16:54:45.933 : IterationNum=17	[MsgId: MMSG-17999]
   USER 17 = user39:pwd39	[MsgId: MMSG-17999]
    2023-06-18 16:54:46.027 : Start page is opened	[MsgId: MMSG-17999]
    2023-06-18 16:54:50.045 : User is logged in with session 136661.748481166HAcQfDipziHftcVHHpcDcVcf	[MsgId: MMSG-17999]
    2023-06-18 16:54:53.967 : Search page opened	[MsgId: MMSG-17999]
           ERROR : Sity depart : Seattle Sity arrive : Seattle	[MsgId: MMSG-17999]
           ERROR FIXED : Sity depart : Seattle Sity arrive : Seattle	[MsgId: MMSG-17999]
           ERROR FIXED : Sity depart : Seattle Sity arrive : San Francisco	[MsgId: MMSG-17999]
    2023-06-18 16:55:10.170 : Flights found : 760;126;06/21/2023 and 670;126;06/18/2023	[MsgId: MMSG-17999]
    2023-06-18 16:55:10.170 : Sity depart : Seattle, Sity arrive : San Francisco	[MsgId: MMSG-17999]
    2023-06-18 16:55:21.114 : Found Seat Type : Business, Seat Pref : Aisle	[MsgId: MMSG-17999]
    2023-06-18 16:55:25.176 : User is logged out of session	[MsgId: MMSG-17999]
  2023-06-18 16:57:25.940 : IterationNum=18	[MsgId: MMSG-17999]
   USER 18 = user39:pwd39	[MsgId: MMSG-17999]
    2023-06-18 16:57:26.034 : Start page is opened	[MsgId: MMSG-17999]
    2023-06-18 16:57:30.355 : User is logged in with session 136661.761441879HAcQfDQpDftVzzzHtcVHHpcDzVcf	[MsgId: MMSG-17999]
    2023-06-18 16:57:36.458 : Search page opened	[MsgId: MMSG-17999]
           ERROR : Sity depart : Denver Sity arrive : Denver	[MsgId: MMSG-17999]
           ERROR FIXED : Sity depart : Denver Sity arrive : Los Angeles	[MsgId: MMSG-17999]
    2023-06-18 16:57:54.521 : Flights found : 033;206;06/21/2023 and 303;206;06/18/2023	[MsgId: MMSG-17999]
    2023-06-18 16:57:54.521 : Sity depart : Denver, Sity arrive : Los Angeles	[MsgId: MMSG-17999]
    2023-06-18 16:58:06.910 : Found Seat Type : Coach, Seat Pref : Aisle	[MsgId: MMSG-17999]
    2023-06-18 16:58:12.212 : User is logged out of session	[MsgId: MMSG-17999]
  2023-06-18 17:00:05.955 : IterationNum=19	[MsgId: MMSG-17999]
   USER 19 = user39:pwd39	[MsgId: MMSG-17999]
    2023-06-18 17:00:06.049 : Start page is opened	[MsgId: MMSG-17999]
    2023-06-18 17:00:12.395 : User is logged in with session 136661.774402592HAcQftApAcAiDDDDtcVHHpctAVcf	[MsgId: MMSG-17999]
    2023-06-18 17:00:16.882 : Search page opened	[MsgId: MMSG-17999]
    2023-06-18 17:00:29.745 : Flights found : 860;735;06/21/2023 and 680;735;06/18/2023	[MsgId: MMSG-17999]
    2023-06-18 17:00:29.745 : Sity depart : Sydney, Sity arrive : San Francisco	[MsgId: MMSG-17999]
    2023-06-18 17:00:39.079 : Found Seat Type : Coach, Seat Pref : Window	[MsgId: MMSG-17999]
    2023-06-18 17:00:43.462 : User is logged out of session	[MsgId: MMSG-17999]
  2023-06-18 17:02:45.965 : IterationNum=20	[MsgId: MMSG-17999]
   USER 20 = user39:pwd39	[MsgId: MMSG-17999]
    2023-06-18 17:02:46.059 : Start page is opened	[MsgId: MMSG-17999]
    2023-06-18 17:02:50.562 : User is logged in with session 136661.787363305HAcQftApziHftcVHHpcttVcf	[MsgId: MMSG-17999]
    2023-06-18 17:02:56.765 : Search page opened	[MsgId: MMSG-17999]
           ERROR : Sity depart : Paris Sity arrive : Paris	[MsgId: MMSG-17999]
           ERROR FIXED : Sity depart : Paris Sity arrive : San Francisco	[MsgId: MMSG-17999]
    2023-06-18 17:03:10.762 : Flights found : 462;1103;06/21/2023 and 643;955;06/18/2023	[MsgId: MMSG-17999]
    2023-06-18 17:03:10.762 : Sity depart : Paris, Sity arrive : San Francisco	[MsgId: MMSG-17999]
    2023-06-18 17:03:23.030 : Found Seat Type : First, Seat Pref : Window	[MsgId: MMSG-17999]
    2023-06-18 17:03:28.853 : User is logged out of session	[MsgId: MMSG-17999]
  2023-06-18 17:05:25.979 : IterationNum=21	[MsgId: MMSG-17999]
   USER 21 = user39:pwd39	[MsgId: MMSG-17999]
    2023-06-18 17:05:26.073 : Start page is opened	[MsgId: MMSG-17999]
    2023-06-18 17:05:30.499 : User is logged in with session 136661.800405022HAcQftVpDfiDDDDDtcVHHpctiVf	[MsgId: MMSG-17999]
    2023-06-18 17:05:35.175 : Search page opened	[MsgId: MMSG-17999]
    2023-06-18 17:05:53.775 : Flights found : 020;491;06/21/2023 and 202;464;06/18/2023	[MsgId: MMSG-17999]
    2023-06-18 17:05:53.775 : Sity depart : Denver, Sity arrive : London	[MsgId: MMSG-17999]
    2023-06-18 17:06:02.920 : Found Seat Type : Business, Seat Pref : Window	[MsgId: MMSG-17999]
    2023-06-18 17:06:09.169 : User is logged out of session	[MsgId: MMSG-17999]
  2023-06-18 17:08:05.990 : IterationNum=22	[MsgId: MMSG-17999]
   USER 22 = user39:pwd39	[MsgId: MMSG-17999]
    2023-06-18 17:08:06.084 : Start page is opened	[MsgId: MMSG-17999]
    2023-06-18 17:08:11.539 : User is logged in with session 136661.813365735HAcQftcpAcftcVHHpcfcVf	[MsgId: MMSG-17999]
    2023-06-18 17:08:16.478 : Search page opened	[MsgId: MMSG-17999]
    2023-06-18 17:08:34.630 : Flights found : 263;899;06/21/2023 and 623;899;06/18/2023	[MsgId: MMSG-17999]
    2023-06-18 17:08:34.630 : Sity depart : London, Sity arrive : San Francisco	[MsgId: MMSG-17999]
    2023-06-18 17:08:46.134 : Found Seat Type : First, Seat Pref : Aisle	[MsgId: MMSG-17999]
    2023-06-18 17:08:51.799 : User is logged out of session	[MsgId: MMSG-17999]
  2023-06-18 17:10:46.001 : IterationNum=23	[MsgId: MMSG-17999]
   USER 23 = user39:pwd39	[MsgId: MMSG-17999]
    2023-06-18 17:10:46.096 : Start page is opened	[MsgId: MMSG-17999]
    2023-06-18 17:10:52.019 : User is logged in with session 136661.826326448HAcQftcpzQVzzzzHtcVHHpcfzVf	[MsgId: MMSG-17999]
    2023-06-18 17:10:56.317 : Search page opened	[MsgId: MMSG-17999]
           ERROR : Sity depart : Denver Sity arrive : Denver	[MsgId: MMSG-17999]
           ERROR FIXED : Sity depart : Denver Sity arrive : Zurich	[MsgId: MMSG-17999]
    2023-06-18 17:11:11.126 : Flights found : 092;746;06/21/2023 and 902;746;06/18/2023	[MsgId: MMSG-17999]
    2023-06-18 17:11:11.126 : Sity depart : Denver, Sity arrive : Zurich	[MsgId: MMSG-17999]
    2023-06-18 17:11:21.412 : Found Seat Type : First, Seat Pref : None	[MsgId: MMSG-17999]
    2023-06-18 17:11:27.250 : User is logged out of session	[MsgId: MMSG-17999]
  2023-06-18 17:13:26.016 : IterationNum=24	[MsgId: MMSG-17999]
   USER 24 = user39:pwd39	[MsgId: MMSG-17999]
    2023-06-18 17:13:26.110 : Start page is opened	[MsgId: MMSG-17999]
    2023-06-18 17:13:31.095 : User is logged in with session 136661.839287161HAcQftDpDfiDDDDDtcVHHpczAVf	[MsgId: MMSG-17999]
    2023-06-18 17:13:35.196 : Search page opened	[MsgId: MMSG-17999]
    2023-06-18 17:13:47.550 : Flights found : 691;485;06/21/2023 and 960;545;06/18/2023	[MsgId: MMSG-17999]
    2023-06-18 17:13:47.550 : Sity depart : San Francisco, Sity arrive : Zurich	[MsgId: MMSG-17999]
    2023-06-18 17:13:58.128 : Found Seat Type : Business, Seat Pref : Aisle	[MsgId: MMSG-17999]
    2023-06-18 17:14:03.606 : User is logged out of session	[MsgId: MMSG-17999]
  2023-06-18 17:16:06.029 : IterationNum=25	[MsgId: MMSG-17999]
   USER 25 = user39:pwd39	[MsgId: MMSG-17999]
    2023-06-18 17:16:06.123 : Start page is opened	[MsgId: MMSG-17999]
    2023-06-18 17:16:10.063 : User is logged in with session 136661.852247874HAcQfttpAcftcVHHpcztVf	[MsgId: MMSG-17999]
    2023-06-18 17:16:16.017 : Search page opened	[MsgId: MMSG-17999]
    2023-06-18 17:16:32.091 : Flights found : 311;378;06/21/2023 and 130;610;06/18/2023	[MsgId: MMSG-17999]
    2023-06-18 17:16:32.091 : Sity depart : Los Angeles, Sity arrive : Frankfurt	[MsgId: MMSG-17999]
    2023-06-18 17:16:44.556 : Found Seat Type : First, Seat Pref : Window	[MsgId: MMSG-17999]
    2023-06-18 17:16:48.521 : User is logged out of session	[MsgId: MMSG-17999]
