  2023-06-18 16:12:15.897 : IterationNum=1	[MsgId: MMSG-17999]
   USER 1 = user69:pwd69	[MsgId: MMSG-17999]
    2023-06-18 16:12:15.981 : Start page is opened	[MsgId: MMSG-17999]
    2023-06-18 16:12:22.058 : User is logged in with session 136661.541919806HAcQfcipAzcftcVHHpVziDHf	[MsgId: MMSG-17999]
    2023-06-18 16:12:27.153 : User is logged out of session	[MsgId: MMSG-17999]
  2023-06-18 16:14:21.907 : IterationNum=2	[MsgId: MMSG-17999]
   USER 2 = user69:pwd69	[MsgId: MMSG-17999]
    2023-06-18 16:14:22.002 : Start page is opened	[MsgId: MMSG-17999]
    2023-06-18 16:14:26.455 : User is logged in with session 136661.552126367HAcQfcipfiHftcVHHpVHVfcf	[MsgId: MMSG-17999]
    2023-06-18 16:14:32.279 : User is logged out of session	[MsgId: MMSG-17999]
  2023-06-18 16:16:27.916 : IterationNum=3	[MsgId: MMSG-17999]
   USER 3 = user69:pwd69	[MsgId: MMSG-17999]
    2023-06-18 16:16:28.009 : Start page is opened	[MsgId: MMSG-17999]
    2023-06-18 16:16:33.747 : User is logged in with session 136661.562332928HAcQfcQpVVcftcVHHpVHtzHf	[MsgId: MMSG-17999]
    2023-06-18 16:16:38.609 : User is logged out of session	[MsgId: MMSG-17999]
  2023-06-18 16:18:33.931 : IterationNum=4	[MsgId: MMSG-17999]
   USER 4 = user69:pwd69	[MsgId: MMSG-17999]
    2023-06-18 16:18:34.024 : Start page is opened	[MsgId: MMSG-17999]
    2023-06-18 16:18:39.667 : User is logged in with session 136661.57253949HAcQfcQpzDHftcVHHpVHHicf	[MsgId: MMSG-17999]
    2023-06-18 16:18:45.012 : User is logged out of session	[MsgId: MMSG-17999]
  2023-06-18 16:20:39.936 : IterationNum=5	[MsgId: MMSG-17999]
   USER 5 = user69:pwd69	[MsgId: MMSG-17999]
    2023-06-18 16:20:40.030 : Start page is opened	[MsgId: MMSG-17999]
    2023-06-18 16:20:44.830 : User is logged in with session 136661.582746051HAcQfDApVzcftcVHHpViAQHf	[MsgId: MMSG-17999]
    2023-06-18 16:20:51.082 : User is logged out of session	[MsgId: MMSG-17999]
  2023-06-18 16:22:45.945 : IterationNum=6	[MsgId: MMSG-17999]
   USER 6 = user69:pwd69	[MsgId: MMSG-17999]
    2023-06-18 16:22:46.039 : Start page is opened	[MsgId: MMSG-17999]
    2023-06-18 16:22:51.919 : User is logged in with session 136661.592952612HAcQfDApziHftcVHHpVitVcf	[MsgId: MMSG-17999]
    2023-06-18 16:22:56.605 : User is logged out of session	[MsgId: MMSG-17999]
  2023-06-18 16:24:51.953 : IterationNum=7	[MsgId: MMSG-17999]
   USER 7 = user69:pwd69	[MsgId: MMSG-17999]
    2023-06-18 16:24:52.047 : Start page is opened	[MsgId: MMSG-17999]
    2023-06-18 16:24:57.955 : User is logged in with session 136661.603159174HAcQfDVpcVcftcVHHpViHcHf	[MsgId: MMSG-17999]
    2023-06-18 16:25:01.989 : User is logged out of session	[MsgId: MMSG-17999]
  2023-06-18 16:26:57.966 : IterationNum=8	[MsgId: MMSG-17999]
   USER 8 = user69:pwd69	[MsgId: MMSG-17999]
    2023-06-18 16:26:58.059 : Start page is opened	[MsgId: MMSG-17999]
    2023-06-18 16:27:02.052 : User is logged in with session 136661.613365735HAcQfDVpHDHftcVHHpVQAtcf	[MsgId: MMSG-17999]
    2023-06-18 16:27:07.297 : User is logged out of session	[MsgId: MMSG-17999]
  2023-06-18 16:29:03.973 : IterationNum=9	[MsgId: MMSG-17999]
   USER 9 = user69:pwd69	[MsgId: MMSG-17999]
    2023-06-18 16:29:04.068 : Start page is opened	[MsgId: MMSG-17999]
    2023-06-18 16:29:10.353 : User is logged in with session 136661.623572296HAcQfDcpczcftcVHHpVQDfHf	[MsgId: MMSG-17999]
    2023-06-18 16:29:14.259 : User is logged out of session	[MsgId: MMSG-17999]
  2023-06-18 16:31:09.987 : IterationNum=10	[MsgId: MMSG-17999]
   USER 10 = user69:pwd69	[MsgId: MMSG-17999]
    2023-06-18 16:31:10.081 : Start page is opened	[MsgId: MMSG-17999]
    2023-06-18 16:31:14.723 : User is logged in with session 136661.633859862HAcQfDcpHQVzzzzHtcVHHpVQzHf	[MsgId: MMSG-17999]
    2023-06-18 16:31:18.887 : User is logged out of session	[MsgId: MMSG-17999]
  2023-06-18 16:33:15.996 : IterationNum=11	[MsgId: MMSG-17999]
   USER 11 = user69:pwd69	[MsgId: MMSG-17999]
    2023-06-18 16:33:16.090 : Start page is opened	[MsgId: MMSG-17999]
    2023-06-18 16:33:20.587 : User is logged in with session 136661.644066424HAcQfDDpDVzzzzzHtcVHHpVQQQ	[MsgId: MMSG-17999]
    2023-06-18 16:33:26.450 : User is logged out of session	[MsgId: MMSG-17999]
  2023-06-18 16:35:22.006 : IterationNum=12	[MsgId: MMSG-17999]
   USER 12 = user69:pwd69	[MsgId: MMSG-17999]
    2023-06-18 16:35:22.100 : Start page is opened	[MsgId: MMSG-17999]
    2023-06-18 16:35:28.414 : User is logged in with session 136661.654272985HAcQfDDpitVzzzzHtcVHHpcADAf	[MsgId: MMSG-17999]
    2023-06-18 16:35:34.445 : User is logged out of session	[MsgId: MMSG-17999]
  2023-06-18 16:37:28.014 : IterationNum=13	[MsgId: MMSG-17999]
   USER 13 = user69:pwd69	[MsgId: MMSG-17999]
    2023-06-18 16:37:28.108 : Start page is opened	[MsgId: MMSG-17999]
    2023-06-18 16:37:32.031 : User is logged in with session 136661.664479546HAcQfDtpDzzzzzzHtcVHHpcAzc	[MsgId: MMSG-17999]
    2023-06-18 16:37:37.336 : User is logged out of session	[MsgId: MMSG-17999]
  2023-06-18 16:39:34.022 : IterationNum=14	[MsgId: MMSG-17999]
   USER 14 = user69:pwd69	[MsgId: MMSG-17999]
    2023-06-18 16:39:34.116 : Start page is opened	[MsgId: MMSG-17999]
    2023-06-18 16:39:38.743 : User is logged in with session 136661.674686108HAcQfDtpiQVzzzzHtcVHHpcAQDf	[MsgId: MMSG-17999]
    2023-06-18 16:39:43.902 : User is logged out of session	[MsgId: MMSG-17999]
  2023-06-18 16:41:40.038 : IterationNum=15	[MsgId: MMSG-17999]
   USER 15 = user69:pwd69	[MsgId: MMSG-17999]
    2023-06-18 16:41:40.132 : Start page is opened	[MsgId: MMSG-17999]
    2023-06-18 16:41:44.086 : User is logged in with session 136661.684892669HAcQfDfptVzzzzzHtcVHHpcVcf	[MsgId: MMSG-17999]
    2023-06-18 16:41:49.603 : User is logged out of session	[MsgId: MMSG-17999]
  2023-06-18 16:43:46.038 : IterationNum=16	[MsgId: MMSG-17999]
   USER 16 = user69:pwd69	[MsgId: MMSG-17999]
    2023-06-18 16:43:46.132 : Start page is opened	[MsgId: MMSG-17999]
    2023-06-18 16:43:51.336 : User is logged in with session 136661.69509923HAcQfDfpQtVzzzzHtcVHHpcVfzf	[MsgId: MMSG-17999]
    2023-06-18 16:43:55.635 : User is logged out of session	[MsgId: MMSG-17999]
  2023-06-18 16:45:52.050 : IterationNum=17	[MsgId: MMSG-17999]
   USER 17 = user69:pwd69	[MsgId: MMSG-17999]
    2023-06-18 16:45:52.144 : Start page is opened	[MsgId: MMSG-17999]
    2023-06-18 16:45:57.438 : User is logged in with session 136661.705305792HAcQfDzptzzzzzzHtcVHHpcVii	[MsgId: MMSG-17999]
    2023-06-18 16:46:01.983 : User is logged out of session	[MsgId: MMSG-17999]
  2023-06-18 16:47:58.061 : IterationNum=18	[MsgId: MMSG-17999]
   USER 18 = user69:pwd69	[MsgId: MMSG-17999]
    2023-06-18 16:47:58.154 : Start page is opened	[MsgId: MMSG-17999]
    2023-06-18 16:48:02.641 : User is logged in with session 136661.715512353HAcQfDzpQQVzzzzHtcVHHpccVQf	[MsgId: MMSG-17999]
    2023-06-18 16:48:07.672 : User is logged out of session	[MsgId: MMSG-17999]
  2023-06-18 16:50:04.069 : IterationNum=19	[MsgId: MMSG-17999]
   USER 19 = user69:pwd69	[MsgId: MMSG-17999]
    2023-06-18 16:50:04.163 : Start page is opened	[MsgId: MMSG-17999]
    2023-06-18 16:50:08.977 : User is logged in with session 136661.725718915HAcQfDHpfVzzzzzHtcVHHpccfV	[MsgId: MMSG-17999]
    2023-06-18 16:50:14.463 : User is logged out of session	[MsgId: MMSG-17999]
  2023-06-18 16:52:10.081 : IterationNum=20	[MsgId: MMSG-17999]
   USER 20 = user69:pwd69	[MsgId: MMSG-17999]
    2023-06-18 16:52:10.175 : Start page is opened	[MsgId: MMSG-17999]
    2023-06-18 16:52:16.163 : User is logged in with session 136661.735925476HAcQfDipAtVzzzzHtcVHHpccicf	[MsgId: MMSG-17999]
    2023-06-18 16:52:20.544 : User is logged out of session	[MsgId: MMSG-17999]
  2023-06-18 16:54:16.083 : IterationNum=21	[MsgId: MMSG-17999]
   USER 21 = user69:pwd69	[MsgId: MMSG-17999]
    2023-06-18 16:54:16.177 : Start page is opened	[MsgId: MMSG-17999]
    2023-06-18 16:54:22.009 : User is logged in with session 136661.746132037HAcQfDipfzzzzzzHtcVHHpcDVt	[MsgId: MMSG-17999]
    2023-06-18 16:54:27.970 : User is logged out of session	[MsgId: MMSG-17999]
  2023-06-18 16:56:22.091 : IterationNum=22	[MsgId: MMSG-17999]
   USER 22 = user69:pwd69	[MsgId: MMSG-17999]
    2023-06-18 16:56:22.185 : Start page is opened	[MsgId: MMSG-17999]
    2023-06-18 16:56:26.672 : User is logged in with session 136661.756338599HAcQfDQpAQVzzzzHtcVHHpcDtff	[MsgId: MMSG-17999]
    2023-06-18 16:56:31.453 : User is logged out of session	[MsgId: MMSG-17999]
  2023-06-18 16:58:28.106 : IterationNum=23	[MsgId: MMSG-17999]
   USER 23 = user69:pwd69	[MsgId: MMSG-17999]
    2023-06-18 16:58:28.200 : Start page is opened	[MsgId: MMSG-17999]
    2023-06-18 16:58:33.646 : User is logged in with session 136661.76654516HAcQfDQpzVzzzzzHtcVHHpcDHH	[MsgId: MMSG-17999]
    2023-06-18 16:58:39.944 : User is logged out of session	[MsgId: MMSG-17999]
  2023-06-18 17:00:34.116 : IterationNum=24	[MsgId: MMSG-17999]
   USER 24 = user69:pwd69	[MsgId: MMSG-17999]
    2023-06-18 17:00:34.210 : Start page is opened	[MsgId: MMSG-17999]
    2023-06-18 17:00:38.648 : User is logged in with session 136661.776751721HAcQftApVtVzzzzHtcVHHpctAif	[MsgId: MMSG-17999]
    2023-06-18 17:00:44.978 : User is logged out of session	[MsgId: MMSG-17999]
  2023-06-18 17:02:40.119 : IterationNum=25	[MsgId: MMSG-17999]
   USER 25 = user69:pwd69	[MsgId: MMSG-17999]
    2023-06-18 17:02:40.213 : Start page is opened	[MsgId: MMSG-17999]
    2023-06-18 17:02:44.184 : User is logged in with session 136661.786958283HAcQftApzzzzzzzHtcVHHpctt	[MsgId: MMSG-17999]
    2023-06-18 17:02:49.138 : User is logged out of session	[MsgId: MMSG-17999]
  2023-06-18 17:04:46.123 : IterationNum=26	[MsgId: MMSG-17999]
   USER 26 = user69:pwd69	[MsgId: MMSG-17999]
    2023-06-18 17:04:46.217 : Start page is opened	[MsgId: MMSG-17999]
    2023-06-18 17:04:50.708 : User is logged in with session 136661.797164844HAcQftVpVQVzzzzHtcVHHpctHVf	[MsgId: MMSG-17999]
    2023-06-18 17:04:54.942 : User is logged out of session	[MsgId: MMSG-17999]
  2023-06-18 17:06:52.126 : IterationNum=27	[MsgId: MMSG-17999]
   USER 27 = user69:pwd69	[MsgId: MMSG-17999]
    2023-06-18 17:06:52.220 : Start page is opened	[MsgId: MMSG-17999]
    2023-06-18 17:06:57.081 : User is logged in with session 136661.807371405HAcQftVpHVzzzzzHtcVHHpcfAD	[MsgId: MMSG-17999]
    2023-06-18 17:07:01.597 : User is logged out of session	[MsgId: MMSG-17999]
  2023-06-18 17:08:58.129 : IterationNum=28	[MsgId: MMSG-17999]
   USER 28 = user69:pwd69	[MsgId: MMSG-17999]
    2023-06-18 17:08:58.223 : Start page is opened	[MsgId: MMSG-17999]
    2023-06-18 17:09:02.881 : User is logged in with session 136661.817577967HAcQftcpctVzzzzHtcVHHpcfDtf	[MsgId: MMSG-17999]
    2023-06-18 17:09:08.695 : User is logged out of session	[MsgId: MMSG-17999]
  2023-06-18 17:11:04.131 : IterationNum=29	[MsgId: MMSG-17999]
   USER 29 = user69:pwd69	[MsgId: MMSG-17999]
    2023-06-18 17:11:04.226 : Start page is opened	[MsgId: MMSG-17999]
    2023-06-18 17:11:08.508 : User is logged in with session 136661.827784528HAcQftcpHzzzzzzHtcVHHpcfzz	[MsgId: MMSG-17999]
    2023-06-18 17:11:14.107 : User is logged out of session	[MsgId: MMSG-17999]
  2023-06-18 17:13:10.138 : IterationNum=30	[MsgId: MMSG-17999]
   USER 30 = user69:pwd69	[MsgId: MMSG-17999]
    2023-06-18 17:13:10.232 : Start page is opened	[MsgId: MMSG-17999]
    2023-06-18 17:13:16.093 : User is logged in with session 136661.83799109HAcQftDpcQVzzzzHtcVHHpcfQHf	[MsgId: MMSG-17999]
    2023-06-18 17:13:19.969 : User is logged out of session	[MsgId: MMSG-17999]
  2023-06-18 17:15:16.148 : IterationNum=31	[MsgId: MMSG-17999]
   USER 31 = user69:pwd69	[MsgId: MMSG-17999]
    2023-06-18 17:15:16.242 : Start page is opened	[MsgId: MMSG-17999]
    2023-06-18 17:15:21.853 : User is logged in with session 136661.848197651HAcQftDpiVzzzzzHtcVHHpczcQ	[MsgId: MMSG-17999]
    2023-06-18 17:15:25.935 : User is logged out of session	[MsgId: MMSG-17999]
  2023-06-18 17:17:22.156 : IterationNum=32	[MsgId: MMSG-17999]
   USER 32 = user69:pwd69	[MsgId: MMSG-17999]
    2023-06-18 17:17:22.250 : Start page is opened	[MsgId: MMSG-17999]
    2023-06-18 17:17:28.331 : User is logged in with session 136661.858404212HAcQfttpDtVzzzzHtcVHHpczzAf	[MsgId: MMSG-17999]
    2023-06-18 17:17:34.636 : User is logged out of session	[MsgId: MMSG-17999]
