  2023-06-18 16:16:26.412 : IterationNum=1	[MsgId: MMSG-17999]
   USER 1 = user94:pwd94	[MsgId: MMSG-17999]
    2023-06-18 16:16:26.498 : Start page is opened	[MsgId: MMSG-17999]
    2023-06-18 16:16:31.013 : User is logged in with session 136661.562251924HAcQfcQpVAiDDDDDtcVHHpVHtzf	[MsgId: MMSG-17999]
    2023-06-18 16:16:36.137 : User is logged out of session	[MsgId: MMSG-17999]
  2023-06-18 16:18:32.414 : IterationNum=2	[MsgId: MMSG-17999]
   USER 2 = user94:pwd94	[MsgId: MMSG-17999]
    2023-06-18 16:18:32.509 : Start page is opened	[MsgId: MMSG-17999]
    2023-06-18 16:18:37.602 : User is logged in with session 136661.572458485HAcQfcQpzDDDDDDDtcVHHpVHHi	[MsgId: MMSG-17999]
    2023-06-18 16:18:42.308 : User is logged out of session	[MsgId: MMSG-17999]
  2023-06-18 16:20:38.420 : IterationNum=3	[MsgId: MMSG-17999]
   USER 3 = user94:pwd94	[MsgId: MMSG-17999]
    2023-06-18 16:20:38.514 : Start page is opened	[MsgId: MMSG-17999]
    2023-06-18 16:20:42.767 : User is logged in with session 136661.582665047HAcQfDApVfiDDDDDtcVHHpViAQf	[MsgId: MMSG-17999]
    2023-06-18 16:20:47.362 : User is logged out of session	[MsgId: MMSG-17999]
  2023-06-18 16:22:44.429 : IterationNum=4	[MsgId: MMSG-17999]
   USER 4 = user94:pwd94	[MsgId: MMSG-17999]
    2023-06-18 16:22:44.522 : Start page is opened	[MsgId: MMSG-17999]
    2023-06-18 16:22:49.602 : User is logged in with session 136661.592871608HAcQfDApziDDDDDDtcVHHpVitV	[MsgId: MMSG-17999]
    2023-06-18 16:22:54.525 : User is logged out of session	[MsgId: MMSG-17999]
  2023-06-18 16:24:50.437 : IterationNum=5	[MsgId: MMSG-17999]
   USER 5 = user94:pwd94	[MsgId: MMSG-17999]
    2023-06-18 16:24:50.531 : Start page is opened	[MsgId: MMSG-17999]
    2023-06-18 16:24:55.078 : User is logged in with session 136661.603078169HAcQfDVpcAiDDDDDtcVHHpViHcf	[MsgId: MMSG-17999]
    2023-06-18 16:25:00.800 : User is logged out of session	[MsgId: MMSG-17999]
  2023-06-18 16:26:56.449 : IterationNum=6	[MsgId: MMSG-17999]
   USER 6 = user94:pwd94	[MsgId: MMSG-17999]
    2023-06-18 16:26:56.543 : Start page is opened	[MsgId: MMSG-17999]
    2023-06-18 16:27:00.545 : User is logged in with session 136661.613284731HAcQfDVpHDDDDDDDtcVHHpVQAt	[MsgId: MMSG-17999]
    2023-06-18 16:27:04.796 : User is logged out of session	[MsgId: MMSG-17999]
  2023-06-18 16:29:02.457 : IterationNum=7	[MsgId: MMSG-17999]
   USER 7 = user94:pwd94	[MsgId: MMSG-17999]
    2023-06-18 16:29:02.551 : Start page is opened	[MsgId: MMSG-17999]
    2023-06-18 16:29:07.271 : User is logged in with session 136661.623491292HAcQfDcpcfiDDDDDtcVHHpVQDff	[MsgId: MMSG-17999]
    2023-06-18 16:29:12.788 : User is logged out of session	[MsgId: MMSG-17999]
  2023-06-18 16:31:08.465 : IterationNum=8	[MsgId: MMSG-17999]
   USER 8 = user94:pwd94	[MsgId: MMSG-17999]
    2023-06-18 16:31:08.559 : Start page is opened	[MsgId: MMSG-17999]
    2023-06-18 16:31:12.863 : User is logged in with session 136661.633697853HAcQfDcpHiDDDDDDtcVHHpVQzH	[MsgId: MMSG-17999]
    2023-06-18 16:31:19.072 : User is logged out of session	[MsgId: MMSG-17999]
  2023-06-18 16:33:14.480 : IterationNum=9	[MsgId: MMSG-17999]
   USER 9 = user94:pwd94	[MsgId: MMSG-17999]
    2023-06-18 16:33:14.574 : Start page is opened	[MsgId: MMSG-17999]
    2023-06-18 16:33:20.446 : User is logged in with session 136661.643904415HAcQfDDpDAiDDDDDtcVHHpVQQif	[MsgId: MMSG-17999]
    2023-06-18 16:33:25.107 : User is logged out of session	[MsgId: MMSG-17999]
  2023-06-18 16:35:20.489 : IterationNum=10	[MsgId: MMSG-17999]
   USER 10 = user94:pwd94	[MsgId: MMSG-17999]
    2023-06-18 16:35:20.583 : Start page is opened	[MsgId: MMSG-17999]
    2023-06-18 16:35:25.586 : User is logged in with session 136661.654110976HAcQfDDpiDDDDDDDtcVHHpcAD	[MsgId: MMSG-17999]
    2023-06-18 16:35:30.274 : User is logged out of session	[MsgId: MMSG-17999]
  2023-06-18 16:37:26.498 : IterationNum=11	[MsgId: MMSG-17999]
   USER 11 = user94:pwd94	[MsgId: MMSG-17999]
    2023-06-18 16:37:26.592 : Start page is opened	[MsgId: MMSG-17999]
    2023-06-18 16:37:31.343 : User is logged in with session 136661.664317537HAcQfDtpDfiDDDDDtcVHHpcAzVf	[MsgId: MMSG-17999]
    2023-06-18 16:37:36.302 : User is logged out of session	[MsgId: MMSG-17999]
  2023-06-18 16:39:32.506 : IterationNum=12	[MsgId: MMSG-17999]
   USER 12 = user94:pwd94	[MsgId: MMSG-17999]
    2023-06-18 16:39:32.601 : Start page is opened	[MsgId: MMSG-17999]
    2023-06-18 16:39:37.743 : User is logged in with session 136661.674524099HAcQfDtpiiDDDDDDtcVHHpcAQD	[MsgId: MMSG-17999]
    2023-06-18 16:39:42.728 : User is logged out of session	[MsgId: MMSG-17999]
  2023-06-18 16:41:38.522 : IterationNum=13	[MsgId: MMSG-17999]
   USER 13 = user94:pwd94	[MsgId: MMSG-17999]
    2023-06-18 16:41:38.616 : Start page is opened	[MsgId: MMSG-17999]
    2023-06-18 16:41:42.585 : User is logged in with session 136661.68473066HAcQfDfptAiDDDDDtcVHHpcVctf	[MsgId: MMSG-17999]
    2023-06-18 16:41:48.180 : User is logged out of session	[MsgId: MMSG-17999]
  2023-06-18 16:43:44.522 : IterationNum=14	[MsgId: MMSG-17999]
   USER 14 = user94:pwd94	[MsgId: MMSG-17999]
    2023-06-18 16:43:44.616 : Start page is opened	[MsgId: MMSG-17999]
    2023-06-18 16:43:49.460 : User is logged in with session 136661.694937222HAcQfDfpQDDDDDDDtcVHHpcVfz	[MsgId: MMSG-17999]
    2023-06-18 16:43:53.934 : User is logged out of session	[MsgId: MMSG-17999]
  2023-06-18 16:45:50.534 : IterationNum=15	[MsgId: MMSG-17999]
   USER 15 = user94:pwd94	[MsgId: MMSG-17999]
    2023-06-18 16:45:50.628 : Start page is opened	[MsgId: MMSG-17999]
    2023-06-18 16:45:56.325 : User is logged in with session 136661.705143783HAcQfDzptfiDDDDDtcVHHpcViHf	[MsgId: MMSG-17999]
    2023-06-18 16:46:00.373 : User is logged out of session	[MsgId: MMSG-17999]
  2023-06-18 16:47:56.545 : IterationNum=16	[MsgId: MMSG-17999]
   USER 16 = user94:pwd94	[MsgId: MMSG-17999]
    2023-06-18 16:47:56.639 : Start page is opened	[MsgId: MMSG-17999]
    2023-06-18 16:48:02.581 : User is logged in with session 136661.715350344HAcQfDzpQiDDDDDDtcVHHpccVQ	[MsgId: MMSG-17999]
    2023-06-18 16:48:08.578 : User is logged out of session	[MsgId: MMSG-17999]
  2023-06-18 16:50:02.552 : IterationNum=17	[MsgId: MMSG-17999]
   USER 17 = user94:pwd94	[MsgId: MMSG-17999]
    2023-06-18 16:50:02.646 : Start page is opened	[MsgId: MMSG-17999]
    2023-06-18 16:50:07.601 : User is logged in with session 136661.725556906HAcQfDHpfAiDDDDDtcVHHpccfAf	[MsgId: MMSG-17999]
    2023-06-18 16:50:12.900 : User is logged out of session	[MsgId: MMSG-17999]
  2023-06-18 16:52:08.565 : IterationNum=18	[MsgId: MMSG-17999]
   USER 18 = user94:pwd94	[MsgId: MMSG-17999]
    2023-06-18 16:52:08.660 : Start page is opened	[MsgId: MMSG-17999]
    2023-06-18 16:52:13.459 : User is logged in with session 136661.735763467HAcQfDipADDDDDDDtcVHHpccic	[MsgId: MMSG-17999]
    2023-06-18 16:52:19.278 : User is logged out of session	[MsgId: MMSG-17999]
  2023-06-18 16:54:14.567 : IterationNum=19	[MsgId: MMSG-17999]
   USER 19 = user94:pwd94	[MsgId: MMSG-17999]
    2023-06-18 16:54:14.661 : Start page is opened	[MsgId: MMSG-17999]
    2023-06-18 16:54:20.022 : User is logged in with session 136661.745970028HAcQfDipffiDDDDDtcVHHpcDVDf	[MsgId: MMSG-17999]
    2023-06-18 16:54:24.139 : User is logged out of session	[MsgId: MMSG-17999]
  2023-06-18 16:56:20.575 : IterationNum=20	[MsgId: MMSG-17999]
   USER 20 = user94:pwd94	[MsgId: MMSG-17999]
    2023-06-18 16:56:20.669 : Start page is opened	[MsgId: MMSG-17999]
    2023-06-18 16:56:26.968 : User is logged in with session 136661.75617659HAcQfDQpAiDDDDDDtcVHHpcDtf	[MsgId: MMSG-17999]
    2023-06-18 16:56:32.902 : User is logged out of session	[MsgId: MMSG-17999]
  2023-06-18 16:58:26.590 : IterationNum=21	[MsgId: MMSG-17999]
   USER 21 = user94:pwd94	[MsgId: MMSG-17999]
    2023-06-18 16:58:26.684 : Start page is opened	[MsgId: MMSG-17999]
    2023-06-18 16:58:31.497 : User is logged in with session 136661.766383151HAcQfDQpzAiDDDDDtcVHHpcDHzf	[MsgId: MMSG-17999]
    2023-06-18 16:58:36.552 : User is logged out of session	[MsgId: MMSG-17999]
  2023-06-18 17:00:32.600 : IterationNum=22	[MsgId: MMSG-17999]
   USER 22 = user94:pwd94	[MsgId: MMSG-17999]
    2023-06-18 17:00:32.694 : Start page is opened	[MsgId: MMSG-17999]
    2023-06-18 17:00:38.132 : User is logged in with session 136661.776589712HAcQftApVDDDDDDDtcVHHpctAi	[MsgId: MMSG-17999]
    2023-06-18 17:00:42.620 : User is logged out of session	[MsgId: MMSG-17999]
  2023-06-18 17:02:38.603 : IterationNum=23	[MsgId: MMSG-17999]
   USER 23 = user94:pwd94	[MsgId: MMSG-17999]
    2023-06-18 17:02:38.697 : Start page is opened	[MsgId: MMSG-17999]
    2023-06-18 17:02:44.950 : User is logged in with session 136661.786796274HAcQftApzfiDDDDDtcVHHpctDQf	[MsgId: MMSG-17999]
    2023-06-18 17:02:50.608 : User is logged out of session	[MsgId: MMSG-17999]
  2023-06-18 17:04:44.606 : IterationNum=24	[MsgId: MMSG-17999]
   USER 24 = user94:pwd94	[MsgId: MMSG-17999]
    2023-06-18 17:04:44.701 : Start page is opened	[MsgId: MMSG-17999]
    2023-06-18 17:04:49.280 : User is logged in with session 136661.797002835HAcQftVpViDDDDDDtcVHHpctHV	[MsgId: MMSG-17999]
    2023-06-18 17:04:55.127 : User is logged out of session	[MsgId: MMSG-17999]
  2023-06-18 17:06:50.610 : IterationNum=25	[MsgId: MMSG-17999]
   USER 25 = user94:pwd94	[MsgId: MMSG-17999]
    2023-06-18 17:06:50.704 : Start page is opened	[MsgId: MMSG-17999]
    2023-06-18 17:06:55.659 : User is logged in with session 136661.807209397HAcQftVpHAiDDDDDtcVHHpcfAcf	[MsgId: MMSG-17999]
    2023-06-18 17:07:00.707 : User is logged out of session	[MsgId: MMSG-17999]
  2023-06-18 17:08:56.613 : IterationNum=26	[MsgId: MMSG-17999]
   USER 26 = user94:pwd94	[MsgId: MMSG-17999]
    2023-06-18 17:08:56.707 : Start page is opened	[MsgId: MMSG-17999]
    2023-06-18 17:09:02.662 : User is logged in with session 136661.817415958HAcQftcpcDDDDDDDtcVHHpcfDt	[MsgId: MMSG-17999]
    2023-06-18 17:09:08.274 : User is logged out of session	[MsgId: MMSG-17999]
  2023-06-18 17:11:02.615 : IterationNum=27	[MsgId: MMSG-17999]
   USER 27 = user94:pwd94	[MsgId: MMSG-17999]
    2023-06-18 17:11:02.709 : Start page is opened	[MsgId: MMSG-17999]
    2023-06-18 17:11:07.601 : User is logged in with session 136661.827622519HAcQftcpHfiDDDDDtcVHHpcfzff	[MsgId: MMSG-17999]
    2023-06-18 17:11:12.465 : User is logged out of session	[MsgId: MMSG-17999]
  2023-06-18 17:13:08.621 : IterationNum=28	[MsgId: MMSG-17999]
   USER 28 = user94:pwd94	[MsgId: MMSG-17999]
    2023-06-18 17:13:08.715 : Start page is opened	[MsgId: MMSG-17999]
    2023-06-18 17:13:13.297 : User is logged in with session 136661.837829081HAcQftDpciDDDDDDtcVHHpcfQH	[MsgId: MMSG-17999]
    2023-06-18 17:13:18.613 : User is logged out of session	[MsgId: MMSG-17999]
  2023-06-18 17:15:14.632 : IterationNum=29	[MsgId: MMSG-17999]
   USER 29 = user94:pwd94	[MsgId: MMSG-17999]
    2023-06-18 17:15:14.726 : Start page is opened	[MsgId: MMSG-17999]
    2023-06-18 17:15:19.118 : User is logged in with session 136661.848035642HAcQftDpiAiDDDDDtcVHHpczcif	[MsgId: MMSG-17999]
    2023-06-18 17:15:23.134 : User is logged out of session	[MsgId: MMSG-17999]
  2023-06-18 17:17:20.641 : IterationNum=30	[MsgId: MMSG-17999]
   USER 30 = user94:pwd94	[MsgId: MMSG-17999]
    2023-06-18 17:17:20.734 : Start page is opened	[MsgId: MMSG-17999]
    2023-06-18 17:17:25.141 : User is logged in with session 136661.858242203HAcQfttpDDDDDDDDtcVHHpczz	[MsgId: MMSG-17999]
    2023-06-18 17:17:29.237 : User is logged out of session	[MsgId: MMSG-17999]
