  2023-06-18 16:14:26.177 : IterationNum=1	[MsgId: MMSG-17999]
   USER 1 = user82:pwd82	[MsgId: MMSG-17999]
    2023-06-18 16:14:26.266 : Start page is opened	[MsgId: MMSG-17999]
    2023-06-18 16:14:31.248 : User is logged in with session 136661.552531389HAcQfcipzAiDDDDDtcVHHpVHVzf	[MsgId: MMSG-17999]
    2023-06-18 16:14:35.465 : User is logged out of session	[MsgId: MMSG-17999]
  2023-06-18 16:16:32.183 : IterationNum=2	[MsgId: MMSG-17999]
   USER 2 = user82:pwd82	[MsgId: MMSG-17999]
    2023-06-18 16:16:32.276 : Start page is opened	[MsgId: MMSG-17999]
    2023-06-18 16:16:38.641 : User is logged in with session 136661.562737951HAcQfcQpVDDDDDDDtcVHHpVHti	[MsgId: MMSG-17999]
    2023-06-18 16:16:43.094 : User is logged out of session	[MsgId: MMSG-17999]
  2023-06-18 16:18:38.197 : IterationNum=3	[MsgId: MMSG-17999]
   USER 3 = user82:pwd82	[MsgId: MMSG-17999]
    2023-06-18 16:18:38.291 : Start page is opened	[MsgId: MMSG-17999]
    2023-06-18 16:18:43.793 : User is logged in with session 136661.572944512HAcQfcQpzfiDDDDDtcVHHpVHHQf	[MsgId: MMSG-17999]
    2023-06-18 16:18:49.356 : User is logged out of session	[MsgId: MMSG-17999]
  2023-06-18 16:20:44.204 : IterationNum=4	[MsgId: MMSG-17999]
   USER 4 = user82:pwd82	[MsgId: MMSG-17999]
    2023-06-18 16:20:44.298 : Start page is opened	[MsgId: MMSG-17999]
    2023-06-18 16:20:48.676 : User is logged in with session 136661.583151073HAcQfDApViDDDDDDtcVHHpViVV	[MsgId: MMSG-17999]
    2023-06-18 16:20:53.471 : User is logged out of session	[MsgId: MMSG-17999]
  2023-06-18 16:22:50.211 : IterationNum=5	[MsgId: MMSG-17999]
   USER 5 = user82:pwd82	[MsgId: MMSG-17999]
    2023-06-18 16:22:50.306 : Start page is opened	[MsgId: MMSG-17999]
    2023-06-18 16:22:54.744 : User is logged in with session 136661.593357635HAcQfDApHAiDDDDDtcVHHpVitcf	[MsgId: MMSG-17999]
    2023-06-18 16:23:00.714 : User is logged out of session	[MsgId: MMSG-17999]
  2023-06-18 16:24:56.219 : IterationNum=6	[MsgId: MMSG-17999]
   USER 6 = user82:pwd82	[MsgId: MMSG-17999]
    2023-06-18 16:24:56.313 : Start page is opened	[MsgId: MMSG-17999]
    2023-06-18 16:25:02.237 : User is logged in with session 136661.603564196HAcQfDVpcDDDDDDDtcVHHpViHt	[MsgId: MMSG-17999]
    2023-06-18 16:25:06.581 : User is logged out of session	[MsgId: MMSG-17999]
  2023-06-18 16:27:02.232 : IterationNum=7	[MsgId: MMSG-17999]
   USER 7 = user82:pwd82	[MsgId: MMSG-17999]
    2023-06-18 16:27:02.326 : Start page is opened	[MsgId: MMSG-17999]
    2023-06-18 16:27:06.774 : User is logged in with session 136661.613770757HAcQfDVpHfiDDDDDtcVHHpVQAff	[MsgId: MMSG-17999]
    2023-06-18 16:27:12.547 : User is logged out of session	[MsgId: MMSG-17999]
  2023-06-18 16:29:08.241 : IterationNum=8	[MsgId: MMSG-17999]
   USER 8 = user82:pwd82	[MsgId: MMSG-17999]
    2023-06-18 16:29:08.335 : Start page is opened	[MsgId: MMSG-17999]
    2023-06-18 16:29:12.554 : User is logged in with session 136661.623977319HAcQfDcpciDDDDDDtcVHHpVQDH	[MsgId: MMSG-17999]
    2023-06-18 16:29:18.149 : User is logged out of session	[MsgId: MMSG-17999]
  2023-06-18 16:31:14.253 : IterationNum=9	[MsgId: MMSG-17999]
   USER 9 = user82:pwd82	[MsgId: MMSG-17999]
    2023-06-18 16:31:14.347 : Start page is opened	[MsgId: MMSG-17999]
    2023-06-18 16:31:18.243 : User is logged in with session 136661.63418388HAcQfDcpiAiDDDDDtcVHHpVQzif	[MsgId: MMSG-17999]
    2023-06-18 16:31:22.559 : User is logged out of session	[MsgId: MMSG-17999]
  2023-06-18 16:33:20.258 : IterationNum=10	[MsgId: MMSG-17999]
   USER 10 = user82:pwd82	[MsgId: MMSG-17999]
    2023-06-18 16:33:20.352 : Start page is opened	[MsgId: MMSG-17999]
    2023-06-18 16:33:25.277 : User is logged in with session 136661.644390441HAcQfDDpDDDDDDDDtcVHHpc	[MsgId: MMSG-17999]
    2023-06-18 16:33:30.497 : User is logged out of session	[MsgId: MMSG-17999]
  2023-06-18 16:35:26.272 : IterationNum=11	[MsgId: MMSG-17999]
   USER 11 = user82:pwd82	[MsgId: MMSG-17999]
    2023-06-18 16:35:26.366 : Start page is opened	[MsgId: MMSG-17999]
    2023-06-18 16:35:31.384 : User is logged in with session 136661.654597003HAcQfDDpifiDDDDDtcVHHpcADVf	[MsgId: MMSG-17999]
    2023-06-18 16:35:36.827 : User is logged out of session	[MsgId: MMSG-17999]
  2023-06-18 16:37:32.296 : IterationNum=12	[MsgId: MMSG-17999]
   USER 12 = user82:pwd82	[MsgId: MMSG-17999]
    2023-06-18 16:37:32.390 : Start page is opened	[MsgId: MMSG-17999]
    2023-06-18 16:37:38.626 : User is logged in with session 136661.664803564HAcQfDtpDiDDDDDDtcVHHpcAzD	[MsgId: MMSG-17999]
    2023-06-18 16:37:44.158 : User is logged out of session	[MsgId: MMSG-17999]
  2023-06-18 16:39:38.304 : IterationNum=13	[MsgId: MMSG-17999]
   USER 13 = user82:pwd82	[MsgId: MMSG-17999]
    2023-06-18 16:39:38.398 : Start page is opened	[MsgId: MMSG-17999]
    2023-06-18 16:39:43.165 : User is logged in with session 136661.675010126HAcQfDtpQAiDDDDDtcVHHpcAQtf	[MsgId: MMSG-17999]
    2023-06-18 16:39:49.074 : User is logged out of session	[MsgId: MMSG-17999]
  2023-06-18 16:41:44.320 : IterationNum=14	[MsgId: MMSG-17999]
   USER 14 = user82:pwd82	[MsgId: MMSG-17999]
    2023-06-18 16:41:44.414 : Start page is opened	[MsgId: MMSG-17999]
    2023-06-18 16:41:50.119 : User is logged in with session 136661.685216687HAcQfDfptDDDDDDDtcVHHpcVcz	[MsgId: MMSG-17999]
    2023-06-18 16:41:55.920 : User is logged out of session	[MsgId: MMSG-17999]
  2023-06-18 16:43:50.320 : IterationNum=15	[MsgId: MMSG-17999]
   USER 15 = user82:pwd82	[MsgId: MMSG-17999]
    2023-06-18 16:43:50.414 : Start page is opened	[MsgId: MMSG-17999]
    2023-06-18 16:43:56.135 : User is logged in with session 136661.695423248HAcQfDfpQfiDDDDDtcVHHpcVfHf	[MsgId: MMSG-17999]
    2023-06-18 16:44:01.389 : User is logged out of session	[MsgId: MMSG-17999]
  2023-06-18 16:45:56.325 : IterationNum=16	[MsgId: MMSG-17999]
   USER 16 = user82:pwd82	[MsgId: MMSG-17999]
    2023-06-18 16:45:56.419 : Start page is opened	[MsgId: MMSG-17999]
    2023-06-18 16:46:02.108 : User is logged in with session 136661.70562981HAcQfDzptiDDDDDDtcVHHpcViQ	[MsgId: MMSG-17999]
    2023-06-18 16:46:08.327 : User is logged out of session	[MsgId: MMSG-17999]
  2023-06-18 16:48:02.327 : IterationNum=17	[MsgId: MMSG-17999]
   USER 17 = user82:pwd82	[MsgId: MMSG-17999]
    2023-06-18 16:48:02.421 : Start page is opened	[MsgId: MMSG-17999]
    2023-06-18 16:48:08.302 : User is logged in with session 136661.715836371HAcQfDHpAAiDDDDDtcVHHpcccAf	[MsgId: MMSG-17999]
    2023-06-18 16:48:12.580 : User is logged out of session	[MsgId: MMSG-17999]
  2023-06-18 16:50:08.336 : IterationNum=18	[MsgId: MMSG-17999]
   USER 18 = user82:pwd82	[MsgId: MMSG-17999]
    2023-06-18 16:50:08.430 : Start page is opened	[MsgId: MMSG-17999]
    2023-06-18 16:50:13.886 : User is logged in with session 136661.726042932HAcQfDHpfDDDDDDDtcVHHpccfc	[MsgId: MMSG-17999]
    2023-06-18 16:50:18.937 : User is logged out of session	[MsgId: MMSG-17999]
  2023-06-18 16:52:14.349 : IterationNum=19	[MsgId: MMSG-17999]
   USER 19 = user82:pwd82	[MsgId: MMSG-17999]
    2023-06-18 16:52:14.443 : Start page is opened	[MsgId: MMSG-17999]
    2023-06-18 16:52:20.513 : User is logged in with session 136661.736249494HAcQfDipAfiDDDDDtcVHHpcciDf	[MsgId: MMSG-17999]
    2023-06-18 16:52:25.900 : User is logged out of session	[MsgId: MMSG-17999]
  2023-06-18 16:54:20.350 : IterationNum=20	[MsgId: MMSG-17999]
   USER 20 = user82:pwd82	[MsgId: MMSG-17999]
    2023-06-18 16:54:20.444 : Start page is opened	[MsgId: MMSG-17999]
    2023-06-18 16:54:26.375 : User is logged in with session 136661.746456055HAcQfDipfiDDDDDDtcVHHpcDVf	[MsgId: MMSG-17999]
    2023-06-18 16:54:32.617 : User is logged out of session	[MsgId: MMSG-17999]
  2023-06-18 16:56:26.358 : IterationNum=21	[MsgId: MMSG-17999]
   USER 21 = user82:pwd82	[MsgId: MMSG-17999]
    2023-06-18 16:56:26.453 : Start page is opened	[MsgId: MMSG-17999]
    2023-06-18 16:56:32.157 : User is logged in with session 136661.756662616HAcQfDQpVAiDDDDDtcVHHpcDtzf	[MsgId: MMSG-17999]
    2023-06-18 16:56:37.232 : User is logged out of session	[MsgId: MMSG-17999]
  2023-06-18 16:58:32.363 : IterationNum=22	[MsgId: MMSG-17999]
   USER 22 = user82:pwd82	[MsgId: MMSG-17999]
    2023-06-18 16:58:32.457 : Start page is opened	[MsgId: MMSG-17999]
    2023-06-18 16:58:38.645 : User is logged in with session 136661.766869178HAcQfDQpzDDDDDDDtcVHHpcDHi	[MsgId: MMSG-17999]
    2023-06-18 16:58:44.319 : User is logged out of session	[MsgId: MMSG-17999]
  2023-06-18 17:00:38.366 : IterationNum=23	[MsgId: MMSG-17999]
   USER 23 = user82:pwd82	[MsgId: MMSG-17999]
    2023-06-18 17:00:38.460 : Start page is opened	[MsgId: MMSG-17999]
    2023-06-18 17:00:43.430 : User is logged in with session 136661.777075739HAcQftApVfiDDDDDtcVHHpctAQf	[MsgId: MMSG-17999]
    2023-06-18 17:00:49.525 : User is logged out of session	[MsgId: MMSG-17999]
  2023-06-18 17:02:44.371 : IterationNum=24	[MsgId: MMSG-17999]
   USER 24 = user82:pwd82	[MsgId: MMSG-17999]
    2023-06-18 17:02:44.465 : Start page is opened	[MsgId: MMSG-17999]
    2023-06-18 17:02:50.563 : User is logged in with session 136661.787282301HAcQftApziDDDDDDtcVHHpcttV	[MsgId: MMSG-17999]
    2023-06-18 17:02:56.905 : User is logged out of session	[MsgId: MMSG-17999]
  2023-06-18 17:04:50.375 : IterationNum=25	[MsgId: MMSG-17999]
   USER 25 = user82:pwd82	[MsgId: MMSG-17999]
    2023-06-18 17:04:50.469 : Start page is opened	[MsgId: MMSG-17999]
    2023-06-18 17:04:54.548 : User is logged in with session 136661.797488862HAcQftVpcAiDDDDDtcVHHpctHcf	[MsgId: MMSG-17999]
    2023-06-18 17:05:00.430 : User is logged out of session	[MsgId: MMSG-17999]
  2023-06-18 17:06:56.377 : IterationNum=26	[MsgId: MMSG-17999]
   USER 26 = user82:pwd82	[MsgId: MMSG-17999]
    2023-06-18 17:06:56.471 : Start page is opened	[MsgId: MMSG-17999]
    2023-06-18 17:07:00.619 : User is logged in with session 136661.807695423HAcQftVpHDDDDDDDtcVHHpcfAt	[MsgId: MMSG-17999]
    2023-06-18 17:07:06.648 : User is logged out of session	[MsgId: MMSG-17999]
  2023-06-18 17:09:02.379 : IterationNum=27	[MsgId: MMSG-17999]
   USER 27 = user82:pwd82	[MsgId: MMSG-17999]
    2023-06-18 17:09:02.474 : Start page is opened	[MsgId: MMSG-17999]
    2023-06-18 17:09:07.632 : User is logged in with session 136661.817901985HAcQftcpcfiDDDDDtcVHHpcfDff	[MsgId: MMSG-17999]
    2023-06-18 17:09:13.790 : User is logged out of session	[MsgId: MMSG-17999]
  2023-06-18 17:11:08.382 : IterationNum=28	[MsgId: MMSG-17999]
   USER 28 = user82:pwd82	[MsgId: MMSG-17999]
    2023-06-18 17:11:08.477 : Start page is opened	[MsgId: MMSG-17999]
    2023-06-18 17:11:13.888 : User is logged in with session 136661.828108546HAcQftcpHiDDDDDDtcVHHpcfzH	[MsgId: MMSG-17999]
    2023-06-18 17:11:19.935 : User is logged out of session	[MsgId: MMSG-17999]
  2023-06-18 17:13:14.389 : IterationNum=29	[MsgId: MMSG-17999]
   USER 29 = user82:pwd82	[MsgId: MMSG-17999]
    2023-06-18 17:13:14.483 : Start page is opened	[MsgId: MMSG-17999]
    2023-06-18 17:13:20.220 : User is logged in with session 136661.838315107HAcQftDpDAiDDDDDtcVHHpcfQif	[MsgId: MMSG-17999]
    2023-06-18 17:13:26.532 : User is logged out of session	[MsgId: MMSG-17999]
  2023-06-18 17:15:20.399 : IterationNum=30	[MsgId: MMSG-17999]
   USER 30 = user82:pwd82	[MsgId: MMSG-17999]
    2023-06-18 17:15:20.493 : Start page is opened	[MsgId: MMSG-17999]
    2023-06-18 17:15:24.761 : User is logged in with session 136661.848521669HAcQftDpiDDDDDDDtcVHHpczD	[MsgId: MMSG-17999]
    2023-06-18 17:15:29.855 : User is logged out of session	[MsgId: MMSG-17999]
  2023-06-18 17:17:26.407 : IterationNum=31	[MsgId: MMSG-17999]
   USER 31 = user82:pwd82	[MsgId: MMSG-17999]
    2023-06-18 17:17:26.501 : Start page is opened	[MsgId: MMSG-17999]
    2023-06-18 17:17:32.287 : User is logged in with session 136661.85872823HAcQfttpDfiDDDDDtcVHHpczzVf	[MsgId: MMSG-17999]
    2023-06-18 17:17:37.403 : User is logged out of session	[MsgId: MMSG-17999]
