  2023-06-18 16:15:46.348 : IterationNum=1	[MsgId: MMSG-17999]
   USER 1 = user90:pwd90	[MsgId: MMSG-17999]
    2023-06-18 16:15:46.436 : Start page is opened	[MsgId: MMSG-17999]
    2023-06-18 16:15:50.483 : User is logged in with session 136661.559011746HAcQfcipQtVzzzzHtcVHHpVHDzf	[MsgId: MMSG-17999]
    2023-06-18 16:15:56.656 : User is logged out of session	[MsgId: MMSG-17999]
  2023-06-18 16:17:52.356 : IterationNum=2	[MsgId: MMSG-17999]
   USER 2 = user90:pwd90	[MsgId: MMSG-17999]
    2023-06-18 16:17:52.449 : Start page is opened	[MsgId: MMSG-17999]
    2023-06-18 16:17:56.819 : User is logged in with session 136661.569218307HAcQfcQptzzzzzzHtcVHHpVHzi	[MsgId: MMSG-17999]
    2023-06-18 16:18:03.171 : User is logged out of session	[MsgId: MMSG-17999]
  2023-06-18 16:19:58.371 : IterationNum=3	[MsgId: MMSG-17999]
   USER 3 = user90:pwd90	[MsgId: MMSG-17999]
    2023-06-18 16:19:58.465 : Start page is opened	[MsgId: MMSG-17999]
    2023-06-18 16:20:03.309 : User is logged in with session 136661.579424868HAcQfcQpQQVzzzzHtcVHHpVHQQf	[MsgId: MMSG-17999]
    2023-06-18 16:20:09.016 : User is logged out of session	[MsgId: MMSG-17999]
  2023-06-18 16:22:04.373 : IterationNum=4	[MsgId: MMSG-17999]
   USER 4 = user90:pwd90	[MsgId: MMSG-17999]
    2023-06-18 16:22:04.467 : Start page is opened	[MsgId: MMSG-17999]
    2023-06-18 16:22:09.609 : User is logged in with session 136661.58963143HAcQfDApfVzzzzzHtcVHHpViDV	[MsgId: MMSG-17999]
    2023-06-18 16:22:13.673 : User is logged out of session	[MsgId: MMSG-17999]
  2023-06-18 16:24:10.384 : IterationNum=5	[MsgId: MMSG-17999]
   USER 5 = user90:pwd90	[MsgId: MMSG-17999]
    2023-06-18 16:24:10.478 : Start page is opened	[MsgId: MMSG-17999]
    2023-06-18 16:24:15.464 : User is logged in with session 136661.599837991HAcQfDVpAtVzzzzHtcVHHpVizcf	[MsgId: MMSG-17999]
    2023-06-18 16:24:21.076 : User is logged out of session	[MsgId: MMSG-17999]
  2023-06-18 16:26:16.385 : IterationNum=6	[MsgId: MMSG-17999]
   USER 6 = user90:pwd90	[MsgId: MMSG-17999]
    2023-06-18 16:26:16.479 : Start page is opened	[MsgId: MMSG-17999]
    2023-06-18 16:26:21.543 : User is logged in with session 136661.610044552HAcQfDVpfzzzzzzHtcVHHpViQt	[MsgId: MMSG-17999]
    2023-06-18 16:26:26.924 : User is logged out of session	[MsgId: MMSG-17999]
  2023-06-18 16:28:22.398 : IterationNum=7	[MsgId: MMSG-17999]
   USER 7 = user90:pwd90	[MsgId: MMSG-17999]
    2023-06-18 16:28:22.492 : Start page is opened	[MsgId: MMSG-17999]
    2023-06-18 16:28:27.197 : User is logged in with session 136661.620251114HAcQfDcpAQVzzzzHtcVHHpVQcff	[MsgId: MMSG-17999]
    2023-06-18 16:28:32.090 : User is logged out of session	[MsgId: MMSG-17999]
  2023-06-18 16:30:28.402 : IterationNum=8	[MsgId: MMSG-17999]
   USER 8 = user90:pwd90	[MsgId: MMSG-17999]
    2023-06-18 16:30:28.496 : Start page is opened	[MsgId: MMSG-17999]
    2023-06-18 16:30:34.238 : User is logged in with session 136661.630457675HAcQfDcpzVzzzzzHtcVHHpVQfH	[MsgId: MMSG-17999]
    2023-06-18 16:30:38.188 : User is logged out of session	[MsgId: MMSG-17999]
  2023-06-18 16:32:34.404 : IterationNum=9	[MsgId: MMSG-17999]
   USER 9 = user90:pwd90	[MsgId: MMSG-17999]
    2023-06-18 16:32:34.498 : Start page is opened	[MsgId: MMSG-17999]
    2023-06-18 16:32:39.264 : User is logged in with session 136661.640664237HAcQfDDpVtVzzzzHtcVHHpVQiif	[MsgId: MMSG-17999]
    2023-06-18 16:32:44.565 : User is logged out of session	[MsgId: MMSG-17999]
  2023-06-18 16:34:40.405 : IterationNum=10	[MsgId: MMSG-17999]
   USER 10 = user90:pwd90	[MsgId: MMSG-17999]
    2023-06-18 16:34:40.500 : Start page is opened	[MsgId: MMSG-17999]
    2023-06-18 16:34:46.223 : User is logged in with session 136661.650870798HAcQfDDpzzzzzzzHtcVHHpcAc	[MsgId: MMSG-17999]
    2023-06-18 16:34:51.269 : User is logged out of session	[MsgId: MMSG-17999]
  2023-06-18 16:36:46.410 : IterationNum=11	[MsgId: MMSG-17999]
   USER 11 = user90:pwd90	[MsgId: MMSG-17999]
    2023-06-18 16:36:46.504 : Start page is opened	[MsgId: MMSG-17999]
    2023-06-18 16:36:50.897 : User is logged in with session 136661.661077359HAcQfDtpVQVzzzzHtcVHHpcAfVf	[MsgId: MMSG-17999]
    2023-06-18 16:36:56.100 : User is logged out of session	[MsgId: MMSG-17999]
  2023-06-18 16:38:52.410 : IterationNum=12	[MsgId: MMSG-17999]
   USER 12 = user90:pwd90	[MsgId: MMSG-17999]
    2023-06-18 16:38:52.504 : Start page is opened	[MsgId: MMSG-17999]
    2023-06-18 16:38:56.554 : User is logged in with session 136661.671283921HAcQfDtpHVzzzzzHtcVHHpcAiD	[MsgId: MMSG-17999]
    2023-06-18 16:39:02.277 : User is logged out of session	[MsgId: MMSG-17999]
  2023-06-18 16:40:58.415 : IterationNum=13	[MsgId: MMSG-17999]
   USER 13 = user90:pwd90	[MsgId: MMSG-17999]
    2023-06-18 16:40:58.509 : Start page is opened	[MsgId: MMSG-17999]
    2023-06-18 16:41:03.792 : User is logged in with session 136661.681490482HAcQfDfpctVzzzzHtcVHHpcVVtf	[MsgId: MMSG-17999]
    2023-06-18 16:41:08.905 : User is logged out of session	[MsgId: MMSG-17999]
  2023-06-18 16:43:04.425 : IterationNum=14	[MsgId: MMSG-17999]
   USER 14 = user90:pwd90	[MsgId: MMSG-17999]
    2023-06-18 16:43:04.519 : Start page is opened	[MsgId: MMSG-17999]
    2023-06-18 16:43:10.793 : User is logged in with session 136661.691697043HAcQfDfpHzzzzzzHtcVHHpcVtz	[MsgId: MMSG-17999]
    2023-06-18 16:43:15.318 : User is logged out of session	[MsgId: MMSG-17999]
  2023-06-18 16:45:10.427 : IterationNum=15	[MsgId: MMSG-17999]
   USER 15 = user90:pwd90	[MsgId: MMSG-17999]
    2023-06-18 16:45:10.521 : Start page is opened	[MsgId: MMSG-17999]
    2023-06-18 16:45:16.230 : User is logged in with session 136661.701903605HAcQfDzpcQVzzzzHtcVHHpcVHHf	[MsgId: MMSG-17999]
    2023-06-18 16:45:20.368 : User is logged out of session	[MsgId: MMSG-17999]
  2023-06-18 16:47:16.438 : IterationNum=16	[MsgId: MMSG-17999]
   USER 16 = user90:pwd90	[MsgId: MMSG-17999]
    2023-06-18 16:47:16.532 : Start page is opened	[MsgId: MMSG-17999]
    2023-06-18 16:47:22.064 : User is logged in with session 136661.712110166HAcQfDzpiVzzzzzHtcVHHpccAQ	[MsgId: MMSG-17999]
    2023-06-18 16:47:26.221 : User is logged out of session	[MsgId: MMSG-17999]
  2023-06-18 16:49:22.453 : IterationNum=17	[MsgId: MMSG-17999]
   USER 17 = user90:pwd90	[MsgId: MMSG-17999]
    2023-06-18 16:49:22.547 : Start page is opened	[MsgId: MMSG-17999]
    2023-06-18 16:49:28.926 : User is logged in with session 136661.722316727HAcQfDHpDtVzzzzHtcVHHpcctAf	[MsgId: MMSG-17999]
    2023-06-18 16:49:34.277 : User is logged out of session	[MsgId: MMSG-17999]
  2023-06-18 16:51:28.465 : IterationNum=18	[MsgId: MMSG-17999]
   USER 18 = user90:pwd90	[MsgId: MMSG-17999]
    2023-06-18 16:51:28.559 : Start page is opened	[MsgId: MMSG-17999]
    2023-06-18 16:51:33.419 : User is logged in with session 136661.732523289HAcQfDHpizzzzzzHtcVHHpccHc	[MsgId: MMSG-17999]
    2023-06-18 16:51:38.217 : User is logged out of session	[MsgId: MMSG-17999]
  2023-06-18 16:53:34.471 : IterationNum=19	[MsgId: MMSG-17999]
   USER 19 = user90:pwd90	[MsgId: MMSG-17999]
    2023-06-18 16:53:34.565 : Start page is opened	[MsgId: MMSG-17999]
    2023-06-18 16:53:38.458 : User is logged in with session 136661.74272985HAcQfDipDQVzzzzHtcVHHpcDADf	[MsgId: MMSG-17999]
    2023-06-18 16:53:42.756 : User is logged out of session	[MsgId: MMSG-17999]
  2023-06-18 16:55:40.486 : IterationNum=20	[MsgId: MMSG-17999]
   USER 20 = user90:pwd90	[MsgId: MMSG-17999]
    2023-06-18 16:55:40.580 : Start page is opened	[MsgId: MMSG-17999]
    2023-06-18 16:55:46.237 : User is logged in with session 136661.752936412HAcQfDipQVzzzzzHtcVHHpcDDf	[MsgId: MMSG-17999]
    2023-06-18 16:55:50.848 : User is logged out of session	[MsgId: MMSG-17999]
  2023-06-18 16:57:46.489 : IterationNum=21	[MsgId: MMSG-17999]
   USER 21 = user90:pwd90	[MsgId: MMSG-17999]
    2023-06-18 16:57:46.583 : Start page is opened	[MsgId: MMSG-17999]
    2023-06-18 16:57:52.773 : User is logged in with session 136661.763142973HAcQfDQpttVzzzzHtcVHHpcDzzf	[MsgId: MMSG-17999]
    2023-06-18 16:57:57.289 : User is logged out of session	[MsgId: MMSG-17999]
  2023-06-18 16:59:52.499 : IterationNum=22	[MsgId: MMSG-17999]
   USER 22 = user90:pwd90	[MsgId: MMSG-17999]
    2023-06-18 16:59:52.593 : Start page is opened	[MsgId: MMSG-17999]
    2023-06-18 16:59:57.000 : User is logged in with session 136661.773349534HAcQfDQpQzzzzzzHtcVHHpcDQi	[MsgId: MMSG-17999]
    2023-06-18 17:00:01.626 : User is logged out of session	[MsgId: MMSG-17999]
  2023-06-18 17:01:58.505 : IterationNum=23	[MsgId: MMSG-17999]
   USER 23 = user90:pwd90	[MsgId: MMSG-17999]
    2023-06-18 17:01:58.599 : Start page is opened	[MsgId: MMSG-17999]
    2023-06-18 17:02:03.852 : User is logged in with session 136661.783556096HAcQftAptQVzzzzHtcVHHpctcQf	[MsgId: MMSG-17999]
    2023-06-18 17:02:07.976 : User is logged out of session	[MsgId: MMSG-17999]
  2023-06-18 17:04:04.517 : IterationNum=24	[MsgId: MMSG-17999]
   USER 24 = user90:pwd90	[MsgId: MMSG-17999]
    2023-06-18 17:04:04.611 : Start page is opened	[MsgId: MMSG-17999]
    2023-06-18 17:04:08.738 : User is logged in with session 136661.793762657HAcQftVpAVzzzzzHtcVHHpctzV	[MsgId: MMSG-17999]
    2023-06-18 17:04:13.628 : User is logged out of session	[MsgId: MMSG-17999]
  2023-06-18 17:06:10.529 : IterationNum=25	[MsgId: MMSG-17999]
   USER 25 = user90:pwd90	[MsgId: MMSG-17999]
    2023-06-18 17:06:10.623 : Start page is opened	[MsgId: MMSG-17999]
    2023-06-18 17:06:16.940 : User is logged in with session 136661.803969218HAcQftVpftVzzzzHtcVHHpctQcf	[MsgId: MMSG-17999]
    2023-06-18 17:06:21.409 : User is logged out of session	[MsgId: MMSG-17999]
  2023-06-18 17:08:16.541 : IterationNum=26	[MsgId: MMSG-17999]
   USER 26 = user90:pwd90	[MsgId: MMSG-17999]
    2023-06-18 17:08:16.635 : Start page is opened	[MsgId: MMSG-17999]
    2023-06-18 17:08:21.417 : User is logged in with session 136661.81417578HAcQftcpAzzzzzzHtcVHHpcfct	[MsgId: MMSG-17999]
    2023-06-18 17:08:26.441 : User is logged out of session	[MsgId: MMSG-17999]
  2023-06-18 17:10:22.545 : IterationNum=27	[MsgId: MMSG-17999]
   USER 27 = user90:pwd90	[MsgId: MMSG-17999]
    2023-06-18 17:10:22.639 : Start page is opened	[MsgId: MMSG-17999]
    2023-06-18 17:10:27.360 : User is logged in with session 136661.824382341HAcQftcpfQVzzzzHtcVHHpcffff	[MsgId: MMSG-17999]
    2023-06-18 17:10:31.314 : User is logged out of session	[MsgId: MMSG-17999]
  2023-06-18 17:12:28.548 : IterationNum=28	[MsgId: MMSG-17999]
   USER 28 = user90:pwd90	[MsgId: MMSG-17999]
    2023-06-18 17:12:28.642 : Start page is opened	[MsgId: MMSG-17999]
    2023-06-18 17:12:33.357 : User is logged in with session 136661.834588902HAcQftDpVVzzzzzHtcVHHpcfiH	[MsgId: MMSG-17999]
    2023-06-18 17:12:37.483 : User is logged out of session	[MsgId: MMSG-17999]
  2023-06-18 17:14:34.562 : IterationNum=29	[MsgId: MMSG-17999]
   USER 29 = user90:pwd90	[MsgId: MMSG-17999]
    2023-06-18 17:14:34.656 : Start page is opened	[MsgId: MMSG-17999]
    2023-06-18 17:14:39.095 : User is logged in with session 136661.844795464HAcQftDpztVzzzzHtcVHHpczVif	[MsgId: MMSG-17999]
    2023-06-18 17:14:44.424 : User is logged out of session	[MsgId: MMSG-17999]
  2023-06-18 17:16:40.564 : IterationNum=30	[MsgId: MMSG-17999]
   USER 30 = user90:pwd90	[MsgId: MMSG-17999]
    2023-06-18 17:16:40.658 : Start page is opened	[MsgId: MMSG-17999]
    2023-06-18 17:16:45.620 : User is logged in with session 136661.855002025HAcQfttpVzzzzzzHtcVHHpczf	[MsgId: MMSG-17999]
    2023-06-18 17:16:51.725 : User is logged out of session	[MsgId: MMSG-17999]
