  2023-06-18 16:13:56.114 : IterationNum=1	[MsgId: MMSG-17999]
   USER 1 = user79:pwd79	[MsgId: MMSG-17999]
    2023-06-18 16:13:56.202 : Start page is opened	[MsgId: MMSG-17999]
    2023-06-18 16:14:01.059 : User is logged in with session 136661.550101256HAcQfciptiDDDDDDtcVHHpVHAQ	[MsgId: MMSG-17999]
    2023-06-18 16:14:07.242 : User is logged out of session	[MsgId: MMSG-17999]
  2023-06-18 16:16:02.121 : IterationNum=2	[MsgId: MMSG-17999]
   USER 2 = user79:pwd79	[MsgId: MMSG-17999]
    2023-06-18 16:16:02.216 : Start page is opened	[MsgId: MMSG-17999]
    2023-06-18 16:16:07.027 : User is logged in with session 136661.560307817HAcQfcQpAAiDDDDDtcVHHpVHtAf	[MsgId: MMSG-17999]
    2023-06-18 16:16:12.450 : User is logged out of session	[MsgId: MMSG-17999]
  2023-06-18 16:18:08.126 : IterationNum=3	[MsgId: MMSG-17999]
   USER 3 = user79:pwd79	[MsgId: MMSG-17999]
    2023-06-18 16:18:08.221 : Start page is opened	[MsgId: MMSG-17999]
    2023-06-18 16:18:12.299 : User is logged in with session 136661.570514378HAcQfcQpfDDDDDDDtcVHHpVHHc	[MsgId: MMSG-17999]
    2023-06-18 16:18:16.882 : User is logged out of session	[MsgId: MMSG-17999]
  2023-06-18 16:20:14.137 : IterationNum=4	[MsgId: MMSG-17999]
   USER 4 = user79:pwd79	[MsgId: MMSG-17999]
    2023-06-18 16:20:14.231 : Start page is opened	[MsgId: MMSG-17999]
    2023-06-18 16:20:19.374 : User is logged in with session 136661.58072094HAcQfDApAfiDDDDDtcVHHpViADf	[MsgId: MMSG-17999]
    2023-06-18 16:20:25.562 : User is logged out of session	[MsgId: MMSG-17999]
  2023-06-18 16:22:20.144 : IterationNum=5	[MsgId: MMSG-17999]
   USER 5 = user79:pwd79	[MsgId: MMSG-17999]
    2023-06-18 16:22:20.238 : Start page is opened	[MsgId: MMSG-17999]
    2023-06-18 16:22:24.460 : User is logged in with session 136661.590927501HAcQfDApfiDDDDDDtcVHHpViDf	[MsgId: MMSG-17999]
    2023-06-18 16:22:29.008 : User is logged out of session	[MsgId: MMSG-17999]
  2023-06-18 16:24:26.154 : IterationNum=6	[MsgId: MMSG-17999]
   USER 6 = user79:pwd79	[MsgId: MMSG-17999]
    2023-06-18 16:24:26.248 : Start page is opened	[MsgId: MMSG-17999]
    2023-06-18 16:24:31.641 : User is logged in with session 136661.601134062HAcQfDVpVAiDDDDDtcVHHpVizzf	[MsgId: MMSG-17999]
    2023-06-18 16:24:36.450 : User is logged out of session	[MsgId: MMSG-17999]
  2023-06-18 16:26:32.156 : IterationNum=7	[MsgId: MMSG-17999]
   USER 7 = user79:pwd79	[MsgId: MMSG-17999]
    2023-06-18 16:26:32.240 : Start page is opened	[MsgId: MMSG-17999]
    2023-06-18 16:26:38.464 : User is logged in with session 136661.611340624HAcQfDVpzDDDDDDDtcVHHpViQi	[MsgId: MMSG-17999]
    2023-06-18 16:26:42.525 : User is logged out of session	[MsgId: MMSG-17999]
  2023-06-18 16:28:38.168 : IterationNum=8	[MsgId: MMSG-17999]
   USER 8 = user79:pwd79	[MsgId: MMSG-17999]
    2023-06-18 16:28:38.262 : Start page is opened	[MsgId: MMSG-17999]
    2023-06-18 16:28:42.296 : User is logged in with session 136661.621547185HAcQfDcpVfiDDDDDtcVHHpVQcQf	[MsgId: MMSG-17999]
    2023-06-18 16:28:47.586 : User is logged out of session	[MsgId: MMSG-17999]
  2023-06-18 16:30:44.173 : IterationNum=9	[MsgId: MMSG-17999]
   USER 9 = user79:pwd79	[MsgId: MMSG-17999]
    2023-06-18 16:30:44.267 : Start page is opened	[MsgId: MMSG-17999]
    2023-06-18 16:30:50.456 : User is logged in with session 136661.631753746HAcQfDcpziDDDDDDtcVHHpVQzV	[MsgId: MMSG-17999]
    2023-06-18 16:30:56.193 : User is logged out of session	[MsgId: MMSG-17999]
  2023-06-18 16:32:50.174 : IterationNum=10	[MsgId: MMSG-17999]
   USER 10 = user79:pwd79	[MsgId: MMSG-17999]
    2023-06-18 16:32:50.268 : Start page is opened	[MsgId: MMSG-17999]
    2023-06-18 16:32:54.269 : User is logged in with session 136661.641960308HAcQfDDpcAiDDDDDtcVHHpVQQcf	[MsgId: MMSG-17999]
    2023-06-18 16:32:59.568 : User is logged out of session	[MsgId: MMSG-17999]
  2023-06-18 16:34:56.176 : IterationNum=11	[MsgId: MMSG-17999]
   USER 11 = user79:pwd79	[MsgId: MMSG-17999]
    2023-06-18 16:34:56.270 : Start page is opened	[MsgId: MMSG-17999]
    2023-06-18 16:35:02.146 : User is logged in with session 136661.652166869HAcQfDDpHDDDDDDDtcVHHpcAct	[MsgId: MMSG-17999]
    2023-06-18 16:35:07.600 : User is logged out of session	[MsgId: MMSG-17999]
  2023-06-18 16:37:02.176 : IterationNum=12	[MsgId: MMSG-17999]
   USER 12 = user79:pwd79	[MsgId: MMSG-17999]
    2023-06-18 16:37:02.270 : Start page is opened	[MsgId: MMSG-17999]
    2023-06-18 16:37:06.429 : User is logged in with session 136661.662373431HAcQfDtpcfiDDDDDtcVHHpcAfff	[MsgId: MMSG-17999]
    2023-06-18 16:37:12.618 : User is logged out of session	[MsgId: MMSG-17999]
  2023-06-18 16:39:08.184 : IterationNum=13	[MsgId: MMSG-17999]
   USER 13 = user79:pwd79	[MsgId: MMSG-17999]
    2023-06-18 16:39:08.279 : Start page is opened	[MsgId: MMSG-17999]
    2023-06-18 16:39:14.592 : User is logged in with session 136661.672579992HAcQfDtpHiDDDDDDtcVHHpcAiH	[MsgId: MMSG-17999]
    2023-06-18 16:39:18.689 : User is logged out of session	[MsgId: MMSG-17999]
  2023-06-18 16:41:14.186 : IterationNum=14	[MsgId: MMSG-17999]
   USER 14 = user79:pwd79	[MsgId: MMSG-17999]
    2023-06-18 16:41:14.280 : Start page is opened	[MsgId: MMSG-17999]
    2023-06-18 16:41:18.532 : User is logged in with session 136661.682786553HAcQfDfpDAiDDDDDtcVHHpcVVif	[MsgId: MMSG-17999]
    2023-06-18 16:41:23.157 : User is logged out of session	[MsgId: MMSG-17999]
  2023-06-18 16:43:20.195 : IterationNum=15	[MsgId: MMSG-17999]
   USER 15 = user79:pwd79	[MsgId: MMSG-17999]
    2023-06-18 16:43:20.289 : Start page is opened	[MsgId: MMSG-17999]
    2023-06-18 16:43:24.290 : User is logged in with session 136661.692993115HAcQfDfpiDDDDDDDtcVHHpcVf	[MsgId: MMSG-17999]
    2023-06-18 16:43:30.542 : User is logged out of session	[MsgId: MMSG-17999]
  2023-06-18 16:45:26.197 : IterationNum=16	[MsgId: MMSG-17999]
   USER 16 = user79:pwd79	[MsgId: MMSG-17999]
    2023-06-18 16:45:26.291 : Start page is opened	[MsgId: MMSG-17999]
    2023-06-18 16:45:31.543 : User is logged in with session 136661.703199676HAcQfDzpDfiDDDDDtcVHHpcViVf	[MsgId: MMSG-17999]
    2023-06-18 16:45:35.999 : User is logged out of session	[MsgId: MMSG-17999]
  2023-06-18 16:47:32.210 : IterationNum=17	[MsgId: MMSG-17999]
   USER 17 = user79:pwd79	[MsgId: MMSG-17999]
    2023-06-18 16:47:32.301 : Start page is opened	[MsgId: MMSG-17999]
    2023-06-18 16:47:38.321 : User is logged in with session 136661.713406237HAcQfDzpiiDDDDDDtcVHHpccVD	[MsgId: MMSG-17999]
    2023-06-18 16:47:44.336 : User is logged out of session	[MsgId: MMSG-17999]
  2023-06-18 16:49:38.216 : IterationNum=18	[MsgId: MMSG-17999]
   USER 18 = user79:pwd79	[MsgId: MMSG-17999]
    2023-06-18 16:49:38.310 : Start page is opened	[MsgId: MMSG-17999]
    2023-06-18 16:49:43.344 : User is logged in with session 136661.723612799HAcQfDHptAiDDDDDtcVHHpccttf	[MsgId: MMSG-17999]
    2023-06-18 16:49:48.877 : User is logged out of session	[MsgId: MMSG-17999]
  2023-06-18 16:51:44.217 : IterationNum=19	[MsgId: MMSG-17999]
   USER 19 = user79:pwd79	[MsgId: MMSG-17999]
    2023-06-18 16:51:44.311 : Start page is opened	[MsgId: MMSG-17999]
    2023-06-18 16:51:50.125 : User is logged in with session 136661.73381936HAcQfDHpQDDDDDDDtcVHHpccHz	[MsgId: MMSG-17999]
    2023-06-18 16:51:54.282 : User is logged out of session	[MsgId: MMSG-17999]
  2023-06-18 16:53:50.226 : IterationNum=20	[MsgId: MMSG-17999]
   USER 20 = user79:pwd79	[MsgId: MMSG-17999]
    2023-06-18 16:53:50.320 : Start page is opened	[MsgId: MMSG-17999]
    2023-06-18 16:53:54.667 : User is logged in with session 136661.744025921HAcQfDiptfiDDDDDtcVHHpcDAHf	[MsgId: MMSG-17999]
    2023-06-18 16:53:58.935 : User is logged out of session	[MsgId: MMSG-17999]
  2023-06-18 16:55:56.239 : IterationNum=21	[MsgId: MMSG-17999]
   USER 21 = user79:pwd79	[MsgId: MMSG-17999]
    2023-06-18 16:55:56.333 : Start page is opened	[MsgId: MMSG-17999]
    2023-06-18 16:56:02.259 : User is logged in with session 136661.754232483HAcQfDipQiDDDDDDtcVHHpcDDQ	[MsgId: MMSG-17999]
    2023-06-18 16:56:06.835 : User is logged out of session	[MsgId: MMSG-17999]
  2023-06-18 16:58:02.244 : IterationNum=22	[MsgId: MMSG-17999]
   USER 22 = user79:pwd79	[MsgId: MMSG-17999]
    2023-06-18 16:58:02.338 : Start page is opened	[MsgId: MMSG-17999]
    2023-06-18 16:58:07.432 : User is logged in with session 136661.764439044HAcQfDQpfAiDDDDDtcVHHpcDHAf	[MsgId: MMSG-17999]
    2023-06-18 16:58:13.744 : User is logged out of session	[MsgId: MMSG-17999]
  2023-06-18 17:00:08.253 : IterationNum=23	[MsgId: MMSG-17999]
   USER 23 = user79:pwd79	[MsgId: MMSG-17999]
    2023-06-18 17:00:08.347 : Start page is opened	[MsgId: MMSG-17999]
    2023-06-18 17:00:12.287 : User is logged in with session 136661.774645606HAcQftApADDDDDDDtcVHHpctAc	[MsgId: MMSG-17999]
    2023-06-18 17:00:16.554 : User is logged out of session	[MsgId: MMSG-17999]
  2023-06-18 17:02:14.266 : IterationNum=24	[MsgId: MMSG-17999]
   USER 24 = user79:pwd79	[MsgId: MMSG-17999]
    2023-06-18 17:02:14.360 : Start page is opened	[MsgId: MMSG-17999]
    2023-06-18 17:02:18.613 : User is logged in with session 136661.784852167HAcQftApffiDDDDDtcVHHpctDDf	[MsgId: MMSG-17999]
    2023-06-18 17:02:24.441 : User is logged out of session	[MsgId: MMSG-17999]
  2023-06-18 17:04:20.272 : IterationNum=25	[MsgId: MMSG-17999]
   USER 25 = user79:pwd79	[MsgId: MMSG-17999]
    2023-06-18 17:04:20.367 : Start page is opened	[MsgId: MMSG-17999]
    2023-06-18 17:04:25.714 : User is logged in with session 136661.795058728HAcQftVpAiDDDDDDtcVHHpctzf	[MsgId: MMSG-17999]
    2023-06-18 17:04:30.416 : User is logged out of session	[MsgId: MMSG-17999]
  2023-06-18 17:06:26.284 : IterationNum=26	[MsgId: MMSG-17999]
   USER 26 = user79:pwd79	[MsgId: MMSG-17999]
    2023-06-18 17:06:26.378 : Start page is opened	[MsgId: MMSG-17999]
    2023-06-18 17:06:30.457 : User is logged in with session 136661.80526529HAcQftVpzAiDDDDDtcVHHpctQzf	[MsgId: MMSG-17999]
    2023-06-18 17:06:35.749 : User is logged out of session	[MsgId: MMSG-17999]
  2023-06-18 17:08:32.284 : IterationNum=27	[MsgId: MMSG-17999]
   USER 27 = user79:pwd79	[MsgId: MMSG-17999]
    2023-06-18 17:08:32.378 : Start page is opened	[MsgId: MMSG-17999]
    2023-06-18 17:08:38.210 : User is logged in with session 136661.815471851HAcQftcpVDDDDDDDtcVHHpcfci	[MsgId: MMSG-17999]
    2023-06-18 17:08:43.078 : User is logged out of session	[MsgId: MMSG-17999]
  2023-06-18 17:10:38.297 : IterationNum=28	[MsgId: MMSG-17999]
   USER 28 = user79:pwd79	[MsgId: MMSG-17999]
    2023-06-18 17:10:38.391 : Start page is opened	[MsgId: MMSG-17999]
    2023-06-18 17:10:43.424 : User is logged in with session 136661.825678412HAcQftcpzfiDDDDDtcVHHpcffQf	[MsgId: MMSG-17999]
    2023-06-18 17:10:49.409 : User is logged out of session	[MsgId: MMSG-17999]
  2023-06-18 17:12:44.312 : IterationNum=29	[MsgId: MMSG-17999]
   USER 29 = user79:pwd79	[MsgId: MMSG-17999]
    2023-06-18 17:12:44.406 : Start page is opened	[MsgId: MMSG-17999]
    2023-06-18 17:12:49.709 : User is logged in with session 136661.835884974HAcQftDpViDDDDDDtcVHHpcfQV	[MsgId: MMSG-17999]
    2023-06-18 17:12:55.054 : User is logged out of session	[MsgId: MMSG-17999]
  2023-06-18 17:14:50.318 : IterationNum=30	[MsgId: MMSG-17999]
   USER 30 = user79:pwd79	[MsgId: MMSG-17999]
    2023-06-18 17:14:50.412 : Start page is opened	[MsgId: MMSG-17999]
    2023-06-18 17:14:55.069 : User is logged in with session 136661.846091535HAcQftDpHAiDDDDDtcVHHpczccf	[MsgId: MMSG-17999]
    2023-06-18 17:14:59.995 : User is logged out of session	[MsgId: MMSG-17999]
  2023-06-18 17:16:56.320 : IterationNum=31	[MsgId: MMSG-17999]
   USER 31 = user79:pwd79	[MsgId: MMSG-17999]
    2023-06-18 17:16:56.414 : Start page is opened	[MsgId: MMSG-17999]
    2023-06-18 17:17:01.244 : User is logged in with session 136661.856298096HAcQfttpcDDDDDDDtcVHHpczft	[MsgId: MMSG-17999]
    2023-06-18 17:17:06.809 : User is logged out of session	[MsgId: MMSG-17999]
