  2023-06-18 16:11:35.804 : IterationNum=1	[MsgId: MMSG-17999]
   USER 1 = user65:pwd65	[MsgId: MMSG-17999]
    2023-06-18 16:11:35.890 : Start page is opened	[MsgId: MMSG-17999]
    2023-06-18 16:11:41.435 : User is logged in with session 136661.538679627HAcQfcHpiQfiDDDDtcVHHpVzHDHf	[MsgId: MMSG-17999]
    2023-06-18 16:11:46.756 : User is logged out of session	[MsgId: MMSG-17999]
  2023-06-18 16:13:41.809 : IterationNum=2	[MsgId: MMSG-17999]
   USER 2 = user65:pwd65	[MsgId: MMSG-17999]
    2023-06-18 16:13:41.904 : Start page is opened	[MsgId: MMSG-17999]
    2023-06-18 16:13:47.161 : User is logged in with session 136661.548886189HAcQfciptcAiDDDDtcVHHpVHAfcf	[MsgId: MMSG-17999]
    2023-06-18 16:13:52.823 : User is logged out of session	[MsgId: MMSG-17999]
  2023-06-18 16:15:47.825 : IterationNum=3	[MsgId: MMSG-17999]
   USER 3 = user65:pwd65	[MsgId: MMSG-17999]
    2023-06-18 16:15:47.919 : Start page is opened	[MsgId: MMSG-17999]
    2023-06-18 16:15:53.264 : User is logged in with session 136661.55909275HAcQfcipQtfiDDDDtcVHHpVHDzHf	[MsgId: MMSG-17999]
    2023-06-18 16:15:58.156 : User is logged out of session	[MsgId: MMSG-17999]
  2023-06-18 16:17:53.827 : IterationNum=4	[MsgId: MMSG-17999]
   USER 4 = user65:pwd65	[MsgId: MMSG-17999]
    2023-06-18 16:17:53.921 : Start page is opened	[MsgId: MMSG-17999]
    2023-06-18 16:17:58.188 : User is logged in with session 136661.569299311HAcQfcQptHAiDDDDtcVHHpVHzicf	[MsgId: MMSG-17999]
    2023-06-18 16:18:03.046 : User is logged out of session	[MsgId: MMSG-17999]
  2023-06-18 16:19:59.839 : IterationNum=5	[MsgId: MMSG-17999]
   USER 5 = user65:pwd65	[MsgId: MMSG-17999]
    2023-06-18 16:19:59.934 : Start page is opened	[MsgId: MMSG-17999]
    2023-06-18 16:20:04.717 : User is logged in with session 136661.579505873HAcQfcQpQQfiDDDDtcVHHpVHQQHf	[MsgId: MMSG-17999]
    2023-06-18 16:20:09.001 : User is logged out of session	[MsgId: MMSG-17999]
  2023-06-18 16:22:05.843 : IterationNum=6	[MsgId: MMSG-17999]
   USER 6 = user65:pwd65	[MsgId: MMSG-17999]
    2023-06-18 16:22:05.937 : Start page is opened	[MsgId: MMSG-17999]
    2023-06-18 16:22:12.069 : User is logged in with session 136661.589712434HAcQfDApfcAiDDDDtcVHHpViDVcf	[MsgId: MMSG-17999]
    2023-06-18 16:22:16.442 : User is logged out of session	[MsgId: MMSG-17999]
  2023-06-18 16:24:11.853 : IterationNum=7	[MsgId: MMSG-17999]
   USER 7 = user65:pwd65	[MsgId: MMSG-17999]
    2023-06-18 16:24:11.946 : Start page is opened	[MsgId: MMSG-17999]
    2023-06-18 16:24:17.198 : User is logged in with session 136661.599918996HAcQfDVpAtfiDDDDtcVHHpVizcHf	[MsgId: MMSG-17999]
    2023-06-18 16:24:22.543 : User is logged out of session	[MsgId: MMSG-17999]
  2023-06-18 16:26:17.854 : IterationNum=8	[MsgId: MMSG-17999]
   USER 8 = user65:pwd65	[MsgId: MMSG-17999]
    2023-06-18 16:26:17.948 : Start page is opened	[MsgId: MMSG-17999]
    2023-06-18 16:26:23.200 : User is logged in with session 136661.610125557HAcQfDVpfHAiDDDDtcVHHpViQtcf	[MsgId: MMSG-17999]
    2023-06-18 16:26:27.909 : User is logged out of session	[MsgId: MMSG-17999]
  2023-06-18 16:28:23.867 : IterationNum=9	[MsgId: MMSG-17999]
   USER 9 = user65:pwd65	[MsgId: MMSG-17999]
    2023-06-18 16:28:23.961 : Start page is opened	[MsgId: MMSG-17999]
    2023-06-18 16:28:28.463 : User is logged in with session 136661.620332118HAcQfDcpAQfiDDDDtcVHHpVQcfHf	[MsgId: MMSG-17999]
    2023-06-18 16:28:34.074 : User is logged out of session	[MsgId: MMSG-17999]
  2023-06-18 16:30:29.871 : IterationNum=10	[MsgId: MMSG-17999]
   USER 10 = user65:pwd65	[MsgId: MMSG-17999]
    2023-06-18 16:30:29.965 : Start page is opened	[MsgId: MMSG-17999]
    2023-06-18 16:30:36.140 : User is logged in with session 136661.63053868HAcQfDcpzcAiDDDDtcVHHpVQfHcf	[MsgId: MMSG-17999]
    2023-06-18 16:30:42.360 : User is logged out of session	[MsgId: MMSG-17999]
  2023-06-18 16:32:35.872 : IterationNum=11	[MsgId: MMSG-17999]
   USER 11 = user65:pwd65	[MsgId: MMSG-17999]
    2023-06-18 16:32:35.967 : Start page is opened	[MsgId: MMSG-17999]
    2023-06-18 16:32:41.623 : User is logged in with session 136661.640745241HAcQfDDpVtfiDDDDtcVHHpVQiiHf	[MsgId: MMSG-17999]
    2023-06-18 16:32:47.580 : User is logged out of session	[MsgId: MMSG-17999]
  2023-06-18 16:34:41.875 : IterationNum=12	[MsgId: MMSG-17999]
   USER 12 = user65:pwd65	[MsgId: MMSG-17999]
    2023-06-18 16:34:41.969 : Start page is opened	[MsgId: MMSG-17999]
    2023-06-18 16:34:47.836 : User is logged in with session 136661.650951802HAcQfDDpzHAiDDDDtcVHHpcAcAcf	[MsgId: MMSG-17999]
    2023-06-18 16:34:52.457 : User is logged out of session	[MsgId: MMSG-17999]
  2023-06-18 16:36:47.879 : IterationNum=13	[MsgId: MMSG-17999]
   USER 13 = user65:pwd65	[MsgId: MMSG-17999]
    2023-06-18 16:36:47.973 : Start page is opened	[MsgId: MMSG-17999]
    2023-06-18 16:36:52.959 : User is logged in with session 136661.661158364HAcQfDtpVQfiDDDDtcVHHpcAfVHf	[MsgId: MMSG-17999]
    2023-06-18 16:36:58.053 : User is logged out of session	[MsgId: MMSG-17999]
  2023-06-18 16:38:53.879 : IterationNum=14	[MsgId: MMSG-17999]
   USER 14 = user65:pwd65	[MsgId: MMSG-17999]
    2023-06-18 16:38:53.973 : Start page is opened	[MsgId: MMSG-17999]
    2023-06-18 16:38:58.726 : User is logged in with session 136661.671364925HAcQfDtpHcAiDDDDtcVHHpcAiDcf	[MsgId: MMSG-17999]
    2023-06-18 16:39:03.888 : User is logged out of session	[MsgId: MMSG-17999]
  2023-06-18 16:40:59.884 : IterationNum=15	[MsgId: MMSG-17999]
   USER 15 = user65:pwd65	[MsgId: MMSG-17999]
    2023-06-18 16:40:59.978 : Start page is opened	[MsgId: MMSG-17999]
    2023-06-18 16:41:04.355 : User is logged in with session 136661.681571486HAcQfDfpctfiDDDDtcVHHpcVVtHf	[MsgId: MMSG-17999]
    2023-06-18 16:41:10.154 : User is logged out of session	[MsgId: MMSG-17999]
  2023-06-18 16:43:05.894 : IterationNum=16	[MsgId: MMSG-17999]
   USER 16 = user65:pwd65	[MsgId: MMSG-17999]
    2023-06-18 16:43:05.988 : Start page is opened	[MsgId: MMSG-17999]
    2023-06-18 16:43:10.178 : User is logged in with session 136661.691778048HAcQfDfpHHAiDDDDtcVHHpcVtzcf	[MsgId: MMSG-17999]
    2023-06-18 16:43:15.757 : User is logged out of session	[MsgId: MMSG-17999]
  2023-06-18 16:45:11.896 : IterationNum=17	[MsgId: MMSG-17999]
   USER 17 = user65:pwd65	[MsgId: MMSG-17999]
    2023-06-18 16:45:11.990 : Start page is opened	[MsgId: MMSG-17999]
    2023-06-18 16:45:16.897 : User is logged in with session 136661.701984609HAcQfDzpcQfiDDDDtcVHHpcVHHHf	[MsgId: MMSG-17999]
    2023-06-18 16:45:21.450 : User is logged out of session	[MsgId: MMSG-17999]
  2023-06-18 16:47:17.907 : IterationNum=18	[MsgId: MMSG-17999]
   USER 18 = user65:pwd65	[MsgId: MMSG-17999]
    2023-06-18 16:47:18.001 : Start page is opened	[MsgId: MMSG-17999]
    2023-06-18 16:47:22.722 : User is logged in with session 136661.712191171HAcQfDzpicAiDDDDtcVHHpccAQcf	[MsgId: MMSG-17999]
    2023-06-18 16:47:26.928 : User is logged out of session	[MsgId: MMSG-17999]
  2023-06-18 16:49:23.922 : IterationNum=19	[MsgId: MMSG-17999]
   USER 19 = user65:pwd65	[MsgId: MMSG-17999]
    2023-06-18 16:49:24.016 : Start page is opened	[MsgId: MMSG-17999]
    2023-06-18 16:49:29.673 : User is logged in with session 136661.722397732HAcQfDHpDtfiDDDDtcVHHpcctAHf	[MsgId: MMSG-17999]
    2023-06-18 16:49:34.622 : User is logged out of session	[MsgId: MMSG-17999]
  2023-06-18 16:51:29.935 : IterationNum=20	[MsgId: MMSG-17999]
   USER 20 = user65:pwd65	[MsgId: MMSG-17999]
    2023-06-18 16:51:30.028 : Start page is opened	[MsgId: MMSG-17999]
    2023-06-18 16:51:34.358 : User is logged in with session 136661.732604293HAcQfDHpiHAiDDDDtcVHHpccHccf	[MsgId: MMSG-17999]
    2023-06-18 16:51:39.639 : User is logged out of session	[MsgId: MMSG-17999]
  2023-06-18 16:53:35.941 : IterationNum=21	[MsgId: MMSG-17999]
   USER 21 = user65:pwd65	[MsgId: MMSG-17999]
    2023-06-18 16:53:36.035 : Start page is opened	[MsgId: MMSG-17999]
    2023-06-18 16:53:39.989 : User is logged in with session 136661.742810855HAcQfDipDQfiDDDDtcVHHpcDADHf	[MsgId: MMSG-17999]
    2023-06-18 16:53:45.772 : User is logged out of session	[MsgId: MMSG-17999]
  2023-06-18 16:55:41.955 : IterationNum=22	[MsgId: MMSG-17999]
   USER 22 = user65:pwd65	[MsgId: MMSG-17999]
    2023-06-18 16:55:42.049 : Start page is opened	[MsgId: MMSG-17999]
    2023-06-18 16:55:47.675 : User is logged in with session 136661.753017416HAcQfDipQcAiDDDDtcVHHpcDDfcf	[MsgId: MMSG-17999]
    2023-06-18 16:55:53.239 : User is logged out of session	[MsgId: MMSG-17999]
  2023-06-18 16:57:47.958 : IterationNum=23	[MsgId: MMSG-17999]
   USER 23 = user65:pwd65	[MsgId: MMSG-17999]
    2023-06-18 16:57:48.052 : Start page is opened	[MsgId: MMSG-17999]
    2023-06-18 16:57:52.617 : User is logged in with session 136661.763223977HAcQfDQpttfiDDDDtcVHHpcDzzHf	[MsgId: MMSG-17999]
    2023-06-18 16:57:57.071 : User is logged out of session	[MsgId: MMSG-17999]
  2023-06-18 16:59:53.968 : IterationNum=24	[MsgId: MMSG-17999]
   USER 24 = user65:pwd65	[MsgId: MMSG-17999]
    2023-06-18 16:59:54.062 : Start page is opened	[MsgId: MMSG-17999]
    2023-06-18 17:00:00.394 : User is logged in with session 136661.773430539HAcQfDQpQHAiDDDDtcVHHpcDQicf	[MsgId: MMSG-17999]
    2023-06-18 17:00:05.205 : User is logged out of session	[MsgId: MMSG-17999]
  2023-06-18 17:01:59.975 : IterationNum=25	[MsgId: MMSG-17999]
   USER 25 = user65:pwd65	[MsgId: MMSG-17999]
    2023-06-18 17:02:00.069 : Start page is opened	[MsgId: MMSG-17999]
    2023-06-18 17:02:05.243 : User is logged in with session 136661.7836371HAcQftAptQfiDDDDtcVHHpctcQHf	[MsgId: MMSG-17999]
    2023-06-18 17:02:11.360 : User is logged out of session	[MsgId: MMSG-17999]
  2023-06-18 17:04:05.986 : IterationNum=26	[MsgId: MMSG-17999]
   USER 26 = user65:pwd65	[MsgId: MMSG-17999]
    2023-06-18 17:04:06.080 : Start page is opened	[MsgId: MMSG-17999]
    2023-06-18 17:04:10.253 : User is logged in with session 136661.793924666HAcQftVpAcftcVHHpctzVf	[MsgId: MMSG-17999]
    2023-06-18 17:04:14.254 : User is logged out of session	[MsgId: MMSG-17999]
  2023-06-18 17:06:11.998 : IterationNum=27	[MsgId: MMSG-17999]
   USER 27 = user65:pwd65	[MsgId: MMSG-17999]
    2023-06-18 17:06:12.092 : Start page is opened	[MsgId: MMSG-17999]
    2023-06-18 17:06:16.596 : User is logged in with session 136661.804131227HAcQftVpfftcVHHpctQD	[MsgId: MMSG-17999]
    2023-06-18 17:06:20.814 : User is logged out of session	[MsgId: MMSG-17999]
  2023-06-18 17:08:18.010 : IterationNum=28	[MsgId: MMSG-17999]
   USER 28 = user65:pwd65	[MsgId: MMSG-17999]
    2023-06-18 17:08:18.104 : Start page is opened	[MsgId: MMSG-17999]
    2023-06-18 17:08:23.558 : User is logged in with session 136661.814337789HAcQftcpAHftcVHHpcfctf	[MsgId: MMSG-17999]
    2023-06-18 17:08:27.764 : User is logged out of session	[MsgId: MMSG-17999]
  2023-06-18 17:10:24.014 : IterationNum=29	[MsgId: MMSG-17999]
   USER 29 = user65:pwd65	[MsgId: MMSG-17999]
    2023-06-18 17:10:24.108 : Start page is opened	[MsgId: MMSG-17999]
    2023-06-18 17:10:28.329 : User is logged in with session 136661.82454435HAcQftcpztcVHHpcffz	[MsgId: MMSG-17999]
    2023-06-18 17:10:33.343 : User is logged out of session	[MsgId: MMSG-17999]
  2023-06-18 17:12:30.017 : IterationNum=30	[MsgId: MMSG-17999]
   USER 30 = user65:pwd65	[MsgId: MMSG-17999]
    2023-06-18 17:12:30.111 : Start page is opened	[MsgId: MMSG-17999]
    2023-06-18 17:12:34.342 : User is logged in with session 136661.834750911HAcQftDpVcftcVHHpcfiHf	[MsgId: MMSG-17999]
    2023-06-18 17:12:38.499 : User is logged out of session	[MsgId: MMSG-17999]
  2023-06-18 17:14:36.032 : IterationNum=31	[MsgId: MMSG-17999]
   USER 31 = user65:pwd65	[MsgId: MMSG-17999]
    2023-06-18 17:14:36.125 : Start page is opened	[MsgId: MMSG-17999]
    2023-06-18 17:14:40.397 : User is logged in with session 136661.844957473HAcQftDpzftcVHHpczVQ	[MsgId: MMSG-17999]
    2023-06-18 17:14:46.209 : User is logged out of session	[MsgId: MMSG-17999]
  2023-06-18 17:16:42.033 : IterationNum=32	[MsgId: MMSG-17999]
   USER 32 = user65:pwd65	[MsgId: MMSG-17999]
    2023-06-18 17:16:42.127 : Start page is opened	[MsgId: MMSG-17999]
    2023-06-18 17:16:46.156 : User is logged in with session 136661.855164034HAcQfttpVHftcVHHpczfAf	[MsgId: MMSG-17999]
    2023-06-18 17:16:51.179 : User is logged out of session	[MsgId: MMSG-17999]
