  2023-06-18 16:12:35.925 : IterationNum=1	[MsgId: MMSG-17999]
   USER 1 = user71:pwd71	[MsgId: MMSG-17999]
    2023-06-18 16:12:36.017 : Start page is opened	[MsgId: MMSG-17999]
    2023-06-18 16:12:41.812 : User is logged in with session 136661.543539895HAcQfcipVtfiDDDDtcVHHpVziiHf	[MsgId: MMSG-17999]
    2023-06-18 16:12:45.764 : User is logged out of session	[MsgId: MMSG-17999]
  2023-06-18 16:14:41.933 : IterationNum=2	[MsgId: MMSG-17999]
   USER 2 = user71:pwd71	[MsgId: MMSG-17999]
    2023-06-18 16:14:42.027 : Start page is opened	[MsgId: MMSG-17999]
    2023-06-18 16:14:46.955 : User is logged in with session 136661.553746456HAcQfcipzHAiDDDDtcVHHpVHcAcf	[MsgId: MMSG-17999]
    2023-06-18 16:14:51.020 : User is logged out of session	[MsgId: MMSG-17999]
  2023-06-18 16:16:47.946 : IterationNum=3	[MsgId: MMSG-17999]
   USER 3 = user71:pwd71	[MsgId: MMSG-17999]
    2023-06-18 16:16:48.039 : Start page is opened	[MsgId: MMSG-17999]
    2023-06-18 16:16:53.311 : User is logged in with session 136661.563953017HAcQfcQpVQfiDDDDtcVHHpVHfVHf	[MsgId: MMSG-17999]
    2023-06-18 16:16:59.482 : User is logged out of session	[MsgId: MMSG-17999]
  2023-06-18 16:18:53.951 : IterationNum=4	[MsgId: MMSG-17999]
   USER 4 = user71:pwd71	[MsgId: MMSG-17999]
    2023-06-18 16:18:54.045 : Start page is opened	[MsgId: MMSG-17999]
    2023-06-18 16:18:58.343 : User is logged in with session 136661.574159579HAcQfcQpHcAiDDDDtcVHHpVHiDcf	[MsgId: MMSG-17999]
    2023-06-18 16:19:03.250 : User is logged out of session	[MsgId: MMSG-17999]
  2023-06-18 16:20:59.957 : IterationNum=5	[MsgId: MMSG-17999]
   USER 5 = user71:pwd71	[MsgId: MMSG-17999]
    2023-06-18 16:21:00.050 : Start page is opened	[MsgId: MMSG-17999]
    2023-06-18 16:21:04.036 : User is logged in with session 136661.58436614HAcQfDApctfiDDDDtcVHHpViVtHf	[MsgId: MMSG-17999]
    2023-06-18 16:21:10.306 : User is logged out of session	[MsgId: MMSG-17999]
  2023-06-18 16:23:05.966 : IterationNum=6	[MsgId: MMSG-17999]
   USER 6 = user71:pwd71	[MsgId: MMSG-17999]
    2023-06-18 16:23:06.061 : Start page is opened	[MsgId: MMSG-17999]
    2023-06-18 16:23:11.827 : User is logged in with session 136661.594572701HAcQfDApHHAiDDDDtcVHHpVitzcf	[MsgId: MMSG-17999]
    2023-06-18 16:23:17.423 : User is logged out of session	[MsgId: MMSG-17999]
  2023-06-18 16:25:11.980 : IterationNum=7	[MsgId: MMSG-17999]
   USER 7 = user71:pwd71	[MsgId: MMSG-17999]
    2023-06-18 16:25:12.074 : Start page is opened	[MsgId: MMSG-17999]
    2023-06-18 16:25:17.602 : User is logged in with session 136661.604779263HAcQfDVpcQfiDDDDtcVHHpViHHHf	[MsgId: MMSG-17999]
    2023-06-18 16:25:22.944 : User is logged out of session	[MsgId: MMSG-17999]
  2023-06-18 16:27:17.985 : IterationNum=8	[MsgId: MMSG-17999]
   USER 8 = user71:pwd71	[MsgId: MMSG-17999]
    2023-06-18 16:27:18.079 : Start page is opened	[MsgId: MMSG-17999]
    2023-06-18 16:27:23.864 : User is logged in with session 136661.615066829HAcQfDVpicftcVHHpVQAQf	[MsgId: MMSG-17999]
    2023-06-18 16:27:29.004 : User is logged out of session	[MsgId: MMSG-17999]
  2023-06-18 16:29:23.993 : IterationNum=9	[MsgId: MMSG-17999]
   USER 9 = user71:pwd71	[MsgId: MMSG-17999]
    2023-06-18 16:29:24.087 : Start page is opened	[MsgId: MMSG-17999]
    2023-06-18 16:29:28.982 : User is logged in with session 136661.62527339HAcQfDcpDftcVHHpVQtV	[MsgId: MMSG-17999]
    2023-06-18 16:29:33.336 : User is logged out of session	[MsgId: MMSG-17999]
  2023-06-18 16:31:29.995 : IterationNum=10	[MsgId: MMSG-17999]
   USER 10 = user71:pwd71	[MsgId: MMSG-17999]
    2023-06-18 16:31:30.089 : Start page is opened	[MsgId: MMSG-17999]
    2023-06-18 16:31:35.734 : User is logged in with session 136661.635479951HAcQfDcpiHftcVHHpVQHcf	[MsgId: MMSG-17999]
    2023-06-18 16:31:40.083 : User is logged out of session	[MsgId: MMSG-17999]
  2023-06-18 16:33:36.009 : IterationNum=11	[MsgId: MMSG-17999]
   USER 11 = user71:pwd71	[MsgId: MMSG-17999]
    2023-06-18 16:33:36.103 : Start page is opened	[MsgId: MMSG-17999]
    2023-06-18 16:33:41.507 : User is logged in with session 136661.645686513HAcQfDDpttcVHHpcAAt	[MsgId: MMSG-17999]
    2023-06-18 16:33:46.353 : User is logged out of session	[MsgId: MMSG-17999]
  2023-06-18 16:35:42.012 : IterationNum=12	[MsgId: MMSG-17999]
   USER 12 = user71:pwd71	[MsgId: MMSG-17999]
    2023-06-18 16:35:42.106 : Start page is opened	[MsgId: MMSG-17999]
    2023-06-18 16:35:46.953 : User is logged in with session 136661.655893074HAcQfDDpQcftcVHHpcADff	[MsgId: MMSG-17999]
    2023-06-18 16:35:51.343 : User is logged out of session	[MsgId: MMSG-17999]
  2023-06-18 16:37:48.019 : IterationNum=13	[MsgId: MMSG-17999]
   USER 13 = user71:pwd71	[MsgId: MMSG-17999]
    2023-06-18 16:37:48.112 : Start page is opened	[MsgId: MMSG-17999]
    2023-06-18 16:37:52.958 : User is logged in with session 136661.666099635HAcQfDtptftcVHHpcAzH	[MsgId: MMSG-17999]
    2023-06-18 16:37:58.680 : User is logged out of session	[MsgId: MMSG-17999]
  2023-06-18 16:39:54.031 : IterationNum=14	[MsgId: MMSG-17999]
   USER 14 = user71:pwd71	[MsgId: MMSG-17999]
    2023-06-18 16:39:54.125 : Start page is opened	[MsgId: MMSG-17999]
    2023-06-18 16:39:59.220 : User is logged in with session 136661.676306197HAcQfDtpQHftcVHHpcAQif	[MsgId: MMSG-17999]
    2023-06-18 16:40:04.964 : User is logged out of session	[MsgId: MMSG-17999]
  2023-06-18 16:42:00.034 : IterationNum=15	[MsgId: MMSG-17999]
   USER 15 = user71:pwd71	[MsgId: MMSG-17999]
    2023-06-18 16:42:00.128 : Start page is opened	[MsgId: MMSG-17999]
    2023-06-18 16:42:04.990 : User is logged in with session 136661.686512758HAcQfDfpftcVHHpcVD	[MsgId: MMSG-17999]
    2023-06-18 16:42:11.318 : User is logged out of session	[MsgId: MMSG-17999]
  2023-06-18 16:44:06.046 : IterationNum=16	[MsgId: MMSG-17999]
   USER 16 = user71:pwd71	[MsgId: MMSG-17999]
    2023-06-18 16:44:06.140 : Start page is opened	[MsgId: MMSG-17999]
    2023-06-18 16:44:10.190 : User is logged in with session 136661.69671932HAcQfDzpAcftcVHHpcVzVf	[MsgId: MMSG-17999]
    2023-06-18 16:44:14.082 : User is logged out of session	[MsgId: MMSG-17999]
  2023-06-18 16:46:12.047 : IterationNum=17	[MsgId: MMSG-17999]
   USER 17 = user71:pwd71	[MsgId: MMSG-17999]
    2023-06-18 16:46:12.141 : Start page is opened	[MsgId: MMSG-17999]
    2023-06-18 16:46:17.875 : User is logged in with session 136661.706925881HAcQfDzpfftcVHHpcVQD	[MsgId: MMSG-17999]
    2023-06-18 16:46:23.957 : User is logged out of session	[MsgId: MMSG-17999]
  2023-06-18 16:48:18.058 : IterationNum=18	[MsgId: MMSG-17999]
   USER 18 = user71:pwd71	[MsgId: MMSG-17999]
    2023-06-18 16:48:18.152 : Start page is opened	[MsgId: MMSG-17999]
    2023-06-18 16:48:23.481 : User is logged in with session 136661.717132442HAcQfDHpAHftcVHHpccctf	[MsgId: MMSG-17999]
    2023-06-18 16:48:28.157 : User is logged out of session	[MsgId: MMSG-17999]
  2023-06-18 16:50:24.060 : IterationNum=19	[MsgId: MMSG-17999]
   USER 19 = user71:pwd71	[MsgId: MMSG-17999]
    2023-06-18 16:50:24.154 : Start page is opened	[MsgId: MMSG-17999]
    2023-06-18 16:50:29.827 : User is logged in with session 136661.727339004HAcQfDHpztcVHHpccfz	[MsgId: MMSG-17999]
    2023-06-18 16:50:34.887 : User is logged out of session	[MsgId: MMSG-17999]
  2023-06-18 16:52:30.073 : IterationNum=20	[MsgId: MMSG-17999]
   USER 20 = user71:pwd71	[MsgId: MMSG-17999]
    2023-06-18 16:52:30.167 : Start page is opened	[MsgId: MMSG-17999]
    2023-06-18 16:52:35.207 : User is logged in with session 136661.737545565HAcQfDipVcftcVHHpcciHf	[MsgId: MMSG-17999]
    2023-06-18 16:52:41.339 : User is logged out of session	[MsgId: MMSG-17999]
  2023-06-18 16:54:36.087 : IterationNum=21	[MsgId: MMSG-17999]
   USER 21 = user71:pwd71	[MsgId: MMSG-17999]
    2023-06-18 16:54:36.181 : Start page is opened	[MsgId: MMSG-17999]
    2023-06-18 16:54:40.214 : User is logged in with session 136661.747752126HAcQfDipzftcVHHpcDVQ	[MsgId: MMSG-17999]
    2023-06-18 16:54:46.480 : User is logged out of session	[MsgId: MMSG-17999]
  2023-06-18 16:56:42.094 : IterationNum=22	[MsgId: MMSG-17999]
   USER 22 = user71:pwd71	[MsgId: MMSG-17999]
    2023-06-18 16:56:42.188 : Start page is opened	[MsgId: MMSG-17999]
    2023-06-18 16:56:47.033 : User is logged in with session 136661.757958688HAcQfDQpVHftcVHHpcDfAf	[MsgId: MMSG-17999]
    2023-06-18 16:56:52.862 : User is logged out of session	[MsgId: MMSG-17999]
  2023-06-18 16:58:48.102 : IterationNum=23	[MsgId: MMSG-17999]
   USER 23 = user71:pwd71	[MsgId: MMSG-17999]
    2023-06-18 16:58:48.196 : Start page is opened	[MsgId: MMSG-17999]
    2023-06-18 16:58:53.433 : User is logged in with session 136661.768165249HAcQfDQpHtcVHHpcDic	[MsgId: MMSG-17999]
    2023-06-18 16:58:57.450 : User is logged out of session	[MsgId: MMSG-17999]
  2023-06-18 17:00:54.105 : IterationNum=24	[MsgId: MMSG-17999]
   USER 24 = user71:pwd71	[MsgId: MMSG-17999]
    2023-06-18 17:00:54.199 : Start page is opened	[MsgId: MMSG-17999]
    2023-06-18 17:01:00.278 : User is logged in with session 136661.77837181HAcQftApccftcVHHpctVDf	[MsgId: MMSG-17999]
    2023-06-18 17:01:05.467 : User is logged out of session	[MsgId: MMSG-17999]
  2023-06-18 17:03:00.110 : IterationNum=25	[MsgId: MMSG-17999]
   USER 25 = user71:pwd71	[MsgId: MMSG-17999]
    2023-06-18 17:03:00.204 : Start page is opened	[MsgId: MMSG-17999]
    2023-06-18 17:03:05.659 : User is logged in with session 136661.788578372HAcQftApHftcVHHpcttf	[MsgId: MMSG-17999]
    2023-06-18 17:03:11.600 : User is logged out of session	[MsgId: MMSG-17999]
  2023-06-18 17:05:06.115 : IterationNum=26	[MsgId: MMSG-17999]
   USER 26 = user71:pwd71	[MsgId: MMSG-17999]
    2023-06-18 17:05:06.209 : Start page is opened	[MsgId: MMSG-17999]
    2023-06-18 17:05:11.647 : User is logged in with session 136661.798784933HAcQftVpcHftcVHHpctHzf	[MsgId: MMSG-17999]
    2023-06-18 17:05:17.414 : User is logged out of session	[MsgId: MMSG-17999]
  2023-06-18 17:07:12.115 : IterationNum=27	[MsgId: MMSG-17999]
   USER 27 = user71:pwd71	[MsgId: MMSG-17999]
    2023-06-18 17:07:12.209 : Start page is opened	[MsgId: MMSG-17999]
    2023-06-18 17:07:18.045 : User is logged in with session 136661.808991495HAcQftVpitcVHHpcfAi	[MsgId: MMSG-17999]
    2023-06-18 17:07:24.289 : User is logged out of session	[MsgId: MMSG-17999]
  2023-06-18 17:09:18.120 : IterationNum=28	[MsgId: MMSG-17999]
   USER 28 = user71:pwd71	[MsgId: MMSG-17999]
    2023-06-18 17:09:18.215 : Start page is opened	[MsgId: MMSG-17999]
    2023-06-18 17:09:22.482 : User is logged in with session 136661.819198056HAcQftcpDcftcVHHpcfDQf	[MsgId: MMSG-17999]
    2023-06-18 17:09:27.295 : User is logged out of session	[MsgId: MMSG-17999]
  2023-06-18 17:11:24.121 : IterationNum=29	[MsgId: MMSG-17999]
   USER 29 = user71:pwd71	[MsgId: MMSG-17999]
    2023-06-18 17:11:24.215 : Start page is opened	[MsgId: MMSG-17999]
    2023-06-18 17:11:28.922 : User is logged in with session 136661.829404617HAcQftcpiftcVHHpcfHV	[MsgId: MMSG-17999]
    2023-06-18 17:11:33.485 : User is logged out of session	[MsgId: MMSG-17999]
  2023-06-18 17:13:30.126 : IterationNum=30	[MsgId: MMSG-17999]
   USER 30 = user71:pwd71	[MsgId: MMSG-17999]
    2023-06-18 17:13:30.220 : Start page is opened	[MsgId: MMSG-17999]
    2023-06-18 17:13:35.169 : User is logged in with session 136661.839611179HAcQftDpDHftcVHHpczAcf	[MsgId: MMSG-17999]
    2023-06-18 17:13:39.617 : User is logged out of session	[MsgId: MMSG-17999]
  2023-06-18 17:15:36.131 : IterationNum=31	[MsgId: MMSG-17999]
   USER 31 = user71:pwd71	[MsgId: MMSG-17999]
    2023-06-18 17:15:36.225 : Start page is opened	[MsgId: MMSG-17999]
    2023-06-18 17:15:40.479 : User is logged in with session 136661.84981774HAcQftDpQtcVHHpczDt	[MsgId: MMSG-17999]
    2023-06-18 17:15:44.666 : User is logged out of session	[MsgId: MMSG-17999]
  2023-06-18 17:17:42.134 : IterationNum=32	[MsgId: MMSG-17999]
   USER 32 = user71:pwd71	[MsgId: MMSG-17999]
    2023-06-18 17:17:42.229 : Start page is opened	[MsgId: MMSG-17999]
    2023-06-18 17:17:47.746 : User is logged in with session 136661.860024301HAcQfttptcftcVHHpczzff	[MsgId: MMSG-17999]
    2023-06-18 17:17:53.967 : User is logged out of session	[MsgId: MMSG-17999]
