  2023-06-18 16:12:55.977 : IterationNum=1	[MsgId: MMSG-17999]
   USER 1 = user73:pwd73	[MsgId: MMSG-17999]
    2023-06-18 16:12:56.061 : Start page is opened	[MsgId: MMSG-17999]
    2023-06-18 16:13:00.658 : User is logged in with session 136661.545240988HAcQfcipcDDDDDDDtcVHHpVzQt	[MsgId: MMSG-17999]
    2023-06-18 16:13:06.549 : User is logged out of session	[MsgId: MMSG-17999]
  2023-06-18 16:15:01.990 : IterationNum=2	[MsgId: MMSG-17999]
   USER 2 = user73:pwd73	[MsgId: MMSG-17999]
    2023-06-18 16:15:02.083 : Start page is opened	[MsgId: MMSG-17999]
    2023-06-18 16:15:07.142 : User is logged in with session 136661.55544755HAcQfcipHfiDDDDDtcVHHpVHcff	[MsgId: MMSG-17999]
    2023-06-18 16:15:13.228 : User is logged out of session	[MsgId: MMSG-17999]
  2023-06-18 16:17:07.996 : IterationNum=3	[MsgId: MMSG-17999]
   USER 3 = user73:pwd73	[MsgId: MMSG-17999]
    2023-06-18 16:17:08.090 : Start page is opened	[MsgId: MMSG-17999]
    2023-06-18 16:17:12.795 : User is logged in with session 136661.565654111HAcQfcQpciDDDDDDtcVHHpVHfH	[MsgId: MMSG-17999]
    2023-06-18 16:17:18.366 : User is logged out of session	[MsgId: MMSG-17999]
  2023-06-18 16:19:14.003 : IterationNum=4	[MsgId: MMSG-17999]
   USER 4 = user73:pwd73	[MsgId: MMSG-17999]
    2023-06-18 16:19:14.097 : Start page is opened	[MsgId: MMSG-17999]
    2023-06-18 16:19:19.879 : User is logged in with session 136661.575860672HAcQfcQpiAiDDDDDtcVHHpVHiif	[MsgId: MMSG-17999]
    2023-06-18 16:19:24.026 : User is logged out of session	[MsgId: MMSG-17999]
  2023-06-18 16:21:20.009 : IterationNum=5	[MsgId: MMSG-17999]
   USER 5 = user73:pwd73	[MsgId: MMSG-17999]
    2023-06-18 16:21:20.103 : Start page is opened	[MsgId: MMSG-17999]
    2023-06-18 16:21:25.495 : User is logged in with session 136661.586067234HAcQfDApDDDDDDDDtcVHHpVic	[MsgId: MMSG-17999]
    2023-06-18 16:21:30.670 : User is logged out of session	[MsgId: MMSG-17999]
  2023-06-18 16:23:26.020 : IterationNum=6	[MsgId: MMSG-17999]
   USER 6 = user73:pwd73	[MsgId: MMSG-17999]
    2023-06-18 16:23:26.114 : Start page is opened	[MsgId: MMSG-17999]
    2023-06-18 16:23:30.225 : User is logged in with session 136661.596273795HAcQfDApifiDDDDDtcVHHpVifVf	[MsgId: MMSG-17999]
    2023-06-18 16:23:35.373 : User is logged out of session	[MsgId: MMSG-17999]
  2023-06-18 16:25:32.025 : IterationNum=7	[MsgId: MMSG-17999]
   USER 7 = user73:pwd73	[MsgId: MMSG-17999]
    2023-06-18 16:25:32.119 : Start page is opened	[MsgId: MMSG-17999]
    2023-06-18 16:25:36.818 : User is logged in with session 136661.606480356HAcQfDVpDiDDDDDDtcVHHpViiD	[MsgId: MMSG-17999]
    2023-06-18 16:25:42.936 : User is logged out of session	[MsgId: MMSG-17999]
  2023-06-18 16:27:38.039 : IterationNum=8	[MsgId: MMSG-17999]
   USER 8 = user73:pwd73	[MsgId: MMSG-17999]
    2023-06-18 16:27:38.133 : Start page is opened	[MsgId: MMSG-17999]
    2023-06-18 16:27:42.244 : User is logged in with session 136661.616686918HAcQfDVpQAiDDDDDtcVHHpVQVtf	[MsgId: MMSG-17999]
    2023-06-18 16:27:46.715 : User is logged out of session	[MsgId: MMSG-17999]
  2023-06-18 16:29:44.040 : IterationNum=9	[MsgId: MMSG-17999]
   USER 9 = user73:pwd73	[MsgId: MMSG-17999]
    2023-06-18 16:29:44.134 : Start page is opened	[MsgId: MMSG-17999]
    2023-06-18 16:29:49.541 : User is logged in with session 136661.626893479HAcQfDcptDDDDDDDtcVHHpVQtz	[MsgId: MMSG-17999]
    2023-06-18 16:29:55.466 : User is logged out of session	[MsgId: MMSG-17999]
  2023-06-18 16:31:50.050 : IterationNum=10	[MsgId: MMSG-17999]
   USER 10 = user73:pwd73	[MsgId: MMSG-17999]
    2023-06-18 16:31:50.144 : Start page is opened	[MsgId: MMSG-17999]
    2023-06-18 16:31:56.219 : User is logged in with session 136661.637100041HAcQfDcpQfiDDDDDtcVHHpVQHHf	[MsgId: MMSG-17999]
    2023-06-18 16:32:01.284 : User is logged out of session	[MsgId: MMSG-17999]
  2023-06-18 16:33:56.058 : IterationNum=11	[MsgId: MMSG-17999]
   USER 11 = user73:pwd73	[MsgId: MMSG-17999]
    2023-06-18 16:33:56.152 : Start page is opened	[MsgId: MMSG-17999]
    2023-06-18 16:34:01.263 : User is logged in with session 136661.647306602HAcQfDDptiDDDDDDtcVHHpcAAQ	[MsgId: MMSG-17999]
    2023-06-18 16:34:05.372 : User is logged out of session	[MsgId: MMSG-17999]
  2023-06-18 16:36:02.065 : IterationNum=12	[MsgId: MMSG-17999]
   USER 12 = user73:pwd73	[MsgId: MMSG-17999]
    2023-06-18 16:36:02.158 : Start page is opened	[MsgId: MMSG-17999]
    2023-06-18 16:36:06.365 : User is logged in with session 136661.657513163HAcQfDtpAAiDDDDDtcVHHpcAtAf	[MsgId: MMSG-17999]
    2023-06-18 16:36:10.708 : User is logged out of session	[MsgId: MMSG-17999]
  2023-06-18 16:38:08.074 : IterationNum=13	[MsgId: MMSG-17999]
   USER 13 = user73:pwd73	[MsgId: MMSG-17999]
    2023-06-18 16:38:08.168 : Start page is opened	[MsgId: MMSG-17999]
    2023-06-18 16:38:12.966 : User is logged in with session 136661.667719725HAcQfDtpfDDDDDDDtcVHHpcAHc	[MsgId: MMSG-17999]
    2023-06-18 16:38:18.532 : User is logged out of session	[MsgId: MMSG-17999]
  2023-06-18 16:40:14.083 : IterationNum=14	[MsgId: MMSG-17999]
   USER 14 = user73:pwd73	[MsgId: MMSG-17999]
    2023-06-18 16:40:14.177 : Start page is opened	[MsgId: MMSG-17999]
    2023-06-18 16:40:20.070 : User is logged in with session 136661.677926286HAcQfDfpAfiDDDDDtcVHHpcVADf	[MsgId: MMSG-17999]
    2023-06-18 16:40:26.212 : User is logged out of session	[MsgId: MMSG-17999]
  2023-06-18 16:42:20.086 : IterationNum=15	[MsgId: MMSG-17999]
   USER 15 = user73:pwd73	[MsgId: MMSG-17999]
    2023-06-18 16:42:20.180 : Start page is opened	[MsgId: MMSG-17999]
    2023-06-18 16:42:26.467 : User is logged in with session 136661.688132847HAcQfDfpfiDDDDDDtcVHHpcVDf	[MsgId: MMSG-17999]
    2023-06-18 16:42:31.108 : User is logged out of session	[MsgId: MMSG-17999]
  2023-06-18 16:44:26.088 : IterationNum=16	[MsgId: MMSG-17999]
   USER 16 = user73:pwd73	[MsgId: MMSG-17999]
    2023-06-18 16:44:26.182 : Start page is opened	[MsgId: MMSG-17999]
    2023-06-18 16:44:31.621 : User is logged in with session 136661.698339409HAcQfDzpVAiDDDDDtcVHHpcVzzf	[MsgId: MMSG-17999]
    2023-06-18 16:44:37.906 : User is logged out of session	[MsgId: MMSG-17999]
  2023-06-18 16:46:32.089 : IterationNum=17	[MsgId: MMSG-17999]
   USER 17 = user73:pwd73	[MsgId: MMSG-17999]
    2023-06-18 16:46:32.191 : Start page is opened	[MsgId: MMSG-17999]
    2023-06-18 16:46:38.307 : User is logged in with session 136661.70854597HAcQfDzpzDDDDDDDtcVHHpcVQi	[MsgId: MMSG-17999]
    2023-06-18 16:46:44.415 : User is logged out of session	[MsgId: MMSG-17999]
  2023-06-18 16:48:38.105 : IterationNum=18	[MsgId: MMSG-17999]
   USER 18 = user73:pwd73	[MsgId: MMSG-17999]
    2023-06-18 16:48:38.199 : Start page is opened	[MsgId: MMSG-17999]
    2023-06-18 16:48:44.295 : User is logged in with session 136661.718752531HAcQfDHpVfiDDDDDtcVHHpcccQf	[MsgId: MMSG-17999]
    2023-06-18 16:48:50.517 : User is logged out of session	[MsgId: MMSG-17999]
  2023-06-18 16:50:44.109 : IterationNum=19	[MsgId: MMSG-17999]
   USER 19 = user73:pwd73	[MsgId: MMSG-17999]
    2023-06-18 16:50:44.203 : Start page is opened	[MsgId: MMSG-17999]
    2023-06-18 16:50:48.313 : User is logged in with session 136661.728959093HAcQfDHpziDDDDDDtcVHHpcczV	[MsgId: MMSG-17999]
    2023-06-18 16:50:54.113 : User is logged out of session	[MsgId: MMSG-17999]
  2023-06-18 16:52:50.117 : IterationNum=20	[MsgId: MMSG-17999]
   USER 20 = user73:pwd73	[MsgId: MMSG-17999]
    2023-06-18 16:52:50.211 : Start page is opened	[MsgId: MMSG-17999]
    2023-06-18 16:52:56.385 : User is logged in with session 136661.739165654HAcQfDipcAiDDDDDtcVHHpccQcf	[MsgId: MMSG-17999]
    2023-06-18 16:53:00.746 : User is logged out of session	[MsgId: MMSG-17999]
  2023-06-18 16:54:56.124 : IterationNum=21	[MsgId: MMSG-17999]
   USER 21 = user73:pwd73	[MsgId: MMSG-17999]
    2023-06-18 16:54:56.218 : Start page is opened	[MsgId: MMSG-17999]
    2023-06-18 16:55:01.502 : User is logged in with session 136661.749372215HAcQfDipHDDDDDDDtcVHHpcDct	[MsgId: MMSG-17999]
    2023-06-18 16:55:07.489 : User is logged out of session	[MsgId: MMSG-17999]
  2023-06-18 16:57:02.130 : IterationNum=22	[MsgId: MMSG-17999]
   USER 22 = user73:pwd73	[MsgId: MMSG-17999]
    2023-06-18 16:57:02.224 : Start page is opened	[MsgId: MMSG-17999]
    2023-06-18 16:57:07.100 : User is logged in with session 136661.759578777HAcQfDQpcfiDDDDDtcVHHpcDfff	[MsgId: MMSG-17999]
    2023-06-18 16:57:11.898 : User is logged out of session	[MsgId: MMSG-17999]
  2023-06-18 16:59:08.140 : IterationNum=23	[MsgId: MMSG-17999]
   USER 23 = user73:pwd73	[MsgId: MMSG-17999]
    2023-06-18 16:59:08.234 : Start page is opened	[MsgId: MMSG-17999]
    2023-06-18 16:59:14.251 : User is logged in with session 136661.769785338HAcQfDQpHiDDDDDDtcVHHpcDiH	[MsgId: MMSG-17999]
    2023-06-18 16:59:19.051 : User is logged out of session	[MsgId: MMSG-17999]
  2023-06-18 17:01:14.141 : IterationNum=24	[MsgId: MMSG-17999]
   USER 24 = user73:pwd73	[MsgId: MMSG-17999]
    2023-06-18 17:01:14.235 : Start page is opened	[MsgId: MMSG-17999]
    2023-06-18 17:01:19.751 : User is logged in with session 136661.7799919HAcQftApDAiDDDDDtcVHHpctVif	[MsgId: MMSG-17999]
    2023-06-18 17:01:24.581 : User is logged out of session	[MsgId: MMSG-17999]
  2023-06-18 17:03:20.147 : IterationNum=25	[MsgId: MMSG-17999]
   USER 25 = user73:pwd73	[MsgId: MMSG-17999]
    2023-06-18 17:03:20.240 : Start page is opened	[MsgId: MMSG-17999]
    2023-06-18 17:03:25.992 : User is logged in with session 136661.790198461HAcQftApiDDDDDDDtcVHHpctf	[MsgId: MMSG-17999]
    2023-06-18 17:03:32.364 : User is logged out of session	[MsgId: MMSG-17999]
  2023-06-18 17:05:26.151 : IterationNum=26	[MsgId: MMSG-17999]
   USER 26 = user73:pwd73	[MsgId: MMSG-17999]
    2023-06-18 17:05:26.245 : Start page is opened	[MsgId: MMSG-17999]
    2023-06-18 17:05:32.128 : User is logged in with session 136661.800405022HAcQftVpDfiDDDDDtcVHHpctiVf	[MsgId: MMSG-17999]
    2023-06-18 17:05:36.623 : User is logged out of session	[MsgId: MMSG-17999]
  2023-06-18 17:07:32.166 : IterationNum=27	[MsgId: MMSG-17999]
   USER 27 = user73:pwd73	[MsgId: MMSG-17999]
    2023-06-18 17:07:32.254 : Start page is opened	[MsgId: MMSG-17999]
    2023-06-18 17:07:38.284 : User is logged in with session 136661.810611584HAcQftVpiiDDDDDDtcVHHpcfVD	[MsgId: MMSG-17999]
    2023-06-18 17:07:44.417 : User is logged out of session	[MsgId: MMSG-17999]
  2023-06-18 17:09:38.180 : IterationNum=28	[MsgId: MMSG-17999]
   USER 28 = user73:pwd73	[MsgId: MMSG-17999]
    2023-06-18 17:09:38.274 : Start page is opened	[MsgId: MMSG-17999]
    2023-06-18 17:09:42.618 : User is logged in with session 136661.820818145HAcQftcptAiDDDDDtcVHHpcfttf	[MsgId: MMSG-17999]
    2023-06-18 17:09:46.653 : User is logged out of session	[MsgId: MMSG-17999]
  2023-06-18 17:11:44.190 : IterationNum=29	[MsgId: MMSG-17999]
   USER 29 = user73:pwd73	[MsgId: MMSG-17999]
    2023-06-18 17:11:44.284 : Start page is opened	[MsgId: MMSG-17999]
    2023-06-18 17:11:49.364 : User is logged in with session 136661.831024706HAcQftcpQDDDDDDDtcVHHpcfHz	[MsgId: MMSG-17999]
    2023-06-18 17:11:54.165 : User is logged out of session	[MsgId: MMSG-17999]
  2023-06-18 17:13:50.197 : IterationNum=30	[MsgId: MMSG-17999]
   USER 30 = user73:pwd73	[MsgId: MMSG-17999]
    2023-06-18 17:13:50.291 : Start page is opened	[MsgId: MMSG-17999]
    2023-06-18 17:13:55.057 : User is logged in with session 136661.841231268HAcQftDptfiDDDDDtcVHHpczAHf	[MsgId: MMSG-17999]
    2023-06-18 17:14:00.481 : User is logged out of session	[MsgId: MMSG-17999]
  2023-06-18 17:15:56.198 : IterationNum=31	[MsgId: MMSG-17999]
   USER 31 = user73:pwd73	[MsgId: MMSG-17999]
    2023-06-18 17:15:56.293 : Start page is opened	[MsgId: MMSG-17999]
    2023-06-18 17:16:01.451 : User is logged in with session 136661.851437829HAcQftDpQiDDDDDDtcVHHpczDQ	[MsgId: MMSG-17999]
    2023-06-18 17:16:06.171 : User is logged out of session	[MsgId: MMSG-17999]
  2023-06-18 17:18:02.202 : IterationNum=32	[MsgId: MMSG-17999]
   USER 32 = user73:pwd73	[MsgId: MMSG-17999]
    2023-06-18 17:18:02.296 : Start page is opened	[MsgId: MMSG-17999]
    2023-06-18 17:18:07.142 : User is logged in with session 136661.86164439HAcQfttpfAiDDDDDtcVHHpczHAf	[MsgId: MMSG-17999]
    2023-06-18 17:18:11.879 : User is logged out of session	[MsgId: MMSG-17999]
