  2023-06-18 16:14:56.242 : IterationNum=1	[MsgId: MMSG-17999]
   USER 1 = user85:pwd85	[MsgId: MMSG-17999]
    2023-06-18 16:14:56.334 : Start page is opened	[MsgId: MMSG-17999]
    2023-06-18 16:15:00.717 : User is logged in with session 136661.554961523HAcQfcipHDDDDDDDtcVHHpVHct	[MsgId: MMSG-17999]
    2023-06-18 16:15:05.913 : User is logged out of session	[MsgId: MMSG-17999]
  2023-06-18 16:17:02.246 : IterationNum=2	[MsgId: MMSG-17999]
   USER 2 = user85:pwd85	[MsgId: MMSG-17999]
    2023-06-18 16:17:02.342 : Start page is opened	[MsgId: MMSG-17999]
    2023-06-18 16:17:07.871 : User is logged in with session 136661.565168084HAcQfcQpcfiDDDDDtcVHHpVHfff	[MsgId: MMSG-17999]
    2023-06-18 16:17:13.234 : User is logged out of session	[MsgId: MMSG-17999]
  2023-06-18 16:19:08.251 : IterationNum=3	[MsgId: MMSG-17999]
   USER 3 = user85:pwd85	[MsgId: MMSG-17999]
    2023-06-18 16:19:08.345 : Start page is opened	[MsgId: MMSG-17999]
    2023-06-18 16:19:14.315 : User is logged in with session 136661.575374646HAcQfcQpHiDDDDDDtcVHHpVHiH	[MsgId: MMSG-17999]
    2023-06-18 16:19:20.629 : User is logged out of session	[MsgId: MMSG-17999]
  2023-06-18 16:21:14.257 : IterationNum=4	[MsgId: MMSG-17999]
   USER 4 = user85:pwd85	[MsgId: MMSG-17999]
    2023-06-18 16:21:14.351 : Start page is opened	[MsgId: MMSG-17999]
    2023-06-18 16:21:19.557 : User is logged in with session 136661.585581207HAcQfDApDAiDDDDDtcVHHpViVif	[MsgId: MMSG-17999]
    2023-06-18 16:21:25.855 : User is logged out of session	[MsgId: MMSG-17999]
  2023-06-18 16:23:20.267 : IterationNum=5	[MsgId: MMSG-17999]
   USER 5 = user85:pwd85	[MsgId: MMSG-17999]
    2023-06-18 16:23:20.361 : Start page is opened	[MsgId: MMSG-17999]
    2023-06-18 16:23:26.286 : User is logged in with session 136661.595787768HAcQfDApiDDDDDDDtcVHHpVif	[MsgId: MMSG-17999]
    2023-06-18 16:23:31.882 : User is logged out of session	[MsgId: MMSG-17999]
  2023-06-18 16:25:26.273 : IterationNum=6	[MsgId: MMSG-17999]
   USER 6 = user85:pwd85	[MsgId: MMSG-17999]
    2023-06-18 16:25:26.368 : Start page is opened	[MsgId: MMSG-17999]
    2023-06-18 16:25:30.744 : User is logged in with session 136661.60599433HAcQfDVpDfiDDDDDtcVHHpViiVf	[MsgId: MMSG-17999]
    2023-06-18 16:25:36.129 : User is logged out of session	[MsgId: MMSG-17999]
  2023-06-18 16:27:32.288 : IterationNum=7	[MsgId: MMSG-17999]
   USER 7 = user85:pwd85	[MsgId: MMSG-17999]
    2023-06-18 16:27:32.382 : Start page is opened	[MsgId: MMSG-17999]
    2023-06-18 16:27:37.026 : User is logged in with session 136661.616200891HAcQfDVpiiDDDDDDtcVHHpVQVD	[MsgId: MMSG-17999]
    2023-06-18 16:27:41.118 : User is logged out of session	[MsgId: MMSG-17999]
  2023-06-18 16:29:38.304 : IterationNum=8	[MsgId: MMSG-17999]
   USER 8 = user85:pwd85	[MsgId: MMSG-17999]
    2023-06-18 16:29:38.398 : Start page is opened	[MsgId: MMSG-17999]
    2023-06-18 16:29:42.836 : User is logged in with session 136661.626407452HAcQfDcptAiDDDDDtcVHHpVQttf	[MsgId: MMSG-17999]
    2023-06-18 16:29:48.713 : User is logged out of session	[MsgId: MMSG-17999]
  2023-06-18 16:31:44.314 : IterationNum=9	[MsgId: MMSG-17999]
   USER 9 = user85:pwd85	[MsgId: MMSG-17999]
    2023-06-18 16:31:44.408 : Start page is opened	[MsgId: MMSG-17999]
    2023-06-18 16:31:50.348 : User is logged in with session 136661.636614014HAcQfDcpQDDDDDDDtcVHHpVQHz	[MsgId: MMSG-17999]
    2023-06-18 16:31:55.124 : User is logged out of session	[MsgId: MMSG-17999]
  2023-06-18 16:33:50.322 : IterationNum=10	[MsgId: MMSG-17999]
   USER 10 = user85:pwd85	[MsgId: MMSG-17999]
    2023-06-18 16:33:50.416 : Start page is opened	[MsgId: MMSG-17999]
    2023-06-18 16:33:55.089 : User is logged in with session 136661.646820575HAcQfDDptfiDDDDDtcVHHpcAAHf	[MsgId: MMSG-17999]
    2023-06-18 16:33:59.483 : User is logged out of session	[MsgId: MMSG-17999]
  2023-06-18 16:35:56.329 : IterationNum=11	[MsgId: MMSG-17999]
   USER 11 = user85:pwd85	[MsgId: MMSG-17999]
    2023-06-18 16:35:56.423 : Start page is opened	[MsgId: MMSG-17999]
    2023-06-18 16:36:01.721 : User is logged in with session 136661.657027137HAcQfDDpQiDDDDDDtcVHHpcADQ	[MsgId: MMSG-17999]
    2023-06-18 16:36:07.034 : User is logged out of session	[MsgId: MMSG-17999]
  2023-06-18 16:38:02.338 : IterationNum=12	[MsgId: MMSG-17999]
   USER 12 = user85:pwd85	[MsgId: MMSG-17999]
    2023-06-18 16:38:02.432 : Start page is opened	[MsgId: MMSG-17999]
    2023-06-18 16:38:08.110 : User is logged in with session 136661.667233698HAcQfDtpfAiDDDDDtcVHHpcAHAf	[MsgId: MMSG-17999]
    2023-06-18 16:38:12.075 : User is logged out of session	[MsgId: MMSG-17999]
  2023-06-18 16:40:08.348 : IterationNum=13	[MsgId: MMSG-17999]
   USER 13 = user85:pwd85	[MsgId: MMSG-17999]
    2023-06-18 16:40:08.442 : Start page is opened	[MsgId: MMSG-17999]
    2023-06-18 16:40:13.366 : User is logged in with session 136661.677440259HAcQfDfpADDDDDDDtcVHHpcVAc	[MsgId: MMSG-17999]
    2023-06-18 16:40:18.930 : User is logged out of session	[MsgId: MMSG-17999]
  2023-06-18 16:42:14.351 : IterationNum=14	[MsgId: MMSG-17999]
   USER 14 = user85:pwd85	[MsgId: MMSG-17999]
    2023-06-18 16:42:14.445 : Start page is opened	[MsgId: MMSG-17999]
    2023-06-18 16:42:20.086 : User is logged in with session 136661.687646821HAcQfDfpffiDDDDDtcVHHpcVDDf	[MsgId: MMSG-17999]
    2023-06-18 16:42:24.073 : User is logged out of session	[MsgId: MMSG-17999]
  2023-06-18 16:44:20.364 : IterationNum=15	[MsgId: MMSG-17999]
   USER 15 = user85:pwd85	[MsgId: MMSG-17999]
    2023-06-18 16:44:20.458 : Start page is opened	[MsgId: MMSG-17999]
    2023-06-18 16:44:24.807 : User is logged in with session 136661.697853382HAcQfDzpAiDDDDDDtcVHHpcVzf	[MsgId: MMSG-17999]
    2023-06-18 16:44:30.464 : User is logged out of session	[MsgId: MMSG-17999]
  2023-06-18 16:46:26.379 : IterationNum=16	[MsgId: MMSG-17999]
   USER 16 = user85:pwd85	[MsgId: MMSG-17999]
    2023-06-18 16:46:26.473 : Start page is opened	[MsgId: MMSG-17999]
    2023-06-18 16:46:31.950 : User is logged in with session 136661.708059943HAcQfDzpzAiDDDDDtcVHHpcVQzf	[MsgId: MMSG-17999]
    2023-06-18 16:46:36.401 : User is logged out of session	[MsgId: MMSG-17999]
  2023-06-18 16:48:32.386 : IterationNum=17	[MsgId: MMSG-17999]
   USER 17 = user85:pwd85	[MsgId: MMSG-17999]
    2023-06-18 16:48:32.480 : Start page is opened	[MsgId: MMSG-17999]
    2023-06-18 16:48:37.073 : User is logged in with session 136661.718266505HAcQfDHpVDDDDDDDtcVHHpccci	[MsgId: MMSG-17999]
    2023-06-18 16:48:41.185 : User is logged out of session	[MsgId: MMSG-17999]
  2023-06-18 16:50:38.389 : IterationNum=18	[MsgId: MMSG-17999]
   USER 18 = user85:pwd85	[MsgId: MMSG-17999]
    2023-06-18 16:50:38.483 : Start page is opened	[MsgId: MMSG-17999]
    2023-06-18 16:50:43.093 : User is logged in with session 136661.728473066HAcQfDHpzfiDDDDDtcVHHpccfQf	[MsgId: MMSG-17999]
    2023-06-18 16:50:47.376 : User is logged out of session	[MsgId: MMSG-17999]
  2023-06-18 16:52:44.397 : IterationNum=19	[MsgId: MMSG-17999]
   USER 19 = user85:pwd85	[MsgId: MMSG-17999]
    2023-06-18 16:52:44.491 : Start page is opened	[MsgId: MMSG-17999]
    2023-06-18 16:52:48.789 : User is logged in with session 136661.738679627HAcQfDipViDDDDDDtcVHHpccQV	[MsgId: MMSG-17999]
    2023-06-18 16:52:54.917 : User is logged out of session	[MsgId: MMSG-17999]
  2023-06-18 16:54:50.402 : IterationNum=20	[MsgId: MMSG-17999]
   USER 20 = user85:pwd85	[MsgId: MMSG-17999]
    2023-06-18 16:54:50.496 : Start page is opened	[MsgId: MMSG-17999]
    2023-06-18 16:54:54.889 : User is logged in with session 136661.748886189HAcQfDipHAiDDDDDtcVHHpcDccf	[MsgId: MMSG-17999]
    2023-06-18 16:54:58.842 : User is logged out of session	[MsgId: MMSG-17999]
  2023-06-18 16:56:56.410 : IterationNum=21	[MsgId: MMSG-17999]
   USER 21 = user85:pwd85	[MsgId: MMSG-17999]
    2023-06-18 16:56:56.504 : Start page is opened	[MsgId: MMSG-17999]
    2023-06-18 16:57:02.475 : User is logged in with session 136661.75909275HAcQfDQpcDDDDDDDtcVHHpcDft	[MsgId: MMSG-17999]
    2023-06-18 16:57:07.024 : User is logged out of session	[MsgId: MMSG-17999]
  2023-06-18 16:59:02.420 : IterationNum=22	[MsgId: MMSG-17999]
   USER 22 = user85:pwd85	[MsgId: MMSG-17999]
    2023-06-18 16:59:02.514 : Start page is opened	[MsgId: MMSG-17999]
    2023-06-18 16:59:08.061 : User is logged in with session 136661.769299311HAcQfDQpHfiDDDDDtcVHHpcDiff	[MsgId: MMSG-17999]
    2023-06-18 16:59:13.141 : User is logged out of session	[MsgId: MMSG-17999]
  2023-06-18 17:01:08.420 : IterationNum=23	[MsgId: MMSG-17999]
   USER 23 = user85:pwd85	[MsgId: MMSG-17999]
    2023-06-18 17:01:08.514 : Start page is opened	[MsgId: MMSG-17999]
    2023-06-18 17:01:13.096 : User is logged in with session 136661.779505873HAcQftApciDDDDDDtcVHHpctVH	[MsgId: MMSG-17999]
    2023-06-18 17:01:18.344 : User is logged out of session	[MsgId: MMSG-17999]
  2023-06-18 17:03:14.427 : IterationNum=24	[MsgId: MMSG-17999]
   USER 24 = user85:pwd85	[MsgId: MMSG-17999]
    2023-06-18 17:03:14.520 : Start page is opened	[MsgId: MMSG-17999]
    2023-06-18 17:03:18.646 : User is logged in with session 136661.789712434HAcQftApiAiDDDDDtcVHHpcttif	[MsgId: MMSG-17999]
    2023-06-18 17:03:23.163 : User is logged out of session	[MsgId: MMSG-17999]
  2023-06-18 17:05:20.432 : IterationNum=25	[MsgId: MMSG-17999]
   USER 25 = user85:pwd85	[MsgId: MMSG-17999]
    2023-06-18 17:05:20.525 : Start page is opened	[MsgId: MMSG-17999]
    2023-06-18 17:05:26.685 : User is logged in with session 136661.799918996HAcQftVpDDDDDDDDtcVHHpcti	[MsgId: MMSG-17999]
    2023-06-18 17:05:30.575 : User is logged out of session	[MsgId: MMSG-17999]
  2023-06-18 17:07:26.447 : IterationNum=26	[MsgId: MMSG-17999]
   USER 26 = user85:pwd85	[MsgId: MMSG-17999]
    2023-06-18 17:07:26.541 : Start page is opened	[MsgId: MMSG-17999]
    2023-06-18 17:07:30.936 : User is logged in with session 136661.810125557HAcQftVpifiDDDDDtcVHHpcfVVf	[MsgId: MMSG-17999]
    2023-06-18 17:07:34.987 : User is logged out of session	[MsgId: MMSG-17999]
  2023-06-18 17:09:32.458 : IterationNum=27	[MsgId: MMSG-17999]
   USER 27 = user85:pwd85	[MsgId: MMSG-17999]
    2023-06-18 17:09:32.552 : Start page is opened	[MsgId: MMSG-17999]
    2023-06-18 17:09:38.933 : User is logged in with session 136661.820332118HAcQftcpDiDDDDDDtcVHHpcftD	[MsgId: MMSG-17999]
    2023-06-18 17:09:44.043 : User is logged out of session	[MsgId: MMSG-17999]
  2023-06-18 17:11:38.470 : IterationNum=28	[MsgId: MMSG-17999]
   USER 28 = user85:pwd85	[MsgId: MMSG-17999]
    2023-06-18 17:11:38.564 : Start page is opened	[MsgId: MMSG-17999]
    2023-06-18 17:11:44.331 : User is logged in with session 136661.83053868HAcQftcpQAiDDDDDtcVHHpcfHtf	[MsgId: MMSG-17999]
    2023-06-18 17:11:50.614 : User is logged out of session	[MsgId: MMSG-17999]
  2023-06-18 17:13:44.477 : IterationNum=29	[MsgId: MMSG-17999]
   USER 29 = user85:pwd85	[MsgId: MMSG-17999]
    2023-06-18 17:13:44.571 : Start page is opened	[MsgId: MMSG-17999]
    2023-06-18 17:13:48.994 : User is logged in with session 136661.840745241HAcQftDptDDDDDDDtcVHHpczAz	[MsgId: MMSG-17999]
    2023-06-18 17:13:54.869 : User is logged out of session	[MsgId: MMSG-17999]
  2023-06-18 17:15:50.493 : IterationNum=30	[MsgId: MMSG-17999]
   USER 30 = user85:pwd85	[MsgId: MMSG-17999]
    2023-06-18 17:15:50.587 : Start page is opened	[MsgId: MMSG-17999]
    2023-06-18 17:15:55.073 : User is logged in with session 136661.850951802HAcQftDpQfiDDDDDtcVHHpczDHf	[MsgId: MMSG-17999]
    2023-06-18 17:15:59.621 : User is logged out of session	[MsgId: MMSG-17999]
  2023-06-18 17:17:56.498 : IterationNum=31	[MsgId: MMSG-17999]
   USER 31 = user85:pwd85	[MsgId: MMSG-17999]
    2023-06-18 17:17:56.592 : Start page is opened	[MsgId: MMSG-17999]
    2023-06-18 17:18:02.031 : User is logged in with session 136661.861158364HAcQfttptiDDDDDDtcVHHpczzQ	[MsgId: MMSG-17999]
    2023-06-18 17:18:06.813 : User is logged out of session	[MsgId: MMSG-17999]
