  2023-06-18 16:11:45.816 : IterationNum=1	[MsgId: MMSG-17999]
   USER 1 = user66:pwd66	[MsgId: MMSG-17999]
    2023-06-18 16:11:45.909 : Start page is opened	[MsgId: MMSG-17999]
    2023-06-18 16:11:51.786 : User is logged in with session 136661.539489672HAcQfcHpQDHftcVHHpVzHzcf	[MsgId: MMSG-17999]
    2023-06-18 16:11:56.528 : User is logged out of session	[MsgId: MMSG-17999]
  2023-06-18 16:13:51.820 : IterationNum=2	[MsgId: MMSG-17999]
   USER 2 = user66:pwd66	[MsgId: MMSG-17999]
    2023-06-18 16:13:51.914 : Start page is opened	[MsgId: MMSG-17999]
    2023-06-18 16:13:58.303 : User is logged in with session 136661.549696233HAcQfciptzcftcVHHpVHAHHf	[MsgId: MMSG-17999]
    2023-06-18 16:14:02.450 : User is logged out of session	[MsgId: MMSG-17999]
  2023-06-18 16:15:57.827 : IterationNum=3	[MsgId: MMSG-17999]
   USER 3 = user66:pwd66	[MsgId: MMSG-17999]
    2023-06-18 16:15:57.922 : Start page is opened	[MsgId: MMSG-17999]
    2023-06-18 16:16:03.440 : User is logged in with session 136661.559902795HAcQfcipQiHftcVHHpVHDQcf	[MsgId: MMSG-17999]
    2023-06-18 16:16:07.779 : User is logged out of session	[MsgId: MMSG-17999]
  2023-06-18 16:18:03.844 : IterationNum=4	[MsgId: MMSG-17999]
   USER 4 = user66:pwd66	[MsgId: MMSG-17999]
    2023-06-18 16:18:03.938 : Start page is opened	[MsgId: MMSG-17999]
    2023-06-18 16:18:09.299 : User is logged in with session 136661.570109356HAcQfcQpfVcftcVHHpVHHAHf	[MsgId: MMSG-17999]
    2023-06-18 16:18:15.331 : User is logged out of session	[MsgId: MMSG-17999]
  2023-06-18 16:20:09.854 : IterationNum=5	[MsgId: MMSG-17999]
   USER 5 = user66:pwd66	[MsgId: MMSG-17999]
    2023-06-18 16:20:09.948 : Start page is opened	[MsgId: MMSG-17999]
    2023-06-18 16:20:16.043 : User is logged in with session 136661.580315917HAcQfDApADHftcVHHpViAccf	[MsgId: MMSG-17999]
    2023-06-18 16:20:21.691 : User is logged out of session	[MsgId: MMSG-17999]
  2023-06-18 16:22:15.861 : IterationNum=6	[MsgId: MMSG-17999]
   USER 6 = user66:pwd66	[MsgId: MMSG-17999]
    2023-06-18 16:22:15.955 : Start page is opened	[MsgId: MMSG-17999]
    2023-06-18 16:22:21.801 : User is logged in with session 136661.590522479HAcQfDApfzcftcVHHpViDDHf	[MsgId: MMSG-17999]
    2023-06-18 16:22:27.834 : User is logged out of session	[MsgId: MMSG-17999]
  2023-06-18 16:24:21.871 : IterationNum=7	[MsgId: MMSG-17999]
   USER 7 = user66:pwd66	[MsgId: MMSG-17999]
    2023-06-18 16:24:21.965 : Start page is opened	[MsgId: MMSG-17999]
    2023-06-18 16:24:27.342 : User is logged in with session 136661.60072904HAcQfDVpAiHftcVHHpVizfcf	[MsgId: MMSG-17999]
    2023-06-18 16:24:31.266 : User is logged out of session	[MsgId: MMSG-17999]
  2023-06-18 16:26:27.874 : IterationNum=8	[MsgId: MMSG-17999]
   USER 8 = user66:pwd66	[MsgId: MMSG-17999]
    2023-06-18 16:26:27.968 : Start page is opened	[MsgId: MMSG-17999]
    2023-06-18 16:26:32.898 : User is logged in with session 136661.610935601HAcQfDVpzVcftcVHHpViQzHf	[MsgId: MMSG-17999]
    2023-06-18 16:26:37.948 : User is logged out of session	[MsgId: MMSG-17999]
  2023-06-18 16:28:33.883 : IterationNum=9	[MsgId: MMSG-17999]
   USER 9 = user66:pwd66	[MsgId: MMSG-17999]
    2023-06-18 16:28:33.977 : Start page is opened	[MsgId: MMSG-17999]
    2023-06-18 16:28:38.294 : User is logged in with session 136661.621142163HAcQfDcpVDHftcVHHpVQcicf	[MsgId: MMSG-17999]
    2023-06-18 16:28:43.985 : User is logged out of session	[MsgId: MMSG-17999]
  2023-06-18 16:30:39.892 : IterationNum=10	[MsgId: MMSG-17999]
   USER 10 = user66:pwd66	[MsgId: MMSG-17999]
    2023-06-18 16:30:39.986 : Start page is opened	[MsgId: MMSG-17999]
    2023-06-18 16:30:44.846 : User is logged in with session 136661.631348724HAcQfDcpzzcftcVHHpVQfQHf	[MsgId: MMSG-17999]
    2023-06-18 16:30:49.894 : User is logged out of session	[MsgId: MMSG-17999]
  2023-06-18 16:32:45.907 : IterationNum=11	[MsgId: MMSG-17999]
   USER 11 = user66:pwd66	[MsgId: MMSG-17999]
    2023-06-18 16:32:46.001 : Start page is opened	[MsgId: MMSG-17999]
    2023-06-18 16:32:51.723 : User is logged in with session 136661.641555286HAcQfDDpViHftcVHHpVQQVcf	[MsgId: MMSG-17999]
    2023-06-18 16:32:56.066 : User is logged out of session	[MsgId: MMSG-17999]
  2023-06-18 16:34:51.910 : IterationNum=12	[MsgId: MMSG-17999]
   USER 12 = user66:pwd66	[MsgId: MMSG-17999]
    2023-06-18 16:34:52.004 : Start page is opened	[MsgId: MMSG-17999]
    2023-06-18 16:34:56.879 : User is logged in with session 136661.651761847HAcQfDDpHVcftcVHHpcAccHf	[MsgId: MMSG-17999]
    2023-06-18 16:35:02.930 : User is logged out of session	[MsgId: MMSG-17999]
  2023-06-18 16:36:57.912 : IterationNum=13	[MsgId: MMSG-17999]
   USER 13 = user66:pwd66	[MsgId: MMSG-17999]
    2023-06-18 16:36:58.006 : Start page is opened	[MsgId: MMSG-17999]
    2023-06-18 16:37:02.413 : User is logged in with session 136661.661968408HAcQfDtpcDHftcVHHpcAftcf	[MsgId: MMSG-17999]
    2023-06-18 16:37:08.070 : User is logged out of session	[MsgId: MMSG-17999]
  2023-06-18 16:39:03.918 : IterationNum=14	[MsgId: MMSG-17999]
   USER 14 = user66:pwd66	[MsgId: MMSG-17999]
    2023-06-18 16:39:04.012 : Start page is opened	[MsgId: MMSG-17999]
    2023-06-18 16:39:10.138 : User is logged in with session 136661.67217497HAcQfDtpHzcftcVHHpcAifHf	[MsgId: MMSG-17999]
    2023-06-18 16:39:16.359 : User is logged out of session	[MsgId: MMSG-17999]
  2023-06-18 16:41:09.920 : IterationNum=15	[MsgId: MMSG-17999]
   USER 15 = user66:pwd66	[MsgId: MMSG-17999]
    2023-06-18 16:41:10.014 : Start page is opened	[MsgId: MMSG-17999]
    2023-06-18 16:41:14.532 : User is logged in with session 136661.682381531HAcQfDfpciHftcVHHpcVVHcf	[MsgId: MMSG-17999]
    2023-06-18 16:41:19.577 : User is logged out of session	[MsgId: MMSG-17999]
  2023-06-18 16:43:15.928 : IterationNum=16	[MsgId: MMSG-17999]
   USER 16 = user66:pwd66	[MsgId: MMSG-17999]
    2023-06-18 16:43:16.022 : Start page is opened	[MsgId: MMSG-17999]
    2023-06-18 16:43:21.290 : User is logged in with session 136661.692588092HAcQfDfpiVcftcVHHpcVtiHf	[MsgId: MMSG-17999]
    2023-06-18 16:43:25.713 : User is logged out of session	[MsgId: MMSG-17999]
  2023-06-18 16:45:21.931 : IterationNum=17	[MsgId: MMSG-17999]
   USER 17 = user66:pwd66	[MsgId: MMSG-17999]
    2023-06-18 16:45:22.025 : Start page is opened	[MsgId: MMSG-17999]
    2023-06-18 16:45:27.588 : User is logged in with session 136661.702794654HAcQfDzpDDHftcVHHpcViAcf	[MsgId: MMSG-17999]
    2023-06-18 16:45:33.638 : User is logged out of session	[MsgId: MMSG-17999]
  2023-06-18 16:47:27.940 : IterationNum=18	[MsgId: MMSG-17999]
   USER 18 = user66:pwd66	[MsgId: MMSG-17999]
    2023-06-18 16:47:28.034 : Start page is opened	[MsgId: MMSG-17999]
    2023-06-18 16:47:33.568 : User is logged in with session 136661.713001215HAcQfDzpizcftcVHHpccVVHf	[MsgId: MMSG-17999]
    2023-06-18 16:47:37.631 : User is logged out of session	[MsgId: MMSG-17999]
  2023-06-18 16:49:33.949 : IterationNum=19	[MsgId: MMSG-17999]
   USER 19 = user66:pwd66	[MsgId: MMSG-17999]
    2023-06-18 16:49:34.043 : Start page is opened	[MsgId: MMSG-17999]
    2023-06-18 16:49:39.717 : User is logged in with session 136661.723207776HAcQfDHpDiHftcVHHpcctDcf	[MsgId: MMSG-17999]
    2023-06-18 16:49:44.594 : User is logged out of session	[MsgId: MMSG-17999]
  2023-06-18 16:51:39.951 : IterationNum=20	[MsgId: MMSG-17999]
   USER 20 = user66:pwd66	[MsgId: MMSG-17999]
    2023-06-18 16:51:40.044 : Start page is opened	[MsgId: MMSG-17999]
    2023-06-18 16:51:45.735 : User is logged in with session 136661.733414338HAcQfDHpQVcftcVHHpccHtHf	[MsgId: MMSG-17999]
    2023-06-18 16:51:51.141 : User is logged out of session	[MsgId: MMSG-17999]
  2023-06-18 16:53:45.958 : IterationNum=21	[MsgId: MMSG-17999]
   USER 21 = user66:pwd66	[MsgId: MMSG-17999]
    2023-06-18 16:53:46.052 : Start page is opened	[MsgId: MMSG-17999]
    2023-06-18 16:53:52.243 : User is logged in with session 136661.743620899HAcQfDiptDHftcVHHpcDAzcf	[MsgId: MMSG-17999]
    2023-06-18 16:53:58.463 : User is logged out of session	[MsgId: MMSG-17999]
  2023-06-18 16:55:51.973 : IterationNum=22	[MsgId: MMSG-17999]
   USER 22 = user66:pwd66	[MsgId: MMSG-17999]
    2023-06-18 16:55:52.067 : Start page is opened	[MsgId: MMSG-17999]
    2023-06-18 16:55:56.709 : User is logged in with session 136661.753827461HAcQfDipQzcftcVHHpcDDHHf	[MsgId: MMSG-17999]
    2023-06-18 16:56:01.414 : User is logged out of session	[MsgId: MMSG-17999]
  2023-06-18 16:57:57.977 : IterationNum=23	[MsgId: MMSG-17999]
   USER 23 = user66:pwd66	[MsgId: MMSG-17999]
    2023-06-18 16:57:58.071 : Start page is opened	[MsgId: MMSG-17999]
    2023-06-18 16:58:04.140 : User is logged in with session 136661.764034022HAcQfDQptiHftcVHHpcDzQcf	[MsgId: MMSG-17999]
    2023-06-18 16:58:08.078 : User is logged out of session	[MsgId: MMSG-17999]
  2023-06-18 17:00:03.986 : IterationNum=24	[MsgId: MMSG-17999]
   USER 24 = user66:pwd66	[MsgId: MMSG-17999]
    2023-06-18 17:00:04.080 : Start page is opened	[MsgId: MMSG-17999]
    2023-06-18 17:00:10.243 : User is logged in with session 136661.774321588HAcQftApAVzzzzzHtcVHHpctAV	[MsgId: MMSG-17999]
    2023-06-18 17:00:15.021 : User is logged out of session	[MsgId: MMSG-17999]
  2023-06-18 17:02:09.993 : IterationNum=25	[MsgId: MMSG-17999]
   USER 25 = user66:pwd66	[MsgId: MMSG-17999]
    2023-06-18 17:02:10.087 : Start page is opened	[MsgId: MMSG-17999]
    2023-06-18 17:02:14.376 : User is logged in with session 136661.784528149HAcQftApftVzzzzHtcVHHpctDcf	[MsgId: MMSG-17999]
    2023-06-18 17:02:18.908 : User is logged out of session	[MsgId: MMSG-17999]
  2023-06-18 17:04:16.004 : IterationNum=26	[MsgId: MMSG-17999]
   USER 26 = user66:pwd66	[MsgId: MMSG-17999]
    2023-06-18 17:04:16.098 : Start page is opened	[MsgId: MMSG-17999]
    2023-06-18 17:04:21.445 : User is logged in with session 136661.79473471HAcQftVpAzzzzzzHtcVHHpctzt	[MsgId: MMSG-17999]
    2023-06-18 17:04:27.243 : User is logged out of session	[MsgId: MMSG-17999]
  2023-06-18 17:06:22.017 : IterationNum=27	[MsgId: MMSG-17999]
   USER 27 = user66:pwd66	[MsgId: MMSG-17999]
    2023-06-18 17:06:22.111 : Start page is opened	[MsgId: MMSG-17999]
    2023-06-18 17:06:27.223 : User is logged in with session 136661.804941272HAcQftVpfQVzzzzHtcVHHpctQff	[MsgId: MMSG-17999]
    2023-06-18 17:06:31.706 : User is logged out of session	[MsgId: MMSG-17999]
  2023-06-18 17:08:28.029 : IterationNum=28	[MsgId: MMSG-17999]
   USER 28 = user66:pwd66	[MsgId: MMSG-17999]
    2023-06-18 17:08:28.123 : Start page is opened	[MsgId: MMSG-17999]
    2023-06-18 17:08:32.086 : User is logged in with session 136661.815147833HAcQftcpVVzzzzzHtcVHHpcfcH	[MsgId: MMSG-17999]
    2023-06-18 17:08:37.764 : User is logged out of session	[MsgId: MMSG-17999]
  2023-06-18 17:10:34.029 : IterationNum=29	[MsgId: MMSG-17999]
   USER 29 = user66:pwd66	[MsgId: MMSG-17999]
    2023-06-18 17:10:34.124 : Start page is opened	[MsgId: MMSG-17999]
    2023-06-18 17:10:39.985 : User is logged in with session 136661.825354395HAcQftcpztVzzzzHtcVHHpcffif	[MsgId: MMSG-17999]
    2023-06-18 17:10:46.128 : User is logged out of session	[MsgId: MMSG-17999]
  2023-06-18 17:12:40.030 : IterationNum=30	[MsgId: MMSG-17999]
   USER 30 = user66:pwd66	[MsgId: MMSG-17999]
    2023-06-18 17:12:40.124 : Start page is opened	[MsgId: MMSG-17999]
    2023-06-18 17:12:44.516 : User is logged in with session 136661.835560956HAcQftDpVzzzzzzHtcVHHpcfQ	[MsgId: MMSG-17999]
    2023-06-18 17:12:49.602 : User is logged out of session	[MsgId: MMSG-17999]
  2023-06-18 17:14:46.036 : IterationNum=31	[MsgId: MMSG-17999]
   USER 31 = user66:pwd66	[MsgId: MMSG-17999]
    2023-06-18 17:14:46.131 : Start page is opened	[MsgId: MMSG-17999]
    2023-06-18 17:14:51.006 : User is logged in with session 136661.845767517HAcQftDpzQVzzzzHtcVHHpczcVf	[MsgId: MMSG-17999]
    2023-06-18 17:14:56.539 : User is logged out of session	[MsgId: MMSG-17999]
  2023-06-18 17:16:52.038 : IterationNum=32	[MsgId: MMSG-17999]
   USER 32 = user66:pwd66	[MsgId: MMSG-17999]
    2023-06-18 17:16:52.131 : Start page is opened	[MsgId: MMSG-17999]
    2023-06-18 17:16:58.291 : User is logged in with session 136661.855974079HAcQfttpcVzzzzzHtcVHHpczfD	[MsgId: MMSG-17999]
    2023-06-18 17:17:02.338 : User is logged out of session	[MsgId: MMSG-17999]
