  2023-06-18 16:10:56.206 : IterationNum=1	[MsgId: MMSG-17999]
   USER 1 = user31:pwd31	[MsgId: MMSG-17999]
    2023-06-18 16:10:56.307 : Start page is opened	[MsgId: MMSG-17999]
    2023-06-18 16:11:02.263 : User is logged in with session 136661.535520454HAcQfcHpHDDDDDDDtcVHHpVzzt	[MsgId: MMSG-17999]
    2023-06-18 16:11:06.827 : Search page opened	[MsgId: MMSG-17999]
    2023-06-18 16:11:19.944 : Flights found : 053;326;06/21/2023 and 501;355;06/18/2023	[MsgId: MMSG-17999]
    2023-06-18 16:11:19.944 : Sity depart : Denver, Sity arrive : Portland	[MsgId: MMSG-17999]
    2023-06-18 16:11:28.271 : Found Seat Type : Business, Seat Pref : None	[MsgId: MMSG-17999]
    2023-06-18 16:11:32.294 : User is logged out of session	[MsgId: MMSG-17999]
  2023-06-18 16:13:36.208 : IterationNum=2	[MsgId: MMSG-17999]
   USER 2 = user32:pwd32	[MsgId: MMSG-17999]
    2023-06-18 16:13:36.303 : Start page is opened	[MsgId: MMSG-17999]
    2023-06-18 16:13:40.653 : User is logged in with session 136661.548481166HAcQfcipttcVHHpVHAt	[MsgId: MMSG-17999]
    2023-06-18 16:13:44.597 : Search page opened	[MsgId: MMSG-17999]
    2023-06-18 16:13:56.491 : Flights found : 702;401;06/21/2023 and 070;424;06/18/2023	[MsgId: MMSG-17999]
    2023-06-18 16:13:56.491 : Sity depart : Seattle, Sity arrive : Denver	[MsgId: MMSG-17999]
    2023-06-18 16:14:04.835 : Found Seat Type : Business, Seat Pref : Aisle	[MsgId: MMSG-17999]
    2023-06-18 16:14:10.743 : User is logged out of session	[MsgId: MMSG-17999]
  2023-06-18 16:16:16.215 : IterationNum=3	[MsgId: MMSG-17999]
   USER 3 = user33:pwd33	[MsgId: MMSG-17999]
    2023-06-18 16:16:16.309 : Start page is opened	[MsgId: MMSG-17999]
    2023-06-18 16:16:21.357 : User is logged in with session 136661.561441879HAcQfcQpAzzzzzzHtcVHHpVHtt	[MsgId: MMSG-17999]
    2023-06-18 16:16:26.575 : Search page opened	[MsgId: MMSG-17999]
    2023-06-18 16:16:42.635 : Flights found : 341;566;06/21/2023 and 431;566;06/18/2023	[MsgId: MMSG-17999]
    2023-06-18 16:16:42.636 : Sity depart : Los Angeles, Sity arrive : Paris	[MsgId: MMSG-17999]
    2023-06-18 16:16:52.100 : Found Seat Type : Business, Seat Pref : Aisle	[MsgId: MMSG-17999]
    2023-06-18 16:16:56.924 : User is logged out of session	[MsgId: MMSG-17999]
  2023-06-18 16:18:56.216 : IterationNum=4	[MsgId: MMSG-17999]
   USER 4 = user33:pwd33	[MsgId: MMSG-17999]
    2023-06-18 16:18:56.310 : Start page is opened	[MsgId: MMSG-17999]
    2023-06-18 16:19:00.788 : User is logged in with session 136661.574402592HAcQfcQpHDDDDDDDtcVHHpVHit	[MsgId: MMSG-17999]
    2023-06-18 16:19:06.188 : Search page opened	[MsgId: MMSG-17999]
    2023-06-18 16:19:19.579 : Flights found : 013;458;06/21/2023 and 101;498;06/18/2023	[MsgId: MMSG-17999]
    2023-06-18 16:19:19.579 : Sity depart : Denver, Sity arrive : Frankfurt	[MsgId: MMSG-17999]
    2023-06-18 16:19:30.096 : Found Seat Type : Business, Seat Pref : None	[MsgId: MMSG-17999]
    2023-06-18 16:19:36.101 : User is logged out of session	[MsgId: MMSG-17999]
  2023-06-18 16:21:36.227 : IterationNum=5	[MsgId: MMSG-17999]
   USER 5 = user33:pwd33	[MsgId: MMSG-17999]
    2023-06-18 16:21:36.321 : Start page is opened	[MsgId: MMSG-17999]
    2023-06-18 16:21:40.635 : User is logged in with session 136661.587363305HAcQfDApttcVHHpVict	[MsgId: MMSG-17999]
    2023-06-18 16:21:45.651 : Search page opened	[MsgId: MMSG-17999]
    2023-06-18 16:21:58.645 : Flights found : 103;592;06/21/2023 and 012;684;06/18/2023	[MsgId: MMSG-17999]
    2023-06-18 16:21:58.645 : Sity depart : Frankfurt, Sity arrive : Denver	[MsgId: MMSG-17999]
    2023-06-18 16:22:06.195 : Found Seat Type : First, Seat Pref : Aisle	[MsgId: MMSG-17999]
    2023-06-18 16:22:11.469 : User is logged out of session	[MsgId: MMSG-17999]
  2023-06-18 16:24:16.228 : IterationNum=6	[MsgId: MMSG-17999]
   USER 6 = user33:pwd33	[MsgId: MMSG-17999]
    2023-06-18 16:24:16.323 : Start page is opened	[MsgId: MMSG-17999]
    2023-06-18 16:24:20.904 : User is logged in with session 136661.600324018HAcQfDVpAzzzzzzHtcVHHpVizt	[MsgId: MMSG-17999]
    2023-06-18 16:24:25.390 : Search page opened	[MsgId: MMSG-17999]
    2023-06-18 16:24:43.867 : Flights found : 011;498;06/21/2023 and 100;559;06/18/2023	[MsgId: MMSG-17999]
    2023-06-18 16:24:43.867 : Sity depart : Denver, Sity arrive : Frankfurt	[MsgId: MMSG-17999]
    2023-06-18 16:24:56.368 : Found Seat Type : Business, Seat Pref : Window	[MsgId: MMSG-17999]
    2023-06-18 16:25:00.814 : User is logged out of session	[MsgId: MMSG-17999]
  2023-06-18 16:26:56.230 : IterationNum=7	[MsgId: MMSG-17999]
   USER 7 = user33:pwd33	[MsgId: MMSG-17999]
    2023-06-18 16:26:56.324 : Start page is opened	[MsgId: MMSG-17999]
    2023-06-18 16:27:02.172 : User is logged in with session 136661.613284731HAcQfDVpHDDDDDDDtcVHHpVQAt	[MsgId: MMSG-17999]
    2023-06-18 16:27:07.170 : Search page opened	[MsgId: MMSG-17999]
    2023-06-18 16:27:21.097 : Flights found : 271;503;06/21/2023 and 723;462;06/18/2023	[MsgId: MMSG-17999]
    2023-06-18 16:27:21.097 : Sity depart : London, Sity arrive : Seattle	[MsgId: MMSG-17999]
    2023-06-18 16:27:32.468 : Found Seat Type : Coach, Seat Pref : Aisle	[MsgId: MMSG-17999]
    2023-06-18 16:27:38.602 : User is logged out of session	[MsgId: MMSG-17999]
  2023-06-18 16:29:36.241 : IterationNum=8	[MsgId: MMSG-17999]
   USER 8 = user33:pwd33	[MsgId: MMSG-17999]
    2023-06-18 16:29:36.335 : Start page is opened	[MsgId: MMSG-17999]
    2023-06-18 16:29:41.524 : User is logged in with session 136661.626245444HAcQfDcpttcVHHpVQtt	[MsgId: MMSG-17999]
    2023-06-18 16:29:46.494 : Search page opened	[MsgId: MMSG-17999]
    2023-06-18 16:30:00.396 : Flights found : 653;90;06/21/2023 and 562;104;06/18/2023	[MsgId: MMSG-17999]
    2023-06-18 16:30:00.396 : Sity depart : San Francisco, Sity arrive : Portland	[MsgId: MMSG-17999]
    2023-06-18 16:30:12.554 : Found Seat Type : Business, Seat Pref : None	[MsgId: MMSG-17999]
    2023-06-18 16:30:16.532 : User is logged out of session	[MsgId: MMSG-17999]
  2023-06-18 16:32:16.242 : IterationNum=9	[MsgId: MMSG-17999]
   USER 9 = user33:pwd33	[MsgId: MMSG-17999]
    2023-06-18 16:32:16.336 : Start page is opened	[MsgId: MMSG-17999]
    2023-06-18 16:32:22.555 : User is logged in with session 136661.639206156HAcQfDDpAzzzzzzHtcVHHpVQit	[MsgId: MMSG-17999]
    2023-06-18 16:32:27.291 : Search page opened	[MsgId: MMSG-17999]
    2023-06-18 16:32:42.992 : Flights found : 742;820;06/21/2023 and 473;709;06/18/2023	[MsgId: MMSG-17999]
    2023-06-18 16:32:42.992 : Sity depart : Seattle, Sity arrive : Paris	[MsgId: MMSG-17999]
    2023-06-18 16:32:53.855 : Found Seat Type : Business, Seat Pref : None	[MsgId: MMSG-17999]
    2023-06-18 16:32:58.914 : User is logged out of session	[MsgId: MMSG-17999]
  2023-06-18 16:34:56.254 : IterationNum=10	[MsgId: MMSG-17999]
   USER 10 = user33:pwd33	[MsgId: MMSG-17999]
    2023-06-18 16:34:56.348 : Start page is opened	[MsgId: MMSG-17999]
    2023-06-18 16:35:00.915 : User is logged in with session 136661.652166869HAcQfDDpHDDDDDDDtcVHHpcAct	[MsgId: MMSG-17999]
    2023-06-18 16:35:05.649 : Search page opened	[MsgId: MMSG-17999]
    2023-06-18 16:35:22.856 : Flights found : 763;103;06/21/2023 and 670;126;06/18/2023	[MsgId: MMSG-17999]
    2023-06-18 16:35:22.856 : Sity depart : Seattle, Sity arrive : San Francisco	[MsgId: MMSG-17999]
    2023-06-18 16:35:32.113 : Found Seat Type : Business, Seat Pref : None	[MsgId: MMSG-17999]
    2023-06-18 16:35:38.226 : User is logged out of session	[MsgId: MMSG-17999]
  2023-06-18 16:37:36.265 : IterationNum=11	[MsgId: MMSG-17999]
   USER 11 = user33:pwd33	[MsgId: MMSG-17999]
    2023-06-18 16:37:36.359 : Start page is opened	[MsgId: MMSG-17999]
    2023-06-18 16:37:40.610 : User is logged in with session 136661.665127582HAcQfDtpttcVHHpcAzt	[MsgId: MMSG-17999]
    2023-06-18 16:37:46.440 : Search page opened	[MsgId: MMSG-17999]
    2023-06-18 16:38:04.787 : Flights found : 600;202;06/21/2023 and 063;165;06/18/2023	[MsgId: MMSG-17999]
    2023-06-18 16:38:04.787 : Sity depart : San Francisco, Sity arrive : Denver	[MsgId: MMSG-17999]
    2023-06-18 16:38:13.286 : Found Seat Type : Coach, Seat Pref : Window	[MsgId: MMSG-17999]
    2023-06-18 16:38:17.890 : User is logged out of session	[MsgId: MMSG-17999]
  2023-06-18 16:40:16.271 : IterationNum=12	[MsgId: MMSG-17999]
   USER 12 = user33:pwd33	[MsgId: MMSG-17999]
    2023-06-18 16:40:16.365 : Start page is opened	[MsgId: MMSG-17999]
    2023-06-18 16:40:21.100 : User is logged in with session 136661.678088295HAcQfDfpAzzzzzzHtcVHHpcVAt	[MsgId: MMSG-17999]
    2023-06-18 16:40:25.337 : Search page opened	[MsgId: MMSG-17999]
    2023-06-18 16:40:43.997 : Flights found : 862;695;06/21/2023 and 682;695;06/18/2023	[MsgId: MMSG-17999]
    2023-06-18 16:40:43.997 : Sity depart : Sydney, Sity arrive : San Francisco	[MsgId: MMSG-17999]
    2023-06-18 16:40:53.973 : Found Seat Type : Coach, Seat Pref : Window	[MsgId: MMSG-17999]
    2023-06-18 16:40:59.165 : User is logged out of session	[MsgId: MMSG-17999]
  2023-06-18 16:42:56.282 : IterationNum=13	[MsgId: MMSG-17999]
   USER 13 = user33:pwd33	[MsgId: MMSG-17999]
    2023-06-18 16:42:56.376 : Start page is opened	[MsgId: MMSG-17999]
    2023-06-18 16:43:01.443 : User is logged in with session 136661.691049008HAcQfDfpHDDDDDDDtcVHHpcVtt	[MsgId: MMSG-17999]
    2023-06-18 16:43:07.426 : Search page opened	[MsgId: MMSG-17999]
    2023-06-18 16:43:18.999 : Flights found : 942;196;06/21/2023 and 490;207;06/18/2023	[MsgId: MMSG-17999]
    2023-06-18 16:43:18.999 : Sity depart : Zurich, Sity arrive : Paris	[MsgId: MMSG-17999]
    2023-06-18 16:43:28.320 : Found Seat Type : Business, Seat Pref : None	[MsgId: MMSG-17999]
    2023-06-18 16:43:32.831 : User is logged out of session	[MsgId: MMSG-17999]
  2023-06-18 16:45:36.296 : IterationNum=14	[MsgId: MMSG-17999]
   USER 14 = user33:pwd33	[MsgId: MMSG-17999]
    2023-06-18 16:45:36.390 : Start page is opened	[MsgId: MMSG-17999]
    2023-06-18 16:45:40.406 : User is logged in with session 136661.704009721HAcQfDzpttcVHHpcVit	[MsgId: MMSG-17999]
    2023-06-18 16:45:45.456 : Search page opened	[MsgId: MMSG-17999]
    2023-06-18 16:45:58.913 : Flights found : 433;359;06/21/2023 and 343;359;06/18/2023	[MsgId: MMSG-17999]
    2023-06-18 16:45:58.913 : Sity depart : Paris, Sity arrive : Los Angeles	[MsgId: MMSG-17999]
    2023-06-18 16:46:10.039 : Found Seat Type : Coach, Seat Pref : Window	[MsgId: MMSG-17999]
    2023-06-18 16:46:15.349 : User is logged out of session	[MsgId: MMSG-17999]
  2023-06-18 16:48:16.307 : IterationNum=15	[MsgId: MMSG-17999]
   USER 15 = user33:pwd33	[MsgId: MMSG-17999]
    2023-06-18 16:48:16.401 : Start page is opened	[MsgId: MMSG-17999]
    2023-06-18 16:48:20.450 : User is logged in with session 136661.716970433HAcQfDHpAzzzzzzHtcVHHpccct	[MsgId: MMSG-17999]
    2023-06-18 16:48:26.232 : Search page opened	[MsgId: MMSG-17999]
    2023-06-18 16:48:37.815 : Flights found : 511;413;06/21/2023 and 152;438;06/18/2023	[MsgId: MMSG-17999]
    2023-06-18 16:48:37.815 : Sity depart : Portland, Sity arrive : Frankfurt	[MsgId: MMSG-17999]
    2023-06-18 16:48:48.996 : Found Seat Type : Business, Seat Pref : Aisle	[MsgId: MMSG-17999]
    2023-06-18 16:48:54.103 : User is logged out of session	[MsgId: MMSG-17999]
  2023-06-18 16:50:56.314 : IterationNum=16	[MsgId: MMSG-17999]
   USER 16 = user33:pwd33	[MsgId: MMSG-17999]
    2023-06-18 16:50:56.408 : Start page is opened	[MsgId: MMSG-17999]
    2023-06-18 16:51:01.019 : User is logged in with session 136661.729931146HAcQfDHpHDDDDDDDtcVHHpcczt	[MsgId: MMSG-17999]
    2023-06-18 16:51:06.458 : Search page opened	[MsgId: MMSG-17999]
    2023-06-18 16:51:24.448 : Flights found : 641;804;06/21/2023 and 460;902;06/18/2023	[MsgId: MMSG-17999]
    2023-06-18 16:51:24.448 : Sity depart : San Francisco, Sity arrive : Paris	[MsgId: MMSG-17999]
    2023-06-18 16:51:33.302 : Found Seat Type : Business, Seat Pref : None	[MsgId: MMSG-17999]
    2023-06-18 16:51:37.268 : User is logged out of session	[MsgId: MMSG-17999]
  2023-06-18 16:53:36.315 : IterationNum=17	[MsgId: MMSG-17999]
   USER 17 = user33:pwd33	[MsgId: MMSG-17999]
    2023-06-18 16:53:36.410 : Start page is opened	[MsgId: MMSG-17999]
    2023-06-18 16:53:41.255 : User is logged in with session 136661.742891859HAcQfDipttcVHHpcDAt	[MsgId: MMSG-17999]
    2023-06-18 16:53:46.786 : Search page opened	[MsgId: MMSG-17999]
    2023-06-18 16:54:03.080 : Flights found : 302;345;06/21/2023 and 030;365;06/18/2023	[MsgId: MMSG-17999]
    2023-06-18 16:54:03.081 : Sity depart : Los Angeles, Sity arrive : Denver	[MsgId: MMSG-17999]
    2023-06-18 16:54:14.138 : Found Seat Type : Business, Seat Pref : Window	[MsgId: MMSG-17999]
    2023-06-18 16:54:19.412 : User is logged out of session	[MsgId: MMSG-17999]
  2023-06-18 16:56:16.324 : IterationNum=18	[MsgId: MMSG-17999]
   USER 18 = user33:pwd33	[MsgId: MMSG-17999]
    2023-06-18 16:56:16.418 : Start page is opened	[MsgId: MMSG-17999]
    2023-06-18 16:56:22.310 : User is logged in with session 136661.755852572HAcQfDQpAzzzzzzHtcVHHpcDtt	[MsgId: MMSG-17999]
    2023-06-18 16:56:26.377 : Search page opened	[MsgId: MMSG-17999]
    2023-06-18 16:56:41.351 : Flights found : 790;447;06/21/2023 and 970;447;06/18/2023	[MsgId: MMSG-17999]
    2023-06-18 16:56:41.351 : Sity depart : Seattle, Sity arrive : Zurich	[MsgId: MMSG-17999]
    2023-06-18 16:56:51.182 : Found Seat Type : Coach, Seat Pref : Window	[MsgId: MMSG-17999]
    2023-06-18 16:56:56.019 : User is logged out of session	[MsgId: MMSG-17999]
  2023-06-18 16:58:56.339 : IterationNum=19	[MsgId: MMSG-17999]
   USER 19 = user33:pwd33	[MsgId: MMSG-17999]
    2023-06-18 16:58:56.433 : Start page is opened	[MsgId: MMSG-17999]
    2023-06-18 16:59:01.559 : User is logged in with session 136661.768813285HAcQfDQpHDDDDDDDtcVHHpcDit	[MsgId: MMSG-17999]
    2023-06-18 16:59:07.111 : Search page opened	[MsgId: MMSG-17999]
    2023-06-18 16:59:19.697 : Flights found : 712;482;06/21/2023 and 172;482;06/18/2023	[MsgId: MMSG-17999]
    2023-06-18 16:59:19.697 : Sity depart : Seattle, Sity arrive : Frankfurt	[MsgId: MMSG-17999]
    2023-06-18 16:59:29.496 : Found Seat Type : Coach, Seat Pref : Aisle	[MsgId: MMSG-17999]
    2023-06-18 16:59:34.583 : User is logged out of session	[MsgId: MMSG-17999]
  2023-06-18 17:01:36.345 : IterationNum=20	[MsgId: MMSG-17999]
   USER 20 = user33:pwd33	[MsgId: MMSG-17999]
    2023-06-18 17:01:36.439 : Start page is opened	[MsgId: MMSG-17999]
    2023-06-18 17:01:41.892 : User is logged in with session 136661.781773998HAcQftApttcVHHpctct	[MsgId: MMSG-17999]
    2023-06-18 17:01:46.283 : Search page opened	[MsgId: MMSG-17999]
    2023-06-18 17:02:02.953 : Flights found : 623;899;06/21/2023 and 263;899;06/18/2023	[MsgId: MMSG-17999]
    2023-06-18 17:02:02.953 : Sity depart : San Francisco, Sity arrive : London	[MsgId: MMSG-17999]
    2023-06-18 17:02:15.383 : Found Seat Type : First, Seat Pref : Window	[MsgId: MMSG-17999]
    2023-06-18 17:02:20.892 : User is logged out of session	[MsgId: MMSG-17999]
  2023-06-18 17:04:16.348 : IterationNum=21	[MsgId: MMSG-17999]
   USER 21 = user33:pwd33	[MsgId: MMSG-17999]
    2023-06-18 17:04:16.442 : Start page is opened	[MsgId: MMSG-17999]
    2023-06-18 17:04:22.148 : User is logged in with session 136661.79473471HAcQftVpAzzzzzzHtcVHHpctzt	[MsgId: MMSG-17999]
    2023-06-18 17:04:27.024 : Search page opened	[MsgId: MMSG-17999]
    2023-06-18 17:04:42.958 : Flights found : 161;557;06/21/2023 and 611;557;06/18/2023	[MsgId: MMSG-17999]
    2023-06-18 17:04:42.958 : Sity depart : Frankfurt, Sity arrive : San Francisco	[MsgId: MMSG-17999]
    2023-06-18 17:04:53.774 : Found Seat Type : Business, Seat Pref : Aisle	[MsgId: MMSG-17999]
    2023-06-18 17:04:58.927 : User is logged out of session	[MsgId: MMSG-17999]
  2023-06-18 17:06:56.361 : IterationNum=22	[MsgId: MMSG-17999]
   USER 22 = user33:pwd33	[MsgId: MMSG-17999]
    2023-06-18 17:06:56.455 : Start page is opened	[MsgId: MMSG-17999]
    2023-06-18 17:07:01.114 : User is logged in with session 136661.807695423HAcQftVpHDDDDDDDtcVHHpcfAt	[MsgId: MMSG-17999]
    2023-06-18 17:07:06.854 : Search page opened	[MsgId: MMSG-17999]
           ERROR : Sity depart : Zurich Sity arrive : Zurich	[MsgId: MMSG-17999]
           ERROR FIXED : Sity depart : Zurich Sity arrive : Sydney	[MsgId: MMSG-17999]
    2023-06-18 17:07:25.126 : Flights found : 982;1903;06/21/2023 and 893;1647;06/18/2023	[MsgId: MMSG-17999]
    2023-06-18 17:07:25.126 : Sity depart : Zurich, Sity arrive : Sydney	[MsgId: MMSG-17999]
    2023-06-18 17:07:33.072 : Found Seat Type : First, Seat Pref : Aisle	[MsgId: MMSG-17999]
    2023-06-18 17:07:37.628 : User is logged out of session	[MsgId: MMSG-17999]
  2023-06-18 17:09:36.367 : IterationNum=23	[MsgId: MMSG-17999]
   USER 23 = user33:pwd33	[MsgId: MMSG-17999]
    2023-06-18 17:09:36.461 : Start page is opened	[MsgId: MMSG-17999]
    2023-06-18 17:09:41.727 : User is logged in with session 136661.820656136HAcQftcpttcVHHpcftt	[MsgId: MMSG-17999]
    2023-06-18 17:09:47.167 : Search page opened	[MsgId: MMSG-17999]
           ERROR : Sity depart : Sydney Sity arrive : Sydney	[MsgId: MMSG-17999]
           ERROR FIXED : Sity depart : Sydney Sity arrive : Paris	[MsgId: MMSG-17999]
    2023-06-18 17:10:01.817 : Flights found : 841;1273;06/21/2023 and 482;1350;06/18/2023	[MsgId: MMSG-17999]
    2023-06-18 17:10:01.817 : Sity depart : Sydney, Sity arrive : Paris	[MsgId: MMSG-17999]
    2023-06-18 17:10:11.385 : Found Seat Type : Coach, Seat Pref : Aisle	[MsgId: MMSG-17999]
    2023-06-18 17:10:16.750 : User is logged out of session	[MsgId: MMSG-17999]
  2023-06-18 17:12:16.372 : IterationNum=24	[MsgId: MMSG-17999]
   USER 24 = user33:pwd33	[MsgId: MMSG-17999]
    2023-06-18 17:12:16.466 : Start page is opened	[MsgId: MMSG-17999]
    2023-06-18 17:12:20.686 : User is logged in with session 136661.833616849HAcQftDpAzzzzzzHtcVHHpcfit	[MsgId: MMSG-17999]
    2023-06-18 17:12:24.577 : Search page opened	[MsgId: MMSG-17999]
           ERROR : Sity depart : Los Angeles Sity arrive : Los Angeles	[MsgId: MMSG-17999]
           ERROR FIXED : Sity depart : Los Angeles Sity arrive : San Francisco	[MsgId: MMSG-17999]
    2023-06-18 17:12:38.399 : Flights found : 361;101;06/21/2023 and 632;107;06/18/2023	[MsgId: MMSG-17999]
    2023-06-18 17:12:38.399 : Sity depart : Los Angeles, Sity arrive : San Francisco	[MsgId: MMSG-17999]
    2023-06-18 17:12:47.389 : Found Seat Type : First, Seat Pref : Window	[MsgId: MMSG-17999]
    2023-06-18 17:12:53.148 : User is logged out of session	[MsgId: MMSG-17999]
  2023-06-18 17:14:56.382 : IterationNum=25	[MsgId: MMSG-17999]
   USER 25 = user33:pwd33	[MsgId: MMSG-17999]
    2023-06-18 17:14:56.476 : Start page is opened	[MsgId: MMSG-17999]
    2023-06-18 17:15:01.839 : User is logged in with session 136661.846577562HAcQftDpHDDDDDDDtcVHHpczct	[MsgId: MMSG-17999]
    2023-06-18 17:15:06.262 : Search page opened	[MsgId: MMSG-17999]
    2023-06-18 17:15:22.721 : Flights found : 471;999;06/21/2023 and 743;918;06/18/2023	[MsgId: MMSG-17999]
    2023-06-18 17:15:22.721 : Sity depart : Paris, Sity arrive : Seattle	[MsgId: MMSG-17999]
    2023-06-18 17:15:34.560 : Found Seat Type : First, Seat Pref : Aisle	[MsgId: MMSG-17999]
    2023-06-18 17:15:40.710 : User is logged out of session	[MsgId: MMSG-17999]
  2023-06-18 17:17:36.386 : IterationNum=26	[MsgId: MMSG-17999]
   USER 26 = user33:pwd33	[MsgId: MMSG-17999]
    2023-06-18 17:17:36.480 : Start page is opened	[MsgId: MMSG-17999]
    2023-06-18 17:17:41.604 : User is logged in with session 136661.859538275HAcQfttpttcVHHpczzt	[MsgId: MMSG-17999]
    2023-06-18 17:17:47.184 : Search page opened	[MsgId: MMSG-17999]
    2023-06-18 17:18:03.805 : Flights found : 050;515;06/21/2023 and 502;487;06/18/2023	[MsgId: MMSG-17999]
    2023-06-18 17:18:03.805 : Sity depart : Denver, Sity arrive : Portland	[MsgId: MMSG-17999]
    2023-06-18 17:18:16.107 : Found Seat Type : First, Seat Pref : Window	[MsgId: MMSG-17999]
    2023-06-18 17:18:20.506 : User is logged out of session	[MsgId: MMSG-17999]
