  2023-06-18 16:12:05.770 : IterationNum=1	[MsgId: MMSG-17999]
   USER 1 = user6:pwd6	[MsgId: MMSG-17999]
    2023-06-18 16:12:05.858 : Start page is opened	[MsgId: MMSG-17999]
    2023-06-18 16:12:10.809 : User is logged in with session 136661.541109761HAcQfcipAcAiDDDDtcVHHpVziVcf	[MsgId: MMSG-17999]
    2023-06-18 16:12:15.572 : Search page opened	[MsgId: MMSG-17999]
    2023-06-18 16:12:29.006 : Flights found : 691;485;06/21/2023 and 961;485;06/18/2023	[MsgId: MMSG-17999]
    2023-06-18 16:12:29.006 : Sity depart : San Francisco, Sity arrive : Zurich	[MsgId: MMSG-17999]
    2023-06-18 16:12:39.133 : Found Seat Type : Business, Seat Pref : Aisle	[MsgId: MMSG-17999]
    2023-06-18 16:12:57.849 : Booking is complect	[MsgId: MMSG-17999]
    2023-06-18 16:13:03.279 : Go to Home Page is complete	[MsgId: MMSG-17999]
    2023-06-18 16:13:07.355 : Booking is created : 332988573-150920-up	[MsgId: MMSG-17999]
    2023-06-18 16:13:17.224 : Booking (332988573-150920-up) is deleted	[MsgId: MMSG-17999]
    2023-06-18 16:13:22.981 : User is logged out of session	[MsgId: MMSG-17999]
  2023-06-18 16:24:05.779 : IterationNum=2	[MsgId: MMSG-17999]
   USER 2 = user7:pwd7	[MsgId: MMSG-17999]
    2023-06-18 16:24:05.873 : Start page is opened	[MsgId: MMSG-17999]
    2023-06-18 16:24:12.196 : User is logged in with session 136661.599432969HAcQfDVpAcAiDDDDtcVHHpVizVcf	[MsgId: MMSG-17999]
    2023-06-18 16:24:16.338 : Search page opened	[MsgId: MMSG-17999]
    2023-06-18 16:24:28.599 : Flights found : 040;508;06/21/2023 and 403;416;06/18/2023	[MsgId: MMSG-17999]
    2023-06-18 16:24:28.599 : Sity depart : Denver, Sity arrive : Paris	[MsgId: MMSG-17999]
    2023-06-18 16:24:37.586 : Found Seat Type : Business, Seat Pref : Aisle	[MsgId: MMSG-17999]
    2023-06-18 16:24:51.979 : Booking is complect	[MsgId: MMSG-17999]
    2023-06-18 16:24:56.191 : Go to Home Page is complete	[MsgId: MMSG-17999]
    2023-06-18 16:25:00.677 : Booking is created : 76668166-107994-up	[MsgId: MMSG-17999]
    2023-06-18 16:25:12.156 : Booking (76668166-107994-up) is deleted	[MsgId: MMSG-17999]
    2023-06-18 16:25:18.540 : User is logged out of session	[MsgId: MMSG-17999]
  2023-06-18 16:36:05.784 : IterationNum=3	[MsgId: MMSG-17999]
   USER 3 = user8:pwd8	[MsgId: MMSG-17999]
    2023-06-18 16:36:05.878 : Start page is opened	[MsgId: MMSG-17999]
    2023-06-18 16:36:11.400 : User is logged in with session 136661.657756177HAcQfDtpAcAiDDDDtcVHHpcAtVcf	[MsgId: MMSG-17999]
    2023-06-18 16:36:16.241 : Search page opened	[MsgId: MMSG-17999]
    2023-06-18 16:36:30.120 : Flights found : 971;578;06/21/2023 and 791;578;06/18/2023	[MsgId: MMSG-17999]
    2023-06-18 16:36:30.120 : Sity depart : Zurich, Sity arrive : Seattle	[MsgId: MMSG-17999]
    2023-06-18 16:36:37.920 : Found Seat Type : Business, Seat Pref : Window	[MsgId: MMSG-17999]
    2023-06-18 16:36:51.828 : Booking is complect	[MsgId: MMSG-17999]
    2023-06-18 16:36:57.539 : Go to Home Page is complete	[MsgId: MMSG-17999]
    2023-06-18 16:37:02.149 : Booking is created : 150035984-1377781-up	[MsgId: MMSG-17999]
    2023-06-18 16:37:12.482 : Booking (150035984-1377781-up) is deleted	[MsgId: MMSG-17999]
    2023-06-18 16:37:18.490 : User is logged out of session	[MsgId: MMSG-17999]
  2023-06-18 16:48:05.796 : IterationNum=4	[MsgId: MMSG-17999]
   USER 4 = user9:pwd9	[MsgId: MMSG-17999]
    2023-06-18 16:48:05.890 : Start page is opened	[MsgId: MMSG-17999]
    2023-06-18 16:48:11.438 : User is logged in with session 136661.716079384HAcQfDHpAcAiDDDDtcVHHpcccVcf	[MsgId: MMSG-17999]
    2023-06-18 16:48:16.392 : Search page opened	[MsgId: MMSG-17999]
    2023-06-18 16:48:31.147 : Flights found : 321;998;06/21/2023 and 232;1060;06/18/2023	[MsgId: MMSG-17999]
    2023-06-18 16:48:31.147 : Sity depart : Los Angeles, Sity arrive : London	[MsgId: MMSG-17999]
    2023-06-18 16:48:40.694 : Found Seat Type : Business, Seat Pref : Aisle	[MsgId: MMSG-17999]
    2023-06-18 16:48:54.549 : Booking is complect	[MsgId: MMSG-17999]
    2023-06-18 16:49:00.809 : Go to Home Page is complete	[MsgId: MMSG-17999]
    2023-06-18 16:49:06.608 : Booking is created : 85567481-947850-up	[MsgId: MMSG-17999]
    2023-06-18 16:49:18.081 : Booking (85567481-947850-up) is deleted	[MsgId: MMSG-17999]
    2023-06-18 16:49:24.408 : User is logged out of session	[MsgId: MMSG-17999]
  2023-06-18 17:00:05.798 : IterationNum=5	[MsgId: MMSG-17999]
   USER 5 = user10:pwd10	[MsgId: MMSG-17999]
    2023-06-18 17:00:05.893 : Start page is opened	[MsgId: MMSG-17999]
    2023-06-18 17:00:11.973 : User is logged in with session 136661.774402592HAcQftApAcAiDDDDtcVHHpctAVcf	[MsgId: MMSG-17999]
    2023-06-18 17:00:16.115 : Search page opened	[MsgId: MMSG-17999]
    2023-06-18 17:00:30.776 : Flights found : 863;1128;06/21/2023 and 682;1304;06/18/2023	[MsgId: MMSG-17999]
    2023-06-18 17:00:30.776 : Sity depart : Sydney, Sity arrive : San Francisco	[MsgId: MMSG-17999]
    2023-06-18 17:00:42.473 : Found Seat Type : First, Seat Pref : Aisle	[MsgId: MMSG-17999]
    2023-06-18 17:00:55.379 : Booking is complect	[MsgId: MMSG-17999]
    2023-06-18 17:01:00.826 : Go to Home Page is complete	[MsgId: MMSG-17999]
    2023-06-18 17:01:05.313 : Booking is created : 829949301-1294033-up	[MsgId: MMSG-17999]
    2023-06-18 17:01:16.786 : Booking (829949301-1294033-up) is deleted	[MsgId: MMSG-17999]
    2023-06-18 17:01:22.408 : User is logged out of session	[MsgId: MMSG-17999]
  2023-06-18 17:12:05.806 : IterationNum=6	[MsgId: MMSG-17999]
   USER 6 = user11:pwd11	[MsgId: MMSG-17999]
    2023-06-18 17:12:05.900 : Start page is opened	[MsgId: MMSG-17999]
    2023-06-18 17:12:11.731 : User is logged in with session 136661.8327258HAcQftDpAcAiDDDDtcVHHpcfiVcf	[MsgId: MMSG-17999]
    2023-06-18 17:12:17.265 : Search page opened	[MsgId: MMSG-17999]
    2023-06-18 17:12:32.398 : Flights found : 671;112;06/21/2023 and 762;119;06/18/2023	[MsgId: MMSG-17999]
    2023-06-18 17:12:32.398 : Sity depart : San Francisco, Sity arrive : Seattle	[MsgId: MMSG-17999]
    2023-06-18 17:12:43.790 : Found Seat Type : Business, Seat Pref : Aisle	[MsgId: MMSG-17999]
    2023-06-18 17:12:57.955 : Booking is complect	[MsgId: MMSG-17999]
    2023-06-18 17:13:02.572 : Go to Home Page is complete	[MsgId: MMSG-17999]
    2023-06-18 17:13:08.750 : Booking is created : 164469300-135556-up	[MsgId: MMSG-17999]
    2023-06-18 17:13:17.816 : Booking (164469300-135556-up) is deleted	[MsgId: MMSG-17999]
    2023-06-18 17:13:22.109 : User is logged out of session	[MsgId: MMSG-17999]
  2023-06-18 17:24:05.810 : IterationNum=7	[MsgId: MMSG-17999]
   USER 7 = user11:pwd11	[MsgId: MMSG-17999]
    2023-06-18 17:24:05.904 : Start page is opened	[MsgId: MMSG-17999]
    2023-06-18 17:24:10.437 : User is logged in with session 136661.891049008HAcQftzpAcAiDDDDtcVHHpcHzVcf	[MsgId: MMSG-17999]
    2023-06-18 17:24:16.079 : Search page opened	[MsgId: MMSG-17999]
    2023-06-18 17:24:31.190 : Flights found : 563;116;06/21/2023 and 652;134;06/18/2023	[MsgId: MMSG-17999]
    2023-06-18 17:24:31.190 : Sity depart : Portland, Sity arrive : San Francisco	[MsgId: MMSG-17999]
    2023-06-18 17:24:39.742 : Found Seat Type : First, Seat Pref : Window	[MsgId: MMSG-17999]
    2023-06-18 17:24:51.416 : Booking is complect	[MsgId: MMSG-17999]
    2023-06-18 17:24:55.996 : Go to Home Page is complete	[MsgId: MMSG-17999]
    2023-06-18 17:25:01.231 : Booking is created : 164465300-127096-up	[MsgId: MMSG-17999]
    2023-06-18 17:25:10.414 : Booking (164465300-127096-up) is deleted	[MsgId: MMSG-17999]
    2023-06-18 17:25:15.411 : User is logged out of session	[MsgId: MMSG-17999]
