  2023-06-18 16:13:05.992 : IterationNum=1	[MsgId: MMSG-17999]
   USER 1 = user74:pwd74	[MsgId: MMSG-17999]
    2023-06-18 16:13:06.079 : Start page is opened	[MsgId: MMSG-17999]
    2023-06-18 16:13:10.188 : User is logged in with session 136661.546051033HAcQfcipcHftcVHHpVzQzf	[MsgId: MMSG-17999]
    2023-06-18 16:13:14.983 : User is logged out of session	[MsgId: MMSG-17999]
  2023-06-18 16:15:11.995 : IterationNum=2	[MsgId: MMSG-17999]
   USER 2 = user74:pwd74	[MsgId: MMSG-17999]
    2023-06-18 16:15:12.088 : Start page is opened	[MsgId: MMSG-17999]
    2023-06-18 16:15:17.507 : User is logged in with session 136661.556257594HAcQfcipitcVHHpVHci	[MsgId: MMSG-17999]
    2023-06-18 16:15:22.288 : User is logged out of session	[MsgId: MMSG-17999]
  2023-06-18 16:17:18.005 : IterationNum=3	[MsgId: MMSG-17999]
   USER 3 = user74:pwd74	[MsgId: MMSG-17999]
    2023-06-18 16:17:18.098 : Start page is opened	[MsgId: MMSG-17999]
    2023-06-18 16:17:23.809 : User is logged in with session 136661.566464156HAcQfcQpDcftcVHHpVHfQf	[MsgId: MMSG-17999]
    2023-06-18 16:17:27.874 : User is logged out of session	[MsgId: MMSG-17999]
  2023-06-18 16:19:24.006 : IterationNum=4	[MsgId: MMSG-17999]
   USER 4 = user74:pwd74	[MsgId: MMSG-17999]
    2023-06-18 16:19:24.100 : Start page is opened	[MsgId: MMSG-17999]
    2023-06-18 16:19:29.633 : User is logged in with session 136661.576670717HAcQfcQpiftcVHHpVHQV	[MsgId: MMSG-17999]
    2023-06-18 16:19:34.460 : User is logged out of session	[MsgId: MMSG-17999]
  2023-06-18 16:21:30.011 : IterationNum=5	[MsgId: MMSG-17999]
   USER 5 = user74:pwd74	[MsgId: MMSG-17999]
    2023-06-18 16:21:30.105 : Start page is opened	[MsgId: MMSG-17999]
    2023-06-18 16:21:34.683 : User is logged in with session 136661.586877278HAcQfDApDHftcVHHpViccf	[MsgId: MMSG-17999]
    2023-06-18 16:21:39.823 : User is logged out of session	[MsgId: MMSG-17999]
  2023-06-18 16:23:36.014 : IterationNum=6	[MsgId: MMSG-17999]
   USER 6 = user74:pwd74	[MsgId: MMSG-17999]
    2023-06-18 16:23:36.108 : Start page is opened	[MsgId: MMSG-17999]
    2023-06-18 16:23:41.704 : User is logged in with session 136661.59708384HAcQfDApQtcVHHpVift	[MsgId: MMSG-17999]
    2023-06-18 16:23:45.871 : User is logged out of session	[MsgId: MMSG-17999]
  2023-06-18 16:25:42.021 : IterationNum=7	[MsgId: MMSG-17999]
   USER 7 = user74:pwd74	[MsgId: MMSG-17999]
    2023-06-18 16:25:42.115 : Start page is opened	[MsgId: MMSG-17999]
    2023-06-18 16:25:46.780 : User is logged in with session 136661.607290401HAcQfDVptcftcVHHpViiff	[MsgId: MMSG-17999]
    2023-06-18 16:25:52.703 : User is logged out of session	[MsgId: MMSG-17999]
  2023-06-18 16:27:48.027 : IterationNum=8	[MsgId: MMSG-17999]
   USER 8 = user74:pwd74	[MsgId: MMSG-17999]
    2023-06-18 16:27:48.121 : Start page is opened	[MsgId: MMSG-17999]
    2023-06-18 16:27:54.016 : User is logged in with session 136661.617496962HAcQfDVpQftcVHHpVQVH	[MsgId: MMSG-17999]
    2023-06-18 16:28:00.380 : User is logged out of session	[MsgId: MMSG-17999]
  2023-06-18 16:29:54.028 : IterationNum=9	[MsgId: MMSG-17999]
   USER 9 = user74:pwd74	[MsgId: MMSG-17999]
    2023-06-18 16:29:54.122 : Start page is opened	[MsgId: MMSG-17999]
    2023-06-18 16:29:58.154 : User is logged in with session 136661.627703524HAcQfDcptHftcVHHpVQtif	[MsgId: MMSG-17999]
    2023-06-18 16:30:04.374 : User is logged out of session	[MsgId: MMSG-17999]
  2023-06-18 16:32:00.033 : IterationNum=10	[MsgId: MMSG-17999]
   USER 10 = user74:pwd74	[MsgId: MMSG-17999]
    2023-06-18 16:32:00.127 : Start page is opened	[MsgId: MMSG-17999]
    2023-06-18 16:32:04.447 : User is logged in with session 136661.637910085HAcQfDDtcVHHpVQi	[MsgId: MMSG-17999]
    2023-06-18 16:32:10.665 : User is logged out of session	[MsgId: MMSG-17999]
  2023-06-18 16:34:06.044 : IterationNum=11	[MsgId: MMSG-17999]
   USER 11 = user74:pwd74	[MsgId: MMSG-17999]
    2023-06-18 16:34:06.138 : Start page is opened	[MsgId: MMSG-17999]
    2023-06-18 16:34:10.217 : User is logged in with session 136661.648116646HAcQfDDpfcftcVHHpcAVVf	[MsgId: MMSG-17999]
    2023-06-18 16:34:16.329 : User is logged out of session	[MsgId: MMSG-17999]
  2023-06-18 16:36:12.050 : IterationNum=12	[MsgId: MMSG-17999]
   USER 12 = user74:pwd74	[MsgId: MMSG-17999]
    2023-06-18 16:36:12.145 : Start page is opened	[MsgId: MMSG-17999]
    2023-06-18 16:36:16.130 : User is logged in with session 136661.658323208HAcQfDtpAftcVHHpcAtD	[MsgId: MMSG-17999]
    2023-06-18 16:36:20.068 : User is logged out of session	[MsgId: MMSG-17999]
  2023-06-18 16:38:18.062 : IterationNum=13	[MsgId: MMSG-17999]
   USER 13 = user74:pwd74	[MsgId: MMSG-17999]
    2023-06-18 16:38:18.156 : Start page is opened	[MsgId: MMSG-17999]
    2023-06-18 16:38:22.783 : User is logged in with session 136661.668529769HAcQfDtpfHftcVHHpcAHtf	[MsgId: MMSG-17999]
    2023-06-18 16:38:26.768 : User is logged out of session	[MsgId: MMSG-17999]
  2023-06-18 16:40:24.071 : IterationNum=14	[MsgId: MMSG-17999]
   USER 14 = user74:pwd74	[MsgId: MMSG-17999]
    2023-06-18 16:40:24.165 : Start page is opened	[MsgId: MMSG-17999]
    2023-06-18 16:40:29.791 : User is logged in with session 136661.678736331HAcQfDfpVtcVHHpcVAz	[MsgId: MMSG-17999]
    2023-06-18 16:40:33.867 : User is logged out of session	[MsgId: MMSG-17999]
  2023-06-18 16:42:30.077 : IterationNum=15	[MsgId: MMSG-17999]
   USER 15 = user74:pwd74	[MsgId: MMSG-17999]
    2023-06-18 16:42:30.171 : Start page is opened	[MsgId: MMSG-17999]
    2023-06-18 16:42:34.555 : User is logged in with session 136661.688942892HAcQfDfpzcftcVHHpcVDHf	[MsgId: MMSG-17999]
    2023-06-18 16:42:38.885 : User is logged out of session	[MsgId: MMSG-17999]
  2023-06-18 16:44:36.077 : IterationNum=16	[MsgId: MMSG-17999]
   USER 16 = user74:pwd74	[MsgId: MMSG-17999]
    2023-06-18 16:44:36.170 : Start page is opened	[MsgId: MMSG-17999]
    2023-06-18 16:44:40.610 : User is logged in with session 136661.699149453HAcQfDzpVftcVHHpcVzQ	[MsgId: MMSG-17999]
    2023-06-18 16:44:46.425 : User is logged out of session	[MsgId: MMSG-17999]
  2023-06-18 16:46:42.101 : IterationNum=17	[MsgId: MMSG-17999]
   USER 17 = user74:pwd74	[MsgId: MMSG-17999]
    2023-06-18 16:46:42.195 : Start page is opened	[MsgId: MMSG-17999]
    2023-06-18 16:46:47.603 : User is logged in with session 136661.709356015HAcQfDzpzHftcVHHpccAAf	[MsgId: MMSG-17999]
    2023-06-18 16:46:52.682 : User is logged out of session	[MsgId: MMSG-17999]
  2023-06-18 16:48:48.108 : IterationNum=18	[MsgId: MMSG-17999]
   USER 18 = user74:pwd74	[MsgId: MMSG-17999]
    2023-06-18 16:48:48.202 : Start page is opened	[MsgId: MMSG-17999]
    2023-06-18 16:48:52.964 : User is logged in with session 136661.719562576HAcQfDHpctcVHHpccDc	[MsgId: MMSG-17999]
    2023-06-18 16:48:58.950 : User is logged out of session	[MsgId: MMSG-17999]
  2023-06-18 16:50:54.111 : IterationNum=19	[MsgId: MMSG-17999]
   USER 19 = user74:pwd74	[MsgId: MMSG-17999]
    2023-06-18 16:50:54.205 : Start page is opened	[MsgId: MMSG-17999]
    2023-06-18 16:51:00.380 : User is logged in with session 136661.729769137HAcQfDHpHcftcVHHpcczDf	[MsgId: MMSG-17999]
    2023-06-18 16:51:04.613 : User is logged out of session	[MsgId: MMSG-17999]
  2023-06-18 16:53:00.120 : IterationNum=20	[MsgId: MMSG-17999]
   USER 20 = user74:pwd74	[MsgId: MMSG-17999]
    2023-06-18 16:53:00.214 : Start page is opened	[MsgId: MMSG-17999]
    2023-06-18 16:53:06.122 : User is logged in with session 136661.739975699HAcQfDipcftcVHHpccQf	[MsgId: MMSG-17999]
    2023-06-18 16:53:11.186 : User is logged out of session	[MsgId: MMSG-17999]
  2023-06-18 16:55:06.129 : IterationNum=21	[MsgId: MMSG-17999]
   USER 21 = user74:pwd74	[MsgId: MMSG-17999]
    2023-06-18 16:55:06.223 : Start page is opened	[MsgId: MMSG-17999]
    2023-06-18 16:55:10.527 : User is logged in with session 136661.75018226HAcQfDipHHftcVHHpcDczf	[MsgId: MMSG-17999]
    2023-06-18 16:55:16.325 : User is logged out of session	[MsgId: MMSG-17999]
  2023-06-18 16:57:12.132 : IterationNum=22	[MsgId: MMSG-17999]
   USER 22 = user74:pwd74	[MsgId: MMSG-17999]
    2023-06-18 16:57:12.227 : Start page is opened	[MsgId: MMSG-17999]
    2023-06-18 16:57:17.655 : User is logged in with session 136661.760388821HAcQfDQpDtcVHHpcDfi	[MsgId: MMSG-17999]
    2023-06-18 16:57:23.944 : User is logged out of session	[MsgId: MMSG-17999]
  2023-06-18 16:59:18.142 : IterationNum=23	[MsgId: MMSG-17999]
   USER 23 = user74:pwd74	[MsgId: MMSG-17999]
    2023-06-18 16:59:18.236 : Start page is opened	[MsgId: MMSG-17999]
    2023-06-18 16:59:24.038 : User is logged in with session 136661.770595383HAcQfDQpicftcVHHpcDiQf	[MsgId: MMSG-17999]
    2023-06-18 16:59:28.848 : User is logged out of session	[MsgId: MMSG-17999]
  2023-06-18 17:01:24.143 : IterationNum=24	[MsgId: MMSG-17999]
   USER 24 = user74:pwd74	[MsgId: MMSG-17999]
    2023-06-18 17:01:24.237 : Start page is opened	[MsgId: MMSG-17999]
    2023-06-18 17:01:29.785 : User is logged in with session 136661.780801944HAcQftApDftcVHHpctcV	[MsgId: MMSG-17999]
    2023-06-18 17:01:36.111 : User is logged out of session	[MsgId: MMSG-17999]
  2023-06-18 17:03:30.149 : IterationNum=25	[MsgId: MMSG-17999]
   USER 25 = user74:pwd74	[MsgId: MMSG-17999]
    2023-06-18 17:03:30.243 : Start page is opened	[MsgId: MMSG-17999]
    2023-06-18 17:03:36.098 : User is logged in with session 136661.791008505HAcQftApiHftcVHHpctfcf	[MsgId: MMSG-17999]
    2023-06-18 17:03:40.628 : User is logged out of session	[MsgId: MMSG-17999]
  2023-06-18 17:05:36.152 : IterationNum=26	[MsgId: MMSG-17999]
   USER 26 = user74:pwd74	[MsgId: MMSG-17999]
    2023-06-18 17:05:36.246 : Start page is opened	[MsgId: MMSG-17999]
    2023-06-18 17:05:41.034 : User is logged in with session 136661.801215067HAcQftVpttcVHHpctit	[MsgId: MMSG-17999]
    2023-06-18 17:05:46.564 : User is logged out of session	[MsgId: MMSG-17999]
  2023-06-18 17:07:42.161 : IterationNum=27	[MsgId: MMSG-17999]
   USER 27 = user74:pwd74	[MsgId: MMSG-17999]
    2023-06-18 17:07:42.255 : Start page is opened	[MsgId: MMSG-17999]
    2023-06-18 17:07:47.662 : User is logged in with session 136661.811421628HAcQftVpQcftcVHHpcfVff	[MsgId: MMSG-17999]
    2023-06-18 17:07:51.917 : User is logged out of session	[MsgId: MMSG-17999]
  2023-06-18 17:09:48.167 : IterationNum=28	[MsgId: MMSG-17999]
   USER 28 = user74:pwd74	[MsgId: MMSG-17999]
    2023-06-18 17:09:48.261 : Start page is opened	[MsgId: MMSG-17999]
    2023-06-18 17:09:54.184 : User is logged in with session 136661.82162819HAcQftcptftcVHHpcftH	[MsgId: MMSG-17999]
    2023-06-18 17:09:59.137 : User is logged out of session	[MsgId: MMSG-17999]
  2023-06-18 17:11:54.178 : IterationNum=29	[MsgId: MMSG-17999]
   USER 29 = user74:pwd74	[MsgId: MMSG-17999]
    2023-06-18 17:11:54.272 : Start page is opened	[MsgId: MMSG-17999]
    2023-06-18 17:12:00.447 : User is logged in with session 136661.831834751HAcQftcpQHftcVHHpcfHif	[MsgId: MMSG-17999]
    2023-06-18 17:12:04.555 : User is logged out of session	[MsgId: MMSG-17999]
  2023-06-18 17:14:00.183 : IterationNum=30	[MsgId: MMSG-17999]
   USER 30 = user74:pwd74	[MsgId: MMSG-17999]
    2023-06-18 17:14:00.277 : Start page is opened	[MsgId: MMSG-17999]
    2023-06-18 17:14:04.887 : User is logged in with session 136661.842041312HAcQftDpftcVHHpczV	[MsgId: MMSG-17999]
    2023-06-18 17:14:09.280 : User is logged out of session	[MsgId: MMSG-17999]
  2023-06-18 17:16:06.186 : IterationNum=31	[MsgId: MMSG-17999]
   USER 31 = user74:pwd74	[MsgId: MMSG-17999]
    2023-06-18 17:16:06.280 : Start page is opened	[MsgId: MMSG-17999]
    2023-06-18 17:16:12.019 : User is logged in with session 136661.852247874HAcQfttpAcftcVHHpcztVf	[MsgId: MMSG-17999]
    2023-06-18 17:16:17.251 : User is logged out of session	[MsgId: MMSG-17999]
  2023-06-18 17:18:12.192 : IterationNum=32	[MsgId: MMSG-17999]
   USER 32 = user74:pwd74	[MsgId: MMSG-17999]
    2023-06-18 17:18:12.286 : Start page is opened	[MsgId: MMSG-17999]
    2023-06-18 17:18:18.444 : User is logged in with session 136661.862454435HAcQfttpfftcVHHpczHD	[MsgId: MMSG-17999]
    2023-06-18 17:18:23.603 : User is logged out of session	[MsgId: MMSG-17999]
