  2023-06-18 16:13:46.100 : IterationNum=1	[MsgId: MMSG-17999]
   USER 1 = user78:pwd78	[MsgId: MMSG-17999]
    2023-06-18 16:13:46.192 : Start page is opened	[MsgId: MMSG-17999]
    2023-06-18 16:13:51.258 : User is logged in with session 136661.549291211HAcQfcipttVzzzzHtcVHHpVHAzf	[MsgId: MMSG-17999]
    2023-06-18 16:13:57.017 : User is logged out of session	[MsgId: MMSG-17999]
  2023-06-18 16:15:52.106 : IterationNum=2	[MsgId: MMSG-17999]
   USER 2 = user78:pwd78	[MsgId: MMSG-17999]
    2023-06-18 16:15:52.201 : Start page is opened	[MsgId: MMSG-17999]
    2023-06-18 16:15:57.938 : User is logged in with session 136661.559497772HAcQfcipQzzzzzzHtcVHHpVHDi	[MsgId: MMSG-17999]
    2023-06-18 16:16:02.140 : User is logged out of session	[MsgId: MMSG-17999]
  2023-06-18 16:17:58.123 : IterationNum=3	[MsgId: MMSG-17999]
   USER 3 = user78:pwd78	[MsgId: MMSG-17999]
    2023-06-18 16:17:58.217 : Start page is opened	[MsgId: MMSG-17999]
    2023-06-18 16:18:03.359 : User is logged in with session 136661.569704334HAcQfcQptQVzzzzHtcVHHpVHzQf	[MsgId: MMSG-17999]
    2023-06-18 16:18:08.943 : User is logged out of session	[MsgId: MMSG-17999]
  2023-06-18 16:20:04.137 : IterationNum=4	[MsgId: MMSG-17999]
   USER 4 = user78:pwd78	[MsgId: MMSG-17999]
    2023-06-18 16:20:04.231 : Start page is opened	[MsgId: MMSG-17999]
    2023-06-18 16:20:09.593 : User is logged in with session 136661.579910895HAcQfDApAVzzzzzHtcVHHpViAV	[MsgId: MMSG-17999]
    2023-06-18 16:20:13.652 : User is logged out of session	[MsgId: MMSG-17999]
  2023-06-18 16:22:10.140 : IterationNum=5	[MsgId: MMSG-17999]
   USER 5 = user78:pwd78	[MsgId: MMSG-17999]
    2023-06-18 16:22:10.234 : Start page is opened	[MsgId: MMSG-17999]
    2023-06-18 16:22:14.596 : User is logged in with session 136661.590117456HAcQfDApftVzzzzHtcVHHpViDcf	[MsgId: MMSG-17999]
    2023-06-18 16:22:20.959 : User is logged out of session	[MsgId: MMSG-17999]
  2023-06-18 16:24:16.150 : IterationNum=6	[MsgId: MMSG-17999]
   USER 6 = user78:pwd78	[MsgId: MMSG-17999]
    2023-06-18 16:24:16.245 : Start page is opened	[MsgId: MMSG-17999]
    2023-06-18 16:24:21.480 : User is logged in with session 136661.600324018HAcQfDVpAzzzzzzHtcVHHpVizt	[MsgId: MMSG-17999]
    2023-06-18 16:24:25.936 : User is logged out of session	[MsgId: MMSG-17999]
  2023-06-18 16:26:22.152 : IterationNum=7	[MsgId: MMSG-17999]
   USER 7 = user78:pwd78	[MsgId: MMSG-17999]
    2023-06-18 16:26:22.246 : Start page is opened	[MsgId: MMSG-17999]
    2023-06-18 16:26:27.140 : User is logged in with session 136661.610530579HAcQfDVpfQVzzzzHtcVHHpViQff	[MsgId: MMSG-17999]
    2023-06-18 16:26:32.049 : User is logged out of session	[MsgId: MMSG-17999]
  2023-06-18 16:28:28.166 : IterationNum=8	[MsgId: MMSG-17999]
   USER 8 = user78:pwd78	[MsgId: MMSG-17999]
    2023-06-18 16:28:28.260 : Start page is opened	[MsgId: MMSG-17999]
    2023-06-18 16:28:32.903 : User is logged in with session 136661.620737141HAcQfDcpVVzzzzzHtcVHHpVQcH	[MsgId: MMSG-17999]
    2023-06-18 16:28:37.028 : User is logged out of session	[MsgId: MMSG-17999]
  2023-06-18 16:30:34.172 : IterationNum=9	[MsgId: MMSG-17999]
   USER 9 = user78:pwd78	[MsgId: MMSG-17999]
    2023-06-18 16:30:34.266 : Start page is opened	[MsgId: MMSG-17999]
    2023-06-18 16:30:39.096 : User is logged in with session 136661.630943702HAcQfDcpztVzzzzHtcVHHpVQfif	[MsgId: MMSG-17999]
    2023-06-18 16:30:43.658 : User is logged out of session	[MsgId: MMSG-17999]
  2023-06-18 16:32:40.186 : IterationNum=10	[MsgId: MMSG-17999]
   USER 10 = user78:pwd78	[MsgId: MMSG-17999]
    2023-06-18 16:32:40.280 : Start page is opened	[MsgId: MMSG-17999]
    2023-06-18 16:32:44.266 : User is logged in with session 136661.641150263HAcQfDDpVzzzzzzHtcVHHpVQQ	[MsgId: MMSG-17999]
    2023-06-18 16:32:50.378 : User is logged out of session	[MsgId: MMSG-17999]
  2023-06-18 16:34:46.189 : IterationNum=11	[MsgId: MMSG-17999]
   USER 11 = user78:pwd78	[MsgId: MMSG-17999]
    2023-06-18 16:34:46.283 : Start page is opened	[MsgId: MMSG-17999]
    2023-06-18 16:34:51.504 : User is logged in with session 136661.651356825HAcQfDDpzQVzzzzHtcVHHpcAcVf	[MsgId: MMSG-17999]
    2023-06-18 16:34:57.145 : User is logged out of session	[MsgId: MMSG-17999]
  2023-06-18 16:36:52.192 : IterationNum=12	[MsgId: MMSG-17999]
   USER 12 = user78:pwd78	[MsgId: MMSG-17999]
    2023-06-18 16:36:52.286 : Start page is opened	[MsgId: MMSG-17999]
    2023-06-18 16:36:56.802 : User is logged in with session 136661.661563386HAcQfDtpcVzzzzzHtcVHHpcAfD	[MsgId: MMSG-17999]
    2023-06-18 16:37:02.474 : User is logged out of session	[MsgId: MMSG-17999]
  2023-06-18 16:38:58.194 : IterationNum=13	[MsgId: MMSG-17999]
   USER 13 = user78:pwd78	[MsgId: MMSG-17999]
    2023-06-18 16:38:58.288 : Start page is opened	[MsgId: MMSG-17999]
    2023-06-18 16:39:03.105 : User is logged in with session 136661.671769947HAcQfDtpHtVzzzzHtcVHHpcAitf	[MsgId: MMSG-17999]
    2023-06-18 16:39:08.560 : User is logged out of session	[MsgId: MMSG-17999]
  2023-06-18 16:41:04.198 : IterationNum=14	[MsgId: MMSG-17999]
   USER 14 = user78:pwd78	[MsgId: MMSG-17999]
    2023-06-18 16:41:04.292 : Start page is opened	[MsgId: MMSG-17999]
    2023-06-18 16:41:08.311 : User is logged in with session 136661.681976509HAcQfDfpczzzzzzHtcVHHpcVVz	[MsgId: MMSG-17999]
    2023-06-18 16:41:12.842 : User is logged out of session	[MsgId: MMSG-17999]
  2023-06-18 16:43:10.208 : IterationNum=15	[MsgId: MMSG-17999]
   USER 15 = user78:pwd78	[MsgId: MMSG-17999]
    2023-06-18 16:43:10.302 : Start page is opened	[MsgId: MMSG-17999]
    2023-06-18 16:43:14.241 : User is logged in with session 136661.69218307HAcQfDfpHQVzzzzHtcVHHpcVtHf	[MsgId: MMSG-17999]
    2023-06-18 16:43:19.997 : User is logged out of session	[MsgId: MMSG-17999]
  2023-06-18 16:45:16.210 : IterationNum=16	[MsgId: MMSG-17999]
   USER 16 = user78:pwd78	[MsgId: MMSG-17999]
    2023-06-18 16:45:16.304 : Start page is opened	[MsgId: MMSG-17999]
    2023-06-18 16:45:20.883 : User is logged in with session 136661.702389631HAcQfDzpDVzzzzzHtcVHHpcVHQ	[MsgId: MMSG-17999]
    2023-06-18 16:45:25.432 : User is logged out of session	[MsgId: MMSG-17999]
  2023-06-18 16:47:22.220 : IterationNum=17	[MsgId: MMSG-17999]
   USER 17 = user78:pwd78	[MsgId: MMSG-17999]
    2023-06-18 16:47:22.314 : Start page is opened	[MsgId: MMSG-17999]
    2023-06-18 16:47:27.627 : User is logged in with session 136661.712596193HAcQfDzpitVzzzzHtcVHHpccVAf	[MsgId: MMSG-17999]
    2023-06-18 16:47:32.412 : User is logged out of session	[MsgId: MMSG-17999]
  2023-06-18 16:49:28.235 : IterationNum=18	[MsgId: MMSG-17999]
   USER 18 = user78:pwd78	[MsgId: MMSG-17999]
    2023-06-18 16:49:28.329 : Start page is opened	[MsgId: MMSG-17999]
    2023-06-18 16:49:32.761 : User is logged in with session 136661.722802754HAcQfDHpDzzzzzzHtcVHHpcctc	[MsgId: MMSG-17999]
    2023-06-18 16:49:36.973 : User is logged out of session	[MsgId: MMSG-17999]
  2023-06-18 16:51:34.247 : IterationNum=19	[MsgId: MMSG-17999]
   USER 19 = user78:pwd78	[MsgId: MMSG-17999]
    2023-06-18 16:51:34.341 : Start page is opened	[MsgId: MMSG-17999]
    2023-06-18 16:51:40.248 : User is logged in with session 136661.733009316HAcQfDHpiQVzzzzHtcVHHpccHDf	[MsgId: MMSG-17999]
    2023-06-18 16:51:45.107 : User is logged out of session	[MsgId: MMSG-17999]
  2023-06-18 16:53:40.254 : IterationNum=20	[MsgId: MMSG-17999]
   USER 20 = user78:pwd78	[MsgId: MMSG-17999]
    2023-06-18 16:53:40.348 : Start page is opened	[MsgId: MMSG-17999]
    2023-06-18 16:53:45.881 : User is logged in with session 136661.743215877HAcQfDiptVzzzzzHtcVHHpcDAf	[MsgId: MMSG-17999]
    2023-06-18 16:53:51.883 : User is logged out of session	[MsgId: MMSG-17999]
  2023-06-18 16:55:46.268 : IterationNum=21	[MsgId: MMSG-17999]
   USER 21 = user78:pwd78	[MsgId: MMSG-17999]
    2023-06-18 16:55:46.362 : Start page is opened	[MsgId: MMSG-17999]
    2023-06-18 16:55:52.645 : User is logged in with session 136661.753422438HAcQfDipQtVzzzzHtcVHHpcDDzf	[MsgId: MMSG-17999]
    2023-06-18 16:55:57.177 : User is logged out of session	[MsgId: MMSG-17999]
  2023-06-18 16:57:52.273 : IterationNum=22	[MsgId: MMSG-17999]
   USER 22 = user78:pwd78	[MsgId: MMSG-17999]
    2023-06-18 16:57:52.367 : Start page is opened	[MsgId: MMSG-17999]
    2023-06-18 16:57:56.760 : User is logged in with session 136661.763629HAcQfDQptzzzzzzHtcVHHpcDzi	[MsgId: MMSG-17999]
    2023-06-18 16:58:01.884 : User is logged out of session	[MsgId: MMSG-17999]
  2023-06-18 16:59:58.282 : IterationNum=23	[MsgId: MMSG-17999]
   USER 23 = user78:pwd78	[MsgId: MMSG-17999]
    2023-06-18 16:59:58.376 : Start page is opened	[MsgId: MMSG-17999]
    2023-06-18 17:00:04.128 : User is logged in with session 136661.773835561HAcQfDQpQQVzzzzHtcVHHpcDQQf	[MsgId: MMSG-17999]
    2023-06-18 17:00:09.237 : User is logged out of session	[MsgId: MMSG-17999]
  2023-06-18 17:02:04.289 : IterationNum=24	[MsgId: MMSG-17999]
   USER 24 = user78:pwd78	[MsgId: MMSG-17999]
    2023-06-18 17:02:04.383 : Start page is opened	[MsgId: MMSG-17999]
    2023-06-18 17:02:09.354 : User is logged in with session 136661.784042122HAcQftApfVzzzzzHtcVHHpctDV	[MsgId: MMSG-17999]
    2023-06-18 17:02:14.547 : User is logged out of session	[MsgId: MMSG-17999]
  2023-06-18 17:04:10.300 : IterationNum=25	[MsgId: MMSG-17999]
   USER 25 = user78:pwd78	[MsgId: MMSG-17999]
    2023-06-18 17:04:10.394 : Start page is opened	[MsgId: MMSG-17999]
    2023-06-18 17:04:15.927 : User is logged in with session 136661.794248684HAcQftVpAtVzzzzHtcVHHpctzcf	[MsgId: MMSG-17999]
    2023-06-18 17:04:19.804 : User is logged out of session	[MsgId: MMSG-17999]
  2023-06-18 17:06:16.312 : IterationNum=26	[MsgId: MMSG-17999]
   USER 26 = user78:pwd78	[MsgId: MMSG-17999]
    2023-06-18 17:06:16.406 : Start page is opened	[MsgId: MMSG-17999]
    2023-06-18 17:06:22.533 : User is logged in with session 136661.804455245HAcQftVpfzzzzzzHtcVHHpctQt	[MsgId: MMSG-17999]
    2023-06-18 17:06:28.022 : User is logged out of session	[MsgId: MMSG-17999]
  2023-06-18 17:08:22.323 : IterationNum=27	[MsgId: MMSG-17999]
   USER 27 = user78:pwd78	[MsgId: MMSG-17999]
    2023-06-18 17:08:22.417 : Start page is opened	[MsgId: MMSG-17999]
    2023-06-18 17:08:26.438 : User is logged in with session 136661.814661806HAcQftcpAQVzzzzHtcVHHpcfcff	[MsgId: MMSG-17999]
    2023-06-18 17:08:31.780 : User is logged out of session	[MsgId: MMSG-17999]
  2023-06-18 17:10:28.328 : IterationNum=28	[MsgId: MMSG-17999]
   USER 28 = user78:pwd78	[MsgId: MMSG-17999]
    2023-06-18 17:10:28.422 : Start page is opened	[MsgId: MMSG-17999]
    2023-06-18 17:10:34.545 : User is logged in with session 136661.824868368HAcQftcpzVzzzzzHtcVHHpcffH	[MsgId: MMSG-17999]
    2023-06-18 17:10:40.283 : User is logged out of session	[MsgId: MMSG-17999]
  2023-06-18 17:12:34.342 : IterationNum=29	[MsgId: MMSG-17999]
   USER 29 = user78:pwd78	[MsgId: MMSG-17999]
    2023-06-18 17:12:34.436 : Start page is opened	[MsgId: MMSG-17999]
    2023-06-18 17:12:40.765 : User is logged in with session 136661.835074929HAcQftDpVtVzzzzHtcVHHpcfiif	[MsgId: MMSG-17999]
    2023-06-18 17:12:44.941 : User is logged out of session	[MsgId: MMSG-17999]
  2023-06-18 17:14:40.345 : IterationNum=30	[MsgId: MMSG-17999]
   USER 30 = user78:pwd78	[MsgId: MMSG-17999]
    2023-06-18 17:14:40.439 : Start page is opened	[MsgId: MMSG-17999]
    2023-06-18 17:14:45.643 : User is logged in with session 136661.84528149HAcQftDpzzzzzzzHtcVHHpczc	[MsgId: MMSG-17999]
    2023-06-18 17:14:51.506 : User is logged out of session	[MsgId: MMSG-17999]
  2023-06-18 17:16:46.358 : IterationNum=31	[MsgId: MMSG-17999]
   USER 31 = user78:pwd78	[MsgId: MMSG-17999]
    2023-06-18 17:16:46.452 : Start page is opened	[MsgId: MMSG-17999]
    2023-06-18 17:16:52.055 : User is logged in with session 136661.855488052HAcQfttpVQVzzzzHtcVHHpczfVf	[MsgId: MMSG-17999]
    2023-06-18 17:16:57.243 : User is logged out of session	[MsgId: MMSG-17999]
