  2023-06-18 16:11:55.849 : IterationNum=1	[MsgId: MMSG-17999]
   USER 1 = user67:pwd67	[MsgId: MMSG-17999]
    2023-06-18 16:11:55.933 : Start page is opened	[MsgId: MMSG-17999]
    2023-06-18 16:12:00.435 : User is logged in with session 136661.540299716HAcQfcHpQHQVzzzHtcVHHpVzHiHf	[MsgId: MMSG-17999]
    2023-06-18 16:12:05.623 : User is logged out of session	[MsgId: MMSG-17999]
  2023-06-18 16:14:01.856 : IterationNum=2	[MsgId: MMSG-17999]
   USER 2 = user67:pwd67	[MsgId: MMSG-17999]
    2023-06-18 16:14:01.950 : Start page is opened	[MsgId: MMSG-17999]
    2023-06-18 16:14:07.483 : User is logged in with session 136661.550506278HAcQfcipfAtVzzzHtcVHHpVHVAcf	[MsgId: MMSG-17999]
    2023-06-18 16:14:12.867 : User is logged out of session	[MsgId: MMSG-17999]
  2023-06-18 16:16:07.857 : IterationNum=3	[MsgId: MMSG-17999]
   USER 3 = user67:pwd67	[MsgId: MMSG-17999]
    2023-06-18 16:16:07.952 : Start page is opened	[MsgId: MMSG-17999]
    2023-06-18 16:16:13.447 : User is logged in with session 136661.560712839HAcQfcQpAcQVzzzHtcVHHpVHtVHf	[MsgId: MMSG-17999]
    2023-06-18 16:16:17.481 : User is logged out of session	[MsgId: MMSG-17999]
  2023-06-18 16:18:13.863 : IterationNum=4	[MsgId: MMSG-17999]
   USER 4 = user67:pwd67	[MsgId: MMSG-17999]
    2023-06-18 16:18:13.956 : Start page is opened	[MsgId: MMSG-17999]
    2023-06-18 16:18:19.411 : User is logged in with session 136661.570919401HAcQfcQpfftVzzzHtcVHHpVHHDcf	[MsgId: MMSG-17999]
    2023-06-18 16:18:23.881 : User is logged out of session	[MsgId: MMSG-17999]
  2023-06-18 16:20:19.873 : IterationNum=5	[MsgId: MMSG-17999]
   USER 5 = user67:pwd67	[MsgId: MMSG-17999]
    2023-06-18 16:20:19.967 : Start page is opened	[MsgId: MMSG-17999]
    2023-06-18 16:20:26.218 : User is logged in with session 136661.581125962HAcQfDApAHQVzzzHtcVHHpViAtHf	[MsgId: MMSG-17999]
    2023-06-18 16:20:30.876 : User is logged out of session	[MsgId: MMSG-17999]
  2023-06-18 16:22:25.880 : IterationNum=6	[MsgId: MMSG-17999]
   USER 6 = user67:pwd67	[MsgId: MMSG-17999]
    2023-06-18 16:22:25.974 : Start page is opened	[MsgId: MMSG-17999]
    2023-06-18 16:22:31.070 : User is logged in with session 136661.591332523HAcQfDApzAtVzzzHtcVHHpViDzcf	[MsgId: MMSG-17999]
    2023-06-18 16:22:37.100 : User is logged out of session	[MsgId: MMSG-17999]
  2023-06-18 16:24:31.891 : IterationNum=7	[MsgId: MMSG-17999]
   USER 7 = user67:pwd67	[MsgId: MMSG-17999]
    2023-06-18 16:24:31.985 : Start page is opened	[MsgId: MMSG-17999]
    2023-06-18 16:24:36.436 : User is logged in with session 136661.601539085HAcQfDVpVcQVzzzHtcVHHpVizHHf	[MsgId: MMSG-17999]
    2023-06-18 16:24:41.922 : User is logged out of session	[MsgId: MMSG-17999]
  2023-06-18 16:26:37.897 : IterationNum=8	[MsgId: MMSG-17999]
   USER 8 = user67:pwd67	[MsgId: MMSG-17999]
    2023-06-18 16:26:37.991 : Start page is opened	[MsgId: MMSG-17999]
    2023-06-18 16:26:42.836 : User is logged in with session 136661.611745646HAcQfDVpzftVzzzHtcVHHpViQQcf	[MsgId: MMSG-17999]
    2023-06-18 16:26:49.134 : User is logged out of session	[MsgId: MMSG-17999]
  2023-06-18 16:28:43.903 : IterationNum=9	[MsgId: MMSG-17999]
   USER 9 = user67:pwd67	[MsgId: MMSG-17999]
    2023-06-18 16:28:43.998 : Start page is opened	[MsgId: MMSG-17999]
    2023-06-18 16:28:50.025 : User is logged in with session 136661.621952207HAcQfDcpVHQVzzzHtcVHHpVQDAHf	[MsgId: MMSG-17999]
    2023-06-18 16:28:54.344 : User is logged out of session	[MsgId: MMSG-17999]
  2023-06-18 16:30:49.909 : IterationNum=10	[MsgId: MMSG-17999]
   USER 10 = user67:pwd67	[MsgId: MMSG-17999]
    2023-06-18 16:30:50.003 : Start page is opened	[MsgId: MMSG-17999]
    2023-06-18 16:30:54.629 : User is logged in with session 136661.632158769HAcQfDcpHAtVzzzHtcVHHpVQzccf	[MsgId: MMSG-17999]
    2023-06-18 16:31:00.932 : User is logged out of session	[MsgId: MMSG-17999]
  2023-06-18 16:32:55.910 : IterationNum=11	[MsgId: MMSG-17999]
   USER 11 = user67:pwd67	[MsgId: MMSG-17999]
    2023-06-18 16:32:56.004 : Start page is opened	[MsgId: MMSG-17999]
    2023-06-18 16:33:01.398 : User is logged in with session 136661.64236533HAcQfDDpccQVzzzHtcVHHpVQQDHf	[MsgId: MMSG-17999]
    2023-06-18 16:33:07.211 : User is logged out of session	[MsgId: MMSG-17999]
  2023-06-18 16:35:01.912 : IterationNum=12	[MsgId: MMSG-17999]
   USER 12 = user67:pwd67	[MsgId: MMSG-17999]
    2023-06-18 16:35:02.005 : Start page is opened	[MsgId: MMSG-17999]
    2023-06-18 16:35:05.976 : User is logged in with session 136661.652571891HAcQfDDpHftVzzzHtcVHHpcAcfcf	[MsgId: MMSG-17999]
    2023-06-18 16:35:11.630 : User is logged out of session	[MsgId: MMSG-17999]
  2023-06-18 16:37:07.913 : IterationNum=13	[MsgId: MMSG-17999]
   USER 13 = user67:pwd67	[MsgId: MMSG-17999]
    2023-06-18 16:37:08.007 : Start page is opened	[MsgId: MMSG-17999]
    2023-06-18 16:37:12.933 : User is logged in with session 136661.662778453HAcQfDtpcHQVzzzHtcVHHpcAfzHf	[MsgId: MMSG-17999]
    2023-06-18 16:37:17.990 : User is logged out of session	[MsgId: MMSG-17999]
  2023-06-18 16:39:13.920 : IterationNum=14	[MsgId: MMSG-17999]
   USER 14 = user67:pwd67	[MsgId: MMSG-17999]
    2023-06-18 16:39:14.014 : Start page is opened	[MsgId: MMSG-17999]
    2023-06-18 16:39:19.127 : User is logged in with session 136661.672985014HAcQfDtpiAtVzzzHtcVHHpcAiicf	[MsgId: MMSG-17999]
    2023-06-18 16:39:24.861 : User is logged out of session	[MsgId: MMSG-17999]
  2023-06-18 16:41:19.921 : IterationNum=15	[MsgId: MMSG-17999]
   USER 15 = user67:pwd67	[MsgId: MMSG-17999]
    2023-06-18 16:41:20.015 : Start page is opened	[MsgId: MMSG-17999]
    2023-06-18 16:41:25.768 : User is logged in with session 136661.683191576HAcQfDfpDcQVzzzHtcVHHpcVVQHf	[MsgId: MMSG-17999]
    2023-06-18 16:41:30.816 : User is logged out of session	[MsgId: MMSG-17999]
  2023-06-18 16:43:25.931 : IterationNum=16	[MsgId: MMSG-17999]
   USER 16 = user67:pwd67	[MsgId: MMSG-17999]
    2023-06-18 16:43:26.026 : Start page is opened	[MsgId: MMSG-17999]
    2023-06-18 16:43:32.365 : User is logged in with session 136661.693398137HAcQfDfpiftVzzzHtcVHHpcVfVcf	[MsgId: MMSG-17999]
    2023-06-18 16:43:37.146 : User is logged out of session	[MsgId: MMSG-17999]
  2023-06-18 16:45:31.933 : IterationNum=17	[MsgId: MMSG-17999]
   USER 17 = user67:pwd67	[MsgId: MMSG-17999]
    2023-06-18 16:45:32.027 : Start page is opened	[MsgId: MMSG-17999]
    2023-06-18 16:45:37.984 : User is logged in with session 136661.703604698HAcQfDzpDHQVzzzHtcVHHpcVicHf	[MsgId: MMSG-17999]
    2023-06-18 16:45:42.484 : User is logged out of session	[MsgId: MMSG-17999]
  2023-06-18 16:47:37.944 : IterationNum=18	[MsgId: MMSG-17999]
   USER 18 = user67:pwd67	[MsgId: MMSG-17999]
    2023-06-18 16:47:38.038 : Start page is opened	[MsgId: MMSG-17999]
    2023-06-18 16:47:43.337 : User is logged in with session 136661.71381126HAcQfDzpQAtVzzzHtcVHHpccVtcf	[MsgId: MMSG-17999]
    2023-06-18 16:47:47.573 : User is logged out of session	[MsgId: MMSG-17999]
  2023-06-18 16:49:43.952 : IterationNum=19	[MsgId: MMSG-17999]
   USER 19 = user67:pwd67	[MsgId: MMSG-17999]
    2023-06-18 16:49:44.046 : Start page is opened	[MsgId: MMSG-17999]
    2023-06-18 16:49:49.025 : User is logged in with session 136661.724017821HAcQfDHptcQVzzzHtcVHHpcctfHf	[MsgId: MMSG-17999]
    2023-06-18 16:49:55.020 : User is logged out of session	[MsgId: MMSG-17999]
  2023-06-18 16:51:49.968 : IterationNum=20	[MsgId: MMSG-17999]
   USER 20 = user67:pwd67	[MsgId: MMSG-17999]
    2023-06-18 16:51:50.062 : Start page is opened	[MsgId: MMSG-17999]
    2023-06-18 16:51:55.689 : User is logged in with session 136661.734224382HAcQfDHpQftVzzzHtcVHHpccHHcf	[MsgId: MMSG-17999]
    2023-06-18 16:52:00.175 : User is logged out of session	[MsgId: MMSG-17999]
  2023-06-18 16:53:55.978 : IterationNum=21	[MsgId: MMSG-17999]
   USER 21 = user67:pwd67	[MsgId: MMSG-17999]
    2023-06-18 16:53:56.072 : Start page is opened	[MsgId: MMSG-17999]
    2023-06-18 16:54:00.449 : User is logged in with session 136661.744430944HAcQfDiptHQVzzzHtcVHHpcDAiHf	[MsgId: MMSG-17999]
    2023-06-18 16:54:05.152 : User is logged out of session	[MsgId: MMSG-17999]
  2023-06-18 16:56:01.990 : IterationNum=22	[MsgId: MMSG-17999]
   USER 22 = user67:pwd67	[MsgId: MMSG-17999]
    2023-06-18 16:56:02.084 : Start page is opened	[MsgId: MMSG-17999]
    2023-06-18 16:56:06.304 : User is logged in with session 136661.75471851HAcQfDQpAAiDDDDDtcVHHpcDtAf	[MsgId: MMSG-17999]
    2023-06-18 16:56:10.493 : User is logged out of session	[MsgId: MMSG-17999]
  2023-06-18 16:58:07.992 : IterationNum=23	[MsgId: MMSG-17999]
   USER 23 = user67:pwd67	[MsgId: MMSG-17999]
    2023-06-18 16:58:08.086 : Start page is opened	[MsgId: MMSG-17999]
    2023-06-18 16:58:14.134 : User is logged in with session 136661.764925071HAcQfDQpfDDDDDDDtcVHHpcDHc	[MsgId: MMSG-17999]
    2023-06-18 16:58:18.370 : User is logged out of session	[MsgId: MMSG-17999]
  2023-06-18 17:00:14.004 : IterationNum=24	[MsgId: MMSG-17999]
   USER 24 = user67:pwd67	[MsgId: MMSG-17999]
    2023-06-18 17:00:14.098 : Start page is opened	[MsgId: MMSG-17999]
    2023-06-18 17:00:19.428 : User is logged in with session 136661.775131632HAcQftApAfiDDDDDtcVHHpctADf	[MsgId: MMSG-17999]
    2023-06-18 17:00:24.142 : User is logged out of session	[MsgId: MMSG-17999]
  2023-06-18 17:02:20.017 : IterationNum=25	[MsgId: MMSG-17999]
   USER 25 = user67:pwd67	[MsgId: MMSG-17999]
    2023-06-18 17:02:20.111 : Start page is opened	[MsgId: MMSG-17999]
    2023-06-18 17:02:25.942 : User is logged in with session 136661.785338194HAcQftApfiDDDDDDtcVHHpctDf	[MsgId: MMSG-17999]
    2023-06-18 17:02:30.661 : User is logged out of session	[MsgId: MMSG-17999]
  2023-06-18 17:04:26.024 : IterationNum=26	[MsgId: MMSG-17999]
   USER 26 = user67:pwd67	[MsgId: MMSG-17999]
    2023-06-18 17:04:26.118 : Start page is opened	[MsgId: MMSG-17999]
    2023-06-18 17:04:31.322 : User is logged in with session 136661.795544755HAcQftVpVAiDDDDDtcVHHpctzzf	[MsgId: MMSG-17999]
    2023-06-18 17:04:36.651 : User is logged out of session	[MsgId: MMSG-17999]
  2023-06-18 17:06:32.034 : IterationNum=27	[MsgId: MMSG-17999]
   USER 27 = user67:pwd67	[MsgId: MMSG-17999]
    2023-06-18 17:06:32.129 : Start page is opened	[MsgId: MMSG-17999]
    2023-06-18 17:06:37.905 : User is logged in with session 136661.805751316HAcQftVpzDDDDDDDtcVHHpctQi	[MsgId: MMSG-17999]
    2023-06-18 17:06:43.546 : User is logged out of session	[MsgId: MMSG-17999]
  2023-06-18 17:08:38.046 : IterationNum=28	[MsgId: MMSG-17999]
   USER 28 = user67:pwd67	[MsgId: MMSG-17999]
    2023-06-18 17:08:38.140 : Start page is opened	[MsgId: MMSG-17999]
    2023-06-18 17:08:44.081 : User is logged in with session 136661.815957878HAcQftcpVfiDDDDDtcVHHpcfcQf	[MsgId: MMSG-17999]
    2023-06-18 17:08:48.612 : User is logged out of session	[MsgId: MMSG-17999]
  2023-06-18 17:10:44.048 : IterationNum=29	[MsgId: MMSG-17999]
   USER 29 = user67:pwd67	[MsgId: MMSG-17999]
    2023-06-18 17:10:44.142 : Start page is opened	[MsgId: MMSG-17999]
    2023-06-18 17:10:48.081 : User is logged in with session 136661.826164439HAcQftcpziDDDDDDtcVHHpcfzV	[MsgId: MMSG-17999]
    2023-06-18 17:10:52.708 : User is logged out of session	[MsgId: MMSG-17999]
  2023-06-18 17:12:50.053 : IterationNum=30	[MsgId: MMSG-17999]
   USER 30 = user67:pwd67	[MsgId: MMSG-17999]
    2023-06-18 17:12:50.146 : Start page is opened	[MsgId: MMSG-17999]
    2023-06-18 17:12:56.243 : User is logged in with session 136661.836371HAcQftDpcAiDDDDDtcVHHpcfQcf	[MsgId: MMSG-17999]
    2023-06-18 17:13:00.556 : User is logged out of session	[MsgId: MMSG-17999]
  2023-06-18 17:14:56.054 : IterationNum=31	[MsgId: MMSG-17999]
   USER 31 = user67:pwd67	[MsgId: MMSG-17999]
    2023-06-18 17:14:56.148 : Start page is opened	[MsgId: MMSG-17999]
    2023-06-18 17:15:02.026 : User is logged in with session 136661.846577562HAcQftDpHDDDDDDDtcVHHpczct	[MsgId: MMSG-17999]
    2023-06-18 17:15:06.153 : User is logged out of session	[MsgId: MMSG-17999]
  2023-06-18 17:17:02.057 : IterationNum=32	[MsgId: MMSG-17999]
   USER 32 = user67:pwd67	[MsgId: MMSG-17999]
    2023-06-18 17:17:02.150 : Start page is opened	[MsgId: MMSG-17999]
    2023-06-18 17:17:06.984 : User is logged in with session 136661.856784123HAcQfttpcfiDDDDDtcVHHpczfff	[MsgId: MMSG-17999]
    2023-06-18 17:17:11.357 : User is logged out of session	[MsgId: MMSG-17999]
