  2023-06-18 16:14:06.129 : IterationNum=1	[MsgId: MMSG-17999]
   USER 1 = user80:pwd80	[MsgId: MMSG-17999]
    2023-06-18 16:14:06.220 : Start page is opened	[MsgId: MMSG-17999]
    2023-06-18 16:14:10.822 : User is logged in with session 136661.5509113HAcQfcipfcftcVHHpVHVVf	[MsgId: MMSG-17999]
    2023-06-18 16:14:16.924 : User is logged out of session	[MsgId: MMSG-17999]
  2023-06-18 16:16:12.138 : IterationNum=2	[MsgId: MMSG-17999]
   USER 2 = user80:pwd80	[MsgId: MMSG-17999]
    2023-06-18 16:16:12.230 : Start page is opened	[MsgId: MMSG-17999]
    2023-06-18 16:16:16.687 : User is logged in with session 136661.561117861HAcQfcQpAftcVHHpVHtD	[MsgId: MMSG-17999]
    2023-06-18 16:16:22.422 : User is logged out of session	[MsgId: MMSG-17999]
  2023-06-18 16:18:18.145 : IterationNum=3	[MsgId: MMSG-17999]
   USER 3 = user80:pwd80	[MsgId: MMSG-17999]
    2023-06-18 16:18:18.239 : Start page is opened	[MsgId: MMSG-17999]
    2023-06-18 16:18:22.412 : User is logged in with session 136661.571324423HAcQfcQpfHftcVHHpVHHtf	[MsgId: MMSG-17999]
    2023-06-18 16:18:27.537 : User is logged out of session	[MsgId: MMSG-17999]
  2023-06-18 16:20:24.155 : IterationNum=4	[MsgId: MMSG-17999]
   USER 4 = user80:pwd80	[MsgId: MMSG-17999]
    2023-06-18 16:20:24.249 : Start page is opened	[MsgId: MMSG-17999]
    2023-06-18 16:20:28.391 : User is logged in with session 136661.581530984HAcQfDApVtcVHHpViAz	[MsgId: MMSG-17999]
    2023-06-18 16:20:32.403 : User is logged out of session	[MsgId: MMSG-17999]
  2023-06-18 16:22:30.163 : IterationNum=5	[MsgId: MMSG-17999]
   USER 5 = user80:pwd80	[MsgId: MMSG-17999]
    2023-06-18 16:22:30.257 : Start page is opened	[MsgId: MMSG-17999]
    2023-06-18 16:22:36.255 : User is logged in with session 136661.591737546HAcQfDApzcftcVHHpViDHf	[MsgId: MMSG-17999]
    2023-06-18 16:22:41.694 : User is logged out of session	[MsgId: MMSG-17999]
  2023-06-18 16:24:36.167 : IterationNum=6	[MsgId: MMSG-17999]
   USER 6 = user80:pwd80	[MsgId: MMSG-17999]
    2023-06-18 16:24:36.261 : Start page is opened	[MsgId: MMSG-17999]
    2023-06-18 16:24:42.248 : User is logged in with session 136661.601944107HAcQfDVpVftcVHHpVizQ	[MsgId: MMSG-17999]
    2023-06-18 16:24:48.064 : User is logged out of session	[MsgId: MMSG-17999]
  2023-06-18 16:26:42.179 : IterationNum=7	[MsgId: MMSG-17999]
   USER 7 = user80:pwd80	[MsgId: MMSG-17999]
    2023-06-18 16:26:42.273 : Start page is opened	[MsgId: MMSG-17999]
    2023-06-18 16:26:48.385 : User is logged in with session 136661.612150668HAcQfDVpzHftcVHHpVQAAf	[MsgId: MMSG-17999]
    2023-06-18 16:26:53.636 : User is logged out of session	[MsgId: MMSG-17999]
  2023-06-18 16:28:48.195 : IterationNum=8	[MsgId: MMSG-17999]
   USER 8 = user80:pwd80	[MsgId: MMSG-17999]
    2023-06-18 16:28:48.289 : Start page is opened	[MsgId: MMSG-17999]
    2023-06-18 16:28:54.253 : User is logged in with session 136661.62235723HAcQfDcpctcVHHpVQDc	[MsgId: MMSG-17999]
    2023-06-18 16:29:00.503 : User is logged out of session	[MsgId: MMSG-17999]
  2023-06-18 16:30:54.207 : IterationNum=9	[MsgId: MMSG-17999]
   USER 9 = user80:pwd80	[MsgId: MMSG-17999]
    2023-06-18 16:30:54.301 : Start page is opened	[MsgId: MMSG-17999]
    2023-06-18 16:30:59.057 : User is logged in with session 136661.632563791HAcQfDcpHcftcVHHpVQzDf	[MsgId: MMSG-17999]
    2023-06-18 16:31:03.933 : User is logged out of session	[MsgId: MMSG-17999]
  2023-06-18 16:33:00.224 : IterationNum=10	[MsgId: MMSG-17999]
   USER 10 = user80:pwd80	[MsgId: MMSG-17999]
    2023-06-18 16:33:00.318 : Start page is opened	[MsgId: MMSG-17999]
    2023-06-18 16:33:06.554 : User is logged in with session 136661.642770352HAcQfDDpcftcVHHpVQQf	[MsgId: MMSG-17999]
    2023-06-18 16:33:10.480 : User is logged out of session	[MsgId: MMSG-17999]
  2023-06-18 16:35:06.225 : IterationNum=11	[MsgId: MMSG-17999]
   USER 11 = user80:pwd80	[MsgId: MMSG-17999]
    2023-06-18 16:35:06.319 : Start page is opened	[MsgId: MMSG-17999]
    2023-06-18 16:35:10.259 : User is logged in with session 136661.652976914HAcQfDDpHHftcVHHpcAczf	[MsgId: MMSG-17999]
    2023-06-18 16:35:14.347 : User is logged out of session	[MsgId: MMSG-17999]
  2023-06-18 16:37:12.227 : IterationNum=12	[MsgId: MMSG-17999]
   USER 12 = user80:pwd80	[MsgId: MMSG-17999]
    2023-06-18 16:37:12.321 : Start page is opened	[MsgId: MMSG-17999]
    2023-06-18 16:37:17.831 : User is logged in with session 136661.663183475HAcQfDtpDtcVHHpcAfi	[MsgId: MMSG-17999]
    2023-06-18 16:37:22.312 : User is logged out of session	[MsgId: MMSG-17999]
  2023-06-18 16:39:18.235 : IterationNum=13	[MsgId: MMSG-17999]
   USER 13 = user80:pwd80	[MsgId: MMSG-17999]
    2023-06-18 16:39:18.329 : Start page is opened	[MsgId: MMSG-17999]
    2023-06-18 16:39:23.565 : User is logged in with session 136661.673390036HAcQfDtpicftcVHHpcAiQf	[MsgId: MMSG-17999]
    2023-06-18 16:39:28.350 : User is logged out of session	[MsgId: MMSG-17999]
  2023-06-18 16:41:24.236 : IterationNum=14	[MsgId: MMSG-17999]
   USER 14 = user80:pwd80	[MsgId: MMSG-17999]
    2023-06-18 16:41:24.330 : Start page is opened	[MsgId: MMSG-17999]
    2023-06-18 16:41:30.472 : User is logged in with session 136661.683596598HAcQfDfpDftcVHHpcVcV	[MsgId: MMSG-17999]
    2023-06-18 16:41:35.522 : User is logged out of session	[MsgId: MMSG-17999]
  2023-06-18 16:43:30.245 : IterationNum=15	[MsgId: MMSG-17999]
   USER 15 = user80:pwd80	[MsgId: MMSG-17999]
    2023-06-18 16:43:30.339 : Start page is opened	[MsgId: MMSG-17999]
    2023-06-18 16:43:35.568 : User is logged in with session 136661.693803159HAcQfDfpiHftcVHHpcVfcf	[MsgId: MMSG-17999]
    2023-06-18 16:43:41.131 : User is logged out of session	[MsgId: MMSG-17999]
  2023-06-18 16:45:36.249 : IterationNum=16	[MsgId: MMSG-17999]
   USER 16 = user80:pwd80	[MsgId: MMSG-17999]
    2023-06-18 16:45:36.343 : Start page is opened	[MsgId: MMSG-17999]
    2023-06-18 16:45:41.691 : User is logged in with session 136661.704009721HAcQfDzpttcVHHpcVit	[MsgId: MMSG-17999]
    2023-06-18 16:45:47.252 : User is logged out of session	[MsgId: MMSG-17999]
  2023-06-18 16:47:42.255 : IterationNum=17	[MsgId: MMSG-17999]
   USER 17 = user80:pwd80	[MsgId: MMSG-17999]
    2023-06-18 16:47:42.349 : Start page is opened	[MsgId: MMSG-17999]
    2023-06-18 16:47:47.118 : User is logged in with session 136661.714216282HAcQfDzpQcftcVHHpccVff	[MsgId: MMSG-17999]
    2023-06-18 16:47:52.071 : User is logged out of session	[MsgId: MMSG-17999]
  2023-06-18 16:49:48.266 : IterationNum=18	[MsgId: MMSG-17999]
   USER 18 = user80:pwd80	[MsgId: MMSG-17999]
    2023-06-18 16:49:48.360 : Start page is opened	[MsgId: MMSG-17999]
    2023-06-18 16:49:52.426 : User is logged in with session 136661.724422843HAcQfDHptftcVHHpcctH	[MsgId: MMSG-17999]
    2023-06-18 16:49:56.396 : User is logged out of session	[MsgId: MMSG-17999]
  2023-06-18 16:51:54.282 : IterationNum=19	[MsgId: MMSG-17999]
   USER 19 = user80:pwd80	[MsgId: MMSG-17999]
    2023-06-18 16:51:54.376 : Start page is opened	[MsgId: MMSG-17999]
    2023-06-18 16:51:59.752 : User is logged in with session 136661.734629405HAcQfDHpQHftcVHHpccHif	[MsgId: MMSG-17999]
    2023-06-18 16:52:04.410 : User is logged out of session	[MsgId: MMSG-17999]
  2023-06-18 16:54:00.292 : IterationNum=20	[MsgId: MMSG-17999]
   USER 20 = user80:pwd80	[MsgId: MMSG-17999]
    2023-06-18 16:54:00.386 : Start page is opened	[MsgId: MMSG-17999]
    2023-06-18 16:54:04.623 : User is logged in with session 136661.744835966HAcQfDipftcVHHpcDV	[MsgId: MMSG-17999]
    2023-06-18 16:54:10.395 : User is logged out of session	[MsgId: MMSG-17999]
  2023-06-18 16:56:06.304 : IterationNum=21	[MsgId: MMSG-17999]
   USER 21 = user80:pwd80	[MsgId: MMSG-17999]
    2023-06-18 16:56:06.398 : Start page is opened	[MsgId: MMSG-17999]
    2023-06-18 16:56:11.154 : User is logged in with session 136661.755042527HAcQfDQpAcftcVHHpcDtVf	[MsgId: MMSG-17999]
    2023-06-18 16:56:15.621 : User is logged out of session	[MsgId: MMSG-17999]
  2023-06-18 16:58:12.306 : IterationNum=22	[MsgId: MMSG-17999]
   USER 22 = user80:pwd80	[MsgId: MMSG-17999]
    2023-06-18 16:58:12.400 : Start page is opened	[MsgId: MMSG-17999]
    2023-06-18 16:58:16.541 : User is logged in with session 136661.765249089HAcQfDQpfftcVHHpcDHD	[MsgId: MMSG-17999]
    2023-06-18 16:58:20.935 : User is logged out of session	[MsgId: MMSG-17999]
  2023-06-18 17:00:18.318 : IterationNum=23	[MsgId: MMSG-17999]
   USER 23 = user80:pwd80	[MsgId: MMSG-17999]
    2023-06-18 17:00:18.411 : Start page is opened	[MsgId: MMSG-17999]
    2023-06-18 17:00:22.720 : User is logged in with session 136661.77545565HAcQftApAHftcVHHpctAtf	[MsgId: MMSG-17999]
    2023-06-18 17:00:28.175 : User is logged out of session	[MsgId: MMSG-17999]
  2023-06-18 17:02:24.331 : IterationNum=24	[MsgId: MMSG-17999]
   USER 24 = user80:pwd80	[MsgId: MMSG-17999]
    2023-06-18 17:02:24.425 : Start page is opened	[MsgId: MMSG-17999]
    2023-06-18 17:02:30.286 : User is logged in with session 136661.785662211HAcQftApztcVHHpctDz	[MsgId: MMSG-17999]
    2023-06-18 17:02:35.399 : User is logged out of session	[MsgId: MMSG-17999]
  2023-06-18 17:04:30.337 : IterationNum=25	[MsgId: MMSG-17999]
   USER 25 = user80:pwd80	[MsgId: MMSG-17999]
    2023-06-18 17:04:30.431 : Start page is opened	[MsgId: MMSG-17999]
    2023-06-18 17:04:35.104 : User is logged in with session 136661.795868773HAcQftVpVcftcVHHpctzHf	[MsgId: MMSG-17999]
    2023-06-18 17:04:40.230 : User is logged out of session	[MsgId: MMSG-17999]
  2023-06-18 17:06:36.341 : IterationNum=26	[MsgId: MMSG-17999]
   USER 26 = user80:pwd80	[MsgId: MMSG-17999]
    2023-06-18 17:06:36.435 : Start page is opened	[MsgId: MMSG-17999]
    2023-06-18 17:06:42.111 : User is logged in with session 136661.806075334HAcQftVpzftcVHHpctQQ	[MsgId: MMSG-17999]
    2023-06-18 17:06:47.156 : User is logged out of session	[MsgId: MMSG-17999]
  2023-06-18 17:08:42.343 : IterationNum=27	[MsgId: MMSG-17999]
   USER 27 = user80:pwd80	[MsgId: MMSG-17999]
    2023-06-18 17:08:42.437 : Start page is opened	[MsgId: MMSG-17999]
    2023-06-18 17:08:47.268 : User is logged in with session 136661.816281896HAcQftcpVHftcVHHpcfDAf	[MsgId: MMSG-17999]
    2023-06-18 17:08:51.333 : User is logged out of session	[MsgId: MMSG-17999]
  2023-06-18 17:10:48.346 : IterationNum=28	[MsgId: MMSG-17999]
   USER 28 = user80:pwd80	[MsgId: MMSG-17999]
    2023-06-18 17:10:48.440 : Start page is opened	[MsgId: MMSG-17999]
    2023-06-18 17:10:54.441 : User is logged in with session 136661.826488457HAcQftcpHtcVHHpcfzc	[MsgId: MMSG-17999]
    2023-06-18 17:10:58.787 : User is logged out of session	[MsgId: MMSG-17999]
  2023-06-18 17:12:54.352 : IterationNum=29	[MsgId: MMSG-17999]
   USER 29 = user80:pwd80	[MsgId: MMSG-17999]
    2023-06-18 17:12:54.446 : Start page is opened	[MsgId: MMSG-17999]
    2023-06-18 17:13:00.415 : User is logged in with session 136661.836695018HAcQftDpccftcVHHpcfQDf	[MsgId: MMSG-17999]
    2023-06-18 17:13:06.792 : User is logged out of session	[MsgId: MMSG-17999]
  2023-06-18 17:15:00.352 : IterationNum=30	[MsgId: MMSG-17999]
   USER 30 = user80:pwd80	[MsgId: MMSG-17999]
    2023-06-18 17:15:00.446 : Start page is opened	[MsgId: MMSG-17999]
    2023-06-18 17:15:06.666 : User is logged in with session 136661.84690158HAcQftDpHftcVHHpczcf	[MsgId: MMSG-17999]
    2023-06-18 17:15:11.745 : User is logged out of session	[MsgId: MMSG-17999]
  2023-06-18 17:17:06.356 : IterationNum=31	[MsgId: MMSG-17999]
   USER 31 = user80:pwd80	[MsgId: MMSG-17999]
    2023-06-18 17:17:06.450 : Start page is opened	[MsgId: MMSG-17999]
    2023-06-18 17:17:10.841 : User is logged in with session 136661.857108141HAcQfttpcHftcVHHpczfzf	[MsgId: MMSG-17999]
    2023-06-18 17:17:17.108 : User is logged out of session	[MsgId: MMSG-17999]
