  2023-06-18 16:11:30.756 : IterationNum=1	[MsgId: MMSG-17999]
   USER 1 = user34:pwd34	[MsgId: MMSG-17999]
    2023-06-18 16:11:30.853 : Start page is opened	[MsgId: MMSG-17999]
    2023-06-18 16:11:36.658 : User is logged in with session 136661.538274605HAcQfcHpiHftcVHHpVzHcf	[MsgId: MMSG-17999]
    2023-06-18 16:11:42.013 : Search page opened	[MsgId: MMSG-17999]
    2023-06-18 16:11:53.327 : Flights found : 133;386;06/21/2023 and 311;292;06/18/2023	[MsgId: MMSG-17999]
    2023-06-18 16:11:53.327 : Sity depart : Frankfurt, Sity arrive : Los Angeles	[MsgId: MMSG-17999]
    2023-06-18 16:12:05.664 : Found Seat Type : Business, Seat Pref : Window	[MsgId: MMSG-17999]
    2023-06-18 16:12:11.528 : User is logged out of session	[MsgId: MMSG-17999]
  2023-06-18 16:14:10.757 : IterationNum=2	[MsgId: MMSG-17999]
   USER 2 = user35:pwd35	[MsgId: MMSG-17999]
    2023-06-18 16:14:10.852 : Start page is opened	[MsgId: MMSG-17999]
    2023-06-18 16:14:15.404 : User is logged in with session 136661.551235318HAcQfcipftVzzzzHtcVHHpVHVcf	[MsgId: MMSG-17999]
    2023-06-18 16:14:19.834 : Search page opened	[MsgId: MMSG-17999]
    2023-06-18 16:14:35.098 : Flights found : 651;126;06/21/2023 and 562;134;06/18/2023	[MsgId: MMSG-17999]
    2023-06-18 16:14:35.098 : Sity depart : San Francisco, Sity arrive : Portland	[MsgId: MMSG-17999]
    2023-06-18 16:14:47.025 : Found Seat Type : First, Seat Pref : Aisle	[MsgId: MMSG-17999]
    2023-06-18 16:14:51.711 : User is logged out of session	[MsgId: MMSG-17999]
  2023-06-18 16:16:50.762 : IterationNum=3	[MsgId: MMSG-17999]
   USER 3 = user36:pwd36	[MsgId: MMSG-17999]
    2023-06-18 16:16:50.856 : Start page is opened	[MsgId: MMSG-17999]
    2023-06-18 16:16:56.624 : User is logged in with session 136661.564196031HAcQfcQpcAiDDDDDtcVHHpVHfcf	[MsgId: MMSG-17999]
    2023-06-18 16:17:00.731 : Search page opened	[MsgId: MMSG-17999]
    2023-06-18 16:17:15.408 : Flights found : 141;114;06/21/2023 and 412;121;06/18/2023	[MsgId: MMSG-17999]
    2023-06-18 16:17:15.409 : Sity depart : Frankfurt, Sity arrive : Paris	[MsgId: MMSG-17999]
    2023-06-18 16:17:24.004 : Found Seat Type : Coach, Seat Pref : Aisle	[MsgId: MMSG-17999]
    2023-06-18 16:17:28.705 : User is logged out of session	[MsgId: MMSG-17999]
  2023-06-18 16:19:30.774 : IterationNum=4	[MsgId: MMSG-17999]
   USER 4 = user36:pwd36	[MsgId: MMSG-17999]
    2023-06-18 16:19:30.868 : Start page is opened	[MsgId: MMSG-17999]
    2023-06-18 16:19:35.195 : User is logged in with session 136661.577156744HAcQfcQpiHftcVHHpVHQcf	[MsgId: MMSG-17999]
    2023-06-18 16:19:40.743 : Search page opened	[MsgId: MMSG-17999]
    2023-06-18 16:19:54.064 : Flights found : 803;939;06/21/2023 and 081;1023;06/18/2023	[MsgId: MMSG-17999]
    2023-06-18 16:19:54.064 : Sity depart : Sydney, Sity arrive : Denver	[MsgId: MMSG-17999]
    2023-06-18 16:20:04.396 : Found Seat Type : Business, Seat Pref : None	[MsgId: MMSG-17999]
    2023-06-18 16:20:10.184 : User is logged out of session	[MsgId: MMSG-17999]
  2023-06-18 16:22:10.781 : IterationNum=5	[MsgId: MMSG-17999]
   USER 5 = user36:pwd36	[MsgId: MMSG-17999]
    2023-06-18 16:22:10.875 : Start page is opened	[MsgId: MMSG-17999]
    2023-06-18 16:22:16.142 : User is logged in with session 136661.590117456HAcQfDApftVzzzzHtcVHHpViDcf	[MsgId: MMSG-17999]
    2023-06-18 16:22:22.459 : Search page opened	[MsgId: MMSG-17999]
           ERROR : Sity depart : Los Angeles Sity arrive : Los Angeles	[MsgId: MMSG-17999]
           ERROR FIXED : Sity depart : Los Angeles Sity arrive : Los Angeles	[MsgId: MMSG-17999]
           ERROR FIXED : Sity depart : Los Angeles Sity arrive : Frankfurt	[MsgId: MMSG-17999]
    2023-06-18 16:22:37.794 : Flights found : 312;401;06/21/2023 and 130;610;06/18/2023	[MsgId: MMSG-17999]
    2023-06-18 16:22:37.794 : Sity depart : Los Angeles, Sity arrive : Frankfurt	[MsgId: MMSG-17999]
    2023-06-18 16:22:46.110 : Found Seat Type : First, Seat Pref : None	[MsgId: MMSG-17999]
    2023-06-18 16:22:50.827 : User is logged out of session	[MsgId: MMSG-17999]
  2023-06-18 16:24:50.796 : IterationNum=6	[MsgId: MMSG-17999]
   USER 6 = user36:pwd36	[MsgId: MMSG-17999]
    2023-06-18 16:24:50.890 : Start page is opened	[MsgId: MMSG-17999]
    2023-06-18 16:24:55.939 : User is logged in with session 136661.603078169HAcQfDVpcAiDDDDDtcVHHpViHcf	[MsgId: MMSG-17999]
    2023-06-18 16:25:02.007 : Search page opened	[MsgId: MMSG-17999]
           ERROR : Sity depart : London Sity arrive : London	[MsgId: MMSG-17999]
           ERROR FIXED : Sity depart : London Sity arrive : Los Angeles	[MsgId: MMSG-17999]
    2023-06-18 16:25:16.095 : Flights found : 230;1449;06/21/2023 and 320;1449;06/18/2023	[MsgId: MMSG-17999]
    2023-06-18 16:25:16.095 : Sity depart : London, Sity arrive : Los Angeles	[MsgId: MMSG-17999]
    2023-06-18 16:25:26.249 : Found Seat Type : First, Seat Pref : Aisle	[MsgId: MMSG-17999]
    2023-06-18 16:25:32.009 : User is logged out of session	[MsgId: MMSG-17999]
  2023-06-18 16:27:30.800 : IterationNum=7	[MsgId: MMSG-17999]
   USER 7 = user36:pwd36	[MsgId: MMSG-17999]
    2023-06-18 16:27:30.895 : Start page is opened	[MsgId: MMSG-17999]
    2023-06-18 16:27:34.917 : User is logged in with session 136661.616038882HAcQfDVpiHftcVHHpVQVcf	[MsgId: MMSG-17999]
    2023-06-18 16:27:39.289 : Search page opened	[MsgId: MMSG-17999]
    2023-06-18 16:27:53.398 : Flights found : 271;730;06/21/2023 and 722;775;06/18/2023	[MsgId: MMSG-17999]
    2023-06-18 16:27:53.398 : Sity depart : London, Sity arrive : Seattle	[MsgId: MMSG-17999]
    2023-06-18 16:28:01.401 : Found Seat Type : Business, Seat Pref : Aisle	[MsgId: MMSG-17999]
    2023-06-18 16:28:07.378 : User is logged out of session	[MsgId: MMSG-17999]
  2023-06-18 16:30:10.812 : IterationNum=8	[MsgId: MMSG-17999]
   USER 8 = user36:pwd36	[MsgId: MMSG-17999]
    2023-06-18 16:30:10.906 : Start page is opened	[MsgId: MMSG-17999]
    2023-06-18 16:30:15.547 : User is logged in with session 136661.628999595HAcQfDcpftVzzzzHtcVHHpVQfcf	[MsgId: MMSG-17999]
    2023-06-18 16:30:21.158 : Search page opened	[MsgId: MMSG-17999]
    2023-06-18 16:30:38.633 : Flights found : 983;1647;06/21/2023 and 890;2013;06/18/2023	[MsgId: MMSG-17999]
    2023-06-18 16:30:38.634 : Sity depart : Zurich, Sity arrive : Sydney	[MsgId: MMSG-17999]
    2023-06-18 16:30:48.543 : Found Seat Type : First, Seat Pref : Aisle	[MsgId: MMSG-17999]
    2023-06-18 16:30:54.410 : User is logged out of session	[MsgId: MMSG-17999]
  2023-06-18 16:32:50.815 : IterationNum=9	[MsgId: MMSG-17999]
   USER 9 = user36:pwd36	[MsgId: MMSG-17999]
    2023-06-18 16:32:50.909 : Start page is opened	[MsgId: MMSG-17999]
    2023-06-18 16:32:55.847 : User is logged in with session 136661.641960308HAcQfDDpcAiDDDDDtcVHHpVQQcf	[MsgId: MMSG-17999]
    2023-06-18 16:33:00.865 : Search page opened	[MsgId: MMSG-17999]
    2023-06-18 16:33:14.495 : Flights found : 893;1647;06/21/2023 and 982;1903;06/18/2023	[MsgId: MMSG-17999]
    2023-06-18 16:33:14.495 : Sity depart : Sydney, Sity arrive : Zurich	[MsgId: MMSG-17999]
    2023-06-18 16:33:25.585 : Found Seat Type : First, Seat Pref : Window	[MsgId: MMSG-17999]
    2023-06-18 16:33:31.746 : User is logged out of session	[MsgId: MMSG-17999]
  2023-06-18 16:35:30.821 : IterationNum=10	[MsgId: MMSG-17999]
   USER 10 = user36:pwd36	[MsgId: MMSG-17999]
    2023-06-18 16:35:30.915 : Start page is opened	[MsgId: MMSG-17999]
    2023-06-18 16:35:35.538 : User is logged in with session 136661.654921021HAcQfDDpiHftcVHHpcADcf	[MsgId: MMSG-17999]
    2023-06-18 16:35:40.965 : Search page opened	[MsgId: MMSG-17999]
    2023-06-18 16:35:54.367 : Flights found : 323;632;06/21/2023 and 231;688;06/18/2023	[MsgId: MMSG-17999]
    2023-06-18 16:35:54.367 : Sity depart : Los Angeles, Sity arrive : London	[MsgId: MMSG-17999]
    2023-06-18 16:36:06.885 : Found Seat Type : Coach, Seat Pref : Window	[MsgId: MMSG-17999]
    2023-06-18 16:36:12.895 : User is logged out of session	[MsgId: MMSG-17999]
  2023-06-18 16:38:10.824 : IterationNum=11	[MsgId: MMSG-17999]
   USER 11 = user36:pwd36	[MsgId: MMSG-17999]
    2023-06-18 16:38:10.919 : Start page is opened	[MsgId: MMSG-17999]
    2023-06-18 16:38:14.857 : User is logged in with session 136661.667881734HAcQfDtpftVzzzzHtcVHHpcAHcf	[MsgId: MMSG-17999]
    2023-06-18 16:38:20.907 : Search page opened	[MsgId: MMSG-17999]
    2023-06-18 16:38:38.117 : Flights found : 920;271;06/21/2023 and 291;241;06/18/2023	[MsgId: MMSG-17999]
    2023-06-18 16:38:38.117 : Sity depart : Zurich, Sity arrive : London	[MsgId: MMSG-17999]
    2023-06-18 16:38:47.324 : Found Seat Type : Business, Seat Pref : Aisle	[MsgId: MMSG-17999]
    2023-06-18 16:38:52.491 : User is logged out of session	[MsgId: MMSG-17999]
  2023-06-18 16:40:50.834 : IterationNum=12	[MsgId: MMSG-17999]
   USER 12 = user36:pwd36	[MsgId: MMSG-17999]
    2023-06-18 16:40:50.929 : Start page is opened	[MsgId: MMSG-17999]
    2023-06-18 16:40:56.133 : User is logged in with session 136661.680842446HAcQfDfpcAiDDDDDtcVHHpcVVcf	[MsgId: MMSG-17999]
    2023-06-18 16:41:00.822 : Search page opened	[MsgId: MMSG-17999]
    2023-06-18 16:41:16.303 : Flights found : 722;1002;06/21/2023 and 271;944;06/18/2023	[MsgId: MMSG-17999]
    2023-06-18 16:41:16.303 : Sity depart : Seattle, Sity arrive : London	[MsgId: MMSG-17999]
    2023-06-18 16:41:27.150 : Found Seat Type : First, Seat Pref : None	[MsgId: MMSG-17999]
    2023-06-18 16:41:31.112 : User is logged out of session	[MsgId: MMSG-17999]
  2023-06-18 16:43:30.839 : IterationNum=13	[MsgId: MMSG-17999]
   USER 13 = user36:pwd36	[MsgId: MMSG-17999]
    2023-06-18 16:43:30.933 : Start page is opened	[MsgId: MMSG-17999]
    2023-06-18 16:43:36.552 : User is logged in with session 136661.693803159HAcQfDfpiHftcVHHpcVfcf	[MsgId: MMSG-17999]
    2023-06-18 16:43:42.101 : Search page opened	[MsgId: MMSG-17999]
    2023-06-18 16:43:54.157 : Flights found : 630;60;06/21/2023 and 363;49;06/18/2023	[MsgId: MMSG-17999]
    2023-06-18 16:43:54.157 : Sity depart : San Francisco, Sity arrive : Los Angeles	[MsgId: MMSG-17999]
    2023-06-18 16:44:06.647 : Found Seat Type : Coach, Seat Pref : Aisle	[MsgId: MMSG-17999]
    2023-06-18 16:44:11.251 : User is logged out of session	[MsgId: MMSG-17999]
  2023-06-18 16:46:10.843 : IterationNum=14	[MsgId: MMSG-17999]
   USER 14 = user36:pwd36	[MsgId: MMSG-17999]
    2023-06-18 16:46:10.937 : Start page is opened	[MsgId: MMSG-17999]
    2023-06-18 16:46:15.593 : User is logged in with session 136661.706763872HAcQfDzpftVzzzzHtcVHHpcVQcf	[MsgId: MMSG-17999]
    2023-06-18 16:46:20.689 : Search page opened	[MsgId: MMSG-17999]
    2023-06-18 16:46:35.655 : Flights found : 763;133;06/21/2023 and 671;145;06/18/2023	[MsgId: MMSG-17999]
    2023-06-18 16:46:35.656 : Sity depart : Seattle, Sity arrive : San Francisco	[MsgId: MMSG-17999]
    2023-06-18 16:46:43.472 : Found Seat Type : First, Seat Pref : None	[MsgId: MMSG-17999]
    2023-06-18 16:46:49.243 : User is logged out of session	[MsgId: MMSG-17999]
  2023-06-18 16:48:50.851 : IterationNum=15	[MsgId: MMSG-17999]
   USER 15 = user36:pwd36	[MsgId: MMSG-17999]
    2023-06-18 16:48:50.945 : Start page is opened	[MsgId: MMSG-17999]
    2023-06-18 16:48:57.025 : User is logged in with session 136661.719724585HAcQfDHpcAiDDDDDtcVHHpccDcf	[MsgId: MMSG-17999]
    2023-06-18 16:49:02.762 : Search page opened	[MsgId: MMSG-17999]
    2023-06-18 16:49:17.803 : Flights found : 651;126;06/21/2023 and 561;126;06/18/2023	[MsgId: MMSG-17999]
    2023-06-18 16:49:17.803 : Sity depart : San Francisco, Sity arrive : Portland	[MsgId: MMSG-17999]
    2023-06-18 16:49:26.180 : Found Seat Type : First, Seat Pref : None	[MsgId: MMSG-17999]
    2023-06-18 16:49:31.205 : User is logged out of session	[MsgId: MMSG-17999]
  2023-06-18 16:51:30.856 : IterationNum=16	[MsgId: MMSG-17999]
   USER 16 = user36:pwd36	[MsgId: MMSG-17999]
    2023-06-18 16:51:30.950 : Start page is opened	[MsgId: MMSG-17999]
    2023-06-18 16:51:36.200 : User is logged in with session 136661.732685298HAcQfDHpiHftcVHHpccHcf	[MsgId: MMSG-17999]
    2023-06-18 16:51:41.717 : Search page opened	[MsgId: MMSG-17999]
    2023-06-18 16:51:56.352 : Flights found : 073;448;06/21/2023 and 701;488;06/18/2023	[MsgId: MMSG-17999]
    2023-06-18 16:51:56.353 : Sity depart : Denver, Sity arrive : Seattle	[MsgId: MMSG-17999]
    2023-06-18 16:52:07.542 : Found Seat Type : First, Seat Pref : Aisle	[MsgId: MMSG-17999]
    2023-06-18 16:52:13.352 : User is logged out of session	[MsgId: MMSG-17999]
  2023-06-18 16:54:10.863 : IterationNum=17	[MsgId: MMSG-17999]
   USER 17 = user36:pwd36	[MsgId: MMSG-17999]
    2023-06-18 16:54:10.957 : Start page is opened	[MsgId: MMSG-17999]
    2023-06-18 16:54:16.021 : User is logged in with session 136661.745646011HAcQfDipftVzzzzHtcVHHpcDVcf	[MsgId: MMSG-17999]
    2023-06-18 16:54:21.902 : Search page opened	[MsgId: MMSG-17999]
    2023-06-18 16:54:39.220 : Flights found : 750;64;06/21/2023 and 573;53;06/18/2023	[MsgId: MMSG-17999]
    2023-06-18 16:54:39.220 : Sity depart : Seattle, Sity arrive : Portland	[MsgId: MMSG-17999]
    2023-06-18 16:54:47.222 : Found Seat Type : Coach, Seat Pref : None	[MsgId: MMSG-17999]
    2023-06-18 16:54:52.702 : User is logged out of session	[MsgId: MMSG-17999]
  2023-06-18 16:56:50.877 : IterationNum=18	[MsgId: MMSG-17999]
   USER 18 = user36:pwd36	[MsgId: MMSG-17999]
    2023-06-18 16:56:50.971 : Start page is opened	[MsgId: MMSG-17999]
    2023-06-18 16:56:55.753 : User is logged in with session 136661.758606723HAcQfDQpcAiDDDDDtcVHHpcDfcf	[MsgId: MMSG-17999]
    2023-06-18 16:57:01.005 : Search page opened	[MsgId: MMSG-17999]
    2023-06-18 16:57:16.625 : Flights found : 522;761;06/21/2023 and 252;761;06/18/2023	[MsgId: MMSG-17999]
    2023-06-18 16:57:16.625 : Sity depart : Portland, Sity arrive : London	[MsgId: MMSG-17999]
    2023-06-18 16:57:26.840 : Found Seat Type : Business, Seat Pref : None	[MsgId: MMSG-17999]
    2023-06-18 16:57:33.081 : User is logged out of session	[MsgId: MMSG-17999]
  2023-06-18 16:59:30.879 : IterationNum=19	[MsgId: MMSG-17999]
   USER 19 = user36:pwd36	[MsgId: MMSG-17999]
    2023-06-18 16:59:30.974 : Start page is opened	[MsgId: MMSG-17999]
    2023-06-18 16:59:34.865 : User is logged in with session 136661.771567436HAcQfDQpiHftcVHHpcDQcf	[MsgId: MMSG-17999]
    2023-06-18 16:59:39.866 : Search page opened	[MsgId: MMSG-17999]
    2023-06-18 16:59:53.787 : Flights found : 812;1672;06/21/2023 and 180;1768;06/18/2023	[MsgId: MMSG-17999]
    2023-06-18 16:59:53.787 : Sity depart : Sydney, Sity arrive : Frankfurt	[MsgId: MMSG-17999]
    2023-06-18 17:00:02.155 : Found Seat Type : Business, Seat Pref : Window	[MsgId: MMSG-17999]
    2023-06-18 17:00:08.237 : User is logged out of session	[MsgId: MMSG-17999]
  2023-06-18 17:02:10.884 : IterationNum=20	[MsgId: MMSG-17999]
   USER 20 = user36:pwd36	[MsgId: MMSG-17999]
    2023-06-18 17:02:10.978 : Start page is opened	[MsgId: MMSG-17999]
    2023-06-18 17:02:16.078 : User is logged in with session 136661.784528149HAcQftApftVzzzzHtcVHHpctDcf	[MsgId: MMSG-17999]
    2023-06-18 17:02:20.674 : Search page opened	[MsgId: MMSG-17999]
           ERROR : Sity depart : San Francisco Sity arrive : San Francisco	[MsgId: MMSG-17999]
           ERROR FIXED : Sity depart : San Francisco Sity arrive : Paris	[MsgId: MMSG-17999]
    2023-06-18 17:02:37.735 : Flights found : 640;1167;06/21/2023 and 460;1167;06/18/2023	[MsgId: MMSG-17999]
    2023-06-18 17:02:37.735 : Sity depart : San Francisco, Sity arrive : Paris	[MsgId: MMSG-17999]
    2023-06-18 17:02:49.879 : Found Seat Type : First, Seat Pref : None	[MsgId: MMSG-17999]
    2023-06-18 17:02:55.016 : User is logged out of session	[MsgId: MMSG-17999]
  2023-06-18 17:04:50.890 : IterationNum=21	[MsgId: MMSG-17999]
   USER 21 = user36:pwd36	[MsgId: MMSG-17999]
    2023-06-18 17:04:50.984 : Start page is opened	[MsgId: MMSG-17999]
    2023-06-18 17:04:55.080 : User is logged in with session 136661.797488862HAcQftVpcAiDDDDDtcVHHpctHcf	[MsgId: MMSG-17999]
    2023-06-18 17:05:00.847 : Search page opened	[MsgId: MMSG-17999]
    2023-06-18 17:05:14.893 : Flights found : 191;255;06/21/2023 and 912;271;06/18/2023	[MsgId: MMSG-17999]
    2023-06-18 17:05:14.893 : Sity depart : Frankfurt, Sity arrive : Zurich	[MsgId: MMSG-17999]
    2023-06-18 17:05:23.581 : Found Seat Type : Business, Seat Pref : Aisle	[MsgId: MMSG-17999]
    2023-06-18 17:05:28.652 : User is logged out of session	[MsgId: MMSG-17999]
  2023-06-18 17:07:30.900 : IterationNum=22	[MsgId: MMSG-17999]
   USER 22 = user36:pwd36	[MsgId: MMSG-17999]
    2023-06-18 17:07:30.994 : Start page is opened	[MsgId: MMSG-17999]
    2023-06-18 17:07:37.205 : User is logged in with session 136661.810449575HAcQftVpiHftcVHHpcfVcf	[MsgId: MMSG-17999]
    2023-06-18 17:07:43.114 : Search page opened	[MsgId: MMSG-17999]
    2023-06-18 17:07:55.868 : Flights found : 431;566;06/21/2023 and 342;601;06/18/2023	[MsgId: MMSG-17999]
    2023-06-18 17:07:55.869 : Sity depart : Paris, Sity arrive : Los Angeles	[MsgId: MMSG-17999]
    2023-06-18 17:08:07.732 : Found Seat Type : Business, Seat Pref : Window	[MsgId: MMSG-17999]
    2023-06-18 17:08:13.509 : User is logged out of session	[MsgId: MMSG-17999]
  2023-06-18 17:10:10.905 : IterationNum=23	[MsgId: MMSG-17999]
   USER 23 = user36:pwd36	[MsgId: MMSG-17999]
    2023-06-18 17:10:10.999 : Start page is opened	[MsgId: MMSG-17999]
    2023-06-18 17:10:16.375 : User is logged in with session 136661.823410288HAcQftcpftVzzzzHtcVHHpcffcf	[MsgId: MMSG-17999]
    2023-06-18 17:10:21.591 : Search page opened	[MsgId: MMSG-17999]
    2023-06-18 17:10:38.027 : Flights found : 242;149;06/21/2023 and 420;157;06/18/2023	[MsgId: MMSG-17999]
    2023-06-18 17:10:38.027 : Sity depart : London, Sity arrive : Paris	[MsgId: MMSG-17999]
    2023-06-18 17:10:47.355 : Found Seat Type : Business, Seat Pref : Window	[MsgId: MMSG-17999]
    2023-06-18 17:10:53.550 : User is logged out of session	[MsgId: MMSG-17999]
  2023-06-18 17:12:50.912 : IterationNum=24	[MsgId: MMSG-17999]
   USER 24 = user36:pwd36	[MsgId: MMSG-17999]
    2023-06-18 17:12:51.006 : Start page is opened	[MsgId: MMSG-17999]
    2023-06-18 17:12:55.263 : User is logged in with session 136661.836371HAcQftDpcAiDDDDDtcVHHpcfQcf	[MsgId: MMSG-17999]
    2023-06-18 17:12:59.993 : Search page opened	[MsgId: MMSG-17999]
    2023-06-18 17:13:15.318 : Flights found : 612;407;06/21/2023 and 162;407;06/18/2023	[MsgId: MMSG-17999]
    2023-06-18 17:13:15.318 : Sity depart : San Francisco, Sity arrive : Frankfurt	[MsgId: MMSG-17999]
    2023-06-18 17:13:24.294 : Found Seat Type : Coach, Seat Pref : None	[MsgId: MMSG-17999]
    2023-06-18 17:13:29.970 : User is logged out of session	[MsgId: MMSG-17999]
  2023-06-18 17:15:30.917 : IterationNum=25	[MsgId: MMSG-17999]
   USER 25 = user36:pwd36	[MsgId: MMSG-17999]
    2023-06-18 17:15:31.011 : Start page is opened	[MsgId: MMSG-17999]
    2023-06-18 17:15:36.287 : User is logged in with session 136661.849331713HAcQftDpiHftcVHHpczDcf	[MsgId: MMSG-17999]
    2023-06-18 17:15:42.273 : Search page opened	[MsgId: MMSG-17999]
           ERROR : Sity depart : Denver Sity arrive : Denver	[MsgId: MMSG-17999]
           ERROR FIXED : Sity depart : Denver Sity arrive : Paris	[MsgId: MMSG-17999]
    2023-06-18 17:15:55.893 : Flights found : 042;481;06/21/2023 and 400;508;06/18/2023	[MsgId: MMSG-17999]
    2023-06-18 17:15:55.893 : Sity depart : Denver, Sity arrive : Paris	[MsgId: MMSG-17999]
    2023-06-18 17:16:05.147 : Found Seat Type : Business, Seat Pref : Aisle	[MsgId: MMSG-17999]
    2023-06-18 17:16:09.957 : User is logged out of session	[MsgId: MMSG-17999]
  2023-06-18 17:18:10.925 : IterationNum=26	[MsgId: MMSG-17999]
   USER 26 = user36:pwd36	[MsgId: MMSG-17999]
    2023-06-18 17:18:11.019 : Start page is opened	[MsgId: MMSG-17999]
    2023-06-18 17:18:15.631 : User is logged in with session 136661.862292426HAcQfttpftVzzzzHtcVHHpczHcf	[MsgId: MMSG-17999]
    2023-06-18 17:18:21.257 : Search page opened	[MsgId: MMSG-17999]
    2023-06-18 17:18:33.136 : Flights found : 861;950;06/21/2023 and 681;950;06/18/2023	[MsgId: MMSG-17999]
    2023-06-18 17:18:33.136 : Sity depart : Sydney, Sity arrive : San Francisco	[MsgId: MMSG-17999]
    2023-06-18 17:18:45.438 : Found Seat Type : Business, Seat Pref : Aisle	[MsgId: MMSG-17999]
    2023-06-18 17:18:49.665 : User is logged out of session	[MsgId: MMSG-17999]
