  2023-06-18 16:12:45.958 : IterationNum=1	[MsgId: MMSG-17999]
   USER 1 = user72:pwd72	[MsgId: MMSG-17999]
    2023-06-18 16:12:46.043 : Start page is opened	[MsgId: MMSG-17999]
    2023-06-18 16:12:51.390 : User is logged in with session 136661.544349939HAcQfcipViHftcVHHpVzQVcf	[MsgId: MMSG-17999]
    2023-06-18 16:12:57.200 : User is logged out of session	[MsgId: MMSG-17999]
  2023-06-18 16:14:51.972 : IterationNum=2	[MsgId: MMSG-17999]
   USER 2 = user72:pwd72	[MsgId: MMSG-17999]
    2023-06-18 16:14:52.066 : Start page is opened	[MsgId: MMSG-17999]
    2023-06-18 16:14:58.149 : User is logged in with session 136661.554637505HAcQfcipHVzzzzzHtcVHHpVHcD	[MsgId: MMSG-17999]
    2023-06-18 16:15:04.134 : User is logged out of session	[MsgId: MMSG-17999]
  2023-06-18 16:16:57.981 : IterationNum=3	[MsgId: MMSG-17999]
   USER 3 = user72:pwd72	[MsgId: MMSG-17999]
    2023-06-18 16:16:58.077 : Start page is opened	[MsgId: MMSG-17999]
    2023-06-18 16:17:03.987 : User is logged in with session 136661.564844066HAcQfcQpctVzzzzHtcVHHpVHftf	[MsgId: MMSG-17999]
    2023-06-18 16:17:09.420 : User is logged out of session	[MsgId: MMSG-17999]
  2023-06-18 16:19:03.984 : IterationNum=4	[MsgId: MMSG-17999]
   USER 4 = user72:pwd72	[MsgId: MMSG-17999]
    2023-06-18 16:19:04.078 : Start page is opened	[MsgId: MMSG-17999]
    2023-06-18 16:19:09.080 : User is logged in with session 136661.575050628HAcQfcQpHzzzzzzHtcVHHpVHiz	[MsgId: MMSG-17999]
    2023-06-18 16:19:14.941 : User is logged out of session	[MsgId: MMSG-17999]
  2023-06-18 16:21:09.991 : IterationNum=5	[MsgId: MMSG-17999]
   USER 5 = user72:pwd72	[MsgId: MMSG-17999]
    2023-06-18 16:21:10.085 : Start page is opened	[MsgId: MMSG-17999]
    2023-06-18 16:21:14.055 : User is logged in with session 136661.585257189HAcQfDApcQVzzzzHtcVHHpViVHf	[MsgId: MMSG-17999]
    2023-06-18 16:21:19.619 : User is logged out of session	[MsgId: MMSG-17999]
  2023-06-18 16:23:16.001 : IterationNum=6	[MsgId: MMSG-17999]
   USER 6 = user72:pwd72	[MsgId: MMSG-17999]
    2023-06-18 16:23:16.095 : Start page is opened	[MsgId: MMSG-17999]
    2023-06-18 16:23:22.333 : User is logged in with session 136661.595463751HAcQfDApiVzzzzzHtcVHHpVitQ	[MsgId: MMSG-17999]
    2023-06-18 16:23:28.491 : User is logged out of session	[MsgId: MMSG-17999]
  2023-06-18 16:25:22.006 : IterationNum=7	[MsgId: MMSG-17999]
   USER 7 = user72:pwd72	[MsgId: MMSG-17999]
    2023-06-18 16:25:22.100 : Start page is opened	[MsgId: MMSG-17999]
    2023-06-18 16:25:27.258 : User is logged in with session 136661.605670312HAcQfDVpDtVzzzzHtcVHHpViiAf	[MsgId: MMSG-17999]
    2023-06-18 16:25:32.739 : User is logged out of session	[MsgId: MMSG-17999]
  2023-06-18 16:27:28.018 : IterationNum=8	[MsgId: MMSG-17999]
   USER 8 = user72:pwd72	[MsgId: MMSG-17999]
    2023-06-18 16:27:28.112 : Start page is opened	[MsgId: MMSG-17999]
    2023-06-18 16:27:32.992 : User is logged in with session 136661.615876873HAcQfDVpizzzzzzHtcVHHpVQVc	[MsgId: MMSG-17999]
    2023-06-18 16:27:37.962 : User is logged out of session	[MsgId: MMSG-17999]
  2023-06-18 16:29:34.022 : IterationNum=9	[MsgId: MMSG-17999]
   USER 9 = user72:pwd72	[MsgId: MMSG-17999]
    2023-06-18 16:29:34.116 : Start page is opened	[MsgId: MMSG-17999]
    2023-06-18 16:29:39.445 : User is logged in with session 136661.626083435HAcQfDcpDQVzzzzHtcVHHpVQtDf	[MsgId: MMSG-17999]
    2023-06-18 16:29:44.290 : User is logged out of session	[MsgId: MMSG-17999]
  2023-06-18 16:31:40.032 : IterationNum=10	[MsgId: MMSG-17999]
   USER 10 = user72:pwd72	[MsgId: MMSG-17999]
    2023-06-18 16:31:40.126 : Start page is opened	[MsgId: MMSG-17999]
    2023-06-18 16:31:45.409 : User is logged in with session 136661.636289996HAcQfDcpQVzzzzzHtcVHHpVQHf	[MsgId: MMSG-17999]
    2023-06-18 16:31:51.703 : User is logged out of session	[MsgId: MMSG-17999]
  2023-06-18 16:33:46.040 : IterationNum=11	[MsgId: MMSG-17999]
   USER 11 = user72:pwd72	[MsgId: MMSG-17999]
    2023-06-18 16:33:46.134 : Start page is opened	[MsgId: MMSG-17999]
    2023-06-18 16:33:50.900 : User is logged in with session 136661.646496557HAcQfDDpttVzzzzHtcVHHpcAAzf	[MsgId: MMSG-17999]
    2023-06-18 16:33:56.793 : User is logged out of session	[MsgId: MMSG-17999]
  2023-06-18 16:35:52.046 : IterationNum=12	[MsgId: MMSG-17999]
   USER 12 = user72:pwd72	[MsgId: MMSG-17999]
    2023-06-18 16:35:52.140 : Start page is opened	[MsgId: MMSG-17999]
    2023-06-18 16:35:57.611 : User is logged in with session 136661.656703119HAcQfDDpQzzzzzzHtcVHHpcADi	[MsgId: MMSG-17999]
    2023-06-18 16:36:02.565 : User is logged out of session	[MsgId: MMSG-17999]
  2023-06-18 16:37:58.052 : IterationNum=13	[MsgId: MMSG-17999]
   USER 13 = user72:pwd72	[MsgId: MMSG-17999]
    2023-06-18 16:37:58.146 : Start page is opened	[MsgId: MMSG-17999]
    2023-06-18 16:38:03.822 : User is logged in with session 136661.66690968HAcQfDtptQVzzzzHtcVHHpcAzQf	[MsgId: MMSG-17999]
    2023-06-18 16:38:09.215 : User is logged out of session	[MsgId: MMSG-17999]
  2023-06-18 16:40:04.064 : IterationNum=14	[MsgId: MMSG-17999]
   USER 14 = user72:pwd72	[MsgId: MMSG-17999]
    2023-06-18 16:40:04.158 : Start page is opened	[MsgId: MMSG-17999]
    2023-06-18 16:40:10.349 : User is logged in with session 136661.677116241HAcQfDfpAVzzzzzHtcVHHpcVAV	[MsgId: MMSG-17999]
    2023-06-18 16:40:16.083 : User is logged out of session	[MsgId: MMSG-17999]
  2023-06-18 16:42:10.068 : IterationNum=15	[MsgId: MMSG-17999]
   USER 15 = user72:pwd72	[MsgId: MMSG-17999]
    2023-06-18 16:42:10.162 : Start page is opened	[MsgId: MMSG-17999]
    2023-06-18 16:42:15.524 : User is logged in with session 136661.687322803HAcQfDfpftVzzzzHtcVHHpcVDcf	[MsgId: MMSG-17999]
    2023-06-18 16:42:19.665 : User is logged out of session	[MsgId: MMSG-17999]
  2023-06-18 16:44:16.082 : IterationNum=16	[MsgId: MMSG-17999]
   USER 16 = user72:pwd72	[MsgId: MMSG-17999]
    2023-06-18 16:44:16.176 : Start page is opened	[MsgId: MMSG-17999]
    2023-06-18 16:44:22.354 : User is logged in with session 136661.697529364HAcQfDzpAzzzzzzHtcVHHpcVzt	[MsgId: MMSG-17999]
    2023-06-18 16:44:27.025 : User is logged out of session	[MsgId: MMSG-17999]
  2023-06-18 16:46:22.096 : IterationNum=17	[MsgId: MMSG-17999]
   USER 17 = user72:pwd72	[MsgId: MMSG-17999]
    2023-06-18 16:46:22.190 : Start page is opened	[MsgId: MMSG-17999]
    2023-06-18 16:46:26.806 : User is logged in with session 136661.707735925HAcQfDzpfQVzzzzHtcVHHpcVQff	[MsgId: MMSG-17999]
    2023-06-18 16:46:31.536 : User is logged out of session	[MsgId: MMSG-17999]
  2023-06-18 16:48:28.107 : IterationNum=18	[MsgId: MMSG-17999]
   USER 18 = user72:pwd72	[MsgId: MMSG-17999]
    2023-06-18 16:48:28.201 : Start page is opened	[MsgId: MMSG-17999]
    2023-06-18 16:48:32.313 : User is logged in with session 136661.717942487HAcQfDHpVVzzzzzHtcVHHpcccH	[MsgId: MMSG-17999]
    2023-06-18 16:48:37.308 : User is logged out of session	[MsgId: MMSG-17999]
  2023-06-18 16:50:34.121 : IterationNum=19	[MsgId: MMSG-17999]
   USER 19 = user72:pwd72	[MsgId: MMSG-17999]
    2023-06-18 16:50:34.215 : Start page is opened	[MsgId: MMSG-17999]
    2023-06-18 16:50:40.328 : User is logged in with session 136661.728149048HAcQfDHpztVzzzzHtcVHHpccfif	[MsgId: MMSG-17999]
    2023-06-18 16:50:44.391 : User is logged out of session	[MsgId: MMSG-17999]
  2023-06-18 16:52:40.130 : IterationNum=20	[MsgId: MMSG-17999]
   USER 20 = user72:pwd72	[MsgId: MMSG-17999]
    2023-06-18 16:52:40.224 : Start page is opened	[MsgId: MMSG-17999]
    2023-06-18 16:52:46.194 : User is logged in with session 136661.73835561HAcQfDipVzzzzzzHtcVHHpccQ	[MsgId: MMSG-17999]
    2023-06-18 16:52:50.554 : User is logged out of session	[MsgId: MMSG-17999]
  2023-06-18 16:54:46.136 : IterationNum=21	[MsgId: MMSG-17999]
   USER 21 = user72:pwd72	[MsgId: MMSG-17999]
    2023-06-18 16:54:46.230 : Start page is opened	[MsgId: MMSG-17999]
    2023-06-18 16:54:51.310 : User is logged in with session 136661.748562171HAcQfDipzQVzzzzHtcVHHpcDcVf	[MsgId: MMSG-17999]
    2023-06-18 16:54:56.077 : User is logged out of session	[MsgId: MMSG-17999]
  2023-06-18 16:56:52.143 : IterationNum=22	[MsgId: MMSG-17999]
   USER 22 = user72:pwd72	[MsgId: MMSG-17999]
    2023-06-18 16:56:52.237 : Start page is opened	[MsgId: MMSG-17999]
    2023-06-18 16:56:56.693 : User is logged in with session 136661.758768732HAcQfDQpcVzzzzzHtcVHHpcDfD	[MsgId: MMSG-17999]
    2023-06-18 16:57:01.896 : User is logged out of session	[MsgId: MMSG-17999]
  2023-06-18 16:58:58.153 : IterationNum=23	[MsgId: MMSG-17999]
   USER 23 = user72:pwd72	[MsgId: MMSG-17999]
    2023-06-18 16:58:58.247 : Start page is opened	[MsgId: MMSG-17999]
    2023-06-18 16:59:02.169 : User is logged in with session 136661.768975294HAcQfDQpHtVzzzzHtcVHHpcDitf	[MsgId: MMSG-17999]
    2023-06-18 16:59:07.202 : User is logged out of session	[MsgId: MMSG-17999]
  2023-06-18 17:01:04.153 : IterationNum=24	[MsgId: MMSG-17999]
   USER 24 = user72:pwd72	[MsgId: MMSG-17999]
    2023-06-18 17:01:04.247 : Start page is opened	[MsgId: MMSG-17999]
    2023-06-18 17:01:09.016 : User is logged in with session 136661.779181855HAcQftApczzzzzzHtcVHHpctVz	[MsgId: MMSG-17999]
    2023-06-18 17:01:13.845 : User is logged out of session	[MsgId: MMSG-17999]
  2023-06-18 17:03:10.160 : IterationNum=25	[MsgId: MMSG-17999]
   USER 25 = user72:pwd72	[MsgId: MMSG-17999]
    2023-06-18 17:03:10.254 : Start page is opened	[MsgId: MMSG-17999]
    2023-06-18 17:03:15.833 : User is logged in with session 136661.789388416HAcQftApHQVzzzzHtcVHHpcttHf	[MsgId: MMSG-17999]
    2023-06-18 17:03:21.512 : User is logged out of session	[MsgId: MMSG-17999]
  2023-06-18 17:05:16.163 : IterationNum=26	[MsgId: MMSG-17999]
   USER 26 = user72:pwd72	[MsgId: MMSG-17999]
    2023-06-18 17:05:16.257 : Start page is opened	[MsgId: MMSG-17999]
    2023-06-18 17:05:20.841 : User is logged in with session 136661.799594978HAcQftVpDVzzzzzHtcVHHpctHQ	[MsgId: MMSG-17999]
    2023-06-18 17:05:25.653 : User is logged out of session	[MsgId: MMSG-17999]
  2023-06-18 17:07:22.164 : IterationNum=27	[MsgId: MMSG-17999]
   USER 27 = user72:pwd72	[MsgId: MMSG-17999]
    2023-06-18 17:07:22.258 : Start page is opened	[MsgId: MMSG-17999]
    2023-06-18 17:07:28.017 : User is logged in with session 136661.809801539HAcQftVpitVzzzzHtcVHHpcfVAf	[MsgId: MMSG-17999]
    2023-06-18 17:07:32.928 : User is logged out of session	[MsgId: MMSG-17999]
  2023-06-18 17:09:28.170 : IterationNum=28	[MsgId: MMSG-17999]
   USER 28 = user72:pwd72	[MsgId: MMSG-17999]
    2023-06-18 17:09:28.264 : Start page is opened	[MsgId: MMSG-17999]
    2023-06-18 17:09:33.318 : User is logged in with session 136661.8200081HAcQftcpDzzzzzzHtcVHHpcftc	[MsgId: MMSG-17999]
    2023-06-18 17:09:37.697 : User is logged out of session	[MsgId: MMSG-17999]
  2023-06-18 17:11:34.172 : IterationNum=29	[MsgId: MMSG-17999]
   USER 29 = user72:pwd72	[MsgId: MMSG-17999]
    2023-06-18 17:11:34.266 : Start page is opened	[MsgId: MMSG-17999]
    2023-06-18 17:11:38.695 : User is logged in with session 136661.830214662HAcQftcpiQVzzzzHtcVHHpcfHDf	[MsgId: MMSG-17999]
    2023-06-18 17:11:44.708 : User is logged out of session	[MsgId: MMSG-17999]
  2023-06-18 17:13:40.180 : IterationNum=30	[MsgId: MMSG-17999]
   USER 30 = user72:pwd72	[MsgId: MMSG-17999]
    2023-06-18 17:13:40.274 : Start page is opened	[MsgId: MMSG-17999]
    2023-06-18 17:13:44.933 : User is logged in with session 136661.840421223HAcQftDptVzzzzzHtcVHHpczAf	[MsgId: MMSG-17999]
    2023-06-18 17:13:50.215 : User is logged out of session	[MsgId: MMSG-17999]
  2023-06-18 17:15:46.180 : IterationNum=31	[MsgId: MMSG-17999]
   USER 31 = user72:pwd72	[MsgId: MMSG-17999]
    2023-06-18 17:15:46.274 : Start page is opened	[MsgId: MMSG-17999]
    2023-06-18 17:15:52.387 : User is logged in with session 136661.850627785HAcQftDpQtVzzzzHtcVHHpczDzf	[MsgId: MMSG-17999]
    2023-06-18 17:15:57.901 : User is logged out of session	[MsgId: MMSG-17999]
  2023-06-18 17:17:52.184 : IterationNum=32	[MsgId: MMSG-17999]
   USER 32 = user72:pwd72	[MsgId: MMSG-17999]
    2023-06-18 17:17:52.279 : Start page is opened	[MsgId: MMSG-17999]
    2023-06-18 17:17:57.923 : User is logged in with session 136661.860834346HAcQfttptzzzzzzHtcVHHpczzi	[MsgId: MMSG-17999]
    2023-06-18 17:18:03.719 : User is logged out of session	[MsgId: MMSG-17999]
