  2023-06-18 16:14:25.802 : IterationNum=1	[MsgId: MMSG-17999]
   USER 1 = user18:pwd18	[MsgId: MMSG-17999]
    2023-06-18 16:14:25.892 : Start page is opened	[MsgId: MMSG-17999]
    2023-06-18 16:14:31.124 : User is logged in with session 136661.552450385HAcQfcipzAtVzzzHtcVHHpVHVzcf	[MsgId: MMSG-17999]
    2023-06-18 16:14:35.685 : Search page opened	[MsgId: MMSG-17999]
    2023-06-18 16:14:50.891 : Flights found : 381;865;06/21/2023 and 833;794;06/18/2023	[MsgId: MMSG-17999]
    2023-06-18 16:14:50.891 : Sity depart : Los Angeles, Sity arrive : Sydney	[MsgId: MMSG-17999]
    2023-06-18 16:15:00.547 : Found Seat Type : Business, Seat Pref : None	[MsgId: MMSG-17999]
    2023-06-18 16:15:16.545 : Booking is complect	[MsgId: MMSG-17999]
    2023-06-18 16:15:21.758 : Go to Home Page is complete	[MsgId: MMSG-17999]
    2023-06-18 16:15:25.751 : Booking is created : 106680809-1410127-up	[MsgId: MMSG-17999]
    2023-06-18 16:15:37.502 : Booking (106680809-1410127-up) is deleted	[MsgId: MMSG-17999]
    2023-06-18 16:15:42.824 : User is logged out of session	[MsgId: MMSG-17999]
  2023-06-18 16:26:25.811 : IterationNum=2	[MsgId: MMSG-17999]
   USER 2 = user19:pwd19	[MsgId: MMSG-17999]
    2023-06-18 16:26:25.905 : Start page is opened	[MsgId: MMSG-17999]
    2023-06-18 16:26:31.187 : User is logged in with session 136661.610773593HAcQfDVpzAtVzzzHtcVHHpViQzcf	[MsgId: MMSG-17999]
    2023-06-18 16:26:36.883 : Search page opened	[MsgId: MMSG-17999]
    2023-06-18 16:26:54.471 : Flights found : 921;166;06/21/2023 and 292;176;06/18/2023	[MsgId: MMSG-17999]
    2023-06-18 16:26:54.472 : Sity depart : Zurich, Sity arrive : London	[MsgId: MMSG-17999]
    2023-06-18 16:27:04.164 : Found Seat Type : Coach, Seat Pref : Window	[MsgId: MMSG-17999]
    2023-06-18 16:27:16.889 : Booking is complect	[MsgId: MMSG-17999]
    2023-06-18 16:27:20.785 : Go to Home Page is complete	[MsgId: MMSG-17999]
    2023-06-18 16:27:25.381 : Booking is created : 317441524-99410-up	[MsgId: MMSG-17999]
    2023-06-18 16:27:37.293 : Booking (317441524-99410-up) is deleted	[MsgId: MMSG-17999]
    2023-06-18 16:27:42.102 : User is logged out of session	[MsgId: MMSG-17999]
  2023-06-18 16:38:25.814 : IterationNum=3	[MsgId: MMSG-17999]
   USER 3 = user20:pwd20	[MsgId: MMSG-17999]
    2023-06-18 16:38:25.908 : Start page is opened	[MsgId: MMSG-17999]
    2023-06-18 16:38:30.662 : User is logged in with session 136661.6690968HAcQfDtpzAtVzzzHtcVHHpcAHzcf	[MsgId: MMSG-17999]
    2023-06-18 16:38:35.328 : Search page opened	[MsgId: MMSG-17999]
    2023-06-18 16:38:46.964 : Flights found : 272;1002;06/21/2023 and 721;944;06/18/2023	[MsgId: MMSG-17999]
    2023-06-18 16:38:46.964 : Sity depart : London, Sity arrive : Seattle	[MsgId: MMSG-17999]
    2023-06-18 16:38:55.014 : Found Seat Type : First, Seat Pref : Aisle	[MsgId: MMSG-17999]
    2023-06-18 16:39:13.255 : Booking is complect	[MsgId: MMSG-17999]
    2023-06-18 16:39:19.408 : Go to Home Page is complete	[MsgId: MMSG-17999]
    2023-06-18 16:39:24.254 : Booking is created : 574174851-1323995-up	[MsgId: MMSG-17999]
    2023-06-18 16:39:34.746 : Booking (574174851-1323995-up) is deleted	[MsgId: MMSG-17999]
    2023-06-18 16:39:39.586 : User is logged out of session	[MsgId: MMSG-17999]
  2023-06-18 16:50:25.825 : IterationNum=4	[MsgId: MMSG-17999]
   USER 4 = user21:pwd21	[MsgId: MMSG-17999]
    2023-06-18 16:50:25.920 : Start page is opened	[MsgId: MMSG-17999]
    2023-06-18 16:50:31.859 : User is logged in with session 136661.727420008HAcQfDHpzAtVzzzHtcVHHpccfzcf	[MsgId: MMSG-17999]
    2023-06-18 16:50:38.014 : Search page opened	[MsgId: MMSG-17999]
    2023-06-18 16:50:51.888 : Flights found : 472;565;06/21/2023 and 743;489;06/18/2023	[MsgId: MMSG-17999]
    2023-06-18 16:50:51.888 : Sity depart : Paris, Sity arrive : Seattle	[MsgId: MMSG-17999]
    2023-06-18 16:50:59.451 : Found Seat Type : Coach, Seat Pref : Window	[MsgId: MMSG-17999]
    2023-06-18 16:51:12.107 : Booking is complect	[MsgId: MMSG-17999]
    2023-06-18 16:51:17.041 : Go to Home Page is complete	[MsgId: MMSG-17999]
    2023-06-18 16:51:21.044 : Booking is created : 100758243-1340850-up	[MsgId: MMSG-17999]
    2023-06-18 16:51:32.002 : Booking (100758243-1340850-up) is deleted	[MsgId: MMSG-17999]
    2023-06-18 16:51:36.875 : User is logged out of session	[MsgId: MMSG-17999]
  2023-06-18 17:02:25.831 : IterationNum=5	[MsgId: MMSG-17999]
   USER 5 = user22:pwd22	[MsgId: MMSG-17999]
    2023-06-18 17:02:25.925 : Start page is opened	[MsgId: MMSG-17999]
    2023-06-18 17:02:32.005 : User is logged in with session 136661.785743216HAcQftApzAtVzzzHtcVHHpctDzcf	[MsgId: MMSG-17999]
    2023-06-18 17:02:36.712 : Search page opened	[MsgId: MMSG-17999]
    2023-06-18 17:02:48.957 : Flights found : 970;839;06/21/2023 and 791;747;06/18/2023	[MsgId: MMSG-17999]
    2023-06-18 17:02:48.957 : Sity depart : Zurich, Sity arrive : Seattle	[MsgId: MMSG-17999]
    2023-06-18 17:03:00.401 : Found Seat Type : First, Seat Pref : None	[MsgId: MMSG-17999]
    2023-06-18 17:03:17.127 : Booking is complect	[MsgId: MMSG-17999]
    2023-06-18 17:03:21.272 : Go to Home Page is complete	[MsgId: MMSG-17999]
    2023-06-18 17:03:26.542 : Booking is created : 214110031-1377814-up	[MsgId: MMSG-17999]
    2023-06-18 17:03:38.117 : Booking (214110031-1377814-up) is deleted	[MsgId: MMSG-17999]
    2023-06-18 17:03:42.411 : User is logged out of session	[MsgId: MMSG-17999]
  2023-06-18 17:14:25.843 : IterationNum=6	[MsgId: MMSG-17999]
   USER 6 = user23:pwd23	[MsgId: MMSG-17999]
    2023-06-18 17:14:25.937 : Start page is opened	[MsgId: MMSG-17999]
    2023-06-18 17:14:32.205 : User is logged in with session 136661.844066424HAcQftDpzAtVzzzHtcVHHpczVzcf	[MsgId: MMSG-17999]
    2023-06-18 17:14:36.297 : Search page opened	[MsgId: MMSG-17999]
    2023-06-18 17:14:48.388 : Flights found : 713;783;06/21/2023 and 172;904;06/18/2023	[MsgId: MMSG-17999]
    2023-06-18 17:14:48.388 : Sity depart : Seattle, Sity arrive : Frankfurt	[MsgId: MMSG-17999]
    2023-06-18 17:14:57.943 : Found Seat Type : First, Seat Pref : None	[MsgId: MMSG-17999]
    2023-06-18 17:15:14.796 : Booking is complect	[MsgId: MMSG-17999]
    2023-06-18 17:15:20.854 : Go to Home Page is complete	[MsgId: MMSG-17999]
    2023-06-18 17:15:24.903 : Booking is created : 251137547-901668-up	[MsgId: MMSG-17999]
    2023-06-18 17:15:32.836 : Booking (251137547-901668-up) is deleted	[MsgId: MMSG-17999]
    2023-06-18 17:15:36.834 : User is logged out of session	[MsgId: MMSG-17999]
  2023-06-18 17:26:25.846 : IterationNum=7	[MsgId: MMSG-17999]
   USER 7 = user23:pwd23	[MsgId: MMSG-17999]
    2023-06-18 17:26:25.940 : Start page is opened	[MsgId: MMSG-17999]
    2023-06-18 17:26:31.365 : User is logged in with session 136661.902389631HAcQftzpzAtVzzzHtcVHHpcHQzcf	[MsgId: MMSG-17999]
    2023-06-18 17:26:37.491 : Search page opened	[MsgId: MMSG-17999]
    2023-06-18 17:26:52.047 : Flights found : 933;531;06/21/2023 and 390;752;06/18/2023	[MsgId: MMSG-17999]
    2023-06-18 17:26:52.047 : Sity depart : Zurich, Sity arrive : Los Angeles	[MsgId: MMSG-17999]
    2023-06-18 17:26:59.909 : Found Seat Type : First, Seat Pref : Window	[MsgId: MMSG-17999]
    2023-06-18 17:27:13.865 : Booking is complect	[MsgId: MMSG-17999]
    2023-06-18 17:27:19.877 : Go to Home Page is complete	[MsgId: MMSG-17999]
    2023-06-18 17:27:25.425 : Booking is created : 251145686-1069329-up	[MsgId: MMSG-17999]
    2023-06-18 17:27:34.797 : Booking (251145686-1069329-up) is deleted	[MsgId: MMSG-17999]
    2023-06-18 17:27:39.655 : User is logged out of session	[MsgId: MMSG-17999]
