  2023-06-15 07:11:03.802 : IterationNum=1	[MsgId: MMSG-17999]
   USER 1 = user63:pwd63	[MsgId: MMSG-17999]
    2023-06-15 07:11:03.895 : Start page is opened	[MsgId: MMSG-17999]
    2023-06-15 07:11:08.576 : User is logged in with session 136637.915188335HAciDVcpHzcftcVzQpiHzfHf	[MsgId: MMSG-17999]
    2023-06-15 07:11:13.206 : User is logged out of session	[MsgId: MMSG-17999]
  2023-06-15 07:13:09.817 : IterationNum=2	[MsgId: MMSG-17999]
   USER 2 = user63:pwd63	[MsgId: MMSG-17999]
    2023-06-15 07:13:09.911 : Start page is opened	[MsgId: MMSG-17999]
    2023-06-15 07:13:15.308 : User is logged in with session 136637.925394897HAciDVDpciHftcVzQpiHQHcf	[MsgId: MMSG-17999]
    2023-06-15 07:13:20.845 : User is logged out of session	[MsgId: MMSG-17999]
  2023-06-15 07:15:15.826 : IterationNum=3	[MsgId: MMSG-17999]
   USER 3 = user63:pwd63	[MsgId: MMSG-17999]
    2023-06-15 07:15:15.918 : Start page is opened	[MsgId: MMSG-17999]
    2023-06-15 07:15:21.824 : User is logged in with session 136637.935601458HAciDVDpiVcftcVzQpiiciHf	[MsgId: MMSG-17999]
    2023-06-15 07:15:26.954 : User is logged out of session	[MsgId: MMSG-17999]
  2023-06-15 07:17:21.833 : IterationNum=4	[MsgId: MMSG-17999]
   USER 4 = user63:pwd63	[MsgId: MMSG-17999]
    2023-06-15 07:17:21.926 : Start page is opened	[MsgId: MMSG-17999]
    2023-06-15 07:17:27.426 : User is logged in with session 136637.945808019HAciDVtpDDHftcVzQpiizAcf	[MsgId: MMSG-17999]
    2023-06-15 07:17:31.999 : User is logged out of session	[MsgId: MMSG-17999]
  2023-06-15 07:19:27.833 : IterationNum=5	[MsgId: MMSG-17999]
   USER 5 = user63:pwd63	[MsgId: MMSG-17999]
    2023-06-15 07:19:27.926 : Start page is opened	[MsgId: MMSG-17999]
    2023-06-15 07:19:33.707 : User is logged in with session 136637.956014581HAciDVtpizcftcVzQpiiQVHf	[MsgId: MMSG-17999]
    2023-06-15 07:19:39.490 : User is logged out of session	[MsgId: MMSG-17999]
  2023-06-15 07:21:33.840 : IterationNum=6	[MsgId: MMSG-17999]
   USER 6 = user63:pwd63	[MsgId: MMSG-17999]
    2023-06-15 07:21:33.932 : Start page is opened	[MsgId: MMSG-17999]
    2023-06-15 07:21:38.739 : User is logged in with session 136637.966221142HAciDVfpDiHftcVzQpiQcDcf	[MsgId: MMSG-17999]
    2023-06-15 07:21:42.777 : User is logged out of session	[MsgId: MMSG-17999]
  2023-06-15 07:23:39.850 : IterationNum=7	[MsgId: MMSG-17999]
   USER 7 = user63:pwd63	[MsgId: MMSG-17999]
    2023-06-15 07:23:39.942 : Start page is opened	[MsgId: MMSG-17999]
    2023-06-15 07:23:44.521 : User is logged in with session 136637.976427704HAciDVfpQVcftcVzQpiQftHf	[MsgId: MMSG-17999]
    2023-06-15 07:23:50.591 : User is logged out of session	[MsgId: MMSG-17999]
  2023-06-15 07:25:45.863 : IterationNum=8	[MsgId: MMSG-17999]
   USER 8 = user63:pwd63	[MsgId: MMSG-17999]
    2023-06-15 07:25:45.957 : Start page is opened	[MsgId: MMSG-17999]
    2023-06-15 07:25:49.985 : User is logged in with session 136637.986634265HAciDVzptDHftcVzQpiQizcf	[MsgId: MMSG-17999]
    2023-06-15 07:25:54.378 : User is logged out of session	[MsgId: MMSG-17999]
  2023-06-15 07:27:51.867 : IterationNum=9	[MsgId: MMSG-17999]
   USER 9 = user63:pwd63	[MsgId: MMSG-17999]
    2023-06-15 07:27:51.959 : Start page is opened	[MsgId: MMSG-17999]
    2023-06-15 07:27:56.011 : User is logged in with session 136637.996840826HAciDVzpQzcftcVzQpQAVHHf	[MsgId: MMSG-17999]
    2023-06-15 07:28:01.924 : User is logged out of session	[MsgId: MMSG-17999]
  2023-06-15 07:29:57.881 : IterationNum=10	[MsgId: MMSG-17999]
   USER 10 = user63:pwd63	[MsgId: MMSG-17999]
    2023-06-15 07:29:57.973 : Start page is opened	[MsgId: MMSG-17999]
    2023-06-15 07:30:02.841 : User is logged in with session 136638.007047388HAciDVHptiHftcVzQpQAtQcf	[MsgId: MMSG-17999]
    2023-06-15 07:30:07.415 : User is logged out of session	[MsgId: MMSG-17999]
  2023-06-15 07:32:03.885 : IterationNum=11	[MsgId: MMSG-17999]
   USER 11 = user63:pwd63	[MsgId: MMSG-17999]
    2023-06-15 07:32:03.976 : Start page is opened	[MsgId: MMSG-17999]
    2023-06-15 07:32:09.510 : User is logged in with session 136638.017253949HAciDVipAVcftcVzQpQAiAHf	[MsgId: MMSG-17999]
    2023-06-15 07:32:15.613 : User is logged out of session	[MsgId: MMSG-17999]
  2023-06-15 07:34:09.885 : IterationNum=12	[MsgId: MMSG-17999]
   USER 12 = user63:pwd63	[MsgId: MMSG-17999]
    2023-06-15 07:34:09.978 : Start page is opened	[MsgId: MMSG-17999]
    2023-06-15 07:34:15.396 : User is logged in with session 136638.02746051HAciDVipfDHftcVzQpQVVccf	[MsgId: MMSG-17999]
    2023-06-15 07:34:21.436 : User is logged out of session	[MsgId: MMSG-17999]
  2023-06-15 07:36:15.894 : IterationNum=13	[MsgId: MMSG-17999]
   USER 13 = user63:pwd63	[MsgId: MMSG-17999]
    2023-06-15 07:36:15.988 : Start page is opened	[MsgId: MMSG-17999]
    2023-06-15 07:36:20.669 : User is logged in with session 136638.037667072HAciDVQpAzcftcVzQpQVtDHf	[MsgId: MMSG-17999]
    2023-06-15 07:36:25.878 : User is logged out of session	[MsgId: MMSG-17999]
  2023-06-15 07:38:21.906 : IterationNum=14	[MsgId: MMSG-17999]
   USER 14 = user63:pwd63	[MsgId: MMSG-17999]
    2023-06-15 07:38:21.999 : Start page is opened	[MsgId: MMSG-17999]
    2023-06-15 07:38:27.818 : User is logged in with session 136638.047873633HAciDVQpfiHftcVzQpQVHfcf	[MsgId: MMSG-17999]
    2023-06-15 07:38:33.825 : User is logged out of session	[MsgId: MMSG-17999]
  2023-06-15 07:40:27.907 : IterationNum=15	[MsgId: MMSG-17999]
   USER 15 = user63:pwd63	[MsgId: MMSG-17999]
    2023-06-15 07:40:27.999 : Start page is opened	[MsgId: MMSG-17999]
    2023-06-15 07:40:33.756 : User is logged in with session 136638.058080194HAciDcApVVcftcVzQpQcAzHf	[MsgId: MMSG-17999]
    2023-06-15 07:40:39.008 : User is logged out of session	[MsgId: MMSG-17999]
  2023-06-15 07:42:33.921 : IterationNum=16	[MsgId: MMSG-17999]
   USER 16 = user63:pwd63	[MsgId: MMSG-17999]
    2023-06-15 07:42:34.029 : Start page is opened	[MsgId: MMSG-17999]
    2023-06-15 07:42:39.047 : User is logged in with session 136638.068286756HAciDcApzDHftcVzQpQcDicf	[MsgId: MMSG-17999]
    2023-06-15 07:42:43.809 : User is logged out of session	[MsgId: MMSG-17999]
  2023-06-15 07:44:39.924 : IterationNum=17	[MsgId: MMSG-17999]
   USER 17 = user63:pwd63	[MsgId: MMSG-17999]
    2023-06-15 07:44:40.018 : Start page is opened	[MsgId: MMSG-17999]
    2023-06-15 07:44:45.907 : User is logged in with session 136638.078493317HAciDcVpVzcftcVzQpQczQHf	[MsgId: MMSG-17999]
    2023-06-15 07:44:51.624 : User is logged out of session	[MsgId: MMSG-17999]
  2023-06-15 07:46:45.938 : IterationNum=18	[MsgId: MMSG-17999]
   USER 18 = user63:pwd63	[MsgId: MMSG-17999]
    2023-06-15 07:46:46.030 : Start page is opened	[MsgId: MMSG-17999]
    2023-06-15 07:46:51.435 : User is logged in with session 136638.088699878HAciDcVpziHftcVzQpQDAVcf	[MsgId: MMSG-17999]
    2023-06-15 07:46:57.461 : User is logged out of session	[MsgId: MMSG-17999]
  2023-06-15 07:48:51.953 : IterationNum=19	[MsgId: MMSG-17999]
   USER 19 = user63:pwd63	[MsgId: MMSG-17999]
    2023-06-15 07:48:52.046 : Start page is opened	[MsgId: MMSG-17999]
    2023-06-15 07:48:58.278 : User is logged in with session 136638.09890644HAciDccpcVcftcVzQpQDDcHf	[MsgId: MMSG-17999]
    2023-06-15 07:49:03.618 : User is logged out of session	[MsgId: MMSG-17999]
  2023-06-15 07:50:57.965 : IterationNum=20	[MsgId: MMSG-17999]
   USER 20 = user63:pwd63	[MsgId: MMSG-17999]
    2023-06-15 07:50:58.057 : Start page is opened	[MsgId: MMSG-17999]
    2023-06-15 07:51:02.596 : User is logged in with session 136638.109194006HAciDccpHtVzzzzHtcVzQpQDztf	[MsgId: MMSG-17999]
    2023-06-15 07:51:07.341 : User is logged out of session	[MsgId: MMSG-17999]
  2023-06-15 07:53:03.973 : IterationNum=21	[MsgId: MMSG-17999]
   USER 21 = user63:pwd63	[MsgId: MMSG-17999]
    2023-06-15 07:53:04.064 : Start page is opened	[MsgId: MMSG-17999]
    2023-06-15 07:53:08.056 : User is logged in with session 136638.119400567HAciDcDpczzzzzzHtcVzQpQDQz	[MsgId: MMSG-17999]
    2023-06-15 07:53:13.789 : User is logged out of session	[MsgId: MMSG-17999]
  2023-06-15 07:55:09.984 : IterationNum=22	[MsgId: MMSG-17999]
   USER 22 = user63:pwd63	[MsgId: MMSG-17999]
    2023-06-15 07:55:10.076 : Start page is opened	[MsgId: MMSG-17999]
    2023-06-15 07:55:14.084 : User is logged in with session 136638.129607128HAciDcDpHQVzzzzHtcVzQpQtcHf	[MsgId: MMSG-17999]
    2023-06-15 07:55:19.628 : User is logged out of session	[MsgId: MMSG-17999]
  2023-06-15 07:57:15.999 : IterationNum=23	[MsgId: MMSG-17999]
   USER 23 = user63:pwd63	[MsgId: MMSG-17999]
    2023-06-15 07:57:16.091 : Start page is opened	[MsgId: MMSG-17999]
    2023-06-15 07:57:20.618 : User is logged in with session 136638.13981369HAciDctpDVzzzzzHtcVzQpQtfQ	[MsgId: MMSG-17999]
    2023-06-15 07:57:26.207 : User is logged out of session	[MsgId: MMSG-17999]
  2023-06-15 07:59:22.006 : IterationNum=24	[MsgId: MMSG-17999]
   USER 24 = user63:pwd63	[MsgId: MMSG-17999]
    2023-06-15 07:59:22.101 : Start page is opened	[MsgId: MMSG-17999]
    2023-06-15 07:59:27.398 : User is logged in with session 136638.150020251HAciDctpitVzzzzHtcVzQpQtQAf	[MsgId: MMSG-17999]
    2023-06-15 07:59:33.075 : User is logged out of session	[MsgId: MMSG-17999]
  2023-06-15 08:01:28.007 : IterationNum=25	[MsgId: MMSG-17999]
   USER 25 = user63:pwd63	[MsgId: MMSG-17999]
    2023-06-15 08:01:28.100 : Start page is opened	[MsgId: MMSG-17999]
    2023-06-15 08:01:33.727 : User is logged in with session 136638.160226812HAciDcfpDzzzzzzHtcVzQpQfcc	[MsgId: MMSG-17999]
    2023-06-15 08:01:39.267 : User is logged out of session	[MsgId: MMSG-17999]
  2023-06-15 08:03:34.023 : IterationNum=26	[MsgId: MMSG-17999]
   USER 26 = user63:pwd63	[MsgId: MMSG-17999]
    2023-06-15 08:03:34.116 : Start page is opened	[MsgId: MMSG-17999]
    2023-06-15 08:03:40.197 : User is logged in with session 136638.170433374HAciDcfpiQVzzzzHtcVzQpQffDf	[MsgId: MMSG-17999]
    2023-06-15 08:03:45.443 : User is logged out of session	[MsgId: MMSG-17999]
  2023-06-15 08:05:40.038 : IterationNum=27	[MsgId: MMSG-17999]
   USER 27 = user63:pwd63	[MsgId: MMSG-17999]
    2023-06-15 08:05:40.131 : Start page is opened	[MsgId: MMSG-17999]
    2023-06-15 08:05:44.130 : User is logged in with session 136638.180639935HAciDczptVzzzzzHtcVzQpQfif	[MsgId: MMSG-17999]
    2023-06-15 08:05:48.399 : User is logged out of session	[MsgId: MMSG-17999]
  2023-06-15 08:07:46.041 : IterationNum=28	[MsgId: MMSG-17999]
   USER 28 = user63:pwd63	[MsgId: MMSG-17999]
    2023-06-15 08:07:46.134 : Start page is opened	[MsgId: MMSG-17999]
    2023-06-15 08:07:51.753 : User is logged in with session 136638.190846497HAciDczpQtVzzzzHtcVzQpQzVzf	[MsgId: MMSG-17999]
    2023-06-15 08:07:58.011 : User is logged out of session	[MsgId: MMSG-17999]
  2023-06-15 08:09:52.042 : IterationNum=29	[MsgId: MMSG-17999]
   USER 29 = user63:pwd63	[MsgId: MMSG-17999]
    2023-06-15 08:09:52.150 : Start page is opened	[MsgId: MMSG-17999]
    2023-06-15 08:09:56.814 : User is logged in with session 136638.201053058HAciDcHptzzzzzzHtcVzQpQzti	[MsgId: MMSG-17999]
    2023-06-15 08:10:03.077 : User is logged out of session	[MsgId: MMSG-17999]
  2023-06-15 08:11:58.049 : IterationNum=30	[MsgId: MMSG-17999]
   USER 30 = user63:pwd63	[MsgId: MMSG-17999]
    2023-06-15 08:11:58.141 : Start page is opened	[MsgId: MMSG-17999]
    2023-06-15 08:12:03.141 : User is logged in with session 136638.211259619HAciDcHpQQVzzzzHtcVzQpQzHQf	[MsgId: MMSG-17999]
    2023-06-15 08:12:07.128 : User is logged out of session	[MsgId: MMSG-17999]
  2023-06-15 08:14:04.064 : IterationNum=31	[MsgId: MMSG-17999]
   USER 31 = user63:pwd63	[MsgId: MMSG-17999]
    2023-06-15 08:14:04.156 : Start page is opened	[MsgId: MMSG-17999]
    2023-06-15 08:14:08.931 : User is logged in with session 136638.221466181HAciDcipfVzzzzzHtcVzQpQHVV	[MsgId: MMSG-17999]
    2023-06-15 08:14:13.083 : User is logged out of session	[MsgId: MMSG-17999]
  2023-06-15 08:16:10.074 : IterationNum=32	[MsgId: MMSG-17999]
   USER 32 = user63:pwd63	[MsgId: MMSG-17999]
    2023-06-15 08:16:10.165 : Start page is opened	[MsgId: MMSG-17999]
    2023-06-15 08:16:16.299 : User is logged in with session 136638.231672742HAciDcQpAtVzzzzHtcVzQpQHtcf	[MsgId: MMSG-17999]
    2023-06-15 08:16:22.531 : User is logged out of session	[MsgId: MMSG-17999]
  2023-06-15 08:18:16.074 : IterationNum=33	[MsgId: MMSG-17999]
   USER 33 = user63:pwd63	[MsgId: MMSG-17999]
    2023-06-15 08:18:16.167 : Start page is opened	[MsgId: MMSG-17999]
    2023-06-15 08:18:21.929 : User is logged in with session 136638.241879303HAciDcQpfzzzzzzHtcVzQpQHHt	[MsgId: MMSG-17999]
    2023-06-15 08:18:28.114 : User is logged out of session	[MsgId: MMSG-17999]
  2023-06-15 08:20:22.081 : IterationNum=34	[MsgId: MMSG-17999]
   USER 34 = user63:pwd63	[MsgId: MMSG-17999]
    2023-06-15 08:20:22.173 : Start page is opened	[MsgId: MMSG-17999]
    2023-06-15 08:20:27.873 : User is logged in with session 136638.252085865HAciDDApAQVzzzzHtcVzQpQiAff	[MsgId: MMSG-17999]
    2023-06-15 08:20:32.238 : User is logged out of session	[MsgId: MMSG-17999]
  2023-06-15 08:22:28.091 : IterationNum=35	[MsgId: MMSG-17999]
   USER 35 = user63:pwd63	[MsgId: MMSG-17999]
    2023-06-15 08:22:28.184 : Start page is opened	[MsgId: MMSG-17999]
    2023-06-15 08:22:32.629 : User is logged in with session 136638.262292426HAciDDApzVzzzzzHtcVzQpQiDH	[MsgId: MMSG-17999]
    2023-06-15 08:22:37.503 : User is logged out of session	[MsgId: MMSG-17999]
  2023-06-15 08:24:34.101 : IterationNum=36	[MsgId: MMSG-17999]
   USER 36 = user63:pwd63	[MsgId: MMSG-17999]
    2023-06-15 08:24:34.195 : Start page is opened	[MsgId: MMSG-17999]
    2023-06-15 08:24:38.325 : User is logged in with session 136638.272498987HAciDDVpVtVzzzzHtcVzQpQizif	[MsgId: MMSG-17999]
    2023-06-15 08:24:44.397 : User is logged out of session	[MsgId: MMSG-17999]
  2023-06-15 08:26:40.107 : IterationNum=37	[MsgId: MMSG-17999]
   USER 37 = user63:pwd63	[MsgId: MMSG-17999]
    2023-06-15 08:26:40.200 : Start page is opened	[MsgId: MMSG-17999]
    2023-06-15 08:26:45.262 : User is logged in with session 136638.282705549HAciDDVpzzzzzzzHtcVzQpQQ	[MsgId: MMSG-17999]
    2023-06-15 08:26:50.969 : User is logged out of session	[MsgId: MMSG-17999]
  2023-06-15 08:28:46.111 : IterationNum=38	[MsgId: MMSG-17999]
   USER 38 = user63:pwd63	[MsgId: MMSG-17999]
    2023-06-15 08:28:46.206 : Start page is opened	[MsgId: MMSG-17999]
    2023-06-15 08:28:51.725 : User is logged in with session 136638.29291211HAciDDcpVQVzzzzHtcVzQpQQDVf	[MsgId: MMSG-17999]
    2023-06-15 08:28:56.981 : User is logged out of session	[MsgId: MMSG-17999]
  2023-06-15 08:30:52.117 : IterationNum=39	[MsgId: MMSG-17999]
   USER 39 = user63:pwd63	[MsgId: MMSG-17999]
    2023-06-15 08:30:52.211 : Start page is opened	[MsgId: MMSG-17999]
    2023-06-15 08:30:58.545 : User is logged in with session 136638.303118672HAciDDcpHVzzzzzHtcVzQpQQzD	[MsgId: MMSG-17999]
    2023-06-15 08:31:02.552 : User is logged out of session	[MsgId: MMSG-17999]
  2023-06-15 08:32:58.128 : IterationNum=40	[MsgId: MMSG-17999]
   USER 40 = user63:pwd63	[MsgId: MMSG-17999]
    2023-06-15 08:32:58.220 : Start page is opened	[MsgId: MMSG-17999]
    2023-06-15 08:33:03.887 : User is logged in with session 136638.313325233HAciDDDpctVzzzzHtcVzQpQQQtf	[MsgId: MMSG-17999]
    2023-06-15 08:33:07.836 : User is logged out of session	[MsgId: MMSG-17999]
  2023-06-15 08:35:04.133 : IterationNum=41	[MsgId: MMSG-17999]
   USER 41 = user63:pwd63	[MsgId: MMSG-17999]
    2023-06-15 08:35:04.227 : Start page is opened	[MsgId: MMSG-17999]
    2023-06-15 08:35:08.449 : User is logged in with session 136638.323531794HAciDDDpHzzzzzzHtcVHApAAcz	[MsgId: MMSG-17999]
    2023-06-15 08:35:12.559 : User is logged out of session	[MsgId: MMSG-17999]
  2023-06-15 08:37:10.145 : IterationNum=42	[MsgId: MMSG-17999]
   USER 42 = user63:pwd63	[MsgId: MMSG-17999]
    2023-06-15 08:37:10.238 : Start page is opened	[MsgId: MMSG-17999]
    2023-06-15 08:37:14.753 : User is logged in with session 136638.333738356HAciDDtpcQVzzzzHtcVHApAAfHf	[MsgId: MMSG-17999]
    2023-06-15 08:37:19.952 : User is logged out of session	[MsgId: MMSG-17999]
  2023-06-15 08:39:16.152 : IterationNum=43	[MsgId: MMSG-17999]
   USER 43 = user63:pwd63	[MsgId: MMSG-17999]
    2023-06-15 08:39:16.246 : Start page is opened	[MsgId: MMSG-17999]
    2023-06-15 08:39:21.140 : User is logged in with session 136638.343944917HAciDDtpiVzzzzzHtcVHApAAiQ	[MsgId: MMSG-17999]
    2023-06-15 08:39:27.239 : User is logged out of session	[MsgId: MMSG-17999]
  2023-06-15 08:41:22.154 : IterationNum=44	[MsgId: MMSG-17999]
   USER 44 = user63:pwd63	[MsgId: MMSG-17999]
    2023-06-15 08:41:22.249 : Start page is opened	[MsgId: MMSG-17999]
    2023-06-15 08:41:26.336 : User is logged in with session 136638.354151478HAciDDfpDtVzzzzHtcVHApAVcAf	[MsgId: MMSG-17999]
    2023-06-15 08:41:30.939 : User is logged out of session	[MsgId: MMSG-17999]
  2023-06-15 08:43:28.164 : IterationNum=45	[MsgId: MMSG-17999]
   USER 45 = user63:pwd63	[MsgId: MMSG-17999]
    2023-06-15 08:43:28.256 : Start page is opened	[MsgId: MMSG-17999]
    2023-06-15 08:43:33.491 : User is logged in with session 136638.36435804HAciDDfpizzzzzzHtcVHApAVfc	[MsgId: MMSG-17999]
    2023-06-15 08:43:39.771 : User is logged out of session	[MsgId: MMSG-17999]
  2023-06-15 08:45:34.171 : IterationNum=46	[MsgId: MMSG-17999]
   USER 46 = user63:pwd63	[MsgId: MMSG-17999]
    2023-06-15 08:45:34.266 : Start page is opened	[MsgId: MMSG-17999]
    2023-06-15 08:45:39.425 : User is logged in with session 136638.374564601HAciDDzpDQVzzzzHtcVHApAViDf	[MsgId: MMSG-17999]
    2023-06-15 08:45:43.745 : User is logged out of session	[MsgId: MMSG-17999]
  2023-06-15 08:47:40.183 : IterationNum=47	[MsgId: MMSG-17999]
   USER 47 = user63:pwd63	[MsgId: MMSG-17999]
    2023-06-15 08:47:40.276 : Start page is opened	[MsgId: MMSG-17999]
    2023-06-15 08:47:45.850 : User is logged in with session 136638.384771162HAciDDzpQVzzzzzHtcVHApAcVf	[MsgId: MMSG-17999]
    2023-06-15 08:47:51.051 : User is logged out of session	[MsgId: MMSG-17999]
