  2023-06-15 07:11:18.911 : IterationNum=1	[MsgId: MMSG-17999]
   USER 1 = user66:pwd66	[MsgId: MMSG-17999]
    2023-06-15 07:11:19.007 : Start page is opened	[MsgId: MMSG-17999]
    2023-06-15 07:11:25.021 : User is logged in with session 136637.916403402HAciDVcpicftcVzQpiHzQf	[MsgId: MMSG-17999]
    2023-06-15 07:11:29.706 : User is logged out of session	[MsgId: MMSG-17999]
  2023-06-15 07:13:24.920 : IterationNum=2	[MsgId: MMSG-17999]
   USER 2 = user66:pwd66	[MsgId: MMSG-17999]
    2023-06-15 07:13:25.013 : Start page is opened	[MsgId: MMSG-17999]
    2023-06-15 07:13:29.666 : User is logged in with session 136637.926609964HAciDVDpDftcVzQpiiAV	[MsgId: MMSG-17999]
    2023-06-15 07:13:33.727 : User is logged out of session	[MsgId: MMSG-17999]
  2023-06-15 07:15:30.922 : IterationNum=3	[MsgId: MMSG-17999]
   USER 3 = user66:pwd66	[MsgId: MMSG-17999]
    2023-06-15 07:15:31.014 : Start page is opened	[MsgId: MMSG-17999]
    2023-06-15 07:15:36.709 : User is logged in with session 136637.936816525HAciDVDpiHftcVzQpiiDcf	[MsgId: MMSG-17999]
    2023-06-15 07:15:41.008 : User is logged out of session	[MsgId: MMSG-17999]
  2023-06-15 07:17:36.931 : IterationNum=4	[MsgId: MMSG-17999]
   USER 4 = user66:pwd66	[MsgId: MMSG-17999]
    2023-06-15 07:17:37.023 : Start page is opened	[MsgId: MMSG-17999]
    2023-06-15 07:17:42.461 : User is logged in with session 136637.947023086HAciDVtpttcVzQpiizt	[MsgId: MMSG-17999]
    2023-06-15 07:17:47.140 : User is logged out of session	[MsgId: MMSG-17999]
  2023-06-15 07:19:42.933 : IterationNum=5	[MsgId: MMSG-17999]
   USER 5 = user66:pwd66	[MsgId: MMSG-17999]
    2023-06-15 07:19:43.024 : Start page is opened	[MsgId: MMSG-17999]
    2023-06-15 07:19:47.121 : User is logged in with session 136637.957229648HAciDVtpQcftcVzQpiiQff	[MsgId: MMSG-17999]
    2023-06-15 07:19:52.962 : User is logged out of session	[MsgId: MMSG-17999]
  2023-06-15 07:21:48.944 : IterationNum=6	[MsgId: MMSG-17999]
   USER 6 = user66:pwd66	[MsgId: MMSG-17999]
    2023-06-15 07:21:49.038 : Start page is opened	[MsgId: MMSG-17999]
    2023-06-15 07:21:53.958 : User is logged in with session 136637.967436209HAciDVfptftcVzQpiQcH	[MsgId: MMSG-17999]
    2023-06-15 07:21:58.361 : User is logged out of session	[MsgId: MMSG-17999]
  2023-06-15 07:23:54.948 : IterationNum=7	[MsgId: MMSG-17999]
   USER 7 = user66:pwd66	[MsgId: MMSG-17999]
    2023-06-15 07:23:55.041 : Start page is opened	[MsgId: MMSG-17999]
    2023-06-15 07:24:00.352 : User is logged in with session 136637.97764277HAciDVfpQHftcVzQpiQfif	[MsgId: MMSG-17999]
    2023-06-15 07:24:06.130 : User is logged out of session	[MsgId: MMSG-17999]
  2023-06-15 07:26:00.951 : IterationNum=8	[MsgId: MMSG-17999]
   USER 8 = user66:pwd66	[MsgId: MMSG-17999]
    2023-06-15 07:26:01.044 : Start page is opened	[MsgId: MMSG-17999]
    2023-06-15 07:26:06.562 : User is logged in with session 136637.987849332HAciDVzpftcVzQpiQQ	[MsgId: MMSG-17999]
    2023-06-15 07:26:12.426 : User is logged out of session	[MsgId: MMSG-17999]
  2023-06-15 07:28:06.959 : IterationNum=9	[MsgId: MMSG-17999]
   USER 9 = user66:pwd66	[MsgId: MMSG-17999]
    2023-06-15 07:28:07.052 : Start page is opened	[MsgId: MMSG-17999]
    2023-06-15 07:28:11.639 : User is logged in with session 136637.998055893HAciDVHpAcftcVzQpQAcVf	[MsgId: MMSG-17999]
    2023-06-15 07:28:16.333 : User is logged out of session	[MsgId: MMSG-17999]
  2023-06-15 07:30:12.965 : IterationNum=10	[MsgId: MMSG-17999]
   USER 10 = user66:pwd66	[MsgId: MMSG-17999]
    2023-06-15 07:30:13.057 : Start page is opened	[MsgId: MMSG-17999]
    2023-06-15 07:30:19.186 : User is logged in with session 136638.008343459HAciDVHpfftVzzzHtcVzQpQAfDcf	[MsgId: MMSG-17999]
    2023-06-15 07:30:24.360 : User is logged out of session	[MsgId: MMSG-17999]
  2023-06-15 07:32:18.968 : IterationNum=11	[MsgId: MMSG-17999]
   USER 11 = user66:pwd66	[MsgId: MMSG-17999]
    2023-06-15 07:32:19.062 : Start page is opened	[MsgId: MMSG-17999]
    2023-06-15 07:32:24.688 : User is logged in with session 136638.01855002HAciDVipAHQVzzzHtcVzQpQAitHf	[MsgId: MMSG-17999]
    2023-06-15 07:32:29.183 : User is logged out of session	[MsgId: MMSG-17999]
  2023-06-15 07:34:24.982 : IterationNum=12	[MsgId: MMSG-17999]
   USER 12 = user66:pwd66	[MsgId: MMSG-17999]
    2023-06-15 07:34:25.076 : Start page is opened	[MsgId: MMSG-17999]
    2023-06-15 07:34:31.078 : User is logged in with session 136638.028756582HAciDVipzAtVzzzHtcVzQpQVVzcf	[MsgId: MMSG-17999]
    2023-06-15 07:34:35.729 : User is logged out of session	[MsgId: MMSG-17999]
  2023-06-15 07:36:30.990 : IterationNum=13	[MsgId: MMSG-17999]
   USER 13 = user66:pwd66	[MsgId: MMSG-17999]
    2023-06-15 07:36:31.082 : Start page is opened	[MsgId: MMSG-17999]
    2023-06-15 07:36:36.375 : User is logged in with session 136638.038963143HAciDVQpVcQVzzzHtcVzQpQVtHHf	[MsgId: MMSG-17999]
    2023-06-15 07:36:41.866 : User is logged out of session	[MsgId: MMSG-17999]
  2023-06-15 07:38:37.002 : IterationNum=14	[MsgId: MMSG-17999]
   USER 14 = user66:pwd66	[MsgId: MMSG-17999]
    2023-06-15 07:38:37.095 : Start page is opened	[MsgId: MMSG-17999]
    2023-06-15 07:38:41.669 : User is logged in with session 136638.049169704HAciDVQpzftVzzzHtcVzQpQVHQcf	[MsgId: MMSG-17999]
    2023-06-15 07:38:46.178 : User is logged out of session	[MsgId: MMSG-17999]
  2023-06-15 07:40:43.003 : IterationNum=15	[MsgId: MMSG-17999]
   USER 15 = user66:pwd66	[MsgId: MMSG-17999]
    2023-06-15 07:40:43.096 : Start page is opened	[MsgId: MMSG-17999]
    2023-06-15 07:40:47.771 : User is logged in with session 136638.059376266HAciDcApVHQVzzzHtcVzQpQcVAHf	[MsgId: MMSG-17999]
    2023-06-15 07:40:52.970 : User is logged out of session	[MsgId: MMSG-17999]
  2023-06-15 07:42:49.006 : IterationNum=16	[MsgId: MMSG-17999]
   USER 16 = user66:pwd66	[MsgId: MMSG-17999]
    2023-06-15 07:42:49.099 : Start page is opened	[MsgId: MMSG-17999]
    2023-06-15 07:42:55.212 : User is logged in with session 136638.069582827HAciDcApHAtVzzzHtcVzQpQctccf	[MsgId: MMSG-17999]
    2023-06-15 07:43:00.461 : User is logged out of session	[MsgId: MMSG-17999]
  2023-06-15 07:44:55.010 : IterationNum=17	[MsgId: MMSG-17999]
   USER 17 = user66:pwd66	[MsgId: MMSG-17999]
    2023-06-15 07:44:55.103 : Start page is opened	[MsgId: MMSG-17999]
    2023-06-15 07:45:01.463 : User is logged in with session 136638.079789388HAciDcVpccQVzzzHtcVzQpQcHDHf	[MsgId: MMSG-17999]
    2023-06-15 07:45:06.126 : User is logged out of session	[MsgId: MMSG-17999]
  2023-06-15 07:47:01.025 : IterationNum=18	[MsgId: MMSG-17999]
   USER 18 = user66:pwd66	[MsgId: MMSG-17999]
    2023-06-15 07:47:01.117 : Start page is opened	[MsgId: MMSG-17999]
    2023-06-15 07:47:07.336 : User is logged in with session 136638.08999595HAciDcVpHftVzzzHtcVzQpQDAfcf	[MsgId: MMSG-17999]
    2023-06-15 07:47:11.510 : User is logged out of session	[MsgId: MMSG-17999]
  2023-06-15 07:49:07.035 : IterationNum=19	[MsgId: MMSG-17999]
   USER 19 = user66:pwd66	[MsgId: MMSG-17999]
    2023-06-15 07:49:07.126 : Start page is opened	[MsgId: MMSG-17999]
    2023-06-15 07:49:13.388 : User is logged in with session 136638.100202511HAciDccpcHQVzzzHtcVzQpQDDzHf	[MsgId: MMSG-17999]
    2023-06-15 07:49:17.563 : User is logged out of session	[MsgId: MMSG-17999]
  2023-06-15 07:51:13.041 : IterationNum=20	[MsgId: MMSG-17999]
   USER 20 = user66:pwd66	[MsgId: MMSG-17999]
    2023-06-15 07:51:13.132 : Start page is opened	[MsgId: MMSG-17999]
    2023-06-15 07:51:17.926 : User is logged in with session 136638.110409073HAciDccpiAtVzzzHtcVzQpQDzicf	[MsgId: MMSG-17999]
    2023-06-15 07:51:23.106 : User is logged out of session	[MsgId: MMSG-17999]
  2023-06-15 07:53:19.047 : IterationNum=21	[MsgId: MMSG-17999]
   USER 21 = user66:pwd66	[MsgId: MMSG-17999]
    2023-06-15 07:53:19.142 : Start page is opened	[MsgId: MMSG-17999]
    2023-06-15 07:53:24.521 : User is logged in with session 136638.120615634HAciDcDpDcQVzzzHtcVzQpQDQQHf	[MsgId: MMSG-17999]
    2023-06-15 07:53:28.975 : User is logged out of session	[MsgId: MMSG-17999]
  2023-06-15 07:55:25.061 : IterationNum=22	[MsgId: MMSG-17999]
   USER 22 = user66:pwd66	[MsgId: MMSG-17999]
    2023-06-15 07:55:25.153 : Start page is opened	[MsgId: MMSG-17999]
    2023-06-15 07:55:29.832 : User is logged in with session 136638.130822195HAciDcDpiftVzzzHtcVzQpQtDVcf	[MsgId: MMSG-17999]
    2023-06-15 07:55:34.888 : User is logged out of session	[MsgId: MMSG-17999]
  2023-06-15 07:57:31.069 : IterationNum=23	[MsgId: MMSG-17999]
   USER 23 = user66:pwd66	[MsgId: MMSG-17999]
    2023-06-15 07:57:31.162 : Start page is opened	[MsgId: MMSG-17999]
    2023-06-15 07:57:36.061 : User is logged in with session 136638.141028757HAciDctpDHQVzzzHtcVzQpQtzcHf	[MsgId: MMSG-17999]
    2023-06-15 07:57:40.486 : User is logged out of session	[MsgId: MMSG-17999]
  2023-06-15 07:59:37.079 : IterationNum=24	[MsgId: MMSG-17999]
   USER 24 = user66:pwd66	[MsgId: MMSG-17999]
    2023-06-15 07:59:37.170 : Start page is opened	[MsgId: MMSG-17999]
    2023-06-15 07:59:41.972 : User is logged in with session 136638.151235318HAciDctpQAtVzzzHtcVzQpQtQtcf	[MsgId: MMSG-17999]
    2023-06-15 07:59:46.355 : User is logged out of session	[MsgId: MMSG-17999]
  2023-06-15 08:01:43.087 : IterationNum=25	[MsgId: MMSG-17999]
   USER 25 = user66:pwd66	[MsgId: MMSG-17999]
    2023-06-15 08:01:43.179 : Start page is opened	[MsgId: MMSG-17999]
    2023-06-15 08:01:48.583 : User is logged in with session 136638.161441879HAciDcfptcQVzzzHtcVzQpQfcfHf	[MsgId: MMSG-17999]
    2023-06-15 08:01:53.357 : User is logged out of session	[MsgId: MMSG-17999]
  2023-06-15 08:03:49.095 : IterationNum=26	[MsgId: MMSG-17999]
   USER 26 = user66:pwd66	[MsgId: MMSG-17999]
    2023-06-15 08:03:49.188 : Start page is opened	[MsgId: MMSG-17999]
    2023-06-15 08:03:53.836 : User is logged in with session 136638.171648441HAciDcfpQftVzzzHtcVzQpQffHcf	[MsgId: MMSG-17999]
    2023-06-15 08:04:00.200 : User is logged out of session	[MsgId: MMSG-17999]
  2023-06-15 08:05:55.102 : IterationNum=27	[MsgId: MMSG-17999]
   USER 27 = user66:pwd66	[MsgId: MMSG-17999]
    2023-06-15 08:05:55.195 : Start page is opened	[MsgId: MMSG-17999]
    2023-06-15 08:05:59.582 : User is logged in with session 136638.181855002HAciDczptHQVzzzHtcVzQpQfiiHf	[MsgId: MMSG-17999]
    2023-06-15 08:06:05.430 : User is logged out of session	[MsgId: MMSG-17999]
  2023-06-15 08:08:01.115 : IterationNum=28	[MsgId: MMSG-17999]
   USER 28 = user66:pwd66	[MsgId: MMSG-17999]
    2023-06-15 08:08:01.207 : Start page is opened	[MsgId: MMSG-17999]
    2023-06-15 08:08:07.024 : User is logged in with session 136638.192061563HAciDcHpAAtVzzzHtcVzQpQzcAcf	[MsgId: MMSG-17999]
    2023-06-15 08:08:12.451 : User is logged out of session	[MsgId: MMSG-17999]
  2023-06-15 08:10:07.116 : IterationNum=29	[MsgId: MMSG-17999]
   USER 29 = user66:pwd66	[MsgId: MMSG-17999]
    2023-06-15 08:10:07.210 : Start page is opened	[MsgId: MMSG-17999]
    2023-06-15 08:10:12.833 : User is logged in with session 136638.202268125HAciDcHpfcQVzzzHtcVzQpQzfVHf	[MsgId: MMSG-17999]
    2023-06-15 08:10:18.137 : User is logged out of session	[MsgId: MMSG-17999]
  2023-06-15 08:12:13.121 : IterationNum=30	[MsgId: MMSG-17999]
   USER 30 = user66:pwd66	[MsgId: MMSG-17999]
    2023-06-15 08:12:13.214 : Start page is opened	[MsgId: MMSG-17999]
    2023-06-15 08:12:19.590 : User is logged in with session 136638.212474686HAciDcipAftVzzzHtcVzQpQziDcf	[MsgId: MMSG-17999]
    2023-06-15 08:12:25.074 : User is logged out of session	[MsgId: MMSG-17999]
  2023-06-15 08:14:19.131 : IterationNum=31	[MsgId: MMSG-17999]
   USER 31 = user66:pwd66	[MsgId: MMSG-17999]
    2023-06-15 08:14:19.224 : Start page is opened	[MsgId: MMSG-17999]
    2023-06-15 08:14:24.380 : User is logged in with session 136638.222681247HAciDcipfHQVzzzHtcVzQpQHVtHf	[MsgId: MMSG-17999]
    2023-06-15 08:14:29.191 : User is logged out of session	[MsgId: MMSG-17999]
  2023-06-15 08:16:25.131 : IterationNum=32	[MsgId: MMSG-17999]
   USER 32 = user66:pwd66	[MsgId: MMSG-17999]
    2023-06-15 08:16:25.225 : Start page is opened	[MsgId: MMSG-17999]
    2023-06-15 08:16:29.941 : User is logged in with session 136638.232887809HAciDcQpVAtVzzzHtcVzQpQHtzcf	[MsgId: MMSG-17999]
    2023-06-15 08:16:34.350 : User is logged out of session	[MsgId: MMSG-17999]
  2023-06-15 08:18:31.142 : IterationNum=33	[MsgId: MMSG-17999]
   USER 33 = user66:pwd66	[MsgId: MMSG-17999]
    2023-06-15 08:18:31.235 : Start page is opened	[MsgId: MMSG-17999]
    2023-06-15 08:18:35.482 : User is logged in with session 136638.24309437HAciDcQpzcQVzzzHtcVzQpQHHHHf	[MsgId: MMSG-17999]
    2023-06-15 08:18:39.416 : User is logged out of session	[MsgId: MMSG-17999]
  2023-06-15 08:20:37.145 : IterationNum=34	[MsgId: MMSG-17999]
   USER 34 = user66:pwd66	[MsgId: MMSG-17999]
    2023-06-15 08:20:37.237 : Start page is opened	[MsgId: MMSG-17999]
    2023-06-15 08:20:43.566 : User is logged in with session 136638.253300932HAciDDApVftVzzzHtcVzQpQiAQcf	[MsgId: MMSG-17999]
    2023-06-15 08:20:49.005 : User is logged out of session	[MsgId: MMSG-17999]
  2023-06-15 08:22:43.152 : IterationNum=35	[MsgId: MMSG-17999]
   USER 35 = user66:pwd66	[MsgId: MMSG-17999]
    2023-06-15 08:22:43.246 : Start page is opened	[MsgId: MMSG-17999]
    2023-06-15 08:22:48.473 : User is logged in with session 136638.263507493HAciDDApzHQVzzzHtcVzQpQitAHf	[MsgId: MMSG-17999]
    2023-06-15 08:22:54.616 : User is logged out of session	[MsgId: MMSG-17999]
  2023-06-15 08:24:49.161 : IterationNum=36	[MsgId: MMSG-17999]
   USER 36 = user66:pwd66	[MsgId: MMSG-17999]
    2023-06-15 08:24:49.255 : Start page is opened	[MsgId: MMSG-17999]
    2023-06-15 08:24:53.261 : User is logged in with session 136638.273714054HAciDDVpcAtVzzzHtcVzQpQiHccf	[MsgId: MMSG-17999]
    2023-06-15 08:24:59.200 : User is logged out of session	[MsgId: MMSG-17999]
  2023-06-15 08:26:55.164 : IterationNum=37	[MsgId: MMSG-17999]
   USER 37 = user66:pwd66	[MsgId: MMSG-17999]
    2023-06-15 08:26:55.259 : Start page is opened	[MsgId: MMSG-17999]
    2023-06-15 08:26:59.551 : User is logged in with session 136638.283920616HAciDDVpHcQVzzzHtcVzQpQQADHf	[MsgId: MMSG-17999]
    2023-06-15 08:27:04.939 : User is logged out of session	[MsgId: MMSG-17999]
  2023-06-15 08:29:01.170 : IterationNum=38	[MsgId: MMSG-17999]
   USER 38 = user66:pwd66	[MsgId: MMSG-17999]
    2023-06-15 08:29:01.263 : Start page is opened	[MsgId: MMSG-17999]
    2023-06-15 08:29:06.676 : User is logged in with session 136638.294127177HAciDDcpcftVzzzHtcVzQpQQDfcf	[MsgId: MMSG-17999]
    2023-06-15 08:29:12.538 : User is logged out of session	[MsgId: MMSG-17999]
  2023-06-15 08:31:07.178 : IterationNum=39	[MsgId: MMSG-17999]
   USER 39 = user66:pwd66	[MsgId: MMSG-17999]
    2023-06-15 08:31:07.271 : Start page is opened	[MsgId: MMSG-17999]
    2023-06-15 08:31:11.198 : User is logged in with session 136638.304333738HAciDDcpHHQVzzzHtcVzQpQQzzHf	[MsgId: MMSG-17999]
    2023-06-15 08:31:15.418 : User is logged out of session	[MsgId: MMSG-17999]
  2023-06-15 08:33:13.183 : IterationNum=40	[MsgId: MMSG-17999]
   USER 40 = user66:pwd66	[MsgId: MMSG-17999]
    2023-06-15 08:33:13.275 : Start page is opened	[MsgId: MMSG-17999]
    2023-06-15 08:33:17.565 : User is logged in with session 136638.3145403HAciDDDpDAtVzzzHtcVzQpQQQicf	[MsgId: MMSG-17999]
    2023-06-15 08:33:23.187 : User is logged out of session	[MsgId: MMSG-17999]
  2023-06-15 08:35:19.196 : IterationNum=41	[MsgId: MMSG-17999]
   USER 41 = user66:pwd66	[MsgId: MMSG-17999]
    2023-06-15 08:35:19.289 : Start page is opened	[MsgId: MMSG-17999]
    2023-06-15 08:35:25.450 : User is logged in with session 136638.324746861HAciDDDpicQVzzzHtcVHApAAcQHf	[MsgId: MMSG-17999]
    2023-06-15 08:35:30.545 : User is logged out of session	[MsgId: MMSG-17999]
  2023-06-15 08:37:25.202 : IterationNum=42	[MsgId: MMSG-17999]
   USER 42 = user66:pwd66	[MsgId: MMSG-17999]
    2023-06-15 08:37:25.294 : Start page is opened	[MsgId: MMSG-17999]
    2023-06-15 08:37:30.227 : User is logged in with session 136638.334953422HAciDDtpDftVzzzHtcVHApAAzVcf	[MsgId: MMSG-17999]
    2023-06-15 08:37:34.164 : User is logged out of session	[MsgId: MMSG-17999]
  2023-06-15 08:39:31.212 : IterationNum=43	[MsgId: MMSG-17999]
   USER 43 = user66:pwd66	[MsgId: MMSG-17999]
    2023-06-15 08:39:31.306 : Start page is opened	[MsgId: MMSG-17999]
    2023-06-15 08:39:35.211 : User is logged in with session 136638.345159984HAciDDtpiHQVzzzHtcVHApAAQcHf	[MsgId: MMSG-17999]
    2023-06-15 08:39:41.031 : User is logged out of session	[MsgId: MMSG-17999]
  2023-06-15 08:41:37.225 : IterationNum=44	[MsgId: MMSG-17999]
   USER 44 = user66:pwd66	[MsgId: MMSG-17999]
    2023-06-15 08:41:37.319 : Start page is opened	[MsgId: MMSG-17999]
    2023-06-15 08:41:42.051 : User is logged in with session 136638.355366545HAciDDfptAtVzzzHtcVHApAVctcf	[MsgId: MMSG-17999]
    2023-06-15 08:41:46.990 : User is logged out of session	[MsgId: MMSG-17999]
  2023-06-15 08:43:43.228 : IterationNum=45	[MsgId: MMSG-17999]
   USER 45 = user66:pwd66	[MsgId: MMSG-17999]
    2023-06-15 08:43:43.321 : Start page is opened	[MsgId: MMSG-17999]
    2023-06-15 08:43:47.259 : User is logged in with session 136638.365573107HAciDDfpQcQVzzzHtcVHApAVffHf	[MsgId: MMSG-17999]
    2023-06-15 08:43:53.232 : User is logged out of session	[MsgId: MMSG-17999]
  2023-06-15 08:45:49.236 : IterationNum=46	[MsgId: MMSG-17999]
   USER 46 = user66:pwd66	[MsgId: MMSG-17999]
    2023-06-15 08:45:49.328 : Start page is opened	[MsgId: MMSG-17999]
    2023-06-15 08:45:53.285 : User is logged in with session 136638.375779668HAciDDzptftVzzzHtcVHApAViHcf	[MsgId: MMSG-17999]
    2023-06-15 08:45:59.217 : User is logged out of session	[MsgId: MMSG-17999]
  2023-06-15 08:47:55.243 : IterationNum=47	[MsgId: MMSG-17999]
   USER 47 = user66:pwd66	[MsgId: MMSG-17999]
    2023-06-15 08:47:55.336 : Start page is opened	[MsgId: MMSG-17999]
    2023-06-15 08:48:01.444 : User is logged in with session 136638.385986229HAciDDzpQHQVzzzHtcVHApAcViHf	[MsgId: MMSG-17999]
    2023-06-15 08:48:06.967 : User is logged out of session	[MsgId: MMSG-17999]
