  2023-06-15 08:11:04.270 : IterationNum=1	[MsgId: MMSG-17999]
   USER 1 = user77:pwd77	[MsgId: MMSG-17999]
    2023-06-15 08:11:04.353 : Start page is opened	[MsgId: MMSG-17999]
    2023-06-15 08:11:08.728 : User is logged in with session 136638.206885379HAciDcHpHzzzzzzHtcVzQpQzzz	[MsgId: MMSG-17999]
    2023-06-15 08:11:12.718 : User is logged out of session	[MsgId: MMSG-17999]
  2023-06-15 08:13:10.274 : IterationNum=2	[MsgId: MMSG-17999]
   USER 2 = user77:pwd77	[MsgId: MMSG-17999]
    2023-06-15 08:13:10.369 : Start page is opened	[MsgId: MMSG-17999]
    2023-06-15 08:13:14.826 : User is logged in with session 136638.21709194HAciDcipcQVzzzzHtcVzQpQzQHf	[MsgId: MMSG-17999]
    2023-06-15 08:13:21.187 : User is logged out of session	[MsgId: MMSG-17999]
  2023-06-15 08:15:16.276 : IterationNum=3	[MsgId: MMSG-17999]
   USER 3 = user77:pwd77	[MsgId: MMSG-17999]
    2023-06-15 08:15:16.370 : Start page is opened	[MsgId: MMSG-17999]
    2023-06-15 08:15:22.298 : User is logged in with session 136638.227298501HAciDcipiVzzzzzHtcVzQpQHcQ	[MsgId: MMSG-17999]
    2023-06-15 08:15:28.406 : User is logged out of session	[MsgId: MMSG-17999]
  2023-06-15 08:17:22.289 : IterationNum=4	[MsgId: MMSG-17999]
   USER 4 = user77:pwd77	[MsgId: MMSG-17999]
    2023-06-15 08:17:22.383 : Start page is opened	[MsgId: MMSG-17999]
    2023-06-15 08:17:28.099 : User is logged in with session 136638.237505063HAciDcQpDtVzzzzHtcVzQpQHzAf	[MsgId: MMSG-17999]
    2023-06-15 08:17:32.046 : User is logged out of session	[MsgId: MMSG-17999]
  2023-06-15 08:19:28.300 : IterationNum=5	[MsgId: MMSG-17999]
   USER 5 = user77:pwd77	[MsgId: MMSG-17999]
    2023-06-15 08:19:28.393 : Start page is opened	[MsgId: MMSG-17999]
    2023-06-15 08:19:32.605 : User is logged in with session 136638.247711624HAciDcQpizzzzzzHtcVzQpQHQc	[MsgId: MMSG-17999]
    2023-06-15 08:19:38.687 : User is logged out of session	[MsgId: MMSG-17999]
  2023-06-15 08:21:34.304 : IterationNum=6	[MsgId: MMSG-17999]
   USER 6 = user77:pwd77	[MsgId: MMSG-17999]
    2023-06-15 08:21:34.397 : Start page is opened	[MsgId: MMSG-17999]
    2023-06-15 08:21:39.584 : User is logged in with session 136638.257918186HAciDDApDQVzzzzHtcVzQpQicDf	[MsgId: MMSG-17999]
    2023-06-15 08:21:44.769 : User is logged out of session	[MsgId: MMSG-17999]
  2023-06-15 08:23:40.317 : IterationNum=7	[MsgId: MMSG-17999]
   USER 7 = user77:pwd77	[MsgId: MMSG-17999]
    2023-06-15 08:23:40.411 : Start page is opened	[MsgId: MMSG-17999]
    2023-06-15 08:23:44.875 : User is logged in with session 136638.268124747HAciDDApQVzzzzzHtcVzQpQiff	[MsgId: MMSG-17999]
    2023-06-15 08:23:51.077 : User is logged out of session	[MsgId: MMSG-17999]
  2023-06-15 08:25:46.328 : IterationNum=8	[MsgId: MMSG-17999]
   USER 8 = user77:pwd77	[MsgId: MMSG-17999]
    2023-06-15 08:25:46.422 : Start page is opened	[MsgId: MMSG-17999]
    2023-06-15 08:25:51.980 : User is logged in with session 136638.278331308HAciDDVpttVzzzzHtcVzQpQiizf	[MsgId: MMSG-17999]
    2023-06-15 08:25:57.379 : User is logged out of session	[MsgId: MMSG-17999]
  2023-06-15 08:27:52.341 : IterationNum=9	[MsgId: MMSG-17999]
   USER 9 = user77:pwd77	[MsgId: MMSG-17999]
    2023-06-15 08:27:52.435 : Start page is opened	[MsgId: MMSG-17999]
    2023-06-15 08:27:56.708 : User is logged in with session 136638.28853787HAciDDVpQzzzzzzHtcVzQpQQVi	[MsgId: MMSG-17999]
    2023-06-15 08:28:00.737 : User is logged out of session	[MsgId: MMSG-17999]
  2023-06-15 08:29:58.353 : IterationNum=10	[MsgId: MMSG-17999]
   USER 10 = user77:pwd77	[MsgId: MMSG-17999]
    2023-06-15 08:29:58.444 : Start page is opened	[MsgId: MMSG-17999]
    2023-06-15 08:30:02.604 : User is logged in with session 136638.298744431HAciDDcptQVzzzzHtcVzQpQQtQf	[MsgId: MMSG-17999]
    2023-06-15 08:30:06.777 : User is logged out of session	[MsgId: MMSG-17999]
  2023-06-15 08:32:04.362 : IterationNum=11	[MsgId: MMSG-17999]
   USER 11 = user77:pwd77	[MsgId: MMSG-17999]
    2023-06-15 08:32:04.454 : Start page is opened	[MsgId: MMSG-17999]
    2023-06-15 08:32:08.649 : User is logged in with session 136638.308950992HAciDDDpAVzzzzzHtcVzQpQQiV	[MsgId: MMSG-17999]
    2023-06-15 08:32:13.266 : User is logged out of session	[MsgId: MMSG-17999]
  2023-06-15 08:34:10.363 : IterationNum=12	[MsgId: MMSG-17999]
   USER 12 = user77:pwd77	[MsgId: MMSG-17999]
    2023-06-15 08:34:10.455 : Start page is opened	[MsgId: MMSG-17999]
    2023-06-15 08:34:16.209 : User is logged in with session 136638.319157554HAciDDDpftVzzzzHtcVHApAAVcf	[MsgId: MMSG-17999]
    2023-06-15 08:34:22.042 : User is logged out of session	[MsgId: MMSG-17999]
  2023-06-15 08:36:16.378 : IterationNum=13	[MsgId: MMSG-17999]
   USER 13 = user77:pwd77	[MsgId: MMSG-17999]
    2023-06-15 08:36:16.471 : Start page is opened	[MsgId: MMSG-17999]
    2023-06-15 08:36:22.139 : User is logged in with session 136638.329364115HAciDDtpAzzzzzzHtcVHApAAtt	[MsgId: MMSG-17999]
    2023-06-15 08:36:28.440 : User is logged out of session	[MsgId: MMSG-17999]
  2023-06-15 08:38:22.383 : IterationNum=14	[MsgId: MMSG-17999]
   USER 14 = user77:pwd77	[MsgId: MMSG-17999]
    2023-06-15 08:38:22.476 : Start page is opened	[MsgId: MMSG-17999]
    2023-06-15 08:38:26.392 : User is logged in with session 136638.339570676HAciDDtpfQVzzzzHtcVHApAAHff	[MsgId: MMSG-17999]
    2023-06-15 08:38:31.892 : User is logged out of session	[MsgId: MMSG-17999]
  2023-06-15 08:40:28.384 : IterationNum=15	[MsgId: MMSG-17999]
   USER 15 = user77:pwd77	[MsgId: MMSG-17999]
    2023-06-15 08:40:28.477 : Start page is opened	[MsgId: MMSG-17999]
    2023-06-15 08:40:34.397 : User is logged in with session 136638.349777238HAciDDfpVVzzzzzHtcVHApAVAH	[MsgId: MMSG-17999]
    2023-06-15 08:40:39.441 : User is logged out of session	[MsgId: MMSG-17999]
  2023-06-15 08:42:34.393 : IterationNum=16	[MsgId: MMSG-17999]
   USER 16 = user77:pwd77	[MsgId: MMSG-17999]
    2023-06-15 08:42:34.487 : Start page is opened	[MsgId: MMSG-17999]
    2023-06-15 08:42:39.584 : User is logged in with session 136638.359983799HAciDDfpztVzzzzHtcVHApAVDif	[MsgId: MMSG-17999]
    2023-06-15 08:42:45.732 : User is logged out of session	[MsgId: MMSG-17999]
  2023-06-15 08:44:40.407 : IterationNum=17	[MsgId: MMSG-17999]
   USER 17 = user77:pwd77	[MsgId: MMSG-17999]
    2023-06-15 08:44:40.498 : Start page is opened	[MsgId: MMSG-17999]
    2023-06-15 08:44:44.418 : User is logged in with session 136638.37019036HAciDDzpVzzzzzzHtcVHApAVH	[MsgId: MMSG-17999]
    2023-06-15 08:44:49.862 : User is logged out of session	[MsgId: MMSG-17999]
  2023-06-15 08:46:46.423 : IterationNum=18	[MsgId: MMSG-17999]
   USER 18 = user77:pwd77	[MsgId: MMSG-17999]
    2023-06-15 08:46:46.515 : Start page is opened	[MsgId: MMSG-17999]
    2023-06-15 08:46:52.336 : User is logged in with session 136638.380396922HAciDDzpzQVzzzzHtcVHApAcAVf	[MsgId: MMSG-17999]
    2023-06-15 08:46:58.108 : User is logged out of session	[MsgId: MMSG-17999]
