  2023-06-15 08:34:54.052 : IterationNum=1	[MsgId: MMSG-17999]
   USER 1 = user55:pwd55	[MsgId: MMSG-17999]
    2023-06-15 08:34:54.146 : Start page is opened	[MsgId: MMSG-17999]
    2023-06-15 08:34:59.000 : User is logged in with session 136638.32272175HAciDDDpHcftcVHApAAcDf	[MsgId: MMSG-17999]
    2023-06-15 08:35:04.476 : Search page opened	[MsgId: MMSG-17999]
    2023-06-15 08:35:19.842 : Flights found : 401;453;06/18/2023 and 042;481;06/15/2023	[MsgId: MMSG-17999]
    2023-06-15 08:35:19.842 : Sity depart : Paris, Sity arrive : Denver	[MsgId: MMSG-17999]
    2023-06-15 08:35:30.887 : Found Seat Type : Business, Seat Pref : Aisle	[MsgId: MMSG-17999]
    2023-06-15 08:35:35.118 : User is logged out of session	[MsgId: MMSG-17999]
  2023-06-15 08:37:34.055 : IterationNum=2	[MsgId: MMSG-17999]
   USER 2 = user56:pwd56	[MsgId: MMSG-17999]
    2023-06-15 08:37:34.149 : Start page is opened	[MsgId: MMSG-17999]
    2023-06-15 08:37:38.656 : User is logged in with session 136638.335682463HAciDDtpDQVzzzzHtcVHApAAzDf	[MsgId: MMSG-17999]
    2023-06-15 08:37:43.473 : Search page opened	[MsgId: MMSG-17999]
           ERROR : Sity depart : Paris Sity arrive : Paris	[MsgId: MMSG-17999]
           ERROR FIXED : Sity depart : Paris Sity arrive : London	[MsgId: MMSG-17999]
    2023-06-15 08:37:57.633 : Flights found : 421;181;06/18/2023 and 242;193;06/15/2023	[MsgId: MMSG-17999]
    2023-06-15 08:37:57.633 : Sity depart : Paris, Sity arrive : London	[MsgId: MMSG-17999]
    2023-06-15 08:38:06.106 : Found Seat Type : First, Seat Pref : None	[MsgId: MMSG-17999]
    2023-06-15 08:38:10.353 : User is logged out of session	[MsgId: MMSG-17999]
  2023-06-15 08:40:14.058 : IterationNum=3	[MsgId: MMSG-17999]
   USER 3 = user57:pwd57	[MsgId: MMSG-17999]
    2023-06-15 08:40:14.151 : Start page is opened	[MsgId: MMSG-17999]
    2023-06-15 08:40:19.818 : User is logged in with session 136638.348643175HAciDDfpAfiDDDDDtcVHApAVADf	[MsgId: MMSG-17999]
    2023-06-15 08:40:24.666 : Search page opened	[MsgId: MMSG-17999]
    2023-06-15 08:40:39.702 : Flights found : 353;234;06/18/2023 and 532;271;06/15/2023	[MsgId: MMSG-17999]
    2023-06-15 08:40:39.702 : Sity depart : Los Angeles, Sity arrive : Portland	[MsgId: MMSG-17999]
    2023-06-15 08:40:48.795 : Found Seat Type : Business, Seat Pref : Window	[MsgId: MMSG-17999]
    2023-06-15 08:40:55.067 : User is logged out of session	[MsgId: MMSG-17999]
  2023-06-15 08:42:54.072 : IterationNum=4	[MsgId: MMSG-17999]
   USER 4 = user57:pwd57	[MsgId: MMSG-17999]
    2023-06-15 08:42:54.166 : Start page is opened	[MsgId: MMSG-17999]
    2023-06-15 08:42:58.509 : User is logged in with session 136638.361603888HAciDDfpHcftcVHApAVtDf	[MsgId: MMSG-17999]
    2023-06-15 08:43:04.239 : Search page opened	[MsgId: MMSG-17999]
    2023-06-15 08:43:15.780 : Flights found : 083;939;06/18/2023 and 802;1085;06/15/2023	[MsgId: MMSG-17999]
    2023-06-15 08:43:15.780 : Sity depart : Denver, Sity arrive : Sydney	[MsgId: MMSG-17999]
    2023-06-15 08:43:27.126 : Found Seat Type : Business, Seat Pref : Window	[MsgId: MMSG-17999]
    2023-06-15 08:43:33.078 : User is logged out of session	[MsgId: MMSG-17999]
  2023-06-15 08:45:34.079 : IterationNum=5	[MsgId: MMSG-17999]
   USER 5 = user57:pwd57	[MsgId: MMSG-17999]
    2023-06-15 08:45:34.172 : Start page is opened	[MsgId: MMSG-17999]
    2023-06-15 08:45:38.521 : User is logged in with session 136638.374564601HAciDDzpDQVzzzzHtcVHApAViDf	[MsgId: MMSG-17999]
    2023-06-15 08:45:44.678 : Search page opened	[MsgId: MMSG-17999]
    2023-06-15 08:46:02.518 : Flights found : 631;78;06/18/2023 and 363;71;06/15/2023	[MsgId: MMSG-17999]
    2023-06-15 08:46:02.518 : Sity depart : San Francisco, Sity arrive : Los Angeles	[MsgId: MMSG-17999]
    2023-06-15 08:46:10.403 : Found Seat Type : Business, Seat Pref : Window	[MsgId: MMSG-17999]
    2023-06-15 08:46:15.598 : User is logged out of session	[MsgId: MMSG-17999]
  2023-06-15 08:48:14.086 : IterationNum=6	[MsgId: MMSG-17999]
   USER 6 = user57:pwd57	[MsgId: MMSG-17999]
    2023-06-15 08:48:14.181 : Start page is opened	[MsgId: MMSG-17999]
    2023-06-15 08:48:19.821 : User is logged in with session 136638.387525314HAciDDHpAfiDDDDDtcVHApAccDf	[MsgId: MMSG-17999]
    2023-06-15 08:48:25.707 : Search page opened	[MsgId: MMSG-17999]
    2023-06-15 08:48:38.130 : Flights found : 251;494;06/18/2023 and 521;494;06/15/2023	[MsgId: MMSG-17999]
    2023-06-15 08:48:38.131 : Sity depart : London, Sity arrive : Portland	[MsgId: MMSG-17999]
    2023-06-15 08:48:50.649 : Found Seat Type : Coach, Seat Pref : None	[MsgId: MMSG-17999]
    2023-06-15 08:48:55.043 : User is logged out of session	[MsgId: MMSG-17999]
