  2023-06-15 08:23:09.550 : IterationNum=1	[MsgId: MMSG-17999]
   USER 1 = user85:pwd85	[MsgId: MMSG-17999]
    2023-06-15 08:23:09.648 : Start page is opened	[MsgId: MMSG-17999]
    2023-06-15 08:23:15.027 : User is logged in with session 136638.265613609HAciDDApHiHftcVzQpQitHcf	[MsgId: MMSG-17999]
    2023-06-15 08:23:21.348 : User is logged out of session	[MsgId: MMSG-17999]
  2023-06-15 08:25:15.553 : IterationNum=2	[MsgId: MMSG-17999]
   USER 2 = user85:pwd85	[MsgId: MMSG-17999]
    2023-06-15 08:25:15.646 : Start page is opened	[MsgId: MMSG-17999]
    2023-06-15 08:25:21.715 : User is logged in with session 136638.27582017HAciDDVpDVcftcVzQpQiHiHf	[MsgId: MMSG-17999]
    2023-06-15 08:25:27.163 : User is logged out of session	[MsgId: MMSG-17999]
  2023-06-15 08:27:21.557 : IterationNum=3	[MsgId: MMSG-17999]
   USER 3 = user85:pwd85	[MsgId: MMSG-17999]
    2023-06-15 08:27:21.650 : Start page is opened	[MsgId: MMSG-17999]
    2023-06-15 08:27:26.309 : User is logged in with session 136638.286026731HAciDDVpiDHftcVzQpQQVAcf	[MsgId: MMSG-17999]
    2023-06-15 08:27:31.608 : User is logged out of session	[MsgId: MMSG-17999]
  2023-06-15 08:29:27.570 : IterationNum=4	[MsgId: MMSG-17999]
   USER 4 = user85:pwd85	[MsgId: MMSG-17999]
    2023-06-15 08:29:27.664 : Start page is opened	[MsgId: MMSG-17999]
    2023-06-15 08:29:33.959 : User is logged in with session 136638.296233293HAciDDcpDzcftcVzQpQQtVHf	[MsgId: MMSG-17999]
    2023-06-15 08:29:40.273 : User is logged out of session	[MsgId: MMSG-17999]
  2023-06-15 08:31:33.576 : IterationNum=5	[MsgId: MMSG-17999]
   USER 5 = user85:pwd85	[MsgId: MMSG-17999]
    2023-06-15 08:31:33.669 : Start page is opened	[MsgId: MMSG-17999]
    2023-06-15 08:31:39.100 : User is logged in with session 136638.306439854HAciDDcpiiHftcVzQpQQHDcf	[MsgId: MMSG-17999]
    2023-06-15 08:31:45.263 : User is logged out of session	[MsgId: MMSG-17999]
  2023-06-15 08:33:39.580 : IterationNum=6	[MsgId: MMSG-17999]
   USER 6 = user85:pwd85	[MsgId: MMSG-17999]
    2023-06-15 08:33:39.675 : Start page is opened	[MsgId: MMSG-17999]
    2023-06-15 08:33:44.474 : User is logged in with session 136638.316646416HAciDDDptVcftcVHApAAAtHf	[MsgId: MMSG-17999]
    2023-06-15 08:33:50.445 : User is logged out of session	[MsgId: MMSG-17999]
  2023-06-15 08:35:45.590 : IterationNum=7	[MsgId: MMSG-17999]
   USER 7 = user85:pwd85	[MsgId: MMSG-17999]
    2023-06-15 08:35:45.683 : Start page is opened	[MsgId: MMSG-17999]
    2023-06-15 08:35:51.548 : User is logged in with session 136638.326852977HAciDDDpQDHftcVHApAADzcf	[MsgId: MMSG-17999]
    2023-06-15 08:35:55.604 : User is logged out of session	[MsgId: MMSG-17999]
  2023-06-15 08:37:51.603 : IterationNum=8	[MsgId: MMSG-17999]
   USER 8 = user85:pwd85	[MsgId: MMSG-17999]
    2023-06-15 08:37:51.696 : Start page is opened	[MsgId: MMSG-17999]
    2023-06-15 08:37:57.983 : User is logged in with session 136638.337059538HAciDDtptzcftcVHApAAzHHf	[MsgId: MMSG-17999]
    2023-06-15 08:38:03.645 : User is logged out of session	[MsgId: MMSG-17999]
  2023-06-15 08:39:57.609 : IterationNum=9	[MsgId: MMSG-17999]
   USER 9 = user85:pwd85	[MsgId: MMSG-17999]
    2023-06-15 08:39:57.702 : Start page is opened	[MsgId: MMSG-17999]
    2023-06-15 08:40:03.112 : User is logged in with session 136638.3472661HAciDDtpQiHftcVHApAAQQcf	[MsgId: MMSG-17999]
    2023-06-15 08:40:07.504 : User is logged out of session	[MsgId: MMSG-17999]
  2023-06-15 08:42:03.612 : IterationNum=10	[MsgId: MMSG-17999]
   USER 10 = user85:pwd85	[MsgId: MMSG-17999]
    2023-06-15 08:42:03.705 : Start page is opened	[MsgId: MMSG-17999]
    2023-06-15 08:42:08.127 : User is logged in with session 136638.357472661HAciDDfpfVcftcVHApAVDAHf	[MsgId: MMSG-17999]
    2023-06-15 08:42:13.435 : User is logged out of session	[MsgId: MMSG-17999]
  2023-06-15 08:44:09.614 : IterationNum=11	[MsgId: MMSG-17999]
   USER 11 = user85:pwd85	[MsgId: MMSG-17999]
    2023-06-15 08:44:09.708 : Start page is opened	[MsgId: MMSG-17999]
    2023-06-15 08:44:15.978 : User is logged in with session 136638.367679222HAciDDzpADHftcVHApAVzccf	[MsgId: MMSG-17999]
    2023-06-15 08:44:22.114 : User is logged out of session	[MsgId: MMSG-17999]
  2023-06-15 08:46:15.625 : IterationNum=12	[MsgId: MMSG-17999]
   USER 12 = user85:pwd85	[MsgId: MMSG-17999]
    2023-06-15 08:46:15.717 : Start page is opened	[MsgId: MMSG-17999]
    2023-06-15 08:46:21.022 : User is logged in with session 136638.377885784HAciDDzpfzcftcVHApAVQDHf	[MsgId: MMSG-17999]
    2023-06-15 08:46:25.839 : User is logged out of session	[MsgId: MMSG-17999]
  2023-06-15 08:48:21.634 : IterationNum=13	[MsgId: MMSG-17999]
   USER 13 = user85:pwd85	[MsgId: MMSG-17999]
    2023-06-15 08:48:21.726 : Start page is opened	[MsgId: MMSG-17999]
    2023-06-15 08:48:27.253 : User is logged in with session 136638.388092345HAciDDHpAiHftcVHApAccfcf	[MsgId: MMSG-17999]
    2023-06-15 08:48:31.545 : User is logged out of session	[MsgId: MMSG-17999]
