  2023-06-15 07:11:13.878 : IterationNum=1	[MsgId: MMSG-17999]
   USER 1 = user65:pwd65	[MsgId: MMSG-17999]
    2023-06-15 07:11:13.960 : Start page is opened	[MsgId: MMSG-17999]
    2023-06-15 07:11:18.264 : User is logged in with session 136637.91599838HAciDVcpiAtVzzzHtcVzQpiHzicf	[MsgId: MMSG-17999]
    2023-06-15 07:11:22.828 : User is logged out of session	[MsgId: MMSG-17999]
  2023-06-15 07:13:19.881 : IterationNum=2	[MsgId: MMSG-17999]
   USER 2 = user65:pwd65	[MsgId: MMSG-17999]
    2023-06-15 07:13:19.973 : Start page is opened	[MsgId: MMSG-17999]
    2023-06-15 07:13:24.348 : User is logged in with session 136637.926204941HAciDVDpDcQVzzzHtcVzQpiHQQHf	[MsgId: MMSG-17999]
    2023-06-15 07:13:28.368 : User is logged out of session	[MsgId: MMSG-17999]
  2023-06-15 07:15:25.886 : IterationNum=3	[MsgId: MMSG-17999]
   USER 3 = user65:pwd65	[MsgId: MMSG-17999]
    2023-06-15 07:15:25.979 : Start page is opened	[MsgId: MMSG-17999]
    2023-06-15 07:15:31.649 : User is logged in with session 136637.936411503HAciDVDpiftVzzzHtcVzQpiiDVcf	[MsgId: MMSG-17999]
    2023-06-15 07:15:36.772 : User is logged out of session	[MsgId: MMSG-17999]
  2023-06-15 07:17:31.891 : IterationNum=4	[MsgId: MMSG-17999]
   USER 4 = user65:pwd65	[MsgId: MMSG-17999]
    2023-06-15 07:17:31.984 : Start page is opened	[MsgId: MMSG-17999]
    2023-06-15 07:17:38.114 : User is logged in with session 136637.946618064HAciDVtpDHQVzzzHtcVzQpiizcHf	[MsgId: MMSG-17999]
    2023-06-15 07:17:43.650 : User is logged out of session	[MsgId: MMSG-17999]
  2023-06-15 07:19:37.904 : IterationNum=5	[MsgId: MMSG-17999]
   USER 5 = user65:pwd65	[MsgId: MMSG-17999]
    2023-06-15 07:19:37.997 : Start page is opened	[MsgId: MMSG-17999]
    2023-06-15 07:19:42.451 : User is logged in with session 136637.956824625HAciDVtpQAtVzzzHtcVzQpiiQtcf	[MsgId: MMSG-17999]
    2023-06-15 07:19:48.493 : User is logged out of session	[MsgId: MMSG-17999]
  2023-06-15 07:21:43.909 : IterationNum=6	[MsgId: MMSG-17999]
   USER 6 = user65:pwd65	[MsgId: MMSG-17999]
    2023-06-15 07:21:44.003 : Start page is opened	[MsgId: MMSG-17999]
    2023-06-15 07:21:49.425 : User is logged in with session 136637.967031187HAciDVfptcQVzzzHtcVzQpiQcfHf	[MsgId: MMSG-17999]
    2023-06-15 07:21:55.391 : User is logged out of session	[MsgId: MMSG-17999]
  2023-06-15 07:23:49.912 : IterationNum=7	[MsgId: MMSG-17999]
   USER 7 = user65:pwd65	[MsgId: MMSG-17999]
    2023-06-15 07:23:50.005 : Start page is opened	[MsgId: MMSG-17999]
    2023-06-15 07:23:55.242 : User is logged in with session 136637.977237748HAciDVfpQftVzzzHtcVzQpiQfHcf	[MsgId: MMSG-17999]
    2023-06-15 07:24:00.305 : User is logged out of session	[MsgId: MMSG-17999]
  2023-06-15 07:25:55.924 : IterationNum=8	[MsgId: MMSG-17999]
   USER 8 = user65:pwd65	[MsgId: MMSG-17999]
    2023-06-15 07:25:56.018 : Start page is opened	[MsgId: MMSG-17999]
    2023-06-15 07:26:01.463 : User is logged in with session 136637.987444309HAciDVzptHQVzzzHtcVzQpiQiiHf	[MsgId: MMSG-17999]
    2023-06-15 07:26:07.659 : User is logged out of session	[MsgId: MMSG-17999]
  2023-06-15 07:28:01.934 : IterationNum=9	[MsgId: MMSG-17999]
   USER 9 = user65:pwd65	[MsgId: MMSG-17999]
    2023-06-15 07:28:02.029 : Start page is opened	[MsgId: MMSG-17999]
    2023-06-15 07:28:06.599 : User is logged in with session 136637.997650871HAciDVHpAAtVzzzHtcVzQpQAcAcf	[MsgId: MMSG-17999]
    2023-06-15 07:28:11.558 : User is logged out of session	[MsgId: MMSG-17999]
  2023-06-15 07:30:07.949 : IterationNum=10	[MsgId: MMSG-17999]
   USER 10 = user65:pwd65	[MsgId: MMSG-17999]
    2023-06-15 07:30:08.042 : Start page is opened	[MsgId: MMSG-17999]
    2023-06-15 07:30:13.597 : User is logged in with session 136638.007857432HAciDVHpfcQVzzzHtcVzQpQAfVHf	[MsgId: MMSG-17999]
    2023-06-15 07:30:17.516 : User is logged out of session	[MsgId: MMSG-17999]
  2023-06-15 07:32:13.958 : IterationNum=11	[MsgId: MMSG-17999]
   USER 11 = user65:pwd65	[MsgId: MMSG-17999]
    2023-06-15 07:32:14.052 : Start page is opened	[MsgId: MMSG-17999]
    2023-06-15 07:32:19.340 : User is logged in with session 136638.018063994HAciDVipAftVzzzHtcVzQpQAiDcf	[MsgId: MMSG-17999]
    2023-06-15 07:32:23.606 : User is logged out of session	[MsgId: MMSG-17999]
  2023-06-15 07:34:19.960 : IterationNum=12	[MsgId: MMSG-17999]
   USER 12 = user65:pwd65	[MsgId: MMSG-17999]
    2023-06-15 07:34:20.052 : Start page is opened	[MsgId: MMSG-17999]
    2023-06-15 07:34:24.316 : User is logged in with session 136638.028270555HAciDVipfHQVzzzHtcVzQpQVVtHf	[MsgId: MMSG-17999]
    2023-06-15 07:34:28.381 : User is logged out of session	[MsgId: MMSG-17999]
  2023-06-15 07:36:25.965 : IterationNum=13	[MsgId: MMSG-17999]
   USER 13 = user65:pwd65	[MsgId: MMSG-17999]
    2023-06-15 07:36:26.057 : Start page is opened	[MsgId: MMSG-17999]
    2023-06-15 07:36:30.755 : User is logged in with session 136638.038558121HAciDVQpVAiDDDDDtcVzQpQVtzf	[MsgId: MMSG-17999]
    2023-06-15 07:36:35.230 : User is logged out of session	[MsgId: MMSG-17999]
  2023-06-15 07:38:31.979 : IterationNum=14	[MsgId: MMSG-17999]
   USER 14 = user65:pwd65	[MsgId: MMSG-17999]
    2023-06-15 07:38:32.071 : Start page is opened	[MsgId: MMSG-17999]
    2023-06-15 07:38:36.291 : User is logged in with session 136638.048764682HAciDVQpzDDDDDDDtcVzQpQVHi	[MsgId: MMSG-17999]
    2023-06-15 07:38:40.699 : User is logged out of session	[MsgId: MMSG-17999]
  2023-06-15 07:40:37.982 : IterationNum=15	[MsgId: MMSG-17999]
   USER 15 = user65:pwd65	[MsgId: MMSG-17999]
    2023-06-15 07:40:38.075 : Start page is opened	[MsgId: MMSG-17999]
    2023-06-15 07:40:42.010 : User is logged in with session 136638.058971243HAciDcApVfiDDDDDtcVzQpQcAQf	[MsgId: MMSG-17999]
    2023-06-15 07:40:47.241 : User is logged out of session	[MsgId: MMSG-17999]
  2023-06-15 07:42:43.985 : IterationNum=16	[MsgId: MMSG-17999]
   USER 16 = user65:pwd65	[MsgId: MMSG-17999]
    2023-06-15 07:42:44.079 : Start page is opened	[MsgId: MMSG-17999]
    2023-06-15 07:42:50.215 : User is logged in with session 136638.069177805HAciDcApziDDDDDDtcVzQpQctV	[MsgId: MMSG-17999]
    2023-06-15 07:42:54.750 : User is logged out of session	[MsgId: MMSG-17999]
  2023-06-15 07:44:49.993 : IterationNum=17	[MsgId: MMSG-17999]
   USER 17 = user65:pwd65	[MsgId: MMSG-17999]
    2023-06-15 07:44:50.085 : Start page is opened	[MsgId: MMSG-17999]
    2023-06-15 07:44:54.329 : User is logged in with session 136638.079384366HAciDcVpcAiDDDDDtcVzQpQcHcf	[MsgId: MMSG-17999]
    2023-06-15 07:44:58.801 : User is logged out of session	[MsgId: MMSG-17999]
  2023-06-15 07:46:55.999 : IterationNum=18	[MsgId: MMSG-17999]
   USER 18 = user65:pwd65	[MsgId: MMSG-17999]
    2023-06-15 07:46:56.106 : Start page is opened	[MsgId: MMSG-17999]
    2023-06-15 07:47:01.386 : User is logged in with session 136638.089590928HAciDcVpHDDDDDDDtcVzQpQDAt	[MsgId: MMSG-17999]
    2023-06-15 07:47:06.159 : User is logged out of session	[MsgId: MMSG-17999]
  2023-06-15 07:49:02.008 : IterationNum=19	[MsgId: MMSG-17999]
   USER 19 = user65:pwd65	[MsgId: MMSG-17999]
    2023-06-15 07:49:02.099 : Start page is opened	[MsgId: MMSG-17999]
    2023-06-15 07:49:07.419 : User is logged in with session 136638.099797489HAciDccpcfiDDDDDtcVzQpQDDff	[MsgId: MMSG-17999]
    2023-06-15 07:49:11.364 : User is logged out of session	[MsgId: MMSG-17999]
  2023-06-15 07:51:08.021 : IterationNum=20	[MsgId: MMSG-17999]
   USER 20 = user65:pwd65	[MsgId: MMSG-17999]
    2023-06-15 07:51:08.114 : Start page is opened	[MsgId: MMSG-17999]
    2023-06-15 07:51:14.253 : User is logged in with session 136638.11000405HAciDccpHiDDDDDDtcVzQpQDzH	[MsgId: MMSG-17999]
    2023-06-15 07:51:20.525 : User is logged out of session	[MsgId: MMSG-17999]
  2023-06-15 07:53:14.033 : IterationNum=21	[MsgId: MMSG-17999]
   USER 21 = user65:pwd65	[MsgId: MMSG-17999]
    2023-06-15 07:53:14.126 : Start page is opened	[MsgId: MMSG-17999]
    2023-06-15 07:53:19.376 : User is logged in with session 136638.120210612HAciDcDpDAiDDDDDtcVzQpQDQif	[MsgId: MMSG-17999]
    2023-06-15 07:53:24.208 : User is logged out of session	[MsgId: MMSG-17999]
  2023-06-15 07:55:20.039 : IterationNum=22	[MsgId: MMSG-17999]
   USER 22 = user65:pwd65	[MsgId: MMSG-17999]
    2023-06-15 07:55:20.133 : Start page is opened	[MsgId: MMSG-17999]
    2023-06-15 07:55:25.973 : User is logged in with session 136638.130417173HAciDcDpiDDDDDDDtcVzQpQtD	[MsgId: MMSG-17999]
    2023-06-15 07:55:31.627 : User is logged out of session	[MsgId: MMSG-17999]
  2023-06-15 07:57:26.049 : IterationNum=23	[MsgId: MMSG-17999]
   USER 23 = user65:pwd65	[MsgId: MMSG-17999]
    2023-06-15 07:57:26.142 : Start page is opened	[MsgId: MMSG-17999]
    2023-06-15 07:57:31.643 : User is logged in with session 136638.140623734HAciDctpDfiDDDDDtcVzQpQtzVf	[MsgId: MMSG-17999]
    2023-06-15 07:57:36.060 : User is logged out of session	[MsgId: MMSG-17999]
  2023-06-15 07:59:32.062 : IterationNum=24	[MsgId: MMSG-17999]
   USER 24 = user65:pwd65	[MsgId: MMSG-17999]
    2023-06-15 07:59:32.157 : Start page is opened	[MsgId: MMSG-17999]
    2023-06-15 07:59:38.029 : User is logged in with session 136638.150830296HAciDctpiiDDDDDDtcVzQpQtQD	[MsgId: MMSG-17999]
    2023-06-15 07:59:44.277 : User is logged out of session	[MsgId: MMSG-17999]
  2023-06-15 08:01:38.066 : IterationNum=25	[MsgId: MMSG-17999]
   USER 25 = user65:pwd65	[MsgId: MMSG-17999]
    2023-06-15 08:01:38.159 : Start page is opened	[MsgId: MMSG-17999]
    2023-06-15 08:01:44.039 : User is logged in with session 136638.161036857HAciDcfptAiDDDDDtcVzQpQfctf	[MsgId: MMSG-17999]
    2023-06-15 08:01:48.004 : User is logged out of session	[MsgId: MMSG-17999]
  2023-06-15 08:03:44.073 : IterationNum=26	[MsgId: MMSG-17999]
   USER 26 = user65:pwd65	[MsgId: MMSG-17999]
    2023-06-15 08:03:44.166 : Start page is opened	[MsgId: MMSG-17999]
    2023-06-15 08:03:50.538 : User is logged in with session 136638.171243418HAciDcfpQDDDDDDDtcVzQpQffz	[MsgId: MMSG-17999]
    2023-06-15 08:03:54.516 : User is logged out of session	[MsgId: MMSG-17999]
  2023-06-15 08:05:50.088 : IterationNum=27	[MsgId: MMSG-17999]
   USER 27 = user65:pwd65	[MsgId: MMSG-17999]
    2023-06-15 08:05:50.182 : Start page is opened	[MsgId: MMSG-17999]
    2023-06-15 08:05:55.847 : User is logged in with session 136638.18144998HAciDczptfiDDDDDtcVzQpQfiHf	[MsgId: MMSG-17999]
    2023-06-15 08:05:59.770 : User is logged out of session	[MsgId: MMSG-17999]
  2023-06-15 08:07:56.095 : IterationNum=28	[MsgId: MMSG-17999]
   USER 28 = user65:pwd65	[MsgId: MMSG-17999]
    2023-06-15 08:07:56.187 : Start page is opened	[MsgId: MMSG-17999]
    2023-06-15 08:08:00.324 : User is logged in with session 136638.191656541HAciDczpQiDDDDDDtcVzQpQzVQ	[MsgId: MMSG-17999]
    2023-06-15 08:08:04.590 : User is logged out of session	[MsgId: MMSG-17999]
  2023-06-15 08:10:02.097 : IterationNum=29	[MsgId: MMSG-17999]
   USER 29 = user65:pwd65	[MsgId: MMSG-17999]
    2023-06-15 08:10:02.189 : Start page is opened	[MsgId: MMSG-17999]
    2023-06-15 08:10:06.451 : User is logged in with session 136638.201863102HAciDcHpfAiDDDDDtcVzQpQzfAf	[MsgId: MMSG-17999]
    2023-06-15 08:10:11.506 : User is logged out of session	[MsgId: MMSG-17999]
  2023-06-15 08:12:08.110 : IterationNum=30	[MsgId: MMSG-17999]
   USER 30 = user65:pwd65	[MsgId: MMSG-17999]
    2023-06-15 08:12:08.201 : Start page is opened	[MsgId: MMSG-17999]
    2023-06-15 08:12:12.380 : User is logged in with session 136638.212069664HAciDcipADDDDDDDtcVzQpQzic	[MsgId: MMSG-17999]
    2023-06-15 08:12:16.547 : User is logged out of session	[MsgId: MMSG-17999]
  2023-06-15 08:14:14.122 : IterationNum=31	[MsgId: MMSG-17999]
   USER 31 = user65:pwd65	[MsgId: MMSG-17999]
    2023-06-15 08:14:14.215 : Start page is opened	[MsgId: MMSG-17999]
    2023-06-15 08:14:19.653 : User is logged in with session 136638.222276225HAciDcipffiDDDDDtcVzQpQHVDf	[MsgId: MMSG-17999]
    2023-06-15 08:14:25.825 : User is logged out of session	[MsgId: MMSG-17999]
  2023-06-15 08:16:20.125 : IterationNum=32	[MsgId: MMSG-17999]
   USER 32 = user65:pwd65	[MsgId: MMSG-17999]
    2023-06-15 08:16:20.217 : Start page is opened	[MsgId: MMSG-17999]
    2023-06-15 08:16:25.767 : User is logged in with session 136638.232482787HAciDcQpAiDDDDDDtcVzQpQHtf	[MsgId: MMSG-17999]
    2023-06-15 08:16:29.821 : User is logged out of session	[MsgId: MMSG-17999]
  2023-06-15 08:18:26.129 : IterationNum=33	[MsgId: MMSG-17999]
   USER 33 = user65:pwd65	[MsgId: MMSG-17999]
    2023-06-15 08:18:26.221 : Start page is opened	[MsgId: MMSG-17999]
    2023-06-15 08:18:31.078 : User is logged in with session 136638.242689348HAciDcQpzAiDDDDDtcVzQpQHHzf	[MsgId: MMSG-17999]
    2023-06-15 08:18:36.553 : User is logged out of session	[MsgId: MMSG-17999]
  2023-06-15 08:20:32.143 : IterationNum=34	[MsgId: MMSG-17999]
   USER 34 = user65:pwd65	[MsgId: MMSG-17999]
    2023-06-15 08:20:32.239 : Start page is opened	[MsgId: MMSG-17999]
    2023-06-15 08:20:37.099 : User is logged in with session 136638.252895909HAciDDApVDDDDDDDtcVzQpQiAi	[MsgId: MMSG-17999]
    2023-06-15 08:20:41.326 : User is logged out of session	[MsgId: MMSG-17999]
  2023-06-15 08:22:38.146 : IterationNum=35	[MsgId: MMSG-17999]
   USER 35 = user65:pwd65	[MsgId: MMSG-17999]
    2023-06-15 08:22:38.239 : Start page is opened	[MsgId: MMSG-17999]
    2023-06-15 08:22:42.752 : User is logged in with session 136638.263102471HAciDDApzfiDDDDDtcVzQpQiDQf	[MsgId: MMSG-17999]
    2023-06-15 08:22:47.088 : User is logged out of session	[MsgId: MMSG-17999]
  2023-06-15 08:24:44.157 : IterationNum=36	[MsgId: MMSG-17999]
   USER 36 = user65:pwd65	[MsgId: MMSG-17999]
    2023-06-15 08:24:44.249 : Start page is opened	[MsgId: MMSG-17999]
    2023-06-15 08:24:48.237 : User is logged in with session 136638.273309032HAciDDVpViDDDDDDtcVzQpQiHV	[MsgId: MMSG-17999]
    2023-06-15 08:24:53.035 : User is logged out of session	[MsgId: MMSG-17999]
  2023-06-15 08:26:50.159 : IterationNum=37	[MsgId: MMSG-17999]
   USER 37 = user65:pwd65	[MsgId: MMSG-17999]
    2023-06-15 08:26:50.252 : Start page is opened	[MsgId: MMSG-17999]
    2023-06-15 08:26:55.542 : User is logged in with session 136638.283515593HAciDDVpHAiDDDDDtcVzQpQQAcf	[MsgId: MMSG-17999]
    2023-06-15 08:27:00.584 : User is logged out of session	[MsgId: MMSG-17999]
  2023-06-15 08:28:56.170 : IterationNum=38	[MsgId: MMSG-17999]
   USER 38 = user65:pwd65	[MsgId: MMSG-17999]
    2023-06-15 08:28:56.262 : Start page is opened	[MsgId: MMSG-17999]
    2023-06-15 08:29:01.188 : User is logged in with session 136638.293722155HAciDDcpcDDDDDDDtcVzQpQQDt	[MsgId: MMSG-17999]
    2023-06-15 08:29:05.220 : User is logged out of session	[MsgId: MMSG-17999]
  2023-06-15 08:31:02.178 : IterationNum=39	[MsgId: MMSG-17999]
   USER 39 = user65:pwd65	[MsgId: MMSG-17999]
    2023-06-15 08:31:02.270 : Start page is opened	[MsgId: MMSG-17999]
    2023-06-15 08:31:07.564 : User is logged in with session 136638.303928716HAciDDcpHfiDDDDDtcVzQpQQzff	[MsgId: MMSG-17999]
    2023-06-15 08:31:13.699 : User is logged out of session	[MsgId: MMSG-17999]
  2023-06-15 08:33:08.191 : IterationNum=40	[MsgId: MMSG-17999]
   USER 40 = user65:pwd65	[MsgId: MMSG-17999]
    2023-06-15 08:33:08.285 : Start page is opened	[MsgId: MMSG-17999]
    2023-06-15 08:33:13.074 : User is logged in with session 136638.314135277HAciDDDpciDDDDDDtcVzQpQQQH	[MsgId: MMSG-17999]
    2023-06-15 08:33:18.902 : User is logged out of session	[MsgId: MMSG-17999]
  2023-06-15 08:35:14.204 : IterationNum=41	[MsgId: MMSG-17999]
   USER 41 = user65:pwd65	[MsgId: MMSG-17999]
    2023-06-15 08:35:14.298 : Start page is opened	[MsgId: MMSG-17999]
    2023-06-15 08:35:18.545 : User is logged in with session 136638.324341839HAciDDDpiAiDDDDDtcVHApAAcif	[MsgId: MMSG-17999]
    2023-06-15 08:35:24.425 : User is logged out of session	[MsgId: MMSG-17999]
  2023-06-15 08:37:20.215 : IterationNum=42	[MsgId: MMSG-17999]
   USER 42 = user65:pwd65	[MsgId: MMSG-17999]
    2023-06-15 08:37:20.308 : Start page is opened	[MsgId: MMSG-17999]
    2023-06-15 08:37:26.193 : User is logged in with session 136638.3345484HAciDDtpDDDDDDDDtcVHApAAz	[MsgId: MMSG-17999]
    2023-06-15 08:37:32.545 : User is logged out of session	[MsgId: MMSG-17999]
  2023-06-15 08:39:26.226 : IterationNum=43	[MsgId: MMSG-17999]
   USER 43 = user65:pwd65	[MsgId: MMSG-17999]
    2023-06-15 08:39:26.319 : Start page is opened	[MsgId: MMSG-17999]
    2023-06-15 08:39:30.904 : User is logged in with session 136638.344754962HAciDDtpifiDDDDDtcVHApAAQVf	[MsgId: MMSG-17999]
    2023-06-15 08:39:34.959 : User is logged out of session	[MsgId: MMSG-17999]
  2023-06-15 08:41:32.237 : IterationNum=44	[MsgId: MMSG-17999]
   USER 44 = user65:pwd65	[MsgId: MMSG-17999]
    2023-06-15 08:41:32.329 : Start page is opened	[MsgId: MMSG-17999]
    2023-06-15 08:41:38.605 : User is logged in with session 136638.354961523HAciDDfpDiDDDDDDtcVHApAVcD	[MsgId: MMSG-17999]
    2023-06-15 08:41:44.598 : User is logged out of session	[MsgId: MMSG-17999]
  2023-06-15 08:43:38.243 : IterationNum=45	[MsgId: MMSG-17999]
   USER 45 = user65:pwd65	[MsgId: MMSG-17999]
    2023-06-15 08:43:38.337 : Start page is opened	[MsgId: MMSG-17999]
    2023-06-15 08:43:44.111 : User is logged in with session 136638.365168084HAciDDfpQAiDDDDDtcVHApAVftf	[MsgId: MMSG-17999]
    2023-06-15 08:43:48.346 : User is logged out of session	[MsgId: MMSG-17999]
  2023-06-15 08:45:44.258 : IterationNum=46	[MsgId: MMSG-17999]
   USER 46 = user65:pwd65	[MsgId: MMSG-17999]
    2023-06-15 08:45:44.352 : Start page is opened	[MsgId: MMSG-17999]
    2023-06-15 08:45:50.555 : User is logged in with session 136638.375374646HAciDDzptDDDDDDDtcVHApAViz	[MsgId: MMSG-17999]
    2023-06-15 08:45:55.957 : User is logged out of session	[MsgId: MMSG-17999]
  2023-06-15 08:47:50.269 : IterationNum=47	[MsgId: MMSG-17999]
   USER 47 = user65:pwd65	[MsgId: MMSG-17999]
    2023-06-15 08:47:50.361 : Start page is opened	[MsgId: MMSG-17999]
    2023-06-15 08:47:54.782 : User is logged in with session 136638.385581207HAciDDzpQfiDDDDDtcVHApAcVHf	[MsgId: MMSG-17999]
    2023-06-15 08:47:59.347 : User is logged out of session	[MsgId: MMSG-17999]
