  2023-06-15 08:34:54.679 : IterationNum=1	[MsgId: MMSG-17999]
   USER 1 = user89:pwd89	[MsgId: MMSG-17999]
    2023-06-15 08:34:54.764 : Start page is opened	[MsgId: MMSG-17999]
    2023-06-15 08:34:59.032 : User is logged in with session 136638.32272175HAciDDDpHcftcVHApAAcDf	[MsgId: MMSG-17999]
    2023-06-15 08:35:03.140 : User is logged out of session	[MsgId: MMSG-17999]
  2023-06-15 08:37:00.689 : IterationNum=2	[MsgId: MMSG-17999]
   USER 2 = user89:pwd89	[MsgId: MMSG-17999]
    2023-06-15 08:37:00.782 : Start page is opened	[MsgId: MMSG-17999]
    2023-06-15 08:37:05.398 : User is logged in with session 136638.332928311HAciDDtpcftcVHApAAff	[MsgId: MMSG-17999]
    2023-06-15 08:37:11.293 : User is logged out of session	[MsgId: MMSG-17999]
  2023-06-15 08:39:06.691 : IterationNum=3	[MsgId: MMSG-17999]
   USER 3 = user89:pwd89	[MsgId: MMSG-17999]
    2023-06-15 08:39:06.784 : Start page is opened	[MsgId: MMSG-17999]
    2023-06-15 08:39:11.543 : User is logged in with session 136638.343134872HAciDDtpHHftcVHApAAizf	[MsgId: MMSG-17999]
    2023-06-15 08:39:17.390 : User is logged out of session	[MsgId: MMSG-17999]
  2023-06-15 08:41:12.692 : IterationNum=4	[MsgId: MMSG-17999]
   USER 4 = user89:pwd89	[MsgId: MMSG-17999]
    2023-06-15 08:41:12.786 : Start page is opened	[MsgId: MMSG-17999]
    2023-06-15 08:41:18.073 : User is logged in with session 136638.353341434HAciDDfpDtcVHApAVVi	[MsgId: MMSG-17999]
    2023-06-15 08:41:22.655 : User is logged out of session	[MsgId: MMSG-17999]
  2023-06-15 08:43:18.701 : IterationNum=5	[MsgId: MMSG-17999]
   USER 5 = user89:pwd89	[MsgId: MMSG-17999]
    2023-06-15 08:43:18.792 : Start page is opened	[MsgId: MMSG-17999]
    2023-06-15 08:43:23.943 : User is logged in with session 136638.363547995HAciDDfpicftcVHApAVtQf	[MsgId: MMSG-17999]
    2023-06-15 08:43:29.097 : User is logged out of session	[MsgId: MMSG-17999]
  2023-06-15 08:45:24.716 : IterationNum=6	[MsgId: MMSG-17999]
   USER 6 = user89:pwd89	[MsgId: MMSG-17999]
    2023-06-15 08:45:24.809 : Start page is opened	[MsgId: MMSG-17999]
    2023-06-15 08:45:31.027 : User is logged in with session 136638.373754556HAciDDzpDftcVHApAViV	[MsgId: MMSG-17999]
    2023-06-15 08:45:35.528 : User is logged out of session	[MsgId: MMSG-17999]
  2023-06-15 08:47:30.725 : IterationNum=7	[MsgId: MMSG-17999]
   USER 7 = user89:pwd89	[MsgId: MMSG-17999]
    2023-06-15 08:47:30.819 : Start page is opened	[MsgId: MMSG-17999]
    2023-06-15 08:47:36.462 : User is logged in with session 136638.383961118HAciDDzpiHftcVHApAcVcf	[MsgId: MMSG-17999]
    2023-06-15 08:47:42.629 : User is logged out of session	[MsgId: MMSG-17999]
