  2023-06-15 08:23:03.988 : IterationNum=1	[MsgId: MMSG-17999]
   USER 1 = user52:pwd52	[MsgId: MMSG-17999]
    2023-06-15 08:23:04.082 : Start page is opened	[MsgId: MMSG-17999]
    2023-06-15 08:23:09.182 : User is logged in with session 136638.265208586HAciDDApHzzzzzzHtcVzQpQitz	[MsgId: MMSG-17999]
    2023-06-15 08:23:13.662 : Search page opened	[MsgId: MMSG-17999]
    2023-06-15 08:23:28.036 : Flights found : 273;867;06/18/2023 and 722;1002;06/15/2023	[MsgId: MMSG-17999]
    2023-06-15 08:23:28.036 : Sity depart : London, Sity arrive : Seattle	[MsgId: MMSG-17999]
    2023-06-15 08:23:36.190 : Found Seat Type : First, Seat Pref : Aisle	[MsgId: MMSG-17999]
    2023-06-15 08:23:41.405 : User is logged out of session	[MsgId: MMSG-17999]
  2023-06-15 08:25:43.992 : IterationNum=2	[MsgId: MMSG-17999]
   USER 2 = user53:pwd53	[MsgId: MMSG-17999]
    2023-06-15 08:25:44.085 : Start page is opened	[MsgId: MMSG-17999]
    2023-06-15 08:25:48.701 : User is logged in with session 136638.278169299HAciDDVptDDDDDDDtcVzQpQiiz	[MsgId: MMSG-17999]
    2023-06-15 08:25:54.192 : Search page opened	[MsgId: MMSG-17999]
    2023-06-15 08:26:07.984 : Flights found : 850;1167;06/18/2023 and 580;1167;06/15/2023	[MsgId: MMSG-17999]
    2023-06-15 08:26:07.984 : Sity depart : Sydney, Sity arrive : Portland	[MsgId: MMSG-17999]
    2023-06-15 08:26:19.805 : Found Seat Type : Business, Seat Pref : None	[MsgId: MMSG-17999]
    2023-06-15 08:26:26.069 : User is logged out of session	[MsgId: MMSG-17999]
  2023-06-15 08:28:23.994 : IterationNum=3	[MsgId: MMSG-17999]
   USER 3 = user54:pwd54	[MsgId: MMSG-17999]
    2023-06-15 08:28:24.087 : Start page is opened	[MsgId: MMSG-17999]
    2023-06-15 08:28:29.538 : User is logged in with session 136638.291130012HAciDDcpVtcVzQpQQcz	[MsgId: MMSG-17999]
    2023-06-15 08:28:34.831 : Search page opened	[MsgId: MMSG-17999]
    2023-06-15 08:28:52.714 : Flights found : 270;819;06/18/2023 and 721;730;06/15/2023	[MsgId: MMSG-17999]
    2023-06-15 08:28:52.714 : Sity depart : London, Sity arrive : Seattle	[MsgId: MMSG-17999]
    2023-06-15 08:29:00.593 : Found Seat Type : Business, Seat Pref : None	[MsgId: MMSG-17999]
    2023-06-15 08:29:05.284 : User is logged out of session	[MsgId: MMSG-17999]
  2023-06-15 08:31:04.004 : IterationNum=4	[MsgId: MMSG-17999]
   USER 4 = user54:pwd54	[MsgId: MMSG-17999]
    2023-06-15 08:31:04.098 : Start page is opened	[MsgId: MMSG-17999]
    2023-06-15 08:31:08.545 : User is logged in with session 136638.304090725HAciDDcpHzzzzzzHtcVzQpQQzz	[MsgId: MMSG-17999]
    2023-06-15 08:31:12.563 : Search page opened	[MsgId: MMSG-17999]
           ERROR : Sity depart : Denver Sity arrive : Denver	[MsgId: MMSG-17999]
           ERROR FIXED : Sity depart : Denver Sity arrive : Sydney	[MsgId: MMSG-17999]
    2023-06-15 08:31:25.665 : Flights found : 080;792;06/18/2023 and 800;792;06/15/2023	[MsgId: MMSG-17999]
    2023-06-15 08:31:25.666 : Sity depart : Denver, Sity arrive : Sydney	[MsgId: MMSG-17999]
    2023-06-15 08:31:36.601 : Found Seat Type : Coach, Seat Pref : Aisle	[MsgId: MMSG-17999]
    2023-06-15 08:31:41.117 : User is logged out of session	[MsgId: MMSG-17999]
  2023-06-15 08:33:44.008 : IterationNum=5	[MsgId: MMSG-17999]
   USER 5 = user54:pwd54	[MsgId: MMSG-17999]
    2023-06-15 08:33:44.101 : Start page is opened	[MsgId: MMSG-17999]
    2023-06-15 08:33:49.551 : User is logged in with session 136638.317051438HAciDDDptDDDDDDDtcVHApAAAz	[MsgId: MMSG-17999]
    2023-06-15 08:33:53.817 : Search page opened	[MsgId: MMSG-17999]
    2023-06-15 08:34:09.881 : Flights found : 310;226;06/18/2023 and 133;266;06/15/2023	[MsgId: MMSG-17999]
    2023-06-15 08:34:09.881 : Sity depart : Los Angeles, Sity arrive : Frankfurt	[MsgId: MMSG-17999]
    2023-06-15 08:34:21.018 : Found Seat Type : Coach, Seat Pref : Aisle	[MsgId: MMSG-17999]
    2023-06-15 08:34:25.001 : User is logged out of session	[MsgId: MMSG-17999]
  2023-06-15 08:36:24.014 : IterationNum=6	[MsgId: MMSG-17999]
   USER 6 = user54:pwd54	[MsgId: MMSG-17999]
    2023-06-15 08:36:24.109 : Start page is opened	[MsgId: MMSG-17999]
    2023-06-15 08:36:28.282 : User is logged in with session 136638.330012151HAciDDtpVtcVHApAAtz	[MsgId: MMSG-17999]
    2023-06-15 08:36:33.441 : Search page opened	[MsgId: MMSG-17999]
    2023-06-15 08:36:48.355 : Flights found : 151;285;06/18/2023 and 510;320;06/15/2023	[MsgId: MMSG-17999]
    2023-06-15 08:36:48.355 : Sity depart : Frankfurt, Sity arrive : Portland	[MsgId: MMSG-17999]
    2023-06-15 08:37:00.761 : Found Seat Type : Coach, Seat Pref : Aisle	[MsgId: MMSG-17999]
    2023-06-15 08:37:06.911 : User is logged out of session	[MsgId: MMSG-17999]
  2023-06-15 08:39:04.026 : IterationNum=7	[MsgId: MMSG-17999]
   USER 7 = user54:pwd54	[MsgId: MMSG-17999]
    2023-06-15 08:39:04.120 : Start page is opened	[MsgId: MMSG-17999]
    2023-06-15 08:39:09.475 : User is logged in with session 136638.342972863HAciDDtpHzzzzzzHtcVHApAAiz	[MsgId: MMSG-17999]
    2023-06-15 08:39:13.805 : Search page opened	[MsgId: MMSG-17999]
    2023-06-15 08:39:31.195 : Flights found : 501;245;06/18/2023 and 051;245;06/15/2023	[MsgId: MMSG-17999]
    2023-06-15 08:39:31.195 : Sity depart : Portland, Sity arrive : Denver	[MsgId: MMSG-17999]
    2023-06-15 08:39:40.230 : Found Seat Type : Coach, Seat Pref : None	[MsgId: MMSG-17999]
    2023-06-15 08:39:46.428 : User is logged out of session	[MsgId: MMSG-17999]
  2023-06-15 08:41:44.036 : IterationNum=8	[MsgId: MMSG-17999]
   USER 8 = user54:pwd54	[MsgId: MMSG-17999]
    2023-06-15 08:41:44.145 : Start page is opened	[MsgId: MMSG-17999]
    2023-06-15 08:41:49.823 : User is logged in with session 136638.355933576HAciDDfptDDDDDDDtcVHApAVcz	[MsgId: MMSG-17999]
    2023-06-15 08:41:55.089 : Search page opened	[MsgId: MMSG-17999]
    2023-06-15 08:42:08.018 : Flights found : 320;773;06/18/2023 and 231;688;06/15/2023	[MsgId: MMSG-17999]
    2023-06-15 08:42:08.019 : Sity depart : Los Angeles, Sity arrive : London	[MsgId: MMSG-17999]
    2023-06-15 08:42:19.915 : Found Seat Type : Coach, Seat Pref : Aisle	[MsgId: MMSG-17999]
    2023-06-15 08:42:25.226 : User is logged out of session	[MsgId: MMSG-17999]
  2023-06-15 08:44:24.050 : IterationNum=9	[MsgId: MMSG-17999]
   USER 9 = user54:pwd54	[MsgId: MMSG-17999]
    2023-06-15 08:44:24.143 : Start page is opened	[MsgId: MMSG-17999]
    2023-06-15 08:44:29.855 : User is logged in with session 136638.368894289HAciDDzpVtcVHApAVzz	[MsgId: MMSG-17999]
    2023-06-15 08:44:34.837 : Search page opened	[MsgId: MMSG-17999]
    2023-06-15 08:44:47.768 : Flights found : 180;2287;06/18/2023 and 811;2037;06/15/2023	[MsgId: MMSG-17999]
    2023-06-15 08:44:47.768 : Sity depart : Frankfurt, Sity arrive : Sydney	[MsgId: MMSG-17999]
    2023-06-15 08:44:57.051 : Found Seat Type : First, Seat Pref : Aisle	[MsgId: MMSG-17999]
    2023-06-15 08:45:01.895 : User is logged out of session	[MsgId: MMSG-17999]
  2023-06-15 08:47:04.066 : IterationNum=10	[MsgId: MMSG-17999]
   USER 10 = user54:pwd54	[MsgId: MMSG-17999]
    2023-06-15 08:47:04.159 : Start page is opened	[MsgId: MMSG-17999]
    2023-06-15 08:47:09.465 : User is logged in with session 136638.381855002HAciDDzpHzzzzzzHtcVHApAcAz	[MsgId: MMSG-17999]
    2023-06-15 08:47:14.654 : Search page opened	[MsgId: MMSG-17999]
    2023-06-15 08:47:32.110 : Flights found : 043;416;06/18/2023 and 403;416;06/15/2023	[MsgId: MMSG-17999]
    2023-06-15 08:47:32.110 : Sity depart : Denver, Sity arrive : Paris	[MsgId: MMSG-17999]
    2023-06-15 08:47:40.149 : Found Seat Type : Business, Seat Pref : Aisle	[MsgId: MMSG-17999]
    2023-06-15 08:47:45.452 : User is logged out of session	[MsgId: MMSG-17999]
