  2023-06-15 07:11:08.847 : IterationNum=1	[MsgId: MMSG-17999]
   USER 1 = user64:pwd64	[MsgId: MMSG-17999]
    2023-06-15 07:11:08.931 : Start page is opened	[MsgId: MMSG-17999]
    2023-06-15 07:11:14.983 : User is logged in with session 136637.915593358HAciDVcpHiDDDDDDtcVzQpiHzH	[MsgId: MMSG-17999]
    2023-06-15 07:11:19.988 : User is logged out of session	[MsgId: MMSG-17999]
  2023-06-15 07:13:14.858 : IterationNum=2	[MsgId: MMSG-17999]
   USER 2 = user64:pwd64	[MsgId: MMSG-17999]
    2023-06-15 07:13:14.951 : Start page is opened	[MsgId: MMSG-17999]
    2023-06-15 07:13:19.602 : User is logged in with session 136637.925799919HAciDVDpDAiDDDDDtcVzQpiHQif	[MsgId: MMSG-17999]
    2023-06-15 07:13:23.620 : User is logged out of session	[MsgId: MMSG-17999]
  2023-06-15 07:15:20.863 : IterationNum=3	[MsgId: MMSG-17999]
   USER 3 = user64:pwd64	[MsgId: MMSG-17999]
    2023-06-15 07:15:20.955 : Start page is opened	[MsgId: MMSG-17999]
    2023-06-15 07:15:25.017 : User is logged in with session 136637.93600648HAciDVDpiDDDDDDDtcVzQpiiD	[MsgId: MMSG-17999]
    2023-06-15 07:15:29.204 : User is logged out of session	[MsgId: MMSG-17999]
  2023-06-15 07:17:26.869 : IterationNum=4	[MsgId: MMSG-17999]
   USER 4 = user64:pwd64	[MsgId: MMSG-17999]
    2023-06-15 07:17:26.961 : Start page is opened	[MsgId: MMSG-17999]
    2023-06-15 07:17:31.178 : User is logged in with session 136637.946213042HAciDVtpDfiDDDDDtcVzQpiizVf	[MsgId: MMSG-17999]
    2023-06-15 07:17:35.120 : User is logged out of session	[MsgId: MMSG-17999]
  2023-06-15 07:19:32.872 : IterationNum=5	[MsgId: MMSG-17999]
   USER 5 = user64:pwd64	[MsgId: MMSG-17999]
    2023-06-15 07:19:32.965 : Start page is opened	[MsgId: MMSG-17999]
    2023-06-15 07:19:37.811 : User is logged in with session 136637.956419603HAciDVtpiiDDDDDDtcVzQpiiQD	[MsgId: MMSG-17999]
    2023-06-15 07:19:41.743 : User is logged out of session	[MsgId: MMSG-17999]
  2023-06-15 07:21:38.880 : IterationNum=6	[MsgId: MMSG-17999]
   USER 6 = user64:pwd64	[MsgId: MMSG-17999]
    2023-06-15 07:21:38.973 : Start page is opened	[MsgId: MMSG-17999]
    2023-06-15 07:21:43.676 : User is logged in with session 136637.966626164HAciDVfptAiDDDDDtcVzQpiQctf	[MsgId: MMSG-17999]
    2023-06-15 07:21:49.770 : User is logged out of session	[MsgId: MMSG-17999]
  2023-06-15 07:23:44.892 : IterationNum=7	[MsgId: MMSG-17999]
   USER 7 = user64:pwd64	[MsgId: MMSG-17999]
    2023-06-15 07:23:45.000 : Start page is opened	[MsgId: MMSG-17999]
    2023-06-15 07:23:50.544 : User is logged in with session 136637.976832726HAciDVfpQDDDDDDDtcVzQpiQfz	[MsgId: MMSG-17999]
    2023-06-15 07:23:56.395 : User is logged out of session	[MsgId: MMSG-17999]
  2023-06-15 07:25:50.900 : IterationNum=8	[MsgId: MMSG-17999]
   USER 8 = user64:pwd64	[MsgId: MMSG-17999]
    2023-06-15 07:25:50.992 : Start page is opened	[MsgId: MMSG-17999]
    2023-06-15 07:25:55.631 : User is logged in with session 136637.987039287HAciDVzptfiDDDDDtcVzQpiQiHf	[MsgId: MMSG-17999]
    2023-06-15 07:26:01.188 : User is logged out of session	[MsgId: MMSG-17999]
  2023-06-15 07:27:56.908 : IterationNum=9	[MsgId: MMSG-17999]
   USER 9 = user64:pwd64	[MsgId: MMSG-17999]
    2023-06-15 07:27:57.000 : Start page is opened	[MsgId: MMSG-17999]
    2023-06-15 07:28:02.214 : User is logged in with session 136637.997245849HAciDVzpQiDDDDDDtcVzQpQAVQ	[MsgId: MMSG-17999]
    2023-06-15 07:28:06.916 : User is logged out of session	[MsgId: MMSG-17999]
  2023-06-15 07:30:02.919 : IterationNum=10	[MsgId: MMSG-17999]
   USER 10 = user64:pwd64	[MsgId: MMSG-17999]
    2023-06-15 07:30:03.013 : Start page is opened	[MsgId: MMSG-17999]
    2023-06-15 07:30:09.019 : User is logged in with session 136638.00745241HAciDVHpfAiDDDDDtcVzQpQAfAf	[MsgId: MMSG-17999]
    2023-06-15 07:30:14.599 : User is logged out of session	[MsgId: MMSG-17999]
  2023-06-15 07:32:08.936 : IterationNum=11	[MsgId: MMSG-17999]
   USER 11 = user64:pwd64	[MsgId: MMSG-17999]
    2023-06-15 07:32:09.028 : Start page is opened	[MsgId: MMSG-17999]
    2023-06-15 07:32:14.691 : User is logged in with session 136638.017658971HAciDVipADDDDDDDtcVzQpQAic	[MsgId: MMSG-17999]
    2023-06-15 07:32:19.603 : User is logged out of session	[MsgId: MMSG-17999]
  2023-06-15 07:34:14.946 : IterationNum=12	[MsgId: MMSG-17999]
   USER 12 = user64:pwd64	[MsgId: MMSG-17999]
    2023-06-15 07:34:15.039 : Start page is opened	[MsgId: MMSG-17999]
    2023-06-15 07:34:19.393 : User is logged in with session 136638.027865533HAciDVipffiDDDDDtcVzQpQVVDf	[MsgId: MMSG-17999]
    2023-06-15 07:34:23.618 : User is logged out of session	[MsgId: MMSG-17999]
  2023-06-15 07:36:20.948 : IterationNum=13	[MsgId: MMSG-17999]
   USER 13 = user64:pwd64	[MsgId: MMSG-17999]
    2023-06-15 07:36:21.040 : Start page is opened	[MsgId: MMSG-17999]
    2023-06-15 07:36:26.552 : User is logged in with session 136638.038072094HAciDVQpAiDDDDDDtcVzQpQVtf	[MsgId: MMSG-17999]
    2023-06-15 07:36:32.696 : User is logged out of session	[MsgId: MMSG-17999]
  2023-06-15 07:38:26.953 : IterationNum=14	[MsgId: MMSG-17999]
   USER 14 = user64:pwd64	[MsgId: MMSG-17999]
    2023-06-15 07:38:27.061 : Start page is opened	[MsgId: MMSG-17999]
    2023-06-15 07:38:32.413 : User is logged in with session 136638.048278655HAciDVQpzAiDDDDDtcVzQpQVHzf	[MsgId: MMSG-17999]
    2023-06-15 07:38:37.365 : User is logged out of session	[MsgId: MMSG-17999]
  2023-06-15 07:40:32.963 : IterationNum=15	[MsgId: MMSG-17999]
   USER 15 = user64:pwd64	[MsgId: MMSG-17999]
    2023-06-15 07:40:33.056 : Start page is opened	[MsgId: MMSG-17999]
    2023-06-15 07:40:37.951 : User is logged in with session 136638.058485217HAciDcApVDDDDDDDtcVzQpQcAi	[MsgId: MMSG-17999]
    2023-06-15 07:40:43.473 : User is logged out of session	[MsgId: MMSG-17999]
  2023-06-15 07:42:38.970 : IterationNum=16	[MsgId: MMSG-17999]
   USER 16 = user64:pwd64	[MsgId: MMSG-17999]
    2023-06-15 07:42:39.064 : Start page is opened	[MsgId: MMSG-17999]
    2023-06-15 07:42:43.427 : User is logged in with session 136638.068772783HAciDcApzzcftcVzQpQcDQHf	[MsgId: MMSG-17999]
    2023-06-15 07:42:49.670 : User is logged out of session	[MsgId: MMSG-17999]
  2023-06-15 07:44:44.979 : IterationNum=17	[MsgId: MMSG-17999]
   USER 17 = user64:pwd64	[MsgId: MMSG-17999]
    2023-06-15 07:44:45.072 : Start page is opened	[MsgId: MMSG-17999]
    2023-06-15 07:44:49.944 : User is logged in with session 136638.078979344HAciDcVpViHftcVzQpQcHVcf	[MsgId: MMSG-17999]
    2023-06-15 07:44:55.153 : User is logged out of session	[MsgId: MMSG-17999]
  2023-06-15 07:46:50.987 : IterationNum=18	[MsgId: MMSG-17999]
   USER 18 = user64:pwd64	[MsgId: MMSG-17999]
    2023-06-15 07:46:51.079 : Start page is opened	[MsgId: MMSG-17999]
    2023-06-15 07:46:54.983 : User is logged in with session 136638.089185905HAciDcVpHVcftcVzQpQDAcHf	[MsgId: MMSG-17999]
    2023-06-15 07:47:00.203 : User is logged out of session	[MsgId: MMSG-17999]
  2023-06-15 07:48:56.988 : IterationNum=19	[MsgId: MMSG-17999]
   USER 19 = user64:pwd64	[MsgId: MMSG-17999]
    2023-06-15 07:48:57.083 : Start page is opened	[MsgId: MMSG-17999]
    2023-06-15 07:49:02.130 : User is logged in with session 136638.099392467HAciDccpcDHftcVzQpQDDtcf	[MsgId: MMSG-17999]
    2023-06-15 07:49:08.477 : User is logged out of session	[MsgId: MMSG-17999]
  2023-06-15 07:51:02.999 : IterationNum=20	[MsgId: MMSG-17999]
   USER 20 = user64:pwd64	[MsgId: MMSG-17999]
    2023-06-15 07:51:03.093 : Start page is opened	[MsgId: MMSG-17999]
    2023-06-15 07:51:07.342 : User is logged in with session 136638.109599028HAciDccpHzcftcVzQpQDzfHf	[MsgId: MMSG-17999]
    2023-06-15 07:51:11.792 : User is logged out of session	[MsgId: MMSG-17999]
  2023-06-15 07:53:09.001 : IterationNum=21	[MsgId: MMSG-17999]
   USER 21 = user64:pwd64	[MsgId: MMSG-17999]
    2023-06-15 07:53:09.093 : Start page is opened	[MsgId: MMSG-17999]
    2023-06-15 07:53:15.210 : User is logged in with session 136638.119805589HAciDcDpciHftcVzQpQDQHcf	[MsgId: MMSG-17999]
    2023-06-15 07:53:19.998 : User is logged out of session	[MsgId: MMSG-17999]
  2023-06-15 07:55:15.016 : IterationNum=22	[MsgId: MMSG-17999]
   USER 22 = user64:pwd64	[MsgId: MMSG-17999]
    2023-06-15 07:55:15.109 : Start page is opened	[MsgId: MMSG-17999]
    2023-06-15 07:55:19.047 : User is logged in with session 136638.130012151HAciDcDpiVcftcVzQpQtciHf	[MsgId: MMSG-17999]
    2023-06-15 07:55:25.293 : User is logged out of session	[MsgId: MMSG-17999]
  2023-06-15 07:57:21.023 : IterationNum=23	[MsgId: MMSG-17999]
   USER 23 = user64:pwd64	[MsgId: MMSG-17999]
    2023-06-15 07:57:21.116 : Start page is opened	[MsgId: MMSG-17999]
    2023-06-15 07:57:26.851 : User is logged in with session 136638.140218712HAciDctpDDHftcVzQpQtzAcf	[MsgId: MMSG-17999]
    2023-06-15 07:57:33.075 : User is logged out of session	[MsgId: MMSG-17999]
  2023-06-15 07:59:27.026 : IterationNum=24	[MsgId: MMSG-17999]
   USER 24 = user64:pwd64	[MsgId: MMSG-17999]
    2023-06-15 07:59:27.119 : Start page is opened	[MsgId: MMSG-17999]
    2023-06-15 07:59:32.062 : User is logged in with session 136638.150425273HAciDctpizcftcVzQpQtQVHf	[MsgId: MMSG-17999]
    2023-06-15 07:59:37.921 : User is logged out of session	[MsgId: MMSG-17999]
  2023-06-15 08:01:33.040 : IterationNum=25	[MsgId: MMSG-17999]
   USER 25 = user64:pwd64	[MsgId: MMSG-17999]
    2023-06-15 08:01:33.133 : Start page is opened	[MsgId: MMSG-17999]
    2023-06-15 08:01:37.337 : User is logged in with session 136638.160631835HAciDcfpDiHftcVzQpQfcDcf	[MsgId: MMSG-17999]
    2023-06-15 08:01:41.553 : User is logged out of session	[MsgId: MMSG-17999]
  2023-06-15 08:03:39.050 : IterationNum=26	[MsgId: MMSG-17999]
   USER 26 = user64:pwd64	[MsgId: MMSG-17999]
    2023-06-15 08:03:39.143 : Start page is opened	[MsgId: MMSG-17999]
    2023-06-15 08:03:45.033 : User is logged in with session 136638.170838396HAciDcfpQVcftcVzQpQfftHf	[MsgId: MMSG-17999]
    2023-06-15 08:03:49.174 : User is logged out of session	[MsgId: MMSG-17999]
  2023-06-15 08:05:45.050 : IterationNum=27	[MsgId: MMSG-17999]
   USER 27 = user64:pwd64	[MsgId: MMSG-17999]
    2023-06-15 08:05:45.142 : Start page is opened	[MsgId: MMSG-17999]
    2023-06-15 08:05:49.174 : User is logged in with session 136638.181044957HAciDczptDHftcVzQpQfizcf	[MsgId: MMSG-17999]
    2023-06-15 08:05:54.122 : User is logged out of session	[MsgId: MMSG-17999]
  2023-06-15 08:07:51.052 : IterationNum=28	[MsgId: MMSG-17999]
   USER 28 = user64:pwd64	[MsgId: MMSG-17999]
    2023-06-15 08:07:51.146 : Start page is opened	[MsgId: MMSG-17999]
    2023-06-15 08:07:57.134 : User is logged in with session 136638.191251519HAciDczpQzcftcVzQpQzVHHf	[MsgId: MMSG-17999]
    2023-06-15 08:08:02.064 : User is logged out of session	[MsgId: MMSG-17999]
  2023-06-15 08:09:57.064 : IterationNum=29	[MsgId: MMSG-17999]
   USER 29 = user64:pwd64	[MsgId: MMSG-17999]
    2023-06-15 08:09:57.155 : Start page is opened	[MsgId: MMSG-17999]
    2023-06-15 08:10:01.554 : User is logged in with session 136638.20145808HAciDcHptiHftcVzQpQztQcf	[MsgId: MMSG-17999]
    2023-06-15 08:10:07.770 : User is logged out of session	[MsgId: MMSG-17999]
  2023-06-15 08:12:03.075 : IterationNum=30	[MsgId: MMSG-17999]
   USER 30 = user64:pwd64	[MsgId: MMSG-17999]
    2023-06-15 08:12:03.167 : Start page is opened	[MsgId: MMSG-17999]
    2023-06-15 08:12:08.943 : User is logged in with session 136638.211664642HAciDcipAVcftcVzQpQziAHf	[MsgId: MMSG-17999]
    2023-06-15 08:12:15.321 : User is logged out of session	[MsgId: MMSG-17999]
  2023-06-15 08:14:09.085 : IterationNum=31	[MsgId: MMSG-17999]
   USER 31 = user64:pwd64	[MsgId: MMSG-17999]
    2023-06-15 08:14:09.179 : Start page is opened	[MsgId: MMSG-17999]
    2023-06-15 08:14:13.459 : User is logged in with session 136638.221871203HAciDcipfDHftcVzQpQHVccf	[MsgId: MMSG-17999]
    2023-06-15 08:14:17.389 : User is logged out of session	[MsgId: MMSG-17999]
  2023-06-15 08:16:15.088 : IterationNum=32	[MsgId: MMSG-17999]
   USER 32 = user64:pwd64	[MsgId: MMSG-17999]
    2023-06-15 08:16:15.180 : Start page is opened	[MsgId: MMSG-17999]
    2023-06-15 08:16:21.303 : User is logged in with session 136638.232077764HAciDcQpAzcftcVzQpQHtDHf	[MsgId: MMSG-17999]
    2023-06-15 08:16:27.102 : User is logged out of session	[MsgId: MMSG-17999]
  2023-06-15 08:18:21.090 : IterationNum=33	[MsgId: MMSG-17999]
   USER 33 = user64:pwd64	[MsgId: MMSG-17999]
    2023-06-15 08:18:21.183 : Start page is opened	[MsgId: MMSG-17999]
    2023-06-15 08:18:26.608 : User is logged in with session 136638.242284326HAciDcQpfiHftcVzQpQHHfcf	[MsgId: MMSG-17999]
    2023-06-15 08:18:32.926 : User is logged out of session	[MsgId: MMSG-17999]
  2023-06-15 08:20:27.098 : IterationNum=34	[MsgId: MMSG-17999]
   USER 34 = user64:pwd64	[MsgId: MMSG-17999]
    2023-06-15 08:20:27.193 : Start page is opened	[MsgId: MMSG-17999]
    2023-06-15 08:20:33.292 : User is logged in with session 136638.252490887HAciDDApVVcftcVzQpQiAzHf	[MsgId: MMSG-17999]
    2023-06-15 08:20:39.003 : User is logged out of session	[MsgId: MMSG-17999]
  2023-06-15 08:22:33.111 : IterationNum=35	[MsgId: MMSG-17999]
   USER 35 = user64:pwd64	[MsgId: MMSG-17999]
    2023-06-15 08:22:33.203 : Start page is opened	[MsgId: MMSG-17999]
    2023-06-15 08:22:38.224 : User is logged in with session 136638.262697448HAciDDApzDHftcVzQpQiDicf	[MsgId: MMSG-17999]
    2023-06-15 08:22:42.955 : User is logged out of session	[MsgId: MMSG-17999]
  2023-06-15 08:24:39.126 : IterationNum=36	[MsgId: MMSG-17999]
   USER 36 = user64:pwd64	[MsgId: MMSG-17999]
    2023-06-15 08:24:39.219 : Start page is opened	[MsgId: MMSG-17999]
    2023-06-15 08:24:45.243 : User is logged in with session 136638.27290401HAciDDVpVzcftcVzQpQizQHf	[MsgId: MMSG-17999]
    2023-06-15 08:24:51.167 : User is logged out of session	[MsgId: MMSG-17999]
  2023-06-15 08:26:45.134 : IterationNum=37	[MsgId: MMSG-17999]
   USER 37 = user64:pwd64	[MsgId: MMSG-17999]
    2023-06-15 08:26:45.227 : Start page is opened	[MsgId: MMSG-17999]
    2023-06-15 08:26:49.275 : User is logged in with session 136638.283110571HAciDDVpziHftcVzQpQQAVcf	[MsgId: MMSG-17999]
    2023-06-15 08:26:55.260 : User is logged out of session	[MsgId: MMSG-17999]
  2023-06-15 08:28:51.135 : IterationNum=38	[MsgId: MMSG-17999]
   USER 38 = user64:pwd64	[MsgId: MMSG-17999]
    2023-06-15 08:28:51.227 : Start page is opened	[MsgId: MMSG-17999]
    2023-06-15 08:28:56.776 : User is logged in with session 136638.293317132HAciDDcpcVcftcVzQpQQDcHf	[MsgId: MMSG-17999]
    2023-06-15 08:29:01.594 : User is logged out of session	[MsgId: MMSG-17999]
  2023-06-15 08:30:57.139 : IterationNum=39	[MsgId: MMSG-17999]
   USER 39 = user64:pwd64	[MsgId: MMSG-17999]
    2023-06-15 08:30:57.231 : Start page is opened	[MsgId: MMSG-17999]
    2023-06-15 08:31:03.230 : User is logged in with session 136638.303523694HAciDDcpHDHftcVzQpQQztcf	[MsgId: MMSG-17999]
    2023-06-15 08:31:07.834 : User is logged out of session	[MsgId: MMSG-17999]
  2023-06-15 08:33:03.141 : IterationNum=40	[MsgId: MMSG-17999]
   USER 40 = user64:pwd64	[MsgId: MMSG-17999]
    2023-06-15 08:33:03.233 : Start page is opened	[MsgId: MMSG-17999]
    2023-06-15 08:33:07.957 : User is logged in with session 136638.313730255HAciDDDpczcftcVzQpQQQfHf	[MsgId: MMSG-17999]
    2023-06-15 08:33:12.114 : User is logged out of session	[MsgId: MMSG-17999]
  2023-06-15 08:35:09.148 : IterationNum=41	[MsgId: MMSG-17999]
   USER 41 = user64:pwd64	[MsgId: MMSG-17999]
    2023-06-15 08:35:09.242 : Start page is opened	[MsgId: MMSG-17999]
    2023-06-15 08:35:15.180 : User is logged in with session 136638.323936817HAciDDDpHiHftcVHApAAcHcf	[MsgId: MMSG-17999]
    2023-06-15 08:35:20.349 : User is logged out of session	[MsgId: MMSG-17999]
  2023-06-15 08:37:15.156 : IterationNum=42	[MsgId: MMSG-17999]
   USER 42 = user64:pwd64	[MsgId: MMSG-17999]
    2023-06-15 08:37:15.249 : Start page is opened	[MsgId: MMSG-17999]
    2023-06-15 08:37:21.345 : User is logged in with session 136638.334143378HAciDDtpDVcftcVHApAAfiHf	[MsgId: MMSG-17999]
    2023-06-15 08:37:25.655 : User is logged out of session	[MsgId: MMSG-17999]
  2023-06-15 08:39:21.171 : IterationNum=43	[MsgId: MMSG-17999]
   USER 43 = user64:pwd64	[MsgId: MMSG-17999]
    2023-06-15 08:39:21.265 : Start page is opened	[MsgId: MMSG-17999]
    2023-06-15 08:39:27.036 : User is logged in with session 136638.344349939HAciDDtpiDHftcVHApAAQAcf	[MsgId: MMSG-17999]
    2023-06-15 08:39:32.759 : User is logged out of session	[MsgId: MMSG-17999]
  2023-06-15 08:41:27.186 : IterationNum=44	[MsgId: MMSG-17999]
   USER 44 = user64:pwd64	[MsgId: MMSG-17999]
    2023-06-15 08:41:27.294 : Start page is opened	[MsgId: MMSG-17999]
    2023-06-15 08:41:31.399 : User is logged in with session 136638.354556501HAciDDfpDzcftcVHApAVcVHf	[MsgId: MMSG-17999]
    2023-06-15 08:41:37.334 : User is logged out of session	[MsgId: MMSG-17999]
  2023-06-15 08:43:33.194 : IterationNum=45	[MsgId: MMSG-17999]
   USER 45 = user64:pwd64	[MsgId: MMSG-17999]
    2023-06-15 08:43:33.288 : Start page is opened	[MsgId: MMSG-17999]
    2023-06-15 08:43:38.148 : User is logged in with session 136638.364763062HAciDDfpiiHftcVHApAVfDcf	[MsgId: MMSG-17999]
    2023-06-15 08:43:44.349 : User is logged out of session	[MsgId: MMSG-17999]
  2023-06-15 08:45:39.202 : IterationNum=46	[MsgId: MMSG-17999]
   USER 46 = user64:pwd64	[MsgId: MMSG-17999]
    2023-06-15 08:45:39.296 : Start page is opened	[MsgId: MMSG-17999]
    2023-06-15 08:45:43.712 : User is logged in with session 136638.374969623HAciDDzptVcftcVHApAVitHf	[MsgId: MMSG-17999]
    2023-06-15 08:45:49.218 : User is logged out of session	[MsgId: MMSG-17999]
  2023-06-15 08:47:45.210 : IterationNum=47	[MsgId: MMSG-17999]
   USER 47 = user64:pwd64	[MsgId: MMSG-17999]
    2023-06-15 08:47:45.319 : Start page is opened	[MsgId: MMSG-17999]
    2023-06-15 08:47:49.367 : User is logged in with session 136638.385176185HAciDDzpQDHftcVHApAcVzcf	[MsgId: MMSG-17999]
    2023-06-15 08:47:53.293 : User is logged out of session	[MsgId: MMSG-17999]
