  2023-06-15 08:23:14.569 : IterationNum=1	[MsgId: MMSG-17999]
   USER 1 = user86:pwd86	[MsgId: MMSG-17999]
    2023-06-15 08:23:14.653 : Start page is opened	[MsgId: MMSG-17999]
    2023-06-15 08:23:20.056 : User is logged in with session 136638.266018631HAciDDApiAiDDDDDtcVzQpQitif	[MsgId: MMSG-17999]
    2023-06-15 08:23:25.653 : User is logged out of session	[MsgId: MMSG-17999]
  2023-06-15 08:25:20.582 : IterationNum=2	[MsgId: MMSG-17999]
   USER 2 = user86:pwd86	[MsgId: MMSG-17999]
    2023-06-15 08:25:20.674 : Start page is opened	[MsgId: MMSG-17999]
    2023-06-15 08:25:26.466 : User is logged in with session 136638.276225192HAciDDVpDDDDDDDDtcVzQpQii	[MsgId: MMSG-17999]
    2023-06-15 08:25:32.465 : User is logged out of session	[MsgId: MMSG-17999]
  2023-06-15 08:27:26.587 : IterationNum=3	[MsgId: MMSG-17999]
   USER 3 = user86:pwd86	[MsgId: MMSG-17999]
    2023-06-15 08:27:26.679 : Start page is opened	[MsgId: MMSG-17999]
    2023-06-15 08:27:31.807 : User is logged in with session 136638.286431754HAciDDVpifiDDDDDtcVzQpQQVVf	[MsgId: MMSG-17999]
    2023-06-15 08:27:37.981 : User is logged out of session	[MsgId: MMSG-17999]
  2023-06-15 08:29:32.591 : IterationNum=4	[MsgId: MMSG-17999]
   USER 4 = user86:pwd86	[MsgId: MMSG-17999]
    2023-06-15 08:29:32.684 : Start page is opened	[MsgId: MMSG-17999]
    2023-06-15 08:29:37.968 : User is logged in with session 136638.296638315HAciDDcpDiDDDDDDtcVzQpQQtD	[MsgId: MMSG-17999]
    2023-06-15 08:29:42.455 : User is logged out of session	[MsgId: MMSG-17999]
  2023-06-15 08:31:38.602 : IterationNum=5	[MsgId: MMSG-17999]
   USER 5 = user86:pwd86	[MsgId: MMSG-17999]
    2023-06-15 08:31:38.695 : Start page is opened	[MsgId: MMSG-17999]
    2023-06-15 08:31:44.094 : User is logged in with session 136638.306844876HAciDDcpQAiDDDDDtcVzQpQQHtf	[MsgId: MMSG-17999]
    2023-06-15 08:31:49.913 : User is logged out of session	[MsgId: MMSG-17999]
  2023-06-15 08:33:44.613 : IterationNum=6	[MsgId: MMSG-17999]
   USER 6 = user86:pwd86	[MsgId: MMSG-17999]
    2023-06-15 08:33:44.706 : Start page is opened	[MsgId: MMSG-17999]
    2023-06-15 08:33:49.802 : User is logged in with session 136638.317051438HAciDDDptDDDDDDDtcVHApAAAz	[MsgId: MMSG-17999]
    2023-06-15 08:33:54.581 : User is logged out of session	[MsgId: MMSG-17999]
  2023-06-15 08:35:50.616 : IterationNum=7	[MsgId: MMSG-17999]
   USER 7 = user86:pwd86	[MsgId: MMSG-17999]
    2023-06-15 08:35:50.709 : Start page is opened	[MsgId: MMSG-17999]
    2023-06-15 08:35:54.871 : User is logged in with session 136638.327257999HAciDDDpQfiDDDDDtcVHApAADHf	[MsgId: MMSG-17999]
    2023-06-15 08:36:00.108 : User is logged out of session	[MsgId: MMSG-17999]
  2023-06-15 08:37:56.629 : IterationNum=8	[MsgId: MMSG-17999]
   USER 8 = user86:pwd86	[MsgId: MMSG-17999]
    2023-06-15 08:37:56.738 : Start page is opened	[MsgId: MMSG-17999]
    2023-06-15 08:38:01.591 : User is logged in with session 136638.337464561HAciDDtptiDDDDDDtcVHApAAzQ	[MsgId: MMSG-17999]
    2023-06-15 08:38:05.593 : User is logged out of session	[MsgId: MMSG-17999]
  2023-06-15 08:40:02.629 : IterationNum=9	[MsgId: MMSG-17999]
   USER 9 = user86:pwd86	[MsgId: MMSG-17999]
    2023-06-15 08:40:02.722 : Start page is opened	[MsgId: MMSG-17999]
    2023-06-15 08:40:07.439 : User is logged in with session 136638.347671122HAciDDfpAAiDDDDDtcVHApAVAAf	[MsgId: MMSG-17999]
    2023-06-15 08:40:12.032 : User is logged out of session	[MsgId: MMSG-17999]
  2023-06-15 08:42:08.638 : IterationNum=10	[MsgId: MMSG-17999]
   USER 10 = user86:pwd86	[MsgId: MMSG-17999]
    2023-06-15 08:42:08.730 : Start page is opened	[MsgId: MMSG-17999]
    2023-06-15 08:42:14.627 : User is logged in with session 136638.357877683HAciDDfpfDDDDDDDtcVHApAVDc	[MsgId: MMSG-17999]
    2023-06-15 08:42:20.387 : User is logged out of session	[MsgId: MMSG-17999]
  2023-06-15 08:44:14.647 : IterationNum=11	[MsgId: MMSG-17999]
   USER 11 = user86:pwd86	[MsgId: MMSG-17999]
    2023-06-15 08:44:14.742 : Start page is opened	[MsgId: MMSG-17999]
    2023-06-15 08:44:18.849 : User is logged in with session 136638.368084245HAciDDzpAfiDDDDDtcVHApAVzDf	[MsgId: MMSG-17999]
    2023-06-15 08:44:25.232 : User is logged out of session	[MsgId: MMSG-17999]
  2023-06-15 08:46:20.661 : IterationNum=12	[MsgId: MMSG-17999]
   USER 12 = user86:pwd86	[MsgId: MMSG-17999]
    2023-06-15 08:46:20.755 : Start page is opened	[MsgId: MMSG-17999]
    2023-06-15 08:46:26.412 : User is logged in with session 136638.378290806HAciDDzpfiDDDDDDtcVHApAVQf	[MsgId: MMSG-17999]
    2023-06-15 08:46:32.427 : User is logged out of session	[MsgId: MMSG-17999]
  2023-06-15 08:48:26.664 : IterationNum=13	[MsgId: MMSG-17999]
   USER 13 = user86:pwd86	[MsgId: MMSG-17999]
    2023-06-15 08:48:26.757 : Start page is opened	[MsgId: MMSG-17999]
    2023-06-15 08:48:32.935 : User is logged in with session 136638.388497367HAciDDHpVAiDDDDDtcVHApAcczf	[MsgId: MMSG-17999]
    2023-06-15 08:48:38.772 : User is logged out of session	[MsgId: MMSG-17999]
