  2023-06-15 08:34:59.726 : IterationNum=1	[MsgId: MMSG-17999]
   USER 1 = user90:pwd90	[MsgId: MMSG-17999]
    2023-06-15 08:34:59.821 : Start page is opened	[MsgId: MMSG-17999]
    2023-06-15 08:35:04.055 : User is logged in with session 136638.323126772HAciDDDpHtfiDDDDtcVHApAActHf	[MsgId: MMSG-17999]
    2023-06-15 08:35:08.995 : User is logged out of session	[MsgId: MMSG-17999]
  2023-06-15 08:37:05.739 : IterationNum=2	[MsgId: MMSG-17999]
   USER 2 = user90:pwd90	[MsgId: MMSG-17999]
    2023-06-15 08:37:05.834 : Start page is opened	[MsgId: MMSG-17999]
    2023-06-15 08:37:10.845 : User is logged in with session 136638.333333333HAciDDtpcHAiDDDDtcVHApAAfzcf	[MsgId: MMSG-17999]
    2023-06-15 08:37:15.700 : User is logged out of session	[MsgId: MMSG-17999]
  2023-06-15 08:39:11.745 : IterationNum=3	[MsgId: MMSG-17999]
   USER 3 = user90:pwd90	[MsgId: MMSG-17999]
    2023-06-15 08:39:11.838 : Start page is opened	[MsgId: MMSG-17999]
    2023-06-15 08:39:15.890 : User is logged in with session 136638.343539895HAciDDtpHQfiDDDDtcVHApAAiHHf	[MsgId: MMSG-17999]
    2023-06-15 08:39:21.964 : User is logged out of session	[MsgId: MMSG-17999]
  2023-06-15 08:41:17.746 : IterationNum=4	[MsgId: MMSG-17999]
   USER 4 = user90:pwd90	[MsgId: MMSG-17999]
    2023-06-15 08:41:17.839 : Start page is opened	[MsgId: MMSG-17999]
    2023-06-15 08:41:23.939 : User is logged in with session 136638.353746456HAciDDfpDcAiDDDDtcVHApAVVQcf	[MsgId: MMSG-17999]
    2023-06-15 08:41:29.157 : User is logged out of session	[MsgId: MMSG-17999]
  2023-06-15 08:43:23.757 : IterationNum=5	[MsgId: MMSG-17999]
   USER 5 = user90:pwd90	[MsgId: MMSG-17999]
    2023-06-15 08:43:23.850 : Start page is opened	[MsgId: MMSG-17999]
    2023-06-15 08:43:29.578 : User is logged in with session 136638.363953017HAciDDfpitfiDDDDtcVHApAVfAHf	[MsgId: MMSG-17999]
    2023-06-15 08:43:34.735 : User is logged out of session	[MsgId: MMSG-17999]
  2023-06-15 08:45:29.762 : IterationNum=6	[MsgId: MMSG-17999]
   USER 6 = user90:pwd90	[MsgId: MMSG-17999]
    2023-06-15 08:45:29.855 : Start page is opened	[MsgId: MMSG-17999]
    2023-06-15 08:45:33.800 : User is logged in with session 136638.374159579HAciDDzpDHAiDDDDtcVHApAViccf	[MsgId: MMSG-17999]
    2023-06-15 08:45:39.268 : User is logged out of session	[MsgId: MMSG-17999]
  2023-06-15 08:47:35.774 : IterationNum=7	[MsgId: MMSG-17999]
   USER 7 = user90:pwd90	[MsgId: MMSG-17999]
    2023-06-15 08:47:35.866 : Start page is opened	[MsgId: MMSG-17999]
    2023-06-15 08:47:41.036 : User is logged in with session 136638.38436614HAciDDzpiQfiDDDDtcVHApAcVDHf	[MsgId: MMSG-17999]
    2023-06-15 08:47:46.439 : User is logged out of session	[MsgId: MMSG-17999]
