  2023-06-15 07:11:23.942 : IterationNum=1	[MsgId: MMSG-17999]
   USER 1 = user67:pwd67	[MsgId: MMSG-17999]
    2023-06-15 07:11:24.036 : Start page is opened	[MsgId: MMSG-17999]
    2023-06-15 07:11:29.080 : User is logged in with session 136637.916808424HAciDVcpitfiDDDDtcVzQpiHHAHf	[MsgId: MMSG-17999]
    2023-06-15 07:11:33.779 : User is logged out of session	[MsgId: MMSG-17999]
  2023-06-15 07:13:29.944 : IterationNum=2	[MsgId: MMSG-17999]
   USER 2 = user67:pwd67	[MsgId: MMSG-17999]
    2023-06-15 07:13:30.035 : Start page is opened	[MsgId: MMSG-17999]
    2023-06-15 07:13:36.253 : User is logged in with session 136637.927014986HAciDVDpDHAiDDDDtcVzQpiiAccf	[MsgId: MMSG-17999]
    2023-06-15 07:13:42.210 : User is logged out of session	[MsgId: MMSG-17999]
  2023-06-15 07:15:35.953 : IterationNum=3	[MsgId: MMSG-17999]
   USER 3 = user67:pwd67	[MsgId: MMSG-17999]
    2023-06-15 07:15:36.046 : Start page is opened	[MsgId: MMSG-17999]
    2023-06-15 07:15:41.710 : User is logged in with session 136637.937221547HAciDVDpiQfiDDDDtcVzQpiiDDHf	[MsgId: MMSG-17999]
    2023-06-15 07:15:47.670 : User is logged out of session	[MsgId: MMSG-17999]
  2023-06-15 07:17:41.963 : IterationNum=4	[MsgId: MMSG-17999]
   USER 4 = user67:pwd67	[MsgId: MMSG-17999]
    2023-06-15 07:17:42.073 : Start page is opened	[MsgId: MMSG-17999]
    2023-06-15 07:17:48.362 : User is logged in with session 136637.947509113HAciDVtptcftcVzQpiizff	[MsgId: MMSG-17999]
    2023-06-15 07:17:54.271 : User is logged out of session	[MsgId: MMSG-17999]
  2023-06-15 07:19:47.973 : IterationNum=5	[MsgId: MMSG-17999]
   USER 5 = user67:pwd67	[MsgId: MMSG-17999]
    2023-06-15 07:19:48.065 : Start page is opened	[MsgId: MMSG-17999]
    2023-06-15 07:19:52.002 : User is logged in with session 136637.957715674HAciDVtpQftcVzQpiiQH	[MsgId: MMSG-17999]
    2023-06-15 07:19:58.045 : User is logged out of session	[MsgId: MMSG-17999]
  2023-06-15 07:21:53.973 : IterationNum=6	[MsgId: MMSG-17999]
   USER 6 = user67:pwd67	[MsgId: MMSG-17999]
    2023-06-15 07:21:54.068 : Start page is opened	[MsgId: MMSG-17999]
    2023-06-15 07:21:59.269 : User is logged in with session 136637.967922236HAciDVfptHftcVzQpiQcif	[MsgId: MMSG-17999]
    2023-06-15 07:22:03.940 : User is logged out of session	[MsgId: MMSG-17999]
  2023-06-15 07:23:59.978 : IterationNum=7	[MsgId: MMSG-17999]
   USER 7 = user67:pwd67	[MsgId: MMSG-17999]
    2023-06-15 07:24:00.070 : Start page is opened	[MsgId: MMSG-17999]
    2023-06-15 07:24:04.977 : User is logged in with session 136637.978128797HAciDVztcVzQpiQz	[MsgId: MMSG-17999]
    2023-06-15 07:24:09.480 : User is logged out of session	[MsgId: MMSG-17999]
  2023-06-15 07:26:05.991 : IterationNum=8	[MsgId: MMSG-17999]
   USER 8 = user67:pwd67	[MsgId: MMSG-17999]
    2023-06-15 07:26:06.083 : Start page is opened	[MsgId: MMSG-17999]
    2023-06-15 07:26:11.205 : User is logged in with session 136637.988335358HAciDVzpfcftcVzQpiQQVf	[MsgId: MMSG-17999]
    2023-06-15 07:26:16.571 : User is logged out of session	[MsgId: MMSG-17999]
  2023-06-15 07:28:11.994 : IterationNum=9	[MsgId: MMSG-17999]
   USER 9 = user67:pwd67	[MsgId: MMSG-17999]
    2023-06-15 07:28:12.087 : Start page is opened	[MsgId: MMSG-17999]
    2023-06-15 07:28:16.933 : User is logged in with session 136637.99854192HAciDVHpAftcVzQpQAcD	[MsgId: MMSG-17999]
    2023-06-15 07:28:21.546 : User is logged out of session	[MsgId: MMSG-17999]
  2023-06-15 07:30:18.008 : IterationNum=10	[MsgId: MMSG-17999]
   USER 10 = user67:pwd67	[MsgId: MMSG-17999]
    2023-06-15 07:30:18.100 : Start page is opened	[MsgId: MMSG-17999]
    2023-06-15 07:30:23.485 : User is logged in with session 136638.008748481HAciDVHpfHftcVzQpQAftf	[MsgId: MMSG-17999]
    2023-06-15 07:30:29.228 : User is logged out of session	[MsgId: MMSG-17999]
  2023-06-15 07:32:24.017 : IterationNum=11	[MsgId: MMSG-17999]
   USER 11 = user67:pwd67	[MsgId: MMSG-17999]
    2023-06-15 07:32:24.112 : Start page is opened	[MsgId: MMSG-17999]
    2023-06-15 07:32:28.305 : User is logged in with session 136638.018955043HAciDVipVtcVzQpQAiz	[MsgId: MMSG-17999]
    2023-06-15 07:32:33.447 : User is logged out of session	[MsgId: MMSG-17999]
  2023-06-15 07:34:30.025 : IterationNum=12	[MsgId: MMSG-17999]
   USER 12 = user67:pwd67	[MsgId: MMSG-17999]
    2023-06-15 07:34:30.118 : Start page is opened	[MsgId: MMSG-17999]
    2023-06-15 07:34:35.195 : User is logged in with session 136638.029161604HAciDVipzcftcVzQpQVVHf	[MsgId: MMSG-17999]
    2023-06-15 07:34:39.565 : User is logged out of session	[MsgId: MMSG-17999]
  2023-06-15 07:36:36.036 : IterationNum=13	[MsgId: MMSG-17999]
   USER 13 = user67:pwd67	[MsgId: MMSG-17999]
    2023-06-15 07:36:36.127 : Start page is opened	[MsgId: MMSG-17999]
    2023-06-15 07:36:42.419 : User is logged in with session 136638.039368165HAciDVQpVftcVzQpQVtQ	[MsgId: MMSG-17999]
    2023-06-15 07:36:47.959 : User is logged out of session	[MsgId: MMSG-17999]
  2023-06-15 07:38:42.041 : IterationNum=14	[MsgId: MMSG-17999]
   USER 14 = user67:pwd67	[MsgId: MMSG-17999]
    2023-06-15 07:38:42.148 : Start page is opened	[MsgId: MMSG-17999]
    2023-06-15 07:38:47.002 : User is logged in with session 136638.049574727HAciDVQpzHftcVzQpQViAf	[MsgId: MMSG-17999]
    2023-06-15 07:38:53.198 : User is logged out of session	[MsgId: MMSG-17999]
  2023-06-15 07:40:48.051 : IterationNum=15	[MsgId: MMSG-17999]
   USER 15 = user67:pwd67	[MsgId: MMSG-17999]
    2023-06-15 07:40:48.144 : Start page is opened	[MsgId: MMSG-17999]
    2023-06-15 07:40:53.511 : User is logged in with session 136638.059781288HAciDcApctcVzQpQcVc	[MsgId: MMSG-17999]
    2023-06-15 07:40:57.981 : User is logged out of session	[MsgId: MMSG-17999]
  2023-06-15 07:42:54.066 : IterationNum=16	[MsgId: MMSG-17999]
   USER 16 = user67:pwd67	[MsgId: MMSG-17999]
    2023-06-15 07:42:54.158 : Start page is opened	[MsgId: MMSG-17999]
    2023-06-15 07:42:58.082 : User is logged in with session 136638.069987849HAciDcApHcftcVzQpQctDf	[MsgId: MMSG-17999]
    2023-06-15 07:43:04.020 : User is logged out of session	[MsgId: MMSG-17999]
  2023-06-15 07:45:00.071 : IterationNum=17	[MsgId: MMSG-17999]
   USER 17 = user67:pwd67	[MsgId: MMSG-17999]
    2023-06-15 07:45:00.164 : Start page is opened	[MsgId: MMSG-17999]
    2023-06-15 07:45:06.396 : User is logged in with session 136638.080194411HAciDcVpcftcVzQpQcHf	[MsgId: MMSG-17999]
    2023-06-15 07:45:12.385 : User is logged out of session	[MsgId: MMSG-17999]
  2023-06-15 07:47:06.080 : IterationNum=18	[MsgId: MMSG-17999]
   USER 18 = user67:pwd67	[MsgId: MMSG-17999]
    2023-06-15 07:47:06.174 : Start page is opened	[MsgId: MMSG-17999]
    2023-06-15 07:47:11.927 : User is logged in with session 136638.090400972HAciDcVpHHftcVzQpQDAzf	[MsgId: MMSG-17999]
    2023-06-15 07:47:18.089 : User is logged out of session	[MsgId: MMSG-17999]
  2023-06-15 07:49:12.088 : IterationNum=19	[MsgId: MMSG-17999]
   USER 19 = user67:pwd67	[MsgId: MMSG-17999]
    2023-06-15 07:49:12.180 : Start page is opened	[MsgId: MMSG-17999]
    2023-06-15 07:49:17.776 : User is logged in with session 136638.100607533HAciDccpDtcVzQpQDDi	[MsgId: MMSG-17999]
    2023-06-15 07:49:24.152 : User is logged out of session	[MsgId: MMSG-17999]
  2023-06-15 07:51:18.096 : IterationNum=20	[MsgId: MMSG-17999]
   USER 20 = user67:pwd67	[MsgId: MMSG-17999]
    2023-06-15 07:51:18.189 : Start page is opened	[MsgId: MMSG-17999]
    2023-06-15 07:51:22.852 : User is logged in with session 136638.110814095HAciDccpicftcVzQpQDzQf	[MsgId: MMSG-17999]
    2023-06-15 07:51:28.826 : User is logged out of session	[MsgId: MMSG-17999]
  2023-06-15 07:53:24.099 : IterationNum=21	[MsgId: MMSG-17999]
   USER 21 = user67:pwd67	[MsgId: MMSG-17999]
    2023-06-15 07:53:24.192 : Start page is opened	[MsgId: MMSG-17999]
    2023-06-15 07:53:28.264 : User is logged in with session 136638.121020656HAciDcDpDftcVzQpQtAV	[MsgId: MMSG-17999]
    2023-06-15 07:53:32.634 : User is logged out of session	[MsgId: MMSG-17999]
  2023-06-15 07:55:30.112 : IterationNum=22	[MsgId: MMSG-17999]
   USER 22 = user67:pwd67	[MsgId: MMSG-17999]
    2023-06-15 07:55:30.204 : Start page is opened	[MsgId: MMSG-17999]
    2023-06-15 07:55:34.292 : User is logged in with session 136638.131227218HAciDcDpiHftcVzQpQtDcf	[MsgId: MMSG-17999]
    2023-06-15 07:55:38.743 : User is logged out of session	[MsgId: MMSG-17999]
  2023-06-15 07:57:36.121 : IterationNum=23	[MsgId: MMSG-17999]
   USER 23 = user67:pwd67	[MsgId: MMSG-17999]
    2023-06-15 07:57:36.215 : Start page is opened	[MsgId: MMSG-17999]
    2023-06-15 07:57:40.424 : User is logged in with session 136638.141433779HAciDctpttcVzQpQtzt	[MsgId: MMSG-17999]
    2023-06-15 07:57:46.181 : User is logged out of session	[MsgId: MMSG-17999]
  2023-06-15 07:59:42.128 : IterationNum=24	[MsgId: MMSG-17999]
   USER 24 = user67:pwd67	[MsgId: MMSG-17999]
    2023-06-15 07:59:42.223 : Start page is opened	[MsgId: MMSG-17999]
    2023-06-15 07:59:48.132 : User is logged in with session 136638.15164034HAciDctpQcftcVzQpQtQff	[MsgId: MMSG-17999]
    2023-06-15 07:59:54.067 : User is logged out of session	[MsgId: MMSG-17999]
  2023-06-15 08:01:48.132 : IterationNum=25	[MsgId: MMSG-17999]
   USER 25 = user67:pwd67	[MsgId: MMSG-17999]
    2023-06-15 08:01:48.226 : Start page is opened	[MsgId: MMSG-17999]
    2023-06-15 08:01:52.483 : User is logged in with session 136638.161846902HAciDcfptftcVzQpQfcH	[MsgId: MMSG-17999]
    2023-06-15 08:01:56.954 : User is logged out of session	[MsgId: MMSG-17999]
  2023-06-15 08:03:54.142 : IterationNum=26	[MsgId: MMSG-17999]
   USER 26 = user67:pwd67	[MsgId: MMSG-17999]
    2023-06-15 08:03:54.235 : Start page is opened	[MsgId: MMSG-17999]
    2023-06-15 08:03:59.360 : User is logged in with session 136638.172053463HAciDcfpQHftcVzQpQffif	[MsgId: MMSG-17999]
    2023-06-15 08:04:04.934 : User is logged out of session	[MsgId: MMSG-17999]
  2023-06-15 08:06:00.155 : IterationNum=27	[MsgId: MMSG-17999]
   USER 27 = user67:pwd67	[MsgId: MMSG-17999]
    2023-06-15 08:06:00.247 : Start page is opened	[MsgId: MMSG-17999]
    2023-06-15 08:06:04.182 : User is logged in with session 136638.182260024HAciDczpftcVzQpQfQ	[MsgId: MMSG-17999]
    2023-06-15 08:06:09.396 : User is logged out of session	[MsgId: MMSG-17999]
  2023-06-15 08:08:06.164 : IterationNum=28	[MsgId: MMSG-17999]
   USER 28 = user67:pwd67	[MsgId: MMSG-17999]
    2023-06-15 08:08:06.259 : Start page is opened	[MsgId: MMSG-17999]
    2023-06-15 08:08:10.464 : User is logged in with session 136638.192466586HAciDcHpAcftcVzQpQzcVf	[MsgId: MMSG-17999]
    2023-06-15 08:08:16.001 : User is logged out of session	[MsgId: MMSG-17999]
  2023-06-15 08:10:12.167 : IterationNum=29	[MsgId: MMSG-17999]
   USER 29 = user67:pwd67	[MsgId: MMSG-17999]
    2023-06-15 08:10:12.274 : Start page is opened	[MsgId: MMSG-17999]
    2023-06-15 08:10:16.334 : User is logged in with session 136638.202673147HAciDcHpfftcVzQpQzfD	[MsgId: MMSG-17999]
    2023-06-15 08:10:21.960 : User is logged out of session	[MsgId: MMSG-17999]
  2023-06-15 08:12:18.181 : IterationNum=30	[MsgId: MMSG-17999]
   USER 30 = user67:pwd67	[MsgId: MMSG-17999]
    2023-06-15 08:12:18.274 : Start page is opened	[MsgId: MMSG-17999]
    2023-06-15 08:12:24.442 : User is logged in with session 136638.212879708HAciDcipAHftcVzQpQzitf	[MsgId: MMSG-17999]
    2023-06-15 08:12:29.274 : User is logged out of session	[MsgId: MMSG-17999]
  2023-06-15 08:14:24.190 : IterationNum=31	[MsgId: MMSG-17999]
   USER 31 = user67:pwd67	[MsgId: MMSG-17999]
    2023-06-15 08:14:24.284 : Start page is opened	[MsgId: MMSG-17999]
    2023-06-15 08:14:28.815 : User is logged in with session 136638.22308627HAciDcipztcVzQpQHVz	[MsgId: MMSG-17999]
    2023-06-15 08:14:33.749 : User is logged out of session	[MsgId: MMSG-17999]
  2023-06-15 08:16:30.205 : IterationNum=32	[MsgId: MMSG-17999]
   USER 32 = user67:pwd67	[MsgId: MMSG-17999]
    2023-06-15 08:16:30.298 : Start page is opened	[MsgId: MMSG-17999]
    2023-06-15 08:16:34.915 : User is logged in with session 136638.233292831HAciDcQpVcftcVzQpQHtHf	[MsgId: MMSG-17999]
    2023-06-15 08:16:39.455 : User is logged out of session	[MsgId: MMSG-17999]
  2023-06-15 08:18:36.208 : IterationNum=33	[MsgId: MMSG-17999]
   USER 33 = user67:pwd67	[MsgId: MMSG-17999]
    2023-06-15 08:18:36.300 : Start page is opened	[MsgId: MMSG-17999]
    2023-06-15 08:18:40.990 : User is logged in with session 136638.243499392HAciDcQpzftcVzQpQHHQ	[MsgId: MMSG-17999]
    2023-06-15 08:18:45.142 : User is logged out of session	[MsgId: MMSG-17999]
  2023-06-15 08:20:42.222 : IterationNum=34	[MsgId: MMSG-17999]
   USER 34 = user67:pwd67	[MsgId: MMSG-17999]
    2023-06-15 08:20:42.315 : Start page is opened	[MsgId: MMSG-17999]
    2023-06-15 08:20:46.434 : User is logged in with session 136638.253705954HAciDDApVHftcVzQpQiVAf	[MsgId: MMSG-17999]
    2023-06-15 08:20:51.386 : User is logged out of session	[MsgId: MMSG-17999]
  2023-06-15 08:22:48.223 : IterationNum=35	[MsgId: MMSG-17999]
   USER 35 = user67:pwd67	[MsgId: MMSG-17999]
    2023-06-15 08:22:48.316 : Start page is opened	[MsgId: MMSG-17999]
    2023-06-15 08:22:53.011 : User is logged in with session 136638.263912515HAciDDApHtcVzQpQitc	[MsgId: MMSG-17999]
    2023-06-15 08:22:58.545 : User is logged out of session	[MsgId: MMSG-17999]
  2023-06-15 08:24:54.232 : IterationNum=36	[MsgId: MMSG-17999]
   USER 36 = user67:pwd67	[MsgId: MMSG-17999]
    2023-06-15 08:24:54.325 : Start page is opened	[MsgId: MMSG-17999]
    2023-06-15 08:24:59.035 : User is logged in with session 136638.274119077HAciDDVpccftcVzQpQiHDf	[MsgId: MMSG-17999]
    2023-06-15 08:25:03.812 : User is logged out of session	[MsgId: MMSG-17999]
  2023-06-15 08:27:00.234 : IterationNum=37	[MsgId: MMSG-17999]
   USER 37 = user67:pwd67	[MsgId: MMSG-17999]
    2023-06-15 08:27:00.327 : Start page is opened	[MsgId: MMSG-17999]
    2023-06-15 08:27:05.971 : User is logged in with session 136638.284325638HAciDDVpHftcVzQpQQAf	[MsgId: MMSG-17999]
    2023-06-15 08:27:10.850 : User is logged out of session	[MsgId: MMSG-17999]
  2023-06-15 08:29:06.244 : IterationNum=38	[MsgId: MMSG-17999]
   USER 38 = user67:pwd67	[MsgId: MMSG-17999]
    2023-06-15 08:29:06.338 : Start page is opened	[MsgId: MMSG-17999]
    2023-06-15 08:29:11.950 : User is logged in with session 136638.294532199HAciDDcpcHftcVzQpQQDzf	[MsgId: MMSG-17999]
    2023-06-15 08:29:18.293 : User is logged out of session	[MsgId: MMSG-17999]
  2023-06-15 08:31:12.251 : IterationNum=39	[MsgId: MMSG-17999]
   USER 39 = user67:pwd67	[MsgId: MMSG-17999]
    2023-06-15 08:31:12.344 : Start page is opened	[MsgId: MMSG-17999]
    2023-06-15 08:31:17.876 : User is logged in with session 136638.304738761HAciDDcpitcVzQpQQzi	[MsgId: MMSG-17999]
    2023-06-15 08:31:23.842 : User is logged out of session	[MsgId: MMSG-17999]
  2023-06-15 08:33:18.261 : IterationNum=40	[MsgId: MMSG-17999]
   USER 40 = user67:pwd67	[MsgId: MMSG-17999]
    2023-06-15 08:33:18.354 : Start page is opened	[MsgId: MMSG-17999]
    2023-06-15 08:33:23.289 : User is logged in with session 136638.314945322HAciDDDpDcftcVzQpQQQQf	[MsgId: MMSG-17999]
    2023-06-15 08:33:27.304 : User is logged out of session	[MsgId: MMSG-17999]
  2023-06-15 08:35:24.264 : IterationNum=41	[MsgId: MMSG-17999]
   USER 41 = user67:pwd67	[MsgId: MMSG-17999]
    2023-06-15 08:35:24.357 : Start page is opened	[MsgId: MMSG-17999]
    2023-06-15 08:35:30.716 : User is logged in with session 136638.325151883HAciDDDpiftcVHApAADV	[MsgId: MMSG-17999]
    2023-06-15 08:35:35.779 : User is logged out of session	[MsgId: MMSG-17999]
  2023-06-15 08:37:30.274 : IterationNum=42	[MsgId: MMSG-17999]
   USER 42 = user67:pwd67	[MsgId: MMSG-17999]
    2023-06-15 08:37:30.369 : Start page is opened	[MsgId: MMSG-17999]
    2023-06-15 08:37:34.321 : User is logged in with session 136638.335358445HAciDDtpDHftcVHApAAzcf	[MsgId: MMSG-17999]
    2023-06-15 08:37:39.519 : User is logged out of session	[MsgId: MMSG-17999]
  2023-06-15 08:39:36.289 : IterationNum=43	[MsgId: MMSG-17999]
   USER 43 = user67:pwd67	[MsgId: MMSG-17999]
    2023-06-15 08:39:36.382 : Start page is opened	[MsgId: MMSG-17999]
    2023-06-15 08:39:42.386 : User is logged in with session 136638.345565006HAciDDtpQtcVHApAAQt	[MsgId: MMSG-17999]
    2023-06-15 08:39:48.604 : User is logged out of session	[MsgId: MMSG-17999]
  2023-06-15 08:41:42.302 : IterationNum=44	[MsgId: MMSG-17999]
   USER 44 = user67:pwd67	[MsgId: MMSG-17999]
    2023-06-15 08:41:42.395 : Start page is opened	[MsgId: MMSG-17999]
    2023-06-15 08:41:47.279 : User is logged in with session 136638.355771567HAciDDfptcftcVHApAVcff	[MsgId: MMSG-17999]
    2023-06-15 08:41:53.500 : User is logged out of session	[MsgId: MMSG-17999]
  2023-06-15 08:43:48.309 : IterationNum=45	[MsgId: MMSG-17999]
   USER 45 = user67:pwd67	[MsgId: MMSG-17999]
    2023-06-15 08:43:48.402 : Start page is opened	[MsgId: MMSG-17999]
    2023-06-15 08:43:53.770 : User is logged in with session 136638.365978129HAciDDfpQftcVHApAVfH	[MsgId: MMSG-17999]
    2023-06-15 08:43:58.768 : User is logged out of session	[MsgId: MMSG-17999]
  2023-06-15 08:45:54.321 : IterationNum=46	[MsgId: MMSG-17999]
   USER 46 = user67:pwd67	[MsgId: MMSG-17999]
    2023-06-15 08:45:54.411 : Start page is opened	[MsgId: MMSG-17999]
    2023-06-15 08:46:00.763 : User is logged in with session 136638.37618469HAciDDzptHftcVHApAViif	[MsgId: MMSG-17999]
    2023-06-15 08:46:05.035 : User is logged out of session	[MsgId: MMSG-17999]
  2023-06-15 08:48:00.332 : IterationNum=47	[MsgId: MMSG-17999]
   USER 47 = user67:pwd67	[MsgId: MMSG-17999]
    2023-06-15 08:48:00.424 : Start page is opened	[MsgId: MMSG-17999]
    2023-06-15 08:48:05.773 : User is logged in with session 136638.386391252HAciDDHtcVHApAcc	[MsgId: MMSG-17999]
    2023-06-15 08:48:10.741 : User is logged out of session	[MsgId: MMSG-17999]
