  2023-06-15 07:11:03.802 : IterationNum=1	[MsgId: MMSG-17999]
   USER 1 = user34:pwd34	[MsgId: MMSG-17999]
    2023-06-15 07:11:03.896 : Start page is opened	[MsgId: MMSG-17999]
    2023-06-15 07:11:07.850 : User is logged in with session 136637.915188335HAciDVcpHzcftcVzQpiHzfHf	[MsgId: MMSG-17999]
    2023-06-15 07:11:12.087 : Search page opened	[MsgId: MMSG-17999]
    2023-06-15 07:11:27.622 : Flights found : 271;730;06/18/2023 and 720;819;06/15/2023	[MsgId: MMSG-17999]
    2023-06-15 07:11:27.622 : Sity depart : London, Sity arrive : Seattle	[MsgId: MMSG-17999]
    2023-06-15 07:11:38.738 : Found Seat Type : Business, Seat Pref : Aisle	[MsgId: MMSG-17999]
    2023-06-15 07:11:44.389 : User is logged out of session	[MsgId: MMSG-17999]
  2023-06-15 07:13:43.808 : IterationNum=2	[MsgId: MMSG-17999]
   USER 2 = user35:pwd35	[MsgId: MMSG-17999]
    2023-06-15 07:13:43.901 : Start page is opened	[MsgId: MMSG-17999]
    2023-06-15 07:13:48.134 : User is logged in with session 136637.928149048HAciDVDptcQVzzzHtcVzQpiiAfHf	[MsgId: MMSG-17999]
    2023-06-15 07:13:54.048 : Search page opened	[MsgId: MMSG-17999]
    2023-06-15 07:14:09.709 : Flights found : 743;918;06/18/2023 and 472;1060;06/15/2023	[MsgId: MMSG-17999]
    2023-06-15 07:14:09.709 : Sity depart : Seattle, Sity arrive : Paris	[MsgId: MMSG-17999]
    2023-06-15 07:14:18.617 : Found Seat Type : First, Seat Pref : Aisle	[MsgId: MMSG-17999]
    2023-06-15 07:14:22.861 : User is logged out of session	[MsgId: MMSG-17999]
  2023-06-15 07:16:23.818 : IterationNum=3	[MsgId: MMSG-17999]
   USER 3 = user36:pwd36	[MsgId: MMSG-17999]
    2023-06-15 07:16:23.910 : Start page is opened	[MsgId: MMSG-17999]
    2023-06-15 07:16:29.056 : User is logged in with session 136637.941109761HAciDVtpAQfiDDDDtcVzQpiitfHf	[MsgId: MMSG-17999]
    2023-06-15 07:16:33.531 : Search page opened	[MsgId: MMSG-17999]
    2023-06-15 07:16:50.432 : Flights found : 162;407;06/18/2023 and 612;407;06/15/2023	[MsgId: MMSG-17999]
    2023-06-15 07:16:50.432 : Sity depart : Frankfurt, Sity arrive : San Francisco	[MsgId: MMSG-17999]
    2023-06-15 07:17:01.114 : Found Seat Type : Coach, Seat Pref : Window	[MsgId: MMSG-17999]
    2023-06-15 07:17:05.269 : User is logged out of session	[MsgId: MMSG-17999]
  2023-06-15 07:19:03.822 : IterationNum=4	[MsgId: MMSG-17999]
   USER 4 = user36:pwd36	[MsgId: MMSG-17999]
    2023-06-15 07:19:03.915 : Start page is opened	[MsgId: MMSG-17999]
    2023-06-15 07:19:08.437 : User is logged in with session 136637.954070474HAciDVtpHzcftcVzQpiiifHf	[MsgId: MMSG-17999]
    2023-06-15 07:19:12.738 : Search page opened	[MsgId: MMSG-17999]
           ERROR : Sity depart : Frankfurt Sity arrive : Frankfurt	[MsgId: MMSG-17999]
           ERROR FIXED : Sity depart : Frankfurt Sity arrive : San Francisco	[MsgId: MMSG-17999]
    2023-06-15 07:19:26.210 : Flights found : 160;808;06/18/2023 and 610;808;06/15/2023	[MsgId: MMSG-17999]
    2023-06-15 07:19:26.210 : Sity depart : Frankfurt, Sity arrive : San Francisco	[MsgId: MMSG-17999]
    2023-06-15 07:19:37.641 : Found Seat Type : First, Seat Pref : Window	[MsgId: MMSG-17999]
    2023-06-15 07:19:43.319 : User is logged out of session	[MsgId: MMSG-17999]
  2023-06-15 07:21:43.831 : IterationNum=5	[MsgId: MMSG-17999]
   USER 5 = user36:pwd36	[MsgId: MMSG-17999]
    2023-06-15 07:21:43.925 : Start page is opened	[MsgId: MMSG-17999]
    2023-06-15 07:21:47.951 : User is logged in with session 136637.967031187HAciDVfptcQVzzzHtcVzQpiQcfHf	[MsgId: MMSG-17999]
    2023-06-15 07:21:52.012 : Search page opened	[MsgId: MMSG-17999]
    2023-06-15 07:22:04.887 : Flights found : 362;82;06/18/2023 and 633;71;06/15/2023	[MsgId: MMSG-17999]
    2023-06-15 07:22:04.887 : Sity depart : Los Angeles, Sity arrive : San Francisco	[MsgId: MMSG-17999]
    2023-06-15 07:22:16.025 : Found Seat Type : Business, Seat Pref : None	[MsgId: MMSG-17999]
    2023-06-15 07:22:22.032 : User is logged out of session	[MsgId: MMSG-17999]
  2023-06-15 07:24:23.847 : IterationNum=6	[MsgId: MMSG-17999]
   USER 6 = user36:pwd36	[MsgId: MMSG-17999]
    2023-06-15 07:24:23.941 : Start page is opened	[MsgId: MMSG-17999]
    2023-06-15 07:24:29.604 : User is logged in with session 136637.9799919HAciDVzpAQfiDDDDtcVzQpiQzfHf	[MsgId: MMSG-17999]
    2023-06-15 07:24:34.738 : Search page opened	[MsgId: MMSG-17999]
    2023-06-15 07:24:52.456 : Flights found : 290;187;06/18/2023 and 920;187;06/15/2023	[MsgId: MMSG-17999]
    2023-06-15 07:24:52.456 : Sity depart : London, Sity arrive : Zurich	[MsgId: MMSG-17999]
    2023-06-15 07:25:04.781 : Found Seat Type : Coach, Seat Pref : Window	[MsgId: MMSG-17999]
    2023-06-15 07:25:09.919 : User is logged out of session	[MsgId: MMSG-17999]
  2023-06-15 07:27:03.852 : IterationNum=7	[MsgId: MMSG-17999]
   USER 7 = user36:pwd36	[MsgId: MMSG-17999]
    2023-06-15 07:27:03.947 : Start page is opened	[MsgId: MMSG-17999]
    2023-06-15 07:27:09.010 : User is logged in with session 136637.992952612HAciDVzpHzcftcVzQpQAAfHf	[MsgId: MMSG-17999]
    2023-06-15 07:27:15.149 : Search page opened	[MsgId: MMSG-17999]
    2023-06-15 07:27:26.954 : Flights found : 950;866;06/18/2023 and 592;819;06/15/2023	[MsgId: MMSG-17999]
    2023-06-15 07:27:26.954 : Sity depart : Zurich, Sity arrive : Portland	[MsgId: MMSG-17999]
    2023-06-15 07:27:35.409 : Found Seat Type : First, Seat Pref : Aisle	[MsgId: MMSG-17999]
    2023-06-15 07:27:39.360 : User is logged out of session	[MsgId: MMSG-17999]
  2023-06-15 07:29:43.856 : IterationNum=8	[MsgId: MMSG-17999]
   USER 8 = user36:pwd36	[MsgId: MMSG-17999]
    2023-06-15 07:29:43.950 : Start page is opened	[MsgId: MMSG-17999]
    2023-06-15 07:29:49.661 : User is logged in with session 136638.005913325HAciDVHptcQVzzzHtcVzQpQAtfHf	[MsgId: MMSG-17999]
    2023-06-15 07:29:54.198 : Search page opened	[MsgId: MMSG-17999]
           ERROR : Sity depart : Denver Sity arrive : Denver	[MsgId: MMSG-17999]
           ERROR FIXED : Sity depart : Denver Sity arrive : London	[MsgId: MMSG-17999]
    2023-06-15 07:30:10.608 : Flights found : 022;600;06/18/2023 and 200;635;06/15/2023	[MsgId: MMSG-17999]
    2023-06-15 07:30:10.608 : Sity depart : Denver, Sity arrive : London	[MsgId: MMSG-17999]
    2023-06-15 07:30:21.846 : Found Seat Type : First, Seat Pref : Window	[MsgId: MMSG-17999]
    2023-06-15 07:30:26.623 : User is logged out of session	[MsgId: MMSG-17999]
  2023-06-15 07:32:23.863 : IterationNum=9	[MsgId: MMSG-17999]
   USER 9 = user36:pwd36	[MsgId: MMSG-17999]
    2023-06-15 07:32:23.955 : Start page is opened	[MsgId: MMSG-17999]
    2023-06-15 07:32:29.503 : User is logged in with session 136638.018874038HAciDVipAQfiDDDDtcVzQpQAifHf	[MsgId: MMSG-17999]
    2023-06-15 07:32:35.319 : Search page opened	[MsgId: MMSG-17999]
    2023-06-15 07:32:49.592 : Flights found : 342;601;06/18/2023 and 433;520;06/15/2023	[MsgId: MMSG-17999]
    2023-06-15 07:32:49.592 : Sity depart : Los Angeles, Sity arrive : Paris	[MsgId: MMSG-17999]
    2023-06-15 07:32:58.600 : Found Seat Type : Business, Seat Pref : None	[MsgId: MMSG-17999]
    2023-06-15 07:33:04.281 : User is logged out of session	[MsgId: MMSG-17999]
  2023-06-15 07:35:03.864 : IterationNum=10	[MsgId: MMSG-17999]
   USER 10 = user36:pwd36	[MsgId: MMSG-17999]
    2023-06-15 07:35:03.959 : Start page is opened	[MsgId: MMSG-17999]
    2023-06-15 07:35:09.202 : User is logged in with session 136638.031834751HAciDVipHzcftcVzQpQVcfHf	[MsgId: MMSG-17999]
    2023-06-15 07:35:15.332 : Search page opened	[MsgId: MMSG-17999]
    2023-06-15 07:35:27.761 : Flights found : 240;204;06/18/2023 and 423;167;06/15/2023	[MsgId: MMSG-17999]
    2023-06-15 07:35:27.761 : Sity depart : London, Sity arrive : Paris	[MsgId: MMSG-17999]
    2023-06-15 07:35:38.217 : Found Seat Type : First, Seat Pref : Window	[MsgId: MMSG-17999]
    2023-06-15 07:35:43.933 : User is logged out of session	[MsgId: MMSG-17999]
  2023-06-15 07:37:43.872 : IterationNum=11	[MsgId: MMSG-17999]
   USER 11 = user36:pwd36	[MsgId: MMSG-17999]
    2023-06-15 07:37:43.967 : Start page is opened	[MsgId: MMSG-17999]
    2023-06-15 07:37:48.024 : User is logged in with session 136638.044795464HAciDVQptcQVzzzHtcVzQpQVzfHf	[MsgId: MMSG-17999]
    2023-06-15 07:37:53.555 : Search page opened	[MsgId: MMSG-17999]
    2023-06-15 07:38:08.511 : Flights found : 530;371;06/18/2023 and 352;351;06/15/2023	[MsgId: MMSG-17999]
    2023-06-15 07:38:08.511 : Sity depart : Portland, Sity arrive : Los Angeles	[MsgId: MMSG-17999]
    2023-06-15 07:38:20.409 : Found Seat Type : First, Seat Pref : Window	[MsgId: MMSG-17999]
    2023-06-15 07:38:25.724 : User is logged out of session	[MsgId: MMSG-17999]
  2023-06-15 07:40:23.887 : IterationNum=12	[MsgId: MMSG-17999]
   USER 12 = user36:pwd36	[MsgId: MMSG-17999]
    2023-06-15 07:40:23.981 : Start page is opened	[MsgId: MMSG-17999]
    2023-06-15 07:40:28.555 : User is logged in with session 136638.057756177HAciDcApAQfiDDDDtcVzQpQcAfHf	[MsgId: MMSG-17999]
    2023-06-15 07:40:33.508 : Search page opened	[MsgId: MMSG-17999]
    2023-06-15 07:40:51.804 : Flights found : 513;261;06/18/2023 and 150;320;06/15/2023	[MsgId: MMSG-17999]
    2023-06-15 07:40:51.804 : Sity depart : Portland, Sity arrive : Frankfurt	[MsgId: MMSG-17999]
    2023-06-15 07:41:02.658 : Found Seat Type : Coach, Seat Pref : Window	[MsgId: MMSG-17999]
    2023-06-15 07:41:08.226 : User is logged out of session	[MsgId: MMSG-17999]
  2023-06-15 07:43:03.897 : IterationNum=13	[MsgId: MMSG-17999]
   USER 13 = user36:pwd36	[MsgId: MMSG-17999]
    2023-06-15 07:43:03.989 : Start page is opened	[MsgId: MMSG-17999]
    2023-06-15 07:43:09.688 : User is logged in with session 136638.070716889HAciDcApHzcftcVzQpQctfHf	[MsgId: MMSG-17999]
    2023-06-15 07:43:15.351 : Search page opened	[MsgId: MMSG-17999]
    2023-06-15 07:43:27.466 : Flights found : 091;703;06/18/2023 and 903;646;06/15/2023	[MsgId: MMSG-17999]
    2023-06-15 07:43:27.466 : Sity depart : Denver, Sity arrive : Zurich	[MsgId: MMSG-17999]
    2023-06-15 07:43:36.634 : Found Seat Type : First, Seat Pref : Aisle	[MsgId: MMSG-17999]
    2023-06-15 07:43:41.331 : User is logged out of session	[MsgId: MMSG-17999]
  2023-06-15 07:45:43.903 : IterationNum=14	[MsgId: MMSG-17999]
   USER 14 = user36:pwd36	[MsgId: MMSG-17999]
    2023-06-15 07:45:43.994 : Start page is opened	[MsgId: MMSG-17999]
    2023-06-15 07:45:48.064 : User is logged in with session 136638.083677602HAciDcVptcQVzzzHtcVzQpQcifHf	[MsgId: MMSG-17999]
    2023-06-15 07:45:53.247 : Search page opened	[MsgId: MMSG-17999]
    2023-06-15 07:46:06.023 : Flights found : 391;670;06/18/2023 and 932;614;06/15/2023	[MsgId: MMSG-17999]
    2023-06-15 07:46:06.023 : Sity depart : Los Angeles, Sity arrive : Zurich	[MsgId: MMSG-17999]
    2023-06-15 07:46:13.710 : Found Seat Type : First, Seat Pref : Aisle	[MsgId: MMSG-17999]
    2023-06-15 07:46:19.420 : User is logged out of session	[MsgId: MMSG-17999]
  2023-06-15 07:48:23.914 : IterationNum=15	[MsgId: MMSG-17999]
   USER 15 = user36:pwd36	[MsgId: MMSG-17999]
    2023-06-15 07:48:24.007 : Start page is opened	[MsgId: MMSG-17999]
    2023-06-15 07:48:29.423 : User is logged in with session 136638.096638315HAciDccpAQfiDDDDtcVzQpQDcfHf	[MsgId: MMSG-17999]
    2023-06-15 07:48:34.357 : Search page opened	[MsgId: MMSG-17999]
    2023-06-15 07:48:48.490 : Flights found : 252;984;06/18/2023 and 523;852;06/15/2023	[MsgId: MMSG-17999]
    2023-06-15 07:48:48.490 : Sity depart : London, Sity arrive : Portland	[MsgId: MMSG-17999]
    2023-06-15 07:48:56.987 : Found Seat Type : First, Seat Pref : None	[MsgId: MMSG-17999]
    2023-06-15 07:49:01.595 : User is logged out of session	[MsgId: MMSG-17999]
  2023-06-15 07:51:03.914 : IterationNum=16	[MsgId: MMSG-17999]
   USER 16 = user36:pwd36	[MsgId: MMSG-17999]
    2023-06-15 07:51:04.007 : Start page is opened	[MsgId: MMSG-17999]
    2023-06-15 07:51:08.453 : User is logged in with session 136638.109599028HAciDccpHzcftcVzQpQDzfHf	[MsgId: MMSG-17999]
    2023-06-15 07:51:13.725 : Search page opened	[MsgId: MMSG-17999]
           ERROR : Sity depart : London Sity arrive : London	[MsgId: MMSG-17999]
           ERROR FIXED : Sity depart : London Sity arrive : Zurich	[MsgId: MMSG-17999]
    2023-06-15 07:51:28.904 : Flights found : 292;256;06/18/2023 and 920;271;06/15/2023	[MsgId: MMSG-17999]
    2023-06-15 07:51:28.905 : Sity depart : London, Sity arrive : Zurich	[MsgId: MMSG-17999]
    2023-06-15 07:51:39.988 : Found Seat Type : Business, Seat Pref : None	[MsgId: MMSG-17999]
    2023-06-15 07:51:45.414 : User is logged out of session	[MsgId: MMSG-17999]
  2023-06-15 07:53:43.927 : IterationNum=17	[MsgId: MMSG-17999]
   USER 17 = user36:pwd36	[MsgId: MMSG-17999]
    2023-06-15 07:53:44.021 : Start page is opened	[MsgId: MMSG-17999]
    2023-06-15 07:53:49.021 : User is logged in with session 136638.122559741HAciDcDptcQVzzzHtcVzQpQtAfHf	[MsgId: MMSG-17999]
    2023-06-15 07:53:54.017 : Search page opened	[MsgId: MMSG-17999]
    2023-06-15 07:54:06.443 : Flights found : 400;657;06/18/2023 and 040;657;06/15/2023	[MsgId: MMSG-17999]
    2023-06-15 07:54:06.443 : Sity depart : Paris, Sity arrive : Denver	[MsgId: MMSG-17999]
    2023-06-15 07:54:14.336 : Found Seat Type : First, Seat Pref : Window	[MsgId: MMSG-17999]
    2023-06-15 07:54:19.846 : User is logged out of session	[MsgId: MMSG-17999]
  2023-06-15 07:56:23.941 : IterationNum=18	[MsgId: MMSG-17999]
   USER 18 = user36:pwd36	[MsgId: MMSG-17999]
    2023-06-15 07:56:24.033 : Start page is opened	[MsgId: MMSG-17999]
    2023-06-15 07:56:30.293 : User is logged in with session 136638.135520454HAciDctpAQfiDDDDtcVzQpQttfHf	[MsgId: MMSG-17999]
    2023-06-15 07:56:34.242 : Search page opened	[MsgId: MMSG-17999]
    2023-06-15 07:56:46.003 : Flights found : 321;1291;06/18/2023 and 230;1449;06/15/2023	[MsgId: MMSG-17999]
    2023-06-15 07:56:46.003 : Sity depart : Los Angeles, Sity arrive : London	[MsgId: MMSG-17999]
    2023-06-15 07:56:56.218 : Found Seat Type : First, Seat Pref : Window	[MsgId: MMSG-17999]
    2023-06-15 07:57:02.168 : User is logged out of session	[MsgId: MMSG-17999]
  2023-06-15 07:59:03.955 : IterationNum=19	[MsgId: MMSG-17999]
   USER 19 = user36:pwd36	[MsgId: MMSG-17999]
    2023-06-15 07:59:04.048 : Start page is opened	[MsgId: MMSG-17999]
    2023-06-15 07:59:10.008 : User is logged in with session 136638.148481166HAciDctpHzcftcVzQpQtifHf	[MsgId: MMSG-17999]
    2023-06-15 07:59:14.139 : Search page opened	[MsgId: MMSG-17999]
           ERROR : Sity depart : London Sity arrive : London	[MsgId: MMSG-17999]
           ERROR FIXED : Sity depart : London Sity arrive : London	[MsgId: MMSG-17999]
           ERROR FIXED : Sity depart : London Sity arrive : Frankfurt	[MsgId: MMSG-17999]
    2023-06-15 07:59:29.445 : Flights found : 212;471;06/18/2023 and 120;499;06/15/2023	[MsgId: MMSG-17999]
    2023-06-15 07:59:29.445 : Sity depart : London, Sity arrive : Frankfurt	[MsgId: MMSG-17999]
    2023-06-15 07:59:39.356 : Found Seat Type : First, Seat Pref : None	[MsgId: MMSG-17999]
    2023-06-15 07:59:43.378 : User is logged out of session	[MsgId: MMSG-17999]
  2023-06-15 08:01:43.961 : IterationNum=20	[MsgId: MMSG-17999]
   USER 20 = user36:pwd36	[MsgId: MMSG-17999]
    2023-06-15 08:01:44.055 : Start page is opened	[MsgId: MMSG-17999]
    2023-06-15 08:01:48.923 : User is logged in with session 136638.161441879HAciDcfptcQVzzzHtcVzQpQfcfHf	[MsgId: MMSG-17999]
    2023-06-15 08:01:53.196 : Search page opened	[MsgId: MMSG-17999]
    2023-06-15 08:02:07.716 : Flights found : 671;112;06/18/2023 and 761;112;06/15/2023	[MsgId: MMSG-17999]
    2023-06-15 08:02:07.716 : Sity depart : San Francisco, Sity arrive : Seattle	[MsgId: MMSG-17999]
    2023-06-15 08:02:17.660 : Found Seat Type : Business, Seat Pref : Window	[MsgId: MMSG-17999]
    2023-06-15 08:02:23.154 : User is logged out of session	[MsgId: MMSG-17999]
  2023-06-15 08:04:23.967 : IterationNum=21	[MsgId: MMSG-17999]
   USER 21 = user36:pwd36	[MsgId: MMSG-17999]
    2023-06-15 08:04:24.060 : Start page is opened	[MsgId: MMSG-17999]
    2023-06-15 08:04:28.805 : User is logged in with session 136638.174483597HAciDczpVtcVzQpQfzz	[MsgId: MMSG-17999]
    2023-06-15 08:04:33.914 : Search page opened	[MsgId: MMSG-17999]
    2023-06-15 08:04:49.270 : Flights found : 042;331;06/18/2023 and 400;350;06/15/2023	[MsgId: MMSG-17999]
    2023-06-15 08:04:49.270 : Sity depart : Denver, Sity arrive : Paris	[MsgId: MMSG-17999]
    2023-06-15 08:04:58.199 : Found Seat Type : Coach, Seat Pref : None	[MsgId: MMSG-17999]
    2023-06-15 08:05:04.100 : User is logged out of session	[MsgId: MMSG-17999]
  2023-06-15 08:07:03.973 : IterationNum=22	[MsgId: MMSG-17999]
   USER 22 = user36:pwd36	[MsgId: MMSG-17999]
    2023-06-15 08:07:04.066 : Start page is opened	[MsgId: MMSG-17999]
    2023-06-15 08:07:08.342 : User is logged in with session 136638.187444309HAciDczpHzzzzzzHtcVzQpQzAz	[MsgId: MMSG-17999]
    2023-06-15 08:07:13.233 : Search page opened	[MsgId: MMSG-17999]
    2023-06-15 08:07:29.666 : Flights found : 090;610;06/18/2023 and 901;544;06/15/2023	[MsgId: MMSG-17999]
    2023-06-15 08:07:29.666 : Sity depart : Denver, Sity arrive : Zurich	[MsgId: MMSG-17999]
    2023-06-15 08:07:40.759 : Found Seat Type : Business, Seat Pref : None	[MsgId: MMSG-17999]
    2023-06-15 08:07:44.913 : User is logged out of session	[MsgId: MMSG-17999]
  2023-06-15 08:09:43.974 : IterationNum=23	[MsgId: MMSG-17999]
   USER 23 = user36:pwd36	[MsgId: MMSG-17999]
    2023-06-15 08:09:44.066 : Start page is opened	[MsgId: MMSG-17999]
    2023-06-15 08:09:49.296 : User is logged in with session 136638.200405022HAciDcHptDDDDDDDtcVzQpQztz	[MsgId: MMSG-17999]
    2023-06-15 08:09:54.136 : Search page opened	[MsgId: MMSG-17999]
    2023-06-15 08:10:08.603 : Flights found : 872;1421;06/18/2023 and 782;1421;06/15/2023	[MsgId: MMSG-17999]
    2023-06-15 08:10:08.603 : Sity depart : Sydney, Sity arrive : Seattle	[MsgId: MMSG-17999]
    2023-06-15 08:10:18.052 : Found Seat Type : First, Seat Pref : None	[MsgId: MMSG-17999]
    2023-06-15 08:10:22.295 : User is logged out of session	[MsgId: MMSG-17999]
  2023-06-15 08:12:23.976 : IterationNum=24	[MsgId: MMSG-17999]
   USER 24 = user36:pwd36	[MsgId: MMSG-17999]
    2023-06-15 08:12:24.070 : Start page is opened	[MsgId: MMSG-17999]
    2023-06-15 08:12:29.788 : User is logged in with session 136638.213365735HAciDcipVtcVzQpQziz	[MsgId: MMSG-17999]
    2023-06-15 08:12:34.591 : Search page opened	[MsgId: MMSG-17999]
    2023-06-15 08:12:47.228 : Flights found : 700;424;06/18/2023 and 072;401;06/15/2023	[MsgId: MMSG-17999]
    2023-06-15 08:12:47.228 : Sity depart : Seattle, Sity arrive : Denver	[MsgId: MMSG-17999]
    2023-06-15 08:12:55.634 : Found Seat Type : Business, Seat Pref : Aisle	[MsgId: MMSG-17999]
    2023-06-15 08:12:59.622 : User is logged out of session	[MsgId: MMSG-17999]
  2023-06-15 08:15:03.990 : IterationNum=25	[MsgId: MMSG-17999]
   USER 25 = user36:pwd36	[MsgId: MMSG-17999]
    2023-06-15 08:15:04.082 : Start page is opened	[MsgId: MMSG-17999]
    2023-06-15 08:15:10.099 : User is logged in with session 136638.226326448HAciDcipHzzzzzzHtcVzQpQHcz	[MsgId: MMSG-17999]
    2023-06-15 08:15:15.057 : Search page opened	[MsgId: MMSG-17999]
    2023-06-15 08:15:26.789 : Flights found : 832;633;06/18/2023 and 381;596;06/15/2023	[MsgId: MMSG-17999]
    2023-06-15 08:15:26.789 : Sity depart : Sydney, Sity arrive : Los Angeles	[MsgId: MMSG-17999]
    2023-06-15 08:15:36.236 : Found Seat Type : Coach, Seat Pref : None	[MsgId: MMSG-17999]
    2023-06-15 08:15:41.998 : User is logged out of session	[MsgId: MMSG-17999]
  2023-06-15 08:17:44.003 : IterationNum=26	[MsgId: MMSG-17999]
   USER 26 = user36:pwd36	[MsgId: MMSG-17999]
    2023-06-15 08:17:44.095 : Start page is opened	[MsgId: MMSG-17999]
    2023-06-15 08:17:49.385 : User is logged in with session 136638.239287161HAciDcQptDDDDDDDtcVzQpQHzz	[MsgId: MMSG-17999]
    2023-06-15 08:17:54.769 : Search page opened	[MsgId: MMSG-17999]
    2023-06-15 08:18:09.437 : Flights found : 723;867;06/18/2023 and 273;867;06/15/2023	[MsgId: MMSG-17999]
    2023-06-15 08:18:09.437 : Sity depart : Seattle, Sity arrive : London	[MsgId: MMSG-17999]
    2023-06-15 08:18:18.563 : Found Seat Type : First, Seat Pref : Aisle	[MsgId: MMSG-17999]
    2023-06-15 08:18:24.924 : User is logged out of session	[MsgId: MMSG-17999]
  2023-06-15 08:20:24.003 : IterationNum=27	[MsgId: MMSG-17999]
   USER 27 = user36:pwd36	[MsgId: MMSG-17999]
    2023-06-15 08:20:24.095 : Start page is opened	[MsgId: MMSG-17999]
    2023-06-15 08:20:28.492 : User is logged in with session 136638.252247874HAciDDApVtcVzQpQiAz	[MsgId: MMSG-17999]
    2023-06-15 08:20:32.937 : Search page opened	[MsgId: MMSG-17999]
    2023-06-15 08:20:50.765 : Flights found : 232;731;06/18/2023 and 322;731;06/15/2023	[MsgId: MMSG-17999]
    2023-06-15 08:20:50.765 : Sity depart : London, Sity arrive : Los Angeles	[MsgId: MMSG-17999]
    2023-06-15 08:21:00.323 : Found Seat Type : Coach, Seat Pref : None	[MsgId: MMSG-17999]
    2023-06-15 08:21:04.735 : User is logged out of session	[MsgId: MMSG-17999]
  2023-06-15 08:23:04.004 : IterationNum=28	[MsgId: MMSG-17999]
   USER 28 = user36:pwd36	[MsgId: MMSG-17999]
    2023-06-15 08:23:04.098 : Start page is opened	[MsgId: MMSG-17999]
    2023-06-15 08:23:08.855 : User is logged in with session 136638.265208586HAciDDApHzzzzzzHtcVzQpQitz	[MsgId: MMSG-17999]
    2023-06-15 08:23:15.229 : Search page opened	[MsgId: MMSG-17999]
    2023-06-15 08:23:26.939 : Flights found : 541;553;06/18/2023 and 453;508;06/15/2023	[MsgId: MMSG-17999]
    2023-06-15 08:23:26.940 : Sity depart : Portland, Sity arrive : Paris	[MsgId: MMSG-17999]
    2023-06-15 08:23:37.218 : Found Seat Type : Coach, Seat Pref : None	[MsgId: MMSG-17999]
    2023-06-15 08:23:41.856 : User is logged out of session	[MsgId: MMSG-17999]
  2023-06-15 08:25:44.008 : IterationNum=29	[MsgId: MMSG-17999]
   USER 29 = user36:pwd36	[MsgId: MMSG-17999]
    2023-06-15 08:25:44.101 : Start page is opened	[MsgId: MMSG-17999]
    2023-06-15 08:25:50.225 : User is logged in with session 136638.278169299HAciDDVptDDDDDDDtcVzQpQiiz	[MsgId: MMSG-17999]
    2023-06-15 08:25:55.691 : Search page opened	[MsgId: MMSG-17999]
    2023-06-15 08:26:14.072 : Flights found : 512;567;06/18/2023 and 152;567;06/15/2023	[MsgId: MMSG-17999]
    2023-06-15 08:26:14.072 : Sity depart : Portland, Sity arrive : Frankfurt	[MsgId: MMSG-17999]
    2023-06-15 08:26:21.893 : Found Seat Type : First, Seat Pref : Window	[MsgId: MMSG-17999]
    2023-06-15 08:26:26.679 : User is logged out of session	[MsgId: MMSG-17999]
  2023-06-15 08:28:24.009 : IterationNum=30	[MsgId: MMSG-17999]
   USER 30 = user36:pwd36	[MsgId: MMSG-17999]
    2023-06-15 08:28:24.103 : Start page is opened	[MsgId: MMSG-17999]
    2023-06-15 08:28:30.223 : User is logged in with session 136638.291130012HAciDDcpVtcVzQpQQcz	[MsgId: MMSG-17999]
    2023-06-15 08:28:35.016 : Search page opened	[MsgId: MMSG-17999]
    2023-06-15 08:28:51.718 : Flights found : 761;77;06/18/2023 and 671;77;06/15/2023	[MsgId: MMSG-17999]
    2023-06-15 08:28:51.718 : Sity depart : Seattle, Sity arrive : San Francisco	[MsgId: MMSG-17999]
    2023-06-15 08:29:00.215 : Found Seat Type : Coach, Seat Pref : Aisle	[MsgId: MMSG-17999]
    2023-06-15 08:29:06.141 : User is logged out of session	[MsgId: MMSG-17999]
  2023-06-15 08:31:04.019 : IterationNum=31	[MsgId: MMSG-17999]
   USER 31 = user36:pwd36	[MsgId: MMSG-17999]
    2023-06-15 08:31:04.114 : Start page is opened	[MsgId: MMSG-17999]
    2023-06-15 08:31:08.734 : User is logged in with session 136638.304090725HAciDDcpHzzzzzzHtcVzQpQQzz	[MsgId: MMSG-17999]
    2023-06-15 08:31:13.869 : Search page opened	[MsgId: MMSG-17999]
    2023-06-15 08:31:29.364 : Flights found : 460;622;06/18/2023 and 641;554;06/15/2023	[MsgId: MMSG-17999]
    2023-06-15 08:31:29.364 : Sity depart : Paris, Sity arrive : San Francisco	[MsgId: MMSG-17999]
    2023-06-15 08:31:40.212 : Found Seat Type : Coach, Seat Pref : Aisle	[MsgId: MMSG-17999]
    2023-06-15 08:31:45.597 : User is logged out of session	[MsgId: MMSG-17999]
  2023-06-15 08:33:44.024 : IterationNum=32	[MsgId: MMSG-17999]
   USER 32 = user36:pwd36	[MsgId: MMSG-17999]
    2023-06-15 08:33:44.116 : Start page is opened	[MsgId: MMSG-17999]
    2023-06-15 08:33:49.347 : User is logged in with session 136638.317051438HAciDDDptDDDDDDDtcVHApAAAz	[MsgId: MMSG-17999]
    2023-06-15 08:33:54.329 : Search page opened	[MsgId: MMSG-17999]
    2023-06-15 08:34:08.058 : Flights found : 073;239;06/18/2023 and 700;292;06/15/2023	[MsgId: MMSG-17999]
    2023-06-15 08:34:08.058 : Sity depart : Denver, Sity arrive : Seattle	[MsgId: MMSG-17999]
    2023-06-15 08:34:16.117 : Found Seat Type : Coach, Seat Pref : None	[MsgId: MMSG-17999]
    2023-06-15 08:34:21.616 : User is logged out of session	[MsgId: MMSG-17999]
  2023-06-15 08:36:24.030 : IterationNum=33	[MsgId: MMSG-17999]
   USER 33 = user36:pwd36	[MsgId: MMSG-17999]
    2023-06-15 08:36:24.125 : Start page is opened	[MsgId: MMSG-17999]
    2023-06-15 08:36:29.799 : User is logged in with session 136638.330012151HAciDDtpVtcVHApAAtz	[MsgId: MMSG-17999]
    2023-06-15 08:36:35.656 : Search page opened	[MsgId: MMSG-17999]
    2023-06-15 08:36:52.847 : Flights found : 802;1085;06/18/2023 and 083;939;06/15/2023	[MsgId: MMSG-17999]
    2023-06-15 08:36:52.847 : Sity depart : Sydney, Sity arrive : Denver	[MsgId: MMSG-17999]
    2023-06-15 08:37:00.962 : Found Seat Type : Business, Seat Pref : Aisle	[MsgId: MMSG-17999]
    2023-06-15 08:37:06.428 : User is logged out of session	[MsgId: MMSG-17999]
  2023-06-15 08:39:04.042 : IterationNum=34	[MsgId: MMSG-17999]
   USER 34 = user36:pwd36	[MsgId: MMSG-17999]
    2023-06-15 08:39:04.135 : Start page is opened	[MsgId: MMSG-17999]
    2023-06-15 08:39:08.472 : User is logged in with session 136638.342972863HAciDDtpHzzzzzzHtcVHApAAiz	[MsgId: MMSG-17999]
    2023-06-15 08:39:13.308 : Search page opened	[MsgId: MMSG-17999]
    2023-06-15 08:39:28.239 : Flights found : 692;666;06/18/2023 and 962;666;06/15/2023	[MsgId: MMSG-17999]
    2023-06-15 08:39:28.239 : Sity depart : San Francisco, Sity arrive : Zurich	[MsgId: MMSG-17999]
    2023-06-15 08:39:39.481 : Found Seat Type : First, Seat Pref : None	[MsgId: MMSG-17999]
    2023-06-15 08:39:44.927 : User is logged out of session	[MsgId: MMSG-17999]
  2023-06-15 08:41:44.050 : IterationNum=35	[MsgId: MMSG-17999]
   USER 35 = user36:pwd36	[MsgId: MMSG-17999]
    2023-06-15 08:41:44.145 : Start page is opened	[MsgId: MMSG-17999]
    2023-06-15 08:41:50.428 : User is logged in with session 136638.355933576HAciDDfptDDDDDDDtcVHApAVcz	[MsgId: MMSG-17999]
    2023-06-15 08:41:55.355 : Search page opened	[MsgId: MMSG-17999]
    2023-06-15 08:42:11.153 : Flights found : 540;621;06/18/2023 and 451;553;06/15/2023	[MsgId: MMSG-17999]
    2023-06-15 08:42:11.153 : Sity depart : Portland, Sity arrive : Paris	[MsgId: MMSG-17999]
    2023-06-15 08:42:22.261 : Found Seat Type : Coach, Seat Pref : None	[MsgId: MMSG-17999]
    2023-06-15 08:42:27.079 : User is logged out of session	[MsgId: MMSG-17999]
  2023-06-15 08:44:24.050 : IterationNum=36	[MsgId: MMSG-17999]
   USER 36 = user36:pwd36	[MsgId: MMSG-17999]
    2023-06-15 08:44:24.143 : Start page is opened	[MsgId: MMSG-17999]
    2023-06-15 08:44:29.546 : User is logged in with session 136638.368894289HAciDDzpVtcVHApAVzz	[MsgId: MMSG-17999]
    2023-06-15 08:44:35.753 : Search page opened	[MsgId: MMSG-17999]
    2023-06-15 08:44:47.331 : Flights found : 323;632;06/18/2023 and 232;731;06/15/2023	[MsgId: MMSG-17999]
    2023-06-15 08:44:47.331 : Sity depart : Los Angeles, Sity arrive : London	[MsgId: MMSG-17999]
    2023-06-15 08:44:59.365 : Found Seat Type : Coach, Seat Pref : None	[MsgId: MMSG-17999]
    2023-06-15 08:45:04.114 : User is logged out of session	[MsgId: MMSG-17999]
  2023-06-15 08:47:04.066 : IterationNum=37	[MsgId: MMSG-17999]
   USER 37 = user36:pwd36	[MsgId: MMSG-17999]
    2023-06-15 08:47:04.173 : Start page is opened	[MsgId: MMSG-17999]
    2023-06-15 08:47:09.121 : User is logged in with session 136638.381855002HAciDDzpHzzzzzzHtcVHApAcAz	[MsgId: MMSG-17999]
    2023-06-15 08:47:14.747 : Search page opened	[MsgId: MMSG-17999]
    2023-06-15 08:47:33.157 : Flights found : 743;918;06/18/2023 and 473;918;06/15/2023	[MsgId: MMSG-17999]
    2023-06-15 08:47:33.157 : Sity depart : Seattle, Sity arrive : Paris	[MsgId: MMSG-17999]
    2023-06-15 08:47:41.108 : Found Seat Type : First, Seat Pref : Window	[MsgId: MMSG-17999]
    2023-06-15 08:47:47.047 : User is logged out of session	[MsgId: MMSG-17999]
