  2023-06-15 08:10:53.851 : IterationNum=1	[MsgId: MMSG-17999]
   USER 1 = user12:pwd12	[MsgId: MMSG-17999]
    2023-06-15 08:10:53.940 : Start page is opened	[MsgId: MMSG-17999]
    2023-06-15 08:11:00.065 : User is logged in with session 136638.20599433HAciDcHpHcAiDDDDtcVzQpQzzDcf	[MsgId: MMSG-17999]
    2023-06-15 08:11:05.600 : Search page opened	[MsgId: MMSG-17999]
    2023-06-15 08:11:18.831 : Flights found : 803;1215;06/18/2023 and 081;1323;06/15/2023	[MsgId: MMSG-17999]
    2023-06-15 08:11:18.831 : Sity depart : Sydney, Sity arrive : Denver	[MsgId: MMSG-17999]
    2023-06-15 08:11:27.547 : Found Seat Type : First, Seat Pref : Aisle	[MsgId: MMSG-17999]
    2023-06-15 08:11:45.251 : Booking is complect	[MsgId: MMSG-17999]
    2023-06-15 08:11:50.459 : Go to Home Page is complete	[MsgId: MMSG-17999]
    2023-06-15 08:11:55.306 : Booking is created : 2422519674-831733-up	[MsgId: MMSG-17999]
    2023-06-15 08:12:04.263 : Booking (2422519674-831733-up) is deleted	[MsgId: MMSG-17999]
    2023-06-15 08:12:10.124 : User is logged out of session	[MsgId: MMSG-17999]
  2023-06-15 08:22:53.859 : IterationNum=2	[MsgId: MMSG-17999]
   USER 2 = user13:pwd13	[MsgId: MMSG-17999]
    2023-06-15 08:22:53.952 : Start page is opened	[MsgId: MMSG-17999]
    2023-06-15 08:22:58.468 : User is logged in with session 136638.264317537HAciDDApHcAiDDDDtcVzQpQitDcf	[MsgId: MMSG-17999]
    2023-06-15 08:23:02.902 : Search page opened	[MsgId: MMSG-17999]
    2023-06-15 08:23:19.250 : Flights found : 963;307;06/18/2023 and 692;355;06/15/2023	[MsgId: MMSG-17999]
    2023-06-15 08:23:19.250 : Sity depart : Zurich, Sity arrive : San Francisco	[MsgId: MMSG-17999]
    2023-06-15 08:23:30.336 : Found Seat Type : Coach, Seat Pref : None	[MsgId: MMSG-17999]
    2023-06-15 08:23:48.964 : Booking is complect	[MsgId: MMSG-17999]
    2023-06-15 08:23:53.734 : Go to Home Page is complete	[MsgId: MMSG-17999]
    2023-06-15 08:23:58.607 : Booking is created : 211887529-130204-up	[MsgId: MMSG-17999]
    2023-06-15 08:24:07.435 : Booking (211887529-130204-up) is deleted	[MsgId: MMSG-17999]
    2023-06-15 08:24:13.398 : User is logged out of session	[MsgId: MMSG-17999]
  2023-06-15 08:34:53.864 : IterationNum=3	[MsgId: MMSG-17999]
   USER 3 = user14:pwd14	[MsgId: MMSG-17999]
    2023-06-15 08:34:53.957 : Start page is opened	[MsgId: MMSG-17999]
    2023-06-15 08:34:59.372 : User is logged in with session 136638.322640745HAciDDDpHcAiDDDDtcVHApAAcDcf	[MsgId: MMSG-17999]
    2023-06-15 08:35:03.664 : Search page opened	[MsgId: MMSG-17999]
    2023-06-15 08:35:15.750 : Flights found : 411;166;06/18/2023 and 143;152;06/15/2023	[MsgId: MMSG-17999]
    2023-06-15 08:35:15.750 : Sity depart : Paris, Sity arrive : Frankfurt	[MsgId: MMSG-17999]
    2023-06-15 08:35:27.848 : Found Seat Type : Business, Seat Pref : None	[MsgId: MMSG-17999]
    2023-06-15 08:35:42.396 : Booking is complect	[MsgId: MMSG-17999]
    2023-06-15 08:35:46.820 : Go to Home Page is complete	[MsgId: MMSG-17999]
    2023-06-15 08:35:52.422 : Booking is created : 320015228-87947-up	[MsgId: MMSG-17999]
    2023-06-15 08:36:03.268 : Booking (320015228-87947-up) is deleted	[MsgId: MMSG-17999]
    2023-06-15 08:36:07.468 : User is logged out of session	[MsgId: MMSG-17999]
  2023-06-15 08:46:53.869 : IterationNum=4	[MsgId: MMSG-17999]
   USER 4 = user15:pwd15	[MsgId: MMSG-17999]
    2023-06-15 08:46:53.964 : Start page is opened	[MsgId: MMSG-17999]
    2023-06-15 08:46:59.335 : User is logged in with session 136638.380963953HAciDDzpHcAiDDDDtcVHApAcADcf	[MsgId: MMSG-17999]
    2023-06-15 08:47:04.314 : Search page opened	[MsgId: MMSG-17999]
    2023-06-15 08:47:19.146 : Flights found : 310;328;06/18/2023 and 130;472;06/15/2023	[MsgId: MMSG-17999]
    2023-06-15 08:47:19.146 : Sity depart : Los Angeles, Sity arrive : Frankfurt	[MsgId: MMSG-17999]
    2023-06-15 08:47:30.087 : Found Seat Type : Business, Seat Pref : Window	[MsgId: MMSG-17999]
    2023-06-15 08:47:41.605 : Booking is complect	[MsgId: MMSG-17999]
    2023-06-15 08:47:46.690 : Go to Home Page is complete	[MsgId: MMSG-17999]
    2023-06-15 08:47:51.249 : Booking is created : 35937419-86984-up	[MsgId: MMSG-17999]
    2023-06-15 08:47:59.196 : Booking (35937419-86984-up) is deleted	[MsgId: MMSG-17999]
    2023-06-15 08:48:04.288 : User is logged out of session	[MsgId: MMSG-17999]
