  2023-06-15 07:47:19.147 : IterationNum=1	[MsgId: MMSG-17999]
   USER 1 = user73:pwd73	[MsgId: MMSG-17999]
    2023-06-15 07:47:19.233 : Start page is opened	[MsgId: MMSG-17999]
    2023-06-15 07:47:25.595 : User is logged in with session 136638.09145403HAciDcVpicQVzzzHtcVzQpQDAQHf	[MsgId: MMSG-17999]
    2023-06-15 07:47:31.617 : User is logged out of session	[MsgId: MMSG-17999]
  2023-06-15 07:49:25.148 : IterationNum=2	[MsgId: MMSG-17999]
   USER 2 = user73:pwd73	[MsgId: MMSG-17999]
    2023-06-15 07:49:25.242 : Start page is opened	[MsgId: MMSG-17999]
    2023-06-15 07:49:30.260 : User is logged in with session 136638.101660591HAciDccpDftVzzzHtcVzQpQDtVcf	[MsgId: MMSG-17999]
    2023-06-15 07:49:35.524 : User is logged out of session	[MsgId: MMSG-17999]
  2023-06-15 07:51:31.156 : IterationNum=3	[MsgId: MMSG-17999]
   USER 3 = user73:pwd73	[MsgId: MMSG-17999]
    2023-06-15 07:51:31.250 : Start page is opened	[MsgId: MMSG-17999]
    2023-06-15 07:51:35.955 : User is logged in with session 136638.111867153HAciDccpiHQVzzzHtcVzQpQDHcHf	[MsgId: MMSG-17999]
    2023-06-15 07:51:41.608 : User is logged out of session	[MsgId: MMSG-17999]
  2023-06-15 07:53:37.161 : IterationNum=4	[MsgId: MMSG-17999]
   USER 4 = user73:pwd73	[MsgId: MMSG-17999]
    2023-06-15 07:53:37.254 : Start page is opened	[MsgId: MMSG-17999]
    2023-06-15 07:53:43.321 : User is logged in with session 136638.122073714HAciDcDptAtVzzzHtcVzQpQtAtcf	[MsgId: MMSG-17999]
    2023-06-15 07:53:48.139 : User is logged out of session	[MsgId: MMSG-17999]
  2023-06-15 07:55:43.169 : IterationNum=5	[MsgId: MMSG-17999]
   USER 5 = user73:pwd73	[MsgId: MMSG-17999]
    2023-06-15 07:55:43.262 : Start page is opened	[MsgId: MMSG-17999]
    2023-06-15 07:55:47.595 : User is logged in with session 136638.132280275HAciDcDpQcQVzzzHtcVzQpQtDfHf	[MsgId: MMSG-17999]
    2023-06-15 07:55:52.630 : User is logged out of session	[MsgId: MMSG-17999]
  2023-06-15 07:57:49.173 : IterationNum=6	[MsgId: MMSG-17999]
   USER 6 = user73:pwd73	[MsgId: MMSG-17999]
    2023-06-15 07:57:49.265 : Start page is opened	[MsgId: MMSG-17999]
    2023-06-15 07:57:54.550 : User is logged in with session 136638.142486837HAciDctptftVzzzHtcVzQpQtzHcf	[MsgId: MMSG-17999]
    2023-06-15 07:57:59.096 : User is logged out of session	[MsgId: MMSG-17999]
  2023-06-15 07:59:55.183 : IterationNum=7	[MsgId: MMSG-17999]
   USER 7 = user73:pwd73	[MsgId: MMSG-17999]
    2023-06-15 07:59:55.276 : Start page is opened	[MsgId: MMSG-17999]
    2023-06-15 08:00:00.237 : User is logged in with session 136638.152693398HAciDctpQHQVzzzHtcVzQpQtQiHf	[MsgId: MMSG-17999]
    2023-06-15 08:00:04.206 : User is logged out of session	[MsgId: MMSG-17999]
  2023-06-15 08:02:01.192 : IterationNum=8	[MsgId: MMSG-17999]
   USER 8 = user73:pwd73	[MsgId: MMSG-17999]
    2023-06-15 08:02:01.285 : Start page is opened	[MsgId: MMSG-17999]
    2023-06-15 08:02:06.896 : User is logged in with session 136638.16289996HAciDcfpfAtVzzzHtcVzQpQfDAcf	[MsgId: MMSG-17999]
    2023-06-15 08:02:13.286 : User is logged out of session	[MsgId: MMSG-17999]
  2023-06-15 08:04:07.204 : IterationNum=9	[MsgId: MMSG-17999]
   USER 9 = user73:pwd73	[MsgId: MMSG-17999]
    2023-06-15 08:04:07.296 : Start page is opened	[MsgId: MMSG-17999]
    2023-06-15 08:04:13.591 : User is logged in with session 136638.173106521HAciDczpAcQVzzzHtcVzQpQfzVHf	[MsgId: MMSG-17999]
    2023-06-15 08:04:18.738 : User is logged out of session	[MsgId: MMSG-17999]
  2023-06-15 08:06:13.208 : IterationNum=10	[MsgId: MMSG-17999]
   USER 10 = user73:pwd73	[MsgId: MMSG-17999]
    2023-06-15 08:06:13.301 : Start page is opened	[MsgId: MMSG-17999]
    2023-06-15 08:06:17.999 : User is logged in with session 136638.183313082HAciDczpfftVzzzHtcVzQpQfQDcf	[MsgId: MMSG-17999]
    2023-06-15 08:06:22.873 : User is logged out of session	[MsgId: MMSG-17999]
  2023-06-15 08:08:19.210 : IterationNum=11	[MsgId: MMSG-17999]
   USER 11 = user73:pwd73	[MsgId: MMSG-17999]
    2023-06-15 08:08:19.320 : Start page is opened	[MsgId: MMSG-17999]
    2023-06-15 08:08:23.865 : User is logged in with session 136638.193519644HAciDcHpAHQVzzzHtcVzQpQzctHf	[MsgId: MMSG-17999]
    2023-06-15 08:08:29.387 : User is logged out of session	[MsgId: MMSG-17999]
  2023-06-15 08:10:25.223 : IterationNum=12	[MsgId: MMSG-17999]
   USER 12 = user73:pwd73	[MsgId: MMSG-17999]
    2023-06-15 08:10:25.331 : Start page is opened	[MsgId: MMSG-17999]
    2023-06-15 08:10:29.260 : User is logged in with session 136638.203726205HAciDcHpzAtVzzzHtcVzQpQzfzcf	[MsgId: MMSG-17999]
    2023-06-15 08:10:34.479 : User is logged out of session	[MsgId: MMSG-17999]
  2023-06-15 08:12:31.232 : IterationNum=13	[MsgId: MMSG-17999]
   USER 13 = user73:pwd73	[MsgId: MMSG-17999]
    2023-06-15 08:12:31.340 : Start page is opened	[MsgId: MMSG-17999]
    2023-06-15 08:12:37.223 : User is logged in with session 136638.213932766HAciDcipVcQVzzzHtcVzQpQziHHf	[MsgId: MMSG-17999]
    2023-06-15 08:12:43.365 : User is logged out of session	[MsgId: MMSG-17999]
  2023-06-15 08:14:37.236 : IterationNum=14	[MsgId: MMSG-17999]
   USER 14 = user73:pwd73	[MsgId: MMSG-17999]
    2023-06-15 08:14:37.329 : Start page is opened	[MsgId: MMSG-17999]
    2023-06-15 08:14:42.810 : User is logged in with session 136638.224139328HAciDcipzftVzzzHtcVzQpQHVQcf	[MsgId: MMSG-17999]
    2023-06-15 08:14:49.121 : User is logged out of session	[MsgId: MMSG-17999]
  2023-06-15 08:16:43.243 : IterationNum=15	[MsgId: MMSG-17999]
   USER 15 = user73:pwd73	[MsgId: MMSG-17999]
    2023-06-15 08:16:43.336 : Start page is opened	[MsgId: MMSG-17999]
    2023-06-15 08:16:49.716 : User is logged in with session 136638.234345889HAciDcQpVHQVzzzHtcVzQpQHfAHf	[MsgId: MMSG-17999]
    2023-06-15 08:16:55.901 : User is logged out of session	[MsgId: MMSG-17999]
  2023-06-15 08:18:49.256 : IterationNum=16	[MsgId: MMSG-17999]
   USER 16 = user73:pwd73	[MsgId: MMSG-17999]
    2023-06-15 08:18:49.352 : Start page is opened	[MsgId: MMSG-17999]
    2023-06-15 08:18:53.367 : User is logged in with session 136638.24455245HAciDcQpHAtVzzzHtcVzQpQHiccf	[MsgId: MMSG-17999]
    2023-06-15 08:18:57.527 : User is logged out of session	[MsgId: MMSG-17999]
  2023-06-15 08:20:55.261 : IterationNum=17	[MsgId: MMSG-17999]
   USER 17 = user73:pwd73	[MsgId: MMSG-17999]
    2023-06-15 08:20:55.354 : Start page is opened	[MsgId: MMSG-17999]
    2023-06-15 08:21:00.270 : User is logged in with session 136638.254759012HAciDDApccQVzzzHtcVzQpQiVDHf	[MsgId: MMSG-17999]
    2023-06-15 08:21:06.518 : User is logged out of session	[MsgId: MMSG-17999]
  2023-06-15 08:23:01.274 : IterationNum=18	[MsgId: MMSG-17999]
   USER 18 = user73:pwd73	[MsgId: MMSG-17999]
    2023-06-15 08:23:01.367 : Start page is opened	[MsgId: MMSG-17999]
    2023-06-15 08:23:06.763 : User is logged in with session 136638.264965573HAciDDApHftVzzzHtcVzQpQitfcf	[MsgId: MMSG-17999]
    2023-06-15 08:23:10.676 : User is logged out of session	[MsgId: MMSG-17999]
  2023-06-15 08:25:07.276 : IterationNum=19	[MsgId: MMSG-17999]
   USER 19 = user73:pwd73	[MsgId: MMSG-17999]
    2023-06-15 08:25:07.369 : Start page is opened	[MsgId: MMSG-17999]
    2023-06-15 08:25:13.478 : User is logged in with session 136638.275172134HAciDDVpcHQVzzzHtcVzQpQiHzHf	[MsgId: MMSG-17999]
    2023-06-15 08:25:18.299 : User is logged out of session	[MsgId: MMSG-17999]
  2023-06-15 08:27:13.279 : IterationNum=20	[MsgId: MMSG-17999]
   USER 20 = user73:pwd73	[MsgId: MMSG-17999]
    2023-06-15 08:27:13.373 : Start page is opened	[MsgId: MMSG-17999]
    2023-06-15 08:27:18.746 : User is logged in with session 136638.285378696HAciDDVpiAtVzzzHtcVzQpQQAicf	[MsgId: MMSG-17999]
    2023-06-15 08:27:23.930 : User is logged out of session	[MsgId: MMSG-17999]
  2023-06-15 08:29:19.284 : IterationNum=21	[MsgId: MMSG-17999]
   USER 21 = user73:pwd73	[MsgId: MMSG-17999]
    2023-06-15 08:29:19.378 : Start page is opened	[MsgId: MMSG-17999]
    2023-06-15 08:29:25.263 : User is logged in with session 136638.295585257HAciDDcpDcQVzzzHtcVzQpQQDQHf	[MsgId: MMSG-17999]
    2023-06-15 08:29:31.029 : User is logged out of session	[MsgId: MMSG-17999]
  2023-06-15 08:31:25.293 : IterationNum=22	[MsgId: MMSG-17999]
   USER 22 = user73:pwd73	[MsgId: MMSG-17999]
    2023-06-15 08:31:25.387 : Start page is opened	[MsgId: MMSG-17999]
    2023-06-15 08:31:31.748 : User is logged in with session 136638.305791819HAciDDcpiftVzzzHtcVzQpQQHVcf	[MsgId: MMSG-17999]
    2023-06-15 08:31:38.006 : User is logged out of session	[MsgId: MMSG-17999]
  2023-06-15 08:33:31.302 : IterationNum=23	[MsgId: MMSG-17999]
   USER 23 = user73:pwd73	[MsgId: MMSG-17999]
    2023-06-15 08:33:31.396 : Start page is opened	[MsgId: MMSG-17999]
    2023-06-15 08:33:36.044 : User is logged in with session 136638.31599838HAciDDDpDHQVzzzHtcVHApAAAcHf	[MsgId: MMSG-17999]
    2023-06-15 08:33:41.385 : User is logged out of session	[MsgId: MMSG-17999]
  2023-06-15 08:35:37.307 : IterationNum=24	[MsgId: MMSG-17999]
   USER 24 = user73:pwd73	[MsgId: MMSG-17999]
    2023-06-15 08:35:37.400 : Start page is opened	[MsgId: MMSG-17999]
    2023-06-15 08:35:41.908 : User is logged in with session 136638.326204941HAciDDDpQAtVzzzHtcVHApAADtcf	[MsgId: MMSG-17999]
    2023-06-15 08:35:48.278 : User is logged out of session	[MsgId: MMSG-17999]
  2023-06-15 08:37:43.319 : IterationNum=25	[MsgId: MMSG-17999]
   USER 25 = user73:pwd73	[MsgId: MMSG-17999]
    2023-06-15 08:37:43.411 : Start page is opened	[MsgId: MMSG-17999]
    2023-06-15 08:37:49.299 : User is logged in with session 136638.336411503HAciDDtptcQVzzzHtcVHApAAzfHf	[MsgId: MMSG-17999]
    2023-06-15 08:37:55.008 : User is logged out of session	[MsgId: MMSG-17999]
  2023-06-15 08:39:49.333 : IterationNum=26	[MsgId: MMSG-17999]
   USER 26 = user73:pwd73	[MsgId: MMSG-17999]
    2023-06-15 08:39:49.426 : Start page is opened	[MsgId: MMSG-17999]
    2023-06-15 08:39:54.137 : User is logged in with session 136638.346618064HAciDDtpQftVzzzHtcVHApAAQHcf	[MsgId: MMSG-17999]
    2023-06-15 08:39:58.045 : User is logged out of session	[MsgId: MMSG-17999]
  2023-06-15 08:41:55.338 : IterationNum=27	[MsgId: MMSG-17999]
   USER 27 = user73:pwd73	[MsgId: MMSG-17999]
    2023-06-15 08:41:55.431 : Start page is opened	[MsgId: MMSG-17999]
    2023-06-15 08:42:01.212 : User is logged in with session 136638.356824625HAciDDfptHQVzzzHtcVHApAVciHf	[MsgId: MMSG-17999]
    2023-06-15 08:42:06.577 : User is logged out of session	[MsgId: MMSG-17999]
  2023-06-15 08:44:01.340 : IterationNum=28	[MsgId: MMSG-17999]
   USER 28 = user73:pwd73	[MsgId: MMSG-17999]
    2023-06-15 08:44:01.434 : Start page is opened	[MsgId: MMSG-17999]
    2023-06-15 08:44:07.632 : User is logged in with session 136638.367031187HAciDDzpAAtVzzzHtcVHApAVzAcf	[MsgId: MMSG-17999]
    2023-06-15 08:44:12.295 : User is logged out of session	[MsgId: MMSG-17999]
  2023-06-15 08:46:07.356 : IterationNum=29	[MsgId: MMSG-17999]
   USER 29 = user73:pwd73	[MsgId: MMSG-17999]
    2023-06-15 08:46:07.448 : Start page is opened	[MsgId: MMSG-17999]
    2023-06-15 08:46:12.162 : User is logged in with session 136638.377237748HAciDDzpfcQVzzzHtcVHApAVQVHf	[MsgId: MMSG-17999]
    2023-06-15 08:46:16.740 : User is logged out of session	[MsgId: MMSG-17999]
  2023-06-15 08:48:13.359 : IterationNum=30	[MsgId: MMSG-17999]
   USER 30 = user73:pwd73	[MsgId: MMSG-17999]
    2023-06-15 08:48:13.452 : Start page is opened	[MsgId: MMSG-17999]
    2023-06-15 08:48:17.701 : User is logged in with session 136638.387444309HAciDDHpAftVzzzHtcVHApAccDcf	[MsgId: MMSG-17999]
    2023-06-15 08:48:22.345 : User is logged out of session	[MsgId: MMSG-17999]
