  2023-06-15 08:35:04.082 : IterationNum=1	[MsgId: MMSG-17999]
   USER 1 = user58:pwd58	[MsgId: MMSG-17999]
    2023-06-15 08:35:04.180 : Start page is opened	[MsgId: MMSG-17999]
    2023-06-15 08:35:08.932 : User is logged in with session 136638.323531794HAciDDDpHzzzzzzHtcVHApAAcz	[MsgId: MMSG-17999]
    2023-06-15 08:35:14.669 : Search page opened	[MsgId: MMSG-17999]
    2023-06-15 08:35:26.314 : Flights found : 603;165;06/18/2023 and 062;191;06/15/2023	[MsgId: MMSG-17999]
    2023-06-15 08:35:26.314 : Sity depart : San Francisco, Sity arrive : Denver	[MsgId: MMSG-17999]
    2023-06-15 08:35:36.552 : Found Seat Type : Coach, Seat Pref : Aisle	[MsgId: MMSG-17999]
    2023-06-15 08:35:41.769 : User is logged out of session	[MsgId: MMSG-17999]
  2023-06-15 08:37:44.094 : IterationNum=2	[MsgId: MMSG-17999]
   USER 2 = user59:pwd59	[MsgId: MMSG-17999]
    2023-06-15 08:37:44.186 : Start page is opened	[MsgId: MMSG-17999]
    2023-06-15 08:37:49.608 : User is logged in with session 136638.336492507HAciDDtptDDDDDDDtcVHApAAzz	[MsgId: MMSG-17999]
    2023-06-15 08:37:54.302 : Search page opened	[MsgId: MMSG-17999]
    2023-06-15 08:38:06.447 : Flights found : 103;315;06/18/2023 and 011;343;06/15/2023	[MsgId: MMSG-17999]
    2023-06-15 08:38:06.447 : Sity depart : Frankfurt, Sity arrive : Denver	[MsgId: MMSG-17999]
    2023-06-15 08:38:17.848 : Found Seat Type : Coach, Seat Pref : Aisle	[MsgId: MMSG-17999]
    2023-06-15 08:38:23.266 : User is logged out of session	[MsgId: MMSG-17999]
  2023-06-15 08:40:24.109 : IterationNum=3	[MsgId: MMSG-17999]
   USER 3 = user60:pwd60	[MsgId: MMSG-17999]
    2023-06-15 08:40:24.200 : Start page is opened	[MsgId: MMSG-17999]
    2023-06-15 08:40:28.433 : User is logged in with session 136638.34945322HAciDDfpVtcVHApAVAz	[MsgId: MMSG-17999]
    2023-06-15 08:40:34.756 : Search page opened	[MsgId: MMSG-17999]
    2023-06-15 08:40:51.743 : Flights found : 561;67;06/18/2023 and 653;62;06/15/2023	[MsgId: MMSG-17999]
    2023-06-15 08:40:51.743 : Sity depart : Portland, Sity arrive : San Francisco	[MsgId: MMSG-17999]
    2023-06-15 08:41:04.087 : Found Seat Type : Coach, Seat Pref : None	[MsgId: MMSG-17999]
    2023-06-15 08:41:08.963 : User is logged out of session	[MsgId: MMSG-17999]
  2023-06-15 08:43:04.115 : IterationNum=4	[MsgId: MMSG-17999]
   USER 4 = user60:pwd60	[MsgId: MMSG-17999]
    2023-06-15 08:43:04.209 : Start page is opened	[MsgId: MMSG-17999]
    2023-06-15 08:43:08.435 : User is logged in with session 136638.362413933HAciDDfpHzzzzzzHtcVHApAVtz	[MsgId: MMSG-17999]
    2023-06-15 08:43:12.327 : Search page opened	[MsgId: MMSG-17999]
           ERROR : Sity depart : Frankfurt Sity arrive : Frankfurt	[MsgId: MMSG-17999]
           ERROR FIXED : Sity depart : Frankfurt Sity arrive : Zurich	[MsgId: MMSG-17999]
    2023-06-15 08:43:24.233 : Flights found : 190;287;06/18/2023 and 910;287;06/15/2023	[MsgId: MMSG-17999]
    2023-06-15 08:43:24.233 : Sity depart : Frankfurt, Sity arrive : Zurich	[MsgId: MMSG-17999]
    2023-06-15 08:43:34.121 : Found Seat Type : Business, Seat Pref : Window	[MsgId: MMSG-17999]
    2023-06-15 08:43:38.916 : User is logged out of session	[MsgId: MMSG-17999]
  2023-06-15 08:45:44.118 : IterationNum=5	[MsgId: MMSG-17999]
   USER 5 = user60:pwd60	[MsgId: MMSG-17999]
    2023-06-15 08:45:44.213 : Start page is opened	[MsgId: MMSG-17999]
    2023-06-15 08:45:49.997 : User is logged in with session 136638.375374646HAciDDzptDDDDDDDtcVHApAViz	[MsgId: MMSG-17999]
    2023-06-15 08:45:55.295 : Search page opened	[MsgId: MMSG-17999]
           ERROR : Sity depart : London Sity arrive : London	[MsgId: MMSG-17999]
           ERROR FIXED : Sity depart : London Sity arrive : Zurich	[MsgId: MMSG-17999]
    2023-06-15 08:46:09.662 : Flights found : 291;312;06/18/2023 and 920;350;06/15/2023	[MsgId: MMSG-17999]
    2023-06-15 08:46:09.662 : Sity depart : London, Sity arrive : Zurich	[MsgId: MMSG-17999]
    2023-06-15 08:46:22.120 : Found Seat Type : First, Seat Pref : Aisle	[MsgId: MMSG-17999]
    2023-06-15 08:46:28.093 : User is logged out of session	[MsgId: MMSG-17999]
  2023-06-15 08:48:24.129 : IterationNum=6	[MsgId: MMSG-17999]
   USER 6 = user60:pwd60	[MsgId: MMSG-17999]
    2023-06-15 08:48:24.224 : Start page is opened	[MsgId: MMSG-17999]
    2023-06-15 08:48:29.406 : User is logged in with session 136638.388335358HAciDDHpVtcVHApAccz	[MsgId: MMSG-17999]
    2023-06-15 08:48:34.625 : Search page opened	[MsgId: MMSG-17999]
    2023-06-15 08:48:48.785 : Flights found : 393;615;06/18/2023 and 930;649;06/15/2023	[MsgId: MMSG-17999]
    2023-06-15 08:48:48.785 : Sity depart : Los Angeles, Sity arrive : Zurich	[MsgId: MMSG-17999]
    2023-06-15 08:48:59.118 : Found Seat Type : First, Seat Pref : Aisle	[MsgId: MMSG-17999]
    2023-06-15 08:49:04.001 : User is logged out of session	[MsgId: MMSG-17999]
