  2023-06-15 07:10:58.784 : IterationNum=1	[MsgId: MMSG-17999]
   USER 1 = user62:pwd62	[MsgId: MMSG-17999]
    2023-06-15 07:10:58.879 : Start page is opened	[MsgId: MMSG-17999]
    2023-06-15 07:11:04.240 : User is logged in with session 136637.914783313HAciDVcpHtVzzzzHtcVzQpiHztf	[MsgId: MMSG-17999]
    2023-06-15 07:11:09.321 : User is logged out of session	[MsgId: MMSG-17999]
  2023-06-15 07:13:04.799 : IterationNum=2	[MsgId: MMSG-17999]
   USER 2 = user62:pwd62	[MsgId: MMSG-17999]
    2023-06-15 07:13:04.906 : Start page is opened	[MsgId: MMSG-17999]
    2023-06-15 07:13:09.816 : User is logged in with session 136637.924989874HAciDVDpczzzzzzHtcVzQpiHQz	[MsgId: MMSG-17999]
    2023-06-15 07:13:14.810 : User is logged out of session	[MsgId: MMSG-17999]
  2023-06-15 07:15:10.799 : IterationNum=3	[MsgId: MMSG-17999]
   USER 3 = user62:pwd62	[MsgId: MMSG-17999]
    2023-06-15 07:15:10.891 : Start page is opened	[MsgId: MMSG-17999]
    2023-06-15 07:15:16.508 : User is logged in with session 136637.935196436HAciDVDpHQVzzzzHtcVzQpiicHf	[MsgId: MMSG-17999]
    2023-06-15 07:15:22.231 : User is logged out of session	[MsgId: MMSG-17999]
  2023-06-15 07:17:16.804 : IterationNum=4	[MsgId: MMSG-17999]
   USER 4 = user62:pwd62	[MsgId: MMSG-17999]
    2023-06-15 07:17:16.896 : Start page is opened	[MsgId: MMSG-17999]
    2023-06-15 07:17:23.024 : User is logged in with session 136637.945402997HAciDVtpDVzzzzzHtcVzQpiifQ	[MsgId: MMSG-17999]
    2023-06-15 07:17:27.931 : User is logged out of session	[MsgId: MMSG-17999]
  2023-06-15 07:19:22.806 : IterationNum=5	[MsgId: MMSG-17999]
   USER 5 = user62:pwd62	[MsgId: MMSG-17999]
    2023-06-15 07:19:22.899 : Start page is opened	[MsgId: MMSG-17999]
    2023-06-15 07:19:28.780 : User is logged in with session 136637.955609559HAciDVtpitVzzzzHtcVzQpiiQAf	[MsgId: MMSG-17999]
    2023-06-15 07:19:34.278 : User is logged out of session	[MsgId: MMSG-17999]
  2023-06-15 07:21:28.816 : IterationNum=6	[MsgId: MMSG-17999]
   USER 6 = user62:pwd62	[MsgId: MMSG-17999]
    2023-06-15 07:21:28.908 : Start page is opened	[MsgId: MMSG-17999]
    2023-06-15 07:21:34.340 : User is logged in with session 136637.96581612HAciDVfpDzzzzzzHtcVzQpiQcc	[MsgId: MMSG-17999]
    2023-06-15 07:21:40.511 : User is logged out of session	[MsgId: MMSG-17999]
  2023-06-15 07:23:34.816 : IterationNum=7	[MsgId: MMSG-17999]
   USER 7 = user62:pwd62	[MsgId: MMSG-17999]
    2023-06-15 07:23:34.909 : Start page is opened	[MsgId: MMSG-17999]
    2023-06-15 07:23:38.824 : User is logged in with session 136637.976022681HAciDVfpiQVzzzzHtcVzQpiQfDf	[MsgId: MMSG-17999]
    2023-06-15 07:23:44.552 : User is logged out of session	[MsgId: MMSG-17999]
  2023-06-15 07:25:40.831 : IterationNum=8	[MsgId: MMSG-17999]
   USER 8 = user62:pwd62	[MsgId: MMSG-17999]
    2023-06-15 07:25:40.924 : Start page is opened	[MsgId: MMSG-17999]
    2023-06-15 07:25:44.814 : User is logged in with session 136637.986229243HAciDVzptVzzzzzHtcVzQpiQif	[MsgId: MMSG-17999]
    2023-06-15 07:25:50.327 : User is logged out of session	[MsgId: MMSG-17999]
  2023-06-15 07:27:46.836 : IterationNum=9	[MsgId: MMSG-17999]
   USER 9 = user62:pwd62	[MsgId: MMSG-17999]
    2023-06-15 07:27:46.930 : Start page is opened	[MsgId: MMSG-17999]
    2023-06-15 07:27:53.200 : User is logged in with session 136637.996435804HAciDVzpQtVzzzzHtcVzQpQAVzf	[MsgId: MMSG-17999]
    2023-06-15 07:27:58.940 : User is logged out of session	[MsgId: MMSG-17999]
  2023-06-15 07:29:52.845 : IterationNum=10	[MsgId: MMSG-17999]
   USER 10 = user62:pwd62	[MsgId: MMSG-17999]
    2023-06-15 07:29:52.937 : Start page is opened	[MsgId: MMSG-17999]
    2023-06-15 07:29:58.683 : User is logged in with session 136638.006642365HAciDVHptzzzzzzHtcVzQpQAti	[MsgId: MMSG-17999]
    2023-06-15 07:30:04.916 : User is logged out of session	[MsgId: MMSG-17999]
  2023-06-15 07:31:58.853 : IterationNum=11	[MsgId: MMSG-17999]
   USER 11 = user62:pwd62	[MsgId: MMSG-17999]
    2023-06-15 07:31:58.945 : Start page is opened	[MsgId: MMSG-17999]
    2023-06-15 07:32:04.764 : User is logged in with session 136638.016848927HAciDVHpQQVzzzzHtcVzQpQAHQf	[MsgId: MMSG-17999]
    2023-06-15 07:32:09.603 : User is logged out of session	[MsgId: MMSG-17999]
  2023-06-15 07:34:04.859 : IterationNum=12	[MsgId: MMSG-17999]
   USER 12 = user62:pwd62	[MsgId: MMSG-17999]
    2023-06-15 07:34:04.951 : Start page is opened	[MsgId: MMSG-17999]
    2023-06-15 07:34:10.442 : User is logged in with session 136638.027055488HAciDVipfVzzzzzHtcVzQpQVVV	[MsgId: MMSG-17999]
    2023-06-15 07:34:15.526 : User is logged out of session	[MsgId: MMSG-17999]
  2023-06-15 07:36:10.865 : IterationNum=13	[MsgId: MMSG-17999]
   USER 13 = user62:pwd62	[MsgId: MMSG-17999]
    2023-06-15 07:36:10.958 : Start page is opened	[MsgId: MMSG-17999]
    2023-06-15 07:36:15.862 : User is logged in with session 136638.037262049HAciDVQpAtVzzzzHtcVzQpQVtcf	[MsgId: MMSG-17999]
    2023-06-15 07:36:21.545 : User is logged out of session	[MsgId: MMSG-17999]
  2023-06-15 07:38:16.876 : IterationNum=14	[MsgId: MMSG-17999]
   USER 14 = user62:pwd62	[MsgId: MMSG-17999]
    2023-06-15 07:38:16.971 : Start page is opened	[MsgId: MMSG-17999]
    2023-06-15 07:38:21.797 : User is logged in with session 136638.047468611HAciDVQpfzzzzzzHtcVzQpQVHt	[MsgId: MMSG-17999]
    2023-06-15 07:38:26.603 : User is logged out of session	[MsgId: MMSG-17999]
  2023-06-15 07:40:22.880 : IterationNum=15	[MsgId: MMSG-17999]
   USER 15 = user62:pwd62	[MsgId: MMSG-17999]
    2023-06-15 07:40:22.972 : Start page is opened	[MsgId: MMSG-17999]
    2023-06-15 07:40:28.013 : User is logged in with session 136638.057675172HAciDcApAQVzzzzHtcVzQpQcAff	[MsgId: MMSG-17999]
    2023-06-15 07:40:33.139 : User is logged out of session	[MsgId: MMSG-17999]
  2023-06-15 07:42:28.889 : IterationNum=16	[MsgId: MMSG-17999]
   USER 16 = user62:pwd62	[MsgId: MMSG-17999]
    2023-06-15 07:42:28.982 : Start page is opened	[MsgId: MMSG-17999]
    2023-06-15 07:42:33.380 : User is logged in with session 136638.067881734HAciDcApzVzzzzzHtcVzQpQcDH	[MsgId: MMSG-17999]
    2023-06-15 07:42:38.004 : User is logged out of session	[MsgId: MMSG-17999]
  2023-06-15 07:44:34.901 : IterationNum=17	[MsgId: MMSG-17999]
   USER 17 = user62:pwd62	[MsgId: MMSG-17999]
    2023-06-15 07:44:34.992 : Start page is opened	[MsgId: MMSG-17999]
    2023-06-15 07:44:40.806 : User is logged in with session 136638.078088295HAciDcVpVtVzzzzHtcVzQpQczif	[MsgId: MMSG-17999]
    2023-06-15 07:44:46.698 : User is logged out of session	[MsgId: MMSG-17999]
  2023-06-15 07:46:40.915 : IterationNum=18	[MsgId: MMSG-17999]
   USER 18 = user62:pwd62	[MsgId: MMSG-17999]
    2023-06-15 07:46:41.008 : Start page is opened	[MsgId: MMSG-17999]
    2023-06-15 07:46:46.973 : User is logged in with session 136638.088294856HAciDcVpzzzzzzzHtcVzQpQD	[MsgId: MMSG-17999]
    2023-06-15 07:46:51.813 : User is logged out of session	[MsgId: MMSG-17999]
  2023-06-15 07:48:46.924 : IterationNum=19	[MsgId: MMSG-17999]
   USER 19 = user62:pwd62	[MsgId: MMSG-17999]
    2023-06-15 07:48:47.018 : Start page is opened	[MsgId: MMSG-17999]
    2023-06-15 07:48:53.040 : User is logged in with session 136638.098501418HAciDccpVQVzzzzHtcVzQpQDDVf	[MsgId: MMSG-17999]
    2023-06-15 07:48:59.362 : User is logged out of session	[MsgId: MMSG-17999]
  2023-06-15 07:50:52.927 : IterationNum=20	[MsgId: MMSG-17999]
   USER 20 = user62:pwd62	[MsgId: MMSG-17999]
    2023-06-15 07:50:53.021 : Start page is opened	[MsgId: MMSG-17999]
    2023-06-15 07:50:59.375 : User is logged in with session 136638.108707979HAciDccpHVzzzzzHtcVzQpQDzD	[MsgId: MMSG-17999]
    2023-06-15 07:51:03.329 : User is logged out of session	[MsgId: MMSG-17999]
  2023-06-15 07:52:58.931 : IterationNum=21	[MsgId: MMSG-17999]
   USER 21 = user62:pwd62	[MsgId: MMSG-17999]
    2023-06-15 07:52:59.025 : Start page is opened	[MsgId: MMSG-17999]
    2023-06-15 07:53:05.137 : User is logged in with session 136638.11891454HAciDcDpctVzzzzHtcVzQpQDQtf	[MsgId: MMSG-17999]
    2023-06-15 07:53:09.778 : User is logged out of session	[MsgId: MMSG-17999]
  2023-06-15 07:55:04.947 : IterationNum=22	[MsgId: MMSG-17999]
   USER 22 = user62:pwd62	[MsgId: MMSG-17999]
    2023-06-15 07:55:05.039 : Start page is opened	[MsgId: MMSG-17999]
    2023-06-15 07:55:08.944 : User is logged in with session 136638.129121102HAciDcDpHzzzzzzHtcVzQpQtcz	[MsgId: MMSG-17999]
    2023-06-15 07:55:13.328 : User is logged out of session	[MsgId: MMSG-17999]
  2023-06-15 07:57:10.962 : IterationNum=23	[MsgId: MMSG-17999]
   USER 23 = user62:pwd62	[MsgId: MMSG-17999]
    2023-06-15 07:57:11.056 : Start page is opened	[MsgId: MMSG-17999]
    2023-06-15 07:57:17.135 : User is logged in with session 136638.139327663HAciDctpcQVzzzzHtcVzQpQtfHf	[MsgId: MMSG-17999]
    2023-06-15 07:57:22.807 : User is logged out of session	[MsgId: MMSG-17999]
  2023-06-15 07:59:16.972 : IterationNum=24	[MsgId: MMSG-17999]
   USER 24 = user62:pwd62	[MsgId: MMSG-17999]
    2023-06-15 07:59:17.066 : Start page is opened	[MsgId: MMSG-17999]
    2023-06-15 07:59:22.969 : User is logged in with session 136638.149615229HAciDctpicAiDDDDtcVzQpQtiQcf	[MsgId: MMSG-17999]
    2023-06-15 07:59:27.913 : User is logged out of session	[MsgId: MMSG-17999]
  2023-06-15 08:01:22.978 : IterationNum=25	[MsgId: MMSG-17999]
   USER 25 = user62:pwd62	[MsgId: MMSG-17999]
    2023-06-15 08:01:23.071 : Start page is opened	[MsgId: MMSG-17999]
    2023-06-15 08:01:28.798 : User is logged in with session 136638.15982179HAciDcfpDtfiDDDDtcVzQpQfcAHf	[MsgId: MMSG-17999]
    2023-06-15 08:01:34.201 : User is logged out of session	[MsgId: MMSG-17999]
  2023-06-15 08:03:28.993 : IterationNum=26	[MsgId: MMSG-17999]
   USER 26 = user62:pwd62	[MsgId: MMSG-17999]
    2023-06-15 08:03:29.086 : Start page is opened	[MsgId: MMSG-17999]
    2023-06-15 08:03:33.371 : User is logged in with session 136638.170028352HAciDcfpiHAiDDDDtcVzQpQffccf	[MsgId: MMSG-17999]
    2023-06-15 08:03:37.827 : User is logged out of session	[MsgId: MMSG-17999]
  2023-06-15 08:05:35.007 : IterationNum=27	[MsgId: MMSG-17999]
   USER 27 = user62:pwd62	[MsgId: MMSG-17999]
    2023-06-15 08:05:35.101 : Start page is opened	[MsgId: MMSG-17999]
    2023-06-15 08:05:40.892 : User is logged in with session 136638.180234913HAciDczpDQfiDDDDtcVzQpQfiDHf	[MsgId: MMSG-17999]
    2023-06-15 08:05:46.090 : User is logged out of session	[MsgId: MMSG-17999]
  2023-06-15 08:07:41.009 : IterationNum=28	[MsgId: MMSG-17999]
   USER 28 = user62:pwd62	[MsgId: MMSG-17999]
    2023-06-15 08:07:41.102 : Start page is opened	[MsgId: MMSG-17999]
    2023-06-15 08:07:47.185 : User is logged in with session 136638.190441474HAciDczpQcAiDDDDtcVzQpQzVfcf	[MsgId: MMSG-17999]
    2023-06-15 08:07:51.194 : User is logged out of session	[MsgId: MMSG-17999]
  2023-06-15 08:09:47.022 : IterationNum=29	[MsgId: MMSG-17999]
   USER 29 = user62:pwd62	[MsgId: MMSG-17999]
    2023-06-15 08:09:47.116 : Start page is opened	[MsgId: MMSG-17999]
    2023-06-15 08:09:52.770 : User is logged in with session 136638.200648036HAciDcHpttfiDDDDtcVzQpQztzHf	[MsgId: MMSG-17999]
    2023-06-15 08:09:57.264 : User is logged out of session	[MsgId: MMSG-17999]
  2023-06-15 08:11:53.023 : IterationNum=30	[MsgId: MMSG-17999]
   USER 30 = user62:pwd62	[MsgId: MMSG-17999]
    2023-06-15 08:11:53.115 : Start page is opened	[MsgId: MMSG-17999]
    2023-06-15 08:11:57.522 : User is logged in with session 136638.210854597HAciDcHpQHAiDDDDtcVzQpQzHicf	[MsgId: MMSG-17999]
    2023-06-15 08:12:03.124 : User is logged out of session	[MsgId: MMSG-17999]
  2023-06-15 08:13:59.022 : IterationNum=31	[MsgId: MMSG-17999]
   USER 31 = user62:pwd62	[MsgId: MMSG-17999]
    2023-06-15 08:13:59.115 : Start page is opened	[MsgId: MMSG-17999]
    2023-06-15 08:14:04.685 : User is logged in with session 136638.221061158HAciDciptQfiDDDDtcVzQpQHAQHf	[MsgId: MMSG-17999]
    2023-06-15 08:14:10.699 : User is logged out of session	[MsgId: MMSG-17999]
  2023-06-15 08:16:05.029 : IterationNum=32	[MsgId: MMSG-17999]
   USER 32 = user62:pwd62	[MsgId: MMSG-17999]
    2023-06-15 08:16:05.122 : Start page is opened	[MsgId: MMSG-17999]
    2023-06-15 08:16:11.406 : User is logged in with session 136638.23126772HAciDcQpAcAiDDDDtcVzQpQHtVcf	[MsgId: MMSG-17999]
    2023-06-15 08:16:16.117 : User is logged out of session	[MsgId: MMSG-17999]
  2023-06-15 08:18:11.035 : IterationNum=33	[MsgId: MMSG-17999]
   USER 33 = user62:pwd62	[MsgId: MMSG-17999]
    2023-06-15 08:18:11.127 : Start page is opened	[MsgId: MMSG-17999]
    2023-06-15 08:18:15.143 : User is logged in with session 136638.241474281HAciDcQpftfiDDDDtcVzQpQHHcHf	[MsgId: MMSG-17999]
    2023-06-15 08:18:21.021 : User is logged out of session	[MsgId: MMSG-17999]
  2023-06-15 08:20:17.046 : IterationNum=34	[MsgId: MMSG-17999]
   USER 34 = user62:pwd62	[MsgId: MMSG-17999]
    2023-06-15 08:20:17.138 : Start page is opened	[MsgId: MMSG-17999]
    2023-06-15 08:20:22.889 : User is logged in with session 136638.251680842HAciDDApAHAiDDDDtcVzQpQiAtcf	[MsgId: MMSG-17999]
    2023-06-15 08:20:27.120 : User is logged out of session	[MsgId: MMSG-17999]
  2023-06-15 08:22:23.057 : IterationNum=35	[MsgId: MMSG-17999]
   USER 35 = user62:pwd62	[MsgId: MMSG-17999]
    2023-06-15 08:22:23.150 : Start page is opened	[MsgId: MMSG-17999]
    2023-06-15 08:22:27.097 : User is logged in with session 136638.261887404HAciDDApfQfiDDDDtcVzQpQiDfHf	[MsgId: MMSG-17999]
    2023-06-15 08:22:32.819 : User is logged out of session	[MsgId: MMSG-17999]
  2023-06-15 08:24:29.067 : IterationNum=36	[MsgId: MMSG-17999]
   USER 36 = user62:pwd62	[MsgId: MMSG-17999]
    2023-06-15 08:24:29.163 : Start page is opened	[MsgId: MMSG-17999]
    2023-06-15 08:24:34.179 : User is logged in with session 136638.272093965HAciDDVpVcAiDDDDtcVzQpQizHcf	[MsgId: MMSG-17999]
    2023-06-15 08:24:38.439 : User is logged out of session	[MsgId: MMSG-17999]
  2023-06-15 08:26:35.072 : IterationNum=37	[MsgId: MMSG-17999]
   USER 37 = user62:pwd62	[MsgId: MMSG-17999]
    2023-06-15 08:26:35.163 : Start page is opened	[MsgId: MMSG-17999]
    2023-06-15 08:26:41.050 : User is logged in with session 136638.282300527HAciDDVpztfiDDDDtcVzQpQiQiHf	[MsgId: MMSG-17999]
    2023-06-15 08:26:47.128 : User is logged out of session	[MsgId: MMSG-17999]
  2023-06-15 08:28:41.083 : IterationNum=38	[MsgId: MMSG-17999]
   USER 38 = user62:pwd62	[MsgId: MMSG-17999]
    2023-06-15 08:28:41.176 : Start page is opened	[MsgId: MMSG-17999]
    2023-06-15 08:28:46.271 : User is logged in with session 136638.292507088HAciDDcpVHAiDDDDtcVzQpQQDAcf	[MsgId: MMSG-17999]
    2023-06-15 08:28:50.725 : User is logged out of session	[MsgId: MMSG-17999]
  2023-06-15 08:30:47.098 : IterationNum=39	[MsgId: MMSG-17999]
   USER 39 = user62:pwd62	[MsgId: MMSG-17999]
    2023-06-15 08:30:47.190 : Start page is opened	[MsgId: MMSG-17999]
    2023-06-15 08:30:51.744 : User is logged in with session 136638.302713649HAciDDcpzQfiDDDDtcVzQpQQzVHf	[MsgId: MMSG-17999]
    2023-06-15 08:30:56.838 : User is logged out of session	[MsgId: MMSG-17999]
  2023-06-15 08:32:53.110 : IterationNum=40	[MsgId: MMSG-17999]
   USER 40 = user62:pwd62	[MsgId: MMSG-17999]
    2023-06-15 08:32:53.204 : Start page is opened	[MsgId: MMSG-17999]
    2023-06-15 08:32:58.254 : User is logged in with session 136638.312920211HAciDDDpccAiDDDDtcVzQpQQQDcf	[MsgId: MMSG-17999]
    2023-06-15 08:33:03.825 : User is logged out of session	[MsgId: MMSG-17999]
  2023-06-15 08:34:59.123 : IterationNum=41	[MsgId: MMSG-17999]
   USER 41 = user62:pwd62	[MsgId: MMSG-17999]
    2023-06-15 08:34:59.217 : Start page is opened	[MsgId: MMSG-17999]
    2023-06-15 08:35:04.073 : User is logged in with session 136638.323126772HAciDDDpHtfiDDDDtcVHApAActHf	[MsgId: MMSG-17999]
    2023-06-15 08:35:09.212 : User is logged out of session	[MsgId: MMSG-17999]
  2023-06-15 08:37:05.132 : IterationNum=42	[MsgId: MMSG-17999]
   USER 42 = user62:pwd62	[MsgId: MMSG-17999]
    2023-06-15 08:37:05.225 : Start page is opened	[MsgId: MMSG-17999]
    2023-06-15 08:37:10.847 : User is logged in with session 136638.333333333HAciDDtpcHAiDDDDtcVHApAAfzcf	[MsgId: MMSG-17999]
    2023-06-15 08:37:16.730 : User is logged out of session	[MsgId: MMSG-17999]
  2023-06-15 08:39:11.141 : IterationNum=43	[MsgId: MMSG-17999]
   USER 43 = user62:pwd62	[MsgId: MMSG-17999]
    2023-06-15 08:39:11.234 : Start page is opened	[MsgId: MMSG-17999]
    2023-06-15 08:39:17.210 : User is logged in with session 136638.343539895HAciDDtpHQfiDDDDtcVHApAAiHHf	[MsgId: MMSG-17999]
    2023-06-15 08:39:22.652 : User is logged out of session	[MsgId: MMSG-17999]
  2023-06-15 08:41:17.144 : IterationNum=44	[MsgId: MMSG-17999]
   USER 44 = user62:pwd62	[MsgId: MMSG-17999]
    2023-06-15 08:41:17.236 : Start page is opened	[MsgId: MMSG-17999]
    2023-06-15 08:41:21.241 : User is logged in with session 136638.353746456HAciDDfpDcAiDDDDtcVHApAVVQcf	[MsgId: MMSG-17999]
    2023-06-15 08:41:26.949 : User is logged out of session	[MsgId: MMSG-17999]
  2023-06-15 08:43:23.153 : IterationNum=45	[MsgId: MMSG-17999]
   USER 45 = user62:pwd62	[MsgId: MMSG-17999]
    2023-06-15 08:43:23.248 : Start page is opened	[MsgId: MMSG-17999]
    2023-06-15 08:43:29.468 : User is logged in with session 136638.363953017HAciDDfpitfiDDDDtcVHApAVfAHf	[MsgId: MMSG-17999]
    2023-06-15 08:43:33.701 : User is logged out of session	[MsgId: MMSG-17999]
  2023-06-15 08:45:29.160 : IterationNum=46	[MsgId: MMSG-17999]
   USER 46 = user62:pwd62	[MsgId: MMSG-17999]
    2023-06-15 08:45:29.253 : Start page is opened	[MsgId: MMSG-17999]
    2023-06-15 08:45:34.606 : User is logged in with session 136638.374159579HAciDDzpDHAiDDDDtcVHApAViccf	[MsgId: MMSG-17999]
    2023-06-15 08:45:38.638 : User is logged out of session	[MsgId: MMSG-17999]
  2023-06-15 08:47:35.171 : IterationNum=47	[MsgId: MMSG-17999]
   USER 47 = user62:pwd62	[MsgId: MMSG-17999]
    2023-06-15 08:47:35.263 : Start page is opened	[MsgId: MMSG-17999]
    2023-06-15 08:47:39.797 : User is logged in with session 136638.38436614HAciDDzpiQfiDDDDtcVHApAcVDHf	[MsgId: MMSG-17999]
    2023-06-15 08:47:44.283 : User is logged out of session	[MsgId: MMSG-17999]
