  2023-06-15 08:11:24.394 : IterationNum=1	[MsgId: MMSG-17999]
   USER 1 = user81:pwd81	[MsgId: MMSG-17999]
    2023-06-15 08:11:24.479 : Start page is opened	[MsgId: MMSG-17999]
    2023-06-15 08:11:28.435 : User is logged in with session 136638.208505468HAciDcHpiftcVzQpQzHV	[MsgId: MMSG-17999]
    2023-06-15 08:11:32.699 : User is logged out of session	[MsgId: MMSG-17999]
  2023-06-15 08:13:30.407 : IterationNum=2	[MsgId: MMSG-17999]
   USER 2 = user81:pwd81	[MsgId: MMSG-17999]
    2023-06-15 08:13:30.502 : Start page is opened	[MsgId: MMSG-17999]
    2023-06-15 08:13:35.401 : User is logged in with session 136638.218712029HAciDcipDHftcVzQpQHAcf	[MsgId: MMSG-17999]
    2023-06-15 08:13:40.684 : User is logged out of session	[MsgId: MMSG-17999]
  2023-06-15 08:15:36.410 : IterationNum=3	[MsgId: MMSG-17999]
   USER 3 = user81:pwd81	[MsgId: MMSG-17999]
    2023-06-15 08:15:36.504 : Start page is opened	[MsgId: MMSG-17999]
    2023-06-15 08:15:40.440 : User is logged in with session 136638.228918591HAciDcipQtcVzQpQHDt	[MsgId: MMSG-17999]
    2023-06-15 08:15:44.841 : User is logged out of session	[MsgId: MMSG-17999]
  2023-06-15 08:17:42.417 : IterationNum=4	[MsgId: MMSG-17999]
   USER 4 = user81:pwd81	[MsgId: MMSG-17999]
    2023-06-15 08:17:42.508 : Start page is opened	[MsgId: MMSG-17999]
    2023-06-15 08:17:48.249 : User is logged in with session 136638.239125152HAciDcQptcftcVzQpQHzff	[MsgId: MMSG-17999]
    2023-06-15 08:17:54.321 : User is logged out of session	[MsgId: MMSG-17999]
  2023-06-15 08:19:48.429 : IterationNum=5	[MsgId: MMSG-17999]
   USER 5 = user81:pwd81	[MsgId: MMSG-17999]
    2023-06-15 08:19:48.523 : Start page is opened	[MsgId: MMSG-17999]
    2023-06-15 08:19:53.117 : User is logged in with session 136638.249331713HAciDcQpQftcVzQpQHQH	[MsgId: MMSG-17999]
    2023-06-15 08:19:57.624 : User is logged out of session	[MsgId: MMSG-17999]
  2023-06-15 08:21:54.434 : IterationNum=6	[MsgId: MMSG-17999]
   USER 6 = user81:pwd81	[MsgId: MMSG-17999]
    2023-06-15 08:21:54.526 : Start page is opened	[MsgId: MMSG-17999]
    2023-06-15 08:22:00.358 : User is logged in with session 136638.259538275HAciDDAptHftcVzQpQicif	[MsgId: MMSG-17999]
    2023-06-15 08:22:06.029 : User is logged out of session	[MsgId: MMSG-17999]
  2023-06-15 08:24:00.446 : IterationNum=7	[MsgId: MMSG-17999]
   USER 7 = user81:pwd81	[MsgId: MMSG-17999]
    2023-06-15 08:24:00.540 : Start page is opened	[MsgId: MMSG-17999]
    2023-06-15 08:24:06.220 : User is logged in with session 136638.269744836HAciDDVtcVzQpQiz	[MsgId: MMSG-17999]
    2023-06-15 08:24:10.384 : User is logged out of session	[MsgId: MMSG-17999]
  2023-06-15 08:26:06.457 : IterationNum=8	[MsgId: MMSG-17999]
   USER 8 = user81:pwd81	[MsgId: MMSG-17999]
    2023-06-15 08:26:06.549 : Start page is opened	[MsgId: MMSG-17999]
    2023-06-15 08:26:11.875 : User is logged in with session 136638.279951397HAciDDVpfcftcVzQpQiQVf	[MsgId: MMSG-17999]
    2023-06-15 08:26:16.513 : User is logged out of session	[MsgId: MMSG-17999]
  2023-06-15 08:28:12.459 : IterationNum=9	[MsgId: MMSG-17999]
   USER 9 = user81:pwd81	[MsgId: MMSG-17999]
    2023-06-15 08:28:12.552 : Start page is opened	[MsgId: MMSG-17999]
    2023-06-15 08:28:17.209 : User is logged in with session 136638.290157959HAciDDcpAftcVzQpQQcD	[MsgId: MMSG-17999]
    2023-06-15 08:28:23.428 : User is logged out of session	[MsgId: MMSG-17999]
  2023-06-15 08:30:18.463 : IterationNum=10	[MsgId: MMSG-17999]
   USER 10 = user81:pwd81	[MsgId: MMSG-17999]
    2023-06-15 08:30:18.555 : Start page is opened	[MsgId: MMSG-17999]
    2023-06-15 08:30:22.985 : User is logged in with session 136638.30036452HAciDDcpfHftcVzQpQQftf	[MsgId: MMSG-17999]
    2023-06-15 08:30:28.018 : User is logged out of session	[MsgId: MMSG-17999]
  2023-06-15 08:32:24.476 : IterationNum=11	[MsgId: MMSG-17999]
   USER 11 = user81:pwd81	[MsgId: MMSG-17999]
    2023-06-15 08:32:24.584 : Start page is opened	[MsgId: MMSG-17999]
    2023-06-15 08:32:29.092 : User is logged in with session 136638.310571081HAciDDDpVtcVzQpQQiz	[MsgId: MMSG-17999]
    2023-06-15 08:32:33.092 : User is logged out of session	[MsgId: MMSG-17999]
  2023-06-15 08:34:30.479 : IterationNum=12	[MsgId: MMSG-17999]
   USER 12 = user81:pwd81	[MsgId: MMSG-17999]
    2023-06-15 08:34:30.587 : Start page is opened	[MsgId: MMSG-17999]
    2023-06-15 08:34:35.649 : User is logged in with session 136638.320777643HAciDDDpzcftcVHApAAVHf	[MsgId: MMSG-17999]
    2023-06-15 08:34:41.559 : User is logged out of session	[MsgId: MMSG-17999]
  2023-06-15 08:36:36.477 : IterationNum=13	[MsgId: MMSG-17999]
   USER 13 = user81:pwd81	[MsgId: MMSG-17999]
    2023-06-15 08:36:36.571 : Start page is opened	[MsgId: MMSG-17999]
    2023-06-15 08:36:42.384 : User is logged in with session 136638.330984204HAciDDtpVftcVHApAAtQ	[MsgId: MMSG-17999]
    2023-06-15 08:36:46.612 : User is logged out of session	[MsgId: MMSG-17999]
  2023-06-15 08:38:42.482 : IterationNum=14	[MsgId: MMSG-17999]
   USER 14 = user81:pwd81	[MsgId: MMSG-17999]
    2023-06-15 08:38:42.574 : Start page is opened	[MsgId: MMSG-17999]
    2023-06-15 08:38:48.035 : User is logged in with session 136638.341190766HAciDDtpzHftcVHApAAiAf	[MsgId: MMSG-17999]
    2023-06-15 08:38:52.726 : User is logged out of session	[MsgId: MMSG-17999]
  2023-06-15 08:40:48.487 : IterationNum=15	[MsgId: MMSG-17999]
   USER 15 = user81:pwd81	[MsgId: MMSG-17999]
    2023-06-15 08:40:48.581 : Start page is opened	[MsgId: MMSG-17999]
    2023-06-15 08:40:54.742 : User is logged in with session 136638.351397327HAciDDfpctcVHApAVVc	[MsgId: MMSG-17999]
    2023-06-15 08:41:01.006 : User is logged out of session	[MsgId: MMSG-17999]
  2023-06-15 08:42:54.493 : IterationNum=16	[MsgId: MMSG-17999]
   USER 16 = user81:pwd81	[MsgId: MMSG-17999]
    2023-06-15 08:42:54.586 : Start page is opened	[MsgId: MMSG-17999]
    2023-06-15 08:42:59.888 : User is logged in with session 136638.361603888HAciDDfpHcftcVHApAVtDf	[MsgId: MMSG-17999]
    2023-06-15 08:43:05.258 : User is logged out of session	[MsgId: MMSG-17999]
  2023-06-15 08:45:00.502 : IterationNum=17	[MsgId: MMSG-17999]
   USER 17 = user81:pwd81	[MsgId: MMSG-17999]
    2023-06-15 08:45:00.595 : Start page is opened	[MsgId: MMSG-17999]
    2023-06-15 08:45:04.646 : User is logged in with session 136638.37181045HAciDDzpcftcVHApAVHf	[MsgId: MMSG-17999]
    2023-06-15 08:45:10.398 : User is logged out of session	[MsgId: MMSG-17999]
  2023-06-15 08:47:06.512 : IterationNum=18	[MsgId: MMSG-17999]
   USER 18 = user81:pwd81	[MsgId: MMSG-17999]
    2023-06-15 08:47:06.603 : Start page is opened	[MsgId: MMSG-17999]
    2023-06-15 08:47:12.531 : User is logged in with session 136638.382017011HAciDDzpHHftcVHApAcAzf	[MsgId: MMSG-17999]
    2023-06-15 08:47:18.082 : User is logged out of session	[MsgId: MMSG-17999]
