  2023-06-15 08:11:14.331 : IterationNum=1	[MsgId: MMSG-17999]
   USER 1 = user79:pwd79	[MsgId: MMSG-17999]
    2023-06-15 08:11:14.427 : Start page is opened	[MsgId: MMSG-17999]
    2023-06-15 08:11:18.808 : User is logged in with session 136638.207695423HAciDcHpiAiDDDDDtcVzQpQzzif	[MsgId: MMSG-17999]
    2023-06-15 08:11:24.627 : User is logged out of session	[MsgId: MMSG-17999]
  2023-06-15 08:13:20.346 : IterationNum=2	[MsgId: MMSG-17999]
   USER 2 = user79:pwd79	[MsgId: MMSG-17999]
    2023-06-15 08:13:20.438 : Start page is opened	[MsgId: MMSG-17999]
    2023-06-15 08:13:26.010 : User is logged in with session 136638.217901985HAciDcipDDDDDDDDtcVzQpQH	[MsgId: MMSG-17999]
    2023-06-15 08:13:30.486 : User is logged out of session	[MsgId: MMSG-17999]
  2023-06-15 08:15:26.353 : IterationNum=3	[MsgId: MMSG-17999]
   USER 3 = user79:pwd79	[MsgId: MMSG-17999]
    2023-06-15 08:15:26.446 : Start page is opened	[MsgId: MMSG-17999]
    2023-06-15 08:15:32.644 : User is logged in with session 136638.228108546HAciDcipifiDDDDDtcVzQpQHDVf	[MsgId: MMSG-17999]
    2023-06-15 08:15:37.978 : User is logged out of session	[MsgId: MMSG-17999]
  2023-06-15 08:17:32.351 : IterationNum=4	[MsgId: MMSG-17999]
   USER 4 = user79:pwd79	[MsgId: MMSG-17999]
    2023-06-15 08:17:32.445 : Start page is opened	[MsgId: MMSG-17999]
    2023-06-15 08:17:37.898 : User is logged in with session 136638.238315107HAciDcQpDiDDDDDDtcVzQpQHzD	[MsgId: MMSG-17999]
    2023-06-15 08:17:44.178 : User is logged out of session	[MsgId: MMSG-17999]
  2023-06-15 08:19:38.357 : IterationNum=5	[MsgId: MMSG-17999]
   USER 5 = user79:pwd79	[MsgId: MMSG-17999]
    2023-06-15 08:19:38.451 : Start page is opened	[MsgId: MMSG-17999]
    2023-06-15 08:19:43.986 : User is logged in with session 136638.248521669HAciDcQpQAiDDDDDtcVzQpQHQtf	[MsgId: MMSG-17999]
    2023-06-15 08:19:48.079 : User is logged out of session	[MsgId: MMSG-17999]
  2023-06-15 08:21:44.363 : IterationNum=6	[MsgId: MMSG-17999]
   USER 6 = user79:pwd79	[MsgId: MMSG-17999]
    2023-06-15 08:21:44.456 : Start page is opened	[MsgId: MMSG-17999]
    2023-06-15 08:21:50.152 : User is logged in with session 136638.25872823HAciDDAptDDDDDDDtcVzQpQicz	[MsgId: MMSG-17999]
    2023-06-15 08:21:55.667 : User is logged out of session	[MsgId: MMSG-17999]
  2023-06-15 08:23:50.377 : IterationNum=7	[MsgId: MMSG-17999]
   USER 7 = user79:pwd79	[MsgId: MMSG-17999]
    2023-06-15 08:23:50.470 : Start page is opened	[MsgId: MMSG-17999]
    2023-06-15 08:23:55.993 : User is logged in with session 136638.268934791HAciDDApQfiDDDDDtcVzQpQifHf	[MsgId: MMSG-17999]
    2023-06-15 08:24:01.196 : User is logged out of session	[MsgId: MMSG-17999]
  2023-06-15 08:25:56.386 : IterationNum=8	[MsgId: MMSG-17999]
   USER 8 = user79:pwd79	[MsgId: MMSG-17999]
    2023-06-15 08:25:56.496 : Start page is opened	[MsgId: MMSG-17999]
    2023-06-15 08:26:01.524 : User is logged in with session 136638.279141353HAciDDVptiDDDDDDtcVzQpQiiQ	[MsgId: MMSG-17999]
    2023-06-15 08:26:07.436 : User is logged out of session	[MsgId: MMSG-17999]
  2023-06-15 08:28:02.391 : IterationNum=9	[MsgId: MMSG-17999]
   USER 9 = user79:pwd79	[MsgId: MMSG-17999]
    2023-06-15 08:28:02.485 : Start page is opened	[MsgId: MMSG-17999]
    2023-06-15 08:28:06.781 : User is logged in with session 136638.289347914HAciDDcpAAiDDDDDtcVzQpQQcAf	[MsgId: MMSG-17999]
    2023-06-15 08:28:11.988 : User is logged out of session	[MsgId: MMSG-17999]
  2023-06-15 08:30:08.400 : IterationNum=10	[MsgId: MMSG-17999]
   USER 10 = user79:pwd79	[MsgId: MMSG-17999]
    2023-06-15 08:30:08.493 : Start page is opened	[MsgId: MMSG-17999]
    2023-06-15 08:30:13.181 : User is logged in with session 136638.299554476HAciDDcpfDDDDDDDtcVzQpQQfc	[MsgId: MMSG-17999]
    2023-06-15 08:30:17.288 : User is logged out of session	[MsgId: MMSG-17999]
  2023-06-15 08:32:14.404 : IterationNum=11	[MsgId: MMSG-17999]
   USER 11 = user79:pwd79	[MsgId: MMSG-17999]
    2023-06-15 08:32:14.497 : Start page is opened	[MsgId: MMSG-17999]
    2023-06-15 08:32:18.594 : User is logged in with session 136638.309761037HAciDDDpAfiDDDDDtcVzQpQQiDf	[MsgId: MMSG-17999]
    2023-06-15 08:32:23.578 : User is logged out of session	[MsgId: MMSG-17999]
  2023-06-15 08:34:20.415 : IterationNum=12	[MsgId: MMSG-17999]
   USER 12 = user79:pwd79	[MsgId: MMSG-17999]
    2023-06-15 08:34:20.508 : Start page is opened	[MsgId: MMSG-17999]
    2023-06-15 08:34:26.299 : User is logged in with session 136638.319967598HAciDDDpfiDDDDDDtcVHApAAVf	[MsgId: MMSG-17999]
    2023-06-15 08:34:31.817 : User is logged out of session	[MsgId: MMSG-17999]
  2023-06-15 08:36:26.430 : IterationNum=13	[MsgId: MMSG-17999]
   USER 13 = user79:pwd79	[MsgId: MMSG-17999]
    2023-06-15 08:36:26.523 : Start page is opened	[MsgId: MMSG-17999]
    2023-06-15 08:36:31.725 : User is logged in with session 136638.33017416HAciDDtpVAiDDDDDtcVHApAAtzf	[MsgId: MMSG-17999]
    2023-06-15 08:36:36.572 : User is logged out of session	[MsgId: MMSG-17999]
  2023-06-15 08:38:32.434 : IterationNum=14	[MsgId: MMSG-17999]
   USER 14 = user79:pwd79	[MsgId: MMSG-17999]
    2023-06-15 08:38:32.526 : Start page is opened	[MsgId: MMSG-17999]
    2023-06-15 08:38:37.465 : User is logged in with session 136638.340380721HAciDDtpzDDDDDDDtcVHApAAHi	[MsgId: MMSG-17999]
    2023-06-15 08:38:42.119 : User is logged out of session	[MsgId: MMSG-17999]
  2023-06-15 08:40:38.435 : IterationNum=15	[MsgId: MMSG-17999]
   USER 15 = user79:pwd79	[MsgId: MMSG-17999]
    2023-06-15 08:40:38.527 : Start page is opened	[MsgId: MMSG-17999]
    2023-06-15 08:40:43.998 : User is logged in with session 136638.350587282HAciDDfpVfiDDDDDtcVHApAVAQf	[MsgId: MMSG-17999]
    2023-06-15 08:40:49.934 : User is logged out of session	[MsgId: MMSG-17999]
  2023-06-15 08:42:44.444 : IterationNum=16	[MsgId: MMSG-17999]
   USER 16 = user79:pwd79	[MsgId: MMSG-17999]
    2023-06-15 08:42:44.538 : Start page is opened	[MsgId: MMSG-17999]
    2023-06-15 08:42:50.046 : User is logged in with session 136638.360793844HAciDDfpziDDDDDDtcVHApAVtV	[MsgId: MMSG-17999]
    2023-06-15 08:42:56.367 : User is logged out of session	[MsgId: MMSG-17999]
  2023-06-15 08:44:50.458 : IterationNum=17	[MsgId: MMSG-17999]
   USER 17 = user79:pwd79	[MsgId: MMSG-17999]
    2023-06-15 08:44:50.550 : Start page is opened	[MsgId: MMSG-17999]
    2023-06-15 08:44:54.843 : User is logged in with session 136638.371000405HAciDDzpcAiDDDDDtcVHApAVHcf	[MsgId: MMSG-17999]
    2023-06-15 08:44:59.235 : User is logged out of session	[MsgId: MMSG-17999]
  2023-06-15 08:46:56.472 : IterationNum=18	[MsgId: MMSG-17999]
   USER 18 = user79:pwd79	[MsgId: MMSG-17999]
    2023-06-15 08:46:56.566 : Start page is opened	[MsgId: MMSG-17999]
    2023-06-15 08:47:02.810 : User is logged in with session 136638.381206966HAciDDzpHDDDDDDDtcVHApAcAt	[MsgId: MMSG-17999]
    2023-06-15 08:47:08.680 : User is logged out of session	[MsgId: MMSG-17999]
