  2023-06-15 08:22:53.882 : IterationNum=1	[MsgId: MMSG-17999]
   USER 1 = user18:pwd18	[MsgId: MMSG-17999]
    2023-06-15 08:22:53.967 : Start page is opened	[MsgId: MMSG-17999]
    2023-06-15 08:22:59.212 : User is logged in with session 136638.264317537HAciDDApHcAiDDDDtcVzQpQitDcf	[MsgId: MMSG-17999]
    2023-06-15 08:23:04.671 : Search page opened	[MsgId: MMSG-17999]
    2023-06-15 08:23:19.933 : Flights found : 951;771;06/18/2023 and 592;819;06/15/2023	[MsgId: MMSG-17999]
    2023-06-15 08:23:19.934 : Sity depart : Zurich, Sity arrive : Portland	[MsgId: MMSG-17999]
    2023-06-15 08:23:29.476 : Found Seat Type : First, Seat Pref : Aisle	[MsgId: MMSG-17999]
    2023-06-15 08:23:43.393 : Booking is complect	[MsgId: MMSG-17999]
    2023-06-15 08:23:48.206 : Go to Home Page is complete	[MsgId: MMSG-17999]
    2023-06-15 08:23:53.191 : Booking is created : 106701917-1224737-up	[MsgId: MMSG-17999]
    2023-06-15 08:24:02.341 : Booking (106701917-1224737-up) is deleted	[MsgId: MMSG-17999]
    2023-06-15 08:24:07.624 : User is logged out of session	[MsgId: MMSG-17999]
  2023-06-15 08:34:53.894 : IterationNum=2	[MsgId: MMSG-17999]
   USER 2 = user19:pwd19	[MsgId: MMSG-17999]
    2023-06-15 08:34:53.988 : Start page is opened	[MsgId: MMSG-17999]
    2023-06-15 08:34:59.418 : User is logged in with session 136638.322640745HAciDDDpHcAiDDDDtcVHApAAcDcf	[MsgId: MMSG-17999]
    2023-06-15 08:35:05.211 : Search page opened	[MsgId: MMSG-17999]
    2023-06-15 08:35:19.979 : Flights found : 183;1447;06/18/2023 and 813;1447;06/15/2023	[MsgId: MMSG-17999]
    2023-06-15 08:35:19.980 : Sity depart : Frankfurt, Sity arrive : Sydney	[MsgId: MMSG-17999]
    2023-06-15 08:35:27.569 : Found Seat Type : Business, Seat Pref : Window	[MsgId: MMSG-17999]
    2023-06-15 08:35:46.159 : Booking is complect	[MsgId: MMSG-17999]
    2023-06-15 08:35:51.238 : Go to Home Page is complete	[MsgId: MMSG-17999]
    2023-06-15 08:35:57.265 : Booking is created : 3174141905-1394838-up	[MsgId: MMSG-17999]
    2023-06-15 08:36:06.495 : Booking (3174141905-1394838-up) is deleted	[MsgId: MMSG-17999]
    2023-06-15 08:36:10.537 : User is logged out of session	[MsgId: MMSG-17999]
  2023-06-15 08:46:53.901 : IterationNum=3	[MsgId: MMSG-17999]
   USER 3 = user20:pwd20	[MsgId: MMSG-17999]
    2023-06-15 08:46:53.995 : Start page is opened	[MsgId: MMSG-17999]
    2023-06-15 08:46:58.229 : User is logged in with session 136638.380963953HAciDDzpHcAiDDDDtcVHApAcADcf	[MsgId: MMSG-17999]
    2023-06-15 08:47:02.888 : Search page opened	[MsgId: MMSG-17999]
    2023-06-15 08:47:20.040 : Flights found : 930;649;06/18/2023 and 390;752;06/15/2023	[MsgId: MMSG-17999]
    2023-06-15 08:47:20.040 : Sity depart : Zurich, Sity arrive : Los Angeles	[MsgId: MMSG-17999]
    2023-06-15 08:47:29.646 : Found Seat Type : First, Seat Pref : Window	[MsgId: MMSG-17999]
    2023-06-15 08:47:41.744 : Booking is complect	[MsgId: MMSG-17999]
    2023-06-15 08:47:46.732 : Go to Home Page is complete	[MsgId: MMSG-17999]
    2023-06-15 08:47:51.716 : Booking is created : 57441875-1069338-up	[MsgId: MMSG-17999]
    2023-06-15 08:48:03.265 : Booking (57441875-1069338-up) is deleted	[MsgId: MMSG-17999]
    2023-06-15 08:48:08.787 : User is logged out of session	[MsgId: MMSG-17999]
