  2023-06-15 08:11:03.925 : IterationNum=1	[MsgId: MMSG-17999]
   USER 1 = user46:pwd46	[MsgId: MMSG-17999]
    2023-06-15 08:11:04.014 : Start page is opened	[MsgId: MMSG-17999]
    2023-06-15 08:11:08.230 : User is logged in with session 136638.206804374HAciDcHpHzcftcVzQpQzzfHf	[MsgId: MMSG-17999]
    2023-06-15 08:11:13.262 : Search page opened	[MsgId: MMSG-17999]
    2023-06-15 08:11:28.315 : Flights found : 021;437;06/18/2023 and 200;491;06/15/2023	[MsgId: MMSG-17999]
    2023-06-15 08:11:28.315 : Sity depart : Denver, Sity arrive : London	[MsgId: MMSG-17999]
    2023-06-15 08:11:36.199 : Found Seat Type : Business, Seat Pref : Aisle	[MsgId: MMSG-17999]
    2023-06-15 08:11:40.477 : User is logged out of session	[MsgId: MMSG-17999]
  2023-06-15 08:13:43.926 : IterationNum=2	[MsgId: MMSG-17999]
   USER 2 = user47:pwd47	[MsgId: MMSG-17999]
    2023-06-15 08:13:44.018 : Start page is opened	[MsgId: MMSG-17999]
    2023-06-15 08:13:48.979 : User is logged in with session 136638.219765087HAciDciptcQVzzzHtcVzQpQHAfHf	[MsgId: MMSG-17999]
    2023-06-15 08:13:53.222 : Search page opened	[MsgId: MMSG-17999]
    2023-06-15 08:14:09.241 : Flights found : 510;464;06/18/2023 and 152;438;06/15/2023	[MsgId: MMSG-17999]
    2023-06-15 08:14:09.241 : Sity depart : Portland, Sity arrive : Frankfurt	[MsgId: MMSG-17999]
    2023-06-15 08:14:17.572 : Found Seat Type : Business, Seat Pref : Aisle	[MsgId: MMSG-17999]
    2023-06-15 08:14:23.606 : User is logged out of session	[MsgId: MMSG-17999]
  2023-06-15 08:16:23.938 : IterationNum=3	[MsgId: MMSG-17999]
   USER 3 = user48:pwd48	[MsgId: MMSG-17999]
    2023-06-15 08:16:24.031 : Start page is opened	[MsgId: MMSG-17999]
    2023-06-15 08:16:28.295 : User is logged in with session 136638.2327258HAciDcQpAQfiDDDDtcVzQpQHtfHf	[MsgId: MMSG-17999]
    2023-06-15 08:16:32.852 : Search page opened	[MsgId: MMSG-17999]
    2023-06-15 08:16:47.039 : Flights found : 741;533;06/18/2023 and 470;598;06/15/2023	[MsgId: MMSG-17999]
    2023-06-15 08:16:47.039 : Sity depart : Seattle, Sity arrive : Paris	[MsgId: MMSG-17999]
    2023-06-15 08:16:56.913 : Found Seat Type : Coach, Seat Pref : Aisle	[MsgId: MMSG-17999]
    2023-06-15 08:17:02.347 : User is logged out of session	[MsgId: MMSG-17999]
  2023-06-15 08:19:03.938 : IterationNum=4	[MsgId: MMSG-17999]
   USER 4 = user48:pwd48	[MsgId: MMSG-17999]
    2023-06-15 08:19:04.032 : Start page is opened	[MsgId: MMSG-17999]
    2023-06-15 08:19:10.403 : User is logged in with session 136638.245686513HAciDcQpHzcftcVzQpQHifHf	[MsgId: MMSG-17999]
    2023-06-15 08:19:16.102 : Search page opened	[MsgId: MMSG-17999]
    2023-06-15 08:19:29.994 : Flights found : 230;773;06/18/2023 and 322;731;06/15/2023	[MsgId: MMSG-17999]
    2023-06-15 08:19:29.994 : Sity depart : London, Sity arrive : Los Angeles	[MsgId: MMSG-17999]
    2023-06-15 08:19:41.827 : Found Seat Type : Coach, Seat Pref : Window	[MsgId: MMSG-17999]
    2023-06-15 08:19:47.104 : User is logged out of session	[MsgId: MMSG-17999]
  2023-06-15 08:21:43.943 : IterationNum=5	[MsgId: MMSG-17999]
   USER 5 = user48:pwd48	[MsgId: MMSG-17999]
    2023-06-15 08:21:44.037 : Start page is opened	[MsgId: MMSG-17999]
    2023-06-15 08:21:49.608 : User is logged in with session 136638.258647226HAciDDAptcQVzzzHtcVzQpQicfHf	[MsgId: MMSG-17999]
    2023-06-15 08:21:53.489 : Search page opened	[MsgId: MMSG-17999]
    2023-06-15 08:22:05.239 : Flights found : 150;464;06/18/2023 and 511;413;06/15/2023	[MsgId: MMSG-17999]
    2023-06-15 08:22:05.239 : Sity depart : Frankfurt, Sity arrive : Portland	[MsgId: MMSG-17999]
    2023-06-15 08:22:17.560 : Found Seat Type : Business, Seat Pref : Window	[MsgId: MMSG-17999]
    2023-06-15 08:22:23.543 : User is logged out of session	[MsgId: MMSG-17999]
  2023-06-15 08:24:23.944 : IterationNum=6	[MsgId: MMSG-17999]
   USER 6 = user48:pwd48	[MsgId: MMSG-17999]
    2023-06-15 08:24:24.039 : Start page is opened	[MsgId: MMSG-17999]
    2023-06-15 08:24:29.934 : User is logged in with session 136638.271607938HAciDDVpAQfiDDDDtcVzQpQizfHf	[MsgId: MMSG-17999]
    2023-06-15 08:24:36.273 : Search page opened	[MsgId: MMSG-17999]
    2023-06-15 08:24:49.082 : Flights found : 753;76;06/18/2023 and 571;83;06/15/2023	[MsgId: MMSG-17999]
    2023-06-15 08:24:49.082 : Sity depart : Seattle, Sity arrive : Portland	[MsgId: MMSG-17999]
    2023-06-15 08:24:57.546 : Found Seat Type : Business, Seat Pref : Window	[MsgId: MMSG-17999]
    2023-06-15 08:25:01.695 : User is logged out of session	[MsgId: MMSG-17999]
  2023-06-15 08:27:03.944 : IterationNum=7	[MsgId: MMSG-17999]
   USER 7 = user48:pwd48	[MsgId: MMSG-17999]
    2023-06-15 08:27:04.038 : Start page is opened	[MsgId: MMSG-17999]
    2023-06-15 08:27:08.497 : User is logged in with session 136638.284568651HAciDDVpHzcftcVzQpQQAfHf	[MsgId: MMSG-17999]
    2023-06-15 08:27:12.709 : Search page opened	[MsgId: MMSG-17999]
    2023-06-15 08:27:25.503 : Flights found : 252;525;06/18/2023 and 523;454;06/15/2023	[MsgId: MMSG-17999]
    2023-06-15 08:27:25.503 : Sity depart : London, Sity arrive : Portland	[MsgId: MMSG-17999]
    2023-06-15 08:27:34.741 : Found Seat Type : Coach, Seat Pref : None	[MsgId: MMSG-17999]
    2023-06-15 08:27:40.048 : User is logged out of session	[MsgId: MMSG-17999]
  2023-06-15 08:29:43.955 : IterationNum=8	[MsgId: MMSG-17999]
   USER 8 = user48:pwd48	[MsgId: MMSG-17999]
    2023-06-15 08:29:44.049 : Start page is opened	[MsgId: MMSG-17999]
    2023-06-15 08:29:50.103 : User is logged in with session 136638.297529364HAciDDcptcQVzzzHtcVzQpQQtfHf	[MsgId: MMSG-17999]
    2023-06-15 08:29:56.308 : Search page opened	[MsgId: MMSG-17999]
    2023-06-15 08:30:09.666 : Flights found : 200;338;06/18/2023 and 020;338;06/15/2023	[MsgId: MMSG-17999]
    2023-06-15 08:30:09.666 : Sity depart : London, Sity arrive : Denver	[MsgId: MMSG-17999]
    2023-06-15 08:30:17.826 : Found Seat Type : Coach, Seat Pref : Aisle	[MsgId: MMSG-17999]
    2023-06-15 08:30:23.206 : User is logged out of session	[MsgId: MMSG-17999]
  2023-06-15 08:32:23.965 : IterationNum=9	[MsgId: MMSG-17999]
   USER 9 = user48:pwd48	[MsgId: MMSG-17999]
    2023-06-15 08:32:24.059 : Start page is opened	[MsgId: MMSG-17999]
    2023-06-15 08:32:30.180 : User is logged in with session 136638.310490077HAciDDDpAQfiDDDDtcVzQpQQifHf	[MsgId: MMSG-17999]
    2023-06-15 08:32:35.966 : Search page opened	[MsgId: MMSG-17999]
    2023-06-15 08:32:51.197 : Flights found : 963;577;06/18/2023 and 692;666;06/15/2023	[MsgId: MMSG-17999]
    2023-06-15 08:32:51.197 : Sity depart : Zurich, Sity arrive : San Francisco	[MsgId: MMSG-17999]
    2023-06-15 08:32:59.549 : Found Seat Type : First, Seat Pref : Window	[MsgId: MMSG-17999]
    2023-06-15 08:33:05.155 : User is logged out of session	[MsgId: MMSG-17999]
  2023-06-15 08:35:03.976 : IterationNum=10	[MsgId: MMSG-17999]
   USER 10 = user48:pwd48	[MsgId: MMSG-17999]
    2023-06-15 08:35:04.070 : Start page is opened	[MsgId: MMSG-17999]
    2023-06-15 08:35:08.729 : User is logged in with session 136638.323531794HAciDDDpHzzzzzzHtcVHApAAcz	[MsgId: MMSG-17999]
    2023-06-15 08:35:13.045 : Search page opened	[MsgId: MMSG-17999]
           ERROR : Sity depart : Seattle Sity arrive : Seattle	[MsgId: MMSG-17999]
           ERROR FIXED : Sity depart : Seattle Sity arrive : Portland	[MsgId: MMSG-17999]
    2023-06-15 08:35:26.975 : Flights found : 751;83;06/18/2023 and 572;88;06/15/2023	[MsgId: MMSG-17999]
    2023-06-15 08:35:26.975 : Sity depart : Seattle, Sity arrive : Portland	[MsgId: MMSG-17999]
    2023-06-15 08:35:38.486 : Found Seat Type : Business, Seat Pref : None	[MsgId: MMSG-17999]
    2023-06-15 08:35:42.630 : User is logged out of session	[MsgId: MMSG-17999]
  2023-06-15 08:37:43.983 : IterationNum=11	[MsgId: MMSG-17999]
   USER 11 = user48:pwd48	[MsgId: MMSG-17999]
    2023-06-15 08:37:44.078 : Start page is opened	[MsgId: MMSG-17999]
    2023-06-15 08:37:48.384 : User is logged in with session 136638.336492507HAciDDtptDDDDDDDtcVHApAAzz	[MsgId: MMSG-17999]
    2023-06-15 08:37:52.596 : Search page opened	[MsgId: MMSG-17999]
    2023-06-15 08:38:10.280 : Flights found : 031;420;06/18/2023 and 300;472;06/15/2023	[MsgId: MMSG-17999]
    2023-06-15 08:38:10.280 : Sity depart : Denver, Sity arrive : Los Angeles	[MsgId: MMSG-17999]
    2023-06-15 08:38:18.559 : Found Seat Type : First, Seat Pref : Aisle	[MsgId: MMSG-17999]
    2023-06-15 08:38:23.258 : User is logged out of session	[MsgId: MMSG-17999]
  2023-06-15 08:40:23.998 : IterationNum=12	[MsgId: MMSG-17999]
   USER 12 = user48:pwd48	[MsgId: MMSG-17999]
    2023-06-15 08:40:24.093 : Start page is opened	[MsgId: MMSG-17999]
    2023-06-15 08:40:28.913 : User is logged in with session 136638.34945322HAciDDfpVtcVHApAVAz	[MsgId: MMSG-17999]
    2023-06-15 08:40:34.566 : Search page opened	[MsgId: MMSG-17999]
    2023-06-15 08:40:46.908 : Flights found : 291;166;06/18/2023 and 920;187;06/15/2023	[MsgId: MMSG-17999]
    2023-06-15 08:40:46.908 : Sity depart : London, Sity arrive : Zurich	[MsgId: MMSG-17999]
    2023-06-15 08:40:57.799 : Found Seat Type : Coach, Seat Pref : Window	[MsgId: MMSG-17999]
    2023-06-15 08:41:01.768 : User is logged out of session	[MsgId: MMSG-17999]
  2023-06-15 08:43:04.007 : IterationNum=13	[MsgId: MMSG-17999]
   USER 13 = user48:pwd48	[MsgId: MMSG-17999]
    2023-06-15 08:43:04.100 : Start page is opened	[MsgId: MMSG-17999]
    2023-06-15 08:43:09.180 : User is logged in with session 136638.362413933HAciDDfpHzzzzzzHtcVHApAVtz	[MsgId: MMSG-17999]
    2023-06-15 08:43:15.022 : Search page opened	[MsgId: MMSG-17999]
    2023-06-15 08:43:29.428 : Flights found : 290;350;06/18/2023 and 920;350;06/15/2023	[MsgId: MMSG-17999]
    2023-06-15 08:43:29.428 : Sity depart : London, Sity arrive : Zurich	[MsgId: MMSG-17999]
    2023-06-15 08:43:39.177 : Found Seat Type : First, Seat Pref : Window	[MsgId: MMSG-17999]
    2023-06-15 08:43:44.875 : User is logged out of session	[MsgId: MMSG-17999]
  2023-06-15 08:45:44.009 : IterationNum=14	[MsgId: MMSG-17999]
   USER 14 = user48:pwd48	[MsgId: MMSG-17999]
    2023-06-15 08:45:44.103 : Start page is opened	[MsgId: MMSG-17999]
    2023-06-15 08:45:49.172 : User is logged in with session 136638.375374646HAciDDzptDDDDDDDtcVHApAViz	[MsgId: MMSG-17999]
    2023-06-15 08:45:53.982 : Search page opened	[MsgId: MMSG-17999]
    2023-06-15 08:46:09.957 : Flights found : 651;126;06/18/2023 and 563;116;06/15/2023	[MsgId: MMSG-17999]
    2023-06-15 08:46:09.957 : Sity depart : San Francisco, Sity arrive : Portland	[MsgId: MMSG-17999]
    2023-06-15 08:46:20.238 : Found Seat Type : First, Seat Pref : Window	[MsgId: MMSG-17999]
    2023-06-15 08:46:24.963 : User is logged out of session	[MsgId: MMSG-17999]
  2023-06-15 08:48:24.021 : IterationNum=15	[MsgId: MMSG-17999]
   USER 15 = user48:pwd48	[MsgId: MMSG-17999]
    2023-06-15 08:48:24.113 : Start page is opened	[MsgId: MMSG-17999]
    2023-06-15 08:48:30.148 : User is logged in with session 136638.388335358HAciDDHpVtcVHApAccz	[MsgId: MMSG-17999]
    2023-06-15 08:48:34.158 : Search page opened	[MsgId: MMSG-17999]
    2023-06-15 08:48:49.656 : Flights found : 103;458;06/18/2023 and 010;559;06/15/2023	[MsgId: MMSG-17999]
    2023-06-15 08:48:49.656 : Sity depart : Frankfurt, Sity arrive : Denver	[MsgId: MMSG-17999]
    2023-06-15 08:49:00.449 : Found Seat Type : Business, Seat Pref : None	[MsgId: MMSG-17999]
    2023-06-15 08:49:04.416 : User is logged out of session	[MsgId: MMSG-17999]
