  2023-06-15 08:11:09.300 : IterationNum=1	[MsgId: MMSG-17999]
   USER 1 = user78:pwd78	[MsgId: MMSG-17999]
    2023-06-15 08:11:09.397 : Start page is opened	[MsgId: MMSG-17999]
    2023-06-15 08:11:14.070 : User is logged in with session 136638.207290401HAciDcHpHiHftcVzQpQzzHcf	[MsgId: MMSG-17999]
    2023-06-15 08:11:18.025 : User is logged out of session	[MsgId: MMSG-17999]
  2023-06-15 08:13:15.307 : IterationNum=2	[MsgId: MMSG-17999]
   USER 2 = user78:pwd78	[MsgId: MMSG-17999]
    2023-06-15 08:13:15.400 : Start page is opened	[MsgId: MMSG-17999]
    2023-06-15 08:13:21.621 : User is logged in with session 136638.217496962HAciDcipDVcftcVzQpQzQiHf	[MsgId: MMSG-17999]
    2023-06-15 08:13:25.586 : User is logged out of session	[MsgId: MMSG-17999]
  2023-06-15 08:15:21.311 : IterationNum=3	[MsgId: MMSG-17999]
   USER 3 = user78:pwd78	[MsgId: MMSG-17999]
    2023-06-15 08:15:21.403 : Start page is opened	[MsgId: MMSG-17999]
    2023-06-15 08:15:26.526 : User is logged in with session 136638.227703524HAciDcipiDHftcVzQpQHDAcf	[MsgId: MMSG-17999]
    2023-06-15 08:15:30.683 : User is logged out of session	[MsgId: MMSG-17999]
  2023-06-15 08:17:27.322 : IterationNum=4	[MsgId: MMSG-17999]
   USER 4 = user78:pwd78	[MsgId: MMSG-17999]
    2023-06-15 08:17:27.415 : Start page is opened	[MsgId: MMSG-17999]
    2023-06-15 08:17:32.335 : User is logged in with session 136638.237910085HAciDcQpDzcftcVzQpQHzVHf	[MsgId: MMSG-17999]
    2023-06-15 08:17:38.214 : User is logged out of session	[MsgId: MMSG-17999]
  2023-06-15 08:19:33.330 : IterationNum=5	[MsgId: MMSG-17999]
   USER 5 = user78:pwd78	[MsgId: MMSG-17999]
    2023-06-15 08:19:33.424 : Start page is opened	[MsgId: MMSG-17999]
    2023-06-15 08:19:38.763 : User is logged in with session 136638.248116646HAciDcQpiiHftcVzQpQHQDcf	[MsgId: MMSG-17999]
    2023-06-15 08:19:42.730 : User is logged out of session	[MsgId: MMSG-17999]
  2023-06-15 08:21:39.338 : IterationNum=6	[MsgId: MMSG-17999]
   USER 6 = user78:pwd78	[MsgId: MMSG-17999]
    2023-06-15 08:21:39.431 : Start page is opened	[MsgId: MMSG-17999]
    2023-06-15 08:21:45.152 : User is logged in with session 136638.258323208HAciDDAptVcftcVzQpQictHf	[MsgId: MMSG-17999]
    2023-06-15 08:21:50.597 : User is logged out of session	[MsgId: MMSG-17999]
  2023-06-15 08:23:45.352 : IterationNum=7	[MsgId: MMSG-17999]
   USER 7 = user78:pwd78	[MsgId: MMSG-17999]
    2023-06-15 08:23:45.447 : Start page is opened	[MsgId: MMSG-17999]
    2023-06-15 08:23:49.943 : User is logged in with session 136638.268529769HAciDDApQDHftcVzQpQifzcf	[MsgId: MMSG-17999]
    2023-06-15 08:23:54.256 : User is logged out of session	[MsgId: MMSG-17999]
  2023-06-15 08:25:51.359 : IterationNum=8	[MsgId: MMSG-17999]
   USER 8 = user78:pwd78	[MsgId: MMSG-17999]
    2023-06-15 08:25:51.450 : Start page is opened	[MsgId: MMSG-17999]
    2023-06-15 08:25:57.813 : User is logged in with session 136638.278736331HAciDDVptzcftcVzQpQiiHHf	[MsgId: MMSG-17999]
    2023-06-15 08:26:02.875 : User is logged out of session	[MsgId: MMSG-17999]
  2023-06-15 08:27:57.371 : IterationNum=9	[MsgId: MMSG-17999]
   USER 9 = user78:pwd78	[MsgId: MMSG-17999]
    2023-06-15 08:27:57.463 : Start page is opened	[MsgId: MMSG-17999]
    2023-06-15 08:28:03.013 : User is logged in with session 136638.288942892HAciDDVpQiHftcVzQpQQVQcf	[MsgId: MMSG-17999]
    2023-06-15 08:28:07.988 : User is logged out of session	[MsgId: MMSG-17999]
  2023-06-15 08:30:03.383 : IterationNum=10	[MsgId: MMSG-17999]
   USER 10 = user78:pwd78	[MsgId: MMSG-17999]
    2023-06-15 08:30:03.475 : Start page is opened	[MsgId: MMSG-17999]
    2023-06-15 08:30:08.181 : User is logged in with session 136638.299149453HAciDDcpfVcftcVzQpQQfAHf	[MsgId: MMSG-17999]
    2023-06-15 08:30:13.943 : User is logged out of session	[MsgId: MMSG-17999]
  2023-06-15 08:32:09.394 : IterationNum=11	[MsgId: MMSG-17999]
   USER 11 = user78:pwd78	[MsgId: MMSG-17999]
    2023-06-15 08:32:09.487 : Start page is opened	[MsgId: MMSG-17999]
    2023-06-15 08:32:13.371 : User is logged in with session 136638.309356015HAciDDDpADHftcVzQpQQiccf	[MsgId: MMSG-17999]
    2023-06-15 08:32:18.300 : User is logged out of session	[MsgId: MMSG-17999]
  2023-06-15 08:34:15.401 : IterationNum=12	[MsgId: MMSG-17999]
   USER 12 = user78:pwd78	[MsgId: MMSG-17999]
    2023-06-15 08:34:15.492 : Start page is opened	[MsgId: MMSG-17999]
    2023-06-15 08:34:19.424 : User is logged in with session 136638.319562576HAciDDDpfzcftcVHApAAVDHf	[MsgId: MMSG-17999]
    2023-06-15 08:34:25.252 : User is logged out of session	[MsgId: MMSG-17999]
  2023-06-15 08:36:21.412 : IterationNum=13	[MsgId: MMSG-17999]
   USER 13 = user78:pwd78	[MsgId: MMSG-17999]
    2023-06-15 08:36:21.506 : Start page is opened	[MsgId: MMSG-17999]
    2023-06-15 08:36:25.424 : User is logged in with session 136638.329769137HAciDDtpAiHftcVHApAAtfcf	[MsgId: MMSG-17999]
    2023-06-15 08:36:31.496 : User is logged out of session	[MsgId: MMSG-17999]
  2023-06-15 08:38:27.416 : IterationNum=14	[MsgId: MMSG-17999]
   USER 14 = user78:pwd78	[MsgId: MMSG-17999]
    2023-06-15 08:38:27.508 : Start page is opened	[MsgId: MMSG-17999]
    2023-06-15 08:38:32.961 : User is logged in with session 136638.339975699HAciDDtpzVcftcVHApAAHzHf	[MsgId: MMSG-17999]
    2023-06-15 08:38:38.760 : User is logged out of session	[MsgId: MMSG-17999]
  2023-06-15 08:40:33.431 : IterationNum=15	[MsgId: MMSG-17999]
   USER 15 = user78:pwd78	[MsgId: MMSG-17999]
    2023-06-15 08:40:33.523 : Start page is opened	[MsgId: MMSG-17999]
    2023-06-15 08:40:39.518 : User is logged in with session 136638.35018226HAciDDfpVDHftcVHApAVAicf	[MsgId: MMSG-17999]
    2023-06-15 08:40:44.480 : User is logged out of session	[MsgId: MMSG-17999]
  2023-06-15 08:42:39.444 : IterationNum=16	[MsgId: MMSG-17999]
   USER 16 = user78:pwd78	[MsgId: MMSG-17999]
    2023-06-15 08:42:39.553 : Start page is opened	[MsgId: MMSG-17999]
    2023-06-15 08:42:45.361 : User is logged in with session 136638.360388821HAciDDfpzzcftcVHApAVDQHf	[MsgId: MMSG-17999]
    2023-06-15 08:42:50.996 : User is logged out of session	[MsgId: MMSG-17999]
  2023-06-15 08:44:45.444 : IterationNum=17	[MsgId: MMSG-17999]
   USER 17 = user78:pwd78	[MsgId: MMSG-17999]
    2023-06-15 08:44:45.538 : Start page is opened	[MsgId: MMSG-17999]
    2023-06-15 08:44:51.729 : User is logged in with session 136638.370595383HAciDDzpViHftcVHApAVHVcf	[MsgId: MMSG-17999]
    2023-06-15 08:44:57.482 : User is logged out of session	[MsgId: MMSG-17999]
  2023-06-15 08:46:51.452 : IterationNum=18	[MsgId: MMSG-17999]
   USER 18 = user78:pwd78	[MsgId: MMSG-17999]
    2023-06-15 08:46:51.545 : Start page is opened	[MsgId: MMSG-17999]
    2023-06-15 08:46:55.648 : User is logged in with session 136638.380801944HAciDDzpHVcftcVHApAcAcHf	[MsgId: MMSG-17999]
    2023-06-15 08:47:00.717 : User is logged out of session	[MsgId: MMSG-17999]
