  2023-06-15 07:10:54.050 : IterationNum=1	[MsgId: MMSG-17999]
   USER 1 = jojo:bean	[MsgId: MMSG-17999]
    2023-06-15 07:10:54.137 : Start page is opened	[MsgId: MMSG-17999]
    2023-06-15 07:10:58.941 : User is logged in with session 136637.914459295HAciDVcpHcftcVzQpiHzDf	[MsgId: MMSG-17999]
    2023-06-15 07:11:02.877 : Search page opened	[MsgId: MMSG-17999]
    2023-06-15 07:11:16.590 : Flights found : 362;82;06/18/2023 and 630;87;06/15/2023	[MsgId: MMSG-17999]
    2023-06-15 07:11:16.590 : Sity depart : Los Angeles, Sity arrive : San Francisco	[MsgId: MMSG-17999]
    2023-06-15 07:11:28.113 : Found Seat Type : Business, Seat Pref : Aisle	[MsgId: MMSG-17999]
    2023-06-15 07:11:46.549 : Booking is complect	[MsgId: MMSG-17999]
    2023-06-15 07:11:52.006 : Go to Home Page is complete	[MsgId: MMSG-17999]
    2023-06-15 07:11:56.256 : Booking is created : 30890232-125397-jb	[MsgId: MMSG-17999]
    2023-06-15 07:12:08.357 : Booking (30890232-125397-jb) is deleted	[MsgId: MMSG-17999]
    2023-06-15 07:12:14.196 : User is logged out of session	[MsgId: MMSG-17999]
  2023-06-15 07:22:54.057 : IterationNum=2	[MsgId: MMSG-17999]
   USER 2 = user1:pwd1	[MsgId: MMSG-17999]
    2023-06-15 07:22:54.149 : Start page is opened	[MsgId: MMSG-17999]
    2023-06-15 07:22:59.658 : User is logged in with session 136637.972782503HAciDVfpHcftcVzQpiQtDf	[MsgId: MMSG-17999]
    2023-06-15 07:23:04.046 : Search page opened	[MsgId: MMSG-17999]
    2023-06-15 07:23:17.431 : Flights found : 302;238;06/18/2023 and 032;238;06/15/2023	[MsgId: MMSG-17999]
    2023-06-15 07:23:17.431 : Sity depart : Los Angeles, Sity arrive : Denver	[MsgId: MMSG-17999]
    2023-06-15 07:23:28.103 : Found Seat Type : Coach, Seat Pref : Window	[MsgId: MMSG-17999]
    2023-06-15 07:23:43.110 : Booking is complect	[MsgId: MMSG-17999]
    2023-06-15 07:23:47.812 : Go to Home Page is complete	[MsgId: MMSG-17999]
    2023-06-15 07:23:53.504 : Booking is created : 306307490-79421-up	[MsgId: MMSG-17999]
    2023-06-15 07:24:02.784 : Booking (306307490-79421-up) is deleted	[MsgId: MMSG-17999]
    2023-06-15 07:24:08.097 : User is logged out of session	[MsgId: MMSG-17999]
  2023-06-15 07:34:54.067 : IterationNum=3	[MsgId: MMSG-17999]
   USER 3 = user2:pwd2	[MsgId: MMSG-17999]
    2023-06-15 07:34:54.160 : Start page is opened	[MsgId: MMSG-17999]
    2023-06-15 07:34:59.535 : User is logged in with session 136638.031105711HAciDVipHcftcVzQpQVcDf	[MsgId: MMSG-17999]
    2023-06-15 07:35:03.943 : Search page opened	[MsgId: MMSG-17999]
    2023-06-15 07:35:17.147 : Flights found : 913;303;06/18/2023 and 190;371;06/15/2023	[MsgId: MMSG-17999]
    2023-06-15 07:35:17.147 : Sity depart : Zurich, Sity arrive : Frankfurt	[MsgId: MMSG-17999]
    2023-06-15 07:35:27.049 : Found Seat Type : First, Seat Pref : None	[MsgId: MMSG-17999]
    2023-06-15 07:35:44.109 : Booking is complect	[MsgId: MMSG-17999]
    2023-06-15 07:35:50.348 : Go to Home Page is complete	[MsgId: MMSG-17999]
    2023-06-15 07:35:55.240 : Booking is created : 340404196-91590-up	[MsgId: MMSG-17999]
    2023-06-15 07:36:06.731 : Booking (340404196-91590-up) is deleted	[MsgId: MMSG-17999]
    2023-06-15 07:36:11.379 : User is logged out of session	[MsgId: MMSG-17999]
  2023-06-15 07:46:54.068 : IterationNum=4	[MsgId: MMSG-17999]
   USER 4 = user3:pwd3	[MsgId: MMSG-17999]
    2023-06-15 07:46:54.161 : Start page is opened	[MsgId: MMSG-17999]
    2023-06-15 07:46:59.176 : User is logged in with session 136638.089428919HAciDcVpHcftcVzQpQDADf	[MsgId: MMSG-17999]
    2023-06-15 07:47:04.469 : Search page opened	[MsgId: MMSG-17999]
    2023-06-15 07:47:16.300 : Flights found : 711;659;06/18/2023 and 171;659;06/15/2023	[MsgId: MMSG-17999]
    2023-06-15 07:47:16.300 : Sity depart : Seattle, Sity arrive : Frankfurt	[MsgId: MMSG-17999]
    2023-06-15 07:47:26.672 : Found Seat Type : Business, Seat Pref : Aisle	[MsgId: MMSG-17999]
    2023-06-15 07:47:39.474 : Booking is complect	[MsgId: MMSG-17999]
    2023-06-15 07:47:45.020 : Go to Home Page is complete	[MsgId: MMSG-17999]
    2023-06-15 07:47:51.340 : Booking is created : 154100431-900870-up	[MsgId: MMSG-17999]
    2023-06-15 07:48:01.014 : Booking (154100431-900870-up) is deleted	[MsgId: MMSG-17999]
    2023-06-15 07:48:06.003 : User is logged out of session	[MsgId: MMSG-17999]
  2023-06-15 07:58:54.072 : IterationNum=5	[MsgId: MMSG-17999]
   USER 5 = user4:pwd4	[MsgId: MMSG-17999]
    2023-06-15 07:58:54.166 : Start page is opened	[MsgId: MMSG-17999]
    2023-06-15 07:58:59.803 : User is logged in with session 136638.147752126HAciDctpHcftcVzQpQtiDf	[MsgId: MMSG-17999]
    2023-06-15 07:59:05.552 : Search page opened	[MsgId: MMSG-17999]
    2023-06-15 07:59:23.124 : Flights found : 870;801;06/18/2023 and 782;758;06/15/2023	[MsgId: MMSG-17999]
    2023-06-15 07:59:23.124 : Sity depart : Sydney, Sity arrive : Seattle	[MsgId: MMSG-17999]
    2023-06-15 07:59:35.613 : Found Seat Type : Coach, Seat Pref : Aisle	[MsgId: MMSG-17999]
    2023-06-15 07:59:53.146 : Booking is complect	[MsgId: MMSG-17999]
    2023-06-15 07:59:59.217 : Go to Home Page is complete	[MsgId: MMSG-17999]
    2023-06-15 08:00:03.586 : Booking is created : 365587807-1370889-up	[MsgId: MMSG-17999]
    2023-06-15 08:00:11.908 : Booking (365587807-1370889-up) is deleted	[MsgId: MMSG-17999]
    2023-06-15 08:00:15.887 : User is logged out of session	[MsgId: MMSG-17999]
  2023-06-15 08:10:54.078 : IterationNum=6	[MsgId: MMSG-17999]
   USER 6 = user5:pwd5	[MsgId: MMSG-17999]
    2023-06-15 08:10:54.186 : Start page is opened	[MsgId: MMSG-17999]
    2023-06-15 08:10:59.895 : User is logged in with session 136638.206075334HAciDcHpHcftcVzQpQzzDf	[MsgId: MMSG-17999]
    2023-06-15 08:11:05.602 : Search page opened	[MsgId: MMSG-17999]
    2023-06-15 08:11:23.593 : Flights found : 020;635;06/18/2023 and 202;600;06/15/2023	[MsgId: MMSG-17999]
    2023-06-15 08:11:23.594 : Sity depart : Denver, Sity arrive : London	[MsgId: MMSG-17999]
    2023-06-15 08:11:33.096 : Found Seat Type : First, Seat Pref : None	[MsgId: MMSG-17999]
    2023-06-15 08:11:47.470 : Booking is complect	[MsgId: MMSG-17999]
    2023-06-15 08:11:53.397 : Go to Home Page is complete	[MsgId: MMSG-17999]
    2023-06-15 08:11:59.009 : Booking is created : 350371134-924710-up	[MsgId: MMSG-17999]
    2023-06-15 08:12:08.917 : Booking (350371134-924710-up) is deleted	[MsgId: MMSG-17999]
    2023-06-15 08:12:13.683 : User is logged out of session	[MsgId: MMSG-17999]
  2023-06-15 08:22:54.090 : IterationNum=7	[MsgId: MMSG-17999]
   USER 7 = user5:pwd5	[MsgId: MMSG-17999]
    2023-06-15 08:22:54.183 : Start page is opened	[MsgId: MMSG-17999]
    2023-06-15 08:22:58.140 : User is logged in with session 136638.264398542HAciDDApHcftcVzQpQitDf	[MsgId: MMSG-17999]
    2023-06-15 08:23:03.821 : Search page opened	[MsgId: MMSG-17999]
    2023-06-15 08:23:17.870 : Flights found : 022;600;06/18/2023 and 200;635;06/15/2023	[MsgId: MMSG-17999]
    2023-06-15 08:23:17.870 : Sity depart : Denver, Sity arrive : London	[MsgId: MMSG-17999]
    2023-06-15 08:23:27.293 : Found Seat Type : First, Seat Pref : Aisle	[MsgId: MMSG-17999]
    2023-06-15 08:23:39.511 : Booking is complect	[MsgId: MMSG-17999]
    2023-06-15 08:23:43.656 : Go to Home Page is complete	[MsgId: MMSG-17999]
    2023-06-15 08:23:48.596 : Booking is created : 350371207-923171-up	[MsgId: MMSG-17999]
    2023-06-15 08:24:00.559 : Booking (350371207-923171-up) is deleted	[MsgId: MMSG-17999]
    2023-06-15 08:24:04.874 : User is logged out of session	[MsgId: MMSG-17999]
  2023-06-15 08:34:54.098 : IterationNum=8	[MsgId: MMSG-17999]
   USER 8 = user5:pwd5	[MsgId: MMSG-17999]
    2023-06-15 08:34:54.193 : Start page is opened	[MsgId: MMSG-17999]
    2023-06-15 08:34:58.444 : User is logged in with session 136638.32272175HAciDDDpHcftcVHApAAcDf	[MsgId: MMSG-17999]
    2023-06-15 08:35:02.903 : Search page opened	[MsgId: MMSG-17999]
    2023-06-15 08:35:16.791 : Flights found : 291;241;06/18/2023 and 921;241;06/15/2023	[MsgId: MMSG-17999]
    2023-06-15 08:35:16.791 : Sity depart : London, Sity arrive : Zurich	[MsgId: MMSG-17999]
    2023-06-15 08:35:26.966 : Found Seat Type : Business, Seat Pref : Aisle	[MsgId: MMSG-17999]
    2023-06-15 08:35:41.901 : Booking is complect	[MsgId: MMSG-17999]
    2023-06-15 08:35:47.097 : Go to Home Page is complete	[MsgId: MMSG-17999]
    2023-06-15 08:35:53.139 : Booking is created : 350381157-147806-up	[MsgId: MMSG-17999]
    2023-06-15 08:36:05.377 : Booking (350381157-147806-up) is deleted	[MsgId: MMSG-17999]
    2023-06-15 08:36:10.091 : User is logged out of session	[MsgId: MMSG-17999]
  2023-06-15 08:46:54.102 : IterationNum=9	[MsgId: MMSG-17999]
   USER 9 = user5:pwd5	[MsgId: MMSG-17999]
    2023-06-15 08:46:54.195 : Start page is opened	[MsgId: MMSG-17999]
    2023-06-15 08:46:58.929 : User is logged in with session 136638.381044957HAciDDzpHcftcVHApAcADf	[MsgId: MMSG-17999]
    2023-06-15 08:47:03.368 : Search page opened	[MsgId: MMSG-17999]
    2023-06-15 08:47:18.184 : Flights found : 891;1386;06/18/2023 and 981;1386;06/15/2023	[MsgId: MMSG-17999]
    2023-06-15 08:47:18.184 : Sity depart : Sydney, Sity arrive : Zurich	[MsgId: MMSG-17999]
    2023-06-15 08:47:30.287 : Found Seat Type : Business, Seat Pref : Window	[MsgId: MMSG-17999]
    2023-06-15 08:47:46.698 : Booking is complect	[MsgId: MMSG-17999]
    2023-06-15 08:47:51.578 : Go to Home Page is complete	[MsgId: MMSG-17999]
    2023-06-15 08:47:57.185 : Booking is created : 3504033755-1524059-up	[MsgId: MMSG-17999]
    2023-06-15 08:48:09.493 : Booking (3504033755-1524059-up) is deleted	[MsgId: MMSG-17999]
    2023-06-15 08:48:13.393 : User is logged out of session	[MsgId: MMSG-17999]
