  2023-06-15 08:35:14.785 : IterationNum=1	[MsgId: MMSG-17999]
   USER 1 = user93:pwd93	[MsgId: MMSG-17999]
    2023-06-15 08:35:14.870 : Start page is opened	[MsgId: MMSG-17999]
    2023-06-15 08:35:18.871 : User is logged in with session 136638.324341839HAciDDDpiAiDDDDDtcVHApAAcif	[MsgId: MMSG-17999]
    2023-06-15 08:35:24.828 : User is logged out of session	[MsgId: MMSG-17999]
  2023-06-15 08:37:20.787 : IterationNum=2	[MsgId: MMSG-17999]
   USER 2 = user93:pwd93	[MsgId: MMSG-17999]
    2023-06-15 08:37:20.881 : Start page is opened	[MsgId: MMSG-17999]
    2023-06-15 08:37:24.893 : User is logged in with session 136638.3345484HAciDDtpDDDDDDDDtcVHApAAz	[MsgId: MMSG-17999]
    2023-06-15 08:37:30.471 : User is logged out of session	[MsgId: MMSG-17999]
  2023-06-15 08:39:26.801 : IterationNum=3	[MsgId: MMSG-17999]
   USER 3 = user93:pwd93	[MsgId: MMSG-17999]
    2023-06-15 08:39:26.895 : Start page is opened	[MsgId: MMSG-17999]
    2023-06-15 08:39:32.084 : User is logged in with session 136638.344754962HAciDDtpifiDDDDDtcVHApAAQVf	[MsgId: MMSG-17999]
    2023-06-15 08:39:37.921 : User is logged out of session	[MsgId: MMSG-17999]
  2023-06-15 08:41:32.810 : IterationNum=4	[MsgId: MMSG-17999]
   USER 4 = user93:pwd93	[MsgId: MMSG-17999]
    2023-06-15 08:41:32.903 : Start page is opened	[MsgId: MMSG-17999]
    2023-06-15 08:41:38.966 : User is logged in with session 136638.354961523HAciDDfpDiDDDDDDtcVHApAVcD	[MsgId: MMSG-17999]
    2023-06-15 08:41:45.221 : User is logged out of session	[MsgId: MMSG-17999]
  2023-06-15 08:43:38.820 : IterationNum=5	[MsgId: MMSG-17999]
   USER 5 = user93:pwd93	[MsgId: MMSG-17999]
    2023-06-15 08:43:38.914 : Start page is opened	[MsgId: MMSG-17999]
    2023-06-15 08:43:43.895 : User is logged in with session 136638.365168084HAciDDfpQAiDDDDDtcVHApAVftf	[MsgId: MMSG-17999]
    2023-06-15 08:43:49.943 : User is logged out of session	[MsgId: MMSG-17999]
  2023-06-15 08:45:44.834 : IterationNum=6	[MsgId: MMSG-17999]
   USER 6 = user93:pwd93	[MsgId: MMSG-17999]
    2023-06-15 08:45:44.928 : Start page is opened	[MsgId: MMSG-17999]
    2023-06-15 08:45:50.384 : User is logged in with session 136638.375374646HAciDDzptDDDDDDDtcVHApAViz	[MsgId: MMSG-17999]
    2023-06-15 08:45:54.802 : User is logged out of session	[MsgId: MMSG-17999]
  2023-06-15 08:47:50.840 : IterationNum=7	[MsgId: MMSG-17999]
   USER 7 = user93:pwd93	[MsgId: MMSG-17999]
    2023-06-15 08:47:50.933 : Start page is opened	[MsgId: MMSG-17999]
    2023-06-15 08:47:55.901 : User is logged in with session 136638.385581207HAciDDzpQfiDDDDDtcVHApAcVHf	[MsgId: MMSG-17999]
    2023-06-15 08:47:59.950 : User is logged out of session	[MsgId: MMSG-17999]
