  2023-06-15 07:46:53.976 : IterationNum=1	[MsgId: MMSG-17999]
   USER 1 = user68:pwd68	[MsgId: MMSG-17999]
    2023-06-15 07:46:54.068 : Start page is opened	[MsgId: MMSG-17999]
    2023-06-15 07:46:59.381 : User is logged in with session 136638.089428919HAciDcVpHcftcVzQpQDADf	[MsgId: MMSG-17999]
    2023-06-15 07:47:04.861 : User is logged out of session	[MsgId: MMSG-17999]
  2023-06-15 07:48:59.978 : IterationNum=2	[MsgId: MMSG-17999]
   USER 2 = user68:pwd68	[MsgId: MMSG-17999]
    2023-06-15 07:49:00.071 : Start page is opened	[MsgId: MMSG-17999]
    2023-06-15 07:49:06.351 : User is logged in with session 136638.09963548HAciDccpcftcVzQpQDDf	[MsgId: MMSG-17999]
    2023-06-15 07:49:10.230 : User is logged out of session	[MsgId: MMSG-17999]
  2023-06-15 07:51:05.993 : IterationNum=3	[MsgId: MMSG-17999]
   USER 3 = user68:pwd68	[MsgId: MMSG-17999]
    2023-06-15 07:51:06.085 : Start page is opened	[MsgId: MMSG-17999]
    2023-06-15 07:51:12.341 : User is logged in with session 136638.109842041HAciDccpHHftcVzQpQDzzf	[MsgId: MMSG-17999]
    2023-06-15 07:51:17.528 : User is logged out of session	[MsgId: MMSG-17999]
  2023-06-15 07:53:12.001 : IterationNum=4	[MsgId: MMSG-17999]
   USER 4 = user68:pwd68	[MsgId: MMSG-17999]
    2023-06-15 07:53:12.094 : Start page is opened	[MsgId: MMSG-17999]
    2023-06-15 07:53:18.025 : User is logged in with session 136638.120048603HAciDcDpDtcVzQpQDQi	[MsgId: MMSG-17999]
    2023-06-15 07:53:22.176 : User is logged out of session	[MsgId: MMSG-17999]
  2023-06-15 07:55:18.012 : IterationNum=5	[MsgId: MMSG-17999]
   USER 5 = user68:pwd68	[MsgId: MMSG-17999]
    2023-06-15 07:55:18.104 : Start page is opened	[MsgId: MMSG-17999]
    2023-06-15 07:55:23.788 : User is logged in with session 136638.130255164HAciDcDpicftcVzQpQtcQf	[MsgId: MMSG-17999]
    2023-06-15 07:55:28.585 : User is logged out of session	[MsgId: MMSG-17999]
  2023-06-15 07:57:24.024 : IterationNum=6	[MsgId: MMSG-17999]
   USER 6 = user68:pwd68	[MsgId: MMSG-17999]
    2023-06-15 07:57:24.117 : Start page is opened	[MsgId: MMSG-17999]
    2023-06-15 07:57:29.014 : User is logged in with session 136638.140461725HAciDctpDftcVzQpQtzV	[MsgId: MMSG-17999]
    2023-06-15 07:57:34.791 : User is logged out of session	[MsgId: MMSG-17999]
  2023-06-15 07:59:30.034 : IterationNum=7	[MsgId: MMSG-17999]
   USER 7 = user68:pwd68	[MsgId: MMSG-17999]
    2023-06-15 07:59:30.126 : Start page is opened	[MsgId: MMSG-17999]
    2023-06-15 07:59:34.075 : User is logged in with session 136638.150668287HAciDctpiHftcVzQpQtQcf	[MsgId: MMSG-17999]
    2023-06-15 07:59:39.909 : User is logged out of session	[MsgId: MMSG-17999]
  2023-06-15 08:01:36.048 : IterationNum=8	[MsgId: MMSG-17999]
   USER 8 = user68:pwd68	[MsgId: MMSG-17999]
    2023-06-15 08:01:36.140 : Start page is opened	[MsgId: MMSG-17999]
    2023-06-15 08:01:42.409 : User is logged in with session 136638.160874848HAciDcfpttcVzQpQfct	[MsgId: MMSG-17999]
    2023-06-15 08:01:46.736 : User is logged out of session	[MsgId: MMSG-17999]
  2023-06-15 08:03:42.059 : IterationNum=9	[MsgId: MMSG-17999]
   USER 9 = user68:pwd68	[MsgId: MMSG-17999]
    2023-06-15 08:03:42.166 : Start page is opened	[MsgId: MMSG-17999]
    2023-06-15 08:03:48.040 : User is logged in with session 136638.171081409HAciDcfpQcftcVzQpQffff	[MsgId: MMSG-17999]
    2023-06-15 08:03:53.619 : User is logged out of session	[MsgId: MMSG-17999]
  2023-06-15 08:05:48.069 : IterationNum=10	[MsgId: MMSG-17999]
   USER 10 = user68:pwd68	[MsgId: MMSG-17999]
    2023-06-15 08:05:48.163 : Start page is opened	[MsgId: MMSG-17999]
    2023-06-15 08:05:52.719 : User is logged in with session 136638.181287971HAciDczptftcVzQpQfiH	[MsgId: MMSG-17999]
    2023-06-15 08:05:58.716 : User is logged out of session	[MsgId: MMSG-17999]
  2023-06-15 08:07:54.073 : IterationNum=11	[MsgId: MMSG-17999]
   USER 11 = user68:pwd68	[MsgId: MMSG-17999]
    2023-06-15 08:07:54.167 : Start page is opened	[MsgId: MMSG-17999]
    2023-06-15 08:07:58.205 : User is logged in with session 136638.191494532HAciDczpQHftcVzQpQzVif	[MsgId: MMSG-17999]
    2023-06-15 08:08:03.592 : User is logged out of session	[MsgId: MMSG-17999]
  2023-06-15 08:10:00.083 : IterationNum=12	[MsgId: MMSG-17999]
   USER 12 = user68:pwd68	[MsgId: MMSG-17999]
    2023-06-15 08:10:00.177 : Start page is opened	[MsgId: MMSG-17999]
    2023-06-15 08:10:04.622 : User is logged in with session 136638.201701094HAciDcHpftcVzQpQzf	[MsgId: MMSG-17999]
    2023-06-15 08:10:09.178 : User is logged out of session	[MsgId: MMSG-17999]
  2023-06-15 08:12:06.094 : IterationNum=13	[MsgId: MMSG-17999]
   USER 13 = user68:pwd68	[MsgId: MMSG-17999]
    2023-06-15 08:12:06.187 : Start page is opened	[MsgId: MMSG-17999]
    2023-06-15 08:12:10.707 : User is logged in with session 136638.211907655HAciDcipAcftcVzQpQziVf	[MsgId: MMSG-17999]
    2023-06-15 08:12:15.231 : User is logged out of session	[MsgId: MMSG-17999]
  2023-06-15 08:14:12.094 : IterationNum=14	[MsgId: MMSG-17999]
   USER 14 = user68:pwd68	[MsgId: MMSG-17999]
    2023-06-15 08:14:12.187 : Start page is opened	[MsgId: MMSG-17999]
    2023-06-15 08:14:18.308 : User is logged in with session 136638.222114216HAciDcipfftcVzQpQHVD	[MsgId: MMSG-17999]
    2023-06-15 08:14:23.237 : User is logged out of session	[MsgId: MMSG-17999]
  2023-06-15 08:16:18.094 : IterationNum=15	[MsgId: MMSG-17999]
   USER 15 = user68:pwd68	[MsgId: MMSG-17999]
    2023-06-15 08:16:18.189 : Start page is opened	[MsgId: MMSG-17999]
    2023-06-15 08:16:22.434 : User is logged in with session 136638.232320778HAciDcQpAHftcVzQpQHttf	[MsgId: MMSG-17999]
    2023-06-15 08:16:27.335 : User is logged out of session	[MsgId: MMSG-17999]
  2023-06-15 08:18:24.099 : IterationNum=16	[MsgId: MMSG-17999]
   USER 16 = user68:pwd68	[MsgId: MMSG-17999]
    2023-06-15 08:18:24.192 : Start page is opened	[MsgId: MMSG-17999]
    2023-06-15 08:18:28.745 : User is logged in with session 136638.242527339HAciDcQpztcVzQpQHHz	[MsgId: MMSG-17999]
    2023-06-15 08:18:34.277 : User is logged out of session	[MsgId: MMSG-17999]
  2023-06-15 08:20:30.100 : IterationNum=17	[MsgId: MMSG-17999]
   USER 17 = user68:pwd68	[MsgId: MMSG-17999]
    2023-06-15 08:20:30.193 : Start page is opened	[MsgId: MMSG-17999]
    2023-06-15 08:20:34.716 : User is logged in with session 136638.2527339HAciDDApVcftcVzQpQiAHf	[MsgId: MMSG-17999]
    2023-06-15 08:20:38.893 : User is logged out of session	[MsgId: MMSG-17999]
  2023-06-15 08:22:36.115 : IterationNum=18	[MsgId: MMSG-17999]
   USER 18 = user68:pwd68	[MsgId: MMSG-17999]
    2023-06-15 08:22:36.208 : Start page is opened	[MsgId: MMSG-17999]
    2023-06-15 08:22:41.106 : User is logged in with session 136638.262940462HAciDDApzftcVzQpQiDQ	[MsgId: MMSG-17999]
    2023-06-15 08:22:46.023 : User is logged out of session	[MsgId: MMSG-17999]
  2023-06-15 08:24:42.116 : IterationNum=19	[MsgId: MMSG-17999]
   USER 19 = user68:pwd68	[MsgId: MMSG-17999]
    2023-06-15 08:24:42.210 : Start page is opened	[MsgId: MMSG-17999]
    2023-06-15 08:24:46.642 : User is logged in with session 136638.273147023HAciDDVpVHftcVzQpQiHAf	[MsgId: MMSG-17999]
    2023-06-15 08:24:50.791 : User is logged out of session	[MsgId: MMSG-17999]
  2023-06-15 08:26:48.130 : IterationNum=20	[MsgId: MMSG-17999]
   USER 20 = user68:pwd68	[MsgId: MMSG-17999]
    2023-06-15 08:26:48.222 : Start page is opened	[MsgId: MMSG-17999]
    2023-06-15 08:26:52.780 : User is logged in with session 136638.283353584HAciDDVpHtcVzQpQQAc	[MsgId: MMSG-17999]
    2023-06-15 08:26:57.032 : User is logged out of session	[MsgId: MMSG-17999]
  2023-06-15 08:28:54.142 : IterationNum=21	[MsgId: MMSG-17999]
   USER 21 = user68:pwd68	[MsgId: MMSG-17999]
    2023-06-15 08:28:54.233 : Start page is opened	[MsgId: MMSG-17999]
    2023-06-15 08:28:58.771 : User is logged in with session 136638.293560146HAciDDcpccftcVzQpQQDDf	[MsgId: MMSG-17999]
    2023-06-15 08:29:02.793 : User is logged out of session	[MsgId: MMSG-17999]
  2023-06-15 08:31:00.156 : IterationNum=22	[MsgId: MMSG-17999]
   USER 22 = user68:pwd68	[MsgId: MMSG-17999]
    2023-06-15 08:31:00.249 : Start page is opened	[MsgId: MMSG-17999]
    2023-06-15 08:31:04.193 : User is logged in with session 136638.303766707HAciDDcpHftcVzQpQQzf	[MsgId: MMSG-17999]
    2023-06-15 08:31:08.795 : User is logged out of session	[MsgId: MMSG-17999]
  2023-06-15 08:33:06.160 : IterationNum=23	[MsgId: MMSG-17999]
   USER 23 = user68:pwd68	[MsgId: MMSG-17999]
    2023-06-15 08:33:06.253 : Start page is opened	[MsgId: MMSG-17999]
    2023-06-15 08:33:12.190 : User is logged in with session 136638.313973269HAciDDDpcHftcVzQpQQQzf	[MsgId: MMSG-17999]
    2023-06-15 08:33:16.962 : User is logged out of session	[MsgId: MMSG-17999]
  2023-06-15 08:35:12.164 : IterationNum=24	[MsgId: MMSG-17999]
   USER 24 = user68:pwd68	[MsgId: MMSG-17999]
    2023-06-15 08:35:12.256 : Start page is opened	[MsgId: MMSG-17999]
    2023-06-15 08:35:17.230 : User is logged in with session 136638.32417983HAciDDDpitcVHApAAci	[MsgId: MMSG-17999]
    2023-06-15 08:35:21.716 : User is logged out of session	[MsgId: MMSG-17999]
  2023-06-15 08:37:18.172 : IterationNum=25	[MsgId: MMSG-17999]
   USER 25 = user68:pwd68	[MsgId: MMSG-17999]
    2023-06-15 08:37:18.265 : Start page is opened	[MsgId: MMSG-17999]
    2023-06-15 08:37:22.816 : User is logged in with session 136638.334386391HAciDDtpDcftcVHApAAfQf	[MsgId: MMSG-17999]
    2023-06-15 08:37:26.942 : User is logged out of session	[MsgId: MMSG-17999]
  2023-06-15 08:39:24.179 : IterationNum=26	[MsgId: MMSG-17999]
   USER 26 = user68:pwd68	[MsgId: MMSG-17999]
    2023-06-15 08:39:24.272 : Start page is opened	[MsgId: MMSG-17999]
    2023-06-15 08:39:28.676 : User is logged in with session 136638.344592953HAciDDtpiftcVHApAAQV	[MsgId: MMSG-17999]
    2023-06-15 08:39:33.892 : User is logged out of session	[MsgId: MMSG-17999]
  2023-06-15 08:41:30.191 : IterationNum=27	[MsgId: MMSG-17999]
   USER 27 = user68:pwd68	[MsgId: MMSG-17999]
    2023-06-15 08:41:30.284 : Start page is opened	[MsgId: MMSG-17999]
    2023-06-15 08:41:34.596 : User is logged in with session 136638.354799514HAciDDfpDHftcVHApAVccf	[MsgId: MMSG-17999]
    2023-06-15 08:41:39.174 : User is logged out of session	[MsgId: MMSG-17999]
  2023-06-15 08:43:36.203 : IterationNum=28	[MsgId: MMSG-17999]
   USER 28 = user68:pwd68	[MsgId: MMSG-17999]
    2023-06-15 08:43:36.297 : Start page is opened	[MsgId: MMSG-17999]
    2023-06-15 08:43:40.327 : User is logged in with session 136638.365006075HAciDDfpQtcVHApAVft	[MsgId: MMSG-17999]
    2023-06-15 08:43:45.188 : User is logged out of session	[MsgId: MMSG-17999]
  2023-06-15 08:45:42.212 : IterationNum=29	[MsgId: MMSG-17999]
   USER 29 = user68:pwd68	[MsgId: MMSG-17999]
    2023-06-15 08:45:42.303 : Start page is opened	[MsgId: MMSG-17999]
    2023-06-15 08:45:47.439 : User is logged in with session 136638.375212637HAciDDzptcftcVHApAViff	[MsgId: MMSG-17999]
    2023-06-15 08:45:52.381 : User is logged out of session	[MsgId: MMSG-17999]
  2023-06-15 08:47:48.218 : IterationNum=30	[MsgId: MMSG-17999]
   USER 30 = user68:pwd68	[MsgId: MMSG-17999]
    2023-06-15 08:47:48.310 : Start page is opened	[MsgId: MMSG-17999]
    2023-06-15 08:47:52.256 : User is logged in with session 136638.385419198HAciDDzpQftcVHApAcVH	[MsgId: MMSG-17999]
    2023-06-15 08:47:57.885 : User is logged out of session	[MsgId: MMSG-17999]
