  2023-06-15 08:35:19.833 : IterationNum=1	[MsgId: MMSG-17999]
   USER 1 = user94:pwd94	[MsgId: MMSG-17999]
    2023-06-15 08:35:19.925 : Start page is opened	[MsgId: MMSG-17999]
    2023-06-15 08:35:25.574 : User is logged in with session 136638.324746861HAciDDDpicQVzzzHtcVHApAAcQHf	[MsgId: MMSG-17999]
    2023-06-15 08:35:31.219 : User is logged out of session	[MsgId: MMSG-17999]
  2023-06-15 08:37:25.837 : IterationNum=2	[MsgId: MMSG-17999]
   USER 2 = user94:pwd94	[MsgId: MMSG-17999]
    2023-06-15 08:37:25.930 : Start page is opened	[MsgId: MMSG-17999]
    2023-06-15 08:37:30.709 : User is logged in with session 136638.334953422HAciDDtpDftVzzzHtcVHApAAzVcf	[MsgId: MMSG-17999]
    2023-06-15 08:37:35.334 : User is logged out of session	[MsgId: MMSG-17999]
  2023-06-15 08:39:31.848 : IterationNum=3	[MsgId: MMSG-17999]
   USER 3 = user94:pwd94	[MsgId: MMSG-17999]
    2023-06-15 08:39:31.939 : Start page is opened	[MsgId: MMSG-17999]
    2023-06-15 08:39:37.608 : User is logged in with session 136638.345159984HAciDDtpiHQVzzzHtcVHApAAQcHf	[MsgId: MMSG-17999]
    2023-06-15 08:39:43.777 : User is logged out of session	[MsgId: MMSG-17999]
  2023-06-15 08:41:37.861 : IterationNum=4	[MsgId: MMSG-17999]
   USER 4 = user94:pwd94	[MsgId: MMSG-17999]
    2023-06-15 08:41:37.954 : Start page is opened	[MsgId: MMSG-17999]
    2023-06-15 08:41:43.662 : User is logged in with session 136638.355366545HAciDDfptAtVzzzHtcVHApAVctcf	[MsgId: MMSG-17999]
    2023-06-15 08:41:47.689 : User is logged out of session	[MsgId: MMSG-17999]
  2023-06-15 08:43:43.862 : IterationNum=5	[MsgId: MMSG-17999]
   USER 5 = user94:pwd94	[MsgId: MMSG-17999]
    2023-06-15 08:43:43.956 : Start page is opened	[MsgId: MMSG-17999]
    2023-06-15 08:43:49.929 : User is logged in with session 136638.365573107HAciDDfpQcQVzzzHtcVHApAVffHf	[MsgId: MMSG-17999]
    2023-06-15 08:43:55.488 : User is logged out of session	[MsgId: MMSG-17999]
  2023-06-15 08:45:49.870 : IterationNum=6	[MsgId: MMSG-17999]
   USER 6 = user94:pwd94	[MsgId: MMSG-17999]
    2023-06-15 08:45:49.964 : Start page is opened	[MsgId: MMSG-17999]
    2023-06-15 08:45:55.940 : User is logged in with session 136638.375779668HAciDDzptftVzzzHtcVHApAViHcf	[MsgId: MMSG-17999]
    2023-06-15 08:46:01.638 : User is logged out of session	[MsgId: MMSG-17999]
  2023-06-15 08:47:55.881 : IterationNum=7	[MsgId: MMSG-17999]
   USER 7 = user94:pwd94	[MsgId: MMSG-17999]
    2023-06-15 08:47:55.975 : Start page is opened	[MsgId: MMSG-17999]
    2023-06-15 08:48:00.888 : User is logged in with session 136638.385986229HAciDDzpQHQVzzzHtcVHApAcViHf	[MsgId: MMSG-17999]
    2023-06-15 08:48:05.463 : User is logged out of session	[MsgId: MMSG-17999]
