  2023-06-15 08:10:54.210 : IterationNum=1	[MsgId: MMSG-17999]
   USER 1 = user75:pwd75	[MsgId: MMSG-17999]
    2023-06-15 08:10:54.294 : Start page is opened	[MsgId: MMSG-17999]
    2023-06-15 08:10:58.974 : User is logged in with session 136638.206075334HAciDcHpHcftcVzQpQzzDf	[MsgId: MMSG-17999]
    2023-06-15 08:11:03.443 : User is logged out of session	[MsgId: MMSG-17999]
  2023-06-15 08:13:00.223 : IterationNum=2	[MsgId: MMSG-17999]
   USER 2 = user75:pwd75	[MsgId: MMSG-17999]
    2023-06-15 08:13:00.317 : Start page is opened	[MsgId: MMSG-17999]
    2023-06-15 08:13:05.537 : User is logged in with session 136638.216281896HAciDcipcftcVzQpQzQf	[MsgId: MMSG-17999]
    2023-06-15 08:13:11.132 : User is logged out of session	[MsgId: MMSG-17999]
  2023-06-15 08:15:06.228 : IterationNum=3	[MsgId: MMSG-17999]
   USER 3 = user75:pwd75	[MsgId: MMSG-17999]
    2023-06-15 08:15:06.322 : Start page is opened	[MsgId: MMSG-17999]
    2023-06-15 08:15:11.274 : User is logged in with session 136638.226488457HAciDcipHHftcVzQpQHczf	[MsgId: MMSG-17999]
    2023-06-15 08:15:16.871 : User is logged out of session	[MsgId: MMSG-17999]
  2023-06-15 08:17:12.241 : IterationNum=4	[MsgId: MMSG-17999]
   USER 4 = user75:pwd75	[MsgId: MMSG-17999]
    2023-06-15 08:17:12.334 : Start page is opened	[MsgId: MMSG-17999]
    2023-06-15 08:17:16.574 : User is logged in with session 136638.236695018HAciDcQpDtcVzQpQHfi	[MsgId: MMSG-17999]
    2023-06-15 08:17:21.369 : User is logged out of session	[MsgId: MMSG-17999]
  2023-06-15 08:19:18.252 : IterationNum=5	[MsgId: MMSG-17999]
   USER 5 = user75:pwd75	[MsgId: MMSG-17999]
    2023-06-15 08:19:18.347 : Start page is opened	[MsgId: MMSG-17999]
    2023-06-15 08:19:24.220 : User is logged in with session 136638.24690158HAciDcQpicftcVzQpQHiQf	[MsgId: MMSG-17999]
    2023-06-15 08:19:30.409 : User is logged out of session	[MsgId: MMSG-17999]
  2023-06-15 08:21:24.256 : IterationNum=6	[MsgId: MMSG-17999]
   USER 6 = user75:pwd75	[MsgId: MMSG-17999]
    2023-06-15 08:21:24.349 : Start page is opened	[MsgId: MMSG-17999]
    2023-06-15 08:21:29.092 : User is logged in with session 136638.257108141HAciDDApDftcVzQpQicV	[MsgId: MMSG-17999]
    2023-06-15 08:21:34.428 : User is logged out of session	[MsgId: MMSG-17999]
  2023-06-15 08:23:30.264 : IterationNum=7	[MsgId: MMSG-17999]
   USER 7 = user75:pwd75	[MsgId: MMSG-17999]
    2023-06-15 08:23:30.358 : Start page is opened	[MsgId: MMSG-17999]
    2023-06-15 08:23:35.457 : User is logged in with session 136638.267314702HAciDDApiHftcVzQpQifcf	[MsgId: MMSG-17999]
    2023-06-15 08:23:41.638 : User is logged out of session	[MsgId: MMSG-17999]
  2023-06-15 08:25:36.273 : IterationNum=8	[MsgId: MMSG-17999]
   USER 8 = user75:pwd75	[MsgId: MMSG-17999]
    2023-06-15 08:25:36.367 : Start page is opened	[MsgId: MMSG-17999]
    2023-06-15 08:25:41.828 : User is logged in with session 136638.277521264HAciDDVpttcVzQpQiit	[MsgId: MMSG-17999]
    2023-06-15 08:25:48.007 : User is logged out of session	[MsgId: MMSG-17999]
  2023-06-15 08:27:42.273 : IterationNum=9	[MsgId: MMSG-17999]
   USER 9 = user75:pwd75	[MsgId: MMSG-17999]
    2023-06-15 08:27:42.367 : Start page is opened	[MsgId: MMSG-17999]
    2023-06-15 08:27:47.418 : User is logged in with session 136638.287727825HAciDDVpQcftcVzQpQQVff	[MsgId: MMSG-17999]
    2023-06-15 08:27:53.340 : User is logged out of session	[MsgId: MMSG-17999]
  2023-06-15 08:29:48.277 : IterationNum=10	[MsgId: MMSG-17999]
   USER 10 = user75:pwd75	[MsgId: MMSG-17999]
    2023-06-15 08:29:48.371 : Start page is opened	[MsgId: MMSG-17999]
    2023-06-15 08:29:53.599 : User is logged in with session 136638.297934386HAciDDcptftcVzQpQQtH	[MsgId: MMSG-17999]
    2023-06-15 08:29:59.920 : User is logged out of session	[MsgId: MMSG-17999]
  2023-06-15 08:31:54.292 : IterationNum=11	[MsgId: MMSG-17999]
   USER 11 = user75:pwd75	[MsgId: MMSG-17999]
    2023-06-15 08:31:54.385 : Start page is opened	[MsgId: MMSG-17999]
    2023-06-15 08:31:58.285 : User is logged in with session 136638.308140948HAciDDcpQHftcVzQpQQHif	[MsgId: MMSG-17999]
    2023-06-15 08:32:02.801 : User is logged out of session	[MsgId: MMSG-17999]
  2023-06-15 08:34:00.307 : IterationNum=12	[MsgId: MMSG-17999]
   USER 12 = user75:pwd75	[MsgId: MMSG-17999]
    2023-06-15 08:34:00.400 : Start page is opened	[MsgId: MMSG-17999]
    2023-06-15 08:34:06.479 : User is logged in with session 136638.318347509HAciDDDpftcVHApAAV	[MsgId: MMSG-17999]
    2023-06-15 08:34:11.356 : User is logged out of session	[MsgId: MMSG-17999]
  2023-06-15 08:36:06.320 : IterationNum=13	[MsgId: MMSG-17999]
   USER 13 = user75:pwd75	[MsgId: MMSG-17999]
    2023-06-15 08:36:06.413 : Start page is opened	[MsgId: MMSG-17999]
    2023-06-15 08:36:10.522 : User is logged in with session 136638.32855407HAciDDtpAcftcVHApAAtVf	[MsgId: MMSG-17999]
    2023-06-15 08:36:16.539 : User is logged out of session	[MsgId: MMSG-17999]
  2023-06-15 08:38:12.320 : IterationNum=14	[MsgId: MMSG-17999]
   USER 14 = user75:pwd75	[MsgId: MMSG-17999]
    2023-06-15 08:38:12.413 : Start page is opened	[MsgId: MMSG-17999]
    2023-06-15 08:38:17.585 : User is logged in with session 136638.338760632HAciDDtpfftcVHApAAHD	[MsgId: MMSG-17999]
    2023-06-15 08:38:21.666 : User is logged out of session	[MsgId: MMSG-17999]
  2023-06-15 08:40:18.332 : IterationNum=15	[MsgId: MMSG-17999]
   USER 15 = user75:pwd75	[MsgId: MMSG-17999]
    2023-06-15 08:40:18.426 : Start page is opened	[MsgId: MMSG-17999]
    2023-06-15 08:40:24.418 : User is logged in with session 136638.348967193HAciDDfpAHftcVHApAVAtf	[MsgId: MMSG-17999]
    2023-06-15 08:40:30.631 : User is logged out of session	[MsgId: MMSG-17999]
  2023-06-15 08:42:24.336 : IterationNum=16	[MsgId: MMSG-17999]
   USER 16 = user75:pwd75	[MsgId: MMSG-17999]
    2023-06-15 08:42:24.429 : Start page is opened	[MsgId: MMSG-17999]
    2023-06-15 08:42:29.381 : User is logged in with session 136638.359173755HAciDDfpztcVHApAVDz	[MsgId: MMSG-17999]
    2023-06-15 08:42:35.265 : User is logged out of session	[MsgId: MMSG-17999]
  2023-06-15 08:44:30.350 : IterationNum=17	[MsgId: MMSG-17999]
   USER 17 = user75:pwd75	[MsgId: MMSG-17999]
    2023-06-15 08:44:30.443 : Start page is opened	[MsgId: MMSG-17999]
    2023-06-15 08:44:34.792 : User is logged in with session 136638.369380316HAciDDzpVcftcVHApAVzHf	[MsgId: MMSG-17999]
    2023-06-15 08:44:39.622 : User is logged out of session	[MsgId: MMSG-17999]
  2023-06-15 08:46:36.363 : IterationNum=18	[MsgId: MMSG-17999]
   USER 18 = user75:pwd75	[MsgId: MMSG-17999]
    2023-06-15 08:46:36.455 : Start page is opened	[MsgId: MMSG-17999]
    2023-06-15 08:46:40.607 : User is logged in with session 136638.379586877HAciDDzpzftcVHApAVQQ	[MsgId: MMSG-17999]
    2023-06-15 08:46:46.546 : User is logged out of session	[MsgId: MMSG-17999]
  2023-06-15 08:48:42.368 : IterationNum=19	[MsgId: MMSG-17999]
   USER 19 = user75:pwd75	[MsgId: MMSG-17999]
    2023-06-15 08:48:42.460 : Start page is opened	[MsgId: MMSG-17999]
    2023-06-15 08:48:46.653 : User is logged in with session 136638.389793439HAciDDHpVHftcVHApAcDAf	[MsgId: MMSG-17999]
    2023-06-15 08:48:52.063 : User is logged out of session	[MsgId: MMSG-17999]
