  2023-06-15 07:47:03.878 : IterationNum=1	[MsgId: MMSG-17999]
   USER 1 = user40:pwd40	[MsgId: MMSG-17999]
    2023-06-15 07:47:03.972 : Start page is opened	[MsgId: MMSG-17999]
    2023-06-15 07:47:08.309 : User is logged in with session 136638.090157959HAciDcVpHzcftcVzQpQDAfHf	[MsgId: MMSG-17999]
    2023-06-15 07:47:14.310 : Search page opened	[MsgId: MMSG-17999]
    2023-06-15 07:47:31.971 : Flights found : 812;2162;06/18/2023 and 181;2037;06/15/2023	[MsgId: MMSG-17999]
    2023-06-15 07:47:31.971 : Sity depart : Sydney, Sity arrive : Frankfurt	[MsgId: MMSG-17999]
    2023-06-15 07:47:39.701 : Found Seat Type : First, Seat Pref : Window	[MsgId: MMSG-17999]
    2023-06-15 07:47:43.874 : User is logged out of session	[MsgId: MMSG-17999]
  2023-06-15 07:49:43.879 : IterationNum=2	[MsgId: MMSG-17999]
   USER 2 = user41:pwd41	[MsgId: MMSG-17999]
    2023-06-15 07:49:43.972 : Start page is opened	[MsgId: MMSG-17999]
    2023-06-15 07:49:50.088 : User is logged in with session 136638.103118672HAciDccptcQVzzzHtcVzQpQDtfHf	[MsgId: MMSG-17999]
    2023-06-15 07:49:53.954 : Search page opened	[MsgId: MMSG-17999]
    2023-06-15 07:50:07.658 : Flights found : 251;717;06/18/2023 and 523;659;06/15/2023	[MsgId: MMSG-17999]
    2023-06-15 07:50:07.658 : Sity depart : London, Sity arrive : Portland	[MsgId: MMSG-17999]
    2023-06-15 07:50:18.350 : Found Seat Type : Business, Seat Pref : None	[MsgId: MMSG-17999]
    2023-06-15 07:50:23.386 : User is logged out of session	[MsgId: MMSG-17999]
  2023-06-15 07:52:23.889 : IterationNum=3	[MsgId: MMSG-17999]
   USER 3 = user42:pwd42	[MsgId: MMSG-17999]
    2023-06-15 07:52:23.982 : Start page is opened	[MsgId: MMSG-17999]
    2023-06-15 07:52:29.057 : User is logged in with session 136638.116079384HAciDcDpAQfiDDDDtcVzQpQDifHf	[MsgId: MMSG-17999]
    2023-06-15 07:52:34.621 : Search page opened	[MsgId: MMSG-17999]
           ERROR : Sity depart : Denver Sity arrive : Denver	[MsgId: MMSG-17999]
           ERROR FIXED : Sity depart : Denver Sity arrive : Zurich	[MsgId: MMSG-17999]
    2023-06-15 07:52:52.329 : Flights found : 091;703;06/18/2023 and 902;746;06/15/2023	[MsgId: MMSG-17999]
    2023-06-15 07:52:52.329 : Sity depart : Denver, Sity arrive : Zurich	[MsgId: MMSG-17999]
    2023-06-15 07:53:02.687 : Found Seat Type : First, Seat Pref : Aisle	[MsgId: MMSG-17999]
    2023-06-15 07:53:07.746 : User is logged out of session	[MsgId: MMSG-17999]
  2023-06-15 07:55:03.893 : IterationNum=4	[MsgId: MMSG-17999]
   USER 4 = user42:pwd42	[MsgId: MMSG-17999]
    2023-06-15 07:55:03.987 : Start page is opened	[MsgId: MMSG-17999]
    2023-06-15 07:55:09.564 : User is logged in with session 136638.129040097HAciDcDpHzcftcVzQpQtcfHf	[MsgId: MMSG-17999]
    2023-06-15 07:55:15.928 : Search page opened	[MsgId: MMSG-17999]
    2023-06-15 07:55:32.165 : Flights found : 012;529;06/18/2023 and 100;559;06/15/2023	[MsgId: MMSG-17999]
    2023-06-15 07:55:32.165 : Sity depart : Denver, Sity arrive : Frankfurt	[MsgId: MMSG-17999]
    2023-06-15 07:55:41.678 : Found Seat Type : Business, Seat Pref : Aisle	[MsgId: MMSG-17999]
    2023-06-15 07:55:45.741 : User is logged out of session	[MsgId: MMSG-17999]
  2023-06-15 07:57:43.901 : IterationNum=5	[MsgId: MMSG-17999]
   USER 5 = user42:pwd42	[MsgId: MMSG-17999]
    2023-06-15 07:57:43.994 : Start page is opened	[MsgId: MMSG-17999]
    2023-06-15 07:57:50.011 : User is logged in with session 136638.14200081HAciDctptcQVzzzHtcVzQpQtzfHf	[MsgId: MMSG-17999]
    2023-06-15 07:57:55.758 : Search page opened	[MsgId: MMSG-17999]
           ERROR : Sity depart : Sydney Sity arrive : Sydney	[MsgId: MMSG-17999]
           ERROR FIXED : Sity depart : Sydney Sity arrive : San Francisco	[MsgId: MMSG-17999]
    2023-06-15 07:58:14.535 : Flights found : 863;1128;06/18/2023 and 680;1379;06/15/2023	[MsgId: MMSG-17999]
    2023-06-15 07:58:14.535 : Sity depart : Sydney, Sity arrive : San Francisco	[MsgId: MMSG-17999]
    2023-06-15 07:58:22.559 : Found Seat Type : First, Seat Pref : Aisle	[MsgId: MMSG-17999]
    2023-06-15 07:58:28.406 : User is logged out of session	[MsgId: MMSG-17999]
  2023-06-15 08:00:23.910 : IterationNum=6	[MsgId: MMSG-17999]
   USER 6 = user42:pwd42	[MsgId: MMSG-17999]
    2023-06-15 08:00:24.003 : Start page is opened	[MsgId: MMSG-17999]
    2023-06-15 08:00:30.054 : User is logged in with session 136638.154961523HAciDcfpAQfiDDDDtcVzQpQfAfHf	[MsgId: MMSG-17999]
    2023-06-15 08:00:33.953 : Search page opened	[MsgId: MMSG-17999]
    2023-06-15 08:00:51.152 : Flights found : 790;447;06/18/2023 and 973;366;06/15/2023	[MsgId: MMSG-17999]
    2023-06-15 08:00:51.152 : Sity depart : Seattle, Sity arrive : Zurich	[MsgId: MMSG-17999]
    2023-06-15 08:01:02.825 : Found Seat Type : Coach, Seat Pref : Aisle	[MsgId: MMSG-17999]
    2023-06-15 08:01:07.882 : User is logged out of session	[MsgId: MMSG-17999]
  2023-06-15 08:03:03.922 : IterationNum=7	[MsgId: MMSG-17999]
   USER 7 = user42:pwd42	[MsgId: MMSG-17999]
    2023-06-15 08:03:04.016 : Start page is opened	[MsgId: MMSG-17999]
    2023-06-15 08:03:08.382 : User is logged in with session 136638.167922236HAciDcfpHzcftcVzQpQftfHf	[MsgId: MMSG-17999]
    2023-06-15 08:03:14.601 : Search page opened	[MsgId: MMSG-17999]
    2023-06-15 08:03:28.404 : Flights found : 232;1060;06/18/2023 and 323;917;06/15/2023	[MsgId: MMSG-17999]
    2023-06-15 08:03:28.404 : Sity depart : London, Sity arrive : Los Angeles	[MsgId: MMSG-17999]
    2023-06-15 08:03:39.792 : Found Seat Type : Business, Seat Pref : Window	[MsgId: MMSG-17999]
    2023-06-15 08:03:46.091 : User is logged out of session	[MsgId: MMSG-17999]
  2023-06-15 08:05:43.927 : IterationNum=8	[MsgId: MMSG-17999]
   USER 8 = user42:pwd42	[MsgId: MMSG-17999]
    2023-06-15 08:05:44.022 : Start page is opened	[MsgId: MMSG-17999]
    2023-06-15 08:05:48.800 : User is logged in with session 136638.180882949HAciDczptcQVzzzHtcVzQpQfifHf	[MsgId: MMSG-17999]
    2023-06-15 08:05:53.755 : Search page opened	[MsgId: MMSG-17999]
    2023-06-15 08:06:10.628 : Flights found : 670;162;06/18/2023 and 763;133;06/15/2023	[MsgId: MMSG-17999]
    2023-06-15 08:06:10.628 : Sity depart : San Francisco, Sity arrive : Seattle	[MsgId: MMSG-17999]
    2023-06-15 08:06:18.407 : Found Seat Type : First, Seat Pref : Aisle	[MsgId: MMSG-17999]
    2023-06-15 08:06:22.425 : User is logged out of session	[MsgId: MMSG-17999]
  2023-06-15 08:08:23.942 : IterationNum=9	[MsgId: MMSG-17999]
   USER 9 = user42:pwd42	[MsgId: MMSG-17999]
    2023-06-15 08:08:24.036 : Start page is opened	[MsgId: MMSG-17999]
    2023-06-15 08:08:29.566 : User is logged in with session 136638.193843661HAciDcHpAQfiDDDDtcVzQpQzcfHf	[MsgId: MMSG-17999]
    2023-06-15 08:08:35.316 : Search page opened	[MsgId: MMSG-17999]
    2023-06-15 08:08:46.644 : Flights found : 142;176;06/18/2023 and 412;176;06/15/2023	[MsgId: MMSG-17999]
    2023-06-15 08:08:46.644 : Sity depart : Frankfurt, Sity arrive : Paris	[MsgId: MMSG-17999]
    2023-06-15 08:08:55.009 : Found Seat Type : Business, Seat Pref : None	[MsgId: MMSG-17999]
    2023-06-15 08:08:59.383 : User is logged out of session	[MsgId: MMSG-17999]
  2023-06-15 08:11:03.951 : IterationNum=10	[MsgId: MMSG-17999]
   USER 10 = user42:pwd42	[MsgId: MMSG-17999]
    2023-06-15 08:11:04.045 : Start page is opened	[MsgId: MMSG-17999]
    2023-06-15 08:11:09.209 : User is logged in with session 136638.206804374HAciDcHpHzcftcVzQpQzzfHf	[MsgId: MMSG-17999]
    2023-06-15 08:11:13.727 : Search page opened	[MsgId: MMSG-17999]
    2023-06-15 08:11:28.444 : Flights found : 300;472;06/18/2023 and 033;386;06/15/2023	[MsgId: MMSG-17999]
    2023-06-15 08:11:28.444 : Sity depart : Los Angeles, Sity arrive : Denver	[MsgId: MMSG-17999]
    2023-06-15 08:11:38.838 : Found Seat Type : First, Seat Pref : Window	[MsgId: MMSG-17999]
    2023-06-15 08:11:43.955 : User is logged out of session	[MsgId: MMSG-17999]
  2023-06-15 08:13:43.957 : IterationNum=11	[MsgId: MMSG-17999]
   USER 11 = user42:pwd42	[MsgId: MMSG-17999]
    2023-06-15 08:13:44.049 : Start page is opened	[MsgId: MMSG-17999]
    2023-06-15 08:13:49.892 : User is logged in with session 136638.219765087HAciDciptcQVzzzHtcVzQpQHAfHf	[MsgId: MMSG-17999]
    2023-06-15 08:13:55.514 : Search page opened	[MsgId: MMSG-17999]
           ERROR : Sity depart : San Francisco Sity arrive : San Francisco	[MsgId: MMSG-17999]
           ERROR FIXED : Sity depart : San Francisco Sity arrive : San Francisco	[MsgId: MMSG-17999]
           ERROR FIXED : Sity depart : San Francisco Sity arrive : Los Angeles	[MsgId: MMSG-17999]
    2023-06-15 08:14:10.369 : Flights found : 631;53;06/18/2023 and 360;60;06/15/2023	[MsgId: MMSG-17999]
    2023-06-15 08:14:10.369 : Sity depart : San Francisco, Sity arrive : Los Angeles	[MsgId: MMSG-17999]
    2023-06-15 08:14:22.217 : Found Seat Type : Coach, Seat Pref : None	[MsgId: MMSG-17999]
    2023-06-15 08:14:28.303 : User is logged out of session	[MsgId: MMSG-17999]
  2023-06-15 08:16:23.968 : IterationNum=12	[MsgId: MMSG-17999]
   USER 12 = user42:pwd42	[MsgId: MMSG-17999]
    2023-06-15 08:16:24.062 : Start page is opened	[MsgId: MMSG-17999]
    2023-06-15 08:16:28.933 : User is logged in with session 136638.232806804HAciDcQpVtcVzQpQHtz	[MsgId: MMSG-17999]
    2023-06-15 08:16:33.490 : Search page opened	[MsgId: MMSG-17999]
           ERROR : Sity depart : London Sity arrive : London	[MsgId: MMSG-17999]
           ERROR FIXED : Sity depart : London Sity arrive : London	[MsgId: MMSG-17999]
           ERROR FIXED : Sity depart : London Sity arrive : Sydney	[MsgId: MMSG-17999]
    2023-06-15 08:16:48.493 : Flights found : 283;1709;06/18/2023 and 820;2089;06/15/2023	[MsgId: MMSG-17999]
    2023-06-15 08:16:48.493 : Sity depart : London, Sity arrive : Sydney	[MsgId: MMSG-17999]
    2023-06-15 08:16:59.543 : Found Seat Type : Business, Seat Pref : Window	[MsgId: MMSG-17999]
    2023-06-15 08:17:04.273 : User is logged out of session	[MsgId: MMSG-17999]
  2023-06-15 08:19:03.969 : IterationNum=13	[MsgId: MMSG-17999]
   USER 13 = user42:pwd42	[MsgId: MMSG-17999]
    2023-06-15 08:19:04.063 : Start page is opened	[MsgId: MMSG-17999]
    2023-06-15 08:19:09.735 : User is logged in with session 136638.245767517HAciDcQpHzzzzzzHtcVzQpQHiz	[MsgId: MMSG-17999]
    2023-06-15 08:19:14.507 : Search page opened	[MsgId: MMSG-17999]
    2023-06-15 08:19:30.245 : Flights found : 943;219;06/18/2023 and 493;219;06/15/2023	[MsgId: MMSG-17999]
    2023-06-15 08:19:30.245 : Sity depart : Zurich, Sity arrive : Paris	[MsgId: MMSG-17999]
    2023-06-15 08:19:39.132 : Found Seat Type : First, Seat Pref : Window	[MsgId: MMSG-17999]
    2023-06-15 08:19:45.227 : User is logged out of session	[MsgId: MMSG-17999]
  2023-06-15 08:21:43.973 : IterationNum=14	[MsgId: MMSG-17999]
   USER 14 = user42:pwd42	[MsgId: MMSG-17999]
    2023-06-15 08:21:44.068 : Start page is opened	[MsgId: MMSG-17999]
    2023-06-15 08:21:49.657 : User is logged in with session 136638.25872823HAciDDAptDDDDDDDtcVzQpQicz	[MsgId: MMSG-17999]
    2023-06-15 08:21:54.621 : Search page opened	[MsgId: MMSG-17999]
    2023-06-15 08:22:07.722 : Flights found : 913;234;06/18/2023 and 193;234;06/15/2023	[MsgId: MMSG-17999]
    2023-06-15 08:22:07.722 : Sity depart : Zurich, Sity arrive : Frankfurt	[MsgId: MMSG-17999]
    2023-06-15 08:22:19.809 : Found Seat Type : Business, Seat Pref : Aisle	[MsgId: MMSG-17999]
    2023-06-15 08:22:24.283 : User is logged out of session	[MsgId: MMSG-17999]
  2023-06-15 08:24:23.976 : IterationNum=15	[MsgId: MMSG-17999]
   USER 15 = user42:pwd42	[MsgId: MMSG-17999]
    2023-06-15 08:24:24.069 : Start page is opened	[MsgId: MMSG-17999]
    2023-06-15 08:24:28.096 : User is logged in with session 136638.271688943HAciDDVpVtcVzQpQizz	[MsgId: MMSG-17999]
    2023-06-15 08:24:34.039 : Search page opened	[MsgId: MMSG-17999]
    2023-06-15 08:24:52.550 : Flights found : 710;957;06/18/2023 and 172;904;06/15/2023	[MsgId: MMSG-17999]
    2023-06-15 08:24:52.550 : Sity depart : Seattle, Sity arrive : Frankfurt	[MsgId: MMSG-17999]
    2023-06-15 08:25:04.719 : Found Seat Type : First, Seat Pref : Aisle	[MsgId: MMSG-17999]
    2023-06-15 08:25:09.968 : User is logged out of session	[MsgId: MMSG-17999]
  2023-06-15 08:27:03.991 : IterationNum=16	[MsgId: MMSG-17999]
   USER 16 = user42:pwd42	[MsgId: MMSG-17999]
    2023-06-15 08:27:04.084 : Start page is opened	[MsgId: MMSG-17999]
    2023-06-15 08:27:08.932 : User is logged in with session 136638.284649656HAciDDVpHzzzzzzHtcVzQpQQAz	[MsgId: MMSG-17999]
    2023-06-15 08:27:15.032 : Search page opened	[MsgId: MMSG-17999]
    2023-06-15 08:27:28.791 : Flights found : 401;586;06/18/2023 and 042;622;06/15/2023	[MsgId: MMSG-17999]
    2023-06-15 08:27:28.791 : Sity depart : Paris, Sity arrive : Denver	[MsgId: MMSG-17999]
    2023-06-15 08:27:39.969 : Found Seat Type : First, Seat Pref : Window	[MsgId: MMSG-17999]
    2023-06-15 08:27:44.795 : User is logged out of session	[MsgId: MMSG-17999]
  2023-06-15 08:29:44.003 : IterationNum=17	[MsgId: MMSG-17999]
   USER 17 = user42:pwd42	[MsgId: MMSG-17999]
    2023-06-15 08:29:44.094 : Start page is opened	[MsgId: MMSG-17999]
    2023-06-15 08:29:50.368 : User is logged in with session 136638.297610369HAciDDcptDDDDDDDtcVzQpQQtz	[MsgId: MMSG-17999]
    2023-06-15 08:29:54.834 : Search page opened	[MsgId: MMSG-17999]
    2023-06-15 08:30:11.598 : Flights found : 391;670;06/18/2023 and 931;578;06/15/2023	[MsgId: MMSG-17999]
    2023-06-15 08:30:11.598 : Sity depart : Los Angeles, Sity arrive : Zurich	[MsgId: MMSG-17999]
    2023-06-15 08:30:21.837 : Found Seat Type : First, Seat Pref : None	[MsgId: MMSG-17999]
    2023-06-15 08:30:28.079 : User is logged out of session	[MsgId: MMSG-17999]
  2023-06-15 08:32:24.011 : IterationNum=18	[MsgId: MMSG-17999]
   USER 18 = user42:pwd42	[MsgId: MMSG-17999]
    2023-06-15 08:32:24.105 : Start page is opened	[MsgId: MMSG-17999]
    2023-06-15 08:32:28.136 : User is logged in with session 136638.310571081HAciDDDpVtcVzQpQQiz	[MsgId: MMSG-17999]
    2023-06-15 08:32:32.272 : Search page opened	[MsgId: MMSG-17999]
           ERROR : Sity depart : Frankfurt Sity arrive : Frankfurt	[MsgId: MMSG-17999]
           ERROR FIXED : Sity depart : Frankfurt Sity arrive : Portland	[MsgId: MMSG-17999]
    2023-06-15 08:32:45.762 : Flights found : 153;261;06/18/2023 and 510;320;06/15/2023	[MsgId: MMSG-17999]
    2023-06-15 08:32:45.762 : Sity depart : Frankfurt, Sity arrive : Portland	[MsgId: MMSG-17999]
    2023-06-15 08:32:57.126 : Found Seat Type : Coach, Seat Pref : None	[MsgId: MMSG-17999]
    2023-06-15 08:33:02.997 : User is logged out of session	[MsgId: MMSG-17999]
  2023-06-15 08:35:04.022 : IterationNum=19	[MsgId: MMSG-17999]
   USER 19 = user42:pwd42	[MsgId: MMSG-17999]
    2023-06-15 08:35:04.117 : Start page is opened	[MsgId: MMSG-17999]
    2023-06-15 08:35:08.981 : User is logged in with session 136638.323531794HAciDDDpHzzzzzzHtcVHApAAcz	[MsgId: MMSG-17999]
    2023-06-15 08:35:13.957 : Search page opened	[MsgId: MMSG-17999]
    2023-06-15 08:35:25.644 : Flights found : 971;578;06/18/2023 and 792;613;06/15/2023	[MsgId: MMSG-17999]
    2023-06-15 08:35:25.644 : Sity depart : Zurich, Sity arrive : Seattle	[MsgId: MMSG-17999]
    2023-06-15 08:35:34.716 : Found Seat Type : Business, Seat Pref : None	[MsgId: MMSG-17999]
    2023-06-15 08:35:39.390 : User is logged out of session	[MsgId: MMSG-17999]
  2023-06-15 08:37:44.030 : IterationNum=20	[MsgId: MMSG-17999]
   USER 20 = user42:pwd42	[MsgId: MMSG-17999]
    2023-06-15 08:37:44.125 : Start page is opened	[MsgId: MMSG-17999]
    2023-06-15 08:37:48.524 : User is logged in with session 136638.336492507HAciDDtptDDDDDDDtcVHApAAzz	[MsgId: MMSG-17999]
    2023-06-15 08:37:54.709 : Search page opened	[MsgId: MMSG-17999]
    2023-06-15 08:38:08.548 : Flights found : 603;240;06/18/2023 and 062;277;06/15/2023	[MsgId: MMSG-17999]
    2023-06-15 08:38:08.548 : Sity depart : San Francisco, Sity arrive : Denver	[MsgId: MMSG-17999]
    2023-06-15 08:38:17.252 : Found Seat Type : Business, Seat Pref : None	[MsgId: MMSG-17999]
    2023-06-15 08:38:23.036 : User is logged out of session	[MsgId: MMSG-17999]
  2023-06-15 08:40:24.045 : IterationNum=21	[MsgId: MMSG-17999]
   USER 21 = user42:pwd42	[MsgId: MMSG-17999]
    2023-06-15 08:40:24.139 : Start page is opened	[MsgId: MMSG-17999]
    2023-06-15 08:40:28.305 : User is logged in with session 136638.34945322HAciDDfpVtcVHApAVAz	[MsgId: MMSG-17999]
    2023-06-15 08:40:32.532 : Search page opened	[MsgId: MMSG-17999]
    2023-06-15 08:40:50.612 : Flights found : 603;165;06/18/2023 and 060;202;06/15/2023	[MsgId: MMSG-17999]
    2023-06-15 08:40:50.612 : Sity depart : San Francisco, Sity arrive : Denver	[MsgId: MMSG-17999]
    2023-06-15 08:40:58.662 : Found Seat Type : Coach, Seat Pref : Window	[MsgId: MMSG-17999]
    2023-06-15 08:41:02.809 : User is logged out of session	[MsgId: MMSG-17999]
  2023-06-15 08:43:04.052 : IterationNum=22	[MsgId: MMSG-17999]
   USER 22 = user42:pwd42	[MsgId: MMSG-17999]
    2023-06-15 08:43:04.146 : Start page is opened	[MsgId: MMSG-17999]
    2023-06-15 08:43:09.070 : User is logged in with session 136638.362413933HAciDDfpHzzzzzzHtcVHApAVtz	[MsgId: MMSG-17999]
    2023-06-15 08:43:14.588 : Search page opened	[MsgId: MMSG-17999]
    2023-06-15 08:43:32.962 : Flights found : 420;204;06/18/2023 and 240;204;06/15/2023	[MsgId: MMSG-17999]
    2023-06-15 08:43:32.962 : Sity depart : Paris, Sity arrive : London	[MsgId: MMSG-17999]
    2023-06-15 08:43:44.645 : Found Seat Type : First, Seat Pref : Window	[MsgId: MMSG-17999]
    2023-06-15 08:43:50.241 : User is logged out of session	[MsgId: MMSG-17999]
  2023-06-15 08:45:44.055 : IterationNum=23	[MsgId: MMSG-17999]
   USER 23 = user42:pwd42	[MsgId: MMSG-17999]
    2023-06-15 08:45:44.150 : Start page is opened	[MsgId: MMSG-17999]
    2023-06-15 08:45:50.353 : User is logged in with session 136638.375374646HAciDDzptDDDDDDDtcVHApAViz	[MsgId: MMSG-17999]
    2023-06-15 08:45:55.956 : Search page opened	[MsgId: MMSG-17999]
    2023-06-15 08:46:10.355 : Flights found : 340;438;06/18/2023 and 431;391;06/15/2023	[MsgId: MMSG-17999]
    2023-06-15 08:46:10.355 : Sity depart : Los Angeles, Sity arrive : Paris	[MsgId: MMSG-17999]
    2023-06-15 08:46:19.916 : Found Seat Type : Coach, Seat Pref : Aisle	[MsgId: MMSG-17999]
    2023-06-15 08:46:24.086 : User is logged out of session	[MsgId: MMSG-17999]
  2023-06-15 08:48:24.067 : IterationNum=24	[MsgId: MMSG-17999]
   USER 24 = user42:pwd42	[MsgId: MMSG-17999]
    2023-06-15 08:48:24.161 : Start page is opened	[MsgId: MMSG-17999]
    2023-06-15 08:48:29.758 : User is logged in with session 136638.388335358HAciDDHpVtcVHApAccz	[MsgId: MMSG-17999]
    2023-06-15 08:48:34.624 : Search page opened	[MsgId: MMSG-17999]
    2023-06-15 08:48:46.170 : Flights found : 312;310;06/18/2023 and 132;446;06/15/2023	[MsgId: MMSG-17999]
    2023-06-15 08:48:46.170 : Sity depart : Los Angeles, Sity arrive : Frankfurt	[MsgId: MMSG-17999]
    2023-06-15 08:48:54.892 : Found Seat Type : Business, Seat Pref : Aisle	[MsgId: MMSG-17999]
    2023-06-15 08:48:59.991 : User is logged out of session	[MsgId: MMSG-17999]
