  2023-06-15 07:10:54.240 : IterationNum=1	[MsgId: MMSG-17999]
   USER 1 = user31:pwd31	[MsgId: MMSG-17999]
    2023-06-15 07:10:54.338 : Start page is opened	[MsgId: MMSG-17999]
    2023-06-15 07:11:00.722 : User is logged in with session 136637.914459295HAciDVcpHcftcVzQpiHzDf	[MsgId: MMSG-17999]
    2023-06-15 07:11:06.284 : Search page opened	[MsgId: MMSG-17999]
    2023-06-15 07:11:20.317 : Flights found : 362;82;06/18/2023 and 630;87;06/15/2023	[MsgId: MMSG-17999]
    2023-06-15 07:11:20.317 : Sity depart : Los Angeles, Sity arrive : San Francisco	[MsgId: MMSG-17999]
    2023-06-15 07:11:28.507 : Found Seat Type : Business, Seat Pref : Aisle	[MsgId: MMSG-17999]
    2023-06-15 07:11:32.899 : User is logged out of session	[MsgId: MMSG-17999]
  2023-06-15 07:13:34.246 : IterationNum=2	[MsgId: MMSG-17999]
   USER 2 = user32:pwd32	[MsgId: MMSG-17999]
    2023-06-15 07:13:34.340 : Start page is opened	[MsgId: MMSG-17999]
    2023-06-15 07:13:39.217 : User is logged in with session 136637.927420008HAciDVDpDQVzzzzHtcVzQpiiADf	[MsgId: MMSG-17999]
    2023-06-15 07:13:43.272 : Search page opened	[MsgId: MMSG-17999]
    2023-06-15 07:13:55.829 : Flights found : 302;238;06/18/2023 and 032;238;06/15/2023	[MsgId: MMSG-17999]
    2023-06-15 07:13:55.829 : Sity depart : Los Angeles, Sity arrive : Denver	[MsgId: MMSG-17999]
    2023-06-15 07:14:06.698 : Found Seat Type : Coach, Seat Pref : Window	[MsgId: MMSG-17999]
    2023-06-15 07:14:12.843 : User is logged out of session	[MsgId: MMSG-17999]
  2023-06-15 07:16:14.253 : IterationNum=3	[MsgId: MMSG-17999]
   USER 3 = user33:pwd33	[MsgId: MMSG-17999]
    2023-06-15 07:16:14.347 : Start page is opened	[MsgId: MMSG-17999]
    2023-06-15 07:16:18.340 : User is logged in with session 136637.940380721HAciDVtpAfiDDDDDtcVzQpiitDf	[MsgId: MMSG-17999]
    2023-06-15 07:16:22.254 : Search page opened	[MsgId: MMSG-17999]
           ERROR : Sity depart : Zurich Sity arrive : Zurich	[MsgId: MMSG-17999]
           ERROR FIXED : Sity depart : Zurich Sity arrive : Frankfurt	[MsgId: MMSG-17999]
    2023-06-15 07:16:39.006 : Flights found : 913;303;06/18/2023 and 190;371;06/15/2023	[MsgId: MMSG-17999]
    2023-06-15 07:16:39.006 : Sity depart : Zurich, Sity arrive : Frankfurt	[MsgId: MMSG-17999]
    2023-06-15 07:16:49.819 : Found Seat Type : First, Seat Pref : None	[MsgId: MMSG-17999]
    2023-06-15 07:16:54.938 : User is logged out of session	[MsgId: MMSG-17999]
  2023-06-15 07:18:54.269 : IterationNum=4	[MsgId: MMSG-17999]
   USER 4 = user33:pwd33	[MsgId: MMSG-17999]
    2023-06-15 07:18:54.361 : Start page is opened	[MsgId: MMSG-17999]
    2023-06-15 07:19:00.666 : User is logged in with session 136637.953341434HAciDVtpHcftcVzQpiiiDf	[MsgId: MMSG-17999]
    2023-06-15 07:19:06.349 : Search page opened	[MsgId: MMSG-17999]
    2023-06-15 07:19:20.603 : Flights found : 711;659;06/18/2023 and 171;659;06/15/2023	[MsgId: MMSG-17999]
    2023-06-15 07:19:20.603 : Sity depart : Seattle, Sity arrive : Frankfurt	[MsgId: MMSG-17999]
    2023-06-15 07:19:28.626 : Found Seat Type : Business, Seat Pref : Aisle	[MsgId: MMSG-17999]
    2023-06-15 07:19:33.013 : User is logged out of session	[MsgId: MMSG-17999]
  2023-06-15 07:21:34.275 : IterationNum=5	[MsgId: MMSG-17999]
   USER 5 = user33:pwd33	[MsgId: MMSG-17999]
    2023-06-15 07:21:34.368 : Start page is opened	[MsgId: MMSG-17999]
    2023-06-15 07:21:38.367 : User is logged in with session 136637.966302147HAciDVfpDQVzzzzHtcVzQpiQcDf	[MsgId: MMSG-17999]
    2023-06-15 07:21:43.910 : Search page opened	[MsgId: MMSG-17999]
    2023-06-15 07:21:58.838 : Flights found : 870;801;06/18/2023 and 782;758;06/15/2023	[MsgId: MMSG-17999]
    2023-06-15 07:21:58.838 : Sity depart : Sydney, Sity arrive : Seattle	[MsgId: MMSG-17999]
    2023-06-15 07:22:10.882 : Found Seat Type : Coach, Seat Pref : Aisle	[MsgId: MMSG-17999]
    2023-06-15 07:22:15.041 : User is logged out of session	[MsgId: MMSG-17999]
  2023-06-15 07:24:14.288 : IterationNum=6	[MsgId: MMSG-17999]
   USER 6 = user33:pwd33	[MsgId: MMSG-17999]
    2023-06-15 07:24:14.382 : Start page is opened	[MsgId: MMSG-17999]
    2023-06-15 07:24:19.439 : User is logged in with session 136637.979262859HAciDVzpAfiDDDDDtcVzQpiQzDf	[MsgId: MMSG-17999]
    2023-06-15 07:24:24.220 : Search page opened	[MsgId: MMSG-17999]
    2023-06-15 07:24:38.635 : Flights found : 020;635;06/18/2023 and 202;600;06/15/2023	[MsgId: MMSG-17999]
    2023-06-15 07:24:38.635 : Sity depart : Denver, Sity arrive : London	[MsgId: MMSG-17999]
    2023-06-15 07:24:50.131 : Found Seat Type : First, Seat Pref : None	[MsgId: MMSG-17999]
    2023-06-15 07:24:54.614 : User is logged out of session	[MsgId: MMSG-17999]
  2023-06-15 07:26:54.301 : IterationNum=7	[MsgId: MMSG-17999]
   USER 7 = user33:pwd33	[MsgId: MMSG-17999]
    2023-06-15 07:26:54.393 : Start page is opened	[MsgId: MMSG-17999]
    2023-06-15 07:26:59.676 : User is logged in with session 136637.992223572HAciDVzpHcftcVzQpQAADf	[MsgId: MMSG-17999]
    2023-06-15 07:27:05.995 : Search page opened	[MsgId: MMSG-17999]
    2023-06-15 07:27:24.583 : Flights found : 022;600;06/18/2023 and 200;635;06/15/2023	[MsgId: MMSG-17999]
    2023-06-15 07:27:24.583 : Sity depart : Denver, Sity arrive : London	[MsgId: MMSG-17999]
    2023-06-15 07:27:32.620 : Found Seat Type : First, Seat Pref : Aisle	[MsgId: MMSG-17999]
    2023-06-15 07:27:38.598 : User is logged out of session	[MsgId: MMSG-17999]
  2023-06-15 07:29:34.304 : IterationNum=8	[MsgId: MMSG-17999]
   USER 8 = user33:pwd33	[MsgId: MMSG-17999]
    2023-06-15 07:29:34.397 : Start page is opened	[MsgId: MMSG-17999]
    2023-06-15 07:29:39.695 : User is logged in with session 136638.005184285HAciDVHpDQVzzzzHtcVzQpQAtDf	[MsgId: MMSG-17999]
    2023-06-15 07:29:45.773 : Search page opened	[MsgId: MMSG-17999]
    2023-06-15 07:29:58.738 : Flights found : 291;241;06/18/2023 and 921;241;06/15/2023	[MsgId: MMSG-17999]
    2023-06-15 07:29:58.738 : Sity depart : London, Sity arrive : Zurich	[MsgId: MMSG-17999]
    2023-06-15 07:30:07.822 : Found Seat Type : Business, Seat Pref : Aisle	[MsgId: MMSG-17999]
    2023-06-15 07:30:14.090 : User is logged out of session	[MsgId: MMSG-17999]
  2023-06-15 07:32:14.317 : IterationNum=9	[MsgId: MMSG-17999]
   USER 9 = user33:pwd33	[MsgId: MMSG-17999]
    2023-06-15 07:32:14.410 : Start page is opened	[MsgId: MMSG-17999]
    2023-06-15 07:32:18.922 : User is logged in with session 136638.018144998HAciDVipAfiDDDDDtcVzQpQAiDf	[MsgId: MMSG-17999]
    2023-06-15 07:32:24.578 : Search page opened	[MsgId: MMSG-17999]
    2023-06-15 07:32:42.306 : Flights found : 891;1386;06/18/2023 and 981;1386;06/15/2023	[MsgId: MMSG-17999]
    2023-06-15 07:32:42.306 : Sity depart : Sydney, Sity arrive : Zurich	[MsgId: MMSG-17999]
    2023-06-15 07:32:53.001 : Found Seat Type : Business, Seat Pref : Window	[MsgId: MMSG-17999]
    2023-06-15 07:32:58.384 : User is logged out of session	[MsgId: MMSG-17999]
  2023-06-15 07:34:54.331 : IterationNum=10	[MsgId: MMSG-17999]
   USER 10 = user33:pwd33	[MsgId: MMSG-17999]
    2023-06-15 07:34:54.421 : Start page is opened	[MsgId: MMSG-17999]
    2023-06-15 07:34:58.420 : User is logged in with session 136638.031105711HAciDVipHcftcVzQpQVcDf	[MsgId: MMSG-17999]
    2023-06-15 07:35:03.710 : Search page opened	[MsgId: MMSG-17999]
    2023-06-15 07:35:16.559 : Flights found : 520;805;06/18/2023 and 252;761;06/15/2023	[MsgId: MMSG-17999]
    2023-06-15 07:35:16.559 : Sity depart : Portland, Sity arrive : London	[MsgId: MMSG-17999]
    2023-06-15 07:35:26.180 : Found Seat Type : Business, Seat Pref : Window	[MsgId: MMSG-17999]
    2023-06-15 07:35:32.415 : User is logged out of session	[MsgId: MMSG-17999]
  2023-06-15 07:37:34.339 : IterationNum=11	[MsgId: MMSG-17999]
   USER 11 = user33:pwd33	[MsgId: MMSG-17999]
    2023-06-15 07:37:34.431 : Start page is opened	[MsgId: MMSG-17999]
    2023-06-15 07:37:39.976 : User is logged in with session 136638.044066424HAciDVQpDQVzzzzHtcVzQpQVzDf	[MsgId: MMSG-17999]
    2023-06-15 07:37:45.763 : Search page opened	[MsgId: MMSG-17999]
    2023-06-15 07:37:58.263 : Flights found : 403;416;06/18/2023 and 043;416;06/15/2023	[MsgId: MMSG-17999]
    2023-06-15 07:37:58.263 : Sity depart : Paris, Sity arrive : Denver	[MsgId: MMSG-17999]
    2023-06-15 07:38:09.177 : Found Seat Type : Business, Seat Pref : None	[MsgId: MMSG-17999]
    2023-06-15 07:38:13.364 : User is logged out of session	[MsgId: MMSG-17999]
  2023-06-15 07:40:14.352 : IterationNum=12	[MsgId: MMSG-17999]
   USER 12 = user33:pwd33	[MsgId: MMSG-17999]
    2023-06-15 07:40:14.444 : Start page is opened	[MsgId: MMSG-17999]
    2023-06-15 07:40:19.487 : User is logged in with session 136638.057027137HAciDcApAfiDDDDDtcVzQpQcADf	[MsgId: MMSG-17999]
    2023-06-15 07:40:23.761 : Search page opened	[MsgId: MMSG-17999]
    2023-06-15 07:40:40.533 : Flights found : 043;416;06/18/2023 and 400;508;06/15/2023	[MsgId: MMSG-17999]
    2023-06-15 07:40:40.533 : Sity depart : Denver, Sity arrive : Paris	[MsgId: MMSG-17999]
    2023-06-15 07:40:50.797 : Found Seat Type : Business, Seat Pref : Aisle	[MsgId: MMSG-17999]
    2023-06-15 07:40:56.866 : User is logged out of session	[MsgId: MMSG-17999]
  2023-06-15 07:42:54.358 : IterationNum=13	[MsgId: MMSG-17999]
   USER 13 = user33:pwd33	[MsgId: MMSG-17999]
    2023-06-15 07:42:54.450 : Start page is opened	[MsgId: MMSG-17999]
    2023-06-15 07:42:59.385 : User is logged in with session 136638.069987849HAciDcApHcftcVzQpQctDf	[MsgId: MMSG-17999]
    2023-06-15 07:43:04.592 : Search page opened	[MsgId: MMSG-17999]
    2023-06-15 07:43:20.727 : Flights found : 190;198;06/18/2023 and 912;187;06/15/2023	[MsgId: MMSG-17999]
    2023-06-15 07:43:20.727 : Sity depart : Frankfurt, Sity arrive : Zurich	[MsgId: MMSG-17999]
    2023-06-15 07:43:32.188 : Found Seat Type : Coach, Seat Pref : Window	[MsgId: MMSG-17999]
    2023-06-15 07:43:38.231 : User is logged out of session	[MsgId: MMSG-17999]
  2023-06-15 07:45:34.367 : IterationNum=14	[MsgId: MMSG-17999]
   USER 14 = user33:pwd33	[MsgId: MMSG-17999]
    2023-06-15 07:45:34.460 : Start page is opened	[MsgId: MMSG-17999]
    2023-06-15 07:45:39.601 : User is logged in with session 136638.082948562HAciDcVpDQVzzzzHtcVzQpQciDf	[MsgId: MMSG-17999]
    2023-06-15 07:45:44.848 : Search page opened	[MsgId: MMSG-17999]
    2023-06-15 07:45:58.018 : Flights found : 073;239;06/18/2023 and 702;276;06/15/2023	[MsgId: MMSG-17999]
    2023-06-15 07:45:58.018 : Sity depart : Denver, Sity arrive : Seattle	[MsgId: MMSG-17999]
    2023-06-15 07:46:06.211 : Found Seat Type : Coach, Seat Pref : None	[MsgId: MMSG-17999]
    2023-06-15 07:46:11.762 : User is logged out of session	[MsgId: MMSG-17999]
  2023-06-15 07:48:14.376 : IterationNum=15	[MsgId: MMSG-17999]
   USER 15 = user33:pwd33	[MsgId: MMSG-17999]
    2023-06-15 07:48:14.469 : Start page is opened	[MsgId: MMSG-17999]
    2023-06-15 07:48:20.729 : User is logged in with session 136638.095909275HAciDccpAfiDDDDDtcVzQpQDcDf	[MsgId: MMSG-17999]
    2023-06-15 07:48:25.878 : Search page opened	[MsgId: MMSG-17999]
    2023-06-15 07:48:42.524 : Flights found : 403;287;06/18/2023 and 040;350;06/15/2023	[MsgId: MMSG-17999]
    2023-06-15 07:48:42.524 : Sity depart : Paris, Sity arrive : Denver	[MsgId: MMSG-17999]
    2023-06-15 07:48:54.441 : Found Seat Type : Coach, Seat Pref : Window	[MsgId: MMSG-17999]
    2023-06-15 07:48:58.410 : User is logged out of session	[MsgId: MMSG-17999]
  2023-06-15 07:50:54.382 : IterationNum=16	[MsgId: MMSG-17999]
   USER 16 = user33:pwd33	[MsgId: MMSG-17999]
    2023-06-15 07:50:54.474 : Start page is opened	[MsgId: MMSG-17999]
    2023-06-15 07:51:00.477 : User is logged in with session 136638.108869988HAciDccpHcftcVzQpQDzDf	[MsgId: MMSG-17999]
    2023-06-15 07:51:05.420 : Search page opened	[MsgId: MMSG-17999]
    2023-06-15 07:51:23.779 : Flights found : 703;448;06/18/2023 and 070;548;06/15/2023	[MsgId: MMSG-17999]
    2023-06-15 07:51:23.779 : Sity depart : Seattle, Sity arrive : Denver	[MsgId: MMSG-17999]
    2023-06-15 07:51:31.737 : Found Seat Type : First, Seat Pref : None	[MsgId: MMSG-17999]
    2023-06-15 07:51:35.821 : User is logged out of session	[MsgId: MMSG-17999]
  2023-06-15 07:53:34.393 : IterationNum=17	[MsgId: MMSG-17999]
   USER 17 = user33:pwd33	[MsgId: MMSG-17999]
    2023-06-15 07:53:34.486 : Start page is opened	[MsgId: MMSG-17999]
    2023-06-15 07:53:40.867 : User is logged in with session 136638.121830701HAciDcDpDQVzzzzHtcVzQpQtADf	[MsgId: MMSG-17999]
    2023-06-15 07:53:45.610 : Search page opened	[MsgId: MMSG-17999]
    2023-06-15 07:54:03.668 : Flights found : 952;819;06/18/2023 and 591;771;06/15/2023	[MsgId: MMSG-17999]
    2023-06-15 07:54:03.669 : Sity depart : Zurich, Sity arrive : Portland	[MsgId: MMSG-17999]
    2023-06-15 07:54:15.294 : Found Seat Type : First, Seat Pref : None	[MsgId: MMSG-17999]
    2023-06-15 07:54:19.350 : User is logged out of session	[MsgId: MMSG-17999]
  2023-06-15 07:56:14.407 : IterationNum=18	[MsgId: MMSG-17999]
   USER 18 = user33:pwd33	[MsgId: MMSG-17999]
    2023-06-15 07:56:14.499 : Start page is opened	[MsgId: MMSG-17999]
    2023-06-15 07:56:20.211 : User is logged in with session 136638.134791414HAciDctpAfiDDDDDtcVzQpQttDf	[MsgId: MMSG-17999]
    2023-06-15 07:56:24.234 : Search page opened	[MsgId: MMSG-17999]
    2023-06-15 07:56:38.306 : Flights found : 671;77;06/18/2023 and 762;82;06/15/2023	[MsgId: MMSG-17999]
    2023-06-15 07:56:38.306 : Sity depart : San Francisco, Sity arrive : Seattle	[MsgId: MMSG-17999]
    2023-06-15 07:56:48.517 : Found Seat Type : Coach, Seat Pref : Window	[MsgId: MMSG-17999]
    2023-06-15 07:56:53.930 : User is logged out of session	[MsgId: MMSG-17999]
  2023-06-15 07:58:54.415 : IterationNum=19	[MsgId: MMSG-17999]
   USER 19 = user33:pwd33	[MsgId: MMSG-17999]
    2023-06-15 07:58:54.508 : Start page is opened	[MsgId: MMSG-17999]
    2023-06-15 07:58:58.884 : User is logged in with session 136638.147752126HAciDctpHcftcVzQpQtiDf	[MsgId: MMSG-17999]
    2023-06-15 07:59:04.127 : Search page opened	[MsgId: MMSG-17999]
    2023-06-15 07:59:22.893 : Flights found : 670;126;06/18/2023 and 763;103;06/15/2023	[MsgId: MMSG-17999]
    2023-06-15 07:59:22.893 : Sity depart : San Francisco, Sity arrive : Seattle	[MsgId: MMSG-17999]
    2023-06-15 07:59:32.378 : Found Seat Type : Business, Seat Pref : None	[MsgId: MMSG-17999]
    2023-06-15 07:59:37.422 : User is logged out of session	[MsgId: MMSG-17999]
  2023-06-15 08:01:34.422 : IterationNum=20	[MsgId: MMSG-17999]
   USER 20 = user33:pwd33	[MsgId: MMSG-17999]
    2023-06-15 08:01:34.516 : Start page is opened	[MsgId: MMSG-17999]
    2023-06-15 08:01:40.591 : User is logged in with session 136638.160712839HAciDcfpDQVzzzzHtcVzQpQfcDf	[MsgId: MMSG-17999]
    2023-06-15 08:01:46.739 : Search page opened	[MsgId: MMSG-17999]
    2023-06-15 08:02:04.471 : Flights found : 341;566;06/18/2023 and 430;636;06/15/2023	[MsgId: MMSG-17999]
    2023-06-15 08:02:04.471 : Sity depart : Los Angeles, Sity arrive : Paris	[MsgId: MMSG-17999]
    2023-06-15 08:02:12.263 : Found Seat Type : Business, Seat Pref : None	[MsgId: MMSG-17999]
    2023-06-15 08:02:18.341 : User is logged out of session	[MsgId: MMSG-17999]
  2023-06-15 08:04:14.428 : IterationNum=21	[MsgId: MMSG-17999]
   USER 21 = user33:pwd33	[MsgId: MMSG-17999]
    2023-06-15 08:04:14.520 : Start page is opened	[MsgId: MMSG-17999]
    2023-06-15 08:04:20.268 : User is logged in with session 136638.173673552HAciDczpAfiDDDDDtcVzQpQfzDf	[MsgId: MMSG-17999]
    2023-06-15 08:04:26.411 : Search page opened	[MsgId: MMSG-17999]
    2023-06-15 08:04:38.737 : Flights found : 051;355;06/18/2023 and 501;355;06/15/2023	[MsgId: MMSG-17999]
    2023-06-15 08:04:38.737 : Sity depart : Denver, Sity arrive : Portland	[MsgId: MMSG-17999]
    2023-06-15 08:04:49.316 : Found Seat Type : Business, Seat Pref : None	[MsgId: MMSG-17999]
    2023-06-15 08:04:54.845 : User is logged out of session	[MsgId: MMSG-17999]
  2023-06-15 08:06:54.442 : IterationNum=22	[MsgId: MMSG-17999]
   USER 22 = user33:pwd33	[MsgId: MMSG-17999]
    2023-06-15 08:06:54.534 : Start page is opened	[MsgId: MMSG-17999]
    2023-06-15 08:06:58.946 : User is logged in with session 136638.186634265HAciDczpHcftcVzQpQzADf	[MsgId: MMSG-17999]
    2023-06-15 08:07:03.835 : Search page opened	[MsgId: MMSG-17999]
    2023-06-15 08:07:21.348 : Flights found : 461;554;06/18/2023 and 640;622;06/15/2023	[MsgId: MMSG-17999]
    2023-06-15 08:07:21.348 : Sity depart : Paris, Sity arrive : San Francisco	[MsgId: MMSG-17999]
    2023-06-15 08:07:30.569 : Found Seat Type : Coach, Seat Pref : Aisle	[MsgId: MMSG-17999]
    2023-06-15 08:07:34.942 : User is logged out of session	[MsgId: MMSG-17999]
  2023-06-15 08:09:34.450 : IterationNum=23	[MsgId: MMSG-17999]
   USER 23 = user33:pwd33	[MsgId: MMSG-17999]
    2023-06-15 08:09:34.544 : Start page is opened	[MsgId: MMSG-17999]
    2023-06-15 08:09:39.454 : User is logged in with session 136638.199594978HAciDcHpDQVzzzzHtcVzQpQztDf	[MsgId: MMSG-17999]
    2023-06-15 08:09:45.572 : Search page opened	[MsgId: MMSG-17999]
    2023-06-15 08:10:00.501 : Flights found : 492;253;06/18/2023 and 941;238;06/15/2023	[MsgId: MMSG-17999]
    2023-06-15 08:10:00.501 : Sity depart : Paris, Sity arrive : Zurich	[MsgId: MMSG-17999]
    2023-06-15 08:10:09.139 : Found Seat Type : First, Seat Pref : None	[MsgId: MMSG-17999]
    2023-06-15 08:10:15.405 : User is logged out of session	[MsgId: MMSG-17999]
  2023-06-15 08:12:14.451 : IterationNum=24	[MsgId: MMSG-17999]
   USER 24 = user33:pwd33	[MsgId: MMSG-17999]
    2023-06-15 08:12:14.543 : Start page is opened	[MsgId: MMSG-17999]
    2023-06-15 08:12:19.808 : User is logged in with session 136638.212555691HAciDcipAfiDDDDDtcVzQpQziDf	[MsgId: MMSG-17999]
    2023-06-15 08:12:25.483 : Search page opened	[MsgId: MMSG-17999]
    2023-06-15 08:12:44.177 : Flights found : 933;283;06/18/2023 and 390;401;06/15/2023	[MsgId: MMSG-17999]
    2023-06-15 08:12:44.177 : Sity depart : Zurich, Sity arrive : Los Angeles	[MsgId: MMSG-17999]
    2023-06-15 08:12:54.459 : Found Seat Type : Coach, Seat Pref : Window	[MsgId: MMSG-17999]
    2023-06-15 08:12:59.905 : User is logged out of session	[MsgId: MMSG-17999]
  2023-06-15 08:14:54.463 : IterationNum=25	[MsgId: MMSG-17999]
   USER 25 = user33:pwd33	[MsgId: MMSG-17999]
    2023-06-15 08:14:54.557 : Start page is opened	[MsgId: MMSG-17999]
    2023-06-15 08:14:59.765 : User is logged in with session 136638.225516403HAciDcipHcftcVzQpQHcDf	[MsgId: MMSG-17999]
    2023-06-15 08:15:03.865 : Search page opened	[MsgId: MMSG-17999]
    2023-06-15 08:15:18.311 : Flights found : 192;351;06/18/2023 and 913;303;06/15/2023	[MsgId: MMSG-17999]
    2023-06-15 08:15:18.311 : Sity depart : Frankfurt, Sity arrive : Zurich	[MsgId: MMSG-17999]
    2023-06-15 08:15:30.830 : Found Seat Type : First, Seat Pref : Window	[MsgId: MMSG-17999]
    2023-06-15 08:15:35.704 : User is logged out of session	[MsgId: MMSG-17999]
  2023-06-15 08:17:34.475 : IterationNum=26	[MsgId: MMSG-17999]
   USER 26 = user33:pwd33	[MsgId: MMSG-17999]
    2023-06-15 08:17:34.568 : Start page is opened	[MsgId: MMSG-17999]
    2023-06-15 08:17:39.465 : User is logged in with session 136638.238477116HAciDcQpDQVzzzzHtcVzQpQHzDf	[MsgId: MMSG-17999]
    2023-06-15 08:17:45.208 : Search page opened	[MsgId: MMSG-17999]
           ERROR : Sity depart : Portland Sity arrive : Portland	[MsgId: MMSG-17999]
           ERROR FIXED : Sity depart : Portland Sity arrive : San Francisco	[MsgId: MMSG-17999]
    2023-06-15 08:17:59.491 : Flights found : 560;75;06/18/2023 and 651;67;06/15/2023	[MsgId: MMSG-17999]
    2023-06-15 08:17:59.491 : Sity depart : Portland, Sity arrive : San Francisco	[MsgId: MMSG-17999]
    2023-06-15 08:18:09.296 : Found Seat Type : Coach, Seat Pref : Window	[MsgId: MMSG-17999]
    2023-06-15 08:18:14.231 : User is logged out of session	[MsgId: MMSG-17999]
  2023-06-15 08:20:14.478 : IterationNum=27	[MsgId: MMSG-17999]
   USER 27 = user33:pwd33	[MsgId: MMSG-17999]
    2023-06-15 08:20:14.571 : Start page is opened	[MsgId: MMSG-17999]
    2023-06-15 08:20:19.262 : User is logged in with session 136638.251437829HAciDDApAfiDDDDDtcVzQpQiADf	[MsgId: MMSG-17999]
    2023-06-15 08:20:25.365 : Search page opened	[MsgId: MMSG-17999]
    2023-06-15 08:20:41.374 : Flights found : 751;108;06/18/2023 and 570;121;06/15/2023	[MsgId: MMSG-17999]
    2023-06-15 08:20:41.374 : Sity depart : Seattle, Sity arrive : Portland	[MsgId: MMSG-17999]
    2023-06-15 08:20:53.005 : Found Seat Type : First, Seat Pref : Window	[MsgId: MMSG-17999]
    2023-06-15 08:20:58.069 : User is logged out of session	[MsgId: MMSG-17999]
  2023-06-15 08:22:54.492 : IterationNum=28	[MsgId: MMSG-17999]
   USER 28 = user33:pwd33	[MsgId: MMSG-17999]
    2023-06-15 08:22:54.585 : Start page is opened	[MsgId: MMSG-17999]
    2023-06-15 08:22:59.696 : User is logged in with session 136638.264398542HAciDDApHcftcVzQpQitDf	[MsgId: MMSG-17999]
    2023-06-15 08:23:05.045 : Search page opened	[MsgId: MMSG-17999]
    2023-06-15 08:23:16.865 : Flights found : 012;684;06/18/2023 and 100;723;06/15/2023	[MsgId: MMSG-17999]
    2023-06-15 08:23:16.865 : Sity depart : Denver, Sity arrive : Frankfurt	[MsgId: MMSG-17999]
    2023-06-15 08:23:27.506 : Found Seat Type : First, Seat Pref : None	[MsgId: MMSG-17999]
    2023-06-15 08:23:33.489 : User is logged out of session	[MsgId: MMSG-17999]
  2023-06-15 08:25:34.503 : IterationNum=29	[MsgId: MMSG-17999]
   USER 29 = user33:pwd33	[MsgId: MMSG-17999]
    2023-06-15 08:25:34.597 : Start page is opened	[MsgId: MMSG-17999]
    2023-06-15 08:25:40.915 : User is logged in with session 136638.277359255HAciDDVpDQVzzzzHtcVzQpQiiDf	[MsgId: MMSG-17999]
    2023-06-15 08:25:44.943 : Search page opened	[MsgId: MMSG-17999]
    2023-06-15 08:25:59.264 : Flights found : 183;1447;06/18/2023 and 812;1672;06/15/2023	[MsgId: MMSG-17999]
    2023-06-15 08:25:59.264 : Sity depart : Frankfurt, Sity arrive : Sydney	[MsgId: MMSG-17999]
    2023-06-15 08:26:09.473 : Found Seat Type : Business, Seat Pref : Aisle	[MsgId: MMSG-17999]
    2023-06-15 08:26:14.464 : User is logged out of session	[MsgId: MMSG-17999]
  2023-06-15 08:28:14.517 : IterationNum=30	[MsgId: MMSG-17999]
   USER 30 = user33:pwd33	[MsgId: MMSG-17999]
    2023-06-15 08:28:14.611 : Start page is opened	[MsgId: MMSG-17999]
    2023-06-15 08:28:18.825 : User is logged in with session 136638.290319968HAciDDcpAfiDDDDDtcVzQpQQcDf	[MsgId: MMSG-17999]
    2023-06-15 08:28:25.199 : Search page opened	[MsgId: MMSG-17999]
    2023-06-15 08:28:37.733 : Flights found : 233;917;06/18/2023 and 321;998;06/15/2023	[MsgId: MMSG-17999]
    2023-06-15 08:28:37.733 : Sity depart : London, Sity arrive : Los Angeles	[MsgId: MMSG-17999]
    2023-06-15 08:28:48.012 : Found Seat Type : Business, Seat Pref : None	[MsgId: MMSG-17999]
    2023-06-15 08:28:53.232 : User is logged out of session	[MsgId: MMSG-17999]
  2023-06-15 08:30:54.521 : IterationNum=31	[MsgId: MMSG-17999]
   USER 31 = user33:pwd33	[MsgId: MMSG-17999]
    2023-06-15 08:30:54.615 : Start page is opened	[MsgId: MMSG-17999]
    2023-06-15 08:30:58.873 : User is logged in with session 136638.30328068HAciDDcpHcftcVzQpQQzDf	[MsgId: MMSG-17999]
    2023-06-15 08:31:02.889 : Search page opened	[MsgId: MMSG-17999]
    2023-06-15 08:31:14.578 : Flights found : 952;633;06/18/2023 and 592;633;06/15/2023	[MsgId: MMSG-17999]
    2023-06-15 08:31:14.578 : Sity depart : Zurich, Sity arrive : Portland	[MsgId: MMSG-17999]
    2023-06-15 08:31:23.968 : Found Seat Type : Business, Seat Pref : None	[MsgId: MMSG-17999]
    2023-06-15 08:31:29.029 : User is logged out of session	[MsgId: MMSG-17999]
  2023-06-15 08:33:34.532 : IterationNum=32	[MsgId: MMSG-17999]
   USER 32 = user33:pwd33	[MsgId: MMSG-17999]
    2023-06-15 08:33:34.626 : Start page is opened	[MsgId: MMSG-17999]
    2023-06-15 08:33:39.193 : User is logged in with session 136638.316241393HAciDDDpDQVzzzzHtcVHApAAADf	[MsgId: MMSG-17999]
    2023-06-15 08:33:45.279 : Search page opened	[MsgId: MMSG-17999]
    2023-06-15 08:33:58.798 : Flights found : 672;119;06/18/2023 and 761;112;06/15/2023	[MsgId: MMSG-17999]
    2023-06-15 08:33:58.798 : Sity depart : San Francisco, Sity arrive : Seattle	[MsgId: MMSG-17999]
    2023-06-15 08:34:09.128 : Found Seat Type : Business, Seat Pref : Window	[MsgId: MMSG-17999]
    2023-06-15 08:34:13.372 : User is logged out of session	[MsgId: MMSG-17999]
  2023-06-15 08:36:14.537 : IterationNum=33	[MsgId: MMSG-17999]
   USER 33 = user33:pwd33	[MsgId: MMSG-17999]
    2023-06-15 08:36:14.628 : Start page is opened	[MsgId: MMSG-17999]
    2023-06-15 08:36:20.219 : User is logged in with session 136638.329202106HAciDDtpAfiDDDDDtcVHApAAtDf	[MsgId: MMSG-17999]
    2023-06-15 08:36:25.858 : Search page opened	[MsgId: MMSG-17999]
    2023-06-15 08:36:44.256 : Flights found : 600;202;06/18/2023 and 062;191;06/15/2023	[MsgId: MMSG-17999]
    2023-06-15 08:36:44.256 : Sity depart : San Francisco, Sity arrive : Denver	[MsgId: MMSG-17999]
    2023-06-15 08:36:53.947 : Found Seat Type : Coach, Seat Pref : Aisle	[MsgId: MMSG-17999]
    2023-06-15 08:37:00.287 : User is logged out of session	[MsgId: MMSG-17999]
  2023-06-15 08:38:54.537 : IterationNum=34	[MsgId: MMSG-17999]
   USER 34 = user33:pwd33	[MsgId: MMSG-17999]
    2023-06-15 08:38:54.631 : Start page is opened	[MsgId: MMSG-17999]
    2023-06-15 08:39:00.344 : User is logged in with session 136638.342162819HAciDDtpHcftcVHApAAiDf	[MsgId: MMSG-17999]
    2023-06-15 08:39:05.779 : Search page opened	[MsgId: MMSG-17999]
    2023-06-15 08:39:17.141 : Flights found : 382;1187;06/18/2023 and 831;1119;06/15/2023	[MsgId: MMSG-17999]
    2023-06-15 08:39:17.141 : Sity depart : Los Angeles, Sity arrive : Sydney	[MsgId: MMSG-17999]
    2023-06-15 08:39:29.355 : Found Seat Type : First, Seat Pref : None	[MsgId: MMSG-17999]
    2023-06-15 08:39:34.948 : User is logged out of session	[MsgId: MMSG-17999]
  2023-06-15 08:41:34.547 : IterationNum=35	[MsgId: MMSG-17999]
   USER 35 = user33:pwd33	[MsgId: MMSG-17999]
    2023-06-15 08:41:34.642 : Start page is opened	[MsgId: MMSG-17999]
    2023-06-15 08:41:40.559 : User is logged in with session 136638.355123532HAciDDfpDQVzzzzHtcVHApAVcDf	[MsgId: MMSG-17999]
    2023-06-15 08:41:45.044 : Search page opened	[MsgId: MMSG-17999]
           ERROR : Sity depart : Zurich Sity arrive : Zurich	[MsgId: MMSG-17999]
           ERROR FIXED : Sity depart : Zurich Sity arrive : Paris	[MsgId: MMSG-17999]
    2023-06-15 08:41:57.075 : Flights found : 940;207;06/18/2023 and 490;207;06/15/2023	[MsgId: MMSG-17999]
    2023-06-15 08:41:57.075 : Sity depart : Zurich, Sity arrive : Paris	[MsgId: MMSG-17999]
    2023-06-15 08:42:06.303 : Found Seat Type : Business, Seat Pref : Aisle	[MsgId: MMSG-17999]
    2023-06-15 08:42:11.873 : User is logged out of session	[MsgId: MMSG-17999]
  2023-06-15 08:44:14.554 : IterationNum=36	[MsgId: MMSG-17999]
   USER 36 = user33:pwd33	[MsgId: MMSG-17999]
    2023-06-15 08:44:14.647 : Start page is opened	[MsgId: MMSG-17999]
    2023-06-15 08:44:19.716 : User is logged in with session 136638.368084245HAciDDzpAfiDDDDDtcVHApAVzDf	[MsgId: MMSG-17999]
    2023-06-15 08:44:26.036 : Search page opened	[MsgId: MMSG-17999]
    2023-06-15 08:44:40.868 : Flights found : 193;162;06/18/2023 and 911;176;06/15/2023	[MsgId: MMSG-17999]
    2023-06-15 08:44:40.868 : Sity depart : Frankfurt, Sity arrive : Zurich	[MsgId: MMSG-17999]
    2023-06-15 08:44:52.844 : Found Seat Type : Coach, Seat Pref : Window	[MsgId: MMSG-17999]
    2023-06-15 08:44:58.634 : User is logged out of session	[MsgId: MMSG-17999]
  2023-06-15 08:46:54.567 : IterationNum=37	[MsgId: MMSG-17999]
   USER 37 = user33:pwd33	[MsgId: MMSG-17999]
    2023-06-15 08:46:54.660 : Start page is opened	[MsgId: MMSG-17999]
    2023-06-15 08:46:58.559 : User is logged in with session 136638.381044957HAciDDzpHcftcVHApAcADf	[MsgId: MMSG-17999]
    2023-06-15 08:47:02.651 : Search page opened	[MsgId: MMSG-17999]
           ERROR : Sity depart : Paris Sity arrive : Paris	[MsgId: MMSG-17999]
           ERROR FIXED : Sity depart : Paris Sity arrive : Denver	[MsgId: MMSG-17999]
    2023-06-15 08:47:20.014 : Flights found : 402;331;06/18/2023 and 043;287;06/15/2023	[MsgId: MMSG-17999]
    2023-06-15 08:47:20.015 : Sity depart : Paris, Sity arrive : Denver	[MsgId: MMSG-17999]
    2023-06-15 08:47:31.293 : Found Seat Type : Coach, Seat Pref : Window	[MsgId: MMSG-17999]
    2023-06-15 08:47:36.648 : User is logged out of session	[MsgId: MMSG-17999]
