  2023-06-15 08:11:19.380 : IterationNum=1	[MsgId: MMSG-17999]
   USER 1 = user80:pwd80	[MsgId: MMSG-17999]
    2023-06-15 08:11:19.473 : Start page is opened	[MsgId: MMSG-17999]
    2023-06-15 08:11:23.753 : User is logged in with session 136638.208100446HAciDcHpicQVzzzHtcVzQpQzzQHf	[MsgId: MMSG-17999]
    2023-06-15 08:11:28.737 : User is logged out of session	[MsgId: MMSG-17999]
  2023-06-15 08:13:25.390 : IterationNum=2	[MsgId: MMSG-17999]
   USER 2 = user80:pwd80	[MsgId: MMSG-17999]
    2023-06-15 08:13:25.482 : Start page is opened	[MsgId: MMSG-17999]
    2023-06-15 08:13:30.564 : User is logged in with session 136638.218307007HAciDcipDftVzzzHtcVzQpQHAVcf	[MsgId: MMSG-17999]
    2023-06-15 08:13:34.791 : User is logged out of session	[MsgId: MMSG-17999]
  2023-06-15 08:15:31.390 : IterationNum=3	[MsgId: MMSG-17999]
   USER 3 = user80:pwd80	[MsgId: MMSG-17999]
    2023-06-15 08:15:31.484 : Start page is opened	[MsgId: MMSG-17999]
    2023-06-15 08:15:37.650 : User is logged in with session 136638.228513568HAciDcipiHQVzzzHtcVzQpQHDcHf	[MsgId: MMSG-17999]
    2023-06-15 08:15:44.036 : User is logged out of session	[MsgId: MMSG-17999]
  2023-06-15 08:17:37.400 : IterationNum=4	[MsgId: MMSG-17999]
   USER 4 = user80:pwd80	[MsgId: MMSG-17999]
    2023-06-15 08:17:37.493 : Start page is opened	[MsgId: MMSG-17999]
    2023-06-15 08:17:42.184 : User is logged in with session 136638.23872013HAciDcQptAtVzzzHtcVzQpQHztcf	[MsgId: MMSG-17999]
    2023-06-15 08:17:47.867 : User is logged out of session	[MsgId: MMSG-17999]
  2023-06-15 08:19:43.413 : IterationNum=5	[MsgId: MMSG-17999]
   USER 5 = user80:pwd80	[MsgId: MMSG-17999]
    2023-06-15 08:19:43.506 : Start page is opened	[MsgId: MMSG-17999]
    2023-06-15 08:19:48.385 : User is logged in with session 136638.248926691HAciDcQpQcQVzzzHtcVzQpQHQfHf	[MsgId: MMSG-17999]
    2023-06-15 08:19:52.844 : User is logged out of session	[MsgId: MMSG-17999]
  2023-06-15 08:21:49.424 : IterationNum=6	[MsgId: MMSG-17999]
   USER 6 = user80:pwd80	[MsgId: MMSG-17999]
    2023-06-15 08:21:49.515 : Start page is opened	[MsgId: MMSG-17999]
    2023-06-15 08:21:54.281 : User is logged in with session 136638.259133252HAciDDAptftVzzzHtcVzQpQicHcf	[MsgId: MMSG-17999]
    2023-06-15 08:22:00.135 : User is logged out of session	[MsgId: MMSG-17999]
  2023-06-15 08:23:55.435 : IterationNum=7	[MsgId: MMSG-17999]
   USER 7 = user80:pwd80	[MsgId: MMSG-17999]
    2023-06-15 08:23:55.529 : Start page is opened	[MsgId: MMSG-17999]
    2023-06-15 08:23:59.627 : User is logged in with session 136638.269339814HAciDDApQHQVzzzHtcVzQpQifiHf	[MsgId: MMSG-17999]
    2023-06-15 08:24:03.885 : User is logged out of session	[MsgId: MMSG-17999]
  2023-06-15 08:26:01.446 : IterationNum=8	[MsgId: MMSG-17999]
   USER 8 = user80:pwd80	[MsgId: MMSG-17999]
    2023-06-15 08:26:01.539 : Start page is opened	[MsgId: MMSG-17999]
    2023-06-15 08:26:05.680 : User is logged in with session 136638.279546375HAciDDVpfAtVzzzHtcVzQpQiQAcf	[MsgId: MMSG-17999]
    2023-06-15 08:26:11.355 : User is logged out of session	[MsgId: MMSG-17999]
  2023-06-15 08:28:07.461 : IterationNum=9	[MsgId: MMSG-17999]
   USER 9 = user80:pwd80	[MsgId: MMSG-17999]
    2023-06-15 08:28:07.553 : Start page is opened	[MsgId: MMSG-17999]
    2023-06-15 08:28:11.641 : User is logged in with session 136638.289752936HAciDDcpAcQVzzzHtcVzQpQQcVHf	[MsgId: MMSG-17999]
    2023-06-15 08:28:17.987 : User is logged out of session	[MsgId: MMSG-17999]
  2023-06-15 08:30:13.473 : IterationNum=10	[MsgId: MMSG-17999]
   USER 10 = user80:pwd80	[MsgId: MMSG-17999]
    2023-06-15 08:30:13.565 : Start page is opened	[MsgId: MMSG-17999]
    2023-06-15 08:30:17.490 : User is logged in with session 136638.299959498HAciDDcpfftVzzzHtcVzQpQQfDcf	[MsgId: MMSG-17999]
    2023-06-15 08:30:22.416 : User is logged out of session	[MsgId: MMSG-17999]
  2023-06-15 08:32:19.477 : IterationNum=11	[MsgId: MMSG-17999]
   USER 11 = user80:pwd80	[MsgId: MMSG-17999]
    2023-06-15 08:32:19.570 : Start page is opened	[MsgId: MMSG-17999]
    2023-06-15 08:32:25.329 : User is logged in with session 136638.310166059HAciDDDpAHQVzzzHtcVzQpQQitHf	[MsgId: MMSG-17999]
    2023-06-15 08:32:29.789 : User is logged out of session	[MsgId: MMSG-17999]
  2023-06-15 08:34:25.477 : IterationNum=12	[MsgId: MMSG-17999]
   USER 12 = user80:pwd80	[MsgId: MMSG-17999]
    2023-06-15 08:34:25.570 : Start page is opened	[MsgId: MMSG-17999]
    2023-06-15 08:34:30.044 : User is logged in with session 136638.32037262HAciDDDpzAtVzzzHtcVHApAAVzcf	[MsgId: MMSG-17999]
    2023-06-15 08:34:35.562 : User is logged out of session	[MsgId: MMSG-17999]
  2023-06-15 08:36:31.490 : IterationNum=13	[MsgId: MMSG-17999]
   USER 13 = user80:pwd80	[MsgId: MMSG-17999]
    2023-06-15 08:36:31.584 : Start page is opened	[MsgId: MMSG-17999]
    2023-06-15 08:36:36.030 : User is logged in with session 136638.330579182HAciDDtpVcQVzzzHtcVHApAAtHHf	[MsgId: MMSG-17999]
    2023-06-15 08:36:40.696 : User is logged out of session	[MsgId: MMSG-17999]
  2023-06-15 08:38:37.495 : IterationNum=14	[MsgId: MMSG-17999]
   USER 14 = user80:pwd80	[MsgId: MMSG-17999]
    2023-06-15 08:38:37.590 : Start page is opened	[MsgId: MMSG-17999]
    2023-06-15 08:38:43.908 : User is logged in with session 136638.340785743HAciDDtpzftVzzzHtcVHApAAHQcf	[MsgId: MMSG-17999]
    2023-06-15 08:38:48.197 : User is logged out of session	[MsgId: MMSG-17999]
  2023-06-15 08:40:43.500 : IterationNum=15	[MsgId: MMSG-17999]
   USER 15 = user80:pwd80	[MsgId: MMSG-17999]
    2023-06-15 08:40:43.592 : Start page is opened	[MsgId: MMSG-17999]
    2023-06-15 08:40:48.564 : User is logged in with session 136638.350992305HAciDDfpVHQVzzzHtcVHApAVVAHf	[MsgId: MMSG-17999]
    2023-06-15 08:40:54.868 : User is logged out of session	[MsgId: MMSG-17999]
  2023-06-15 08:42:49.507 : IterationNum=16	[MsgId: MMSG-17999]
   USER 16 = user80:pwd80	[MsgId: MMSG-17999]
    2023-06-15 08:42:49.599 : Start page is opened	[MsgId: MMSG-17999]
    2023-06-15 08:42:55.083 : User is logged in with session 136638.361198866HAciDDfpHAtVzzzHtcVHApAVtccf	[MsgId: MMSG-17999]
    2023-06-15 08:43:00.742 : User is logged out of session	[MsgId: MMSG-17999]
  2023-06-15 08:44:55.507 : IterationNum=17	[MsgId: MMSG-17999]
   USER 17 = user80:pwd80	[MsgId: MMSG-17999]
    2023-06-15 08:44:55.599 : Start page is opened	[MsgId: MMSG-17999]
    2023-06-15 08:44:59.804 : User is logged in with session 136638.371405427HAciDDzpccQVzzzHtcVHApAVHDHf	[MsgId: MMSG-17999]
    2023-06-15 08:45:04.777 : User is logged out of session	[MsgId: MMSG-17999]
  2023-06-15 08:47:01.520 : IterationNum=18	[MsgId: MMSG-17999]
   USER 18 = user80:pwd80	[MsgId: MMSG-17999]
    2023-06-15 08:47:01.612 : Start page is opened	[MsgId: MMSG-17999]
    2023-06-15 08:47:07.825 : User is logged in with session 136638.381611989HAciDDzpHftVzzzHtcVHApAcAfcf	[MsgId: MMSG-17999]
    2023-06-15 08:47:13.256 : User is logged out of session	[MsgId: MMSG-17999]
