  2023-06-15 08:22:59.459 : IterationNum=1	[MsgId: MMSG-17999]
   USER 1 = user83:pwd83	[MsgId: MMSG-17999]
    2023-06-15 08:22:59.553 : Start page is opened	[MsgId: MMSG-17999]
    2023-06-15 08:23:05.046 : User is logged in with session 136638.264803564HAciDDApHtfiDDDDtcVzQpQittHf	[MsgId: MMSG-17999]
    2023-06-15 08:23:10.069 : User is logged out of session	[MsgId: MMSG-17999]
  2023-06-15 08:25:05.461 : IterationNum=2	[MsgId: MMSG-17999]
   USER 2 = user83:pwd83	[MsgId: MMSG-17999]
    2023-06-15 08:25:05.554 : Start page is opened	[MsgId: MMSG-17999]
    2023-06-15 08:25:10.768 : User is logged in with session 136638.275010126HAciDDVpcHAiDDDDtcVzQpQiHzcf	[MsgId: MMSG-17999]
    2023-06-15 08:25:15.025 : User is logged out of session	[MsgId: MMSG-17999]
  2023-06-15 08:27:11.471 : IterationNum=3	[MsgId: MMSG-17999]
   USER 3 = user83:pwd83	[MsgId: MMSG-17999]
    2023-06-15 08:27:11.564 : Start page is opened	[MsgId: MMSG-17999]
    2023-06-15 08:27:16.006 : User is logged in with session 136638.285216687HAciDDVpHQfiDDDDtcVzQpQQAHHf	[MsgId: MMSG-17999]
    2023-06-15 08:27:20.823 : User is logged out of session	[MsgId: MMSG-17999]
  2023-06-15 08:29:17.473 : IterationNum=4	[MsgId: MMSG-17999]
   USER 4 = user83:pwd83	[MsgId: MMSG-17999]
    2023-06-15 08:29:17.566 : Start page is opened	[MsgId: MMSG-17999]
    2023-06-15 08:29:22.938 : User is logged in with session 136638.295423248HAciDDcpDcAiDDDDtcVzQpQQDQcf	[MsgId: MMSG-17999]
    2023-06-15 08:29:27.607 : User is logged out of session	[MsgId: MMSG-17999]
  2023-06-15 08:31:23.478 : IterationNum=5	[MsgId: MMSG-17999]
   USER 5 = user83:pwd83	[MsgId: MMSG-17999]
    2023-06-15 08:31:23.571 : Start page is opened	[MsgId: MMSG-17999]
    2023-06-15 08:31:27.967 : User is logged in with session 136638.30562981HAciDDcpitfiDDDDtcVzQpQQHAHf	[MsgId: MMSG-17999]
    2023-06-15 08:31:33.940 : User is logged out of session	[MsgId: MMSG-17999]
  2023-06-15 08:33:29.489 : IterationNum=6	[MsgId: MMSG-17999]
   USER 6 = user83:pwd83	[MsgId: MMSG-17999]
    2023-06-15 08:33:29.581 : Start page is opened	[MsgId: MMSG-17999]
    2023-06-15 08:33:33.837 : User is logged in with session 136638.315836371HAciDDDpDHAiDDDDtcVHApAAAccf	[MsgId: MMSG-17999]
    2023-06-15 08:33:39.706 : User is logged out of session	[MsgId: MMSG-17999]
  2023-06-15 08:35:35.492 : IterationNum=7	[MsgId: MMSG-17999]
   USER 7 = user83:pwd83	[MsgId: MMSG-17999]
    2023-06-15 08:35:35.586 : Start page is opened	[MsgId: MMSG-17999]
    2023-06-15 08:35:41.444 : User is logged in with session 136638.326042932HAciDDDpiQfiDDDDtcVHApAADDHf	[MsgId: MMSG-17999]
    2023-06-15 08:35:46.125 : User is logged out of session	[MsgId: MMSG-17999]
  2023-06-15 08:37:41.497 : IterationNum=8	[MsgId: MMSG-17999]
   USER 8 = user83:pwd83	[MsgId: MMSG-17999]
    2023-06-15 08:37:41.589 : Start page is opened	[MsgId: MMSG-17999]
    2023-06-15 08:37:46.045 : User is logged in with session 136638.336249494HAciDDtptcAiDDDDtcVHApAAzfcf	[MsgId: MMSG-17999]
    2023-06-15 08:37:52.243 : User is logged out of session	[MsgId: MMSG-17999]
  2023-06-15 08:39:47.500 : IterationNum=9	[MsgId: MMSG-17999]
   USER 9 = user83:pwd83	[MsgId: MMSG-17999]
    2023-06-15 08:39:47.593 : Start page is opened	[MsgId: MMSG-17999]
    2023-06-15 08:39:52.722 : User is logged in with session 136638.346456055HAciDDtpQtfiDDDDtcVHApAAQzHf	[MsgId: MMSG-17999]
    2023-06-15 08:39:58.357 : User is logged out of session	[MsgId: MMSG-17999]
  2023-06-15 08:41:53.506 : IterationNum=10	[MsgId: MMSG-17999]
   USER 10 = user83:pwd83	[MsgId: MMSG-17999]
    2023-06-15 08:41:53.601 : Start page is opened	[MsgId: MMSG-17999]
    2023-06-15 08:41:58.934 : User is logged in with session 136638.356662616HAciDDfptHAiDDDDtcVHApAVcicf	[MsgId: MMSG-17999]
    2023-06-15 08:42:05.250 : User is logged out of session	[MsgId: MMSG-17999]
  2023-06-15 08:43:59.511 : IterationNum=11	[MsgId: MMSG-17999]
   USER 11 = user83:pwd83	[MsgId: MMSG-17999]
    2023-06-15 08:43:59.604 : Start page is opened	[MsgId: MMSG-17999]
    2023-06-15 08:44:04.847 : User is logged in with session 136638.366869178HAciDDfpQQfiDDDDtcVHApAVfQHf	[MsgId: MMSG-17999]
    2023-06-15 08:44:09.464 : User is logged out of session	[MsgId: MMSG-17999]
  2023-06-15 08:46:05.525 : IterationNum=12	[MsgId: MMSG-17999]
   USER 12 = user83:pwd83	[MsgId: MMSG-17999]
    2023-06-15 08:46:05.619 : Start page is opened	[MsgId: MMSG-17999]
    2023-06-15 08:46:11.495 : User is logged in with session 136638.377075739HAciDDzpfcAiDDDDtcVHApAVQVcf	[MsgId: MMSG-17999]
    2023-06-15 08:46:15.953 : User is logged out of session	[MsgId: MMSG-17999]
  2023-06-15 08:48:11.528 : IterationNum=13	[MsgId: MMSG-17999]
   USER 13 = user83:pwd83	[MsgId: MMSG-17999]
    2023-06-15 08:48:11.637 : Start page is opened	[MsgId: MMSG-17999]
    2023-06-15 08:48:16.110 : User is logged in with session 136638.387282301HAciDDHpAtfiDDDDtcVHApAcccHf	[MsgId: MMSG-17999]
    2023-06-15 08:48:20.915 : User is logged out of session	[MsgId: MMSG-17999]
