  2023-06-15 08:35:24.849 : IterationNum=1	[MsgId: MMSG-17999]
   USER 1 = user95:pwd95	[MsgId: MMSG-17999]
    2023-06-15 08:35:24.933 : Start page is opened	[MsgId: MMSG-17999]
    2023-06-15 08:35:31.216 : User is logged in with session 136638.325151883HAciDDDpiftcVHApAADV	[MsgId: MMSG-17999]
    2023-06-15 08:35:35.466 : User is logged out of session	[MsgId: MMSG-17999]
  2023-06-15 08:37:30.865 : IterationNum=2	[MsgId: MMSG-17999]
   USER 2 = user95:pwd95	[MsgId: MMSG-17999]
    2023-06-15 08:37:30.956 : Start page is opened	[MsgId: MMSG-17999]
    2023-06-15 08:37:36.308 : User is logged in with session 136638.335358445HAciDDtpDHftcVHApAAzcf	[MsgId: MMSG-17999]
    2023-06-15 08:37:41.204 : User is logged out of session	[MsgId: MMSG-17999]
  2023-06-15 08:39:36.880 : IterationNum=3	[MsgId: MMSG-17999]
   USER 3 = user95:pwd95	[MsgId: MMSG-17999]
    2023-06-15 08:39:36.972 : Start page is opened	[MsgId: MMSG-17999]
    2023-06-15 08:39:42.028 : User is logged in with session 136638.345565006HAciDDtpQtcVHApAAQt	[MsgId: MMSG-17999]
    2023-06-15 08:39:47.908 : User is logged out of session	[MsgId: MMSG-17999]
  2023-06-15 08:41:42.889 : IterationNum=4	[MsgId: MMSG-17999]
   USER 4 = user95:pwd95	[MsgId: MMSG-17999]
    2023-06-15 08:41:42.982 : Start page is opened	[MsgId: MMSG-17999]
    2023-06-15 08:41:47.249 : User is logged in with session 136638.355771567HAciDDfptcftcVHApAVcff	[MsgId: MMSG-17999]
    2023-06-15 08:41:51.861 : User is logged out of session	[MsgId: MMSG-17999]
  2023-06-15 08:43:48.901 : IterationNum=5	[MsgId: MMSG-17999]
   USER 5 = user95:pwd95	[MsgId: MMSG-17999]
    2023-06-15 08:43:48.994 : Start page is opened	[MsgId: MMSG-17999]
    2023-06-15 08:43:54.666 : User is logged in with session 136638.365978129HAciDDfpQftcVHApAVfH	[MsgId: MMSG-17999]
    2023-06-15 08:43:58.853 : User is logged out of session	[MsgId: MMSG-17999]
  2023-06-15 08:45:54.908 : IterationNum=6	[MsgId: MMSG-17999]
   USER 6 = user95:pwd95	[MsgId: MMSG-17999]
    2023-06-15 08:45:55.000 : Start page is opened	[MsgId: MMSG-17999]
    2023-06-15 08:46:00.544 : User is logged in with session 136638.37618469HAciDDzptHftcVHApAViif	[MsgId: MMSG-17999]
    2023-06-15 08:46:05.689 : User is logged out of session	[MsgId: MMSG-17999]
  2023-06-15 08:48:00.919 : IterationNum=7	[MsgId: MMSG-17999]
   USER 7 = user95:pwd95	[MsgId: MMSG-17999]
    2023-06-15 08:48:01.013 : Start page is opened	[MsgId: MMSG-17999]
    2023-06-15 08:48:05.495 : User is logged in with session 136638.386391252HAciDDHtcVHApAcc	[MsgId: MMSG-17999]
    2023-06-15 08:48:11.082 : User is logged out of session	[MsgId: MMSG-17999]
