  2023-06-15 08:22:54.427 : IterationNum=1	[MsgId: MMSG-17999]
   USER 1 = user82:pwd82	[MsgId: MMSG-17999]
    2023-06-15 08:22:54.523 : Start page is opened	[MsgId: MMSG-17999]
    2023-06-15 08:22:58.437 : User is logged in with session 136638.264398542HAciDDApHcftcVzQpQitDf	[MsgId: MMSG-17999]
    2023-06-15 08:23:02.361 : User is logged out of session	[MsgId: MMSG-17999]
  2023-06-15 08:25:00.445 : IterationNum=2	[MsgId: MMSG-17999]
   USER 2 = user82:pwd82	[MsgId: MMSG-17999]
    2023-06-15 08:25:00.537 : Start page is opened	[MsgId: MMSG-17999]
    2023-06-15 08:25:05.013 : User is logged in with session 136638.274605103HAciDDVpcftcVzQpQiHf	[MsgId: MMSG-17999]
    2023-06-15 08:25:10.405 : User is logged out of session	[MsgId: MMSG-17999]
  2023-06-15 08:27:06.452 : IterationNum=3	[MsgId: MMSG-17999]
   USER 3 = user82:pwd82	[MsgId: MMSG-17999]
    2023-06-15 08:27:06.545 : Start page is opened	[MsgId: MMSG-17999]
    2023-06-15 08:27:12.491 : User is logged in with session 136638.284811665HAciDDVpHHftcVzQpQQAzf	[MsgId: MMSG-17999]
    2023-06-15 08:27:18.732 : User is logged out of session	[MsgId: MMSG-17999]
  2023-06-15 08:29:12.459 : IterationNum=4	[MsgId: MMSG-17999]
   USER 4 = user82:pwd82	[MsgId: MMSG-17999]
    2023-06-15 08:29:12.554 : Start page is opened	[MsgId: MMSG-17999]
    2023-06-15 08:29:17.392 : User is logged in with session 136638.295018226HAciDDcpDtcVzQpQQDi	[MsgId: MMSG-17999]
    2023-06-15 08:29:22.409 : User is logged out of session	[MsgId: MMSG-17999]
  2023-06-15 08:31:18.464 : IterationNum=5	[MsgId: MMSG-17999]
   USER 5 = user82:pwd82	[MsgId: MMSG-17999]
    2023-06-15 08:31:18.556 : Start page is opened	[MsgId: MMSG-17999]
    2023-06-15 08:31:23.307 : User is logged in with session 136638.305224787HAciDDcpicftcVzQpQQzQf	[MsgId: MMSG-17999]
    2023-06-15 08:31:29.696 : User is logged out of session	[MsgId: MMSG-17999]
  2023-06-15 08:33:24.476 : IterationNum=6	[MsgId: MMSG-17999]
   USER 6 = user82:pwd82	[MsgId: MMSG-17999]
    2023-06-15 08:33:24.569 : Start page is opened	[MsgId: MMSG-17999]
    2023-06-15 08:33:30.247 : User is logged in with session 136638.315431349HAciDDDpDftcVHApAAAV	[MsgId: MMSG-17999]
    2023-06-15 08:33:35.204 : User is logged out of session	[MsgId: MMSG-17999]
  2023-06-15 08:35:30.480 : IterationNum=7	[MsgId: MMSG-17999]
   USER 7 = user82:pwd82	[MsgId: MMSG-17999]
    2023-06-15 08:35:30.575 : Start page is opened	[MsgId: MMSG-17999]
    2023-06-15 08:35:35.242 : User is logged in with session 136638.32563791HAciDDDpiHftcVHApAADcf	[MsgId: MMSG-17999]
    2023-06-15 08:35:41.301 : User is logged out of session	[MsgId: MMSG-17999]
  2023-06-15 08:37:36.493 : IterationNum=8	[MsgId: MMSG-17999]
   USER 8 = user82:pwd82	[MsgId: MMSG-17999]
    2023-06-15 08:37:36.585 : Start page is opened	[MsgId: MMSG-17999]
    2023-06-15 08:37:42.805 : User is logged in with session 136638.335844471HAciDDtpttcVHApAAzt	[MsgId: MMSG-17999]
    2023-06-15 08:37:47.549 : User is logged out of session	[MsgId: MMSG-17999]
  2023-06-15 08:39:42.494 : IterationNum=9	[MsgId: MMSG-17999]
   USER 9 = user82:pwd82	[MsgId: MMSG-17999]
    2023-06-15 08:39:42.588 : Start page is opened	[MsgId: MMSG-17999]
    2023-06-15 08:39:48.634 : User is logged in with session 136638.346051033HAciDDtpQcftcVHApAAQff	[MsgId: MMSG-17999]
    2023-06-15 08:39:53.244 : User is logged out of session	[MsgId: MMSG-17999]
  2023-06-15 08:41:48.504 : IterationNum=10	[MsgId: MMSG-17999]
   USER 10 = user82:pwd82	[MsgId: MMSG-17999]
    2023-06-15 08:41:48.595 : Start page is opened	[MsgId: MMSG-17999]
    2023-06-15 08:41:53.152 : User is logged in with session 136638.356257594HAciDDfptftcVHApAVcH	[MsgId: MMSG-17999]
    2023-06-15 08:41:57.157 : User is logged out of session	[MsgId: MMSG-17999]
  2023-06-15 08:43:54.510 : IterationNum=11	[MsgId: MMSG-17999]
   USER 11 = user82:pwd82	[MsgId: MMSG-17999]
    2023-06-15 08:43:54.602 : Start page is opened	[MsgId: MMSG-17999]
    2023-06-15 08:43:58.486 : User is logged in with session 136638.366464156HAciDDfpQHftcVHApAVfif	[MsgId: MMSG-17999]
    2023-06-15 08:44:03.552 : User is logged out of session	[MsgId: MMSG-17999]
  2023-06-15 08:46:00.511 : IterationNum=12	[MsgId: MMSG-17999]
   USER 12 = user82:pwd82	[MsgId: MMSG-17999]
    2023-06-15 08:46:00.605 : Start page is opened	[MsgId: MMSG-17999]
    2023-06-15 08:46:05.433 : User is logged in with session 136638.376670717HAciDDzpftcVHApAVQ	[MsgId: MMSG-17999]
    2023-06-15 08:46:11.625 : User is logged out of session	[MsgId: MMSG-17999]
  2023-06-15 08:48:06.514 : IterationNum=13	[MsgId: MMSG-17999]
   USER 13 = user82:pwd82	[MsgId: MMSG-17999]
    2023-06-15 08:48:06.607 : Start page is opened	[MsgId: MMSG-17999]
    2023-06-15 08:48:12.505 : User is logged in with session 136638.386877278HAciDDHpAcftcVHApAccVf	[MsgId: MMSG-17999]
    2023-06-15 08:48:16.845 : User is logged out of session	[MsgId: MMSG-17999]
