  2023-06-15 07:46:53.821 : IterationNum=1	[MsgId: MMSG-17999]
   USER 1 = user6:pwd6	[MsgId: MMSG-17999]
    2023-06-15 07:46:53.914 : Start page is opened	[MsgId: MMSG-17999]
    2023-06-15 07:46:59.117 : User is logged in with session 136638.089347914HAciDcVpHcAiDDDDtcVzQpQDADcf	[MsgId: MMSG-17999]
    2023-06-15 07:47:04.626 : Search page opened	[MsgId: MMSG-17999]
    2023-06-15 07:47:18.176 : Flights found : 510;320;06/18/2023 and 152;302;06/15/2023	[MsgId: MMSG-17999]
    2023-06-15 07:47:18.176 : Sity depart : Portland, Sity arrive : Frankfurt	[MsgId: MMSG-17999]
    2023-06-15 07:47:28.473 : Found Seat Type : Coach, Seat Pref : Aisle	[MsgId: MMSG-17999]
    2023-06-15 07:47:46.920 : Booking is complect	[MsgId: MMSG-17999]
    2023-06-15 07:47:52.685 : Go to Home Page is complete	[MsgId: MMSG-17999]
    2023-06-15 07:47:58.691 : Booking is created : 332981863-88663-up	[MsgId: MMSG-17999]
    2023-06-15 07:48:08.628 : Booking (332981863-88663-up) is deleted	[MsgId: MMSG-17999]
    2023-06-15 07:48:13.900 : User is logged out of session	[MsgId: MMSG-17999]
  2023-06-15 07:58:53.825 : IterationNum=2	[MsgId: MMSG-17999]
   USER 2 = user7:pwd7	[MsgId: MMSG-17999]
    2023-06-15 07:58:53.919 : Start page is opened	[MsgId: MMSG-17999]
    2023-06-15 07:58:59.894 : User is logged in with session 136638.147671122HAciDctpHcAiDDDDtcVzQpQtiDcf	[MsgId: MMSG-17999]
    2023-06-15 07:59:05.725 : Search page opened	[MsgId: MMSG-17999]
    2023-06-15 07:59:21.089 : Flights found : 570;94;06/18/2023 and 753;76;06/15/2023	[MsgId: MMSG-17999]
    2023-06-15 07:59:21.089 : Sity depart : Portland, Sity arrive : Seattle	[MsgId: MMSG-17999]
    2023-06-15 07:59:31.367 : Found Seat Type : Business, Seat Pref : Window	[MsgId: MMSG-17999]
    2023-06-15 07:59:45.225 : Booking is complect	[MsgId: MMSG-17999]
    2023-06-15 07:59:50.870 : Go to Home Page is complete	[MsgId: MMSG-17999]
    2023-06-15 07:59:56.831 : Booking is created : 7668781-134859-up	[MsgId: MMSG-17999]
    2023-06-15 08:00:07.340 : Booking (7668781-134859-up) is deleted	[MsgId: MMSG-17999]
    2023-06-15 08:00:12.717 : User is logged out of session	[MsgId: MMSG-17999]
  2023-06-15 08:10:53.830 : IterationNum=3	[MsgId: MMSG-17999]
   USER 3 = user8:pwd8	[MsgId: MMSG-17999]
    2023-06-15 08:10:53.924 : Start page is opened	[MsgId: MMSG-17999]
    2023-06-15 08:10:58.295 : User is logged in with session 136638.20599433HAciDcHpHcAiDDDDtcVzQpQzzDcf	[MsgId: MMSG-17999]
    2023-06-15 08:11:03.846 : Search page opened	[MsgId: MMSG-17999]
    2023-06-15 08:11:20.838 : Flights found : 973;366;06/18/2023 and 791;398;06/15/2023	[MsgId: MMSG-17999]
    2023-06-15 08:11:20.838 : Sity depart : Zurich, Sity arrive : Seattle	[MsgId: MMSG-17999]
    2023-06-15 08:11:28.752 : Found Seat Type : Coach, Seat Pref : None	[MsgId: MMSG-17999]
    2023-06-15 08:11:41.163 : Booking is complect	[MsgId: MMSG-17999]
    2023-06-15 08:11:46.773 : Go to Home Page is complete	[MsgId: MMSG-17999]
    2023-06-15 08:11:51.454 : Booking is created : 150036050-137828-up	[MsgId: MMSG-17999]
    2023-06-15 08:12:02.281 : Booking (150036050-137828-up) is deleted	[MsgId: MMSG-17999]
    2023-06-15 08:12:07.363 : User is logged out of session	[MsgId: MMSG-17999]
  2023-06-15 08:22:53.843 : IterationNum=4	[MsgId: MMSG-17999]
   USER 4 = user9:pwd9	[MsgId: MMSG-17999]
    2023-06-15 08:22:53.937 : Start page is opened	[MsgId: MMSG-17999]
    2023-06-15 08:22:59.151 : User is logged in with session 136638.264317537HAciDDApHcAiDDDDtcVzQpQitDcf	[MsgId: MMSG-17999]
    2023-06-15 08:23:03.569 : Search page opened	[MsgId: MMSG-17999]
    2023-06-15 08:23:15.336 : Flights found : 701;488;06/18/2023 and 070;548;06/15/2023	[MsgId: MMSG-17999]
    2023-06-15 08:23:15.336 : Sity depart : Seattle, Sity arrive : Denver	[MsgId: MMSG-17999]
    2023-06-15 08:23:26.289 : Found Seat Type : First, Seat Pref : None	[MsgId: MMSG-17999]
    2023-06-15 08:23:42.637 : Booking is complect	[MsgId: MMSG-17999]
    2023-06-15 08:23:48.795 : Go to Home Page is complete	[MsgId: MMSG-17999]
    2023-06-15 08:23:54.788 : Booking is created : 85581536-823156-up	[MsgId: MMSG-17999]
    2023-06-15 08:24:06.108 : Booking (85581536-823156-up) is deleted	[MsgId: MMSG-17999]
    2023-06-15 08:24:10.352 : User is logged out of session	[MsgId: MMSG-17999]
  2023-06-15 08:34:53.849 : IterationNum=5	[MsgId: MMSG-17999]
   USER 5 = user10:pwd10	[MsgId: MMSG-17999]
    2023-06-15 08:34:53.942 : Start page is opened	[MsgId: MMSG-17999]
    2023-06-15 08:35:00.181 : User is logged in with session 136638.322640745HAciDDDpHcAiDDDDtcVHApAAcDcf	[MsgId: MMSG-17999]
    2023-06-15 08:35:06.001 : Search page opened	[MsgId: MMSG-17999]
    2023-06-15 08:35:22.927 : Flights found : 641;554;06/18/2023 and 460;622;06/15/2023	[MsgId: MMSG-17999]
    2023-06-15 08:35:22.927 : Sity depart : San Francisco, Sity arrive : Paris	[MsgId: MMSG-17999]
    2023-06-15 08:35:32.803 : Found Seat Type : Coach, Seat Pref : Window	[MsgId: MMSG-17999]
    2023-06-15 08:35:48.413 : Booking is complect	[MsgId: MMSG-17999]
    2023-06-15 08:35:53.026 : Go to Home Page is complete	[MsgId: MMSG-17999]
    2023-06-15 08:35:56.982 : Booking is created : 82986724-1123167-up	[MsgId: MMSG-17999]
    2023-06-15 08:36:09.167 : Booking (82986724-1123167-up) is deleted	[MsgId: MMSG-17999]
    2023-06-15 08:36:13.691 : User is logged out of session	[MsgId: MMSG-17999]
  2023-06-15 08:46:53.854 : IterationNum=6	[MsgId: MMSG-17999]
   USER 6 = user11:pwd11	[MsgId: MMSG-17999]
    2023-06-15 08:46:53.948 : Start page is opened	[MsgId: MMSG-17999]
    2023-06-15 08:46:58.449 : User is logged in with session 136638.380963953HAciDDzpHcAiDDDDtcVHApAcADcf	[MsgId: MMSG-17999]
    2023-06-15 08:47:04.253 : Search page opened	[MsgId: MMSG-17999]
    2023-06-15 08:47:19.565 : Flights found : 260;1099;06/18/2023 and 620;1099;06/15/2023	[MsgId: MMSG-17999]
    2023-06-15 08:47:19.565 : Sity depart : London, Sity arrive : San Francisco	[MsgId: MMSG-17999]
    2023-06-15 08:47:29.517 : Found Seat Type : First, Seat Pref : Window	[MsgId: MMSG-17999]
    2023-06-15 08:47:43.645 : Booking is complect	[MsgId: MMSG-17999]
    2023-06-15 08:47:49.400 : Go to Home Page is complete	[MsgId: MMSG-17999]
    2023-06-15 08:47:53.355 : Booking is created : 1644540781-1246322-up	[MsgId: MMSG-17999]
    2023-06-15 08:48:02.927 : Booking (1644540781-1246322-up) is deleted	[MsgId: MMSG-17999]
    2023-06-15 08:48:08.395 : User is logged out of session	[MsgId: MMSG-17999]
