  2023-06-15 08:22:53.958 : IterationNum=1	[MsgId: MMSG-17999]
   USER 1 = user49:pwd49	[MsgId: MMSG-17999]
    2023-06-15 08:22:54.044 : Start page is opened	[MsgId: MMSG-17999]
    2023-06-15 08:22:58.762 : User is logged in with session 136638.264317537HAciDDApHcAiDDDDtcVzQpQitDcf	[MsgId: MMSG-17999]
    2023-06-15 08:23:03.538 : Search page opened	[MsgId: MMSG-17999]
    2023-06-15 08:23:20.048 : Flights found : 951;771;06/18/2023 and 592;819;06/15/2023	[MsgId: MMSG-17999]
    2023-06-15 08:23:20.048 : Sity depart : Zurich, Sity arrive : Portland	[MsgId: MMSG-17999]
    2023-06-15 08:23:30.789 : Found Seat Type : First, Seat Pref : Aisle	[MsgId: MMSG-17999]
    2023-06-15 08:23:35.001 : User is logged out of session	[MsgId: MMSG-17999]
  2023-06-15 08:25:33.963 : IterationNum=2	[MsgId: MMSG-17999]
   USER 2 = user50:pwd50	[MsgId: MMSG-17999]
    2023-06-15 08:25:34.055 : Start page is opened	[MsgId: MMSG-17999]
    2023-06-15 08:25:39.664 : User is logged in with session 136638.277359255HAciDDVpDQVzzzzHtcVzQpQiiDf	[MsgId: MMSG-17999]
    2023-06-15 08:25:44.692 : Search page opened	[MsgId: MMSG-17999]
    2023-06-15 08:25:58.519 : Flights found : 183;1447;06/18/2023 and 813;1447;06/15/2023	[MsgId: MMSG-17999]
    2023-06-15 08:25:58.519 : Sity depart : Frankfurt, Sity arrive : Sydney	[MsgId: MMSG-17999]
    2023-06-15 08:26:08.155 : Found Seat Type : Business, Seat Pref : Window	[MsgId: MMSG-17999]
    2023-06-15 08:26:12.791 : User is logged out of session	[MsgId: MMSG-17999]
  2023-06-15 08:28:13.975 : IterationNum=3	[MsgId: MMSG-17999]
   USER 3 = user51:pwd51	[MsgId: MMSG-17999]
    2023-06-15 08:28:14.069 : Start page is opened	[MsgId: MMSG-17999]
    2023-06-15 08:28:19.071 : User is logged in with session 136638.290319968HAciDDcpAfiDDDDDtcVzQpQQcDf	[MsgId: MMSG-17999]
    2023-06-15 08:28:23.091 : Search page opened	[MsgId: MMSG-17999]
    2023-06-15 08:28:34.612 : Flights found : 930;649;06/18/2023 and 390;752;06/15/2023	[MsgId: MMSG-17999]
    2023-06-15 08:28:34.612 : Sity depart : Zurich, Sity arrive : Los Angeles	[MsgId: MMSG-17999]
    2023-06-15 08:28:46.903 : Found Seat Type : First, Seat Pref : Window	[MsgId: MMSG-17999]
    2023-06-15 08:28:50.829 : User is logged out of session	[MsgId: MMSG-17999]
  2023-06-15 08:30:53.979 : IterationNum=4	[MsgId: MMSG-17999]
   USER 4 = user51:pwd51	[MsgId: MMSG-17999]
    2023-06-15 08:30:54.072 : Start page is opened	[MsgId: MMSG-17999]
    2023-06-15 08:31:00.234 : User is logged in with session 136638.30328068HAciDDcpHcftcVzQpQQzDf	[MsgId: MMSG-17999]
    2023-06-15 08:31:06.450 : Search page opened	[MsgId: MMSG-17999]
    2023-06-15 08:31:19.915 : Flights found : 373;143;06/18/2023 and 732;165;06/15/2023	[MsgId: MMSG-17999]
    2023-06-15 08:31:19.915 : Sity depart : Los Angeles, Sity arrive : Seattle	[MsgId: MMSG-17999]
    2023-06-15 08:31:28.482 : Found Seat Type : Coach, Seat Pref : Aisle	[MsgId: MMSG-17999]
    2023-06-15 08:31:33.718 : User is logged out of session	[MsgId: MMSG-17999]
  2023-06-15 08:33:33.993 : IterationNum=5	[MsgId: MMSG-17999]
   USER 5 = user51:pwd51	[MsgId: MMSG-17999]
    2023-06-15 08:33:34.086 : Start page is opened	[MsgId: MMSG-17999]
    2023-06-15 08:33:40.233 : User is logged in with session 136638.316241393HAciDDDpDQVzzzzHtcVHApAAADf	[MsgId: MMSG-17999]
    2023-06-15 08:33:44.753 : Search page opened	[MsgId: MMSG-17999]
    2023-06-15 08:33:58.479 : Flights found : 690;376;06/18/2023 and 961;335;06/15/2023	[MsgId: MMSG-17999]
    2023-06-15 08:33:58.479 : Sity depart : San Francisco, Sity arrive : Zurich	[MsgId: MMSG-17999]
    2023-06-15 08:34:07.643 : Found Seat Type : Coach, Seat Pref : Aisle	[MsgId: MMSG-17999]
    2023-06-15 08:34:12.515 : User is logged out of session	[MsgId: MMSG-17999]
  2023-06-15 08:36:14.008 : IterationNum=6	[MsgId: MMSG-17999]
   USER 6 = user51:pwd51	[MsgId: MMSG-17999]
    2023-06-15 08:36:14.101 : Start page is opened	[MsgId: MMSG-17999]
    2023-06-15 08:36:19.090 : User is logged in with session 136638.329202106HAciDDtpAfiDDDDDtcVHApAAtDf	[MsgId: MMSG-17999]
    2023-06-15 08:36:24.883 : Search page opened	[MsgId: MMSG-17999]
    2023-06-15 08:36:38.846 : Flights found : 800;1485;06/18/2023 and 081;1323;06/15/2023	[MsgId: MMSG-17999]
    2023-06-15 08:36:38.846 : Sity depart : Sydney, Sity arrive : Denver	[MsgId: MMSG-17999]
    2023-06-15 08:36:51.082 : Found Seat Type : First, Seat Pref : Aisle	[MsgId: MMSG-17999]
    2023-06-15 08:36:55.951 : User is logged out of session	[MsgId: MMSG-17999]
  2023-06-15 08:38:54.023 : IterationNum=7	[MsgId: MMSG-17999]
   USER 7 = user51:pwd51	[MsgId: MMSG-17999]
    2023-06-15 08:38:54.116 : Start page is opened	[MsgId: MMSG-17999]
    2023-06-15 08:38:58.189 : User is logged in with session 136638.342162819HAciDDtpHcftcVHApAAiDf	[MsgId: MMSG-17999]
    2023-06-15 08:39:03.128 : Search page opened	[MsgId: MMSG-17999]
    2023-06-15 08:39:18.540 : Flights found : 352;187;06/18/2023 and 532;187;06/15/2023	[MsgId: MMSG-17999]
    2023-06-15 08:39:18.540 : Sity depart : Los Angeles, Sity arrive : Portland	[MsgId: MMSG-17999]
    2023-06-15 08:39:27.378 : Found Seat Type : Coach, Seat Pref : None	[MsgId: MMSG-17999]
    2023-06-15 08:39:33.212 : User is logged out of session	[MsgId: MMSG-17999]
  2023-06-15 08:41:34.035 : IterationNum=8	[MsgId: MMSG-17999]
   USER 8 = user51:pwd51	[MsgId: MMSG-17999]
    2023-06-15 08:41:34.128 : Start page is opened	[MsgId: MMSG-17999]
    2023-06-15 08:41:38.157 : User is logged in with session 136638.355123532HAciDDfpDQVzzzzHtcVHApAVcDf	[MsgId: MMSG-17999]
    2023-06-15 08:41:44.191 : Search page opened	[MsgId: MMSG-17999]
    2023-06-15 08:42:00.477 : Flights found : 561;126;06/18/2023 and 650;142;06/15/2023	[MsgId: MMSG-17999]
    2023-06-15 08:42:00.477 : Sity depart : Portland, Sity arrive : San Francisco	[MsgId: MMSG-17999]
    2023-06-15 08:42:08.180 : Found Seat Type : First, Seat Pref : Window	[MsgId: MMSG-17999]
    2023-06-15 08:42:14.122 : User is logged out of session	[MsgId: MMSG-17999]
  2023-06-15 08:44:14.045 : IterationNum=9	[MsgId: MMSG-17999]
   USER 9 = user51:pwd51	[MsgId: MMSG-17999]
    2023-06-15 08:44:14.138 : Start page is opened	[MsgId: MMSG-17999]
    2023-06-15 08:44:18.442 : User is logged in with session 136638.368084245HAciDDzpAfiDDDDDtcVHApAVzDf	[MsgId: MMSG-17999]
    2023-06-15 08:44:24.299 : Search page opened	[MsgId: MMSG-17999]
    2023-06-15 08:44:39.091 : Flights found : 961;335;06/18/2023 and 690;376;06/15/2023	[MsgId: MMSG-17999]
    2023-06-15 08:44:39.091 : Sity depart : Zurich, Sity arrive : San Francisco	[MsgId: MMSG-17999]
    2023-06-15 08:44:46.921 : Found Seat Type : Coach, Seat Pref : Window	[MsgId: MMSG-17999]
    2023-06-15 08:44:52.063 : User is logged out of session	[MsgId: MMSG-17999]
  2023-06-15 08:46:54.056 : IterationNum=10	[MsgId: MMSG-17999]
   USER 10 = user51:pwd51	[MsgId: MMSG-17999]
    2023-06-15 08:46:54.149 : Start page is opened	[MsgId: MMSG-17999]
    2023-06-15 08:46:58.480 : User is logged in with session 136638.381044957HAciDDzpHcftcVHApAcADf	[MsgId: MMSG-17999]
    2023-06-15 08:47:04.514 : Search page opened	[MsgId: MMSG-17999]
    2023-06-15 08:47:15.873 : Flights found : 103;458;06/18/2023 and 013;458;06/15/2023	[MsgId: MMSG-17999]
    2023-06-15 08:47:15.873 : Sity depart : Frankfurt, Sity arrive : Denver	[MsgId: MMSG-17999]
    2023-06-15 08:47:26.163 : Found Seat Type : Business, Seat Pref : None	[MsgId: MMSG-17999]
    2023-06-15 08:47:31.230 : User is logged out of session	[MsgId: MMSG-17999]
