  2023-06-15 08:23:19.614 : IterationNum=1	[MsgId: MMSG-17999]
   USER 1 = user87:pwd87	[MsgId: MMSG-17999]
    2023-06-15 08:23:19.699 : Start page is opened	[MsgId: MMSG-17999]
    2023-06-15 08:23:26.002 : User is logged in with session 136638.266423653HAciDDApicQVzzzHtcVzQpQitQHf	[MsgId: MMSG-17999]
    2023-06-15 08:23:32.360 : User is logged out of session	[MsgId: MMSG-17999]
  2023-06-15 08:25:25.615 : IterationNum=2	[MsgId: MMSG-17999]
   USER 2 = user87:pwd87	[MsgId: MMSG-17999]
    2023-06-15 08:25:25.707 : Start page is opened	[MsgId: MMSG-17999]
    2023-06-15 08:25:29.836 : User is logged in with session 136638.276630215HAciDDVpDftVzzzHtcVzQpQiiVcf	[MsgId: MMSG-17999]
    2023-06-15 08:25:33.889 : User is logged out of session	[MsgId: MMSG-17999]
  2023-06-15 08:27:31.618 : IterationNum=3	[MsgId: MMSG-17999]
   USER 3 = user87:pwd87	[MsgId: MMSG-17999]
    2023-06-15 08:27:31.713 : Start page is opened	[MsgId: MMSG-17999]
    2023-06-15 08:27:37.288 : User is logged in with session 136638.286836776HAciDDVpiHQVzzzHtcVzQpQQVcHf	[MsgId: MMSG-17999]
    2023-06-15 08:27:41.704 : User is logged out of session	[MsgId: MMSG-17999]
  2023-06-15 08:29:37.629 : IterationNum=4	[MsgId: MMSG-17999]
   USER 4 = user87:pwd87	[MsgId: MMSG-17999]
    2023-06-15 08:29:37.721 : Start page is opened	[MsgId: MMSG-17999]
    2023-06-15 08:29:42.702 : User is logged in with session 136638.297043337HAciDDcptAtVzzzHtcVzQpQQttcf	[MsgId: MMSG-17999]
    2023-06-15 08:29:47.903 : User is logged out of session	[MsgId: MMSG-17999]
  2023-06-15 08:31:43.642 : IterationNum=5	[MsgId: MMSG-17999]
   USER 5 = user87:pwd87	[MsgId: MMSG-17999]
    2023-06-15 08:31:43.736 : Start page is opened	[MsgId: MMSG-17999]
    2023-06-15 08:31:49.912 : User is logged in with session 136638.307249899HAciDDcpQcQVzzzHtcVzQpQQHfHf	[MsgId: MMSG-17999]
    2023-06-15 08:31:54.998 : User is logged out of session	[MsgId: MMSG-17999]
  2023-06-15 08:33:49.645 : IterationNum=6	[MsgId: MMSG-17999]
   USER 6 = user87:pwd87	[MsgId: MMSG-17999]
    2023-06-15 08:33:49.738 : Start page is opened	[MsgId: MMSG-17999]
    2023-06-15 08:33:55.662 : User is logged in with session 136638.31745646HAciDDDptftVzzzHtcVHApAAAHcf	[MsgId: MMSG-17999]
    2023-06-15 08:34:00.975 : User is logged out of session	[MsgId: MMSG-17999]
  2023-06-15 08:35:55.645 : IterationNum=7	[MsgId: MMSG-17999]
   USER 7 = user87:pwd87	[MsgId: MMSG-17999]
    2023-06-15 08:35:55.739 : Start page is opened	[MsgId: MMSG-17999]
    2023-06-15 08:36:01.862 : User is logged in with session 136638.327663021HAciDDDpQHQVzzzHtcVHApAADiHf	[MsgId: MMSG-17999]
    2023-06-15 08:36:08.043 : User is logged out of session	[MsgId: MMSG-17999]
  2023-06-15 08:38:01.653 : IterationNum=8	[MsgId: MMSG-17999]
   USER 8 = user87:pwd87	[MsgId: MMSG-17999]
    2023-06-15 08:38:01.745 : Start page is opened	[MsgId: MMSG-17999]
    2023-06-15 08:38:06.334 : User is logged in with session 136638.337869583HAciDDtpfAtVzzzHtcVHApAAHAcf	[MsgId: MMSG-17999]
    2023-06-15 08:38:11.444 : User is logged out of session	[MsgId: MMSG-17999]
  2023-06-15 08:40:07.657 : IterationNum=9	[MsgId: MMSG-17999]
   USER 9 = user87:pwd87	[MsgId: MMSG-17999]
    2023-06-15 08:40:07.765 : Start page is opened	[MsgId: MMSG-17999]
    2023-06-15 08:40:12.820 : User is logged in with session 136638.348076144HAciDDfpAcQVzzzHtcVHApAVAVHf	[MsgId: MMSG-17999]
    2023-06-15 08:40:18.945 : User is logged out of session	[MsgId: MMSG-17999]
  2023-06-15 08:42:13.665 : IterationNum=10	[MsgId: MMSG-17999]
   USER 10 = user87:pwd87	[MsgId: MMSG-17999]
    2023-06-15 08:42:13.758 : Start page is opened	[MsgId: MMSG-17999]
    2023-06-15 08:42:19.434 : User is logged in with session 136638.358282706HAciDDfpfftVzzzHtcVHApAVDDcf	[MsgId: MMSG-17999]
    2023-06-15 08:42:24.728 : User is logged out of session	[MsgId: MMSG-17999]
  2023-06-15 08:44:19.667 : IterationNum=11	[MsgId: MMSG-17999]
   USER 11 = user87:pwd87	[MsgId: MMSG-17999]
    2023-06-15 08:44:19.761 : Start page is opened	[MsgId: MMSG-17999]
    2023-06-15 08:44:24.050 : User is logged in with session 136638.368489267HAciDDzpAHQVzzzHtcVHApAVztHf	[MsgId: MMSG-17999]
    2023-06-15 08:44:29.427 : User is logged out of session	[MsgId: MMSG-17999]
  2023-06-15 08:46:25.682 : IterationNum=12	[MsgId: MMSG-17999]
   USER 12 = user87:pwd87	[MsgId: MMSG-17999]
    2023-06-15 08:46:25.789 : Start page is opened	[MsgId: MMSG-17999]
    2023-06-15 08:46:29.707 : User is logged in with session 136638.378695828HAciDDzpzAtVzzzHtcVHApAVQzcf	[MsgId: MMSG-17999]
    2023-06-15 08:46:34.720 : User is logged out of session	[MsgId: MMSG-17999]
  2023-06-15 08:48:31.696 : IterationNum=13	[MsgId: MMSG-17999]
   USER 13 = user87:pwd87	[MsgId: MMSG-17999]
    2023-06-15 08:48:31.790 : Start page is opened	[MsgId: MMSG-17999]
    2023-06-15 08:48:36.308 : User is logged in with session 136638.38890239HAciDDHpVcQVzzzHtcVHApAccHHf	[MsgId: MMSG-17999]
    2023-06-15 08:48:40.370 : User is logged out of session	[MsgId: MMSG-17999]
