  2023-06-15 08:23:24.628 : IterationNum=1	[MsgId: MMSG-17999]
   USER 1 = user88:pwd88	[MsgId: MMSG-17999]
    2023-06-15 08:23:24.712 : Start page is opened	[MsgId: MMSG-17999]
    2023-06-15 08:23:30.373 : User is logged in with session 136638.266828676HAciDDApiftcVzQpQifV	[MsgId: MMSG-17999]
    2023-06-15 08:23:36.214 : User is logged out of session	[MsgId: MMSG-17999]
  2023-06-15 08:25:30.631 : IterationNum=2	[MsgId: MMSG-17999]
   USER 2 = user88:pwd88	[MsgId: MMSG-17999]
    2023-06-15 08:25:30.724 : Start page is opened	[MsgId: MMSG-17999]
    2023-06-15 08:25:35.636 : User is logged in with session 136638.277035237HAciDDVpDHftcVzQpQiicf	[MsgId: MMSG-17999]
    2023-06-15 08:25:41.589 : User is logged out of session	[MsgId: MMSG-17999]
  2023-06-15 08:27:36.636 : IterationNum=3	[MsgId: MMSG-17999]
   USER 3 = user88:pwd88	[MsgId: MMSG-17999]
    2023-06-15 08:27:36.728 : Start page is opened	[MsgId: MMSG-17999]
    2023-06-15 08:27:42.570 : User is logged in with session 136638.287241798HAciDDVpQtcVzQpQQVt	[MsgId: MMSG-17999]
    2023-06-15 08:27:48.248 : User is logged out of session	[MsgId: MMSG-17999]
  2023-06-15 08:29:42.637 : IterationNum=4	[MsgId: MMSG-17999]
   USER 4 = user88:pwd88	[MsgId: MMSG-17999]
    2023-06-15 08:29:42.729 : Start page is opened	[MsgId: MMSG-17999]
    2023-06-15 08:29:47.871 : User is logged in with session 136638.29744836HAciDDcptcftcVzQpQQtff	[MsgId: MMSG-17999]
    2023-06-15 08:29:52.741 : User is logged out of session	[MsgId: MMSG-17999]
  2023-06-15 08:31:48.654 : IterationNum=5	[MsgId: MMSG-17999]
   USER 5 = user88:pwd88	[MsgId: MMSG-17999]
    2023-06-15 08:31:48.748 : Start page is opened	[MsgId: MMSG-17999]
    2023-06-15 08:31:53.257 : User is logged in with session 136638.307654921HAciDDcpQftcVzQpQQHH	[MsgId: MMSG-17999]
    2023-06-15 08:31:57.826 : User is logged out of session	[MsgId: MMSG-17999]
  2023-06-15 08:33:54.669 : IterationNum=6	[MsgId: MMSG-17999]
   USER 6 = user88:pwd88	[MsgId: MMSG-17999]
    2023-06-15 08:33:54.762 : Start page is opened	[MsgId: MMSG-17999]
    2023-06-15 08:33:58.790 : User is logged in with session 136638.317861482HAciDDDptHftcVHApAAAif	[MsgId: MMSG-17999]
    2023-06-15 08:34:02.991 : User is logged out of session	[MsgId: MMSG-17999]
  2023-06-15 08:36:00.671 : IterationNum=7	[MsgId: MMSG-17999]
   USER 7 = user88:pwd88	[MsgId: MMSG-17999]
    2023-06-15 08:36:00.764 : Start page is opened	[MsgId: MMSG-17999]
    2023-06-15 08:36:06.476 : User is logged in with session 136638.328068044HAciDDttcVHApAAt	[MsgId: MMSG-17999]
    2023-06-15 08:36:12.715 : User is logged out of session	[MsgId: MMSG-17999]
  2023-06-15 08:38:06.678 : IterationNum=8	[MsgId: MMSG-17999]
   USER 8 = user88:pwd88	[MsgId: MMSG-17999]
    2023-06-15 08:38:06.771 : Start page is opened	[MsgId: MMSG-17999]
    2023-06-15 08:38:12.924 : User is logged in with session 136638.338274605HAciDDtpfcftcVHApAAHVf	[MsgId: MMSG-17999]
    2023-06-15 08:38:17.215 : User is logged out of session	[MsgId: MMSG-17999]
  2023-06-15 08:40:12.679 : IterationNum=9	[MsgId: MMSG-17999]
   USER 9 = user88:pwd88	[MsgId: MMSG-17999]
    2023-06-15 08:40:12.771 : Start page is opened	[MsgId: MMSG-17999]
    2023-06-15 08:40:18.332 : User is logged in with session 136638.348481166HAciDDfpAftcVHApAVAD	[MsgId: MMSG-17999]
    2023-06-15 08:40:22.832 : User is logged out of session	[MsgId: MMSG-17999]
  2023-06-15 08:42:18.694 : IterationNum=10	[MsgId: MMSG-17999]
   USER 10 = user88:pwd88	[MsgId: MMSG-17999]
    2023-06-15 08:42:18.785 : Start page is opened	[MsgId: MMSG-17999]
    2023-06-15 08:42:23.960 : User is logged in with session 136638.358687728HAciDDfpfHftcVHApAVDtf	[MsgId: MMSG-17999]
    2023-06-15 08:42:29.015 : User is logged out of session	[MsgId: MMSG-17999]
  2023-06-15 08:44:24.699 : IterationNum=11	[MsgId: MMSG-17999]
   USER 11 = user88:pwd88	[MsgId: MMSG-17999]
    2023-06-15 08:44:24.792 : Start page is opened	[MsgId: MMSG-17999]
    2023-06-15 08:44:30.661 : User is logged in with session 136638.368894289HAciDDzpVtcVHApAVzz	[MsgId: MMSG-17999]
    2023-06-15 08:44:36.824 : User is logged out of session	[MsgId: MMSG-17999]
  2023-06-15 08:46:30.712 : IterationNum=12	[MsgId: MMSG-17999]
   USER 12 = user88:pwd88	[MsgId: MMSG-17999]
    2023-06-15 08:46:30.806 : Start page is opened	[MsgId: MMSG-17999]
    2023-06-15 08:46:35.411 : User is logged in with session 136638.379100851HAciDDzpzcftcVHApAVQHf	[MsgId: MMSG-17999]
    2023-06-15 08:46:40.368 : User is logged out of session	[MsgId: MMSG-17999]
  2023-06-15 08:48:36.725 : IterationNum=13	[MsgId: MMSG-17999]
   USER 13 = user88:pwd88	[MsgId: MMSG-17999]
    2023-06-15 08:48:36.818 : Start page is opened	[MsgId: MMSG-17999]
    2023-06-15 08:48:42.045 : User is logged in with session 136638.389307412HAciDDHpVftcVHApAccQ	[MsgId: MMSG-17999]
    2023-06-15 08:48:47.139 : User is logged out of session	[MsgId: MMSG-17999]
