  2023-06-15 08:10:59.238 : IterationNum=1	[MsgId: MMSG-17999]
   USER 1 = user76:pwd76	[MsgId: MMSG-17999]
    2023-06-15 08:10:59.332 : Start page is opened	[MsgId: MMSG-17999]
    2023-06-15 08:11:03.689 : User is logged in with session 136638.206480356HAciDcHpHtfiDDDDtcVzQpQzztHf	[MsgId: MMSG-17999]
    2023-06-15 08:11:09.258 : User is logged out of session	[MsgId: MMSG-17999]
  2023-06-15 08:13:05.243 : IterationNum=2	[MsgId: MMSG-17999]
   USER 2 = user76:pwd76	[MsgId: MMSG-17999]
    2023-06-15 08:13:05.335 : Start page is opened	[MsgId: MMSG-17999]
    2023-06-15 08:13:11.049 : User is logged in with session 136638.216686918HAciDcipcHAiDDDDtcVzQpQzQzcf	[MsgId: MMSG-17999]
    2023-06-15 08:13:16.836 : User is logged out of session	[MsgId: MMSG-17999]
  2023-06-15 08:15:11.257 : IterationNum=3	[MsgId: MMSG-17999]
   USER 3 = user76:pwd76	[MsgId: MMSG-17999]
    2023-06-15 08:15:11.351 : Start page is opened	[MsgId: MMSG-17999]
    2023-06-15 08:15:17.222 : User is logged in with session 136638.226893479HAciDcipHQfiDDDDtcVzQpQHcHHf	[MsgId: MMSG-17999]
    2023-06-15 08:15:23.199 : User is logged out of session	[MsgId: MMSG-17999]
  2023-06-15 08:17:17.271 : IterationNum=4	[MsgId: MMSG-17999]
   USER 4 = user76:pwd76	[MsgId: MMSG-17999]
    2023-06-15 08:17:17.365 : Start page is opened	[MsgId: MMSG-17999]
    2023-06-15 08:17:23.342 : User is logged in with session 136638.237100041HAciDcQpDcAiDDDDtcVzQpQHfQcf	[MsgId: MMSG-17999]
    2023-06-15 08:17:27.983 : User is logged out of session	[MsgId: MMSG-17999]
  2023-06-15 08:19:23.276 : IterationNum=5	[MsgId: MMSG-17999]
   USER 5 = user76:pwd76	[MsgId: MMSG-17999]
    2023-06-15 08:19:23.369 : Start page is opened	[MsgId: MMSG-17999]
    2023-06-15 08:19:28.363 : User is logged in with session 136638.247306602HAciDcQpitfiDDDDtcVzQpQHQAHf	[MsgId: MMSG-17999]
    2023-06-15 08:19:33.315 : User is logged out of session	[MsgId: MMSG-17999]
  2023-06-15 08:21:29.279 : IterationNum=6	[MsgId: MMSG-17999]
   USER 6 = user76:pwd76	[MsgId: MMSG-17999]
    2023-06-15 08:21:29.373 : Start page is opened	[MsgId: MMSG-17999]
    2023-06-15 08:21:35.589 : User is logged in with session 136638.257513163HAciDDApDHAiDDDDtcVzQpQicccf	[MsgId: MMSG-17999]
    2023-06-15 08:21:39.777 : User is logged out of session	[MsgId: MMSG-17999]
  2023-06-15 08:23:35.284 : IterationNum=7	[MsgId: MMSG-17999]
   USER 7 = user76:pwd76	[MsgId: MMSG-17999]
    2023-06-15 08:23:35.376 : Start page is opened	[MsgId: MMSG-17999]
    2023-06-15 08:23:39.310 : User is logged in with session 136638.267719725HAciDDApiQfiDDDDtcVzQpQifDHf	[MsgId: MMSG-17999]
    2023-06-15 08:23:43.577 : User is logged out of session	[MsgId: MMSG-17999]
  2023-06-15 08:25:41.287 : IterationNum=8	[MsgId: MMSG-17999]
   USER 8 = user76:pwd76	[MsgId: MMSG-17999]
    2023-06-15 08:25:41.379 : Start page is opened	[MsgId: MMSG-17999]
    2023-06-15 08:25:45.347 : User is logged in with session 136638.277926286HAciDDVptcAiDDDDtcVzQpQiifcf	[MsgId: MMSG-17999]
    2023-06-15 08:25:49.273 : User is logged out of session	[MsgId: MMSG-17999]
  2023-06-15 08:27:47.294 : IterationNum=9	[MsgId: MMSG-17999]
   USER 9 = user76:pwd76	[MsgId: MMSG-17999]
    2023-06-15 08:27:47.387 : Start page is opened	[MsgId: MMSG-17999]
    2023-06-15 08:27:52.155 : User is logged in with session 136638.288132847HAciDDVpQtfiDDDDtcVzQpQQVzHf	[MsgId: MMSG-17999]
    2023-06-15 08:27:56.559 : User is logged out of session	[MsgId: MMSG-17999]
  2023-06-15 08:29:53.300 : IterationNum=10	[MsgId: MMSG-17999]
   USER 10 = user76:pwd76	[MsgId: MMSG-17999]
    2023-06-15 08:29:53.393 : Start page is opened	[MsgId: MMSG-17999]
    2023-06-15 08:29:58.137 : User is logged in with session 136638.298339409HAciDDcptHAiDDDDtcVzQpQQticf	[MsgId: MMSG-17999]
    2023-06-15 08:30:04.080 : User is logged out of session	[MsgId: MMSG-17999]
  2023-06-15 08:31:59.307 : IterationNum=11	[MsgId: MMSG-17999]
   USER 11 = user76:pwd76	[MsgId: MMSG-17999]
    2023-06-15 08:31:59.400 : Start page is opened	[MsgId: MMSG-17999]
    2023-06-15 08:32:03.823 : User is logged in with session 136638.30854597HAciDDcpQQfiDDDDtcVzQpQQHQHf	[MsgId: MMSG-17999]
    2023-06-15 08:32:09.336 : User is logged out of session	[MsgId: MMSG-17999]
  2023-06-15 08:34:05.317 : IterationNum=12	[MsgId: MMSG-17999]
   USER 12 = user76:pwd76	[MsgId: MMSG-17999]
    2023-06-15 08:34:05.410 : Start page is opened	[MsgId: MMSG-17999]
    2023-06-15 08:34:11.637 : User is logged in with session 136638.318752531HAciDDDpfcAiDDDDtcVHApAAVVcf	[MsgId: MMSG-17999]
    2023-06-15 08:34:16.921 : User is logged out of session	[MsgId: MMSG-17999]
  2023-06-15 08:36:11.324 : IterationNum=13	[MsgId: MMSG-17999]
   USER 13 = user76:pwd76	[MsgId: MMSG-17999]
    2023-06-15 08:36:11.418 : Start page is opened	[MsgId: MMSG-17999]
    2023-06-15 08:36:17.089 : User is logged in with session 136638.328959093HAciDDtpAtfiDDDDtcVHApAAtcHf	[MsgId: MMSG-17999]
    2023-06-15 08:36:22.295 : User is logged out of session	[MsgId: MMSG-17999]
  2023-06-15 08:38:17.335 : IterationNum=14	[MsgId: MMSG-17999]
   USER 14 = user76:pwd76	[MsgId: MMSG-17999]
    2023-06-15 08:38:17.429 : Start page is opened	[MsgId: MMSG-17999]
    2023-06-15 08:38:23.788 : User is logged in with session 136638.339165654HAciDDtpfHAiDDDDtcVHApAAHtcf	[MsgId: MMSG-17999]
    2023-06-15 08:38:28.697 : User is logged out of session	[MsgId: MMSG-17999]
  2023-06-15 08:40:23.348 : IterationNum=15	[MsgId: MMSG-17999]
   USER 15 = user76:pwd76	[MsgId: MMSG-17999]
    2023-06-15 08:40:23.440 : Start page is opened	[MsgId: MMSG-17999]
    2023-06-15 08:40:29.702 : User is logged in with session 136638.349372215HAciDDfpAQfiDDDDtcVHApAVAfHf	[MsgId: MMSG-17999]
    2023-06-15 08:40:33.964 : User is logged out of session	[MsgId: MMSG-17999]
  2023-06-15 08:42:29.348 : IterationNum=16	[MsgId: MMSG-17999]
   USER 16 = user76:pwd76	[MsgId: MMSG-17999]
    2023-06-15 08:42:29.440 : Start page is opened	[MsgId: MMSG-17999]
    2023-06-15 08:42:34.904 : User is logged in with session 136638.359578777HAciDDfpzcAiDDDDtcVHApAVDHcf	[MsgId: MMSG-17999]
    2023-06-15 08:42:40.391 : User is logged out of session	[MsgId: MMSG-17999]
  2023-06-15 08:44:35.350 : IterationNum=17	[MsgId: MMSG-17999]
   USER 17 = user76:pwd76	[MsgId: MMSG-17999]
    2023-06-15 08:44:35.443 : Start page is opened	[MsgId: MMSG-17999]
    2023-06-15 08:44:41.074 : User is logged in with session 136638.369785338HAciDDzpVtfiDDDDtcVHApAVziHf	[MsgId: MMSG-17999]
    2023-06-15 08:44:45.110 : User is logged out of session	[MsgId: MMSG-17999]
  2023-06-15 08:46:41.350 : IterationNum=18	[MsgId: MMSG-17999]
   USER 18 = user76:pwd76	[MsgId: MMSG-17999]
    2023-06-15 08:46:41.442 : Start page is opened	[MsgId: MMSG-17999]
    2023-06-15 08:46:46.764 : User is logged in with session 136638.3799919HAciDDzpzHAiDDDDtcVHApAcAAcf	[MsgId: MMSG-17999]
    2023-06-15 08:46:52.369 : User is logged out of session	[MsgId: MMSG-17999]
  2023-06-15 08:48:47.351 : IterationNum=19	[MsgId: MMSG-17999]
   USER 19 = user76:pwd76	[MsgId: MMSG-17999]
    2023-06-15 08:48:47.460 : Start page is opened	[MsgId: MMSG-17999]
    2023-06-15 08:48:51.589 : User is logged in with session 136638.390198461HAciDDHpVQfiDDDDtcVHApAcDVHf	[MsgId: MMSG-17999]
    2023-06-15 08:48:55.546 : User is logged out of session	[MsgId: MMSG-17999]
