  2023-06-15 07:47:04.052 : IterationNum=1	[MsgId: MMSG-17999]
   USER 1 = user70:pwd70	[MsgId: MMSG-17999]
    2023-06-15 07:47:04.143 : Start page is opened	[MsgId: MMSG-17999]
    2023-06-15 07:47:10.178 : User is logged in with session 136638.090238963HAciDcVpHzzzzzzHtcVzQpQDAz	[MsgId: MMSG-17999]
    2023-06-15 07:47:16.130 : User is logged out of session	[MsgId: MMSG-17999]
  2023-06-15 07:49:10.056 : IterationNum=2	[MsgId: MMSG-17999]
   USER 2 = user70:pwd70	[MsgId: MMSG-17999]
    2023-06-15 07:49:10.150 : Start page is opened	[MsgId: MMSG-17999]
    2023-06-15 07:49:14.194 : User is logged in with session 136638.100445525HAciDccpcQVzzzzHtcVzQpQDDHf	[MsgId: MMSG-17999]
    2023-06-15 07:49:19.747 : User is logged out of session	[MsgId: MMSG-17999]
  2023-06-15 07:51:16.067 : IterationNum=3	[MsgId: MMSG-17999]
   USER 3 = user70:pwd70	[MsgId: MMSG-17999]
    2023-06-15 07:51:16.158 : Start page is opened	[MsgId: MMSG-17999]
    2023-06-15 07:51:21.506 : User is logged in with session 136638.110652086HAciDccpiVzzzzzHtcVzQpQDzQ	[MsgId: MMSG-17999]
    2023-06-15 07:51:27.073 : User is logged out of session	[MsgId: MMSG-17999]
  2023-06-15 07:53:22.068 : IterationNum=4	[MsgId: MMSG-17999]
   USER 4 = user70:pwd70	[MsgId: MMSG-17999]
    2023-06-15 07:53:22.160 : Start page is opened	[MsgId: MMSG-17999]
    2023-06-15 07:53:28.248 : User is logged in with session 136638.120858647HAciDcDpDtVzzzzHtcVzQpQtAAf	[MsgId: MMSG-17999]
    2023-06-15 07:53:33.839 : User is logged out of session	[MsgId: MMSG-17999]
  2023-06-15 07:55:28.080 : IterationNum=5	[MsgId: MMSG-17999]
   USER 5 = user70:pwd70	[MsgId: MMSG-17999]
    2023-06-15 07:55:28.172 : Start page is opened	[MsgId: MMSG-17999]
    2023-06-15 07:55:32.243 : User is logged in with session 136638.131065209HAciDcDpizzzzzzHtcVzQpQtDc	[MsgId: MMSG-17999]
    2023-06-15 07:55:37.984 : User is logged out of session	[MsgId: MMSG-17999]
  2023-06-15 07:57:34.089 : IterationNum=6	[MsgId: MMSG-17999]
   USER 6 = user70:pwd70	[MsgId: MMSG-17999]
    2023-06-15 07:57:34.183 : Start page is opened	[MsgId: MMSG-17999]
    2023-06-15 07:57:39.276 : User is logged in with session 136638.14127177HAciDctpDQVzzzzHtcVzQpQtzDf	[MsgId: MMSG-17999]
    2023-06-15 07:57:43.426 : User is logged out of session	[MsgId: MMSG-17999]
  2023-06-15 07:59:40.101 : IterationNum=7	[MsgId: MMSG-17999]
   USER 7 = user70:pwd70	[MsgId: MMSG-17999]
    2023-06-15 07:59:40.194 : Start page is opened	[MsgId: MMSG-17999]
    2023-06-15 07:59:44.399 : User is logged in with session 136638.151478331HAciDctpQVzzzzzHtcVzQpQtQf	[MsgId: MMSG-17999]
    2023-06-15 07:59:49.348 : User is logged out of session	[MsgId: MMSG-17999]
  2023-06-15 08:01:46.115 : IterationNum=8	[MsgId: MMSG-17999]
   USER 8 = user70:pwd70	[MsgId: MMSG-17999]
    2023-06-15 08:01:46.207 : Start page is opened	[MsgId: MMSG-17999]
    2023-06-15 08:01:51.233 : User is logged in with session 136638.161684893HAciDcfpttVzzzzHtcVzQpQfczf	[MsgId: MMSG-17999]
    2023-06-15 08:01:55.509 : User is logged out of session	[MsgId: MMSG-17999]
  2023-06-15 08:03:52.117 : IterationNum=9	[MsgId: MMSG-17999]
   USER 9 = user70:pwd70	[MsgId: MMSG-17999]
    2023-06-15 08:03:52.209 : Start page is opened	[MsgId: MMSG-17999]
    2023-06-15 08:03:56.465 : User is logged in with session 136638.171891454HAciDcfpQzzzzzzHtcVzQpQffi	[MsgId: MMSG-17999]
    2023-06-15 08:04:02.254 : User is logged out of session	[MsgId: MMSG-17999]
  2023-06-15 08:05:58.127 : IterationNum=10	[MsgId: MMSG-17999]
   USER 10 = user70:pwd70	[MsgId: MMSG-17999]
    2023-06-15 08:05:58.221 : Start page is opened	[MsgId: MMSG-17999]
    2023-06-15 08:06:02.373 : User is logged in with session 136638.182098015HAciDczptQVzzzzHtcVzQpQfiQf	[MsgId: MMSG-17999]
    2023-06-15 08:06:08.633 : User is logged out of session	[MsgId: MMSG-17999]
  2023-06-15 08:08:04.133 : IterationNum=11	[MsgId: MMSG-17999]
   USER 11 = user70:pwd70	[MsgId: MMSG-17999]
    2023-06-15 08:08:04.226 : Start page is opened	[MsgId: MMSG-17999]
    2023-06-15 08:08:09.543 : User is logged in with session 136638.192304577HAciDcHpAVzzzzzHtcVzQpQzcV	[MsgId: MMSG-17999]
    2023-06-15 08:08:13.817 : User is logged out of session	[MsgId: MMSG-17999]
  2023-06-15 08:10:10.139 : IterationNum=12	[MsgId: MMSG-17999]
   USER 12 = user70:pwd70	[MsgId: MMSG-17999]
    2023-06-15 08:10:10.232 : Start page is opened	[MsgId: MMSG-17999]
    2023-06-15 08:10:16.175 : User is logged in with session 136638.202511138HAciDcHpftVzzzzHtcVzQpQzfcf	[MsgId: MMSG-17999]
    2023-06-15 08:10:20.718 : User is logged out of session	[MsgId: MMSG-17999]
  2023-06-15 08:12:16.151 : IterationNum=13	[MsgId: MMSG-17999]
   USER 13 = user70:pwd70	[MsgId: MMSG-17999]
    2023-06-15 08:12:16.244 : Start page is opened	[MsgId: MMSG-17999]
    2023-06-15 08:12:22.211 : User is logged in with session 136638.212717699HAciDcipAzzzzzzHtcVzQpQzit	[MsgId: MMSG-17999]
    2023-06-15 08:12:28.552 : User is logged out of session	[MsgId: MMSG-17999]
  2023-06-15 08:14:22.161 : IterationNum=14	[MsgId: MMSG-17999]
   USER 14 = user70:pwd70	[MsgId: MMSG-17999]
    2023-06-15 08:14:22.254 : Start page is opened	[MsgId: MMSG-17999]
    2023-06-15 08:14:26.259 : User is logged in with session 136638.222924261HAciDcipfQVzzzzHtcVzQpQHVff	[MsgId: MMSG-17999]
    2023-06-15 08:14:31.425 : User is logged out of session	[MsgId: MMSG-17999]
  2023-06-15 08:16:28.172 : IterationNum=15	[MsgId: MMSG-17999]
   USER 15 = user70:pwd70	[MsgId: MMSG-17999]
    2023-06-15 08:16:28.265 : Start page is opened	[MsgId: MMSG-17999]
    2023-06-15 08:16:34.127 : User is logged in with session 136638.233130822HAciDcQpVVzzzzzHtcVzQpQHtH	[MsgId: MMSG-17999]
    2023-06-15 08:16:40.341 : User is logged out of session	[MsgId: MMSG-17999]
  2023-06-15 08:18:34.180 : IterationNum=16	[MsgId: MMSG-17999]
   USER 16 = user70:pwd70	[MsgId: MMSG-17999]
    2023-06-15 08:18:34.274 : Start page is opened	[MsgId: MMSG-17999]
    2023-06-15 08:18:39.160 : User is logged in with session 136638.243337384HAciDcQpztVzzzzHtcVzQpQHHif	[MsgId: MMSG-17999]
    2023-06-15 08:18:44.037 : User is logged out of session	[MsgId: MMSG-17999]
  2023-06-15 08:20:40.189 : IterationNum=17	[MsgId: MMSG-17999]
   USER 17 = user70:pwd70	[MsgId: MMSG-17999]
    2023-06-15 08:20:40.282 : Start page is opened	[MsgId: MMSG-17999]
    2023-06-15 08:20:45.876 : User is logged in with session 136638.253543945HAciDDApVzzzzzzHtcVzQpQiV	[MsgId: MMSG-17999]
    2023-06-15 08:20:50.417 : User is logged out of session	[MsgId: MMSG-17999]
  2023-06-15 08:22:46.191 : IterationNum=18	[MsgId: MMSG-17999]
   USER 18 = user70:pwd70	[MsgId: MMSG-17999]
    2023-06-15 08:22:46.283 : Start page is opened	[MsgId: MMSG-17999]
    2023-06-15 08:22:51.542 : User is logged in with session 136638.263750506HAciDDApzQVzzzzHtcVzQpQitVf	[MsgId: MMSG-17999]
    2023-06-15 08:22:57.155 : User is logged out of session	[MsgId: MMSG-17999]
  2023-06-15 08:24:52.202 : IterationNum=19	[MsgId: MMSG-17999]
   USER 19 = user70:pwd70	[MsgId: MMSG-17999]
    2023-06-15 08:24:52.295 : Start page is opened	[MsgId: MMSG-17999]
    2023-06-15 08:24:56.614 : User is logged in with session 136638.273957068HAciDDVpcVzzzzzHtcVzQpQiHD	[MsgId: MMSG-17999]
    2023-06-15 08:25:02.607 : User is logged out of session	[MsgId: MMSG-17999]
  2023-06-15 08:26:58.205 : IterationNum=20	[MsgId: MMSG-17999]
   USER 20 = user70:pwd70	[MsgId: MMSG-17999]
    2023-06-15 08:26:58.296 : Start page is opened	[MsgId: MMSG-17999]
    2023-06-15 08:27:02.825 : User is logged in with session 136638.284163629HAciDDVpHtVzzzzHtcVzQpQQAtf	[MsgId: MMSG-17999]
    2023-06-15 08:27:07.665 : User is logged out of session	[MsgId: MMSG-17999]
  2023-06-15 08:29:04.212 : IterationNum=21	[MsgId: MMSG-17999]
   USER 21 = user70:pwd70	[MsgId: MMSG-17999]
    2023-06-15 08:29:04.305 : Start page is opened	[MsgId: MMSG-17999]
    2023-06-15 08:29:09.789 : User is logged in with session 136638.29437019HAciDDcpczzzzzzHtcVzQpQQDz	[MsgId: MMSG-17999]
    2023-06-15 08:29:13.902 : User is logged out of session	[MsgId: MMSG-17999]
  2023-06-15 08:31:10.219 : IterationNum=22	[MsgId: MMSG-17999]
   USER 22 = user70:pwd70	[MsgId: MMSG-17999]
    2023-06-15 08:31:10.312 : Start page is opened	[MsgId: MMSG-17999]
    2023-06-15 08:31:14.814 : User is logged in with session 136638.304576752HAciDDcpHQVzzzzHtcVzQpQQzHf	[MsgId: MMSG-17999]
    2023-06-15 08:31:19.479 : User is logged out of session	[MsgId: MMSG-17999]
  2023-06-15 08:33:16.231 : IterationNum=23	[MsgId: MMSG-17999]
   USER 23 = user70:pwd70	[MsgId: MMSG-17999]
    2023-06-15 08:33:16.323 : Start page is opened	[MsgId: MMSG-17999]
    2023-06-15 08:33:21.273 : User is logged in with session 136638.314783313HAciDDDpDVzzzzzHtcVzQpQQQQ	[MsgId: MMSG-17999]
    2023-06-15 08:33:27.092 : User is logged out of session	[MsgId: MMSG-17999]
  2023-06-15 08:35:22.234 : IterationNum=24	[MsgId: MMSG-17999]
   USER 24 = user70:pwd70	[MsgId: MMSG-17999]
    2023-06-15 08:35:22.328 : Start page is opened	[MsgId: MMSG-17999]
    2023-06-15 08:35:28.329 : User is logged in with session 136638.324989874HAciDDDpitVzzzzHtcVHApAADAf	[MsgId: MMSG-17999]
    2023-06-15 08:35:33.851 : User is logged out of session	[MsgId: MMSG-17999]
  2023-06-15 08:37:28.241 : IterationNum=25	[MsgId: MMSG-17999]
   USER 25 = user70:pwd70	[MsgId: MMSG-17999]
    2023-06-15 08:37:28.335 : Start page is opened	[MsgId: MMSG-17999]
    2023-06-15 08:37:34.212 : User is logged in with session 136638.335196436HAciDDtpDzzzzzzHtcVHApAAzc	[MsgId: MMSG-17999]
    2023-06-15 08:37:39.911 : User is logged out of session	[MsgId: MMSG-17999]
  2023-06-15 08:39:34.245 : IterationNum=26	[MsgId: MMSG-17999]
   USER 26 = user70:pwd70	[MsgId: MMSG-17999]
    2023-06-15 08:39:34.339 : Start page is opened	[MsgId: MMSG-17999]
    2023-06-15 08:39:39.190 : User is logged in with session 136638.345402997HAciDDtpiQVzzzzHtcVHApAAQDf	[MsgId: MMSG-17999]
    2023-06-15 08:39:43.731 : User is logged out of session	[MsgId: MMSG-17999]
  2023-06-15 08:41:40.250 : IterationNum=27	[MsgId: MMSG-17999]
   USER 27 = user70:pwd70	[MsgId: MMSG-17999]
    2023-06-15 08:41:40.344 : Start page is opened	[MsgId: MMSG-17999]
    2023-06-15 08:41:46.441 : User is logged in with session 136638.355609559HAciDDfptVzzzzzHtcVHApAVcf	[MsgId: MMSG-17999]
    2023-06-15 08:41:50.995 : User is logged out of session	[MsgId: MMSG-17999]
  2023-06-15 08:43:46.265 : IterationNum=28	[MsgId: MMSG-17999]
   USER 28 = user70:pwd70	[MsgId: MMSG-17999]
    2023-06-15 08:43:46.357 : Start page is opened	[MsgId: MMSG-17999]
    2023-06-15 08:43:50.378 : User is logged in with session 136638.36581612HAciDDfpQtVzzzzHtcVHApAVfzf	[MsgId: MMSG-17999]
    2023-06-15 08:43:54.664 : User is logged out of session	[MsgId: MMSG-17999]
  2023-06-15 08:45:52.272 : IterationNum=29	[MsgId: MMSG-17999]
   USER 29 = user70:pwd70	[MsgId: MMSG-17999]
    2023-06-15 08:45:52.367 : Start page is opened	[MsgId: MMSG-17999]
    2023-06-15 08:45:56.479 : User is logged in with session 136638.376022681HAciDDzptzzzzzzHtcVHApAVii	[MsgId: MMSG-17999]
    2023-06-15 08:46:01.443 : User is logged out of session	[MsgId: MMSG-17999]
  2023-06-15 08:47:58.272 : IterationNum=30	[MsgId: MMSG-17999]
   USER 30 = user70:pwd70	[MsgId: MMSG-17999]
    2023-06-15 08:47:58.366 : Start page is opened	[MsgId: MMSG-17999]
    2023-06-15 08:48:03.117 : User is logged in with session 136638.386229243HAciDDzpQQVzzzzHtcVHApAcVQf	[MsgId: MMSG-17999]
    2023-06-15 08:48:08.315 : User is logged out of session	[MsgId: MMSG-17999]
