  2023-06-15 07:47:09.083 : IterationNum=1	[MsgId: MMSG-17999]
   USER 1 = user71:pwd71	[MsgId: MMSG-17999]
    2023-06-15 07:47:09.177 : Start page is opened	[MsgId: MMSG-17999]
    2023-06-15 07:47:14.898 : User is logged in with session 136638.090643985HAciDcVpHiHftcVzQpQDAHcf	[MsgId: MMSG-17999]
    2023-06-15 07:47:20.794 : User is logged out of session	[MsgId: MMSG-17999]
  2023-06-15 07:49:15.093 : IterationNum=2	[MsgId: MMSG-17999]
   USER 2 = user71:pwd71	[MsgId: MMSG-17999]
    2023-06-15 07:49:15.187 : Start page is opened	[MsgId: MMSG-17999]
    2023-06-15 07:49:20.937 : User is logged in with session 136638.100850547HAciDccpDVcftcVzQpQDDiHf	[MsgId: MMSG-17999]
    2023-06-15 07:49:25.882 : User is logged out of session	[MsgId: MMSG-17999]
  2023-06-15 07:51:21.102 : IterationNum=3	[MsgId: MMSG-17999]
   USER 3 = user71:pwd71	[MsgId: MMSG-17999]
    2023-06-15 07:51:21.194 : Start page is opened	[MsgId: MMSG-17999]
    2023-06-15 07:51:25.662 : User is logged in with session 136638.111057108HAciDccpiDHftcVzQpQDHAcf	[MsgId: MMSG-17999]
    2023-06-15 07:51:30.304 : User is logged out of session	[MsgId: MMSG-17999]
  2023-06-15 07:53:27.102 : IterationNum=4	[MsgId: MMSG-17999]
   USER 4 = user71:pwd71	[MsgId: MMSG-17999]
    2023-06-15 07:53:27.194 : Start page is opened	[MsgId: MMSG-17999]
    2023-06-15 07:53:31.146 : User is logged in with session 136638.12126367HAciDcDpDzcftcVzQpQtAVHf	[MsgId: MMSG-17999]
    2023-06-15 07:53:35.257 : User is logged out of session	[MsgId: MMSG-17999]
  2023-06-15 07:55:33.111 : IterationNum=5	[MsgId: MMSG-17999]
   USER 5 = user71:pwd71	[MsgId: MMSG-17999]
    2023-06-15 07:55:33.204 : Start page is opened	[MsgId: MMSG-17999]
    2023-06-15 07:55:37.636 : User is logged in with session 136638.131470231HAciDcDpiiHftcVzQpQtDDcf	[MsgId: MMSG-17999]
    2023-06-15 07:55:42.670 : User is logged out of session	[MsgId: MMSG-17999]
  2023-06-15 07:57:39.120 : IterationNum=6	[MsgId: MMSG-17999]
   USER 6 = user71:pwd71	[MsgId: MMSG-17999]
    2023-06-15 07:57:39.214 : Start page is opened	[MsgId: MMSG-17999]
    2023-06-15 07:57:44.816 : User is logged in with session 136638.141676792HAciDctptVcftcVzQpQtztHf	[MsgId: MMSG-17999]
    2023-06-15 07:57:50.263 : User is logged out of session	[MsgId: MMSG-17999]
  2023-06-15 07:59:45.124 : IterationNum=7	[MsgId: MMSG-17999]
   USER 7 = user71:pwd71	[MsgId: MMSG-17999]
    2023-06-15 07:59:45.217 : Start page is opened	[MsgId: MMSG-17999]
    2023-06-15 07:59:51.398 : User is logged in with session 136638.151883354HAciDctpQDHftcVzQpQtQzcf	[MsgId: MMSG-17999]
    2023-06-15 07:59:56.340 : User is logged out of session	[MsgId: MMSG-17999]
  2023-06-15 08:01:51.137 : IterationNum=8	[MsgId: MMSG-17999]
   USER 8 = user71:pwd71	[MsgId: MMSG-17999]
    2023-06-15 08:01:51.232 : Start page is opened	[MsgId: MMSG-17999]
    2023-06-15 08:01:55.926 : User is logged in with session 136638.162089915HAciDcfptzcftcVzQpQfcHHf	[MsgId: MMSG-17999]
    2023-06-15 08:02:00.033 : User is logged out of session	[MsgId: MMSG-17999]
  2023-06-15 08:03:57.149 : IterationNum=9	[MsgId: MMSG-17999]
   USER 9 = user71:pwd71	[MsgId: MMSG-17999]
    2023-06-15 08:03:57.242 : Start page is opened	[MsgId: MMSG-17999]
    2023-06-15 08:04:01.288 : User is logged in with session 136638.172296476HAciDcfpQiHftcVzQpQffQcf	[MsgId: MMSG-17999]
    2023-06-15 08:04:05.692 : User is logged out of session	[MsgId: MMSG-17999]
  2023-06-15 08:06:03.160 : IterationNum=10	[MsgId: MMSG-17999]
   USER 10 = user71:pwd71	[MsgId: MMSG-17999]
    2023-06-15 08:06:03.253 : Start page is opened	[MsgId: MMSG-17999]
    2023-06-15 08:06:08.472 : User is logged in with session 136638.182503038HAciDczpfVcftcVzQpQfQAHf	[MsgId: MMSG-17999]
    2023-06-15 08:06:14.428 : User is logged out of session	[MsgId: MMSG-17999]
  2023-06-15 08:08:09.169 : IterationNum=11	[MsgId: MMSG-17999]
   USER 11 = user71:pwd71	[MsgId: MMSG-17999]
    2023-06-15 08:08:09.263 : Start page is opened	[MsgId: MMSG-17999]
    2023-06-15 08:08:13.578 : User is logged in with session 136638.192709599HAciDcHpADHftcVzQpQzcccf	[MsgId: MMSG-17999]
    2023-06-15 08:08:18.482 : User is logged out of session	[MsgId: MMSG-17999]
  2023-06-15 08:10:15.183 : IterationNum=12	[MsgId: MMSG-17999]
   USER 12 = user71:pwd71	[MsgId: MMSG-17999]
    2023-06-15 08:10:15.274 : Start page is opened	[MsgId: MMSG-17999]
    2023-06-15 08:10:21.135 : User is logged in with session 136638.20291616HAciDcHpfzcftcVzQpQzfDHf	[MsgId: MMSG-17999]
    2023-06-15 08:10:25.971 : User is logged out of session	[MsgId: MMSG-17999]
  2023-06-15 08:12:21.185 : IterationNum=13	[MsgId: MMSG-17999]
   USER 13 = user71:pwd71	[MsgId: MMSG-17999]
    2023-06-15 08:12:21.280 : Start page is opened	[MsgId: MMSG-17999]
    2023-06-15 08:12:26.940 : User is logged in with session 136638.213122722HAciDcipAiHftcVzQpQzifcf	[MsgId: MMSG-17999]
    2023-06-15 08:12:32.897 : User is logged out of session	[MsgId: MMSG-17999]
  2023-06-15 08:14:27.200 : IterationNum=14	[MsgId: MMSG-17999]
   USER 14 = user71:pwd71	[MsgId: MMSG-17999]
    2023-06-15 08:14:27.294 : Start page is opened	[MsgId: MMSG-17999]
    2023-06-15 08:14:32.668 : User is logged in with session 136638.223329283HAciDcipzVcftcVzQpQHVzHf	[MsgId: MMSG-17999]
    2023-06-15 08:14:36.699 : User is logged out of session	[MsgId: MMSG-17999]
  2023-06-15 08:16:33.209 : IterationNum=15	[MsgId: MMSG-17999]
   USER 15 = user71:pwd71	[MsgId: MMSG-17999]
    2023-06-15 08:16:33.303 : Start page is opened	[MsgId: MMSG-17999]
    2023-06-15 08:16:37.900 : User is logged in with session 136638.233535844HAciDcQpVDHftcVzQpQHticf	[MsgId: MMSG-17999]
    2023-06-15 08:16:43.717 : User is logged out of session	[MsgId: MMSG-17999]
  2023-06-15 08:18:39.224 : IterationNum=16	[MsgId: MMSG-17999]
   USER 16 = user71:pwd71	[MsgId: MMSG-17999]
    2023-06-15 08:18:39.317 : Start page is opened	[MsgId: MMSG-17999]
    2023-06-15 08:18:44.454 : User is logged in with session 136638.243742406HAciDcQpzzcftcVzQpQHHQHf	[MsgId: MMSG-17999]
    2023-06-15 08:18:49.933 : User is logged out of session	[MsgId: MMSG-17999]
  2023-06-15 08:20:45.225 : IterationNum=17	[MsgId: MMSG-17999]
   USER 17 = user71:pwd71	[MsgId: MMSG-17999]
    2023-06-15 08:20:45.317 : Start page is opened	[MsgId: MMSG-17999]
    2023-06-15 08:20:49.521 : User is logged in with session 136638.253948967HAciDDApViHftcVzQpQiVVcf	[MsgId: MMSG-17999]
    2023-06-15 08:20:53.904 : User is logged out of session	[MsgId: MMSG-17999]
  2023-06-15 08:22:51.232 : IterationNum=18	[MsgId: MMSG-17999]
   USER 18 = user71:pwd71	[MsgId: MMSG-17999]
    2023-06-15 08:22:51.323 : Start page is opened	[MsgId: MMSG-17999]
    2023-06-15 08:22:55.997 : User is logged in with session 136638.264155529HAciDDApHVcftcVzQpQitcHf	[MsgId: MMSG-17999]
    2023-06-15 08:22:59.976 : User is logged out of session	[MsgId: MMSG-17999]
  2023-06-15 08:24:57.234 : IterationNum=19	[MsgId: MMSG-17999]
   USER 19 = user71:pwd71	[MsgId: MMSG-17999]
    2023-06-15 08:24:57.326 : Start page is opened	[MsgId: MMSG-17999]
    2023-06-15 08:25:03.222 : User is logged in with session 136638.27436209HAciDDVpcDHftcVzQpQiHtcf	[MsgId: MMSG-17999]
    2023-06-15 08:25:07.700 : User is logged out of session	[MsgId: MMSG-17999]
  2023-06-15 08:27:03.243 : IterationNum=20	[MsgId: MMSG-17999]
   USER 20 = user71:pwd71	[MsgId: MMSG-17999]
    2023-06-15 08:27:03.337 : Start page is opened	[MsgId: MMSG-17999]
    2023-06-15 08:27:08.871 : User is logged in with session 136638.284568651HAciDDVpHzcftcVzQpQQAfHf	[MsgId: MMSG-17999]
    2023-06-15 08:27:13.027 : User is logged out of session	[MsgId: MMSG-17999]
  2023-06-15 08:29:09.247 : IterationNum=21	[MsgId: MMSG-17999]
   USER 21 = user71:pwd71	[MsgId: MMSG-17999]
    2023-06-15 08:29:09.337 : Start page is opened	[MsgId: MMSG-17999]
    2023-06-15 08:29:14.971 : User is logged in with session 136638.294775213HAciDDcpciHftcVzQpQQDHcf	[MsgId: MMSG-17999]
    2023-06-15 08:29:19.847 : User is logged out of session	[MsgId: MMSG-17999]
  2023-06-15 08:31:15.247 : IterationNum=22	[MsgId: MMSG-17999]
   USER 22 = user71:pwd71	[MsgId: MMSG-17999]
    2023-06-15 08:31:15.340 : Start page is opened	[MsgId: MMSG-17999]
    2023-06-15 08:31:21.712 : User is logged in with session 136638.304981774HAciDDcpiVcftcVzQpQQziHf	[MsgId: MMSG-17999]
    2023-06-15 08:31:25.749 : User is logged out of session	[MsgId: MMSG-17999]
  2023-06-15 08:33:21.251 : IterationNum=23	[MsgId: MMSG-17999]
   USER 23 = user71:pwd71	[MsgId: MMSG-17999]
    2023-06-15 08:33:21.343 : Start page is opened	[MsgId: MMSG-17999]
    2023-06-15 08:33:25.296 : User is logged in with session 136638.315188335HAciDDDpDDHftcVHApAAAAcf	[MsgId: MMSG-17999]
    2023-06-15 08:33:29.926 : User is logged out of session	[MsgId: MMSG-17999]
  2023-06-15 08:35:27.260 : IterationNum=24	[MsgId: MMSG-17999]
   USER 24 = user71:pwd71	[MsgId: MMSG-17999]
    2023-06-15 08:35:27.355 : Start page is opened	[MsgId: MMSG-17999]
    2023-06-15 08:35:32.854 : User is logged in with session 136638.325394897HAciDDDpizcftcVHApAADVHf	[MsgId: MMSG-17999]
    2023-06-15 08:35:38.171 : User is logged out of session	[MsgId: MMSG-17999]
  2023-06-15 08:37:33.267 : IterationNum=25	[MsgId: MMSG-17999]
   USER 25 = user71:pwd71	[MsgId: MMSG-17999]
    2023-06-15 08:37:33.360 : Start page is opened	[MsgId: MMSG-17999]
    2023-06-15 08:37:39.178 : User is logged in with session 136638.335601458HAciDDtpDiHftcVHApAAzDcf	[MsgId: MMSG-17999]
    2023-06-15 08:37:44.330 : User is logged out of session	[MsgId: MMSG-17999]
  2023-06-15 08:39:39.282 : IterationNum=26	[MsgId: MMSG-17999]
   USER 26 = user71:pwd71	[MsgId: MMSG-17999]
    2023-06-15 08:39:39.376 : Start page is opened	[MsgId: MMSG-17999]
    2023-06-15 08:39:43.328 : User is logged in with session 136638.345808019HAciDDtpQVcftcVHApAAQtHf	[MsgId: MMSG-17999]
    2023-06-15 08:39:48.501 : User is logged out of session	[MsgId: MMSG-17999]
  2023-06-15 08:41:45.293 : IterationNum=27	[MsgId: MMSG-17999]
   USER 27 = user71:pwd71	[MsgId: MMSG-17999]
    2023-06-15 08:41:45.388 : Start page is opened	[MsgId: MMSG-17999]
    2023-06-15 08:41:51.250 : User is logged in with session 136638.356014581HAciDDfptDHftcVHApAVczcf	[MsgId: MMSG-17999]
    2023-06-15 08:41:56.940 : User is logged out of session	[MsgId: MMSG-17999]
  2023-06-15 08:43:51.305 : IterationNum=28	[MsgId: MMSG-17999]
   USER 28 = user71:pwd71	[MsgId: MMSG-17999]
    2023-06-15 08:43:51.399 : Start page is opened	[MsgId: MMSG-17999]
    2023-06-15 08:43:56.055 : User is logged in with session 136638.366221142HAciDDfpQzcftcVHApAVfHHf	[MsgId: MMSG-17999]
    2023-06-15 08:44:01.295 : User is logged out of session	[MsgId: MMSG-17999]
  2023-06-15 08:45:57.316 : IterationNum=29	[MsgId: MMSG-17999]
   USER 29 = user71:pwd71	[MsgId: MMSG-17999]
    2023-06-15 08:45:57.411 : Start page is opened	[MsgId: MMSG-17999]
    2023-06-15 08:46:03.679 : User is logged in with session 136638.376427704HAciDDzptiHftcVHApAViQcf	[MsgId: MMSG-17999]
    2023-06-15 08:46:08.137 : User is logged out of session	[MsgId: MMSG-17999]
  2023-06-15 08:48:03.320 : IterationNum=30	[MsgId: MMSG-17999]
   USER 30 = user71:pwd71	[MsgId: MMSG-17999]
    2023-06-15 08:48:03.414 : Start page is opened	[MsgId: MMSG-17999]
    2023-06-15 08:48:09.327 : User is logged in with session 136638.386634265HAciDDHpAVcftcVHApAccAHf	[MsgId: MMSG-17999]
    2023-06-15 08:48:13.747 : User is logged out of session	[MsgId: MMSG-17999]
