  2023-06-15 07:47:14.132 : IterationNum=1	[MsgId: MMSG-17999]
   USER 1 = user72:pwd72	[MsgId: MMSG-17999]
    2023-06-15 07:47:14.215 : Start page is opened	[MsgId: MMSG-17999]
    2023-06-15 07:47:20.195 : User is logged in with session 136638.091049008HAciDcVpiAiDDDDDtcVzQpQDAif	[MsgId: MMSG-17999]
    2023-06-15 07:47:26.514 : User is logged out of session	[MsgId: MMSG-17999]
  2023-06-15 07:49:20.133 : IterationNum=2	[MsgId: MMSG-17999]
   USER 2 = user72:pwd72	[MsgId: MMSG-17999]
    2023-06-15 07:49:20.226 : Start page is opened	[MsgId: MMSG-17999]
    2023-06-15 07:49:25.183 : User is logged in with session 136638.101255569HAciDccpDDDDDDDDtcVzQpQDt	[MsgId: MMSG-17999]
    2023-06-15 07:49:29.982 : User is logged out of session	[MsgId: MMSG-17999]
  2023-06-15 07:51:26.140 : IterationNum=3	[MsgId: MMSG-17999]
   USER 3 = user72:pwd72	[MsgId: MMSG-17999]
    2023-06-15 07:51:26.232 : Start page is opened	[MsgId: MMSG-17999]
    2023-06-15 07:51:31.189 : User is logged in with session 136638.11146213HAciDccpifiDDDDDtcVzQpQDHVf	[MsgId: MMSG-17999]
    2023-06-15 07:51:35.662 : User is logged out of session	[MsgId: MMSG-17999]
  2023-06-15 07:53:32.150 : IterationNum=4	[MsgId: MMSG-17999]
   USER 4 = user72:pwd72	[MsgId: MMSG-17999]
    2023-06-15 07:53:32.242 : Start page is opened	[MsgId: MMSG-17999]
    2023-06-15 07:53:36.760 : User is logged in with session 136638.121668692HAciDcDpDiDDDDDDtcVzQpQtAD	[MsgId: MMSG-17999]
    2023-06-15 07:53:41.004 : User is logged out of session	[MsgId: MMSG-17999]
  2023-06-15 07:55:38.151 : IterationNum=5	[MsgId: MMSG-17999]
   USER 5 = user72:pwd72	[MsgId: MMSG-17999]
    2023-06-15 07:55:38.244 : Start page is opened	[MsgId: MMSG-17999]
    2023-06-15 07:55:42.226 : User is logged in with session 136638.131875253HAciDcDpQAiDDDDDtcVzQpQtDtf	[MsgId: MMSG-17999]
    2023-06-15 07:55:48.267 : User is logged out of session	[MsgId: MMSG-17999]
  2023-06-15 07:57:44.150 : IterationNum=6	[MsgId: MMSG-17999]
   USER 6 = user72:pwd72	[MsgId: MMSG-17999]
    2023-06-15 07:57:44.243 : Start page is opened	[MsgId: MMSG-17999]
    2023-06-15 07:57:49.297 : User is logged in with session 136638.142081815HAciDctptDDDDDDDtcVzQpQtzz	[MsgId: MMSG-17999]
    2023-06-15 07:57:53.271 : User is logged out of session	[MsgId: MMSG-17999]
  2023-06-15 07:59:50.160 : IterationNum=7	[MsgId: MMSG-17999]
   USER 7 = user72:pwd72	[MsgId: MMSG-17999]
    2023-06-15 07:59:50.251 : Start page is opened	[MsgId: MMSG-17999]
    2023-06-15 07:59:55.154 : User is logged in with session 136638.152288376HAciDctpQfiDDDDDtcVzQpQtQHf	[MsgId: MMSG-17999]
    2023-06-15 08:00:00.547 : User is logged out of session	[MsgId: MMSG-17999]
  2023-06-15 08:01:56.173 : IterationNum=8	[MsgId: MMSG-17999]
   USER 8 = user72:pwd72	[MsgId: MMSG-17999]
    2023-06-15 08:01:56.266 : Start page is opened	[MsgId: MMSG-17999]
    2023-06-15 08:02:02.227 : User is logged in with session 136638.162494937HAciDcfptiDDDDDDtcVzQpQfcQ	[MsgId: MMSG-17999]
    2023-06-15 08:02:07.105 : User is logged out of session	[MsgId: MMSG-17999]
  2023-06-15 08:04:02.174 : IterationNum=9	[MsgId: MMSG-17999]
   USER 9 = user72:pwd72	[MsgId: MMSG-17999]
    2023-06-15 08:04:02.269 : Start page is opened	[MsgId: MMSG-17999]
    2023-06-15 08:04:07.637 : User is logged in with session 136638.172701499HAciDczpAAiDDDDDtcVzQpQfzAf	[MsgId: MMSG-17999]
    2023-06-15 08:04:13.108 : User is logged out of session	[MsgId: MMSG-17999]
  2023-06-15 08:06:08.178 : IterationNum=10	[MsgId: MMSG-17999]
   USER 10 = user72:pwd72	[MsgId: MMSG-17999]
    2023-06-15 08:06:08.272 : Start page is opened	[MsgId: MMSG-17999]
    2023-06-15 08:06:13.968 : User is logged in with session 136638.18290806HAciDczpfDDDDDDDtcVzQpQfQc	[MsgId: MMSG-17999]
    2023-06-15 08:06:19.653 : User is logged out of session	[MsgId: MMSG-17999]
  2023-06-15 08:08:14.185 : IterationNum=11	[MsgId: MMSG-17999]
   USER 11 = user72:pwd72	[MsgId: MMSG-17999]
    2023-06-15 08:08:14.279 : Start page is opened	[MsgId: MMSG-17999]
    2023-06-15 08:08:19.713 : User is logged in with session 136638.193114621HAciDcHpAfiDDDDDtcVzQpQzcDf	[MsgId: MMSG-17999]
    2023-06-15 08:08:26.019 : User is logged out of session	[MsgId: MMSG-17999]
  2023-06-15 08:10:20.188 : IterationNum=12	[MsgId: MMSG-17999]
   USER 12 = user72:pwd72	[MsgId: MMSG-17999]
    2023-06-15 08:10:20.281 : Start page is opened	[MsgId: MMSG-17999]
    2023-06-15 08:10:24.775 : User is logged in with session 136638.203321183HAciDcHpfiDDDDDDtcVzQpQzff	[MsgId: MMSG-17999]
    2023-06-15 08:10:30.635 : User is logged out of session	[MsgId: MMSG-17999]
  2023-06-15 08:12:26.196 : IterationNum=13	[MsgId: MMSG-17999]
   USER 13 = user72:pwd72	[MsgId: MMSG-17999]
    2023-06-15 08:12:26.288 : Start page is opened	[MsgId: MMSG-17999]
    2023-06-15 08:12:31.091 : User is logged in with session 136638.213527744HAciDcipVAiDDDDDtcVzQpQzizf	[MsgId: MMSG-17999]
    2023-06-15 08:12:35.527 : User is logged out of session	[MsgId: MMSG-17999]
  2023-06-15 08:14:32.207 : IterationNum=14	[MsgId: MMSG-17999]
   USER 14 = user72:pwd72	[MsgId: MMSG-17999]
    2023-06-15 08:14:32.300 : Start page is opened	[MsgId: MMSG-17999]
    2023-06-15 08:14:36.352 : User is logged in with session 136638.223734305HAciDcipzDDDDDDDtcVzQpQHVi	[MsgId: MMSG-17999]
    2023-06-15 08:14:42.282 : User is logged out of session	[MsgId: MMSG-17999]
  2023-06-15 08:16:38.212 : IterationNum=15	[MsgId: MMSG-17999]
   USER 15 = user72:pwd72	[MsgId: MMSG-17999]
    2023-06-15 08:16:38.304 : Start page is opened	[MsgId: MMSG-17999]
    2023-06-15 08:16:44.174 : User is logged in with session 136638.233940867HAciDcQpVfiDDDDDtcVzQpQHtQf	[MsgId: MMSG-17999]
    2023-06-15 08:16:49.274 : User is logged out of session	[MsgId: MMSG-17999]
  2023-06-15 08:18:44.220 : IterationNum=16	[MsgId: MMSG-17999]
   USER 16 = user72:pwd72	[MsgId: MMSG-17999]
    2023-06-15 08:18:44.314 : Start page is opened	[MsgId: MMSG-17999]
    2023-06-15 08:18:49.789 : User is logged in with session 136638.244147428HAciDcQpziDDDDDDtcVzQpQHiV	[MsgId: MMSG-17999]
    2023-06-15 08:18:55.550 : User is logged out of session	[MsgId: MMSG-17999]
  2023-06-15 08:20:50.220 : IterationNum=17	[MsgId: MMSG-17999]
   USER 17 = user72:pwd72	[MsgId: MMSG-17999]
    2023-06-15 08:20:50.314 : Start page is opened	[MsgId: MMSG-17999]
    2023-06-15 08:20:56.452 : User is logged in with session 136638.254353989HAciDDApcAiDDDDDtcVzQpQiVcf	[MsgId: MMSG-17999]
    2023-06-15 08:21:00.982 : User is logged out of session	[MsgId: MMSG-17999]
  2023-06-15 08:22:56.228 : IterationNum=18	[MsgId: MMSG-17999]
   USER 18 = user72:pwd72	[MsgId: MMSG-17999]
    2023-06-15 08:22:56.321 : Start page is opened	[MsgId: MMSG-17999]
    2023-06-15 08:23:02.481 : User is logged in with session 136638.264560551HAciDDApHDDDDDDDtcVzQpQitt	[MsgId: MMSG-17999]
    2023-06-15 08:23:08.710 : User is logged out of session	[MsgId: MMSG-17999]
  2023-06-15 08:25:02.229 : IterationNum=19	[MsgId: MMSG-17999]
   USER 19 = user72:pwd72	[MsgId: MMSG-17999]
    2023-06-15 08:25:02.323 : Start page is opened	[MsgId: MMSG-17999]
    2023-06-15 08:25:08.582 : User is logged in with session 136638.274767112HAciDDVpcfiDDDDDtcVzQpQiHff	[MsgId: MMSG-17999]
    2023-06-15 08:25:14.180 : User is logged out of session	[MsgId: MMSG-17999]
  2023-06-15 08:27:08.233 : IterationNum=20	[MsgId: MMSG-17999]
   USER 20 = user72:pwd72	[MsgId: MMSG-17999]
    2023-06-15 08:27:08.326 : Start page is opened	[MsgId: MMSG-17999]
    2023-06-15 08:27:14.167 : User is logged in with session 136638.284973674HAciDDVpHiDDDDDDtcVzQpQQAH	[MsgId: MMSG-17999]
    2023-06-15 08:27:18.920 : User is logged out of session	[MsgId: MMSG-17999]
  2023-06-15 08:29:14.241 : IterationNum=21	[MsgId: MMSG-17999]
   USER 21 = user72:pwd72	[MsgId: MMSG-17999]
    2023-06-15 08:29:14.334 : Start page is opened	[MsgId: MMSG-17999]
    2023-06-15 08:29:19.147 : User is logged in with session 136638.295180235HAciDDcpDAiDDDDDtcVzQpQQDif	[MsgId: MMSG-17999]
    2023-06-15 08:29:23.381 : User is logged out of session	[MsgId: MMSG-17999]
  2023-06-15 08:31:20.245 : IterationNum=22	[MsgId: MMSG-17999]
   USER 22 = user72:pwd72	[MsgId: MMSG-17999]
    2023-06-15 08:31:20.338 : Start page is opened	[MsgId: MMSG-17999]
    2023-06-15 08:31:25.002 : User is logged in with session 136638.305386796HAciDDcpiDDDDDDDtcVzQpQQH	[MsgId: MMSG-17999]
    2023-06-15 08:31:30.349 : User is logged out of session	[MsgId: MMSG-17999]
  2023-06-15 08:33:26.255 : IterationNum=23	[MsgId: MMSG-17999]
   USER 23 = user72:pwd72	[MsgId: MMSG-17999]
    2023-06-15 08:33:26.349 : Start page is opened	[MsgId: MMSG-17999]
    2023-06-15 08:33:30.682 : User is logged in with session 136638.315593358HAciDDDpDfiDDDDDtcVHApAAAVf	[MsgId: MMSG-17999]
    2023-06-15 08:33:36.704 : User is logged out of session	[MsgId: MMSG-17999]
  2023-06-15 08:35:32.264 : IterationNum=24	[MsgId: MMSG-17999]
   USER 24 = user72:pwd72	[MsgId: MMSG-17999]
    2023-06-15 08:35:32.359 : Start page is opened	[MsgId: MMSG-17999]
    2023-06-15 08:35:37.277 : User is logged in with session 136638.325799919HAciDDDpiiDDDDDDtcVHApAADD	[MsgId: MMSG-17999]
    2023-06-15 08:35:43.249 : User is logged out of session	[MsgId: MMSG-17999]
  2023-06-15 08:37:38.279 : IterationNum=25	[MsgId: MMSG-17999]
   USER 25 = user72:pwd72	[MsgId: MMSG-17999]
    2023-06-15 08:37:38.372 : Start page is opened	[MsgId: MMSG-17999]
    2023-06-15 08:37:42.947 : User is logged in with session 136638.33600648HAciDDtptAiDDDDDtcVHApAAztf	[MsgId: MMSG-17999]
    2023-06-15 08:37:48.216 : User is logged out of session	[MsgId: MMSG-17999]
  2023-06-15 08:39:44.288 : IterationNum=26	[MsgId: MMSG-17999]
   USER 26 = user72:pwd72	[MsgId: MMSG-17999]
    2023-06-15 08:39:44.381 : Start page is opened	[MsgId: MMSG-17999]
    2023-06-15 08:39:49.965 : User is logged in with session 136638.346213042HAciDDtpQDDDDDDDtcVHApAAQz	[MsgId: MMSG-17999]
    2023-06-15 08:39:54.386 : User is logged out of session	[MsgId: MMSG-17999]
  2023-06-15 08:41:50.288 : IterationNum=27	[MsgId: MMSG-17999]
   USER 27 = user72:pwd72	[MsgId: MMSG-17999]
    2023-06-15 08:41:50.382 : Start page is opened	[MsgId: MMSG-17999]
    2023-06-15 08:41:56.086 : User is logged in with session 136638.356419603HAciDDfptfiDDDDDtcVHApAVcHf	[MsgId: MMSG-17999]
    2023-06-15 08:42:02.281 : User is logged out of session	[MsgId: MMSG-17999]
  2023-06-15 08:43:56.305 : IterationNum=28	[MsgId: MMSG-17999]
   USER 28 = user72:pwd72	[MsgId: MMSG-17999]
    2023-06-15 08:43:56.397 : Start page is opened	[MsgId: MMSG-17999]
    2023-06-15 08:44:01.046 : User is logged in with session 136638.366626164HAciDDfpQiDDDDDDtcVHApAVfQ	[MsgId: MMSG-17999]
    2023-06-15 08:44:05.909 : User is logged out of session	[MsgId: MMSG-17999]
  2023-06-15 08:46:02.320 : IterationNum=29	[MsgId: MMSG-17999]
   USER 29 = user72:pwd72	[MsgId: MMSG-17999]
    2023-06-15 08:46:02.411 : Start page is opened	[MsgId: MMSG-17999]
    2023-06-15 08:46:06.632 : User is logged in with session 136638.376832726HAciDDzpfAiDDDDDtcVHApAVQAf	[MsgId: MMSG-17999]
    2023-06-15 08:46:11.086 : User is logged out of session	[MsgId: MMSG-17999]
  2023-06-15 08:48:08.331 : IterationNum=30	[MsgId: MMSG-17999]
   USER 30 = user72:pwd72	[MsgId: MMSG-17999]
    2023-06-15 08:48:08.425 : Start page is opened	[MsgId: MMSG-17999]
    2023-06-15 08:48:14.414 : User is logged in with session 136638.387039287HAciDDHpADDDDDDDtcVHApAccc	[MsgId: MMSG-17999]
    2023-06-15 08:48:18.614 : User is logged out of session	[MsgId: MMSG-17999]
