  2023-06-15 08:34:53.928 : IterationNum=1	[MsgId: MMSG-17999]
   USER 1 = user24:pwd24	[MsgId: MMSG-17999]
    2023-06-15 08:34:54.020 : Start page is opened	[MsgId: MMSG-17999]
    2023-06-15 08:34:59.327 : User is logged in with session 136638.322640745HAciDDDpHcAiDDDDtcVHApAAcDcf	[MsgId: MMSG-17999]
    2023-06-15 08:35:04.759 : Search page opened	[MsgId: MMSG-17999]
    2023-06-15 08:35:21.953 : Flights found : 023;277;06/18/2023 and 200;338;06/15/2023	[MsgId: MMSG-17999]
    2023-06-15 08:35:21.953 : Sity depart : Denver, Sity arrive : London	[MsgId: MMSG-17999]
    2023-06-15 08:35:31.126 : Found Seat Type : Coach, Seat Pref : Aisle	[MsgId: MMSG-17999]
    2023-06-15 08:35:47.618 : Booking is complect	[MsgId: MMSG-17999]
    2023-06-15 08:35:52.282 : Go to Home Page is complete	[MsgId: MMSG-17999]
    2023-06-15 08:35:58.006 : Booking is created : 247778639-92355-up	[MsgId: MMSG-17999]
    2023-06-15 08:36:07.198 : Booking (247778639-92355-up) is deleted	[MsgId: MMSG-17999]
    2023-06-15 08:36:12.867 : User is logged out of session	[MsgId: MMSG-17999]
  2023-06-15 08:46:53.932 : IterationNum=2	[MsgId: MMSG-17999]
   USER 2 = user25:pwd25	[MsgId: MMSG-17999]
    2023-06-15 08:46:54.025 : Start page is opened	[MsgId: MMSG-17999]
    2023-06-15 08:46:58.557 : User is logged in with session 136638.380963953HAciDDzpHcAiDDDDtcVHApAcADcf	[MsgId: MMSG-17999]
    2023-06-15 08:47:02.874 : Search page opened	[MsgId: MMSG-17999]
    2023-06-15 08:47:20.402 : Flights found : 291;312;06/18/2023 and 923;286;06/15/2023	[MsgId: MMSG-17999]
    2023-06-15 08:47:20.402 : Sity depart : London, Sity arrive : Zurich	[MsgId: MMSG-17999]
    2023-06-15 08:47:29.978 : Found Seat Type : First, Seat Pref : Window	[MsgId: MMSG-17999]
    2023-06-15 08:47:42.575 : Booking is complect	[MsgId: MMSG-17999]
    2023-06-15 08:47:48.545 : Go to Home Page is complete	[MsgId: MMSG-17999]
    2023-06-15 08:47:54.642 : Booking is created : 206307085-147969-up	[MsgId: MMSG-17999]
    2023-06-15 08:48:06.774 : Booking (206307085-147969-up) is deleted	[MsgId: MMSG-17999]
    2023-06-15 08:48:12.900 : User is logged out of session	[MsgId: MMSG-17999]
