  2023-06-15 08:35:04.741 : IterationNum=1	[MsgId: MMSG-17999]
   USER 1 = user91:pwd91	[MsgId: MMSG-17999]
    2023-06-15 08:35:04.834 : Start page is opened	[MsgId: MMSG-17999]
    2023-06-15 08:35:08.811 : User is logged in with session 136638.323531794HAciDDDpHzzzzzzHtcVHApAAcz	[MsgId: MMSG-17999]
    2023-06-15 08:35:13.293 : User is logged out of session	[MsgId: MMSG-17999]
  2023-06-15 08:37:10.749 : IterationNum=2	[MsgId: MMSG-17999]
   USER 2 = user91:pwd91	[MsgId: MMSG-17999]
    2023-06-15 08:37:10.843 : Start page is opened	[MsgId: MMSG-17999]
    2023-06-15 08:37:15.760 : User is logged in with session 136638.333738356HAciDDtpcQVzzzzHtcVHApAAfHf	[MsgId: MMSG-17999]
    2023-06-15 08:37:20.310 : User is logged out of session	[MsgId: MMSG-17999]
  2023-06-15 08:39:16.759 : IterationNum=3	[MsgId: MMSG-17999]
   USER 3 = user91:pwd91	[MsgId: MMSG-17999]
    2023-06-15 08:39:16.851 : Start page is opened	[MsgId: MMSG-17999]
    2023-06-15 08:39:22.040 : User is logged in with session 136638.343944917HAciDDtpiVzzzzzHtcVHApAAiQ	[MsgId: MMSG-17999]
    2023-06-15 08:39:28.093 : User is logged out of session	[MsgId: MMSG-17999]
  2023-06-15 08:41:22.759 : IterationNum=4	[MsgId: MMSG-17999]
   USER 4 = user91:pwd91	[MsgId: MMSG-17999]
    2023-06-15 08:41:22.852 : Start page is opened	[MsgId: MMSG-17999]
    2023-06-15 08:41:29.155 : User is logged in with session 136638.354151478HAciDDfpDtVzzzzHtcVHApAVcAf	[MsgId: MMSG-17999]
    2023-06-15 08:41:34.261 : User is logged out of session	[MsgId: MMSG-17999]
  2023-06-15 08:43:28.765 : IterationNum=5	[MsgId: MMSG-17999]
   USER 5 = user91:pwd91	[MsgId: MMSG-17999]
    2023-06-15 08:43:28.859 : Start page is opened	[MsgId: MMSG-17999]
    2023-06-15 08:43:33.990 : User is logged in with session 136638.36435804HAciDDfpizzzzzzHtcVHApAVfc	[MsgId: MMSG-17999]
    2023-06-15 08:43:38.519 : User is logged out of session	[MsgId: MMSG-17999]
  2023-06-15 08:45:34.776 : IterationNum=6	[MsgId: MMSG-17999]
   USER 6 = user91:pwd91	[MsgId: MMSG-17999]
    2023-06-15 08:45:34.871 : Start page is opened	[MsgId: MMSG-17999]
    2023-06-15 08:45:39.515 : User is logged in with session 136638.374564601HAciDDzpDQVzzzzHtcVHApAViDf	[MsgId: MMSG-17999]
    2023-06-15 08:45:44.928 : User is logged out of session	[MsgId: MMSG-17999]
  2023-06-15 08:47:40.788 : IterationNum=7	[MsgId: MMSG-17999]
   USER 7 = user91:pwd91	[MsgId: MMSG-17999]
    2023-06-15 08:47:40.881 : Start page is opened	[MsgId: MMSG-17999]
    2023-06-15 08:47:46.576 : User is logged in with session 136638.384771162HAciDDzpQVzzzzzHtcVHApAcVf	[MsgId: MMSG-17999]
    2023-06-15 08:47:51.667 : User is logged out of session	[MsgId: MMSG-17999]
