  2023-06-15 08:35:09.768 : IterationNum=1	[MsgId: MMSG-17999]
   USER 1 = user92:pwd92	[MsgId: MMSG-17999]
    2023-06-15 08:35:09.859 : Start page is opened	[MsgId: MMSG-17999]
    2023-06-15 08:35:15.798 : User is logged in with session 136638.323936817HAciDDDpHiHftcVHApAAcHcf	[MsgId: MMSG-17999]
    2023-06-15 08:35:21.302 : User is logged out of session	[MsgId: MMSG-17999]
  2023-06-15 08:37:15.774 : IterationNum=2	[MsgId: MMSG-17999]
   USER 2 = user92:pwd92	[MsgId: MMSG-17999]
    2023-06-15 08:37:15.867 : Start page is opened	[MsgId: MMSG-17999]
    2023-06-15 08:37:21.791 : User is logged in with session 136638.334143378HAciDDtpDVcftcVHApAAfiHf	[MsgId: MMSG-17999]
    2023-06-15 08:37:26.432 : User is logged out of session	[MsgId: MMSG-17999]
  2023-06-15 08:39:21.775 : IterationNum=3	[MsgId: MMSG-17999]
   USER 3 = user92:pwd92	[MsgId: MMSG-17999]
    2023-06-15 08:39:21.869 : Start page is opened	[MsgId: MMSG-17999]
    2023-06-15 08:39:26.179 : User is logged in with session 136638.344349939HAciDDtpiDHftcVHApAAQAcf	[MsgId: MMSG-17999]
    2023-06-15 08:39:32.500 : User is logged out of session	[MsgId: MMSG-17999]
  2023-06-15 08:41:27.790 : IterationNum=4	[MsgId: MMSG-17999]
   USER 4 = user92:pwd92	[MsgId: MMSG-17999]
    2023-06-15 08:41:27.884 : Start page is opened	[MsgId: MMSG-17999]
    2023-06-15 08:41:32.951 : User is logged in with session 136638.354556501HAciDDfpDzcftcVHApAVcVHf	[MsgId: MMSG-17999]
    2023-06-15 08:41:37.468 : User is logged out of session	[MsgId: MMSG-17999]
  2023-06-15 08:43:33.802 : IterationNum=5	[MsgId: MMSG-17999]
   USER 5 = user92:pwd92	[MsgId: MMSG-17999]
    2023-06-15 08:43:33.896 : Start page is opened	[MsgId: MMSG-17999]
    2023-06-15 08:43:38.100 : User is logged in with session 136638.364763062HAciDDfpiiHftcVHApAVfDcf	[MsgId: MMSG-17999]
    2023-06-15 08:43:44.214 : User is logged out of session	[MsgId: MMSG-17999]
  2023-06-15 08:45:39.809 : IterationNum=6	[MsgId: MMSG-17999]
   USER 6 = user92:pwd92	[MsgId: MMSG-17999]
    2023-06-15 08:45:39.902 : Start page is opened	[MsgId: MMSG-17999]
    2023-06-15 08:45:44.448 : User is logged in with session 136638.374969623HAciDDzptVcftcVHApAVitHf	[MsgId: MMSG-17999]
    2023-06-15 08:45:49.674 : User is logged out of session	[MsgId: MMSG-17999]
  2023-06-15 08:47:45.816 : IterationNum=7	[MsgId: MMSG-17999]
   USER 7 = user92:pwd92	[MsgId: MMSG-17999]
    2023-06-15 08:47:45.909 : Start page is opened	[MsgId: MMSG-17999]
    2023-06-15 08:47:49.990 : User is logged in with session 136638.385176185HAciDDzpQDHftcVHApAcVzcf	[MsgId: MMSG-17999]
    2023-06-15 08:47:54.607 : User is logged out of session	[MsgId: MMSG-17999]
