  2023-06-15 07:46:59.019 : IterationNum=1	[MsgId: MMSG-17999]
   USER 1 = user69:pwd69	[MsgId: MMSG-17999]
    2023-06-15 07:46:59.114 : Start page is opened	[MsgId: MMSG-17999]
    2023-06-15 07:47:04.271 : User is logged in with session 136638.089833941HAciDcVpHtfiDDDDtcVzQpQDAtHf	[MsgId: MMSG-17999]
    2023-06-15 07:47:08.756 : User is logged out of session	[MsgId: MMSG-17999]
  2023-06-15 07:49:05.022 : IterationNum=2	[MsgId: MMSG-17999]
   USER 2 = user69:pwd69	[MsgId: MMSG-17999]
    2023-06-15 07:49:05.114 : Start page is opened	[MsgId: MMSG-17999]
    2023-06-15 07:49:09.297 : User is logged in with session 136638.100040502HAciDccpcHAiDDDDtcVzQpQDDzcf	[MsgId: MMSG-17999]
    2023-06-15 07:49:15.639 : User is logged out of session	[MsgId: MMSG-17999]
  2023-06-15 07:51:11.023 : IterationNum=3	[MsgId: MMSG-17999]
   USER 3 = user69:pwd69	[MsgId: MMSG-17999]
    2023-06-15 07:51:11.116 : Start page is opened	[MsgId: MMSG-17999]
    2023-06-15 07:51:16.420 : User is logged in with session 136638.110247064HAciDccpHQfiDDDDtcVzQpQDzHHf	[MsgId: MMSG-17999]
    2023-06-15 07:51:22.581 : User is logged out of session	[MsgId: MMSG-17999]
  2023-06-15 07:53:17.037 : IterationNum=4	[MsgId: MMSG-17999]
   USER 4 = user69:pwd69	[MsgId: MMSG-17999]
    2023-06-15 07:53:17.129 : Start page is opened	[MsgId: MMSG-17999]
    2023-06-15 07:53:22.363 : User is logged in with session 136638.120453625HAciDcDpDcAiDDDDtcVzQpQDQQcf	[MsgId: MMSG-17999]
    2023-06-15 07:53:27.076 : User is logged out of session	[MsgId: MMSG-17999]
  2023-06-15 07:55:23.040 : IterationNum=5	[MsgId: MMSG-17999]
   USER 5 = user69:pwd69	[MsgId: MMSG-17999]
    2023-06-15 07:55:23.134 : Start page is opened	[MsgId: MMSG-17999]
    2023-06-15 07:55:27.183 : User is logged in with session 136638.130660186HAciDcDpitfiDDDDtcVzQpQtDAHf	[MsgId: MMSG-17999]
    2023-06-15 07:55:31.211 : User is logged out of session	[MsgId: MMSG-17999]
  2023-06-15 07:57:29.044 : IterationNum=6	[MsgId: MMSG-17999]
   USER 6 = user69:pwd69	[MsgId: MMSG-17999]
    2023-06-15 07:57:29.138 : Start page is opened	[MsgId: MMSG-17999]
    2023-06-15 07:57:35.113 : User is logged in with session 136638.140866748HAciDctpDHAiDDDDtcVzQpQtzccf	[MsgId: MMSG-17999]
    2023-06-15 07:57:40.439 : User is logged out of session	[MsgId: MMSG-17999]
  2023-06-15 07:59:35.048 : IterationNum=7	[MsgId: MMSG-17999]
   USER 7 = user69:pwd69	[MsgId: MMSG-17999]
    2023-06-15 07:59:35.141 : Start page is opened	[MsgId: MMSG-17999]
    2023-06-15 07:59:41.247 : User is logged in with session 136638.151073309HAciDctpiQfiDDDDtcVzQpQtQDHf	[MsgId: MMSG-17999]
    2023-06-15 07:59:46.995 : User is logged out of session	[MsgId: MMSG-17999]
  2023-06-15 08:01:41.056 : IterationNum=8	[MsgId: MMSG-17999]
   USER 8 = user69:pwd69	[MsgId: MMSG-17999]
    2023-06-15 08:01:41.164 : Start page is opened	[MsgId: MMSG-17999]
    2023-06-15 08:01:46.298 : User is logged in with session 136638.16127987HAciDcfptcAiDDDDtcVzQpQfcfcf	[MsgId: MMSG-17999]
    2023-06-15 08:01:50.653 : User is logged out of session	[MsgId: MMSG-17999]
  2023-06-15 08:03:47.064 : IterationNum=9	[MsgId: MMSG-17999]
   USER 9 = user69:pwd69	[MsgId: MMSG-17999]
    2023-06-15 08:03:47.156 : Start page is opened	[MsgId: MMSG-17999]
    2023-06-15 08:03:52.349 : User is logged in with session 136638.171486432HAciDcfpQtfiDDDDtcVzQpQffzHf	[MsgId: MMSG-17999]
    2023-06-15 08:03:56.670 : User is logged out of session	[MsgId: MMSG-17999]
  2023-06-15 08:05:53.073 : IterationNum=10	[MsgId: MMSG-17999]
   USER 10 = user69:pwd69	[MsgId: MMSG-17999]
    2023-06-15 08:05:53.166 : Start page is opened	[MsgId: MMSG-17999]
    2023-06-15 08:05:57.192 : User is logged in with session 136638.181692993HAciDczptHAiDDDDtcVzQpQfiicf	[MsgId: MMSG-17999]
    2023-06-15 08:06:02.618 : User is logged out of session	[MsgId: MMSG-17999]
  2023-06-15 08:07:59.086 : IterationNum=11	[MsgId: MMSG-17999]
   USER 11 = user69:pwd69	[MsgId: MMSG-17999]
    2023-06-15 08:07:59.179 : Start page is opened	[MsgId: MMSG-17999]
    2023-06-15 08:08:04.443 : User is logged in with session 136638.191899554HAciDczpQQfiDDDDtcVzQpQzVQHf	[MsgId: MMSG-17999]
    2023-06-15 08:08:10.345 : User is logged out of session	[MsgId: MMSG-17999]
  2023-06-15 08:10:05.087 : IterationNum=12	[MsgId: MMSG-17999]
   USER 12 = user69:pwd69	[MsgId: MMSG-17999]
    2023-06-15 08:10:05.179 : Start page is opened	[MsgId: MMSG-17999]
    2023-06-15 08:10:10.900 : User is logged in with session 136638.202106116HAciDcHpfcAiDDDDtcVzQpQzfVcf	[MsgId: MMSG-17999]
    2023-06-15 08:10:16.145 : User is logged out of session	[MsgId: MMSG-17999]
  2023-06-15 08:12:11.092 : IterationNum=13	[MsgId: MMSG-17999]
   USER 13 = user69:pwd69	[MsgId: MMSG-17999]
    2023-06-15 08:12:11.185 : Start page is opened	[MsgId: MMSG-17999]
    2023-06-15 08:12:16.786 : User is logged in with session 136638.212312677HAciDcipAtfiDDDDtcVzQpQzicHf	[MsgId: MMSG-17999]
    2023-06-15 08:12:22.723 : User is logged out of session	[MsgId: MMSG-17999]
  2023-06-15 08:14:17.103 : IterationNum=14	[MsgId: MMSG-17999]
   USER 14 = user69:pwd69	[MsgId: MMSG-17999]
    2023-06-15 08:14:17.196 : Start page is opened	[MsgId: MMSG-17999]
    2023-06-15 08:14:23.356 : User is logged in with session 136638.222519239HAciDcipfHAiDDDDtcVzQpQHVtcf	[MsgId: MMSG-17999]
    2023-06-15 08:14:27.591 : User is logged out of session	[MsgId: MMSG-17999]
  2023-06-15 08:16:23.104 : IterationNum=15	[MsgId: MMSG-17999]
   USER 15 = user69:pwd69	[MsgId: MMSG-17999]
    2023-06-15 08:16:23.195 : Start page is opened	[MsgId: MMSG-17999]
    2023-06-15 08:16:27.365 : User is logged in with session 136638.2327258HAciDcQpAQfiDDDDtcVzQpQHtfHf	[MsgId: MMSG-17999]
    2023-06-15 08:16:32.561 : User is logged out of session	[MsgId: MMSG-17999]
  2023-06-15 08:18:29.117 : IterationNum=16	[MsgId: MMSG-17999]
   USER 16 = user69:pwd69	[MsgId: MMSG-17999]
    2023-06-15 08:18:29.209 : Start page is opened	[MsgId: MMSG-17999]
    2023-06-15 08:18:33.933 : User is logged in with session 136638.242932361HAciDcQpzcAiDDDDtcVzQpQHHHcf	[MsgId: MMSG-17999]
    2023-06-15 08:18:38.705 : User is logged out of session	[MsgId: MMSG-17999]
  2023-06-15 08:20:35.118 : IterationNum=17	[MsgId: MMSG-17999]
   USER 17 = user69:pwd69	[MsgId: MMSG-17999]
    2023-06-15 08:20:35.210 : Start page is opened	[MsgId: MMSG-17999]
    2023-06-15 08:20:40.702 : User is logged in with session 136638.253138923HAciDDApVtfiDDDDtcVzQpQiAiHf	[MsgId: MMSG-17999]
    2023-06-15 08:20:46.839 : User is logged out of session	[MsgId: MMSG-17999]
  2023-06-15 08:22:41.123 : IterationNum=18	[MsgId: MMSG-17999]
   USER 18 = user69:pwd69	[MsgId: MMSG-17999]
    2023-06-15 08:22:41.216 : Start page is opened	[MsgId: MMSG-17999]
    2023-06-15 08:22:45.536 : User is logged in with session 136638.263345484HAciDDApzHAiDDDDtcVzQpQitAcf	[MsgId: MMSG-17999]
    2023-06-15 08:22:50.847 : User is logged out of session	[MsgId: MMSG-17999]
  2023-06-15 08:24:47.135 : IterationNum=19	[MsgId: MMSG-17999]
   USER 19 = user69:pwd69	[MsgId: MMSG-17999]
    2023-06-15 08:24:47.228 : Start page is opened	[MsgId: MMSG-17999]
    2023-06-15 08:24:52.125 : User is logged in with session 136638.273552045HAciDDVpVQfiDDDDtcVzQpQiHVHf	[MsgId: MMSG-17999]
    2023-06-15 08:24:56.084 : User is logged out of session	[MsgId: MMSG-17999]
  2023-06-15 08:26:53.137 : IterationNum=20	[MsgId: MMSG-17999]
   USER 20 = user69:pwd69	[MsgId: MMSG-17999]
    2023-06-15 08:26:53.231 : Start page is opened	[MsgId: MMSG-17999]
    2023-06-15 08:26:57.443 : User is logged in with session 136638.283758607HAciDDVpHcAiDDDDtcVzQpQQADcf	[MsgId: MMSG-17999]
    2023-06-15 08:27:01.583 : User is logged out of session	[MsgId: MMSG-17999]
  2023-06-15 08:28:59.144 : IterationNum=21	[MsgId: MMSG-17999]
   USER 21 = user69:pwd69	[MsgId: MMSG-17999]
    2023-06-15 08:28:59.237 : Start page is opened	[MsgId: MMSG-17999]
    2023-06-15 08:29:03.509 : User is logged in with session 136638.293965168HAciDDcpctfiDDDDtcVzQpQQDtHf	[MsgId: MMSG-17999]
    2023-06-15 08:29:08.024 : User is logged out of session	[MsgId: MMSG-17999]
  2023-06-15 08:31:05.153 : IterationNum=22	[MsgId: MMSG-17999]
   USER 22 = user69:pwd69	[MsgId: MMSG-17999]
    2023-06-15 08:31:05.245 : Start page is opened	[MsgId: MMSG-17999]
    2023-06-15 08:31:09.785 : User is logged in with session 136638.304171729HAciDDcpHHAiDDDDtcVzQpQQzzcf	[MsgId: MMSG-17999]
    2023-06-15 08:31:14.232 : User is logged out of session	[MsgId: MMSG-17999]
  2023-06-15 08:33:11.165 : IterationNum=23	[MsgId: MMSG-17999]
   USER 23 = user69:pwd69	[MsgId: MMSG-17999]
    2023-06-15 08:33:11.258 : Start page is opened	[MsgId: MMSG-17999]
    2023-06-15 08:33:15.227 : User is logged in with session 136638.314378291HAciDDDpcQfiDDDDtcVzQpQQQHHf	[MsgId: MMSG-17999]
    2023-06-15 08:33:21.053 : User is logged out of session	[MsgId: MMSG-17999]
  2023-06-15 08:35:17.166 : IterationNum=24	[MsgId: MMSG-17999]
   USER 24 = user69:pwd69	[MsgId: MMSG-17999]
    2023-06-15 08:35:17.259 : Start page is opened	[MsgId: MMSG-17999]
    2023-06-15 08:35:21.493 : User is logged in with session 136638.324584852HAciDDDpicAiDDDDtcVHApAAcQcf	[MsgId: MMSG-17999]
    2023-06-15 08:35:26.572 : User is logged out of session	[MsgId: MMSG-17999]
  2023-06-15 08:37:23.173 : IterationNum=25	[MsgId: MMSG-17999]
   USER 25 = user69:pwd69	[MsgId: MMSG-17999]
    2023-06-15 08:37:23.266 : Start page is opened	[MsgId: MMSG-17999]
    2023-06-15 08:37:28.678 : User is logged in with session 136638.334791414HAciDDtpDtfiDDDDtcVHApAAzAHf	[MsgId: MMSG-17999]
    2023-06-15 08:37:34.088 : User is logged out of session	[MsgId: MMSG-17999]
  2023-06-15 08:39:29.186 : IterationNum=26	[MsgId: MMSG-17999]
   USER 26 = user69:pwd69	[MsgId: MMSG-17999]
    2023-06-15 08:39:29.279 : Start page is opened	[MsgId: MMSG-17999]
    2023-06-15 08:39:34.772 : User is logged in with session 136638.344997975HAciDDtpiHAiDDDDtcVHApAAQccf	[MsgId: MMSG-17999]
    2023-06-15 08:39:40.418 : User is logged out of session	[MsgId: MMSG-17999]
  2023-06-15 08:41:35.200 : IterationNum=27	[MsgId: MMSG-17999]
   USER 27 = user69:pwd69	[MsgId: MMSG-17999]
    2023-06-15 08:41:35.308 : Start page is opened	[MsgId: MMSG-17999]
    2023-06-15 08:41:40.315 : User is logged in with session 136638.355204536HAciDDfpDQfiDDDDtcVHApAVcDHf	[MsgId: MMSG-17999]
    2023-06-15 08:41:45.996 : User is logged out of session	[MsgId: MMSG-17999]
  2023-06-15 08:43:41.211 : IterationNum=28	[MsgId: MMSG-17999]
   USER 28 = user69:pwd69	[MsgId: MMSG-17999]
    2023-06-15 08:43:41.304 : Start page is opened	[MsgId: MMSG-17999]
    2023-06-15 08:43:46.234 : User is logged in with session 136638.365411098HAciDDfpQcAiDDDDtcVHApAVffcf	[MsgId: MMSG-17999]
    2023-06-15 08:43:52.595 : User is logged out of session	[MsgId: MMSG-17999]
  2023-06-15 08:45:47.219 : IterationNum=29	[MsgId: MMSG-17999]
   USER 29 = user69:pwd69	[MsgId: MMSG-17999]
    2023-06-15 08:45:47.313 : Start page is opened	[MsgId: MMSG-17999]
    2023-06-15 08:45:52.676 : User is logged in with session 136638.375617659HAciDDzpttfiDDDDtcVHApAVizHf	[MsgId: MMSG-17999]
    2023-06-15 08:45:57.602 : User is logged out of session	[MsgId: MMSG-17999]
  2023-06-15 08:47:53.227 : IterationNum=30	[MsgId: MMSG-17999]
   USER 30 = user69:pwd69	[MsgId: MMSG-17999]
    2023-06-15 08:47:53.321 : Start page is opened	[MsgId: MMSG-17999]
    2023-06-15 08:47:58.586 : User is logged in with session 136638.38582422HAciDDzpQHAiDDDDtcVHApAcVicf	[MsgId: MMSG-17999]
    2023-06-15 08:48:03.305 : User is logged out of session	[MsgId: MMSG-17999]
